<?xml version="1.0" encoding="UTF-8"?>
<testsuite name="kr.gracelove.jojoldu.springboot.web.HelloControllerTest" tests="2" skipped="0" failures="2" errors="0" timestamp="2019-12-06T02:18:42" hostname="govlmo91ui-MacBookPro.local" time="0.301">
  <properties/>
  <testcase name="hello가_리턴된다" classname="kr.gracelove.jojoldu.springboot.web.HelloControllerTest" time="0.002">
    <failure message="java.lang.IllegalStateException: Failed to load ApplicationContext" type="java.lang.IllegalStateException">java.lang.IllegalStateException: Failed to load ApplicationContext
	at org.springframework.test.context.cache.DefaultCacheAwareContextLoaderDelegate.loadContext(DefaultCacheAwareContextLoaderDelegate.java:125)
	at org.springframework.test.context.support.DefaultTestContext.getApplicationContext(DefaultTestContext.java:108)
	at org.springframework.test.context.support.DependencyInjectionTestExecutionListener.injectDependencies(DependencyInjectionTestExecutionListener.java:118)
	at org.springframework.test.context.support.DependencyInjectionTestExecutionListener.prepareTestInstance(DependencyInjectionTestExecutionListener.java:83)
	at org.springframework.boot.test.autoconfigure.SpringBootDependencyInjectionTestExecutionListener.prepareTestInstance(SpringBootDependencyInjectionTestExecutionListener.java:43)
	at org.springframework.test.context.TestContextManager.prepareTestInstance(TestContextManager.java:246)
	at org.springframework.test.context.junit4.SpringJUnit4ClassRunner.createTest(SpringJUnit4ClassRunner.java:227)
	at org.springframework.test.context.junit4.SpringJUnit4ClassRunner$1.runReflectiveCall(SpringJUnit4ClassRunner.java:289)
	at org.junit.internal.runners.model.ReflectiveCallable.run(ReflectiveCallable.java:12)
	at org.springframework.test.context.junit4.SpringJUnit4ClassRunner.methodBlock(SpringJUnit4ClassRunner.java:291)
	at org.springframework.test.context.junit4.SpringJUnit4ClassRunner.runChild(SpringJUnit4ClassRunner.java:246)
	at org.springframework.test.context.junit4.SpringJUnit4ClassRunner.runChild(SpringJUnit4ClassRunner.java:97)
	at org.junit.runners.ParentRunner$3.run(ParentRunner.java:290)
	at org.junit.runners.ParentRunner$1.schedule(ParentRunner.java:71)
	at org.junit.runners.ParentRunner.runChildren(ParentRunner.java:288)
	at org.junit.runners.ParentRunner.access$000(ParentRunner.java:58)
	at org.junit.runners.ParentRunner$2.evaluate(ParentRunner.java:268)
	at org.springframework.test.context.junit4.statements.RunBeforeTestClassCallbacks.evaluate(RunBeforeTestClassCallbacks.java:61)
	at org.springframework.test.context.junit4.statements.RunAfterTestClassCallbacks.evaluate(RunAfterTestClassCallbacks.java:70)
	at org.junit.runners.ParentRunner.run(ParentRunner.java:363)
	at org.springframework.test.context.junit4.SpringJUnit4ClassRunner.run(SpringJUnit4ClassRunner.java:190)
	at org.gradle.api.internal.tasks.testing.junit.JUnitTestClassExecutor.runTestClass(JUnitTestClassExecutor.java:110)
	at org.gradle.api.internal.tasks.testing.junit.JUnitTestClassExecutor.execute(JUnitTestClassExecutor.java:58)
	at org.gradle.api.internal.tasks.testing.junit.JUnitTestClassExecutor.execute(JUnitTestClassExecutor.java:38)
	at org.gradle.api.internal.tasks.testing.junit.AbstractJUnitTestClassProcessor.processTestClass(AbstractJUnitTestClassProcessor.java:62)
	at org.gradle.api.internal.tasks.testing.SuiteTestClassProcessor.processTestClass(SuiteTestClassProcessor.java:51)
	at sun.reflect.NativeMethodAccessorImpl.invoke0(Native Method)
	at sun.reflect.NativeMethodAccessorImpl.invoke(NativeMethodAccessorImpl.java:62)
	at sun.reflect.DelegatingMethodAccessorImpl.invoke(DelegatingMethodAccessorImpl.java:43)
	at java.lang.reflect.Method.invoke(Method.java:498)
	at org.gradle.internal.dispatch.ReflectionDispatch.dispatch(ReflectionDispatch.java:35)
	at org.gradle.internal.dispatch.ReflectionDispatch.dispatch(ReflectionDispatch.java:24)
	at org.gradle.internal.dispatch.ContextClassLoaderDispatch.dispatch(ContextClassLoaderDispatch.java:32)
	at org.gradle.internal.dispatch.ProxyDispatchAdapter$DispatchingInvocationHandler.invoke(ProxyDispatchAdapter.java:93)
	at com.sun.proxy.$Proxy2.processTestClass(Unknown Source)
	at org.gradle.api.internal.tasks.testing.worker.TestWorker.processTestClass(TestWorker.java:118)
	at sun.reflect.NativeMethodAccessorImpl.invoke0(Native Method)
	at sun.reflect.NativeMethodAccessorImpl.invoke(NativeMethodAccessorImpl.java:62)
	at sun.reflect.DelegatingMethodAccessorImpl.invoke(DelegatingMethodAccessorImpl.java:43)
	at java.lang.reflect.Method.invoke(Method.java:498)
	at org.gradle.internal.dispatch.ReflectionDispatch.dispatch(ReflectionDispatch.java:35)
	at org.gradle.internal.dispatch.ReflectionDispatch.dispatch(ReflectionDispatch.java:24)
	at org.gradle.internal.remote.internal.hub.MessageHubBackedObjectConnection$DispatchWrapper.dispatch(MessageHubBackedObjectConnection.java:175)
	at org.gradle.internal.remote.internal.hub.MessageHubBackedObjectConnection$DispatchWrapper.dispatch(MessageHubBackedObjectConnection.java:157)
	at org.gradle.internal.remote.internal.hub.MessageHub$Handler.run(MessageHub.java:404)
	at org.gradle.internal.concurrent.ExecutorPolicy$CatchAndRecordFailures.onExecute(ExecutorPolicy.java:63)
	at org.gradle.internal.concurrent.ManagedExecutorImpl$1.run(ManagedExecutorImpl.java:46)
	at java.util.concurrent.ThreadPoolExecutor.runWorker(ThreadPoolExecutor.java:1149)
	at java.util.concurrent.ThreadPoolExecutor$Worker.run(ThreadPoolExecutor.java:624)
	at org.gradle.internal.concurrent.ThreadFactoryImpl$ManagedThreadRunnable.run(ThreadFactoryImpl.java:55)
	at java.lang.Thread.run(Thread.java:748)
Caused by: org.springframework.beans.factory.UnsatisfiedDependencyException: Error creating bean with name 'postsApiController' defined in file [/Users/govlmo91/IdeaProjects/jojoldubook/build/classes/java/main/kr/gracelove/jojoldu/springboot/web/PostsApiController.class]: Unsatisfied dependency expressed through constructor parameter 0; nested exception is org.springframework.beans.factory.NoSuchBeanDefinitionException: No qualifying bean of type 'kr.gracelove.jojoldu.springboot.service.posts.PostsService' available: expected at least 1 bean which qualifies as autowire candidate. Dependency annotations: {}
	at org.springframework.beans.factory.support.ConstructorResolver.createArgumentArray(ConstructorResolver.java:769)
	at org.springframework.beans.factory.support.ConstructorResolver.autowireConstructor(ConstructorResolver.java:218)
	at org.springframework.beans.factory.support.AbstractAutowireCapableBeanFactory.autowireConstructor(AbstractAutowireCapableBeanFactory.java:1341)
	at org.springframework.beans.factory.support.AbstractAutowireCapableBeanFactory.createBeanInstance(AbstractAutowireCapableBeanFactory.java:1187)
	at org.springframework.beans.factory.support.AbstractAutowireCapableBeanFactory.doCreateBean(AbstractAutowireCapableBeanFactory.java:555)
	at org.springframework.beans.factory.support.AbstractAutowireCapableBeanFactory.createBean(AbstractAutowireCapableBeanFactory.java:515)
	at org.springframework.beans.factory.support.AbstractBeanFactory.lambda$doGetBean$0(AbstractBeanFactory.java:320)
	at org.springframework.beans.factory.support.DefaultSingletonBeanRegistry.getSingleton(DefaultSingletonBeanRegistry.java:222)
	at org.springframework.beans.factory.support.AbstractBeanFactory.doGetBean(AbstractBeanFactory.java:318)
	at org.springframework.beans.factory.support.AbstractBeanFactory.getBean(AbstractBeanFactory.java:199)
	at org.springframework.beans.factory.support.DefaultListableBeanFactory.preInstantiateSingletons(DefaultListableBeanFactory.java:845)
	at org.springframework.context.support.AbstractApplicationContext.finishBeanFactoryInitialization(AbstractApplicationContext.java:877)
	at org.springframework.context.support.AbstractApplicationContext.refresh(AbstractApplicationContext.java:549)
	at org.springframework.boot.SpringApplication.refresh(SpringApplication.java:743)
	at org.springframework.boot.SpringApplication.refreshContext(SpringApplication.java:390)
	at org.springframework.boot.SpringApplication.run(SpringApplication.java:312)
	at org.springframework.boot.test.context.SpringBootContextLoader.loadContext(SpringBootContextLoader.java:120)
	at org.springframework.test.context.cache.DefaultCacheAwareContextLoaderDelegate.loadContextInternal(DefaultCacheAwareContextLoaderDelegate.java:99)
	at org.springframework.test.context.cache.DefaultCacheAwareContextLoaderDelegate.loadContext(DefaultCacheAwareContextLoaderDelegate.java:117)
	... 50 more
Caused by: org.springframework.beans.factory.NoSuchBeanDefinitionException: No qualifying bean of type 'kr.gracelove.jojoldu.springboot.service.posts.PostsService' available: expected at least 1 bean which qualifies as autowire candidate. Dependency annotations: {}
	at org.springframework.beans.factory.support.DefaultListableBeanFactory.raiseNoMatchingBeanFound(DefaultListableBeanFactory.java:1658)
	at org.springframework.beans.factory.support.DefaultListableBeanFactory.doResolveDependency(DefaultListableBeanFactory.java:1217)
	at org.springframework.beans.factory.support.DefaultListableBeanFactory.resolveDependency(DefaultListableBeanFactory.java:1171)
	at org.springframework.beans.factory.support.ConstructorResolver.resolveAutowiredArgument(ConstructorResolver.java:857)
	at org.springframework.beans.factory.support.ConstructorResolver.createArgumentArray(ConstructorResolver.java:760)
	... 68 more
</failure>
  </testcase>
  <testcase name="helloDto가_리턴된다" classname="kr.gracelove.jojoldu.springboot.web.HelloControllerTest" time="0.0">
    <failure message="java.lang.IllegalStateException: Failed to load ApplicationContext" type="java.lang.IllegalStateException">java.lang.IllegalStateException: Failed to load ApplicationContext
	at org.springframework.test.context.cache.DefaultCacheAwareContextLoaderDelegate.loadContext(DefaultCacheAwareContextLoaderDelegate.java:125)
	at org.springframework.test.context.support.DefaultTestContext.getApplicationContext(DefaultTestContext.java:108)
	at org.springframework.test.context.support.DependencyInjectionTestExecutionListener.injectDependencies(DependencyInjectionTestExecutionListener.java:118)
	at org.springframework.test.context.support.DependencyInjectionTestExecutionListener.prepareTestInstance(DependencyInjectionTestExecutionListener.java:83)
	at org.springframework.boot.test.autoconfigure.SpringBootDependencyInjectionTestExecutionListener.prepareTestInstance(SpringBootDependencyInjectionTestExecutionListener.java:43)
	at org.springframework.test.context.TestContextManager.prepareTestInstance(TestContextManager.java:246)
	at org.springframework.test.context.junit4.SpringJUnit4ClassRunner.createTest(SpringJUnit4ClassRunner.java:227)
	at org.springframework.test.context.junit4.SpringJUnit4ClassRunner$1.runReflectiveCall(SpringJUnit4ClassRunner.java:289)
	at org.junit.internal.runners.model.ReflectiveCallable.run(ReflectiveCallable.java:12)
	at org.springframework.test.context.junit4.SpringJUnit4ClassRunner.methodBlock(SpringJUnit4ClassRunner.java:291)
	at org.springframework.test.context.junit4.SpringJUnit4ClassRunner.runChild(SpringJUnit4ClassRunner.java:246)
	at org.springframework.test.context.junit4.SpringJUnit4ClassRunner.runChild(SpringJUnit4ClassRunner.java:97)
	at org.junit.runners.ParentRunner$3.run(ParentRunner.java:290)
	at org.junit.runners.ParentRunner$1.schedule(ParentRunner.java:71)
	at org.junit.runners.ParentRunner.runChildren(ParentRunner.java:288)
	at org.junit.runners.ParentRunner.access$000(ParentRunner.java:58)
	at org.junit.runners.ParentRunner$2.evaluate(ParentRunner.java:268)
	at org.springframework.test.context.junit4.statements.RunBeforeTestClassCallbacks.evaluate(RunBeforeTestClassCallbacks.java:61)
	at org.springframework.test.context.junit4.statements.RunAfterTestClassCallbacks.evaluate(RunAfterTestClassCallbacks.java:70)
	at org.junit.runners.ParentRunner.run(ParentRunner.java:363)
	at org.springframework.test.context.junit4.SpringJUnit4ClassRunner.run(SpringJUnit4ClassRunner.java:190)
	at org.gradle.api.internal.tasks.testing.junit.JUnitTestClassExecutor.runTestClass(JUnitTestClassExecutor.java:110)
	at org.gradle.api.internal.tasks.testing.junit.JUnitTestClassExecutor.execute(JUnitTestClassExecutor.java:58)
	at org.gradle.api.internal.tasks.testing.junit.JUnitTestClassExecutor.execute(JUnitTestClassExecutor.java:38)
	at org.gradle.api.internal.tasks.testing.junit.AbstractJUnitTestClassProcessor.processTestClass(AbstractJUnitTestClassProcessor.java:62)
	at org.gradle.api.internal.tasks.testing.SuiteTestClassProcessor.processTestClass(SuiteTestClassProcessor.java:51)
	at sun.reflect.NativeMethodAccessorImpl.invoke0(Native Method)
	at sun.reflect.NativeMethodAccessorImpl.invoke(NativeMethodAccessorImpl.java:62)
	at sun.reflect.DelegatingMethodAccessorImpl.invoke(DelegatingMethodAccessorImpl.java:43)
	at java.lang.reflect.Method.invoke(Method.java:498)
	at org.gradle.internal.dispatch.ReflectionDispatch.dispatch(ReflectionDispatch.java:35)
	at org.gradle.internal.dispatch.ReflectionDispatch.dispatch(ReflectionDispatch.java:24)
	at org.gradle.internal.dispatch.ContextClassLoaderDispatch.dispatch(ContextClassLoaderDispatch.java:32)
	at org.gradle.internal.dispatch.ProxyDispatchAdapter$DispatchingInvocationHandler.invoke(ProxyDispatchAdapter.java:93)
	at com.sun.proxy.$Proxy2.processTestClass(Unknown Source)
	at org.gradle.api.internal.tasks.testing.worker.TestWorker.processTestClass(TestWorker.java:118)
	at sun.reflect.NativeMethodAccessorImpl.invoke0(Native Method)
	at sun.reflect.NativeMethodAccessorImpl.invoke(NativeMethodAccessorImpl.java:62)
	at sun.reflect.DelegatingMethodAccessorImpl.invoke(DelegatingMethodAccessorImpl.java:43)
	at java.lang.reflect.Method.invoke(Method.java:498)
	at org.gradle.internal.dispatch.ReflectionDispatch.dispatch(ReflectionDispatch.java:35)
	at org.gradle.internal.dispatch.ReflectionDispatch.dispatch(ReflectionDispatch.java:24)
	at org.gradle.internal.remote.internal.hub.MessageHubBackedObjectConnection$DispatchWrapper.dispatch(MessageHubBackedObjectConnection.java:175)
	at org.gradle.internal.remote.internal.hub.MessageHubBackedObjectConnection$DispatchWrapper.dispatch(MessageHubBackedObjectConnection.java:157)
	at org.gradle.internal.remote.internal.hub.MessageHub$Handler.run(MessageHub.java:404)
	at org.gradle.internal.concurrent.ExecutorPolicy$CatchAndRecordFailures.onExecute(ExecutorPolicy.java:63)
	at org.gradle.internal.concurrent.ManagedExecutorImpl$1.run(ManagedExecutorImpl.java:46)
	at java.util.concurrent.ThreadPoolExecutor.runWorker(ThreadPoolExecutor.java:1149)
	at java.util.concurrent.ThreadPoolExecutor$Worker.run(ThreadPoolExecutor.java:624)
	at org.gradle.internal.concurrent.ThreadFactoryImpl$ManagedThreadRunnable.run(ThreadFactoryImpl.java:55)
	at java.lang.Thread.run(Thread.java:748)
Caused by: org.springframework.beans.factory.UnsatisfiedDependencyException: Error creating bean with name 'postsApiController' defined in file [/Users/govlmo91/IdeaProjects/jojoldubook/build/classes/java/main/kr/gracelove/jojoldu/springboot/web/PostsApiController.class]: Unsatisfied dependency expressed through constructor parameter 0; nested exception is org.springframework.beans.factory.NoSuchBeanDefinitionException: No qualifying bean of type 'kr.gracelove.jojoldu.springboot.service.posts.PostsService' available: expected at least 1 bean which qualifies as autowire candidate. Dependency annotations: {}
	at org.springframework.beans.factory.support.ConstructorResolver.createArgumentArray(ConstructorResolver.java:769)
	at org.springframework.beans.factory.support.ConstructorResolver.autowireConstructor(ConstructorResolver.java:218)
	at org.springframework.beans.factory.support.AbstractAutowireCapableBeanFactory.autowireConstructor(AbstractAutowireCapableBeanFactory.java:1341)
	at org.springframework.beans.factory.support.AbstractAutowireCapableBeanFactory.createBeanInstance(AbstractAutowireCapableBeanFactory.java:1187)
	at org.springframework.beans.factory.support.AbstractAutowireCapableBeanFactory.doCreateBean(AbstractAutowireCapableBeanFactory.java:555)
	at org.springframework.beans.factory.support.AbstractAutowireCapableBeanFactory.createBean(AbstractAutowireCapableBeanFactory.java:515)
	at org.springframework.beans.factory.support.AbstractBeanFactory.lambda$doGetBean$0(AbstractBeanFactory.java:320)
	at org.springframework.beans.factory.support.DefaultSingletonBeanRegistry.getSingleton(DefaultSingletonBeanRegistry.java:222)
	at org.springframework.beans.factory.support.AbstractBeanFactory.doGetBean(AbstractBeanFactory.java:318)
	at org.springframework.beans.factory.support.AbstractBeanFactory.getBean(AbstractBeanFactory.java:199)
	at org.springframework.beans.factory.support.DefaultListableBeanFactory.preInstantiateSingletons(DefaultListableBeanFactory.java:845)
	at org.springframework.context.support.AbstractApplicationContext.finishBeanFactoryInitialization(AbstractApplicationContext.java:877)
	at org.springframework.context.support.AbstractApplicationContext.refresh(AbstractApplicationContext.java:549)
	at org.springframework.boot.SpringApplication.refresh(SpringApplication.java:743)
	at org.springframework.boot.SpringApplication.refreshContext(SpringApplication.java:390)
	at org.springframework.boot.SpringApplication.run(SpringApplication.java:312)
	at org.springframework.boot.test.context.SpringBootContextLoader.loadContext(SpringBootContextLoader.java:120)
	at org.springframework.test.context.cache.DefaultCacheAwareContextLoaderDelegate.loadContextInternal(DefaultCacheAwareContextLoaderDelegate.java:99)
	at org.springframework.test.context.cache.DefaultCacheAwareContextLoaderDelegate.loadContext(DefaultCacheAwareContextLoaderDelegate.java:117)
	... 50 more
Caused by: org.springframework.beans.factory.NoSuchBeanDefinitionException: No qualifying bean of type 'kr.gracelove.jojoldu.springboot.service.posts.PostsService' available: expected at least 1 bean which qualifies as autowire candidate. Dependency annotations: {}
	at org.springframework.beans.factory.support.DefaultListableBeanFactory.raiseNoMatchingBeanFound(DefaultListableBeanFactory.java:1658)
	at org.springframework.beans.factory.support.DefaultListableBeanFactory.doResolveDependency(DefaultListableBeanFactory.java:1217)
	at org.springframework.beans.factory.support.DefaultListableBeanFactory.resolveDependency(DefaultListableBeanFactory.java:1171)
	at org.springframework.beans.factory.support.ConstructorResolver.resolveAutowiredArgument(ConstructorResolver.java:857)
	at org.springframework.beans.factory.support.ConstructorResolver.createArgumentArray(ConstructorResolver.java:760)
	... 68 more
</failure>
  </testcase>
  <system-out><![CDATA[11:18:39.903 [Test worker] DEBUG org.springframework.test.context.junit4.SpringJUnit4ClassRunner - SpringJUnit4ClassRunner constructor called with [class kr.gracelove.jojoldu.springboot.web.HelloControllerTest]
11:18:39.908 [Test worker] DEBUG org.springframework.test.context.BootstrapUtils - Instantiating CacheAwareContextLoaderDelegate from class [org.springframework.test.context.cache.DefaultCacheAwareContextLoaderDelegate]
11:18:39.914 [Test worker] DEBUG org.springframework.test.context.BootstrapUtils - Instantiating BootstrapContext using constructor [public org.springframework.test.context.support.DefaultBootstrapContext(java.lang.Class,org.springframework.test.context.CacheAwareContextLoaderDelegate)]
11:18:39.932 [Test worker] DEBUG org.springframework.test.context.BootstrapUtils - Instantiating TestContextBootstrapper for test class [kr.gracelove.jojoldu.springboot.web.HelloControllerTest] from class [org.springframework.boot.test.autoconfigure.web.servlet.WebMvcTestContextBootstrapper]
11:18:39.946 [Test worker] INFO org.springframework.boot.test.autoconfigure.web.servlet.WebMvcTestContextBootstrapper - Neither @ContextConfiguration nor @ContextHierarchy found for test class [kr.gracelove.jojoldu.springboot.web.HelloControllerTest], using SpringBootContextLoader
11:18:39.949 [Test worker] DEBUG org.springframework.test.context.support.AbstractContextLoader - Did not detect default resource location for test class [kr.gracelove.jojoldu.springboot.web.HelloControllerTest]: class path resource [kr/gracelove/jojoldu/springboot/web/HelloControllerTest-context.xml] does not exist
11:18:39.950 [Test worker] DEBUG org.springframework.test.context.support.AbstractContextLoader - Did not detect default resource location for test class [kr.gracelove.jojoldu.springboot.web.HelloControllerTest]: class path resource [kr/gracelove/jojoldu/springboot/web/HelloControllerTestContext.groovy] does not exist
11:18:39.950 [Test worker] INFO org.springframework.test.context.support.AbstractContextLoader - Could not detect default resource locations for test class [kr.gracelove.jojoldu.springboot.web.HelloControllerTest]: no resource found for suffixes {-context.xml, Context.groovy}.
11:18:39.950 [Test worker] INFO org.springframework.test.context.support.AnnotationConfigContextLoaderUtils - Could not detect default configuration classes for test class [kr.gracelove.jojoldu.springboot.web.HelloControllerTest]: HelloControllerTest does not declare any static, non-private, non-final, nested classes annotated with @Configuration.
11:18:40.004 [Test worker] DEBUG org.springframework.test.context.support.ActiveProfilesUtils - Could not find an 'annotation declaring class' for annotation type [org.springframework.test.context.ActiveProfiles] and class [kr.gracelove.jojoldu.springboot.web.HelloControllerTest]
11:18:40.074 [Test worker] DEBUG org.springframework.context.annotation.ClassPathScanningCandidateComponentProvider - Identified candidate component class: file [/Users/govlmo91/IdeaProjects/jojoldubook/build/classes/java/main/kr/gracelove/jojoldu/springboot/Application.class]
11:18:40.075 [Test worker] INFO org.springframework.boot.test.context.SpringBootTestContextBootstrapper - Found @SpringBootConfiguration kr.gracelove.jojoldu.springboot.Application for test class kr.gracelove.jojoldu.springboot.web.HelloControllerTest
11:18:40.076 [Test worker] DEBUG org.springframework.boot.test.autoconfigure.web.servlet.WebMvcTestContextBootstrapper - @TestExecutionListeners is not present for class [kr.gracelove.jojoldu.springboot.web.HelloControllerTest]: using defaults.
11:18:40.077 [Test worker] INFO org.springframework.boot.test.autoconfigure.web.servlet.WebMvcTestContextBootstrapper - Loaded default TestExecutionListener class names from location [META-INF/spring.factories]: [org.springframework.boot.test.autoconfigure.restdocs.RestDocsTestExecutionListener, org.springframework.boot.test.autoconfigure.web.client.MockRestServiceServerResetTestExecutionListener, org.springframework.boot.test.autoconfigure.web.servlet.MockMvcPrintOnlyOnFailureTestExecutionListener, org.springframework.boot.test.autoconfigure.web.servlet.WebDriverTestExecutionListener, org.springframework.boot.test.mock.mockito.MockitoTestExecutionListener, org.springframework.boot.test.mock.mockito.ResetMocksTestExecutionListener, org.springframework.test.context.web.ServletTestExecutionListener, org.springframework.test.context.support.DirtiesContextBeforeModesTestExecutionListener, org.springframework.test.context.support.DependencyInjectionTestExecutionListener, org.springframework.test.context.support.DirtiesContextTestExecutionListener, org.springframework.test.context.transaction.TransactionalTestExecutionListener, org.springframework.test.context.jdbc.SqlScriptsTestExecutionListener]
11:18:40.091 [Test worker] INFO org.springframework.boot.test.autoconfigure.web.servlet.WebMvcTestContextBootstrapper - Using TestExecutionListeners: [org.springframework.test.context.web.ServletTestExecutionListener@c489ff3, org.springframework.test.context.support.DirtiesContextBeforeModesTestExecutionListener@1e911849, org.springframework.boot.test.mock.mockito.MockitoTestExecutionListener@293a7983, org.springframework.boot.test.autoconfigure.SpringBootDependencyInjectionTestExecutionListener@74ed181f, org.springframework.test.context.support.DirtiesContextTestExecutionListener@3c12a676, org.springframework.test.context.transaction.TransactionalTestExecutionListener@2a57a2ed, org.springframework.test.context.jdbc.SqlScriptsTestExecutionListener@505b3045, org.springframework.boot.test.autoconfigure.restdocs.RestDocsTestExecutionListener@4c6ae7b1, org.springframework.boot.test.autoconfigure.web.client.MockRestServiceServerResetTestExecutionListener@65e2c95c, org.springframework.boot.test.autoconfigure.web.servlet.MockMvcPrintOnlyOnFailureTestExecutionListener@72354fc7, org.springframework.boot.test.autoconfigure.web.servlet.WebDriverTestExecutionListener@7be590dc, org.springframework.boot.test.mock.mockito.ResetMocksTestExecutionListener@6029b77e]
11:18:40.092 [Test worker] DEBUG org.springframework.test.annotation.ProfileValueUtils - Retrieved @ProfileValueSourceConfiguration [null] for test class [kr.gracelove.jojoldu.springboot.web.HelloControllerTest]
11:18:40.093 [Test worker] DEBUG org.springframework.test.annotation.ProfileValueUtils - Retrieved ProfileValueSource type [class org.springframework.test.annotation.SystemProfileValueSource] for class [kr.gracelove.jojoldu.springboot.web.HelloControllerTest]
11:18:40.093 [Test worker] DEBUG org.springframework.test.annotation.ProfileValueUtils - Retrieved @ProfileValueSourceConfiguration [null] for test class [kr.gracelove.jojoldu.springboot.web.HelloControllerTest]
11:18:40.093 [Test worker] DEBUG org.springframework.test.annotation.ProfileValueUtils - Retrieved ProfileValueSource type [class org.springframework.test.annotation.SystemProfileValueSource] for class [kr.gracelove.jojoldu.springboot.web.HelloControllerTest]
11:18:40.096 [Test worker] DEBUG org.springframework.test.context.support.AbstractDirtiesContextTestExecutionListener - Before test class: context [DefaultTestContext@4034db71 testClass = HelloControllerTest, testInstance = [null], testMethod = [null], testException = [null], mergedContextConfiguration = [WebMergedContextConfiguration@67d86efd testClass = HelloControllerTest, locations = '{}', classes = '{class kr.gracelove.jojoldu.springboot.Application}', contextInitializerClasses = '[]', activeProfiles = '{}', propertySourceLocations = '{}', propertySourceProperties = '{org.springframework.boot.test.autoconfigure.web.servlet.WebMvcTestContextBootstrapper=true}', contextCustomizers = set[org.springframework.boot.test.autoconfigure.OverrideAutoConfigurationContextCustomizerFactory$DisableAutoConfigurationContextCustomizer@23ff335c, org.springframework.boot.test.autoconfigure.filter.TypeExcludeFiltersContextCustomizer@a0ac8b39, org.springframework.boot.test.autoconfigure.properties.PropertyMappingContextCustomizer@b09c47ab, org.springframework.boot.test.autoconfigure.web.servlet.WebDriverContextCustomizerFactory$Customizer@18c1dfe6, [ImportsContextCustomizer@2877fff4 key = [org.springframework.boot.autoconfigure.cache.CacheAutoConfiguration, org.springframework.boot.autoconfigure.context.MessageSourceAutoConfiguration, org.springframework.boot.autoconfigure.data.web.SpringDataWebAutoConfiguration, org.springframework.boot.autoconfigure.freemarker.FreeMarkerAutoConfiguration, org.springframework.boot.autoconfigure.groovy.template.GroovyTemplateAutoConfiguration, org.springframework.boot.autoconfigure.gson.GsonAutoConfiguration, org.springframework.boot.autoconfigure.hateoas.HypermediaAutoConfiguration, org.springframework.boot.autoconfigure.http.HttpMessageConvertersAutoConfiguration, org.springframework.boot.autoconfigure.jackson.JacksonAutoConfiguration, org.springframework.boot.autoconfigure.jsonb.JsonbAutoConfiguration, org.springframework.boot.autoconfigure.mustache.MustacheAutoConfiguration, org.springframework.boot.autoconfigure.task.TaskExecutionAutoConfiguration, org.springframework.boot.autoconfigure.thymeleaf.ThymeleafAutoConfiguration, org.springframework.boot.autoconfigure.validation.ValidationAutoConfiguration, org.springframework.boot.autoconfigure.web.servlet.error.ErrorMvcAutoConfiguration, org.springframework.boot.autoconfigure.web.servlet.WebMvcAutoConfiguration, org.springframework.boot.test.autoconfigure.web.servlet.MockMvcAutoConfiguration, org.springframework.boot.test.autoconfigure.web.servlet.MockMvcSecurityAutoConfiguration, org.springframework.boot.test.autoconfigure.web.servlet.MockMvcWebClientAutoConfiguration, org.springframework.boot.test.autoconfigure.web.servlet.MockMvcWebDriverAutoConfiguration]], org.springframework.boot.test.context.filter.ExcludeFilterContextCustomizer@4ca9ea9c, org.springframework.boot.test.json.DuplicateJsonObjectContextCustomizerFactory$DuplicateJsonObjectContextCustomizer@939cf91, org.springframework.boot.test.mock.mockito.MockitoContextCustomizer@0], resourceBasePath = 'src/main/webapp', contextLoader = 'org.springframework.boot.test.context.SpringBootContextLoader', parent = [null]], attributes = map[[empty]]], class annotated with @DirtiesContext [false] with mode [null].
11:18:40.097 [Test worker] DEBUG org.springframework.test.annotation.ProfileValueUtils - Retrieved @ProfileValueSourceConfiguration [null] for test class [kr.gracelove.jojoldu.springboot.web.HelloControllerTest]
11:18:40.097 [Test worker] DEBUG org.springframework.test.annotation.ProfileValueUtils - Retrieved ProfileValueSource type [class org.springframework.test.annotation.SystemProfileValueSource] for class [kr.gracelove.jojoldu.springboot.web.HelloControllerTest]
11:18:40.100 [Test worker] DEBUG org.springframework.test.context.support.DependencyInjectionTestExecutionListener - Performing dependency injection for test context [[DefaultTestContext@4034db71 testClass = HelloControllerTest, testInstance = kr.gracelove.jojoldu.springboot.web.HelloControllerTest@647fe57, testMethod = [null], testException = [null], mergedContextConfiguration = [WebMergedContextConfiguration@67d86efd testClass = HelloControllerTest, locations = '{}', classes = '{class kr.gracelove.jojoldu.springboot.Application}', contextInitializerClasses = '[]', activeProfiles = '{}', propertySourceLocations = '{}', propertySourceProperties = '{org.springframework.boot.test.autoconfigure.web.servlet.WebMvcTestContextBootstrapper=true}', contextCustomizers = set[org.springframework.boot.test.autoconfigure.OverrideAutoConfigurationContextCustomizerFactory$DisableAutoConfigurationContextCustomizer@23ff335c, org.springframework.boot.test.autoconfigure.filter.TypeExcludeFiltersContextCustomizer@a0ac8b39, org.springframework.boot.test.autoconfigure.properties.PropertyMappingContextCustomizer@b09c47ab, org.springframework.boot.test.autoconfigure.web.servlet.WebDriverContextCustomizerFactory$Customizer@18c1dfe6, [ImportsContextCustomizer@2877fff4 key = [org.springframework.boot.autoconfigure.cache.CacheAutoConfiguration, org.springframework.boot.autoconfigure.context.MessageSourceAutoConfiguration, org.springframework.boot.autoconfigure.data.web.SpringDataWebAutoConfiguration, org.springframework.boot.autoconfigure.freemarker.FreeMarkerAutoConfiguration, org.springframework.boot.autoconfigure.groovy.template.GroovyTemplateAutoConfiguration, org.springframework.boot.autoconfigure.gson.GsonAutoConfiguration, org.springframework.boot.autoconfigure.hateoas.HypermediaAutoConfiguration, org.springframework.boot.autoconfigure.http.HttpMessageConvertersAutoConfiguration, org.springframework.boot.autoconfigure.jackson.JacksonAutoConfiguration, org.springframework.boot.autoconfigure.jsonb.JsonbAutoConfiguration, org.springframework.boot.autoconfigure.mustache.MustacheAutoConfiguration, org.springframework.boot.autoconfigure.task.TaskExecutionAutoConfiguration, org.springframework.boot.autoconfigure.thymeleaf.ThymeleafAutoConfiguration, org.springframework.boot.autoconfigure.validation.ValidationAutoConfiguration, org.springframework.boot.autoconfigure.web.servlet.error.ErrorMvcAutoConfiguration, org.springframework.boot.autoconfigure.web.servlet.WebMvcAutoConfiguration, org.springframework.boot.test.autoconfigure.web.servlet.MockMvcAutoConfiguration, org.springframework.boot.test.autoconfigure.web.servlet.MockMvcSecurityAutoConfiguration, org.springframework.boot.test.autoconfigure.web.servlet.MockMvcWebClientAutoConfiguration, org.springframework.boot.test.autoconfigure.web.servlet.MockMvcWebDriverAutoConfiguration]], org.springframework.boot.test.context.filter.ExcludeFilterContextCustomizer@4ca9ea9c, org.springframework.boot.test.json.DuplicateJsonObjectContextCustomizerFactory$DuplicateJsonObjectContextCustomizer@939cf91, org.springframework.boot.test.mock.mockito.MockitoContextCustomizer@0], resourceBasePath = 'src/main/webapp', contextLoader = 'org.springframework.boot.test.context.SpringBootContextLoader', parent = [null]], attributes = map[[empty]]]].
11:18:40.191 [Test worker] DEBUG org.springframework.test.context.support.TestPropertySourceUtils - Adding inlined properties to environment: {spring.jmx.enabled=false, org.springframework.boot.test.autoconfigure.web.servlet.WebMvcTestContextBootstrapper=true, server.port=-1}
2019-12-06 11:18:40.524 DEBUG 7503 --- [    Test worker] .c.l.ClasspathLoggingApplicationListener : Application started with classpath: [file:/Users/govlmo91/.gradle/caches/5.5.1/workerMain/gradle-worker.jar, file:/Users/govlmo91/IdeaProjects/jojoldubook/build/classes/java/test/, file:/Users/govlmo91/IdeaProjects/jojoldubook/build/resources/test, file:/Users/govlmo91/IdeaProjects/jojoldubook/build/classes/java/main/, file:/Users/govlmo91/IdeaProjects/jojoldubook/build/resources/main/, file:/Users/govlmo91/.gradle/caches/modules-2/files-2.1/org.springframework.boot/spring-boot-starter-mustache/2.1.7.RELEASE/c52b1725d81a61eac91af3196a65c17adef75357/spring-boot-starter-mustache-2.1.7.RELEASE.jar, file:/Users/govlmo91/.gradle/caches/modules-2/files-2.1/org.projectlombok/lombok/1.18.8/448003bc1b234aac04b58e27d7755c12c3ec4236/lombok-1.18.8.jar, file:/Users/govlmo91/.gradle/caches/modules-2/files-2.1/org.springframework.boot/spring-boot-starter-web/2.1.7.RELEASE/fa43baf40bde3ecdb93ac9c545dd39f82ab29c35/spring-boot-starter-web-2.1.7.RELEASE.jar, file:/Users/govlmo91/.gradle/caches/modules-2/files-2.1/org.springframework.boot/spring-boot-starter-data-jpa/2.1.7.RELEASE/5e4a5d5442f32f5e12b36674a620ec57b0b66c6e/spring-boot-starter-data-jpa-2.1.7.RELEASE.jar, file:/Users/govlmo91/.gradle/caches/modules-2/files-2.1/com.h2database/h2/1.4.199/7bf08152984ed8859740ae3f97fae6c72771ae45/h2-1.4.199.jar, file:/Users/govlmo91/.gradle/caches/modules-2/files-2.1/org.springframework.boot/spring-boot-starter-test/2.1.7.RELEASE/39e82379a28c217ab892eb00ef601dc0571f56a4/spring-boot-starter-test-2.1.7.RELEASE.jar, file:/Users/govlmo91/.gradle/caches/modules-2/files-2.1/org.springframework.boot/spring-boot-starter-json/2.1.7.RELEASE/9c12f046a7c4ae110d89163a491ad0d7cf036e79/spring-boot-starter-json-2.1.7.RELEASE.jar, file:/Users/govlmo91/.gradle/caches/modules-2/files-2.1/org.springframework.boot/spring-boot-starter-aop/2.1.7.RELEASE/4577d056af1f823bb7730c99f43c3268dd697310/spring-boot-starter-aop-2.1.7.RELEASE.jar, file:/Users/govlmo91/.gradle/caches/modules-2/files-2.1/org.springframework.boot/spring-boot-starter-jdbc/2.1.7.RELEASE/3ea97a134b44a886ff529215e7bec04bfd93fa5b/spring-boot-starter-jdbc-2.1.7.RELEASE.jar, file:/Users/govlmo91/.gradle/caches/modules-2/files-2.1/org.springframework.boot/spring-boot-starter/2.1.7.RELEASE/e23f4e9460e0e2220b444e40fc7fd6e95f66e0fe/spring-boot-starter-2.1.7.RELEASE.jar, file:/Users/govlmo91/.gradle/caches/modules-2/files-2.1/com.samskivert/jmustache/1.14/495441daa241e5f48d555597fffa2b1dfc8c60d1/jmustache-1.14.jar, file:/Users/govlmo91/.gradle/caches/modules-2/files-2.1/org.springframework.boot/spring-boot-starter-tomcat/2.1.7.RELEASE/11f2a86aefefba72a4efe5ff18f4165a4b4e78b/spring-boot-starter-tomcat-2.1.7.RELEASE.jar, file:/Users/govlmo91/.gradle/caches/modules-2/files-2.1/org.hibernate.validator/hibernate-validator/6.0.17.Final/af73055fc4a103ab347c56e7da5a143d68a0170/hibernate-validator-6.0.17.Final.jar, file:/Users/govlmo91/.gradle/caches/modules-2/files-2.1/org.springframework/spring-webmvc/5.1.9.RELEASE/b9d4a2140488f0e6f9aa231e7938ae18da77b637/spring-webmvc-5.1.9.RELEASE.jar, file:/Users/govlmo91/.gradle/caches/modules-2/files-2.1/org.springframework/spring-web/5.1.9.RELEASE/9fe4390420fdd0b63dc4ed90d9027dafa9f74f80/spring-web-5.1.9.RELEASE.jar, file:/Users/govlmo91/.gradle/caches/modules-2/files-2.1/javax.transaction/javax.transaction-api/1.3/e006adf5cf3cca2181d16bd640ecb80148ec0fce/javax.transaction-api-1.3.jar, file:/Users/govlmo91/.gradle/caches/modules-2/files-2.1/javax.xml.bind/jaxb-api/2.3.1/8531ad5ac454cc2deb9d4d32c40c4d7451939b5d/jaxb-api-2.3.1.jar, file:/Users/govlmo91/.gradle/caches/modules-2/files-2.1/org.hibernate/hibernate-core/5.3.10.Final/e608b854325005edbf43cb2b6041fdafd3f2eb57/hibernate-core-5.3.10.Final.jar, file:/Users/govlmo91/.gradle/caches/modules-2/files-2.1/org.springframework.data/spring-data-jpa/2.1.10.RELEASE/12639406aa28c3a5195a1a4c9077fe562f54bc31/spring-data-jpa-2.1.10.RELEASE.jar, file:/Users/govlmo91/.gradle/caches/modules-2/files-2.1/org.springframework/spring-aspects/5.1.9.RELEASE/a8aec853c345ed54a99627cee9f755ce7dbb734/spring-aspects-5.1.9.RELEASE.jar, file:/Users/govlmo91/.gradle/caches/modules-2/files-2.1/org.springframework.boot/spring-boot-test-autoconfigure/2.1.7.RELEASE/8c9847259e14419d2bcc4eed26bcf48dc56686ef/spring-boot-test-autoconfigure-2.1.7.RELEASE.jar, file:/Users/govlmo91/.gradle/caches/modules-2/files-2.1/org.springframework.boot/spring-boot-test/2.1.7.RELEASE/70ed88830a08e8baa0b562090168fdba0e92810/spring-boot-test-2.1.7.RELEASE.jar, file:/Users/govlmo91/.gradle/caches/modules-2/files-2.1/com.jayway.jsonpath/json-path/2.4.0/765a4401ceb2dc8d40553c2075eb80a8fa35c2ae/json-path-2.4.0.jar, file:/Users/govlmo91/.gradle/caches/modules-2/files-2.1/junit/junit/4.12/2973d150c0dc1fefe998f834810d68f278ea58ec/junit-4.12.jar, file:/Users/govlmo91/.gradle/caches/modules-2/files-2.1/org.assertj/assertj-core/3.11.1/fdac3217b804d6900fa3650f17b5cb48e620b140/assertj-core-3.11.1.jar, file:/Users/govlmo91/.gradle/caches/modules-2/files-2.1/org.mockito/mockito-core/2.23.4/a35b6f8ffcfa786771eac7d7d903429e790fdf3f/mockito-core-2.23.4.jar, file:/Users/govlmo91/.gradle/caches/modules-2/files-2.1/org.hamcrest/hamcrest-library/1.3/4785a3c21320980282f9f33d0d1264a69040538f/hamcrest-library-1.3.jar, file:/Users/govlmo91/.gradle/caches/modules-2/files-2.1/org.hamcrest/hamcrest-core/1.3/42a25dc3219429f0e5d060061f71acb49bf010a0/hamcrest-core-1.3.jar, file:/Users/govlmo91/.gradle/caches/modules-2/files-2.1/org.skyscreamer/jsonassert/1.5.0/6c9d5fe2f59da598d9aefc1cfc6528ff3cf32df3/jsonassert-1.5.0.jar, file:/Users/govlmo91/.gradle/caches/modules-2/files-2.1/org.springframework/spring-test/5.1.9.RELEASE/653fa9de816677b3318e7058af54e7ee56866b09/spring-test-5.1.9.RELEASE.jar, file:/Users/govlmo91/.gradle/caches/modules-2/files-2.1/org.springframework.boot/spring-boot-autoconfigure/2.1.7.RELEASE/2c9d3e2c6ea3cb435e99e2973009636b62a9d816/spring-boot-autoconfigure-2.1.7.RELEASE.jar, file:/Users/govlmo91/.gradle/caches/modules-2/files-2.1/org.springframework.boot/spring-boot/2.1.7.RELEASE/1599a2ad1fc6d36dbfc2a7c0dd5dab3a0bb27c61/spring-boot-2.1.7.RELEASE.jar, file:/Users/govlmo91/.gradle/caches/modules-2/files-2.1/org.springframework/spring-context/5.1.9.RELEASE/c37f8fe15a5ae4ea1f351bd46167fd492a84eefa/spring-context-5.1.9.RELEASE.jar, file:/Users/govlmo91/.gradle/caches/modules-2/files-2.1/org.springframework/spring-aop/5.1.9.RELEASE/bc2312ffad02251b9d472e4a7c0e472a58f50fbf/spring-aop-5.1.9.RELEASE.jar, file:/Users/govlmo91/.gradle/caches/modules-2/files-2.1/org.springframework/spring-orm/5.1.9.RELEASE/220169d217f7114706141fc0afba425a5b368dce/spring-orm-5.1.9.RELEASE.jar, file:/Users/govlmo91/.gradle/caches/modules-2/files-2.1/org.springframework/spring-jdbc/5.1.9.RELEASE/3fd70356ba8d7c00c4081c1a207766352624414e/spring-jdbc-5.1.9.RELEASE.jar, file:/Users/govlmo91/.gradle/caches/modules-2/files-2.1/org.springframework.data/spring-data-commons/2.1.10.RELEASE/c73a76070181b59b19df6893e1ca729263a69b47/spring-data-commons-2.1.10.RELEASE.jar, file:/Users/govlmo91/.gradle/caches/modules-2/files-2.1/org.springframework/spring-tx/5.1.9.RELEASE/a9125e2c8eeb193030f3972c6293616943c55ef2/spring-tx-5.1.9.RELEASE.jar, file:/Users/govlmo91/.gradle/caches/modules-2/files-2.1/org.springframework/spring-beans/5.1.9.RELEASE/5a03b3983108d73978aec2fa3e681aedad6782c/spring-beans-5.1.9.RELEASE.jar, file:/Users/govlmo91/.gradle/caches/modules-2/files-2.1/org.springframework/spring-expression/5.1.9.RELEASE/db3a2468c1b7d697ec3b3ec6e5652dc282994fe3/spring-expression-5.1.9.RELEASE.jar, file:/Users/govlmo91/.gradle/caches/modules-2/files-2.1/org.springframework/spring-core/5.1.9.RELEASE/dc3815439579b4fa0c19970e6b8e5d774af8d988/spring-core-5.1.9.RELEASE.jar, file:/Users/govlmo91/.gradle/caches/modules-2/files-2.1/org.xmlunit/xmlunit-core/2.6.3/cdb208320aed4a7b94fb236cfbf91aeb6d0ede14/xmlunit-core-2.6.3.jar, file:/Users/govlmo91/.gradle/caches/modules-2/files-2.1/org.springframework.boot/spring-boot-starter-logging/2.1.7.RELEASE/6e829f739992a7f368c0af44a08ed89ad2a1972f/spring-boot-starter-logging-2.1.7.RELEASE.jar, file:/Users/govlmo91/.gradle/caches/modules-2/files-2.1/javax.annotation/javax.annotation-api/1.3.2/934c04d3cfef185a8008e7bf34331b79730a9d43/javax.annotation-api-1.3.2.jar, file:/Users/govlmo91/.gradle/caches/modules-2/files-2.1/org.yaml/snakeyaml/1.23/ec62d74fe50689c28c0ff5b35d3aebcaa8b5be68/snakeyaml-1.23.jar, file:/Users/govlmo91/.gradle/caches/modules-2/files-2.1/com.fasterxml.jackson.datatype/jackson-datatype-jdk8/2.9.9/4b04126963103216c9c43b0f34bbc36315654204/jackson-datatype-jdk8-2.9.9.jar, file:/Users/govlmo91/.gradle/caches/modules-2/files-2.1/com.fasterxml.jackson.datatype/jackson-datatype-jsr310/2.9.9/a33df137557793b0404a486888dbe049f7abeeeb/jackson-datatype-jsr310-2.9.9.jar, file:/Users/govlmo91/.gradle/caches/modules-2/files-2.1/com.fasterxml.jackson.module/jackson-module-parameter-names/2.9.9/a92facb55a2538e7b2fe14294570a18b823ad431/jackson-module-parameter-names-2.9.9.jar, file:/Users/govlmo91/.gradle/caches/modules-2/files-2.1/com.fasterxml.jackson.core/jackson-databind/2.9.9/d6eb9817d9c7289a91f043ac5ee02a6b3cc86238/jackson-databind-2.9.9.jar, file:/Users/govlmo91/.gradle/caches/modules-2/files-2.1/org.apache.tomcat.embed/tomcat-embed-websocket/9.0.22/45974d3443cc15ad9d10239d762d5e15759e6364/tomcat-embed-websocket-9.0.22.jar, file:/Users/govlmo91/.gradle/caches/modules-2/files-2.1/org.apache.tomcat.embed/tomcat-embed-core/9.0.22/79f39903498b28adacb18fe2ea046edd306295a6/tomcat-embed-core-9.0.22.jar, file:/Users/govlmo91/.gradle/caches/modules-2/files-2.1/org.apache.tomcat.embed/tomcat-embed-el/9.0.22/4da4b778b635a7e78ca7cd7288253e2e47b88a9f/tomcat-embed-el-9.0.22.jar, file:/Users/govlmo91/.gradle/caches/modules-2/files-2.1/javax.validation/validation-api/2.0.1.Final/cb855558e6271b1b32e716d24cb85c7f583ce09e/validation-api-2.0.1.Final.jar, file:/Users/govlmo91/.gradle/caches/modules-2/files-2.1/org.hibernate.common/hibernate-commons-annotations/5.0.4.Final/965a18fdf939ee75e41f7918532d37b3a8350535/hibernate-commons-annotations-5.0.4.Final.jar, file:/Users/govlmo91/.gradle/caches/modules-2/files-2.1/org.jboss.logging/jboss-logging/3.3.2.Final/3789d00e859632e6c6206adc0c71625559e6e3b0/jboss-logging-3.3.2.Final.jar, file:/Users/govlmo91/.gradle/caches/modules-2/files-2.1/com.fasterxml/classmate/1.4.0/291658ac2ce2476256c7115943652c0accb5c857/classmate-1.4.0.jar, file:/Users/govlmo91/.gradle/caches/modules-2/files-2.1/org.aspectj/aspectjweaver/1.9.4/9205229878f3d62fbd3a32a0fb6be2d6ad8589a9/aspectjweaver-1.9.4.jar, file:/Users/govlmo91/.gradle/caches/modules-2/files-2.1/com.zaxxer/HikariCP/3.2.0/6c66db1c636ee90beb4c65fe34abd8ba9396bca6/HikariCP-3.2.0.jar, file:/Users/govlmo91/.gradle/caches/modules-2/files-2.1/javax.activation/javax.activation-api/1.2.0/85262acf3ca9816f9537ca47d5adeabaead7cb16/javax.activation-api-1.2.0.jar, file:/Users/govlmo91/.gradle/caches/modules-2/files-2.1/javax.persistence/javax.persistence-api/2.2/25665ac8c0b62f50e6488173233239120fc52c96/javax.persistence-api-2.2.jar, file:/Users/govlmo91/.gradle/caches/modules-2/files-2.1/org.javassist/javassist/3.23.2-GA/c5afe660a95e87ceb518e4f5cf02f5c56b547683/javassist-3.23.2-GA.jar, file:/Users/govlmo91/.gradle/caches/modules-2/files-2.1/net.bytebuddy/byte-buddy/1.9.16/e7d63009be7b87ff1f15b72e5b8c59c897a8d8bd/byte-buddy-1.9.16.jar, file:/Users/govlmo91/.gradle/caches/modules-2/files-2.1/antlr/antlr/2.7.7/83cd2cd674a217ade95a4bb83a8a14f351f48bd0/antlr-2.7.7.jar, file:/Users/govlmo91/.gradle/caches/modules-2/files-2.1/org.jboss/jandex/2.0.5.Final/7060f67764565b9ee9d467e3ed0cb8a9c601b23a/jandex-2.0.5.Final.jar, file:/Users/govlmo91/.gradle/caches/modules-2/files-2.1/org.dom4j/dom4j/2.1.1/3dce5dbb3571aa820c677fadd8349bfa8f00c199/dom4j-2.1.1.jar, file:/Users/govlmo91/.gradle/caches/modules-2/files-2.1/ch.qos.logback/logback-classic/1.2.3/7c4f3c474fb2c041d8028740440937705ebb473a/logback-classic-1.2.3.jar, file:/Users/govlmo91/.gradle/caches/modules-2/files-2.1/org.apache.logging.log4j/log4j-to-slf4j/2.11.2/6d37bf7b046c0ce2669f26b99365a2cfa45c4c18/log4j-to-slf4j-2.11.2.jar, file:/Users/govlmo91/.gradle/caches/modules-2/files-2.1/org.slf4j/jul-to-slf4j/1.7.26/8031352b2bb0a49e67818bf04c027aa92e645d5c/jul-to-slf4j-1.7.26.jar, file:/Users/govlmo91/.gradle/caches/modules-2/files-2.1/org.slf4j/slf4j-api/1.7.26/77100a62c2e6f04b53977b9f541044d7d722693d/slf4j-api-1.7.26.jar, file:/Users/govlmo91/.gradle/caches/modules-2/files-2.1/net.minidev/json-smart/2.3/7396407491352ce4fa30de92efb158adb76b5b/json-smart-2.3.jar, file:/Users/govlmo91/.gradle/caches/modules-2/files-2.1/net.bytebuddy/byte-buddy-agent/1.9.16/fd213511a0a845632456f636e576d24c2d6ac3bc/byte-buddy-agent-1.9.16.jar, file:/Users/govlmo91/.gradle/caches/modules-2/files-2.1/org.objenesis/objenesis/2.6/639033469776fd37c08358c6b92a4761feb2af4b/objenesis-2.6.jar, file:/Users/govlmo91/.gradle/caches/modules-2/files-2.1/com.vaadin.external.google/android-json/0.0.20131108.vaadin1/fa26d351fe62a6a17f5cda1287c1c6110dec413f/android-json-0.0.20131108.vaadin1.jar, file:/Users/govlmo91/.gradle/caches/modules-2/files-2.1/org.springframework/spring-jcl/5.1.9.RELEASE/7c372790c999777d20f364960cf557dd74f890cf/spring-jcl-5.1.9.RELEASE.jar, file:/Users/govlmo91/.gradle/caches/modules-2/files-2.1/com.fasterxml.jackson.core/jackson-annotations/2.9.0/7c10d545325e3a6e72e06381afe469fd40eb701/jackson-annotations-2.9.0.jar, file:/Users/govlmo91/.gradle/caches/modules-2/files-2.1/com.fasterxml.jackson.core/jackson-core/2.9.9/bfff5af9fb8347d26bbb7959cb9b4fe9a2b0ca5e/jackson-core-2.9.9.jar, file:/Users/govlmo91/.gradle/caches/modules-2/files-2.1/net.minidev/accessors-smart/1.2/c592b500269bfde36096641b01238a8350f8aa31/accessors-smart-1.2.jar, file:/Users/govlmo91/.gradle/caches/modules-2/files-2.1/ch.qos.logback/logback-core/1.2.3/864344400c3d4d92dfeb0a305dc87d953677c03c/logback-core-1.2.3.jar, file:/Users/govlmo91/.gradle/caches/modules-2/files-2.1/org.apache.logging.log4j/log4j-api/2.11.2/f5e9a2ffca496057d6891a3de65128efc636e26e/log4j-api-2.11.2.jar, file:/Users/govlmo91/.gradle/caches/modules-2/files-2.1/org.ow2.asm/asm/5.0.4/da08b8cce7bbf903602a25a3a163ae252435795/asm-5.0.4.jar]

  .   ____          _            __ _ _
 /\\ / ___'_ __ _ _(_)_ __  __ _ \ \ \ \
( ( )\___ | '_ | '_| | '_ \/ _` | \ \ \ \
 \\/  ___)| |_)| | | | | || (_| |  ) ) ) )
  '  |____| .__|_| |_|_| |_\__, | / / / /
 =========|_|==============|___/=/_/_/_/
 :: Spring Boot ::        (v2.1.7.RELEASE)

2019-12-06 11:18:40.566 DEBUG 7503 --- [kground-preinit] org.apache.tomcat.util.modeler.Registry  : Found jar:file:/Users/govlmo91/.gradle/caches/modules-2/files-2.1/org.apache.tomcat.embed/tomcat-embed-core/9.0.22/79f39903498b28adacb18fe2ea046edd306295a6/tomcat-embed-core-9.0.22.jar!/org/apache/catalina/mbeans/mbeans-descriptors.xml
2019-12-06 11:18:40.574 DEBUG 7503 --- [kground-preinit] o.apache.tomcat.util.digester.Digester   : register('-//Apache Software Foundation//DTD Model MBeans Configuration File', 'jar:file:/Users/govlmo91/.gradle/caches/modules-2/files-2.1/org.apache.tomcat.embed/tomcat-embed-core/9.0.22/79f39903498b28adacb18fe2ea046edd306295a6/tomcat-embed-core-9.0.22.jar!/org/apache/tomcat/util/modeler/mbeans-descriptors.dtd'
2019-12-06 11:18:40.597 DEBUG 7503 --- [kground-preinit] o.a.tomcat.util.digester.Digester.sax    : setDocumentLocator(com.sun.org.apache.xerces.internal.parsers.AbstractSAXParser$LocatorProxy@5d3b9412)
2019-12-06 11:18:40.597 DEBUG 7503 --- [kground-preinit] o.a.tomcat.util.digester.Digester.sax    : startDocument()
2019-12-06 11:18:40.599 DEBUG 7503 --- [kground-preinit] o.a.tomcat.util.digester.Digester.sax    : startElement(,,mbeans-descriptors)
2019-12-06 11:18:40.599 DEBUG 7503 --- [kground-preinit] o.apache.tomcat.util.digester.Digester   :   New match='mbeans-descriptors'
2019-12-06 11:18:40.600 DEBUG 7503 --- [kground-preinit] o.apache.tomcat.util.digester.Digester   : No rules found matching [mbeans-descriptors]
2019-12-06 11:18:40.600 DEBUG 7503 --- [kground-preinit] o.a.tomcat.util.digester.Digester.sax    : characters(

  )
2019-12-06 11:18:40.600 DEBUG 7503 --- [kground-preinit] o.a.tomcat.util.digester.Digester.sax    : startElement(,,mbean)
2019-12-06 11:18:40.603 DEBUG 7503 --- [kground-preinit] o.apache.tomcat.util.digester.Digester   :   New match='mbeans-descriptors/mbean'
2019-12-06 11:18:40.603 DEBUG 7503 --- [kground-preinit] o.apache.tomcat.util.digester.Digester   :   Fire begin() for ObjectCreateRule[className=org.apache.tomcat.util.modeler.ManagedBean, attributeName=null]
2019-12-06 11:18:40.604  INFO 7503 --- [    Test worker] k.g.j.s.web.HelloControllerTest          : Starting HelloControllerTest on govlmo91ui-MacBookPro.local with PID 7503 (started by govlmo91 in /Users/govlmo91/IdeaProjects/jojoldubook)
2019-12-06 11:18:40.604 DEBUG 7503 --- [    Test worker] k.g.j.s.web.HelloControllerTest          : Running with Spring Boot v2.1.7.RELEASE, Spring v5.1.9.RELEASE
2019-12-06 11:18:40.606  INFO 7503 --- [    Test worker] k.g.j.s.web.HelloControllerTest          : No active profile set, falling back to default profiles: default
2019-12-06 11:18:40.607 DEBUG 7503 --- [kground-preinit] o.apache.tomcat.util.digester.Digester   :   Fire begin() for SetPropertiesRule[]
2019-12-06 11:18:40.607 DEBUG 7503 --- [    Test worker] o.s.boot.SpringApplication               : Loading source class kr.gracelove.jojoldu.springboot.Application
2019-12-06 11:18:40.607 DEBUG 7503 --- [kground-preinit] o.apache.tomcat.util.digester.Digester   : [SetPropertiesRule]{mbeans-descriptors/mbean} Set org.apache.tomcat.util.modeler.ManagedBean properties
2019-12-06 11:18:40.607 DEBUG 7503 --- [kground-preinit] o.apache.tomcat.util.digester.Digester   : [SetPropertiesRule]{mbeans-descriptors/mbean} Setting property 'name' to 'MBeanFactory'
2019-12-06 11:18:40.608 DEBUG 7503 --- [kground-preinit] o.apache.tomcat.util.IntrospectionUtils  : IntrospectionUtils: setProperty(class org.apache.tomcat.util.modeler.ManagedBean name=MBeanFactory)
2019-12-06 11:18:40.609 DEBUG 7503 --- [kground-preinit] o.apache.tomcat.util.digester.Digester   : [SetPropertiesRule]{mbeans-descriptors/mbean} Setting property 'type' to 'org.apache.catalina.mbeans.MBeanFactory'
2019-12-06 11:18:40.609 DEBUG 7503 --- [kground-preinit] o.apache.tomcat.util.IntrospectionUtils  : IntrospectionUtils: setProperty(class org.apache.tomcat.util.modeler.ManagedBean type=org.apache.catalina.mbeans.MBeanFactory)
2019-12-06 11:18:40.610 DEBUG 7503 --- [kground-preinit] o.apache.tomcat.util.digester.Digester   : [SetPropertiesRule]{mbeans-descriptors/mbean} Setting property 'description' to 'Factory for MBeans and corresponding components'
2019-12-06 11:18:40.610 DEBUG 7503 --- [kground-preinit] o.apache.tomcat.util.IntrospectionUtils  : IntrospectionUtils: setProperty(class org.apache.tomcat.util.modeler.ManagedBean description=Factory for MBeans and corresponding components)
2019-12-06 11:18:40.610 DEBUG 7503 --- [kground-preinit] o.apache.tomcat.util.digester.Digester   : [SetPropertiesRule]{mbeans-descriptors/mbean} Setting property 'domain' to 'Catalina'
2019-12-06 11:18:40.610 DEBUG 7503 --- [kground-preinit] o.apache.tomcat.util.IntrospectionUtils  : IntrospectionUtils: setProperty(class org.apache.tomcat.util.modeler.ManagedBean domain=Catalina)
2019-12-06 11:18:40.611 DEBUG 7503 --- [kground-preinit] o.apache.tomcat.util.digester.Digester   :   Fire begin() for SetNextRule[methodName=add, paramType=java.lang.Object]
2019-12-06 11:18:40.611 DEBUG 7503 --- [kground-preinit] o.a.tomcat.util.digester.Digester.sax    : characters(

    )
2019-12-06 11:18:40.611 DEBUG 7503 --- [kground-preinit] o.a.tomcat.util.digester.Digester.sax    : characters(
    )
2019-12-06 11:18:40.612 DEBUG 7503 --- [kground-preinit] o.a.tomcat.util.digester.Digester.sax    : characters(
    )
2019-12-06 11:18:40.612 DEBUG 7503 --- [kground-preinit] o.a.tomcat.util.digester.Digester.sax    : characters(
    )
2019-12-06 11:18:40.612 DEBUG 7503 --- [kground-preinit] o.a.tomcat.util.digester.Digester.sax    : characters(

    )
2019-12-06 11:18:40.613 DEBUG 7503 --- [kground-preinit] o.a.tomcat.util.digester.Digester.sax    : startElement(,,operation)
2019-12-06 11:18:40.613 DEBUG 7503 --- [kground-preinit] o.apache.tomcat.util.digester.Digester   :   New match='mbeans-descriptors/mbean/operation'
2019-12-06 11:18:40.613 DEBUG 7503 --- [kground-preinit] o.apache.tomcat.util.digester.Digester   :   Fire begin() for ObjectCreateRule[className=org.apache.tomcat.util.modeler.OperationInfo, attributeName=null]
2019-12-06 11:18:40.614 DEBUG 7503 --- [kground-preinit] o.apache.tomcat.util.digester.Digester   :   Fire begin() for SetPropertiesRule[]
2019-12-06 11:18:40.614 DEBUG 7503 --- [kground-preinit] o.apache.tomcat.util.digester.Digester   : [SetPropertiesRule]{mbeans-descriptors/mbean/operation} Set org.apache.tomcat.util.modeler.OperationInfo properties
2019-12-06 11:18:40.614 DEBUG 7503 --- [kground-preinit] o.apache.tomcat.util.digester.Digester   : [SetPropertiesRule]{mbeans-descriptors/mbean/operation} Setting property 'name' to 'createAjpConnector'
2019-12-06 11:18:40.615 DEBUG 7503 --- [kground-preinit] o.apache.tomcat.util.IntrospectionUtils  : IntrospectionUtils: setProperty(class org.apache.tomcat.util.modeler.OperationInfo name=createAjpConnector)
2019-12-06 11:18:40.615 DEBUG 7503 --- [kground-preinit] o.apache.tomcat.util.digester.Digester   : [SetPropertiesRule]{mbeans-descriptors/mbean/operation} Setting property 'description' to 'Create a new AjpConnector'
2019-12-06 11:18:40.615 DEBUG 7503 --- [kground-preinit] o.apache.tomcat.util.IntrospectionUtils  : IntrospectionUtils: setProperty(class org.apache.tomcat.util.modeler.OperationInfo description=Create a new AjpConnector)
2019-12-06 11:18:40.616 DEBUG 7503 --- [kground-preinit] o.apache.tomcat.util.digester.Digester   : [SetPropertiesRule]{mbeans-descriptors/mbean/operation} Setting property 'impact' to 'ACTION'
2019-12-06 11:18:40.616 DEBUG 7503 --- [kground-preinit] o.apache.tomcat.util.IntrospectionUtils  : IntrospectionUtils: setProperty(class org.apache.tomcat.util.modeler.OperationInfo impact=ACTION)
2019-12-06 11:18:40.616 DEBUG 7503 --- [kground-preinit] o.apache.tomcat.util.digester.Digester   : [SetPropertiesRule]{mbeans-descriptors/mbean/operation} Setting property 'returnType' to 'java.lang.String'
2019-12-06 11:18:40.616 DEBUG 7503 --- [kground-preinit] o.apache.tomcat.util.IntrospectionUtils  : IntrospectionUtils: setProperty(class org.apache.tomcat.util.modeler.OperationInfo returnType=java.lang.String)
2019-12-06 11:18:40.616 DEBUG 7503 --- [kground-preinit] o.apache.tomcat.util.digester.Digester   :   Fire begin() for SetNextRule[methodName=addOperation, paramType=org.apache.tomcat.util.modeler.OperationInfo]
2019-12-06 11:18:40.616 DEBUG 7503 --- [kground-preinit] o.a.tomcat.util.digester.Digester.sax    : characters(
      )
2019-12-06 11:18:40.617 DEBUG 7503 --- [kground-preinit] o.a.tomcat.util.digester.Digester.sax    : startElement(,,parameter)
2019-12-06 11:18:40.617 DEBUG 7503 --- [kground-preinit] o.apache.tomcat.util.digester.Digester   :   New match='mbeans-descriptors/mbean/operation/parameter'
2019-12-06 11:18:40.617 DEBUG 7503 --- [kground-preinit] o.apache.tomcat.util.digester.Digester   :   Fire begin() for ObjectCreateRule[className=org.apache.tomcat.util.modeler.ParameterInfo, attributeName=null]
2019-12-06 11:18:40.618 DEBUG 7503 --- [kground-preinit] o.apache.tomcat.util.digester.Digester   :   Fire begin() for SetPropertiesRule[]
2019-12-06 11:18:40.618 DEBUG 7503 --- [kground-preinit] o.apache.tomcat.util.digester.Digester   : [SetPropertiesRule]{mbeans-descriptors/mbean/operation/parameter} Set org.apache.tomcat.util.modeler.ParameterInfo properties
2019-12-06 11:18:40.618 DEBUG 7503 --- [kground-preinit] o.apache.tomcat.util.digester.Digester   : [SetPropertiesRule]{mbeans-descriptors/mbean/operation/parameter} Setting property 'name' to 'parent'
2019-12-06 11:18:40.618 DEBUG 7503 --- [kground-preinit] o.apache.tomcat.util.IntrospectionUtils  : IntrospectionUtils: setProperty(class org.apache.tomcat.util.modeler.ParameterInfo name=parent)
2019-12-06 11:18:40.619 DEBUG 7503 --- [kground-preinit] o.apache.tomcat.util.digester.Digester   : [SetPropertiesRule]{mbeans-descriptors/mbean/operation/parameter} Setting property 'description' to 'MBean Name of the associated parent component'
2019-12-06 11:18:40.619 DEBUG 7503 --- [kground-preinit] o.apache.tomcat.util.IntrospectionUtils  : IntrospectionUtils: setProperty(class org.apache.tomcat.util.modeler.ParameterInfo description=MBean Name of the associated parent component)
2019-12-06 11:18:40.619 DEBUG 7503 --- [kground-preinit] o.apache.tomcat.util.digester.Digester   : [SetPropertiesRule]{mbeans-descriptors/mbean/operation/parameter} Setting property 'type' to 'java.lang.String'
2019-12-06 11:18:40.619 DEBUG 7503 --- [kground-preinit] o.apache.tomcat.util.IntrospectionUtils  : IntrospectionUtils: setProperty(class org.apache.tomcat.util.modeler.ParameterInfo type=java.lang.String)
2019-12-06 11:18:40.620 DEBUG 7503 --- [kground-preinit] o.apache.tomcat.util.digester.Digester   :   Fire begin() for SetNextRule[methodName=addParameter, paramType=org.apache.tomcat.util.modeler.ParameterInfo]
2019-12-06 11:18:40.620 DEBUG 7503 --- [kground-preinit] o.a.tomcat.util.digester.Digester.sax    : endElement(,,parameter)
2019-12-06 11:18:40.620 DEBUG 7503 --- [kground-preinit] o.apache.tomcat.util.digester.Digester   :   match='mbeans-descriptors/mbean/operation/parameter'
2019-12-06 11:18:40.620 DEBUG 7503 --- [kground-preinit] o.apache.tomcat.util.digester.Digester   :   bodyText=''
2019-12-06 11:18:40.620 DEBUG 7503 --- [kground-preinit] o.apache.tomcat.util.digester.Digester   :   Fire body() for ObjectCreateRule[className=org.apache.tomcat.util.modeler.ParameterInfo, attributeName=null]
2019-12-06 11:18:40.621 DEBUG 7503 --- [kground-preinit] o.apache.tomcat.util.digester.Digester   :   Fire body() for SetPropertiesRule[]
2019-12-06 11:18:40.621 DEBUG 7503 --- [kground-preinit] o.apache.tomcat.util.digester.Digester   :   Fire body() for SetNextRule[methodName=addParameter, paramType=org.apache.tomcat.util.modeler.ParameterInfo]
2019-12-06 11:18:40.621 DEBUG 7503 --- [kground-preinit] o.apache.tomcat.util.digester.Digester   :   Fire end() for SetNextRule[methodName=addParameter, paramType=org.apache.tomcat.util.modeler.ParameterInfo]
2019-12-06 11:18:40.621 DEBUG 7503 --- [kground-preinit] o.apache.tomcat.util.digester.Digester   : [SetNextRule]{mbeans-descriptors/mbean/operation/parameter} Call org.apache.tomcat.util.modeler.OperationInfo.addParameter(org.apache.tomcat.util.modeler.ParameterInfo@4e617766)
2019-12-06 11:18:40.621 DEBUG 7503 --- [kground-preinit] o.apache.tomcat.util.IntrospectionUtils  : IntrospectionUtils: callMethod1 org.apache.tomcat.util.modeler.OperationInfo org.apache.tomcat.util.modeler.ParameterInfo org.apache.tomcat.util.modeler.ParameterInfo
2019-12-06 11:18:40.622 DEBUG 7503 --- [kground-preinit] o.apache.tomcat.util.digester.Digester   :   Fire end() for SetPropertiesRule[]
2019-12-06 11:18:40.622 DEBUG 7503 --- [kground-preinit] o.apache.tomcat.util.digester.Digester   :   Fire end() for ObjectCreateRule[className=org.apache.tomcat.util.modeler.ParameterInfo, attributeName=null]
2019-12-06 11:18:40.622 DEBUG 7503 --- [kground-preinit] o.apache.tomcat.util.digester.Digester   : [ObjectCreateRule]{mbeans-descriptors/mbean/operation/parameter} Pop org.apache.tomcat.util.modeler.ParameterInfo
2019-12-06 11:18:40.622 DEBUG 7503 --- [kground-preinit] o.a.tomcat.util.digester.Digester.sax    : characters(
      )
2019-12-06 11:18:40.623 DEBUG 7503 --- [kground-preinit] o.a.tomcat.util.digester.Digester.sax    : startElement(,,parameter)
2019-12-06 11:18:40.623 DEBUG 7503 --- [kground-preinit] o.apache.tomcat.util.digester.Digester   :   New match='mbeans-descriptors/mbean/operation/parameter'
2019-12-06 11:18:40.623 DEBUG 7503 --- [kground-preinit] o.apache.tomcat.util.digester.Digester   :   Fire begin() for ObjectCreateRule[className=org.apache.tomcat.util.modeler.ParameterInfo, attributeName=null]
2019-12-06 11:18:40.623 DEBUG 7503 --- [kground-preinit] o.apache.tomcat.util.digester.Digester   :   Fire begin() for SetPropertiesRule[]
2019-12-06 11:18:40.624 DEBUG 7503 --- [kground-preinit] o.apache.tomcat.util.digester.Digester   : [SetPropertiesRule]{mbeans-descriptors/mbean/operation/parameter} Set org.apache.tomcat.util.modeler.ParameterInfo properties
2019-12-06 11:18:40.624 DEBUG 7503 --- [kground-preinit] o.apache.tomcat.util.digester.Digester   : [SetPropertiesRule]{mbeans-descriptors/mbean/operation/parameter} Setting property 'name' to 'address'
2019-12-06 11:18:40.624 DEBUG 7503 --- [kground-preinit] o.apache.tomcat.util.IntrospectionUtils  : IntrospectionUtils: setProperty(class org.apache.tomcat.util.modeler.ParameterInfo name=address)
2019-12-06 11:18:40.624 DEBUG 7503 --- [kground-preinit] o.apache.tomcat.util.digester.Digester   : [SetPropertiesRule]{mbeans-descriptors/mbean/operation/parameter} Setting property 'description' to 'The IP address on which to bind'
2019-12-06 11:18:40.624 DEBUG 7503 --- [kground-preinit] o.apache.tomcat.util.IntrospectionUtils  : IntrospectionUtils: setProperty(class org.apache.tomcat.util.modeler.ParameterInfo description=The IP address on which to bind)
2019-12-06 11:18:40.625 DEBUG 7503 --- [kground-preinit] o.apache.tomcat.util.digester.Digester   : [SetPropertiesRule]{mbeans-descriptors/mbean/operation/parameter} Setting property 'type' to 'java.lang.String'
2019-12-06 11:18:40.625 DEBUG 7503 --- [kground-preinit] o.apache.tomcat.util.IntrospectionUtils  : IntrospectionUtils: setProperty(class org.apache.tomcat.util.modeler.ParameterInfo type=java.lang.String)
2019-12-06 11:18:40.625 DEBUG 7503 --- [    Test worker] o.s.b.c.c.ConfigFileApplicationListener  : Loaded config file 'file:/Users/govlmo91/IdeaProjects/jojoldubook/build/resources/main/application.properties' (classpath:/application.properties)
2019-12-06 11:18:40.625 DEBUG 7503 --- [kground-preinit] o.apache.tomcat.util.digester.Digester   :   Fire begin() for SetNextRule[methodName=addParameter, paramType=org.apache.tomcat.util.modeler.ParameterInfo]
2019-12-06 11:18:40.625 DEBUG 7503 --- [kground-preinit] o.a.tomcat.util.digester.Digester.sax    : endElement(,,parameter)
2019-12-06 11:18:40.626 DEBUG 7503 --- [kground-preinit] o.apache.tomcat.util.digester.Digester   :   match='mbeans-descriptors/mbean/operation/parameter'
2019-12-06 11:18:40.626 DEBUG 7503 --- [    Test worker] o.s.w.c.s.GenericWebApplicationContext   : Refreshing org.springframework.web.context.support.GenericWebApplicationContext@65537d1c
2019-12-06 11:18:40.626 DEBUG 7503 --- [kground-preinit] o.apache.tomcat.util.digester.Digester   :   bodyText=''
2019-12-06 11:18:40.626 DEBUG 7503 --- [kground-preinit] o.apache.tomcat.util.digester.Digester   :   Fire body() for ObjectCreateRule[className=org.apache.tomcat.util.modeler.ParameterInfo, attributeName=null]
2019-12-06 11:18:40.626 DEBUG 7503 --- [kground-preinit] o.apache.tomcat.util.digester.Digester   :   Fire body() for SetPropertiesRule[]
2019-12-06 11:18:40.626 DEBUG 7503 --- [kground-preinit] o.apache.tomcat.util.digester.Digester   :   Fire body() for SetNextRule[methodName=addParameter, paramType=org.apache.tomcat.util.modeler.ParameterInfo]
2019-12-06 11:18:40.629 DEBUG 7503 --- [kground-preinit] o.apache.tomcat.util.digester.Digester   :   Fire end() for SetNextRule[methodName=addParameter, paramType=org.apache.tomcat.util.modeler.ParameterInfo]
2019-12-06 11:18:40.629 DEBUG 7503 --- [kground-preinit] o.apache.tomcat.util.digester.Digester   : [SetNextRule]{mbeans-descriptors/mbean/operation/parameter} Call org.apache.tomcat.util.modeler.OperationInfo.addParameter(org.apache.tomcat.util.modeler.ParameterInfo@119ccd2e)
2019-12-06 11:18:40.629 DEBUG 7503 --- [kground-preinit] o.apache.tomcat.util.IntrospectionUtils  : IntrospectionUtils: callMethod1 org.apache.tomcat.util.modeler.OperationInfo org.apache.tomcat.util.modeler.ParameterInfo org.apache.tomcat.util.modeler.ParameterInfo
2019-12-06 11:18:40.630 DEBUG 7503 --- [kground-preinit] o.apache.tomcat.util.digester.Digester   :   Fire end() for SetPropertiesRule[]
2019-12-06 11:18:40.630 DEBUG 7503 --- [kground-preinit] o.apache.tomcat.util.digester.Digester   :   Fire end() for ObjectCreateRule[className=org.apache.tomcat.util.modeler.ParameterInfo, attributeName=null]
2019-12-06 11:18:40.630 DEBUG 7503 --- [kground-preinit] o.apache.tomcat.util.digester.Digester   : [ObjectCreateRule]{mbeans-descriptors/mbean/operation/parameter} Pop org.apache.tomcat.util.modeler.ParameterInfo
2019-12-06 11:18:40.630 DEBUG 7503 --- [kground-preinit] o.a.tomcat.util.digester.Digester.sax    : characters(
      )
2019-12-06 11:18:40.630 DEBUG 7503 --- [kground-preinit] o.a.tomcat.util.digester.Digester.sax    : startElement(,,parameter)
2019-12-06 11:18:40.631 DEBUG 7503 --- [kground-preinit] o.apache.tomcat.util.digester.Digester   :   New match='mbeans-descriptors/mbean/operation/parameter'
2019-12-06 11:18:40.631 DEBUG 7503 --- [kground-preinit] o.apache.tomcat.util.digester.Digester   :   Fire begin() for ObjectCreateRule[className=org.apache.tomcat.util.modeler.ParameterInfo, attributeName=null]
2019-12-06 11:18:40.631 DEBUG 7503 --- [kground-preinit] o.apache.tomcat.util.digester.Digester   :   Fire begin() for SetPropertiesRule[]
2019-12-06 11:18:40.631 DEBUG 7503 --- [kground-preinit] o.apache.tomcat.util.digester.Digester   : [SetPropertiesRule]{mbeans-descriptors/mbean/operation/parameter} Set org.apache.tomcat.util.modeler.ParameterInfo properties
2019-12-06 11:18:40.631 DEBUG 7503 --- [kground-preinit] o.apache.tomcat.util.digester.Digester   : [SetPropertiesRule]{mbeans-descriptors/mbean/operation/parameter} Setting property 'name' to 'port'
2019-12-06 11:18:40.631 DEBUG 7503 --- [kground-preinit] o.apache.tomcat.util.IntrospectionUtils  : IntrospectionUtils: setProperty(class org.apache.tomcat.util.modeler.ParameterInfo name=port)
2019-12-06 11:18:40.632 DEBUG 7503 --- [kground-preinit] o.apache.tomcat.util.digester.Digester   : [SetPropertiesRule]{mbeans-descriptors/mbean/operation/parameter} Setting property 'description' to 'TCP port number to listen on'
2019-12-06 11:18:40.632 DEBUG 7503 --- [kground-preinit] o.apache.tomcat.util.IntrospectionUtils  : IntrospectionUtils: setProperty(class org.apache.tomcat.util.modeler.ParameterInfo description=TCP port number to listen on)
2019-12-06 11:18:40.632 DEBUG 7503 --- [kground-preinit] o.apache.tomcat.util.digester.Digester   : [SetPropertiesRule]{mbeans-descriptors/mbean/operation/parameter} Setting property 'type' to 'int'
2019-12-06 11:18:40.632 DEBUG 7503 --- [kground-preinit] o.apache.tomcat.util.IntrospectionUtils  : IntrospectionUtils: setProperty(class org.apache.tomcat.util.modeler.ParameterInfo type=int)
2019-12-06 11:18:40.632 DEBUG 7503 --- [kground-preinit] o.apache.tomcat.util.digester.Digester   :   Fire begin() for SetNextRule[methodName=addParameter, paramType=org.apache.tomcat.util.modeler.ParameterInfo]
2019-12-06 11:18:40.632 DEBUG 7503 --- [kground-preinit] o.a.tomcat.util.digester.Digester.sax    : endElement(,,parameter)
2019-12-06 11:18:40.633 DEBUG 7503 --- [kground-preinit] o.apache.tomcat.util.digester.Digester   :   match='mbeans-descriptors/mbean/operation/parameter'
2019-12-06 11:18:40.633 DEBUG 7503 --- [kground-preinit] o.apache.tomcat.util.digester.Digester   :   bodyText=''
2019-12-06 11:18:40.633 DEBUG 7503 --- [kground-preinit] o.apache.tomcat.util.digester.Digester   :   Fire body() for ObjectCreateRule[className=org.apache.tomcat.util.modeler.ParameterInfo, attributeName=null]
2019-12-06 11:18:40.633 DEBUG 7503 --- [kground-preinit] o.apache.tomcat.util.digester.Digester   :   Fire body() for SetPropertiesRule[]
2019-12-06 11:18:40.633 DEBUG 7503 --- [kground-preinit] o.apache.tomcat.util.digester.Digester   :   Fire body() for SetNextRule[methodName=addParameter, paramType=org.apache.tomcat.util.modeler.ParameterInfo]
2019-12-06 11:18:40.633 DEBUG 7503 --- [kground-preinit] o.apache.tomcat.util.digester.Digester   :   Fire end() for SetNextRule[methodName=addParameter, paramType=org.apache.tomcat.util.modeler.ParameterInfo]
2019-12-06 11:18:40.633 DEBUG 7503 --- [kground-preinit] o.apache.tomcat.util.digester.Digester   : [SetNextRule]{mbeans-descriptors/mbean/operation/parameter} Call org.apache.tomcat.util.modeler.OperationInfo.addParameter(org.apache.tomcat.util.modeler.ParameterInfo@2bb31ed9)
2019-12-06 11:18:40.633 DEBUG 7503 --- [kground-preinit] o.apache.tomcat.util.IntrospectionUtils  : IntrospectionUtils: callMethod1 org.apache.tomcat.util.modeler.OperationInfo org.apache.tomcat.util.modeler.ParameterInfo org.apache.tomcat.util.modeler.ParameterInfo
2019-12-06 11:18:40.633 DEBUG 7503 --- [kground-preinit] o.apache.tomcat.util.digester.Digester   :   Fire end() for SetPropertiesRule[]
2019-12-06 11:18:40.634 DEBUG 7503 --- [kground-preinit] o.apache.tomcat.util.digester.Digester   :   Fire end() for ObjectCreateRule[className=org.apache.tomcat.util.modeler.ParameterInfo, attributeName=null]
2019-12-06 11:18:40.634 DEBUG 7503 --- [kground-preinit] o.apache.tomcat.util.digester.Digester   : [ObjectCreateRule]{mbeans-descriptors/mbean/operation/parameter} Pop org.apache.tomcat.util.modeler.ParameterInfo
2019-12-06 11:18:40.634 DEBUG 7503 --- [kground-preinit] o.a.tomcat.util.digester.Digester.sax    : characters(
    )
2019-12-06 11:18:40.634 DEBUG 7503 --- [kground-preinit] o.a.tomcat.util.digester.Digester.sax    : endElement(,,operation)
2019-12-06 11:18:40.634 DEBUG 7503 --- [kground-preinit] o.apache.tomcat.util.digester.Digester   :   match='mbeans-descriptors/mbean/operation'
2019-12-06 11:18:40.635 DEBUG 7503 --- [kground-preinit] o.apache.tomcat.util.digester.Digester   :   bodyText='
      
      
      
    '
2019-12-06 11:18:40.635 DEBUG 7503 --- [kground-preinit] o.apache.tomcat.util.digester.Digester   :   Fire body() for ObjectCreateRule[className=org.apache.tomcat.util.modeler.OperationInfo, attributeName=null]
2019-12-06 11:18:40.635 DEBUG 7503 --- [kground-preinit] o.apache.tomcat.util.digester.Digester   :   Fire body() for SetPropertiesRule[]
2019-12-06 11:18:40.635 DEBUG 7503 --- [kground-preinit] o.apache.tomcat.util.digester.Digester   :   Fire body() for SetNextRule[methodName=addOperation, paramType=org.apache.tomcat.util.modeler.OperationInfo]
2019-12-06 11:18:40.635 DEBUG 7503 --- [kground-preinit] o.apache.tomcat.util.digester.Digester   :   Fire end() for SetNextRule[methodName=addOperation, paramType=org.apache.tomcat.util.modeler.OperationInfo]
2019-12-06 11:18:40.635 DEBUG 7503 --- [kground-preinit] o.apache.tomcat.util.digester.Digester   : [SetNextRule]{mbeans-descriptors/mbean/operation} Call org.apache.tomcat.util.modeler.ManagedBean.addOperation(org.apache.tomcat.util.modeler.OperationInfo@2c25774e)
2019-12-06 11:18:40.636 DEBUG 7503 --- [kground-preinit] o.apache.tomcat.util.IntrospectionUtils  : IntrospectionUtils: callMethod1 org.apache.tomcat.util.modeler.ManagedBean org.apache.tomcat.util.modeler.OperationInfo org.apache.tomcat.util.modeler.OperationInfo
2019-12-06 11:18:40.637 DEBUG 7503 --- [kground-preinit] o.apache.tomcat.util.digester.Digester   :   Fire end() for SetPropertiesRule[]
2019-12-06 11:18:40.637 DEBUG 7503 --- [kground-preinit] o.apache.tomcat.util.digester.Digester   :   Fire end() for ObjectCreateRule[className=org.apache.tomcat.util.modeler.OperationInfo, attributeName=null]
2019-12-06 11:18:40.637 DEBUG 7503 --- [kground-preinit] o.apache.tomcat.util.digester.Digester   : [ObjectCreateRule]{mbeans-descriptors/mbean/operation} Pop org.apache.tomcat.util.modeler.OperationInfo
2019-12-06 11:18:40.637 DEBUG 7503 --- [kground-preinit] o.a.tomcat.util.digester.Digester.sax    : characters(

    )
2019-12-06 11:18:40.637 DEBUG 7503 --- [kground-preinit] o.a.tomcat.util.digester.Digester.sax    : startElement(,,operation)
2019-12-06 11:18:40.637 DEBUG 7503 --- [kground-preinit] o.apache.tomcat.util.digester.Digester   :   New match='mbeans-descriptors/mbean/operation'
2019-12-06 11:18:40.638 DEBUG 7503 --- [kground-preinit] o.apache.tomcat.util.digester.Digester   :   Fire begin() for ObjectCreateRule[className=org.apache.tomcat.util.modeler.OperationInfo, attributeName=null]
2019-12-06 11:18:40.638 DEBUG 7503 --- [kground-preinit] o.apache.tomcat.util.digester.Digester   :   Fire begin() for SetPropertiesRule[]
2019-12-06 11:18:40.638 DEBUG 7503 --- [kground-preinit] o.apache.tomcat.util.digester.Digester   : [SetPropertiesRule]{mbeans-descriptors/mbean/operation} Set org.apache.tomcat.util.modeler.OperationInfo properties
2019-12-06 11:18:40.638 DEBUG 7503 --- [kground-preinit] o.apache.tomcat.util.digester.Digester   : [SetPropertiesRule]{mbeans-descriptors/mbean/operation} Setting property 'name' to 'createDataSourceRealm'
2019-12-06 11:18:40.638 DEBUG 7503 --- [kground-preinit] o.apache.tomcat.util.IntrospectionUtils  : IntrospectionUtils: setProperty(class org.apache.tomcat.util.modeler.OperationInfo name=createDataSourceRealm)
2019-12-06 11:18:40.638 DEBUG 7503 --- [kground-preinit] o.apache.tomcat.util.digester.Digester   : [SetPropertiesRule]{mbeans-descriptors/mbean/operation} Setting property 'description' to 'Create a new DataSource Realm'
2019-12-06 11:18:40.638 DEBUG 7503 --- [kground-preinit] o.apache.tomcat.util.IntrospectionUtils  : IntrospectionUtils: setProperty(class org.apache.tomcat.util.modeler.OperationInfo description=Create a new DataSource Realm)
2019-12-06 11:18:40.638 DEBUG 7503 --- [kground-preinit] o.apache.tomcat.util.digester.Digester   : [SetPropertiesRule]{mbeans-descriptors/mbean/operation} Setting property 'impact' to 'ACTION'
2019-12-06 11:18:40.639 DEBUG 7503 --- [kground-preinit] o.apache.tomcat.util.IntrospectionUtils  : IntrospectionUtils: setProperty(class org.apache.tomcat.util.modeler.OperationInfo impact=ACTION)
2019-12-06 11:18:40.639 DEBUG 7503 --- [kground-preinit] o.apache.tomcat.util.digester.Digester   : [SetPropertiesRule]{mbeans-descriptors/mbean/operation} Setting property 'returnType' to 'java.lang.String'
2019-12-06 11:18:40.639 DEBUG 7503 --- [kground-preinit] o.apache.tomcat.util.IntrospectionUtils  : IntrospectionUtils: setProperty(class org.apache.tomcat.util.modeler.OperationInfo returnType=java.lang.String)
2019-12-06 11:18:40.639 DEBUG 7503 --- [kground-preinit] o.apache.tomcat.util.digester.Digester   :   Fire begin() for SetNextRule[methodName=addOperation, paramType=org.apache.tomcat.util.modeler.OperationInfo]
2019-12-06 11:18:40.639 DEBUG 7503 --- [kground-preinit] o.a.tomcat.util.digester.Digester.sax    : characters(
      )
2019-12-06 11:18:40.640 DEBUG 7503 --- [kground-preinit] o.a.tomcat.util.digester.Digester.sax    : startElement(,,parameter)
2019-12-06 11:18:40.640 DEBUG 7503 --- [kground-preinit] o.apache.tomcat.util.digester.Digester   :   New match='mbeans-descriptors/mbean/operation/parameter'
2019-12-06 11:18:40.640 DEBUG 7503 --- [kground-preinit] o.apache.tomcat.util.digester.Digester   :   Fire begin() for ObjectCreateRule[className=org.apache.tomcat.util.modeler.ParameterInfo, attributeName=null]
2019-12-06 11:18:40.640 DEBUG 7503 --- [kground-preinit] o.apache.tomcat.util.digester.Digester   :   Fire begin() for SetPropertiesRule[]
2019-12-06 11:18:40.640 DEBUG 7503 --- [kground-preinit] o.apache.tomcat.util.digester.Digester   : [SetPropertiesRule]{mbeans-descriptors/mbean/operation/parameter} Set org.apache.tomcat.util.modeler.ParameterInfo properties
2019-12-06 11:18:40.640 DEBUG 7503 --- [kground-preinit] o.apache.tomcat.util.digester.Digester   : [SetPropertiesRule]{mbeans-descriptors/mbean/operation/parameter} Setting property 'name' to 'parent'
2019-12-06 11:18:40.640 DEBUG 7503 --- [kground-preinit] o.apache.tomcat.util.IntrospectionUtils  : IntrospectionUtils: setProperty(class org.apache.tomcat.util.modeler.ParameterInfo name=parent)
2019-12-06 11:18:40.641 DEBUG 7503 --- [kground-preinit] o.apache.tomcat.util.digester.Digester   : [SetPropertiesRule]{mbeans-descriptors/mbean/operation/parameter} Setting property 'description' to 'MBean Name of the associated parent component'
2019-12-06 11:18:40.641 DEBUG 7503 --- [kground-preinit] o.apache.tomcat.util.IntrospectionUtils  : IntrospectionUtils: setProperty(class org.apache.tomcat.util.modeler.ParameterInfo description=MBean Name of the associated parent component)
2019-12-06 11:18:40.641 DEBUG 7503 --- [kground-preinit] o.apache.tomcat.util.digester.Digester   : [SetPropertiesRule]{mbeans-descriptors/mbean/operation/parameter} Setting property 'type' to 'java.lang.String'
2019-12-06 11:18:40.641 DEBUG 7503 --- [kground-preinit] o.apache.tomcat.util.IntrospectionUtils  : IntrospectionUtils: setProperty(class org.apache.tomcat.util.modeler.ParameterInfo type=java.lang.String)
2019-12-06 11:18:40.641 DEBUG 7503 --- [kground-preinit] o.apache.tomcat.util.digester.Digester   :   Fire begin() for SetNextRule[methodName=addParameter, paramType=org.apache.tomcat.util.modeler.ParameterInfo]
2019-12-06 11:18:40.641 DEBUG 7503 --- [kground-preinit] o.a.tomcat.util.digester.Digester.sax    : endElement(,,parameter)
2019-12-06 11:18:40.641 DEBUG 7503 --- [kground-preinit] o.apache.tomcat.util.digester.Digester   :   match='mbeans-descriptors/mbean/operation/parameter'
2019-12-06 11:18:40.642 DEBUG 7503 --- [kground-preinit] o.apache.tomcat.util.digester.Digester   :   bodyText=''
2019-12-06 11:18:40.642 DEBUG 7503 --- [kground-preinit] o.apache.tomcat.util.digester.Digester   :   Fire body() for ObjectCreateRule[className=org.apache.tomcat.util.modeler.ParameterInfo, attributeName=null]
2019-12-06 11:18:40.642 DEBUG 7503 --- [kground-preinit] o.apache.tomcat.util.digester.Digester   :   Fire body() for SetPropertiesRule[]
2019-12-06 11:18:40.642 DEBUG 7503 --- [kground-preinit] o.apache.tomcat.util.digester.Digester   :   Fire body() for SetNextRule[methodName=addParameter, paramType=org.apache.tomcat.util.modeler.ParameterInfo]
2019-12-06 11:18:40.642 DEBUG 7503 --- [kground-preinit] o.apache.tomcat.util.digester.Digester   :   Fire end() for SetNextRule[methodName=addParameter, paramType=org.apache.tomcat.util.modeler.ParameterInfo]
2019-12-06 11:18:40.642 DEBUG 7503 --- [kground-preinit] o.apache.tomcat.util.digester.Digester   : [SetNextRule]{mbeans-descriptors/mbean/operation/parameter} Call org.apache.tomcat.util.modeler.OperationInfo.addParameter(org.apache.tomcat.util.modeler.ParameterInfo@2a56b777)
2019-12-06 11:18:40.642 DEBUG 7503 --- [kground-preinit] o.apache.tomcat.util.IntrospectionUtils  : IntrospectionUtils: callMethod1 org.apache.tomcat.util.modeler.OperationInfo org.apache.tomcat.util.modeler.ParameterInfo org.apache.tomcat.util.modeler.ParameterInfo
2019-12-06 11:18:40.643 DEBUG 7503 --- [kground-preinit] o.apache.tomcat.util.digester.Digester   :   Fire end() for SetPropertiesRule[]
2019-12-06 11:18:40.643 DEBUG 7503 --- [kground-preinit] o.apache.tomcat.util.digester.Digester   :   Fire end() for ObjectCreateRule[className=org.apache.tomcat.util.modeler.ParameterInfo, attributeName=null]
2019-12-06 11:18:40.643 DEBUG 7503 --- [kground-preinit] o.apache.tomcat.util.digester.Digester   : [ObjectCreateRule]{mbeans-descriptors/mbean/operation/parameter} Pop org.apache.tomcat.util.modeler.ParameterInfo
2019-12-06 11:18:40.643 DEBUG 7503 --- [kground-preinit] o.a.tomcat.util.digester.Digester.sax    : characters(
      )
2019-12-06 11:18:40.643 DEBUG 7503 --- [kground-preinit] o.a.tomcat.util.digester.Digester.sax    : startElement(,,parameter)
2019-12-06 11:18:40.643 DEBUG 7503 --- [kground-preinit] o.apache.tomcat.util.digester.Digester   :   New match='mbeans-descriptors/mbean/operation/parameter'
2019-12-06 11:18:40.644 DEBUG 7503 --- [kground-preinit] o.apache.tomcat.util.digester.Digester   :   Fire begin() for ObjectCreateRule[className=org.apache.tomcat.util.modeler.ParameterInfo, attributeName=null]
2019-12-06 11:18:40.644 DEBUG 7503 --- [kground-preinit] o.apache.tomcat.util.digester.Digester   :   Fire begin() for SetPropertiesRule[]
2019-12-06 11:18:40.644 DEBUG 7503 --- [kground-preinit] o.apache.tomcat.util.digester.Digester   : [SetPropertiesRule]{mbeans-descriptors/mbean/operation/parameter} Set org.apache.tomcat.util.modeler.ParameterInfo properties
2019-12-06 11:18:40.644 DEBUG 7503 --- [kground-preinit] o.apache.tomcat.util.digester.Digester   : [SetPropertiesRule]{mbeans-descriptors/mbean/operation/parameter} Setting property 'name' to 'dataSourceName'
2019-12-06 11:18:40.644 DEBUG 7503 --- [kground-preinit] o.apache.tomcat.util.IntrospectionUtils  : IntrospectionUtils: setProperty(class org.apache.tomcat.util.modeler.ParameterInfo name=dataSourceName)
2019-12-06 11:18:40.644 DEBUG 7503 --- [kground-preinit] o.apache.tomcat.util.digester.Digester   : [SetPropertiesRule]{mbeans-descriptors/mbean/operation/parameter} Setting property 'description' to 'The JNDI named JDBC DataSource'
2019-12-06 11:18:40.645 DEBUG 7503 --- [kground-preinit] o.apache.tomcat.util.IntrospectionUtils  : IntrospectionUtils: setProperty(class org.apache.tomcat.util.modeler.ParameterInfo description=The JNDI named JDBC DataSource)
2019-12-06 11:18:40.645 DEBUG 7503 --- [kground-preinit] o.apache.tomcat.util.digester.Digester   : [SetPropertiesRule]{mbeans-descriptors/mbean/operation/parameter} Setting property 'type' to 'java.lang.String'
2019-12-06 11:18:40.645 DEBUG 7503 --- [kground-preinit] o.apache.tomcat.util.IntrospectionUtils  : IntrospectionUtils: setProperty(class org.apache.tomcat.util.modeler.ParameterInfo type=java.lang.String)
2019-12-06 11:18:40.645 DEBUG 7503 --- [kground-preinit] o.apache.tomcat.util.digester.Digester   :   Fire begin() for SetNextRule[methodName=addParameter, paramType=org.apache.tomcat.util.modeler.ParameterInfo]
2019-12-06 11:18:40.645 DEBUG 7503 --- [kground-preinit] o.a.tomcat.util.digester.Digester.sax    : endElement(,,parameter)
2019-12-06 11:18:40.645 DEBUG 7503 --- [kground-preinit] o.apache.tomcat.util.digester.Digester   :   match='mbeans-descriptors/mbean/operation/parameter'
2019-12-06 11:18:40.646 DEBUG 7503 --- [kground-preinit] o.apache.tomcat.util.digester.Digester   :   bodyText=''
2019-12-06 11:18:40.646 DEBUG 7503 --- [kground-preinit] o.apache.tomcat.util.digester.Digester   :   Fire body() for ObjectCreateRule[className=org.apache.tomcat.util.modeler.ParameterInfo, attributeName=null]
2019-12-06 11:18:40.646 DEBUG 7503 --- [kground-preinit] o.apache.tomcat.util.digester.Digester   :   Fire body() for SetPropertiesRule[]
2019-12-06 11:18:40.646 DEBUG 7503 --- [kground-preinit] o.apache.tomcat.util.digester.Digester   :   Fire body() for SetNextRule[methodName=addParameter, paramType=org.apache.tomcat.util.modeler.ParameterInfo]
2019-12-06 11:18:40.646 DEBUG 7503 --- [kground-preinit] o.apache.tomcat.util.digester.Digester   :   Fire end() for SetNextRule[methodName=addParameter, paramType=org.apache.tomcat.util.modeler.ParameterInfo]
2019-12-06 11:18:40.646 DEBUG 7503 --- [kground-preinit] o.apache.tomcat.util.digester.Digester   : [SetNextRule]{mbeans-descriptors/mbean/operation/parameter} Call org.apache.tomcat.util.modeler.OperationInfo.addParameter(org.apache.tomcat.util.modeler.ParameterInfo@142d5071)
2019-12-06 11:18:40.647 DEBUG 7503 --- [kground-preinit] o.apache.tomcat.util.IntrospectionUtils  : IntrospectionUtils: callMethod1 org.apache.tomcat.util.modeler.OperationInfo org.apache.tomcat.util.modeler.ParameterInfo org.apache.tomcat.util.modeler.ParameterInfo
2019-12-06 11:18:40.647 DEBUG 7503 --- [kground-preinit] o.apache.tomcat.util.digester.Digester   :   Fire end() for SetPropertiesRule[]
2019-12-06 11:18:40.647 DEBUG 7503 --- [kground-preinit] o.apache.tomcat.util.digester.Digester   :   Fire end() for ObjectCreateRule[className=org.apache.tomcat.util.modeler.ParameterInfo, attributeName=null]
2019-12-06 11:18:40.647 DEBUG 7503 --- [kground-preinit] o.apache.tomcat.util.digester.Digester   : [ObjectCreateRule]{mbeans-descriptors/mbean/operation/parameter} Pop org.apache.tomcat.util.modeler.ParameterInfo
2019-12-06 11:18:40.647 DEBUG 7503 --- [kground-preinit] o.a.tomcat.util.digester.Digester.sax    : characters(
      )
2019-12-06 11:18:40.648 DEBUG 7503 --- [kground-preinit] o.a.tomcat.util.digester.Digester.sax    : startElement(,,parameter)
2019-12-06 11:18:40.648 DEBUG 7503 --- [kground-preinit] o.apache.tomcat.util.digester.Digester   :   New match='mbeans-descriptors/mbean/operation/parameter'
2019-12-06 11:18:40.648 DEBUG 7503 --- [kground-preinit] o.apache.tomcat.util.digester.Digester   :   Fire begin() for ObjectCreateRule[className=org.apache.tomcat.util.modeler.ParameterInfo, attributeName=null]
2019-12-06 11:18:40.648 DEBUG 7503 --- [kground-preinit] o.apache.tomcat.util.digester.Digester   :   Fire begin() for SetPropertiesRule[]
2019-12-06 11:18:40.648 DEBUG 7503 --- [kground-preinit] o.apache.tomcat.util.digester.Digester   : [SetPropertiesRule]{mbeans-descriptors/mbean/operation/parameter} Set org.apache.tomcat.util.modeler.ParameterInfo properties
2019-12-06 11:18:40.649 DEBUG 7503 --- [kground-preinit] o.apache.tomcat.util.digester.Digester   : [SetPropertiesRule]{mbeans-descriptors/mbean/operation/parameter} Setting property 'name' to 'roleNameCol'
2019-12-06 11:18:40.649 DEBUG 7503 --- [kground-preinit] o.apache.tomcat.util.IntrospectionUtils  : IntrospectionUtils: setProperty(class org.apache.tomcat.util.modeler.ParameterInfo name=roleNameCol)
2019-12-06 11:18:40.649 DEBUG 7503 --- [kground-preinit] o.apache.tomcat.util.digester.Digester   : [SetPropertiesRule]{mbeans-descriptors/mbean/operation/parameter} Setting property 'description' to 'The column in the user role table that names a role'
2019-12-06 11:18:40.649 DEBUG 7503 --- [kground-preinit] o.apache.tomcat.util.IntrospectionUtils  : IntrospectionUtils: setProperty(class org.apache.tomcat.util.modeler.ParameterInfo description=The column in the user role table that names a role)
2019-12-06 11:18:40.649 DEBUG 7503 --- [kground-preinit] o.apache.tomcat.util.digester.Digester   : [SetPropertiesRule]{mbeans-descriptors/mbean/operation/parameter} Setting property 'type' to 'java.lang.String'
2019-12-06 11:18:40.649 DEBUG 7503 --- [kground-preinit] o.apache.tomcat.util.IntrospectionUtils  : IntrospectionUtils: setProperty(class org.apache.tomcat.util.modeler.ParameterInfo type=java.lang.String)
2019-12-06 11:18:40.650 DEBUG 7503 --- [kground-preinit] o.apache.tomcat.util.digester.Digester   :   Fire begin() for SetNextRule[methodName=addParameter, paramType=org.apache.tomcat.util.modeler.ParameterInfo]
2019-12-06 11:18:40.650 DEBUG 7503 --- [kground-preinit] o.a.tomcat.util.digester.Digester.sax    : endElement(,,parameter)
2019-12-06 11:18:40.650 DEBUG 7503 --- [kground-preinit] o.apache.tomcat.util.digester.Digester   :   match='mbeans-descriptors/mbean/operation/parameter'
2019-12-06 11:18:40.650 DEBUG 7503 --- [kground-preinit] o.apache.tomcat.util.digester.Digester   :   bodyText=''
2019-12-06 11:18:40.650 DEBUG 7503 --- [kground-preinit] o.apache.tomcat.util.digester.Digester   :   Fire body() for ObjectCreateRule[className=org.apache.tomcat.util.modeler.ParameterInfo, attributeName=null]
2019-12-06 11:18:40.650 DEBUG 7503 --- [kground-preinit] o.apache.tomcat.util.digester.Digester   :   Fire body() for SetPropertiesRule[]
2019-12-06 11:18:40.651 DEBUG 7503 --- [kground-preinit] o.apache.tomcat.util.digester.Digester   :   Fire body() for SetNextRule[methodName=addParameter, paramType=org.apache.tomcat.util.modeler.ParameterInfo]
2019-12-06 11:18:40.651 DEBUG 7503 --- [kground-preinit] o.apache.tomcat.util.digester.Digester   :   Fire end() for SetNextRule[methodName=addParameter, paramType=org.apache.tomcat.util.modeler.ParameterInfo]
2019-12-06 11:18:40.651 DEBUG 7503 --- [kground-preinit] o.apache.tomcat.util.digester.Digester   : [SetNextRule]{mbeans-descriptors/mbean/operation/parameter} Call org.apache.tomcat.util.modeler.OperationInfo.addParameter(org.apache.tomcat.util.modeler.ParameterInfo@4f1c6a69)
2019-12-06 11:18:40.651 DEBUG 7503 --- [    Test worker] o.s.b.f.s.DefaultListableBeanFactory     : Creating shared instance of singleton bean 'org.springframework.context.annotation.internalConfigurationAnnotationProcessor'
2019-12-06 11:18:40.651 DEBUG 7503 --- [kground-preinit] o.apache.tomcat.util.IntrospectionUtils  : IntrospectionUtils: callMethod1 org.apache.tomcat.util.modeler.OperationInfo org.apache.tomcat.util.modeler.ParameterInfo org.apache.tomcat.util.modeler.ParameterInfo
2019-12-06 11:18:40.651 DEBUG 7503 --- [kground-preinit] o.apache.tomcat.util.digester.Digester   :   Fire end() for SetPropertiesRule[]
2019-12-06 11:18:40.652 DEBUG 7503 --- [kground-preinit] o.apache.tomcat.util.digester.Digester   :   Fire end() for ObjectCreateRule[className=org.apache.tomcat.util.modeler.ParameterInfo, attributeName=null]
2019-12-06 11:18:40.652 DEBUG 7503 --- [kground-preinit] o.apache.tomcat.util.digester.Digester   : [ObjectCreateRule]{mbeans-descriptors/mbean/operation/parameter} Pop org.apache.tomcat.util.modeler.ParameterInfo
2019-12-06 11:18:40.652 DEBUG 7503 --- [kground-preinit] o.a.tomcat.util.digester.Digester.sax    : characters(
      )
2019-12-06 11:18:40.652 DEBUG 7503 --- [kground-preinit] o.a.tomcat.util.digester.Digester.sax    : startElement(,,parameter)
2019-12-06 11:18:40.653 DEBUG 7503 --- [kground-preinit] o.apache.tomcat.util.digester.Digester   :   New match='mbeans-descriptors/mbean/operation/parameter'
2019-12-06 11:18:40.653 DEBUG 7503 --- [kground-preinit] o.apache.tomcat.util.digester.Digester   :   Fire begin() for ObjectCreateRule[className=org.apache.tomcat.util.modeler.ParameterInfo, attributeName=null]
2019-12-06 11:18:40.653 DEBUG 7503 --- [kground-preinit] o.apache.tomcat.util.digester.Digester   :   Fire begin() for SetPropertiesRule[]
2019-12-06 11:18:40.653 DEBUG 7503 --- [kground-preinit] o.apache.tomcat.util.digester.Digester   : [SetPropertiesRule]{mbeans-descriptors/mbean/operation/parameter} Set org.apache.tomcat.util.modeler.ParameterInfo properties
2019-12-06 11:18:40.653 DEBUG 7503 --- [kground-preinit] o.apache.tomcat.util.digester.Digester   : [SetPropertiesRule]{mbeans-descriptors/mbean/operation/parameter} Setting property 'name' to 'userCredCol'
2019-12-06 11:18:40.653 DEBUG 7503 --- [kground-preinit] o.apache.tomcat.util.IntrospectionUtils  : IntrospectionUtils: setProperty(class org.apache.tomcat.util.modeler.ParameterInfo name=userCredCol)
2019-12-06 11:18:40.654 DEBUG 7503 --- [kground-preinit] o.apache.tomcat.util.digester.Digester   : [SetPropertiesRule]{mbeans-descriptors/mbean/operation/parameter} Setting property 'description' to 'The column in the user table that holds the user's                         credentials'
2019-12-06 11:18:40.654 DEBUG 7503 --- [kground-preinit] o.apache.tomcat.util.IntrospectionUtils  : IntrospectionUtils: setProperty(class org.apache.tomcat.util.modeler.ParameterInfo description=The column in the user table that holds the user's                         credentials)
2019-12-06 11:18:40.654 DEBUG 7503 --- [kground-preinit] o.apache.tomcat.util.digester.Digester   : [SetPropertiesRule]{mbeans-descriptors/mbean/operation/parameter} Setting property 'type' to 'java.lang.String'
2019-12-06 11:18:40.654 DEBUG 7503 --- [kground-preinit] o.apache.tomcat.util.IntrospectionUtils  : IntrospectionUtils: setProperty(class org.apache.tomcat.util.modeler.ParameterInfo type=java.lang.String)
2019-12-06 11:18:40.654 DEBUG 7503 --- [kground-preinit] o.apache.tomcat.util.digester.Digester   :   Fire begin() for SetNextRule[methodName=addParameter, paramType=org.apache.tomcat.util.modeler.ParameterInfo]
2019-12-06 11:18:40.654 DEBUG 7503 --- [kground-preinit] o.a.tomcat.util.digester.Digester.sax    : endElement(,,parameter)
2019-12-06 11:18:40.654 DEBUG 7503 --- [kground-preinit] o.apache.tomcat.util.digester.Digester   :   match='mbeans-descriptors/mbean/operation/parameter'
2019-12-06 11:18:40.655 DEBUG 7503 --- [kground-preinit] o.apache.tomcat.util.digester.Digester   :   bodyText=''
2019-12-06 11:18:40.655 DEBUG 7503 --- [kground-preinit] o.apache.tomcat.util.digester.Digester   :   Fire body() for ObjectCreateRule[className=org.apache.tomcat.util.modeler.ParameterInfo, attributeName=null]
2019-12-06 11:18:40.655 DEBUG 7503 --- [kground-preinit] o.apache.tomcat.util.digester.Digester   :   Fire body() for SetPropertiesRule[]
2019-12-06 11:18:40.655 DEBUG 7503 --- [kground-preinit] o.apache.tomcat.util.digester.Digester   :   Fire body() for SetNextRule[methodName=addParameter, paramType=org.apache.tomcat.util.modeler.ParameterInfo]
2019-12-06 11:18:40.655 DEBUG 7503 --- [kground-preinit] o.apache.tomcat.util.digester.Digester   :   Fire end() for SetNextRule[methodName=addParameter, paramType=org.apache.tomcat.util.modeler.ParameterInfo]
2019-12-06 11:18:40.655 DEBUG 7503 --- [kground-preinit] o.apache.tomcat.util.digester.Digester   : [SetNextRule]{mbeans-descriptors/mbean/operation/parameter} Call org.apache.tomcat.util.modeler.OperationInfo.addParameter(org.apache.tomcat.util.modeler.ParameterInfo@135a6b9f)
2019-12-06 11:18:40.655 DEBUG 7503 --- [kground-preinit] o.apache.tomcat.util.IntrospectionUtils  : IntrospectionUtils: callMethod1 org.apache.tomcat.util.modeler.OperationInfo org.apache.tomcat.util.modeler.ParameterInfo org.apache.tomcat.util.modeler.ParameterInfo
2019-12-06 11:18:40.656 DEBUG 7503 --- [kground-preinit] o.apache.tomcat.util.digester.Digester   :   Fire end() for SetPropertiesRule[]
2019-12-06 11:18:40.656 DEBUG 7503 --- [kground-preinit] o.apache.tomcat.util.digester.Digester   :   Fire end() for ObjectCreateRule[className=org.apache.tomcat.util.modeler.ParameterInfo, attributeName=null]
2019-12-06 11:18:40.656 DEBUG 7503 --- [kground-preinit] o.apache.tomcat.util.digester.Digester   : [ObjectCreateRule]{mbeans-descriptors/mbean/operation/parameter} Pop org.apache.tomcat.util.modeler.ParameterInfo
2019-12-06 11:18:40.656 DEBUG 7503 --- [kground-preinit] o.a.tomcat.util.digester.Digester.sax    : characters(
      )
2019-12-06 11:18:40.656 DEBUG 7503 --- [kground-preinit] o.a.tomcat.util.digester.Digester.sax    : startElement(,,parameter)
2019-12-06 11:18:40.656 DEBUG 7503 --- [kground-preinit] o.apache.tomcat.util.digester.Digester   :   New match='mbeans-descriptors/mbean/operation/parameter'
2019-12-06 11:18:40.657 DEBUG 7503 --- [kground-preinit] o.apache.tomcat.util.digester.Digester   :   Fire begin() for ObjectCreateRule[className=org.apache.tomcat.util.modeler.ParameterInfo, attributeName=null]
2019-12-06 11:18:40.657 DEBUG 7503 --- [kground-preinit] o.apache.tomcat.util.digester.Digester   :   Fire begin() for SetPropertiesRule[]
2019-12-06 11:18:40.657 DEBUG 7503 --- [kground-preinit] o.apache.tomcat.util.digester.Digester   : [SetPropertiesRule]{mbeans-descriptors/mbean/operation/parameter} Set org.apache.tomcat.util.modeler.ParameterInfo properties
2019-12-06 11:18:40.657 DEBUG 7503 --- [kground-preinit] o.apache.tomcat.util.digester.Digester   : [SetPropertiesRule]{mbeans-descriptors/mbean/operation/parameter} Setting property 'name' to 'userNameCol'
2019-12-06 11:18:40.657 DEBUG 7503 --- [kground-preinit] o.apache.tomcat.util.IntrospectionUtils  : IntrospectionUtils: setProperty(class org.apache.tomcat.util.modeler.ParameterInfo name=userNameCol)
2019-12-06 11:18:40.657 DEBUG 7503 --- [kground-preinit] o.apache.tomcat.util.digester.Digester   : [SetPropertiesRule]{mbeans-descriptors/mbean/operation/parameter} Setting property 'description' to 'The column in the user table that holds the user's                         username'
2019-12-06 11:18:40.657 DEBUG 7503 --- [kground-preinit] o.apache.tomcat.util.IntrospectionUtils  : IntrospectionUtils: setProperty(class org.apache.tomcat.util.modeler.ParameterInfo description=The column in the user table that holds the user's                         username)
2019-12-06 11:18:40.657 DEBUG 7503 --- [kground-preinit] o.apache.tomcat.util.digester.Digester   : [SetPropertiesRule]{mbeans-descriptors/mbean/operation/parameter} Setting property 'type' to 'java.lang.String'
2019-12-06 11:18:40.658 DEBUG 7503 --- [kground-preinit] o.apache.tomcat.util.IntrospectionUtils  : IntrospectionUtils: setProperty(class org.apache.tomcat.util.modeler.ParameterInfo type=java.lang.String)
2019-12-06 11:18:40.658 DEBUG 7503 --- [kground-preinit] o.apache.tomcat.util.digester.Digester   :   Fire begin() for SetNextRule[methodName=addParameter, paramType=org.apache.tomcat.util.modeler.ParameterInfo]
2019-12-06 11:18:40.658 DEBUG 7503 --- [kground-preinit] o.a.tomcat.util.digester.Digester.sax    : endElement(,,parameter)
2019-12-06 11:18:40.658 DEBUG 7503 --- [kground-preinit] o.apache.tomcat.util.digester.Digester   :   match='mbeans-descriptors/mbean/operation/parameter'
2019-12-06 11:18:40.658 DEBUG 7503 --- [kground-preinit] o.apache.tomcat.util.digester.Digester   :   bodyText=''
2019-12-06 11:18:40.658 DEBUG 7503 --- [kground-preinit] o.apache.tomcat.util.digester.Digester   :   Fire body() for ObjectCreateRule[className=org.apache.tomcat.util.modeler.ParameterInfo, attributeName=null]
2019-12-06 11:18:40.658 DEBUG 7503 --- [kground-preinit] o.apache.tomcat.util.digester.Digester   :   Fire body() for SetPropertiesRule[]
2019-12-06 11:18:40.659 DEBUG 7503 --- [kground-preinit] o.apache.tomcat.util.digester.Digester   :   Fire body() for SetNextRule[methodName=addParameter, paramType=org.apache.tomcat.util.modeler.ParameterInfo]
2019-12-06 11:18:40.659 DEBUG 7503 --- [kground-preinit] o.apache.tomcat.util.digester.Digester   :   Fire end() for SetNextRule[methodName=addParameter, paramType=org.apache.tomcat.util.modeler.ParameterInfo]
2019-12-06 11:18:40.659 DEBUG 7503 --- [kground-preinit] o.apache.tomcat.util.digester.Digester   : [SetNextRule]{mbeans-descriptors/mbean/operation/parameter} Call org.apache.tomcat.util.modeler.OperationInfo.addParameter(org.apache.tomcat.util.modeler.ParameterInfo@c288b8c)
2019-12-06 11:18:40.659 DEBUG 7503 --- [kground-preinit] o.apache.tomcat.util.IntrospectionUtils  : IntrospectionUtils: callMethod1 org.apache.tomcat.util.modeler.OperationInfo org.apache.tomcat.util.modeler.ParameterInfo org.apache.tomcat.util.modeler.ParameterInfo
2019-12-06 11:18:40.659 DEBUG 7503 --- [kground-preinit] o.apache.tomcat.util.digester.Digester   :   Fire end() for SetPropertiesRule[]
2019-12-06 11:18:40.659 DEBUG 7503 --- [kground-preinit] o.apache.tomcat.util.digester.Digester   :   Fire end() for ObjectCreateRule[className=org.apache.tomcat.util.modeler.ParameterInfo, attributeName=null]
2019-12-06 11:18:40.659 DEBUG 7503 --- [kground-preinit] o.apache.tomcat.util.digester.Digester   : [ObjectCreateRule]{mbeans-descriptors/mbean/operation/parameter} Pop org.apache.tomcat.util.modeler.ParameterInfo
2019-12-06 11:18:40.660 DEBUG 7503 --- [kground-preinit] o.a.tomcat.util.digester.Digester.sax    : characters(
      )
2019-12-06 11:18:40.660 DEBUG 7503 --- [kground-preinit] o.a.tomcat.util.digester.Digester.sax    : startElement(,,parameter)
2019-12-06 11:18:40.660 DEBUG 7503 --- [kground-preinit] o.apache.tomcat.util.digester.Digester   :   New match='mbeans-descriptors/mbean/operation/parameter'
2019-12-06 11:18:40.660 DEBUG 7503 --- [kground-preinit] o.apache.tomcat.util.digester.Digester   :   Fire begin() for ObjectCreateRule[className=org.apache.tomcat.util.modeler.ParameterInfo, attributeName=null]
2019-12-06 11:18:40.660 DEBUG 7503 --- [kground-preinit] o.apache.tomcat.util.digester.Digester   :   Fire begin() for SetPropertiesRule[]
2019-12-06 11:18:40.660 DEBUG 7503 --- [kground-preinit] o.apache.tomcat.util.digester.Digester   : [SetPropertiesRule]{mbeans-descriptors/mbean/operation/parameter} Set org.apache.tomcat.util.modeler.ParameterInfo properties
2019-12-06 11:18:40.661 DEBUG 7503 --- [kground-preinit] o.apache.tomcat.util.digester.Digester   : [SetPropertiesRule]{mbeans-descriptors/mbean/operation/parameter} Setting property 'name' to 'userRoleTable'
2019-12-06 11:18:40.661 DEBUG 7503 --- [kground-preinit] o.apache.tomcat.util.IntrospectionUtils  : IntrospectionUtils: setProperty(class org.apache.tomcat.util.modeler.ParameterInfo name=userRoleTable)
2019-12-06 11:18:40.661 DEBUG 7503 --- [kground-preinit] o.apache.tomcat.util.digester.Digester   : [SetPropertiesRule]{mbeans-descriptors/mbean/operation/parameter} Setting property 'description' to 'The table that holds the relation between user's and                         roles'
2019-12-06 11:18:40.661 DEBUG 7503 --- [kground-preinit] o.apache.tomcat.util.IntrospectionUtils  : IntrospectionUtils: setProperty(class org.apache.tomcat.util.modeler.ParameterInfo description=The table that holds the relation between user's and                         roles)
2019-12-06 11:18:40.661 DEBUG 7503 --- [kground-preinit] o.apache.tomcat.util.digester.Digester   : [SetPropertiesRule]{mbeans-descriptors/mbean/operation/parameter} Setting property 'type' to 'java.lang.String'
2019-12-06 11:18:40.661 DEBUG 7503 --- [kground-preinit] o.apache.tomcat.util.IntrospectionUtils  : IntrospectionUtils: setProperty(class org.apache.tomcat.util.modeler.ParameterInfo type=java.lang.String)
2019-12-06 11:18:40.662 DEBUG 7503 --- [kground-preinit] o.apache.tomcat.util.digester.Digester   :   Fire begin() for SetNextRule[methodName=addParameter, paramType=org.apache.tomcat.util.modeler.ParameterInfo]
2019-12-06 11:18:40.662 DEBUG 7503 --- [kground-preinit] o.a.tomcat.util.digester.Digester.sax    : endElement(,,parameter)
2019-12-06 11:18:40.662 DEBUG 7503 --- [kground-preinit] o.apache.tomcat.util.digester.Digester   :   match='mbeans-descriptors/mbean/operation/parameter'
2019-12-06 11:18:40.662 DEBUG 7503 --- [kground-preinit] o.apache.tomcat.util.digester.Digester   :   bodyText=''
2019-12-06 11:18:40.662 DEBUG 7503 --- [kground-preinit] o.apache.tomcat.util.digester.Digester   :   Fire body() for ObjectCreateRule[className=org.apache.tomcat.util.modeler.ParameterInfo, attributeName=null]
2019-12-06 11:18:40.662 DEBUG 7503 --- [kground-preinit] o.apache.tomcat.util.digester.Digester   :   Fire body() for SetPropertiesRule[]
2019-12-06 11:18:40.662 DEBUG 7503 --- [kground-preinit] o.apache.tomcat.util.digester.Digester   :   Fire body() for SetNextRule[methodName=addParameter, paramType=org.apache.tomcat.util.modeler.ParameterInfo]
2019-12-06 11:18:40.663 DEBUG 7503 --- [kground-preinit] o.apache.tomcat.util.digester.Digester   :   Fire end() for SetNextRule[methodName=addParameter, paramType=org.apache.tomcat.util.modeler.ParameterInfo]
2019-12-06 11:18:40.663 DEBUG 7503 --- [kground-preinit] o.apache.tomcat.util.digester.Digester   : [SetNextRule]{mbeans-descriptors/mbean/operation/parameter} Call org.apache.tomcat.util.modeler.OperationInfo.addParameter(org.apache.tomcat.util.modeler.ParameterInfo@72f8eca0)
2019-12-06 11:18:40.663 DEBUG 7503 --- [kground-preinit] o.apache.tomcat.util.IntrospectionUtils  : IntrospectionUtils: callMethod1 org.apache.tomcat.util.modeler.OperationInfo org.apache.tomcat.util.modeler.ParameterInfo org.apache.tomcat.util.modeler.ParameterInfo
2019-12-06 11:18:40.663 DEBUG 7503 --- [kground-preinit] o.apache.tomcat.util.digester.Digester   :   Fire end() for SetPropertiesRule[]
2019-12-06 11:18:40.663 DEBUG 7503 --- [kground-preinit] o.apache.tomcat.util.digester.Digester   :   Fire end() for ObjectCreateRule[className=org.apache.tomcat.util.modeler.ParameterInfo, attributeName=null]
2019-12-06 11:18:40.663 DEBUG 7503 --- [kground-preinit] o.apache.tomcat.util.digester.Digester   : [ObjectCreateRule]{mbeans-descriptors/mbean/operation/parameter} Pop org.apache.tomcat.util.modeler.ParameterInfo
2019-12-06 11:18:40.663 DEBUG 7503 --- [kground-preinit] o.a.tomcat.util.digester.Digester.sax    : characters(
      )
2019-12-06 11:18:40.663 DEBUG 7503 --- [kground-preinit] o.a.tomcat.util.digester.Digester.sax    : startElement(,,parameter)
2019-12-06 11:18:40.664 DEBUG 7503 --- [kground-preinit] o.apache.tomcat.util.digester.Digester   :   New match='mbeans-descriptors/mbean/operation/parameter'
2019-12-06 11:18:40.664 DEBUG 7503 --- [kground-preinit] o.apache.tomcat.util.digester.Digester   :   Fire begin() for ObjectCreateRule[className=org.apache.tomcat.util.modeler.ParameterInfo, attributeName=null]
2019-12-06 11:18:40.664 DEBUG 7503 --- [kground-preinit] o.apache.tomcat.util.digester.Digester   :   Fire begin() for SetPropertiesRule[]
2019-12-06 11:18:40.664 DEBUG 7503 --- [kground-preinit] o.apache.tomcat.util.digester.Digester   : [SetPropertiesRule]{mbeans-descriptors/mbean/operation/parameter} Set org.apache.tomcat.util.modeler.ParameterInfo properties
2019-12-06 11:18:40.664 DEBUG 7503 --- [kground-preinit] o.apache.tomcat.util.digester.Digester   : [SetPropertiesRule]{mbeans-descriptors/mbean/operation/parameter} Setting property 'name' to 'userTable'
2019-12-06 11:18:40.664 DEBUG 7503 --- [kground-preinit] o.apache.tomcat.util.IntrospectionUtils  : IntrospectionUtils: setProperty(class org.apache.tomcat.util.modeler.ParameterInfo name=userTable)
2019-12-06 11:18:40.664 DEBUG 7503 --- [kground-preinit] o.apache.tomcat.util.digester.Digester   : [SetPropertiesRule]{mbeans-descriptors/mbean/operation/parameter} Setting property 'description' to 'The table that holds user data'
2019-12-06 11:18:40.664 DEBUG 7503 --- [kground-preinit] o.apache.tomcat.util.IntrospectionUtils  : IntrospectionUtils: setProperty(class org.apache.tomcat.util.modeler.ParameterInfo description=The table that holds user data)
2019-12-06 11:18:40.665 DEBUG 7503 --- [kground-preinit] o.apache.tomcat.util.digester.Digester   : [SetPropertiesRule]{mbeans-descriptors/mbean/operation/parameter} Setting property 'type' to 'java.lang.String'
2019-12-06 11:18:40.665 DEBUG 7503 --- [kground-preinit] o.apache.tomcat.util.IntrospectionUtils  : IntrospectionUtils: setProperty(class org.apache.tomcat.util.modeler.ParameterInfo type=java.lang.String)
2019-12-06 11:18:40.665 DEBUG 7503 --- [kground-preinit] o.apache.tomcat.util.digester.Digester   :   Fire begin() for SetNextRule[methodName=addParameter, paramType=org.apache.tomcat.util.modeler.ParameterInfo]
2019-12-06 11:18:40.665 DEBUG 7503 --- [kground-preinit] o.a.tomcat.util.digester.Digester.sax    : endElement(,,parameter)
2019-12-06 11:18:40.665 DEBUG 7503 --- [kground-preinit] o.apache.tomcat.util.digester.Digester   :   match='mbeans-descriptors/mbean/operation/parameter'
2019-12-06 11:18:40.665 DEBUG 7503 --- [kground-preinit] o.apache.tomcat.util.digester.Digester   :   bodyText=''
2019-12-06 11:18:40.666 DEBUG 7503 --- [kground-preinit] o.apache.tomcat.util.digester.Digester   :   Fire body() for ObjectCreateRule[className=org.apache.tomcat.util.modeler.ParameterInfo, attributeName=null]
2019-12-06 11:18:40.666 DEBUG 7503 --- [kground-preinit] o.apache.tomcat.util.digester.Digester   :   Fire body() for SetPropertiesRule[]
2019-12-06 11:18:40.666 DEBUG 7503 --- [kground-preinit] o.apache.tomcat.util.digester.Digester   :   Fire body() for SetNextRule[methodName=addParameter, paramType=org.apache.tomcat.util.modeler.ParameterInfo]
2019-12-06 11:18:40.666 DEBUG 7503 --- [kground-preinit] o.apache.tomcat.util.digester.Digester   :   Fire end() for SetNextRule[methodName=addParameter, paramType=org.apache.tomcat.util.modeler.ParameterInfo]
2019-12-06 11:18:40.666 DEBUG 7503 --- [kground-preinit] o.apache.tomcat.util.digester.Digester   : [SetNextRule]{mbeans-descriptors/mbean/operation/parameter} Call org.apache.tomcat.util.modeler.OperationInfo.addParameter(org.apache.tomcat.util.modeler.ParameterInfo@5e9b9fb4)
2019-12-06 11:18:40.666 DEBUG 7503 --- [kground-preinit] o.apache.tomcat.util.IntrospectionUtils  : IntrospectionUtils: callMethod1 org.apache.tomcat.util.modeler.OperationInfo org.apache.tomcat.util.modeler.ParameterInfo org.apache.tomcat.util.modeler.ParameterInfo
2019-12-06 11:18:40.666 DEBUG 7503 --- [kground-preinit] o.apache.tomcat.util.digester.Digester   :   Fire end() for SetPropertiesRule[]
2019-12-06 11:18:40.667 DEBUG 7503 --- [kground-preinit] o.apache.tomcat.util.digester.Digester   :   Fire end() for ObjectCreateRule[className=org.apache.tomcat.util.modeler.ParameterInfo, attributeName=null]
2019-12-06 11:18:40.667 DEBUG 7503 --- [kground-preinit] o.apache.tomcat.util.digester.Digester   : [ObjectCreateRule]{mbeans-descriptors/mbean/operation/parameter} Pop org.apache.tomcat.util.modeler.ParameterInfo
2019-12-06 11:18:40.667 DEBUG 7503 --- [kground-preinit] o.a.tomcat.util.digester.Digester.sax    : characters(
    )
2019-12-06 11:18:40.667 DEBUG 7503 --- [kground-preinit] o.a.tomcat.util.digester.Digester.sax    : endElement(,,operation)
2019-12-06 11:18:40.667 DEBUG 7503 --- [kground-preinit] o.apache.tomcat.util.digester.Digester   :   match='mbeans-descriptors/mbean/operation'
2019-12-06 11:18:40.667 DEBUG 7503 --- [kground-preinit] o.apache.tomcat.util.digester.Digester   :   bodyText='
      
      
      
      
      
      
      
    '
2019-12-06 11:18:40.668 DEBUG 7503 --- [kground-preinit] o.apache.tomcat.util.digester.Digester   :   Fire body() for ObjectCreateRule[className=org.apache.tomcat.util.modeler.OperationInfo, attributeName=null]
2019-12-06 11:18:40.668 DEBUG 7503 --- [kground-preinit] o.apache.tomcat.util.digester.Digester   :   Fire body() for SetPropertiesRule[]
2019-12-06 11:18:40.668 DEBUG 7503 --- [kground-preinit] o.apache.tomcat.util.digester.Digester   :   Fire body() for SetNextRule[methodName=addOperation, paramType=org.apache.tomcat.util.modeler.OperationInfo]
2019-12-06 11:18:40.668 DEBUG 7503 --- [kground-preinit] o.apache.tomcat.util.digester.Digester   :   Fire end() for SetNextRule[methodName=addOperation, paramType=org.apache.tomcat.util.modeler.OperationInfo]
2019-12-06 11:18:40.668 DEBUG 7503 --- [kground-preinit] o.apache.tomcat.util.digester.Digester   : [SetNextRule]{mbeans-descriptors/mbean/operation} Call org.apache.tomcat.util.modeler.ManagedBean.addOperation(org.apache.tomcat.util.modeler.OperationInfo@1e5d116b)
2019-12-06 11:18:40.668 DEBUG 7503 --- [kground-preinit] o.apache.tomcat.util.IntrospectionUtils  : IntrospectionUtils: callMethod1 org.apache.tomcat.util.modeler.ManagedBean org.apache.tomcat.util.modeler.OperationInfo org.apache.tomcat.util.modeler.OperationInfo
2019-12-06 11:18:40.669 DEBUG 7503 --- [kground-preinit] o.apache.tomcat.util.digester.Digester   :   Fire end() for SetPropertiesRule[]
2019-12-06 11:18:40.669 DEBUG 7503 --- [kground-preinit] o.apache.tomcat.util.digester.Digester   :   Fire end() for ObjectCreateRule[className=org.apache.tomcat.util.modeler.OperationInfo, attributeName=null]
2019-12-06 11:18:40.669 DEBUG 7503 --- [kground-preinit] o.apache.tomcat.util.digester.Digester   : [ObjectCreateRule]{mbeans-descriptors/mbean/operation} Pop org.apache.tomcat.util.modeler.OperationInfo
2019-12-06 11:18:40.669 DEBUG 7503 --- [kground-preinit] o.a.tomcat.util.digester.Digester.sax    : characters(

    )
2019-12-06 11:18:40.669 DEBUG 7503 --- [kground-preinit] o.a.tomcat.util.digester.Digester.sax    : startElement(,,operation)
2019-12-06 11:18:40.669 DEBUG 7503 --- [kground-preinit] o.apache.tomcat.util.digester.Digester   :   New match='mbeans-descriptors/mbean/operation'
2019-12-06 11:18:40.670 DEBUG 7503 --- [kground-preinit] o.apache.tomcat.util.digester.Digester   :   Fire begin() for ObjectCreateRule[className=org.apache.tomcat.util.modeler.OperationInfo, attributeName=null]
2019-12-06 11:18:40.670 DEBUG 7503 --- [kground-preinit] o.apache.tomcat.util.digester.Digester   :   Fire begin() for SetPropertiesRule[]
2019-12-06 11:18:40.670 DEBUG 7503 --- [kground-preinit] o.apache.tomcat.util.digester.Digester   : [SetPropertiesRule]{mbeans-descriptors/mbean/operation} Set org.apache.tomcat.util.modeler.OperationInfo properties
2019-12-06 11:18:40.670 DEBUG 7503 --- [kground-preinit] o.apache.tomcat.util.digester.Digester   : [SetPropertiesRule]{mbeans-descriptors/mbean/operation} Setting property 'name' to 'createHttpConnector'
2019-12-06 11:18:40.670 DEBUG 7503 --- [kground-preinit] o.apache.tomcat.util.IntrospectionUtils  : IntrospectionUtils: setProperty(class org.apache.tomcat.util.modeler.OperationInfo name=createHttpConnector)
2019-12-06 11:18:40.670 DEBUG 7503 --- [kground-preinit] o.apache.tomcat.util.digester.Digester   : [SetPropertiesRule]{mbeans-descriptors/mbean/operation} Setting property 'description' to 'Create a new HttpConnector'
2019-12-06 11:18:40.670 DEBUG 7503 --- [kground-preinit] o.apache.tomcat.util.IntrospectionUtils  : IntrospectionUtils: setProperty(class org.apache.tomcat.util.modeler.OperationInfo description=Create a new HttpConnector)
2019-12-06 11:18:40.671 DEBUG 7503 --- [kground-preinit] o.apache.tomcat.util.digester.Digester   : [SetPropertiesRule]{mbeans-descriptors/mbean/operation} Setting property 'impact' to 'ACTION'
2019-12-06 11:18:40.671 DEBUG 7503 --- [kground-preinit] o.apache.tomcat.util.IntrospectionUtils  : IntrospectionUtils: setProperty(class org.apache.tomcat.util.modeler.OperationInfo impact=ACTION)
2019-12-06 11:18:40.671 DEBUG 7503 --- [kground-preinit] o.apache.tomcat.util.digester.Digester   : [SetPropertiesRule]{mbeans-descriptors/mbean/operation} Setting property 'returnType' to 'java.lang.String'
2019-12-06 11:18:40.671 DEBUG 7503 --- [kground-preinit] o.apache.tomcat.util.IntrospectionUtils  : IntrospectionUtils: setProperty(class org.apache.tomcat.util.modeler.OperationInfo returnType=java.lang.String)
2019-12-06 11:18:40.671 DEBUG 7503 --- [kground-preinit] o.apache.tomcat.util.digester.Digester   :   Fire begin() for SetNextRule[methodName=addOperation, paramType=org.apache.tomcat.util.modeler.OperationInfo]
2019-12-06 11:18:40.671 DEBUG 7503 --- [kground-preinit] o.a.tomcat.util.digester.Digester.sax    : characters(
      )
2019-12-06 11:18:40.671 DEBUG 7503 --- [kground-preinit] o.a.tomcat.util.digester.Digester.sax    : startElement(,,parameter)
2019-12-06 11:18:40.671 DEBUG 7503 --- [kground-preinit] o.apache.tomcat.util.digester.Digester   :   New match='mbeans-descriptors/mbean/operation/parameter'
2019-12-06 11:18:40.672 DEBUG 7503 --- [kground-preinit] o.apache.tomcat.util.digester.Digester   :   Fire begin() for ObjectCreateRule[className=org.apache.tomcat.util.modeler.ParameterInfo, attributeName=null]
2019-12-06 11:18:40.672 DEBUG 7503 --- [kground-preinit] o.apache.tomcat.util.digester.Digester   :   Fire begin() for SetPropertiesRule[]
2019-12-06 11:18:40.672 DEBUG 7503 --- [kground-preinit] o.apache.tomcat.util.digester.Digester   : [SetPropertiesRule]{mbeans-descriptors/mbean/operation/parameter} Set org.apache.tomcat.util.modeler.ParameterInfo properties
2019-12-06 11:18:40.672 DEBUG 7503 --- [kground-preinit] o.apache.tomcat.util.digester.Digester   : [SetPropertiesRule]{mbeans-descriptors/mbean/operation/parameter} Setting property 'name' to 'parent'
2019-12-06 11:18:40.672 DEBUG 7503 --- [kground-preinit] o.apache.tomcat.util.IntrospectionUtils  : IntrospectionUtils: setProperty(class org.apache.tomcat.util.modeler.ParameterInfo name=parent)
2019-12-06 11:18:40.672 DEBUG 7503 --- [kground-preinit] o.apache.tomcat.util.digester.Digester   : [SetPropertiesRule]{mbeans-descriptors/mbean/operation/parameter} Setting property 'description' to 'MBean Name of the associated parent component'
2019-12-06 11:18:40.673 DEBUG 7503 --- [kground-preinit] o.apache.tomcat.util.IntrospectionUtils  : IntrospectionUtils: setProperty(class org.apache.tomcat.util.modeler.ParameterInfo description=MBean Name of the associated parent component)
2019-12-06 11:18:40.673 DEBUG 7503 --- [    Test worker] o.s.b.f.s.DefaultListableBeanFactory     : Creating shared instance of singleton bean 'org.springframework.boot.autoconfigure.internalCachingMetadataReaderFactory'
2019-12-06 11:18:40.673 DEBUG 7503 --- [kground-preinit] o.apache.tomcat.util.digester.Digester   : [SetPropertiesRule]{mbeans-descriptors/mbean/operation/parameter} Setting property 'type' to 'java.lang.String'
2019-12-06 11:18:40.673 DEBUG 7503 --- [kground-preinit] o.apache.tomcat.util.IntrospectionUtils  : IntrospectionUtils: setProperty(class org.apache.tomcat.util.modeler.ParameterInfo type=java.lang.String)
2019-12-06 11:18:40.673 DEBUG 7503 --- [kground-preinit] o.apache.tomcat.util.digester.Digester   :   Fire begin() for SetNextRule[methodName=addParameter, paramType=org.apache.tomcat.util.modeler.ParameterInfo]
2019-12-06 11:18:40.673 DEBUG 7503 --- [kground-preinit] o.a.tomcat.util.digester.Digester.sax    : endElement(,,parameter)
2019-12-06 11:18:40.673 DEBUG 7503 --- [kground-preinit] o.apache.tomcat.util.digester.Digester   :   match='mbeans-descriptors/mbean/operation/parameter'
2019-12-06 11:18:40.673 DEBUG 7503 --- [kground-preinit] o.apache.tomcat.util.digester.Digester   :   bodyText=''
2019-12-06 11:18:40.674 DEBUG 7503 --- [kground-preinit] o.apache.tomcat.util.digester.Digester   :   Fire body() for ObjectCreateRule[className=org.apache.tomcat.util.modeler.ParameterInfo, attributeName=null]
2019-12-06 11:18:40.674 DEBUG 7503 --- [kground-preinit] o.apache.tomcat.util.digester.Digester   :   Fire body() for SetPropertiesRule[]
2019-12-06 11:18:40.674 DEBUG 7503 --- [kground-preinit] o.apache.tomcat.util.digester.Digester   :   Fire body() for SetNextRule[methodName=addParameter, paramType=org.apache.tomcat.util.modeler.ParameterInfo]
2019-12-06 11:18:40.674 DEBUG 7503 --- [kground-preinit] o.apache.tomcat.util.digester.Digester   :   Fire end() for SetNextRule[methodName=addParameter, paramType=org.apache.tomcat.util.modeler.ParameterInfo]
2019-12-06 11:18:40.674 DEBUG 7503 --- [kground-preinit] o.apache.tomcat.util.digester.Digester   : [SetNextRule]{mbeans-descriptors/mbean/operation/parameter} Call org.apache.tomcat.util.modeler.OperationInfo.addParameter(org.apache.tomcat.util.modeler.ParameterInfo@56e18dc7)
2019-12-06 11:18:40.674 DEBUG 7503 --- [kground-preinit] o.apache.tomcat.util.IntrospectionUtils  : IntrospectionUtils: callMethod1 org.apache.tomcat.util.modeler.OperationInfo org.apache.tomcat.util.modeler.ParameterInfo org.apache.tomcat.util.modeler.ParameterInfo
2019-12-06 11:18:40.674 DEBUG 7503 --- [kground-preinit] o.apache.tomcat.util.digester.Digester   :   Fire end() for SetPropertiesRule[]
2019-12-06 11:18:40.675 DEBUG 7503 --- [kground-preinit] o.apache.tomcat.util.digester.Digester   :   Fire end() for ObjectCreateRule[className=org.apache.tomcat.util.modeler.ParameterInfo, attributeName=null]
2019-12-06 11:18:40.675 DEBUG 7503 --- [kground-preinit] o.apache.tomcat.util.digester.Digester   : [ObjectCreateRule]{mbeans-descriptors/mbean/operation/parameter} Pop org.apache.tomcat.util.modeler.ParameterInfo
2019-12-06 11:18:40.675 DEBUG 7503 --- [kground-preinit] o.a.tomcat.util.digester.Digester.sax    : characters(
     )
2019-12-06 11:18:40.675 DEBUG 7503 --- [kground-preinit] o.a.tomcat.util.digester.Digester.sax    : startElement(,,parameter)
2019-12-06 11:18:40.675 DEBUG 7503 --- [kground-preinit] o.apache.tomcat.util.digester.Digester   :   New match='mbeans-descriptors/mbean/operation/parameter'
2019-12-06 11:18:40.675 DEBUG 7503 --- [kground-preinit] o.apache.tomcat.util.digester.Digester   :   Fire begin() for ObjectCreateRule[className=org.apache.tomcat.util.modeler.ParameterInfo, attributeName=null]
2019-12-06 11:18:40.675 DEBUG 7503 --- [kground-preinit] o.apache.tomcat.util.digester.Digester   :   Fire begin() for SetPropertiesRule[]
2019-12-06 11:18:40.675 DEBUG 7503 --- [kground-preinit] o.apache.tomcat.util.digester.Digester   : [SetPropertiesRule]{mbeans-descriptors/mbean/operation/parameter} Set org.apache.tomcat.util.modeler.ParameterInfo properties
2019-12-06 11:18:40.676 DEBUG 7503 --- [kground-preinit] o.apache.tomcat.util.digester.Digester   : [SetPropertiesRule]{mbeans-descriptors/mbean/operation/parameter} Setting property 'name' to 'address'
2019-12-06 11:18:40.676 DEBUG 7503 --- [kground-preinit] o.apache.tomcat.util.IntrospectionUtils  : IntrospectionUtils: setProperty(class org.apache.tomcat.util.modeler.ParameterInfo name=address)
2019-12-06 11:18:40.676 DEBUG 7503 --- [kground-preinit] o.apache.tomcat.util.digester.Digester   : [SetPropertiesRule]{mbeans-descriptors/mbean/operation/parameter} Setting property 'description' to 'The IP address on which to bind'
2019-12-06 11:18:40.676 DEBUG 7503 --- [kground-preinit] o.apache.tomcat.util.IntrospectionUtils  : IntrospectionUtils: setProperty(class org.apache.tomcat.util.modeler.ParameterInfo description=The IP address on which to bind)
2019-12-06 11:18:40.676 DEBUG 7503 --- [kground-preinit] o.apache.tomcat.util.digester.Digester   : [SetPropertiesRule]{mbeans-descriptors/mbean/operation/parameter} Setting property 'type' to 'java.lang.String'
2019-12-06 11:18:40.676 DEBUG 7503 --- [kground-preinit] o.apache.tomcat.util.IntrospectionUtils  : IntrospectionUtils: setProperty(class org.apache.tomcat.util.modeler.ParameterInfo type=java.lang.String)
2019-12-06 11:18:40.676 DEBUG 7503 --- [kground-preinit] o.apache.tomcat.util.digester.Digester   :   Fire begin() for SetNextRule[methodName=addParameter, paramType=org.apache.tomcat.util.modeler.ParameterInfo]
2019-12-06 11:18:40.676 DEBUG 7503 --- [kground-preinit] o.a.tomcat.util.digester.Digester.sax    : endElement(,,parameter)
2019-12-06 11:18:40.676 DEBUG 7503 --- [kground-preinit] o.apache.tomcat.util.digester.Digester   :   match='mbeans-descriptors/mbean/operation/parameter'
2019-12-06 11:18:40.677 DEBUG 7503 --- [kground-preinit] o.apache.tomcat.util.digester.Digester   :   bodyText=''
2019-12-06 11:18:40.677 DEBUG 7503 --- [kground-preinit] o.apache.tomcat.util.digester.Digester   :   Fire body() for ObjectCreateRule[className=org.apache.tomcat.util.modeler.ParameterInfo, attributeName=null]
2019-12-06 11:18:40.677 DEBUG 7503 --- [kground-preinit] o.apache.tomcat.util.digester.Digester   :   Fire body() for SetPropertiesRule[]
2019-12-06 11:18:40.677 DEBUG 7503 --- [kground-preinit] o.apache.tomcat.util.digester.Digester   :   Fire body() for SetNextRule[methodName=addParameter, paramType=org.apache.tomcat.util.modeler.ParameterInfo]
2019-12-06 11:18:40.677 DEBUG 7503 --- [kground-preinit] o.apache.tomcat.util.digester.Digester   :   Fire end() for SetNextRule[methodName=addParameter, paramType=org.apache.tomcat.util.modeler.ParameterInfo]
2019-12-06 11:18:40.677 DEBUG 7503 --- [kground-preinit] o.apache.tomcat.util.digester.Digester   : [SetNextRule]{mbeans-descriptors/mbean/operation/parameter} Call org.apache.tomcat.util.modeler.OperationInfo.addParameter(org.apache.tomcat.util.modeler.ParameterInfo@6349e657)
2019-12-06 11:18:40.677 DEBUG 7503 --- [kground-preinit] o.apache.tomcat.util.IntrospectionUtils  : IntrospectionUtils: callMethod1 org.apache.tomcat.util.modeler.OperationInfo org.apache.tomcat.util.modeler.ParameterInfo org.apache.tomcat.util.modeler.ParameterInfo
2019-12-06 11:18:40.677 DEBUG 7503 --- [kground-preinit] o.apache.tomcat.util.digester.Digester   :   Fire end() for SetPropertiesRule[]
2019-12-06 11:18:40.677 DEBUG 7503 --- [kground-preinit] o.apache.tomcat.util.digester.Digester   :   Fire end() for ObjectCreateRule[className=org.apache.tomcat.util.modeler.ParameterInfo, attributeName=null]
2019-12-06 11:18:40.678 DEBUG 7503 --- [kground-preinit] o.apache.tomcat.util.digester.Digester   : [ObjectCreateRule]{mbeans-descriptors/mbean/operation/parameter} Pop org.apache.tomcat.util.modeler.ParameterInfo
2019-12-06 11:18:40.678 DEBUG 7503 --- [kground-preinit] o.a.tomcat.util.digester.Digester.sax    : characters(
      )
2019-12-06 11:18:40.678 DEBUG 7503 --- [kground-preinit] o.a.tomcat.util.digester.Digester.sax    : startElement(,,parameter)
2019-12-06 11:18:40.678 DEBUG 7503 --- [kground-preinit] o.apache.tomcat.util.digester.Digester   :   New match='mbeans-descriptors/mbean/operation/parameter'
2019-12-06 11:18:40.678 DEBUG 7503 --- [kground-preinit] o.apache.tomcat.util.digester.Digester   :   Fire begin() for ObjectCreateRule[className=org.apache.tomcat.util.modeler.ParameterInfo, attributeName=null]
2019-12-06 11:18:40.678 DEBUG 7503 --- [kground-preinit] o.apache.tomcat.util.digester.Digester   :   Fire begin() for SetPropertiesRule[]
2019-12-06 11:18:40.678 DEBUG 7503 --- [kground-preinit] o.apache.tomcat.util.digester.Digester   : [SetPropertiesRule]{mbeans-descriptors/mbean/operation/parameter} Set org.apache.tomcat.util.modeler.ParameterInfo properties
2019-12-06 11:18:40.678 DEBUG 7503 --- [kground-preinit] o.apache.tomcat.util.digester.Digester   : [SetPropertiesRule]{mbeans-descriptors/mbean/operation/parameter} Setting property 'name' to 'port'
2019-12-06 11:18:40.679 DEBUG 7503 --- [kground-preinit] o.apache.tomcat.util.IntrospectionUtils  : IntrospectionUtils: setProperty(class org.apache.tomcat.util.modeler.ParameterInfo name=port)
2019-12-06 11:18:40.679 DEBUG 7503 --- [kground-preinit] o.apache.tomcat.util.digester.Digester   : [SetPropertiesRule]{mbeans-descriptors/mbean/operation/parameter} Setting property 'description' to 'TCP port number to listen on'
2019-12-06 11:18:40.679 DEBUG 7503 --- [kground-preinit] o.apache.tomcat.util.IntrospectionUtils  : IntrospectionUtils: setProperty(class org.apache.tomcat.util.modeler.ParameterInfo description=TCP port number to listen on)
2019-12-06 11:18:40.679 DEBUG 7503 --- [kground-preinit] o.apache.tomcat.util.digester.Digester   : [SetPropertiesRule]{mbeans-descriptors/mbean/operation/parameter} Setting property 'type' to 'int'
2019-12-06 11:18:40.680 DEBUG 7503 --- [kground-preinit] o.apache.tomcat.util.IntrospectionUtils  : IntrospectionUtils: setProperty(class org.apache.tomcat.util.modeler.ParameterInfo type=int)
2019-12-06 11:18:40.680 DEBUG 7503 --- [kground-preinit] o.apache.tomcat.util.digester.Digester   :   Fire begin() for SetNextRule[methodName=addParameter, paramType=org.apache.tomcat.util.modeler.ParameterInfo]
2019-12-06 11:18:40.680 DEBUG 7503 --- [kground-preinit] o.a.tomcat.util.digester.Digester.sax    : endElement(,,parameter)
2019-12-06 11:18:40.680 DEBUG 7503 --- [kground-preinit] o.apache.tomcat.util.digester.Digester   :   match='mbeans-descriptors/mbean/operation/parameter'
2019-12-06 11:18:40.680 DEBUG 7503 --- [kground-preinit] o.apache.tomcat.util.digester.Digester   :   bodyText=''
2019-12-06 11:18:40.680 DEBUG 7503 --- [kground-preinit] o.apache.tomcat.util.digester.Digester   :   Fire body() for ObjectCreateRule[className=org.apache.tomcat.util.modeler.ParameterInfo, attributeName=null]
2019-12-06 11:18:40.680 DEBUG 7503 --- [kground-preinit] o.apache.tomcat.util.digester.Digester   :   Fire body() for SetPropertiesRule[]
2019-12-06 11:18:40.680 DEBUG 7503 --- [kground-preinit] o.apache.tomcat.util.digester.Digester   :   Fire body() for SetNextRule[methodName=addParameter, paramType=org.apache.tomcat.util.modeler.ParameterInfo]
2019-12-06 11:18:40.680 DEBUG 7503 --- [kground-preinit] o.apache.tomcat.util.digester.Digester   :   Fire end() for SetNextRule[methodName=addParameter, paramType=org.apache.tomcat.util.modeler.ParameterInfo]
2019-12-06 11:18:40.680 DEBUG 7503 --- [kground-preinit] o.apache.tomcat.util.digester.Digester   : [SetNextRule]{mbeans-descriptors/mbean/operation/parameter} Call org.apache.tomcat.util.modeler.OperationInfo.addParameter(org.apache.tomcat.util.modeler.ParameterInfo@4d581821)
2019-12-06 11:18:40.681 DEBUG 7503 --- [kground-preinit] o.apache.tomcat.util.IntrospectionUtils  : IntrospectionUtils: callMethod1 org.apache.tomcat.util.modeler.OperationInfo org.apache.tomcat.util.modeler.ParameterInfo org.apache.tomcat.util.modeler.ParameterInfo
2019-12-06 11:18:40.681 DEBUG 7503 --- [kground-preinit] o.apache.tomcat.util.digester.Digester   :   Fire end() for SetPropertiesRule[]
2019-12-06 11:18:40.681 DEBUG 7503 --- [kground-preinit] o.apache.tomcat.util.digester.Digester   :   Fire end() for ObjectCreateRule[className=org.apache.tomcat.util.modeler.ParameterInfo, attributeName=null]
2019-12-06 11:18:40.681 DEBUG 7503 --- [kground-preinit] o.apache.tomcat.util.digester.Digester   : [ObjectCreateRule]{mbeans-descriptors/mbean/operation/parameter} Pop org.apache.tomcat.util.modeler.ParameterInfo
2019-12-06 11:18:40.681 DEBUG 7503 --- [kground-preinit] o.a.tomcat.util.digester.Digester.sax    : characters(
    )
2019-12-06 11:18:40.681 DEBUG 7503 --- [kground-preinit] o.a.tomcat.util.digester.Digester.sax    : endElement(,,operation)
2019-12-06 11:18:40.681 DEBUG 7503 --- [kground-preinit] o.apache.tomcat.util.digester.Digester   :   match='mbeans-descriptors/mbean/operation'
2019-12-06 11:18:40.681 DEBUG 7503 --- [kground-preinit] o.apache.tomcat.util.digester.Digester   :   bodyText='
      
     
      
    '
2019-12-06 11:18:40.682 DEBUG 7503 --- [kground-preinit] o.apache.tomcat.util.digester.Digester   :   Fire body() for ObjectCreateRule[className=org.apache.tomcat.util.modeler.OperationInfo, attributeName=null]
2019-12-06 11:18:40.682 DEBUG 7503 --- [kground-preinit] o.apache.tomcat.util.digester.Digester   :   Fire body() for SetPropertiesRule[]
2019-12-06 11:18:40.682 DEBUG 7503 --- [kground-preinit] o.apache.tomcat.util.digester.Digester   :   Fire body() for SetNextRule[methodName=addOperation, paramType=org.apache.tomcat.util.modeler.OperationInfo]
2019-12-06 11:18:40.682 DEBUG 7503 --- [kground-preinit] o.apache.tomcat.util.digester.Digester   :   Fire end() for SetNextRule[methodName=addOperation, paramType=org.apache.tomcat.util.modeler.OperationInfo]
2019-12-06 11:18:40.682 DEBUG 7503 --- [kground-preinit] o.apache.tomcat.util.digester.Digester   : [SetNextRule]{mbeans-descriptors/mbean/operation} Call org.apache.tomcat.util.modeler.ManagedBean.addOperation(org.apache.tomcat.util.modeler.OperationInfo@618f2483)
2019-12-06 11:18:40.682 DEBUG 7503 --- [kground-preinit] o.apache.tomcat.util.IntrospectionUtils  : IntrospectionUtils: callMethod1 org.apache.tomcat.util.modeler.ManagedBean org.apache.tomcat.util.modeler.OperationInfo org.apache.tomcat.util.modeler.OperationInfo
2019-12-06 11:18:40.682 DEBUG 7503 --- [kground-preinit] o.apache.tomcat.util.digester.Digester   :   Fire end() for SetPropertiesRule[]
2019-12-06 11:18:40.683 DEBUG 7503 --- [kground-preinit] o.apache.tomcat.util.digester.Digester   :   Fire end() for ObjectCreateRule[className=org.apache.tomcat.util.modeler.OperationInfo, attributeName=null]
2019-12-06 11:18:40.683 DEBUG 7503 --- [kground-preinit] o.apache.tomcat.util.digester.Digester   : [ObjectCreateRule]{mbeans-descriptors/mbean/operation} Pop org.apache.tomcat.util.modeler.OperationInfo
2019-12-06 11:18:40.683 DEBUG 7503 --- [kground-preinit] o.a.tomcat.util.digester.Digester.sax    : characters(

    )
2019-12-06 11:18:40.683 DEBUG 7503 --- [kground-preinit] o.a.tomcat.util.digester.Digester.sax    : startElement(,,operation)
2019-12-06 11:18:40.683 DEBUG 7503 --- [kground-preinit] o.apache.tomcat.util.digester.Digester   :   New match='mbeans-descriptors/mbean/operation'
2019-12-06 11:18:40.683 DEBUG 7503 --- [kground-preinit] o.apache.tomcat.util.digester.Digester   :   Fire begin() for ObjectCreateRule[className=org.apache.tomcat.util.modeler.OperationInfo, attributeName=null]
2019-12-06 11:18:40.683 DEBUG 7503 --- [kground-preinit] o.apache.tomcat.util.digester.Digester   :   Fire begin() for SetPropertiesRule[]
2019-12-06 11:18:40.684 DEBUG 7503 --- [kground-preinit] o.apache.tomcat.util.digester.Digester   : [SetPropertiesRule]{mbeans-descriptors/mbean/operation} Set org.apache.tomcat.util.modeler.OperationInfo properties
2019-12-06 11:18:40.684 DEBUG 7503 --- [kground-preinit] o.apache.tomcat.util.digester.Digester   : [SetPropertiesRule]{mbeans-descriptors/mbean/operation} Setting property 'name' to 'createHttpsConnector'
2019-12-06 11:18:40.684 DEBUG 7503 --- [kground-preinit] o.apache.tomcat.util.IntrospectionUtils  : IntrospectionUtils: setProperty(class org.apache.tomcat.util.modeler.OperationInfo name=createHttpsConnector)
2019-12-06 11:18:40.684 DEBUG 7503 --- [kground-preinit] o.apache.tomcat.util.digester.Digester   : [SetPropertiesRule]{mbeans-descriptors/mbean/operation} Setting property 'description' to 'Create a new HttpsConnector'
2019-12-06 11:18:40.684 DEBUG 7503 --- [kground-preinit] o.apache.tomcat.util.IntrospectionUtils  : IntrospectionUtils: setProperty(class org.apache.tomcat.util.modeler.OperationInfo description=Create a new HttpsConnector)
2019-12-06 11:18:40.684 DEBUG 7503 --- [kground-preinit] o.apache.tomcat.util.digester.Digester   : [SetPropertiesRule]{mbeans-descriptors/mbean/operation} Setting property 'impact' to 'ACTION'
2019-12-06 11:18:40.684 DEBUG 7503 --- [kground-preinit] o.apache.tomcat.util.IntrospectionUtils  : IntrospectionUtils: setProperty(class org.apache.tomcat.util.modeler.OperationInfo impact=ACTION)
2019-12-06 11:18:40.685 DEBUG 7503 --- [kground-preinit] o.apache.tomcat.util.digester.Digester   : [SetPropertiesRule]{mbeans-descriptors/mbean/operation} Setting property 'returnType' to 'java.lang.String'
2019-12-06 11:18:40.685 DEBUG 7503 --- [kground-preinit] o.apache.tomcat.util.IntrospectionUtils  : IntrospectionUtils: setProperty(class org.apache.tomcat.util.modeler.OperationInfo returnType=java.lang.String)
2019-12-06 11:18:40.685 DEBUG 7503 --- [kground-preinit] o.apache.tomcat.util.digester.Digester   :   Fire begin() for SetNextRule[methodName=addOperation, paramType=org.apache.tomcat.util.modeler.OperationInfo]
2019-12-06 11:18:40.685 DEBUG 7503 --- [kground-preinit] o.a.tomcat.util.digester.Digester.sax    : characters(
      )
2019-12-06 11:18:40.685 DEBUG 7503 --- [kground-preinit] o.a.tomcat.util.digester.Digester.sax    : startElement(,,parameter)
2019-12-06 11:18:40.685 DEBUG 7503 --- [kground-preinit] o.apache.tomcat.util.digester.Digester   :   New match='mbeans-descriptors/mbean/operation/parameter'
2019-12-06 11:18:40.686 DEBUG 7503 --- [kground-preinit] o.apache.tomcat.util.digester.Digester   :   Fire begin() for ObjectCreateRule[className=org.apache.tomcat.util.modeler.ParameterInfo, attributeName=null]
2019-12-06 11:18:40.686 DEBUG 7503 --- [kground-preinit] o.apache.tomcat.util.digester.Digester   :   Fire begin() for SetPropertiesRule[]
2019-12-06 11:18:40.686 DEBUG 7503 --- [kground-preinit] o.apache.tomcat.util.digester.Digester   : [SetPropertiesRule]{mbeans-descriptors/mbean/operation/parameter} Set org.apache.tomcat.util.modeler.ParameterInfo properties
2019-12-06 11:18:40.686 DEBUG 7503 --- [kground-preinit] o.apache.tomcat.util.digester.Digester   : [SetPropertiesRule]{mbeans-descriptors/mbean/operation/parameter} Setting property 'name' to 'parent'
2019-12-06 11:18:40.686 DEBUG 7503 --- [kground-preinit] o.apache.tomcat.util.IntrospectionUtils  : IntrospectionUtils: setProperty(class org.apache.tomcat.util.modeler.ParameterInfo name=parent)
2019-12-06 11:18:40.687 DEBUG 7503 --- [kground-preinit] o.apache.tomcat.util.digester.Digester   : [SetPropertiesRule]{mbeans-descriptors/mbean/operation/parameter} Setting property 'description' to 'MBean Name of the associated parent component'
2019-12-06 11:18:40.687 DEBUG 7503 --- [kground-preinit] o.apache.tomcat.util.IntrospectionUtils  : IntrospectionUtils: setProperty(class org.apache.tomcat.util.modeler.ParameterInfo description=MBean Name of the associated parent component)
2019-12-06 11:18:40.687 DEBUG 7503 --- [kground-preinit] o.apache.tomcat.util.digester.Digester   : [SetPropertiesRule]{mbeans-descriptors/mbean/operation/parameter} Setting property 'type' to 'java.lang.String'
2019-12-06 11:18:40.687 DEBUG 7503 --- [kground-preinit] o.apache.tomcat.util.IntrospectionUtils  : IntrospectionUtils: setProperty(class org.apache.tomcat.util.modeler.ParameterInfo type=java.lang.String)
2019-12-06 11:18:40.687 DEBUG 7503 --- [kground-preinit] o.apache.tomcat.util.digester.Digester   :   Fire begin() for SetNextRule[methodName=addParameter, paramType=org.apache.tomcat.util.modeler.ParameterInfo]
2019-12-06 11:18:40.687 DEBUG 7503 --- [kground-preinit] o.a.tomcat.util.digester.Digester.sax    : endElement(,,parameter)
2019-12-06 11:18:40.688 DEBUG 7503 --- [kground-preinit] o.apache.tomcat.util.digester.Digester   :   match='mbeans-descriptors/mbean/operation/parameter'
2019-12-06 11:18:40.688 DEBUG 7503 --- [kground-preinit] o.apache.tomcat.util.digester.Digester   :   bodyText=''
2019-12-06 11:18:40.688 DEBUG 7503 --- [kground-preinit] o.apache.tomcat.util.digester.Digester   :   Fire body() for ObjectCreateRule[className=org.apache.tomcat.util.modeler.ParameterInfo, attributeName=null]
2019-12-06 11:18:40.688 DEBUG 7503 --- [kground-preinit] o.apache.tomcat.util.digester.Digester   :   Fire body() for SetPropertiesRule[]
2019-12-06 11:18:40.688 DEBUG 7503 --- [kground-preinit] o.apache.tomcat.util.digester.Digester   :   Fire body() for SetNextRule[methodName=addParameter, paramType=org.apache.tomcat.util.modeler.ParameterInfo]
2019-12-06 11:18:40.689 DEBUG 7503 --- [kground-preinit] o.apache.tomcat.util.digester.Digester   :   Fire end() for SetNextRule[methodName=addParameter, paramType=org.apache.tomcat.util.modeler.ParameterInfo]
2019-12-06 11:18:40.689 DEBUG 7503 --- [kground-preinit] o.apache.tomcat.util.digester.Digester   : [SetNextRule]{mbeans-descriptors/mbean/operation/parameter} Call org.apache.tomcat.util.modeler.OperationInfo.addParameter(org.apache.tomcat.util.modeler.ParameterInfo@6d33130c)
2019-12-06 11:18:40.689 DEBUG 7503 --- [kground-preinit] o.apache.tomcat.util.IntrospectionUtils  : IntrospectionUtils: callMethod1 org.apache.tomcat.util.modeler.OperationInfo org.apache.tomcat.util.modeler.ParameterInfo org.apache.tomcat.util.modeler.ParameterInfo
2019-12-06 11:18:40.689 DEBUG 7503 --- [kground-preinit] o.apache.tomcat.util.digester.Digester   :   Fire end() for SetPropertiesRule[]
2019-12-06 11:18:40.689 DEBUG 7503 --- [kground-preinit] o.apache.tomcat.util.digester.Digester   :   Fire end() for ObjectCreateRule[className=org.apache.tomcat.util.modeler.ParameterInfo, attributeName=null]
2019-12-06 11:18:40.689 DEBUG 7503 --- [kground-preinit] o.apache.tomcat.util.digester.Digester   : [ObjectCreateRule]{mbeans-descriptors/mbean/operation/parameter} Pop org.apache.tomcat.util.modeler.ParameterInfo
2019-12-06 11:18:40.689 DEBUG 7503 --- [kground-preinit] o.a.tomcat.util.digester.Digester.sax    : characters(
      )
2019-12-06 11:18:40.690 DEBUG 7503 --- [kground-preinit] o.a.tomcat.util.digester.Digester.sax    : startElement(,,parameter)
2019-12-06 11:18:40.690 DEBUG 7503 --- [kground-preinit] o.apache.tomcat.util.digester.Digester   :   New match='mbeans-descriptors/mbean/operation/parameter'
2019-12-06 11:18:40.690 DEBUG 7503 --- [kground-preinit] o.apache.tomcat.util.digester.Digester   :   Fire begin() for ObjectCreateRule[className=org.apache.tomcat.util.modeler.ParameterInfo, attributeName=null]
2019-12-06 11:18:40.690 DEBUG 7503 --- [kground-preinit] o.apache.tomcat.util.digester.Digester   :   Fire begin() for SetPropertiesRule[]
2019-12-06 11:18:40.690 DEBUG 7503 --- [kground-preinit] o.apache.tomcat.util.digester.Digester   : [SetPropertiesRule]{mbeans-descriptors/mbean/operation/parameter} Set org.apache.tomcat.util.modeler.ParameterInfo properties
2019-12-06 11:18:40.691 DEBUG 7503 --- [kground-preinit] o.apache.tomcat.util.digester.Digester   : [SetPropertiesRule]{mbeans-descriptors/mbean/operation/parameter} Setting property 'name' to 'address'
2019-12-06 11:18:40.691 DEBUG 7503 --- [kground-preinit] o.apache.tomcat.util.IntrospectionUtils  : IntrospectionUtils: setProperty(class org.apache.tomcat.util.modeler.ParameterInfo name=address)
2019-12-06 11:18:40.691 DEBUG 7503 --- [kground-preinit] o.apache.tomcat.util.digester.Digester   : [SetPropertiesRule]{mbeans-descriptors/mbean/operation/parameter} Setting property 'description' to 'The IP address on which to bind'
2019-12-06 11:18:40.691 DEBUG 7503 --- [kground-preinit] o.apache.tomcat.util.IntrospectionUtils  : IntrospectionUtils: setProperty(class org.apache.tomcat.util.modeler.ParameterInfo description=The IP address on which to bind)
2019-12-06 11:18:40.691 DEBUG 7503 --- [kground-preinit] o.apache.tomcat.util.digester.Digester   : [SetPropertiesRule]{mbeans-descriptors/mbean/operation/parameter} Setting property 'type' to 'java.lang.String'
2019-12-06 11:18:40.691 DEBUG 7503 --- [kground-preinit] o.apache.tomcat.util.IntrospectionUtils  : IntrospectionUtils: setProperty(class org.apache.tomcat.util.modeler.ParameterInfo type=java.lang.String)
2019-12-06 11:18:40.691 DEBUG 7503 --- [kground-preinit] o.apache.tomcat.util.digester.Digester   :   Fire begin() for SetNextRule[methodName=addParameter, paramType=org.apache.tomcat.util.modeler.ParameterInfo]
2019-12-06 11:18:40.692 DEBUG 7503 --- [kground-preinit] o.a.tomcat.util.digester.Digester.sax    : endElement(,,parameter)
2019-12-06 11:18:40.692 DEBUG 7503 --- [kground-preinit] o.apache.tomcat.util.digester.Digester   :   match='mbeans-descriptors/mbean/operation/parameter'
2019-12-06 11:18:40.692 DEBUG 7503 --- [kground-preinit] o.apache.tomcat.util.digester.Digester   :   bodyText=''
2019-12-06 11:18:40.692 DEBUG 7503 --- [kground-preinit] o.apache.tomcat.util.digester.Digester   :   Fire body() for ObjectCreateRule[className=org.apache.tomcat.util.modeler.ParameterInfo, attributeName=null]
2019-12-06 11:18:40.692 DEBUG 7503 --- [kground-preinit] o.apache.tomcat.util.digester.Digester   :   Fire body() for SetPropertiesRule[]
2019-12-06 11:18:40.692 DEBUG 7503 --- [kground-preinit] o.apache.tomcat.util.digester.Digester   :   Fire body() for SetNextRule[methodName=addParameter, paramType=org.apache.tomcat.util.modeler.ParameterInfo]
2019-12-06 11:18:40.692 DEBUG 7503 --- [kground-preinit] o.apache.tomcat.util.digester.Digester   :   Fire end() for SetNextRule[methodName=addParameter, paramType=org.apache.tomcat.util.modeler.ParameterInfo]
2019-12-06 11:18:40.693 DEBUG 7503 --- [kground-preinit] o.apache.tomcat.util.digester.Digester   : [SetNextRule]{mbeans-descriptors/mbean/operation/parameter} Call org.apache.tomcat.util.modeler.OperationInfo.addParameter(org.apache.tomcat.util.modeler.ParameterInfo@1345b6a8)
2019-12-06 11:18:40.693 DEBUG 7503 --- [kground-preinit] o.apache.tomcat.util.IntrospectionUtils  : IntrospectionUtils: callMethod1 org.apache.tomcat.util.modeler.OperationInfo org.apache.tomcat.util.modeler.ParameterInfo org.apache.tomcat.util.modeler.ParameterInfo
2019-12-06 11:18:40.693 DEBUG 7503 --- [kground-preinit] o.apache.tomcat.util.digester.Digester   :   Fire end() for SetPropertiesRule[]
2019-12-06 11:18:40.693 DEBUG 7503 --- [kground-preinit] o.apache.tomcat.util.digester.Digester   :   Fire end() for ObjectCreateRule[className=org.apache.tomcat.util.modeler.ParameterInfo, attributeName=null]
2019-12-06 11:18:40.693 DEBUG 7503 --- [kground-preinit] o.apache.tomcat.util.digester.Digester   : [ObjectCreateRule]{mbeans-descriptors/mbean/operation/parameter} Pop org.apache.tomcat.util.modeler.ParameterInfo
2019-12-06 11:18:40.693 DEBUG 7503 --- [kground-preinit] o.a.tomcat.util.digester.Digester.sax    : characters(
      )
2019-12-06 11:18:40.694 DEBUG 7503 --- [kground-preinit] o.a.tomcat.util.digester.Digester.sax    : startElement(,,parameter)
2019-12-06 11:18:40.694 DEBUG 7503 --- [kground-preinit] o.apache.tomcat.util.digester.Digester   :   New match='mbeans-descriptors/mbean/operation/parameter'
2019-12-06 11:18:40.694 DEBUG 7503 --- [kground-preinit] o.apache.tomcat.util.digester.Digester   :   Fire begin() for ObjectCreateRule[className=org.apache.tomcat.util.modeler.ParameterInfo, attributeName=null]
2019-12-06 11:18:40.695 DEBUG 7503 --- [kground-preinit] o.apache.tomcat.util.digester.Digester   :   Fire begin() for SetPropertiesRule[]
2019-12-06 11:18:40.695 DEBUG 7503 --- [kground-preinit] o.apache.tomcat.util.digester.Digester   : [SetPropertiesRule]{mbeans-descriptors/mbean/operation/parameter} Set org.apache.tomcat.util.modeler.ParameterInfo properties
2019-12-06 11:18:40.695 DEBUG 7503 --- [kground-preinit] o.apache.tomcat.util.digester.Digester   : [SetPropertiesRule]{mbeans-descriptors/mbean/operation/parameter} Setting property 'name' to 'port'
2019-12-06 11:18:40.695 DEBUG 7503 --- [kground-preinit] o.apache.tomcat.util.IntrospectionUtils  : IntrospectionUtils: setProperty(class org.apache.tomcat.util.modeler.ParameterInfo name=port)
2019-12-06 11:18:40.695 DEBUG 7503 --- [kground-preinit] o.apache.tomcat.util.digester.Digester   : [SetPropertiesRule]{mbeans-descriptors/mbean/operation/parameter} Setting property 'description' to 'TCP port number to listen on'
2019-12-06 11:18:40.695 DEBUG 7503 --- [kground-preinit] o.apache.tomcat.util.IntrospectionUtils  : IntrospectionUtils: setProperty(class org.apache.tomcat.util.modeler.ParameterInfo description=TCP port number to listen on)
2019-12-06 11:18:40.696 DEBUG 7503 --- [kground-preinit] o.apache.tomcat.util.digester.Digester   : [SetPropertiesRule]{mbeans-descriptors/mbean/operation/parameter} Setting property 'type' to 'int'
2019-12-06 11:18:40.696 DEBUG 7503 --- [kground-preinit] o.apache.tomcat.util.IntrospectionUtils  : IntrospectionUtils: setProperty(class org.apache.tomcat.util.modeler.ParameterInfo type=int)
2019-12-06 11:18:40.696 DEBUG 7503 --- [kground-preinit] o.apache.tomcat.util.digester.Digester   :   Fire begin() for SetNextRule[methodName=addParameter, paramType=org.apache.tomcat.util.modeler.ParameterInfo]
2019-12-06 11:18:40.696 DEBUG 7503 --- [kground-preinit] o.a.tomcat.util.digester.Digester.sax    : endElement(,,parameter)
2019-12-06 11:18:40.697 DEBUG 7503 --- [kground-preinit] o.apache.tomcat.util.digester.Digester   :   match='mbeans-descriptors/mbean/operation/parameter'
2019-12-06 11:18:40.697 DEBUG 7503 --- [kground-preinit] o.apache.tomcat.util.digester.Digester   :   bodyText=''
2019-12-06 11:18:40.697 DEBUG 7503 --- [kground-preinit] o.apache.tomcat.util.digester.Digester   :   Fire body() for ObjectCreateRule[className=org.apache.tomcat.util.modeler.ParameterInfo, attributeName=null]
2019-12-06 11:18:40.697 DEBUG 7503 --- [kground-preinit] o.apache.tomcat.util.digester.Digester   :   Fire body() for SetPropertiesRule[]
2019-12-06 11:18:40.697 DEBUG 7503 --- [kground-preinit] o.apache.tomcat.util.digester.Digester   :   Fire body() for SetNextRule[methodName=addParameter, paramType=org.apache.tomcat.util.modeler.ParameterInfo]
2019-12-06 11:18:40.697 DEBUG 7503 --- [kground-preinit] o.apache.tomcat.util.digester.Digester   :   Fire end() for SetNextRule[methodName=addParameter, paramType=org.apache.tomcat.util.modeler.ParameterInfo]
2019-12-06 11:18:40.698 DEBUG 7503 --- [kground-preinit] o.apache.tomcat.util.digester.Digester   : [SetNextRule]{mbeans-descriptors/mbean/operation/parameter} Call org.apache.tomcat.util.modeler.OperationInfo.addParameter(org.apache.tomcat.util.modeler.ParameterInfo@73bc6127)
2019-12-06 11:18:40.698 DEBUG 7503 --- [kground-preinit] o.apache.tomcat.util.IntrospectionUtils  : IntrospectionUtils: callMethod1 org.apache.tomcat.util.modeler.OperationInfo org.apache.tomcat.util.modeler.ParameterInfo org.apache.tomcat.util.modeler.ParameterInfo
2019-12-06 11:18:40.698 DEBUG 7503 --- [kground-preinit] o.apache.tomcat.util.digester.Digester   :   Fire end() for SetPropertiesRule[]
2019-12-06 11:18:40.698 DEBUG 7503 --- [kground-preinit] o.apache.tomcat.util.digester.Digester   :   Fire end() for ObjectCreateRule[className=org.apache.tomcat.util.modeler.ParameterInfo, attributeName=null]
2019-12-06 11:18:40.699 DEBUG 7503 --- [kground-preinit] o.apache.tomcat.util.digester.Digester   : [ObjectCreateRule]{mbeans-descriptors/mbean/operation/parameter} Pop org.apache.tomcat.util.modeler.ParameterInfo
2019-12-06 11:18:40.699 DEBUG 7503 --- [kground-preinit] o.a.tomcat.util.digester.Digester.sax    : characters(
    )
2019-12-06 11:18:40.699 DEBUG 7503 --- [kground-preinit] o.a.tomcat.util.digester.Digester.sax    : endElement(,,operation)
2019-12-06 11:18:40.699 DEBUG 7503 --- [kground-preinit] o.apache.tomcat.util.digester.Digester   :   match='mbeans-descriptors/mbean/operation'
2019-12-06 11:18:40.699 DEBUG 7503 --- [kground-preinit] o.apache.tomcat.util.digester.Digester   :   bodyText='
      
      
      
    '
2019-12-06 11:18:40.699 DEBUG 7503 --- [kground-preinit] o.apache.tomcat.util.digester.Digester   :   Fire body() for ObjectCreateRule[className=org.apache.tomcat.util.modeler.OperationInfo, attributeName=null]
2019-12-06 11:18:40.699 DEBUG 7503 --- [kground-preinit] o.apache.tomcat.util.digester.Digester   :   Fire body() for SetPropertiesRule[]
2019-12-06 11:18:40.699 DEBUG 7503 --- [kground-preinit] o.apache.tomcat.util.digester.Digester   :   Fire body() for SetNextRule[methodName=addOperation, paramType=org.apache.tomcat.util.modeler.OperationInfo]
2019-12-06 11:18:40.700 DEBUG 7503 --- [kground-preinit] o.apache.tomcat.util.digester.Digester   :   Fire end() for SetNextRule[methodName=addOperation, paramType=org.apache.tomcat.util.modeler.OperationInfo]
2019-12-06 11:18:40.700 DEBUG 7503 --- [kground-preinit] o.apache.tomcat.util.digester.Digester   : [SetNextRule]{mbeans-descriptors/mbean/operation} Call org.apache.tomcat.util.modeler.ManagedBean.addOperation(org.apache.tomcat.util.modeler.OperationInfo@5a5b6be4)
2019-12-06 11:18:40.700 DEBUG 7503 --- [kground-preinit] o.apache.tomcat.util.IntrospectionUtils  : IntrospectionUtils: callMethod1 org.apache.tomcat.util.modeler.ManagedBean org.apache.tomcat.util.modeler.OperationInfo org.apache.tomcat.util.modeler.OperationInfo
2019-12-06 11:18:40.700 DEBUG 7503 --- [kground-preinit] o.apache.tomcat.util.digester.Digester   :   Fire end() for SetPropertiesRule[]
2019-12-06 11:18:40.700 DEBUG 7503 --- [kground-preinit] o.apache.tomcat.util.digester.Digester   :   Fire end() for ObjectCreateRule[className=org.apache.tomcat.util.modeler.OperationInfo, attributeName=null]
2019-12-06 11:18:40.700 DEBUG 7503 --- [kground-preinit] o.apache.tomcat.util.digester.Digester   : [ObjectCreateRule]{mbeans-descriptors/mbean/operation} Pop org.apache.tomcat.util.modeler.OperationInfo
2019-12-06 11:18:40.700 DEBUG 7503 --- [kground-preinit] o.a.tomcat.util.digester.Digester.sax    : characters(

    )
2019-12-06 11:18:40.701 DEBUG 7503 --- [kground-preinit] o.a.tomcat.util.digester.Digester.sax    : startElement(,,operation)
2019-12-06 11:18:40.701 DEBUG 7503 --- [kground-preinit] o.apache.tomcat.util.digester.Digester   :   New match='mbeans-descriptors/mbean/operation'
2019-12-06 11:18:40.701 DEBUG 7503 --- [kground-preinit] o.apache.tomcat.util.digester.Digester   :   Fire begin() for ObjectCreateRule[className=org.apache.tomcat.util.modeler.OperationInfo, attributeName=null]
2019-12-06 11:18:40.701 DEBUG 7503 --- [kground-preinit] o.apache.tomcat.util.digester.Digester   :   Fire begin() for SetPropertiesRule[]
2019-12-06 11:18:40.701 DEBUG 7503 --- [kground-preinit] o.apache.tomcat.util.digester.Digester   : [SetPropertiesRule]{mbeans-descriptors/mbean/operation} Set org.apache.tomcat.util.modeler.OperationInfo properties
2019-12-06 11:18:40.702 DEBUG 7503 --- [kground-preinit] o.apache.tomcat.util.digester.Digester   : [SetPropertiesRule]{mbeans-descriptors/mbean/operation} Setting property 'name' to 'createJDBCRealm'
2019-12-06 11:18:40.702 DEBUG 7503 --- [kground-preinit] o.apache.tomcat.util.IntrospectionUtils  : IntrospectionUtils: setProperty(class org.apache.tomcat.util.modeler.OperationInfo name=createJDBCRealm)
2019-12-06 11:18:40.702 DEBUG 7503 --- [kground-preinit] o.apache.tomcat.util.digester.Digester   : [SetPropertiesRule]{mbeans-descriptors/mbean/operation} Setting property 'description' to 'Create a new JDBC Realm'
2019-12-06 11:18:40.702 DEBUG 7503 --- [kground-preinit] o.apache.tomcat.util.IntrospectionUtils  : IntrospectionUtils: setProperty(class org.apache.tomcat.util.modeler.OperationInfo description=Create a new JDBC Realm)
2019-12-06 11:18:40.702 DEBUG 7503 --- [kground-preinit] o.apache.tomcat.util.digester.Digester   : [SetPropertiesRule]{mbeans-descriptors/mbean/operation} Setting property 'impact' to 'ACTION'
2019-12-06 11:18:40.702 DEBUG 7503 --- [kground-preinit] o.apache.tomcat.util.IntrospectionUtils  : IntrospectionUtils: setProperty(class org.apache.tomcat.util.modeler.OperationInfo impact=ACTION)
2019-12-06 11:18:40.702 DEBUG 7503 --- [kground-preinit] o.apache.tomcat.util.digester.Digester   : [SetPropertiesRule]{mbeans-descriptors/mbean/operation} Setting property 'returnType' to 'java.lang.String'
2019-12-06 11:18:40.702 DEBUG 7503 --- [kground-preinit] o.apache.tomcat.util.IntrospectionUtils  : IntrospectionUtils: setProperty(class org.apache.tomcat.util.modeler.OperationInfo returnType=java.lang.String)
2019-12-06 11:18:40.703 DEBUG 7503 --- [kground-preinit] o.apache.tomcat.util.digester.Digester   :   Fire begin() for SetNextRule[methodName=addOperation, paramType=org.apache.tomcat.util.modeler.OperationInfo]
2019-12-06 11:18:40.703 DEBUG 7503 --- [kground-preinit] o.a.tomcat.util.digester.Digester.sax    : characters(
      )
2019-12-06 11:18:40.703 DEBUG 7503 --- [kground-preinit] o.a.tomcat.util.digester.Digester.sax    : startElement(,,parameter)
2019-12-06 11:18:40.703 DEBUG 7503 --- [kground-preinit] o.apache.tomcat.util.digester.Digester   :   New match='mbeans-descriptors/mbean/operation/parameter'
2019-12-06 11:18:40.703 DEBUG 7503 --- [kground-preinit] o.apache.tomcat.util.digester.Digester   :   Fire begin() for ObjectCreateRule[className=org.apache.tomcat.util.modeler.ParameterInfo, attributeName=null]
2019-12-06 11:18:40.704 DEBUG 7503 --- [kground-preinit] o.apache.tomcat.util.digester.Digester   :   Fire begin() for SetPropertiesRule[]
2019-12-06 11:18:40.704 DEBUG 7503 --- [kground-preinit] o.apache.tomcat.util.digester.Digester   : [SetPropertiesRule]{mbeans-descriptors/mbean/operation/parameter} Set org.apache.tomcat.util.modeler.ParameterInfo properties
2019-12-06 11:18:40.704 DEBUG 7503 --- [kground-preinit] o.apache.tomcat.util.digester.Digester   : [SetPropertiesRule]{mbeans-descriptors/mbean/operation/parameter} Setting property 'name' to 'parent'
2019-12-06 11:18:40.704 DEBUG 7503 --- [kground-preinit] o.apache.tomcat.util.IntrospectionUtils  : IntrospectionUtils: setProperty(class org.apache.tomcat.util.modeler.ParameterInfo name=parent)
2019-12-06 11:18:40.704 DEBUG 7503 --- [kground-preinit] o.apache.tomcat.util.digester.Digester   : [SetPropertiesRule]{mbeans-descriptors/mbean/operation/parameter} Setting property 'description' to 'MBean Name of the associated parent component'
2019-12-06 11:18:40.704 DEBUG 7503 --- [kground-preinit] o.apache.tomcat.util.IntrospectionUtils  : IntrospectionUtils: setProperty(class org.apache.tomcat.util.modeler.ParameterInfo description=MBean Name of the associated parent component)
2019-12-06 11:18:40.705 DEBUG 7503 --- [kground-preinit] o.apache.tomcat.util.digester.Digester   : [SetPropertiesRule]{mbeans-descriptors/mbean/operation/parameter} Setting property 'type' to 'java.lang.String'
2019-12-06 11:18:40.705 DEBUG 7503 --- [kground-preinit] o.apache.tomcat.util.IntrospectionUtils  : IntrospectionUtils: setProperty(class org.apache.tomcat.util.modeler.ParameterInfo type=java.lang.String)
2019-12-06 11:18:40.705 DEBUG 7503 --- [kground-preinit] o.apache.tomcat.util.digester.Digester   :   Fire begin() for SetNextRule[methodName=addParameter, paramType=org.apache.tomcat.util.modeler.ParameterInfo]
2019-12-06 11:18:40.705 DEBUG 7503 --- [kground-preinit] o.a.tomcat.util.digester.Digester.sax    : endElement(,,parameter)
2019-12-06 11:18:40.705 DEBUG 7503 --- [kground-preinit] o.apache.tomcat.util.digester.Digester   :   match='mbeans-descriptors/mbean/operation/parameter'
2019-12-06 11:18:40.705 DEBUG 7503 --- [kground-preinit] o.apache.tomcat.util.digester.Digester   :   bodyText=''
2019-12-06 11:18:40.705 DEBUG 7503 --- [kground-preinit] o.apache.tomcat.util.digester.Digester   :   Fire body() for ObjectCreateRule[className=org.apache.tomcat.util.modeler.ParameterInfo, attributeName=null]
2019-12-06 11:18:40.706 DEBUG 7503 --- [kground-preinit] o.apache.tomcat.util.digester.Digester   :   Fire body() for SetPropertiesRule[]
2019-12-06 11:18:40.706 DEBUG 7503 --- [kground-preinit] o.apache.tomcat.util.digester.Digester   :   Fire body() for SetNextRule[methodName=addParameter, paramType=org.apache.tomcat.util.modeler.ParameterInfo]
2019-12-06 11:18:40.706 DEBUG 7503 --- [kground-preinit] o.apache.tomcat.util.digester.Digester   :   Fire end() for SetNextRule[methodName=addParameter, paramType=org.apache.tomcat.util.modeler.ParameterInfo]
2019-12-06 11:18:40.706 DEBUG 7503 --- [kground-preinit] o.apache.tomcat.util.digester.Digester   : [SetNextRule]{mbeans-descriptors/mbean/operation/parameter} Call org.apache.tomcat.util.modeler.OperationInfo.addParameter(org.apache.tomcat.util.modeler.ParameterInfo@49e64732)
2019-12-06 11:18:40.706 DEBUG 7503 --- [kground-preinit] o.apache.tomcat.util.IntrospectionUtils  : IntrospectionUtils: callMethod1 org.apache.tomcat.util.modeler.OperationInfo org.apache.tomcat.util.modeler.ParameterInfo org.apache.tomcat.util.modeler.ParameterInfo
2019-12-06 11:18:40.706 DEBUG 7503 --- [kground-preinit] o.apache.tomcat.util.digester.Digester   :   Fire end() for SetPropertiesRule[]
2019-12-06 11:18:40.706 DEBUG 7503 --- [kground-preinit] o.apache.tomcat.util.digester.Digester   :   Fire end() for ObjectCreateRule[className=org.apache.tomcat.util.modeler.ParameterInfo, attributeName=null]
2019-12-06 11:18:40.707 DEBUG 7503 --- [kground-preinit] o.apache.tomcat.util.digester.Digester   : [ObjectCreateRule]{mbeans-descriptors/mbean/operation/parameter} Pop org.apache.tomcat.util.modeler.ParameterInfo
2019-12-06 11:18:40.707 DEBUG 7503 --- [kground-preinit] o.a.tomcat.util.digester.Digester.sax    : characters(
    )
2019-12-06 11:18:40.707 DEBUG 7503 --- [kground-preinit] o.a.tomcat.util.digester.Digester.sax    : endElement(,,operation)
2019-12-06 11:18:40.707 DEBUG 7503 --- [kground-preinit] o.apache.tomcat.util.digester.Digester   :   match='mbeans-descriptors/mbean/operation'
2019-12-06 11:18:40.707 DEBUG 7503 --- [kground-preinit] o.apache.tomcat.util.digester.Digester   :   bodyText='
      
    '
2019-12-06 11:18:40.707 DEBUG 7503 --- [kground-preinit] o.apache.tomcat.util.digester.Digester   :   Fire body() for ObjectCreateRule[className=org.apache.tomcat.util.modeler.OperationInfo, attributeName=null]
2019-12-06 11:18:40.707 DEBUG 7503 --- [kground-preinit] o.apache.tomcat.util.digester.Digester   :   Fire body() for SetPropertiesRule[]
2019-12-06 11:18:40.708 DEBUG 7503 --- [kground-preinit] o.apache.tomcat.util.digester.Digester   :   Fire body() for SetNextRule[methodName=addOperation, paramType=org.apache.tomcat.util.modeler.OperationInfo]
2019-12-06 11:18:40.708 DEBUG 7503 --- [kground-preinit] o.apache.tomcat.util.digester.Digester   :   Fire end() for SetNextRule[methodName=addOperation, paramType=org.apache.tomcat.util.modeler.OperationInfo]
2019-12-06 11:18:40.708 DEBUG 7503 --- [kground-preinit] o.apache.tomcat.util.digester.Digester   : [SetNextRule]{mbeans-descriptors/mbean/operation} Call org.apache.tomcat.util.modeler.ManagedBean.addOperation(org.apache.tomcat.util.modeler.OperationInfo@5943b270)
2019-12-06 11:18:40.708 DEBUG 7503 --- [kground-preinit] o.apache.tomcat.util.IntrospectionUtils  : IntrospectionUtils: callMethod1 org.apache.tomcat.util.modeler.ManagedBean org.apache.tomcat.util.modeler.OperationInfo org.apache.tomcat.util.modeler.OperationInfo
2019-12-06 11:18:40.708 DEBUG 7503 --- [kground-preinit] o.apache.tomcat.util.digester.Digester   :   Fire end() for SetPropertiesRule[]
2019-12-06 11:18:40.708 DEBUG 7503 --- [kground-preinit] o.apache.tomcat.util.digester.Digester   :   Fire end() for ObjectCreateRule[className=org.apache.tomcat.util.modeler.OperationInfo, attributeName=null]
2019-12-06 11:18:40.708 DEBUG 7503 --- [kground-preinit] o.apache.tomcat.util.digester.Digester   : [ObjectCreateRule]{mbeans-descriptors/mbean/operation} Pop org.apache.tomcat.util.modeler.OperationInfo
2019-12-06 11:18:40.709 DEBUG 7503 --- [kground-preinit] o.a.tomcat.util.digester.Digester.sax    : characters(

    )
2019-12-06 11:18:40.709 DEBUG 7503 --- [kground-preinit] o.a.tomcat.util.digester.Digester.sax    : startElement(,,operation)
2019-12-06 11:18:40.709 DEBUG 7503 --- [kground-preinit] o.apache.tomcat.util.digester.Digester   :   New match='mbeans-descriptors/mbean/operation'
2019-12-06 11:18:40.709 DEBUG 7503 --- [kground-preinit] o.apache.tomcat.util.digester.Digester   :   Fire begin() for ObjectCreateRule[className=org.apache.tomcat.util.modeler.OperationInfo, attributeName=null]
2019-12-06 11:18:40.709 DEBUG 7503 --- [kground-preinit] o.apache.tomcat.util.digester.Digester   :   Fire begin() for SetPropertiesRule[]
2019-12-06 11:18:40.710 DEBUG 7503 --- [kground-preinit] o.apache.tomcat.util.digester.Digester   : [SetPropertiesRule]{mbeans-descriptors/mbean/operation} Set org.apache.tomcat.util.modeler.OperationInfo properties
2019-12-06 11:18:40.710 DEBUG 7503 --- [kground-preinit] o.apache.tomcat.util.digester.Digester   : [SetPropertiesRule]{mbeans-descriptors/mbean/operation} Setting property 'name' to 'createJNDIRealm'
2019-12-06 11:18:40.710 DEBUG 7503 --- [kground-preinit] o.apache.tomcat.util.IntrospectionUtils  : IntrospectionUtils: setProperty(class org.apache.tomcat.util.modeler.OperationInfo name=createJNDIRealm)
2019-12-06 11:18:40.710 DEBUG 7503 --- [kground-preinit] o.apache.tomcat.util.digester.Digester   : [SetPropertiesRule]{mbeans-descriptors/mbean/operation} Setting property 'description' to 'Create a new JNDI Realm'
2019-12-06 11:18:40.710 DEBUG 7503 --- [kground-preinit] o.apache.tomcat.util.IntrospectionUtils  : IntrospectionUtils: setProperty(class org.apache.tomcat.util.modeler.OperationInfo description=Create a new JNDI Realm)
2019-12-06 11:18:40.710 DEBUG 7503 --- [kground-preinit] o.apache.tomcat.util.digester.Digester   : [SetPropertiesRule]{mbeans-descriptors/mbean/operation} Setting property 'impact' to 'ACTION'
2019-12-06 11:18:40.710 DEBUG 7503 --- [kground-preinit] o.apache.tomcat.util.IntrospectionUtils  : IntrospectionUtils: setProperty(class org.apache.tomcat.util.modeler.OperationInfo impact=ACTION)
2019-12-06 11:18:40.711 DEBUG 7503 --- [kground-preinit] o.apache.tomcat.util.digester.Digester   : [SetPropertiesRule]{mbeans-descriptors/mbean/operation} Setting property 'returnType' to 'java.lang.String'
2019-12-06 11:18:40.711 DEBUG 7503 --- [kground-preinit] o.apache.tomcat.util.IntrospectionUtils  : IntrospectionUtils: setProperty(class org.apache.tomcat.util.modeler.OperationInfo returnType=java.lang.String)
2019-12-06 11:18:40.711 DEBUG 7503 --- [kground-preinit] o.apache.tomcat.util.digester.Digester   :   Fire begin() for SetNextRule[methodName=addOperation, paramType=org.apache.tomcat.util.modeler.OperationInfo]
2019-12-06 11:18:40.711 DEBUG 7503 --- [kground-preinit] o.a.tomcat.util.digester.Digester.sax    : characters(
      )
2019-12-06 11:18:40.711 DEBUG 7503 --- [kground-preinit] o.a.tomcat.util.digester.Digester.sax    : startElement(,,parameter)
2019-12-06 11:18:40.711 DEBUG 7503 --- [kground-preinit] o.apache.tomcat.util.digester.Digester   :   New match='mbeans-descriptors/mbean/operation/parameter'
2019-12-06 11:18:40.711 DEBUG 7503 --- [kground-preinit] o.apache.tomcat.util.digester.Digester   :   Fire begin() for ObjectCreateRule[className=org.apache.tomcat.util.modeler.ParameterInfo, attributeName=null]
2019-12-06 11:18:40.712 DEBUG 7503 --- [kground-preinit] o.apache.tomcat.util.digester.Digester   :   Fire begin() for SetPropertiesRule[]
2019-12-06 11:18:40.712 DEBUG 7503 --- [kground-preinit] o.apache.tomcat.util.digester.Digester   : [SetPropertiesRule]{mbeans-descriptors/mbean/operation/parameter} Set org.apache.tomcat.util.modeler.ParameterInfo properties
2019-12-06 11:18:40.712 DEBUG 7503 --- [kground-preinit] o.apache.tomcat.util.digester.Digester   : [SetPropertiesRule]{mbeans-descriptors/mbean/operation/parameter} Setting property 'name' to 'parent'
2019-12-06 11:18:40.712 DEBUG 7503 --- [kground-preinit] o.apache.tomcat.util.IntrospectionUtils  : IntrospectionUtils: setProperty(class org.apache.tomcat.util.modeler.ParameterInfo name=parent)
2019-12-06 11:18:40.712 DEBUG 7503 --- [kground-preinit] o.apache.tomcat.util.digester.Digester   : [SetPropertiesRule]{mbeans-descriptors/mbean/operation/parameter} Setting property 'description' to 'MBean Name of the associated parent component'
2019-12-06 11:18:40.712 DEBUG 7503 --- [kground-preinit] o.apache.tomcat.util.IntrospectionUtils  : IntrospectionUtils: setProperty(class org.apache.tomcat.util.modeler.ParameterInfo description=MBean Name of the associated parent component)
2019-12-06 11:18:40.712 DEBUG 7503 --- [kground-preinit] o.apache.tomcat.util.digester.Digester   : [SetPropertiesRule]{mbeans-descriptors/mbean/operation/parameter} Setting property 'type' to 'java.lang.String'
2019-12-06 11:18:40.712 DEBUG 7503 --- [kground-preinit] o.apache.tomcat.util.IntrospectionUtils  : IntrospectionUtils: setProperty(class org.apache.tomcat.util.modeler.ParameterInfo type=java.lang.String)
2019-12-06 11:18:40.712 DEBUG 7503 --- [kground-preinit] o.apache.tomcat.util.digester.Digester   :   Fire begin() for SetNextRule[methodName=addParameter, paramType=org.apache.tomcat.util.modeler.ParameterInfo]
2019-12-06 11:18:40.713 DEBUG 7503 --- [kground-preinit] o.a.tomcat.util.digester.Digester.sax    : endElement(,,parameter)
2019-12-06 11:18:40.713 DEBUG 7503 --- [kground-preinit] o.apache.tomcat.util.digester.Digester   :   match='mbeans-descriptors/mbean/operation/parameter'
2019-12-06 11:18:40.713 DEBUG 7503 --- [kground-preinit] o.apache.tomcat.util.digester.Digester   :   bodyText=''
2019-12-06 11:18:40.713 DEBUG 7503 --- [kground-preinit] o.apache.tomcat.util.digester.Digester   :   Fire body() for ObjectCreateRule[className=org.apache.tomcat.util.modeler.ParameterInfo, attributeName=null]
2019-12-06 11:18:40.713 DEBUG 7503 --- [kground-preinit] o.apache.tomcat.util.digester.Digester   :   Fire body() for SetPropertiesRule[]
2019-12-06 11:18:40.713 DEBUG 7503 --- [kground-preinit] o.apache.tomcat.util.digester.Digester   :   Fire body() for SetNextRule[methodName=addParameter, paramType=org.apache.tomcat.util.modeler.ParameterInfo]
2019-12-06 11:18:40.713 DEBUG 7503 --- [kground-preinit] o.apache.tomcat.util.digester.Digester   :   Fire end() for SetNextRule[methodName=addParameter, paramType=org.apache.tomcat.util.modeler.ParameterInfo]
2019-12-06 11:18:40.713 DEBUG 7503 --- [kground-preinit] o.apache.tomcat.util.digester.Digester   : [SetNextRule]{mbeans-descriptors/mbean/operation/parameter} Call org.apache.tomcat.util.modeler.OperationInfo.addParameter(org.apache.tomcat.util.modeler.ParameterInfo@7a79a5f)
2019-12-06 11:18:40.713 DEBUG 7503 --- [kground-preinit] o.apache.tomcat.util.IntrospectionUtils  : IntrospectionUtils: callMethod1 org.apache.tomcat.util.modeler.OperationInfo org.apache.tomcat.util.modeler.ParameterInfo org.apache.tomcat.util.modeler.ParameterInfo
2019-12-06 11:18:40.714 DEBUG 7503 --- [kground-preinit] o.apache.tomcat.util.digester.Digester   :   Fire end() for SetPropertiesRule[]
2019-12-06 11:18:40.714 DEBUG 7503 --- [kground-preinit] o.apache.tomcat.util.digester.Digester   :   Fire end() for ObjectCreateRule[className=org.apache.tomcat.util.modeler.ParameterInfo, attributeName=null]
2019-12-06 11:18:40.714 DEBUG 7503 --- [kground-preinit] o.apache.tomcat.util.digester.Digester   : [ObjectCreateRule]{mbeans-descriptors/mbean/operation/parameter} Pop org.apache.tomcat.util.modeler.ParameterInfo
2019-12-06 11:18:40.714 DEBUG 7503 --- [kground-preinit] o.a.tomcat.util.digester.Digester.sax    : characters(
    )
2019-12-06 11:18:40.714 DEBUG 7503 --- [kground-preinit] o.a.tomcat.util.digester.Digester.sax    : endElement(,,operation)
2019-12-06 11:18:40.714 DEBUG 7503 --- [kground-preinit] o.apache.tomcat.util.digester.Digester   :   match='mbeans-descriptors/mbean/operation'
2019-12-06 11:18:40.714 DEBUG 7503 --- [kground-preinit] o.apache.tomcat.util.digester.Digester   :   bodyText='
      
    '
2019-12-06 11:18:40.714 DEBUG 7503 --- [kground-preinit] o.apache.tomcat.util.digester.Digester   :   Fire body() for ObjectCreateRule[className=org.apache.tomcat.util.modeler.OperationInfo, attributeName=null]
2019-12-06 11:18:40.714 DEBUG 7503 --- [kground-preinit] o.apache.tomcat.util.digester.Digester   :   Fire body() for SetPropertiesRule[]
2019-12-06 11:18:40.715 DEBUG 7503 --- [kground-preinit] o.apache.tomcat.util.digester.Digester   :   Fire body() for SetNextRule[methodName=addOperation, paramType=org.apache.tomcat.util.modeler.OperationInfo]
2019-12-06 11:18:40.715 DEBUG 7503 --- [kground-preinit] o.apache.tomcat.util.digester.Digester   :   Fire end() for SetNextRule[methodName=addOperation, paramType=org.apache.tomcat.util.modeler.OperationInfo]
2019-12-06 11:18:40.715 DEBUG 7503 --- [kground-preinit] o.apache.tomcat.util.digester.Digester   : [SetNextRule]{mbeans-descriptors/mbean/operation} Call org.apache.tomcat.util.modeler.ManagedBean.addOperation(org.apache.tomcat.util.modeler.OperationInfo@622d504)
2019-12-06 11:18:40.715 DEBUG 7503 --- [kground-preinit] o.apache.tomcat.util.IntrospectionUtils  : IntrospectionUtils: callMethod1 org.apache.tomcat.util.modeler.ManagedBean org.apache.tomcat.util.modeler.OperationInfo org.apache.tomcat.util.modeler.OperationInfo
2019-12-06 11:18:40.715 DEBUG 7503 --- [kground-preinit] o.apache.tomcat.util.digester.Digester   :   Fire end() for SetPropertiesRule[]
2019-12-06 11:18:40.715 DEBUG 7503 --- [kground-preinit] o.apache.tomcat.util.digester.Digester   :   Fire end() for ObjectCreateRule[className=org.apache.tomcat.util.modeler.OperationInfo, attributeName=null]
2019-12-06 11:18:40.716 DEBUG 7503 --- [kground-preinit] o.apache.tomcat.util.digester.Digester   : [ObjectCreateRule]{mbeans-descriptors/mbean/operation} Pop org.apache.tomcat.util.modeler.OperationInfo
2019-12-06 11:18:40.716 DEBUG 7503 --- [kground-preinit] o.a.tomcat.util.digester.Digester.sax    : characters(

    )
2019-12-06 11:18:40.716 DEBUG 7503 --- [kground-preinit] o.a.tomcat.util.digester.Digester.sax    : startElement(,,operation)
2019-12-06 11:18:40.716 DEBUG 7503 --- [kground-preinit] o.apache.tomcat.util.digester.Digester   :   New match='mbeans-descriptors/mbean/operation'
2019-12-06 11:18:40.716 DEBUG 7503 --- [kground-preinit] o.apache.tomcat.util.digester.Digester   :   Fire begin() for ObjectCreateRule[className=org.apache.tomcat.util.modeler.OperationInfo, attributeName=null]
2019-12-06 11:18:40.716 DEBUG 7503 --- [kground-preinit] o.apache.tomcat.util.digester.Digester   :   Fire begin() for SetPropertiesRule[]
2019-12-06 11:18:40.716 DEBUG 7503 --- [kground-preinit] o.apache.tomcat.util.digester.Digester   : [SetPropertiesRule]{mbeans-descriptors/mbean/operation} Set org.apache.tomcat.util.modeler.OperationInfo properties
2019-12-06 11:18:40.717 DEBUG 7503 --- [kground-preinit] o.apache.tomcat.util.digester.Digester   : [SetPropertiesRule]{mbeans-descriptors/mbean/operation} Setting property 'name' to 'createMemoryRealm'
2019-12-06 11:18:40.717 DEBUG 7503 --- [kground-preinit] o.apache.tomcat.util.IntrospectionUtils  : IntrospectionUtils: setProperty(class org.apache.tomcat.util.modeler.OperationInfo name=createMemoryRealm)
2019-12-06 11:18:40.717 DEBUG 7503 --- [kground-preinit] o.apache.tomcat.util.digester.Digester   : [SetPropertiesRule]{mbeans-descriptors/mbean/operation} Setting property 'description' to 'Create a new Memory Realm'
2019-12-06 11:18:40.717 DEBUG 7503 --- [kground-preinit] o.apache.tomcat.util.IntrospectionUtils  : IntrospectionUtils: setProperty(class org.apache.tomcat.util.modeler.OperationInfo description=Create a new Memory Realm)
2019-12-06 11:18:40.717 DEBUG 7503 --- [kground-preinit] o.apache.tomcat.util.digester.Digester   : [SetPropertiesRule]{mbeans-descriptors/mbean/operation} Setting property 'impact' to 'ACTION'
2019-12-06 11:18:40.718 DEBUG 7503 --- [kground-preinit] o.apache.tomcat.util.IntrospectionUtils  : IntrospectionUtils: setProperty(class org.apache.tomcat.util.modeler.OperationInfo impact=ACTION)
2019-12-06 11:18:40.718 DEBUG 7503 --- [kground-preinit] o.apache.tomcat.util.digester.Digester   : [SetPropertiesRule]{mbeans-descriptors/mbean/operation} Setting property 'returnType' to 'java.lang.String'
2019-12-06 11:18:40.718 DEBUG 7503 --- [kground-preinit] o.apache.tomcat.util.IntrospectionUtils  : IntrospectionUtils: setProperty(class org.apache.tomcat.util.modeler.OperationInfo returnType=java.lang.String)
2019-12-06 11:18:40.718 DEBUG 7503 --- [kground-preinit] o.apache.tomcat.util.digester.Digester   :   Fire begin() for SetNextRule[methodName=addOperation, paramType=org.apache.tomcat.util.modeler.OperationInfo]
2019-12-06 11:18:40.718 DEBUG 7503 --- [kground-preinit] o.a.tomcat.util.digester.Digester.sax    : characters(
      )
2019-12-06 11:18:40.719 DEBUG 7503 --- [kground-preinit] o.a.tomcat.util.digester.Digester.sax    : startElement(,,parameter)
2019-12-06 11:18:40.719 DEBUG 7503 --- [kground-preinit] o.apache.tomcat.util.digester.Digester   :   New match='mbeans-descriptors/mbean/operation/parameter'
2019-12-06 11:18:40.719 DEBUG 7503 --- [kground-preinit] o.apache.tomcat.util.digester.Digester   :   Fire begin() for ObjectCreateRule[className=org.apache.tomcat.util.modeler.ParameterInfo, attributeName=null]
2019-12-06 11:18:40.719 DEBUG 7503 --- [kground-preinit] o.apache.tomcat.util.digester.Digester   :   Fire begin() for SetPropertiesRule[]
2019-12-06 11:18:40.719 DEBUG 7503 --- [kground-preinit] o.apache.tomcat.util.digester.Digester   : [SetPropertiesRule]{mbeans-descriptors/mbean/operation/parameter} Set org.apache.tomcat.util.modeler.ParameterInfo properties
2019-12-06 11:18:40.719 DEBUG 7503 --- [kground-preinit] o.apache.tomcat.util.digester.Digester   : [SetPropertiesRule]{mbeans-descriptors/mbean/operation/parameter} Setting property 'name' to 'parent'
2019-12-06 11:18:40.719 DEBUG 7503 --- [kground-preinit] o.apache.tomcat.util.IntrospectionUtils  : IntrospectionUtils: setProperty(class org.apache.tomcat.util.modeler.ParameterInfo name=parent)
2019-12-06 11:18:40.719 DEBUG 7503 --- [kground-preinit] o.apache.tomcat.util.digester.Digester   : [SetPropertiesRule]{mbeans-descriptors/mbean/operation/parameter} Setting property 'description' to 'MBean Name of the associated parent component'
2019-12-06 11:18:40.720 DEBUG 7503 --- [kground-preinit] o.apache.tomcat.util.IntrospectionUtils  : IntrospectionUtils: setProperty(class org.apache.tomcat.util.modeler.ParameterInfo description=MBean Name of the associated parent component)
2019-12-06 11:18:40.720 DEBUG 7503 --- [kground-preinit] o.apache.tomcat.util.digester.Digester   : [SetPropertiesRule]{mbeans-descriptors/mbean/operation/parameter} Setting property 'type' to 'java.lang.String'
2019-12-06 11:18:40.720 DEBUG 7503 --- [kground-preinit] o.apache.tomcat.util.IntrospectionUtils  : IntrospectionUtils: setProperty(class org.apache.tomcat.util.modeler.ParameterInfo type=java.lang.String)
2019-12-06 11:18:40.720 DEBUG 7503 --- [kground-preinit] o.apache.tomcat.util.digester.Digester   :   Fire begin() for SetNextRule[methodName=addParameter, paramType=org.apache.tomcat.util.modeler.ParameterInfo]
2019-12-06 11:18:40.720 DEBUG 7503 --- [kground-preinit] o.a.tomcat.util.digester.Digester.sax    : endElement(,,parameter)
2019-12-06 11:18:40.720 DEBUG 7503 --- [kground-preinit] o.apache.tomcat.util.digester.Digester   :   match='mbeans-descriptors/mbean/operation/parameter'
2019-12-06 11:18:40.720 DEBUG 7503 --- [kground-preinit] o.apache.tomcat.util.digester.Digester   :   bodyText=''
2019-12-06 11:18:40.721 DEBUG 7503 --- [kground-preinit] o.apache.tomcat.util.digester.Digester   :   Fire body() for ObjectCreateRule[className=org.apache.tomcat.util.modeler.ParameterInfo, attributeName=null]
2019-12-06 11:18:40.721 DEBUG 7503 --- [kground-preinit] o.apache.tomcat.util.digester.Digester   :   Fire body() for SetPropertiesRule[]
2019-12-06 11:18:40.721 DEBUG 7503 --- [kground-preinit] o.apache.tomcat.util.digester.Digester   :   Fire body() for SetNextRule[methodName=addParameter, paramType=org.apache.tomcat.util.modeler.ParameterInfo]
2019-12-06 11:18:40.721 DEBUG 7503 --- [kground-preinit] o.apache.tomcat.util.digester.Digester   :   Fire end() for SetNextRule[methodName=addParameter, paramType=org.apache.tomcat.util.modeler.ParameterInfo]
2019-12-06 11:18:40.721 DEBUG 7503 --- [kground-preinit] o.apache.tomcat.util.digester.Digester   : [SetNextRule]{mbeans-descriptors/mbean/operation/parameter} Call org.apache.tomcat.util.modeler.OperationInfo.addParameter(org.apache.tomcat.util.modeler.ParameterInfo@7d06cd25)
2019-12-06 11:18:40.721 DEBUG 7503 --- [kground-preinit] o.apache.tomcat.util.IntrospectionUtils  : IntrospectionUtils: callMethod1 org.apache.tomcat.util.modeler.OperationInfo org.apache.tomcat.util.modeler.ParameterInfo org.apache.tomcat.util.modeler.ParameterInfo
2019-12-06 11:18:40.721 DEBUG 7503 --- [kground-preinit] o.apache.tomcat.util.digester.Digester   :   Fire end() for SetPropertiesRule[]
2019-12-06 11:18:40.721 DEBUG 7503 --- [kground-preinit] o.apache.tomcat.util.digester.Digester   :   Fire end() for ObjectCreateRule[className=org.apache.tomcat.util.modeler.ParameterInfo, attributeName=null]
2019-12-06 11:18:40.722 DEBUG 7503 --- [kground-preinit] o.apache.tomcat.util.digester.Digester   : [ObjectCreateRule]{mbeans-descriptors/mbean/operation/parameter} Pop org.apache.tomcat.util.modeler.ParameterInfo
2019-12-06 11:18:40.722 DEBUG 7503 --- [kground-preinit] o.a.tomcat.util.digester.Digester.sax    : characters(
    )
2019-12-06 11:18:40.722 DEBUG 7503 --- [kground-preinit] o.a.tomcat.util.digester.Digester.sax    : endElement(,,operation)
2019-12-06 11:18:40.722 DEBUG 7503 --- [kground-preinit] o.apache.tomcat.util.digester.Digester   :   match='mbeans-descriptors/mbean/operation'
2019-12-06 11:18:40.722 DEBUG 7503 --- [kground-preinit] o.apache.tomcat.util.digester.Digester   :   bodyText='
      
    '
2019-12-06 11:18:40.722 DEBUG 7503 --- [kground-preinit] o.apache.tomcat.util.digester.Digester   :   Fire body() for ObjectCreateRule[className=org.apache.tomcat.util.modeler.OperationInfo, attributeName=null]
2019-12-06 11:18:40.723 DEBUG 7503 --- [kground-preinit] o.apache.tomcat.util.digester.Digester   :   Fire body() for SetPropertiesRule[]
2019-12-06 11:18:40.723 DEBUG 7503 --- [kground-preinit] o.apache.tomcat.util.digester.Digester   :   Fire body() for SetNextRule[methodName=addOperation, paramType=org.apache.tomcat.util.modeler.OperationInfo]
2019-12-06 11:18:40.723 DEBUG 7503 --- [kground-preinit] o.apache.tomcat.util.digester.Digester   :   Fire end() for SetNextRule[methodName=addOperation, paramType=org.apache.tomcat.util.modeler.OperationInfo]
2019-12-06 11:18:40.723 DEBUG 7503 --- [kground-preinit] o.apache.tomcat.util.digester.Digester   : [SetNextRule]{mbeans-descriptors/mbean/operation} Call org.apache.tomcat.util.modeler.ManagedBean.addOperation(org.apache.tomcat.util.modeler.OperationInfo@391220c7)
2019-12-06 11:18:40.723 DEBUG 7503 --- [kground-preinit] o.apache.tomcat.util.IntrospectionUtils  : IntrospectionUtils: callMethod1 org.apache.tomcat.util.modeler.ManagedBean org.apache.tomcat.util.modeler.OperationInfo org.apache.tomcat.util.modeler.OperationInfo
2019-12-06 11:18:40.723 DEBUG 7503 --- [kground-preinit] o.apache.tomcat.util.digester.Digester   :   Fire end() for SetPropertiesRule[]
2019-12-06 11:18:40.723 DEBUG 7503 --- [kground-preinit] o.apache.tomcat.util.digester.Digester   :   Fire end() for ObjectCreateRule[className=org.apache.tomcat.util.modeler.OperationInfo, attributeName=null]
2019-12-06 11:18:40.724 DEBUG 7503 --- [kground-preinit] o.apache.tomcat.util.digester.Digester   : [ObjectCreateRule]{mbeans-descriptors/mbean/operation} Pop org.apache.tomcat.util.modeler.OperationInfo
2019-12-06 11:18:40.724 DEBUG 7503 --- [kground-preinit] o.a.tomcat.util.digester.Digester.sax    : characters(

    )
2019-12-06 11:18:40.724 DEBUG 7503 --- [kground-preinit] o.a.tomcat.util.digester.Digester.sax    : startElement(,,operation)
2019-12-06 11:18:40.724 DEBUG 7503 --- [kground-preinit] o.apache.tomcat.util.digester.Digester   :   New match='mbeans-descriptors/mbean/operation'
2019-12-06 11:18:40.724 DEBUG 7503 --- [kground-preinit] o.apache.tomcat.util.digester.Digester   :   Fire begin() for ObjectCreateRule[className=org.apache.tomcat.util.modeler.OperationInfo, attributeName=null]
2019-12-06 11:18:40.724 DEBUG 7503 --- [kground-preinit] o.apache.tomcat.util.digester.Digester   :   Fire begin() for SetPropertiesRule[]
2019-12-06 11:18:40.724 DEBUG 7503 --- [kground-preinit] o.apache.tomcat.util.digester.Digester   : [SetPropertiesRule]{mbeans-descriptors/mbean/operation} Set org.apache.tomcat.util.modeler.OperationInfo properties
2019-12-06 11:18:40.725 DEBUG 7503 --- [kground-preinit] o.apache.tomcat.util.digester.Digester   : [SetPropertiesRule]{mbeans-descriptors/mbean/operation} Setting property 'name' to 'createUserDatabaseRealm'
2019-12-06 11:18:40.725 DEBUG 7503 --- [kground-preinit] o.apache.tomcat.util.IntrospectionUtils  : IntrospectionUtils: setProperty(class org.apache.tomcat.util.modeler.OperationInfo name=createUserDatabaseRealm)
2019-12-06 11:18:40.725 DEBUG 7503 --- [kground-preinit] o.apache.tomcat.util.digester.Digester   : [SetPropertiesRule]{mbeans-descriptors/mbean/operation} Setting property 'description' to 'Create a new  UserDatabaseRealm'
2019-12-06 11:18:40.725 DEBUG 7503 --- [kground-preinit] o.apache.tomcat.util.IntrospectionUtils  : IntrospectionUtils: setProperty(class org.apache.tomcat.util.modeler.OperationInfo description=Create a new  UserDatabaseRealm)
2019-12-06 11:18:40.725 DEBUG 7503 --- [kground-preinit] o.apache.tomcat.util.digester.Digester   : [SetPropertiesRule]{mbeans-descriptors/mbean/operation} Setting property 'impact' to 'ACTION'
2019-12-06 11:18:40.725 DEBUG 7503 --- [kground-preinit] o.apache.tomcat.util.IntrospectionUtils  : IntrospectionUtils: setProperty(class org.apache.tomcat.util.modeler.OperationInfo impact=ACTION)
2019-12-06 11:18:40.725 DEBUG 7503 --- [kground-preinit] o.apache.tomcat.util.digester.Digester   : [SetPropertiesRule]{mbeans-descriptors/mbean/operation} Setting property 'returnType' to 'java.lang.String'
2019-12-06 11:18:40.726 DEBUG 7503 --- [kground-preinit] o.apache.tomcat.util.IntrospectionUtils  : IntrospectionUtils: setProperty(class org.apache.tomcat.util.modeler.OperationInfo returnType=java.lang.String)
2019-12-06 11:18:40.726 DEBUG 7503 --- [kground-preinit] o.apache.tomcat.util.digester.Digester   :   Fire begin() for SetNextRule[methodName=addOperation, paramType=org.apache.tomcat.util.modeler.OperationInfo]
2019-12-06 11:18:40.726 DEBUG 7503 --- [kground-preinit] o.a.tomcat.util.digester.Digester.sax    : characters(
      )
2019-12-06 11:18:40.726 DEBUG 7503 --- [kground-preinit] o.a.tomcat.util.digester.Digester.sax    : startElement(,,parameter)
2019-12-06 11:18:40.726 DEBUG 7503 --- [kground-preinit] o.apache.tomcat.util.digester.Digester   :   New match='mbeans-descriptors/mbean/operation/parameter'
2019-12-06 11:18:40.726 DEBUG 7503 --- [kground-preinit] o.apache.tomcat.util.digester.Digester   :   Fire begin() for ObjectCreateRule[className=org.apache.tomcat.util.modeler.ParameterInfo, attributeName=null]
2019-12-06 11:18:40.727 DEBUG 7503 --- [kground-preinit] o.apache.tomcat.util.digester.Digester   :   Fire begin() for SetPropertiesRule[]
2019-12-06 11:18:40.727 DEBUG 7503 --- [kground-preinit] o.apache.tomcat.util.digester.Digester   : [SetPropertiesRule]{mbeans-descriptors/mbean/operation/parameter} Set org.apache.tomcat.util.modeler.ParameterInfo properties
2019-12-06 11:18:40.727 DEBUG 7503 --- [kground-preinit] o.apache.tomcat.util.digester.Digester   : [SetPropertiesRule]{mbeans-descriptors/mbean/operation/parameter} Setting property 'name' to 'parent'
2019-12-06 11:18:40.727 DEBUG 7503 --- [kground-preinit] o.apache.tomcat.util.IntrospectionUtils  : IntrospectionUtils: setProperty(class org.apache.tomcat.util.modeler.ParameterInfo name=parent)
2019-12-06 11:18:40.727 DEBUG 7503 --- [kground-preinit] o.apache.tomcat.util.digester.Digester   : [SetPropertiesRule]{mbeans-descriptors/mbean/operation/parameter} Setting property 'description' to 'MBean Name of the associated parent component'
2019-12-06 11:18:40.727 DEBUG 7503 --- [kground-preinit] o.apache.tomcat.util.IntrospectionUtils  : IntrospectionUtils: setProperty(class org.apache.tomcat.util.modeler.ParameterInfo description=MBean Name of the associated parent component)
2019-12-06 11:18:40.727 DEBUG 7503 --- [kground-preinit] o.apache.tomcat.util.digester.Digester   : [SetPropertiesRule]{mbeans-descriptors/mbean/operation/parameter} Setting property 'type' to 'java.lang.String'
2019-12-06 11:18:40.728 DEBUG 7503 --- [kground-preinit] o.apache.tomcat.util.IntrospectionUtils  : IntrospectionUtils: setProperty(class org.apache.tomcat.util.modeler.ParameterInfo type=java.lang.String)
2019-12-06 11:18:40.728 DEBUG 7503 --- [kground-preinit] o.apache.tomcat.util.digester.Digester   :   Fire begin() for SetNextRule[methodName=addParameter, paramType=org.apache.tomcat.util.modeler.ParameterInfo]
2019-12-06 11:18:40.728 DEBUG 7503 --- [kground-preinit] o.a.tomcat.util.digester.Digester.sax    : endElement(,,parameter)
2019-12-06 11:18:40.728 DEBUG 7503 --- [kground-preinit] o.apache.tomcat.util.digester.Digester   :   match='mbeans-descriptors/mbean/operation/parameter'
2019-12-06 11:18:40.728 DEBUG 7503 --- [kground-preinit] o.apache.tomcat.util.digester.Digester   :   bodyText=''
2019-12-06 11:18:40.728 DEBUG 7503 --- [kground-preinit] o.apache.tomcat.util.digester.Digester   :   Fire body() for ObjectCreateRule[className=org.apache.tomcat.util.modeler.ParameterInfo, attributeName=null]
2019-12-06 11:18:40.728 DEBUG 7503 --- [kground-preinit] o.apache.tomcat.util.digester.Digester   :   Fire body() for SetPropertiesRule[]
2019-12-06 11:18:40.729 DEBUG 7503 --- [kground-preinit] o.apache.tomcat.util.digester.Digester   :   Fire body() for SetNextRule[methodName=addParameter, paramType=org.apache.tomcat.util.modeler.ParameterInfo]
2019-12-06 11:18:40.729 DEBUG 7503 --- [kground-preinit] o.apache.tomcat.util.digester.Digester   :   Fire end() for SetNextRule[methodName=addParameter, paramType=org.apache.tomcat.util.modeler.ParameterInfo]
2019-12-06 11:18:40.729 DEBUG 7503 --- [kground-preinit] o.apache.tomcat.util.digester.Digester   : [SetNextRule]{mbeans-descriptors/mbean/operation/parameter} Call org.apache.tomcat.util.modeler.OperationInfo.addParameter(org.apache.tomcat.util.modeler.ParameterInfo@25c20d8)
2019-12-06 11:18:40.729 DEBUG 7503 --- [kground-preinit] o.apache.tomcat.util.IntrospectionUtils  : IntrospectionUtils: callMethod1 org.apache.tomcat.util.modeler.OperationInfo org.apache.tomcat.util.modeler.ParameterInfo org.apache.tomcat.util.modeler.ParameterInfo
2019-12-06 11:18:40.729 DEBUG 7503 --- [kground-preinit] o.apache.tomcat.util.digester.Digester   :   Fire end() for SetPropertiesRule[]
2019-12-06 11:18:40.729 DEBUG 7503 --- [kground-preinit] o.apache.tomcat.util.digester.Digester   :   Fire end() for ObjectCreateRule[className=org.apache.tomcat.util.modeler.ParameterInfo, attributeName=null]
2019-12-06 11:18:40.729 DEBUG 7503 --- [kground-preinit] o.apache.tomcat.util.digester.Digester   : [ObjectCreateRule]{mbeans-descriptors/mbean/operation/parameter} Pop org.apache.tomcat.util.modeler.ParameterInfo
2019-12-06 11:18:40.730 DEBUG 7503 --- [kground-preinit] o.a.tomcat.util.digester.Digester.sax    : characters(
      )
2019-12-06 11:18:40.730 DEBUG 7503 --- [kground-preinit] o.a.tomcat.util.digester.Digester.sax    : startElement(,,parameter)
2019-12-06 11:18:40.730 DEBUG 7503 --- [kground-preinit] o.apache.tomcat.util.digester.Digester   :   New match='mbeans-descriptors/mbean/operation/parameter'
2019-12-06 11:18:40.730 DEBUG 7503 --- [kground-preinit] o.apache.tomcat.util.digester.Digester   :   Fire begin() for ObjectCreateRule[className=org.apache.tomcat.util.modeler.ParameterInfo, attributeName=null]
2019-12-06 11:18:40.730 DEBUG 7503 --- [kground-preinit] o.apache.tomcat.util.digester.Digester   :   Fire begin() for SetPropertiesRule[]
2019-12-06 11:18:40.731 DEBUG 7503 --- [kground-preinit] o.apache.tomcat.util.digester.Digester   : [SetPropertiesRule]{mbeans-descriptors/mbean/operation/parameter} Set org.apache.tomcat.util.modeler.ParameterInfo properties
2019-12-06 11:18:40.731 DEBUG 7503 --- [kground-preinit] o.apache.tomcat.util.digester.Digester   : [SetPropertiesRule]{mbeans-descriptors/mbean/operation/parameter} Setting property 'name' to 'resourceName'
2019-12-06 11:18:40.731 DEBUG 7503 --- [kground-preinit] o.apache.tomcat.util.IntrospectionUtils  : IntrospectionUtils: setProperty(class org.apache.tomcat.util.modeler.ParameterInfo name=resourceName)
2019-12-06 11:18:40.731 DEBUG 7503 --- [kground-preinit] o.apache.tomcat.util.digester.Digester   : [SetPropertiesRule]{mbeans-descriptors/mbean/operation/parameter} Setting property 'description' to 'Global JNDI resource name of the associated'
2019-12-06 11:18:40.731 DEBUG 7503 --- [kground-preinit] o.apache.tomcat.util.IntrospectionUtils  : IntrospectionUtils: setProperty(class org.apache.tomcat.util.modeler.ParameterInfo description=Global JNDI resource name of the associated)
2019-12-06 11:18:40.731 DEBUG 7503 --- [kground-preinit] o.apache.tomcat.util.digester.Digester   : [SetPropertiesRule]{mbeans-descriptors/mbean/operation/parameter} Setting property 'type' to 'java.lang.String'
2019-12-06 11:18:40.731 DEBUG 7503 --- [kground-preinit] o.apache.tomcat.util.IntrospectionUtils  : IntrospectionUtils: setProperty(class org.apache.tomcat.util.modeler.ParameterInfo type=java.lang.String)
2019-12-06 11:18:40.731 DEBUG 7503 --- [kground-preinit] o.apache.tomcat.util.digester.Digester   :   Fire begin() for SetNextRule[methodName=addParameter, paramType=org.apache.tomcat.util.modeler.ParameterInfo]
2019-12-06 11:18:40.731 DEBUG 7503 --- [kground-preinit] o.a.tomcat.util.digester.Digester.sax    : endElement(,,parameter)
2019-12-06 11:18:40.732 DEBUG 7503 --- [kground-preinit] o.apache.tomcat.util.digester.Digester   :   match='mbeans-descriptors/mbean/operation/parameter'
2019-12-06 11:18:40.732 DEBUG 7503 --- [kground-preinit] o.apache.tomcat.util.digester.Digester   :   bodyText=''
2019-12-06 11:18:40.732 DEBUG 7503 --- [kground-preinit] o.apache.tomcat.util.digester.Digester   :   Fire body() for ObjectCreateRule[className=org.apache.tomcat.util.modeler.ParameterInfo, attributeName=null]
2019-12-06 11:18:40.732 DEBUG 7503 --- [kground-preinit] o.apache.tomcat.util.digester.Digester   :   Fire body() for SetPropertiesRule[]
2019-12-06 11:18:40.732 DEBUG 7503 --- [kground-preinit] o.apache.tomcat.util.digester.Digester   :   Fire body() for SetNextRule[methodName=addParameter, paramType=org.apache.tomcat.util.modeler.ParameterInfo]
2019-12-06 11:18:40.732 DEBUG 7503 --- [kground-preinit] o.apache.tomcat.util.digester.Digester   :   Fire end() for SetNextRule[methodName=addParameter, paramType=org.apache.tomcat.util.modeler.ParameterInfo]
2019-12-06 11:18:40.732 DEBUG 7503 --- [kground-preinit] o.apache.tomcat.util.digester.Digester   : [SetNextRule]{mbeans-descriptors/mbean/operation/parameter} Call org.apache.tomcat.util.modeler.OperationInfo.addParameter(org.apache.tomcat.util.modeler.ParameterInfo@12464f62)
2019-12-06 11:18:40.732 DEBUG 7503 --- [kground-preinit] o.apache.tomcat.util.IntrospectionUtils  : IntrospectionUtils: callMethod1 org.apache.tomcat.util.modeler.OperationInfo org.apache.tomcat.util.modeler.ParameterInfo org.apache.tomcat.util.modeler.ParameterInfo
2019-12-06 11:18:40.732 DEBUG 7503 --- [kground-preinit] o.apache.tomcat.util.digester.Digester   :   Fire end() for SetPropertiesRule[]
2019-12-06 11:18:40.733 DEBUG 7503 --- [kground-preinit] o.apache.tomcat.util.digester.Digester   :   Fire end() for ObjectCreateRule[className=org.apache.tomcat.util.modeler.ParameterInfo, attributeName=null]
2019-12-06 11:18:40.733 DEBUG 7503 --- [kground-preinit] o.apache.tomcat.util.digester.Digester   : [ObjectCreateRule]{mbeans-descriptors/mbean/operation/parameter} Pop org.apache.tomcat.util.modeler.ParameterInfo
2019-12-06 11:18:40.733 DEBUG 7503 --- [kground-preinit] o.a.tomcat.util.digester.Digester.sax    : characters(
    )
2019-12-06 11:18:40.733 DEBUG 7503 --- [kground-preinit] o.a.tomcat.util.digester.Digester.sax    : endElement(,,operation)
2019-12-06 11:18:40.733 DEBUG 7503 --- [kground-preinit] o.apache.tomcat.util.digester.Digester   :   match='mbeans-descriptors/mbean/operation'
2019-12-06 11:18:40.733 DEBUG 7503 --- [kground-preinit] o.apache.tomcat.util.digester.Digester   :   bodyText='
      
      
    '
2019-12-06 11:18:40.733 DEBUG 7503 --- [kground-preinit] o.apache.tomcat.util.digester.Digester   :   Fire body() for ObjectCreateRule[className=org.apache.tomcat.util.modeler.OperationInfo, attributeName=null]
2019-12-06 11:18:40.733 DEBUG 7503 --- [kground-preinit] o.apache.tomcat.util.digester.Digester   :   Fire body() for SetPropertiesRule[]
2019-12-06 11:18:40.733 DEBUG 7503 --- [kground-preinit] o.apache.tomcat.util.digester.Digester   :   Fire body() for SetNextRule[methodName=addOperation, paramType=org.apache.tomcat.util.modeler.OperationInfo]
2019-12-06 11:18:40.733 DEBUG 7503 --- [kground-preinit] o.apache.tomcat.util.digester.Digester   :   Fire end() for SetNextRule[methodName=addOperation, paramType=org.apache.tomcat.util.modeler.OperationInfo]
2019-12-06 11:18:40.734 DEBUG 7503 --- [kground-preinit] o.apache.tomcat.util.digester.Digester   : [SetNextRule]{mbeans-descriptors/mbean/operation} Call org.apache.tomcat.util.modeler.ManagedBean.addOperation(org.apache.tomcat.util.modeler.OperationInfo@5962c7ea)
2019-12-06 11:18:40.734 DEBUG 7503 --- [kground-preinit] o.apache.tomcat.util.IntrospectionUtils  : IntrospectionUtils: callMethod1 org.apache.tomcat.util.modeler.ManagedBean org.apache.tomcat.util.modeler.OperationInfo org.apache.tomcat.util.modeler.OperationInfo
2019-12-06 11:18:40.734 DEBUG 7503 --- [kground-preinit] o.apache.tomcat.util.digester.Digester   :   Fire end() for SetPropertiesRule[]
2019-12-06 11:18:40.734 DEBUG 7503 --- [kground-preinit] o.apache.tomcat.util.digester.Digester   :   Fire end() for ObjectCreateRule[className=org.apache.tomcat.util.modeler.OperationInfo, attributeName=null]
2019-12-06 11:18:40.734 DEBUG 7503 --- [kground-preinit] o.apache.tomcat.util.digester.Digester   : [ObjectCreateRule]{mbeans-descriptors/mbean/operation} Pop org.apache.tomcat.util.modeler.OperationInfo
2019-12-06 11:18:40.734 DEBUG 7503 --- [kground-preinit] o.a.tomcat.util.digester.Digester.sax    : characters(

    )
2019-12-06 11:18:40.734 DEBUG 7503 --- [kground-preinit] o.a.tomcat.util.digester.Digester.sax    : startElement(,,operation)
2019-12-06 11:18:40.735 DEBUG 7503 --- [kground-preinit] o.apache.tomcat.util.digester.Digester   :   New match='mbeans-descriptors/mbean/operation'
2019-12-06 11:18:40.735 DEBUG 7503 --- [kground-preinit] o.apache.tomcat.util.digester.Digester   :   Fire begin() for ObjectCreateRule[className=org.apache.tomcat.util.modeler.OperationInfo, attributeName=null]
2019-12-06 11:18:40.735 DEBUG 7503 --- [kground-preinit] o.apache.tomcat.util.digester.Digester   :   Fire begin() for SetPropertiesRule[]
2019-12-06 11:18:40.735 DEBUG 7503 --- [kground-preinit] o.apache.tomcat.util.digester.Digester   : [SetPropertiesRule]{mbeans-descriptors/mbean/operation} Set org.apache.tomcat.util.modeler.OperationInfo properties
2019-12-06 11:18:40.735 DEBUG 7503 --- [kground-preinit] o.apache.tomcat.util.digester.Digester   : [SetPropertiesRule]{mbeans-descriptors/mbean/operation} Setting property 'name' to 'createStandardContext'
2019-12-06 11:18:40.735 DEBUG 7503 --- [kground-preinit] o.apache.tomcat.util.IntrospectionUtils  : IntrospectionUtils: setProperty(class org.apache.tomcat.util.modeler.OperationInfo name=createStandardContext)
2019-12-06 11:18:40.735 DEBUG 7503 --- [kground-preinit] o.apache.tomcat.util.digester.Digester   : [SetPropertiesRule]{mbeans-descriptors/mbean/operation} Setting property 'description' to 'Create a new StandardContext'
2019-12-06 11:18:40.736 DEBUG 7503 --- [kground-preinit] o.apache.tomcat.util.IntrospectionUtils  : IntrospectionUtils: setProperty(class org.apache.tomcat.util.modeler.OperationInfo description=Create a new StandardContext)
2019-12-06 11:18:40.736 DEBUG 7503 --- [kground-preinit] o.apache.tomcat.util.digester.Digester   : [SetPropertiesRule]{mbeans-descriptors/mbean/operation} Setting property 'impact' to 'ACTION'
2019-12-06 11:18:40.736 DEBUG 7503 --- [kground-preinit] o.apache.tomcat.util.IntrospectionUtils  : IntrospectionUtils: setProperty(class org.apache.tomcat.util.modeler.OperationInfo impact=ACTION)
2019-12-06 11:18:40.736 DEBUG 7503 --- [kground-preinit] o.apache.tomcat.util.digester.Digester   : [SetPropertiesRule]{mbeans-descriptors/mbean/operation} Setting property 'returnType' to 'java.lang.String'
2019-12-06 11:18:40.736 DEBUG 7503 --- [kground-preinit] o.apache.tomcat.util.IntrospectionUtils  : IntrospectionUtils: setProperty(class org.apache.tomcat.util.modeler.OperationInfo returnType=java.lang.String)
2019-12-06 11:18:40.736 DEBUG 7503 --- [kground-preinit] o.apache.tomcat.util.digester.Digester   :   Fire begin() for SetNextRule[methodName=addOperation, paramType=org.apache.tomcat.util.modeler.OperationInfo]
2019-12-06 11:18:40.736 DEBUG 7503 --- [kground-preinit] o.a.tomcat.util.digester.Digester.sax    : characters(
      )
2019-12-06 11:18:40.737 DEBUG 7503 --- [kground-preinit] o.a.tomcat.util.digester.Digester.sax    : startElement(,,parameter)
2019-12-06 11:18:40.737 DEBUG 7503 --- [kground-preinit] o.apache.tomcat.util.digester.Digester   :   New match='mbeans-descriptors/mbean/operation/parameter'
2019-12-06 11:18:40.737 DEBUG 7503 --- [kground-preinit] o.apache.tomcat.util.digester.Digester   :   Fire begin() for ObjectCreateRule[className=org.apache.tomcat.util.modeler.ParameterInfo, attributeName=null]
2019-12-06 11:18:40.737 DEBUG 7503 --- [kground-preinit] o.apache.tomcat.util.digester.Digester   :   Fire begin() for SetPropertiesRule[]
2019-12-06 11:18:40.737 DEBUG 7503 --- [kground-preinit] o.apache.tomcat.util.digester.Digester   : [SetPropertiesRule]{mbeans-descriptors/mbean/operation/parameter} Set org.apache.tomcat.util.modeler.ParameterInfo properties
2019-12-06 11:18:40.737 DEBUG 7503 --- [kground-preinit] o.apache.tomcat.util.digester.Digester   : [SetPropertiesRule]{mbeans-descriptors/mbean/operation/parameter} Setting property 'name' to 'parent'
2019-12-06 11:18:40.737 DEBUG 7503 --- [kground-preinit] o.apache.tomcat.util.IntrospectionUtils  : IntrospectionUtils: setProperty(class org.apache.tomcat.util.modeler.ParameterInfo name=parent)
2019-12-06 11:18:40.737 DEBUG 7503 --- [kground-preinit] o.apache.tomcat.util.digester.Digester   : [SetPropertiesRule]{mbeans-descriptors/mbean/operation/parameter} Setting property 'description' to 'MBean Name of the associated parent component'
2019-12-06 11:18:40.738 DEBUG 7503 --- [kground-preinit] o.apache.tomcat.util.IntrospectionUtils  : IntrospectionUtils: setProperty(class org.apache.tomcat.util.modeler.ParameterInfo description=MBean Name of the associated parent component)
2019-12-06 11:18:40.738 DEBUG 7503 --- [kground-preinit] o.apache.tomcat.util.digester.Digester   : [SetPropertiesRule]{mbeans-descriptors/mbean/operation/parameter} Setting property 'type' to 'java.lang.String'
2019-12-06 11:18:40.738 DEBUG 7503 --- [kground-preinit] o.apache.tomcat.util.IntrospectionUtils  : IntrospectionUtils: setProperty(class org.apache.tomcat.util.modeler.ParameterInfo type=java.lang.String)
2019-12-06 11:18:40.738 DEBUG 7503 --- [kground-preinit] o.apache.tomcat.util.digester.Digester   :   Fire begin() for SetNextRule[methodName=addParameter, paramType=org.apache.tomcat.util.modeler.ParameterInfo]
2019-12-06 11:18:40.738 DEBUG 7503 --- [kground-preinit] o.a.tomcat.util.digester.Digester.sax    : endElement(,,parameter)
2019-12-06 11:18:40.738 DEBUG 7503 --- [kground-preinit] o.apache.tomcat.util.digester.Digester   :   match='mbeans-descriptors/mbean/operation/parameter'
2019-12-06 11:18:40.738 DEBUG 7503 --- [kground-preinit] o.apache.tomcat.util.digester.Digester   :   bodyText=''
2019-12-06 11:18:40.738 DEBUG 7503 --- [kground-preinit] o.apache.tomcat.util.digester.Digester   :   Fire body() for ObjectCreateRule[className=org.apache.tomcat.util.modeler.ParameterInfo, attributeName=null]
2019-12-06 11:18:40.738 DEBUG 7503 --- [kground-preinit] o.apache.tomcat.util.digester.Digester   :   Fire body() for SetPropertiesRule[]
2019-12-06 11:18:40.738 DEBUG 7503 --- [kground-preinit] o.apache.tomcat.util.digester.Digester   :   Fire body() for SetNextRule[methodName=addParameter, paramType=org.apache.tomcat.util.modeler.ParameterInfo]
2019-12-06 11:18:40.739 DEBUG 7503 --- [kground-preinit] o.apache.tomcat.util.digester.Digester   :   Fire end() for SetNextRule[methodName=addParameter, paramType=org.apache.tomcat.util.modeler.ParameterInfo]
2019-12-06 11:18:40.739 DEBUG 7503 --- [kground-preinit] o.apache.tomcat.util.digester.Digester   : [SetNextRule]{mbeans-descriptors/mbean/operation/parameter} Call org.apache.tomcat.util.modeler.OperationInfo.addParameter(org.apache.tomcat.util.modeler.ParameterInfo@715ec019)
2019-12-06 11:18:40.739 DEBUG 7503 --- [kground-preinit] o.apache.tomcat.util.IntrospectionUtils  : IntrospectionUtils: callMethod1 org.apache.tomcat.util.modeler.OperationInfo org.apache.tomcat.util.modeler.ParameterInfo org.apache.tomcat.util.modeler.ParameterInfo
2019-12-06 11:18:40.739 DEBUG 7503 --- [kground-preinit] o.apache.tomcat.util.digester.Digester   :   Fire end() for SetPropertiesRule[]
2019-12-06 11:18:40.739 DEBUG 7503 --- [kground-preinit] o.apache.tomcat.util.digester.Digester   :   Fire end() for ObjectCreateRule[className=org.apache.tomcat.util.modeler.ParameterInfo, attributeName=null]
2019-12-06 11:18:40.739 DEBUG 7503 --- [kground-preinit] o.apache.tomcat.util.digester.Digester   : [ObjectCreateRule]{mbeans-descriptors/mbean/operation/parameter} Pop org.apache.tomcat.util.modeler.ParameterInfo
2019-12-06 11:18:40.739 DEBUG 7503 --- [kground-preinit] o.a.tomcat.util.digester.Digester.sax    : characters(
      )
2019-12-06 11:18:40.739 DEBUG 7503 --- [kground-preinit] o.a.tomcat.util.digester.Digester.sax    : startElement(,,parameter)
2019-12-06 11:18:40.740 DEBUG 7503 --- [kground-preinit] o.apache.tomcat.util.digester.Digester   :   New match='mbeans-descriptors/mbean/operation/parameter'
2019-12-06 11:18:40.740 DEBUG 7503 --- [kground-preinit] o.apache.tomcat.util.digester.Digester   :   Fire begin() for ObjectCreateRule[className=org.apache.tomcat.util.modeler.ParameterInfo, attributeName=null]
2019-12-06 11:18:40.740 DEBUG 7503 --- [kground-preinit] o.apache.tomcat.util.digester.Digester   :   Fire begin() for SetPropertiesRule[]
2019-12-06 11:18:40.740 DEBUG 7503 --- [kground-preinit] o.apache.tomcat.util.digester.Digester   : [SetPropertiesRule]{mbeans-descriptors/mbean/operation/parameter} Set org.apache.tomcat.util.modeler.ParameterInfo properties
2019-12-06 11:18:40.740 DEBUG 7503 --- [kground-preinit] o.apache.tomcat.util.digester.Digester   : [SetPropertiesRule]{mbeans-descriptors/mbean/operation/parameter} Setting property 'name' to 'path'
2019-12-06 11:18:40.740 DEBUG 7503 --- [kground-preinit] o.apache.tomcat.util.IntrospectionUtils  : IntrospectionUtils: setProperty(class org.apache.tomcat.util.modeler.ParameterInfo name=path)
2019-12-06 11:18:40.740 DEBUG 7503 --- [kground-preinit] o.apache.tomcat.util.digester.Digester   : [SetPropertiesRule]{mbeans-descriptors/mbean/operation/parameter} Setting property 'description' to 'The context path for this Context'
2019-12-06 11:18:40.740 DEBUG 7503 --- [kground-preinit] o.apache.tomcat.util.IntrospectionUtils  : IntrospectionUtils: setProperty(class org.apache.tomcat.util.modeler.ParameterInfo description=The context path for this Context)
2019-12-06 11:18:40.740 DEBUG 7503 --- [kground-preinit] o.apache.tomcat.util.digester.Digester   : [SetPropertiesRule]{mbeans-descriptors/mbean/operation/parameter} Setting property 'type' to 'java.lang.String'
2019-12-06 11:18:40.741 DEBUG 7503 --- [kground-preinit] o.apache.tomcat.util.IntrospectionUtils  : IntrospectionUtils: setProperty(class org.apache.tomcat.util.modeler.ParameterInfo type=java.lang.String)
2019-12-06 11:18:40.741 DEBUG 7503 --- [kground-preinit] o.apache.tomcat.util.digester.Digester   :   Fire begin() for SetNextRule[methodName=addParameter, paramType=org.apache.tomcat.util.modeler.ParameterInfo]
2019-12-06 11:18:40.741 DEBUG 7503 --- [kground-preinit] o.a.tomcat.util.digester.Digester.sax    : endElement(,,parameter)
2019-12-06 11:18:40.741 DEBUG 7503 --- [kground-preinit] o.apache.tomcat.util.digester.Digester   :   match='mbeans-descriptors/mbean/operation/parameter'
2019-12-06 11:18:40.741 DEBUG 7503 --- [kground-preinit] o.apache.tomcat.util.digester.Digester   :   bodyText=''
2019-12-06 11:18:40.741 DEBUG 7503 --- [kground-preinit] o.apache.tomcat.util.digester.Digester   :   Fire body() for ObjectCreateRule[className=org.apache.tomcat.util.modeler.ParameterInfo, attributeName=null]
2019-12-06 11:18:40.741 DEBUG 7503 --- [kground-preinit] o.apache.tomcat.util.digester.Digester   :   Fire body() for SetPropertiesRule[]
2019-12-06 11:18:40.741 DEBUG 7503 --- [kground-preinit] o.apache.tomcat.util.digester.Digester   :   Fire body() for SetNextRule[methodName=addParameter, paramType=org.apache.tomcat.util.modeler.ParameterInfo]
2019-12-06 11:18:40.741 DEBUG 7503 --- [kground-preinit] o.apache.tomcat.util.digester.Digester   :   Fire end() for SetNextRule[methodName=addParameter, paramType=org.apache.tomcat.util.modeler.ParameterInfo]
2019-12-06 11:18:40.741 DEBUG 7503 --- [kground-preinit] o.apache.tomcat.util.digester.Digester   : [SetNextRule]{mbeans-descriptors/mbean/operation/parameter} Call org.apache.tomcat.util.modeler.OperationInfo.addParameter(org.apache.tomcat.util.modeler.ParameterInfo@1267740a)
2019-12-06 11:18:40.741 DEBUG 7503 --- [kground-preinit] o.apache.tomcat.util.IntrospectionUtils  : IntrospectionUtils: callMethod1 org.apache.tomcat.util.modeler.OperationInfo org.apache.tomcat.util.modeler.ParameterInfo org.apache.tomcat.util.modeler.ParameterInfo
2019-12-06 11:18:40.742 DEBUG 7503 --- [kground-preinit] o.apache.tomcat.util.digester.Digester   :   Fire end() for SetPropertiesRule[]
2019-12-06 11:18:40.742 DEBUG 7503 --- [kground-preinit] o.apache.tomcat.util.digester.Digester   :   Fire end() for ObjectCreateRule[className=org.apache.tomcat.util.modeler.ParameterInfo, attributeName=null]
2019-12-06 11:18:40.742 DEBUG 7503 --- [kground-preinit] o.apache.tomcat.util.digester.Digester   : [ObjectCreateRule]{mbeans-descriptors/mbean/operation/parameter} Pop org.apache.tomcat.util.modeler.ParameterInfo
2019-12-06 11:18:40.742 DEBUG 7503 --- [kground-preinit] o.a.tomcat.util.digester.Digester.sax    : characters(
      )
2019-12-06 11:18:40.742 DEBUG 7503 --- [kground-preinit] o.a.tomcat.util.digester.Digester.sax    : startElement(,,parameter)
2019-12-06 11:18:40.742 DEBUG 7503 --- [kground-preinit] o.apache.tomcat.util.digester.Digester   :   New match='mbeans-descriptors/mbean/operation/parameter'
2019-12-06 11:18:40.742 DEBUG 7503 --- [kground-preinit] o.apache.tomcat.util.digester.Digester   :   Fire begin() for ObjectCreateRule[className=org.apache.tomcat.util.modeler.ParameterInfo, attributeName=null]
2019-12-06 11:18:40.742 DEBUG 7503 --- [kground-preinit] o.apache.tomcat.util.digester.Digester   :   Fire begin() for SetPropertiesRule[]
2019-12-06 11:18:40.742 DEBUG 7503 --- [kground-preinit] o.apache.tomcat.util.digester.Digester   : [SetPropertiesRule]{mbeans-descriptors/mbean/operation/parameter} Set org.apache.tomcat.util.modeler.ParameterInfo properties
2019-12-06 11:18:40.743 DEBUG 7503 --- [kground-preinit] o.apache.tomcat.util.digester.Digester   : [SetPropertiesRule]{mbeans-descriptors/mbean/operation/parameter} Setting property 'name' to 'docBase'
2019-12-06 11:18:40.743 DEBUG 7503 --- [kground-preinit] o.apache.tomcat.util.IntrospectionUtils  : IntrospectionUtils: setProperty(class org.apache.tomcat.util.modeler.ParameterInfo name=docBase)
2019-12-06 11:18:40.743 DEBUG 7503 --- [kground-preinit] o.apache.tomcat.util.digester.Digester   : [SetPropertiesRule]{mbeans-descriptors/mbean/operation/parameter} Setting property 'description' to 'Document base directory (or WAR) for this Context'
2019-12-06 11:18:40.743 DEBUG 7503 --- [kground-preinit] o.apache.tomcat.util.IntrospectionUtils  : IntrospectionUtils: setProperty(class org.apache.tomcat.util.modeler.ParameterInfo description=Document base directory (or WAR) for this Context)
2019-12-06 11:18:40.743 DEBUG 7503 --- [kground-preinit] o.apache.tomcat.util.digester.Digester   : [SetPropertiesRule]{mbeans-descriptors/mbean/operation/parameter} Setting property 'type' to 'java.lang.String'
2019-12-06 11:18:40.743 DEBUG 7503 --- [kground-preinit] o.apache.tomcat.util.IntrospectionUtils  : IntrospectionUtils: setProperty(class org.apache.tomcat.util.modeler.ParameterInfo type=java.lang.String)
2019-12-06 11:18:40.743 DEBUG 7503 --- [kground-preinit] o.apache.tomcat.util.digester.Digester   :   Fire begin() for SetNextRule[methodName=addParameter, paramType=org.apache.tomcat.util.modeler.ParameterInfo]
2019-12-06 11:18:40.743 DEBUG 7503 --- [kground-preinit] o.a.tomcat.util.digester.Digester.sax    : endElement(,,parameter)
2019-12-06 11:18:40.743 DEBUG 7503 --- [kground-preinit] o.apache.tomcat.util.digester.Digester   :   match='mbeans-descriptors/mbean/operation/parameter'
2019-12-06 11:18:40.743 DEBUG 7503 --- [kground-preinit] o.apache.tomcat.util.digester.Digester   :   bodyText=''
2019-12-06 11:18:40.744 DEBUG 7503 --- [kground-preinit] o.apache.tomcat.util.digester.Digester   :   Fire body() for ObjectCreateRule[className=org.apache.tomcat.util.modeler.ParameterInfo, attributeName=null]
2019-12-06 11:18:40.744 DEBUG 7503 --- [kground-preinit] o.apache.tomcat.util.digester.Digester   :   Fire body() for SetPropertiesRule[]
2019-12-06 11:18:40.744 DEBUG 7503 --- [kground-preinit] o.apache.tomcat.util.digester.Digester   :   Fire body() for SetNextRule[methodName=addParameter, paramType=org.apache.tomcat.util.modeler.ParameterInfo]
2019-12-06 11:18:40.744 DEBUG 7503 --- [kground-preinit] o.apache.tomcat.util.digester.Digester   :   Fire end() for SetNextRule[methodName=addParameter, paramType=org.apache.tomcat.util.modeler.ParameterInfo]
2019-12-06 11:18:40.744 DEBUG 7503 --- [kground-preinit] o.apache.tomcat.util.digester.Digester   : [SetNextRule]{mbeans-descriptors/mbean/operation/parameter} Call org.apache.tomcat.util.modeler.OperationInfo.addParameter(org.apache.tomcat.util.modeler.ParameterInfo@327a147b)
2019-12-06 11:18:40.744 DEBUG 7503 --- [kground-preinit] o.apache.tomcat.util.IntrospectionUtils  : IntrospectionUtils: callMethod1 org.apache.tomcat.util.modeler.OperationInfo org.apache.tomcat.util.modeler.ParameterInfo org.apache.tomcat.util.modeler.ParameterInfo
2019-12-06 11:18:40.744 DEBUG 7503 --- [kground-preinit] o.apache.tomcat.util.digester.Digester   :   Fire end() for SetPropertiesRule[]
2019-12-06 11:18:40.744 DEBUG 7503 --- [kground-preinit] o.apache.tomcat.util.digester.Digester   :   Fire end() for ObjectCreateRule[className=org.apache.tomcat.util.modeler.ParameterInfo, attributeName=null]
2019-12-06 11:18:40.744 DEBUG 7503 --- [kground-preinit] o.apache.tomcat.util.digester.Digester   : [ObjectCreateRule]{mbeans-descriptors/mbean/operation/parameter} Pop org.apache.tomcat.util.modeler.ParameterInfo
2019-12-06 11:18:40.745 DEBUG 7503 --- [kground-preinit] o.a.tomcat.util.digester.Digester.sax    : characters(
    )
2019-12-06 11:18:40.745 DEBUG 7503 --- [kground-preinit] o.a.tomcat.util.digester.Digester.sax    : endElement(,,operation)
2019-12-06 11:18:40.745 DEBUG 7503 --- [kground-preinit] o.apache.tomcat.util.digester.Digester   :   match='mbeans-descriptors/mbean/operation'
2019-12-06 11:18:40.745 DEBUG 7503 --- [kground-preinit] o.apache.tomcat.util.digester.Digester   :   bodyText='
      
      
      
    '
2019-12-06 11:18:40.745 DEBUG 7503 --- [kground-preinit] o.apache.tomcat.util.digester.Digester   :   Fire body() for ObjectCreateRule[className=org.apache.tomcat.util.modeler.OperationInfo, attributeName=null]
2019-12-06 11:18:40.745 DEBUG 7503 --- [kground-preinit] o.apache.tomcat.util.digester.Digester   :   Fire body() for SetPropertiesRule[]
2019-12-06 11:18:40.745 DEBUG 7503 --- [kground-preinit] o.apache.tomcat.util.digester.Digester   :   Fire body() for SetNextRule[methodName=addOperation, paramType=org.apache.tomcat.util.modeler.OperationInfo]
2019-12-06 11:18:40.745 DEBUG 7503 --- [kground-preinit] o.apache.tomcat.util.digester.Digester   :   Fire end() for SetNextRule[methodName=addOperation, paramType=org.apache.tomcat.util.modeler.OperationInfo]
2019-12-06 11:18:40.745 DEBUG 7503 --- [kground-preinit] o.apache.tomcat.util.digester.Digester   : [SetNextRule]{mbeans-descriptors/mbean/operation} Call org.apache.tomcat.util.modeler.ManagedBean.addOperation(org.apache.tomcat.util.modeler.OperationInfo@7d68d849)
2019-12-06 11:18:40.745 DEBUG 7503 --- [kground-preinit] o.apache.tomcat.util.IntrospectionUtils  : IntrospectionUtils: callMethod1 org.apache.tomcat.util.modeler.ManagedBean org.apache.tomcat.util.modeler.OperationInfo org.apache.tomcat.util.modeler.OperationInfo
2019-12-06 11:18:40.746 DEBUG 7503 --- [kground-preinit] o.apache.tomcat.util.digester.Digester   :   Fire end() for SetPropertiesRule[]
2019-12-06 11:18:40.746 DEBUG 7503 --- [kground-preinit] o.apache.tomcat.util.digester.Digester   :   Fire end() for ObjectCreateRule[className=org.apache.tomcat.util.modeler.OperationInfo, attributeName=null]
2019-12-06 11:18:40.746 DEBUG 7503 --- [kground-preinit] o.apache.tomcat.util.digester.Digester   : [ObjectCreateRule]{mbeans-descriptors/mbean/operation} Pop org.apache.tomcat.util.modeler.OperationInfo
2019-12-06 11:18:40.746 DEBUG 7503 --- [kground-preinit] o.a.tomcat.util.digester.Digester.sax    : characters(

    )
2019-12-06 11:18:40.746 DEBUG 7503 --- [kground-preinit] o.a.tomcat.util.digester.Digester.sax    : startElement(,,operation)
2019-12-06 11:18:40.746 DEBUG 7503 --- [kground-preinit] o.apache.tomcat.util.digester.Digester   :   New match='mbeans-descriptors/mbean/operation'
2019-12-06 11:18:40.746 DEBUG 7503 --- [kground-preinit] o.apache.tomcat.util.digester.Digester   :   Fire begin() for ObjectCreateRule[className=org.apache.tomcat.util.modeler.OperationInfo, attributeName=null]
2019-12-06 11:18:40.746 DEBUG 7503 --- [kground-preinit] o.apache.tomcat.util.digester.Digester   :   Fire begin() for SetPropertiesRule[]
2019-12-06 11:18:40.746 DEBUG 7503 --- [kground-preinit] o.apache.tomcat.util.digester.Digester   : [SetPropertiesRule]{mbeans-descriptors/mbean/operation} Set org.apache.tomcat.util.modeler.OperationInfo properties
2019-12-06 11:18:40.747 DEBUG 7503 --- [kground-preinit] o.apache.tomcat.util.digester.Digester   : [SetPropertiesRule]{mbeans-descriptors/mbean/operation} Setting property 'name' to 'createStandardServiceEngine'
2019-12-06 11:18:40.747 DEBUG 7503 --- [kground-preinit] o.apache.tomcat.util.IntrospectionUtils  : IntrospectionUtils: setProperty(class org.apache.tomcat.util.modeler.OperationInfo name=createStandardServiceEngine)
2019-12-06 11:18:40.747 DEBUG 7503 --- [kground-preinit] o.apache.tomcat.util.digester.Digester   : [SetPropertiesRule]{mbeans-descriptors/mbean/operation} Setting property 'description' to 'Create a new StandardService and StandardEngine'
2019-12-06 11:18:40.747 DEBUG 7503 --- [kground-preinit] o.apache.tomcat.util.IntrospectionUtils  : IntrospectionUtils: setProperty(class org.apache.tomcat.util.modeler.OperationInfo description=Create a new StandardService and StandardEngine)
2019-12-06 11:18:40.747 DEBUG 7503 --- [kground-preinit] o.apache.tomcat.util.digester.Digester   : [SetPropertiesRule]{mbeans-descriptors/mbean/operation} Setting property 'impact' to 'ACTION'
2019-12-06 11:18:40.747 DEBUG 7503 --- [kground-preinit] o.apache.tomcat.util.IntrospectionUtils  : IntrospectionUtils: setProperty(class org.apache.tomcat.util.modeler.OperationInfo impact=ACTION)
2019-12-06 11:18:40.747 DEBUG 7503 --- [kground-preinit] o.apache.tomcat.util.digester.Digester   : [SetPropertiesRule]{mbeans-descriptors/mbean/operation} Setting property 'returnType' to 'java.lang.String'
2019-12-06 11:18:40.747 DEBUG 7503 --- [kground-preinit] o.apache.tomcat.util.IntrospectionUtils  : IntrospectionUtils: setProperty(class org.apache.tomcat.util.modeler.OperationInfo returnType=java.lang.String)
2019-12-06 11:18:40.747 DEBUG 7503 --- [kground-preinit] o.apache.tomcat.util.digester.Digester   :   Fire begin() for SetNextRule[methodName=addOperation, paramType=org.apache.tomcat.util.modeler.OperationInfo]
2019-12-06 11:18:40.747 DEBUG 7503 --- [kground-preinit] o.a.tomcat.util.digester.Digester.sax    : characters(
      )
2019-12-06 11:18:40.748 DEBUG 7503 --- [kground-preinit] o.a.tomcat.util.digester.Digester.sax    : startElement(,,parameter)
2019-12-06 11:18:40.748 DEBUG 7503 --- [kground-preinit] o.apache.tomcat.util.digester.Digester   :   New match='mbeans-descriptors/mbean/operation/parameter'
2019-12-06 11:18:40.748 DEBUG 7503 --- [kground-preinit] o.apache.tomcat.util.digester.Digester   :   Fire begin() for ObjectCreateRule[className=org.apache.tomcat.util.modeler.ParameterInfo, attributeName=null]
2019-12-06 11:18:40.748 DEBUG 7503 --- [kground-preinit] o.apache.tomcat.util.digester.Digester   :   Fire begin() for SetPropertiesRule[]
2019-12-06 11:18:40.748 DEBUG 7503 --- [kground-preinit] o.apache.tomcat.util.digester.Digester   : [SetPropertiesRule]{mbeans-descriptors/mbean/operation/parameter} Set org.apache.tomcat.util.modeler.ParameterInfo properties
2019-12-06 11:18:40.748 DEBUG 7503 --- [kground-preinit] o.apache.tomcat.util.digester.Digester   : [SetPropertiesRule]{mbeans-descriptors/mbean/operation/parameter} Setting property 'name' to 'domain'
2019-12-06 11:18:40.748 DEBUG 7503 --- [kground-preinit] o.apache.tomcat.util.IntrospectionUtils  : IntrospectionUtils: setProperty(class org.apache.tomcat.util.modeler.ParameterInfo name=domain)
2019-12-06 11:18:40.749 DEBUG 7503 --- [kground-preinit] o.apache.tomcat.util.digester.Digester   : [SetPropertiesRule]{mbeans-descriptors/mbean/operation/parameter} Setting property 'description' to 'Domain used for MBeans associated with the new Service'
2019-12-06 11:18:40.749 DEBUG 7503 --- [kground-preinit] o.apache.tomcat.util.IntrospectionUtils  : IntrospectionUtils: setProperty(class org.apache.tomcat.util.modeler.ParameterInfo description=Domain used for MBeans associated with the new Service)
2019-12-06 11:18:40.749 DEBUG 7503 --- [kground-preinit] o.apache.tomcat.util.digester.Digester   : [SetPropertiesRule]{mbeans-descriptors/mbean/operation/parameter} Setting property 'type' to 'java.lang.String'
2019-12-06 11:18:40.749 DEBUG 7503 --- [kground-preinit] o.apache.tomcat.util.IntrospectionUtils  : IntrospectionUtils: setProperty(class org.apache.tomcat.util.modeler.ParameterInfo type=java.lang.String)
2019-12-06 11:18:40.749 DEBUG 7503 --- [kground-preinit] o.apache.tomcat.util.digester.Digester   :   Fire begin() for SetNextRule[methodName=addParameter, paramType=org.apache.tomcat.util.modeler.ParameterInfo]
2019-12-06 11:18:40.749 DEBUG 7503 --- [kground-preinit] o.a.tomcat.util.digester.Digester.sax    : endElement(,,parameter)
2019-12-06 11:18:40.749 DEBUG 7503 --- [kground-preinit] o.apache.tomcat.util.digester.Digester   :   match='mbeans-descriptors/mbean/operation/parameter'
2019-12-06 11:18:40.749 DEBUG 7503 --- [kground-preinit] o.apache.tomcat.util.digester.Digester   :   bodyText=''
2019-12-06 11:18:40.750 DEBUG 7503 --- [kground-preinit] o.apache.tomcat.util.digester.Digester   :   Fire body() for ObjectCreateRule[className=org.apache.tomcat.util.modeler.ParameterInfo, attributeName=null]
2019-12-06 11:18:40.750 DEBUG 7503 --- [kground-preinit] o.apache.tomcat.util.digester.Digester   :   Fire body() for SetPropertiesRule[]
2019-12-06 11:18:40.750 DEBUG 7503 --- [kground-preinit] o.apache.tomcat.util.digester.Digester   :   Fire body() for SetNextRule[methodName=addParameter, paramType=org.apache.tomcat.util.modeler.ParameterInfo]
2019-12-06 11:18:40.750 DEBUG 7503 --- [kground-preinit] o.apache.tomcat.util.digester.Digester   :   Fire end() for SetNextRule[methodName=addParameter, paramType=org.apache.tomcat.util.modeler.ParameterInfo]
2019-12-06 11:18:40.750 DEBUG 7503 --- [kground-preinit] o.apache.tomcat.util.digester.Digester   : [SetNextRule]{mbeans-descriptors/mbean/operation/parameter} Call org.apache.tomcat.util.modeler.OperationInfo.addParameter(org.apache.tomcat.util.modeler.ParameterInfo@7ab181f5)
2019-12-06 11:18:40.750 DEBUG 7503 --- [kground-preinit] o.apache.tomcat.util.IntrospectionUtils  : IntrospectionUtils: callMethod1 org.apache.tomcat.util.modeler.OperationInfo org.apache.tomcat.util.modeler.ParameterInfo org.apache.tomcat.util.modeler.ParameterInfo
2019-12-06 11:18:40.750 DEBUG 7503 --- [kground-preinit] o.apache.tomcat.util.digester.Digester   :   Fire end() for SetPropertiesRule[]
2019-12-06 11:18:40.750 DEBUG 7503 --- [kground-preinit] o.apache.tomcat.util.digester.Digester   :   Fire end() for ObjectCreateRule[className=org.apache.tomcat.util.modeler.ParameterInfo, attributeName=null]
2019-12-06 11:18:40.750 DEBUG 7503 --- [kground-preinit] o.apache.tomcat.util.digester.Digester   : [ObjectCreateRule]{mbeans-descriptors/mbean/operation/parameter} Pop org.apache.tomcat.util.modeler.ParameterInfo
2019-12-06 11:18:40.751 DEBUG 7503 --- [kground-preinit] o.a.tomcat.util.digester.Digester.sax    : characters(
      )
2019-12-06 11:18:40.751 DEBUG 7503 --- [kground-preinit] o.a.tomcat.util.digester.Digester.sax    : startElement(,,parameter)
2019-12-06 11:18:40.751 DEBUG 7503 --- [kground-preinit] o.apache.tomcat.util.digester.Digester   :   New match='mbeans-descriptors/mbean/operation/parameter'
2019-12-06 11:18:40.751 DEBUG 7503 --- [kground-preinit] o.apache.tomcat.util.digester.Digester   :   Fire begin() for ObjectCreateRule[className=org.apache.tomcat.util.modeler.ParameterInfo, attributeName=null]
2019-12-06 11:18:40.751 DEBUG 7503 --- [kground-preinit] o.apache.tomcat.util.digester.Digester   :   Fire begin() for SetPropertiesRule[]
2019-12-06 11:18:40.751 DEBUG 7503 --- [kground-preinit] o.apache.tomcat.util.digester.Digester   : [SetPropertiesRule]{mbeans-descriptors/mbean/operation/parameter} Set org.apache.tomcat.util.modeler.ParameterInfo properties
2019-12-06 11:18:40.751 DEBUG 7503 --- [kground-preinit] o.apache.tomcat.util.digester.Digester   : [SetPropertiesRule]{mbeans-descriptors/mbean/operation/parameter} Setting property 'name' to 'defaultHost'
2019-12-06 11:18:40.751 DEBUG 7503 --- [kground-preinit] o.apache.tomcat.util.IntrospectionUtils  : IntrospectionUtils: setProperty(class org.apache.tomcat.util.modeler.ParameterInfo name=defaultHost)
2019-12-06 11:18:40.752 DEBUG 7503 --- [kground-preinit] o.apache.tomcat.util.digester.Digester   : [SetPropertiesRule]{mbeans-descriptors/mbean/operation/parameter} Setting property 'description' to 'Default host name for the new Engine'
2019-12-06 11:18:40.752 DEBUG 7503 --- [kground-preinit] o.apache.tomcat.util.IntrospectionUtils  : IntrospectionUtils: setProperty(class org.apache.tomcat.util.modeler.ParameterInfo description=Default host name for the new Engine)
2019-12-06 11:18:40.752 DEBUG 7503 --- [kground-preinit] o.apache.tomcat.util.digester.Digester   : [SetPropertiesRule]{mbeans-descriptors/mbean/operation/parameter} Setting property 'type' to 'java.lang.String'
2019-12-06 11:18:40.752 DEBUG 7503 --- [kground-preinit] o.apache.tomcat.util.IntrospectionUtils  : IntrospectionUtils: setProperty(class org.apache.tomcat.util.modeler.ParameterInfo type=java.lang.String)
2019-12-06 11:18:40.752 DEBUG 7503 --- [kground-preinit] o.apache.tomcat.util.digester.Digester   :   Fire begin() for SetNextRule[methodName=addParameter, paramType=org.apache.tomcat.util.modeler.ParameterInfo]
2019-12-06 11:18:40.752 DEBUG 7503 --- [kground-preinit] o.a.tomcat.util.digester.Digester.sax    : endElement(,,parameter)
2019-12-06 11:18:40.752 DEBUG 7503 --- [kground-preinit] o.apache.tomcat.util.digester.Digester   :   match='mbeans-descriptors/mbean/operation/parameter'
2019-12-06 11:18:40.752 DEBUG 7503 --- [kground-preinit] o.apache.tomcat.util.digester.Digester   :   bodyText=''
2019-12-06 11:18:40.752 DEBUG 7503 --- [kground-preinit] o.apache.tomcat.util.digester.Digester   :   Fire body() for ObjectCreateRule[className=org.apache.tomcat.util.modeler.ParameterInfo, attributeName=null]
2019-12-06 11:18:40.752 DEBUG 7503 --- [kground-preinit] o.apache.tomcat.util.digester.Digester   :   Fire body() for SetPropertiesRule[]
2019-12-06 11:18:40.753 DEBUG 7503 --- [kground-preinit] o.apache.tomcat.util.digester.Digester   :   Fire body() for SetNextRule[methodName=addParameter, paramType=org.apache.tomcat.util.modeler.ParameterInfo]
2019-12-06 11:18:40.753 DEBUG 7503 --- [kground-preinit] o.apache.tomcat.util.digester.Digester   :   Fire end() for SetNextRule[methodName=addParameter, paramType=org.apache.tomcat.util.modeler.ParameterInfo]
2019-12-06 11:18:40.753 DEBUG 7503 --- [kground-preinit] o.apache.tomcat.util.digester.Digester   : [SetNextRule]{mbeans-descriptors/mbean/operation/parameter} Call org.apache.tomcat.util.modeler.OperationInfo.addParameter(org.apache.tomcat.util.modeler.ParameterInfo@535f7d8d)
2019-12-06 11:18:40.753 DEBUG 7503 --- [kground-preinit] o.apache.tomcat.util.IntrospectionUtils  : IntrospectionUtils: callMethod1 org.apache.tomcat.util.modeler.OperationInfo org.apache.tomcat.util.modeler.ParameterInfo org.apache.tomcat.util.modeler.ParameterInfo
2019-12-06 11:18:40.753 DEBUG 7503 --- [kground-preinit] o.apache.tomcat.util.digester.Digester   :   Fire end() for SetPropertiesRule[]
2019-12-06 11:18:40.753 DEBUG 7503 --- [kground-preinit] o.apache.tomcat.util.digester.Digester   :   Fire end() for ObjectCreateRule[className=org.apache.tomcat.util.modeler.ParameterInfo, attributeName=null]
2019-12-06 11:18:40.753 DEBUG 7503 --- [kground-preinit] o.apache.tomcat.util.digester.Digester   : [ObjectCreateRule]{mbeans-descriptors/mbean/operation/parameter} Pop org.apache.tomcat.util.modeler.ParameterInfo
2019-12-06 11:18:40.753 DEBUG 7503 --- [kground-preinit] o.a.tomcat.util.digester.Digester.sax    : characters(
      )
2019-12-06 11:18:40.753 DEBUG 7503 --- [kground-preinit] o.a.tomcat.util.digester.Digester.sax    : startElement(,,parameter)
2019-12-06 11:18:40.754 DEBUG 7503 --- [kground-preinit] o.apache.tomcat.util.digester.Digester   :   New match='mbeans-descriptors/mbean/operation/parameter'
2019-12-06 11:18:40.754 DEBUG 7503 --- [kground-preinit] o.apache.tomcat.util.digester.Digester   :   Fire begin() for ObjectCreateRule[className=org.apache.tomcat.util.modeler.ParameterInfo, attributeName=null]
2019-12-06 11:18:40.754 DEBUG 7503 --- [kground-preinit] o.apache.tomcat.util.digester.Digester   :   Fire begin() for SetPropertiesRule[]
2019-12-06 11:18:40.754 DEBUG 7503 --- [kground-preinit] o.apache.tomcat.util.digester.Digester   : [SetPropertiesRule]{mbeans-descriptors/mbean/operation/parameter} Set org.apache.tomcat.util.modeler.ParameterInfo properties
2019-12-06 11:18:40.754 DEBUG 7503 --- [kground-preinit] o.apache.tomcat.util.digester.Digester   : [SetPropertiesRule]{mbeans-descriptors/mbean/operation/parameter} Setting property 'name' to 'baseDir'
2019-12-06 11:18:40.754 DEBUG 7503 --- [kground-preinit] o.apache.tomcat.util.IntrospectionUtils  : IntrospectionUtils: setProperty(class org.apache.tomcat.util.modeler.ParameterInfo name=baseDir)
2019-12-06 11:18:40.754 DEBUG 7503 --- [kground-preinit] o.apache.tomcat.util.digester.Digester   : [SetPropertiesRule]{mbeans-descriptors/mbean/operation/parameter} Setting property 'description' to 'Base directory value for the new Engine'
2019-12-06 11:18:40.754 DEBUG 7503 --- [kground-preinit] o.apache.tomcat.util.IntrospectionUtils  : IntrospectionUtils: setProperty(class org.apache.tomcat.util.modeler.ParameterInfo description=Base directory value for the new Engine)
2019-12-06 11:18:40.754 DEBUG 7503 --- [kground-preinit] o.apache.tomcat.util.digester.Digester   : [SetPropertiesRule]{mbeans-descriptors/mbean/operation/parameter} Setting property 'type' to 'java.lang.String'
2019-12-06 11:18:40.754 DEBUG 7503 --- [kground-preinit] o.apache.tomcat.util.IntrospectionUtils  : IntrospectionUtils: setProperty(class org.apache.tomcat.util.modeler.ParameterInfo type=java.lang.String)
2019-12-06 11:18:40.755 DEBUG 7503 --- [kground-preinit] o.apache.tomcat.util.digester.Digester   :   Fire begin() for SetNextRule[methodName=addParameter, paramType=org.apache.tomcat.util.modeler.ParameterInfo]
2019-12-06 11:18:40.755 DEBUG 7503 --- [kground-preinit] o.a.tomcat.util.digester.Digester.sax    : endElement(,,parameter)
2019-12-06 11:18:40.755 DEBUG 7503 --- [kground-preinit] o.apache.tomcat.util.digester.Digester   :   match='mbeans-descriptors/mbean/operation/parameter'
2019-12-06 11:18:40.755 DEBUG 7503 --- [kground-preinit] o.apache.tomcat.util.digester.Digester   :   bodyText=''
2019-12-06 11:18:40.755 DEBUG 7503 --- [kground-preinit] o.apache.tomcat.util.digester.Digester   :   Fire body() for ObjectCreateRule[className=org.apache.tomcat.util.modeler.ParameterInfo, attributeName=null]
2019-12-06 11:18:40.755 DEBUG 7503 --- [kground-preinit] o.apache.tomcat.util.digester.Digester   :   Fire body() for SetPropertiesRule[]
2019-12-06 11:18:40.755 DEBUG 7503 --- [kground-preinit] o.apache.tomcat.util.digester.Digester   :   Fire body() for SetNextRule[methodName=addParameter, paramType=org.apache.tomcat.util.modeler.ParameterInfo]
2019-12-06 11:18:40.755 DEBUG 7503 --- [kground-preinit] o.apache.tomcat.util.digester.Digester   :   Fire end() for SetNextRule[methodName=addParameter, paramType=org.apache.tomcat.util.modeler.ParameterInfo]
2019-12-06 11:18:40.755 DEBUG 7503 --- [kground-preinit] o.apache.tomcat.util.digester.Digester   : [SetNextRule]{mbeans-descriptors/mbean/operation/parameter} Call org.apache.tomcat.util.modeler.OperationInfo.addParameter(org.apache.tomcat.util.modeler.ParameterInfo@31647251)
2019-12-06 11:18:40.756 DEBUG 7503 --- [kground-preinit] o.apache.tomcat.util.IntrospectionUtils  : IntrospectionUtils: callMethod1 org.apache.tomcat.util.modeler.OperationInfo org.apache.tomcat.util.modeler.ParameterInfo org.apache.tomcat.util.modeler.ParameterInfo
2019-12-06 11:18:40.756 DEBUG 7503 --- [kground-preinit] o.apache.tomcat.util.digester.Digester   :   Fire end() for SetPropertiesRule[]
2019-12-06 11:18:40.756 DEBUG 7503 --- [kground-preinit] o.apache.tomcat.util.digester.Digester   :   Fire end() for ObjectCreateRule[className=org.apache.tomcat.util.modeler.ParameterInfo, attributeName=null]
2019-12-06 11:18:40.756 DEBUG 7503 --- [kground-preinit] o.apache.tomcat.util.digester.Digester   : [ObjectCreateRule]{mbeans-descriptors/mbean/operation/parameter} Pop org.apache.tomcat.util.modeler.ParameterInfo
2019-12-06 11:18:40.756 DEBUG 7503 --- [kground-preinit] o.a.tomcat.util.digester.Digester.sax    : characters(
    )
2019-12-06 11:18:40.756 DEBUG 7503 --- [kground-preinit] o.a.tomcat.util.digester.Digester.sax    : endElement(,,operation)
2019-12-06 11:18:40.756 DEBUG 7503 --- [kground-preinit] o.apache.tomcat.util.digester.Digester   :   match='mbeans-descriptors/mbean/operation'
2019-12-06 11:18:40.756 DEBUG 7503 --- [kground-preinit] o.apache.tomcat.util.digester.Digester   :   bodyText='
      
      
      
    '
2019-12-06 11:18:40.756 DEBUG 7503 --- [kground-preinit] o.apache.tomcat.util.digester.Digester   :   Fire body() for ObjectCreateRule[className=org.apache.tomcat.util.modeler.OperationInfo, attributeName=null]
2019-12-06 11:18:40.757 DEBUG 7503 --- [kground-preinit] o.apache.tomcat.util.digester.Digester   :   Fire body() for SetPropertiesRule[]
2019-12-06 11:18:40.757 DEBUG 7503 --- [kground-preinit] o.apache.tomcat.util.digester.Digester   :   Fire body() for SetNextRule[methodName=addOperation, paramType=org.apache.tomcat.util.modeler.OperationInfo]
2019-12-06 11:18:40.757 DEBUG 7503 --- [kground-preinit] o.apache.tomcat.util.digester.Digester   :   Fire end() for SetNextRule[methodName=addOperation, paramType=org.apache.tomcat.util.modeler.OperationInfo]
2019-12-06 11:18:40.757 DEBUG 7503 --- [kground-preinit] o.apache.tomcat.util.digester.Digester   : [SetNextRule]{mbeans-descriptors/mbean/operation} Call org.apache.tomcat.util.modeler.ManagedBean.addOperation(org.apache.tomcat.util.modeler.OperationInfo@af54ea4)
2019-12-06 11:18:40.757 DEBUG 7503 --- [kground-preinit] o.apache.tomcat.util.IntrospectionUtils  : IntrospectionUtils: callMethod1 org.apache.tomcat.util.modeler.ManagedBean org.apache.tomcat.util.modeler.OperationInfo org.apache.tomcat.util.modeler.OperationInfo
2019-12-06 11:18:40.757 DEBUG 7503 --- [kground-preinit] o.apache.tomcat.util.digester.Digester   :   Fire end() for SetPropertiesRule[]
2019-12-06 11:18:40.757 DEBUG 7503 --- [kground-preinit] o.apache.tomcat.util.digester.Digester   :   Fire end() for ObjectCreateRule[className=org.apache.tomcat.util.modeler.OperationInfo, attributeName=null]
2019-12-06 11:18:40.757 DEBUG 7503 --- [kground-preinit] o.apache.tomcat.util.digester.Digester   : [ObjectCreateRule]{mbeans-descriptors/mbean/operation} Pop org.apache.tomcat.util.modeler.OperationInfo
2019-12-06 11:18:40.757 DEBUG 7503 --- [kground-preinit] o.a.tomcat.util.digester.Digester.sax    : characters(

    )
2019-12-06 11:18:40.758 DEBUG 7503 --- [kground-preinit] o.a.tomcat.util.digester.Digester.sax    : startElement(,,operation)
2019-12-06 11:18:40.758 DEBUG 7503 --- [kground-preinit] o.apache.tomcat.util.digester.Digester   :   New match='mbeans-descriptors/mbean/operation'
2019-12-06 11:18:40.758 DEBUG 7503 --- [kground-preinit] o.apache.tomcat.util.digester.Digester   :   Fire begin() for ObjectCreateRule[className=org.apache.tomcat.util.modeler.OperationInfo, attributeName=null]
2019-12-06 11:18:40.758 DEBUG 7503 --- [kground-preinit] o.apache.tomcat.util.digester.Digester   :   Fire begin() for SetPropertiesRule[]
2019-12-06 11:18:40.758 DEBUG 7503 --- [kground-preinit] o.apache.tomcat.util.digester.Digester   : [SetPropertiesRule]{mbeans-descriptors/mbean/operation} Set org.apache.tomcat.util.modeler.OperationInfo properties
2019-12-06 11:18:40.758 DEBUG 7503 --- [kground-preinit] o.apache.tomcat.util.digester.Digester   : [SetPropertiesRule]{mbeans-descriptors/mbean/operation} Setting property 'name' to 'createStandardHost'
2019-12-06 11:18:40.758 DEBUG 7503 --- [kground-preinit] o.apache.tomcat.util.IntrospectionUtils  : IntrospectionUtils: setProperty(class org.apache.tomcat.util.modeler.OperationInfo name=createStandardHost)
2019-12-06 11:18:40.758 DEBUG 7503 --- [kground-preinit] o.apache.tomcat.util.digester.Digester   : [SetPropertiesRule]{mbeans-descriptors/mbean/operation} Setting property 'description' to 'Create a new StandardHost'
2019-12-06 11:18:40.758 DEBUG 7503 --- [kground-preinit] o.apache.tomcat.util.IntrospectionUtils  : IntrospectionUtils: setProperty(class org.apache.tomcat.util.modeler.OperationInfo description=Create a new StandardHost)
2019-12-06 11:18:40.758 DEBUG 7503 --- [kground-preinit] o.apache.tomcat.util.digester.Digester   : [SetPropertiesRule]{mbeans-descriptors/mbean/operation} Setting property 'impact' to 'ACTION'
2019-12-06 11:18:40.759 DEBUG 7503 --- [kground-preinit] o.apache.tomcat.util.IntrospectionUtils  : IntrospectionUtils: setProperty(class org.apache.tomcat.util.modeler.OperationInfo impact=ACTION)
2019-12-06 11:18:40.759 DEBUG 7503 --- [kground-preinit] o.apache.tomcat.util.digester.Digester   : [SetPropertiesRule]{mbeans-descriptors/mbean/operation} Setting property 'returnType' to 'java.lang.String'
2019-12-06 11:18:40.759 DEBUG 7503 --- [kground-preinit] o.apache.tomcat.util.IntrospectionUtils  : IntrospectionUtils: setProperty(class org.apache.tomcat.util.modeler.OperationInfo returnType=java.lang.String)
2019-12-06 11:18:40.759 DEBUG 7503 --- [kground-preinit] o.apache.tomcat.util.digester.Digester   :   Fire begin() for SetNextRule[methodName=addOperation, paramType=org.apache.tomcat.util.modeler.OperationInfo]
2019-12-06 11:18:40.759 DEBUG 7503 --- [kground-preinit] o.a.tomcat.util.digester.Digester.sax    : characters(
      )
2019-12-06 11:18:40.759 DEBUG 7503 --- [kground-preinit] o.a.tomcat.util.digester.Digester.sax    : startElement(,,parameter)
2019-12-06 11:18:40.759 DEBUG 7503 --- [kground-preinit] o.apache.tomcat.util.digester.Digester   :   New match='mbeans-descriptors/mbean/operation/parameter'
2019-12-06 11:18:40.759 DEBUG 7503 --- [kground-preinit] o.apache.tomcat.util.digester.Digester   :   Fire begin() for ObjectCreateRule[className=org.apache.tomcat.util.modeler.ParameterInfo, attributeName=null]
2019-12-06 11:18:40.759 DEBUG 7503 --- [kground-preinit] o.apache.tomcat.util.digester.Digester   :   Fire begin() for SetPropertiesRule[]
2019-12-06 11:18:40.760 DEBUG 7503 --- [kground-preinit] o.apache.tomcat.util.digester.Digester   : [SetPropertiesRule]{mbeans-descriptors/mbean/operation/parameter} Set org.apache.tomcat.util.modeler.ParameterInfo properties
2019-12-06 11:18:40.760 DEBUG 7503 --- [kground-preinit] o.apache.tomcat.util.digester.Digester   : [SetPropertiesRule]{mbeans-descriptors/mbean/operation/parameter} Setting property 'name' to 'parent'
2019-12-06 11:18:40.760 DEBUG 7503 --- [kground-preinit] o.apache.tomcat.util.IntrospectionUtils  : IntrospectionUtils: setProperty(class org.apache.tomcat.util.modeler.ParameterInfo name=parent)
2019-12-06 11:18:40.760 DEBUG 7503 --- [kground-preinit] o.apache.tomcat.util.digester.Digester   : [SetPropertiesRule]{mbeans-descriptors/mbean/operation/parameter} Setting property 'description' to 'MBean Name of the associated parent component'
2019-12-06 11:18:40.760 DEBUG 7503 --- [kground-preinit] o.apache.tomcat.util.IntrospectionUtils  : IntrospectionUtils: setProperty(class org.apache.tomcat.util.modeler.ParameterInfo description=MBean Name of the associated parent component)
2019-12-06 11:18:40.760 DEBUG 7503 --- [kground-preinit] o.apache.tomcat.util.digester.Digester   : [SetPropertiesRule]{mbeans-descriptors/mbean/operation/parameter} Setting property 'type' to 'java.lang.String'
2019-12-06 11:18:40.760 DEBUG 7503 --- [kground-preinit] o.apache.tomcat.util.IntrospectionUtils  : IntrospectionUtils: setProperty(class org.apache.tomcat.util.modeler.ParameterInfo type=java.lang.String)
2019-12-06 11:18:40.760 DEBUG 7503 --- [kground-preinit] o.apache.tomcat.util.digester.Digester   :   Fire begin() for SetNextRule[methodName=addParameter, paramType=org.apache.tomcat.util.modeler.ParameterInfo]
2019-12-06 11:18:40.760 DEBUG 7503 --- [kground-preinit] o.a.tomcat.util.digester.Digester.sax    : endElement(,,parameter)
2019-12-06 11:18:40.760 DEBUG 7503 --- [kground-preinit] o.apache.tomcat.util.digester.Digester   :   match='mbeans-descriptors/mbean/operation/parameter'
2019-12-06 11:18:40.760 DEBUG 7503 --- [kground-preinit] o.apache.tomcat.util.digester.Digester   :   bodyText=''
2019-12-06 11:18:40.761 DEBUG 7503 --- [kground-preinit] o.apache.tomcat.util.digester.Digester   :   Fire body() for ObjectCreateRule[className=org.apache.tomcat.util.modeler.ParameterInfo, attributeName=null]
2019-12-06 11:18:40.761 DEBUG 7503 --- [kground-preinit] o.apache.tomcat.util.digester.Digester   :   Fire body() for SetPropertiesRule[]
2019-12-06 11:18:40.761 DEBUG 7503 --- [kground-preinit] o.apache.tomcat.util.digester.Digester   :   Fire body() for SetNextRule[methodName=addParameter, paramType=org.apache.tomcat.util.modeler.ParameterInfo]
2019-12-06 11:18:40.761 DEBUG 7503 --- [kground-preinit] o.apache.tomcat.util.digester.Digester   :   Fire end() for SetNextRule[methodName=addParameter, paramType=org.apache.tomcat.util.modeler.ParameterInfo]
2019-12-06 11:18:40.761 DEBUG 7503 --- [kground-preinit] o.apache.tomcat.util.digester.Digester   : [SetNextRule]{mbeans-descriptors/mbean/operation/parameter} Call org.apache.tomcat.util.modeler.OperationInfo.addParameter(org.apache.tomcat.util.modeler.ParameterInfo@7c3dd826)
2019-12-06 11:18:40.761 DEBUG 7503 --- [kground-preinit] o.apache.tomcat.util.IntrospectionUtils  : IntrospectionUtils: callMethod1 org.apache.tomcat.util.modeler.OperationInfo org.apache.tomcat.util.modeler.ParameterInfo org.apache.tomcat.util.modeler.ParameterInfo
2019-12-06 11:18:40.761 DEBUG 7503 --- [kground-preinit] o.apache.tomcat.util.digester.Digester   :   Fire end() for SetPropertiesRule[]
2019-12-06 11:18:40.761 DEBUG 7503 --- [kground-preinit] o.apache.tomcat.util.digester.Digester   :   Fire end() for ObjectCreateRule[className=org.apache.tomcat.util.modeler.ParameterInfo, attributeName=null]
2019-12-06 11:18:40.761 DEBUG 7503 --- [kground-preinit] o.apache.tomcat.util.digester.Digester   : [ObjectCreateRule]{mbeans-descriptors/mbean/operation/parameter} Pop org.apache.tomcat.util.modeler.ParameterInfo
2019-12-06 11:18:40.761 DEBUG 7503 --- [kground-preinit] o.a.tomcat.util.digester.Digester.sax    : characters(
      )
2019-12-06 11:18:40.761 DEBUG 7503 --- [kground-preinit] o.a.tomcat.util.digester.Digester.sax    : startElement(,,parameter)
2019-12-06 11:18:40.762 DEBUG 7503 --- [kground-preinit] o.apache.tomcat.util.digester.Digester   :   New match='mbeans-descriptors/mbean/operation/parameter'
2019-12-06 11:18:40.762 DEBUG 7503 --- [kground-preinit] o.apache.tomcat.util.digester.Digester   :   Fire begin() for ObjectCreateRule[className=org.apache.tomcat.util.modeler.ParameterInfo, attributeName=null]
2019-12-06 11:18:40.762 DEBUG 7503 --- [kground-preinit] o.apache.tomcat.util.digester.Digester   :   Fire begin() for SetPropertiesRule[]
2019-12-06 11:18:40.762 DEBUG 7503 --- [kground-preinit] o.apache.tomcat.util.digester.Digester   : [SetPropertiesRule]{mbeans-descriptors/mbean/operation/parameter} Set org.apache.tomcat.util.modeler.ParameterInfo properties
2019-12-06 11:18:40.762 DEBUG 7503 --- [kground-preinit] o.apache.tomcat.util.digester.Digester   : [SetPropertiesRule]{mbeans-descriptors/mbean/operation/parameter} Setting property 'name' to 'name'
2019-12-06 11:18:40.762 DEBUG 7503 --- [kground-preinit] o.apache.tomcat.util.IntrospectionUtils  : IntrospectionUtils: setProperty(class org.apache.tomcat.util.modeler.ParameterInfo name=name)
2019-12-06 11:18:40.762 DEBUG 7503 --- [kground-preinit] o.apache.tomcat.util.digester.Digester   : [SetPropertiesRule]{mbeans-descriptors/mbean/operation/parameter} Setting property 'description' to 'Unique name of this Host'
2019-12-06 11:18:40.762 DEBUG 7503 --- [kground-preinit] o.apache.tomcat.util.IntrospectionUtils  : IntrospectionUtils: setProperty(class org.apache.tomcat.util.modeler.ParameterInfo description=Unique name of this Host)
2019-12-06 11:18:40.762 DEBUG 7503 --- [kground-preinit] o.apache.tomcat.util.digester.Digester   : [SetPropertiesRule]{mbeans-descriptors/mbean/operation/parameter} Setting property 'type' to 'java.lang.String'
2019-12-06 11:18:40.762 DEBUG 7503 --- [kground-preinit] o.apache.tomcat.util.IntrospectionUtils  : IntrospectionUtils: setProperty(class org.apache.tomcat.util.modeler.ParameterInfo type=java.lang.String)
2019-12-06 11:18:40.763 DEBUG 7503 --- [kground-preinit] o.apache.tomcat.util.digester.Digester   :   Fire begin() for SetNextRule[methodName=addParameter, paramType=org.apache.tomcat.util.modeler.ParameterInfo]
2019-12-06 11:18:40.763 DEBUG 7503 --- [kground-preinit] o.a.tomcat.util.digester.Digester.sax    : endElement(,,parameter)
2019-12-06 11:18:40.763 DEBUG 7503 --- [kground-preinit] o.apache.tomcat.util.digester.Digester   :   match='mbeans-descriptors/mbean/operation/parameter'
2019-12-06 11:18:40.763 DEBUG 7503 --- [kground-preinit] o.apache.tomcat.util.digester.Digester   :   bodyText=''
2019-12-06 11:18:40.763 DEBUG 7503 --- [kground-preinit] o.apache.tomcat.util.digester.Digester   :   Fire body() for ObjectCreateRule[className=org.apache.tomcat.util.modeler.ParameterInfo, attributeName=null]
2019-12-06 11:18:40.763 DEBUG 7503 --- [kground-preinit] o.apache.tomcat.util.digester.Digester   :   Fire body() for SetPropertiesRule[]
2019-12-06 11:18:40.763 DEBUG 7503 --- [kground-preinit] o.apache.tomcat.util.digester.Digester   :   Fire body() for SetNextRule[methodName=addParameter, paramType=org.apache.tomcat.util.modeler.ParameterInfo]
2019-12-06 11:18:40.763 DEBUG 7503 --- [kground-preinit] o.apache.tomcat.util.digester.Digester   :   Fire end() for SetNextRule[methodName=addParameter, paramType=org.apache.tomcat.util.modeler.ParameterInfo]
2019-12-06 11:18:40.763 DEBUG 7503 --- [kground-preinit] o.apache.tomcat.util.digester.Digester   : [SetNextRule]{mbeans-descriptors/mbean/operation/parameter} Call org.apache.tomcat.util.modeler.OperationInfo.addParameter(org.apache.tomcat.util.modeler.ParameterInfo@54a67139)
2019-12-06 11:18:40.763 DEBUG 7503 --- [kground-preinit] o.apache.tomcat.util.IntrospectionUtils  : IntrospectionUtils: callMethod1 org.apache.tomcat.util.modeler.OperationInfo org.apache.tomcat.util.modeler.ParameterInfo org.apache.tomcat.util.modeler.ParameterInfo
2019-12-06 11:18:40.764 DEBUG 7503 --- [kground-preinit] o.apache.tomcat.util.digester.Digester   :   Fire end() for SetPropertiesRule[]
2019-12-06 11:18:40.764 DEBUG 7503 --- [kground-preinit] o.apache.tomcat.util.digester.Digester   :   Fire end() for ObjectCreateRule[className=org.apache.tomcat.util.modeler.ParameterInfo, attributeName=null]
2019-12-06 11:18:40.764 DEBUG 7503 --- [kground-preinit] o.apache.tomcat.util.digester.Digester   : [ObjectCreateRule]{mbeans-descriptors/mbean/operation/parameter} Pop org.apache.tomcat.util.modeler.ParameterInfo
2019-12-06 11:18:40.764 DEBUG 7503 --- [kground-preinit] o.a.tomcat.util.digester.Digester.sax    : characters(
      )
2019-12-06 11:18:40.764 DEBUG 7503 --- [kground-preinit] o.a.tomcat.util.digester.Digester.sax    : startElement(,,parameter)
2019-12-06 11:18:40.764 DEBUG 7503 --- [kground-preinit] o.apache.tomcat.util.digester.Digester   :   New match='mbeans-descriptors/mbean/operation/parameter'
2019-12-06 11:18:40.764 DEBUG 7503 --- [kground-preinit] o.apache.tomcat.util.digester.Digester   :   Fire begin() for ObjectCreateRule[className=org.apache.tomcat.util.modeler.ParameterInfo, attributeName=null]
2019-12-06 11:18:40.764 DEBUG 7503 --- [kground-preinit] o.apache.tomcat.util.digester.Digester   :   Fire begin() for SetPropertiesRule[]
2019-12-06 11:18:40.764 DEBUG 7503 --- [kground-preinit] o.apache.tomcat.util.digester.Digester   : [SetPropertiesRule]{mbeans-descriptors/mbean/operation/parameter} Set org.apache.tomcat.util.modeler.ParameterInfo properties
2019-12-06 11:18:40.765 DEBUG 7503 --- [kground-preinit] o.apache.tomcat.util.digester.Digester   : [SetPropertiesRule]{mbeans-descriptors/mbean/operation/parameter} Setting property 'name' to 'appBase'
2019-12-06 11:18:40.765 DEBUG 7503 --- [kground-preinit] o.apache.tomcat.util.IntrospectionUtils  : IntrospectionUtils: setProperty(class org.apache.tomcat.util.modeler.ParameterInfo name=appBase)
2019-12-06 11:18:40.765 DEBUG 7503 --- [kground-preinit] o.apache.tomcat.util.digester.Digester   : [SetPropertiesRule]{mbeans-descriptors/mbean/operation/parameter} Setting property 'description' to 'set host deployment directory'
2019-12-06 11:18:40.765 DEBUG 7503 --- [kground-preinit] o.apache.tomcat.util.IntrospectionUtils  : IntrospectionUtils: setProperty(class org.apache.tomcat.util.modeler.ParameterInfo description=set host deployment directory)
2019-12-06 11:18:40.765 DEBUG 7503 --- [kground-preinit] o.apache.tomcat.util.digester.Digester   : [SetPropertiesRule]{mbeans-descriptors/mbean/operation/parameter} Setting property 'type' to 'java.lang.String'
2019-12-06 11:18:40.765 DEBUG 7503 --- [kground-preinit] o.apache.tomcat.util.IntrospectionUtils  : IntrospectionUtils: setProperty(class org.apache.tomcat.util.modeler.ParameterInfo type=java.lang.String)
2019-12-06 11:18:40.765 DEBUG 7503 --- [kground-preinit] o.apache.tomcat.util.digester.Digester   :   Fire begin() for SetNextRule[methodName=addParameter, paramType=org.apache.tomcat.util.modeler.ParameterInfo]
2019-12-06 11:18:40.765 DEBUG 7503 --- [kground-preinit] o.a.tomcat.util.digester.Digester.sax    : endElement(,,parameter)
2019-12-06 11:18:40.766 DEBUG 7503 --- [kground-preinit] o.apache.tomcat.util.digester.Digester   :   match='mbeans-descriptors/mbean/operation/parameter'
2019-12-06 11:18:40.766 DEBUG 7503 --- [kground-preinit] o.apache.tomcat.util.digester.Digester   :   bodyText=''
2019-12-06 11:18:40.766 DEBUG 7503 --- [kground-preinit] o.apache.tomcat.util.digester.Digester   :   Fire body() for ObjectCreateRule[className=org.apache.tomcat.util.modeler.ParameterInfo, attributeName=null]
2019-12-06 11:18:40.766 DEBUG 7503 --- [kground-preinit] o.apache.tomcat.util.digester.Digester   :   Fire body() for SetPropertiesRule[]
2019-12-06 11:18:40.766 DEBUG 7503 --- [kground-preinit] o.apache.tomcat.util.digester.Digester   :   Fire body() for SetNextRule[methodName=addParameter, paramType=org.apache.tomcat.util.modeler.ParameterInfo]
2019-12-06 11:18:40.766 DEBUG 7503 --- [kground-preinit] o.apache.tomcat.util.digester.Digester   :   Fire end() for SetNextRule[methodName=addParameter, paramType=org.apache.tomcat.util.modeler.ParameterInfo]
2019-12-06 11:18:40.766 DEBUG 7503 --- [kground-preinit] o.apache.tomcat.util.digester.Digester   : [SetNextRule]{mbeans-descriptors/mbean/operation/parameter} Call org.apache.tomcat.util.modeler.OperationInfo.addParameter(org.apache.tomcat.util.modeler.ParameterInfo@46427706)
2019-12-06 11:18:40.766 DEBUG 7503 --- [kground-preinit] o.apache.tomcat.util.IntrospectionUtils  : IntrospectionUtils: callMethod1 org.apache.tomcat.util.modeler.OperationInfo org.apache.tomcat.util.modeler.ParameterInfo org.apache.tomcat.util.modeler.ParameterInfo
2019-12-06 11:18:40.766 DEBUG 7503 --- [kground-preinit] o.apache.tomcat.util.digester.Digester   :   Fire end() for SetPropertiesRule[]
2019-12-06 11:18:40.766 DEBUG 7503 --- [kground-preinit] o.apache.tomcat.util.digester.Digester   :   Fire end() for ObjectCreateRule[className=org.apache.tomcat.util.modeler.ParameterInfo, attributeName=null]
2019-12-06 11:18:40.767 DEBUG 7503 --- [kground-preinit] o.apache.tomcat.util.digester.Digester   : [ObjectCreateRule]{mbeans-descriptors/mbean/operation/parameter} Pop org.apache.tomcat.util.modeler.ParameterInfo
2019-12-06 11:18:40.767 DEBUG 7503 --- [kground-preinit] o.a.tomcat.util.digester.Digester.sax    : characters(
      )
2019-12-06 11:18:40.767 DEBUG 7503 --- [kground-preinit] o.a.tomcat.util.digester.Digester.sax    : startElement(,,parameter)
2019-12-06 11:18:40.767 DEBUG 7503 --- [kground-preinit] o.apache.tomcat.util.digester.Digester   :   New match='mbeans-descriptors/mbean/operation/parameter'
2019-12-06 11:18:40.767 DEBUG 7503 --- [kground-preinit] o.apache.tomcat.util.digester.Digester   :   Fire begin() for ObjectCreateRule[className=org.apache.tomcat.util.modeler.ParameterInfo, attributeName=null]
2019-12-06 11:18:40.767 DEBUG 7503 --- [kground-preinit] o.apache.tomcat.util.digester.Digester   :   Fire begin() for SetPropertiesRule[]
2019-12-06 11:18:40.767 DEBUG 7503 --- [kground-preinit] o.apache.tomcat.util.digester.Digester   : [SetPropertiesRule]{mbeans-descriptors/mbean/operation/parameter} Set org.apache.tomcat.util.modeler.ParameterInfo properties
2019-12-06 11:18:40.767 DEBUG 7503 --- [kground-preinit] o.apache.tomcat.util.digester.Digester   : [SetPropertiesRule]{mbeans-descriptors/mbean/operation/parameter} Setting property 'name' to 'autoDeploy'
2019-12-06 11:18:40.768 DEBUG 7503 --- [kground-preinit] o.apache.tomcat.util.IntrospectionUtils  : IntrospectionUtils: setProperty(class org.apache.tomcat.util.modeler.ParameterInfo name=autoDeploy)
2019-12-06 11:18:40.768 DEBUG 7503 --- [kground-preinit] o.apache.tomcat.util.digester.Digester   : [SetPropertiesRule]{mbeans-descriptors/mbean/operation/parameter} Setting property 'description' to 'The auto deploy flag for this Host'
2019-12-06 11:18:40.768 DEBUG 7503 --- [kground-preinit] o.apache.tomcat.util.IntrospectionUtils  : IntrospectionUtils: setProperty(class org.apache.tomcat.util.modeler.ParameterInfo description=The auto deploy flag for this Host)
2019-12-06 11:18:40.768 DEBUG 7503 --- [kground-preinit] o.apache.tomcat.util.digester.Digester   : [SetPropertiesRule]{mbeans-descriptors/mbean/operation/parameter} Setting property 'type' to 'boolean'
2019-12-06 11:18:40.768 DEBUG 7503 --- [kground-preinit] o.apache.tomcat.util.IntrospectionUtils  : IntrospectionUtils: setProperty(class org.apache.tomcat.util.modeler.ParameterInfo type=boolean)
2019-12-06 11:18:40.768 DEBUG 7503 --- [kground-preinit] o.apache.tomcat.util.digester.Digester   :   Fire begin() for SetNextRule[methodName=addParameter, paramType=org.apache.tomcat.util.modeler.ParameterInfo]
2019-12-06 11:18:40.768 DEBUG 7503 --- [kground-preinit] o.a.tomcat.util.digester.Digester.sax    : endElement(,,parameter)
2019-12-06 11:18:40.768 DEBUG 7503 --- [kground-preinit] o.apache.tomcat.util.digester.Digester   :   match='mbeans-descriptors/mbean/operation/parameter'
2019-12-06 11:18:40.768 DEBUG 7503 --- [kground-preinit] o.apache.tomcat.util.digester.Digester   :   bodyText=''
2019-12-06 11:18:40.768 DEBUG 7503 --- [kground-preinit] o.apache.tomcat.util.digester.Digester   :   Fire body() for ObjectCreateRule[className=org.apache.tomcat.util.modeler.ParameterInfo, attributeName=null]
2019-12-06 11:18:40.769 DEBUG 7503 --- [kground-preinit] o.apache.tomcat.util.digester.Digester   :   Fire body() for SetPropertiesRule[]
2019-12-06 11:18:40.769 DEBUG 7503 --- [kground-preinit] o.apache.tomcat.util.digester.Digester   :   Fire body() for SetNextRule[methodName=addParameter, paramType=org.apache.tomcat.util.modeler.ParameterInfo]
2019-12-06 11:18:40.769 DEBUG 7503 --- [kground-preinit] o.apache.tomcat.util.digester.Digester   :   Fire end() for SetNextRule[methodName=addParameter, paramType=org.apache.tomcat.util.modeler.ParameterInfo]
2019-12-06 11:18:40.769 DEBUG 7503 --- [kground-preinit] o.apache.tomcat.util.digester.Digester   : [SetNextRule]{mbeans-descriptors/mbean/operation/parameter} Call org.apache.tomcat.util.modeler.OperationInfo.addParameter(org.apache.tomcat.util.modeler.ParameterInfo@66629104)
2019-12-06 11:18:40.769 DEBUG 7503 --- [kground-preinit] o.apache.tomcat.util.IntrospectionUtils  : IntrospectionUtils: callMethod1 org.apache.tomcat.util.modeler.OperationInfo org.apache.tomcat.util.modeler.ParameterInfo org.apache.tomcat.util.modeler.ParameterInfo
2019-12-06 11:18:40.769 DEBUG 7503 --- [kground-preinit] o.apache.tomcat.util.digester.Digester   :   Fire end() for SetPropertiesRule[]
2019-12-06 11:18:40.769 DEBUG 7503 --- [kground-preinit] o.apache.tomcat.util.digester.Digester   :   Fire end() for ObjectCreateRule[className=org.apache.tomcat.util.modeler.ParameterInfo, attributeName=null]
2019-12-06 11:18:40.769 DEBUG 7503 --- [kground-preinit] o.apache.tomcat.util.digester.Digester   : [ObjectCreateRule]{mbeans-descriptors/mbean/operation/parameter} Pop org.apache.tomcat.util.modeler.ParameterInfo
2019-12-06 11:18:40.769 DEBUG 7503 --- [kground-preinit] o.a.tomcat.util.digester.Digester.sax    : characters(
      )
2019-12-06 11:18:40.770 DEBUG 7503 --- [kground-preinit] o.a.tomcat.util.digester.Digester.sax    : startElement(,,parameter)
2019-12-06 11:18:40.770 DEBUG 7503 --- [kground-preinit] o.apache.tomcat.util.digester.Digester   :   New match='mbeans-descriptors/mbean/operation/parameter'
2019-12-06 11:18:40.770 DEBUG 7503 --- [kground-preinit] o.apache.tomcat.util.digester.Digester   :   Fire begin() for ObjectCreateRule[className=org.apache.tomcat.util.modeler.ParameterInfo, attributeName=null]
2019-12-06 11:18:40.770 DEBUG 7503 --- [kground-preinit] o.apache.tomcat.util.digester.Digester   :   Fire begin() for SetPropertiesRule[]
2019-12-06 11:18:40.770 DEBUG 7503 --- [kground-preinit] o.apache.tomcat.util.digester.Digester   : [SetPropertiesRule]{mbeans-descriptors/mbean/operation/parameter} Set org.apache.tomcat.util.modeler.ParameterInfo properties
2019-12-06 11:18:40.770 DEBUG 7503 --- [kground-preinit] o.apache.tomcat.util.digester.Digester   : [SetPropertiesRule]{mbeans-descriptors/mbean/operation/parameter} Setting property 'name' to 'deployOnStartup'
2019-12-06 11:18:40.770 DEBUG 7503 --- [kground-preinit] o.apache.tomcat.util.IntrospectionUtils  : IntrospectionUtils: setProperty(class org.apache.tomcat.util.modeler.ParameterInfo name=deployOnStartup)
2019-12-06 11:18:40.771 DEBUG 7503 --- [kground-preinit] o.apache.tomcat.util.digester.Digester   : [SetPropertiesRule]{mbeans-descriptors/mbean/operation/parameter} Setting property 'description' to 'The deploy on startup flag for this Host'
2019-12-06 11:18:40.771 DEBUG 7503 --- [kground-preinit] o.apache.tomcat.util.IntrospectionUtils  : IntrospectionUtils: setProperty(class org.apache.tomcat.util.modeler.ParameterInfo description=The deploy on startup flag for this Host)
2019-12-06 11:18:40.771 DEBUG 7503 --- [kground-preinit] o.apache.tomcat.util.digester.Digester   : [SetPropertiesRule]{mbeans-descriptors/mbean/operation/parameter} Setting property 'type' to 'boolean'
2019-12-06 11:18:40.771 DEBUG 7503 --- [kground-preinit] o.apache.tomcat.util.IntrospectionUtils  : IntrospectionUtils: setProperty(class org.apache.tomcat.util.modeler.ParameterInfo type=boolean)
2019-12-06 11:18:40.771 DEBUG 7503 --- [kground-preinit] o.apache.tomcat.util.digester.Digester   :   Fire begin() for SetNextRule[methodName=addParameter, paramType=org.apache.tomcat.util.modeler.ParameterInfo]
2019-12-06 11:18:40.771 DEBUG 7503 --- [kground-preinit] o.a.tomcat.util.digester.Digester.sax    : endElement(,,parameter)
2019-12-06 11:18:40.771 DEBUG 7503 --- [kground-preinit] o.apache.tomcat.util.digester.Digester   :   match='mbeans-descriptors/mbean/operation/parameter'
2019-12-06 11:18:40.771 DEBUG 7503 --- [kground-preinit] o.apache.tomcat.util.digester.Digester   :   bodyText=''
2019-12-06 11:18:40.771 DEBUG 7503 --- [kground-preinit] o.apache.tomcat.util.digester.Digester   :   Fire body() for ObjectCreateRule[className=org.apache.tomcat.util.modeler.ParameterInfo, attributeName=null]
2019-12-06 11:18:40.771 DEBUG 7503 --- [kground-preinit] o.apache.tomcat.util.digester.Digester   :   Fire body() for SetPropertiesRule[]
2019-12-06 11:18:40.772 DEBUG 7503 --- [kground-preinit] o.apache.tomcat.util.digester.Digester   :   Fire body() for SetNextRule[methodName=addParameter, paramType=org.apache.tomcat.util.modeler.ParameterInfo]
2019-12-06 11:18:40.772 DEBUG 7503 --- [kground-preinit] o.apache.tomcat.util.digester.Digester   :   Fire end() for SetNextRule[methodName=addParameter, paramType=org.apache.tomcat.util.modeler.ParameterInfo]
2019-12-06 11:18:40.772 DEBUG 7503 --- [kground-preinit] o.apache.tomcat.util.digester.Digester   : [SetNextRule]{mbeans-descriptors/mbean/operation/parameter} Call org.apache.tomcat.util.modeler.OperationInfo.addParameter(org.apache.tomcat.util.modeler.ParameterInfo@740c9906)
2019-12-06 11:18:40.772 DEBUG 7503 --- [kground-preinit] o.apache.tomcat.util.IntrospectionUtils  : IntrospectionUtils: callMethod1 org.apache.tomcat.util.modeler.OperationInfo org.apache.tomcat.util.modeler.ParameterInfo org.apache.tomcat.util.modeler.ParameterInfo
2019-12-06 11:18:40.772 DEBUG 7503 --- [kground-preinit] o.apache.tomcat.util.digester.Digester   :   Fire end() for SetPropertiesRule[]
2019-12-06 11:18:40.772 DEBUG 7503 --- [kground-preinit] o.apache.tomcat.util.digester.Digester   :   Fire end() for ObjectCreateRule[className=org.apache.tomcat.util.modeler.ParameterInfo, attributeName=null]
2019-12-06 11:18:40.772 DEBUG 7503 --- [kground-preinit] o.apache.tomcat.util.digester.Digester   : [ObjectCreateRule]{mbeans-descriptors/mbean/operation/parameter} Pop org.apache.tomcat.util.modeler.ParameterInfo
2019-12-06 11:18:40.772 DEBUG 7503 --- [kground-preinit] o.a.tomcat.util.digester.Digester.sax    : characters(
      )
2019-12-06 11:18:40.773 DEBUG 7503 --- [kground-preinit] o.a.tomcat.util.digester.Digester.sax    : startElement(,,parameter)
2019-12-06 11:18:40.773 DEBUG 7503 --- [kground-preinit] o.apache.tomcat.util.digester.Digester   :   New match='mbeans-descriptors/mbean/operation/parameter'
2019-12-06 11:18:40.773 DEBUG 7503 --- [kground-preinit] o.apache.tomcat.util.digester.Digester   :   Fire begin() for ObjectCreateRule[className=org.apache.tomcat.util.modeler.ParameterInfo, attributeName=null]
2019-12-06 11:18:40.773 DEBUG 7503 --- [kground-preinit] o.apache.tomcat.util.digester.Digester   :   Fire begin() for SetPropertiesRule[]
2019-12-06 11:18:40.773 DEBUG 7503 --- [kground-preinit] o.apache.tomcat.util.digester.Digester   : [SetPropertiesRule]{mbeans-descriptors/mbean/operation/parameter} Set org.apache.tomcat.util.modeler.ParameterInfo properties
2019-12-06 11:18:40.773 DEBUG 7503 --- [kground-preinit] o.apache.tomcat.util.digester.Digester   : [SetPropertiesRule]{mbeans-descriptors/mbean/operation/parameter} Setting property 'name' to 'deployXML'
2019-12-06 11:18:40.773 DEBUG 7503 --- [kground-preinit] o.apache.tomcat.util.IntrospectionUtils  : IntrospectionUtils: setProperty(class org.apache.tomcat.util.modeler.ParameterInfo name=deployXML)
2019-12-06 11:18:40.774 DEBUG 7503 --- [kground-preinit] o.apache.tomcat.util.digester.Digester   : [SetPropertiesRule]{mbeans-descriptors/mbean/operation/parameter} Setting property 'description' to 'deploy Context XML config files property'
2019-12-06 11:18:40.774 DEBUG 7503 --- [kground-preinit] o.apache.tomcat.util.IntrospectionUtils  : IntrospectionUtils: setProperty(class org.apache.tomcat.util.modeler.ParameterInfo description=deploy Context XML config files property)
2019-12-06 11:18:40.774 DEBUG 7503 --- [kground-preinit] o.apache.tomcat.util.digester.Digester   : [SetPropertiesRule]{mbeans-descriptors/mbean/operation/parameter} Setting property 'type' to 'boolean'
2019-12-06 11:18:40.774 DEBUG 7503 --- [kground-preinit] o.apache.tomcat.util.IntrospectionUtils  : IntrospectionUtils: setProperty(class org.apache.tomcat.util.modeler.ParameterInfo type=boolean)
2019-12-06 11:18:40.774 DEBUG 7503 --- [kground-preinit] o.apache.tomcat.util.digester.Digester   :   Fire begin() for SetNextRule[methodName=addParameter, paramType=org.apache.tomcat.util.modeler.ParameterInfo]
2019-12-06 11:18:40.774 DEBUG 7503 --- [kground-preinit] o.a.tomcat.util.digester.Digester.sax    : endElement(,,parameter)
2019-12-06 11:18:40.774 DEBUG 7503 --- [kground-preinit] o.apache.tomcat.util.digester.Digester   :   match='mbeans-descriptors/mbean/operation/parameter'
2019-12-06 11:18:40.774 DEBUG 7503 --- [kground-preinit] o.apache.tomcat.util.digester.Digester   :   bodyText=''
2019-12-06 11:18:40.774 DEBUG 7503 --- [kground-preinit] o.apache.tomcat.util.digester.Digester   :   Fire body() for ObjectCreateRule[className=org.apache.tomcat.util.modeler.ParameterInfo, attributeName=null]
2019-12-06 11:18:40.775 DEBUG 7503 --- [kground-preinit] o.apache.tomcat.util.digester.Digester   :   Fire body() for SetPropertiesRule[]
2019-12-06 11:18:40.775 DEBUG 7503 --- [kground-preinit] o.apache.tomcat.util.digester.Digester   :   Fire body() for SetNextRule[methodName=addParameter, paramType=org.apache.tomcat.util.modeler.ParameterInfo]
2019-12-06 11:18:40.775 DEBUG 7503 --- [kground-preinit] o.apache.tomcat.util.digester.Digester   :   Fire end() for SetNextRule[methodName=addParameter, paramType=org.apache.tomcat.util.modeler.ParameterInfo]
2019-12-06 11:18:40.775 DEBUG 7503 --- [kground-preinit] o.apache.tomcat.util.digester.Digester   : [SetNextRule]{mbeans-descriptors/mbean/operation/parameter} Call org.apache.tomcat.util.modeler.OperationInfo.addParameter(org.apache.tomcat.util.modeler.ParameterInfo@13440107)
2019-12-06 11:18:40.775 DEBUG 7503 --- [kground-preinit] o.apache.tomcat.util.IntrospectionUtils  : IntrospectionUtils: callMethod1 org.apache.tomcat.util.modeler.OperationInfo org.apache.tomcat.util.modeler.ParameterInfo org.apache.tomcat.util.modeler.ParameterInfo
2019-12-06 11:18:40.775 DEBUG 7503 --- [kground-preinit] o.apache.tomcat.util.digester.Digester   :   Fire end() for SetPropertiesRule[]
2019-12-06 11:18:40.775 DEBUG 7503 --- [kground-preinit] o.apache.tomcat.util.digester.Digester   :   Fire end() for ObjectCreateRule[className=org.apache.tomcat.util.modeler.ParameterInfo, attributeName=null]
2019-12-06 11:18:40.775 DEBUG 7503 --- [kground-preinit] o.apache.tomcat.util.digester.Digester   : [ObjectCreateRule]{mbeans-descriptors/mbean/operation/parameter} Pop org.apache.tomcat.util.modeler.ParameterInfo
2019-12-06 11:18:40.775 DEBUG 7503 --- [kground-preinit] o.a.tomcat.util.digester.Digester.sax    : characters(
      )
2019-12-06 11:18:40.776 DEBUG 7503 --- [kground-preinit] o.a.tomcat.util.digester.Digester.sax    : startElement(,,parameter)
2019-12-06 11:18:40.776 DEBUG 7503 --- [kground-preinit] o.apache.tomcat.util.digester.Digester   :   New match='mbeans-descriptors/mbean/operation/parameter'
2019-12-06 11:18:40.776 DEBUG 7503 --- [kground-preinit] o.apache.tomcat.util.digester.Digester   :   Fire begin() for ObjectCreateRule[className=org.apache.tomcat.util.modeler.ParameterInfo, attributeName=null]
2019-12-06 11:18:40.776 DEBUG 7503 --- [kground-preinit] o.apache.tomcat.util.digester.Digester   :   Fire begin() for SetPropertiesRule[]
2019-12-06 11:18:40.776 DEBUG 7503 --- [kground-preinit] o.apache.tomcat.util.digester.Digester   : [SetPropertiesRule]{mbeans-descriptors/mbean/operation/parameter} Set org.apache.tomcat.util.modeler.ParameterInfo properties
2019-12-06 11:18:40.776 DEBUG 7503 --- [kground-preinit] o.apache.tomcat.util.digester.Digester   : [SetPropertiesRule]{mbeans-descriptors/mbean/operation/parameter} Setting property 'name' to 'unpackWARs'
2019-12-06 11:18:40.776 DEBUG 7503 --- [kground-preinit] o.apache.tomcat.util.IntrospectionUtils  : IntrospectionUtils: setProperty(class org.apache.tomcat.util.modeler.ParameterInfo name=unpackWARs)
2019-12-06 11:18:40.777 DEBUG 7503 --- [kground-preinit] o.apache.tomcat.util.digester.Digester   : [SetPropertiesRule]{mbeans-descriptors/mbean/operation/parameter} Setting property 'description' to 'Unpack WARs property'
2019-12-06 11:18:40.777 DEBUG 7503 --- [kground-preinit] o.apache.tomcat.util.IntrospectionUtils  : IntrospectionUtils: setProperty(class org.apache.tomcat.util.modeler.ParameterInfo description=Unpack WARs property)
2019-12-06 11:18:40.777 DEBUG 7503 --- [kground-preinit] o.apache.tomcat.util.digester.Digester   : [SetPropertiesRule]{mbeans-descriptors/mbean/operation/parameter} Setting property 'type' to 'boolean'
2019-12-06 11:18:40.777 DEBUG 7503 --- [kground-preinit] o.apache.tomcat.util.IntrospectionUtils  : IntrospectionUtils: setProperty(class org.apache.tomcat.util.modeler.ParameterInfo type=boolean)
2019-12-06 11:18:40.777 DEBUG 7503 --- [kground-preinit] o.apache.tomcat.util.digester.Digester   :   Fire begin() for SetNextRule[methodName=addParameter, paramType=org.apache.tomcat.util.modeler.ParameterInfo]
2019-12-06 11:18:40.777 DEBUG 7503 --- [kground-preinit] o.a.tomcat.util.digester.Digester.sax    : endElement(,,parameter)
2019-12-06 11:18:40.777 DEBUG 7503 --- [kground-preinit] o.apache.tomcat.util.digester.Digester   :   match='mbeans-descriptors/mbean/operation/parameter'
2019-12-06 11:18:40.777 DEBUG 7503 --- [kground-preinit] o.apache.tomcat.util.digester.Digester   :   bodyText=''
2019-12-06 11:18:40.777 DEBUG 7503 --- [kground-preinit] o.apache.tomcat.util.digester.Digester   :   Fire body() for ObjectCreateRule[className=org.apache.tomcat.util.modeler.ParameterInfo, attributeName=null]
2019-12-06 11:18:40.777 DEBUG 7503 --- [kground-preinit] o.apache.tomcat.util.digester.Digester   :   Fire body() for SetPropertiesRule[]
2019-12-06 11:18:40.778 DEBUG 7503 --- [kground-preinit] o.apache.tomcat.util.digester.Digester   :   Fire body() for SetNextRule[methodName=addParameter, paramType=org.apache.tomcat.util.modeler.ParameterInfo]
2019-12-06 11:18:40.778 DEBUG 7503 --- [kground-preinit] o.apache.tomcat.util.digester.Digester   :   Fire end() for SetNextRule[methodName=addParameter, paramType=org.apache.tomcat.util.modeler.ParameterInfo]
2019-12-06 11:18:40.778 DEBUG 7503 --- [kground-preinit] o.apache.tomcat.util.digester.Digester   : [SetNextRule]{mbeans-descriptors/mbean/operation/parameter} Call org.apache.tomcat.util.modeler.OperationInfo.addParameter(org.apache.tomcat.util.modeler.ParameterInfo@46ebbe2e)
2019-12-06 11:18:40.778 DEBUG 7503 --- [kground-preinit] o.apache.tomcat.util.IntrospectionUtils  : IntrospectionUtils: callMethod1 org.apache.tomcat.util.modeler.OperationInfo org.apache.tomcat.util.modeler.ParameterInfo org.apache.tomcat.util.modeler.ParameterInfo
2019-12-06 11:18:40.778 DEBUG 7503 --- [kground-preinit] o.apache.tomcat.util.digester.Digester   :   Fire end() for SetPropertiesRule[]
2019-12-06 11:18:40.778 DEBUG 7503 --- [kground-preinit] o.apache.tomcat.util.digester.Digester   :   Fire end() for ObjectCreateRule[className=org.apache.tomcat.util.modeler.ParameterInfo, attributeName=null]
2019-12-06 11:18:40.778 DEBUG 7503 --- [kground-preinit] o.apache.tomcat.util.digester.Digester   : [ObjectCreateRule]{mbeans-descriptors/mbean/operation/parameter} Pop org.apache.tomcat.util.modeler.ParameterInfo
2019-12-06 11:18:40.778 DEBUG 7503 --- [kground-preinit] o.a.tomcat.util.digester.Digester.sax    : characters(
    )
2019-12-06 11:18:40.778 DEBUG 7503 --- [kground-preinit] o.a.tomcat.util.digester.Digester.sax    : endElement(,,operation)
2019-12-06 11:18:40.779 DEBUG 7503 --- [kground-preinit] o.apache.tomcat.util.digester.Digester   :   match='mbeans-descriptors/mbean/operation'
2019-12-06 11:18:40.779 DEBUG 7503 --- [kground-preinit] o.apache.tomcat.util.digester.Digester   :   bodyText='
      
      
      
      
      
      
      
    '
2019-12-06 11:18:40.779 DEBUG 7503 --- [kground-preinit] o.apache.tomcat.util.digester.Digester   :   Fire body() for ObjectCreateRule[className=org.apache.tomcat.util.modeler.OperationInfo, attributeName=null]
2019-12-06 11:18:40.779 DEBUG 7503 --- [kground-preinit] o.apache.tomcat.util.digester.Digester   :   Fire body() for SetPropertiesRule[]
2019-12-06 11:18:40.779 DEBUG 7503 --- [kground-preinit] o.apache.tomcat.util.digester.Digester   :   Fire body() for SetNextRule[methodName=addOperation, paramType=org.apache.tomcat.util.modeler.OperationInfo]
2019-12-06 11:18:40.779 DEBUG 7503 --- [kground-preinit] o.apache.tomcat.util.digester.Digester   :   Fire end() for SetNextRule[methodName=addOperation, paramType=org.apache.tomcat.util.modeler.OperationInfo]
2019-12-06 11:18:40.779 DEBUG 7503 --- [kground-preinit] o.apache.tomcat.util.digester.Digester   : [SetNextRule]{mbeans-descriptors/mbean/operation} Call org.apache.tomcat.util.modeler.ManagedBean.addOperation(org.apache.tomcat.util.modeler.OperationInfo@34f3ed46)
2019-12-06 11:18:40.779 DEBUG 7503 --- [kground-preinit] o.apache.tomcat.util.IntrospectionUtils  : IntrospectionUtils: callMethod1 org.apache.tomcat.util.modeler.ManagedBean org.apache.tomcat.util.modeler.OperationInfo org.apache.tomcat.util.modeler.OperationInfo
2019-12-06 11:18:40.779 DEBUG 7503 --- [kground-preinit] o.apache.tomcat.util.digester.Digester   :   Fire end() for SetPropertiesRule[]
2019-12-06 11:18:40.779 DEBUG 7503 --- [kground-preinit] o.apache.tomcat.util.digester.Digester   :   Fire end() for ObjectCreateRule[className=org.apache.tomcat.util.modeler.OperationInfo, attributeName=null]
2019-12-06 11:18:40.780 DEBUG 7503 --- [kground-preinit] o.apache.tomcat.util.digester.Digester   : [ObjectCreateRule]{mbeans-descriptors/mbean/operation} Pop org.apache.tomcat.util.modeler.OperationInfo
2019-12-06 11:18:40.780 DEBUG 7503 --- [kground-preinit] o.a.tomcat.util.digester.Digester.sax    : characters(


    )
2019-12-06 11:18:40.780 DEBUG 7503 --- [kground-preinit] o.a.tomcat.util.digester.Digester.sax    : startElement(,,operation)
2019-12-06 11:18:40.780 DEBUG 7503 --- [kground-preinit] o.apache.tomcat.util.digester.Digester   :   New match='mbeans-descriptors/mbean/operation'
2019-12-06 11:18:40.780 DEBUG 7503 --- [kground-preinit] o.apache.tomcat.util.digester.Digester   :   Fire begin() for ObjectCreateRule[className=org.apache.tomcat.util.modeler.OperationInfo, attributeName=null]
2019-12-06 11:18:40.780 DEBUG 7503 --- [kground-preinit] o.apache.tomcat.util.digester.Digester   :   Fire begin() for SetPropertiesRule[]
2019-12-06 11:18:40.780 DEBUG 7503 --- [kground-preinit] o.apache.tomcat.util.digester.Digester   : [SetPropertiesRule]{mbeans-descriptors/mbean/operation} Set org.apache.tomcat.util.modeler.OperationInfo properties
2019-12-06 11:18:40.780 DEBUG 7503 --- [kground-preinit] o.apache.tomcat.util.digester.Digester   : [SetPropertiesRule]{mbeans-descriptors/mbean/operation} Setting property 'name' to 'createStandardManager'
2019-12-06 11:18:40.781 DEBUG 7503 --- [kground-preinit] o.apache.tomcat.util.IntrospectionUtils  : IntrospectionUtils: setProperty(class org.apache.tomcat.util.modeler.OperationInfo name=createStandardManager)
2019-12-06 11:18:40.781 DEBUG 7503 --- [kground-preinit] o.apache.tomcat.util.digester.Digester   : [SetPropertiesRule]{mbeans-descriptors/mbean/operation} Setting property 'description' to 'Create a new StandardManager'
2019-12-06 11:18:40.781 DEBUG 7503 --- [kground-preinit] o.apache.tomcat.util.IntrospectionUtils  : IntrospectionUtils: setProperty(class org.apache.tomcat.util.modeler.OperationInfo description=Create a new StandardManager)
2019-12-06 11:18:40.781 DEBUG 7503 --- [kground-preinit] o.apache.tomcat.util.digester.Digester   : [SetPropertiesRule]{mbeans-descriptors/mbean/operation} Setting property 'impact' to 'ACTION'
2019-12-06 11:18:40.781 DEBUG 7503 --- [kground-preinit] o.apache.tomcat.util.IntrospectionUtils  : IntrospectionUtils: setProperty(class org.apache.tomcat.util.modeler.OperationInfo impact=ACTION)
2019-12-06 11:18:40.781 DEBUG 7503 --- [kground-preinit] o.apache.tomcat.util.digester.Digester   : [SetPropertiesRule]{mbeans-descriptors/mbean/operation} Setting property 'returnType' to 'java.lang.String'
2019-12-06 11:18:40.781 DEBUG 7503 --- [kground-preinit] o.apache.tomcat.util.IntrospectionUtils  : IntrospectionUtils: setProperty(class org.apache.tomcat.util.modeler.OperationInfo returnType=java.lang.String)
2019-12-06 11:18:40.781 DEBUG 7503 --- [kground-preinit] o.apache.tomcat.util.digester.Digester   :   Fire begin() for SetNextRule[methodName=addOperation, paramType=org.apache.tomcat.util.modeler.OperationInfo]
2019-12-06 11:18:40.782 DEBUG 7503 --- [kground-preinit] o.a.tomcat.util.digester.Digester.sax    : characters(
      )
2019-12-06 11:18:40.782 DEBUG 7503 --- [kground-preinit] o.a.tomcat.util.digester.Digester.sax    : startElement(,,parameter)
2019-12-06 11:18:40.782 DEBUG 7503 --- [kground-preinit] o.apache.tomcat.util.digester.Digester   :   New match='mbeans-descriptors/mbean/operation/parameter'
2019-12-06 11:18:40.782 DEBUG 7503 --- [kground-preinit] o.apache.tomcat.util.digester.Digester   :   Fire begin() for ObjectCreateRule[className=org.apache.tomcat.util.modeler.ParameterInfo, attributeName=null]
2019-12-06 11:18:40.782 DEBUG 7503 --- [kground-preinit] o.apache.tomcat.util.digester.Digester   :   Fire begin() for SetPropertiesRule[]
2019-12-06 11:18:40.782 DEBUG 7503 --- [kground-preinit] o.apache.tomcat.util.digester.Digester   : [SetPropertiesRule]{mbeans-descriptors/mbean/operation/parameter} Set org.apache.tomcat.util.modeler.ParameterInfo properties
2019-12-06 11:18:40.782 DEBUG 7503 --- [kground-preinit] o.apache.tomcat.util.digester.Digester   : [SetPropertiesRule]{mbeans-descriptors/mbean/operation/parameter} Setting property 'name' to 'parent'
2019-12-06 11:18:40.782 DEBUG 7503 --- [kground-preinit] o.apache.tomcat.util.IntrospectionUtils  : IntrospectionUtils: setProperty(class org.apache.tomcat.util.modeler.ParameterInfo name=parent)
2019-12-06 11:18:40.782 DEBUG 7503 --- [kground-preinit] o.apache.tomcat.util.digester.Digester   : [SetPropertiesRule]{mbeans-descriptors/mbean/operation/parameter} Setting property 'description' to 'MBean Name of the associated parent component'
2019-12-06 11:18:40.783 DEBUG 7503 --- [kground-preinit] o.apache.tomcat.util.IntrospectionUtils  : IntrospectionUtils: setProperty(class org.apache.tomcat.util.modeler.ParameterInfo description=MBean Name of the associated parent component)
2019-12-06 11:18:40.783 DEBUG 7503 --- [kground-preinit] o.apache.tomcat.util.digester.Digester   : [SetPropertiesRule]{mbeans-descriptors/mbean/operation/parameter} Setting property 'type' to 'java.lang.String'
2019-12-06 11:18:40.783 DEBUG 7503 --- [kground-preinit] o.apache.tomcat.util.IntrospectionUtils  : IntrospectionUtils: setProperty(class org.apache.tomcat.util.modeler.ParameterInfo type=java.lang.String)
2019-12-06 11:18:40.783 DEBUG 7503 --- [kground-preinit] o.apache.tomcat.util.digester.Digester   :   Fire begin() for SetNextRule[methodName=addParameter, paramType=org.apache.tomcat.util.modeler.ParameterInfo]
2019-12-06 11:18:40.783 DEBUG 7503 --- [kground-preinit] o.a.tomcat.util.digester.Digester.sax    : endElement(,,parameter)
2019-12-06 11:18:40.783 DEBUG 7503 --- [kground-preinit] o.apache.tomcat.util.digester.Digester   :   match='mbeans-descriptors/mbean/operation/parameter'
2019-12-06 11:18:40.783 DEBUG 7503 --- [kground-preinit] o.apache.tomcat.util.digester.Digester   :   bodyText=''
2019-12-06 11:18:40.783 DEBUG 7503 --- [kground-preinit] o.apache.tomcat.util.digester.Digester   :   Fire body() for ObjectCreateRule[className=org.apache.tomcat.util.modeler.ParameterInfo, attributeName=null]
2019-12-06 11:18:40.783 DEBUG 7503 --- [kground-preinit] o.apache.tomcat.util.digester.Digester   :   Fire body() for SetPropertiesRule[]
2019-12-06 11:18:40.783 DEBUG 7503 --- [kground-preinit] o.apache.tomcat.util.digester.Digester   :   Fire body() for SetNextRule[methodName=addParameter, paramType=org.apache.tomcat.util.modeler.ParameterInfo]
2019-12-06 11:18:40.784 DEBUG 7503 --- [kground-preinit] o.apache.tomcat.util.digester.Digester   :   Fire end() for SetNextRule[methodName=addParameter, paramType=org.apache.tomcat.util.modeler.ParameterInfo]
2019-12-06 11:18:40.784 DEBUG 7503 --- [kground-preinit] o.apache.tomcat.util.digester.Digester   : [SetNextRule]{mbeans-descriptors/mbean/operation/parameter} Call org.apache.tomcat.util.modeler.OperationInfo.addParameter(org.apache.tomcat.util.modeler.ParameterInfo@24279677)
2019-12-06 11:18:40.784 DEBUG 7503 --- [kground-preinit] o.apache.tomcat.util.IntrospectionUtils  : IntrospectionUtils: callMethod1 org.apache.tomcat.util.modeler.OperationInfo org.apache.tomcat.util.modeler.ParameterInfo org.apache.tomcat.util.modeler.ParameterInfo
2019-12-06 11:18:40.784 DEBUG 7503 --- [kground-preinit] o.apache.tomcat.util.digester.Digester   :   Fire end() for SetPropertiesRule[]
2019-12-06 11:18:40.784 DEBUG 7503 --- [kground-preinit] o.apache.tomcat.util.digester.Digester   :   Fire end() for ObjectCreateRule[className=org.apache.tomcat.util.modeler.ParameterInfo, attributeName=null]
2019-12-06 11:18:40.784 DEBUG 7503 --- [kground-preinit] o.apache.tomcat.util.digester.Digester   : [ObjectCreateRule]{mbeans-descriptors/mbean/operation/parameter} Pop org.apache.tomcat.util.modeler.ParameterInfo
2019-12-06 11:18:40.784 DEBUG 7503 --- [kground-preinit] o.a.tomcat.util.digester.Digester.sax    : characters(
    )
2019-12-06 11:18:40.784 DEBUG 7503 --- [kground-preinit] o.a.tomcat.util.digester.Digester.sax    : endElement(,,operation)
2019-12-06 11:18:40.784 DEBUG 7503 --- [kground-preinit] o.apache.tomcat.util.digester.Digester   :   match='mbeans-descriptors/mbean/operation'
2019-12-06 11:18:40.784 DEBUG 7503 --- [kground-preinit] o.apache.tomcat.util.digester.Digester   :   bodyText='
      
    '
2019-12-06 11:18:40.785 DEBUG 7503 --- [kground-preinit] o.apache.tomcat.util.digester.Digester   :   Fire body() for ObjectCreateRule[className=org.apache.tomcat.util.modeler.OperationInfo, attributeName=null]
2019-12-06 11:18:40.785 DEBUG 7503 --- [kground-preinit] o.apache.tomcat.util.digester.Digester   :   Fire body() for SetPropertiesRule[]
2019-12-06 11:18:40.785 DEBUG 7503 --- [kground-preinit] o.apache.tomcat.util.digester.Digester   :   Fire body() for SetNextRule[methodName=addOperation, paramType=org.apache.tomcat.util.modeler.OperationInfo]
2019-12-06 11:18:40.785 DEBUG 7503 --- [kground-preinit] o.apache.tomcat.util.digester.Digester   :   Fire end() for SetNextRule[methodName=addOperation, paramType=org.apache.tomcat.util.modeler.OperationInfo]
2019-12-06 11:18:40.785 DEBUG 7503 --- [kground-preinit] o.apache.tomcat.util.digester.Digester   : [SetNextRule]{mbeans-descriptors/mbean/operation} Call org.apache.tomcat.util.modeler.ManagedBean.addOperation(org.apache.tomcat.util.modeler.OperationInfo@1758f7cd)
2019-12-06 11:18:40.785 DEBUG 7503 --- [kground-preinit] o.apache.tomcat.util.IntrospectionUtils  : IntrospectionUtils: callMethod1 org.apache.tomcat.util.modeler.ManagedBean org.apache.tomcat.util.modeler.OperationInfo org.apache.tomcat.util.modeler.OperationInfo
2019-12-06 11:18:40.785 DEBUG 7503 --- [kground-preinit] o.apache.tomcat.util.digester.Digester   :   Fire end() for SetPropertiesRule[]
2019-12-06 11:18:40.785 DEBUG 7503 --- [kground-preinit] o.apache.tomcat.util.digester.Digester   :   Fire end() for ObjectCreateRule[className=org.apache.tomcat.util.modeler.OperationInfo, attributeName=null]
2019-12-06 11:18:40.785 DEBUG 7503 --- [kground-preinit] o.apache.tomcat.util.digester.Digester   : [ObjectCreateRule]{mbeans-descriptors/mbean/operation} Pop org.apache.tomcat.util.modeler.OperationInfo
2019-12-06 11:18:40.785 DEBUG 7503 --- [kground-preinit] o.a.tomcat.util.digester.Digester.sax    : characters(

    )
2019-12-06 11:18:40.786 DEBUG 7503 --- [kground-preinit] o.a.tomcat.util.digester.Digester.sax    : startElement(,,operation)
2019-12-06 11:18:40.786 DEBUG 7503 --- [kground-preinit] o.apache.tomcat.util.digester.Digester   :   New match='mbeans-descriptors/mbean/operation'
2019-12-06 11:18:40.786 DEBUG 7503 --- [kground-preinit] o.apache.tomcat.util.digester.Digester   :   Fire begin() for ObjectCreateRule[className=org.apache.tomcat.util.modeler.OperationInfo, attributeName=null]
2019-12-06 11:18:40.786 DEBUG 7503 --- [kground-preinit] o.apache.tomcat.util.digester.Digester   :   Fire begin() for SetPropertiesRule[]
2019-12-06 11:18:40.786 DEBUG 7503 --- [kground-preinit] o.apache.tomcat.util.digester.Digester   : [SetPropertiesRule]{mbeans-descriptors/mbean/operation} Set org.apache.tomcat.util.modeler.OperationInfo properties
2019-12-06 11:18:40.786 DEBUG 7503 --- [kground-preinit] o.apache.tomcat.util.digester.Digester   : [SetPropertiesRule]{mbeans-descriptors/mbean/operation} Setting property 'name' to 'createUserDatabaseRealm'
2019-12-06 11:18:40.786 DEBUG 7503 --- [kground-preinit] o.apache.tomcat.util.IntrospectionUtils  : IntrospectionUtils: setProperty(class org.apache.tomcat.util.modeler.OperationInfo name=createUserDatabaseRealm)
2019-12-06 11:18:40.786 DEBUG 7503 --- [kground-preinit] o.apache.tomcat.util.digester.Digester   : [SetPropertiesRule]{mbeans-descriptors/mbean/operation} Setting property 'description' to 'Create a new UserDatabase Realm'
2019-12-06 11:18:40.786 DEBUG 7503 --- [kground-preinit] o.apache.tomcat.util.IntrospectionUtils  : IntrospectionUtils: setProperty(class org.apache.tomcat.util.modeler.OperationInfo description=Create a new UserDatabase Realm)
2019-12-06 11:18:40.786 DEBUG 7503 --- [kground-preinit] o.apache.tomcat.util.digester.Digester   : [SetPropertiesRule]{mbeans-descriptors/mbean/operation} Setting property 'impact' to 'ACTION'
2019-12-06 11:18:40.787 DEBUG 7503 --- [kground-preinit] o.apache.tomcat.util.IntrospectionUtils  : IntrospectionUtils: setProperty(class org.apache.tomcat.util.modeler.OperationInfo impact=ACTION)
2019-12-06 11:18:40.787 DEBUG 7503 --- [kground-preinit] o.apache.tomcat.util.digester.Digester   : [SetPropertiesRule]{mbeans-descriptors/mbean/operation} Setting property 'returnType' to 'java.lang.String'
2019-12-06 11:18:40.787 DEBUG 7503 --- [    Test worker] o.s.c.a.ClassPathBeanDefinitionScanner   : Identified candidate component class: file [/Users/govlmo91/IdeaProjects/jojoldubook/build/classes/java/main/kr/gracelove/jojoldu/springboot/web/HelloController.class]
2019-12-06 11:18:40.787 DEBUG 7503 --- [kground-preinit] o.apache.tomcat.util.IntrospectionUtils  : IntrospectionUtils: setProperty(class org.apache.tomcat.util.modeler.OperationInfo returnType=java.lang.String)
2019-12-06 11:18:40.787 DEBUG 7503 --- [kground-preinit] o.apache.tomcat.util.digester.Digester   :   Fire begin() for SetNextRule[methodName=addOperation, paramType=org.apache.tomcat.util.modeler.OperationInfo]
2019-12-06 11:18:40.787 DEBUG 7503 --- [kground-preinit] o.a.tomcat.util.digester.Digester.sax    : characters(
      )
2019-12-06 11:18:40.787 DEBUG 7503 --- [kground-preinit] o.a.tomcat.util.digester.Digester.sax    : startElement(,,parameter)
2019-12-06 11:18:40.787 DEBUG 7503 --- [kground-preinit] o.apache.tomcat.util.digester.Digester   :   New match='mbeans-descriptors/mbean/operation/parameter'
2019-12-06 11:18:40.787 DEBUG 7503 --- [kground-preinit] o.apache.tomcat.util.digester.Digester   :   Fire begin() for ObjectCreateRule[className=org.apache.tomcat.util.modeler.ParameterInfo, attributeName=null]
2019-12-06 11:18:40.787 DEBUG 7503 --- [kground-preinit] o.apache.tomcat.util.digester.Digester   :   Fire begin() for SetPropertiesRule[]
2019-12-06 11:18:40.787 DEBUG 7503 --- [kground-preinit] o.apache.tomcat.util.digester.Digester   : [SetPropertiesRule]{mbeans-descriptors/mbean/operation/parameter} Set org.apache.tomcat.util.modeler.ParameterInfo properties
2019-12-06 11:18:40.788 DEBUG 7503 --- [kground-preinit] o.apache.tomcat.util.digester.Digester   : [SetPropertiesRule]{mbeans-descriptors/mbean/operation/parameter} Setting property 'name' to 'parent'
2019-12-06 11:18:40.788 DEBUG 7503 --- [kground-preinit] o.apache.tomcat.util.IntrospectionUtils  : IntrospectionUtils: setProperty(class org.apache.tomcat.util.modeler.ParameterInfo name=parent)
2019-12-06 11:18:40.788 DEBUG 7503 --- [kground-preinit] o.apache.tomcat.util.digester.Digester   : [SetPropertiesRule]{mbeans-descriptors/mbean/operation/parameter} Setting property 'description' to 'MBean Name of the associated parent component'
2019-12-06 11:18:40.788 DEBUG 7503 --- [kground-preinit] o.apache.tomcat.util.IntrospectionUtils  : IntrospectionUtils: setProperty(class org.apache.tomcat.util.modeler.ParameterInfo description=MBean Name of the associated parent component)
2019-12-06 11:18:40.788 DEBUG 7503 --- [kground-preinit] o.apache.tomcat.util.digester.Digester   : [SetPropertiesRule]{mbeans-descriptors/mbean/operation/parameter} Setting property 'type' to 'java.lang.String'
2019-12-06 11:18:40.788 DEBUG 7503 --- [    Test worker] o.s.c.a.ClassPathBeanDefinitionScanner   : Identified candidate component class: file [/Users/govlmo91/IdeaProjects/jojoldubook/build/classes/java/main/kr/gracelove/jojoldu/springboot/web/IndexController.class]
2019-12-06 11:18:40.788 DEBUG 7503 --- [kground-preinit] o.apache.tomcat.util.IntrospectionUtils  : IntrospectionUtils: setProperty(class org.apache.tomcat.util.modeler.ParameterInfo type=java.lang.String)
2019-12-06 11:18:40.788 DEBUG 7503 --- [kground-preinit] o.apache.tomcat.util.digester.Digester   :   Fire begin() for SetNextRule[methodName=addParameter, paramType=org.apache.tomcat.util.modeler.ParameterInfo]
2019-12-06 11:18:40.788 DEBUG 7503 --- [kground-preinit] o.a.tomcat.util.digester.Digester.sax    : endElement(,,parameter)
2019-12-06 11:18:40.788 DEBUG 7503 --- [kground-preinit] o.apache.tomcat.util.digester.Digester   :   match='mbeans-descriptors/mbean/operation/parameter'
2019-12-06 11:18:40.788 DEBUG 7503 --- [kground-preinit] o.apache.tomcat.util.digester.Digester   :   bodyText=''
2019-12-06 11:18:40.788 DEBUG 7503 --- [kground-preinit] o.apache.tomcat.util.digester.Digester   :   Fire body() for ObjectCreateRule[className=org.apache.tomcat.util.modeler.ParameterInfo, attributeName=null]
2019-12-06 11:18:40.789 DEBUG 7503 --- [kground-preinit] o.apache.tomcat.util.digester.Digester   :   Fire body() for SetPropertiesRule[]
2019-12-06 11:18:40.789 DEBUG 7503 --- [kground-preinit] o.apache.tomcat.util.digester.Digester   :   Fire body() for SetNextRule[methodName=addParameter, paramType=org.apache.tomcat.util.modeler.ParameterInfo]
2019-12-06 11:18:40.789 DEBUG 7503 --- [kground-preinit] o.apache.tomcat.util.digester.Digester   :   Fire end() for SetNextRule[methodName=addParameter, paramType=org.apache.tomcat.util.modeler.ParameterInfo]
2019-12-06 11:18:40.789 DEBUG 7503 --- [kground-preinit] o.apache.tomcat.util.digester.Digester   : [SetNextRule]{mbeans-descriptors/mbean/operation/parameter} Call org.apache.tomcat.util.modeler.OperationInfo.addParameter(org.apache.tomcat.util.modeler.ParameterInfo@c5931c6)
2019-12-06 11:18:40.789 DEBUG 7503 --- [kground-preinit] o.apache.tomcat.util.IntrospectionUtils  : IntrospectionUtils: callMethod1 org.apache.tomcat.util.modeler.OperationInfo org.apache.tomcat.util.modeler.ParameterInfo org.apache.tomcat.util.modeler.ParameterInfo
2019-12-06 11:18:40.789 DEBUG 7503 --- [kground-preinit] o.apache.tomcat.util.digester.Digester   :   Fire end() for SetPropertiesRule[]
2019-12-06 11:18:40.789 DEBUG 7503 --- [kground-preinit] o.apache.tomcat.util.digester.Digester   :   Fire end() for ObjectCreateRule[className=org.apache.tomcat.util.modeler.ParameterInfo, attributeName=null]
2019-12-06 11:18:40.789 DEBUG 7503 --- [kground-preinit] o.apache.tomcat.util.digester.Digester   : [ObjectCreateRule]{mbeans-descriptors/mbean/operation/parameter} Pop org.apache.tomcat.util.modeler.ParameterInfo
2019-12-06 11:18:40.789 DEBUG 7503 --- [kground-preinit] o.a.tomcat.util.digester.Digester.sax    : characters(
      )
2019-12-06 11:18:40.789 DEBUG 7503 --- [kground-preinit] o.a.tomcat.util.digester.Digester.sax    : startElement(,,parameter)
2019-12-06 11:18:40.789 DEBUG 7503 --- [    Test worker] o.s.c.a.ClassPathBeanDefinitionScanner   : Identified candidate component class: file [/Users/govlmo91/IdeaProjects/jojoldubook/build/classes/java/main/kr/gracelove/jojoldu/springboot/web/PostsApiController.class]
2019-12-06 11:18:40.790 DEBUG 7503 --- [kground-preinit] o.apache.tomcat.util.digester.Digester   :   New match='mbeans-descriptors/mbean/operation/parameter'
2019-12-06 11:18:40.790 DEBUG 7503 --- [kground-preinit] o.apache.tomcat.util.digester.Digester   :   Fire begin() for ObjectCreateRule[className=org.apache.tomcat.util.modeler.ParameterInfo, attributeName=null]
2019-12-06 11:18:40.790 DEBUG 7503 --- [kground-preinit] o.apache.tomcat.util.digester.Digester   :   Fire begin() for SetPropertiesRule[]
2019-12-06 11:18:40.790 DEBUG 7503 --- [kground-preinit] o.apache.tomcat.util.digester.Digester   : [SetPropertiesRule]{mbeans-descriptors/mbean/operation/parameter} Set org.apache.tomcat.util.modeler.ParameterInfo properties
2019-12-06 11:18:40.790 DEBUG 7503 --- [kground-preinit] o.apache.tomcat.util.digester.Digester   : [SetPropertiesRule]{mbeans-descriptors/mbean/operation/parameter} Setting property 'name' to 'resourceName'
2019-12-06 11:18:40.790 DEBUG 7503 --- [kground-preinit] o.apache.tomcat.util.IntrospectionUtils  : IntrospectionUtils: setProperty(class org.apache.tomcat.util.modeler.ParameterInfo name=resourceName)
2019-12-06 11:18:40.790 DEBUG 7503 --- [kground-preinit] o.apache.tomcat.util.digester.Digester   : [SetPropertiesRule]{mbeans-descriptors/mbean/operation/parameter} Setting property 'description' to 'Global JNDI resource name of our UserDatabase instance'
2019-12-06 11:18:40.790 DEBUG 7503 --- [kground-preinit] o.apache.tomcat.util.IntrospectionUtils  : IntrospectionUtils: setProperty(class org.apache.tomcat.util.modeler.ParameterInfo description=Global JNDI resource name of our UserDatabase instance)
2019-12-06 11:18:40.790 DEBUG 7503 --- [kground-preinit] o.apache.tomcat.util.digester.Digester   : [SetPropertiesRule]{mbeans-descriptors/mbean/operation/parameter} Setting property 'type' to 'java.lang.String'
2019-12-06 11:18:40.790 DEBUG 7503 --- [kground-preinit] o.apache.tomcat.util.IntrospectionUtils  : IntrospectionUtils: setProperty(class org.apache.tomcat.util.modeler.ParameterInfo type=java.lang.String)
2019-12-06 11:18:40.791 DEBUG 7503 --- [kground-preinit] o.apache.tomcat.util.digester.Digester   :   Fire begin() for SetNextRule[methodName=addParameter, paramType=org.apache.tomcat.util.modeler.ParameterInfo]
2019-12-06 11:18:40.791 DEBUG 7503 --- [kground-preinit] o.a.tomcat.util.digester.Digester.sax    : endElement(,,parameter)
2019-12-06 11:18:40.791 DEBUG 7503 --- [kground-preinit] o.apache.tomcat.util.digester.Digester   :   match='mbeans-descriptors/mbean/operation/parameter'
2019-12-06 11:18:40.791 DEBUG 7503 --- [kground-preinit] o.apache.tomcat.util.digester.Digester   :   bodyText=''
2019-12-06 11:18:40.791 DEBUG 7503 --- [kground-preinit] o.apache.tomcat.util.digester.Digester   :   Fire body() for ObjectCreateRule[className=org.apache.tomcat.util.modeler.ParameterInfo, attributeName=null]
2019-12-06 11:18:40.791 DEBUG 7503 --- [kground-preinit] o.apache.tomcat.util.digester.Digester   :   Fire body() for SetPropertiesRule[]
2019-12-06 11:18:40.791 DEBUG 7503 --- [kground-preinit] o.apache.tomcat.util.digester.Digester   :   Fire body() for SetNextRule[methodName=addParameter, paramType=org.apache.tomcat.util.modeler.ParameterInfo]
2019-12-06 11:18:40.791 DEBUG 7503 --- [kground-preinit] o.apache.tomcat.util.digester.Digester   :   Fire end() for SetNextRule[methodName=addParameter, paramType=org.apache.tomcat.util.modeler.ParameterInfo]
2019-12-06 11:18:40.791 DEBUG 7503 --- [kground-preinit] o.apache.tomcat.util.digester.Digester   : [SetNextRule]{mbeans-descriptors/mbean/operation/parameter} Call org.apache.tomcat.util.modeler.OperationInfo.addParameter(org.apache.tomcat.util.modeler.ParameterInfo@27eb64d6)
2019-12-06 11:18:40.791 DEBUG 7503 --- [kground-preinit] o.apache.tomcat.util.IntrospectionUtils  : IntrospectionUtils: callMethod1 org.apache.tomcat.util.modeler.OperationInfo org.apache.tomcat.util.modeler.ParameterInfo org.apache.tomcat.util.modeler.ParameterInfo
2019-12-06 11:18:40.791 DEBUG 7503 --- [kground-preinit] o.apache.tomcat.util.digester.Digester   :   Fire end() for SetPropertiesRule[]
2019-12-06 11:18:40.792 DEBUG 7503 --- [kground-preinit] o.apache.tomcat.util.digester.Digester   :   Fire end() for ObjectCreateRule[className=org.apache.tomcat.util.modeler.ParameterInfo, attributeName=null]
2019-12-06 11:18:40.792 DEBUG 7503 --- [kground-preinit] o.apache.tomcat.util.digester.Digester   : [ObjectCreateRule]{mbeans-descriptors/mbean/operation/parameter} Pop org.apache.tomcat.util.modeler.ParameterInfo
2019-12-06 11:18:40.792 DEBUG 7503 --- [kground-preinit] o.a.tomcat.util.digester.Digester.sax    : characters(
    )
2019-12-06 11:18:40.792 DEBUG 7503 --- [kground-preinit] o.a.tomcat.util.digester.Digester.sax    : endElement(,,operation)
2019-12-06 11:18:40.792 DEBUG 7503 --- [kground-preinit] o.apache.tomcat.util.digester.Digester   :   match='mbeans-descriptors/mbean/operation'
2019-12-06 11:18:40.792 DEBUG 7503 --- [kground-preinit] o.apache.tomcat.util.digester.Digester   :   bodyText='
      
      
    '
2019-12-06 11:18:40.792 DEBUG 7503 --- [kground-preinit] o.apache.tomcat.util.digester.Digester   :   Fire body() for ObjectCreateRule[className=org.apache.tomcat.util.modeler.OperationInfo, attributeName=null]
2019-12-06 11:18:40.792 DEBUG 7503 --- [kground-preinit] o.apache.tomcat.util.digester.Digester   :   Fire body() for SetPropertiesRule[]
2019-12-06 11:18:40.792 DEBUG 7503 --- [kground-preinit] o.apache.tomcat.util.digester.Digester   :   Fire body() for SetNextRule[methodName=addOperation, paramType=org.apache.tomcat.util.modeler.OperationInfo]
2019-12-06 11:18:40.793 DEBUG 7503 --- [kground-preinit] o.apache.tomcat.util.digester.Digester   :   Fire end() for SetNextRule[methodName=addOperation, paramType=org.apache.tomcat.util.modeler.OperationInfo]
2019-12-06 11:18:40.793 DEBUG 7503 --- [kground-preinit] o.apache.tomcat.util.digester.Digester   : [SetNextRule]{mbeans-descriptors/mbean/operation} Call org.apache.tomcat.util.modeler.ManagedBean.addOperation(org.apache.tomcat.util.modeler.OperationInfo@3fe7ca72)
2019-12-06 11:18:40.793 DEBUG 7503 --- [kground-preinit] o.apache.tomcat.util.IntrospectionUtils  : IntrospectionUtils: callMethod1 org.apache.tomcat.util.modeler.ManagedBean org.apache.tomcat.util.modeler.OperationInfo org.apache.tomcat.util.modeler.OperationInfo
2019-12-06 11:18:40.793 DEBUG 7503 --- [kground-preinit] o.apache.tomcat.util.digester.Digester   :   Fire end() for SetPropertiesRule[]
2019-12-06 11:18:40.793 DEBUG 7503 --- [kground-preinit] o.apache.tomcat.util.digester.Digester   :   Fire end() for ObjectCreateRule[className=org.apache.tomcat.util.modeler.OperationInfo, attributeName=null]
2019-12-06 11:18:40.793 DEBUG 7503 --- [kground-preinit] o.apache.tomcat.util.digester.Digester   : [ObjectCreateRule]{mbeans-descriptors/mbean/operation} Pop org.apache.tomcat.util.modeler.OperationInfo
2019-12-06 11:18:40.793 DEBUG 7503 --- [kground-preinit] o.a.tomcat.util.digester.Digester.sax    : characters(

    )
2019-12-06 11:18:40.793 DEBUG 7503 --- [kground-preinit] o.a.tomcat.util.digester.Digester.sax    : startElement(,,operation)
2019-12-06 11:18:40.793 DEBUG 7503 --- [kground-preinit] o.apache.tomcat.util.digester.Digester   :   New match='mbeans-descriptors/mbean/operation'
2019-12-06 11:18:40.794 DEBUG 7503 --- [kground-preinit] o.apache.tomcat.util.digester.Digester   :   Fire begin() for ObjectCreateRule[className=org.apache.tomcat.util.modeler.OperationInfo, attributeName=null]
2019-12-06 11:18:40.794 DEBUG 7503 --- [kground-preinit] o.apache.tomcat.util.digester.Digester   :   Fire begin() for SetPropertiesRule[]
2019-12-06 11:18:40.794 DEBUG 7503 --- [kground-preinit] o.apache.tomcat.util.digester.Digester   : [SetPropertiesRule]{mbeans-descriptors/mbean/operation} Set org.apache.tomcat.util.modeler.OperationInfo properties
2019-12-06 11:18:40.794 DEBUG 7503 --- [kground-preinit] o.apache.tomcat.util.digester.Digester   : [SetPropertiesRule]{mbeans-descriptors/mbean/operation} Setting property 'name' to 'createValve'
2019-12-06 11:18:40.794 DEBUG 7503 --- [kground-preinit] o.apache.tomcat.util.IntrospectionUtils  : IntrospectionUtils: setProperty(class org.apache.tomcat.util.modeler.OperationInfo name=createValve)
2019-12-06 11:18:40.794 DEBUG 7503 --- [kground-preinit] o.apache.tomcat.util.digester.Digester   : [SetPropertiesRule]{mbeans-descriptors/mbean/operation} Setting property 'description' to 'Create a new Valve for the given Container'
2019-12-06 11:18:40.794 DEBUG 7503 --- [kground-preinit] o.apache.tomcat.util.IntrospectionUtils  : IntrospectionUtils: setProperty(class org.apache.tomcat.util.modeler.OperationInfo description=Create a new Valve for the given Container)
2019-12-06 11:18:40.794 DEBUG 7503 --- [kground-preinit] o.apache.tomcat.util.digester.Digester   : [SetPropertiesRule]{mbeans-descriptors/mbean/operation} Setting property 'impact' to 'ACTION'
2019-12-06 11:18:40.794 DEBUG 7503 --- [kground-preinit] o.apache.tomcat.util.IntrospectionUtils  : IntrospectionUtils: setProperty(class org.apache.tomcat.util.modeler.OperationInfo impact=ACTION)
2019-12-06 11:18:40.795 DEBUG 7503 --- [kground-preinit] o.apache.tomcat.util.digester.Digester   : [SetPropertiesRule]{mbeans-descriptors/mbean/operation} Setting property 'returnType' to 'java.lang.String'
2019-12-06 11:18:40.795 DEBUG 7503 --- [kground-preinit] o.apache.tomcat.util.IntrospectionUtils  : IntrospectionUtils: setProperty(class org.apache.tomcat.util.modeler.OperationInfo returnType=java.lang.String)
2019-12-06 11:18:40.795 DEBUG 7503 --- [kground-preinit] o.apache.tomcat.util.digester.Digester   :   Fire begin() for SetNextRule[methodName=addOperation, paramType=org.apache.tomcat.util.modeler.OperationInfo]
2019-12-06 11:18:40.795 DEBUG 7503 --- [kground-preinit] o.a.tomcat.util.digester.Digester.sax    : characters(
      )
2019-12-06 11:18:40.795 DEBUG 7503 --- [kground-preinit] o.a.tomcat.util.digester.Digester.sax    : startElement(,,parameter)
2019-12-06 11:18:40.795 DEBUG 7503 --- [kground-preinit] o.apache.tomcat.util.digester.Digester   :   New match='mbeans-descriptors/mbean/operation/parameter'
2019-12-06 11:18:40.795 DEBUG 7503 --- [kground-preinit] o.apache.tomcat.util.digester.Digester   :   Fire begin() for ObjectCreateRule[className=org.apache.tomcat.util.modeler.ParameterInfo, attributeName=null]
2019-12-06 11:18:40.795 DEBUG 7503 --- [kground-preinit] o.apache.tomcat.util.digester.Digester   :   Fire begin() for SetPropertiesRule[]
2019-12-06 11:18:40.796 DEBUG 7503 --- [kground-preinit] o.apache.tomcat.util.digester.Digester   : [SetPropertiesRule]{mbeans-descriptors/mbean/operation/parameter} Set org.apache.tomcat.util.modeler.ParameterInfo properties
2019-12-06 11:18:40.796 DEBUG 7503 --- [kground-preinit] o.apache.tomcat.util.digester.Digester   : [SetPropertiesRule]{mbeans-descriptors/mbean/operation/parameter} Setting property 'name' to 'className'
2019-12-06 11:18:40.796 DEBUG 7503 --- [kground-preinit] o.apache.tomcat.util.IntrospectionUtils  : IntrospectionUtils: setProperty(class org.apache.tomcat.util.modeler.ParameterInfo name=className)
2019-12-06 11:18:40.796 DEBUG 7503 --- [kground-preinit] o.apache.tomcat.util.digester.Digester   : [SetPropertiesRule]{mbeans-descriptors/mbean/operation/parameter} Setting property 'description' to 'Fully qualified class name of the Valve to create'
2019-12-06 11:18:40.796 DEBUG 7503 --- [kground-preinit] o.apache.tomcat.util.IntrospectionUtils  : IntrospectionUtils: setProperty(class org.apache.tomcat.util.modeler.ParameterInfo description=Fully qualified class name of the Valve to create)
2019-12-06 11:18:40.796 DEBUG 7503 --- [kground-preinit] o.apache.tomcat.util.digester.Digester   : [SetPropertiesRule]{mbeans-descriptors/mbean/operation/parameter} Setting property 'type' to 'java.lang.String'
2019-12-06 11:18:40.796 DEBUG 7503 --- [kground-preinit] o.apache.tomcat.util.IntrospectionUtils  : IntrospectionUtils: setProperty(class org.apache.tomcat.util.modeler.ParameterInfo type=java.lang.String)
2019-12-06 11:18:40.796 DEBUG 7503 --- [kground-preinit] o.apache.tomcat.util.digester.Digester   :   Fire begin() for SetNextRule[methodName=addParameter, paramType=org.apache.tomcat.util.modeler.ParameterInfo]
2019-12-06 11:18:40.796 DEBUG 7503 --- [kground-preinit] o.a.tomcat.util.digester.Digester.sax    : endElement(,,parameter)
2019-12-06 11:18:40.796 DEBUG 7503 --- [kground-preinit] o.apache.tomcat.util.digester.Digester   :   match='mbeans-descriptors/mbean/operation/parameter'
2019-12-06 11:18:40.797 DEBUG 7503 --- [kground-preinit] o.apache.tomcat.util.digester.Digester   :   bodyText=''
2019-12-06 11:18:40.797 DEBUG 7503 --- [kground-preinit] o.apache.tomcat.util.digester.Digester   :   Fire body() for ObjectCreateRule[className=org.apache.tomcat.util.modeler.ParameterInfo, attributeName=null]
2019-12-06 11:18:40.797 DEBUG 7503 --- [kground-preinit] o.apache.tomcat.util.digester.Digester   :   Fire body() for SetPropertiesRule[]
2019-12-06 11:18:40.797 DEBUG 7503 --- [kground-preinit] o.apache.tomcat.util.digester.Digester   :   Fire body() for SetNextRule[methodName=addParameter, paramType=org.apache.tomcat.util.modeler.ParameterInfo]
2019-12-06 11:18:40.797 DEBUG 7503 --- [kground-preinit] o.apache.tomcat.util.digester.Digester   :   Fire end() for SetNextRule[methodName=addParameter, paramType=org.apache.tomcat.util.modeler.ParameterInfo]
2019-12-06 11:18:40.797 DEBUG 7503 --- [kground-preinit] o.apache.tomcat.util.digester.Digester   : [SetNextRule]{mbeans-descriptors/mbean/operation/parameter} Call org.apache.tomcat.util.modeler.OperationInfo.addParameter(org.apache.tomcat.util.modeler.ParameterInfo@6f51b4dc)
2019-12-06 11:18:40.797 DEBUG 7503 --- [kground-preinit] o.apache.tomcat.util.IntrospectionUtils  : IntrospectionUtils: callMethod1 org.apache.tomcat.util.modeler.OperationInfo org.apache.tomcat.util.modeler.ParameterInfo org.apache.tomcat.util.modeler.ParameterInfo
2019-12-06 11:18:40.797 DEBUG 7503 --- [kground-preinit] o.apache.tomcat.util.digester.Digester   :   Fire end() for SetPropertiesRule[]
2019-12-06 11:18:40.798 DEBUG 7503 --- [kground-preinit] o.apache.tomcat.util.digester.Digester   :   Fire end() for ObjectCreateRule[className=org.apache.tomcat.util.modeler.ParameterInfo, attributeName=null]
2019-12-06 11:18:40.798 DEBUG 7503 --- [kground-preinit] o.apache.tomcat.util.digester.Digester   : [ObjectCreateRule]{mbeans-descriptors/mbean/operation/parameter} Pop org.apache.tomcat.util.modeler.ParameterInfo
2019-12-06 11:18:40.798 DEBUG 7503 --- [kground-preinit] o.a.tomcat.util.digester.Digester.sax    : characters(
      )
2019-12-06 11:18:40.798 DEBUG 7503 --- [kground-preinit] o.a.tomcat.util.digester.Digester.sax    : startElement(,,parameter)
2019-12-06 11:18:40.798 DEBUG 7503 --- [kground-preinit] o.apache.tomcat.util.digester.Digester   :   New match='mbeans-descriptors/mbean/operation/parameter'
2019-12-06 11:18:40.798 DEBUG 7503 --- [kground-preinit] o.apache.tomcat.util.digester.Digester   :   Fire begin() for ObjectCreateRule[className=org.apache.tomcat.util.modeler.ParameterInfo, attributeName=null]
2019-12-06 11:18:40.798 DEBUG 7503 --- [kground-preinit] o.apache.tomcat.util.digester.Digester   :   Fire begin() for SetPropertiesRule[]
2019-12-06 11:18:40.798 DEBUG 7503 --- [kground-preinit] o.apache.tomcat.util.digester.Digester   : [SetPropertiesRule]{mbeans-descriptors/mbean/operation/parameter} Set org.apache.tomcat.util.modeler.ParameterInfo properties
2019-12-06 11:18:40.798 DEBUG 7503 --- [kground-preinit] o.apache.tomcat.util.digester.Digester   : [SetPropertiesRule]{mbeans-descriptors/mbean/operation/parameter} Setting property 'name' to 'parent'
2019-12-06 11:18:40.798 DEBUG 7503 --- [kground-preinit] o.apache.tomcat.util.IntrospectionUtils  : IntrospectionUtils: setProperty(class org.apache.tomcat.util.modeler.ParameterInfo name=parent)
2019-12-06 11:18:40.799 DEBUG 7503 --- [kground-preinit] o.apache.tomcat.util.digester.Digester   : [SetPropertiesRule]{mbeans-descriptors/mbean/operation/parameter} Setting property 'description' to 'MBean Name of the associated parent component'
2019-12-06 11:18:40.799 DEBUG 7503 --- [kground-preinit] o.apache.tomcat.util.IntrospectionUtils  : IntrospectionUtils: setProperty(class org.apache.tomcat.util.modeler.ParameterInfo description=MBean Name of the associated parent component)
2019-12-06 11:18:40.799 DEBUG 7503 --- [kground-preinit] o.apache.tomcat.util.digester.Digester   : [SetPropertiesRule]{mbeans-descriptors/mbean/operation/parameter} Setting property 'type' to 'java.lang.String'
2019-12-06 11:18:40.799 DEBUG 7503 --- [kground-preinit] o.apache.tomcat.util.IntrospectionUtils  : IntrospectionUtils: setProperty(class org.apache.tomcat.util.modeler.ParameterInfo type=java.lang.String)
2019-12-06 11:18:40.799 DEBUG 7503 --- [kground-preinit] o.apache.tomcat.util.digester.Digester   :   Fire begin() for SetNextRule[methodName=addParameter, paramType=org.apache.tomcat.util.modeler.ParameterInfo]
2019-12-06 11:18:40.799 DEBUG 7503 --- [kground-preinit] o.a.tomcat.util.digester.Digester.sax    : endElement(,,parameter)
2019-12-06 11:18:40.799 DEBUG 7503 --- [kground-preinit] o.apache.tomcat.util.digester.Digester   :   match='mbeans-descriptors/mbean/operation/parameter'
2019-12-06 11:18:40.799 DEBUG 7503 --- [kground-preinit] o.apache.tomcat.util.digester.Digester   :   bodyText=''
2019-12-06 11:18:40.799 DEBUG 7503 --- [kground-preinit] o.apache.tomcat.util.digester.Digester   :   Fire body() for ObjectCreateRule[className=org.apache.tomcat.util.modeler.ParameterInfo, attributeName=null]
2019-12-06 11:18:40.800 DEBUG 7503 --- [kground-preinit] o.apache.tomcat.util.digester.Digester   :   Fire body() for SetPropertiesRule[]
2019-12-06 11:18:40.800 DEBUG 7503 --- [kground-preinit] o.apache.tomcat.util.digester.Digester   :   Fire body() for SetNextRule[methodName=addParameter, paramType=org.apache.tomcat.util.modeler.ParameterInfo]
2019-12-06 11:18:40.800 DEBUG 7503 --- [kground-preinit] o.apache.tomcat.util.digester.Digester   :   Fire end() for SetNextRule[methodName=addParameter, paramType=org.apache.tomcat.util.modeler.ParameterInfo]
2019-12-06 11:18:40.800 DEBUG 7503 --- [kground-preinit] o.apache.tomcat.util.digester.Digester   : [SetNextRule]{mbeans-descriptors/mbean/operation/parameter} Call org.apache.tomcat.util.modeler.OperationInfo.addParameter(org.apache.tomcat.util.modeler.ParameterInfo@2ac36ff1)
2019-12-06 11:18:40.800 DEBUG 7503 --- [kground-preinit] o.apache.tomcat.util.IntrospectionUtils  : IntrospectionUtils: callMethod1 org.apache.tomcat.util.modeler.OperationInfo org.apache.tomcat.util.modeler.ParameterInfo org.apache.tomcat.util.modeler.ParameterInfo
2019-12-06 11:18:40.800 DEBUG 7503 --- [kground-preinit] o.apache.tomcat.util.digester.Digester   :   Fire end() for SetPropertiesRule[]
2019-12-06 11:18:40.800 DEBUG 7503 --- [kground-preinit] o.apache.tomcat.util.digester.Digester   :   Fire end() for ObjectCreateRule[className=org.apache.tomcat.util.modeler.ParameterInfo, attributeName=null]
2019-12-06 11:18:40.800 DEBUG 7503 --- [kground-preinit] o.apache.tomcat.util.digester.Digester   : [ObjectCreateRule]{mbeans-descriptors/mbean/operation/parameter} Pop org.apache.tomcat.util.modeler.ParameterInfo
2019-12-06 11:18:40.800 DEBUG 7503 --- [kground-preinit] o.a.tomcat.util.digester.Digester.sax    : characters(
    )
2019-12-06 11:18:40.801 DEBUG 7503 --- [kground-preinit] o.a.tomcat.util.digester.Digester.sax    : endElement(,,operation)
2019-12-06 11:18:40.801 DEBUG 7503 --- [kground-preinit] o.apache.tomcat.util.digester.Digester   :   match='mbeans-descriptors/mbean/operation'
2019-12-06 11:18:40.801 DEBUG 7503 --- [kground-preinit] o.apache.tomcat.util.digester.Digester   :   bodyText='
      
      
    '
2019-12-06 11:18:40.801 DEBUG 7503 --- [kground-preinit] o.apache.tomcat.util.digester.Digester   :   Fire body() for ObjectCreateRule[className=org.apache.tomcat.util.modeler.OperationInfo, attributeName=null]
2019-12-06 11:18:40.801 DEBUG 7503 --- [kground-preinit] o.apache.tomcat.util.digester.Digester   :   Fire body() for SetPropertiesRule[]
2019-12-06 11:18:40.801 DEBUG 7503 --- [kground-preinit] o.apache.tomcat.util.digester.Digester   :   Fire body() for SetNextRule[methodName=addOperation, paramType=org.apache.tomcat.util.modeler.OperationInfo]
2019-12-06 11:18:40.801 DEBUG 7503 --- [kground-preinit] o.apache.tomcat.util.digester.Digester   :   Fire end() for SetNextRule[methodName=addOperation, paramType=org.apache.tomcat.util.modeler.OperationInfo]
2019-12-06 11:18:40.801 DEBUG 7503 --- [kground-preinit] o.apache.tomcat.util.digester.Digester   : [SetNextRule]{mbeans-descriptors/mbean/operation} Call org.apache.tomcat.util.modeler.ManagedBean.addOperation(org.apache.tomcat.util.modeler.OperationInfo@56f273ab)
2019-12-06 11:18:40.801 DEBUG 7503 --- [kground-preinit] o.apache.tomcat.util.IntrospectionUtils  : IntrospectionUtils: callMethod1 org.apache.tomcat.util.modeler.ManagedBean org.apache.tomcat.util.modeler.OperationInfo org.apache.tomcat.util.modeler.OperationInfo
2019-12-06 11:18:40.801 DEBUG 7503 --- [kground-preinit] o.apache.tomcat.util.digester.Digester   :   Fire end() for SetPropertiesRule[]
2019-12-06 11:18:40.801 DEBUG 7503 --- [kground-preinit] o.apache.tomcat.util.digester.Digester   :   Fire end() for ObjectCreateRule[className=org.apache.tomcat.util.modeler.OperationInfo, attributeName=null]
2019-12-06 11:18:40.801 DEBUG 7503 --- [kground-preinit] o.apache.tomcat.util.digester.Digester   : [ObjectCreateRule]{mbeans-descriptors/mbean/operation} Pop org.apache.tomcat.util.modeler.OperationInfo
2019-12-06 11:18:40.801 DEBUG 7503 --- [kground-preinit] o.a.tomcat.util.digester.Digester.sax    : characters(

    )
2019-12-06 11:18:40.802 DEBUG 7503 --- [kground-preinit] o.a.tomcat.util.digester.Digester.sax    : startElement(,,operation)
2019-12-06 11:18:40.802 DEBUG 7503 --- [kground-preinit] o.apache.tomcat.util.digester.Digester   :   New match='mbeans-descriptors/mbean/operation'
2019-12-06 11:18:40.802 DEBUG 7503 --- [kground-preinit] o.apache.tomcat.util.digester.Digester   :   Fire begin() for ObjectCreateRule[className=org.apache.tomcat.util.modeler.OperationInfo, attributeName=null]
2019-12-06 11:18:40.802 DEBUG 7503 --- [kground-preinit] o.apache.tomcat.util.digester.Digester   :   Fire begin() for SetPropertiesRule[]
2019-12-06 11:18:40.802 DEBUG 7503 --- [kground-preinit] o.apache.tomcat.util.digester.Digester   : [SetPropertiesRule]{mbeans-descriptors/mbean/operation} Set org.apache.tomcat.util.modeler.OperationInfo properties
2019-12-06 11:18:40.802 DEBUG 7503 --- [kground-preinit] o.apache.tomcat.util.digester.Digester   : [SetPropertiesRule]{mbeans-descriptors/mbean/operation} Setting property 'name' to 'createWebappLoader'
2019-12-06 11:18:40.802 DEBUG 7503 --- [kground-preinit] o.apache.tomcat.util.IntrospectionUtils  : IntrospectionUtils: setProperty(class org.apache.tomcat.util.modeler.OperationInfo name=createWebappLoader)
2019-12-06 11:18:40.802 DEBUG 7503 --- [kground-preinit] o.apache.tomcat.util.digester.Digester   : [SetPropertiesRule]{mbeans-descriptors/mbean/operation} Setting property 'description' to 'Create a new Web Application Loader'
2019-12-06 11:18:40.802 DEBUG 7503 --- [kground-preinit] o.apache.tomcat.util.IntrospectionUtils  : IntrospectionUtils: setProperty(class org.apache.tomcat.util.modeler.OperationInfo description=Create a new Web Application Loader)
2019-12-06 11:18:40.802 DEBUG 7503 --- [kground-preinit] o.apache.tomcat.util.digester.Digester   : [SetPropertiesRule]{mbeans-descriptors/mbean/operation} Setting property 'impact' to 'ACTION'
2019-12-06 11:18:40.802 DEBUG 7503 --- [kground-preinit] o.apache.tomcat.util.IntrospectionUtils  : IntrospectionUtils: setProperty(class org.apache.tomcat.util.modeler.OperationInfo impact=ACTION)
2019-12-06 11:18:40.802 DEBUG 7503 --- [kground-preinit] o.apache.tomcat.util.digester.Digester   : [SetPropertiesRule]{mbeans-descriptors/mbean/operation} Setting property 'returnType' to 'java.lang.String'
2019-12-06 11:18:40.803 DEBUG 7503 --- [kground-preinit] o.apache.tomcat.util.IntrospectionUtils  : IntrospectionUtils: setProperty(class org.apache.tomcat.util.modeler.OperationInfo returnType=java.lang.String)
2019-12-06 11:18:40.803 DEBUG 7503 --- [kground-preinit] o.apache.tomcat.util.digester.Digester   :   Fire begin() for SetNextRule[methodName=addOperation, paramType=org.apache.tomcat.util.modeler.OperationInfo]
2019-12-06 11:18:40.803 DEBUG 7503 --- [kground-preinit] o.a.tomcat.util.digester.Digester.sax    : characters(
      )
2019-12-06 11:18:40.803 DEBUG 7503 --- [kground-preinit] o.a.tomcat.util.digester.Digester.sax    : startElement(,,parameter)
2019-12-06 11:18:40.803 DEBUG 7503 --- [kground-preinit] o.apache.tomcat.util.digester.Digester   :   New match='mbeans-descriptors/mbean/operation/parameter'
2019-12-06 11:18:40.803 DEBUG 7503 --- [kground-preinit] o.apache.tomcat.util.digester.Digester   :   Fire begin() for ObjectCreateRule[className=org.apache.tomcat.util.modeler.ParameterInfo, attributeName=null]
2019-12-06 11:18:40.803 DEBUG 7503 --- [kground-preinit] o.apache.tomcat.util.digester.Digester   :   Fire begin() for SetPropertiesRule[]
2019-12-06 11:18:40.803 DEBUG 7503 --- [kground-preinit] o.apache.tomcat.util.digester.Digester   : [SetPropertiesRule]{mbeans-descriptors/mbean/operation/parameter} Set org.apache.tomcat.util.modeler.ParameterInfo properties
2019-12-06 11:18:40.803 DEBUG 7503 --- [kground-preinit] o.apache.tomcat.util.digester.Digester   : [SetPropertiesRule]{mbeans-descriptors/mbean/operation/parameter} Setting property 'name' to 'parent'
2019-12-06 11:18:40.803 DEBUG 7503 --- [kground-preinit] o.apache.tomcat.util.IntrospectionUtils  : IntrospectionUtils: setProperty(class org.apache.tomcat.util.modeler.ParameterInfo name=parent)
2019-12-06 11:18:40.803 DEBUG 7503 --- [kground-preinit] o.apache.tomcat.util.digester.Digester   : [SetPropertiesRule]{mbeans-descriptors/mbean/operation/parameter} Setting property 'description' to 'MBean Name of the associated parent component'
2019-12-06 11:18:40.803 DEBUG 7503 --- [kground-preinit] o.apache.tomcat.util.IntrospectionUtils  : IntrospectionUtils: setProperty(class org.apache.tomcat.util.modeler.ParameterInfo description=MBean Name of the associated parent component)
2019-12-06 11:18:40.804 DEBUG 7503 --- [kground-preinit] o.apache.tomcat.util.digester.Digester   : [SetPropertiesRule]{mbeans-descriptors/mbean/operation/parameter} Setting property 'type' to 'java.lang.String'
2019-12-06 11:18:40.804 DEBUG 7503 --- [kground-preinit] o.apache.tomcat.util.IntrospectionUtils  : IntrospectionUtils: setProperty(class org.apache.tomcat.util.modeler.ParameterInfo type=java.lang.String)
2019-12-06 11:18:40.804 DEBUG 7503 --- [kground-preinit] o.apache.tomcat.util.digester.Digester   :   Fire begin() for SetNextRule[methodName=addParameter, paramType=org.apache.tomcat.util.modeler.ParameterInfo]
2019-12-06 11:18:40.804 DEBUG 7503 --- [kground-preinit] o.a.tomcat.util.digester.Digester.sax    : endElement(,,parameter)
2019-12-06 11:18:40.804 DEBUG 7503 --- [kground-preinit] o.apache.tomcat.util.digester.Digester   :   match='mbeans-descriptors/mbean/operation/parameter'
2019-12-06 11:18:40.804 DEBUG 7503 --- [kground-preinit] o.apache.tomcat.util.digester.Digester   :   bodyText=''
2019-12-06 11:18:40.804 DEBUG 7503 --- [kground-preinit] o.apache.tomcat.util.digester.Digester   :   Fire body() for ObjectCreateRule[className=org.apache.tomcat.util.modeler.ParameterInfo, attributeName=null]
2019-12-06 11:18:40.804 DEBUG 7503 --- [kground-preinit] o.apache.tomcat.util.digester.Digester   :   Fire body() for SetPropertiesRule[]
2019-12-06 11:18:40.804 DEBUG 7503 --- [kground-preinit] o.apache.tomcat.util.digester.Digester   :   Fire body() for SetNextRule[methodName=addParameter, paramType=org.apache.tomcat.util.modeler.ParameterInfo]
2019-12-06 11:18:40.804 DEBUG 7503 --- [kground-preinit] o.apache.tomcat.util.digester.Digester   :   Fire end() for SetNextRule[methodName=addParameter, paramType=org.apache.tomcat.util.modeler.ParameterInfo]
2019-12-06 11:18:40.804 DEBUG 7503 --- [kground-preinit] o.apache.tomcat.util.digester.Digester   : [SetNextRule]{mbeans-descriptors/mbean/operation/parameter} Call org.apache.tomcat.util.modeler.OperationInfo.addParameter(org.apache.tomcat.util.modeler.ParameterInfo@5747875d)
2019-12-06 11:18:40.804 DEBUG 7503 --- [kground-preinit] o.apache.tomcat.util.IntrospectionUtils  : IntrospectionUtils: callMethod1 org.apache.tomcat.util.modeler.OperationInfo org.apache.tomcat.util.modeler.ParameterInfo org.apache.tomcat.util.modeler.ParameterInfo
2019-12-06 11:18:40.804 DEBUG 7503 --- [kground-preinit] o.apache.tomcat.util.digester.Digester   :   Fire end() for SetPropertiesRule[]
2019-12-06 11:18:40.805 DEBUG 7503 --- [kground-preinit] o.apache.tomcat.util.digester.Digester   :   Fire end() for ObjectCreateRule[className=org.apache.tomcat.util.modeler.ParameterInfo, attributeName=null]
2019-12-06 11:18:40.805 DEBUG 7503 --- [kground-preinit] o.apache.tomcat.util.digester.Digester   : [ObjectCreateRule]{mbeans-descriptors/mbean/operation/parameter} Pop org.apache.tomcat.util.modeler.ParameterInfo
2019-12-06 11:18:40.805 DEBUG 7503 --- [kground-preinit] o.a.tomcat.util.digester.Digester.sax    : characters(
    )
2019-12-06 11:18:40.805 DEBUG 7503 --- [kground-preinit] o.a.tomcat.util.digester.Digester.sax    : endElement(,,operation)
2019-12-06 11:18:40.805 DEBUG 7503 --- [kground-preinit] o.apache.tomcat.util.digester.Digester   :   match='mbeans-descriptors/mbean/operation'
2019-12-06 11:18:40.805 DEBUG 7503 --- [kground-preinit] o.apache.tomcat.util.digester.Digester   :   bodyText='
      
    '
2019-12-06 11:18:40.805 DEBUG 7503 --- [kground-preinit] o.apache.tomcat.util.digester.Digester   :   Fire body() for ObjectCreateRule[className=org.apache.tomcat.util.modeler.OperationInfo, attributeName=null]
2019-12-06 11:18:40.805 DEBUG 7503 --- [kground-preinit] o.apache.tomcat.util.digester.Digester   :   Fire body() for SetPropertiesRule[]
2019-12-06 11:18:40.805 DEBUG 7503 --- [kground-preinit] o.apache.tomcat.util.digester.Digester   :   Fire body() for SetNextRule[methodName=addOperation, paramType=org.apache.tomcat.util.modeler.OperationInfo]
2019-12-06 11:18:40.805 DEBUG 7503 --- [kground-preinit] o.apache.tomcat.util.digester.Digester   :   Fire end() for SetNextRule[methodName=addOperation, paramType=org.apache.tomcat.util.modeler.OperationInfo]
2019-12-06 11:18:40.805 DEBUG 7503 --- [kground-preinit] o.apache.tomcat.util.digester.Digester   : [SetNextRule]{mbeans-descriptors/mbean/operation} Call org.apache.tomcat.util.modeler.ManagedBean.addOperation(org.apache.tomcat.util.modeler.OperationInfo@35523e3d)
2019-12-06 11:18:40.805 DEBUG 7503 --- [kground-preinit] o.apache.tomcat.util.IntrospectionUtils  : IntrospectionUtils: callMethod1 org.apache.tomcat.util.modeler.ManagedBean org.apache.tomcat.util.modeler.OperationInfo org.apache.tomcat.util.modeler.OperationInfo
2019-12-06 11:18:40.805 DEBUG 7503 --- [kground-preinit] o.apache.tomcat.util.digester.Digester   :   Fire end() for SetPropertiesRule[]
2019-12-06 11:18:40.806 DEBUG 7503 --- [kground-preinit] o.apache.tomcat.util.digester.Digester   :   Fire end() for ObjectCreateRule[className=org.apache.tomcat.util.modeler.OperationInfo, attributeName=null]
2019-12-06 11:18:40.806 DEBUG 7503 --- [kground-preinit] o.apache.tomcat.util.digester.Digester   : [ObjectCreateRule]{mbeans-descriptors/mbean/operation} Pop org.apache.tomcat.util.modeler.OperationInfo
2019-12-06 11:18:40.806 DEBUG 7503 --- [kground-preinit] o.a.tomcat.util.digester.Digester.sax    : characters(

    )
2019-12-06 11:18:40.806 DEBUG 7503 --- [kground-preinit] o.a.tomcat.util.digester.Digester.sax    : characters(
    )
2019-12-06 11:18:40.806 DEBUG 7503 --- [kground-preinit] o.a.tomcat.util.digester.Digester.sax    : characters(
    )
2019-12-06 11:18:40.806 DEBUG 7503 --- [kground-preinit] o.a.tomcat.util.digester.Digester.sax    : characters(
    )
2019-12-06 11:18:40.806 DEBUG 7503 --- [kground-preinit] o.a.tomcat.util.digester.Digester.sax    : characters(

    )
2019-12-06 11:18:40.806 DEBUG 7503 --- [kground-preinit] o.a.tomcat.util.digester.Digester.sax    : startElement(,,operation)
2019-12-06 11:18:40.806 DEBUG 7503 --- [kground-preinit] o.apache.tomcat.util.digester.Digester   :   New match='mbeans-descriptors/mbean/operation'
2019-12-06 11:18:40.807 DEBUG 7503 --- [kground-preinit] o.apache.tomcat.util.digester.Digester   :   Fire begin() for ObjectCreateRule[className=org.apache.tomcat.util.modeler.OperationInfo, attributeName=null]
2019-12-06 11:18:40.808 DEBUG 7503 --- [kground-preinit] o.apache.tomcat.util.digester.Digester   :   Fire begin() for SetPropertiesRule[]
2019-12-06 11:18:40.808 DEBUG 7503 --- [kground-preinit] o.apache.tomcat.util.digester.Digester   : [SetPropertiesRule]{mbeans-descriptors/mbean/operation} Set org.apache.tomcat.util.modeler.OperationInfo properties
2019-12-06 11:18:40.808 DEBUG 7503 --- [kground-preinit] o.apache.tomcat.util.digester.Digester   : [SetPropertiesRule]{mbeans-descriptors/mbean/operation} Setting property 'name' to 'removeConnector'
2019-12-06 11:18:40.808 DEBUG 7503 --- [kground-preinit] o.apache.tomcat.util.IntrospectionUtils  : IntrospectionUtils: setProperty(class org.apache.tomcat.util.modeler.OperationInfo name=removeConnector)
2019-12-06 11:18:40.808 DEBUG 7503 --- [kground-preinit] o.apache.tomcat.util.digester.Digester   : [SetPropertiesRule]{mbeans-descriptors/mbean/operation} Setting property 'description' to 'Remove an existing Connector'
2019-12-06 11:18:40.808 DEBUG 7503 --- [kground-preinit] o.apache.tomcat.util.IntrospectionUtils  : IntrospectionUtils: setProperty(class org.apache.tomcat.util.modeler.OperationInfo description=Remove an existing Connector)
2019-12-06 11:18:40.808 DEBUG 7503 --- [kground-preinit] o.apache.tomcat.util.digester.Digester   : [SetPropertiesRule]{mbeans-descriptors/mbean/operation} Setting property 'impact' to 'ACTION'
2019-12-06 11:18:40.808 DEBUG 7503 --- [kground-preinit] o.apache.tomcat.util.IntrospectionUtils  : IntrospectionUtils: setProperty(class org.apache.tomcat.util.modeler.OperationInfo impact=ACTION)
2019-12-06 11:18:40.809 DEBUG 7503 --- [kground-preinit] o.apache.tomcat.util.digester.Digester   : [SetPropertiesRule]{mbeans-descriptors/mbean/operation} Setting property 'returnType' to 'void'
2019-12-06 11:18:40.809 DEBUG 7503 --- [kground-preinit] o.apache.tomcat.util.IntrospectionUtils  : IntrospectionUtils: setProperty(class org.apache.tomcat.util.modeler.OperationInfo returnType=void)
2019-12-06 11:18:40.809 DEBUG 7503 --- [kground-preinit] o.apache.tomcat.util.digester.Digester   :   Fire begin() for SetNextRule[methodName=addOperation, paramType=org.apache.tomcat.util.modeler.OperationInfo]
2019-12-06 11:18:40.810 DEBUG 7503 --- [kground-preinit] o.a.tomcat.util.digester.Digester.sax    : characters(
      )
2019-12-06 11:18:40.810 DEBUG 7503 --- [kground-preinit] o.a.tomcat.util.digester.Digester.sax    : startElement(,,parameter)
2019-12-06 11:18:40.810 DEBUG 7503 --- [kground-preinit] o.apache.tomcat.util.digester.Digester   :   New match='mbeans-descriptors/mbean/operation/parameter'
2019-12-06 11:18:40.810 DEBUG 7503 --- [kground-preinit] o.apache.tomcat.util.digester.Digester   :   Fire begin() for ObjectCreateRule[className=org.apache.tomcat.util.modeler.ParameterInfo, attributeName=null]
2019-12-06 11:18:40.810 DEBUG 7503 --- [kground-preinit] o.apache.tomcat.util.digester.Digester   :   Fire begin() for SetPropertiesRule[]
2019-12-06 11:18:40.810 DEBUG 7503 --- [kground-preinit] o.apache.tomcat.util.digester.Digester   : [SetPropertiesRule]{mbeans-descriptors/mbean/operation/parameter} Set org.apache.tomcat.util.modeler.ParameterInfo properties
2019-12-06 11:18:40.810 DEBUG 7503 --- [kground-preinit] o.apache.tomcat.util.digester.Digester   : [SetPropertiesRule]{mbeans-descriptors/mbean/operation/parameter} Setting property 'name' to 'name'
2019-12-06 11:18:40.810 DEBUG 7503 --- [kground-preinit] o.apache.tomcat.util.IntrospectionUtils  : IntrospectionUtils: setProperty(class org.apache.tomcat.util.modeler.ParameterInfo name=name)
2019-12-06 11:18:40.810 DEBUG 7503 --- [kground-preinit] o.apache.tomcat.util.digester.Digester   : [SetPropertiesRule]{mbeans-descriptors/mbean/operation/parameter} Setting property 'description' to 'MBean Name of the component to be removed'
2019-12-06 11:18:40.810 DEBUG 7503 --- [kground-preinit] o.apache.tomcat.util.IntrospectionUtils  : IntrospectionUtils: setProperty(class org.apache.tomcat.util.modeler.ParameterInfo description=MBean Name of the component to be removed)
2019-12-06 11:18:40.811 DEBUG 7503 --- [kground-preinit] o.apache.tomcat.util.digester.Digester   : [SetPropertiesRule]{mbeans-descriptors/mbean/operation/parameter} Setting property 'type' to 'java.lang.String'
2019-12-06 11:18:40.811 DEBUG 7503 --- [kground-preinit] o.apache.tomcat.util.IntrospectionUtils  : IntrospectionUtils: setProperty(class org.apache.tomcat.util.modeler.ParameterInfo type=java.lang.String)
2019-12-06 11:18:40.811 DEBUG 7503 --- [kground-preinit] o.apache.tomcat.util.digester.Digester   :   Fire begin() for SetNextRule[methodName=addParameter, paramType=org.apache.tomcat.util.modeler.ParameterInfo]
2019-12-06 11:18:40.811 DEBUG 7503 --- [kground-preinit] o.a.tomcat.util.digester.Digester.sax    : endElement(,,parameter)
2019-12-06 11:18:40.811 DEBUG 7503 --- [kground-preinit] o.apache.tomcat.util.digester.Digester   :   match='mbeans-descriptors/mbean/operation/parameter'
2019-12-06 11:18:40.811 DEBUG 7503 --- [kground-preinit] o.apache.tomcat.util.digester.Digester   :   bodyText=''
2019-12-06 11:18:40.811 DEBUG 7503 --- [kground-preinit] o.apache.tomcat.util.digester.Digester   :   Fire body() for ObjectCreateRule[className=org.apache.tomcat.util.modeler.ParameterInfo, attributeName=null]
2019-12-06 11:18:40.811 DEBUG 7503 --- [kground-preinit] o.apache.tomcat.util.digester.Digester   :   Fire body() for SetPropertiesRule[]
2019-12-06 11:18:40.811 DEBUG 7503 --- [kground-preinit] o.apache.tomcat.util.digester.Digester   :   Fire body() for SetNextRule[methodName=addParameter, paramType=org.apache.tomcat.util.modeler.ParameterInfo]
2019-12-06 11:18:40.811 DEBUG 7503 --- [kground-preinit] o.apache.tomcat.util.digester.Digester   :   Fire end() for SetNextRule[methodName=addParameter, paramType=org.apache.tomcat.util.modeler.ParameterInfo]
2019-12-06 11:18:40.811 DEBUG 7503 --- [kground-preinit] o.apache.tomcat.util.digester.Digester   : [SetNextRule]{mbeans-descriptors/mbean/operation/parameter} Call org.apache.tomcat.util.modeler.OperationInfo.addParameter(org.apache.tomcat.util.modeler.ParameterInfo@e645d31)
2019-12-06 11:18:40.811 DEBUG 7503 --- [kground-preinit] o.apache.tomcat.util.IntrospectionUtils  : IntrospectionUtils: callMethod1 org.apache.tomcat.util.modeler.OperationInfo org.apache.tomcat.util.modeler.ParameterInfo org.apache.tomcat.util.modeler.ParameterInfo
2019-12-06 11:18:40.812 DEBUG 7503 --- [kground-preinit] o.apache.tomcat.util.digester.Digester   :   Fire end() for SetPropertiesRule[]
2019-12-06 11:18:40.812 DEBUG 7503 --- [kground-preinit] o.apache.tomcat.util.digester.Digester   :   Fire end() for ObjectCreateRule[className=org.apache.tomcat.util.modeler.ParameterInfo, attributeName=null]
2019-12-06 11:18:40.812 DEBUG 7503 --- [kground-preinit] o.apache.tomcat.util.digester.Digester   : [ObjectCreateRule]{mbeans-descriptors/mbean/operation/parameter} Pop org.apache.tomcat.util.modeler.ParameterInfo
2019-12-06 11:18:40.812 DEBUG 7503 --- [kground-preinit] o.a.tomcat.util.digester.Digester.sax    : characters(
    )
2019-12-06 11:18:40.812 DEBUG 7503 --- [kground-preinit] o.a.tomcat.util.digester.Digester.sax    : endElement(,,operation)
2019-12-06 11:18:40.812 DEBUG 7503 --- [kground-preinit] o.apache.tomcat.util.digester.Digester   :   match='mbeans-descriptors/mbean/operation'
2019-12-06 11:18:40.812 DEBUG 7503 --- [kground-preinit] o.apache.tomcat.util.digester.Digester   :   bodyText='
      
    '
2019-12-06 11:18:40.812 DEBUG 7503 --- [kground-preinit] o.apache.tomcat.util.digester.Digester   :   Fire body() for ObjectCreateRule[className=org.apache.tomcat.util.modeler.OperationInfo, attributeName=null]
2019-12-06 11:18:40.812 DEBUG 7503 --- [kground-preinit] o.apache.tomcat.util.digester.Digester   :   Fire body() for SetPropertiesRule[]
2019-12-06 11:18:40.813 DEBUG 7503 --- [kground-preinit] o.apache.tomcat.util.digester.Digester   :   Fire body() for SetNextRule[methodName=addOperation, paramType=org.apache.tomcat.util.modeler.OperationInfo]
2019-12-06 11:18:40.813 DEBUG 7503 --- [kground-preinit] o.apache.tomcat.util.digester.Digester   :   Fire end() for SetNextRule[methodName=addOperation, paramType=org.apache.tomcat.util.modeler.OperationInfo]
2019-12-06 11:18:40.813 DEBUG 7503 --- [kground-preinit] o.apache.tomcat.util.digester.Digester   : [SetNextRule]{mbeans-descriptors/mbean/operation} Call org.apache.tomcat.util.modeler.ManagedBean.addOperation(org.apache.tomcat.util.modeler.OperationInfo@7158f417)
2019-12-06 11:18:40.813 DEBUG 7503 --- [kground-preinit] o.apache.tomcat.util.IntrospectionUtils  : IntrospectionUtils: callMethod1 org.apache.tomcat.util.modeler.ManagedBean org.apache.tomcat.util.modeler.OperationInfo org.apache.tomcat.util.modeler.OperationInfo
2019-12-06 11:18:40.814 DEBUG 7503 --- [kground-preinit] o.apache.tomcat.util.digester.Digester   :   Fire end() for SetPropertiesRule[]
2019-12-06 11:18:40.814 DEBUG 7503 --- [kground-preinit] o.apache.tomcat.util.digester.Digester   :   Fire end() for ObjectCreateRule[className=org.apache.tomcat.util.modeler.OperationInfo, attributeName=null]
2019-12-06 11:18:40.814 DEBUG 7503 --- [kground-preinit] o.apache.tomcat.util.digester.Digester   : [ObjectCreateRule]{mbeans-descriptors/mbean/operation} Pop org.apache.tomcat.util.modeler.OperationInfo
2019-12-06 11:18:40.814 DEBUG 7503 --- [kground-preinit] o.a.tomcat.util.digester.Digester.sax    : characters(

    )
2019-12-06 11:18:40.814 DEBUG 7503 --- [kground-preinit] o.a.tomcat.util.digester.Digester.sax    : startElement(,,operation)
2019-12-06 11:18:40.814 DEBUG 7503 --- [kground-preinit] o.apache.tomcat.util.digester.Digester   :   New match='mbeans-descriptors/mbean/operation'
2019-12-06 11:18:40.815 DEBUG 7503 --- [kground-preinit] o.apache.tomcat.util.digester.Digester   :   Fire begin() for ObjectCreateRule[className=org.apache.tomcat.util.modeler.OperationInfo, attributeName=null]
2019-12-06 11:18:40.815 DEBUG 7503 --- [kground-preinit] o.apache.tomcat.util.digester.Digester   :   Fire begin() for SetPropertiesRule[]
2019-12-06 11:18:40.815 DEBUG 7503 --- [kground-preinit] o.apache.tomcat.util.digester.Digester   : [SetPropertiesRule]{mbeans-descriptors/mbean/operation} Set org.apache.tomcat.util.modeler.OperationInfo properties
2019-12-06 11:18:40.815 DEBUG 7503 --- [kground-preinit] o.apache.tomcat.util.digester.Digester   : [SetPropertiesRule]{mbeans-descriptors/mbean/operation} Setting property 'name' to 'removeContext'
2019-12-06 11:18:40.815 DEBUG 7503 --- [kground-preinit] o.apache.tomcat.util.IntrospectionUtils  : IntrospectionUtils: setProperty(class org.apache.tomcat.util.modeler.OperationInfo name=removeContext)
2019-12-06 11:18:40.815 DEBUG 7503 --- [kground-preinit] o.apache.tomcat.util.digester.Digester   : [SetPropertiesRule]{mbeans-descriptors/mbean/operation} Setting property 'description' to 'Remove an existing Context'
2019-12-06 11:18:40.815 DEBUG 7503 --- [kground-preinit] o.apache.tomcat.util.IntrospectionUtils  : IntrospectionUtils: setProperty(class org.apache.tomcat.util.modeler.OperationInfo description=Remove an existing Context)
2019-12-06 11:18:40.815 DEBUG 7503 --- [kground-preinit] o.apache.tomcat.util.digester.Digester   : [SetPropertiesRule]{mbeans-descriptors/mbean/operation} Setting property 'impact' to 'ACTION'
2019-12-06 11:18:40.816 DEBUG 7503 --- [kground-preinit] o.apache.tomcat.util.IntrospectionUtils  : IntrospectionUtils: setProperty(class org.apache.tomcat.util.modeler.OperationInfo impact=ACTION)
2019-12-06 11:18:40.816 DEBUG 7503 --- [kground-preinit] o.apache.tomcat.util.digester.Digester   : [SetPropertiesRule]{mbeans-descriptors/mbean/operation} Setting property 'returnType' to 'void'
2019-12-06 11:18:40.816 DEBUG 7503 --- [kground-preinit] o.apache.tomcat.util.IntrospectionUtils  : IntrospectionUtils: setProperty(class org.apache.tomcat.util.modeler.OperationInfo returnType=void)
2019-12-06 11:18:40.816 DEBUG 7503 --- [kground-preinit] o.apache.tomcat.util.digester.Digester   :   Fire begin() for SetNextRule[methodName=addOperation, paramType=org.apache.tomcat.util.modeler.OperationInfo]
2019-12-06 11:18:40.816 DEBUG 7503 --- [kground-preinit] o.a.tomcat.util.digester.Digester.sax    : characters(
      )
2019-12-06 11:18:40.816 DEBUG 7503 --- [kground-preinit] o.a.tomcat.util.digester.Digester.sax    : startElement(,,parameter)
2019-12-06 11:18:40.817 DEBUG 7503 --- [kground-preinit] o.apache.tomcat.util.digester.Digester   :   New match='mbeans-descriptors/mbean/operation/parameter'
2019-12-06 11:18:40.817 DEBUG 7503 --- [kground-preinit] o.apache.tomcat.util.digester.Digester   :   Fire begin() for ObjectCreateRule[className=org.apache.tomcat.util.modeler.ParameterInfo, attributeName=null]
2019-12-06 11:18:40.817 DEBUG 7503 --- [kground-preinit] o.apache.tomcat.util.digester.Digester   :   Fire begin() for SetPropertiesRule[]
2019-12-06 11:18:40.817 DEBUG 7503 --- [kground-preinit] o.apache.tomcat.util.digester.Digester   : [SetPropertiesRule]{mbeans-descriptors/mbean/operation/parameter} Set org.apache.tomcat.util.modeler.ParameterInfo properties
2019-12-06 11:18:40.817 DEBUG 7503 --- [kground-preinit] o.apache.tomcat.util.digester.Digester   : [SetPropertiesRule]{mbeans-descriptors/mbean/operation/parameter} Setting property 'name' to 'name'
2019-12-06 11:18:40.817 DEBUG 7503 --- [kground-preinit] o.apache.tomcat.util.IntrospectionUtils  : IntrospectionUtils: setProperty(class org.apache.tomcat.util.modeler.ParameterInfo name=name)
2019-12-06 11:18:40.817 DEBUG 7503 --- [kground-preinit] o.apache.tomcat.util.digester.Digester   : [SetPropertiesRule]{mbeans-descriptors/mbean/operation/parameter} Setting property 'description' to 'MBean Name of the component to be removed'
2019-12-06 11:18:40.817 DEBUG 7503 --- [kground-preinit] o.apache.tomcat.util.IntrospectionUtils  : IntrospectionUtils: setProperty(class org.apache.tomcat.util.modeler.ParameterInfo description=MBean Name of the component to be removed)
2019-12-06 11:18:40.817 DEBUG 7503 --- [kground-preinit] o.apache.tomcat.util.digester.Digester   : [SetPropertiesRule]{mbeans-descriptors/mbean/operation/parameter} Setting property 'type' to 'java.lang.String'
2019-12-06 11:18:40.817 DEBUG 7503 --- [kground-preinit] o.apache.tomcat.util.IntrospectionUtils  : IntrospectionUtils: setProperty(class org.apache.tomcat.util.modeler.ParameterInfo type=java.lang.String)
2019-12-06 11:18:40.818 DEBUG 7503 --- [kground-preinit] o.apache.tomcat.util.digester.Digester   :   Fire begin() for SetNextRule[methodName=addParameter, paramType=org.apache.tomcat.util.modeler.ParameterInfo]
2019-12-06 11:18:40.818 DEBUG 7503 --- [kground-preinit] o.a.tomcat.util.digester.Digester.sax    : endElement(,,parameter)
2019-12-06 11:18:40.818 DEBUG 7503 --- [kground-preinit] o.apache.tomcat.util.digester.Digester   :   match='mbeans-descriptors/mbean/operation/parameter'
2019-12-06 11:18:40.818 DEBUG 7503 --- [kground-preinit] o.apache.tomcat.util.digester.Digester   :   bodyText=''
2019-12-06 11:18:40.818 DEBUG 7503 --- [kground-preinit] o.apache.tomcat.util.digester.Digester   :   Fire body() for ObjectCreateRule[className=org.apache.tomcat.util.modeler.ParameterInfo, attributeName=null]
2019-12-06 11:18:40.818 DEBUG 7503 --- [kground-preinit] o.apache.tomcat.util.digester.Digester   :   Fire body() for SetPropertiesRule[]
2019-12-06 11:18:40.818 DEBUG 7503 --- [kground-preinit] o.apache.tomcat.util.digester.Digester   :   Fire body() for SetNextRule[methodName=addParameter, paramType=org.apache.tomcat.util.modeler.ParameterInfo]
2019-12-06 11:18:40.818 DEBUG 7503 --- [kground-preinit] o.apache.tomcat.util.digester.Digester   :   Fire end() for SetNextRule[methodName=addParameter, paramType=org.apache.tomcat.util.modeler.ParameterInfo]
2019-12-06 11:18:40.818 DEBUG 7503 --- [kground-preinit] o.apache.tomcat.util.digester.Digester   : [SetNextRule]{mbeans-descriptors/mbean/operation/parameter} Call org.apache.tomcat.util.modeler.OperationInfo.addParameter(org.apache.tomcat.util.modeler.ParameterInfo@2a45d565)
2019-12-06 11:18:40.818 DEBUG 7503 --- [kground-preinit] o.apache.tomcat.util.IntrospectionUtils  : IntrospectionUtils: callMethod1 org.apache.tomcat.util.modeler.OperationInfo org.apache.tomcat.util.modeler.ParameterInfo org.apache.tomcat.util.modeler.ParameterInfo
2019-12-06 11:18:40.819 DEBUG 7503 --- [kground-preinit] o.apache.tomcat.util.digester.Digester   :   Fire end() for SetPropertiesRule[]
2019-12-06 11:18:40.819 DEBUG 7503 --- [kground-preinit] o.apache.tomcat.util.digester.Digester   :   Fire end() for ObjectCreateRule[className=org.apache.tomcat.util.modeler.ParameterInfo, attributeName=null]
2019-12-06 11:18:40.819 DEBUG 7503 --- [kground-preinit] o.apache.tomcat.util.digester.Digester   : [ObjectCreateRule]{mbeans-descriptors/mbean/operation/parameter} Pop org.apache.tomcat.util.modeler.ParameterInfo
2019-12-06 11:18:40.819 DEBUG 7503 --- [kground-preinit] o.a.tomcat.util.digester.Digester.sax    : characters(
    )
2019-12-06 11:18:40.819 DEBUG 7503 --- [kground-preinit] o.a.tomcat.util.digester.Digester.sax    : endElement(,,operation)
2019-12-06 11:18:40.819 DEBUG 7503 --- [kground-preinit] o.apache.tomcat.util.digester.Digester   :   match='mbeans-descriptors/mbean/operation'
2019-12-06 11:18:40.819 DEBUG 7503 --- [kground-preinit] o.apache.tomcat.util.digester.Digester   :   bodyText='
      
    '
2019-12-06 11:18:40.819 DEBUG 7503 --- [kground-preinit] o.apache.tomcat.util.digester.Digester   :   Fire body() for ObjectCreateRule[className=org.apache.tomcat.util.modeler.OperationInfo, attributeName=null]
2019-12-06 11:18:40.819 DEBUG 7503 --- [kground-preinit] o.apache.tomcat.util.digester.Digester   :   Fire body() for SetPropertiesRule[]
2019-12-06 11:18:40.819 DEBUG 7503 --- [kground-preinit] o.apache.tomcat.util.digester.Digester   :   Fire body() for SetNextRule[methodName=addOperation, paramType=org.apache.tomcat.util.modeler.OperationInfo]
2019-12-06 11:18:40.819 DEBUG 7503 --- [kground-preinit] o.apache.tomcat.util.digester.Digester   :   Fire end() for SetNextRule[methodName=addOperation, paramType=org.apache.tomcat.util.modeler.OperationInfo]
2019-12-06 11:18:40.820 DEBUG 7503 --- [kground-preinit] o.apache.tomcat.util.digester.Digester   : [SetNextRule]{mbeans-descriptors/mbean/operation} Call org.apache.tomcat.util.modeler.ManagedBean.addOperation(org.apache.tomcat.util.modeler.OperationInfo@6e498c9)
2019-12-06 11:18:40.820 DEBUG 7503 --- [kground-preinit] o.apache.tomcat.util.IntrospectionUtils  : IntrospectionUtils: callMethod1 org.apache.tomcat.util.modeler.ManagedBean org.apache.tomcat.util.modeler.OperationInfo org.apache.tomcat.util.modeler.OperationInfo
2019-12-06 11:18:40.820 DEBUG 7503 --- [kground-preinit] o.apache.tomcat.util.digester.Digester   :   Fire end() for SetPropertiesRule[]
2019-12-06 11:18:40.820 DEBUG 7503 --- [kground-preinit] o.apache.tomcat.util.digester.Digester   :   Fire end() for ObjectCreateRule[className=org.apache.tomcat.util.modeler.OperationInfo, attributeName=null]
2019-12-06 11:18:40.820 DEBUG 7503 --- [kground-preinit] o.apache.tomcat.util.digester.Digester   : [ObjectCreateRule]{mbeans-descriptors/mbean/operation} Pop org.apache.tomcat.util.modeler.OperationInfo
2019-12-06 11:18:40.820 DEBUG 7503 --- [kground-preinit] o.a.tomcat.util.digester.Digester.sax    : characters(

    )
2019-12-06 11:18:40.820 DEBUG 7503 --- [kground-preinit] o.a.tomcat.util.digester.Digester.sax    : startElement(,,operation)
2019-12-06 11:18:40.820 DEBUG 7503 --- [kground-preinit] o.apache.tomcat.util.digester.Digester   :   New match='mbeans-descriptors/mbean/operation'
2019-12-06 11:18:40.820 DEBUG 7503 --- [kground-preinit] o.apache.tomcat.util.digester.Digester   :   Fire begin() for ObjectCreateRule[className=org.apache.tomcat.util.modeler.OperationInfo, attributeName=null]
2019-12-06 11:18:40.821 DEBUG 7503 --- [kground-preinit] o.apache.tomcat.util.digester.Digester   :   Fire begin() for SetPropertiesRule[]
2019-12-06 11:18:40.821 DEBUG 7503 --- [kground-preinit] o.apache.tomcat.util.digester.Digester   : [SetPropertiesRule]{mbeans-descriptors/mbean/operation} Set org.apache.tomcat.util.modeler.OperationInfo properties
2019-12-06 11:18:40.821 DEBUG 7503 --- [kground-preinit] o.apache.tomcat.util.digester.Digester   : [SetPropertiesRule]{mbeans-descriptors/mbean/operation} Setting property 'name' to 'removeHost'
2019-12-06 11:18:40.821 DEBUG 7503 --- [kground-preinit] o.apache.tomcat.util.IntrospectionUtils  : IntrospectionUtils: setProperty(class org.apache.tomcat.util.modeler.OperationInfo name=removeHost)
2019-12-06 11:18:40.821 DEBUG 7503 --- [kground-preinit] o.apache.tomcat.util.digester.Digester   : [SetPropertiesRule]{mbeans-descriptors/mbean/operation} Setting property 'description' to 'Remove an existing Host'
2019-12-06 11:18:40.821 DEBUG 7503 --- [kground-preinit] o.apache.tomcat.util.IntrospectionUtils  : IntrospectionUtils: setProperty(class org.apache.tomcat.util.modeler.OperationInfo description=Remove an existing Host)
2019-12-06 11:18:40.821 DEBUG 7503 --- [kground-preinit] o.apache.tomcat.util.digester.Digester   : [SetPropertiesRule]{mbeans-descriptors/mbean/operation} Setting property 'impact' to 'ACTION'
2019-12-06 11:18:40.821 DEBUG 7503 --- [kground-preinit] o.apache.tomcat.util.IntrospectionUtils  : IntrospectionUtils: setProperty(class org.apache.tomcat.util.modeler.OperationInfo impact=ACTION)
2019-12-06 11:18:40.821 DEBUG 7503 --- [kground-preinit] o.apache.tomcat.util.digester.Digester   : [SetPropertiesRule]{mbeans-descriptors/mbean/operation} Setting property 'returnType' to 'void'
2019-12-06 11:18:40.821 DEBUG 7503 --- [kground-preinit] o.apache.tomcat.util.IntrospectionUtils  : IntrospectionUtils: setProperty(class org.apache.tomcat.util.modeler.OperationInfo returnType=void)
2019-12-06 11:18:40.821 DEBUG 7503 --- [kground-preinit] o.apache.tomcat.util.digester.Digester   :   Fire begin() for SetNextRule[methodName=addOperation, paramType=org.apache.tomcat.util.modeler.OperationInfo]
2019-12-06 11:18:40.822 DEBUG 7503 --- [kground-preinit] o.a.tomcat.util.digester.Digester.sax    : characters(
      )
2019-12-06 11:18:40.822 DEBUG 7503 --- [kground-preinit] o.a.tomcat.util.digester.Digester.sax    : startElement(,,parameter)
2019-12-06 11:18:40.822 DEBUG 7503 --- [kground-preinit] o.apache.tomcat.util.digester.Digester   :   New match='mbeans-descriptors/mbean/operation/parameter'
2019-12-06 11:18:40.822 DEBUG 7503 --- [kground-preinit] o.apache.tomcat.util.digester.Digester   :   Fire begin() for ObjectCreateRule[className=org.apache.tomcat.util.modeler.ParameterInfo, attributeName=null]
2019-12-06 11:18:40.822 DEBUG 7503 --- [kground-preinit] o.apache.tomcat.util.digester.Digester   :   Fire begin() for SetPropertiesRule[]
2019-12-06 11:18:40.822 DEBUG 7503 --- [kground-preinit] o.apache.tomcat.util.digester.Digester   : [SetPropertiesRule]{mbeans-descriptors/mbean/operation/parameter} Set org.apache.tomcat.util.modeler.ParameterInfo properties
2019-12-06 11:18:40.822 DEBUG 7503 --- [kground-preinit] o.apache.tomcat.util.digester.Digester   : [SetPropertiesRule]{mbeans-descriptors/mbean/operation/parameter} Setting property 'name' to 'name'
2019-12-06 11:18:40.822 DEBUG 7503 --- [kground-preinit] o.apache.tomcat.util.IntrospectionUtils  : IntrospectionUtils: setProperty(class org.apache.tomcat.util.modeler.ParameterInfo name=name)
2019-12-06 11:18:40.822 DEBUG 7503 --- [kground-preinit] o.apache.tomcat.util.digester.Digester   : [SetPropertiesRule]{mbeans-descriptors/mbean/operation/parameter} Setting property 'description' to 'MBean Name of the component to be removed'
2019-12-06 11:18:40.822 DEBUG 7503 --- [kground-preinit] o.apache.tomcat.util.IntrospectionUtils  : IntrospectionUtils: setProperty(class org.apache.tomcat.util.modeler.ParameterInfo description=MBean Name of the component to be removed)
2019-12-06 11:18:40.822 DEBUG 7503 --- [kground-preinit] o.apache.tomcat.util.digester.Digester   : [SetPropertiesRule]{mbeans-descriptors/mbean/operation/parameter} Setting property 'type' to 'java.lang.String'
2019-12-06 11:18:40.822 DEBUG 7503 --- [kground-preinit] o.apache.tomcat.util.IntrospectionUtils  : IntrospectionUtils: setProperty(class org.apache.tomcat.util.modeler.ParameterInfo type=java.lang.String)
2019-12-06 11:18:40.822 DEBUG 7503 --- [kground-preinit] o.apache.tomcat.util.digester.Digester   :   Fire begin() for SetNextRule[methodName=addParameter, paramType=org.apache.tomcat.util.modeler.ParameterInfo]
2019-12-06 11:18:40.823 DEBUG 7503 --- [kground-preinit] o.a.tomcat.util.digester.Digester.sax    : endElement(,,parameter)
2019-12-06 11:18:40.823 DEBUG 7503 --- [kground-preinit] o.apache.tomcat.util.digester.Digester   :   match='mbeans-descriptors/mbean/operation/parameter'
2019-12-06 11:18:40.823 DEBUG 7503 --- [kground-preinit] o.apache.tomcat.util.digester.Digester   :   bodyText=''
2019-12-06 11:18:40.823 DEBUG 7503 --- [kground-preinit] o.apache.tomcat.util.digester.Digester   :   Fire body() for ObjectCreateRule[className=org.apache.tomcat.util.modeler.ParameterInfo, attributeName=null]
2019-12-06 11:18:40.823 DEBUG 7503 --- [kground-preinit] o.apache.tomcat.util.digester.Digester   :   Fire body() for SetPropertiesRule[]
2019-12-06 11:18:40.823 DEBUG 7503 --- [kground-preinit] o.apache.tomcat.util.digester.Digester   :   Fire body() for SetNextRule[methodName=addParameter, paramType=org.apache.tomcat.util.modeler.ParameterInfo]
2019-12-06 11:18:40.823 DEBUG 7503 --- [kground-preinit] o.apache.tomcat.util.digester.Digester   :   Fire end() for SetNextRule[methodName=addParameter, paramType=org.apache.tomcat.util.modeler.ParameterInfo]
2019-12-06 11:18:40.823 DEBUG 7503 --- [kground-preinit] o.apache.tomcat.util.digester.Digester   : [SetNextRule]{mbeans-descriptors/mbean/operation/parameter} Call org.apache.tomcat.util.modeler.OperationInfo.addParameter(org.apache.tomcat.util.modeler.ParameterInfo@302a3c4e)
2019-12-06 11:18:40.823 DEBUG 7503 --- [kground-preinit] o.apache.tomcat.util.IntrospectionUtils  : IntrospectionUtils: callMethod1 org.apache.tomcat.util.modeler.OperationInfo org.apache.tomcat.util.modeler.ParameterInfo org.apache.tomcat.util.modeler.ParameterInfo
2019-12-06 11:18:40.823 DEBUG 7503 --- [kground-preinit] o.apache.tomcat.util.digester.Digester   :   Fire end() for SetPropertiesRule[]
2019-12-06 11:18:40.823 DEBUG 7503 --- [kground-preinit] o.apache.tomcat.util.digester.Digester   :   Fire end() for ObjectCreateRule[className=org.apache.tomcat.util.modeler.ParameterInfo, attributeName=null]
2019-12-06 11:18:40.824 DEBUG 7503 --- [kground-preinit] o.apache.tomcat.util.digester.Digester   : [ObjectCreateRule]{mbeans-descriptors/mbean/operation/parameter} Pop org.apache.tomcat.util.modeler.ParameterInfo
2019-12-06 11:18:40.824 DEBUG 7503 --- [kground-preinit] o.a.tomcat.util.digester.Digester.sax    : characters(
    )
2019-12-06 11:18:40.824 DEBUG 7503 --- [kground-preinit] o.a.tomcat.util.digester.Digester.sax    : endElement(,,operation)
2019-12-06 11:18:40.824 DEBUG 7503 --- [kground-preinit] o.apache.tomcat.util.digester.Digester   :   match='mbeans-descriptors/mbean/operation'
2019-12-06 11:18:40.824 DEBUG 7503 --- [kground-preinit] o.apache.tomcat.util.digester.Digester   :   bodyText='
      
    '
2019-12-06 11:18:40.824 DEBUG 7503 --- [kground-preinit] o.apache.tomcat.util.digester.Digester   :   Fire body() for ObjectCreateRule[className=org.apache.tomcat.util.modeler.OperationInfo, attributeName=null]
2019-12-06 11:18:40.824 DEBUG 7503 --- [kground-preinit] o.apache.tomcat.util.digester.Digester   :   Fire body() for SetPropertiesRule[]
2019-12-06 11:18:40.824 DEBUG 7503 --- [kground-preinit] o.apache.tomcat.util.digester.Digester   :   Fire body() for SetNextRule[methodName=addOperation, paramType=org.apache.tomcat.util.modeler.OperationInfo]
2019-12-06 11:18:40.824 DEBUG 7503 --- [kground-preinit] o.apache.tomcat.util.digester.Digester   :   Fire end() for SetNextRule[methodName=addOperation, paramType=org.apache.tomcat.util.modeler.OperationInfo]
2019-12-06 11:18:40.824 DEBUG 7503 --- [kground-preinit] o.apache.tomcat.util.digester.Digester   : [SetNextRule]{mbeans-descriptors/mbean/operation} Call org.apache.tomcat.util.modeler.ManagedBean.addOperation(org.apache.tomcat.util.modeler.OperationInfo@6726ad46)
2019-12-06 11:18:40.824 DEBUG 7503 --- [kground-preinit] o.apache.tomcat.util.IntrospectionUtils  : IntrospectionUtils: callMethod1 org.apache.tomcat.util.modeler.ManagedBean org.apache.tomcat.util.modeler.OperationInfo org.apache.tomcat.util.modeler.OperationInfo
2019-12-06 11:18:40.825 DEBUG 7503 --- [kground-preinit] o.apache.tomcat.util.digester.Digester   :   Fire end() for SetPropertiesRule[]
2019-12-06 11:18:40.825 DEBUG 7503 --- [kground-preinit] o.apache.tomcat.util.digester.Digester   :   Fire end() for ObjectCreateRule[className=org.apache.tomcat.util.modeler.OperationInfo, attributeName=null]
2019-12-06 11:18:40.825 DEBUG 7503 --- [kground-preinit] o.apache.tomcat.util.digester.Digester   : [ObjectCreateRule]{mbeans-descriptors/mbean/operation} Pop org.apache.tomcat.util.modeler.OperationInfo
2019-12-06 11:18:40.825 DEBUG 7503 --- [kground-preinit] o.a.tomcat.util.digester.Digester.sax    : characters(

    )
2019-12-06 11:18:40.825 DEBUG 7503 --- [kground-preinit] o.a.tomcat.util.digester.Digester.sax    : startElement(,,operation)
2019-12-06 11:18:40.825 DEBUG 7503 --- [kground-preinit] o.apache.tomcat.util.digester.Digester   :   New match='mbeans-descriptors/mbean/operation'
2019-12-06 11:18:40.825 DEBUG 7503 --- [kground-preinit] o.apache.tomcat.util.digester.Digester   :   Fire begin() for ObjectCreateRule[className=org.apache.tomcat.util.modeler.OperationInfo, attributeName=null]
2019-12-06 11:18:40.825 DEBUG 7503 --- [kground-preinit] o.apache.tomcat.util.digester.Digester   :   Fire begin() for SetPropertiesRule[]
2019-12-06 11:18:40.825 DEBUG 7503 --- [kground-preinit] o.apache.tomcat.util.digester.Digester   : [SetPropertiesRule]{mbeans-descriptors/mbean/operation} Set org.apache.tomcat.util.modeler.OperationInfo properties
2019-12-06 11:18:40.826 DEBUG 7503 --- [kground-preinit] o.apache.tomcat.util.digester.Digester   : [SetPropertiesRule]{mbeans-descriptors/mbean/operation} Setting property 'name' to 'removeLoader'
2019-12-06 11:18:40.826 DEBUG 7503 --- [kground-preinit] o.apache.tomcat.util.IntrospectionUtils  : IntrospectionUtils: setProperty(class org.apache.tomcat.util.modeler.OperationInfo name=removeLoader)
2019-12-06 11:18:40.826 DEBUG 7503 --- [kground-preinit] o.apache.tomcat.util.digester.Digester   : [SetPropertiesRule]{mbeans-descriptors/mbean/operation} Setting property 'description' to 'Remove an existing Loader'
2019-12-06 11:18:40.826 DEBUG 7503 --- [kground-preinit] o.apache.tomcat.util.IntrospectionUtils  : IntrospectionUtils: setProperty(class org.apache.tomcat.util.modeler.OperationInfo description=Remove an existing Loader)
2019-12-06 11:18:40.826 DEBUG 7503 --- [kground-preinit] o.apache.tomcat.util.digester.Digester   : [SetPropertiesRule]{mbeans-descriptors/mbean/operation} Setting property 'impact' to 'ACTION'
2019-12-06 11:18:40.826 DEBUG 7503 --- [kground-preinit] o.apache.tomcat.util.IntrospectionUtils  : IntrospectionUtils: setProperty(class org.apache.tomcat.util.modeler.OperationInfo impact=ACTION)
2019-12-06 11:18:40.826 DEBUG 7503 --- [kground-preinit] o.apache.tomcat.util.digester.Digester   : [SetPropertiesRule]{mbeans-descriptors/mbean/operation} Setting property 'returnType' to 'void'
2019-12-06 11:18:40.826 DEBUG 7503 --- [kground-preinit] o.apache.tomcat.util.IntrospectionUtils  : IntrospectionUtils: setProperty(class org.apache.tomcat.util.modeler.OperationInfo returnType=void)
2019-12-06 11:18:40.826 DEBUG 7503 --- [kground-preinit] o.apache.tomcat.util.digester.Digester   :   Fire begin() for SetNextRule[methodName=addOperation, paramType=org.apache.tomcat.util.modeler.OperationInfo]
2019-12-06 11:18:40.826 DEBUG 7503 --- [kground-preinit] o.a.tomcat.util.digester.Digester.sax    : characters(
      )
2019-12-06 11:18:40.826 DEBUG 7503 --- [kground-preinit] o.a.tomcat.util.digester.Digester.sax    : startElement(,,parameter)
2019-12-06 11:18:40.826 DEBUG 7503 --- [kground-preinit] o.apache.tomcat.util.digester.Digester   :   New match='mbeans-descriptors/mbean/operation/parameter'
2019-12-06 11:18:40.826 DEBUG 7503 --- [kground-preinit] o.apache.tomcat.util.digester.Digester   :   Fire begin() for ObjectCreateRule[className=org.apache.tomcat.util.modeler.ParameterInfo, attributeName=null]
2019-12-06 11:18:40.826 DEBUG 7503 --- [kground-preinit] o.apache.tomcat.util.digester.Digester   :   Fire begin() for SetPropertiesRule[]
2019-12-06 11:18:40.826 DEBUG 7503 --- [kground-preinit] o.apache.tomcat.util.digester.Digester   : [SetPropertiesRule]{mbeans-descriptors/mbean/operation/parameter} Set org.apache.tomcat.util.modeler.ParameterInfo properties
2019-12-06 11:18:40.827 DEBUG 7503 --- [kground-preinit] o.apache.tomcat.util.digester.Digester   : [SetPropertiesRule]{mbeans-descriptors/mbean/operation/parameter} Setting property 'name' to 'name'
2019-12-06 11:18:40.827 DEBUG 7503 --- [kground-preinit] o.apache.tomcat.util.IntrospectionUtils  : IntrospectionUtils: setProperty(class org.apache.tomcat.util.modeler.ParameterInfo name=name)
2019-12-06 11:18:40.827 DEBUG 7503 --- [kground-preinit] o.apache.tomcat.util.digester.Digester   : [SetPropertiesRule]{mbeans-descriptors/mbean/operation/parameter} Setting property 'description' to 'MBean Name of the component to be removed'
2019-12-06 11:18:40.827 DEBUG 7503 --- [kground-preinit] o.apache.tomcat.util.IntrospectionUtils  : IntrospectionUtils: setProperty(class org.apache.tomcat.util.modeler.ParameterInfo description=MBean Name of the component to be removed)
2019-12-06 11:18:40.827 DEBUG 7503 --- [kground-preinit] o.apache.tomcat.util.digester.Digester   : [SetPropertiesRule]{mbeans-descriptors/mbean/operation/parameter} Setting property 'type' to 'java.lang.String'
2019-12-06 11:18:40.827 DEBUG 7503 --- [kground-preinit] o.apache.tomcat.util.IntrospectionUtils  : IntrospectionUtils: setProperty(class org.apache.tomcat.util.modeler.ParameterInfo type=java.lang.String)
2019-12-06 11:18:40.827 DEBUG 7503 --- [kground-preinit] o.apache.tomcat.util.digester.Digester   :   Fire begin() for SetNextRule[methodName=addParameter, paramType=org.apache.tomcat.util.modeler.ParameterInfo]
2019-12-06 11:18:40.827 DEBUG 7503 --- [kground-preinit] o.a.tomcat.util.digester.Digester.sax    : endElement(,,parameter)
2019-12-06 11:18:40.827 DEBUG 7503 --- [kground-preinit] o.apache.tomcat.util.digester.Digester   :   match='mbeans-descriptors/mbean/operation/parameter'
2019-12-06 11:18:40.827 DEBUG 7503 --- [kground-preinit] o.apache.tomcat.util.digester.Digester   :   bodyText=''
2019-12-06 11:18:40.827 DEBUG 7503 --- [kground-preinit] o.apache.tomcat.util.digester.Digester   :   Fire body() for ObjectCreateRule[className=org.apache.tomcat.util.modeler.ParameterInfo, attributeName=null]
2019-12-06 11:18:40.828 DEBUG 7503 --- [kground-preinit] o.apache.tomcat.util.digester.Digester   :   Fire body() for SetPropertiesRule[]
2019-12-06 11:18:40.828 DEBUG 7503 --- [kground-preinit] o.apache.tomcat.util.digester.Digester   :   Fire body() for SetNextRule[methodName=addParameter, paramType=org.apache.tomcat.util.modeler.ParameterInfo]
2019-12-06 11:18:40.828 DEBUG 7503 --- [kground-preinit] o.apache.tomcat.util.digester.Digester   :   Fire end() for SetNextRule[methodName=addParameter, paramType=org.apache.tomcat.util.modeler.ParameterInfo]
2019-12-06 11:18:40.828 DEBUG 7503 --- [kground-preinit] o.apache.tomcat.util.digester.Digester   : [SetNextRule]{mbeans-descriptors/mbean/operation/parameter} Call org.apache.tomcat.util.modeler.OperationInfo.addParameter(org.apache.tomcat.util.modeler.ParameterInfo@634cb23a)
2019-12-06 11:18:40.828 DEBUG 7503 --- [kground-preinit] o.apache.tomcat.util.IntrospectionUtils  : IntrospectionUtils: callMethod1 org.apache.tomcat.util.modeler.OperationInfo org.apache.tomcat.util.modeler.ParameterInfo org.apache.tomcat.util.modeler.ParameterInfo
2019-12-06 11:18:40.828 DEBUG 7503 --- [kground-preinit] o.apache.tomcat.util.digester.Digester   :   Fire end() for SetPropertiesRule[]
2019-12-06 11:18:40.828 DEBUG 7503 --- [kground-preinit] o.apache.tomcat.util.digester.Digester   :   Fire end() for ObjectCreateRule[className=org.apache.tomcat.util.modeler.ParameterInfo, attributeName=null]
2019-12-06 11:18:40.828 DEBUG 7503 --- [kground-preinit] o.apache.tomcat.util.digester.Digester   : [ObjectCreateRule]{mbeans-descriptors/mbean/operation/parameter} Pop org.apache.tomcat.util.modeler.ParameterInfo
2019-12-06 11:18:40.828 DEBUG 7503 --- [kground-preinit] o.a.tomcat.util.digester.Digester.sax    : characters(
    )
2019-12-06 11:18:40.828 DEBUG 7503 --- [kground-preinit] o.a.tomcat.util.digester.Digester.sax    : endElement(,,operation)
2019-12-06 11:18:40.828 DEBUG 7503 --- [kground-preinit] o.apache.tomcat.util.digester.Digester   :   match='mbeans-descriptors/mbean/operation'
2019-12-06 11:18:40.829 DEBUG 7503 --- [kground-preinit] o.apache.tomcat.util.digester.Digester   :   bodyText='
      
    '
2019-12-06 11:18:40.829 DEBUG 7503 --- [kground-preinit] o.apache.tomcat.util.digester.Digester   :   Fire body() for ObjectCreateRule[className=org.apache.tomcat.util.modeler.OperationInfo, attributeName=null]
2019-12-06 11:18:40.829 DEBUG 7503 --- [kground-preinit] o.apache.tomcat.util.digester.Digester   :   Fire body() for SetPropertiesRule[]
2019-12-06 11:18:40.829 DEBUG 7503 --- [kground-preinit] o.apache.tomcat.util.digester.Digester   :   Fire body() for SetNextRule[methodName=addOperation, paramType=org.apache.tomcat.util.modeler.OperationInfo]
2019-12-06 11:18:40.829 DEBUG 7503 --- [kground-preinit] o.apache.tomcat.util.digester.Digester   :   Fire end() for SetNextRule[methodName=addOperation, paramType=org.apache.tomcat.util.modeler.OperationInfo]
2019-12-06 11:18:40.829 DEBUG 7503 --- [kground-preinit] o.apache.tomcat.util.digester.Digester   : [SetNextRule]{mbeans-descriptors/mbean/operation} Call org.apache.tomcat.util.modeler.ManagedBean.addOperation(org.apache.tomcat.util.modeler.OperationInfo@41cc5c4a)
2019-12-06 11:18:40.829 DEBUG 7503 --- [kground-preinit] o.apache.tomcat.util.IntrospectionUtils  : IntrospectionUtils: callMethod1 org.apache.tomcat.util.modeler.ManagedBean org.apache.tomcat.util.modeler.OperationInfo org.apache.tomcat.util.modeler.OperationInfo
2019-12-06 11:18:40.829 DEBUG 7503 --- [kground-preinit] o.apache.tomcat.util.digester.Digester   :   Fire end() for SetPropertiesRule[]
2019-12-06 11:18:40.829 DEBUG 7503 --- [kground-preinit] o.apache.tomcat.util.digester.Digester   :   Fire end() for ObjectCreateRule[className=org.apache.tomcat.util.modeler.OperationInfo, attributeName=null]
2019-12-06 11:18:40.829 DEBUG 7503 --- [kground-preinit] o.apache.tomcat.util.digester.Digester   : [ObjectCreateRule]{mbeans-descriptors/mbean/operation} Pop org.apache.tomcat.util.modeler.OperationInfo
2019-12-06 11:18:40.830 DEBUG 7503 --- [kground-preinit] o.a.tomcat.util.digester.Digester.sax    : characters(

    )
2019-12-06 11:18:40.830 DEBUG 7503 --- [kground-preinit] o.a.tomcat.util.digester.Digester.sax    : startElement(,,operation)
2019-12-06 11:18:40.830 DEBUG 7503 --- [kground-preinit] o.apache.tomcat.util.digester.Digester   :   New match='mbeans-descriptors/mbean/operation'
2019-12-06 11:18:40.830 DEBUG 7503 --- [kground-preinit] o.apache.tomcat.util.digester.Digester   :   Fire begin() for ObjectCreateRule[className=org.apache.tomcat.util.modeler.OperationInfo, attributeName=null]
2019-12-06 11:18:40.830 DEBUG 7503 --- [kground-preinit] o.apache.tomcat.util.digester.Digester   :   Fire begin() for SetPropertiesRule[]
2019-12-06 11:18:40.830 DEBUG 7503 --- [kground-preinit] o.apache.tomcat.util.digester.Digester   : [SetPropertiesRule]{mbeans-descriptors/mbean/operation} Set org.apache.tomcat.util.modeler.OperationInfo properties
2019-12-06 11:18:40.830 DEBUG 7503 --- [kground-preinit] o.apache.tomcat.util.digester.Digester   : [SetPropertiesRule]{mbeans-descriptors/mbean/operation} Setting property 'name' to 'removeManager'
2019-12-06 11:18:40.830 DEBUG 7503 --- [kground-preinit] o.apache.tomcat.util.IntrospectionUtils  : IntrospectionUtils: setProperty(class org.apache.tomcat.util.modeler.OperationInfo name=removeManager)
2019-12-06 11:18:40.830 DEBUG 7503 --- [kground-preinit] o.apache.tomcat.util.digester.Digester   : [SetPropertiesRule]{mbeans-descriptors/mbean/operation} Setting property 'description' to 'Remove an existing Manager'
2019-12-06 11:18:40.830 DEBUG 7503 --- [kground-preinit] o.apache.tomcat.util.IntrospectionUtils  : IntrospectionUtils: setProperty(class org.apache.tomcat.util.modeler.OperationInfo description=Remove an existing Manager)
2019-12-06 11:18:40.831 DEBUG 7503 --- [kground-preinit] o.apache.tomcat.util.digester.Digester   : [SetPropertiesRule]{mbeans-descriptors/mbean/operation} Setting property 'impact' to 'ACTION'
2019-12-06 11:18:40.831 DEBUG 7503 --- [kground-preinit] o.apache.tomcat.util.IntrospectionUtils  : IntrospectionUtils: setProperty(class org.apache.tomcat.util.modeler.OperationInfo impact=ACTION)
2019-12-06 11:18:40.831 DEBUG 7503 --- [kground-preinit] o.apache.tomcat.util.digester.Digester   : [SetPropertiesRule]{mbeans-descriptors/mbean/operation} Setting property 'returnType' to 'void'
2019-12-06 11:18:40.831 DEBUG 7503 --- [kground-preinit] o.apache.tomcat.util.IntrospectionUtils  : IntrospectionUtils: setProperty(class org.apache.tomcat.util.modeler.OperationInfo returnType=void)
2019-12-06 11:18:40.831 DEBUG 7503 --- [kground-preinit] o.apache.tomcat.util.digester.Digester   :   Fire begin() for SetNextRule[methodName=addOperation, paramType=org.apache.tomcat.util.modeler.OperationInfo]
2019-12-06 11:18:40.831 DEBUG 7503 --- [kground-preinit] o.a.tomcat.util.digester.Digester.sax    : characters(
      )
2019-12-06 11:18:40.831 DEBUG 7503 --- [kground-preinit] o.a.tomcat.util.digester.Digester.sax    : startElement(,,parameter)
2019-12-06 11:18:40.831 DEBUG 7503 --- [kground-preinit] o.apache.tomcat.util.digester.Digester   :   New match='mbeans-descriptors/mbean/operation/parameter'
2019-12-06 11:18:40.832 DEBUG 7503 --- [kground-preinit] o.apache.tomcat.util.digester.Digester   :   Fire begin() for ObjectCreateRule[className=org.apache.tomcat.util.modeler.ParameterInfo, attributeName=null]
2019-12-06 11:18:40.832 DEBUG 7503 --- [kground-preinit] o.apache.tomcat.util.digester.Digester   :   Fire begin() for SetPropertiesRule[]
2019-12-06 11:18:40.832 DEBUG 7503 --- [kground-preinit] o.apache.tomcat.util.digester.Digester   : [SetPropertiesRule]{mbeans-descriptors/mbean/operation/parameter} Set org.apache.tomcat.util.modeler.ParameterInfo properties
2019-12-06 11:18:40.832 DEBUG 7503 --- [kground-preinit] o.apache.tomcat.util.digester.Digester   : [SetPropertiesRule]{mbeans-descriptors/mbean/operation/parameter} Setting property 'name' to 'name'
2019-12-06 11:18:40.832 DEBUG 7503 --- [kground-preinit] o.apache.tomcat.util.IntrospectionUtils  : IntrospectionUtils: setProperty(class org.apache.tomcat.util.modeler.ParameterInfo name=name)
2019-12-06 11:18:40.832 DEBUG 7503 --- [kground-preinit] o.apache.tomcat.util.digester.Digester   : [SetPropertiesRule]{mbeans-descriptors/mbean/operation/parameter} Setting property 'description' to 'MBean Name of the component to be removed'
2019-12-06 11:18:40.832 DEBUG 7503 --- [kground-preinit] o.apache.tomcat.util.IntrospectionUtils  : IntrospectionUtils: setProperty(class org.apache.tomcat.util.modeler.ParameterInfo description=MBean Name of the component to be removed)
2019-12-06 11:18:40.832 DEBUG 7503 --- [kground-preinit] o.apache.tomcat.util.digester.Digester   : [SetPropertiesRule]{mbeans-descriptors/mbean/operation/parameter} Setting property 'type' to 'java.lang.String'
2019-12-06 11:18:40.832 DEBUG 7503 --- [kground-preinit] o.apache.tomcat.util.IntrospectionUtils  : IntrospectionUtils: setProperty(class org.apache.tomcat.util.modeler.ParameterInfo type=java.lang.String)
2019-12-06 11:18:40.832 DEBUG 7503 --- [kground-preinit] o.apache.tomcat.util.digester.Digester   :   Fire begin() for SetNextRule[methodName=addParameter, paramType=org.apache.tomcat.util.modeler.ParameterInfo]
2019-12-06 11:18:40.832 DEBUG 7503 --- [kground-preinit] o.a.tomcat.util.digester.Digester.sax    : endElement(,,parameter)
2019-12-06 11:18:40.833 DEBUG 7503 --- [kground-preinit] o.apache.tomcat.util.digester.Digester   :   match='mbeans-descriptors/mbean/operation/parameter'
2019-12-06 11:18:40.833 DEBUG 7503 --- [kground-preinit] o.apache.tomcat.util.digester.Digester   :   bodyText=''
2019-12-06 11:18:40.833 DEBUG 7503 --- [kground-preinit] o.apache.tomcat.util.digester.Digester   :   Fire body() for ObjectCreateRule[className=org.apache.tomcat.util.modeler.ParameterInfo, attributeName=null]
2019-12-06 11:18:40.833 DEBUG 7503 --- [kground-preinit] o.apache.tomcat.util.digester.Digester   :   Fire body() for SetPropertiesRule[]
2019-12-06 11:18:40.833 DEBUG 7503 --- [kground-preinit] o.apache.tomcat.util.digester.Digester   :   Fire body() for SetNextRule[methodName=addParameter, paramType=org.apache.tomcat.util.modeler.ParameterInfo]
2019-12-06 11:18:40.833 DEBUG 7503 --- [kground-preinit] o.apache.tomcat.util.digester.Digester   :   Fire end() for SetNextRule[methodName=addParameter, paramType=org.apache.tomcat.util.modeler.ParameterInfo]
2019-12-06 11:18:40.833 DEBUG 7503 --- [kground-preinit] o.apache.tomcat.util.digester.Digester   : [SetNextRule]{mbeans-descriptors/mbean/operation/parameter} Call org.apache.tomcat.util.modeler.OperationInfo.addParameter(org.apache.tomcat.util.modeler.ParameterInfo@20e5d071)
2019-12-06 11:18:40.833 DEBUG 7503 --- [kground-preinit] o.apache.tomcat.util.IntrospectionUtils  : IntrospectionUtils: callMethod1 org.apache.tomcat.util.modeler.OperationInfo org.apache.tomcat.util.modeler.ParameterInfo org.apache.tomcat.util.modeler.ParameterInfo
2019-12-06 11:18:40.833 DEBUG 7503 --- [kground-preinit] o.apache.tomcat.util.digester.Digester   :   Fire end() for SetPropertiesRule[]
2019-12-06 11:18:40.833 DEBUG 7503 --- [kground-preinit] o.apache.tomcat.util.digester.Digester   :   Fire end() for ObjectCreateRule[className=org.apache.tomcat.util.modeler.ParameterInfo, attributeName=null]
2019-12-06 11:18:40.833 DEBUG 7503 --- [kground-preinit] o.apache.tomcat.util.digester.Digester   : [ObjectCreateRule]{mbeans-descriptors/mbean/operation/parameter} Pop org.apache.tomcat.util.modeler.ParameterInfo
2019-12-06 11:18:40.833 DEBUG 7503 --- [kground-preinit] o.a.tomcat.util.digester.Digester.sax    : characters(
    )
2019-12-06 11:18:40.833 DEBUG 7503 --- [kground-preinit] o.a.tomcat.util.digester.Digester.sax    : endElement(,,operation)
2019-12-06 11:18:40.834 DEBUG 7503 --- [kground-preinit] o.apache.tomcat.util.digester.Digester   :   match='mbeans-descriptors/mbean/operation'
2019-12-06 11:18:40.834 DEBUG 7503 --- [kground-preinit] o.apache.tomcat.util.digester.Digester   :   bodyText='
      
    '
2019-12-06 11:18:40.834 DEBUG 7503 --- [kground-preinit] o.apache.tomcat.util.digester.Digester   :   Fire body() for ObjectCreateRule[className=org.apache.tomcat.util.modeler.OperationInfo, attributeName=null]
2019-12-06 11:18:40.834 DEBUG 7503 --- [kground-preinit] o.apache.tomcat.util.digester.Digester   :   Fire body() for SetPropertiesRule[]
2019-12-06 11:18:40.834 DEBUG 7503 --- [kground-preinit] o.apache.tomcat.util.digester.Digester   :   Fire body() for SetNextRule[methodName=addOperation, paramType=org.apache.tomcat.util.modeler.OperationInfo]
2019-12-06 11:18:40.834 DEBUG 7503 --- [kground-preinit] o.apache.tomcat.util.digester.Digester   :   Fire end() for SetNextRule[methodName=addOperation, paramType=org.apache.tomcat.util.modeler.OperationInfo]
2019-12-06 11:18:40.834 DEBUG 7503 --- [kground-preinit] o.apache.tomcat.util.digester.Digester   : [SetNextRule]{mbeans-descriptors/mbean/operation} Call org.apache.tomcat.util.modeler.ManagedBean.addOperation(org.apache.tomcat.util.modeler.OperationInfo@72fb15b6)
2019-12-06 11:18:40.834 DEBUG 7503 --- [kground-preinit] o.apache.tomcat.util.IntrospectionUtils  : IntrospectionUtils: callMethod1 org.apache.tomcat.util.modeler.ManagedBean org.apache.tomcat.util.modeler.OperationInfo org.apache.tomcat.util.modeler.OperationInfo
2019-12-06 11:18:40.834 DEBUG 7503 --- [kground-preinit] o.apache.tomcat.util.digester.Digester   :   Fire end() for SetPropertiesRule[]
2019-12-06 11:18:40.834 DEBUG 7503 --- [kground-preinit] o.apache.tomcat.util.digester.Digester   :   Fire end() for ObjectCreateRule[className=org.apache.tomcat.util.modeler.OperationInfo, attributeName=null]
2019-12-06 11:18:40.834 DEBUG 7503 --- [kground-preinit] o.apache.tomcat.util.digester.Digester   : [ObjectCreateRule]{mbeans-descriptors/mbean/operation} Pop org.apache.tomcat.util.modeler.OperationInfo
2019-12-06 11:18:40.835 DEBUG 7503 --- [kground-preinit] o.a.tomcat.util.digester.Digester.sax    : characters(

    )
2019-12-06 11:18:40.835 DEBUG 7503 --- [kground-preinit] o.a.tomcat.util.digester.Digester.sax    : startElement(,,operation)
2019-12-06 11:18:40.835 DEBUG 7503 --- [kground-preinit] o.apache.tomcat.util.digester.Digester   :   New match='mbeans-descriptors/mbean/operation'
2019-12-06 11:18:40.835 DEBUG 7503 --- [kground-preinit] o.apache.tomcat.util.digester.Digester   :   Fire begin() for ObjectCreateRule[className=org.apache.tomcat.util.modeler.OperationInfo, attributeName=null]
2019-12-06 11:18:40.835 DEBUG 7503 --- [kground-preinit] o.apache.tomcat.util.digester.Digester   :   Fire begin() for SetPropertiesRule[]
2019-12-06 11:18:40.835 DEBUG 7503 --- [kground-preinit] o.apache.tomcat.util.digester.Digester   : [SetPropertiesRule]{mbeans-descriptors/mbean/operation} Set org.apache.tomcat.util.modeler.OperationInfo properties
2019-12-06 11:18:40.835 DEBUG 7503 --- [kground-preinit] o.apache.tomcat.util.digester.Digester   : [SetPropertiesRule]{mbeans-descriptors/mbean/operation} Setting property 'name' to 'removeRealm'
2019-12-06 11:18:40.835 DEBUG 7503 --- [kground-preinit] o.apache.tomcat.util.IntrospectionUtils  : IntrospectionUtils: setProperty(class org.apache.tomcat.util.modeler.OperationInfo name=removeRealm)
2019-12-06 11:18:40.835 DEBUG 7503 --- [kground-preinit] o.apache.tomcat.util.digester.Digester   : [SetPropertiesRule]{mbeans-descriptors/mbean/operation} Setting property 'description' to 'Remove an existing Realm'
2019-12-06 11:18:40.836 DEBUG 7503 --- [kground-preinit] o.apache.tomcat.util.IntrospectionUtils  : IntrospectionUtils: setProperty(class org.apache.tomcat.util.modeler.OperationInfo description=Remove an existing Realm)
2019-12-06 11:18:40.836 DEBUG 7503 --- [kground-preinit] o.apache.tomcat.util.digester.Digester   : [SetPropertiesRule]{mbeans-descriptors/mbean/operation} Setting property 'impact' to 'ACTION'
2019-12-06 11:18:40.836 DEBUG 7503 --- [kground-preinit] o.apache.tomcat.util.IntrospectionUtils  : IntrospectionUtils: setProperty(class org.apache.tomcat.util.modeler.OperationInfo impact=ACTION)
2019-12-06 11:18:40.836 DEBUG 7503 --- [kground-preinit] o.apache.tomcat.util.digester.Digester   : [SetPropertiesRule]{mbeans-descriptors/mbean/operation} Setting property 'returnType' to 'void'
2019-12-06 11:18:40.836 DEBUG 7503 --- [kground-preinit] o.apache.tomcat.util.IntrospectionUtils  : IntrospectionUtils: setProperty(class org.apache.tomcat.util.modeler.OperationInfo returnType=void)
2019-12-06 11:18:40.836 DEBUG 7503 --- [kground-preinit] o.apache.tomcat.util.digester.Digester   :   Fire begin() for SetNextRule[methodName=addOperation, paramType=org.apache.tomcat.util.modeler.OperationInfo]
2019-12-06 11:18:40.836 DEBUG 7503 --- [kground-preinit] o.a.tomcat.util.digester.Digester.sax    : characters(
      )
2019-12-06 11:18:40.836 DEBUG 7503 --- [kground-preinit] o.a.tomcat.util.digester.Digester.sax    : startElement(,,parameter)
2019-12-06 11:18:40.836 DEBUG 7503 --- [kground-preinit] o.apache.tomcat.util.digester.Digester   :   New match='mbeans-descriptors/mbean/operation/parameter'
2019-12-06 11:18:40.836 DEBUG 7503 --- [kground-preinit] o.apache.tomcat.util.digester.Digester   :   Fire begin() for ObjectCreateRule[className=org.apache.tomcat.util.modeler.ParameterInfo, attributeName=null]
2019-12-06 11:18:40.837 DEBUG 7503 --- [kground-preinit] o.apache.tomcat.util.digester.Digester   :   Fire begin() for SetPropertiesRule[]
2019-12-06 11:18:40.837 DEBUG 7503 --- [kground-preinit] o.apache.tomcat.util.digester.Digester   : [SetPropertiesRule]{mbeans-descriptors/mbean/operation/parameter} Set org.apache.tomcat.util.modeler.ParameterInfo properties
2019-12-06 11:18:40.837 DEBUG 7503 --- [kground-preinit] o.apache.tomcat.util.digester.Digester   : [SetPropertiesRule]{mbeans-descriptors/mbean/operation/parameter} Setting property 'name' to 'name'
2019-12-06 11:18:40.837 DEBUG 7503 --- [kground-preinit] o.apache.tomcat.util.IntrospectionUtils  : IntrospectionUtils: setProperty(class org.apache.tomcat.util.modeler.ParameterInfo name=name)
2019-12-06 11:18:40.837 DEBUG 7503 --- [kground-preinit] o.apache.tomcat.util.digester.Digester   : [SetPropertiesRule]{mbeans-descriptors/mbean/operation/parameter} Setting property 'description' to 'MBean Name of the component to be removed'
2019-12-06 11:18:40.837 DEBUG 7503 --- [kground-preinit] o.apache.tomcat.util.IntrospectionUtils  : IntrospectionUtils: setProperty(class org.apache.tomcat.util.modeler.ParameterInfo description=MBean Name of the component to be removed)
2019-12-06 11:18:40.837 DEBUG 7503 --- [kground-preinit] o.apache.tomcat.util.digester.Digester   : [SetPropertiesRule]{mbeans-descriptors/mbean/operation/parameter} Setting property 'type' to 'java.lang.String'
2019-12-06 11:18:40.837 DEBUG 7503 --- [kground-preinit] o.apache.tomcat.util.IntrospectionUtils  : IntrospectionUtils: setProperty(class org.apache.tomcat.util.modeler.ParameterInfo type=java.lang.String)
2019-12-06 11:18:40.837 DEBUG 7503 --- [kground-preinit] o.apache.tomcat.util.digester.Digester   :   Fire begin() for SetNextRule[methodName=addParameter, paramType=org.apache.tomcat.util.modeler.ParameterInfo]
2019-12-06 11:18:40.837 DEBUG 7503 --- [kground-preinit] o.a.tomcat.util.digester.Digester.sax    : endElement(,,parameter)
2019-12-06 11:18:40.837 DEBUG 7503 --- [kground-preinit] o.apache.tomcat.util.digester.Digester   :   match='mbeans-descriptors/mbean/operation/parameter'
2019-12-06 11:18:40.837 DEBUG 7503 --- [kground-preinit] o.apache.tomcat.util.digester.Digester   :   bodyText=''
2019-12-06 11:18:40.838 DEBUG 7503 --- [kground-preinit] o.apache.tomcat.util.digester.Digester   :   Fire body() for ObjectCreateRule[className=org.apache.tomcat.util.modeler.ParameterInfo, attributeName=null]
2019-12-06 11:18:40.838 DEBUG 7503 --- [kground-preinit] o.apache.tomcat.util.digester.Digester   :   Fire body() for SetPropertiesRule[]
2019-12-06 11:18:40.838 DEBUG 7503 --- [kground-preinit] o.apache.tomcat.util.digester.Digester   :   Fire body() for SetNextRule[methodName=addParameter, paramType=org.apache.tomcat.util.modeler.ParameterInfo]
2019-12-06 11:18:40.838 DEBUG 7503 --- [kground-preinit] o.apache.tomcat.util.digester.Digester   :   Fire end() for SetNextRule[methodName=addParameter, paramType=org.apache.tomcat.util.modeler.ParameterInfo]
2019-12-06 11:18:40.838 DEBUG 7503 --- [kground-preinit] o.apache.tomcat.util.digester.Digester   : [SetNextRule]{mbeans-descriptors/mbean/operation/parameter} Call org.apache.tomcat.util.modeler.OperationInfo.addParameter(org.apache.tomcat.util.modeler.ParameterInfo@74a0b4b1)
2019-12-06 11:18:40.838 DEBUG 7503 --- [kground-preinit] o.apache.tomcat.util.IntrospectionUtils  : IntrospectionUtils: callMethod1 org.apache.tomcat.util.modeler.OperationInfo org.apache.tomcat.util.modeler.ParameterInfo org.apache.tomcat.util.modeler.ParameterInfo
2019-12-06 11:18:40.838 DEBUG 7503 --- [kground-preinit] o.apache.tomcat.util.digester.Digester   :   Fire end() for SetPropertiesRule[]
2019-12-06 11:18:40.838 DEBUG 7503 --- [kground-preinit] o.apache.tomcat.util.digester.Digester   :   Fire end() for ObjectCreateRule[className=org.apache.tomcat.util.modeler.ParameterInfo, attributeName=null]
2019-12-06 11:18:40.838 DEBUG 7503 --- [kground-preinit] o.apache.tomcat.util.digester.Digester   : [ObjectCreateRule]{mbeans-descriptors/mbean/operation/parameter} Pop org.apache.tomcat.util.modeler.ParameterInfo
2019-12-06 11:18:40.838 DEBUG 7503 --- [kground-preinit] o.a.tomcat.util.digester.Digester.sax    : characters(
    )
2019-12-06 11:18:40.839 DEBUG 7503 --- [kground-preinit] o.a.tomcat.util.digester.Digester.sax    : endElement(,,operation)
2019-12-06 11:18:40.839 DEBUG 7503 --- [kground-preinit] o.apache.tomcat.util.digester.Digester   :   match='mbeans-descriptors/mbean/operation'
2019-12-06 11:18:40.839 DEBUG 7503 --- [kground-preinit] o.apache.tomcat.util.digester.Digester   :   bodyText='
      
    '
2019-12-06 11:18:40.839 DEBUG 7503 --- [kground-preinit] o.apache.tomcat.util.digester.Digester   :   Fire body() for ObjectCreateRule[className=org.apache.tomcat.util.modeler.OperationInfo, attributeName=null]
2019-12-06 11:18:40.839 DEBUG 7503 --- [kground-preinit] o.apache.tomcat.util.digester.Digester   :   Fire body() for SetPropertiesRule[]
2019-12-06 11:18:40.839 DEBUG 7503 --- [kground-preinit] o.apache.tomcat.util.digester.Digester   :   Fire body() for SetNextRule[methodName=addOperation, paramType=org.apache.tomcat.util.modeler.OperationInfo]
2019-12-06 11:18:40.839 DEBUG 7503 --- [kground-preinit] o.apache.tomcat.util.digester.Digester   :   Fire end() for SetNextRule[methodName=addOperation, paramType=org.apache.tomcat.util.modeler.OperationInfo]
2019-12-06 11:18:40.839 DEBUG 7503 --- [kground-preinit] o.apache.tomcat.util.digester.Digester   : [SetNextRule]{mbeans-descriptors/mbean/operation} Call org.apache.tomcat.util.modeler.ManagedBean.addOperation(org.apache.tomcat.util.modeler.OperationInfo@57ad9863)
2019-12-06 11:18:40.839 DEBUG 7503 --- [kground-preinit] o.apache.tomcat.util.IntrospectionUtils  : IntrospectionUtils: callMethod1 org.apache.tomcat.util.modeler.ManagedBean org.apache.tomcat.util.modeler.OperationInfo org.apache.tomcat.util.modeler.OperationInfo
2019-12-06 11:18:40.839 DEBUG 7503 --- [kground-preinit] o.apache.tomcat.util.digester.Digester   :   Fire end() for SetPropertiesRule[]
2019-12-06 11:18:40.840 DEBUG 7503 --- [kground-preinit] o.apache.tomcat.util.digester.Digester   :   Fire end() for ObjectCreateRule[className=org.apache.tomcat.util.modeler.OperationInfo, attributeName=null]
2019-12-06 11:18:40.840 DEBUG 7503 --- [kground-preinit] o.apache.tomcat.util.digester.Digester   : [ObjectCreateRule]{mbeans-descriptors/mbean/operation} Pop org.apache.tomcat.util.modeler.OperationInfo
2019-12-06 11:18:40.840 DEBUG 7503 --- [kground-preinit] o.a.tomcat.util.digester.Digester.sax    : characters(

    )
2019-12-06 11:18:40.840 DEBUG 7503 --- [kground-preinit] o.a.tomcat.util.digester.Digester.sax    : startElement(,,operation)
2019-12-06 11:18:40.840 DEBUG 7503 --- [kground-preinit] o.apache.tomcat.util.digester.Digester   :   New match='mbeans-descriptors/mbean/operation'
2019-12-06 11:18:40.840 DEBUG 7503 --- [kground-preinit] o.apache.tomcat.util.digester.Digester   :   Fire begin() for ObjectCreateRule[className=org.apache.tomcat.util.modeler.OperationInfo, attributeName=null]
2019-12-06 11:18:40.840 DEBUG 7503 --- [kground-preinit] o.apache.tomcat.util.digester.Digester   :   Fire begin() for SetPropertiesRule[]
2019-12-06 11:18:40.840 DEBUG 7503 --- [kground-preinit] o.apache.tomcat.util.digester.Digester   : [SetPropertiesRule]{mbeans-descriptors/mbean/operation} Set org.apache.tomcat.util.modeler.OperationInfo properties
2019-12-06 11:18:40.840 DEBUG 7503 --- [kground-preinit] o.apache.tomcat.util.digester.Digester   : [SetPropertiesRule]{mbeans-descriptors/mbean/operation} Setting property 'name' to 'removeService'
2019-12-06 11:18:40.840 DEBUG 7503 --- [kground-preinit] o.apache.tomcat.util.IntrospectionUtils  : IntrospectionUtils: setProperty(class org.apache.tomcat.util.modeler.OperationInfo name=removeService)
2019-12-06 11:18:40.841 DEBUG 7503 --- [kground-preinit] o.apache.tomcat.util.digester.Digester   : [SetPropertiesRule]{mbeans-descriptors/mbean/operation} Setting property 'description' to 'Remove an existing Service'
2019-12-06 11:18:40.841 DEBUG 7503 --- [kground-preinit] o.apache.tomcat.util.IntrospectionUtils  : IntrospectionUtils: setProperty(class org.apache.tomcat.util.modeler.OperationInfo description=Remove an existing Service)
2019-12-06 11:18:40.841 DEBUG 7503 --- [kground-preinit] o.apache.tomcat.util.digester.Digester   : [SetPropertiesRule]{mbeans-descriptors/mbean/operation} Setting property 'impact' to 'ACTION'
2019-12-06 11:18:40.841 DEBUG 7503 --- [kground-preinit] o.apache.tomcat.util.IntrospectionUtils  : IntrospectionUtils: setProperty(class org.apache.tomcat.util.modeler.OperationInfo impact=ACTION)
2019-12-06 11:18:40.841 DEBUG 7503 --- [kground-preinit] o.apache.tomcat.util.digester.Digester   : [SetPropertiesRule]{mbeans-descriptors/mbean/operation} Setting property 'returnType' to 'void'
2019-12-06 11:18:40.841 DEBUG 7503 --- [kground-preinit] o.apache.tomcat.util.IntrospectionUtils  : IntrospectionUtils: setProperty(class org.apache.tomcat.util.modeler.OperationInfo returnType=void)
2019-12-06 11:18:40.841 DEBUG 7503 --- [kground-preinit] o.apache.tomcat.util.digester.Digester   :   Fire begin() for SetNextRule[methodName=addOperation, paramType=org.apache.tomcat.util.modeler.OperationInfo]
2019-12-06 11:18:40.841 DEBUG 7503 --- [kground-preinit] o.a.tomcat.util.digester.Digester.sax    : characters(
      )
2019-12-06 11:18:40.841 DEBUG 7503 --- [kground-preinit] o.a.tomcat.util.digester.Digester.sax    : startElement(,,parameter)
2019-12-06 11:18:40.842 DEBUG 7503 --- [kground-preinit] o.apache.tomcat.util.digester.Digester   :   New match='mbeans-descriptors/mbean/operation/parameter'
2019-12-06 11:18:40.842 DEBUG 7503 --- [kground-preinit] o.apache.tomcat.util.digester.Digester   :   Fire begin() for ObjectCreateRule[className=org.apache.tomcat.util.modeler.ParameterInfo, attributeName=null]
2019-12-06 11:18:40.842 DEBUG 7503 --- [kground-preinit] o.apache.tomcat.util.digester.Digester   :   Fire begin() for SetPropertiesRule[]
2019-12-06 11:18:40.842 DEBUG 7503 --- [kground-preinit] o.apache.tomcat.util.digester.Digester   : [SetPropertiesRule]{mbeans-descriptors/mbean/operation/parameter} Set org.apache.tomcat.util.modeler.ParameterInfo properties
2019-12-06 11:18:40.842 DEBUG 7503 --- [kground-preinit] o.apache.tomcat.util.digester.Digester   : [SetPropertiesRule]{mbeans-descriptors/mbean/operation/parameter} Setting property 'name' to 'name'
2019-12-06 11:18:40.842 DEBUG 7503 --- [kground-preinit] o.apache.tomcat.util.IntrospectionUtils  : IntrospectionUtils: setProperty(class org.apache.tomcat.util.modeler.ParameterInfo name=name)
2019-12-06 11:18:40.842 DEBUG 7503 --- [kground-preinit] o.apache.tomcat.util.digester.Digester   : [SetPropertiesRule]{mbeans-descriptors/mbean/operation/parameter} Setting property 'description' to 'MBean Name of the component to be removed'
2019-12-06 11:18:40.842 DEBUG 7503 --- [kground-preinit] o.apache.tomcat.util.IntrospectionUtils  : IntrospectionUtils: setProperty(class org.apache.tomcat.util.modeler.ParameterInfo description=MBean Name of the component to be removed)
2019-12-06 11:18:40.842 DEBUG 7503 --- [kground-preinit] o.apache.tomcat.util.digester.Digester   : [SetPropertiesRule]{mbeans-descriptors/mbean/operation/parameter} Setting property 'type' to 'java.lang.String'
2019-12-06 11:18:40.843 DEBUG 7503 --- [kground-preinit] o.apache.tomcat.util.IntrospectionUtils  : IntrospectionUtils: setProperty(class org.apache.tomcat.util.modeler.ParameterInfo type=java.lang.String)
2019-12-06 11:18:40.843 DEBUG 7503 --- [kground-preinit] o.apache.tomcat.util.digester.Digester   :   Fire begin() for SetNextRule[methodName=addParameter, paramType=org.apache.tomcat.util.modeler.ParameterInfo]
2019-12-06 11:18:40.843 DEBUG 7503 --- [kground-preinit] o.a.tomcat.util.digester.Digester.sax    : endElement(,,parameter)
2019-12-06 11:18:40.843 DEBUG 7503 --- [kground-preinit] o.apache.tomcat.util.digester.Digester   :   match='mbeans-descriptors/mbean/operation/parameter'
2019-12-06 11:18:40.843 DEBUG 7503 --- [kground-preinit] o.apache.tomcat.util.digester.Digester   :   bodyText=''
2019-12-06 11:18:40.843 DEBUG 7503 --- [kground-preinit] o.apache.tomcat.util.digester.Digester   :   Fire body() for ObjectCreateRule[className=org.apache.tomcat.util.modeler.ParameterInfo, attributeName=null]
2019-12-06 11:18:40.843 DEBUG 7503 --- [kground-preinit] o.apache.tomcat.util.digester.Digester   :   Fire body() for SetPropertiesRule[]
2019-12-06 11:18:40.843 DEBUG 7503 --- [kground-preinit] o.apache.tomcat.util.digester.Digester   :   Fire body() for SetNextRule[methodName=addParameter, paramType=org.apache.tomcat.util.modeler.ParameterInfo]
2019-12-06 11:18:40.843 DEBUG 7503 --- [kground-preinit] o.apache.tomcat.util.digester.Digester   :   Fire end() for SetNextRule[methodName=addParameter, paramType=org.apache.tomcat.util.modeler.ParameterInfo]
2019-12-06 11:18:40.843 DEBUG 7503 --- [kground-preinit] o.apache.tomcat.util.digester.Digester   : [SetNextRule]{mbeans-descriptors/mbean/operation/parameter} Call org.apache.tomcat.util.modeler.OperationInfo.addParameter(org.apache.tomcat.util.modeler.ParameterInfo@5945acbf)
2019-12-06 11:18:40.844 DEBUG 7503 --- [kground-preinit] o.apache.tomcat.util.IntrospectionUtils  : IntrospectionUtils: callMethod1 org.apache.tomcat.util.modeler.OperationInfo org.apache.tomcat.util.modeler.ParameterInfo org.apache.tomcat.util.modeler.ParameterInfo
2019-12-06 11:18:40.844 DEBUG 7503 --- [kground-preinit] o.apache.tomcat.util.digester.Digester   :   Fire end() for SetPropertiesRule[]
2019-12-06 11:18:40.844 DEBUG 7503 --- [kground-preinit] o.apache.tomcat.util.digester.Digester   :   Fire end() for ObjectCreateRule[className=org.apache.tomcat.util.modeler.ParameterInfo, attributeName=null]
2019-12-06 11:18:40.844 DEBUG 7503 --- [kground-preinit] o.apache.tomcat.util.digester.Digester   : [ObjectCreateRule]{mbeans-descriptors/mbean/operation/parameter} Pop org.apache.tomcat.util.modeler.ParameterInfo
2019-12-06 11:18:40.844 DEBUG 7503 --- [kground-preinit] o.a.tomcat.util.digester.Digester.sax    : characters(
    )
2019-12-06 11:18:40.844 DEBUG 7503 --- [kground-preinit] o.a.tomcat.util.digester.Digester.sax    : endElement(,,operation)
2019-12-06 11:18:40.844 DEBUG 7503 --- [kground-preinit] o.apache.tomcat.util.digester.Digester   :   match='mbeans-descriptors/mbean/operation'
2019-12-06 11:18:40.844 DEBUG 7503 --- [kground-preinit] o.apache.tomcat.util.digester.Digester   :   bodyText='
      
    '
2019-12-06 11:18:40.844 DEBUG 7503 --- [kground-preinit] o.apache.tomcat.util.digester.Digester   :   Fire body() for ObjectCreateRule[className=org.apache.tomcat.util.modeler.OperationInfo, attributeName=null]
2019-12-06 11:18:40.844 DEBUG 7503 --- [kground-preinit] o.apache.tomcat.util.digester.Digester   :   Fire body() for SetPropertiesRule[]
2019-12-06 11:18:40.845 DEBUG 7503 --- [kground-preinit] o.apache.tomcat.util.digester.Digester   :   Fire body() for SetNextRule[methodName=addOperation, paramType=org.apache.tomcat.util.modeler.OperationInfo]
2019-12-06 11:18:40.845 DEBUG 7503 --- [kground-preinit] o.apache.tomcat.util.digester.Digester   :   Fire end() for SetNextRule[methodName=addOperation, paramType=org.apache.tomcat.util.modeler.OperationInfo]
2019-12-06 11:18:40.845 DEBUG 7503 --- [kground-preinit] o.apache.tomcat.util.digester.Digester   : [SetNextRule]{mbeans-descriptors/mbean/operation} Call org.apache.tomcat.util.modeler.ManagedBean.addOperation(org.apache.tomcat.util.modeler.OperationInfo@73394484)
2019-12-06 11:18:40.845 DEBUG 7503 --- [kground-preinit] o.apache.tomcat.util.IntrospectionUtils  : IntrospectionUtils: callMethod1 org.apache.tomcat.util.modeler.ManagedBean org.apache.tomcat.util.modeler.OperationInfo org.apache.tomcat.util.modeler.OperationInfo
2019-12-06 11:18:40.845 DEBUG 7503 --- [kground-preinit] o.apache.tomcat.util.digester.Digester   :   Fire end() for SetPropertiesRule[]
2019-12-06 11:18:40.845 DEBUG 7503 --- [kground-preinit] o.apache.tomcat.util.digester.Digester   :   Fire end() for ObjectCreateRule[className=org.apache.tomcat.util.modeler.OperationInfo, attributeName=null]
2019-12-06 11:18:40.845 DEBUG 7503 --- [kground-preinit] o.apache.tomcat.util.digester.Digester   : [ObjectCreateRule]{mbeans-descriptors/mbean/operation} Pop org.apache.tomcat.util.modeler.OperationInfo
2019-12-06 11:18:40.845 DEBUG 7503 --- [kground-preinit] o.a.tomcat.util.digester.Digester.sax    : characters(

    )
2019-12-06 11:18:40.845 DEBUG 7503 --- [    Test worker] o.s.c.e.PropertySourcesPropertyResolver  : Found key 'spring.boot.enableautoconfiguration' in PropertySource 'configurationProperties' with value of type String
2019-12-06 11:18:40.845 DEBUG 7503 --- [kground-preinit] o.a.tomcat.util.digester.Digester.sax    : startElement(,,operation)
2019-12-06 11:18:40.846 DEBUG 7503 --- [kground-preinit] o.apache.tomcat.util.digester.Digester   :   New match='mbeans-descriptors/mbean/operation'
2019-12-06 11:18:40.846 DEBUG 7503 --- [kground-preinit] o.apache.tomcat.util.digester.Digester   :   Fire begin() for ObjectCreateRule[className=org.apache.tomcat.util.modeler.OperationInfo, attributeName=null]
2019-12-06 11:18:40.846 DEBUG 7503 --- [kground-preinit] o.apache.tomcat.util.digester.Digester   :   Fire begin() for SetPropertiesRule[]
2019-12-06 11:18:40.846 DEBUG 7503 --- [kground-preinit] o.apache.tomcat.util.digester.Digester   : [SetPropertiesRule]{mbeans-descriptors/mbean/operation} Set org.apache.tomcat.util.modeler.OperationInfo properties
2019-12-06 11:18:40.846 DEBUG 7503 --- [kground-preinit] o.apache.tomcat.util.digester.Digester   : [SetPropertiesRule]{mbeans-descriptors/mbean/operation} Setting property 'name' to 'removeValve'
2019-12-06 11:18:40.846 DEBUG 7503 --- [kground-preinit] o.apache.tomcat.util.IntrospectionUtils  : IntrospectionUtils: setProperty(class org.apache.tomcat.util.modeler.OperationInfo name=removeValve)
2019-12-06 11:18:40.846 DEBUG 7503 --- [kground-preinit] o.apache.tomcat.util.digester.Digester   : [SetPropertiesRule]{mbeans-descriptors/mbean/operation} Setting property 'description' to 'Remove an existing Valve'
2019-12-06 11:18:40.846 DEBUG 7503 --- [kground-preinit] o.apache.tomcat.util.IntrospectionUtils  : IntrospectionUtils: setProperty(class org.apache.tomcat.util.modeler.OperationInfo description=Remove an existing Valve)
2019-12-06 11:18:40.846 DEBUG 7503 --- [kground-preinit] o.apache.tomcat.util.digester.Digester   : [SetPropertiesRule]{mbeans-descriptors/mbean/operation} Setting property 'impact' to 'ACTION'
2019-12-06 11:18:40.847 DEBUG 7503 --- [kground-preinit] o.apache.tomcat.util.IntrospectionUtils  : IntrospectionUtils: setProperty(class org.apache.tomcat.util.modeler.OperationInfo impact=ACTION)
2019-12-06 11:18:40.847 DEBUG 7503 --- [kground-preinit] o.apache.tomcat.util.digester.Digester   : [SetPropertiesRule]{mbeans-descriptors/mbean/operation} Setting property 'returnType' to 'void'
2019-12-06 11:18:40.847 DEBUG 7503 --- [kground-preinit] o.apache.tomcat.util.IntrospectionUtils  : IntrospectionUtils: setProperty(class org.apache.tomcat.util.modeler.OperationInfo returnType=void)
2019-12-06 11:18:40.847 DEBUG 7503 --- [kground-preinit] o.apache.tomcat.util.digester.Digester   :   Fire begin() for SetNextRule[methodName=addOperation, paramType=org.apache.tomcat.util.modeler.OperationInfo]
2019-12-06 11:18:40.847 DEBUG 7503 --- [kground-preinit] o.a.tomcat.util.digester.Digester.sax    : characters(
      )
2019-12-06 11:18:40.847 DEBUG 7503 --- [kground-preinit] o.a.tomcat.util.digester.Digester.sax    : startElement(,,parameter)
2019-12-06 11:18:40.847 DEBUG 7503 --- [kground-preinit] o.apache.tomcat.util.digester.Digester   :   New match='mbeans-descriptors/mbean/operation/parameter'
2019-12-06 11:18:40.847 DEBUG 7503 --- [kground-preinit] o.apache.tomcat.util.digester.Digester   :   Fire begin() for ObjectCreateRule[className=org.apache.tomcat.util.modeler.ParameterInfo, attributeName=null]
2019-12-06 11:18:40.848 DEBUG 7503 --- [kground-preinit] o.apache.tomcat.util.digester.Digester   :   Fire begin() for SetPropertiesRule[]
2019-12-06 11:18:40.848 DEBUG 7503 --- [kground-preinit] o.apache.tomcat.util.digester.Digester   : [SetPropertiesRule]{mbeans-descriptors/mbean/operation/parameter} Set org.apache.tomcat.util.modeler.ParameterInfo properties
2019-12-06 11:18:40.848 DEBUG 7503 --- [kground-preinit] o.apache.tomcat.util.digester.Digester   : [SetPropertiesRule]{mbeans-descriptors/mbean/operation/parameter} Setting property 'name' to 'name'
2019-12-06 11:18:40.848 DEBUG 7503 --- [kground-preinit] o.apache.tomcat.util.IntrospectionUtils  : IntrospectionUtils: setProperty(class org.apache.tomcat.util.modeler.ParameterInfo name=name)
2019-12-06 11:18:40.848 DEBUG 7503 --- [kground-preinit] o.apache.tomcat.util.digester.Digester   : [SetPropertiesRule]{mbeans-descriptors/mbean/operation/parameter} Setting property 'description' to 'MBean Name of the component to be removed'
2019-12-06 11:18:40.848 DEBUG 7503 --- [kground-preinit] o.apache.tomcat.util.IntrospectionUtils  : IntrospectionUtils: setProperty(class org.apache.tomcat.util.modeler.ParameterInfo description=MBean Name of the component to be removed)
2019-12-06 11:18:40.848 DEBUG 7503 --- [kground-preinit] o.apache.tomcat.util.digester.Digester   : [SetPropertiesRule]{mbeans-descriptors/mbean/operation/parameter} Setting property 'type' to 'java.lang.String'
2019-12-06 11:18:40.848 DEBUG 7503 --- [kground-preinit] o.apache.tomcat.util.IntrospectionUtils  : IntrospectionUtils: setProperty(class org.apache.tomcat.util.modeler.ParameterInfo type=java.lang.String)
2019-12-06 11:18:40.848 DEBUG 7503 --- [kground-preinit] o.apache.tomcat.util.digester.Digester   :   Fire begin() for SetNextRule[methodName=addParameter, paramType=org.apache.tomcat.util.modeler.ParameterInfo]
2019-12-06 11:18:40.849 DEBUG 7503 --- [kground-preinit] o.a.tomcat.util.digester.Digester.sax    : endElement(,,parameter)
2019-12-06 11:18:40.849 DEBUG 7503 --- [kground-preinit] o.apache.tomcat.util.digester.Digester   :   match='mbeans-descriptors/mbean/operation/parameter'
2019-12-06 11:18:40.849 DEBUG 7503 --- [kground-preinit] o.apache.tomcat.util.digester.Digester   :   bodyText=''
2019-12-06 11:18:40.849 DEBUG 7503 --- [kground-preinit] o.apache.tomcat.util.digester.Digester   :   Fire body() for ObjectCreateRule[className=org.apache.tomcat.util.modeler.ParameterInfo, attributeName=null]
2019-12-06 11:18:40.849 DEBUG 7503 --- [kground-preinit] o.apache.tomcat.util.digester.Digester   :   Fire body() for SetPropertiesRule[]
2019-12-06 11:18:40.849 DEBUG 7503 --- [kground-preinit] o.apache.tomcat.util.digester.Digester   :   Fire body() for SetNextRule[methodName=addParameter, paramType=org.apache.tomcat.util.modeler.ParameterInfo]
2019-12-06 11:18:40.849 DEBUG 7503 --- [kground-preinit] o.apache.tomcat.util.digester.Digester   :   Fire end() for SetNextRule[methodName=addParameter, paramType=org.apache.tomcat.util.modeler.ParameterInfo]
2019-12-06 11:18:40.849 DEBUG 7503 --- [kground-preinit] o.apache.tomcat.util.digester.Digester   : [SetNextRule]{mbeans-descriptors/mbean/operation/parameter} Call org.apache.tomcat.util.modeler.OperationInfo.addParameter(org.apache.tomcat.util.modeler.ParameterInfo@24d636e)
2019-12-06 11:18:40.849 DEBUG 7503 --- [kground-preinit] o.apache.tomcat.util.IntrospectionUtils  : IntrospectionUtils: callMethod1 org.apache.tomcat.util.modeler.OperationInfo org.apache.tomcat.util.modeler.ParameterInfo org.apache.tomcat.util.modeler.ParameterInfo
2019-12-06 11:18:40.849 DEBUG 7503 --- [kground-preinit] o.apache.tomcat.util.digester.Digester   :   Fire end() for SetPropertiesRule[]
2019-12-06 11:18:40.849 DEBUG 7503 --- [kground-preinit] o.apache.tomcat.util.digester.Digester   :   Fire end() for ObjectCreateRule[className=org.apache.tomcat.util.modeler.ParameterInfo, attributeName=null]
2019-12-06 11:18:40.849 DEBUG 7503 --- [kground-preinit] o.apache.tomcat.util.digester.Digester   : [ObjectCreateRule]{mbeans-descriptors/mbean/operation/parameter} Pop org.apache.tomcat.util.modeler.ParameterInfo
2019-12-06 11:18:40.850 DEBUG 7503 --- [kground-preinit] o.a.tomcat.util.digester.Digester.sax    : characters(
    )
2019-12-06 11:18:40.850 DEBUG 7503 --- [kground-preinit] o.a.tomcat.util.digester.Digester.sax    : endElement(,,operation)
2019-12-06 11:18:40.850 DEBUG 7503 --- [kground-preinit] o.apache.tomcat.util.digester.Digester   :   match='mbeans-descriptors/mbean/operation'
2019-12-06 11:18:40.850 DEBUG 7503 --- [kground-preinit] o.apache.tomcat.util.digester.Digester   :   bodyText='
      
    '
2019-12-06 11:18:40.850 DEBUG 7503 --- [kground-preinit] o.apache.tomcat.util.digester.Digester   :   Fire body() for ObjectCreateRule[className=org.apache.tomcat.util.modeler.OperationInfo, attributeName=null]
2019-12-06 11:18:40.850 DEBUG 7503 --- [kground-preinit] o.apache.tomcat.util.digester.Digester   :   Fire body() for SetPropertiesRule[]
2019-12-06 11:18:40.850 DEBUG 7503 --- [kground-preinit] o.apache.tomcat.util.digester.Digester   :   Fire body() for SetNextRule[methodName=addOperation, paramType=org.apache.tomcat.util.modeler.OperationInfo]
2019-12-06 11:18:40.850 DEBUG 7503 --- [kground-preinit] o.apache.tomcat.util.digester.Digester   :   Fire end() for SetNextRule[methodName=addOperation, paramType=org.apache.tomcat.util.modeler.OperationInfo]
2019-12-06 11:18:40.850 DEBUG 7503 --- [kground-preinit] o.apache.tomcat.util.digester.Digester   : [SetNextRule]{mbeans-descriptors/mbean/operation} Call org.apache.tomcat.util.modeler.ManagedBean.addOperation(org.apache.tomcat.util.modeler.OperationInfo@39189dc4)
2019-12-06 11:18:40.850 DEBUG 7503 --- [kground-preinit] o.apache.tomcat.util.IntrospectionUtils  : IntrospectionUtils: callMethod1 org.apache.tomcat.util.modeler.ManagedBean org.apache.tomcat.util.modeler.OperationInfo org.apache.tomcat.util.modeler.OperationInfo
2019-12-06 11:18:40.851 DEBUG 7503 --- [kground-preinit] o.apache.tomcat.util.digester.Digester   :   Fire end() for SetPropertiesRule[]
2019-12-06 11:18:40.851 DEBUG 7503 --- [kground-preinit] o.apache.tomcat.util.digester.Digester   :   Fire end() for ObjectCreateRule[className=org.apache.tomcat.util.modeler.OperationInfo, attributeName=null]
2019-12-06 11:18:40.851 DEBUG 7503 --- [kground-preinit] o.apache.tomcat.util.digester.Digester   : [ObjectCreateRule]{mbeans-descriptors/mbean/operation} Pop org.apache.tomcat.util.modeler.OperationInfo
2019-12-06 11:18:40.851 DEBUG 7503 --- [kground-preinit] o.a.tomcat.util.digester.Digester.sax    : characters(

  )
2019-12-06 11:18:40.851 DEBUG 7503 --- [kground-preinit] o.a.tomcat.util.digester.Digester.sax    : endElement(,,mbean)
2019-12-06 11:18:40.851 DEBUG 7503 --- [kground-preinit] o.apache.tomcat.util.digester.Digester   :   match='mbeans-descriptors/mbean'
2019-12-06 11:18:40.851 DEBUG 7503 --- [kground-preinit] o.apache.tomcat.util.digester.Digester   :   bodyText='

    
    
    
    

    

    

    

    

    

    

    

    

    

    

    


    

    

    

    

    
    
    
    

    

    

    

    

    

    

    

    

  '
2019-12-06 11:18:40.851 DEBUG 7503 --- [kground-preinit] o.apache.tomcat.util.digester.Digester   :   Fire body() for ObjectCreateRule[className=org.apache.tomcat.util.modeler.ManagedBean, attributeName=null]
2019-12-06 11:18:40.851 DEBUG 7503 --- [kground-preinit] o.apache.tomcat.util.digester.Digester   :   Fire body() for SetPropertiesRule[]
2019-12-06 11:18:40.851 DEBUG 7503 --- [kground-preinit] o.apache.tomcat.util.digester.Digester   :   Fire body() for SetNextRule[methodName=add, paramType=java.lang.Object]
2019-12-06 11:18:40.852 DEBUG 7503 --- [kground-preinit] o.apache.tomcat.util.digester.Digester   :   Fire end() for SetNextRule[methodName=add, paramType=java.lang.Object]
2019-12-06 11:18:40.852 DEBUG 7503 --- [kground-preinit] o.apache.tomcat.util.digester.Digester   : [SetNextRule]{mbeans-descriptors/mbean} Call java.util.ArrayList.add(ManagedBean[name=MBeanFactory, className=org.apache.tomcat.util.modeler.BaseModelMBean, description=Factory for MBeans and corresponding components, type=org.apache.catalina.mbeans.MBeanFactory])
2019-12-06 11:18:40.852 DEBUG 7503 --- [kground-preinit] o.apache.tomcat.util.IntrospectionUtils  : IntrospectionUtils: callMethod1 java.util.ArrayList org.apache.tomcat.util.modeler.ManagedBean java.lang.Object
2019-12-06 11:18:40.853 DEBUG 7503 --- [kground-preinit] o.apache.tomcat.util.digester.Digester   :   Fire end() for SetPropertiesRule[]
2019-12-06 11:18:40.853 DEBUG 7503 --- [kground-preinit] o.apache.tomcat.util.digester.Digester   :   Fire end() for ObjectCreateRule[className=org.apache.tomcat.util.modeler.ManagedBean, attributeName=null]
2019-12-06 11:18:40.853 DEBUG 7503 --- [kground-preinit] o.apache.tomcat.util.digester.Digester   : [ObjectCreateRule]{mbeans-descriptors/mbean} Pop org.apache.tomcat.util.modeler.ManagedBean
2019-12-06 11:18:40.853 DEBUG 7503 --- [kground-preinit] o.a.tomcat.util.digester.Digester.sax    : characters(

)
2019-12-06 11:18:40.853 DEBUG 7503 --- [kground-preinit] o.a.tomcat.util.digester.Digester.sax    : endElement(,,mbeans-descriptors)
2019-12-06 11:18:40.853 DEBUG 7503 --- [kground-preinit] o.apache.tomcat.util.digester.Digester   :   match='mbeans-descriptors'
2019-12-06 11:18:40.853 DEBUG 7503 --- [kground-preinit] o.apache.tomcat.util.digester.Digester   :   bodyText='

  

'
2019-12-06 11:18:40.853 DEBUG 7503 --- [kground-preinit] o.apache.tomcat.util.digester.Digester   : No rules found matching [mbeans-descriptors]
2019-12-06 11:18:40.854 DEBUG 7503 --- [kground-preinit] o.a.tomcat.util.digester.Digester.sax    : endDocument()
2019-12-06 11:18:40.854 DEBUG 7503 --- [kground-preinit] org.apache.tomcat.util.modeler.Registry  : Found jar:file:/Users/govlmo91/.gradle/caches/modules-2/files-2.1/org.apache.tomcat.embed/tomcat-embed-core/9.0.22/79f39903498b28adacb18fe2ea046edd306295a6/tomcat-embed-core-9.0.22.jar!/org/apache/catalina/authenticator/mbeans-descriptors.xml
2019-12-06 11:18:40.855 DEBUG 7503 --- [kground-preinit] o.a.tomcat.util.digester.Digester.sax    : setDocumentLocator(com.sun.org.apache.xerces.internal.parsers.AbstractSAXParser$LocatorProxy@4aca23ef)
2019-12-06 11:18:40.855 DEBUG 7503 --- [kground-preinit] o.a.tomcat.util.digester.Digester.sax    : startDocument()
2019-12-06 11:18:40.856 DEBUG 7503 --- [kground-preinit] o.a.tomcat.util.digester.Digester.sax    : startElement(,,mbeans-descriptors)
2019-12-06 11:18:40.856 DEBUG 7503 --- [kground-preinit] o.apache.tomcat.util.digester.Digester   :   New match='mbeans-descriptors'
2019-12-06 11:18:40.856 DEBUG 7503 --- [kground-preinit] o.apache.tomcat.util.digester.Digester   : No rules found matching [mbeans-descriptors]
2019-12-06 11:18:40.856 DEBUG 7503 --- [kground-preinit] o.a.tomcat.util.digester.Digester.sax    : characters(

  )
2019-12-06 11:18:40.857 DEBUG 7503 --- [kground-preinit] o.a.tomcat.util.digester.Digester.sax    : startElement(,,mbean)
2019-12-06 11:18:40.857 DEBUG 7503 --- [kground-preinit] o.apache.tomcat.util.digester.Digester   :   New match='mbeans-descriptors/mbean'
2019-12-06 11:18:40.857 DEBUG 7503 --- [kground-preinit] o.apache.tomcat.util.digester.Digester   :   Fire begin() for ObjectCreateRule[className=org.apache.tomcat.util.modeler.ManagedBean, attributeName=null]
2019-12-06 11:18:40.857 DEBUG 7503 --- [kground-preinit] o.apache.tomcat.util.digester.Digester   :   Fire begin() for SetPropertiesRule[]
2019-12-06 11:18:40.857 DEBUG 7503 --- [kground-preinit] o.apache.tomcat.util.digester.Digester   : [SetPropertiesRule]{mbeans-descriptors/mbean} Set org.apache.tomcat.util.modeler.ManagedBean properties
2019-12-06 11:18:40.858 DEBUG 7503 --- [kground-preinit] o.apache.tomcat.util.digester.Digester   : [SetPropertiesRule]{mbeans-descriptors/mbean} Setting property 'name' to 'BasicAuthenticator'
2019-12-06 11:18:40.858 DEBUG 7503 --- [kground-preinit] o.apache.tomcat.util.IntrospectionUtils  : IntrospectionUtils: setProperty(class org.apache.tomcat.util.modeler.ManagedBean name=BasicAuthenticator)
2019-12-06 11:18:40.858 DEBUG 7503 --- [kground-preinit] o.apache.tomcat.util.digester.Digester   : [SetPropertiesRule]{mbeans-descriptors/mbean} Setting property 'description' to 'An Authenticator and Valve implementation of HTTP BASIC Authentication'
2019-12-06 11:18:40.858 DEBUG 7503 --- [kground-preinit] o.apache.tomcat.util.IntrospectionUtils  : IntrospectionUtils: setProperty(class org.apache.tomcat.util.modeler.ManagedBean description=An Authenticator and Valve implementation of HTTP BASIC Authentication)
2019-12-06 11:18:40.858 DEBUG 7503 --- [kground-preinit] o.apache.tomcat.util.digester.Digester   : [SetPropertiesRule]{mbeans-descriptors/mbean} Setting property 'domain' to 'Catalina'
2019-12-06 11:18:40.859 DEBUG 7503 --- [kground-preinit] o.apache.tomcat.util.IntrospectionUtils  : IntrospectionUtils: setProperty(class org.apache.tomcat.util.modeler.ManagedBean domain=Catalina)
2019-12-06 11:18:40.859 DEBUG 7503 --- [kground-preinit] o.apache.tomcat.util.digester.Digester   : [SetPropertiesRule]{mbeans-descriptors/mbean} Setting property 'group' to 'Valve'
2019-12-06 11:18:40.859 DEBUG 7503 --- [kground-preinit] o.apache.tomcat.util.IntrospectionUtils  : IntrospectionUtils: setProperty(class org.apache.tomcat.util.modeler.ManagedBean group=Valve)
2019-12-06 11:18:40.859 DEBUG 7503 --- [kground-preinit] o.apache.tomcat.util.digester.Digester   : [SetPropertiesRule]{mbeans-descriptors/mbean} Setting property 'type' to 'org.apache.catalina.authenticator.BasicAuthenticator'
2019-12-06 11:18:40.859 DEBUG 7503 --- [kground-preinit] o.apache.tomcat.util.IntrospectionUtils  : IntrospectionUtils: setProperty(class org.apache.tomcat.util.modeler.ManagedBean type=org.apache.catalina.authenticator.BasicAuthenticator)
2019-12-06 11:18:40.859 DEBUG 7503 --- [kground-preinit] o.apache.tomcat.util.digester.Digester   :   Fire begin() for SetNextRule[methodName=add, paramType=java.lang.Object]
2019-12-06 11:18:40.859 DEBUG 7503 --- [kground-preinit] o.a.tomcat.util.digester.Digester.sax    : characters(

    )
2019-12-06 11:18:40.859 DEBUG 7503 --- [kground-preinit] o.a.tomcat.util.digester.Digester.sax    : startElement(,,attribute)
2019-12-06 11:18:40.859 DEBUG 7503 --- [kground-preinit] o.apache.tomcat.util.digester.Digester   :   New match='mbeans-descriptors/mbean/attribute'
2019-12-06 11:18:40.860 DEBUG 7503 --- [kground-preinit] o.apache.tomcat.util.digester.Digester   :   Fire begin() for ObjectCreateRule[className=org.apache.tomcat.util.modeler.AttributeInfo, attributeName=null]
2019-12-06 11:18:40.860 DEBUG 7503 --- [kground-preinit] o.apache.tomcat.util.digester.Digester   :   Fire begin() for SetPropertiesRule[]
2019-12-06 11:18:40.860 DEBUG 7503 --- [kground-preinit] o.apache.tomcat.util.digester.Digester   : [SetPropertiesRule]{mbeans-descriptors/mbean/attribute} Set org.apache.tomcat.util.modeler.AttributeInfo properties
2019-12-06 11:18:40.860 DEBUG 7503 --- [kground-preinit] o.apache.tomcat.util.digester.Digester   : [SetPropertiesRule]{mbeans-descriptors/mbean/attribute} Setting property 'name' to 'alwaysUseSession'
2019-12-06 11:18:40.860 DEBUG 7503 --- [kground-preinit] o.apache.tomcat.util.IntrospectionUtils  : IntrospectionUtils: setProperty(class org.apache.tomcat.util.modeler.AttributeInfo name=alwaysUseSession)
2019-12-06 11:18:40.860 DEBUG 7503 --- [kground-preinit] o.apache.tomcat.util.digester.Digester   : [SetPropertiesRule]{mbeans-descriptors/mbean/attribute} Setting property 'description' to 'Should a session always be used once a user is authenticated?'
2019-12-06 11:18:40.860 DEBUG 7503 --- [kground-preinit] o.apache.tomcat.util.IntrospectionUtils  : IntrospectionUtils: setProperty(class org.apache.tomcat.util.modeler.AttributeInfo description=Should a session always be used once a user is authenticated?)
2019-12-06 11:18:40.860 DEBUG 7503 --- [kground-preinit] o.apache.tomcat.util.digester.Digester   : [SetPropertiesRule]{mbeans-descriptors/mbean/attribute} Setting property 'type' to 'boolean'
2019-12-06 11:18:40.861 DEBUG 7503 --- [kground-preinit] o.apache.tomcat.util.IntrospectionUtils  : IntrospectionUtils: setProperty(class org.apache.tomcat.util.modeler.AttributeInfo type=boolean)
2019-12-06 11:18:40.861 DEBUG 7503 --- [kground-preinit] o.apache.tomcat.util.digester.Digester   :   Fire begin() for SetNextRule[methodName=addAttribute, paramType=org.apache.tomcat.util.modeler.AttributeInfo]
2019-12-06 11:18:40.861 DEBUG 7503 --- [kground-preinit] o.a.tomcat.util.digester.Digester.sax    : endElement(,,attribute)
2019-12-06 11:18:40.861 DEBUG 7503 --- [kground-preinit] o.apache.tomcat.util.digester.Digester   :   match='mbeans-descriptors/mbean/attribute'
2019-12-06 11:18:40.861 DEBUG 7503 --- [kground-preinit] o.apache.tomcat.util.digester.Digester   :   bodyText=''
2019-12-06 11:18:40.861 DEBUG 7503 --- [kground-preinit] o.apache.tomcat.util.digester.Digester   :   Fire body() for ObjectCreateRule[className=org.apache.tomcat.util.modeler.AttributeInfo, attributeName=null]
2019-12-06 11:18:40.861 DEBUG 7503 --- [kground-preinit] o.apache.tomcat.util.digester.Digester   :   Fire body() for SetPropertiesRule[]
2019-12-06 11:18:40.861 DEBUG 7503 --- [kground-preinit] o.apache.tomcat.util.digester.Digester   :   Fire body() for SetNextRule[methodName=addAttribute, paramType=org.apache.tomcat.util.modeler.AttributeInfo]
2019-12-06 11:18:40.861 DEBUG 7503 --- [kground-preinit] o.apache.tomcat.util.digester.Digester   :   Fire end() for SetNextRule[methodName=addAttribute, paramType=org.apache.tomcat.util.modeler.AttributeInfo]
2019-12-06 11:18:40.862 DEBUG 7503 --- [kground-preinit] o.apache.tomcat.util.digester.Digester   : [SetNextRule]{mbeans-descriptors/mbean/attribute} Call org.apache.tomcat.util.modeler.ManagedBean.addAttribute(org.apache.tomcat.util.modeler.AttributeInfo@59398e51)
2019-12-06 11:18:40.862 DEBUG 7503 --- [kground-preinit] o.apache.tomcat.util.IntrospectionUtils  : IntrospectionUtils: callMethod1 org.apache.tomcat.util.modeler.ManagedBean org.apache.tomcat.util.modeler.AttributeInfo org.apache.tomcat.util.modeler.AttributeInfo
2019-12-06 11:18:40.862 DEBUG 7503 --- [kground-preinit] o.apache.tomcat.util.digester.Digester   :   Fire end() for SetPropertiesRule[]
2019-12-06 11:18:40.862 DEBUG 7503 --- [kground-preinit] o.apache.tomcat.util.digester.Digester   :   Fire end() for ObjectCreateRule[className=org.apache.tomcat.util.modeler.AttributeInfo, attributeName=null]
2019-12-06 11:18:40.862 DEBUG 7503 --- [kground-preinit] o.apache.tomcat.util.digester.Digester   : [ObjectCreateRule]{mbeans-descriptors/mbean/attribute} Pop org.apache.tomcat.util.modeler.AttributeInfo
2019-12-06 11:18:40.862 DEBUG 7503 --- [kground-preinit] o.a.tomcat.util.digester.Digester.sax    : characters(

    )
2019-12-06 11:18:40.862 DEBUG 7503 --- [kground-preinit] o.a.tomcat.util.digester.Digester.sax    : startElement(,,attribute)
2019-12-06 11:18:40.862 DEBUG 7503 --- [kground-preinit] o.apache.tomcat.util.digester.Digester   :   New match='mbeans-descriptors/mbean/attribute'
2019-12-06 11:18:40.862 DEBUG 7503 --- [kground-preinit] o.apache.tomcat.util.digester.Digester   :   Fire begin() for ObjectCreateRule[className=org.apache.tomcat.util.modeler.AttributeInfo, attributeName=null]
2019-12-06 11:18:40.863 DEBUG 7503 --- [kground-preinit] o.apache.tomcat.util.digester.Digester   :   Fire begin() for SetPropertiesRule[]
2019-12-06 11:18:40.863 DEBUG 7503 --- [kground-preinit] o.apache.tomcat.util.digester.Digester   : [SetPropertiesRule]{mbeans-descriptors/mbean/attribute} Set org.apache.tomcat.util.modeler.AttributeInfo properties
2019-12-06 11:18:40.863 DEBUG 7503 --- [kground-preinit] o.apache.tomcat.util.digester.Digester   : [SetPropertiesRule]{mbeans-descriptors/mbean/attribute} Setting property 'name' to 'cache'
2019-12-06 11:18:40.863 DEBUG 7503 --- [kground-preinit] o.apache.tomcat.util.IntrospectionUtils  : IntrospectionUtils: setProperty(class org.apache.tomcat.util.modeler.AttributeInfo name=cache)
2019-12-06 11:18:40.863 DEBUG 7503 --- [kground-preinit] o.apache.tomcat.util.digester.Digester   : [SetPropertiesRule]{mbeans-descriptors/mbean/attribute} Setting property 'description' to 'Should we cache authenticated Principals if the request is part of an HTTP session?'
2019-12-06 11:18:40.863 DEBUG 7503 --- [kground-preinit] o.apache.tomcat.util.IntrospectionUtils  : IntrospectionUtils: setProperty(class org.apache.tomcat.util.modeler.AttributeInfo description=Should we cache authenticated Principals if the request is part of an HTTP session?)
2019-12-06 11:18:40.863 DEBUG 7503 --- [kground-preinit] o.apache.tomcat.util.digester.Digester   : [SetPropertiesRule]{mbeans-descriptors/mbean/attribute} Setting property 'type' to 'boolean'
2019-12-06 11:18:40.863 DEBUG 7503 --- [kground-preinit] o.apache.tomcat.util.IntrospectionUtils  : IntrospectionUtils: setProperty(class org.apache.tomcat.util.modeler.AttributeInfo type=boolean)
2019-12-06 11:18:40.863 DEBUG 7503 --- [kground-preinit] o.apache.tomcat.util.digester.Digester   :   Fire begin() for SetNextRule[methodName=addAttribute, paramType=org.apache.tomcat.util.modeler.AttributeInfo]
2019-12-06 11:18:40.863 DEBUG 7503 --- [kground-preinit] o.a.tomcat.util.digester.Digester.sax    : endElement(,,attribute)
2019-12-06 11:18:40.864 DEBUG 7503 --- [kground-preinit] o.apache.tomcat.util.digester.Digester   :   match='mbeans-descriptors/mbean/attribute'
2019-12-06 11:18:40.864 DEBUG 7503 --- [kground-preinit] o.apache.tomcat.util.digester.Digester   :   bodyText=''
2019-12-06 11:18:40.864 DEBUG 7503 --- [kground-preinit] o.apache.tomcat.util.digester.Digester   :   Fire body() for ObjectCreateRule[className=org.apache.tomcat.util.modeler.AttributeInfo, attributeName=null]
2019-12-06 11:18:40.864 DEBUG 7503 --- [kground-preinit] o.apache.tomcat.util.digester.Digester   :   Fire body() for SetPropertiesRule[]
2019-12-06 11:18:40.864 DEBUG 7503 --- [kground-preinit] o.apache.tomcat.util.digester.Digester   :   Fire body() for SetNextRule[methodName=addAttribute, paramType=org.apache.tomcat.util.modeler.AttributeInfo]
2019-12-06 11:18:40.864 DEBUG 7503 --- [kground-preinit] o.apache.tomcat.util.digester.Digester   :   Fire end() for SetNextRule[methodName=addAttribute, paramType=org.apache.tomcat.util.modeler.AttributeInfo]
2019-12-06 11:18:40.864 DEBUG 7503 --- [kground-preinit] o.apache.tomcat.util.digester.Digester   : [SetNextRule]{mbeans-descriptors/mbean/attribute} Call org.apache.tomcat.util.modeler.ManagedBean.addAttribute(org.apache.tomcat.util.modeler.AttributeInfo@5d0a0fbd)
2019-12-06 11:18:40.864 DEBUG 7503 --- [kground-preinit] o.apache.tomcat.util.IntrospectionUtils  : IntrospectionUtils: callMethod1 org.apache.tomcat.util.modeler.ManagedBean org.apache.tomcat.util.modeler.AttributeInfo org.apache.tomcat.util.modeler.AttributeInfo
2019-12-06 11:18:40.864 DEBUG 7503 --- [kground-preinit] o.apache.tomcat.util.digester.Digester   :   Fire end() for SetPropertiesRule[]
2019-12-06 11:18:40.864 DEBUG 7503 --- [kground-preinit] o.apache.tomcat.util.digester.Digester   :   Fire end() for ObjectCreateRule[className=org.apache.tomcat.util.modeler.AttributeInfo, attributeName=null]
2019-12-06 11:18:40.865 DEBUG 7503 --- [kground-preinit] o.apache.tomcat.util.digester.Digester   : [ObjectCreateRule]{mbeans-descriptors/mbean/attribute} Pop org.apache.tomcat.util.modeler.AttributeInfo
2019-12-06 11:18:40.865 DEBUG 7503 --- [kground-preinit] o.a.tomcat.util.digester.Digester.sax    : characters(

    )
2019-12-06 11:18:40.865 DEBUG 7503 --- [kground-preinit] o.a.tomcat.util.digester.Digester.sax    : startElement(,,attribute)
2019-12-06 11:18:40.865 DEBUG 7503 --- [kground-preinit] o.apache.tomcat.util.digester.Digester   :   New match='mbeans-descriptors/mbean/attribute'
2019-12-06 11:18:40.865 DEBUG 7503 --- [kground-preinit] o.apache.tomcat.util.digester.Digester   :   Fire begin() for ObjectCreateRule[className=org.apache.tomcat.util.modeler.AttributeInfo, attributeName=null]
2019-12-06 11:18:40.865 DEBUG 7503 --- [kground-preinit] o.apache.tomcat.util.digester.Digester   :   Fire begin() for SetPropertiesRule[]
2019-12-06 11:18:40.865 DEBUG 7503 --- [kground-preinit] o.apache.tomcat.util.digester.Digester   : [SetPropertiesRule]{mbeans-descriptors/mbean/attribute} Set org.apache.tomcat.util.modeler.AttributeInfo properties
2019-12-06 11:18:40.865 DEBUG 7503 --- [kground-preinit] o.apache.tomcat.util.digester.Digester   : [SetPropertiesRule]{mbeans-descriptors/mbean/attribute} Setting property 'name' to 'changeSessionIdOnAuthentication'
2019-12-06 11:18:40.865 DEBUG 7503 --- [kground-preinit] o.apache.tomcat.util.IntrospectionUtils  : IntrospectionUtils: setProperty(class org.apache.tomcat.util.modeler.AttributeInfo name=changeSessionIdOnAuthentication)
2019-12-06 11:18:40.865 DEBUG 7503 --- [kground-preinit] o.apache.tomcat.util.digester.Digester   : [SetPropertiesRule]{mbeans-descriptors/mbean/attribute} Setting property 'description' to 'Controls if the session ID is changed if a session exists at the point where users are authenticated'
2019-12-06 11:18:40.866 DEBUG 7503 --- [kground-preinit] o.apache.tomcat.util.IntrospectionUtils  : IntrospectionUtils: setProperty(class org.apache.tomcat.util.modeler.AttributeInfo description=Controls if the session ID is changed if a session exists at the point where users are authenticated)
2019-12-06 11:18:40.866 DEBUG 7503 --- [kground-preinit] o.apache.tomcat.util.digester.Digester   : [SetPropertiesRule]{mbeans-descriptors/mbean/attribute} Setting property 'type' to 'boolean'
2019-12-06 11:18:40.866 DEBUG 7503 --- [kground-preinit] o.apache.tomcat.util.IntrospectionUtils  : IntrospectionUtils: setProperty(class org.apache.tomcat.util.modeler.AttributeInfo type=boolean)
2019-12-06 11:18:40.866 DEBUG 7503 --- [kground-preinit] o.apache.tomcat.util.digester.Digester   :   Fire begin() for SetNextRule[methodName=addAttribute, paramType=org.apache.tomcat.util.modeler.AttributeInfo]
2019-12-06 11:18:40.866 DEBUG 7503 --- [kground-preinit] o.a.tomcat.util.digester.Digester.sax    : endElement(,,attribute)
2019-12-06 11:18:40.866 DEBUG 7503 --- [kground-preinit] o.apache.tomcat.util.digester.Digester   :   match='mbeans-descriptors/mbean/attribute'
2019-12-06 11:18:40.866 DEBUG 7503 --- [kground-preinit] o.apache.tomcat.util.digester.Digester   :   bodyText=''
2019-12-06 11:18:40.866 DEBUG 7503 --- [kground-preinit] o.apache.tomcat.util.digester.Digester   :   Fire body() for ObjectCreateRule[className=org.apache.tomcat.util.modeler.AttributeInfo, attributeName=null]
2019-12-06 11:18:40.866 DEBUG 7503 --- [kground-preinit] o.apache.tomcat.util.digester.Digester   :   Fire body() for SetPropertiesRule[]
2019-12-06 11:18:40.866 DEBUG 7503 --- [kground-preinit] o.apache.tomcat.util.digester.Digester   :   Fire body() for SetNextRule[methodName=addAttribute, paramType=org.apache.tomcat.util.modeler.AttributeInfo]
2019-12-06 11:18:40.867 DEBUG 7503 --- [kground-preinit] o.apache.tomcat.util.digester.Digester   :   Fire end() for SetNextRule[methodName=addAttribute, paramType=org.apache.tomcat.util.modeler.AttributeInfo]
2019-12-06 11:18:40.867 DEBUG 7503 --- [kground-preinit] o.apache.tomcat.util.digester.Digester   : [SetNextRule]{mbeans-descriptors/mbean/attribute} Call org.apache.tomcat.util.modeler.ManagedBean.addAttribute(org.apache.tomcat.util.modeler.AttributeInfo@46449aa8)
2019-12-06 11:18:40.867 DEBUG 7503 --- [kground-preinit] o.apache.tomcat.util.IntrospectionUtils  : IntrospectionUtils: callMethod1 org.apache.tomcat.util.modeler.ManagedBean org.apache.tomcat.util.modeler.AttributeInfo org.apache.tomcat.util.modeler.AttributeInfo
2019-12-06 11:18:40.867 DEBUG 7503 --- [kground-preinit] o.apache.tomcat.util.digester.Digester   :   Fire end() for SetPropertiesRule[]
2019-12-06 11:18:40.867 DEBUG 7503 --- [kground-preinit] o.apache.tomcat.util.digester.Digester   :   Fire end() for ObjectCreateRule[className=org.apache.tomcat.util.modeler.AttributeInfo, attributeName=null]
2019-12-06 11:18:40.867 DEBUG 7503 --- [kground-preinit] o.apache.tomcat.util.digester.Digester   : [ObjectCreateRule]{mbeans-descriptors/mbean/attribute} Pop org.apache.tomcat.util.modeler.AttributeInfo
2019-12-06 11:18:40.867 DEBUG 7503 --- [kground-preinit] o.a.tomcat.util.digester.Digester.sax    : characters(

    )
2019-12-06 11:18:40.867 DEBUG 7503 --- [kground-preinit] o.a.tomcat.util.digester.Digester.sax    : startElement(,,attribute)
2019-12-06 11:18:40.867 DEBUG 7503 --- [kground-preinit] o.apache.tomcat.util.digester.Digester   :   New match='mbeans-descriptors/mbean/attribute'
2019-12-06 11:18:40.867 DEBUG 7503 --- [kground-preinit] o.apache.tomcat.util.digester.Digester   :   Fire begin() for ObjectCreateRule[className=org.apache.tomcat.util.modeler.AttributeInfo, attributeName=null]
2019-12-06 11:18:40.868 DEBUG 7503 --- [kground-preinit] o.apache.tomcat.util.digester.Digester   :   Fire begin() for SetPropertiesRule[]
2019-12-06 11:18:40.868 DEBUG 7503 --- [kground-preinit] o.apache.tomcat.util.digester.Digester   : [SetPropertiesRule]{mbeans-descriptors/mbean/attribute} Set org.apache.tomcat.util.modeler.AttributeInfo properties
2019-12-06 11:18:40.868 DEBUG 7503 --- [kground-preinit] o.apache.tomcat.util.digester.Digester   : [SetPropertiesRule]{mbeans-descriptors/mbean/attribute} Setting property 'name' to 'className'
2019-12-06 11:18:40.868 DEBUG 7503 --- [kground-preinit] o.apache.tomcat.util.IntrospectionUtils  : IntrospectionUtils: setProperty(class org.apache.tomcat.util.modeler.AttributeInfo name=className)
2019-12-06 11:18:40.868 DEBUG 7503 --- [kground-preinit] o.apache.tomcat.util.digester.Digester   : [SetPropertiesRule]{mbeans-descriptors/mbean/attribute} Setting property 'description' to 'Fully qualified class name of the managed object'
2019-12-06 11:18:40.868 DEBUG 7503 --- [kground-preinit] o.apache.tomcat.util.IntrospectionUtils  : IntrospectionUtils: setProperty(class org.apache.tomcat.util.modeler.AttributeInfo description=Fully qualified class name of the managed object)
2019-12-06 11:18:40.869 DEBUG 7503 --- [kground-preinit] o.apache.tomcat.util.digester.Digester   : [SetPropertiesRule]{mbeans-descriptors/mbean/attribute} Setting property 'type' to 'java.lang.String'
2019-12-06 11:18:40.869 DEBUG 7503 --- [kground-preinit] o.apache.tomcat.util.IntrospectionUtils  : IntrospectionUtils: setProperty(class org.apache.tomcat.util.modeler.AttributeInfo type=java.lang.String)
2019-12-06 11:18:40.869 DEBUG 7503 --- [kground-preinit] o.apache.tomcat.util.digester.Digester   : [SetPropertiesRule]{mbeans-descriptors/mbean/attribute} Setting property 'writeable' to 'false'
2019-12-06 11:18:40.869 DEBUG 7503 --- [kground-preinit] o.apache.tomcat.util.IntrospectionUtils  : IntrospectionUtils: setProperty(class org.apache.tomcat.util.modeler.AttributeInfo writeable=false)
2019-12-06 11:18:40.869 DEBUG 7503 --- [kground-preinit] o.apache.tomcat.util.digester.Digester   :   Fire begin() for SetNextRule[methodName=addAttribute, paramType=org.apache.tomcat.util.modeler.AttributeInfo]
2019-12-06 11:18:40.870 DEBUG 7503 --- [kground-preinit] o.a.tomcat.util.digester.Digester.sax    : endElement(,,attribute)
2019-12-06 11:18:40.870 DEBUG 7503 --- [kground-preinit] o.apache.tomcat.util.digester.Digester   :   match='mbeans-descriptors/mbean/attribute'
2019-12-06 11:18:40.870 DEBUG 7503 --- [kground-preinit] o.apache.tomcat.util.digester.Digester   :   bodyText=''
2019-12-06 11:18:40.870 DEBUG 7503 --- [kground-preinit] o.apache.tomcat.util.digester.Digester   :   Fire body() for ObjectCreateRule[className=org.apache.tomcat.util.modeler.AttributeInfo, attributeName=null]
2019-12-06 11:18:40.870 DEBUG 7503 --- [kground-preinit] o.apache.tomcat.util.digester.Digester   :   Fire body() for SetPropertiesRule[]
2019-12-06 11:18:40.870 DEBUG 7503 --- [kground-preinit] o.apache.tomcat.util.digester.Digester   :   Fire body() for SetNextRule[methodName=addAttribute, paramType=org.apache.tomcat.util.modeler.AttributeInfo]
2019-12-06 11:18:40.870 DEBUG 7503 --- [kground-preinit] o.apache.tomcat.util.digester.Digester   :   Fire end() for SetNextRule[methodName=addAttribute, paramType=org.apache.tomcat.util.modeler.AttributeInfo]
2019-12-06 11:18:40.870 DEBUG 7503 --- [kground-preinit] o.apache.tomcat.util.digester.Digester   : [SetNextRule]{mbeans-descriptors/mbean/attribute} Call org.apache.tomcat.util.modeler.ManagedBean.addAttribute(org.apache.tomcat.util.modeler.AttributeInfo@38ec6a0b)
2019-12-06 11:18:40.871 DEBUG 7503 --- [kground-preinit] o.apache.tomcat.util.IntrospectionUtils  : IntrospectionUtils: callMethod1 org.apache.tomcat.util.modeler.ManagedBean org.apache.tomcat.util.modeler.AttributeInfo org.apache.tomcat.util.modeler.AttributeInfo
2019-12-06 11:18:40.871 DEBUG 7503 --- [kground-preinit] o.apache.tomcat.util.digester.Digester   :   Fire end() for SetPropertiesRule[]
2019-12-06 11:18:40.871 DEBUG 7503 --- [kground-preinit] o.apache.tomcat.util.digester.Digester   :   Fire end() for ObjectCreateRule[className=org.apache.tomcat.util.modeler.AttributeInfo, attributeName=null]
2019-12-06 11:18:40.871 DEBUG 7503 --- [kground-preinit] o.apache.tomcat.util.digester.Digester   : [ObjectCreateRule]{mbeans-descriptors/mbean/attribute} Pop org.apache.tomcat.util.modeler.AttributeInfo
2019-12-06 11:18:40.871 DEBUG 7503 --- [kground-preinit] o.a.tomcat.util.digester.Digester.sax    : characters(

    )
2019-12-06 11:18:40.871 DEBUG 7503 --- [kground-preinit] o.a.tomcat.util.digester.Digester.sax    : startElement(,,attribute)
2019-12-06 11:18:40.871 DEBUG 7503 --- [kground-preinit] o.apache.tomcat.util.digester.Digester   :   New match='mbeans-descriptors/mbean/attribute'
2019-12-06 11:18:40.871 DEBUG 7503 --- [kground-preinit] o.apache.tomcat.util.digester.Digester   :   Fire begin() for ObjectCreateRule[className=org.apache.tomcat.util.modeler.AttributeInfo, attributeName=null]
2019-12-06 11:18:40.872 DEBUG 7503 --- [kground-preinit] o.apache.tomcat.util.digester.Digester   :   Fire begin() for SetPropertiesRule[]
2019-12-06 11:18:40.872 DEBUG 7503 --- [kground-preinit] o.apache.tomcat.util.digester.Digester   : [SetPropertiesRule]{mbeans-descriptors/mbean/attribute} Set org.apache.tomcat.util.modeler.AttributeInfo properties
2019-12-06 11:18:40.872 DEBUG 7503 --- [kground-preinit] o.apache.tomcat.util.digester.Digester   : [SetPropertiesRule]{mbeans-descriptors/mbean/attribute} Setting property 'name' to 'disableProxyCaching'
2019-12-06 11:18:40.872 DEBUG 7503 --- [kground-preinit] o.apache.tomcat.util.IntrospectionUtils  : IntrospectionUtils: setProperty(class org.apache.tomcat.util.modeler.AttributeInfo name=disableProxyCaching)
2019-12-06 11:18:40.872 DEBUG 7503 --- [kground-preinit] o.apache.tomcat.util.digester.Digester   : [SetPropertiesRule]{mbeans-descriptors/mbean/attribute} Setting property 'description' to 'Controls the caching of pages that are protected by security constraints'
2019-12-06 11:18:40.872 DEBUG 7503 --- [kground-preinit] o.apache.tomcat.util.IntrospectionUtils  : IntrospectionUtils: setProperty(class org.apache.tomcat.util.modeler.AttributeInfo description=Controls the caching of pages that are protected by security constraints)
2019-12-06 11:18:40.872 DEBUG 7503 --- [kground-preinit] o.apache.tomcat.util.digester.Digester   : [SetPropertiesRule]{mbeans-descriptors/mbean/attribute} Setting property 'type' to 'boolean'
2019-12-06 11:18:40.872 DEBUG 7503 --- [kground-preinit] o.apache.tomcat.util.IntrospectionUtils  : IntrospectionUtils: setProperty(class org.apache.tomcat.util.modeler.AttributeInfo type=boolean)
2019-12-06 11:18:40.872 DEBUG 7503 --- [kground-preinit] o.apache.tomcat.util.digester.Digester   :   Fire begin() for SetNextRule[methodName=addAttribute, paramType=org.apache.tomcat.util.modeler.AttributeInfo]
2019-12-06 11:18:40.872 DEBUG 7503 --- [kground-preinit] o.a.tomcat.util.digester.Digester.sax    : endElement(,,attribute)
2019-12-06 11:18:40.873 DEBUG 7503 --- [kground-preinit] o.apache.tomcat.util.digester.Digester   :   match='mbeans-descriptors/mbean/attribute'
2019-12-06 11:18:40.873 DEBUG 7503 --- [kground-preinit] o.apache.tomcat.util.digester.Digester   :   bodyText=''
2019-12-06 11:18:40.873 DEBUG 7503 --- [kground-preinit] o.apache.tomcat.util.digester.Digester   :   Fire body() for ObjectCreateRule[className=org.apache.tomcat.util.modeler.AttributeInfo, attributeName=null]
2019-12-06 11:18:40.873 DEBUG 7503 --- [kground-preinit] o.apache.tomcat.util.digester.Digester   :   Fire body() for SetPropertiesRule[]
2019-12-06 11:18:40.873 DEBUG 7503 --- [kground-preinit] o.apache.tomcat.util.digester.Digester   :   Fire body() for SetNextRule[methodName=addAttribute, paramType=org.apache.tomcat.util.modeler.AttributeInfo]
2019-12-06 11:18:40.873 DEBUG 7503 --- [kground-preinit] o.apache.tomcat.util.digester.Digester   :   Fire end() for SetNextRule[methodName=addAttribute, paramType=org.apache.tomcat.util.modeler.AttributeInfo]
2019-12-06 11:18:40.873 DEBUG 7503 --- [kground-preinit] o.apache.tomcat.util.digester.Digester   : [SetNextRule]{mbeans-descriptors/mbean/attribute} Call org.apache.tomcat.util.modeler.ManagedBean.addAttribute(org.apache.tomcat.util.modeler.AttributeInfo@2db23041)
2019-12-06 11:18:40.873 DEBUG 7503 --- [kground-preinit] o.apache.tomcat.util.IntrospectionUtils  : IntrospectionUtils: callMethod1 org.apache.tomcat.util.modeler.ManagedBean org.apache.tomcat.util.modeler.AttributeInfo org.apache.tomcat.util.modeler.AttributeInfo
2019-12-06 11:18:40.873 DEBUG 7503 --- [kground-preinit] o.apache.tomcat.util.digester.Digester   :   Fire end() for SetPropertiesRule[]
2019-12-06 11:18:40.873 DEBUG 7503 --- [kground-preinit] o.apache.tomcat.util.digester.Digester   :   Fire end() for ObjectCreateRule[className=org.apache.tomcat.util.modeler.AttributeInfo, attributeName=null]
2019-12-06 11:18:40.874 DEBUG 7503 --- [kground-preinit] o.apache.tomcat.util.digester.Digester   : [ObjectCreateRule]{mbeans-descriptors/mbean/attribute} Pop org.apache.tomcat.util.modeler.AttributeInfo
2019-12-06 11:18:40.874 DEBUG 7503 --- [kground-preinit] o.a.tomcat.util.digester.Digester.sax    : characters(

    )
2019-12-06 11:18:40.874 DEBUG 7503 --- [kground-preinit] o.a.tomcat.util.digester.Digester.sax    : startElement(,,attribute)
2019-12-06 11:18:40.874 DEBUG 7503 --- [kground-preinit] o.apache.tomcat.util.digester.Digester   :   New match='mbeans-descriptors/mbean/attribute'
2019-12-06 11:18:40.874 DEBUG 7503 --- [kground-preinit] o.apache.tomcat.util.digester.Digester   :   Fire begin() for ObjectCreateRule[className=org.apache.tomcat.util.modeler.AttributeInfo, attributeName=null]
2019-12-06 11:18:40.874 DEBUG 7503 --- [kground-preinit] o.apache.tomcat.util.digester.Digester   :   Fire begin() for SetPropertiesRule[]
2019-12-06 11:18:40.874 DEBUG 7503 --- [kground-preinit] o.apache.tomcat.util.digester.Digester   : [SetPropertiesRule]{mbeans-descriptors/mbean/attribute} Set org.apache.tomcat.util.modeler.AttributeInfo properties
2019-12-06 11:18:40.874 DEBUG 7503 --- [kground-preinit] o.apache.tomcat.util.digester.Digester   : [SetPropertiesRule]{mbeans-descriptors/mbean/attribute} Setting property 'name' to 'securePagesWithPragma'
2019-12-06 11:18:40.874 DEBUG 7503 --- [kground-preinit] o.apache.tomcat.util.IntrospectionUtils  : IntrospectionUtils: setProperty(class org.apache.tomcat.util.modeler.AttributeInfo name=securePagesWithPragma)
2019-12-06 11:18:40.875 DEBUG 7503 --- [kground-preinit] o.apache.tomcat.util.digester.Digester   : [SetPropertiesRule]{mbeans-descriptors/mbean/attribute} Setting property 'description' to 'Controls the caching of pages that are protected by security constraints'
2019-12-06 11:18:40.875 DEBUG 7503 --- [kground-preinit] o.apache.tomcat.util.IntrospectionUtils  : IntrospectionUtils: setProperty(class org.apache.tomcat.util.modeler.AttributeInfo description=Controls the caching of pages that are protected by security constraints)
2019-12-06 11:18:40.875 DEBUG 7503 --- [kground-preinit] o.apache.tomcat.util.digester.Digester   : [SetPropertiesRule]{mbeans-descriptors/mbean/attribute} Setting property 'type' to 'boolean'
2019-12-06 11:18:40.875 DEBUG 7503 --- [kground-preinit] o.apache.tomcat.util.IntrospectionUtils  : IntrospectionUtils: setProperty(class org.apache.tomcat.util.modeler.AttributeInfo type=boolean)
2019-12-06 11:18:40.875 DEBUG 7503 --- [kground-preinit] o.apache.tomcat.util.digester.Digester   :   Fire begin() for SetNextRule[methodName=addAttribute, paramType=org.apache.tomcat.util.modeler.AttributeInfo]
2019-12-06 11:18:40.875 DEBUG 7503 --- [kground-preinit] o.a.tomcat.util.digester.Digester.sax    : endElement(,,attribute)
2019-12-06 11:18:40.875 DEBUG 7503 --- [kground-preinit] o.apache.tomcat.util.digester.Digester   :   match='mbeans-descriptors/mbean/attribute'
2019-12-06 11:18:40.875 DEBUG 7503 --- [kground-preinit] o.apache.tomcat.util.digester.Digester   :   bodyText=''
2019-12-06 11:18:40.875 DEBUG 7503 --- [kground-preinit] o.apache.tomcat.util.digester.Digester   :   Fire body() for ObjectCreateRule[className=org.apache.tomcat.util.modeler.AttributeInfo, attributeName=null]
2019-12-06 11:18:40.875 DEBUG 7503 --- [kground-preinit] o.apache.tomcat.util.digester.Digester   :   Fire body() for SetPropertiesRule[]
2019-12-06 11:18:40.876 DEBUG 7503 --- [kground-preinit] o.apache.tomcat.util.digester.Digester   :   Fire body() for SetNextRule[methodName=addAttribute, paramType=org.apache.tomcat.util.modeler.AttributeInfo]
2019-12-06 11:18:40.876 DEBUG 7503 --- [kground-preinit] o.apache.tomcat.util.digester.Digester   :   Fire end() for SetNextRule[methodName=addAttribute, paramType=org.apache.tomcat.util.modeler.AttributeInfo]
2019-12-06 11:18:40.876 DEBUG 7503 --- [kground-preinit] o.apache.tomcat.util.digester.Digester   : [SetNextRule]{mbeans-descriptors/mbean/attribute} Call org.apache.tomcat.util.modeler.ManagedBean.addAttribute(org.apache.tomcat.util.modeler.AttributeInfo@2048b5ad)
2019-12-06 11:18:40.876 DEBUG 7503 --- [kground-preinit] o.apache.tomcat.util.IntrospectionUtils  : IntrospectionUtils: callMethod1 org.apache.tomcat.util.modeler.ManagedBean org.apache.tomcat.util.modeler.AttributeInfo org.apache.tomcat.util.modeler.AttributeInfo
2019-12-06 11:18:40.876 DEBUG 7503 --- [kground-preinit] o.apache.tomcat.util.digester.Digester   :   Fire end() for SetPropertiesRule[]
2019-12-06 11:18:40.876 DEBUG 7503 --- [kground-preinit] o.apache.tomcat.util.digester.Digester   :   Fire end() for ObjectCreateRule[className=org.apache.tomcat.util.modeler.AttributeInfo, attributeName=null]
2019-12-06 11:18:40.876 DEBUG 7503 --- [kground-preinit] o.apache.tomcat.util.digester.Digester   : [ObjectCreateRule]{mbeans-descriptors/mbean/attribute} Pop org.apache.tomcat.util.modeler.AttributeInfo
2019-12-06 11:18:40.876 DEBUG 7503 --- [kground-preinit] o.a.tomcat.util.digester.Digester.sax    : characters(

    )
2019-12-06 11:18:40.876 DEBUG 7503 --- [kground-preinit] o.a.tomcat.util.digester.Digester.sax    : startElement(,,attribute)
2019-12-06 11:18:40.877 DEBUG 7503 --- [kground-preinit] o.apache.tomcat.util.digester.Digester   :   New match='mbeans-descriptors/mbean/attribute'
2019-12-06 11:18:40.877 DEBUG 7503 --- [kground-preinit] o.apache.tomcat.util.digester.Digester   :   Fire begin() for ObjectCreateRule[className=org.apache.tomcat.util.modeler.AttributeInfo, attributeName=null]
2019-12-06 11:18:40.877 DEBUG 7503 --- [kground-preinit] o.apache.tomcat.util.digester.Digester   :   Fire begin() for SetPropertiesRule[]
2019-12-06 11:18:40.877 DEBUG 7503 --- [kground-preinit] o.apache.tomcat.util.digester.Digester   : [SetPropertiesRule]{mbeans-descriptors/mbean/attribute} Set org.apache.tomcat.util.modeler.AttributeInfo properties
2019-12-06 11:18:40.877 DEBUG 7503 --- [kground-preinit] o.apache.tomcat.util.digester.Digester   : [SetPropertiesRule]{mbeans-descriptors/mbean/attribute} Setting property 'name' to 'secureRandomAlgorithm'
2019-12-06 11:18:40.877 DEBUG 7503 --- [kground-preinit] o.apache.tomcat.util.IntrospectionUtils  : IntrospectionUtils: setProperty(class org.apache.tomcat.util.modeler.AttributeInfo name=secureRandomAlgorithm)
2019-12-06 11:18:40.877 DEBUG 7503 --- [kground-preinit] o.apache.tomcat.util.digester.Digester   : [SetPropertiesRule]{mbeans-descriptors/mbean/attribute} Setting property 'description' to 'The name of the algorithm to use for SSO session ID generation'
2019-12-06 11:18:40.877 DEBUG 7503 --- [kground-preinit] o.apache.tomcat.util.IntrospectionUtils  : IntrospectionUtils: setProperty(class org.apache.tomcat.util.modeler.AttributeInfo description=The name of the algorithm to use for SSO session ID generation)
2019-12-06 11:18:40.877 DEBUG 7503 --- [kground-preinit] o.apache.tomcat.util.digester.Digester   : [SetPropertiesRule]{mbeans-descriptors/mbean/attribute} Setting property 'type' to 'java.lang.String'
2019-12-06 11:18:40.877 DEBUG 7503 --- [kground-preinit] o.apache.tomcat.util.IntrospectionUtils  : IntrospectionUtils: setProperty(class org.apache.tomcat.util.modeler.AttributeInfo type=java.lang.String)
2019-12-06 11:18:40.878 DEBUG 7503 --- [kground-preinit] o.apache.tomcat.util.digester.Digester   :   Fire begin() for SetNextRule[methodName=addAttribute, paramType=org.apache.tomcat.util.modeler.AttributeInfo]
2019-12-06 11:18:40.878 DEBUG 7503 --- [kground-preinit] o.a.tomcat.util.digester.Digester.sax    : endElement(,,attribute)
2019-12-06 11:18:40.878 DEBUG 7503 --- [kground-preinit] o.apache.tomcat.util.digester.Digester   :   match='mbeans-descriptors/mbean/attribute'
2019-12-06 11:18:40.878 DEBUG 7503 --- [kground-preinit] o.apache.tomcat.util.digester.Digester   :   bodyText=''
2019-12-06 11:18:40.878 DEBUG 7503 --- [kground-preinit] o.apache.tomcat.util.digester.Digester   :   Fire body() for ObjectCreateRule[className=org.apache.tomcat.util.modeler.AttributeInfo, attributeName=null]
2019-12-06 11:18:40.878 DEBUG 7503 --- [kground-preinit] o.apache.tomcat.util.digester.Digester   :   Fire body() for SetPropertiesRule[]
2019-12-06 11:18:40.878 DEBUG 7503 --- [kground-preinit] o.apache.tomcat.util.digester.Digester   :   Fire body() for SetNextRule[methodName=addAttribute, paramType=org.apache.tomcat.util.modeler.AttributeInfo]
2019-12-06 11:18:40.878 DEBUG 7503 --- [kground-preinit] o.apache.tomcat.util.digester.Digester   :   Fire end() for SetNextRule[methodName=addAttribute, paramType=org.apache.tomcat.util.modeler.AttributeInfo]
2019-12-06 11:18:40.878 DEBUG 7503 --- [kground-preinit] o.apache.tomcat.util.digester.Digester   : [SetNextRule]{mbeans-descriptors/mbean/attribute} Call org.apache.tomcat.util.modeler.ManagedBean.addAttribute(org.apache.tomcat.util.modeler.AttributeInfo@42bbfad6)
2019-12-06 11:18:40.878 DEBUG 7503 --- [kground-preinit] o.apache.tomcat.util.IntrospectionUtils  : IntrospectionUtils: callMethod1 org.apache.tomcat.util.modeler.ManagedBean org.apache.tomcat.util.modeler.AttributeInfo org.apache.tomcat.util.modeler.AttributeInfo
2019-12-06 11:18:40.879 DEBUG 7503 --- [kground-preinit] o.apache.tomcat.util.digester.Digester   :   Fire end() for SetPropertiesRule[]
2019-12-06 11:18:40.879 DEBUG 7503 --- [kground-preinit] o.apache.tomcat.util.digester.Digester   :   Fire end() for ObjectCreateRule[className=org.apache.tomcat.util.modeler.AttributeInfo, attributeName=null]
2019-12-06 11:18:40.879 DEBUG 7503 --- [kground-preinit] o.apache.tomcat.util.digester.Digester   : [ObjectCreateRule]{mbeans-descriptors/mbean/attribute} Pop org.apache.tomcat.util.modeler.AttributeInfo
2019-12-06 11:18:40.879 DEBUG 7503 --- [kground-preinit] o.a.tomcat.util.digester.Digester.sax    : characters(

    )
2019-12-06 11:18:40.879 DEBUG 7503 --- [kground-preinit] o.a.tomcat.util.digester.Digester.sax    : startElement(,,attribute)
2019-12-06 11:18:40.879 DEBUG 7503 --- [kground-preinit] o.apache.tomcat.util.digester.Digester   :   New match='mbeans-descriptors/mbean/attribute'
2019-12-06 11:18:40.879 DEBUG 7503 --- [kground-preinit] o.apache.tomcat.util.digester.Digester   :   Fire begin() for ObjectCreateRule[className=org.apache.tomcat.util.modeler.AttributeInfo, attributeName=null]
2019-12-06 11:18:40.879 DEBUG 7503 --- [kground-preinit] o.apache.tomcat.util.digester.Digester   :   Fire begin() for SetPropertiesRule[]
2019-12-06 11:18:40.879 DEBUG 7503 --- [kground-preinit] o.apache.tomcat.util.digester.Digester   : [SetPropertiesRule]{mbeans-descriptors/mbean/attribute} Set org.apache.tomcat.util.modeler.AttributeInfo properties
2019-12-06 11:18:40.880 DEBUG 7503 --- [kground-preinit] o.apache.tomcat.util.digester.Digester   : [SetPropertiesRule]{mbeans-descriptors/mbean/attribute} Setting property 'name' to 'secureRandomClass'
2019-12-06 11:18:40.880 DEBUG 7503 --- [kground-preinit] o.apache.tomcat.util.IntrospectionUtils  : IntrospectionUtils: setProperty(class org.apache.tomcat.util.modeler.AttributeInfo name=secureRandomClass)
2019-12-06 11:18:40.880 DEBUG 7503 --- [kground-preinit] o.apache.tomcat.util.digester.Digester   : [SetPropertiesRule]{mbeans-descriptors/mbean/attribute} Setting property 'description' to 'The name of the class to use for SSO session ID generation'
2019-12-06 11:18:40.880 DEBUG 7503 --- [kground-preinit] o.apache.tomcat.util.IntrospectionUtils  : IntrospectionUtils: setProperty(class org.apache.tomcat.util.modeler.AttributeInfo description=The name of the class to use for SSO session ID generation)
2019-12-06 11:18:40.880 DEBUG 7503 --- [kground-preinit] o.apache.tomcat.util.digester.Digester   : [SetPropertiesRule]{mbeans-descriptors/mbean/attribute} Setting property 'type' to 'java.lang.String'
2019-12-06 11:18:40.880 DEBUG 7503 --- [kground-preinit] o.apache.tomcat.util.IntrospectionUtils  : IntrospectionUtils: setProperty(class org.apache.tomcat.util.modeler.AttributeInfo type=java.lang.String)
2019-12-06 11:18:40.880 DEBUG 7503 --- [kground-preinit] o.apache.tomcat.util.digester.Digester   :   Fire begin() for SetNextRule[methodName=addAttribute, paramType=org.apache.tomcat.util.modeler.AttributeInfo]
2019-12-06 11:18:40.880 DEBUG 7503 --- [kground-preinit] o.a.tomcat.util.digester.Digester.sax    : endElement(,,attribute)
2019-12-06 11:18:40.880 DEBUG 7503 --- [kground-preinit] o.apache.tomcat.util.digester.Digester   :   match='mbeans-descriptors/mbean/attribute'
2019-12-06 11:18:40.880 DEBUG 7503 --- [kground-preinit] o.apache.tomcat.util.digester.Digester   :   bodyText=''
2019-12-06 11:18:40.881 DEBUG 7503 --- [kground-preinit] o.apache.tomcat.util.digester.Digester   :   Fire body() for ObjectCreateRule[className=org.apache.tomcat.util.modeler.AttributeInfo, attributeName=null]
2019-12-06 11:18:40.881 DEBUG 7503 --- [kground-preinit] o.apache.tomcat.util.digester.Digester   :   Fire body() for SetPropertiesRule[]
2019-12-06 11:18:40.881 DEBUG 7503 --- [kground-preinit] o.apache.tomcat.util.digester.Digester   :   Fire body() for SetNextRule[methodName=addAttribute, paramType=org.apache.tomcat.util.modeler.AttributeInfo]
2019-12-06 11:18:40.881 DEBUG 7503 --- [kground-preinit] o.apache.tomcat.util.digester.Digester   :   Fire end() for SetNextRule[methodName=addAttribute, paramType=org.apache.tomcat.util.modeler.AttributeInfo]
2019-12-06 11:18:40.881 DEBUG 7503 --- [kground-preinit] o.apache.tomcat.util.digester.Digester   : [SetNextRule]{mbeans-descriptors/mbean/attribute} Call org.apache.tomcat.util.modeler.ManagedBean.addAttribute(org.apache.tomcat.util.modeler.AttributeInfo@19dc7cb8)
2019-12-06 11:18:40.881 DEBUG 7503 --- [kground-preinit] o.apache.tomcat.util.IntrospectionUtils  : IntrospectionUtils: callMethod1 org.apache.tomcat.util.modeler.ManagedBean org.apache.tomcat.util.modeler.AttributeInfo org.apache.tomcat.util.modeler.AttributeInfo
2019-12-06 11:18:40.881 DEBUG 7503 --- [kground-preinit] o.apache.tomcat.util.digester.Digester   :   Fire end() for SetPropertiesRule[]
2019-12-06 11:18:40.881 DEBUG 7503 --- [kground-preinit] o.apache.tomcat.util.digester.Digester   :   Fire end() for ObjectCreateRule[className=org.apache.tomcat.util.modeler.AttributeInfo, attributeName=null]
2019-12-06 11:18:40.881 DEBUG 7503 --- [kground-preinit] o.apache.tomcat.util.digester.Digester   : [ObjectCreateRule]{mbeans-descriptors/mbean/attribute} Pop org.apache.tomcat.util.modeler.AttributeInfo
2019-12-06 11:18:40.881 DEBUG 7503 --- [kground-preinit] o.a.tomcat.util.digester.Digester.sax    : characters(

    )
2019-12-06 11:18:40.882 DEBUG 7503 --- [kground-preinit] o.a.tomcat.util.digester.Digester.sax    : startElement(,,attribute)
2019-12-06 11:18:40.882 DEBUG 7503 --- [kground-preinit] o.apache.tomcat.util.digester.Digester   :   New match='mbeans-descriptors/mbean/attribute'
2019-12-06 11:18:40.882 DEBUG 7503 --- [kground-preinit] o.apache.tomcat.util.digester.Digester   :   Fire begin() for ObjectCreateRule[className=org.apache.tomcat.util.modeler.AttributeInfo, attributeName=null]
2019-12-06 11:18:40.882 DEBUG 7503 --- [kground-preinit] o.apache.tomcat.util.digester.Digester   :   Fire begin() for SetPropertiesRule[]
2019-12-06 11:18:40.882 DEBUG 7503 --- [kground-preinit] o.apache.tomcat.util.digester.Digester   : [SetPropertiesRule]{mbeans-descriptors/mbean/attribute} Set org.apache.tomcat.util.modeler.AttributeInfo properties
2019-12-06 11:18:40.882 DEBUG 7503 --- [kground-preinit] o.apache.tomcat.util.digester.Digester   : [SetPropertiesRule]{mbeans-descriptors/mbean/attribute} Setting property 'name' to 'secureRandomProvider'
2019-12-06 11:18:40.882 DEBUG 7503 --- [kground-preinit] o.apache.tomcat.util.IntrospectionUtils  : IntrospectionUtils: setProperty(class org.apache.tomcat.util.modeler.AttributeInfo name=secureRandomProvider)
2019-12-06 11:18:40.882 DEBUG 7503 --- [kground-preinit] o.apache.tomcat.util.digester.Digester   : [SetPropertiesRule]{mbeans-descriptors/mbean/attribute} Setting property 'description' to 'The name of the provider to use for SSO session ID generation'
2019-12-06 11:18:40.883 DEBUG 7503 --- [kground-preinit] o.apache.tomcat.util.IntrospectionUtils  : IntrospectionUtils: setProperty(class org.apache.tomcat.util.modeler.AttributeInfo description=The name of the provider to use for SSO session ID generation)
2019-12-06 11:18:40.883 DEBUG 7503 --- [kground-preinit] o.apache.tomcat.util.digester.Digester   : [SetPropertiesRule]{mbeans-descriptors/mbean/attribute} Setting property 'type' to 'java.lang.String'
2019-12-06 11:18:40.883 DEBUG 7503 --- [kground-preinit] o.apache.tomcat.util.IntrospectionUtils  : IntrospectionUtils: setProperty(class org.apache.tomcat.util.modeler.AttributeInfo type=java.lang.String)
2019-12-06 11:18:40.883 DEBUG 7503 --- [kground-preinit] o.apache.tomcat.util.digester.Digester   :   Fire begin() for SetNextRule[methodName=addAttribute, paramType=org.apache.tomcat.util.modeler.AttributeInfo]
2019-12-06 11:18:40.883 DEBUG 7503 --- [kground-preinit] o.a.tomcat.util.digester.Digester.sax    : endElement(,,attribute)
2019-12-06 11:18:40.883 DEBUG 7503 --- [kground-preinit] o.apache.tomcat.util.digester.Digester   :   match='mbeans-descriptors/mbean/attribute'
2019-12-06 11:18:40.883 DEBUG 7503 --- [kground-preinit] o.apache.tomcat.util.digester.Digester   :   bodyText=''
2019-12-06 11:18:40.883 DEBUG 7503 --- [kground-preinit] o.apache.tomcat.util.digester.Digester   :   Fire body() for ObjectCreateRule[className=org.apache.tomcat.util.modeler.AttributeInfo, attributeName=null]
2019-12-06 11:18:40.883 DEBUG 7503 --- [kground-preinit] o.apache.tomcat.util.digester.Digester   :   Fire body() for SetPropertiesRule[]
2019-12-06 11:18:40.884 DEBUG 7503 --- [kground-preinit] o.apache.tomcat.util.digester.Digester   :   Fire body() for SetNextRule[methodName=addAttribute, paramType=org.apache.tomcat.util.modeler.AttributeInfo]
2019-12-06 11:18:40.884 DEBUG 7503 --- [kground-preinit] o.apache.tomcat.util.digester.Digester   :   Fire end() for SetNextRule[methodName=addAttribute, paramType=org.apache.tomcat.util.modeler.AttributeInfo]
2019-12-06 11:18:40.884 DEBUG 7503 --- [kground-preinit] o.apache.tomcat.util.digester.Digester   : [SetNextRule]{mbeans-descriptors/mbean/attribute} Call org.apache.tomcat.util.modeler.ManagedBean.addAttribute(org.apache.tomcat.util.modeler.AttributeInfo@25d067fa)
2019-12-06 11:18:40.884 DEBUG 7503 --- [kground-preinit] o.apache.tomcat.util.IntrospectionUtils  : IntrospectionUtils: callMethod1 org.apache.tomcat.util.modeler.ManagedBean org.apache.tomcat.util.modeler.AttributeInfo org.apache.tomcat.util.modeler.AttributeInfo
2019-12-06 11:18:40.884 DEBUG 7503 --- [kground-preinit] o.apache.tomcat.util.digester.Digester   :   Fire end() for SetPropertiesRule[]
2019-12-06 11:18:40.884 DEBUG 7503 --- [kground-preinit] o.apache.tomcat.util.digester.Digester   :   Fire end() for ObjectCreateRule[className=org.apache.tomcat.util.modeler.AttributeInfo, attributeName=null]
2019-12-06 11:18:40.884 DEBUG 7503 --- [kground-preinit] o.apache.tomcat.util.digester.Digester   : [ObjectCreateRule]{mbeans-descriptors/mbean/attribute} Pop org.apache.tomcat.util.modeler.AttributeInfo
2019-12-06 11:18:40.884 DEBUG 7503 --- [kground-preinit] o.a.tomcat.util.digester.Digester.sax    : characters(

    )
2019-12-06 11:18:40.884 DEBUG 7503 --- [kground-preinit] o.a.tomcat.util.digester.Digester.sax    : startElement(,,attribute)
2019-12-06 11:18:40.884 DEBUG 7503 --- [kground-preinit] o.apache.tomcat.util.digester.Digester   :   New match='mbeans-descriptors/mbean/attribute'
2019-12-06 11:18:40.885 DEBUG 7503 --- [kground-preinit] o.apache.tomcat.util.digester.Digester   :   Fire begin() for ObjectCreateRule[className=org.apache.tomcat.util.modeler.AttributeInfo, attributeName=null]
2019-12-06 11:18:40.885 DEBUG 7503 --- [kground-preinit] o.apache.tomcat.util.digester.Digester   :   Fire begin() for SetPropertiesRule[]
2019-12-06 11:18:40.885 DEBUG 7503 --- [kground-preinit] o.apache.tomcat.util.digester.Digester   : [SetPropertiesRule]{mbeans-descriptors/mbean/attribute} Set org.apache.tomcat.util.modeler.AttributeInfo properties
2019-12-06 11:18:40.885 DEBUG 7503 --- [kground-preinit] o.apache.tomcat.util.digester.Digester   : [SetPropertiesRule]{mbeans-descriptors/mbean/attribute} Setting property 'name' to 'stateName'
2019-12-06 11:18:40.885 DEBUG 7503 --- [kground-preinit] o.apache.tomcat.util.IntrospectionUtils  : IntrospectionUtils: setProperty(class org.apache.tomcat.util.modeler.AttributeInfo name=stateName)
2019-12-06 11:18:40.885 DEBUG 7503 --- [kground-preinit] o.apache.tomcat.util.digester.Digester   : [SetPropertiesRule]{mbeans-descriptors/mbean/attribute} Setting property 'description' to 'The name of the LifecycleState that this component is currently in'
2019-12-06 11:18:40.885 DEBUG 7503 --- [kground-preinit] o.apache.tomcat.util.IntrospectionUtils  : IntrospectionUtils: setProperty(class org.apache.tomcat.util.modeler.AttributeInfo description=The name of the LifecycleState that this component is currently in)
2019-12-06 11:18:40.885 DEBUG 7503 --- [kground-preinit] o.apache.tomcat.util.digester.Digester   : [SetPropertiesRule]{mbeans-descriptors/mbean/attribute} Setting property 'type' to 'java.lang.String'
2019-12-06 11:18:40.885 DEBUG 7503 --- [kground-preinit] o.apache.tomcat.util.IntrospectionUtils  : IntrospectionUtils: setProperty(class org.apache.tomcat.util.modeler.AttributeInfo type=java.lang.String)
2019-12-06 11:18:40.886 DEBUG 7503 --- [kground-preinit] o.apache.tomcat.util.digester.Digester   : [SetPropertiesRule]{mbeans-descriptors/mbean/attribute} Setting property 'writeable' to 'false'
2019-12-06 11:18:40.886 DEBUG 7503 --- [kground-preinit] o.apache.tomcat.util.IntrospectionUtils  : IntrospectionUtils: setProperty(class org.apache.tomcat.util.modeler.AttributeInfo writeable=false)
2019-12-06 11:18:40.886 DEBUG 7503 --- [kground-preinit] o.apache.tomcat.util.digester.Digester   :   Fire begin() for SetNextRule[methodName=addAttribute, paramType=org.apache.tomcat.util.modeler.AttributeInfo]
2019-12-06 11:18:40.886 DEBUG 7503 --- [kground-preinit] o.a.tomcat.util.digester.Digester.sax    : endElement(,,attribute)
2019-12-06 11:18:40.886 DEBUG 7503 --- [kground-preinit] o.apache.tomcat.util.digester.Digester   :   match='mbeans-descriptors/mbean/attribute'
2019-12-06 11:18:40.886 DEBUG 7503 --- [kground-preinit] o.apache.tomcat.util.digester.Digester   :   bodyText=''
2019-12-06 11:18:40.886 DEBUG 7503 --- [kground-preinit] o.apache.tomcat.util.digester.Digester   :   Fire body() for ObjectCreateRule[className=org.apache.tomcat.util.modeler.AttributeInfo, attributeName=null]
2019-12-06 11:18:40.886 DEBUG 7503 --- [kground-preinit] o.apache.tomcat.util.digester.Digester   :   Fire body() for SetPropertiesRule[]
2019-12-06 11:18:40.886 DEBUG 7503 --- [kground-preinit] o.apache.tomcat.util.digester.Digester   :   Fire body() for SetNextRule[methodName=addAttribute, paramType=org.apache.tomcat.util.modeler.AttributeInfo]
2019-12-06 11:18:40.886 DEBUG 7503 --- [kground-preinit] o.apache.tomcat.util.digester.Digester   :   Fire end() for SetNextRule[methodName=addAttribute, paramType=org.apache.tomcat.util.modeler.AttributeInfo]
2019-12-06 11:18:40.887 DEBUG 7503 --- [kground-preinit] o.apache.tomcat.util.digester.Digester   : [SetNextRule]{mbeans-descriptors/mbean/attribute} Call org.apache.tomcat.util.modeler.ManagedBean.addAttribute(org.apache.tomcat.util.modeler.AttributeInfo@40504b30)
2019-12-06 11:18:40.887 DEBUG 7503 --- [kground-preinit] o.apache.tomcat.util.IntrospectionUtils  : IntrospectionUtils: callMethod1 org.apache.tomcat.util.modeler.ManagedBean org.apache.tomcat.util.modeler.AttributeInfo org.apache.tomcat.util.modeler.AttributeInfo
2019-12-06 11:18:40.887 DEBUG 7503 --- [kground-preinit] o.apache.tomcat.util.digester.Digester   :   Fire end() for SetPropertiesRule[]
2019-12-06 11:18:40.887 DEBUG 7503 --- [kground-preinit] o.apache.tomcat.util.digester.Digester   :   Fire end() for ObjectCreateRule[className=org.apache.tomcat.util.modeler.AttributeInfo, attributeName=null]
2019-12-06 11:18:40.887 DEBUG 7503 --- [kground-preinit] o.apache.tomcat.util.digester.Digester   : [ObjectCreateRule]{mbeans-descriptors/mbean/attribute} Pop org.apache.tomcat.util.modeler.AttributeInfo
2019-12-06 11:18:40.887 DEBUG 7503 --- [kground-preinit] o.a.tomcat.util.digester.Digester.sax    : characters(

    )
2019-12-06 11:18:40.887 DEBUG 7503 --- [kground-preinit] o.a.tomcat.util.digester.Digester.sax    : startElement(,,attribute)
2019-12-06 11:18:40.887 DEBUG 7503 --- [kground-preinit] o.apache.tomcat.util.digester.Digester   :   New match='mbeans-descriptors/mbean/attribute'
2019-12-06 11:18:40.887 DEBUG 7503 --- [kground-preinit] o.apache.tomcat.util.digester.Digester   :   Fire begin() for ObjectCreateRule[className=org.apache.tomcat.util.modeler.AttributeInfo, attributeName=null]
2019-12-06 11:18:40.888 DEBUG 7503 --- [kground-preinit] o.apache.tomcat.util.digester.Digester   :   Fire begin() for SetPropertiesRule[]
2019-12-06 11:18:40.888 DEBUG 7503 --- [kground-preinit] o.apache.tomcat.util.digester.Digester   : [SetPropertiesRule]{mbeans-descriptors/mbean/attribute} Set org.apache.tomcat.util.modeler.AttributeInfo properties
2019-12-06 11:18:40.888 DEBUG 7503 --- [kground-preinit] o.apache.tomcat.util.digester.Digester   : [SetPropertiesRule]{mbeans-descriptors/mbean/attribute} Setting property 'name' to 'trimCredentials'
2019-12-06 11:18:40.888 DEBUG 7503 --- [kground-preinit] o.apache.tomcat.util.IntrospectionUtils  : IntrospectionUtils: setProperty(class org.apache.tomcat.util.modeler.AttributeInfo name=trimCredentials)
2019-12-06 11:18:40.888 DEBUG 7503 --- [kground-preinit] o.apache.tomcat.util.digester.Digester   : [SetPropertiesRule]{mbeans-descriptors/mbean/attribute} Setting property 'description' to 'Controls whether leading and/or trailing whitespace is removed from the parsed credentials'
2019-12-06 11:18:40.888 DEBUG 7503 --- [kground-preinit] o.apache.tomcat.util.IntrospectionUtils  : IntrospectionUtils: setProperty(class org.apache.tomcat.util.modeler.AttributeInfo description=Controls whether leading and/or trailing whitespace is removed from the parsed credentials)
2019-12-06 11:18:40.888 DEBUG 7503 --- [kground-preinit] o.apache.tomcat.util.digester.Digester   : [SetPropertiesRule]{mbeans-descriptors/mbean/attribute} Setting property 'type' to 'boolean'
2019-12-06 11:18:40.888 DEBUG 7503 --- [kground-preinit] o.apache.tomcat.util.IntrospectionUtils  : IntrospectionUtils: setProperty(class org.apache.tomcat.util.modeler.AttributeInfo type=boolean)
2019-12-06 11:18:40.889 DEBUG 7503 --- [kground-preinit] o.apache.tomcat.util.digester.Digester   :   Fire begin() for SetNextRule[methodName=addAttribute, paramType=org.apache.tomcat.util.modeler.AttributeInfo]
2019-12-06 11:18:40.889 DEBUG 7503 --- [kground-preinit] o.a.tomcat.util.digester.Digester.sax    : endElement(,,attribute)
2019-12-06 11:18:40.889 DEBUG 7503 --- [kground-preinit] o.apache.tomcat.util.digester.Digester   :   match='mbeans-descriptors/mbean/attribute'
2019-12-06 11:18:40.889 DEBUG 7503 --- [kground-preinit] o.apache.tomcat.util.digester.Digester   :   bodyText=''
2019-12-06 11:18:40.889 DEBUG 7503 --- [kground-preinit] o.apache.tomcat.util.digester.Digester   :   Fire body() for ObjectCreateRule[className=org.apache.tomcat.util.modeler.AttributeInfo, attributeName=null]
2019-12-06 11:18:40.889 DEBUG 7503 --- [kground-preinit] o.apache.tomcat.util.digester.Digester   :   Fire body() for SetPropertiesRule[]
2019-12-06 11:18:40.889 DEBUG 7503 --- [kground-preinit] o.apache.tomcat.util.digester.Digester   :   Fire body() for SetNextRule[methodName=addAttribute, paramType=org.apache.tomcat.util.modeler.AttributeInfo]
2019-12-06 11:18:40.889 DEBUG 7503 --- [kground-preinit] o.apache.tomcat.util.digester.Digester   :   Fire end() for SetNextRule[methodName=addAttribute, paramType=org.apache.tomcat.util.modeler.AttributeInfo]
2019-12-06 11:18:40.889 DEBUG 7503 --- [kground-preinit] o.apache.tomcat.util.digester.Digester   : [SetNextRule]{mbeans-descriptors/mbean/attribute} Call org.apache.tomcat.util.modeler.ManagedBean.addAttribute(org.apache.tomcat.util.modeler.AttributeInfo@5da074a6)
2019-12-06 11:18:40.889 DEBUG 7503 --- [kground-preinit] o.apache.tomcat.util.IntrospectionUtils  : IntrospectionUtils: callMethod1 org.apache.tomcat.util.modeler.ManagedBean org.apache.tomcat.util.modeler.AttributeInfo org.apache.tomcat.util.modeler.AttributeInfo
2019-12-06 11:18:40.890 DEBUG 7503 --- [kground-preinit] o.apache.tomcat.util.digester.Digester   :   Fire end() for SetPropertiesRule[]
2019-12-06 11:18:40.890 DEBUG 7503 --- [kground-preinit] o.apache.tomcat.util.digester.Digester   :   Fire end() for ObjectCreateRule[className=org.apache.tomcat.util.modeler.AttributeInfo, attributeName=null]
2019-12-06 11:18:40.890 DEBUG 7503 --- [kground-preinit] o.apache.tomcat.util.digester.Digester   : [ObjectCreateRule]{mbeans-descriptors/mbean/attribute} Pop org.apache.tomcat.util.modeler.AttributeInfo
2019-12-06 11:18:40.890 DEBUG 7503 --- [kground-preinit] o.a.tomcat.util.digester.Digester.sax    : characters(
  )
2019-12-06 11:18:40.890 DEBUG 7503 --- [kground-preinit] o.a.tomcat.util.digester.Digester.sax    : endElement(,,mbean)
2019-12-06 11:18:40.890 DEBUG 7503 --- [kground-preinit] o.apache.tomcat.util.digester.Digester   :   match='mbeans-descriptors/mbean'
2019-12-06 11:18:40.890 DEBUG 7503 --- [kground-preinit] o.apache.tomcat.util.digester.Digester   :   bodyText='

    

    

    

    

    

    

    

    

    

    

    
  '
2019-12-06 11:18:40.890 DEBUG 7503 --- [kground-preinit] o.apache.tomcat.util.digester.Digester   :   Fire body() for ObjectCreateRule[className=org.apache.tomcat.util.modeler.ManagedBean, attributeName=null]
2019-12-06 11:18:40.890 DEBUG 7503 --- [kground-preinit] o.apache.tomcat.util.digester.Digester   :   Fire body() for SetPropertiesRule[]
2019-12-06 11:18:40.890 DEBUG 7503 --- [kground-preinit] o.apache.tomcat.util.digester.Digester   :   Fire body() for SetNextRule[methodName=add, paramType=java.lang.Object]
2019-12-06 11:18:40.891 DEBUG 7503 --- [kground-preinit] o.apache.tomcat.util.digester.Digester   :   Fire end() for SetNextRule[methodName=add, paramType=java.lang.Object]
2019-12-06 11:18:40.891 DEBUG 7503 --- [kground-preinit] o.apache.tomcat.util.digester.Digester   : [SetNextRule]{mbeans-descriptors/mbean} Call java.util.ArrayList.add(ManagedBean[name=BasicAuthenticator, className=org.apache.tomcat.util.modeler.BaseModelMBean, description=An Authenticator and Valve implementation of HTTP BASIC Authentication, group=Valve, type=org.apache.catalina.authenticator.BasicAuthenticator])
2019-12-06 11:18:40.891 DEBUG 7503 --- [kground-preinit] o.apache.tomcat.util.IntrospectionUtils  : IntrospectionUtils: callMethod1 java.util.ArrayList org.apache.tomcat.util.modeler.ManagedBean java.lang.Object
2019-12-06 11:18:40.891 DEBUG 7503 --- [kground-preinit] o.apache.tomcat.util.digester.Digester   :   Fire end() for SetPropertiesRule[]
2019-12-06 11:18:40.891 DEBUG 7503 --- [kground-preinit] o.apache.tomcat.util.digester.Digester   :   Fire end() for ObjectCreateRule[className=org.apache.tomcat.util.modeler.ManagedBean, attributeName=null]
2019-12-06 11:18:40.891 DEBUG 7503 --- [kground-preinit] o.apache.tomcat.util.digester.Digester   : [ObjectCreateRule]{mbeans-descriptors/mbean} Pop org.apache.tomcat.util.modeler.ManagedBean
2019-12-06 11:18:40.891 DEBUG 7503 --- [kground-preinit] o.a.tomcat.util.digester.Digester.sax    : characters(


  )
2019-12-06 11:18:40.891 DEBUG 7503 --- [kground-preinit] o.a.tomcat.util.digester.Digester.sax    : startElement(,,mbean)
2019-12-06 11:18:40.891 DEBUG 7503 --- [kground-preinit] o.apache.tomcat.util.digester.Digester   :   New match='mbeans-descriptors/mbean'
2019-12-06 11:18:40.891 DEBUG 7503 --- [kground-preinit] o.apache.tomcat.util.digester.Digester   :   Fire begin() for ObjectCreateRule[className=org.apache.tomcat.util.modeler.ManagedBean, attributeName=null]
2019-12-06 11:18:40.891 DEBUG 7503 --- [kground-preinit] o.apache.tomcat.util.digester.Digester   :   Fire begin() for SetPropertiesRule[]
2019-12-06 11:18:40.892 DEBUG 7503 --- [kground-preinit] o.apache.tomcat.util.digester.Digester   : [SetPropertiesRule]{mbeans-descriptors/mbean} Set org.apache.tomcat.util.modeler.ManagedBean properties
2019-12-06 11:18:40.892 DEBUG 7503 --- [kground-preinit] o.apache.tomcat.util.digester.Digester   : [SetPropertiesRule]{mbeans-descriptors/mbean} Setting property 'name' to 'DigestAuthenticator'
2019-12-06 11:18:40.892 DEBUG 7503 --- [kground-preinit] o.apache.tomcat.util.IntrospectionUtils  : IntrospectionUtils: setProperty(class org.apache.tomcat.util.modeler.ManagedBean name=DigestAuthenticator)
2019-12-06 11:18:40.892 DEBUG 7503 --- [kground-preinit] o.apache.tomcat.util.digester.Digester   : [SetPropertiesRule]{mbeans-descriptors/mbean} Setting property 'description' to 'An Authenticator and Valve implementation of HTTP DIGEST Authentication'
2019-12-06 11:18:40.892 DEBUG 7503 --- [kground-preinit] o.apache.tomcat.util.IntrospectionUtils  : IntrospectionUtils: setProperty(class org.apache.tomcat.util.modeler.ManagedBean description=An Authenticator and Valve implementation of HTTP DIGEST Authentication)
2019-12-06 11:18:40.892 DEBUG 7503 --- [kground-preinit] o.apache.tomcat.util.digester.Digester   : [SetPropertiesRule]{mbeans-descriptors/mbean} Setting property 'domain' to 'Catalina'
2019-12-06 11:18:40.892 DEBUG 7503 --- [kground-preinit] o.apache.tomcat.util.IntrospectionUtils  : IntrospectionUtils: setProperty(class org.apache.tomcat.util.modeler.ManagedBean domain=Catalina)
2019-12-06 11:18:40.892 DEBUG 7503 --- [kground-preinit] o.apache.tomcat.util.digester.Digester   : [SetPropertiesRule]{mbeans-descriptors/mbean} Setting property 'group' to 'Valve'
2019-12-06 11:18:40.892 DEBUG 7503 --- [kground-preinit] o.apache.tomcat.util.IntrospectionUtils  : IntrospectionUtils: setProperty(class org.apache.tomcat.util.modeler.ManagedBean group=Valve)
2019-12-06 11:18:40.893 DEBUG 7503 --- [kground-preinit] o.apache.tomcat.util.digester.Digester   : [SetPropertiesRule]{mbeans-descriptors/mbean} Setting property 'type' to 'org.apache.catalina.authenticator.DigestAuthenticator'
2019-12-06 11:18:40.893 DEBUG 7503 --- [kground-preinit] o.apache.tomcat.util.IntrospectionUtils  : IntrospectionUtils: setProperty(class org.apache.tomcat.util.modeler.ManagedBean type=org.apache.catalina.authenticator.DigestAuthenticator)
2019-12-06 11:18:40.893 DEBUG 7503 --- [kground-preinit] o.apache.tomcat.util.digester.Digester   :   Fire begin() for SetNextRule[methodName=add, paramType=java.lang.Object]
2019-12-06 11:18:40.893 DEBUG 7503 --- [kground-preinit] o.a.tomcat.util.digester.Digester.sax    : characters(

    )
2019-12-06 11:18:40.893 DEBUG 7503 --- [kground-preinit] o.a.tomcat.util.digester.Digester.sax    : startElement(,,attribute)
2019-12-06 11:18:40.893 DEBUG 7503 --- [kground-preinit] o.apache.tomcat.util.digester.Digester   :   New match='mbeans-descriptors/mbean/attribute'
2019-12-06 11:18:40.893 DEBUG 7503 --- [kground-preinit] o.apache.tomcat.util.digester.Digester   :   Fire begin() for ObjectCreateRule[className=org.apache.tomcat.util.modeler.AttributeInfo, attributeName=null]
2019-12-06 11:18:40.894 DEBUG 7503 --- [kground-preinit] o.apache.tomcat.util.digester.Digester   :   Fire begin() for SetPropertiesRule[]
2019-12-06 11:18:40.894 DEBUG 7503 --- [kground-preinit] o.apache.tomcat.util.digester.Digester   : [SetPropertiesRule]{mbeans-descriptors/mbean/attribute} Set org.apache.tomcat.util.modeler.AttributeInfo properties
2019-12-06 11:18:40.894 DEBUG 7503 --- [kground-preinit] o.apache.tomcat.util.digester.Digester   : [SetPropertiesRule]{mbeans-descriptors/mbean/attribute} Setting property 'name' to 'alwaysUseSession'
2019-12-06 11:18:40.894 DEBUG 7503 --- [kground-preinit] o.apache.tomcat.util.IntrospectionUtils  : IntrospectionUtils: setProperty(class org.apache.tomcat.util.modeler.AttributeInfo name=alwaysUseSession)
2019-12-06 11:18:40.894 DEBUG 7503 --- [kground-preinit] o.apache.tomcat.util.digester.Digester   : [SetPropertiesRule]{mbeans-descriptors/mbean/attribute} Setting property 'description' to 'Should a session always be used once a user is authenticated?'
2019-12-06 11:18:40.894 DEBUG 7503 --- [kground-preinit] o.apache.tomcat.util.IntrospectionUtils  : IntrospectionUtils: setProperty(class org.apache.tomcat.util.modeler.AttributeInfo description=Should a session always be used once a user is authenticated?)
2019-12-06 11:18:40.894 DEBUG 7503 --- [kground-preinit] o.apache.tomcat.util.digester.Digester   : [SetPropertiesRule]{mbeans-descriptors/mbean/attribute} Setting property 'type' to 'boolean'
2019-12-06 11:18:40.894 DEBUG 7503 --- [kground-preinit] o.apache.tomcat.util.IntrospectionUtils  : IntrospectionUtils: setProperty(class org.apache.tomcat.util.modeler.AttributeInfo type=boolean)
2019-12-06 11:18:40.894 DEBUG 7503 --- [kground-preinit] o.apache.tomcat.util.digester.Digester   :   Fire begin() for SetNextRule[methodName=addAttribute, paramType=org.apache.tomcat.util.modeler.AttributeInfo]
2019-12-06 11:18:40.894 DEBUG 7503 --- [kground-preinit] o.a.tomcat.util.digester.Digester.sax    : endElement(,,attribute)
2019-12-06 11:18:40.895 DEBUG 7503 --- [kground-preinit] o.apache.tomcat.util.digester.Digester   :   match='mbeans-descriptors/mbean/attribute'
2019-12-06 11:18:40.895 DEBUG 7503 --- [kground-preinit] o.apache.tomcat.util.digester.Digester   :   bodyText=''
2019-12-06 11:18:40.895 DEBUG 7503 --- [kground-preinit] o.apache.tomcat.util.digester.Digester   :   Fire body() for ObjectCreateRule[className=org.apache.tomcat.util.modeler.AttributeInfo, attributeName=null]
2019-12-06 11:18:40.895 DEBUG 7503 --- [kground-preinit] o.apache.tomcat.util.digester.Digester   :   Fire body() for SetPropertiesRule[]
2019-12-06 11:18:40.895 DEBUG 7503 --- [kground-preinit] o.apache.tomcat.util.digester.Digester   :   Fire body() for SetNextRule[methodName=addAttribute, paramType=org.apache.tomcat.util.modeler.AttributeInfo]
2019-12-06 11:18:40.895 DEBUG 7503 --- [kground-preinit] o.apache.tomcat.util.digester.Digester   :   Fire end() for SetNextRule[methodName=addAttribute, paramType=org.apache.tomcat.util.modeler.AttributeInfo]
2019-12-06 11:18:40.895 DEBUG 7503 --- [kground-preinit] o.apache.tomcat.util.digester.Digester   : [SetNextRule]{mbeans-descriptors/mbean/attribute} Call org.apache.tomcat.util.modeler.ManagedBean.addAttribute(org.apache.tomcat.util.modeler.AttributeInfo@27e3fa16)
2019-12-06 11:18:40.895 DEBUG 7503 --- [kground-preinit] o.apache.tomcat.util.IntrospectionUtils  : IntrospectionUtils: callMethod1 org.apache.tomcat.util.modeler.ManagedBean org.apache.tomcat.util.modeler.AttributeInfo org.apache.tomcat.util.modeler.AttributeInfo
2019-12-06 11:18:40.895 DEBUG 7503 --- [kground-preinit] o.apache.tomcat.util.digester.Digester   :   Fire end() for SetPropertiesRule[]
2019-12-06 11:18:40.895 DEBUG 7503 --- [kground-preinit] o.apache.tomcat.util.digester.Digester   :   Fire end() for ObjectCreateRule[className=org.apache.tomcat.util.modeler.AttributeInfo, attributeName=null]
2019-12-06 11:18:40.895 DEBUG 7503 --- [kground-preinit] o.apache.tomcat.util.digester.Digester   : [ObjectCreateRule]{mbeans-descriptors/mbean/attribute} Pop org.apache.tomcat.util.modeler.AttributeInfo
2019-12-06 11:18:40.896 DEBUG 7503 --- [kground-preinit] o.a.tomcat.util.digester.Digester.sax    : characters(

    )
2019-12-06 11:18:40.896 DEBUG 7503 --- [kground-preinit] o.a.tomcat.util.digester.Digester.sax    : startElement(,,attribute)
2019-12-06 11:18:40.896 DEBUG 7503 --- [kground-preinit] o.apache.tomcat.util.digester.Digester   :   New match='mbeans-descriptors/mbean/attribute'
2019-12-06 11:18:40.896 DEBUG 7503 --- [kground-preinit] o.apache.tomcat.util.digester.Digester   :   Fire begin() for ObjectCreateRule[className=org.apache.tomcat.util.modeler.AttributeInfo, attributeName=null]
2019-12-06 11:18:40.896 DEBUG 7503 --- [kground-preinit] o.apache.tomcat.util.digester.Digester   :   Fire begin() for SetPropertiesRule[]
2019-12-06 11:18:40.896 DEBUG 7503 --- [kground-preinit] o.apache.tomcat.util.digester.Digester   : [SetPropertiesRule]{mbeans-descriptors/mbean/attribute} Set org.apache.tomcat.util.modeler.AttributeInfo properties
2019-12-06 11:18:40.896 DEBUG 7503 --- [kground-preinit] o.apache.tomcat.util.digester.Digester   : [SetPropertiesRule]{mbeans-descriptors/mbean/attribute} Setting property 'name' to 'cache'
2019-12-06 11:18:40.896 DEBUG 7503 --- [kground-preinit] o.apache.tomcat.util.IntrospectionUtils  : IntrospectionUtils: setProperty(class org.apache.tomcat.util.modeler.AttributeInfo name=cache)
2019-12-06 11:18:40.896 DEBUG 7503 --- [kground-preinit] o.apache.tomcat.util.digester.Digester   : [SetPropertiesRule]{mbeans-descriptors/mbean/attribute} Setting property 'description' to 'Should we cache authenticated Principals if the request is part of an HTTP session?'
2019-12-06 11:18:40.896 DEBUG 7503 --- [kground-preinit] o.apache.tomcat.util.IntrospectionUtils  : IntrospectionUtils: setProperty(class org.apache.tomcat.util.modeler.AttributeInfo description=Should we cache authenticated Principals if the request is part of an HTTP session?)
2019-12-06 11:18:40.897 DEBUG 7503 --- [kground-preinit] o.apache.tomcat.util.digester.Digester   : [SetPropertiesRule]{mbeans-descriptors/mbean/attribute} Setting property 'type' to 'boolean'
2019-12-06 11:18:40.897 DEBUG 7503 --- [kground-preinit] o.apache.tomcat.util.IntrospectionUtils  : IntrospectionUtils: setProperty(class org.apache.tomcat.util.modeler.AttributeInfo type=boolean)
2019-12-06 11:18:40.897 DEBUG 7503 --- [kground-preinit] o.apache.tomcat.util.digester.Digester   :   Fire begin() for SetNextRule[methodName=addAttribute, paramType=org.apache.tomcat.util.modeler.AttributeInfo]
2019-12-06 11:18:40.897 DEBUG 7503 --- [kground-preinit] o.a.tomcat.util.digester.Digester.sax    : endElement(,,attribute)
2019-12-06 11:18:40.897 DEBUG 7503 --- [kground-preinit] o.apache.tomcat.util.digester.Digester   :   match='mbeans-descriptors/mbean/attribute'
2019-12-06 11:18:40.897 DEBUG 7503 --- [kground-preinit] o.apache.tomcat.util.digester.Digester   :   bodyText=''
2019-12-06 11:18:40.897 DEBUG 7503 --- [kground-preinit] o.apache.tomcat.util.digester.Digester   :   Fire body() for ObjectCreateRule[className=org.apache.tomcat.util.modeler.AttributeInfo, attributeName=null]
2019-12-06 11:18:40.897 DEBUG 7503 --- [kground-preinit] o.apache.tomcat.util.digester.Digester   :   Fire body() for SetPropertiesRule[]
2019-12-06 11:18:40.897 DEBUG 7503 --- [kground-preinit] o.apache.tomcat.util.digester.Digester   :   Fire body() for SetNextRule[methodName=addAttribute, paramType=org.apache.tomcat.util.modeler.AttributeInfo]
2019-12-06 11:18:40.898 DEBUG 7503 --- [kground-preinit] o.apache.tomcat.util.digester.Digester   :   Fire end() for SetNextRule[methodName=addAttribute, paramType=org.apache.tomcat.util.modeler.AttributeInfo]
2019-12-06 11:18:40.898 DEBUG 7503 --- [kground-preinit] o.apache.tomcat.util.digester.Digester   : [SetNextRule]{mbeans-descriptors/mbean/attribute} Call org.apache.tomcat.util.modeler.ManagedBean.addAttribute(org.apache.tomcat.util.modeler.AttributeInfo@12aa6a7)
2019-12-06 11:18:40.898 DEBUG 7503 --- [kground-preinit] o.apache.tomcat.util.IntrospectionUtils  : IntrospectionUtils: callMethod1 org.apache.tomcat.util.modeler.ManagedBean org.apache.tomcat.util.modeler.AttributeInfo org.apache.tomcat.util.modeler.AttributeInfo
2019-12-06 11:18:40.898 DEBUG 7503 --- [kground-preinit] o.apache.tomcat.util.digester.Digester   :   Fire end() for SetPropertiesRule[]
2019-12-06 11:18:40.898 DEBUG 7503 --- [kground-preinit] o.apache.tomcat.util.digester.Digester   :   Fire end() for ObjectCreateRule[className=org.apache.tomcat.util.modeler.AttributeInfo, attributeName=null]
2019-12-06 11:18:40.898 DEBUG 7503 --- [kground-preinit] o.apache.tomcat.util.digester.Digester   : [ObjectCreateRule]{mbeans-descriptors/mbean/attribute} Pop org.apache.tomcat.util.modeler.AttributeInfo
2019-12-06 11:18:40.898 DEBUG 7503 --- [kground-preinit] o.a.tomcat.util.digester.Digester.sax    : characters(

    )
2019-12-06 11:18:40.898 DEBUG 7503 --- [kground-preinit] o.a.tomcat.util.digester.Digester.sax    : startElement(,,attribute)
2019-12-06 11:18:40.898 DEBUG 7503 --- [kground-preinit] o.apache.tomcat.util.digester.Digester   :   New match='mbeans-descriptors/mbean/attribute'
2019-12-06 11:18:40.898 DEBUG 7503 --- [kground-preinit] o.apache.tomcat.util.digester.Digester   :   Fire begin() for ObjectCreateRule[className=org.apache.tomcat.util.modeler.AttributeInfo, attributeName=null]
2019-12-06 11:18:40.898 DEBUG 7503 --- [kground-preinit] o.apache.tomcat.util.digester.Digester   :   Fire begin() for SetPropertiesRule[]
2019-12-06 11:18:40.898 DEBUG 7503 --- [kground-preinit] o.apache.tomcat.util.digester.Digester   : [SetPropertiesRule]{mbeans-descriptors/mbean/attribute} Set org.apache.tomcat.util.modeler.AttributeInfo properties
2019-12-06 11:18:40.898 DEBUG 7503 --- [kground-preinit] o.apache.tomcat.util.digester.Digester   : [SetPropertiesRule]{mbeans-descriptors/mbean/attribute} Setting property 'name' to 'changeSessionIdOnAuthentication'
2019-12-06 11:18:40.898 DEBUG 7503 --- [kground-preinit] o.apache.tomcat.util.IntrospectionUtils  : IntrospectionUtils: setProperty(class org.apache.tomcat.util.modeler.AttributeInfo name=changeSessionIdOnAuthentication)
2019-12-06 11:18:40.899 DEBUG 7503 --- [kground-preinit] o.apache.tomcat.util.digester.Digester   : [SetPropertiesRule]{mbeans-descriptors/mbean/attribute} Setting property 'description' to 'Controls if the session ID is changed if a session exists at the point where users are authenticated'
2019-12-06 11:18:40.899 DEBUG 7503 --- [kground-preinit] o.apache.tomcat.util.IntrospectionUtils  : IntrospectionUtils: setProperty(class org.apache.tomcat.util.modeler.AttributeInfo description=Controls if the session ID is changed if a session exists at the point where users are authenticated)
2019-12-06 11:18:40.899 DEBUG 7503 --- [kground-preinit] o.apache.tomcat.util.digester.Digester   : [SetPropertiesRule]{mbeans-descriptors/mbean/attribute} Setting property 'type' to 'boolean'
2019-12-06 11:18:40.899 DEBUG 7503 --- [kground-preinit] o.apache.tomcat.util.IntrospectionUtils  : IntrospectionUtils: setProperty(class org.apache.tomcat.util.modeler.AttributeInfo type=boolean)
2019-12-06 11:18:40.899 DEBUG 7503 --- [kground-preinit] o.apache.tomcat.util.digester.Digester   :   Fire begin() for SetNextRule[methodName=addAttribute, paramType=org.apache.tomcat.util.modeler.AttributeInfo]
2019-12-06 11:18:40.899 DEBUG 7503 --- [kground-preinit] o.a.tomcat.util.digester.Digester.sax    : endElement(,,attribute)
2019-12-06 11:18:40.899 DEBUG 7503 --- [kground-preinit] o.apache.tomcat.util.digester.Digester   :   match='mbeans-descriptors/mbean/attribute'
2019-12-06 11:18:40.899 DEBUG 7503 --- [kground-preinit] o.apache.tomcat.util.digester.Digester   :   bodyText=''
2019-12-06 11:18:40.899 DEBUG 7503 --- [kground-preinit] o.apache.tomcat.util.digester.Digester   :   Fire body() for ObjectCreateRule[className=org.apache.tomcat.util.modeler.AttributeInfo, attributeName=null]
2019-12-06 11:18:40.899 DEBUG 7503 --- [kground-preinit] o.apache.tomcat.util.digester.Digester   :   Fire body() for SetPropertiesRule[]
2019-12-06 11:18:40.899 DEBUG 7503 --- [kground-preinit] o.apache.tomcat.util.digester.Digester   :   Fire body() for SetNextRule[methodName=addAttribute, paramType=org.apache.tomcat.util.modeler.AttributeInfo]
2019-12-06 11:18:40.899 DEBUG 7503 --- [kground-preinit] o.apache.tomcat.util.digester.Digester   :   Fire end() for SetNextRule[methodName=addAttribute, paramType=org.apache.tomcat.util.modeler.AttributeInfo]
2019-12-06 11:18:40.899 DEBUG 7503 --- [kground-preinit] o.apache.tomcat.util.digester.Digester   : [SetNextRule]{mbeans-descriptors/mbean/attribute} Call org.apache.tomcat.util.modeler.ManagedBean.addAttribute(org.apache.tomcat.util.modeler.AttributeInfo@43616479)
2019-12-06 11:18:40.899 DEBUG 7503 --- [kground-preinit] o.apache.tomcat.util.IntrospectionUtils  : IntrospectionUtils: callMethod1 org.apache.tomcat.util.modeler.ManagedBean org.apache.tomcat.util.modeler.AttributeInfo org.apache.tomcat.util.modeler.AttributeInfo
2019-12-06 11:18:40.899 DEBUG 7503 --- [kground-preinit] o.apache.tomcat.util.digester.Digester   :   Fire end() for SetPropertiesRule[]
2019-12-06 11:18:40.899 DEBUG 7503 --- [kground-preinit] o.apache.tomcat.util.digester.Digester   :   Fire end() for ObjectCreateRule[className=org.apache.tomcat.util.modeler.AttributeInfo, attributeName=null]
2019-12-06 11:18:40.899 DEBUG 7503 --- [kground-preinit] o.apache.tomcat.util.digester.Digester   : [ObjectCreateRule]{mbeans-descriptors/mbean/attribute} Pop org.apache.tomcat.util.modeler.AttributeInfo
2019-12-06 11:18:40.900 DEBUG 7503 --- [kground-preinit] o.a.tomcat.util.digester.Digester.sax    : characters(

    )
2019-12-06 11:18:40.900 DEBUG 7503 --- [kground-preinit] o.a.tomcat.util.digester.Digester.sax    : startElement(,,attribute)
2019-12-06 11:18:40.900 DEBUG 7503 --- [kground-preinit] o.apache.tomcat.util.digester.Digester   :   New match='mbeans-descriptors/mbean/attribute'
2019-12-06 11:18:40.900 DEBUG 7503 --- [kground-preinit] o.apache.tomcat.util.digester.Digester   :   Fire begin() for ObjectCreateRule[className=org.apache.tomcat.util.modeler.AttributeInfo, attributeName=null]
2019-12-06 11:18:40.900 DEBUG 7503 --- [kground-preinit] o.apache.tomcat.util.digester.Digester   :   Fire begin() for SetPropertiesRule[]
2019-12-06 11:18:40.900 DEBUG 7503 --- [kground-preinit] o.apache.tomcat.util.digester.Digester   : [SetPropertiesRule]{mbeans-descriptors/mbean/attribute} Set org.apache.tomcat.util.modeler.AttributeInfo properties
2019-12-06 11:18:40.900 DEBUG 7503 --- [kground-preinit] o.apache.tomcat.util.digester.Digester   : [SetPropertiesRule]{mbeans-descriptors/mbean/attribute} Setting property 'name' to 'className'
2019-12-06 11:18:40.900 DEBUG 7503 --- [kground-preinit] o.apache.tomcat.util.IntrospectionUtils  : IntrospectionUtils: setProperty(class org.apache.tomcat.util.modeler.AttributeInfo name=className)
2019-12-06 11:18:40.900 DEBUG 7503 --- [kground-preinit] o.apache.tomcat.util.digester.Digester   : [SetPropertiesRule]{mbeans-descriptors/mbean/attribute} Setting property 'description' to 'Fully qualified class name of the managed object'
2019-12-06 11:18:40.900 DEBUG 7503 --- [kground-preinit] o.apache.tomcat.util.IntrospectionUtils  : IntrospectionUtils: setProperty(class org.apache.tomcat.util.modeler.AttributeInfo description=Fully qualified class name of the managed object)
2019-12-06 11:18:40.900 DEBUG 7503 --- [kground-preinit] o.apache.tomcat.util.digester.Digester   : [SetPropertiesRule]{mbeans-descriptors/mbean/attribute} Setting property 'type' to 'java.lang.String'
2019-12-06 11:18:40.900 DEBUG 7503 --- [kground-preinit] o.apache.tomcat.util.IntrospectionUtils  : IntrospectionUtils: setProperty(class org.apache.tomcat.util.modeler.AttributeInfo type=java.lang.String)
2019-12-06 11:18:40.900 DEBUG 7503 --- [kground-preinit] o.apache.tomcat.util.digester.Digester   : [SetPropertiesRule]{mbeans-descriptors/mbean/attribute} Setting property 'writeable' to 'false'
2019-12-06 11:18:40.900 DEBUG 7503 --- [kground-preinit] o.apache.tomcat.util.IntrospectionUtils  : IntrospectionUtils: setProperty(class org.apache.tomcat.util.modeler.AttributeInfo writeable=false)
2019-12-06 11:18:40.900 DEBUG 7503 --- [kground-preinit] o.apache.tomcat.util.digester.Digester   :   Fire begin() for SetNextRule[methodName=addAttribute, paramType=org.apache.tomcat.util.modeler.AttributeInfo]
2019-12-06 11:18:40.901 DEBUG 7503 --- [kground-preinit] o.a.tomcat.util.digester.Digester.sax    : endElement(,,attribute)
2019-12-06 11:18:40.901 DEBUG 7503 --- [kground-preinit] o.apache.tomcat.util.digester.Digester   :   match='mbeans-descriptors/mbean/attribute'
2019-12-06 11:18:40.901 DEBUG 7503 --- [kground-preinit] o.apache.tomcat.util.digester.Digester   :   bodyText=''
2019-12-06 11:18:40.901 DEBUG 7503 --- [kground-preinit] o.apache.tomcat.util.digester.Digester   :   Fire body() for ObjectCreateRule[className=org.apache.tomcat.util.modeler.AttributeInfo, attributeName=null]
2019-12-06 11:18:40.901 DEBUG 7503 --- [kground-preinit] o.apache.tomcat.util.digester.Digester   :   Fire body() for SetPropertiesRule[]
2019-12-06 11:18:40.901 DEBUG 7503 --- [kground-preinit] o.apache.tomcat.util.digester.Digester   :   Fire body() for SetNextRule[methodName=addAttribute, paramType=org.apache.tomcat.util.modeler.AttributeInfo]
2019-12-06 11:18:40.901 DEBUG 7503 --- [kground-preinit] o.apache.tomcat.util.digester.Digester   :   Fire end() for SetNextRule[methodName=addAttribute, paramType=org.apache.tomcat.util.modeler.AttributeInfo]
2019-12-06 11:18:40.901 DEBUG 7503 --- [kground-preinit] o.apache.tomcat.util.digester.Digester   : [SetNextRule]{mbeans-descriptors/mbean/attribute} Call org.apache.tomcat.util.modeler.ManagedBean.addAttribute(org.apache.tomcat.util.modeler.AttributeInfo@1d3a2df7)
2019-12-06 11:18:40.901 DEBUG 7503 --- [kground-preinit] o.apache.tomcat.util.IntrospectionUtils  : IntrospectionUtils: callMethod1 org.apache.tomcat.util.modeler.ManagedBean org.apache.tomcat.util.modeler.AttributeInfo org.apache.tomcat.util.modeler.AttributeInfo
2019-12-06 11:18:40.901 DEBUG 7503 --- [kground-preinit] o.apache.tomcat.util.digester.Digester   :   Fire end() for SetPropertiesRule[]
2019-12-06 11:18:40.901 DEBUG 7503 --- [kground-preinit] o.apache.tomcat.util.digester.Digester   :   Fire end() for ObjectCreateRule[className=org.apache.tomcat.util.modeler.AttributeInfo, attributeName=null]
2019-12-06 11:18:40.901 DEBUG 7503 --- [kground-preinit] o.apache.tomcat.util.digester.Digester   : [ObjectCreateRule]{mbeans-descriptors/mbean/attribute} Pop org.apache.tomcat.util.modeler.AttributeInfo
2019-12-06 11:18:40.901 DEBUG 7503 --- [kground-preinit] o.a.tomcat.util.digester.Digester.sax    : characters(

    )
2019-12-06 11:18:40.901 DEBUG 7503 --- [kground-preinit] o.a.tomcat.util.digester.Digester.sax    : startElement(,,attribute)
2019-12-06 11:18:40.902 DEBUG 7503 --- [kground-preinit] o.apache.tomcat.util.digester.Digester   :   New match='mbeans-descriptors/mbean/attribute'
2019-12-06 11:18:40.902 DEBUG 7503 --- [kground-preinit] o.apache.tomcat.util.digester.Digester   :   Fire begin() for ObjectCreateRule[className=org.apache.tomcat.util.modeler.AttributeInfo, attributeName=null]
2019-12-06 11:18:40.902 DEBUG 7503 --- [kground-preinit] o.apache.tomcat.util.digester.Digester   :   Fire begin() for SetPropertiesRule[]
2019-12-06 11:18:40.902 DEBUG 7503 --- [kground-preinit] o.apache.tomcat.util.digester.Digester   : [SetPropertiesRule]{mbeans-descriptors/mbean/attribute} Set org.apache.tomcat.util.modeler.AttributeInfo properties
2019-12-06 11:18:40.902 DEBUG 7503 --- [kground-preinit] o.apache.tomcat.util.digester.Digester   : [SetPropertiesRule]{mbeans-descriptors/mbean/attribute} Setting property 'name' to 'cnonceCacheSize'
2019-12-06 11:18:40.902 DEBUG 7503 --- [kground-preinit] o.apache.tomcat.util.IntrospectionUtils  : IntrospectionUtils: setProperty(class org.apache.tomcat.util.modeler.AttributeInfo name=cnonceCacheSize)
2019-12-06 11:18:40.902 DEBUG 7503 --- [kground-preinit] o.apache.tomcat.util.digester.Digester   : [SetPropertiesRule]{mbeans-descriptors/mbean/attribute} Setting property 'description' to 'The size of the cnonce cache used to prevent replay attacks'
2019-12-06 11:18:40.903 DEBUG 7503 --- [kground-preinit] o.apache.tomcat.util.IntrospectionUtils  : IntrospectionUtils: setProperty(class org.apache.tomcat.util.modeler.AttributeInfo description=The size of the cnonce cache used to prevent replay attacks)
2019-12-06 11:18:40.903 DEBUG 7503 --- [kground-preinit] o.apache.tomcat.util.digester.Digester   : [SetPropertiesRule]{mbeans-descriptors/mbean/attribute} Setting property 'type' to 'int'
2019-12-06 11:18:40.903 DEBUG 7503 --- [kground-preinit] o.apache.tomcat.util.IntrospectionUtils  : IntrospectionUtils: setProperty(class org.apache.tomcat.util.modeler.AttributeInfo type=int)
2019-12-06 11:18:40.903 DEBUG 7503 --- [kground-preinit] o.apache.tomcat.util.digester.Digester   :   Fire begin() for SetNextRule[methodName=addAttribute, paramType=org.apache.tomcat.util.modeler.AttributeInfo]
2019-12-06 11:18:40.903 DEBUG 7503 --- [kground-preinit] o.a.tomcat.util.digester.Digester.sax    : endElement(,,attribute)
2019-12-06 11:18:40.903 DEBUG 7503 --- [kground-preinit] o.apache.tomcat.util.digester.Digester   :   match='mbeans-descriptors/mbean/attribute'
2019-12-06 11:18:40.903 DEBUG 7503 --- [kground-preinit] o.apache.tomcat.util.digester.Digester   :   bodyText=''
2019-12-06 11:18:40.903 DEBUG 7503 --- [kground-preinit] o.apache.tomcat.util.digester.Digester   :   Fire body() for ObjectCreateRule[className=org.apache.tomcat.util.modeler.AttributeInfo, attributeName=null]
2019-12-06 11:18:40.903 DEBUG 7503 --- [kground-preinit] o.apache.tomcat.util.digester.Digester   :   Fire body() for SetPropertiesRule[]
2019-12-06 11:18:40.904 DEBUG 7503 --- [kground-preinit] o.apache.tomcat.util.digester.Digester   :   Fire body() for SetNextRule[methodName=addAttribute, paramType=org.apache.tomcat.util.modeler.AttributeInfo]
2019-12-06 11:18:40.904 DEBUG 7503 --- [kground-preinit] o.apache.tomcat.util.digester.Digester   :   Fire end() for SetNextRule[methodName=addAttribute, paramType=org.apache.tomcat.util.modeler.AttributeInfo]
2019-12-06 11:18:40.904 DEBUG 7503 --- [kground-preinit] o.apache.tomcat.util.digester.Digester   : [SetNextRule]{mbeans-descriptors/mbean/attribute} Call org.apache.tomcat.util.modeler.ManagedBean.addAttribute(org.apache.tomcat.util.modeler.AttributeInfo@717ad293)
2019-12-06 11:18:40.904 DEBUG 7503 --- [kground-preinit] o.apache.tomcat.util.IntrospectionUtils  : IntrospectionUtils: callMethod1 org.apache.tomcat.util.modeler.ManagedBean org.apache.tomcat.util.modeler.AttributeInfo org.apache.tomcat.util.modeler.AttributeInfo
2019-12-06 11:18:40.904 DEBUG 7503 --- [kground-preinit] o.apache.tomcat.util.digester.Digester   :   Fire end() for SetPropertiesRule[]
2019-12-06 11:18:40.904 DEBUG 7503 --- [kground-preinit] o.apache.tomcat.util.digester.Digester   :   Fire end() for ObjectCreateRule[className=org.apache.tomcat.util.modeler.AttributeInfo, attributeName=null]
2019-12-06 11:18:40.904 DEBUG 7503 --- [kground-preinit] o.apache.tomcat.util.digester.Digester   : [ObjectCreateRule]{mbeans-descriptors/mbean/attribute} Pop org.apache.tomcat.util.modeler.AttributeInfo
2019-12-06 11:18:40.905 DEBUG 7503 --- [kground-preinit] o.a.tomcat.util.digester.Digester.sax    : characters(

    )
2019-12-06 11:18:40.905 DEBUG 7503 --- [kground-preinit] o.a.tomcat.util.digester.Digester.sax    : startElement(,,attribute)
2019-12-06 11:18:40.905 DEBUG 7503 --- [kground-preinit] o.apache.tomcat.util.digester.Digester   :   New match='mbeans-descriptors/mbean/attribute'
2019-12-06 11:18:40.905 DEBUG 7503 --- [kground-preinit] o.apache.tomcat.util.digester.Digester   :   Fire begin() for ObjectCreateRule[className=org.apache.tomcat.util.modeler.AttributeInfo, attributeName=null]
2019-12-06 11:18:40.905 DEBUG 7503 --- [kground-preinit] o.apache.tomcat.util.digester.Digester   :   Fire begin() for SetPropertiesRule[]
2019-12-06 11:18:40.905 DEBUG 7503 --- [kground-preinit] o.apache.tomcat.util.digester.Digester   : [SetPropertiesRule]{mbeans-descriptors/mbean/attribute} Set org.apache.tomcat.util.modeler.AttributeInfo properties
2019-12-06 11:18:40.905 DEBUG 7503 --- [kground-preinit] o.apache.tomcat.util.digester.Digester   : [SetPropertiesRule]{mbeans-descriptors/mbean/attribute} Setting property 'name' to 'disableProxyCaching'
2019-12-06 11:18:40.905 DEBUG 7503 --- [kground-preinit] o.apache.tomcat.util.IntrospectionUtils  : IntrospectionUtils: setProperty(class org.apache.tomcat.util.modeler.AttributeInfo name=disableProxyCaching)
2019-12-06 11:18:40.906 DEBUG 7503 --- [kground-preinit] o.apache.tomcat.util.digester.Digester   : [SetPropertiesRule]{mbeans-descriptors/mbean/attribute} Setting property 'description' to 'Controls the caching of pages that are protected by security constraints'
2019-12-06 11:18:40.906 DEBUG 7503 --- [kground-preinit] o.apache.tomcat.util.IntrospectionUtils  : IntrospectionUtils: setProperty(class org.apache.tomcat.util.modeler.AttributeInfo description=Controls the caching of pages that are protected by security constraints)
2019-12-06 11:18:40.906 DEBUG 7503 --- [kground-preinit] o.apache.tomcat.util.digester.Digester   : [SetPropertiesRule]{mbeans-descriptors/mbean/attribute} Setting property 'type' to 'boolean'
2019-12-06 11:18:40.906 DEBUG 7503 --- [kground-preinit] o.apache.tomcat.util.IntrospectionUtils  : IntrospectionUtils: setProperty(class org.apache.tomcat.util.modeler.AttributeInfo type=boolean)
2019-12-06 11:18:40.906 DEBUG 7503 --- [kground-preinit] o.apache.tomcat.util.digester.Digester   :   Fire begin() for SetNextRule[methodName=addAttribute, paramType=org.apache.tomcat.util.modeler.AttributeInfo]
2019-12-06 11:18:40.906 DEBUG 7503 --- [kground-preinit] o.a.tomcat.util.digester.Digester.sax    : endElement(,,attribute)
2019-12-06 11:18:40.906 DEBUG 7503 --- [kground-preinit] o.apache.tomcat.util.digester.Digester   :   match='mbeans-descriptors/mbean/attribute'
2019-12-06 11:18:40.906 DEBUG 7503 --- [kground-preinit] o.apache.tomcat.util.digester.Digester   :   bodyText=''
2019-12-06 11:18:40.906 DEBUG 7503 --- [kground-preinit] o.apache.tomcat.util.digester.Digester   :   Fire body() for ObjectCreateRule[className=org.apache.tomcat.util.modeler.AttributeInfo, attributeName=null]
2019-12-06 11:18:40.907 DEBUG 7503 --- [kground-preinit] o.apache.tomcat.util.digester.Digester   :   Fire body() for SetPropertiesRule[]
2019-12-06 11:18:40.907 DEBUG 7503 --- [kground-preinit] o.apache.tomcat.util.digester.Digester   :   Fire body() for SetNextRule[methodName=addAttribute, paramType=org.apache.tomcat.util.modeler.AttributeInfo]
2019-12-06 11:18:40.907 DEBUG 7503 --- [kground-preinit] o.apache.tomcat.util.digester.Digester   :   Fire end() for SetNextRule[methodName=addAttribute, paramType=org.apache.tomcat.util.modeler.AttributeInfo]
2019-12-06 11:18:40.907 DEBUG 7503 --- [kground-preinit] o.apache.tomcat.util.digester.Digester   : [SetNextRule]{mbeans-descriptors/mbean/attribute} Call org.apache.tomcat.util.modeler.ManagedBean.addAttribute(org.apache.tomcat.util.modeler.AttributeInfo@75e9f525)
2019-12-06 11:18:40.907 DEBUG 7503 --- [kground-preinit] o.apache.tomcat.util.IntrospectionUtils  : IntrospectionUtils: callMethod1 org.apache.tomcat.util.modeler.ManagedBean org.apache.tomcat.util.modeler.AttributeInfo org.apache.tomcat.util.modeler.AttributeInfo
2019-12-06 11:18:40.907 DEBUG 7503 --- [kground-preinit] o.apache.tomcat.util.digester.Digester   :   Fire end() for SetPropertiesRule[]
2019-12-06 11:18:40.907 DEBUG 7503 --- [kground-preinit] o.apache.tomcat.util.digester.Digester   :   Fire end() for ObjectCreateRule[className=org.apache.tomcat.util.modeler.AttributeInfo, attributeName=null]
2019-12-06 11:18:40.907 DEBUG 7503 --- [kground-preinit] o.apache.tomcat.util.digester.Digester   : [ObjectCreateRule]{mbeans-descriptors/mbean/attribute} Pop org.apache.tomcat.util.modeler.AttributeInfo
2019-12-06 11:18:40.907 DEBUG 7503 --- [kground-preinit] o.a.tomcat.util.digester.Digester.sax    : characters(

    )
2019-12-06 11:18:40.907 DEBUG 7503 --- [kground-preinit] o.a.tomcat.util.digester.Digester.sax    : startElement(,,attribute)
2019-12-06 11:18:40.908 DEBUG 7503 --- [kground-preinit] o.apache.tomcat.util.digester.Digester   :   New match='mbeans-descriptors/mbean/attribute'
2019-12-06 11:18:40.908 DEBUG 7503 --- [kground-preinit] o.apache.tomcat.util.digester.Digester   :   Fire begin() for ObjectCreateRule[className=org.apache.tomcat.util.modeler.AttributeInfo, attributeName=null]
2019-12-06 11:18:40.908 DEBUG 7503 --- [kground-preinit] o.apache.tomcat.util.digester.Digester   :   Fire begin() for SetPropertiesRule[]
2019-12-06 11:18:40.908 DEBUG 7503 --- [kground-preinit] o.apache.tomcat.util.digester.Digester   : [SetPropertiesRule]{mbeans-descriptors/mbean/attribute} Set org.apache.tomcat.util.modeler.AttributeInfo properties
2019-12-06 11:18:40.908 DEBUG 7503 --- [kground-preinit] o.apache.tomcat.util.digester.Digester   : [SetPropertiesRule]{mbeans-descriptors/mbean/attribute} Setting property 'name' to 'key'
2019-12-06 11:18:40.908 DEBUG 7503 --- [kground-preinit] o.apache.tomcat.util.IntrospectionUtils  : IntrospectionUtils: setProperty(class org.apache.tomcat.util.modeler.AttributeInfo name=key)
2019-12-06 11:18:40.908 DEBUG 7503 --- [kground-preinit] o.apache.tomcat.util.digester.Digester   : [SetPropertiesRule]{mbeans-descriptors/mbean/attribute} Setting property 'description' to 'The secret key used by digest authentication'
2019-12-06 11:18:40.908 DEBUG 7503 --- [kground-preinit] o.apache.tomcat.util.IntrospectionUtils  : IntrospectionUtils: setProperty(class org.apache.tomcat.util.modeler.AttributeInfo description=The secret key used by digest authentication)
2019-12-06 11:18:40.908 DEBUG 7503 --- [kground-preinit] o.apache.tomcat.util.digester.Digester   : [SetPropertiesRule]{mbeans-descriptors/mbean/attribute} Setting property 'type' to 'java.lang.String'
2019-12-06 11:18:40.909 DEBUG 7503 --- [kground-preinit] o.apache.tomcat.util.IntrospectionUtils  : IntrospectionUtils: setProperty(class org.apache.tomcat.util.modeler.AttributeInfo type=java.lang.String)
2019-12-06 11:18:40.909 DEBUG 7503 --- [kground-preinit] o.apache.tomcat.util.digester.Digester   :   Fire begin() for SetNextRule[methodName=addAttribute, paramType=org.apache.tomcat.util.modeler.AttributeInfo]
2019-12-06 11:18:40.909 DEBUG 7503 --- [kground-preinit] o.a.tomcat.util.digester.Digester.sax    : endElement(,,attribute)
2019-12-06 11:18:40.909 DEBUG 7503 --- [kground-preinit] o.apache.tomcat.util.digester.Digester   :   match='mbeans-descriptors/mbean/attribute'
2019-12-06 11:18:40.909 DEBUG 7503 --- [kground-preinit] o.apache.tomcat.util.digester.Digester   :   bodyText=''
2019-12-06 11:18:40.909 DEBUG 7503 --- [kground-preinit] o.apache.tomcat.util.digester.Digester   :   Fire body() for ObjectCreateRule[className=org.apache.tomcat.util.modeler.AttributeInfo, attributeName=null]
2019-12-06 11:18:40.909 DEBUG 7503 --- [kground-preinit] o.apache.tomcat.util.digester.Digester   :   Fire body() for SetPropertiesRule[]
2019-12-06 11:18:40.909 DEBUG 7503 --- [kground-preinit] o.apache.tomcat.util.digester.Digester   :   Fire body() for SetNextRule[methodName=addAttribute, paramType=org.apache.tomcat.util.modeler.AttributeInfo]
2019-12-06 11:18:40.909 DEBUG 7503 --- [kground-preinit] o.apache.tomcat.util.digester.Digester   :   Fire end() for SetNextRule[methodName=addAttribute, paramType=org.apache.tomcat.util.modeler.AttributeInfo]
2019-12-06 11:18:40.909 DEBUG 7503 --- [kground-preinit] o.apache.tomcat.util.digester.Digester   : [SetNextRule]{mbeans-descriptors/mbean/attribute} Call org.apache.tomcat.util.modeler.ManagedBean.addAttribute(org.apache.tomcat.util.modeler.AttributeInfo@5acf55a3)
2019-12-06 11:18:40.909 DEBUG 7503 --- [kground-preinit] o.apache.tomcat.util.IntrospectionUtils  : IntrospectionUtils: callMethod1 org.apache.tomcat.util.modeler.ManagedBean org.apache.tomcat.util.modeler.AttributeInfo org.apache.tomcat.util.modeler.AttributeInfo
2019-12-06 11:18:40.910 DEBUG 7503 --- [kground-preinit] o.apache.tomcat.util.digester.Digester   :   Fire end() for SetPropertiesRule[]
2019-12-06 11:18:40.910 DEBUG 7503 --- [kground-preinit] o.apache.tomcat.util.digester.Digester   :   Fire end() for ObjectCreateRule[className=org.apache.tomcat.util.modeler.AttributeInfo, attributeName=null]
2019-12-06 11:18:40.910 DEBUG 7503 --- [kground-preinit] o.apache.tomcat.util.digester.Digester   : [ObjectCreateRule]{mbeans-descriptors/mbean/attribute} Pop org.apache.tomcat.util.modeler.AttributeInfo
2019-12-06 11:18:40.910 DEBUG 7503 --- [kground-preinit] o.a.tomcat.util.digester.Digester.sax    : characters(

    )
2019-12-06 11:18:40.910 DEBUG 7503 --- [kground-preinit] o.a.tomcat.util.digester.Digester.sax    : startElement(,,attribute)
2019-12-06 11:18:40.910 DEBUG 7503 --- [kground-preinit] o.apache.tomcat.util.digester.Digester   :   New match='mbeans-descriptors/mbean/attribute'
2019-12-06 11:18:40.910 DEBUG 7503 --- [kground-preinit] o.apache.tomcat.util.digester.Digester   :   Fire begin() for ObjectCreateRule[className=org.apache.tomcat.util.modeler.AttributeInfo, attributeName=null]
2019-12-06 11:18:40.910 DEBUG 7503 --- [kground-preinit] o.apache.tomcat.util.digester.Digester   :   Fire begin() for SetPropertiesRule[]
2019-12-06 11:18:40.911 DEBUG 7503 --- [kground-preinit] o.apache.tomcat.util.digester.Digester   : [SetPropertiesRule]{mbeans-descriptors/mbean/attribute} Set org.apache.tomcat.util.modeler.AttributeInfo properties
2019-12-06 11:18:40.911 DEBUG 7503 --- [kground-preinit] o.apache.tomcat.util.digester.Digester   : [SetPropertiesRule]{mbeans-descriptors/mbean/attribute} Setting property 'name' to 'nonceValidity'
2019-12-06 11:18:40.911 DEBUG 7503 --- [kground-preinit] o.apache.tomcat.util.IntrospectionUtils  : IntrospectionUtils: setProperty(class org.apache.tomcat.util.modeler.AttributeInfo name=nonceValidity)
2019-12-06 11:18:40.911 DEBUG 7503 --- [kground-preinit] o.apache.tomcat.util.digester.Digester   : [SetPropertiesRule]{mbeans-descriptors/mbean/attribute} Setting property 'description' to 'The time, in milliseconds, for which a server issued nonce will be valid'
2019-12-06 11:18:40.911 DEBUG 7503 --- [kground-preinit] o.apache.tomcat.util.IntrospectionUtils  : IntrospectionUtils: setProperty(class org.apache.tomcat.util.modeler.AttributeInfo description=The time, in milliseconds, for which a server issued nonce will be valid)
2019-12-06 11:18:40.911 DEBUG 7503 --- [kground-preinit] o.apache.tomcat.util.digester.Digester   : [SetPropertiesRule]{mbeans-descriptors/mbean/attribute} Setting property 'type' to 'long'
2019-12-06 11:18:40.911 DEBUG 7503 --- [kground-preinit] o.apache.tomcat.util.IntrospectionUtils  : IntrospectionUtils: setProperty(class org.apache.tomcat.util.modeler.AttributeInfo type=long)
2019-12-06 11:18:40.912 DEBUG 7503 --- [kground-preinit] o.apache.tomcat.util.digester.Digester   :   Fire begin() for SetNextRule[methodName=addAttribute, paramType=org.apache.tomcat.util.modeler.AttributeInfo]
2019-12-06 11:18:40.912 DEBUG 7503 --- [kground-preinit] o.a.tomcat.util.digester.Digester.sax    : endElement(,,attribute)
2019-12-06 11:18:40.912 DEBUG 7503 --- [kground-preinit] o.apache.tomcat.util.digester.Digester   :   match='mbeans-descriptors/mbean/attribute'
2019-12-06 11:18:40.912 DEBUG 7503 --- [kground-preinit] o.apache.tomcat.util.digester.Digester   :   bodyText=''
2019-12-06 11:18:40.912 DEBUG 7503 --- [kground-preinit] o.apache.tomcat.util.digester.Digester   :   Fire body() for ObjectCreateRule[className=org.apache.tomcat.util.modeler.AttributeInfo, attributeName=null]
2019-12-06 11:18:40.912 DEBUG 7503 --- [kground-preinit] o.apache.tomcat.util.digester.Digester   :   Fire body() for SetPropertiesRule[]
2019-12-06 11:18:40.912 DEBUG 7503 --- [kground-preinit] o.apache.tomcat.util.digester.Digester   :   Fire body() for SetNextRule[methodName=addAttribute, paramType=org.apache.tomcat.util.modeler.AttributeInfo]
2019-12-06 11:18:40.912 DEBUG 7503 --- [kground-preinit] o.apache.tomcat.util.digester.Digester   :   Fire end() for SetNextRule[methodName=addAttribute, paramType=org.apache.tomcat.util.modeler.AttributeInfo]
2019-12-06 11:18:40.912 DEBUG 7503 --- [kground-preinit] o.apache.tomcat.util.digester.Digester   : [SetNextRule]{mbeans-descriptors/mbean/attribute} Call org.apache.tomcat.util.modeler.ManagedBean.addAttribute(org.apache.tomcat.util.modeler.AttributeInfo@7d86fa23)
2019-12-06 11:18:40.913 DEBUG 7503 --- [kground-preinit] o.apache.tomcat.util.IntrospectionUtils  : IntrospectionUtils: callMethod1 org.apache.tomcat.util.modeler.ManagedBean org.apache.tomcat.util.modeler.AttributeInfo org.apache.tomcat.util.modeler.AttributeInfo
2019-12-06 11:18:40.913 DEBUG 7503 --- [kground-preinit] o.apache.tomcat.util.digester.Digester   :   Fire end() for SetPropertiesRule[]
2019-12-06 11:18:40.913 DEBUG 7503 --- [kground-preinit] o.apache.tomcat.util.digester.Digester   :   Fire end() for ObjectCreateRule[className=org.apache.tomcat.util.modeler.AttributeInfo, attributeName=null]
2019-12-06 11:18:40.913 DEBUG 7503 --- [kground-preinit] o.apache.tomcat.util.digester.Digester   : [ObjectCreateRule]{mbeans-descriptors/mbean/attribute} Pop org.apache.tomcat.util.modeler.AttributeInfo
2019-12-06 11:18:40.913 DEBUG 7503 --- [kground-preinit] o.a.tomcat.util.digester.Digester.sax    : characters(

    )
2019-12-06 11:18:40.913 DEBUG 7503 --- [kground-preinit] o.a.tomcat.util.digester.Digester.sax    : startElement(,,attribute)
2019-12-06 11:18:40.914 DEBUG 7503 --- [kground-preinit] o.apache.tomcat.util.digester.Digester   :   New match='mbeans-descriptors/mbean/attribute'
2019-12-06 11:18:40.914 DEBUG 7503 --- [kground-preinit] o.apache.tomcat.util.digester.Digester   :   Fire begin() for ObjectCreateRule[className=org.apache.tomcat.util.modeler.AttributeInfo, attributeName=null]
2019-12-06 11:18:40.914 DEBUG 7503 --- [kground-preinit] o.apache.tomcat.util.digester.Digester   :   Fire begin() for SetPropertiesRule[]
2019-12-06 11:18:40.914 DEBUG 7503 --- [kground-preinit] o.apache.tomcat.util.digester.Digester   : [SetPropertiesRule]{mbeans-descriptors/mbean/attribute} Set org.apache.tomcat.util.modeler.AttributeInfo properties
2019-12-06 11:18:40.914 DEBUG 7503 --- [kground-preinit] o.apache.tomcat.util.digester.Digester   : [SetPropertiesRule]{mbeans-descriptors/mbean/attribute} Setting property 'name' to 'opaque'
2019-12-06 11:18:40.914 DEBUG 7503 --- [kground-preinit] o.apache.tomcat.util.IntrospectionUtils  : IntrospectionUtils: setProperty(class org.apache.tomcat.util.modeler.AttributeInfo name=opaque)
2019-12-06 11:18:40.914 DEBUG 7503 --- [kground-preinit] o.apache.tomcat.util.digester.Digester   : [SetPropertiesRule]{mbeans-descriptors/mbean/attribute} Setting property 'description' to 'The opaque server string used by digest authentication'
2019-12-06 11:18:40.915 DEBUG 7503 --- [kground-preinit] o.apache.tomcat.util.IntrospectionUtils  : IntrospectionUtils: setProperty(class org.apache.tomcat.util.modeler.AttributeInfo description=The opaque server string used by digest authentication)
2019-12-06 11:18:40.915 DEBUG 7503 --- [kground-preinit] o.apache.tomcat.util.digester.Digester   : [SetPropertiesRule]{mbeans-descriptors/mbean/attribute} Setting property 'type' to 'java.lang.String'
2019-12-06 11:18:40.915 DEBUG 7503 --- [kground-preinit] o.apache.tomcat.util.IntrospectionUtils  : IntrospectionUtils: setProperty(class org.apache.tomcat.util.modeler.AttributeInfo type=java.lang.String)
2019-12-06 11:18:40.915 DEBUG 7503 --- [kground-preinit] o.apache.tomcat.util.digester.Digester   :   Fire begin() for SetNextRule[methodName=addAttribute, paramType=org.apache.tomcat.util.modeler.AttributeInfo]
2019-12-06 11:18:40.915 DEBUG 7503 --- [kground-preinit] o.a.tomcat.util.digester.Digester.sax    : endElement(,,attribute)
2019-12-06 11:18:40.915 DEBUG 7503 --- [kground-preinit] o.apache.tomcat.util.digester.Digester   :   match='mbeans-descriptors/mbean/attribute'
2019-12-06 11:18:40.915 DEBUG 7503 --- [kground-preinit] o.apache.tomcat.util.digester.Digester   :   bodyText=''
2019-12-06 11:18:40.915 DEBUG 7503 --- [kground-preinit] o.apache.tomcat.util.digester.Digester   :   Fire body() for ObjectCreateRule[className=org.apache.tomcat.util.modeler.AttributeInfo, attributeName=null]
2019-12-06 11:18:40.915 DEBUG 7503 --- [kground-preinit] o.apache.tomcat.util.digester.Digester   :   Fire body() for SetPropertiesRule[]
2019-12-06 11:18:40.915 DEBUG 7503 --- [kground-preinit] o.apache.tomcat.util.digester.Digester   :   Fire body() for SetNextRule[methodName=addAttribute, paramType=org.apache.tomcat.util.modeler.AttributeInfo]
2019-12-06 11:18:40.916 DEBUG 7503 --- [kground-preinit] o.apache.tomcat.util.digester.Digester   :   Fire end() for SetNextRule[methodName=addAttribute, paramType=org.apache.tomcat.util.modeler.AttributeInfo]
2019-12-06 11:18:40.916 DEBUG 7503 --- [kground-preinit] o.apache.tomcat.util.digester.Digester   : [SetNextRule]{mbeans-descriptors/mbean/attribute} Call org.apache.tomcat.util.modeler.ManagedBean.addAttribute(org.apache.tomcat.util.modeler.AttributeInfo@45dd7c80)
2019-12-06 11:18:40.916 DEBUG 7503 --- [kground-preinit] o.apache.tomcat.util.IntrospectionUtils  : IntrospectionUtils: callMethod1 org.apache.tomcat.util.modeler.ManagedBean org.apache.tomcat.util.modeler.AttributeInfo org.apache.tomcat.util.modeler.AttributeInfo
2019-12-06 11:18:40.916 DEBUG 7503 --- [kground-preinit] o.apache.tomcat.util.digester.Digester   :   Fire end() for SetPropertiesRule[]
2019-12-06 11:18:40.916 DEBUG 7503 --- [kground-preinit] o.apache.tomcat.util.digester.Digester   :   Fire end() for ObjectCreateRule[className=org.apache.tomcat.util.modeler.AttributeInfo, attributeName=null]
2019-12-06 11:18:40.916 DEBUG 7503 --- [kground-preinit] o.apache.tomcat.util.digester.Digester   : [ObjectCreateRule]{mbeans-descriptors/mbean/attribute} Pop org.apache.tomcat.util.modeler.AttributeInfo
2019-12-06 11:18:40.916 DEBUG 7503 --- [kground-preinit] o.a.tomcat.util.digester.Digester.sax    : characters(

    )
2019-12-06 11:18:40.916 DEBUG 7503 --- [kground-preinit] o.a.tomcat.util.digester.Digester.sax    : startElement(,,attribute)
2019-12-06 11:18:40.916 DEBUG 7503 --- [kground-preinit] o.apache.tomcat.util.digester.Digester   :   New match='mbeans-descriptors/mbean/attribute'
2019-12-06 11:18:40.916 DEBUG 7503 --- [kground-preinit] o.apache.tomcat.util.digester.Digester   :   Fire begin() for ObjectCreateRule[className=org.apache.tomcat.util.modeler.AttributeInfo, attributeName=null]
2019-12-06 11:18:40.916 DEBUG 7503 --- [kground-preinit] o.apache.tomcat.util.digester.Digester   :   Fire begin() for SetPropertiesRule[]
2019-12-06 11:18:40.917 DEBUG 7503 --- [kground-preinit] o.apache.tomcat.util.digester.Digester   : [SetPropertiesRule]{mbeans-descriptors/mbean/attribute} Set org.apache.tomcat.util.modeler.AttributeInfo properties
2019-12-06 11:18:40.917 DEBUG 7503 --- [kground-preinit] o.apache.tomcat.util.digester.Digester   : [SetPropertiesRule]{mbeans-descriptors/mbean/attribute} Setting property 'name' to 'securePagesWithPragma'
2019-12-06 11:18:40.917 DEBUG 7503 --- [kground-preinit] o.apache.tomcat.util.IntrospectionUtils  : IntrospectionUtils: setProperty(class org.apache.tomcat.util.modeler.AttributeInfo name=securePagesWithPragma)
2019-12-06 11:18:40.917 DEBUG 7503 --- [kground-preinit] o.apache.tomcat.util.digester.Digester   : [SetPropertiesRule]{mbeans-descriptors/mbean/attribute} Setting property 'description' to 'Controls the caching of pages that are protected by security constraints'
2019-12-06 11:18:40.917 DEBUG 7503 --- [kground-preinit] o.apache.tomcat.util.IntrospectionUtils  : IntrospectionUtils: setProperty(class org.apache.tomcat.util.modeler.AttributeInfo description=Controls the caching of pages that are protected by security constraints)
2019-12-06 11:18:40.917 DEBUG 7503 --- [kground-preinit] o.apache.tomcat.util.digester.Digester   : [SetPropertiesRule]{mbeans-descriptors/mbean/attribute} Setting property 'type' to 'boolean'
2019-12-06 11:18:40.917 DEBUG 7503 --- [kground-preinit] o.apache.tomcat.util.IntrospectionUtils  : IntrospectionUtils: setProperty(class org.apache.tomcat.util.modeler.AttributeInfo type=boolean)
2019-12-06 11:18:40.917 DEBUG 7503 --- [kground-preinit] o.apache.tomcat.util.digester.Digester   :   Fire begin() for SetNextRule[methodName=addAttribute, paramType=org.apache.tomcat.util.modeler.AttributeInfo]
2019-12-06 11:18:40.917 DEBUG 7503 --- [kground-preinit] o.a.tomcat.util.digester.Digester.sax    : endElement(,,attribute)
2019-12-06 11:18:40.917 DEBUG 7503 --- [kground-preinit] o.apache.tomcat.util.digester.Digester   :   match='mbeans-descriptors/mbean/attribute'
2019-12-06 11:18:40.917 DEBUG 7503 --- [kground-preinit] o.apache.tomcat.util.digester.Digester   :   bodyText=''
2019-12-06 11:18:40.917 DEBUG 7503 --- [kground-preinit] o.apache.tomcat.util.digester.Digester   :   Fire body() for ObjectCreateRule[className=org.apache.tomcat.util.modeler.AttributeInfo, attributeName=null]
2019-12-06 11:18:40.918 DEBUG 7503 --- [kground-preinit] o.apache.tomcat.util.digester.Digester   :   Fire body() for SetPropertiesRule[]
2019-12-06 11:18:40.918 DEBUG 7503 --- [kground-preinit] o.apache.tomcat.util.digester.Digester   :   Fire body() for SetNextRule[methodName=addAttribute, paramType=org.apache.tomcat.util.modeler.AttributeInfo]
2019-12-06 11:18:40.918 DEBUG 7503 --- [kground-preinit] o.apache.tomcat.util.digester.Digester   :   Fire end() for SetNextRule[methodName=addAttribute, paramType=org.apache.tomcat.util.modeler.AttributeInfo]
2019-12-06 11:18:40.918 DEBUG 7503 --- [kground-preinit] o.apache.tomcat.util.digester.Digester   : [SetNextRule]{mbeans-descriptors/mbean/attribute} Call org.apache.tomcat.util.modeler.ManagedBean.addAttribute(org.apache.tomcat.util.modeler.AttributeInfo@7f27e9c3)
2019-12-06 11:18:40.918 DEBUG 7503 --- [kground-preinit] o.apache.tomcat.util.IntrospectionUtils  : IntrospectionUtils: callMethod1 org.apache.tomcat.util.modeler.ManagedBean org.apache.tomcat.util.modeler.AttributeInfo org.apache.tomcat.util.modeler.AttributeInfo
2019-12-06 11:18:40.918 DEBUG 7503 --- [kground-preinit] o.apache.tomcat.util.digester.Digester   :   Fire end() for SetPropertiesRule[]
2019-12-06 11:18:40.918 DEBUG 7503 --- [kground-preinit] o.apache.tomcat.util.digester.Digester   :   Fire end() for ObjectCreateRule[className=org.apache.tomcat.util.modeler.AttributeInfo, attributeName=null]
2019-12-06 11:18:40.918 DEBUG 7503 --- [kground-preinit] o.apache.tomcat.util.digester.Digester   : [ObjectCreateRule]{mbeans-descriptors/mbean/attribute} Pop org.apache.tomcat.util.modeler.AttributeInfo
2019-12-06 11:18:40.918 DEBUG 7503 --- [kground-preinit] o.a.tomcat.util.digester.Digester.sax    : characters(

    )
2019-12-06 11:18:40.919 DEBUG 7503 --- [kground-preinit] o.a.tomcat.util.digester.Digester.sax    : startElement(,,attribute)
2019-12-06 11:18:40.919 DEBUG 7503 --- [kground-preinit] o.apache.tomcat.util.digester.Digester   :   New match='mbeans-descriptors/mbean/attribute'
2019-12-06 11:18:40.919 DEBUG 7503 --- [kground-preinit] o.apache.tomcat.util.digester.Digester   :   Fire begin() for ObjectCreateRule[className=org.apache.tomcat.util.modeler.AttributeInfo, attributeName=null]
2019-12-06 11:18:40.919 DEBUG 7503 --- [kground-preinit] o.apache.tomcat.util.digester.Digester   :   Fire begin() for SetPropertiesRule[]
2019-12-06 11:18:40.919 DEBUG 7503 --- [kground-preinit] o.apache.tomcat.util.digester.Digester   : [SetPropertiesRule]{mbeans-descriptors/mbean/attribute} Set org.apache.tomcat.util.modeler.AttributeInfo properties
2019-12-06 11:18:40.919 DEBUG 7503 --- [kground-preinit] o.apache.tomcat.util.digester.Digester   : [SetPropertiesRule]{mbeans-descriptors/mbean/attribute} Setting property 'name' to 'secureRandomAlgorithm'
2019-12-06 11:18:40.919 DEBUG 7503 --- [kground-preinit] o.apache.tomcat.util.IntrospectionUtils  : IntrospectionUtils: setProperty(class org.apache.tomcat.util.modeler.AttributeInfo name=secureRandomAlgorithm)
2019-12-06 11:18:40.919 DEBUG 7503 --- [kground-preinit] o.apache.tomcat.util.digester.Digester   : [SetPropertiesRule]{mbeans-descriptors/mbean/attribute} Setting property 'description' to 'The name of the algorithm to use for SSO session ID generation'
2019-12-06 11:18:40.919 DEBUG 7503 --- [kground-preinit] o.apache.tomcat.util.IntrospectionUtils  : IntrospectionUtils: setProperty(class org.apache.tomcat.util.modeler.AttributeInfo description=The name of the algorithm to use for SSO session ID generation)
2019-12-06 11:18:40.920 DEBUG 7503 --- [kground-preinit] o.apache.tomcat.util.digester.Digester   : [SetPropertiesRule]{mbeans-descriptors/mbean/attribute} Setting property 'type' to 'java.lang.String'
2019-12-06 11:18:40.920 DEBUG 7503 --- [kground-preinit] o.apache.tomcat.util.IntrospectionUtils  : IntrospectionUtils: setProperty(class org.apache.tomcat.util.modeler.AttributeInfo type=java.lang.String)
2019-12-06 11:18:40.920 DEBUG 7503 --- [kground-preinit] o.apache.tomcat.util.digester.Digester   :   Fire begin() for SetNextRule[methodName=addAttribute, paramType=org.apache.tomcat.util.modeler.AttributeInfo]
2019-12-06 11:18:40.920 DEBUG 7503 --- [kground-preinit] o.a.tomcat.util.digester.Digester.sax    : endElement(,,attribute)
2019-12-06 11:18:40.920 DEBUG 7503 --- [kground-preinit] o.apache.tomcat.util.digester.Digester   :   match='mbeans-descriptors/mbean/attribute'
2019-12-06 11:18:40.920 DEBUG 7503 --- [kground-preinit] o.apache.tomcat.util.digester.Digester   :   bodyText=''
2019-12-06 11:18:40.920 DEBUG 7503 --- [kground-preinit] o.apache.tomcat.util.digester.Digester   :   Fire body() for ObjectCreateRule[className=org.apache.tomcat.util.modeler.AttributeInfo, attributeName=null]
2019-12-06 11:18:40.920 DEBUG 7503 --- [kground-preinit] o.apache.tomcat.util.digester.Digester   :   Fire body() for SetPropertiesRule[]
2019-12-06 11:18:40.920 DEBUG 7503 --- [kground-preinit] o.apache.tomcat.util.digester.Digester   :   Fire body() for SetNextRule[methodName=addAttribute, paramType=org.apache.tomcat.util.modeler.AttributeInfo]
2019-12-06 11:18:40.921 DEBUG 7503 --- [kground-preinit] o.apache.tomcat.util.digester.Digester   :   Fire end() for SetNextRule[methodName=addAttribute, paramType=org.apache.tomcat.util.modeler.AttributeInfo]
2019-12-06 11:18:40.921 DEBUG 7503 --- [kground-preinit] o.apache.tomcat.util.digester.Digester   : [SetNextRule]{mbeans-descriptors/mbean/attribute} Call org.apache.tomcat.util.modeler.ManagedBean.addAttribute(org.apache.tomcat.util.modeler.AttributeInfo@5f65d9c9)
2019-12-06 11:18:40.921 DEBUG 7503 --- [kground-preinit] o.apache.tomcat.util.IntrospectionUtils  : IntrospectionUtils: callMethod1 org.apache.tomcat.util.modeler.ManagedBean org.apache.tomcat.util.modeler.AttributeInfo org.apache.tomcat.util.modeler.AttributeInfo
2019-12-06 11:18:40.921 DEBUG 7503 --- [kground-preinit] o.apache.tomcat.util.digester.Digester   :   Fire end() for SetPropertiesRule[]
2019-12-06 11:18:40.921 DEBUG 7503 --- [kground-preinit] o.apache.tomcat.util.digester.Digester   :   Fire end() for ObjectCreateRule[className=org.apache.tomcat.util.modeler.AttributeInfo, attributeName=null]
2019-12-06 11:18:40.921 DEBUG 7503 --- [kground-preinit] o.apache.tomcat.util.digester.Digester   : [ObjectCreateRule]{mbeans-descriptors/mbean/attribute} Pop org.apache.tomcat.util.modeler.AttributeInfo
2019-12-06 11:18:40.921 DEBUG 7503 --- [kground-preinit] o.a.tomcat.util.digester.Digester.sax    : characters(

    )
2019-12-06 11:18:40.921 DEBUG 7503 --- [kground-preinit] o.a.tomcat.util.digester.Digester.sax    : startElement(,,attribute)
2019-12-06 11:18:40.922 DEBUG 7503 --- [kground-preinit] o.apache.tomcat.util.digester.Digester   :   New match='mbeans-descriptors/mbean/attribute'
2019-12-06 11:18:40.922 DEBUG 7503 --- [kground-preinit] o.apache.tomcat.util.digester.Digester   :   Fire begin() for ObjectCreateRule[className=org.apache.tomcat.util.modeler.AttributeInfo, attributeName=null]
2019-12-06 11:18:40.922 DEBUG 7503 --- [kground-preinit] o.apache.tomcat.util.digester.Digester   :   Fire begin() for SetPropertiesRule[]
2019-12-06 11:18:40.922 DEBUG 7503 --- [kground-preinit] o.apache.tomcat.util.digester.Digester   : [SetPropertiesRule]{mbeans-descriptors/mbean/attribute} Set org.apache.tomcat.util.modeler.AttributeInfo properties
2019-12-06 11:18:40.922 DEBUG 7503 --- [kground-preinit] o.apache.tomcat.util.digester.Digester   : [SetPropertiesRule]{mbeans-descriptors/mbean/attribute} Setting property 'name' to 'secureRandomClass'
2019-12-06 11:18:40.922 DEBUG 7503 --- [kground-preinit] o.apache.tomcat.util.IntrospectionUtils  : IntrospectionUtils: setProperty(class org.apache.tomcat.util.modeler.AttributeInfo name=secureRandomClass)
2019-12-06 11:18:40.922 DEBUG 7503 --- [kground-preinit] o.apache.tomcat.util.digester.Digester   : [SetPropertiesRule]{mbeans-descriptors/mbean/attribute} Setting property 'description' to 'The name of the class to use for SSO session ID generation'
2019-12-06 11:18:40.923 DEBUG 7503 --- [kground-preinit] o.apache.tomcat.util.IntrospectionUtils  : IntrospectionUtils: setProperty(class org.apache.tomcat.util.modeler.AttributeInfo description=The name of the class to use for SSO session ID generation)
2019-12-06 11:18:40.923 DEBUG 7503 --- [kground-preinit] o.apache.tomcat.util.digester.Digester   : [SetPropertiesRule]{mbeans-descriptors/mbean/attribute} Setting property 'type' to 'java.lang.String'
2019-12-06 11:18:40.923 DEBUG 7503 --- [kground-preinit] o.apache.tomcat.util.IntrospectionUtils  : IntrospectionUtils: setProperty(class org.apache.tomcat.util.modeler.AttributeInfo type=java.lang.String)
2019-12-06 11:18:40.923 DEBUG 7503 --- [kground-preinit] o.apache.tomcat.util.digester.Digester   :   Fire begin() for SetNextRule[methodName=addAttribute, paramType=org.apache.tomcat.util.modeler.AttributeInfo]
2019-12-06 11:18:40.923 DEBUG 7503 --- [kground-preinit] o.a.tomcat.util.digester.Digester.sax    : endElement(,,attribute)
2019-12-06 11:18:40.923 DEBUG 7503 --- [kground-preinit] o.apache.tomcat.util.digester.Digester   :   match='mbeans-descriptors/mbean/attribute'
2019-12-06 11:18:40.923 DEBUG 7503 --- [kground-preinit] o.apache.tomcat.util.digester.Digester   :   bodyText=''
2019-12-06 11:18:40.923 DEBUG 7503 --- [kground-preinit] o.apache.tomcat.util.digester.Digester   :   Fire body() for ObjectCreateRule[className=org.apache.tomcat.util.modeler.AttributeInfo, attributeName=null]
2019-12-06 11:18:40.924 DEBUG 7503 --- [kground-preinit] o.apache.tomcat.util.digester.Digester   :   Fire body() for SetPropertiesRule[]
2019-12-06 11:18:40.924 DEBUG 7503 --- [kground-preinit] o.apache.tomcat.util.digester.Digester   :   Fire body() for SetNextRule[methodName=addAttribute, paramType=org.apache.tomcat.util.modeler.AttributeInfo]
2019-12-06 11:18:40.924 DEBUG 7503 --- [kground-preinit] o.apache.tomcat.util.digester.Digester   :   Fire end() for SetNextRule[methodName=addAttribute, paramType=org.apache.tomcat.util.modeler.AttributeInfo]
2019-12-06 11:18:40.924 DEBUG 7503 --- [kground-preinit] o.apache.tomcat.util.digester.Digester   : [SetNextRule]{mbeans-descriptors/mbean/attribute} Call org.apache.tomcat.util.modeler.ManagedBean.addAttribute(org.apache.tomcat.util.modeler.AttributeInfo@15f877e4)
2019-12-06 11:18:40.924 DEBUG 7503 --- [kground-preinit] o.apache.tomcat.util.IntrospectionUtils  : IntrospectionUtils: callMethod1 org.apache.tomcat.util.modeler.ManagedBean org.apache.tomcat.util.modeler.AttributeInfo org.apache.tomcat.util.modeler.AttributeInfo
2019-12-06 11:18:40.924 DEBUG 7503 --- [kground-preinit] o.apache.tomcat.util.digester.Digester   :   Fire end() for SetPropertiesRule[]
2019-12-06 11:18:40.924 DEBUG 7503 --- [kground-preinit] o.apache.tomcat.util.digester.Digester   :   Fire end() for ObjectCreateRule[className=org.apache.tomcat.util.modeler.AttributeInfo, attributeName=null]
2019-12-06 11:18:40.924 DEBUG 7503 --- [kground-preinit] o.apache.tomcat.util.digester.Digester   : [ObjectCreateRule]{mbeans-descriptors/mbean/attribute} Pop org.apache.tomcat.util.modeler.AttributeInfo
2019-12-06 11:18:40.924 DEBUG 7503 --- [kground-preinit] o.a.tomcat.util.digester.Digester.sax    : characters(

    )
2019-12-06 11:18:40.925 DEBUG 7503 --- [kground-preinit] o.a.tomcat.util.digester.Digester.sax    : startElement(,,attribute)
2019-12-06 11:18:40.925 DEBUG 7503 --- [kground-preinit] o.apache.tomcat.util.digester.Digester   :   New match='mbeans-descriptors/mbean/attribute'
2019-12-06 11:18:40.925 DEBUG 7503 --- [kground-preinit] o.apache.tomcat.util.digester.Digester   :   Fire begin() for ObjectCreateRule[className=org.apache.tomcat.util.modeler.AttributeInfo, attributeName=null]
2019-12-06 11:18:40.925 DEBUG 7503 --- [kground-preinit] o.apache.tomcat.util.digester.Digester   :   Fire begin() for SetPropertiesRule[]
2019-12-06 11:18:40.925 DEBUG 7503 --- [kground-preinit] o.apache.tomcat.util.digester.Digester   : [SetPropertiesRule]{mbeans-descriptors/mbean/attribute} Set org.apache.tomcat.util.modeler.AttributeInfo properties
2019-12-06 11:18:40.925 DEBUG 7503 --- [kground-preinit] o.apache.tomcat.util.digester.Digester   : [SetPropertiesRule]{mbeans-descriptors/mbean/attribute} Setting property 'name' to 'secureRandomProvider'
2019-12-06 11:18:40.925 DEBUG 7503 --- [kground-preinit] o.apache.tomcat.util.IntrospectionUtils  : IntrospectionUtils: setProperty(class org.apache.tomcat.util.modeler.AttributeInfo name=secureRandomProvider)
2019-12-06 11:18:40.925 DEBUG 7503 --- [kground-preinit] o.apache.tomcat.util.digester.Digester   : [SetPropertiesRule]{mbeans-descriptors/mbean/attribute} Setting property 'description' to 'The name of the provider to use for SSO session ID generation'
2019-12-06 11:18:40.925 DEBUG 7503 --- [kground-preinit] o.apache.tomcat.util.IntrospectionUtils  : IntrospectionUtils: setProperty(class org.apache.tomcat.util.modeler.AttributeInfo description=The name of the provider to use for SSO session ID generation)
2019-12-06 11:18:40.926 DEBUG 7503 --- [kground-preinit] o.apache.tomcat.util.digester.Digester   : [SetPropertiesRule]{mbeans-descriptors/mbean/attribute} Setting property 'type' to 'java.lang.String'
2019-12-06 11:18:40.926 DEBUG 7503 --- [kground-preinit] o.apache.tomcat.util.IntrospectionUtils  : IntrospectionUtils: setProperty(class org.apache.tomcat.util.modeler.AttributeInfo type=java.lang.String)
2019-12-06 11:18:40.926 DEBUG 7503 --- [kground-preinit] o.apache.tomcat.util.digester.Digester   :   Fire begin() for SetNextRule[methodName=addAttribute, paramType=org.apache.tomcat.util.modeler.AttributeInfo]
2019-12-06 11:18:40.926 DEBUG 7503 --- [kground-preinit] o.a.tomcat.util.digester.Digester.sax    : endElement(,,attribute)
2019-12-06 11:18:40.926 DEBUG 7503 --- [kground-preinit] o.apache.tomcat.util.digester.Digester   :   match='mbeans-descriptors/mbean/attribute'
2019-12-06 11:18:40.926 DEBUG 7503 --- [kground-preinit] o.apache.tomcat.util.digester.Digester   :   bodyText=''
2019-12-06 11:18:40.926 DEBUG 7503 --- [kground-preinit] o.apache.tomcat.util.digester.Digester   :   Fire body() for ObjectCreateRule[className=org.apache.tomcat.util.modeler.AttributeInfo, attributeName=null]
2019-12-06 11:18:40.926 DEBUG 7503 --- [kground-preinit] o.apache.tomcat.util.digester.Digester   :   Fire body() for SetPropertiesRule[]
2019-12-06 11:18:40.926 DEBUG 7503 --- [kground-preinit] o.apache.tomcat.util.digester.Digester   :   Fire body() for SetNextRule[methodName=addAttribute, paramType=org.apache.tomcat.util.modeler.AttributeInfo]
2019-12-06 11:18:40.926 DEBUG 7503 --- [kground-preinit] o.apache.tomcat.util.digester.Digester   :   Fire end() for SetNextRule[methodName=addAttribute, paramType=org.apache.tomcat.util.modeler.AttributeInfo]
2019-12-06 11:18:40.926 DEBUG 7503 --- [kground-preinit] o.apache.tomcat.util.digester.Digester   : [SetNextRule]{mbeans-descriptors/mbean/attribute} Call org.apache.tomcat.util.modeler.ManagedBean.addAttribute(org.apache.tomcat.util.modeler.AttributeInfo@3b6f30a7)
2019-12-06 11:18:40.926 DEBUG 7503 --- [kground-preinit] o.apache.tomcat.util.IntrospectionUtils  : IntrospectionUtils: callMethod1 org.apache.tomcat.util.modeler.ManagedBean org.apache.tomcat.util.modeler.AttributeInfo org.apache.tomcat.util.modeler.AttributeInfo
2019-12-06 11:18:40.926 DEBUG 7503 --- [kground-preinit] o.apache.tomcat.util.digester.Digester   :   Fire end() for SetPropertiesRule[]
2019-12-06 11:18:40.926 DEBUG 7503 --- [kground-preinit] o.apache.tomcat.util.digester.Digester   :   Fire end() for ObjectCreateRule[className=org.apache.tomcat.util.modeler.AttributeInfo, attributeName=null]
2019-12-06 11:18:40.926 DEBUG 7503 --- [kground-preinit] o.apache.tomcat.util.digester.Digester   : [ObjectCreateRule]{mbeans-descriptors/mbean/attribute} Pop org.apache.tomcat.util.modeler.AttributeInfo
2019-12-06 11:18:40.926 DEBUG 7503 --- [kground-preinit] o.a.tomcat.util.digester.Digester.sax    : characters(

    )
2019-12-06 11:18:40.926 DEBUG 7503 --- [kground-preinit] o.a.tomcat.util.digester.Digester.sax    : startElement(,,attribute)
2019-12-06 11:18:40.927 DEBUG 7503 --- [kground-preinit] o.apache.tomcat.util.digester.Digester   :   New match='mbeans-descriptors/mbean/attribute'
2019-12-06 11:18:40.927 DEBUG 7503 --- [kground-preinit] o.apache.tomcat.util.digester.Digester   :   Fire begin() for ObjectCreateRule[className=org.apache.tomcat.util.modeler.AttributeInfo, attributeName=null]
2019-12-06 11:18:40.927 DEBUG 7503 --- [kground-preinit] o.apache.tomcat.util.digester.Digester   :   Fire begin() for SetPropertiesRule[]
2019-12-06 11:18:40.927 DEBUG 7503 --- [kground-preinit] o.apache.tomcat.util.digester.Digester   : [SetPropertiesRule]{mbeans-descriptors/mbean/attribute} Set org.apache.tomcat.util.modeler.AttributeInfo properties
2019-12-06 11:18:40.927 DEBUG 7503 --- [kground-preinit] o.apache.tomcat.util.digester.Digester   : [SetPropertiesRule]{mbeans-descriptors/mbean/attribute} Setting property 'name' to 'stateName'
2019-12-06 11:18:40.927 DEBUG 7503 --- [kground-preinit] o.apache.tomcat.util.IntrospectionUtils  : IntrospectionUtils: setProperty(class org.apache.tomcat.util.modeler.AttributeInfo name=stateName)
2019-12-06 11:18:40.927 DEBUG 7503 --- [kground-preinit] o.apache.tomcat.util.digester.Digester   : [SetPropertiesRule]{mbeans-descriptors/mbean/attribute} Setting property 'description' to 'The name of the LifecycleState that this component is currently in'
2019-12-06 11:18:40.927 DEBUG 7503 --- [kground-preinit] o.apache.tomcat.util.IntrospectionUtils  : IntrospectionUtils: setProperty(class org.apache.tomcat.util.modeler.AttributeInfo description=The name of the LifecycleState that this component is currently in)
2019-12-06 11:18:40.927 DEBUG 7503 --- [kground-preinit] o.apache.tomcat.util.digester.Digester   : [SetPropertiesRule]{mbeans-descriptors/mbean/attribute} Setting property 'type' to 'java.lang.String'
2019-12-06 11:18:40.927 DEBUG 7503 --- [kground-preinit] o.apache.tomcat.util.IntrospectionUtils  : IntrospectionUtils: setProperty(class org.apache.tomcat.util.modeler.AttributeInfo type=java.lang.String)
2019-12-06 11:18:40.927 DEBUG 7503 --- [kground-preinit] o.apache.tomcat.util.digester.Digester   : [SetPropertiesRule]{mbeans-descriptors/mbean/attribute} Setting property 'writeable' to 'false'
2019-12-06 11:18:40.927 DEBUG 7503 --- [kground-preinit] o.apache.tomcat.util.IntrospectionUtils  : IntrospectionUtils: setProperty(class org.apache.tomcat.util.modeler.AttributeInfo writeable=false)
2019-12-06 11:18:40.927 DEBUG 7503 --- [kground-preinit] o.apache.tomcat.util.digester.Digester   :   Fire begin() for SetNextRule[methodName=addAttribute, paramType=org.apache.tomcat.util.modeler.AttributeInfo]
2019-12-06 11:18:40.927 DEBUG 7503 --- [kground-preinit] o.a.tomcat.util.digester.Digester.sax    : endElement(,,attribute)
2019-12-06 11:18:40.927 DEBUG 7503 --- [kground-preinit] o.apache.tomcat.util.digester.Digester   :   match='mbeans-descriptors/mbean/attribute'
2019-12-06 11:18:40.927 DEBUG 7503 --- [kground-preinit] o.apache.tomcat.util.digester.Digester   :   bodyText=''
2019-12-06 11:18:40.927 DEBUG 7503 --- [kground-preinit] o.apache.tomcat.util.digester.Digester   :   Fire body() for ObjectCreateRule[className=org.apache.tomcat.util.modeler.AttributeInfo, attributeName=null]
2019-12-06 11:18:40.927 DEBUG 7503 --- [kground-preinit] o.apache.tomcat.util.digester.Digester   :   Fire body() for SetPropertiesRule[]
2019-12-06 11:18:40.928 DEBUG 7503 --- [kground-preinit] o.apache.tomcat.util.digester.Digester   :   Fire body() for SetNextRule[methodName=addAttribute, paramType=org.apache.tomcat.util.modeler.AttributeInfo]
2019-12-06 11:18:40.928 DEBUG 7503 --- [kground-preinit] o.apache.tomcat.util.digester.Digester   :   Fire end() for SetNextRule[methodName=addAttribute, paramType=org.apache.tomcat.util.modeler.AttributeInfo]
2019-12-06 11:18:40.928 DEBUG 7503 --- [kground-preinit] o.apache.tomcat.util.digester.Digester   : [SetNextRule]{mbeans-descriptors/mbean/attribute} Call org.apache.tomcat.util.modeler.ManagedBean.addAttribute(org.apache.tomcat.util.modeler.AttributeInfo@7bc6bff8)
2019-12-06 11:18:40.928 DEBUG 7503 --- [kground-preinit] o.apache.tomcat.util.IntrospectionUtils  : IntrospectionUtils: callMethod1 org.apache.tomcat.util.modeler.ManagedBean org.apache.tomcat.util.modeler.AttributeInfo org.apache.tomcat.util.modeler.AttributeInfo
2019-12-06 11:18:40.928 DEBUG 7503 --- [kground-preinit] o.apache.tomcat.util.digester.Digester   :   Fire end() for SetPropertiesRule[]
2019-12-06 11:18:40.928 DEBUG 7503 --- [kground-preinit] o.apache.tomcat.util.digester.Digester   :   Fire end() for ObjectCreateRule[className=org.apache.tomcat.util.modeler.AttributeInfo, attributeName=null]
2019-12-06 11:18:40.928 DEBUG 7503 --- [kground-preinit] o.apache.tomcat.util.digester.Digester   : [ObjectCreateRule]{mbeans-descriptors/mbean/attribute} Pop org.apache.tomcat.util.modeler.AttributeInfo
2019-12-06 11:18:40.928 DEBUG 7503 --- [kground-preinit] o.a.tomcat.util.digester.Digester.sax    : characters(

    )
2019-12-06 11:18:40.928 DEBUG 7503 --- [kground-preinit] o.a.tomcat.util.digester.Digester.sax    : startElement(,,attribute)
2019-12-06 11:18:40.928 DEBUG 7503 --- [kground-preinit] o.apache.tomcat.util.digester.Digester   :   New match='mbeans-descriptors/mbean/attribute'
2019-12-06 11:18:40.928 DEBUG 7503 --- [kground-preinit] o.apache.tomcat.util.digester.Digester   :   Fire begin() for ObjectCreateRule[className=org.apache.tomcat.util.modeler.AttributeInfo, attributeName=null]
2019-12-06 11:18:40.928 DEBUG 7503 --- [kground-preinit] o.apache.tomcat.util.digester.Digester   :   Fire begin() for SetPropertiesRule[]
2019-12-06 11:18:40.929 DEBUG 7503 --- [kground-preinit] o.apache.tomcat.util.digester.Digester   : [SetPropertiesRule]{mbeans-descriptors/mbean/attribute} Set org.apache.tomcat.util.modeler.AttributeInfo properties
2019-12-06 11:18:40.929 DEBUG 7503 --- [kground-preinit] o.apache.tomcat.util.digester.Digester   : [SetPropertiesRule]{mbeans-descriptors/mbean/attribute} Setting property 'name' to 'validateUri'
2019-12-06 11:18:40.929 DEBUG 7503 --- [kground-preinit] o.apache.tomcat.util.IntrospectionUtils  : IntrospectionUtils: setProperty(class org.apache.tomcat.util.modeler.AttributeInfo name=validateUri)
2019-12-06 11:18:40.929 DEBUG 7503 --- [kground-preinit] o.apache.tomcat.util.digester.Digester   : [SetPropertiesRule]{mbeans-descriptors/mbean/attribute} Setting property 'description' to 'Should the uri be validated as required by RFC2617?'
2019-12-06 11:18:40.929 DEBUG 7503 --- [kground-preinit] o.apache.tomcat.util.IntrospectionUtils  : IntrospectionUtils: setProperty(class org.apache.tomcat.util.modeler.AttributeInfo description=Should the uri be validated as required by RFC2617?)
2019-12-06 11:18:40.929 DEBUG 7503 --- [kground-preinit] o.apache.tomcat.util.digester.Digester   : [SetPropertiesRule]{mbeans-descriptors/mbean/attribute} Setting property 'type' to 'boolean'
2019-12-06 11:18:40.929 DEBUG 7503 --- [kground-preinit] o.apache.tomcat.util.IntrospectionUtils  : IntrospectionUtils: setProperty(class org.apache.tomcat.util.modeler.AttributeInfo type=boolean)
2019-12-06 11:18:40.929 DEBUG 7503 --- [kground-preinit] o.apache.tomcat.util.digester.Digester   :   Fire begin() for SetNextRule[methodName=addAttribute, paramType=org.apache.tomcat.util.modeler.AttributeInfo]
2019-12-06 11:18:40.929 DEBUG 7503 --- [kground-preinit] o.a.tomcat.util.digester.Digester.sax    : endElement(,,attribute)
2019-12-06 11:18:40.929 DEBUG 7503 --- [kground-preinit] o.apache.tomcat.util.digester.Digester   :   match='mbeans-descriptors/mbean/attribute'
2019-12-06 11:18:40.930 DEBUG 7503 --- [kground-preinit] o.apache.tomcat.util.digester.Digester   :   bodyText=''
2019-12-06 11:18:40.930 DEBUG 7503 --- [kground-preinit] o.apache.tomcat.util.digester.Digester   :   Fire body() for ObjectCreateRule[className=org.apache.tomcat.util.modeler.AttributeInfo, attributeName=null]
2019-12-06 11:18:40.930 DEBUG 7503 --- [kground-preinit] o.apache.tomcat.util.digester.Digester   :   Fire body() for SetPropertiesRule[]
2019-12-06 11:18:40.930 DEBUG 7503 --- [kground-preinit] o.apache.tomcat.util.digester.Digester   :   Fire body() for SetNextRule[methodName=addAttribute, paramType=org.apache.tomcat.util.modeler.AttributeInfo]
2019-12-06 11:18:40.930 DEBUG 7503 --- [kground-preinit] o.apache.tomcat.util.digester.Digester   :   Fire end() for SetNextRule[methodName=addAttribute, paramType=org.apache.tomcat.util.modeler.AttributeInfo]
2019-12-06 11:18:40.930 DEBUG 7503 --- [kground-preinit] o.apache.tomcat.util.digester.Digester   : [SetNextRule]{mbeans-descriptors/mbean/attribute} Call org.apache.tomcat.util.modeler.ManagedBean.addAttribute(org.apache.tomcat.util.modeler.AttributeInfo@a9c8ad8)
2019-12-06 11:18:40.930 DEBUG 7503 --- [kground-preinit] o.apache.tomcat.util.IntrospectionUtils  : IntrospectionUtils: callMethod1 org.apache.tomcat.util.modeler.ManagedBean org.apache.tomcat.util.modeler.AttributeInfo org.apache.tomcat.util.modeler.AttributeInfo
2019-12-06 11:18:40.930 DEBUG 7503 --- [kground-preinit] o.apache.tomcat.util.digester.Digester   :   Fire end() for SetPropertiesRule[]
2019-12-06 11:18:40.930 DEBUG 7503 --- [kground-preinit] o.apache.tomcat.util.digester.Digester   :   Fire end() for ObjectCreateRule[className=org.apache.tomcat.util.modeler.AttributeInfo, attributeName=null]
2019-12-06 11:18:40.930 DEBUG 7503 --- [kground-preinit] o.apache.tomcat.util.digester.Digester   : [ObjectCreateRule]{mbeans-descriptors/mbean/attribute} Pop org.apache.tomcat.util.modeler.AttributeInfo
2019-12-06 11:18:40.930 DEBUG 7503 --- [kground-preinit] o.a.tomcat.util.digester.Digester.sax    : characters(
  )
2019-12-06 11:18:40.931 DEBUG 7503 --- [kground-preinit] o.a.tomcat.util.digester.Digester.sax    : endElement(,,mbean)
2019-12-06 11:18:40.931 DEBUG 7503 --- [kground-preinit] o.apache.tomcat.util.digester.Digester   :   match='mbeans-descriptors/mbean'
2019-12-06 11:18:40.931 DEBUG 7503 --- [kground-preinit] o.apache.tomcat.util.digester.Digester   :   bodyText='

    

    

    

    

    

    

    

    

    

    

    

    

    

    

    
  '
2019-12-06 11:18:40.931 DEBUG 7503 --- [kground-preinit] o.apache.tomcat.util.digester.Digester   :   Fire body() for ObjectCreateRule[className=org.apache.tomcat.util.modeler.ManagedBean, attributeName=null]
2019-12-06 11:18:40.931 DEBUG 7503 --- [kground-preinit] o.apache.tomcat.util.digester.Digester   :   Fire body() for SetPropertiesRule[]
2019-12-06 11:18:40.931 DEBUG 7503 --- [kground-preinit] o.apache.tomcat.util.digester.Digester   :   Fire body() for SetNextRule[methodName=add, paramType=java.lang.Object]
2019-12-06 11:18:40.931 DEBUG 7503 --- [kground-preinit] o.apache.tomcat.util.digester.Digester   :   Fire end() for SetNextRule[methodName=add, paramType=java.lang.Object]
2019-12-06 11:18:40.931 DEBUG 7503 --- [kground-preinit] o.apache.tomcat.util.digester.Digester   : [SetNextRule]{mbeans-descriptors/mbean} Call java.util.ArrayList.add(ManagedBean[name=DigestAuthenticator, className=org.apache.tomcat.util.modeler.BaseModelMBean, description=An Authenticator and Valve implementation of HTTP DIGEST Authentication, group=Valve, type=org.apache.catalina.authenticator.DigestAuthenticator])
2019-12-06 11:18:40.931 DEBUG 7503 --- [kground-preinit] o.apache.tomcat.util.IntrospectionUtils  : IntrospectionUtils: callMethod1 java.util.ArrayList org.apache.tomcat.util.modeler.ManagedBean java.lang.Object
2019-12-06 11:18:40.931 DEBUG 7503 --- [kground-preinit] o.apache.tomcat.util.digester.Digester   :   Fire end() for SetPropertiesRule[]
2019-12-06 11:18:40.932 DEBUG 7503 --- [kground-preinit] o.apache.tomcat.util.digester.Digester   :   Fire end() for ObjectCreateRule[className=org.apache.tomcat.util.modeler.ManagedBean, attributeName=null]
2019-12-06 11:18:40.932 DEBUG 7503 --- [kground-preinit] o.apache.tomcat.util.digester.Digester   : [ObjectCreateRule]{mbeans-descriptors/mbean} Pop org.apache.tomcat.util.modeler.ManagedBean
2019-12-06 11:18:40.932 DEBUG 7503 --- [kground-preinit] o.a.tomcat.util.digester.Digester.sax    : characters(

  )
2019-12-06 11:18:40.932 DEBUG 7503 --- [kground-preinit] o.a.tomcat.util.digester.Digester.sax    : startElement(,,mbean)
2019-12-06 11:18:40.932 DEBUG 7503 --- [kground-preinit] o.apache.tomcat.util.digester.Digester   :   New match='mbeans-descriptors/mbean'
2019-12-06 11:18:40.932 DEBUG 7503 --- [kground-preinit] o.apache.tomcat.util.digester.Digester   :   Fire begin() for ObjectCreateRule[className=org.apache.tomcat.util.modeler.ManagedBean, attributeName=null]
2019-12-06 11:18:40.932 DEBUG 7503 --- [kground-preinit] o.apache.tomcat.util.digester.Digester   :   Fire begin() for SetPropertiesRule[]
2019-12-06 11:18:40.932 DEBUG 7503 --- [kground-preinit] o.apache.tomcat.util.digester.Digester   : [SetPropertiesRule]{mbeans-descriptors/mbean} Set org.apache.tomcat.util.modeler.ManagedBean properties
2019-12-06 11:18:40.932 DEBUG 7503 --- [kground-preinit] o.apache.tomcat.util.digester.Digester   : [SetPropertiesRule]{mbeans-descriptors/mbean} Setting property 'name' to 'FormAuthenticator'
2019-12-06 11:18:40.932 DEBUG 7503 --- [kground-preinit] o.apache.tomcat.util.IntrospectionUtils  : IntrospectionUtils: setProperty(class org.apache.tomcat.util.modeler.ManagedBean name=FormAuthenticator)
2019-12-06 11:18:40.932 DEBUG 7503 --- [kground-preinit] o.apache.tomcat.util.digester.Digester   : [SetPropertiesRule]{mbeans-descriptors/mbean} Setting property 'description' to 'An Authenticator and Valve implementation of FORM BASED Authentication'
2019-12-06 11:18:40.932 DEBUG 7503 --- [kground-preinit] o.apache.tomcat.util.IntrospectionUtils  : IntrospectionUtils: setProperty(class org.apache.tomcat.util.modeler.ManagedBean description=An Authenticator and Valve implementation of FORM BASED Authentication)
2019-12-06 11:18:40.932 DEBUG 7503 --- [kground-preinit] o.apache.tomcat.util.digester.Digester   : [SetPropertiesRule]{mbeans-descriptors/mbean} Setting property 'domain' to 'Catalina'
2019-12-06 11:18:40.932 DEBUG 7503 --- [kground-preinit] o.apache.tomcat.util.IntrospectionUtils  : IntrospectionUtils: setProperty(class org.apache.tomcat.util.modeler.ManagedBean domain=Catalina)
2019-12-06 11:18:40.932 DEBUG 7503 --- [kground-preinit] o.apache.tomcat.util.digester.Digester   : [SetPropertiesRule]{mbeans-descriptors/mbean} Setting property 'group' to 'Valve'
2019-12-06 11:18:40.932 DEBUG 7503 --- [kground-preinit] o.apache.tomcat.util.IntrospectionUtils  : IntrospectionUtils: setProperty(class org.apache.tomcat.util.modeler.ManagedBean group=Valve)
2019-12-06 11:18:40.933 DEBUG 7503 --- [kground-preinit] o.apache.tomcat.util.digester.Digester   : [SetPropertiesRule]{mbeans-descriptors/mbean} Setting property 'type' to 'org.apache.catalina.authenticator.FormAuthenticator'
2019-12-06 11:18:40.933 DEBUG 7503 --- [kground-preinit] o.apache.tomcat.util.IntrospectionUtils  : IntrospectionUtils: setProperty(class org.apache.tomcat.util.modeler.ManagedBean type=org.apache.catalina.authenticator.FormAuthenticator)
2019-12-06 11:18:40.933 DEBUG 7503 --- [kground-preinit] o.apache.tomcat.util.digester.Digester   :   Fire begin() for SetNextRule[methodName=add, paramType=java.lang.Object]
2019-12-06 11:18:40.933 DEBUG 7503 --- [kground-preinit] o.a.tomcat.util.digester.Digester.sax    : characters(

    )
2019-12-06 11:18:40.933 DEBUG 7503 --- [kground-preinit] o.a.tomcat.util.digester.Digester.sax    : startElement(,,attribute)
2019-12-06 11:18:40.933 DEBUG 7503 --- [kground-preinit] o.apache.tomcat.util.digester.Digester   :   New match='mbeans-descriptors/mbean/attribute'
2019-12-06 11:18:40.933 DEBUG 7503 --- [kground-preinit] o.apache.tomcat.util.digester.Digester   :   Fire begin() for ObjectCreateRule[className=org.apache.tomcat.util.modeler.AttributeInfo, attributeName=null]
2019-12-06 11:18:40.933 DEBUG 7503 --- [kground-preinit] o.apache.tomcat.util.digester.Digester   :   Fire begin() for SetPropertiesRule[]
2019-12-06 11:18:40.933 DEBUG 7503 --- [kground-preinit] o.apache.tomcat.util.digester.Digester   : [SetPropertiesRule]{mbeans-descriptors/mbean/attribute} Set org.apache.tomcat.util.modeler.AttributeInfo properties
2019-12-06 11:18:40.933 DEBUG 7503 --- [kground-preinit] o.apache.tomcat.util.digester.Digester   : [SetPropertiesRule]{mbeans-descriptors/mbean/attribute} Setting property 'name' to 'changeSessionIdOnAuthentication'
2019-12-06 11:18:40.933 DEBUG 7503 --- [kground-preinit] o.apache.tomcat.util.IntrospectionUtils  : IntrospectionUtils: setProperty(class org.apache.tomcat.util.modeler.AttributeInfo name=changeSessionIdOnAuthentication)
2019-12-06 11:18:40.933 DEBUG 7503 --- [kground-preinit] o.apache.tomcat.util.digester.Digester   : [SetPropertiesRule]{mbeans-descriptors/mbean/attribute} Setting property 'description' to 'Controls if the session ID is changed if a session exists at the point where users are authenticated'
2019-12-06 11:18:40.933 DEBUG 7503 --- [kground-preinit] o.apache.tomcat.util.IntrospectionUtils  : IntrospectionUtils: setProperty(class org.apache.tomcat.util.modeler.AttributeInfo description=Controls if the session ID is changed if a session exists at the point where users are authenticated)
2019-12-06 11:18:40.933 DEBUG 7503 --- [kground-preinit] o.apache.tomcat.util.digester.Digester   : [SetPropertiesRule]{mbeans-descriptors/mbean/attribute} Setting property 'type' to 'boolean'
2019-12-06 11:18:40.933 DEBUG 7503 --- [kground-preinit] o.apache.tomcat.util.IntrospectionUtils  : IntrospectionUtils: setProperty(class org.apache.tomcat.util.modeler.AttributeInfo type=boolean)
2019-12-06 11:18:40.933 DEBUG 7503 --- [kground-preinit] o.apache.tomcat.util.digester.Digester   :   Fire begin() for SetNextRule[methodName=addAttribute, paramType=org.apache.tomcat.util.modeler.AttributeInfo]
2019-12-06 11:18:40.934 DEBUG 7503 --- [kground-preinit] o.a.tomcat.util.digester.Digester.sax    : endElement(,,attribute)
2019-12-06 11:18:40.934 DEBUG 7503 --- [kground-preinit] o.apache.tomcat.util.digester.Digester   :   match='mbeans-descriptors/mbean/attribute'
2019-12-06 11:18:40.934 DEBUG 7503 --- [kground-preinit] o.apache.tomcat.util.digester.Digester   :   bodyText=''
2019-12-06 11:18:40.934 DEBUG 7503 --- [kground-preinit] o.apache.tomcat.util.digester.Digester   :   Fire body() for ObjectCreateRule[className=org.apache.tomcat.util.modeler.AttributeInfo, attributeName=null]
2019-12-06 11:18:40.934 DEBUG 7503 --- [kground-preinit] o.apache.tomcat.util.digester.Digester   :   Fire body() for SetPropertiesRule[]
2019-12-06 11:18:40.934 DEBUG 7503 --- [kground-preinit] o.apache.tomcat.util.digester.Digester   :   Fire body() for SetNextRule[methodName=addAttribute, paramType=org.apache.tomcat.util.modeler.AttributeInfo]
2019-12-06 11:18:40.934 DEBUG 7503 --- [kground-preinit] o.apache.tomcat.util.digester.Digester   :   Fire end() for SetNextRule[methodName=addAttribute, paramType=org.apache.tomcat.util.modeler.AttributeInfo]
2019-12-06 11:18:40.934 DEBUG 7503 --- [kground-preinit] o.apache.tomcat.util.digester.Digester   : [SetNextRule]{mbeans-descriptors/mbean/attribute} Call org.apache.tomcat.util.modeler.ManagedBean.addAttribute(org.apache.tomcat.util.modeler.AttributeInfo@5c0d8b38)
2019-12-06 11:18:40.934 DEBUG 7503 --- [kground-preinit] o.apache.tomcat.util.IntrospectionUtils  : IntrospectionUtils: callMethod1 org.apache.tomcat.util.modeler.ManagedBean org.apache.tomcat.util.modeler.AttributeInfo org.apache.tomcat.util.modeler.AttributeInfo
2019-12-06 11:18:40.934 DEBUG 7503 --- [kground-preinit] o.apache.tomcat.util.digester.Digester   :   Fire end() for SetPropertiesRule[]
2019-12-06 11:18:40.934 DEBUG 7503 --- [kground-preinit] o.apache.tomcat.util.digester.Digester   :   Fire end() for ObjectCreateRule[className=org.apache.tomcat.util.modeler.AttributeInfo, attributeName=null]
2019-12-06 11:18:40.934 DEBUG 7503 --- [kground-preinit] o.apache.tomcat.util.digester.Digester   : [ObjectCreateRule]{mbeans-descriptors/mbean/attribute} Pop org.apache.tomcat.util.modeler.AttributeInfo
2019-12-06 11:18:40.934 DEBUG 7503 --- [kground-preinit] o.a.tomcat.util.digester.Digester.sax    : characters(

    )
2019-12-06 11:18:40.934 DEBUG 7503 --- [kground-preinit] o.a.tomcat.util.digester.Digester.sax    : startElement(,,attribute)
2019-12-06 11:18:40.934 DEBUG 7503 --- [kground-preinit] o.apache.tomcat.util.digester.Digester   :   New match='mbeans-descriptors/mbean/attribute'
2019-12-06 11:18:40.934 DEBUG 7503 --- [kground-preinit] o.apache.tomcat.util.digester.Digester   :   Fire begin() for ObjectCreateRule[className=org.apache.tomcat.util.modeler.AttributeInfo, attributeName=null]
2019-12-06 11:18:40.934 DEBUG 7503 --- [kground-preinit] o.apache.tomcat.util.digester.Digester   :   Fire begin() for SetPropertiesRule[]
2019-12-06 11:18:40.935 DEBUG 7503 --- [kground-preinit] o.apache.tomcat.util.digester.Digester   : [SetPropertiesRule]{mbeans-descriptors/mbean/attribute} Set org.apache.tomcat.util.modeler.AttributeInfo properties
2019-12-06 11:18:40.935 DEBUG 7503 --- [kground-preinit] o.apache.tomcat.util.digester.Digester   : [SetPropertiesRule]{mbeans-descriptors/mbean/attribute} Setting property 'name' to 'characterEncoding'
2019-12-06 11:18:40.935 DEBUG 7503 --- [kground-preinit] o.apache.tomcat.util.IntrospectionUtils  : IntrospectionUtils: setProperty(class org.apache.tomcat.util.modeler.AttributeInfo name=characterEncoding)
2019-12-06 11:18:40.935 DEBUG 7503 --- [kground-preinit] o.apache.tomcat.util.digester.Digester   : [SetPropertiesRule]{mbeans-descriptors/mbean/attribute} Setting property 'description' to 'Character encoding to use to read the username and password parameters from the request'
2019-12-06 11:18:40.935 DEBUG 7503 --- [kground-preinit] o.apache.tomcat.util.IntrospectionUtils  : IntrospectionUtils: setProperty(class org.apache.tomcat.util.modeler.AttributeInfo description=Character encoding to use to read the username and password parameters from the request)
2019-12-06 11:18:40.935 DEBUG 7503 --- [kground-preinit] o.apache.tomcat.util.digester.Digester   : [SetPropertiesRule]{mbeans-descriptors/mbean/attribute} Setting property 'type' to 'java.lang.String'
2019-12-06 11:18:40.935 DEBUG 7503 --- [kground-preinit] o.apache.tomcat.util.IntrospectionUtils  : IntrospectionUtils: setProperty(class org.apache.tomcat.util.modeler.AttributeInfo type=java.lang.String)
2019-12-06 11:18:40.935 DEBUG 7503 --- [kground-preinit] o.apache.tomcat.util.digester.Digester   :   Fire begin() for SetNextRule[methodName=addAttribute, paramType=org.apache.tomcat.util.modeler.AttributeInfo]
2019-12-06 11:18:40.935 DEBUG 7503 --- [kground-preinit] o.a.tomcat.util.digester.Digester.sax    : endElement(,,attribute)
2019-12-06 11:18:40.935 DEBUG 7503 --- [kground-preinit] o.apache.tomcat.util.digester.Digester   :   match='mbeans-descriptors/mbean/attribute'
2019-12-06 11:18:40.935 DEBUG 7503 --- [kground-preinit] o.apache.tomcat.util.digester.Digester   :   bodyText=''
2019-12-06 11:18:40.935 DEBUG 7503 --- [kground-preinit] o.apache.tomcat.util.digester.Digester   :   Fire body() for ObjectCreateRule[className=org.apache.tomcat.util.modeler.AttributeInfo, attributeName=null]
2019-12-06 11:18:40.935 DEBUG 7503 --- [kground-preinit] o.apache.tomcat.util.digester.Digester   :   Fire body() for SetPropertiesRule[]
2019-12-06 11:18:40.935 DEBUG 7503 --- [kground-preinit] o.apache.tomcat.util.digester.Digester   :   Fire body() for SetNextRule[methodName=addAttribute, paramType=org.apache.tomcat.util.modeler.AttributeInfo]
2019-12-06 11:18:40.935 DEBUG 7503 --- [kground-preinit] o.apache.tomcat.util.digester.Digester   :   Fire end() for SetNextRule[methodName=addAttribute, paramType=org.apache.tomcat.util.modeler.AttributeInfo]
2019-12-06 11:18:40.935 DEBUG 7503 --- [kground-preinit] o.apache.tomcat.util.digester.Digester   : [SetNextRule]{mbeans-descriptors/mbean/attribute} Call org.apache.tomcat.util.modeler.ManagedBean.addAttribute(org.apache.tomcat.util.modeler.AttributeInfo@1e256216)
2019-12-06 11:18:40.935 DEBUG 7503 --- [kground-preinit] o.apache.tomcat.util.IntrospectionUtils  : IntrospectionUtils: callMethod1 org.apache.tomcat.util.modeler.ManagedBean org.apache.tomcat.util.modeler.AttributeInfo org.apache.tomcat.util.modeler.AttributeInfo
2019-12-06 11:18:40.935 DEBUG 7503 --- [kground-preinit] o.apache.tomcat.util.digester.Digester   :   Fire end() for SetPropertiesRule[]
2019-12-06 11:18:40.936 DEBUG 7503 --- [kground-preinit] o.apache.tomcat.util.digester.Digester   :   Fire end() for ObjectCreateRule[className=org.apache.tomcat.util.modeler.AttributeInfo, attributeName=null]
2019-12-06 11:18:40.936 DEBUG 7503 --- [kground-preinit] o.apache.tomcat.util.digester.Digester   : [ObjectCreateRule]{mbeans-descriptors/mbean/attribute} Pop org.apache.tomcat.util.modeler.AttributeInfo
2019-12-06 11:18:40.936 DEBUG 7503 --- [kground-preinit] o.a.tomcat.util.digester.Digester.sax    : characters(

    )
2019-12-06 11:18:40.936 DEBUG 7503 --- [kground-preinit] o.a.tomcat.util.digester.Digester.sax    : startElement(,,attribute)
2019-12-06 11:18:40.936 DEBUG 7503 --- [kground-preinit] o.apache.tomcat.util.digester.Digester   :   New match='mbeans-descriptors/mbean/attribute'
2019-12-06 11:18:40.936 DEBUG 7503 --- [kground-preinit] o.apache.tomcat.util.digester.Digester   :   Fire begin() for ObjectCreateRule[className=org.apache.tomcat.util.modeler.AttributeInfo, attributeName=null]
2019-12-06 11:18:40.936 DEBUG 7503 --- [kground-preinit] o.apache.tomcat.util.digester.Digester   :   Fire begin() for SetPropertiesRule[]
2019-12-06 11:18:40.936 DEBUG 7503 --- [kground-preinit] o.apache.tomcat.util.digester.Digester   : [SetPropertiesRule]{mbeans-descriptors/mbean/attribute} Set org.apache.tomcat.util.modeler.AttributeInfo properties
2019-12-06 11:18:40.936 DEBUG 7503 --- [kground-preinit] o.apache.tomcat.util.digester.Digester   : [SetPropertiesRule]{mbeans-descriptors/mbean/attribute} Setting property 'name' to 'className'
2019-12-06 11:18:40.936 DEBUG 7503 --- [kground-preinit] o.apache.tomcat.util.IntrospectionUtils  : IntrospectionUtils: setProperty(class org.apache.tomcat.util.modeler.AttributeInfo name=className)
2019-12-06 11:18:40.936 DEBUG 7503 --- [kground-preinit] o.apache.tomcat.util.digester.Digester   : [SetPropertiesRule]{mbeans-descriptors/mbean/attribute} Setting property 'description' to 'Fully qualified class name of the managed object'
2019-12-06 11:18:40.936 DEBUG 7503 --- [kground-preinit] o.apache.tomcat.util.IntrospectionUtils  : IntrospectionUtils: setProperty(class org.apache.tomcat.util.modeler.AttributeInfo description=Fully qualified class name of the managed object)
2019-12-06 11:18:40.936 DEBUG 7503 --- [kground-preinit] o.apache.tomcat.util.digester.Digester   : [SetPropertiesRule]{mbeans-descriptors/mbean/attribute} Setting property 'type' to 'java.lang.String'
2019-12-06 11:18:40.937 DEBUG 7503 --- [kground-preinit] o.apache.tomcat.util.IntrospectionUtils  : IntrospectionUtils: setProperty(class org.apache.tomcat.util.modeler.AttributeInfo type=java.lang.String)
2019-12-06 11:18:40.937 DEBUG 7503 --- [kground-preinit] o.apache.tomcat.util.digester.Digester   : [SetPropertiesRule]{mbeans-descriptors/mbean/attribute} Setting property 'writeable' to 'false'
2019-12-06 11:18:40.937 DEBUG 7503 --- [kground-preinit] o.apache.tomcat.util.IntrospectionUtils  : IntrospectionUtils: setProperty(class org.apache.tomcat.util.modeler.AttributeInfo writeable=false)
2019-12-06 11:18:40.937 DEBUG 7503 --- [kground-preinit] o.apache.tomcat.util.digester.Digester   :   Fire begin() for SetNextRule[methodName=addAttribute, paramType=org.apache.tomcat.util.modeler.AttributeInfo]
2019-12-06 11:18:40.937 DEBUG 7503 --- [kground-preinit] o.a.tomcat.util.digester.Digester.sax    : endElement(,,attribute)
2019-12-06 11:18:40.937 DEBUG 7503 --- [kground-preinit] o.apache.tomcat.util.digester.Digester   :   match='mbeans-descriptors/mbean/attribute'
2019-12-06 11:18:40.937 DEBUG 7503 --- [kground-preinit] o.apache.tomcat.util.digester.Digester   :   bodyText=''
2019-12-06 11:18:40.937 DEBUG 7503 --- [kground-preinit] o.apache.tomcat.util.digester.Digester   :   Fire body() for ObjectCreateRule[className=org.apache.tomcat.util.modeler.AttributeInfo, attributeName=null]
2019-12-06 11:18:40.937 DEBUG 7503 --- [kground-preinit] o.apache.tomcat.util.digester.Digester   :   Fire body() for SetPropertiesRule[]
2019-12-06 11:18:40.937 DEBUG 7503 --- [kground-preinit] o.apache.tomcat.util.digester.Digester   :   Fire body() for SetNextRule[methodName=addAttribute, paramType=org.apache.tomcat.util.modeler.AttributeInfo]
2019-12-06 11:18:40.937 DEBUG 7503 --- [kground-preinit] o.apache.tomcat.util.digester.Digester   :   Fire end() for SetNextRule[methodName=addAttribute, paramType=org.apache.tomcat.util.modeler.AttributeInfo]
2019-12-06 11:18:40.938 DEBUG 7503 --- [kground-preinit] o.apache.tomcat.util.digester.Digester   : [SetNextRule]{mbeans-descriptors/mbean/attribute} Call org.apache.tomcat.util.modeler.ManagedBean.addAttribute(org.apache.tomcat.util.modeler.AttributeInfo@50523755)
2019-12-06 11:18:40.938 DEBUG 7503 --- [kground-preinit] o.apache.tomcat.util.IntrospectionUtils  : IntrospectionUtils: callMethod1 org.apache.tomcat.util.modeler.ManagedBean org.apache.tomcat.util.modeler.AttributeInfo org.apache.tomcat.util.modeler.AttributeInfo
2019-12-06 11:18:40.938 DEBUG 7503 --- [kground-preinit] o.apache.tomcat.util.digester.Digester   :   Fire end() for SetPropertiesRule[]
2019-12-06 11:18:40.938 DEBUG 7503 --- [kground-preinit] o.apache.tomcat.util.digester.Digester   :   Fire end() for ObjectCreateRule[className=org.apache.tomcat.util.modeler.AttributeInfo, attributeName=null]
2019-12-06 11:18:40.939 DEBUG 7503 --- [kground-preinit] o.apache.tomcat.util.digester.Digester   : [ObjectCreateRule]{mbeans-descriptors/mbean/attribute} Pop org.apache.tomcat.util.modeler.AttributeInfo
2019-12-06 11:18:40.939 DEBUG 7503 --- [kground-preinit] o.a.tomcat.util.digester.Digester.sax    : characters(

    )
2019-12-06 11:18:40.939 DEBUG 7503 --- [kground-preinit] o.a.tomcat.util.digester.Digester.sax    : startElement(,,attribute)
2019-12-06 11:18:40.939 DEBUG 7503 --- [kground-preinit] o.apache.tomcat.util.digester.Digester   :   New match='mbeans-descriptors/mbean/attribute'
2019-12-06 11:18:40.939 DEBUG 7503 --- [kground-preinit] o.apache.tomcat.util.digester.Digester   :   Fire begin() for ObjectCreateRule[className=org.apache.tomcat.util.modeler.AttributeInfo, attributeName=null]
2019-12-06 11:18:40.939 DEBUG 7503 --- [kground-preinit] o.apache.tomcat.util.digester.Digester   :   Fire begin() for SetPropertiesRule[]
2019-12-06 11:18:40.939 DEBUG 7503 --- [kground-preinit] o.apache.tomcat.util.digester.Digester   : [SetPropertiesRule]{mbeans-descriptors/mbean/attribute} Set org.apache.tomcat.util.modeler.AttributeInfo properties
2019-12-06 11:18:40.939 DEBUG 7503 --- [kground-preinit] o.apache.tomcat.util.digester.Digester   : [SetPropertiesRule]{mbeans-descriptors/mbean/attribute} Setting property 'name' to 'disableProxyCaching'
2019-12-06 11:18:40.940 DEBUG 7503 --- [kground-preinit] o.apache.tomcat.util.IntrospectionUtils  : IntrospectionUtils: setProperty(class org.apache.tomcat.util.modeler.AttributeInfo name=disableProxyCaching)
2019-12-06 11:18:40.940 DEBUG 7503 --- [kground-preinit] o.apache.tomcat.util.digester.Digester   : [SetPropertiesRule]{mbeans-descriptors/mbean/attribute} Setting property 'description' to 'Controls the caching of pages that are protected by security constraints'
2019-12-06 11:18:40.940 DEBUG 7503 --- [kground-preinit] o.apache.tomcat.util.IntrospectionUtils  : IntrospectionUtils: setProperty(class org.apache.tomcat.util.modeler.AttributeInfo description=Controls the caching of pages that are protected by security constraints)
2019-12-06 11:18:40.940 DEBUG 7503 --- [kground-preinit] o.apache.tomcat.util.digester.Digester   : [SetPropertiesRule]{mbeans-descriptors/mbean/attribute} Setting property 'type' to 'boolean'
2019-12-06 11:18:40.940 DEBUG 7503 --- [kground-preinit] o.apache.tomcat.util.IntrospectionUtils  : IntrospectionUtils: setProperty(class org.apache.tomcat.util.modeler.AttributeInfo type=boolean)
2019-12-06 11:18:40.940 DEBUG 7503 --- [kground-preinit] o.apache.tomcat.util.digester.Digester   :   Fire begin() for SetNextRule[methodName=addAttribute, paramType=org.apache.tomcat.util.modeler.AttributeInfo]
2019-12-06 11:18:40.940 DEBUG 7503 --- [kground-preinit] o.a.tomcat.util.digester.Digester.sax    : endElement(,,attribute)
2019-12-06 11:18:40.940 DEBUG 7503 --- [kground-preinit] o.apache.tomcat.util.digester.Digester   :   match='mbeans-descriptors/mbean/attribute'
2019-12-06 11:18:40.940 DEBUG 7503 --- [kground-preinit] o.apache.tomcat.util.digester.Digester   :   bodyText=''
2019-12-06 11:18:40.940 DEBUG 7503 --- [kground-preinit] o.apache.tomcat.util.digester.Digester   :   Fire body() for ObjectCreateRule[className=org.apache.tomcat.util.modeler.AttributeInfo, attributeName=null]
2019-12-06 11:18:40.940 DEBUG 7503 --- [kground-preinit] o.apache.tomcat.util.digester.Digester   :   Fire body() for SetPropertiesRule[]
2019-12-06 11:18:40.941 DEBUG 7503 --- [kground-preinit] o.apache.tomcat.util.digester.Digester   :   Fire body() for SetNextRule[methodName=addAttribute, paramType=org.apache.tomcat.util.modeler.AttributeInfo]
2019-12-06 11:18:40.941 DEBUG 7503 --- [kground-preinit] o.apache.tomcat.util.digester.Digester   :   Fire end() for SetNextRule[methodName=addAttribute, paramType=org.apache.tomcat.util.modeler.AttributeInfo]
2019-12-06 11:18:40.941 DEBUG 7503 --- [kground-preinit] o.apache.tomcat.util.digester.Digester   : [SetNextRule]{mbeans-descriptors/mbean/attribute} Call org.apache.tomcat.util.modeler.ManagedBean.addAttribute(org.apache.tomcat.util.modeler.AttributeInfo@3ef6adcd)
2019-12-06 11:18:40.941 DEBUG 7503 --- [kground-preinit] o.apache.tomcat.util.IntrospectionUtils  : IntrospectionUtils: callMethod1 org.apache.tomcat.util.modeler.ManagedBean org.apache.tomcat.util.modeler.AttributeInfo org.apache.tomcat.util.modeler.AttributeInfo
2019-12-06 11:18:40.941 DEBUG 7503 --- [kground-preinit] o.apache.tomcat.util.digester.Digester   :   Fire end() for SetPropertiesRule[]
2019-12-06 11:18:40.941 DEBUG 7503 --- [kground-preinit] o.apache.tomcat.util.digester.Digester   :   Fire end() for ObjectCreateRule[className=org.apache.tomcat.util.modeler.AttributeInfo, attributeName=null]
2019-12-06 11:18:40.941 DEBUG 7503 --- [kground-preinit] o.apache.tomcat.util.digester.Digester   : [ObjectCreateRule]{mbeans-descriptors/mbean/attribute} Pop org.apache.tomcat.util.modeler.AttributeInfo
2019-12-06 11:18:40.941 DEBUG 7503 --- [kground-preinit] o.a.tomcat.util.digester.Digester.sax    : characters(

    )
2019-12-06 11:18:40.942 DEBUG 7503 --- [kground-preinit] o.a.tomcat.util.digester.Digester.sax    : startElement(,,attribute)
2019-12-06 11:18:40.942 DEBUG 7503 --- [kground-preinit] o.apache.tomcat.util.digester.Digester   :   New match='mbeans-descriptors/mbean/attribute'
2019-12-06 11:18:40.942 DEBUG 7503 --- [kground-preinit] o.apache.tomcat.util.digester.Digester   :   Fire begin() for ObjectCreateRule[className=org.apache.tomcat.util.modeler.AttributeInfo, attributeName=null]
2019-12-06 11:18:40.942 DEBUG 7503 --- [kground-preinit] o.apache.tomcat.util.digester.Digester   :   Fire begin() for SetPropertiesRule[]
2019-12-06 11:18:40.942 DEBUG 7503 --- [kground-preinit] o.apache.tomcat.util.digester.Digester   : [SetPropertiesRule]{mbeans-descriptors/mbean/attribute} Set org.apache.tomcat.util.modeler.AttributeInfo properties
2019-12-06 11:18:40.942 DEBUG 7503 --- [kground-preinit] o.apache.tomcat.util.digester.Digester   : [SetPropertiesRule]{mbeans-descriptors/mbean/attribute} Setting property 'name' to 'landingPage'
2019-12-06 11:18:40.942 DEBUG 7503 --- [kground-preinit] o.apache.tomcat.util.IntrospectionUtils  : IntrospectionUtils: setProperty(class org.apache.tomcat.util.modeler.AttributeInfo name=landingPage)
2019-12-06 11:18:40.942 DEBUG 7503 --- [kground-preinit] o.apache.tomcat.util.digester.Digester   : [SetPropertiesRule]{mbeans-descriptors/mbean/attribute} Setting property 'description' to 'Controls the behavior of the FORM authentication process if the process is misused, for example by directly requesting the login page or delaying logging in for so long that the session expires'
2019-12-06 11:18:40.943 DEBUG 7503 --- [kground-preinit] o.apache.tomcat.util.IntrospectionUtils  : IntrospectionUtils: setProperty(class org.apache.tomcat.util.modeler.AttributeInfo description=Controls the behavior of the FORM authentication process if the process is misused, for example by directly requesting the login page or delaying logging in for so long that the session expires)
2019-12-06 11:18:40.943 DEBUG 7503 --- [kground-preinit] o.apache.tomcat.util.digester.Digester   : [SetPropertiesRule]{mbeans-descriptors/mbean/attribute} Setting property 'type' to 'java.lang.String'
2019-12-06 11:18:40.943 DEBUG 7503 --- [kground-preinit] o.apache.tomcat.util.IntrospectionUtils  : IntrospectionUtils: setProperty(class org.apache.tomcat.util.modeler.AttributeInfo type=java.lang.String)
2019-12-06 11:18:40.943 DEBUG 7503 --- [kground-preinit] o.apache.tomcat.util.digester.Digester   :   Fire begin() for SetNextRule[methodName=addAttribute, paramType=org.apache.tomcat.util.modeler.AttributeInfo]
2019-12-06 11:18:40.943 DEBUG 7503 --- [kground-preinit] o.a.tomcat.util.digester.Digester.sax    : endElement(,,attribute)
2019-12-06 11:18:40.943 DEBUG 7503 --- [kground-preinit] o.apache.tomcat.util.digester.Digester   :   match='mbeans-descriptors/mbean/attribute'
2019-12-06 11:18:40.943 DEBUG 7503 --- [kground-preinit] o.apache.tomcat.util.digester.Digester   :   bodyText=''
2019-12-06 11:18:40.943 DEBUG 7503 --- [kground-preinit] o.apache.tomcat.util.digester.Digester   :   Fire body() for ObjectCreateRule[className=org.apache.tomcat.util.modeler.AttributeInfo, attributeName=null]
2019-12-06 11:18:40.943 DEBUG 7503 --- [kground-preinit] o.apache.tomcat.util.digester.Digester   :   Fire body() for SetPropertiesRule[]
2019-12-06 11:18:40.943 DEBUG 7503 --- [kground-preinit] o.apache.tomcat.util.digester.Digester   :   Fire body() for SetNextRule[methodName=addAttribute, paramType=org.apache.tomcat.util.modeler.AttributeInfo]
2019-12-06 11:18:40.943 DEBUG 7503 --- [kground-preinit] o.apache.tomcat.util.digester.Digester   :   Fire end() for SetNextRule[methodName=addAttribute, paramType=org.apache.tomcat.util.modeler.AttributeInfo]
2019-12-06 11:18:40.943 DEBUG 7503 --- [kground-preinit] o.apache.tomcat.util.digester.Digester   : [SetNextRule]{mbeans-descriptors/mbean/attribute} Call org.apache.tomcat.util.modeler.ManagedBean.addAttribute(org.apache.tomcat.util.modeler.AttributeInfo@e92a560)
2019-12-06 11:18:40.943 DEBUG 7503 --- [kground-preinit] o.apache.tomcat.util.IntrospectionUtils  : IntrospectionUtils: callMethod1 org.apache.tomcat.util.modeler.ManagedBean org.apache.tomcat.util.modeler.AttributeInfo org.apache.tomcat.util.modeler.AttributeInfo
2019-12-06 11:18:40.944 DEBUG 7503 --- [kground-preinit] o.apache.tomcat.util.digester.Digester   :   Fire end() for SetPropertiesRule[]
2019-12-06 11:18:40.944 DEBUG 7503 --- [kground-preinit] o.apache.tomcat.util.digester.Digester   :   Fire end() for ObjectCreateRule[className=org.apache.tomcat.util.modeler.AttributeInfo, attributeName=null]
2019-12-06 11:18:40.944 DEBUG 7503 --- [kground-preinit] o.apache.tomcat.util.digester.Digester   : [ObjectCreateRule]{mbeans-descriptors/mbean/attribute} Pop org.apache.tomcat.util.modeler.AttributeInfo
2019-12-06 11:18:40.944 DEBUG 7503 --- [kground-preinit] o.a.tomcat.util.digester.Digester.sax    : characters(

    )
2019-12-06 11:18:40.944 DEBUG 7503 --- [kground-preinit] o.a.tomcat.util.digester.Digester.sax    : startElement(,,attribute)
2019-12-06 11:18:40.944 DEBUG 7503 --- [kground-preinit] o.apache.tomcat.util.digester.Digester   :   New match='mbeans-descriptors/mbean/attribute'
2019-12-06 11:18:40.944 DEBUG 7503 --- [kground-preinit] o.apache.tomcat.util.digester.Digester   :   Fire begin() for ObjectCreateRule[className=org.apache.tomcat.util.modeler.AttributeInfo, attributeName=null]
2019-12-06 11:18:40.944 DEBUG 7503 --- [kground-preinit] o.apache.tomcat.util.digester.Digester   :   Fire begin() for SetPropertiesRule[]
2019-12-06 11:18:40.944 DEBUG 7503 --- [kground-preinit] o.apache.tomcat.util.digester.Digester   : [SetPropertiesRule]{mbeans-descriptors/mbean/attribute} Set org.apache.tomcat.util.modeler.AttributeInfo properties
2019-12-06 11:18:40.944 DEBUG 7503 --- [kground-preinit] o.apache.tomcat.util.digester.Digester   : [SetPropertiesRule]{mbeans-descriptors/mbean/attribute} Setting property 'name' to 'securePagesWithPragma'
2019-12-06 11:18:40.944 DEBUG 7503 --- [kground-preinit] o.apache.tomcat.util.IntrospectionUtils  : IntrospectionUtils: setProperty(class org.apache.tomcat.util.modeler.AttributeInfo name=securePagesWithPragma)
2019-12-06 11:18:40.945 DEBUG 7503 --- [kground-preinit] o.apache.tomcat.util.digester.Digester   : [SetPropertiesRule]{mbeans-descriptors/mbean/attribute} Setting property 'description' to 'Controls the caching of pages that are protected by security constraints'
2019-12-06 11:18:40.945 DEBUG 7503 --- [kground-preinit] o.apache.tomcat.util.IntrospectionUtils  : IntrospectionUtils: setProperty(class org.apache.tomcat.util.modeler.AttributeInfo description=Controls the caching of pages that are protected by security constraints)
2019-12-06 11:18:40.945 DEBUG 7503 --- [kground-preinit] o.apache.tomcat.util.digester.Digester   : [SetPropertiesRule]{mbeans-descriptors/mbean/attribute} Setting property 'type' to 'boolean'
2019-12-06 11:18:40.945 DEBUG 7503 --- [kground-preinit] o.apache.tomcat.util.IntrospectionUtils  : IntrospectionUtils: setProperty(class org.apache.tomcat.util.modeler.AttributeInfo type=boolean)
2019-12-06 11:18:40.945 DEBUG 7503 --- [kground-preinit] o.apache.tomcat.util.digester.Digester   :   Fire begin() for SetNextRule[methodName=addAttribute, paramType=org.apache.tomcat.util.modeler.AttributeInfo]
2019-12-06 11:18:40.945 DEBUG 7503 --- [kground-preinit] o.a.tomcat.util.digester.Digester.sax    : endElement(,,attribute)
2019-12-06 11:18:40.945 DEBUG 7503 --- [kground-preinit] o.apache.tomcat.util.digester.Digester   :   match='mbeans-descriptors/mbean/attribute'
2019-12-06 11:18:40.945 DEBUG 7503 --- [kground-preinit] o.apache.tomcat.util.digester.Digester   :   bodyText=''
2019-12-06 11:18:40.945 DEBUG 7503 --- [kground-preinit] o.apache.tomcat.util.digester.Digester   :   Fire body() for ObjectCreateRule[className=org.apache.tomcat.util.modeler.AttributeInfo, attributeName=null]
2019-12-06 11:18:40.945 DEBUG 7503 --- [kground-preinit] o.apache.tomcat.util.digester.Digester   :   Fire body() for SetPropertiesRule[]
2019-12-06 11:18:40.945 DEBUG 7503 --- [kground-preinit] o.apache.tomcat.util.digester.Digester   :   Fire body() for SetNextRule[methodName=addAttribute, paramType=org.apache.tomcat.util.modeler.AttributeInfo]
2019-12-06 11:18:40.945 DEBUG 7503 --- [kground-preinit] o.apache.tomcat.util.digester.Digester   :   Fire end() for SetNextRule[methodName=addAttribute, paramType=org.apache.tomcat.util.modeler.AttributeInfo]
2019-12-06 11:18:40.946 DEBUG 7503 --- [kground-preinit] o.apache.tomcat.util.digester.Digester   : [SetNextRule]{mbeans-descriptors/mbean/attribute} Call org.apache.tomcat.util.modeler.ManagedBean.addAttribute(org.apache.tomcat.util.modeler.AttributeInfo@3b125376)
2019-12-06 11:18:40.946 DEBUG 7503 --- [kground-preinit] o.apache.tomcat.util.IntrospectionUtils  : IntrospectionUtils: callMethod1 org.apache.tomcat.util.modeler.ManagedBean org.apache.tomcat.util.modeler.AttributeInfo org.apache.tomcat.util.modeler.AttributeInfo
2019-12-06 11:18:40.946 DEBUG 7503 --- [kground-preinit] o.apache.tomcat.util.digester.Digester   :   Fire end() for SetPropertiesRule[]
2019-12-06 11:18:40.946 DEBUG 7503 --- [kground-preinit] o.apache.tomcat.util.digester.Digester   :   Fire end() for ObjectCreateRule[className=org.apache.tomcat.util.modeler.AttributeInfo, attributeName=null]
2019-12-06 11:18:40.946 DEBUG 7503 --- [kground-preinit] o.apache.tomcat.util.digester.Digester   : [ObjectCreateRule]{mbeans-descriptors/mbean/attribute} Pop org.apache.tomcat.util.modeler.AttributeInfo
2019-12-06 11:18:40.946 DEBUG 7503 --- [kground-preinit] o.a.tomcat.util.digester.Digester.sax    : characters(

    )
2019-12-06 11:18:40.946 DEBUG 7503 --- [kground-preinit] o.a.tomcat.util.digester.Digester.sax    : startElement(,,attribute)
2019-12-06 11:18:40.946 DEBUG 7503 --- [kground-preinit] o.apache.tomcat.util.digester.Digester   :   New match='mbeans-descriptors/mbean/attribute'
2019-12-06 11:18:40.946 DEBUG 7503 --- [kground-preinit] o.apache.tomcat.util.digester.Digester   :   Fire begin() for ObjectCreateRule[className=org.apache.tomcat.util.modeler.AttributeInfo, attributeName=null]
2019-12-06 11:18:40.946 DEBUG 7503 --- [kground-preinit] o.apache.tomcat.util.digester.Digester   :   Fire begin() for SetPropertiesRule[]
2019-12-06 11:18:40.946 DEBUG 7503 --- [kground-preinit] o.apache.tomcat.util.digester.Digester   : [SetPropertiesRule]{mbeans-descriptors/mbean/attribute} Set org.apache.tomcat.util.modeler.AttributeInfo properties
2019-12-06 11:18:40.947 DEBUG 7503 --- [kground-preinit] o.apache.tomcat.util.digester.Digester   : [SetPropertiesRule]{mbeans-descriptors/mbean/attribute} Setting property 'name' to 'secureRandomAlgorithm'
2019-12-06 11:18:40.947 DEBUG 7503 --- [kground-preinit] o.apache.tomcat.util.IntrospectionUtils  : IntrospectionUtils: setProperty(class org.apache.tomcat.util.modeler.AttributeInfo name=secureRandomAlgorithm)
2019-12-06 11:18:40.947 DEBUG 7503 --- [kground-preinit] o.apache.tomcat.util.digester.Digester   : [SetPropertiesRule]{mbeans-descriptors/mbean/attribute} Setting property 'description' to 'The name of the algorithm to use for SSO session ID generation'
2019-12-06 11:18:40.947 DEBUG 7503 --- [kground-preinit] o.apache.tomcat.util.IntrospectionUtils  : IntrospectionUtils: setProperty(class org.apache.tomcat.util.modeler.AttributeInfo description=The name of the algorithm to use for SSO session ID generation)
2019-12-06 11:18:40.947 DEBUG 7503 --- [kground-preinit] o.apache.tomcat.util.digester.Digester   : [SetPropertiesRule]{mbeans-descriptors/mbean/attribute} Setting property 'type' to 'java.lang.String'
2019-12-06 11:18:40.947 DEBUG 7503 --- [kground-preinit] o.apache.tomcat.util.IntrospectionUtils  : IntrospectionUtils: setProperty(class org.apache.tomcat.util.modeler.AttributeInfo type=java.lang.String)
2019-12-06 11:18:40.947 DEBUG 7503 --- [kground-preinit] o.apache.tomcat.util.digester.Digester   :   Fire begin() for SetNextRule[methodName=addAttribute, paramType=org.apache.tomcat.util.modeler.AttributeInfo]
2019-12-06 11:18:40.947 DEBUG 7503 --- [kground-preinit] o.a.tomcat.util.digester.Digester.sax    : endElement(,,attribute)
2019-12-06 11:18:40.947 DEBUG 7503 --- [kground-preinit] o.apache.tomcat.util.digester.Digester   :   match='mbeans-descriptors/mbean/attribute'
2019-12-06 11:18:40.947 DEBUG 7503 --- [kground-preinit] o.apache.tomcat.util.digester.Digester   :   bodyText=''
2019-12-06 11:18:40.947 DEBUG 7503 --- [kground-preinit] o.apache.tomcat.util.digester.Digester   :   Fire body() for ObjectCreateRule[className=org.apache.tomcat.util.modeler.AttributeInfo, attributeName=null]
2019-12-06 11:18:40.948 DEBUG 7503 --- [kground-preinit] o.apache.tomcat.util.digester.Digester   :   Fire body() for SetPropertiesRule[]
2019-12-06 11:18:40.948 DEBUG 7503 --- [kground-preinit] o.apache.tomcat.util.digester.Digester   :   Fire body() for SetNextRule[methodName=addAttribute, paramType=org.apache.tomcat.util.modeler.AttributeInfo]
2019-12-06 11:18:40.948 DEBUG 7503 --- [kground-preinit] o.apache.tomcat.util.digester.Digester   :   Fire end() for SetNextRule[methodName=addAttribute, paramType=org.apache.tomcat.util.modeler.AttributeInfo]
2019-12-06 11:18:40.948 DEBUG 7503 --- [kground-preinit] o.apache.tomcat.util.digester.Digester   : [SetNextRule]{mbeans-descriptors/mbean/attribute} Call org.apache.tomcat.util.modeler.ManagedBean.addAttribute(org.apache.tomcat.util.modeler.AttributeInfo@7abb23de)
2019-12-06 11:18:40.948 DEBUG 7503 --- [kground-preinit] o.apache.tomcat.util.IntrospectionUtils  : IntrospectionUtils: callMethod1 org.apache.tomcat.util.modeler.ManagedBean org.apache.tomcat.util.modeler.AttributeInfo org.apache.tomcat.util.modeler.AttributeInfo
2019-12-06 11:18:40.948 DEBUG 7503 --- [kground-preinit] o.apache.tomcat.util.digester.Digester   :   Fire end() for SetPropertiesRule[]
2019-12-06 11:18:40.948 DEBUG 7503 --- [kground-preinit] o.apache.tomcat.util.digester.Digester   :   Fire end() for ObjectCreateRule[className=org.apache.tomcat.util.modeler.AttributeInfo, attributeName=null]
2019-12-06 11:18:40.948 DEBUG 7503 --- [kground-preinit] o.apache.tomcat.util.digester.Digester   : [ObjectCreateRule]{mbeans-descriptors/mbean/attribute} Pop org.apache.tomcat.util.modeler.AttributeInfo
2019-12-06 11:18:40.948 DEBUG 7503 --- [kground-preinit] o.a.tomcat.util.digester.Digester.sax    : characters(

    )
2019-12-06 11:18:40.948 DEBUG 7503 --- [kground-preinit] o.a.tomcat.util.digester.Digester.sax    : startElement(,,attribute)
2019-12-06 11:18:40.949 DEBUG 7503 --- [kground-preinit] o.apache.tomcat.util.digester.Digester   :   New match='mbeans-descriptors/mbean/attribute'
2019-12-06 11:18:40.949 DEBUG 7503 --- [kground-preinit] o.apache.tomcat.util.digester.Digester   :   Fire begin() for ObjectCreateRule[className=org.apache.tomcat.util.modeler.AttributeInfo, attributeName=null]
2019-12-06 11:18:40.949 DEBUG 7503 --- [kground-preinit] o.apache.tomcat.util.digester.Digester   :   Fire begin() for SetPropertiesRule[]
2019-12-06 11:18:40.949 DEBUG 7503 --- [kground-preinit] o.apache.tomcat.util.digester.Digester   : [SetPropertiesRule]{mbeans-descriptors/mbean/attribute} Set org.apache.tomcat.util.modeler.AttributeInfo properties
2019-12-06 11:18:40.949 DEBUG 7503 --- [kground-preinit] o.apache.tomcat.util.digester.Digester   : [SetPropertiesRule]{mbeans-descriptors/mbean/attribute} Setting property 'name' to 'secureRandomClass'
2019-12-06 11:18:40.949 DEBUG 7503 --- [kground-preinit] o.apache.tomcat.util.IntrospectionUtils  : IntrospectionUtils: setProperty(class org.apache.tomcat.util.modeler.AttributeInfo name=secureRandomClass)
2019-12-06 11:18:40.949 DEBUG 7503 --- [kground-preinit] o.apache.tomcat.util.digester.Digester   : [SetPropertiesRule]{mbeans-descriptors/mbean/attribute} Setting property 'description' to 'The name of the class to use for SSO session ID generation'
2019-12-06 11:18:40.949 DEBUG 7503 --- [kground-preinit] o.apache.tomcat.util.IntrospectionUtils  : IntrospectionUtils: setProperty(class org.apache.tomcat.util.modeler.AttributeInfo description=The name of the class to use for SSO session ID generation)
2019-12-06 11:18:40.949 DEBUG 7503 --- [kground-preinit] o.apache.tomcat.util.digester.Digester   : [SetPropertiesRule]{mbeans-descriptors/mbean/attribute} Setting property 'type' to 'java.lang.String'
2019-12-06 11:18:40.949 DEBUG 7503 --- [kground-preinit] o.apache.tomcat.util.IntrospectionUtils  : IntrospectionUtils: setProperty(class org.apache.tomcat.util.modeler.AttributeInfo type=java.lang.String)
2019-12-06 11:18:40.950 DEBUG 7503 --- [kground-preinit] o.apache.tomcat.util.digester.Digester   :   Fire begin() for SetNextRule[methodName=addAttribute, paramType=org.apache.tomcat.util.modeler.AttributeInfo]
2019-12-06 11:18:40.950 DEBUG 7503 --- [kground-preinit] o.a.tomcat.util.digester.Digester.sax    : endElement(,,attribute)
2019-12-06 11:18:40.950 DEBUG 7503 --- [kground-preinit] o.apache.tomcat.util.digester.Digester   :   match='mbeans-descriptors/mbean/attribute'
2019-12-06 11:18:40.950 DEBUG 7503 --- [kground-preinit] o.apache.tomcat.util.digester.Digester   :   bodyText=''
2019-12-06 11:18:40.950 DEBUG 7503 --- [kground-preinit] o.apache.tomcat.util.digester.Digester   :   Fire body() for ObjectCreateRule[className=org.apache.tomcat.util.modeler.AttributeInfo, attributeName=null]
2019-12-06 11:18:40.950 DEBUG 7503 --- [kground-preinit] o.apache.tomcat.util.digester.Digester   :   Fire body() for SetPropertiesRule[]
2019-12-06 11:18:40.950 DEBUG 7503 --- [kground-preinit] o.apache.tomcat.util.digester.Digester   :   Fire body() for SetNextRule[methodName=addAttribute, paramType=org.apache.tomcat.util.modeler.AttributeInfo]
2019-12-06 11:18:40.950 DEBUG 7503 --- [kground-preinit] o.apache.tomcat.util.digester.Digester   :   Fire end() for SetNextRule[methodName=addAttribute, paramType=org.apache.tomcat.util.modeler.AttributeInfo]
2019-12-06 11:18:40.950 DEBUG 7503 --- [kground-preinit] o.apache.tomcat.util.digester.Digester   : [SetNextRule]{mbeans-descriptors/mbean/attribute} Call org.apache.tomcat.util.modeler.ManagedBean.addAttribute(org.apache.tomcat.util.modeler.AttributeInfo@71287181)
2019-12-06 11:18:40.950 DEBUG 7503 --- [kground-preinit] o.apache.tomcat.util.IntrospectionUtils  : IntrospectionUtils: callMethod1 org.apache.tomcat.util.modeler.ManagedBean org.apache.tomcat.util.modeler.AttributeInfo org.apache.tomcat.util.modeler.AttributeInfo
2019-12-06 11:18:40.950 DEBUG 7503 --- [kground-preinit] o.apache.tomcat.util.digester.Digester   :   Fire end() for SetPropertiesRule[]
2019-12-06 11:18:40.951 DEBUG 7503 --- [kground-preinit] o.apache.tomcat.util.digester.Digester   :   Fire end() for ObjectCreateRule[className=org.apache.tomcat.util.modeler.AttributeInfo, attributeName=null]
2019-12-06 11:18:40.951 DEBUG 7503 --- [kground-preinit] o.apache.tomcat.util.digester.Digester   : [ObjectCreateRule]{mbeans-descriptors/mbean/attribute} Pop org.apache.tomcat.util.modeler.AttributeInfo
2019-12-06 11:18:40.951 DEBUG 7503 --- [kground-preinit] o.a.tomcat.util.digester.Digester.sax    : characters(

    )
2019-12-06 11:18:40.951 DEBUG 7503 --- [kground-preinit] o.a.tomcat.util.digester.Digester.sax    : startElement(,,attribute)
2019-12-06 11:18:40.951 DEBUG 7503 --- [kground-preinit] o.apache.tomcat.util.digester.Digester   :   New match='mbeans-descriptors/mbean/attribute'
2019-12-06 11:18:40.951 DEBUG 7503 --- [kground-preinit] o.apache.tomcat.util.digester.Digester   :   Fire begin() for ObjectCreateRule[className=org.apache.tomcat.util.modeler.AttributeInfo, attributeName=null]
2019-12-06 11:18:40.951 DEBUG 7503 --- [kground-preinit] o.apache.tomcat.util.digester.Digester   :   Fire begin() for SetPropertiesRule[]
2019-12-06 11:18:40.951 DEBUG 7503 --- [kground-preinit] o.apache.tomcat.util.digester.Digester   : [SetPropertiesRule]{mbeans-descriptors/mbean/attribute} Set org.apache.tomcat.util.modeler.AttributeInfo properties
2019-12-06 11:18:40.951 DEBUG 7503 --- [kground-preinit] o.apache.tomcat.util.digester.Digester   : [SetPropertiesRule]{mbeans-descriptors/mbean/attribute} Setting property 'name' to 'secureRandomProvider'
2019-12-06 11:18:40.951 DEBUG 7503 --- [kground-preinit] o.apache.tomcat.util.IntrospectionUtils  : IntrospectionUtils: setProperty(class org.apache.tomcat.util.modeler.AttributeInfo name=secureRandomProvider)
2019-12-06 11:18:40.952 DEBUG 7503 --- [kground-preinit] o.apache.tomcat.util.digester.Digester   : [SetPropertiesRule]{mbeans-descriptors/mbean/attribute} Setting property 'description' to 'The name of the provider to use for SSO session ID generation'
2019-12-06 11:18:40.952 DEBUG 7503 --- [kground-preinit] o.apache.tomcat.util.IntrospectionUtils  : IntrospectionUtils: setProperty(class org.apache.tomcat.util.modeler.AttributeInfo description=The name of the provider to use for SSO session ID generation)
2019-12-06 11:18:40.952 DEBUG 7503 --- [kground-preinit] o.apache.tomcat.util.digester.Digester   : [SetPropertiesRule]{mbeans-descriptors/mbean/attribute} Setting property 'type' to 'java.lang.String'
2019-12-06 11:18:40.952 DEBUG 7503 --- [kground-preinit] o.apache.tomcat.util.IntrospectionUtils  : IntrospectionUtils: setProperty(class org.apache.tomcat.util.modeler.AttributeInfo type=java.lang.String)
2019-12-06 11:18:40.952 DEBUG 7503 --- [kground-preinit] o.apache.tomcat.util.digester.Digester   :   Fire begin() for SetNextRule[methodName=addAttribute, paramType=org.apache.tomcat.util.modeler.AttributeInfo]
2019-12-06 11:18:40.952 DEBUG 7503 --- [kground-preinit] o.a.tomcat.util.digester.Digester.sax    : endElement(,,attribute)
2019-12-06 11:18:40.952 DEBUG 7503 --- [kground-preinit] o.apache.tomcat.util.digester.Digester   :   match='mbeans-descriptors/mbean/attribute'
2019-12-06 11:18:40.952 DEBUG 7503 --- [kground-preinit] o.apache.tomcat.util.digester.Digester   :   bodyText=''
2019-12-06 11:18:40.952 DEBUG 7503 --- [kground-preinit] o.apache.tomcat.util.digester.Digester   :   Fire body() for ObjectCreateRule[className=org.apache.tomcat.util.modeler.AttributeInfo, attributeName=null]
2019-12-06 11:18:40.952 DEBUG 7503 --- [kground-preinit] o.apache.tomcat.util.digester.Digester   :   Fire body() for SetPropertiesRule[]
2019-12-06 11:18:40.953 DEBUG 7503 --- [kground-preinit] o.apache.tomcat.util.digester.Digester   :   Fire body() for SetNextRule[methodName=addAttribute, paramType=org.apache.tomcat.util.modeler.AttributeInfo]
2019-12-06 11:18:40.953 DEBUG 7503 --- [kground-preinit] o.apache.tomcat.util.digester.Digester   :   Fire end() for SetNextRule[methodName=addAttribute, paramType=org.apache.tomcat.util.modeler.AttributeInfo]
2019-12-06 11:18:40.953 DEBUG 7503 --- [kground-preinit] o.apache.tomcat.util.digester.Digester   : [SetNextRule]{mbeans-descriptors/mbean/attribute} Call org.apache.tomcat.util.modeler.ManagedBean.addAttribute(org.apache.tomcat.util.modeler.AttributeInfo@6a8a6361)
2019-12-06 11:18:40.953 DEBUG 7503 --- [kground-preinit] o.apache.tomcat.util.IntrospectionUtils  : IntrospectionUtils: callMethod1 org.apache.tomcat.util.modeler.ManagedBean org.apache.tomcat.util.modeler.AttributeInfo org.apache.tomcat.util.modeler.AttributeInfo
2019-12-06 11:18:40.953 DEBUG 7503 --- [kground-preinit] o.apache.tomcat.util.digester.Digester   :   Fire end() for SetPropertiesRule[]
2019-12-06 11:18:40.953 DEBUG 7503 --- [kground-preinit] o.apache.tomcat.util.digester.Digester   :   Fire end() for ObjectCreateRule[className=org.apache.tomcat.util.modeler.AttributeInfo, attributeName=null]
2019-12-06 11:18:40.953 DEBUG 7503 --- [kground-preinit] o.apache.tomcat.util.digester.Digester   : [ObjectCreateRule]{mbeans-descriptors/mbean/attribute} Pop org.apache.tomcat.util.modeler.AttributeInfo
2019-12-06 11:18:40.953 DEBUG 7503 --- [kground-preinit] o.a.tomcat.util.digester.Digester.sax    : characters(

    )
2019-12-06 11:18:40.953 DEBUG 7503 --- [kground-preinit] o.a.tomcat.util.digester.Digester.sax    : startElement(,,attribute)
2019-12-06 11:18:40.954 DEBUG 7503 --- [kground-preinit] o.apache.tomcat.util.digester.Digester   :   New match='mbeans-descriptors/mbean/attribute'
2019-12-06 11:18:40.954 DEBUG 7503 --- [kground-preinit] o.apache.tomcat.util.digester.Digester   :   Fire begin() for ObjectCreateRule[className=org.apache.tomcat.util.modeler.AttributeInfo, attributeName=null]
2019-12-06 11:18:40.954 DEBUG 7503 --- [kground-preinit] o.apache.tomcat.util.digester.Digester   :   Fire begin() for SetPropertiesRule[]
2019-12-06 11:18:40.954 DEBUG 7503 --- [kground-preinit] o.apache.tomcat.util.digester.Digester   : [SetPropertiesRule]{mbeans-descriptors/mbean/attribute} Set org.apache.tomcat.util.modeler.AttributeInfo properties
2019-12-06 11:18:40.954 DEBUG 7503 --- [kground-preinit] o.apache.tomcat.util.digester.Digester   : [SetPropertiesRule]{mbeans-descriptors/mbean/attribute} Setting property 'name' to 'stateName'
2019-12-06 11:18:40.954 DEBUG 7503 --- [kground-preinit] o.apache.tomcat.util.IntrospectionUtils  : IntrospectionUtils: setProperty(class org.apache.tomcat.util.modeler.AttributeInfo name=stateName)
2019-12-06 11:18:40.954 DEBUG 7503 --- [kground-preinit] o.apache.tomcat.util.digester.Digester   : [SetPropertiesRule]{mbeans-descriptors/mbean/attribute} Setting property 'description' to 'The name of the LifecycleState that this component is currently in'
2019-12-06 11:18:40.954 DEBUG 7503 --- [kground-preinit] o.apache.tomcat.util.IntrospectionUtils  : IntrospectionUtils: setProperty(class org.apache.tomcat.util.modeler.AttributeInfo description=The name of the LifecycleState that this component is currently in)
2019-12-06 11:18:40.954 DEBUG 7503 --- [kground-preinit] o.apache.tomcat.util.digester.Digester   : [SetPropertiesRule]{mbeans-descriptors/mbean/attribute} Setting property 'type' to 'java.lang.String'
2019-12-06 11:18:40.955 DEBUG 7503 --- [kground-preinit] o.apache.tomcat.util.IntrospectionUtils  : IntrospectionUtils: setProperty(class org.apache.tomcat.util.modeler.AttributeInfo type=java.lang.String)
2019-12-06 11:18:40.955 DEBUG 7503 --- [kground-preinit] o.apache.tomcat.util.digester.Digester   : [SetPropertiesRule]{mbeans-descriptors/mbean/attribute} Setting property 'writeable' to 'false'
2019-12-06 11:18:40.955 DEBUG 7503 --- [kground-preinit] o.apache.tomcat.util.IntrospectionUtils  : IntrospectionUtils: setProperty(class org.apache.tomcat.util.modeler.AttributeInfo writeable=false)
2019-12-06 11:18:40.955 DEBUG 7503 --- [kground-preinit] o.apache.tomcat.util.digester.Digester   :   Fire begin() for SetNextRule[methodName=addAttribute, paramType=org.apache.tomcat.util.modeler.AttributeInfo]
2019-12-06 11:18:40.955 DEBUG 7503 --- [kground-preinit] o.a.tomcat.util.digester.Digester.sax    : endElement(,,attribute)
2019-12-06 11:18:40.955 DEBUG 7503 --- [kground-preinit] o.apache.tomcat.util.digester.Digester   :   match='mbeans-descriptors/mbean/attribute'
2019-12-06 11:18:40.955 DEBUG 7503 --- [kground-preinit] o.apache.tomcat.util.digester.Digester   :   bodyText=''
2019-12-06 11:18:40.955 DEBUG 7503 --- [kground-preinit] o.apache.tomcat.util.digester.Digester   :   Fire body() for ObjectCreateRule[className=org.apache.tomcat.util.modeler.AttributeInfo, attributeName=null]
2019-12-06 11:18:40.955 DEBUG 7503 --- [kground-preinit] o.apache.tomcat.util.digester.Digester   :   Fire body() for SetPropertiesRule[]
2019-12-06 11:18:40.956 DEBUG 7503 --- [kground-preinit] o.apache.tomcat.util.digester.Digester   :   Fire body() for SetNextRule[methodName=addAttribute, paramType=org.apache.tomcat.util.modeler.AttributeInfo]
2019-12-06 11:18:40.956 DEBUG 7503 --- [kground-preinit] o.apache.tomcat.util.digester.Digester   :   Fire end() for SetNextRule[methodName=addAttribute, paramType=org.apache.tomcat.util.modeler.AttributeInfo]
2019-12-06 11:18:40.956 DEBUG 7503 --- [kground-preinit] o.apache.tomcat.util.digester.Digester   : [SetNextRule]{mbeans-descriptors/mbean/attribute} Call org.apache.tomcat.util.modeler.ManagedBean.addAttribute(org.apache.tomcat.util.modeler.AttributeInfo@43aa04a5)
2019-12-06 11:18:40.956 DEBUG 7503 --- [kground-preinit] o.apache.tomcat.util.IntrospectionUtils  : IntrospectionUtils: callMethod1 org.apache.tomcat.util.modeler.ManagedBean org.apache.tomcat.util.modeler.AttributeInfo org.apache.tomcat.util.modeler.AttributeInfo
2019-12-06 11:18:40.956 DEBUG 7503 --- [kground-preinit] o.apache.tomcat.util.digester.Digester   :   Fire end() for SetPropertiesRule[]
2019-12-06 11:18:40.956 DEBUG 7503 --- [kground-preinit] o.apache.tomcat.util.digester.Digester   :   Fire end() for ObjectCreateRule[className=org.apache.tomcat.util.modeler.AttributeInfo, attributeName=null]
2019-12-06 11:18:40.956 DEBUG 7503 --- [kground-preinit] o.apache.tomcat.util.digester.Digester   : [ObjectCreateRule]{mbeans-descriptors/mbean/attribute} Pop org.apache.tomcat.util.modeler.AttributeInfo
2019-12-06 11:18:40.956 DEBUG 7503 --- [kground-preinit] o.a.tomcat.util.digester.Digester.sax    : characters(
  )
2019-12-06 11:18:40.956 DEBUG 7503 --- [kground-preinit] o.a.tomcat.util.digester.Digester.sax    : endElement(,,mbean)
2019-12-06 11:18:40.956 DEBUG 7503 --- [kground-preinit] o.apache.tomcat.util.digester.Digester   :   match='mbeans-descriptors/mbean'
2019-12-06 11:18:40.957 DEBUG 7503 --- [kground-preinit] o.apache.tomcat.util.digester.Digester   :   bodyText='

    

    

    

    

    

    

    

    

    

    
  '
2019-12-06 11:18:40.957 DEBUG 7503 --- [kground-preinit] o.apache.tomcat.util.digester.Digester   :   Fire body() for ObjectCreateRule[className=org.apache.tomcat.util.modeler.ManagedBean, attributeName=null]
2019-12-06 11:18:40.957 DEBUG 7503 --- [kground-preinit] o.apache.tomcat.util.digester.Digester   :   Fire body() for SetPropertiesRule[]
2019-12-06 11:18:40.957 DEBUG 7503 --- [kground-preinit] o.apache.tomcat.util.digester.Digester   :   Fire body() for SetNextRule[methodName=add, paramType=java.lang.Object]
2019-12-06 11:18:40.957 DEBUG 7503 --- [kground-preinit] o.apache.tomcat.util.digester.Digester   :   Fire end() for SetNextRule[methodName=add, paramType=java.lang.Object]
2019-12-06 11:18:40.957 DEBUG 7503 --- [kground-preinit] o.apache.tomcat.util.digester.Digester   : [SetNextRule]{mbeans-descriptors/mbean} Call java.util.ArrayList.add(ManagedBean[name=FormAuthenticator, className=org.apache.tomcat.util.modeler.BaseModelMBean, description=An Authenticator and Valve implementation of FORM BASED Authentication, group=Valve, type=org.apache.catalina.authenticator.FormAuthenticator])
2019-12-06 11:18:40.957 DEBUG 7503 --- [kground-preinit] o.apache.tomcat.util.IntrospectionUtils  : IntrospectionUtils: callMethod1 java.util.ArrayList org.apache.tomcat.util.modeler.ManagedBean java.lang.Object
2019-12-06 11:18:40.957 DEBUG 7503 --- [kground-preinit] o.apache.tomcat.util.digester.Digester   :   Fire end() for SetPropertiesRule[]
2019-12-06 11:18:40.957 DEBUG 7503 --- [kground-preinit] o.apache.tomcat.util.digester.Digester   :   Fire end() for ObjectCreateRule[className=org.apache.tomcat.util.modeler.ManagedBean, attributeName=null]
2019-12-06 11:18:40.958 DEBUG 7503 --- [kground-preinit] o.apache.tomcat.util.digester.Digester   : [ObjectCreateRule]{mbeans-descriptors/mbean} Pop org.apache.tomcat.util.modeler.ManagedBean
2019-12-06 11:18:40.958 DEBUG 7503 --- [kground-preinit] o.a.tomcat.util.digester.Digester.sax    : characters(

  )
2019-12-06 11:18:40.958 DEBUG 7503 --- [kground-preinit] o.a.tomcat.util.digester.Digester.sax    : startElement(,,mbean)
2019-12-06 11:18:40.958 DEBUG 7503 --- [kground-preinit] o.apache.tomcat.util.digester.Digester   :   New match='mbeans-descriptors/mbean'
2019-12-06 11:18:40.958 DEBUG 7503 --- [kground-preinit] o.apache.tomcat.util.digester.Digester   :   Fire begin() for ObjectCreateRule[className=org.apache.tomcat.util.modeler.ManagedBean, attributeName=null]
2019-12-06 11:18:40.958 DEBUG 7503 --- [kground-preinit] o.apache.tomcat.util.digester.Digester   :   Fire begin() for SetPropertiesRule[]
2019-12-06 11:18:40.958 DEBUG 7503 --- [kground-preinit] o.apache.tomcat.util.digester.Digester   : [SetPropertiesRule]{mbeans-descriptors/mbean} Set org.apache.tomcat.util.modeler.ManagedBean properties
2019-12-06 11:18:40.958 DEBUG 7503 --- [kground-preinit] o.apache.tomcat.util.digester.Digester   : [SetPropertiesRule]{mbeans-descriptors/mbean} Setting property 'name' to 'NonLoginAuthenticator'
2019-12-06 11:18:40.958 DEBUG 7503 --- [kground-preinit] o.apache.tomcat.util.IntrospectionUtils  : IntrospectionUtils: setProperty(class org.apache.tomcat.util.modeler.ManagedBean name=NonLoginAuthenticator)
2019-12-06 11:18:40.959 DEBUG 7503 --- [kground-preinit] o.apache.tomcat.util.digester.Digester   : [SetPropertiesRule]{mbeans-descriptors/mbean} Setting property 'description' to 'An Authenticator and Valve implementation that checks only security constraints not involving user authentication'
2019-12-06 11:18:40.959 DEBUG 7503 --- [kground-preinit] o.apache.tomcat.util.IntrospectionUtils  : IntrospectionUtils: setProperty(class org.apache.tomcat.util.modeler.ManagedBean description=An Authenticator and Valve implementation that checks only security constraints not involving user authentication)
2019-12-06 11:18:40.959 DEBUG 7503 --- [kground-preinit] o.apache.tomcat.util.digester.Digester   : [SetPropertiesRule]{mbeans-descriptors/mbean} Setting property 'domain' to 'Catalina'
2019-12-06 11:18:40.959 DEBUG 7503 --- [kground-preinit] o.apache.tomcat.util.IntrospectionUtils  : IntrospectionUtils: setProperty(class org.apache.tomcat.util.modeler.ManagedBean domain=Catalina)
2019-12-06 11:18:40.959 DEBUG 7503 --- [kground-preinit] o.apache.tomcat.util.digester.Digester   : [SetPropertiesRule]{mbeans-descriptors/mbean} Setting property 'group' to 'Valve'
2019-12-06 11:18:40.959 DEBUG 7503 --- [kground-preinit] o.apache.tomcat.util.IntrospectionUtils  : IntrospectionUtils: setProperty(class org.apache.tomcat.util.modeler.ManagedBean group=Valve)
2019-12-06 11:18:40.959 DEBUG 7503 --- [kground-preinit] o.apache.tomcat.util.digester.Digester   : [SetPropertiesRule]{mbeans-descriptors/mbean} Setting property 'type' to 'org.apache.catalina.authenticator.NonLoginAuthenticator'
2019-12-06 11:18:40.959 DEBUG 7503 --- [kground-preinit] o.apache.tomcat.util.IntrospectionUtils  : IntrospectionUtils: setProperty(class org.apache.tomcat.util.modeler.ManagedBean type=org.apache.catalina.authenticator.NonLoginAuthenticator)
2019-12-06 11:18:40.959 DEBUG 7503 --- [kground-preinit] o.apache.tomcat.util.digester.Digester   :   Fire begin() for SetNextRule[methodName=add, paramType=java.lang.Object]
2019-12-06 11:18:40.960 DEBUG 7503 --- [kground-preinit] o.a.tomcat.util.digester.Digester.sax    : characters(

    )
2019-12-06 11:18:40.960 DEBUG 7503 --- [kground-preinit] o.a.tomcat.util.digester.Digester.sax    : startElement(,,attribute)
2019-12-06 11:18:40.960 DEBUG 7503 --- [kground-preinit] o.apache.tomcat.util.digester.Digester   :   New match='mbeans-descriptors/mbean/attribute'
2019-12-06 11:18:40.960 DEBUG 7503 --- [kground-preinit] o.apache.tomcat.util.digester.Digester   :   Fire begin() for ObjectCreateRule[className=org.apache.tomcat.util.modeler.AttributeInfo, attributeName=null]
2019-12-06 11:18:40.960 DEBUG 7503 --- [kground-preinit] o.apache.tomcat.util.digester.Digester   :   Fire begin() for SetPropertiesRule[]
2019-12-06 11:18:40.960 DEBUG 7503 --- [kground-preinit] o.apache.tomcat.util.digester.Digester   : [SetPropertiesRule]{mbeans-descriptors/mbean/attribute} Set org.apache.tomcat.util.modeler.AttributeInfo properties
2019-12-06 11:18:40.960 DEBUG 7503 --- [kground-preinit] o.apache.tomcat.util.digester.Digester   : [SetPropertiesRule]{mbeans-descriptors/mbean/attribute} Setting property 'name' to 'cache'
2019-12-06 11:18:40.960 DEBUG 7503 --- [kground-preinit] o.apache.tomcat.util.IntrospectionUtils  : IntrospectionUtils: setProperty(class org.apache.tomcat.util.modeler.AttributeInfo name=cache)
2019-12-06 11:18:40.960 DEBUG 7503 --- [kground-preinit] o.apache.tomcat.util.digester.Digester   : [SetPropertiesRule]{mbeans-descriptors/mbean/attribute} Setting property 'description' to 'Should we cache authenticated Principals if the request is part of an HTTP session?'
2019-12-06 11:18:40.961 DEBUG 7503 --- [kground-preinit] o.apache.tomcat.util.IntrospectionUtils  : IntrospectionUtils: setProperty(class org.apache.tomcat.util.modeler.AttributeInfo description=Should we cache authenticated Principals if the request is part of an HTTP session?)
2019-12-06 11:18:40.961 DEBUG 7503 --- [kground-preinit] o.apache.tomcat.util.digester.Digester   : [SetPropertiesRule]{mbeans-descriptors/mbean/attribute} Setting property 'type' to 'boolean'
2019-12-06 11:18:40.961 DEBUG 7503 --- [kground-preinit] o.apache.tomcat.util.IntrospectionUtils  : IntrospectionUtils: setProperty(class org.apache.tomcat.util.modeler.AttributeInfo type=boolean)
2019-12-06 11:18:40.961 DEBUG 7503 --- [kground-preinit] o.apache.tomcat.util.digester.Digester   :   Fire begin() for SetNextRule[methodName=addAttribute, paramType=org.apache.tomcat.util.modeler.AttributeInfo]
2019-12-06 11:18:40.961 DEBUG 7503 --- [kground-preinit] o.a.tomcat.util.digester.Digester.sax    : endElement(,,attribute)
2019-12-06 11:18:40.961 DEBUG 7503 --- [kground-preinit] o.apache.tomcat.util.digester.Digester   :   match='mbeans-descriptors/mbean/attribute'
2019-12-06 11:18:40.961 DEBUG 7503 --- [kground-preinit] o.apache.tomcat.util.digester.Digester   :   bodyText=''
2019-12-06 11:18:40.961 DEBUG 7503 --- [kground-preinit] o.apache.tomcat.util.digester.Digester   :   Fire body() for ObjectCreateRule[className=org.apache.tomcat.util.modeler.AttributeInfo, attributeName=null]
2019-12-06 11:18:40.961 DEBUG 7503 --- [kground-preinit] o.apache.tomcat.util.digester.Digester   :   Fire body() for SetPropertiesRule[]
2019-12-06 11:18:40.961 DEBUG 7503 --- [kground-preinit] o.apache.tomcat.util.digester.Digester   :   Fire body() for SetNextRule[methodName=addAttribute, paramType=org.apache.tomcat.util.modeler.AttributeInfo]
2019-12-06 11:18:40.962 DEBUG 7503 --- [kground-preinit] o.apache.tomcat.util.digester.Digester   :   Fire end() for SetNextRule[methodName=addAttribute, paramType=org.apache.tomcat.util.modeler.AttributeInfo]
2019-12-06 11:18:40.962 DEBUG 7503 --- [kground-preinit] o.apache.tomcat.util.digester.Digester   : [SetNextRule]{mbeans-descriptors/mbean/attribute} Call org.apache.tomcat.util.modeler.ManagedBean.addAttribute(org.apache.tomcat.util.modeler.AttributeInfo@60ac6add)
2019-12-06 11:18:40.962 DEBUG 7503 --- [kground-preinit] o.apache.tomcat.util.IntrospectionUtils  : IntrospectionUtils: callMethod1 org.apache.tomcat.util.modeler.ManagedBean org.apache.tomcat.util.modeler.AttributeInfo org.apache.tomcat.util.modeler.AttributeInfo
2019-12-06 11:18:40.962 DEBUG 7503 --- [kground-preinit] o.apache.tomcat.util.digester.Digester   :   Fire end() for SetPropertiesRule[]
2019-12-06 11:18:40.962 DEBUG 7503 --- [kground-preinit] o.apache.tomcat.util.digester.Digester   :   Fire end() for ObjectCreateRule[className=org.apache.tomcat.util.modeler.AttributeInfo, attributeName=null]
2019-12-06 11:18:40.962 DEBUG 7503 --- [kground-preinit] o.apache.tomcat.util.digester.Digester   : [ObjectCreateRule]{mbeans-descriptors/mbean/attribute} Pop org.apache.tomcat.util.modeler.AttributeInfo
2019-12-06 11:18:40.962 DEBUG 7503 --- [kground-preinit] o.a.tomcat.util.digester.Digester.sax    : characters(

    )
2019-12-06 11:18:40.962 DEBUG 7503 --- [kground-preinit] o.a.tomcat.util.digester.Digester.sax    : startElement(,,attribute)
2019-12-06 11:18:40.962 DEBUG 7503 --- [kground-preinit] o.apache.tomcat.util.digester.Digester   :   New match='mbeans-descriptors/mbean/attribute'
2019-12-06 11:18:40.963 DEBUG 7503 --- [kground-preinit] o.apache.tomcat.util.digester.Digester   :   Fire begin() for ObjectCreateRule[className=org.apache.tomcat.util.modeler.AttributeInfo, attributeName=null]
2019-12-06 11:18:40.963 DEBUG 7503 --- [kground-preinit] o.apache.tomcat.util.digester.Digester   :   Fire begin() for SetPropertiesRule[]
2019-12-06 11:18:40.963 DEBUG 7503 --- [kground-preinit] o.apache.tomcat.util.digester.Digester   : [SetPropertiesRule]{mbeans-descriptors/mbean/attribute} Set org.apache.tomcat.util.modeler.AttributeInfo properties
2019-12-06 11:18:40.963 DEBUG 7503 --- [kground-preinit] o.apache.tomcat.util.digester.Digester   : [SetPropertiesRule]{mbeans-descriptors/mbean/attribute} Setting property 'name' to 'changeSessionIdOnAuthentication'
2019-12-06 11:18:40.963 DEBUG 7503 --- [kground-preinit] o.apache.tomcat.util.IntrospectionUtils  : IntrospectionUtils: setProperty(class org.apache.tomcat.util.modeler.AttributeInfo name=changeSessionIdOnAuthentication)
2019-12-06 11:18:40.963 DEBUG 7503 --- [kground-preinit] o.apache.tomcat.util.digester.Digester   : [SetPropertiesRule]{mbeans-descriptors/mbean/attribute} Setting property 'description' to 'Controls if the session ID is changed if a session exists at the point where users are authenticated'
2019-12-06 11:18:40.963 DEBUG 7503 --- [kground-preinit] o.apache.tomcat.util.IntrospectionUtils  : IntrospectionUtils: setProperty(class org.apache.tomcat.util.modeler.AttributeInfo description=Controls if the session ID is changed if a session exists at the point where users are authenticated)
2019-12-06 11:18:40.963 DEBUG 7503 --- [kground-preinit] o.apache.tomcat.util.digester.Digester   : [SetPropertiesRule]{mbeans-descriptors/mbean/attribute} Setting property 'type' to 'boolean'
2019-12-06 11:18:40.963 DEBUG 7503 --- [kground-preinit] o.apache.tomcat.util.IntrospectionUtils  : IntrospectionUtils: setProperty(class org.apache.tomcat.util.modeler.AttributeInfo type=boolean)
2019-12-06 11:18:40.963 DEBUG 7503 --- [kground-preinit] o.apache.tomcat.util.digester.Digester   :   Fire begin() for SetNextRule[methodName=addAttribute, paramType=org.apache.tomcat.util.modeler.AttributeInfo]
2019-12-06 11:18:40.964 DEBUG 7503 --- [kground-preinit] o.a.tomcat.util.digester.Digester.sax    : endElement(,,attribute)
2019-12-06 11:18:40.964 DEBUG 7503 --- [kground-preinit] o.apache.tomcat.util.digester.Digester   :   match='mbeans-descriptors/mbean/attribute'
2019-12-06 11:18:40.964 DEBUG 7503 --- [kground-preinit] o.apache.tomcat.util.digester.Digester   :   bodyText=''
2019-12-06 11:18:40.964 DEBUG 7503 --- [kground-preinit] o.apache.tomcat.util.digester.Digester   :   Fire body() for ObjectCreateRule[className=org.apache.tomcat.util.modeler.AttributeInfo, attributeName=null]
2019-12-06 11:18:40.964 DEBUG 7503 --- [kground-preinit] o.apache.tomcat.util.digester.Digester   :   Fire body() for SetPropertiesRule[]
2019-12-06 11:18:40.964 DEBUG 7503 --- [kground-preinit] o.apache.tomcat.util.digester.Digester   :   Fire body() for SetNextRule[methodName=addAttribute, paramType=org.apache.tomcat.util.modeler.AttributeInfo]
2019-12-06 11:18:40.964 DEBUG 7503 --- [kground-preinit] o.apache.tomcat.util.digester.Digester   :   Fire end() for SetNextRule[methodName=addAttribute, paramType=org.apache.tomcat.util.modeler.AttributeInfo]
2019-12-06 11:18:40.964 DEBUG 7503 --- [kground-preinit] o.apache.tomcat.util.digester.Digester   : [SetNextRule]{mbeans-descriptors/mbean/attribute} Call org.apache.tomcat.util.modeler.ManagedBean.addAttribute(org.apache.tomcat.util.modeler.AttributeInfo@523abb30)
2019-12-06 11:18:40.964 DEBUG 7503 --- [kground-preinit] o.apache.tomcat.util.IntrospectionUtils  : IntrospectionUtils: callMethod1 org.apache.tomcat.util.modeler.ManagedBean org.apache.tomcat.util.modeler.AttributeInfo org.apache.tomcat.util.modeler.AttributeInfo
2019-12-06 11:18:40.964 DEBUG 7503 --- [kground-preinit] o.apache.tomcat.util.digester.Digester   :   Fire end() for SetPropertiesRule[]
2019-12-06 11:18:40.965 DEBUG 7503 --- [kground-preinit] o.apache.tomcat.util.digester.Digester   :   Fire end() for ObjectCreateRule[className=org.apache.tomcat.util.modeler.AttributeInfo, attributeName=null]
2019-12-06 11:18:40.965 DEBUG 7503 --- [kground-preinit] o.apache.tomcat.util.digester.Digester   : [ObjectCreateRule]{mbeans-descriptors/mbean/attribute} Pop org.apache.tomcat.util.modeler.AttributeInfo
2019-12-06 11:18:40.965 DEBUG 7503 --- [kground-preinit] o.a.tomcat.util.digester.Digester.sax    : characters(

    )
2019-12-06 11:18:40.965 DEBUG 7503 --- [kground-preinit] o.a.tomcat.util.digester.Digester.sax    : startElement(,,attribute)
2019-12-06 11:18:40.965 DEBUG 7503 --- [kground-preinit] o.apache.tomcat.util.digester.Digester   :   New match='mbeans-descriptors/mbean/attribute'
2019-12-06 11:18:40.965 DEBUG 7503 --- [kground-preinit] o.apache.tomcat.util.digester.Digester   :   Fire begin() for ObjectCreateRule[className=org.apache.tomcat.util.modeler.AttributeInfo, attributeName=null]
2019-12-06 11:18:40.965 DEBUG 7503 --- [kground-preinit] o.apache.tomcat.util.digester.Digester   :   Fire begin() for SetPropertiesRule[]
2019-12-06 11:18:40.965 DEBUG 7503 --- [kground-preinit] o.apache.tomcat.util.digester.Digester   : [SetPropertiesRule]{mbeans-descriptors/mbean/attribute} Set org.apache.tomcat.util.modeler.AttributeInfo properties
2019-12-06 11:18:40.965 DEBUG 7503 --- [kground-preinit] o.apache.tomcat.util.digester.Digester   : [SetPropertiesRule]{mbeans-descriptors/mbean/attribute} Setting property 'name' to 'className'
2019-12-06 11:18:40.965 DEBUG 7503 --- [kground-preinit] o.apache.tomcat.util.IntrospectionUtils  : IntrospectionUtils: setProperty(class org.apache.tomcat.util.modeler.AttributeInfo name=className)
2019-12-06 11:18:40.966 DEBUG 7503 --- [kground-preinit] o.apache.tomcat.util.digester.Digester   : [SetPropertiesRule]{mbeans-descriptors/mbean/attribute} Setting property 'description' to 'Fully qualified class name of the managed object'
2019-12-06 11:18:40.966 DEBUG 7503 --- [kground-preinit] o.apache.tomcat.util.IntrospectionUtils  : IntrospectionUtils: setProperty(class org.apache.tomcat.util.modeler.AttributeInfo description=Fully qualified class name of the managed object)
2019-12-06 11:18:40.966 DEBUG 7503 --- [kground-preinit] o.apache.tomcat.util.digester.Digester   : [SetPropertiesRule]{mbeans-descriptors/mbean/attribute} Setting property 'type' to 'java.lang.String'
2019-12-06 11:18:40.966 DEBUG 7503 --- [kground-preinit] o.apache.tomcat.util.IntrospectionUtils  : IntrospectionUtils: setProperty(class org.apache.tomcat.util.modeler.AttributeInfo type=java.lang.String)
2019-12-06 11:18:40.966 DEBUG 7503 --- [kground-preinit] o.apache.tomcat.util.digester.Digester   : [SetPropertiesRule]{mbeans-descriptors/mbean/attribute} Setting property 'writeable' to 'false'
2019-12-06 11:18:40.966 DEBUG 7503 --- [kground-preinit] o.apache.tomcat.util.IntrospectionUtils  : IntrospectionUtils: setProperty(class org.apache.tomcat.util.modeler.AttributeInfo writeable=false)
2019-12-06 11:18:40.966 DEBUG 7503 --- [kground-preinit] o.apache.tomcat.util.digester.Digester   :   Fire begin() for SetNextRule[methodName=addAttribute, paramType=org.apache.tomcat.util.modeler.AttributeInfo]
2019-12-06 11:18:40.966 DEBUG 7503 --- [kground-preinit] o.a.tomcat.util.digester.Digester.sax    : endElement(,,attribute)
2019-12-06 11:18:40.966 DEBUG 7503 --- [kground-preinit] o.apache.tomcat.util.digester.Digester   :   match='mbeans-descriptors/mbean/attribute'
2019-12-06 11:18:40.967 DEBUG 7503 --- [kground-preinit] o.apache.tomcat.util.digester.Digester   :   bodyText=''
2019-12-06 11:18:40.967 DEBUG 7503 --- [kground-preinit] o.apache.tomcat.util.digester.Digester   :   Fire body() for ObjectCreateRule[className=org.apache.tomcat.util.modeler.AttributeInfo, attributeName=null]
2019-12-06 11:18:40.967 DEBUG 7503 --- [kground-preinit] o.apache.tomcat.util.digester.Digester   :   Fire body() for SetPropertiesRule[]
2019-12-06 11:18:40.967 DEBUG 7503 --- [kground-preinit] o.apache.tomcat.util.digester.Digester   :   Fire body() for SetNextRule[methodName=addAttribute, paramType=org.apache.tomcat.util.modeler.AttributeInfo]
2019-12-06 11:18:40.967 DEBUG 7503 --- [kground-preinit] o.apache.tomcat.util.digester.Digester   :   Fire end() for SetNextRule[methodName=addAttribute, paramType=org.apache.tomcat.util.modeler.AttributeInfo]
2019-12-06 11:18:40.967 DEBUG 7503 --- [kground-preinit] o.apache.tomcat.util.digester.Digester   : [SetNextRule]{mbeans-descriptors/mbean/attribute} Call org.apache.tomcat.util.modeler.ManagedBean.addAttribute(org.apache.tomcat.util.modeler.AttributeInfo@6b924b7d)
2019-12-06 11:18:40.967 DEBUG 7503 --- [kground-preinit] o.apache.tomcat.util.IntrospectionUtils  : IntrospectionUtils: callMethod1 org.apache.tomcat.util.modeler.ManagedBean org.apache.tomcat.util.modeler.AttributeInfo org.apache.tomcat.util.modeler.AttributeInfo
2019-12-06 11:18:40.967 DEBUG 7503 --- [kground-preinit] o.apache.tomcat.util.digester.Digester   :   Fire end() for SetPropertiesRule[]
2019-12-06 11:18:40.967 DEBUG 7503 --- [kground-preinit] o.apache.tomcat.util.digester.Digester   :   Fire end() for ObjectCreateRule[className=org.apache.tomcat.util.modeler.AttributeInfo, attributeName=null]
2019-12-06 11:18:40.967 DEBUG 7503 --- [kground-preinit] o.apache.tomcat.util.digester.Digester   : [ObjectCreateRule]{mbeans-descriptors/mbean/attribute} Pop org.apache.tomcat.util.modeler.AttributeInfo
2019-12-06 11:18:40.968 DEBUG 7503 --- [kground-preinit] o.a.tomcat.util.digester.Digester.sax    : characters(

    )
2019-12-06 11:18:40.968 DEBUG 7503 --- [kground-preinit] o.a.tomcat.util.digester.Digester.sax    : startElement(,,attribute)
2019-12-06 11:18:40.968 DEBUG 7503 --- [kground-preinit] o.apache.tomcat.util.digester.Digester   :   New match='mbeans-descriptors/mbean/attribute'
2019-12-06 11:18:40.968 DEBUG 7503 --- [kground-preinit] o.apache.tomcat.util.digester.Digester   :   Fire begin() for ObjectCreateRule[className=org.apache.tomcat.util.modeler.AttributeInfo, attributeName=null]
2019-12-06 11:18:40.968 DEBUG 7503 --- [kground-preinit] o.apache.tomcat.util.digester.Digester   :   Fire begin() for SetPropertiesRule[]
2019-12-06 11:18:40.968 DEBUG 7503 --- [kground-preinit] o.apache.tomcat.util.digester.Digester   : [SetPropertiesRule]{mbeans-descriptors/mbean/attribute} Set org.apache.tomcat.util.modeler.AttributeInfo properties
2019-12-06 11:18:40.968 DEBUG 7503 --- [kground-preinit] o.apache.tomcat.util.digester.Digester   : [SetPropertiesRule]{mbeans-descriptors/mbean/attribute} Setting property 'name' to 'disableProxyCaching'
2019-12-06 11:18:40.968 DEBUG 7503 --- [kground-preinit] o.apache.tomcat.util.IntrospectionUtils  : IntrospectionUtils: setProperty(class org.apache.tomcat.util.modeler.AttributeInfo name=disableProxyCaching)
2019-12-06 11:18:40.968 DEBUG 7503 --- [kground-preinit] o.apache.tomcat.util.digester.Digester   : [SetPropertiesRule]{mbeans-descriptors/mbean/attribute} Setting property 'description' to 'Controls the caching of pages that are protected by security constraints'
2019-12-06 11:18:40.968 DEBUG 7503 --- [kground-preinit] o.apache.tomcat.util.IntrospectionUtils  : IntrospectionUtils: setProperty(class org.apache.tomcat.util.modeler.AttributeInfo description=Controls the caching of pages that are protected by security constraints)
2019-12-06 11:18:40.969 DEBUG 7503 --- [kground-preinit] o.apache.tomcat.util.digester.Digester   : [SetPropertiesRule]{mbeans-descriptors/mbean/attribute} Setting property 'type' to 'boolean'
2019-12-06 11:18:40.969 DEBUG 7503 --- [kground-preinit] o.apache.tomcat.util.IntrospectionUtils  : IntrospectionUtils: setProperty(class org.apache.tomcat.util.modeler.AttributeInfo type=boolean)
2019-12-06 11:18:40.969 DEBUG 7503 --- [kground-preinit] o.apache.tomcat.util.digester.Digester   :   Fire begin() for SetNextRule[methodName=addAttribute, paramType=org.apache.tomcat.util.modeler.AttributeInfo]
2019-12-06 11:18:40.969 DEBUG 7503 --- [kground-preinit] o.a.tomcat.util.digester.Digester.sax    : endElement(,,attribute)
2019-12-06 11:18:40.969 DEBUG 7503 --- [kground-preinit] o.apache.tomcat.util.digester.Digester   :   match='mbeans-descriptors/mbean/attribute'
2019-12-06 11:18:40.969 DEBUG 7503 --- [kground-preinit] o.apache.tomcat.util.digester.Digester   :   bodyText=''
2019-12-06 11:18:40.969 DEBUG 7503 --- [kground-preinit] o.apache.tomcat.util.digester.Digester   :   Fire body() for ObjectCreateRule[className=org.apache.tomcat.util.modeler.AttributeInfo, attributeName=null]
2019-12-06 11:18:40.969 DEBUG 7503 --- [kground-preinit] o.apache.tomcat.util.digester.Digester   :   Fire body() for SetPropertiesRule[]
2019-12-06 11:18:40.969 DEBUG 7503 --- [kground-preinit] o.apache.tomcat.util.digester.Digester   :   Fire body() for SetNextRule[methodName=addAttribute, paramType=org.apache.tomcat.util.modeler.AttributeInfo]
2019-12-06 11:18:40.969 DEBUG 7503 --- [kground-preinit] o.apache.tomcat.util.digester.Digester   :   Fire end() for SetNextRule[methodName=addAttribute, paramType=org.apache.tomcat.util.modeler.AttributeInfo]
2019-12-06 11:18:40.970 DEBUG 7503 --- [kground-preinit] o.apache.tomcat.util.digester.Digester   : [SetNextRule]{mbeans-descriptors/mbean/attribute} Call org.apache.tomcat.util.modeler.ManagedBean.addAttribute(org.apache.tomcat.util.modeler.AttributeInfo@788ee586)
2019-12-06 11:18:40.970 DEBUG 7503 --- [kground-preinit] o.apache.tomcat.util.IntrospectionUtils  : IntrospectionUtils: callMethod1 org.apache.tomcat.util.modeler.ManagedBean org.apache.tomcat.util.modeler.AttributeInfo org.apache.tomcat.util.modeler.AttributeInfo
2019-12-06 11:18:40.970 DEBUG 7503 --- [kground-preinit] o.apache.tomcat.util.digester.Digester   :   Fire end() for SetPropertiesRule[]
2019-12-06 11:18:40.970 DEBUG 7503 --- [kground-preinit] o.apache.tomcat.util.digester.Digester   :   Fire end() for ObjectCreateRule[className=org.apache.tomcat.util.modeler.AttributeInfo, attributeName=null]
2019-12-06 11:18:40.970 DEBUG 7503 --- [kground-preinit] o.apache.tomcat.util.digester.Digester   : [ObjectCreateRule]{mbeans-descriptors/mbean/attribute} Pop org.apache.tomcat.util.modeler.AttributeInfo
2019-12-06 11:18:40.970 DEBUG 7503 --- [kground-preinit] o.a.tomcat.util.digester.Digester.sax    : characters(

    )
2019-12-06 11:18:40.970 DEBUG 7503 --- [kground-preinit] o.a.tomcat.util.digester.Digester.sax    : startElement(,,attribute)
2019-12-06 11:18:40.970 DEBUG 7503 --- [kground-preinit] o.apache.tomcat.util.digester.Digester   :   New match='mbeans-descriptors/mbean/attribute'
2019-12-06 11:18:40.970 DEBUG 7503 --- [kground-preinit] o.apache.tomcat.util.digester.Digester   :   Fire begin() for ObjectCreateRule[className=org.apache.tomcat.util.modeler.AttributeInfo, attributeName=null]
2019-12-06 11:18:40.970 DEBUG 7503 --- [kground-preinit] o.apache.tomcat.util.digester.Digester   :   Fire begin() for SetPropertiesRule[]
2019-12-06 11:18:40.971 DEBUG 7503 --- [kground-preinit] o.apache.tomcat.util.digester.Digester   : [SetPropertiesRule]{mbeans-descriptors/mbean/attribute} Set org.apache.tomcat.util.modeler.AttributeInfo properties
2019-12-06 11:18:40.971 DEBUG 7503 --- [kground-preinit] o.apache.tomcat.util.digester.Digester   : [SetPropertiesRule]{mbeans-descriptors/mbean/attribute} Setting property 'name' to 'securePagesWithPragma'
2019-12-06 11:18:40.971 DEBUG 7503 --- [kground-preinit] o.apache.tomcat.util.IntrospectionUtils  : IntrospectionUtils: setProperty(class org.apache.tomcat.util.modeler.AttributeInfo name=securePagesWithPragma)
2019-12-06 11:18:40.971 DEBUG 7503 --- [kground-preinit] o.apache.tomcat.util.digester.Digester   : [SetPropertiesRule]{mbeans-descriptors/mbean/attribute} Setting property 'description' to 'Controls the caching of pages that are protected by security constraints'
2019-12-06 11:18:40.971 DEBUG 7503 --- [kground-preinit] o.apache.tomcat.util.IntrospectionUtils  : IntrospectionUtils: setProperty(class org.apache.tomcat.util.modeler.AttributeInfo description=Controls the caching of pages that are protected by security constraints)
2019-12-06 11:18:40.971 DEBUG 7503 --- [kground-preinit] o.apache.tomcat.util.digester.Digester   : [SetPropertiesRule]{mbeans-descriptors/mbean/attribute} Setting property 'type' to 'boolean'
2019-12-06 11:18:40.971 DEBUG 7503 --- [kground-preinit] o.apache.tomcat.util.IntrospectionUtils  : IntrospectionUtils: setProperty(class org.apache.tomcat.util.modeler.AttributeInfo type=boolean)
2019-12-06 11:18:40.971 DEBUG 7503 --- [kground-preinit] o.apache.tomcat.util.digester.Digester   :   Fire begin() for SetNextRule[methodName=addAttribute, paramType=org.apache.tomcat.util.modeler.AttributeInfo]
2019-12-06 11:18:40.971 DEBUG 7503 --- [kground-preinit] o.a.tomcat.util.digester.Digester.sax    : endElement(,,attribute)
2019-12-06 11:18:40.971 DEBUG 7503 --- [kground-preinit] o.apache.tomcat.util.digester.Digester   :   match='mbeans-descriptors/mbean/attribute'
2019-12-06 11:18:40.972 DEBUG 7503 --- [kground-preinit] o.apache.tomcat.util.digester.Digester   :   bodyText=''
2019-12-06 11:18:40.972 DEBUG 7503 --- [kground-preinit] o.apache.tomcat.util.digester.Digester   :   Fire body() for ObjectCreateRule[className=org.apache.tomcat.util.modeler.AttributeInfo, attributeName=null]
2019-12-06 11:18:40.972 DEBUG 7503 --- [kground-preinit] o.apache.tomcat.util.digester.Digester   :   Fire body() for SetPropertiesRule[]
2019-12-06 11:18:40.972 DEBUG 7503 --- [kground-preinit] o.apache.tomcat.util.digester.Digester   :   Fire body() for SetNextRule[methodName=addAttribute, paramType=org.apache.tomcat.util.modeler.AttributeInfo]
2019-12-06 11:18:40.972 DEBUG 7503 --- [kground-preinit] o.apache.tomcat.util.digester.Digester   :   Fire end() for SetNextRule[methodName=addAttribute, paramType=org.apache.tomcat.util.modeler.AttributeInfo]
2019-12-06 11:18:40.972 DEBUG 7503 --- [kground-preinit] o.apache.tomcat.util.digester.Digester   : [SetNextRule]{mbeans-descriptors/mbean/attribute} Call org.apache.tomcat.util.modeler.ManagedBean.addAttribute(org.apache.tomcat.util.modeler.AttributeInfo@7b7782c8)
2019-12-06 11:18:40.972 DEBUG 7503 --- [kground-preinit] o.apache.tomcat.util.IntrospectionUtils  : IntrospectionUtils: callMethod1 org.apache.tomcat.util.modeler.ManagedBean org.apache.tomcat.util.modeler.AttributeInfo org.apache.tomcat.util.modeler.AttributeInfo
2019-12-06 11:18:40.972 DEBUG 7503 --- [kground-preinit] o.apache.tomcat.util.digester.Digester   :   Fire end() for SetPropertiesRule[]
2019-12-06 11:18:40.972 DEBUG 7503 --- [kground-preinit] o.apache.tomcat.util.digester.Digester   :   Fire end() for ObjectCreateRule[className=org.apache.tomcat.util.modeler.AttributeInfo, attributeName=null]
2019-12-06 11:18:40.973 DEBUG 7503 --- [kground-preinit] o.apache.tomcat.util.digester.Digester   : [ObjectCreateRule]{mbeans-descriptors/mbean/attribute} Pop org.apache.tomcat.util.modeler.AttributeInfo
2019-12-06 11:18:40.973 DEBUG 7503 --- [kground-preinit] o.a.tomcat.util.digester.Digester.sax    : characters(

    )
2019-12-06 11:18:40.973 DEBUG 7503 --- [kground-preinit] o.a.tomcat.util.digester.Digester.sax    : startElement(,,attribute)
2019-12-06 11:18:40.973 DEBUG 7503 --- [kground-preinit] o.apache.tomcat.util.digester.Digester   :   New match='mbeans-descriptors/mbean/attribute'
2019-12-06 11:18:40.973 DEBUG 7503 --- [kground-preinit] o.apache.tomcat.util.digester.Digester   :   Fire begin() for ObjectCreateRule[className=org.apache.tomcat.util.modeler.AttributeInfo, attributeName=null]
2019-12-06 11:18:40.973 DEBUG 7503 --- [kground-preinit] o.apache.tomcat.util.digester.Digester   :   Fire begin() for SetPropertiesRule[]
2019-12-06 11:18:40.973 DEBUG 7503 --- [kground-preinit] o.apache.tomcat.util.digester.Digester   : [SetPropertiesRule]{mbeans-descriptors/mbean/attribute} Set org.apache.tomcat.util.modeler.AttributeInfo properties
2019-12-06 11:18:40.973 DEBUG 7503 --- [kground-preinit] o.apache.tomcat.util.digester.Digester   : [SetPropertiesRule]{mbeans-descriptors/mbean/attribute} Setting property 'name' to 'stateName'
2019-12-06 11:18:40.974 DEBUG 7503 --- [kground-preinit] o.apache.tomcat.util.IntrospectionUtils  : IntrospectionUtils: setProperty(class org.apache.tomcat.util.modeler.AttributeInfo name=stateName)
2019-12-06 11:18:40.974 DEBUG 7503 --- [kground-preinit] o.apache.tomcat.util.digester.Digester   : [SetPropertiesRule]{mbeans-descriptors/mbean/attribute} Setting property 'description' to 'The name of the LifecycleState that this component is currently in'
2019-12-06 11:18:40.974 DEBUG 7503 --- [kground-preinit] o.apache.tomcat.util.IntrospectionUtils  : IntrospectionUtils: setProperty(class org.apache.tomcat.util.modeler.AttributeInfo description=The name of the LifecycleState that this component is currently in)
2019-12-06 11:18:40.974 DEBUG 7503 --- [kground-preinit] o.apache.tomcat.util.digester.Digester   : [SetPropertiesRule]{mbeans-descriptors/mbean/attribute} Setting property 'type' to 'java.lang.String'
2019-12-06 11:18:40.974 DEBUG 7503 --- [kground-preinit] o.apache.tomcat.util.IntrospectionUtils  : IntrospectionUtils: setProperty(class org.apache.tomcat.util.modeler.AttributeInfo type=java.lang.String)
2019-12-06 11:18:40.974 DEBUG 7503 --- [kground-preinit] o.apache.tomcat.util.digester.Digester   : [SetPropertiesRule]{mbeans-descriptors/mbean/attribute} Setting property 'writeable' to 'false'
2019-12-06 11:18:40.974 DEBUG 7503 --- [kground-preinit] o.apache.tomcat.util.IntrospectionUtils  : IntrospectionUtils: setProperty(class org.apache.tomcat.util.modeler.AttributeInfo writeable=false)
2019-12-06 11:18:40.974 DEBUG 7503 --- [kground-preinit] o.apache.tomcat.util.digester.Digester   :   Fire begin() for SetNextRule[methodName=addAttribute, paramType=org.apache.tomcat.util.modeler.AttributeInfo]
2019-12-06 11:18:40.974 DEBUG 7503 --- [kground-preinit] o.a.tomcat.util.digester.Digester.sax    : endElement(,,attribute)
2019-12-06 11:18:40.974 DEBUG 7503 --- [kground-preinit] o.apache.tomcat.util.digester.Digester   :   match='mbeans-descriptors/mbean/attribute'
2019-12-06 11:18:40.974 DEBUG 7503 --- [kground-preinit] o.apache.tomcat.util.digester.Digester   :   bodyText=''
2019-12-06 11:18:40.975 DEBUG 7503 --- [kground-preinit] o.apache.tomcat.util.digester.Digester   :   Fire body() for ObjectCreateRule[className=org.apache.tomcat.util.modeler.AttributeInfo, attributeName=null]
2019-12-06 11:18:40.975 DEBUG 7503 --- [kground-preinit] o.apache.tomcat.util.digester.Digester   :   Fire body() for SetPropertiesRule[]
2019-12-06 11:18:40.975 DEBUG 7503 --- [kground-preinit] o.apache.tomcat.util.digester.Digester   :   Fire body() for SetNextRule[methodName=addAttribute, paramType=org.apache.tomcat.util.modeler.AttributeInfo]
2019-12-06 11:18:40.975 DEBUG 7503 --- [kground-preinit] o.apache.tomcat.util.digester.Digester   :   Fire end() for SetNextRule[methodName=addAttribute, paramType=org.apache.tomcat.util.modeler.AttributeInfo]
2019-12-06 11:18:40.975 DEBUG 7503 --- [kground-preinit] o.apache.tomcat.util.digester.Digester   : [SetNextRule]{mbeans-descriptors/mbean/attribute} Call org.apache.tomcat.util.modeler.ManagedBean.addAttribute(org.apache.tomcat.util.modeler.AttributeInfo@7c1345ad)
2019-12-06 11:18:40.975 DEBUG 7503 --- [kground-preinit] o.apache.tomcat.util.IntrospectionUtils  : IntrospectionUtils: callMethod1 org.apache.tomcat.util.modeler.ManagedBean org.apache.tomcat.util.modeler.AttributeInfo org.apache.tomcat.util.modeler.AttributeInfo
2019-12-06 11:18:40.975 DEBUG 7503 --- [kground-preinit] o.apache.tomcat.util.digester.Digester   :   Fire end() for SetPropertiesRule[]
2019-12-06 11:18:40.975 DEBUG 7503 --- [kground-preinit] o.apache.tomcat.util.digester.Digester   :   Fire end() for ObjectCreateRule[className=org.apache.tomcat.util.modeler.AttributeInfo, attributeName=null]
2019-12-06 11:18:40.975 DEBUG 7503 --- [kground-preinit] o.apache.tomcat.util.digester.Digester   : [ObjectCreateRule]{mbeans-descriptors/mbean/attribute} Pop org.apache.tomcat.util.modeler.AttributeInfo
2019-12-06 11:18:40.975 DEBUG 7503 --- [kground-preinit] o.a.tomcat.util.digester.Digester.sax    : characters(
  )
2019-12-06 11:18:40.975 DEBUG 7503 --- [kground-preinit] o.a.tomcat.util.digester.Digester.sax    : endElement(,,mbean)
2019-12-06 11:18:40.976 DEBUG 7503 --- [kground-preinit] o.apache.tomcat.util.digester.Digester   :   match='mbeans-descriptors/mbean'
2019-12-06 11:18:40.976 DEBUG 7503 --- [kground-preinit] o.apache.tomcat.util.digester.Digester   :   bodyText='

    

    

    

    

    

    
  '
2019-12-06 11:18:40.976 DEBUG 7503 --- [kground-preinit] o.apache.tomcat.util.digester.Digester   :   Fire body() for ObjectCreateRule[className=org.apache.tomcat.util.modeler.ManagedBean, attributeName=null]
2019-12-06 11:18:40.976 DEBUG 7503 --- [kground-preinit] o.apache.tomcat.util.digester.Digester   :   Fire body() for SetPropertiesRule[]
2019-12-06 11:18:40.976 DEBUG 7503 --- [kground-preinit] o.apache.tomcat.util.digester.Digester   :   Fire body() for SetNextRule[methodName=add, paramType=java.lang.Object]
2019-12-06 11:18:40.976 DEBUG 7503 --- [kground-preinit] o.apache.tomcat.util.digester.Digester   :   Fire end() for SetNextRule[methodName=add, paramType=java.lang.Object]
2019-12-06 11:18:40.976 DEBUG 7503 --- [kground-preinit] o.apache.tomcat.util.digester.Digester   : [SetNextRule]{mbeans-descriptors/mbean} Call java.util.ArrayList.add(ManagedBean[name=NonLoginAuthenticator, className=org.apache.tomcat.util.modeler.BaseModelMBean, description=An Authenticator and Valve implementation that checks only security constraints not involving user authentication, group=Valve, type=org.apache.catalina.authenticator.NonLoginAuthenticator])
2019-12-06 11:18:40.976 DEBUG 7503 --- [kground-preinit] o.apache.tomcat.util.IntrospectionUtils  : IntrospectionUtils: callMethod1 java.util.ArrayList org.apache.tomcat.util.modeler.ManagedBean java.lang.Object
2019-12-06 11:18:40.976 DEBUG 7503 --- [kground-preinit] o.apache.tomcat.util.digester.Digester   :   Fire end() for SetPropertiesRule[]
2019-12-06 11:18:40.976 DEBUG 7503 --- [kground-preinit] o.apache.tomcat.util.digester.Digester   :   Fire end() for ObjectCreateRule[className=org.apache.tomcat.util.modeler.ManagedBean, attributeName=null]
2019-12-06 11:18:40.976 DEBUG 7503 --- [kground-preinit] o.apache.tomcat.util.digester.Digester   : [ObjectCreateRule]{mbeans-descriptors/mbean} Pop org.apache.tomcat.util.modeler.ManagedBean
2019-12-06 11:18:40.976 DEBUG 7503 --- [kground-preinit] o.a.tomcat.util.digester.Digester.sax    : characters(


  )
2019-12-06 11:18:40.977 DEBUG 7503 --- [kground-preinit] o.a.tomcat.util.digester.Digester.sax    : startElement(,,mbean)
2019-12-06 11:18:40.977 DEBUG 7503 --- [kground-preinit] o.apache.tomcat.util.digester.Digester   :   New match='mbeans-descriptors/mbean'
2019-12-06 11:18:40.977 DEBUG 7503 --- [kground-preinit] o.apache.tomcat.util.digester.Digester   :   Fire begin() for ObjectCreateRule[className=org.apache.tomcat.util.modeler.ManagedBean, attributeName=null]
2019-12-06 11:18:40.977 DEBUG 7503 --- [kground-preinit] o.apache.tomcat.util.digester.Digester   :   Fire begin() for SetPropertiesRule[]
2019-12-06 11:18:40.977 DEBUG 7503 --- [kground-preinit] o.apache.tomcat.util.digester.Digester   : [SetPropertiesRule]{mbeans-descriptors/mbean} Set org.apache.tomcat.util.modeler.ManagedBean properties
2019-12-06 11:18:40.977 DEBUG 7503 --- [kground-preinit] o.apache.tomcat.util.digester.Digester   : [SetPropertiesRule]{mbeans-descriptors/mbean} Setting property 'name' to 'SingleSignOn'
2019-12-06 11:18:40.977 DEBUG 7503 --- [kground-preinit] o.apache.tomcat.util.IntrospectionUtils  : IntrospectionUtils: setProperty(class org.apache.tomcat.util.modeler.ManagedBean name=SingleSignOn)
2019-12-06 11:18:40.977 DEBUG 7503 --- [kground-preinit] o.apache.tomcat.util.digester.Digester   : [SetPropertiesRule]{mbeans-descriptors/mbean} Setting property 'description' to 'A Valve that supports a 'single signon' user experience'
2019-12-06 11:18:40.977 DEBUG 7503 --- [kground-preinit] o.apache.tomcat.util.IntrospectionUtils  : IntrospectionUtils: setProperty(class org.apache.tomcat.util.modeler.ManagedBean description=A Valve that supports a 'single signon' user experience)
2019-12-06 11:18:40.978 DEBUG 7503 --- [kground-preinit] o.apache.tomcat.util.digester.Digester   : [SetPropertiesRule]{mbeans-descriptors/mbean} Setting property 'domain' to 'Catalina'
2019-12-06 11:18:40.978 DEBUG 7503 --- [kground-preinit] o.apache.tomcat.util.IntrospectionUtils  : IntrospectionUtils: setProperty(class org.apache.tomcat.util.modeler.ManagedBean domain=Catalina)
2019-12-06 11:18:40.978 DEBUG 7503 --- [kground-preinit] o.apache.tomcat.util.digester.Digester   : [SetPropertiesRule]{mbeans-descriptors/mbean} Setting property 'group' to 'Valve'
2019-12-06 11:18:40.978 DEBUG 7503 --- [kground-preinit] o.apache.tomcat.util.IntrospectionUtils  : IntrospectionUtils: setProperty(class org.apache.tomcat.util.modeler.ManagedBean group=Valve)
2019-12-06 11:18:40.978 DEBUG 7503 --- [kground-preinit] o.apache.tomcat.util.digester.Digester   : [SetPropertiesRule]{mbeans-descriptors/mbean} Setting property 'type' to 'org.apache.catalina.authenticator.SingleSignOn'
2019-12-06 11:18:40.978 DEBUG 7503 --- [kground-preinit] o.apache.tomcat.util.IntrospectionUtils  : IntrospectionUtils: setProperty(class org.apache.tomcat.util.modeler.ManagedBean type=org.apache.catalina.authenticator.SingleSignOn)
2019-12-06 11:18:40.978 DEBUG 7503 --- [kground-preinit] o.apache.tomcat.util.digester.Digester   :   Fire begin() for SetNextRule[methodName=add, paramType=java.lang.Object]
2019-12-06 11:18:40.978 DEBUG 7503 --- [kground-preinit] o.a.tomcat.util.digester.Digester.sax    : characters(

    )
2019-12-06 11:18:40.978 DEBUG 7503 --- [kground-preinit] o.a.tomcat.util.digester.Digester.sax    : startElement(,,attribute)
2019-12-06 11:18:40.978 DEBUG 7503 --- [kground-preinit] o.apache.tomcat.util.digester.Digester   :   New match='mbeans-descriptors/mbean/attribute'
2019-12-06 11:18:40.978 DEBUG 7503 --- [kground-preinit] o.apache.tomcat.util.digester.Digester   :   Fire begin() for ObjectCreateRule[className=org.apache.tomcat.util.modeler.AttributeInfo, attributeName=null]
2019-12-06 11:18:40.978 DEBUG 7503 --- [kground-preinit] o.apache.tomcat.util.digester.Digester   :   Fire begin() for SetPropertiesRule[]
2019-12-06 11:18:40.978 DEBUG 7503 --- [kground-preinit] o.apache.tomcat.util.digester.Digester   : [SetPropertiesRule]{mbeans-descriptors/mbean/attribute} Set org.apache.tomcat.util.modeler.AttributeInfo properties
2019-12-06 11:18:40.979 DEBUG 7503 --- [kground-preinit] o.apache.tomcat.util.digester.Digester   : [SetPropertiesRule]{mbeans-descriptors/mbean/attribute} Setting property 'name' to 'className'
2019-12-06 11:18:40.979 DEBUG 7503 --- [kground-preinit] o.apache.tomcat.util.IntrospectionUtils  : IntrospectionUtils: setProperty(class org.apache.tomcat.util.modeler.AttributeInfo name=className)
2019-12-06 11:18:40.979 DEBUG 7503 --- [kground-preinit] o.apache.tomcat.util.digester.Digester   : [SetPropertiesRule]{mbeans-descriptors/mbean/attribute} Setting property 'description' to 'Fully qualified class name of the managed object'
2019-12-06 11:18:40.979 DEBUG 7503 --- [kground-preinit] o.apache.tomcat.util.IntrospectionUtils  : IntrospectionUtils: setProperty(class org.apache.tomcat.util.modeler.AttributeInfo description=Fully qualified class name of the managed object)
2019-12-06 11:18:40.979 DEBUG 7503 --- [kground-preinit] o.apache.tomcat.util.digester.Digester   : [SetPropertiesRule]{mbeans-descriptors/mbean/attribute} Setting property 'type' to 'java.lang.String'
2019-12-06 11:18:40.979 DEBUG 7503 --- [kground-preinit] o.apache.tomcat.util.IntrospectionUtils  : IntrospectionUtils: setProperty(class org.apache.tomcat.util.modeler.AttributeInfo type=java.lang.String)
2019-12-06 11:18:40.979 DEBUG 7503 --- [kground-preinit] o.apache.tomcat.util.digester.Digester   : [SetPropertiesRule]{mbeans-descriptors/mbean/attribute} Setting property 'writeable' to 'false'
2019-12-06 11:18:40.979 DEBUG 7503 --- [kground-preinit] o.apache.tomcat.util.IntrospectionUtils  : IntrospectionUtils: setProperty(class org.apache.tomcat.util.modeler.AttributeInfo writeable=false)
2019-12-06 11:18:40.979 DEBUG 7503 --- [kground-preinit] o.apache.tomcat.util.digester.Digester   :   Fire begin() for SetNextRule[methodName=addAttribute, paramType=org.apache.tomcat.util.modeler.AttributeInfo]
2019-12-06 11:18:40.979 DEBUG 7503 --- [kground-preinit] o.a.tomcat.util.digester.Digester.sax    : endElement(,,attribute)
2019-12-06 11:18:40.979 DEBUG 7503 --- [kground-preinit] o.apache.tomcat.util.digester.Digester   :   match='mbeans-descriptors/mbean/attribute'
2019-12-06 11:18:40.979 DEBUG 7503 --- [kground-preinit] o.apache.tomcat.util.digester.Digester   :   bodyText=''
2019-12-06 11:18:40.979 DEBUG 7503 --- [kground-preinit] o.apache.tomcat.util.digester.Digester   :   Fire body() for ObjectCreateRule[className=org.apache.tomcat.util.modeler.AttributeInfo, attributeName=null]
2019-12-06 11:18:40.979 DEBUG 7503 --- [kground-preinit] o.apache.tomcat.util.digester.Digester   :   Fire body() for SetPropertiesRule[]
2019-12-06 11:18:40.980 DEBUG 7503 --- [kground-preinit] o.apache.tomcat.util.digester.Digester   :   Fire body() for SetNextRule[methodName=addAttribute, paramType=org.apache.tomcat.util.modeler.AttributeInfo]
2019-12-06 11:18:40.980 DEBUG 7503 --- [kground-preinit] o.apache.tomcat.util.digester.Digester   :   Fire end() for SetNextRule[methodName=addAttribute, paramType=org.apache.tomcat.util.modeler.AttributeInfo]
2019-12-06 11:18:40.980 DEBUG 7503 --- [kground-preinit] o.apache.tomcat.util.digester.Digester   : [SetNextRule]{mbeans-descriptors/mbean/attribute} Call org.apache.tomcat.util.modeler.ManagedBean.addAttribute(org.apache.tomcat.util.modeler.AttributeInfo@52320f1)
2019-12-06 11:18:40.980 DEBUG 7503 --- [kground-preinit] o.apache.tomcat.util.IntrospectionUtils  : IntrospectionUtils: callMethod1 org.apache.tomcat.util.modeler.ManagedBean org.apache.tomcat.util.modeler.AttributeInfo org.apache.tomcat.util.modeler.AttributeInfo
2019-12-06 11:18:40.980 DEBUG 7503 --- [kground-preinit] o.apache.tomcat.util.digester.Digester   :   Fire end() for SetPropertiesRule[]
2019-12-06 11:18:40.980 DEBUG 7503 --- [kground-preinit] o.apache.tomcat.util.digester.Digester   :   Fire end() for ObjectCreateRule[className=org.apache.tomcat.util.modeler.AttributeInfo, attributeName=null]
2019-12-06 11:18:40.980 DEBUG 7503 --- [kground-preinit] o.apache.tomcat.util.digester.Digester   : [ObjectCreateRule]{mbeans-descriptors/mbean/attribute} Pop org.apache.tomcat.util.modeler.AttributeInfo
2019-12-06 11:18:40.980 DEBUG 7503 --- [kground-preinit] o.a.tomcat.util.digester.Digester.sax    : characters(

    )
2019-12-06 11:18:40.980 DEBUG 7503 --- [kground-preinit] o.a.tomcat.util.digester.Digester.sax    : startElement(,,attribute)
2019-12-06 11:18:40.980 DEBUG 7503 --- [kground-preinit] o.apache.tomcat.util.digester.Digester   :   New match='mbeans-descriptors/mbean/attribute'
2019-12-06 11:18:40.980 DEBUG 7503 --- [kground-preinit] o.apache.tomcat.util.digester.Digester   :   Fire begin() for ObjectCreateRule[className=org.apache.tomcat.util.modeler.AttributeInfo, attributeName=null]
2019-12-06 11:18:40.981 DEBUG 7503 --- [kground-preinit] o.apache.tomcat.util.digester.Digester   :   Fire begin() for SetPropertiesRule[]
2019-12-06 11:18:40.981 DEBUG 7503 --- [kground-preinit] o.apache.tomcat.util.digester.Digester   : [SetPropertiesRule]{mbeans-descriptors/mbean/attribute} Set org.apache.tomcat.util.modeler.AttributeInfo properties
2019-12-06 11:18:40.981 DEBUG 7503 --- [kground-preinit] o.apache.tomcat.util.digester.Digester   : [SetPropertiesRule]{mbeans-descriptors/mbean/attribute} Setting property 'name' to 'requireReauthentication'
2019-12-06 11:18:40.981 DEBUG 7503 --- [kground-preinit] o.apache.tomcat.util.IntrospectionUtils  : IntrospectionUtils: setProperty(class org.apache.tomcat.util.modeler.AttributeInfo name=requireReauthentication)
2019-12-06 11:18:40.981 DEBUG 7503 --- [kground-preinit] o.apache.tomcat.util.digester.Digester   : [SetPropertiesRule]{mbeans-descriptors/mbean/attribute} Setting property 'description' to 'Should we attempt to reauthenticate each request against the security Realm?'
2019-12-06 11:18:40.981 DEBUG 7503 --- [kground-preinit] o.apache.tomcat.util.IntrospectionUtils  : IntrospectionUtils: setProperty(class org.apache.tomcat.util.modeler.AttributeInfo description=Should we attempt to reauthenticate each request against the security Realm?)
2019-12-06 11:18:40.981 DEBUG 7503 --- [kground-preinit] o.apache.tomcat.util.digester.Digester   : [SetPropertiesRule]{mbeans-descriptors/mbean/attribute} Setting property 'type' to 'boolean'
2019-12-06 11:18:40.981 DEBUG 7503 --- [kground-preinit] o.apache.tomcat.util.IntrospectionUtils  : IntrospectionUtils: setProperty(class org.apache.tomcat.util.modeler.AttributeInfo type=boolean)
2019-12-06 11:18:40.981 DEBUG 7503 --- [kground-preinit] o.apache.tomcat.util.digester.Digester   :   Fire begin() for SetNextRule[methodName=addAttribute, paramType=org.apache.tomcat.util.modeler.AttributeInfo]
2019-12-06 11:18:40.981 DEBUG 7503 --- [kground-preinit] o.a.tomcat.util.digester.Digester.sax    : endElement(,,attribute)
2019-12-06 11:18:40.981 DEBUG 7503 --- [kground-preinit] o.apache.tomcat.util.digester.Digester   :   match='mbeans-descriptors/mbean/attribute'
2019-12-06 11:18:40.981 DEBUG 7503 --- [kground-preinit] o.apache.tomcat.util.digester.Digester   :   bodyText=''
2019-12-06 11:18:40.981 DEBUG 7503 --- [kground-preinit] o.apache.tomcat.util.digester.Digester   :   Fire body() for ObjectCreateRule[className=org.apache.tomcat.util.modeler.AttributeInfo, attributeName=null]
2019-12-06 11:18:40.982 DEBUG 7503 --- [kground-preinit] o.apache.tomcat.util.digester.Digester   :   Fire body() for SetPropertiesRule[]
2019-12-06 11:18:40.982 DEBUG 7503 --- [kground-preinit] o.apache.tomcat.util.digester.Digester   :   Fire body() for SetNextRule[methodName=addAttribute, paramType=org.apache.tomcat.util.modeler.AttributeInfo]
2019-12-06 11:18:40.982 DEBUG 7503 --- [kground-preinit] o.apache.tomcat.util.digester.Digester   :   Fire end() for SetNextRule[methodName=addAttribute, paramType=org.apache.tomcat.util.modeler.AttributeInfo]
2019-12-06 11:18:40.982 DEBUG 7503 --- [kground-preinit] o.apache.tomcat.util.digester.Digester   : [SetNextRule]{mbeans-descriptors/mbean/attribute} Call org.apache.tomcat.util.modeler.ManagedBean.addAttribute(org.apache.tomcat.util.modeler.AttributeInfo@a0e4706)
2019-12-06 11:18:40.982 DEBUG 7503 --- [kground-preinit] o.apache.tomcat.util.IntrospectionUtils  : IntrospectionUtils: callMethod1 org.apache.tomcat.util.modeler.ManagedBean org.apache.tomcat.util.modeler.AttributeInfo org.apache.tomcat.util.modeler.AttributeInfo
2019-12-06 11:18:40.982 DEBUG 7503 --- [kground-preinit] o.apache.tomcat.util.digester.Digester   :   Fire end() for SetPropertiesRule[]
2019-12-06 11:18:40.982 DEBUG 7503 --- [kground-preinit] o.apache.tomcat.util.digester.Digester   :   Fire end() for ObjectCreateRule[className=org.apache.tomcat.util.modeler.AttributeInfo, attributeName=null]
2019-12-06 11:18:40.982 DEBUG 7503 --- [kground-preinit] o.apache.tomcat.util.digester.Digester   : [ObjectCreateRule]{mbeans-descriptors/mbean/attribute} Pop org.apache.tomcat.util.modeler.AttributeInfo
2019-12-06 11:18:40.982 DEBUG 7503 --- [kground-preinit] o.a.tomcat.util.digester.Digester.sax    : characters(

    )
2019-12-06 11:18:40.982 DEBUG 7503 --- [kground-preinit] o.a.tomcat.util.digester.Digester.sax    : startElement(,,attribute)
2019-12-06 11:18:40.982 DEBUG 7503 --- [kground-preinit] o.apache.tomcat.util.digester.Digester   :   New match='mbeans-descriptors/mbean/attribute'
2019-12-06 11:18:40.983 DEBUG 7503 --- [kground-preinit] o.apache.tomcat.util.digester.Digester   :   Fire begin() for ObjectCreateRule[className=org.apache.tomcat.util.modeler.AttributeInfo, attributeName=null]
2019-12-06 11:18:40.983 DEBUG 7503 --- [kground-preinit] o.apache.tomcat.util.digester.Digester   :   Fire begin() for SetPropertiesRule[]
2019-12-06 11:18:40.983 DEBUG 7503 --- [kground-preinit] o.apache.tomcat.util.digester.Digester   : [SetPropertiesRule]{mbeans-descriptors/mbean/attribute} Set org.apache.tomcat.util.modeler.AttributeInfo properties
2019-12-06 11:18:40.983 DEBUG 7503 --- [kground-preinit] o.apache.tomcat.util.digester.Digester   : [SetPropertiesRule]{mbeans-descriptors/mbean/attribute} Setting property 'name' to 'cookieDomain'
2019-12-06 11:18:40.983 DEBUG 7503 --- [kground-preinit] o.apache.tomcat.util.IntrospectionUtils  : IntrospectionUtils: setProperty(class org.apache.tomcat.util.modeler.AttributeInfo name=cookieDomain)
2019-12-06 11:18:40.983 DEBUG 7503 --- [kground-preinit] o.apache.tomcat.util.digester.Digester   : [SetPropertiesRule]{mbeans-descriptors/mbean/attribute} Setting property 'description' to '(Optional) Domain to be used by sso cookies'
2019-12-06 11:18:40.983 DEBUG 7503 --- [kground-preinit] o.apache.tomcat.util.IntrospectionUtils  : IntrospectionUtils: setProperty(class org.apache.tomcat.util.modeler.AttributeInfo description=(Optional) Domain to be used by sso cookies)
2019-12-06 11:18:40.983 DEBUG 7503 --- [kground-preinit] o.apache.tomcat.util.digester.Digester   : [SetPropertiesRule]{mbeans-descriptors/mbean/attribute} Setting property 'type' to 'java.lang.String'
2019-12-06 11:18:40.983 DEBUG 7503 --- [kground-preinit] o.apache.tomcat.util.IntrospectionUtils  : IntrospectionUtils: setProperty(class org.apache.tomcat.util.modeler.AttributeInfo type=java.lang.String)
2019-12-06 11:18:40.983 DEBUG 7503 --- [kground-preinit] o.apache.tomcat.util.digester.Digester   :   Fire begin() for SetNextRule[methodName=addAttribute, paramType=org.apache.tomcat.util.modeler.AttributeInfo]
2019-12-06 11:18:40.983 DEBUG 7503 --- [kground-preinit] o.a.tomcat.util.digester.Digester.sax    : endElement(,,attribute)
2019-12-06 11:18:40.983 DEBUG 7503 --- [kground-preinit] o.apache.tomcat.util.digester.Digester   :   match='mbeans-descriptors/mbean/attribute'
2019-12-06 11:18:40.984 DEBUG 7503 --- [kground-preinit] o.apache.tomcat.util.digester.Digester   :   bodyText=''
2019-12-06 11:18:40.984 DEBUG 7503 --- [kground-preinit] o.apache.tomcat.util.digester.Digester   :   Fire body() for ObjectCreateRule[className=org.apache.tomcat.util.modeler.AttributeInfo, attributeName=null]
2019-12-06 11:18:40.984 DEBUG 7503 --- [kground-preinit] o.apache.tomcat.util.digester.Digester   :   Fire body() for SetPropertiesRule[]
2019-12-06 11:18:40.984 DEBUG 7503 --- [kground-preinit] o.apache.tomcat.util.digester.Digester   :   Fire body() for SetNextRule[methodName=addAttribute, paramType=org.apache.tomcat.util.modeler.AttributeInfo]
2019-12-06 11:18:40.984 DEBUG 7503 --- [kground-preinit] o.apache.tomcat.util.digester.Digester   :   Fire end() for SetNextRule[methodName=addAttribute, paramType=org.apache.tomcat.util.modeler.AttributeInfo]
2019-12-06 11:18:40.984 DEBUG 7503 --- [kground-preinit] o.apache.tomcat.util.digester.Digester   : [SetNextRule]{mbeans-descriptors/mbean/attribute} Call org.apache.tomcat.util.modeler.ManagedBean.addAttribute(org.apache.tomcat.util.modeler.AttributeInfo@4d28e54d)
2019-12-06 11:18:40.984 DEBUG 7503 --- [kground-preinit] o.apache.tomcat.util.IntrospectionUtils  : IntrospectionUtils: callMethod1 org.apache.tomcat.util.modeler.ManagedBean org.apache.tomcat.util.modeler.AttributeInfo org.apache.tomcat.util.modeler.AttributeInfo
2019-12-06 11:18:40.984 DEBUG 7503 --- [kground-preinit] o.apache.tomcat.util.digester.Digester   :   Fire end() for SetPropertiesRule[]
2019-12-06 11:18:40.984 DEBUG 7503 --- [kground-preinit] o.apache.tomcat.util.digester.Digester   :   Fire end() for ObjectCreateRule[className=org.apache.tomcat.util.modeler.AttributeInfo, attributeName=null]
2019-12-06 11:18:40.984 DEBUG 7503 --- [kground-preinit] o.apache.tomcat.util.digester.Digester   : [ObjectCreateRule]{mbeans-descriptors/mbean/attribute} Pop org.apache.tomcat.util.modeler.AttributeInfo
2019-12-06 11:18:40.984 DEBUG 7503 --- [kground-preinit] o.a.tomcat.util.digester.Digester.sax    : characters(

    )
2019-12-06 11:18:40.984 DEBUG 7503 --- [kground-preinit] o.a.tomcat.util.digester.Digester.sax    : startElement(,,attribute)
2019-12-06 11:18:40.985 DEBUG 7503 --- [kground-preinit] o.apache.tomcat.util.digester.Digester   :   New match='mbeans-descriptors/mbean/attribute'
2019-12-06 11:18:40.985 DEBUG 7503 --- [kground-preinit] o.apache.tomcat.util.digester.Digester   :   Fire begin() for ObjectCreateRule[className=org.apache.tomcat.util.modeler.AttributeInfo, attributeName=null]
2019-12-06 11:18:40.985 DEBUG 7503 --- [kground-preinit] o.apache.tomcat.util.digester.Digester   :   Fire begin() for SetPropertiesRule[]
2019-12-06 11:18:40.985 DEBUG 7503 --- [kground-preinit] o.apache.tomcat.util.digester.Digester   : [SetPropertiesRule]{mbeans-descriptors/mbean/attribute} Set org.apache.tomcat.util.modeler.AttributeInfo properties
2019-12-06 11:18:40.985 DEBUG 7503 --- [kground-preinit] o.apache.tomcat.util.digester.Digester   : [SetPropertiesRule]{mbeans-descriptors/mbean/attribute} Setting property 'name' to 'stateName'
2019-12-06 11:18:40.985 DEBUG 7503 --- [kground-preinit] o.apache.tomcat.util.IntrospectionUtils  : IntrospectionUtils: setProperty(class org.apache.tomcat.util.modeler.AttributeInfo name=stateName)
2019-12-06 11:18:40.985 DEBUG 7503 --- [kground-preinit] o.apache.tomcat.util.digester.Digester   : [SetPropertiesRule]{mbeans-descriptors/mbean/attribute} Setting property 'description' to 'The name of the LifecycleState that this component is currently in'
2019-12-06 11:18:40.985 DEBUG 7503 --- [kground-preinit] o.apache.tomcat.util.IntrospectionUtils  : IntrospectionUtils: setProperty(class org.apache.tomcat.util.modeler.AttributeInfo description=The name of the LifecycleState that this component is currently in)
2019-12-06 11:18:40.985 DEBUG 7503 --- [kground-preinit] o.apache.tomcat.util.digester.Digester   : [SetPropertiesRule]{mbeans-descriptors/mbean/attribute} Setting property 'type' to 'java.lang.String'
2019-12-06 11:18:40.985 DEBUG 7503 --- [kground-preinit] o.apache.tomcat.util.IntrospectionUtils  : IntrospectionUtils: setProperty(class org.apache.tomcat.util.modeler.AttributeInfo type=java.lang.String)
2019-12-06 11:18:40.986 DEBUG 7503 --- [kground-preinit] o.apache.tomcat.util.digester.Digester   : [SetPropertiesRule]{mbeans-descriptors/mbean/attribute} Setting property 'writeable' to 'false'
2019-12-06 11:18:40.986 DEBUG 7503 --- [kground-preinit] o.apache.tomcat.util.IntrospectionUtils  : IntrospectionUtils: setProperty(class org.apache.tomcat.util.modeler.AttributeInfo writeable=false)
2019-12-06 11:18:40.986 DEBUG 7503 --- [kground-preinit] o.apache.tomcat.util.digester.Digester   :   Fire begin() for SetNextRule[methodName=addAttribute, paramType=org.apache.tomcat.util.modeler.AttributeInfo]
2019-12-06 11:18:40.986 DEBUG 7503 --- [kground-preinit] o.a.tomcat.util.digester.Digester.sax    : endElement(,,attribute)
2019-12-06 11:18:40.986 DEBUG 7503 --- [kground-preinit] o.apache.tomcat.util.digester.Digester   :   match='mbeans-descriptors/mbean/attribute'
2019-12-06 11:18:40.986 DEBUG 7503 --- [kground-preinit] o.apache.tomcat.util.digester.Digester   :   bodyText=''
2019-12-06 11:18:40.986 DEBUG 7503 --- [kground-preinit] o.apache.tomcat.util.digester.Digester   :   Fire body() for ObjectCreateRule[className=org.apache.tomcat.util.modeler.AttributeInfo, attributeName=null]
2019-12-06 11:18:40.986 DEBUG 7503 --- [kground-preinit] o.apache.tomcat.util.digester.Digester   :   Fire body() for SetPropertiesRule[]
2019-12-06 11:18:40.986 DEBUG 7503 --- [kground-preinit] o.apache.tomcat.util.digester.Digester   :   Fire body() for SetNextRule[methodName=addAttribute, paramType=org.apache.tomcat.util.modeler.AttributeInfo]
2019-12-06 11:18:40.986 DEBUG 7503 --- [kground-preinit] o.apache.tomcat.util.digester.Digester   :   Fire end() for SetNextRule[methodName=addAttribute, paramType=org.apache.tomcat.util.modeler.AttributeInfo]
2019-12-06 11:18:40.986 DEBUG 7503 --- [kground-preinit] o.apache.tomcat.util.digester.Digester   : [SetNextRule]{mbeans-descriptors/mbean/attribute} Call org.apache.tomcat.util.modeler.ManagedBean.addAttribute(org.apache.tomcat.util.modeler.AttributeInfo@2bf0ff68)
2019-12-06 11:18:40.987 DEBUG 7503 --- [kground-preinit] o.apache.tomcat.util.IntrospectionUtils  : IntrospectionUtils: callMethod1 org.apache.tomcat.util.modeler.ManagedBean org.apache.tomcat.util.modeler.AttributeInfo org.apache.tomcat.util.modeler.AttributeInfo
2019-12-06 11:18:40.987 DEBUG 7503 --- [kground-preinit] o.apache.tomcat.util.digester.Digester   :   Fire end() for SetPropertiesRule[]
2019-12-06 11:18:40.987 DEBUG 7503 --- [kground-preinit] o.apache.tomcat.util.digester.Digester   :   Fire end() for ObjectCreateRule[className=org.apache.tomcat.util.modeler.AttributeInfo, attributeName=null]
2019-12-06 11:18:40.987 DEBUG 7503 --- [kground-preinit] o.apache.tomcat.util.digester.Digester   : [ObjectCreateRule]{mbeans-descriptors/mbean/attribute} Pop org.apache.tomcat.util.modeler.AttributeInfo
2019-12-06 11:18:40.987 DEBUG 7503 --- [kground-preinit] o.a.tomcat.util.digester.Digester.sax    : characters(
  )
2019-12-06 11:18:40.987 DEBUG 7503 --- [kground-preinit] o.a.tomcat.util.digester.Digester.sax    : endElement(,,mbean)
2019-12-06 11:18:40.987 DEBUG 7503 --- [kground-preinit] o.apache.tomcat.util.digester.Digester   :   match='mbeans-descriptors/mbean'
2019-12-06 11:18:40.987 DEBUG 7503 --- [kground-preinit] o.apache.tomcat.util.digester.Digester   :   bodyText='

    

    

    

    
  '
2019-12-06 11:18:40.987 DEBUG 7503 --- [kground-preinit] o.apache.tomcat.util.digester.Digester   :   Fire body() for ObjectCreateRule[className=org.apache.tomcat.util.modeler.ManagedBean, attributeName=null]
2019-12-06 11:18:40.987 DEBUG 7503 --- [kground-preinit] o.apache.tomcat.util.digester.Digester   :   Fire body() for SetPropertiesRule[]
2019-12-06 11:18:40.987 DEBUG 7503 --- [kground-preinit] o.apache.tomcat.util.digester.Digester   :   Fire body() for SetNextRule[methodName=add, paramType=java.lang.Object]
2019-12-06 11:18:40.987 DEBUG 7503 --- [kground-preinit] o.apache.tomcat.util.digester.Digester   :   Fire end() for SetNextRule[methodName=add, paramType=java.lang.Object]
2019-12-06 11:18:40.987 DEBUG 7503 --- [kground-preinit] o.apache.tomcat.util.digester.Digester   : [SetNextRule]{mbeans-descriptors/mbean} Call java.util.ArrayList.add(ManagedBean[name=SingleSignOn, className=org.apache.tomcat.util.modeler.BaseModelMBean, description=A Valve that supports a 'single signon' user experience, group=Valve, type=org.apache.catalina.authenticator.SingleSignOn])
2019-12-06 11:18:40.987 DEBUG 7503 --- [kground-preinit] o.apache.tomcat.util.IntrospectionUtils  : IntrospectionUtils: callMethod1 java.util.ArrayList org.apache.tomcat.util.modeler.ManagedBean java.lang.Object
2019-12-06 11:18:40.988 DEBUG 7503 --- [kground-preinit] o.apache.tomcat.util.digester.Digester   :   Fire end() for SetPropertiesRule[]
2019-12-06 11:18:40.988 DEBUG 7503 --- [kground-preinit] o.apache.tomcat.util.digester.Digester   :   Fire end() for ObjectCreateRule[className=org.apache.tomcat.util.modeler.ManagedBean, attributeName=null]
2019-12-06 11:18:40.988 DEBUG 7503 --- [kground-preinit] o.apache.tomcat.util.digester.Digester   : [ObjectCreateRule]{mbeans-descriptors/mbean} Pop org.apache.tomcat.util.modeler.ManagedBean
2019-12-06 11:18:40.988 DEBUG 7503 --- [kground-preinit] o.a.tomcat.util.digester.Digester.sax    : characters(


  )
2019-12-06 11:18:40.988 DEBUG 7503 --- [kground-preinit] o.a.tomcat.util.digester.Digester.sax    : startElement(,,mbean)
2019-12-06 11:18:40.988 DEBUG 7503 --- [kground-preinit] o.apache.tomcat.util.digester.Digester   :   New match='mbeans-descriptors/mbean'
2019-12-06 11:18:40.988 DEBUG 7503 --- [kground-preinit] o.apache.tomcat.util.digester.Digester   :   Fire begin() for ObjectCreateRule[className=org.apache.tomcat.util.modeler.ManagedBean, attributeName=null]
2019-12-06 11:18:40.988 DEBUG 7503 --- [kground-preinit] o.apache.tomcat.util.digester.Digester   :   Fire begin() for SetPropertiesRule[]
2019-12-06 11:18:40.988 DEBUG 7503 --- [kground-preinit] o.apache.tomcat.util.digester.Digester   : [SetPropertiesRule]{mbeans-descriptors/mbean} Set org.apache.tomcat.util.modeler.ManagedBean properties
2019-12-06 11:18:40.988 DEBUG 7503 --- [kground-preinit] o.apache.tomcat.util.digester.Digester   : [SetPropertiesRule]{mbeans-descriptors/mbean} Setting property 'name' to 'SSLAuthenticator'
2019-12-06 11:18:40.988 DEBUG 7503 --- [kground-preinit] o.apache.tomcat.util.IntrospectionUtils  : IntrospectionUtils: setProperty(class org.apache.tomcat.util.modeler.ManagedBean name=SSLAuthenticator)
2019-12-06 11:18:40.988 DEBUG 7503 --- [kground-preinit] o.apache.tomcat.util.digester.Digester   : [SetPropertiesRule]{mbeans-descriptors/mbean} Setting property 'description' to 'An Authenticator and Valve implementation of authentication that utilizes SSL certificates to identify client users'
2019-12-06 11:18:40.989 DEBUG 7503 --- [kground-preinit] o.apache.tomcat.util.IntrospectionUtils  : IntrospectionUtils: setProperty(class org.apache.tomcat.util.modeler.ManagedBean description=An Authenticator and Valve implementation of authentication that utilizes SSL certificates to identify client users)
2019-12-06 11:18:40.989 DEBUG 7503 --- [kground-preinit] o.apache.tomcat.util.digester.Digester   : [SetPropertiesRule]{mbeans-descriptors/mbean} Setting property 'domain' to 'Catalina'
2019-12-06 11:18:40.989 DEBUG 7503 --- [kground-preinit] o.apache.tomcat.util.IntrospectionUtils  : IntrospectionUtils: setProperty(class org.apache.tomcat.util.modeler.ManagedBean domain=Catalina)
2019-12-06 11:18:40.989 DEBUG 7503 --- [kground-preinit] o.apache.tomcat.util.digester.Digester   : [SetPropertiesRule]{mbeans-descriptors/mbean} Setting property 'group' to 'Valve'
2019-12-06 11:18:40.989 DEBUG 7503 --- [kground-preinit] o.apache.tomcat.util.IntrospectionUtils  : IntrospectionUtils: setProperty(class org.apache.tomcat.util.modeler.ManagedBean group=Valve)
2019-12-06 11:18:40.989 DEBUG 7503 --- [kground-preinit] o.apache.tomcat.util.digester.Digester   : [SetPropertiesRule]{mbeans-descriptors/mbean} Setting property 'type' to 'org.apache.catalina.authenticator.SSLAuthenticator'
2019-12-06 11:18:40.989 DEBUG 7503 --- [kground-preinit] o.apache.tomcat.util.IntrospectionUtils  : IntrospectionUtils: setProperty(class org.apache.tomcat.util.modeler.ManagedBean type=org.apache.catalina.authenticator.SSLAuthenticator)
2019-12-06 11:18:40.989 DEBUG 7503 --- [kground-preinit] o.apache.tomcat.util.digester.Digester   :   Fire begin() for SetNextRule[methodName=add, paramType=java.lang.Object]
2019-12-06 11:18:40.989 DEBUG 7503 --- [kground-preinit] o.a.tomcat.util.digester.Digester.sax    : characters(

    )
2019-12-06 11:18:40.989 DEBUG 7503 --- [kground-preinit] o.a.tomcat.util.digester.Digester.sax    : startElement(,,attribute)
2019-12-06 11:18:40.989 DEBUG 7503 --- [kground-preinit] o.apache.tomcat.util.digester.Digester   :   New match='mbeans-descriptors/mbean/attribute'
2019-12-06 11:18:40.989 DEBUG 7503 --- [kground-preinit] o.apache.tomcat.util.digester.Digester   :   Fire begin() for ObjectCreateRule[className=org.apache.tomcat.util.modeler.AttributeInfo, attributeName=null]
2019-12-06 11:18:40.990 DEBUG 7503 --- [kground-preinit] o.apache.tomcat.util.digester.Digester   :   Fire begin() for SetPropertiesRule[]
2019-12-06 11:18:40.990 DEBUG 7503 --- [kground-preinit] o.apache.tomcat.util.digester.Digester   : [SetPropertiesRule]{mbeans-descriptors/mbean/attribute} Set org.apache.tomcat.util.modeler.AttributeInfo properties
2019-12-06 11:18:40.990 DEBUG 7503 --- [kground-preinit] o.apache.tomcat.util.digester.Digester   : [SetPropertiesRule]{mbeans-descriptors/mbean/attribute} Setting property 'name' to 'cache'
2019-12-06 11:18:40.990 DEBUG 7503 --- [kground-preinit] o.apache.tomcat.util.IntrospectionUtils  : IntrospectionUtils: setProperty(class org.apache.tomcat.util.modeler.AttributeInfo name=cache)
2019-12-06 11:18:40.990 DEBUG 7503 --- [kground-preinit] o.apache.tomcat.util.digester.Digester   : [SetPropertiesRule]{mbeans-descriptors/mbean/attribute} Setting property 'description' to 'Should we cache authenticated Principals if the request is part of an HTTP session?'
2019-12-06 11:18:40.990 DEBUG 7503 --- [kground-preinit] o.apache.tomcat.util.IntrospectionUtils  : IntrospectionUtils: setProperty(class org.apache.tomcat.util.modeler.AttributeInfo description=Should we cache authenticated Principals if the request is part of an HTTP session?)
2019-12-06 11:18:40.990 DEBUG 7503 --- [kground-preinit] o.apache.tomcat.util.digester.Digester   : [SetPropertiesRule]{mbeans-descriptors/mbean/attribute} Setting property 'type' to 'boolean'
2019-12-06 11:18:40.990 DEBUG 7503 --- [kground-preinit] o.apache.tomcat.util.IntrospectionUtils  : IntrospectionUtils: setProperty(class org.apache.tomcat.util.modeler.AttributeInfo type=boolean)
2019-12-06 11:18:40.990 DEBUG 7503 --- [kground-preinit] o.apache.tomcat.util.digester.Digester   :   Fire begin() for SetNextRule[methodName=addAttribute, paramType=org.apache.tomcat.util.modeler.AttributeInfo]
2019-12-06 11:18:40.990 DEBUG 7503 --- [kground-preinit] o.a.tomcat.util.digester.Digester.sax    : endElement(,,attribute)
2019-12-06 11:18:40.990 DEBUG 7503 --- [kground-preinit] o.apache.tomcat.util.digester.Digester   :   match='mbeans-descriptors/mbean/attribute'
2019-12-06 11:18:40.990 DEBUG 7503 --- [kground-preinit] o.apache.tomcat.util.digester.Digester   :   bodyText=''
2019-12-06 11:18:40.991 DEBUG 7503 --- [kground-preinit] o.apache.tomcat.util.digester.Digester   :   Fire body() for ObjectCreateRule[className=org.apache.tomcat.util.modeler.AttributeInfo, attributeName=null]
2019-12-06 11:18:40.991 DEBUG 7503 --- [kground-preinit] o.apache.tomcat.util.digester.Digester   :   Fire body() for SetPropertiesRule[]
2019-12-06 11:18:40.991 DEBUG 7503 --- [kground-preinit] o.apache.tomcat.util.digester.Digester   :   Fire body() for SetNextRule[methodName=addAttribute, paramType=org.apache.tomcat.util.modeler.AttributeInfo]
2019-12-06 11:18:40.991 DEBUG 7503 --- [kground-preinit] o.apache.tomcat.util.digester.Digester   :   Fire end() for SetNextRule[methodName=addAttribute, paramType=org.apache.tomcat.util.modeler.AttributeInfo]
2019-12-06 11:18:40.991 DEBUG 7503 --- [kground-preinit] o.apache.tomcat.util.digester.Digester   : [SetNextRule]{mbeans-descriptors/mbean/attribute} Call org.apache.tomcat.util.modeler.ManagedBean.addAttribute(org.apache.tomcat.util.modeler.AttributeInfo@3748664f)
2019-12-06 11:18:40.991 DEBUG 7503 --- [kground-preinit] o.apache.tomcat.util.IntrospectionUtils  : IntrospectionUtils: callMethod1 org.apache.tomcat.util.modeler.ManagedBean org.apache.tomcat.util.modeler.AttributeInfo org.apache.tomcat.util.modeler.AttributeInfo
2019-12-06 11:18:40.991 DEBUG 7503 --- [kground-preinit] o.apache.tomcat.util.digester.Digester   :   Fire end() for SetPropertiesRule[]
2019-12-06 11:18:40.991 DEBUG 7503 --- [kground-preinit] o.apache.tomcat.util.digester.Digester   :   Fire end() for ObjectCreateRule[className=org.apache.tomcat.util.modeler.AttributeInfo, attributeName=null]
2019-12-06 11:18:40.991 DEBUG 7503 --- [kground-preinit] o.apache.tomcat.util.digester.Digester   : [ObjectCreateRule]{mbeans-descriptors/mbean/attribute} Pop org.apache.tomcat.util.modeler.AttributeInfo
2019-12-06 11:18:40.991 DEBUG 7503 --- [kground-preinit] o.a.tomcat.util.digester.Digester.sax    : characters(

    )
2019-12-06 11:18:40.991 DEBUG 7503 --- [kground-preinit] o.a.tomcat.util.digester.Digester.sax    : startElement(,,attribute)
2019-12-06 11:18:40.992 DEBUG 7503 --- [kground-preinit] o.apache.tomcat.util.digester.Digester   :   New match='mbeans-descriptors/mbean/attribute'
2019-12-06 11:18:40.992 DEBUG 7503 --- [kground-preinit] o.apache.tomcat.util.digester.Digester   :   Fire begin() for ObjectCreateRule[className=org.apache.tomcat.util.modeler.AttributeInfo, attributeName=null]
2019-12-06 11:18:40.992 DEBUG 7503 --- [kground-preinit] o.apache.tomcat.util.digester.Digester   :   Fire begin() for SetPropertiesRule[]
2019-12-06 11:18:40.992 DEBUG 7503 --- [kground-preinit] o.apache.tomcat.util.digester.Digester   : [SetPropertiesRule]{mbeans-descriptors/mbean/attribute} Set org.apache.tomcat.util.modeler.AttributeInfo properties
2019-12-06 11:18:40.992 DEBUG 7503 --- [kground-preinit] o.apache.tomcat.util.digester.Digester   : [SetPropertiesRule]{mbeans-descriptors/mbean/attribute} Setting property 'name' to 'changeSessionIdOnAuthentication'
2019-12-06 11:18:40.992 DEBUG 7503 --- [kground-preinit] o.apache.tomcat.util.IntrospectionUtils  : IntrospectionUtils: setProperty(class org.apache.tomcat.util.modeler.AttributeInfo name=changeSessionIdOnAuthentication)
2019-12-06 11:18:40.992 DEBUG 7503 --- [kground-preinit] o.apache.tomcat.util.digester.Digester   : [SetPropertiesRule]{mbeans-descriptors/mbean/attribute} Setting property 'description' to 'Controls if the session ID is changed if a session exists at the point where users are authenticated'
2019-12-06 11:18:40.992 DEBUG 7503 --- [kground-preinit] o.apache.tomcat.util.IntrospectionUtils  : IntrospectionUtils: setProperty(class org.apache.tomcat.util.modeler.AttributeInfo description=Controls if the session ID is changed if a session exists at the point where users are authenticated)
2019-12-06 11:18:40.992 DEBUG 7503 --- [kground-preinit] o.apache.tomcat.util.digester.Digester   : [SetPropertiesRule]{mbeans-descriptors/mbean/attribute} Setting property 'type' to 'boolean'
2019-12-06 11:18:40.993 DEBUG 7503 --- [kground-preinit] o.apache.tomcat.util.IntrospectionUtils  : IntrospectionUtils: setProperty(class org.apache.tomcat.util.modeler.AttributeInfo type=boolean)
2019-12-06 11:18:40.993 DEBUG 7503 --- [kground-preinit] o.apache.tomcat.util.digester.Digester   :   Fire begin() for SetNextRule[methodName=addAttribute, paramType=org.apache.tomcat.util.modeler.AttributeInfo]
2019-12-06 11:18:40.993 DEBUG 7503 --- [kground-preinit] o.a.tomcat.util.digester.Digester.sax    : endElement(,,attribute)
2019-12-06 11:18:40.993 DEBUG 7503 --- [kground-preinit] o.apache.tomcat.util.digester.Digester   :   match='mbeans-descriptors/mbean/attribute'
2019-12-06 11:18:40.993 DEBUG 7503 --- [kground-preinit] o.apache.tomcat.util.digester.Digester   :   bodyText=''
2019-12-06 11:18:40.993 DEBUG 7503 --- [kground-preinit] o.apache.tomcat.util.digester.Digester   :   Fire body() for ObjectCreateRule[className=org.apache.tomcat.util.modeler.AttributeInfo, attributeName=null]
2019-12-06 11:18:40.993 DEBUG 7503 --- [kground-preinit] o.apache.tomcat.util.digester.Digester   :   Fire body() for SetPropertiesRule[]
2019-12-06 11:18:40.993 DEBUG 7503 --- [kground-preinit] o.apache.tomcat.util.digester.Digester   :   Fire body() for SetNextRule[methodName=addAttribute, paramType=org.apache.tomcat.util.modeler.AttributeInfo]
2019-12-06 11:18:40.993 DEBUG 7503 --- [kground-preinit] o.apache.tomcat.util.digester.Digester   :   Fire end() for SetNextRule[methodName=addAttribute, paramType=org.apache.tomcat.util.modeler.AttributeInfo]
2019-12-06 11:18:40.993 DEBUG 7503 --- [kground-preinit] o.apache.tomcat.util.digester.Digester   : [SetNextRule]{mbeans-descriptors/mbean/attribute} Call org.apache.tomcat.util.modeler.ManagedBean.addAttribute(org.apache.tomcat.util.modeler.AttributeInfo@4f0621d7)
2019-12-06 11:18:40.993 DEBUG 7503 --- [kground-preinit] o.apache.tomcat.util.IntrospectionUtils  : IntrospectionUtils: callMethod1 org.apache.tomcat.util.modeler.ManagedBean org.apache.tomcat.util.modeler.AttributeInfo org.apache.tomcat.util.modeler.AttributeInfo
2019-12-06 11:18:40.994 DEBUG 7503 --- [kground-preinit] o.apache.tomcat.util.digester.Digester   :   Fire end() for SetPropertiesRule[]
2019-12-06 11:18:40.994 DEBUG 7503 --- [kground-preinit] o.apache.tomcat.util.digester.Digester   :   Fire end() for ObjectCreateRule[className=org.apache.tomcat.util.modeler.AttributeInfo, attributeName=null]
2019-12-06 11:18:40.994 DEBUG 7503 --- [kground-preinit] o.apache.tomcat.util.digester.Digester   : [ObjectCreateRule]{mbeans-descriptors/mbean/attribute} Pop org.apache.tomcat.util.modeler.AttributeInfo
2019-12-06 11:18:40.994 DEBUG 7503 --- [kground-preinit] o.a.tomcat.util.digester.Digester.sax    : characters(

    )
2019-12-06 11:18:40.994 DEBUG 7503 --- [kground-preinit] o.a.tomcat.util.digester.Digester.sax    : startElement(,,attribute)
2019-12-06 11:18:40.994 DEBUG 7503 --- [kground-preinit] o.apache.tomcat.util.digester.Digester   :   New match='mbeans-descriptors/mbean/attribute'
2019-12-06 11:18:40.994 DEBUG 7503 --- [kground-preinit] o.apache.tomcat.util.digester.Digester   :   Fire begin() for ObjectCreateRule[className=org.apache.tomcat.util.modeler.AttributeInfo, attributeName=null]
2019-12-06 11:18:40.994 DEBUG 7503 --- [kground-preinit] o.apache.tomcat.util.digester.Digester   :   Fire begin() for SetPropertiesRule[]
2019-12-06 11:18:40.994 DEBUG 7503 --- [kground-preinit] o.apache.tomcat.util.digester.Digester   : [SetPropertiesRule]{mbeans-descriptors/mbean/attribute} Set org.apache.tomcat.util.modeler.AttributeInfo properties
2019-12-06 11:18:40.994 DEBUG 7503 --- [kground-preinit] o.apache.tomcat.util.digester.Digester   : [SetPropertiesRule]{mbeans-descriptors/mbean/attribute} Setting property 'name' to 'className'
2019-12-06 11:18:40.995 DEBUG 7503 --- [kground-preinit] o.apache.tomcat.util.IntrospectionUtils  : IntrospectionUtils: setProperty(class org.apache.tomcat.util.modeler.AttributeInfo name=className)
2019-12-06 11:18:40.995 DEBUG 7503 --- [kground-preinit] o.apache.tomcat.util.digester.Digester   : [SetPropertiesRule]{mbeans-descriptors/mbean/attribute} Setting property 'description' to 'Fully qualified class name of the managed object'
2019-12-06 11:18:40.995 DEBUG 7503 --- [kground-preinit] o.apache.tomcat.util.IntrospectionUtils  : IntrospectionUtils: setProperty(class org.apache.tomcat.util.modeler.AttributeInfo description=Fully qualified class name of the managed object)
2019-12-06 11:18:40.995 DEBUG 7503 --- [kground-preinit] o.apache.tomcat.util.digester.Digester   : [SetPropertiesRule]{mbeans-descriptors/mbean/attribute} Setting property 'type' to 'java.lang.String'
2019-12-06 11:18:40.995 DEBUG 7503 --- [kground-preinit] o.apache.tomcat.util.IntrospectionUtils  : IntrospectionUtils: setProperty(class org.apache.tomcat.util.modeler.AttributeInfo type=java.lang.String)
2019-12-06 11:18:40.995 DEBUG 7503 --- [kground-preinit] o.apache.tomcat.util.digester.Digester   : [SetPropertiesRule]{mbeans-descriptors/mbean/attribute} Setting property 'writeable' to 'false'
2019-12-06 11:18:40.995 DEBUG 7503 --- [kground-preinit] o.apache.tomcat.util.IntrospectionUtils  : IntrospectionUtils: setProperty(class org.apache.tomcat.util.modeler.AttributeInfo writeable=false)
2019-12-06 11:18:40.995 DEBUG 7503 --- [kground-preinit] o.apache.tomcat.util.digester.Digester   :   Fire begin() for SetNextRule[methodName=addAttribute, paramType=org.apache.tomcat.util.modeler.AttributeInfo]
2019-12-06 11:18:40.995 DEBUG 7503 --- [kground-preinit] o.a.tomcat.util.digester.Digester.sax    : endElement(,,attribute)
2019-12-06 11:18:40.995 DEBUG 7503 --- [kground-preinit] o.apache.tomcat.util.digester.Digester   :   match='mbeans-descriptors/mbean/attribute'
2019-12-06 11:18:40.996 DEBUG 7503 --- [kground-preinit] o.apache.tomcat.util.digester.Digester   :   bodyText=''
2019-12-06 11:18:40.996 DEBUG 7503 --- [kground-preinit] o.apache.tomcat.util.digester.Digester   :   Fire body() for ObjectCreateRule[className=org.apache.tomcat.util.modeler.AttributeInfo, attributeName=null]
2019-12-06 11:18:40.996 DEBUG 7503 --- [kground-preinit] o.apache.tomcat.util.digester.Digester   :   Fire body() for SetPropertiesRule[]
2019-12-06 11:18:40.996 DEBUG 7503 --- [kground-preinit] o.apache.tomcat.util.digester.Digester   :   Fire body() for SetNextRule[methodName=addAttribute, paramType=org.apache.tomcat.util.modeler.AttributeInfo]
2019-12-06 11:18:40.996 DEBUG 7503 --- [kground-preinit] o.apache.tomcat.util.digester.Digester   :   Fire end() for SetNextRule[methodName=addAttribute, paramType=org.apache.tomcat.util.modeler.AttributeInfo]
2019-12-06 11:18:40.996 DEBUG 7503 --- [kground-preinit] o.apache.tomcat.util.digester.Digester   : [SetNextRule]{mbeans-descriptors/mbean/attribute} Call org.apache.tomcat.util.modeler.ManagedBean.addAttribute(org.apache.tomcat.util.modeler.AttributeInfo@450ea7f7)
2019-12-06 11:18:40.996 DEBUG 7503 --- [kground-preinit] o.apache.tomcat.util.IntrospectionUtils  : IntrospectionUtils: callMethod1 org.apache.tomcat.util.modeler.ManagedBean org.apache.tomcat.util.modeler.AttributeInfo org.apache.tomcat.util.modeler.AttributeInfo
2019-12-06 11:18:40.996 DEBUG 7503 --- [kground-preinit] o.apache.tomcat.util.digester.Digester   :   Fire end() for SetPropertiesRule[]
2019-12-06 11:18:40.996 DEBUG 7503 --- [kground-preinit] o.apache.tomcat.util.digester.Digester   :   Fire end() for ObjectCreateRule[className=org.apache.tomcat.util.modeler.AttributeInfo, attributeName=null]
2019-12-06 11:18:40.996 DEBUG 7503 --- [kground-preinit] o.apache.tomcat.util.digester.Digester   : [ObjectCreateRule]{mbeans-descriptors/mbean/attribute} Pop org.apache.tomcat.util.modeler.AttributeInfo
2019-12-06 11:18:40.996 DEBUG 7503 --- [kground-preinit] o.a.tomcat.util.digester.Digester.sax    : characters(

    )
2019-12-06 11:18:40.997 DEBUG 7503 --- [kground-preinit] o.a.tomcat.util.digester.Digester.sax    : startElement(,,attribute)
2019-12-06 11:18:40.997 DEBUG 7503 --- [kground-preinit] o.apache.tomcat.util.digester.Digester   :   New match='mbeans-descriptors/mbean/attribute'
2019-12-06 11:18:40.997 DEBUG 7503 --- [kground-preinit] o.apache.tomcat.util.digester.Digester   :   Fire begin() for ObjectCreateRule[className=org.apache.tomcat.util.modeler.AttributeInfo, attributeName=null]
2019-12-06 11:18:40.997 DEBUG 7503 --- [kground-preinit] o.apache.tomcat.util.digester.Digester   :   Fire begin() for SetPropertiesRule[]
2019-12-06 11:18:40.997 DEBUG 7503 --- [kground-preinit] o.apache.tomcat.util.digester.Digester   : [SetPropertiesRule]{mbeans-descriptors/mbean/attribute} Set org.apache.tomcat.util.modeler.AttributeInfo properties
2019-12-06 11:18:40.997 DEBUG 7503 --- [kground-preinit] o.apache.tomcat.util.digester.Digester   : [SetPropertiesRule]{mbeans-descriptors/mbean/attribute} Setting property 'name' to 'disableProxyCaching'
2019-12-06 11:18:40.997 DEBUG 7503 --- [kground-preinit] o.apache.tomcat.util.IntrospectionUtils  : IntrospectionUtils: setProperty(class org.apache.tomcat.util.modeler.AttributeInfo name=disableProxyCaching)
2019-12-06 11:18:40.997 DEBUG 7503 --- [kground-preinit] o.apache.tomcat.util.digester.Digester   : [SetPropertiesRule]{mbeans-descriptors/mbean/attribute} Setting property 'description' to 'Controls the caching of pages that are protected by security constraints'
2019-12-06 11:18:40.997 DEBUG 7503 --- [kground-preinit] o.apache.tomcat.util.IntrospectionUtils  : IntrospectionUtils: setProperty(class org.apache.tomcat.util.modeler.AttributeInfo description=Controls the caching of pages that are protected by security constraints)
2019-12-06 11:18:40.997 DEBUG 7503 --- [kground-preinit] o.apache.tomcat.util.digester.Digester   : [SetPropertiesRule]{mbeans-descriptors/mbean/attribute} Setting property 'type' to 'boolean'
2019-12-06 11:18:40.997 DEBUG 7503 --- [kground-preinit] o.apache.tomcat.util.IntrospectionUtils  : IntrospectionUtils: setProperty(class org.apache.tomcat.util.modeler.AttributeInfo type=boolean)
2019-12-06 11:18:40.997 DEBUG 7503 --- [kground-preinit] o.apache.tomcat.util.digester.Digester   :   Fire begin() for SetNextRule[methodName=addAttribute, paramType=org.apache.tomcat.util.modeler.AttributeInfo]
2019-12-06 11:18:40.998 DEBUG 7503 --- [kground-preinit] o.a.tomcat.util.digester.Digester.sax    : endElement(,,attribute)
2019-12-06 11:18:40.998 DEBUG 7503 --- [kground-preinit] o.apache.tomcat.util.digester.Digester   :   match='mbeans-descriptors/mbean/attribute'
2019-12-06 11:18:40.998 DEBUG 7503 --- [kground-preinit] o.apache.tomcat.util.digester.Digester   :   bodyText=''
2019-12-06 11:18:40.998 DEBUG 7503 --- [kground-preinit] o.apache.tomcat.util.digester.Digester   :   Fire body() for ObjectCreateRule[className=org.apache.tomcat.util.modeler.AttributeInfo, attributeName=null]
2019-12-06 11:18:40.998 DEBUG 7503 --- [kground-preinit] o.apache.tomcat.util.digester.Digester   :   Fire body() for SetPropertiesRule[]
2019-12-06 11:18:40.998 DEBUG 7503 --- [kground-preinit] o.apache.tomcat.util.digester.Digester   :   Fire body() for SetNextRule[methodName=addAttribute, paramType=org.apache.tomcat.util.modeler.AttributeInfo]
2019-12-06 11:18:40.998 DEBUG 7503 --- [kground-preinit] o.apache.tomcat.util.digester.Digester   :   Fire end() for SetNextRule[methodName=addAttribute, paramType=org.apache.tomcat.util.modeler.AttributeInfo]
2019-12-06 11:18:40.998 DEBUG 7503 --- [kground-preinit] o.apache.tomcat.util.digester.Digester   : [SetNextRule]{mbeans-descriptors/mbean/attribute} Call org.apache.tomcat.util.modeler.ManagedBean.addAttribute(org.apache.tomcat.util.modeler.AttributeInfo@69291b81)
2019-12-06 11:18:40.998 DEBUG 7503 --- [kground-preinit] o.apache.tomcat.util.IntrospectionUtils  : IntrospectionUtils: callMethod1 org.apache.tomcat.util.modeler.ManagedBean org.apache.tomcat.util.modeler.AttributeInfo org.apache.tomcat.util.modeler.AttributeInfo
2019-12-06 11:18:40.998 DEBUG 7503 --- [kground-preinit] o.apache.tomcat.util.digester.Digester   :   Fire end() for SetPropertiesRule[]
2019-12-06 11:18:40.998 DEBUG 7503 --- [kground-preinit] o.apache.tomcat.util.digester.Digester   :   Fire end() for ObjectCreateRule[className=org.apache.tomcat.util.modeler.AttributeInfo, attributeName=null]
2019-12-06 11:18:40.998 DEBUG 7503 --- [kground-preinit] o.apache.tomcat.util.digester.Digester   : [ObjectCreateRule]{mbeans-descriptors/mbean/attribute} Pop org.apache.tomcat.util.modeler.AttributeInfo
2019-12-06 11:18:40.999 DEBUG 7503 --- [kground-preinit] o.a.tomcat.util.digester.Digester.sax    : characters(

    )
2019-12-06 11:18:40.999 DEBUG 7503 --- [kground-preinit] o.a.tomcat.util.digester.Digester.sax    : startElement(,,attribute)
2019-12-06 11:18:40.999 DEBUG 7503 --- [kground-preinit] o.apache.tomcat.util.digester.Digester   :   New match='mbeans-descriptors/mbean/attribute'
2019-12-06 11:18:40.999 DEBUG 7503 --- [kground-preinit] o.apache.tomcat.util.digester.Digester   :   Fire begin() for ObjectCreateRule[className=org.apache.tomcat.util.modeler.AttributeInfo, attributeName=null]
2019-12-06 11:18:40.999 DEBUG 7503 --- [kground-preinit] o.apache.tomcat.util.digester.Digester   :   Fire begin() for SetPropertiesRule[]
2019-12-06 11:18:40.999 DEBUG 7503 --- [kground-preinit] o.apache.tomcat.util.digester.Digester   : [SetPropertiesRule]{mbeans-descriptors/mbean/attribute} Set org.apache.tomcat.util.modeler.AttributeInfo properties
2019-12-06 11:18:40.999 DEBUG 7503 --- [kground-preinit] o.apache.tomcat.util.digester.Digester   : [SetPropertiesRule]{mbeans-descriptors/mbean/attribute} Setting property 'name' to 'securePagesWithPragma'
2019-12-06 11:18:40.999 DEBUG 7503 --- [kground-preinit] o.apache.tomcat.util.IntrospectionUtils  : IntrospectionUtils: setProperty(class org.apache.tomcat.util.modeler.AttributeInfo name=securePagesWithPragma)
2019-12-06 11:18:40.999 DEBUG 7503 --- [kground-preinit] o.apache.tomcat.util.digester.Digester   : [SetPropertiesRule]{mbeans-descriptors/mbean/attribute} Setting property 'description' to 'Controls the caching of pages that are protected by security constraints'
2019-12-06 11:18:41.000 DEBUG 7503 --- [kground-preinit] o.apache.tomcat.util.IntrospectionUtils  : IntrospectionUtils: setProperty(class org.apache.tomcat.util.modeler.AttributeInfo description=Controls the caching of pages that are protected by security constraints)
2019-12-06 11:18:41.000 DEBUG 7503 --- [kground-preinit] o.apache.tomcat.util.digester.Digester   : [SetPropertiesRule]{mbeans-descriptors/mbean/attribute} Setting property 'type' to 'boolean'
2019-12-06 11:18:41.000 DEBUG 7503 --- [kground-preinit] o.apache.tomcat.util.IntrospectionUtils  : IntrospectionUtils: setProperty(class org.apache.tomcat.util.modeler.AttributeInfo type=boolean)
2019-12-06 11:18:41.000 DEBUG 7503 --- [kground-preinit] o.apache.tomcat.util.digester.Digester   :   Fire begin() for SetNextRule[methodName=addAttribute, paramType=org.apache.tomcat.util.modeler.AttributeInfo]
2019-12-06 11:18:41.000 DEBUG 7503 --- [kground-preinit] o.a.tomcat.util.digester.Digester.sax    : endElement(,,attribute)
2019-12-06 11:18:41.000 DEBUG 7503 --- [kground-preinit] o.apache.tomcat.util.digester.Digester   :   match='mbeans-descriptors/mbean/attribute'
2019-12-06 11:18:41.000 DEBUG 7503 --- [kground-preinit] o.apache.tomcat.util.digester.Digester   :   bodyText=''
2019-12-06 11:18:41.000 DEBUG 7503 --- [kground-preinit] o.apache.tomcat.util.digester.Digester   :   Fire body() for ObjectCreateRule[className=org.apache.tomcat.util.modeler.AttributeInfo, attributeName=null]
2019-12-06 11:18:41.000 DEBUG 7503 --- [kground-preinit] o.apache.tomcat.util.digester.Digester   :   Fire body() for SetPropertiesRule[]
2019-12-06 11:18:41.000 DEBUG 7503 --- [kground-preinit] o.apache.tomcat.util.digester.Digester   :   Fire body() for SetNextRule[methodName=addAttribute, paramType=org.apache.tomcat.util.modeler.AttributeInfo]
2019-12-06 11:18:41.000 DEBUG 7503 --- [kground-preinit] o.apache.tomcat.util.digester.Digester   :   Fire end() for SetNextRule[methodName=addAttribute, paramType=org.apache.tomcat.util.modeler.AttributeInfo]
2019-12-06 11:18:41.000 DEBUG 7503 --- [kground-preinit] o.apache.tomcat.util.digester.Digester   : [SetNextRule]{mbeans-descriptors/mbean/attribute} Call org.apache.tomcat.util.modeler.ManagedBean.addAttribute(org.apache.tomcat.util.modeler.AttributeInfo@1d2772f5)
2019-12-06 11:18:41.001 DEBUG 7503 --- [kground-preinit] o.apache.tomcat.util.IntrospectionUtils  : IntrospectionUtils: callMethod1 org.apache.tomcat.util.modeler.ManagedBean org.apache.tomcat.util.modeler.AttributeInfo org.apache.tomcat.util.modeler.AttributeInfo
2019-12-06 11:18:41.001 DEBUG 7503 --- [kground-preinit] o.apache.tomcat.util.digester.Digester   :   Fire end() for SetPropertiesRule[]
2019-12-06 11:18:41.001 DEBUG 7503 --- [kground-preinit] o.apache.tomcat.util.digester.Digester   :   Fire end() for ObjectCreateRule[className=org.apache.tomcat.util.modeler.AttributeInfo, attributeName=null]
2019-12-06 11:18:41.001 DEBUG 7503 --- [kground-preinit] o.apache.tomcat.util.digester.Digester   : [ObjectCreateRule]{mbeans-descriptors/mbean/attribute} Pop org.apache.tomcat.util.modeler.AttributeInfo
2019-12-06 11:18:41.001 DEBUG 7503 --- [kground-preinit] o.a.tomcat.util.digester.Digester.sax    : characters(

    )
2019-12-06 11:18:41.001 DEBUG 7503 --- [kground-preinit] o.a.tomcat.util.digester.Digester.sax    : startElement(,,attribute)
2019-12-06 11:18:41.001 DEBUG 7503 --- [kground-preinit] o.apache.tomcat.util.digester.Digester   :   New match='mbeans-descriptors/mbean/attribute'
2019-12-06 11:18:41.001 DEBUG 7503 --- [kground-preinit] o.apache.tomcat.util.digester.Digester   :   Fire begin() for ObjectCreateRule[className=org.apache.tomcat.util.modeler.AttributeInfo, attributeName=null]
2019-12-06 11:18:41.002 DEBUG 7503 --- [kground-preinit] o.apache.tomcat.util.digester.Digester   :   Fire begin() for SetPropertiesRule[]
2019-12-06 11:18:41.002 DEBUG 7503 --- [kground-preinit] o.apache.tomcat.util.digester.Digester   : [SetPropertiesRule]{mbeans-descriptors/mbean/attribute} Set org.apache.tomcat.util.modeler.AttributeInfo properties
2019-12-06 11:18:41.002 DEBUG 7503 --- [kground-preinit] o.apache.tomcat.util.digester.Digester   : [SetPropertiesRule]{mbeans-descriptors/mbean/attribute} Setting property 'name' to 'secureRandomAlgorithm'
2019-12-06 11:18:41.002 DEBUG 7503 --- [kground-preinit] o.apache.tomcat.util.IntrospectionUtils  : IntrospectionUtils: setProperty(class org.apache.tomcat.util.modeler.AttributeInfo name=secureRandomAlgorithm)
2019-12-06 11:18:41.002 DEBUG 7503 --- [kground-preinit] o.apache.tomcat.util.digester.Digester   : [SetPropertiesRule]{mbeans-descriptors/mbean/attribute} Setting property 'description' to 'The name of the algorithm to use for SSO session ID generation'
2019-12-06 11:18:41.002 DEBUG 7503 --- [kground-preinit] o.apache.tomcat.util.IntrospectionUtils  : IntrospectionUtils: setProperty(class org.apache.tomcat.util.modeler.AttributeInfo description=The name of the algorithm to use for SSO session ID generation)
2019-12-06 11:18:41.002 DEBUG 7503 --- [kground-preinit] o.apache.tomcat.util.digester.Digester   : [SetPropertiesRule]{mbeans-descriptors/mbean/attribute} Setting property 'type' to 'java.lang.String'
2019-12-06 11:18:41.002 DEBUG 7503 --- [kground-preinit] o.apache.tomcat.util.IntrospectionUtils  : IntrospectionUtils: setProperty(class org.apache.tomcat.util.modeler.AttributeInfo type=java.lang.String)
2019-12-06 11:18:41.003 DEBUG 7503 --- [kground-preinit] o.apache.tomcat.util.digester.Digester   :   Fire begin() for SetNextRule[methodName=addAttribute, paramType=org.apache.tomcat.util.modeler.AttributeInfo]
2019-12-06 11:18:41.003 DEBUG 7503 --- [kground-preinit] o.a.tomcat.util.digester.Digester.sax    : endElement(,,attribute)
2019-12-06 11:18:41.003 DEBUG 7503 --- [kground-preinit] o.apache.tomcat.util.digester.Digester   :   match='mbeans-descriptors/mbean/attribute'
2019-12-06 11:18:41.003 DEBUG 7503 --- [kground-preinit] o.apache.tomcat.util.digester.Digester   :   bodyText=''
2019-12-06 11:18:41.003 DEBUG 7503 --- [kground-preinit] o.apache.tomcat.util.digester.Digester   :   Fire body() for ObjectCreateRule[className=org.apache.tomcat.util.modeler.AttributeInfo, attributeName=null]
2019-12-06 11:18:41.003 DEBUG 7503 --- [kground-preinit] o.apache.tomcat.util.digester.Digester   :   Fire body() for SetPropertiesRule[]
2019-12-06 11:18:41.004 DEBUG 7503 --- [kground-preinit] o.apache.tomcat.util.digester.Digester   :   Fire body() for SetNextRule[methodName=addAttribute, paramType=org.apache.tomcat.util.modeler.AttributeInfo]
2019-12-06 11:18:41.004 DEBUG 7503 --- [kground-preinit] o.apache.tomcat.util.digester.Digester   :   Fire end() for SetNextRule[methodName=addAttribute, paramType=org.apache.tomcat.util.modeler.AttributeInfo]
2019-12-06 11:18:41.004 DEBUG 7503 --- [kground-preinit] o.apache.tomcat.util.digester.Digester   : [SetNextRule]{mbeans-descriptors/mbean/attribute} Call org.apache.tomcat.util.modeler.ManagedBean.addAttribute(org.apache.tomcat.util.modeler.AttributeInfo@6351e01f)
2019-12-06 11:18:41.004 DEBUG 7503 --- [kground-preinit] o.apache.tomcat.util.IntrospectionUtils  : IntrospectionUtils: callMethod1 org.apache.tomcat.util.modeler.ManagedBean org.apache.tomcat.util.modeler.AttributeInfo org.apache.tomcat.util.modeler.AttributeInfo
2019-12-06 11:18:41.004 DEBUG 7503 --- [kground-preinit] o.apache.tomcat.util.digester.Digester   :   Fire end() for SetPropertiesRule[]
2019-12-06 11:18:41.005 DEBUG 7503 --- [kground-preinit] o.apache.tomcat.util.digester.Digester   :   Fire end() for ObjectCreateRule[className=org.apache.tomcat.util.modeler.AttributeInfo, attributeName=null]
2019-12-06 11:18:41.005 DEBUG 7503 --- [kground-preinit] o.apache.tomcat.util.digester.Digester   : [ObjectCreateRule]{mbeans-descriptors/mbean/attribute} Pop org.apache.tomcat.util.modeler.AttributeInfo
2019-12-06 11:18:41.005 DEBUG 7503 --- [kground-preinit] o.a.tomcat.util.digester.Digester.sax    : characters(

    )
2019-12-06 11:18:41.005 DEBUG 7503 --- [kground-preinit] o.a.tomcat.util.digester.Digester.sax    : startElement(,,attribute)
2019-12-06 11:18:41.005 DEBUG 7503 --- [kground-preinit] o.apache.tomcat.util.digester.Digester   :   New match='mbeans-descriptors/mbean/attribute'
2019-12-06 11:18:41.005 DEBUG 7503 --- [kground-preinit] o.apache.tomcat.util.digester.Digester   :   Fire begin() for ObjectCreateRule[className=org.apache.tomcat.util.modeler.AttributeInfo, attributeName=null]
2019-12-06 11:18:41.005 DEBUG 7503 --- [kground-preinit] o.apache.tomcat.util.digester.Digester   :   Fire begin() for SetPropertiesRule[]
2019-12-06 11:18:41.006 DEBUG 7503 --- [kground-preinit] o.apache.tomcat.util.digester.Digester   : [SetPropertiesRule]{mbeans-descriptors/mbean/attribute} Set org.apache.tomcat.util.modeler.AttributeInfo properties
2019-12-06 11:18:41.006 DEBUG 7503 --- [kground-preinit] o.apache.tomcat.util.digester.Digester   : [SetPropertiesRule]{mbeans-descriptors/mbean/attribute} Setting property 'name' to 'secureRandomClass'
2019-12-06 11:18:41.006 DEBUG 7503 --- [kground-preinit] o.apache.tomcat.util.IntrospectionUtils  : IntrospectionUtils: setProperty(class org.apache.tomcat.util.modeler.AttributeInfo name=secureRandomClass)
2019-12-06 11:18:41.006 DEBUG 7503 --- [kground-preinit] o.apache.tomcat.util.digester.Digester   : [SetPropertiesRule]{mbeans-descriptors/mbean/attribute} Setting property 'description' to 'The name of the class to use for SSO session ID generation'
2019-12-06 11:18:41.006 DEBUG 7503 --- [kground-preinit] o.apache.tomcat.util.IntrospectionUtils  : IntrospectionUtils: setProperty(class org.apache.tomcat.util.modeler.AttributeInfo description=The name of the class to use for SSO session ID generation)
2019-12-06 11:18:41.006 DEBUG 7503 --- [kground-preinit] o.apache.tomcat.util.digester.Digester   : [SetPropertiesRule]{mbeans-descriptors/mbean/attribute} Setting property 'type' to 'java.lang.String'
2019-12-06 11:18:41.006 DEBUG 7503 --- [kground-preinit] o.apache.tomcat.util.IntrospectionUtils  : IntrospectionUtils: setProperty(class org.apache.tomcat.util.modeler.AttributeInfo type=java.lang.String)
2019-12-06 11:18:41.006 DEBUG 7503 --- [kground-preinit] o.apache.tomcat.util.digester.Digester   :   Fire begin() for SetNextRule[methodName=addAttribute, paramType=org.apache.tomcat.util.modeler.AttributeInfo]
2019-12-06 11:18:41.006 DEBUG 7503 --- [kground-preinit] o.a.tomcat.util.digester.Digester.sax    : endElement(,,attribute)
2019-12-06 11:18:41.006 DEBUG 7503 --- [kground-preinit] o.apache.tomcat.util.digester.Digester   :   match='mbeans-descriptors/mbean/attribute'
2019-12-06 11:18:41.007 DEBUG 7503 --- [kground-preinit] o.apache.tomcat.util.digester.Digester   :   bodyText=''
2019-12-06 11:18:41.007 DEBUG 7503 --- [kground-preinit] o.apache.tomcat.util.digester.Digester   :   Fire body() for ObjectCreateRule[className=org.apache.tomcat.util.modeler.AttributeInfo, attributeName=null]
2019-12-06 11:18:41.007 DEBUG 7503 --- [kground-preinit] o.apache.tomcat.util.digester.Digester   :   Fire body() for SetPropertiesRule[]
2019-12-06 11:18:41.007 DEBUG 7503 --- [kground-preinit] o.apache.tomcat.util.digester.Digester   :   Fire body() for SetNextRule[methodName=addAttribute, paramType=org.apache.tomcat.util.modeler.AttributeInfo]
2019-12-06 11:18:41.007 DEBUG 7503 --- [kground-preinit] o.apache.tomcat.util.digester.Digester   :   Fire end() for SetNextRule[methodName=addAttribute, paramType=org.apache.tomcat.util.modeler.AttributeInfo]
2019-12-06 11:18:41.007 DEBUG 7503 --- [kground-preinit] o.apache.tomcat.util.digester.Digester   : [SetNextRule]{mbeans-descriptors/mbean/attribute} Call org.apache.tomcat.util.modeler.ManagedBean.addAttribute(org.apache.tomcat.util.modeler.AttributeInfo@5350c29d)
2019-12-06 11:18:41.007 DEBUG 7503 --- [kground-preinit] o.apache.tomcat.util.IntrospectionUtils  : IntrospectionUtils: callMethod1 org.apache.tomcat.util.modeler.ManagedBean org.apache.tomcat.util.modeler.AttributeInfo org.apache.tomcat.util.modeler.AttributeInfo
2019-12-06 11:18:41.008 DEBUG 7503 --- [kground-preinit] o.apache.tomcat.util.digester.Digester   :   Fire end() for SetPropertiesRule[]
2019-12-06 11:18:41.008 DEBUG 7503 --- [kground-preinit] o.apache.tomcat.util.digester.Digester   :   Fire end() for ObjectCreateRule[className=org.apache.tomcat.util.modeler.AttributeInfo, attributeName=null]
2019-12-06 11:18:41.008 DEBUG 7503 --- [kground-preinit] o.apache.tomcat.util.digester.Digester   : [ObjectCreateRule]{mbeans-descriptors/mbean/attribute} Pop org.apache.tomcat.util.modeler.AttributeInfo
2019-12-06 11:18:41.008 DEBUG 7503 --- [kground-preinit] o.a.tomcat.util.digester.Digester.sax    : characters(

    )
2019-12-06 11:18:41.008 DEBUG 7503 --- [kground-preinit] o.a.tomcat.util.digester.Digester.sax    : startElement(,,attribute)
2019-12-06 11:18:41.009 DEBUG 7503 --- [kground-preinit] o.apache.tomcat.util.digester.Digester   :   New match='mbeans-descriptors/mbean/attribute'
2019-12-06 11:18:41.009 DEBUG 7503 --- [kground-preinit] o.apache.tomcat.util.digester.Digester   :   Fire begin() for ObjectCreateRule[className=org.apache.tomcat.util.modeler.AttributeInfo, attributeName=null]
2019-12-06 11:18:41.009 DEBUG 7503 --- [kground-preinit] o.apache.tomcat.util.digester.Digester   :   Fire begin() for SetPropertiesRule[]
2019-12-06 11:18:41.009 DEBUG 7503 --- [kground-preinit] o.apache.tomcat.util.digester.Digester   : [SetPropertiesRule]{mbeans-descriptors/mbean/attribute} Set org.apache.tomcat.util.modeler.AttributeInfo properties
2019-12-06 11:18:41.009 DEBUG 7503 --- [kground-preinit] o.apache.tomcat.util.digester.Digester   : [SetPropertiesRule]{mbeans-descriptors/mbean/attribute} Setting property 'name' to 'secureRandomProvider'
2019-12-06 11:18:41.009 DEBUG 7503 --- [kground-preinit] o.apache.tomcat.util.IntrospectionUtils  : IntrospectionUtils: setProperty(class org.apache.tomcat.util.modeler.AttributeInfo name=secureRandomProvider)
2019-12-06 11:18:41.009 DEBUG 7503 --- [kground-preinit] o.apache.tomcat.util.digester.Digester   : [SetPropertiesRule]{mbeans-descriptors/mbean/attribute} Setting property 'description' to 'The name of the provider to use for SSO session ID generation'
2019-12-06 11:18:41.010 DEBUG 7503 --- [kground-preinit] o.apache.tomcat.util.IntrospectionUtils  : IntrospectionUtils: setProperty(class org.apache.tomcat.util.modeler.AttributeInfo description=The name of the provider to use for SSO session ID generation)
2019-12-06 11:18:41.010 DEBUG 7503 --- [kground-preinit] o.apache.tomcat.util.digester.Digester   : [SetPropertiesRule]{mbeans-descriptors/mbean/attribute} Setting property 'type' to 'java.lang.String'
2019-12-06 11:18:41.010 DEBUG 7503 --- [kground-preinit] o.apache.tomcat.util.IntrospectionUtils  : IntrospectionUtils: setProperty(class org.apache.tomcat.util.modeler.AttributeInfo type=java.lang.String)
2019-12-06 11:18:41.010 DEBUG 7503 --- [kground-preinit] o.apache.tomcat.util.digester.Digester   :   Fire begin() for SetNextRule[methodName=addAttribute, paramType=org.apache.tomcat.util.modeler.AttributeInfo]
2019-12-06 11:18:41.010 DEBUG 7503 --- [kground-preinit] o.a.tomcat.util.digester.Digester.sax    : endElement(,,attribute)
2019-12-06 11:18:41.010 DEBUG 7503 --- [kground-preinit] o.apache.tomcat.util.digester.Digester   :   match='mbeans-descriptors/mbean/attribute'
2019-12-06 11:18:41.010 DEBUG 7503 --- [kground-preinit] o.apache.tomcat.util.digester.Digester   :   bodyText=''
2019-12-06 11:18:41.010 DEBUG 7503 --- [kground-preinit] o.apache.tomcat.util.digester.Digester   :   Fire body() for ObjectCreateRule[className=org.apache.tomcat.util.modeler.AttributeInfo, attributeName=null]
2019-12-06 11:18:41.010 DEBUG 7503 --- [kground-preinit] o.apache.tomcat.util.digester.Digester   :   Fire body() for SetPropertiesRule[]
2019-12-06 11:18:41.010 DEBUG 7503 --- [kground-preinit] o.apache.tomcat.util.digester.Digester   :   Fire body() for SetNextRule[methodName=addAttribute, paramType=org.apache.tomcat.util.modeler.AttributeInfo]
2019-12-06 11:18:41.011 DEBUG 7503 --- [kground-preinit] o.apache.tomcat.util.digester.Digester   :   Fire end() for SetNextRule[methodName=addAttribute, paramType=org.apache.tomcat.util.modeler.AttributeInfo]
2019-12-06 11:18:41.012 DEBUG 7503 --- [kground-preinit] o.apache.tomcat.util.digester.Digester   : [SetNextRule]{mbeans-descriptors/mbean/attribute} Call org.apache.tomcat.util.modeler.ManagedBean.addAttribute(org.apache.tomcat.util.modeler.AttributeInfo@72842e65)
2019-12-06 11:18:41.012 DEBUG 7503 --- [kground-preinit] o.apache.tomcat.util.IntrospectionUtils  : IntrospectionUtils: callMethod1 org.apache.tomcat.util.modeler.ManagedBean org.apache.tomcat.util.modeler.AttributeInfo org.apache.tomcat.util.modeler.AttributeInfo
2019-12-06 11:18:41.012 DEBUG 7503 --- [kground-preinit] o.apache.tomcat.util.digester.Digester   :   Fire end() for SetPropertiesRule[]
2019-12-06 11:18:41.012 DEBUG 7503 --- [kground-preinit] o.apache.tomcat.util.digester.Digester   :   Fire end() for ObjectCreateRule[className=org.apache.tomcat.util.modeler.AttributeInfo, attributeName=null]
2019-12-06 11:18:41.013 DEBUG 7503 --- [kground-preinit] o.apache.tomcat.util.digester.Digester   : [ObjectCreateRule]{mbeans-descriptors/mbean/attribute} Pop org.apache.tomcat.util.modeler.AttributeInfo
2019-12-06 11:18:41.013 DEBUG 7503 --- [kground-preinit] o.a.tomcat.util.digester.Digester.sax    : characters(

    )
2019-12-06 11:18:41.013 DEBUG 7503 --- [kground-preinit] o.a.tomcat.util.digester.Digester.sax    : startElement(,,attribute)
2019-12-06 11:18:41.013 DEBUG 7503 --- [kground-preinit] o.apache.tomcat.util.digester.Digester   :   New match='mbeans-descriptors/mbean/attribute'
2019-12-06 11:18:41.013 DEBUG 7503 --- [kground-preinit] o.apache.tomcat.util.digester.Digester   :   Fire begin() for ObjectCreateRule[className=org.apache.tomcat.util.modeler.AttributeInfo, attributeName=null]
2019-12-06 11:18:41.013 DEBUG 7503 --- [kground-preinit] o.apache.tomcat.util.digester.Digester   :   Fire begin() for SetPropertiesRule[]
2019-12-06 11:18:41.013 DEBUG 7503 --- [kground-preinit] o.apache.tomcat.util.digester.Digester   : [SetPropertiesRule]{mbeans-descriptors/mbean/attribute} Set org.apache.tomcat.util.modeler.AttributeInfo properties
2019-12-06 11:18:41.013 DEBUG 7503 --- [kground-preinit] o.apache.tomcat.util.digester.Digester   : [SetPropertiesRule]{mbeans-descriptors/mbean/attribute} Setting property 'name' to 'stateName'
2019-12-06 11:18:41.014 DEBUG 7503 --- [kground-preinit] o.apache.tomcat.util.IntrospectionUtils  : IntrospectionUtils: setProperty(class org.apache.tomcat.util.modeler.AttributeInfo name=stateName)
2019-12-06 11:18:41.014 DEBUG 7503 --- [kground-preinit] o.apache.tomcat.util.digester.Digester   : [SetPropertiesRule]{mbeans-descriptors/mbean/attribute} Setting property 'description' to 'The name of the LifecycleState that this component is currently in'
2019-12-06 11:18:41.014 DEBUG 7503 --- [kground-preinit] o.apache.tomcat.util.IntrospectionUtils  : IntrospectionUtils: setProperty(class org.apache.tomcat.util.modeler.AttributeInfo description=The name of the LifecycleState that this component is currently in)
2019-12-06 11:18:41.014 DEBUG 7503 --- [kground-preinit] o.apache.tomcat.util.digester.Digester   : [SetPropertiesRule]{mbeans-descriptors/mbean/attribute} Setting property 'type' to 'java.lang.String'
2019-12-06 11:18:41.014 DEBUG 7503 --- [kground-preinit] o.apache.tomcat.util.IntrospectionUtils  : IntrospectionUtils: setProperty(class org.apache.tomcat.util.modeler.AttributeInfo type=java.lang.String)
2019-12-06 11:18:41.014 DEBUG 7503 --- [kground-preinit] o.apache.tomcat.util.digester.Digester   : [SetPropertiesRule]{mbeans-descriptors/mbean/attribute} Setting property 'writeable' to 'false'
2019-12-06 11:18:41.014 DEBUG 7503 --- [kground-preinit] o.apache.tomcat.util.IntrospectionUtils  : IntrospectionUtils: setProperty(class org.apache.tomcat.util.modeler.AttributeInfo writeable=false)
2019-12-06 11:18:41.014 DEBUG 7503 --- [kground-preinit] o.apache.tomcat.util.digester.Digester   :   Fire begin() for SetNextRule[methodName=addAttribute, paramType=org.apache.tomcat.util.modeler.AttributeInfo]
2019-12-06 11:18:41.014 DEBUG 7503 --- [kground-preinit] o.a.tomcat.util.digester.Digester.sax    : endElement(,,attribute)
2019-12-06 11:18:41.015 DEBUG 7503 --- [kground-preinit] o.apache.tomcat.util.digester.Digester   :   match='mbeans-descriptors/mbean/attribute'
2019-12-06 11:18:41.015 DEBUG 7503 --- [kground-preinit] o.apache.tomcat.util.digester.Digester   :   bodyText=''
2019-12-06 11:18:41.015 DEBUG 7503 --- [kground-preinit] o.apache.tomcat.util.digester.Digester   :   Fire body() for ObjectCreateRule[className=org.apache.tomcat.util.modeler.AttributeInfo, attributeName=null]
2019-12-06 11:18:41.015 DEBUG 7503 --- [kground-preinit] o.apache.tomcat.util.digester.Digester   :   Fire body() for SetPropertiesRule[]
2019-12-06 11:18:41.015 DEBUG 7503 --- [kground-preinit] o.apache.tomcat.util.digester.Digester   :   Fire body() for SetNextRule[methodName=addAttribute, paramType=org.apache.tomcat.util.modeler.AttributeInfo]
2019-12-06 11:18:41.015 DEBUG 7503 --- [kground-preinit] o.apache.tomcat.util.digester.Digester   :   Fire end() for SetNextRule[methodName=addAttribute, paramType=org.apache.tomcat.util.modeler.AttributeInfo]
2019-12-06 11:18:41.015 DEBUG 7503 --- [kground-preinit] o.apache.tomcat.util.digester.Digester   : [SetNextRule]{mbeans-descriptors/mbean/attribute} Call org.apache.tomcat.util.modeler.ManagedBean.addAttribute(org.apache.tomcat.util.modeler.AttributeInfo@54124a1a)
2019-12-06 11:18:41.015 DEBUG 7503 --- [kground-preinit] o.apache.tomcat.util.IntrospectionUtils  : IntrospectionUtils: callMethod1 org.apache.tomcat.util.modeler.ManagedBean org.apache.tomcat.util.modeler.AttributeInfo org.apache.tomcat.util.modeler.AttributeInfo
2019-12-06 11:18:41.015 DEBUG 7503 --- [kground-preinit] o.apache.tomcat.util.digester.Digester   :   Fire end() for SetPropertiesRule[]
2019-12-06 11:18:41.016 DEBUG 7503 --- [kground-preinit] o.apache.tomcat.util.digester.Digester   :   Fire end() for ObjectCreateRule[className=org.apache.tomcat.util.modeler.AttributeInfo, attributeName=null]
2019-12-06 11:18:41.016 DEBUG 7503 --- [kground-preinit] o.apache.tomcat.util.digester.Digester   : [ObjectCreateRule]{mbeans-descriptors/mbean/attribute} Pop org.apache.tomcat.util.modeler.AttributeInfo
2019-12-06 11:18:41.016 DEBUG 7503 --- [kground-preinit] o.a.tomcat.util.digester.Digester.sax    : characters(
  )
2019-12-06 11:18:41.016 DEBUG 7503 --- [kground-preinit] o.a.tomcat.util.digester.Digester.sax    : endElement(,,mbean)
2019-12-06 11:18:41.016 DEBUG 7503 --- [kground-preinit] o.apache.tomcat.util.digester.Digester   :   match='mbeans-descriptors/mbean'
2019-12-06 11:18:41.016 DEBUG 7503 --- [kground-preinit] o.apache.tomcat.util.digester.Digester   :   bodyText='

    

    

    

    

    

    

    

    

    
  '
2019-12-06 11:18:41.016 DEBUG 7503 --- [kground-preinit] o.apache.tomcat.util.digester.Digester   :   Fire body() for ObjectCreateRule[className=org.apache.tomcat.util.modeler.ManagedBean, attributeName=null]
2019-12-06 11:18:41.016 DEBUG 7503 --- [kground-preinit] o.apache.tomcat.util.digester.Digester   :   Fire body() for SetPropertiesRule[]
2019-12-06 11:18:41.016 DEBUG 7503 --- [kground-preinit] o.apache.tomcat.util.digester.Digester   :   Fire body() for SetNextRule[methodName=add, paramType=java.lang.Object]
2019-12-06 11:18:41.016 DEBUG 7503 --- [kground-preinit] o.apache.tomcat.util.digester.Digester   :   Fire end() for SetNextRule[methodName=add, paramType=java.lang.Object]
2019-12-06 11:18:41.017 DEBUG 7503 --- [kground-preinit] o.apache.tomcat.util.digester.Digester   : [SetNextRule]{mbeans-descriptors/mbean} Call java.util.ArrayList.add(ManagedBean[name=SSLAuthenticator, className=org.apache.tomcat.util.modeler.BaseModelMBean, description=An Authenticator and Valve implementation of authentication that utilizes SSL certificates to identify client users, group=Valve, type=org.apache.catalina.authenticator.SSLAuthenticator])
2019-12-06 11:18:41.017 DEBUG 7503 --- [kground-preinit] o.apache.tomcat.util.IntrospectionUtils  : IntrospectionUtils: callMethod1 java.util.ArrayList org.apache.tomcat.util.modeler.ManagedBean java.lang.Object
2019-12-06 11:18:41.017 DEBUG 7503 --- [kground-preinit] o.apache.tomcat.util.digester.Digester   :   Fire end() for SetPropertiesRule[]
2019-12-06 11:18:41.017 DEBUG 7503 --- [kground-preinit] o.apache.tomcat.util.digester.Digester   :   Fire end() for ObjectCreateRule[className=org.apache.tomcat.util.modeler.ManagedBean, attributeName=null]
2019-12-06 11:18:41.017 DEBUG 7503 --- [kground-preinit] o.apache.tomcat.util.digester.Digester   : [ObjectCreateRule]{mbeans-descriptors/mbean} Pop org.apache.tomcat.util.modeler.ManagedBean
2019-12-06 11:18:41.017 DEBUG 7503 --- [kground-preinit] o.a.tomcat.util.digester.Digester.sax    : characters(

)
2019-12-06 11:18:41.017 DEBUG 7503 --- [kground-preinit] o.a.tomcat.util.digester.Digester.sax    : endElement(,,mbeans-descriptors)
2019-12-06 11:18:41.017 DEBUG 7503 --- [kground-preinit] o.apache.tomcat.util.digester.Digester   :   match='mbeans-descriptors'
2019-12-06 11:18:41.018 DEBUG 7503 --- [kground-preinit] o.apache.tomcat.util.digester.Digester   :   bodyText='

  


  

  

  


  


  

'
2019-12-06 11:18:41.018 DEBUG 7503 --- [kground-preinit] o.apache.tomcat.util.digester.Digester   : No rules found matching [mbeans-descriptors]
2019-12-06 11:18:41.018 DEBUG 7503 --- [kground-preinit] o.a.tomcat.util.digester.Digester.sax    : endDocument()
2019-12-06 11:18:41.018 DEBUG 7503 --- [    Test worker] o.s.c.e.PropertySourcesPropertyResolver  : Found key 'spring.test.mockmvc.secure' in PropertySource 'Annotations' with value of type Boolean
2019-12-06 11:18:41.018 DEBUG 7503 --- [kground-preinit] org.apache.tomcat.util.modeler.Registry  : Found jar:file:/Users/govlmo91/.gradle/caches/modules-2/files-2.1/org.apache.tomcat.embed/tomcat-embed-core/9.0.22/79f39903498b28adacb18fe2ea046edd306295a6/tomcat-embed-core-9.0.22.jar!/org/apache/catalina/core/mbeans-descriptors.xml
2019-12-06 11:18:41.019 DEBUG 7503 --- [kground-preinit] o.a.tomcat.util.digester.Digester.sax    : setDocumentLocator(com.sun.org.apache.xerces.internal.parsers.AbstractSAXParser$LocatorProxy@6d3e703d)
2019-12-06 11:18:41.019 DEBUG 7503 --- [kground-preinit] o.a.tomcat.util.digester.Digester.sax    : startDocument()
2019-12-06 11:18:41.020 DEBUG 7503 --- [kground-preinit] o.a.tomcat.util.digester.Digester.sax    : startElement(,,mbeans-descriptors)
2019-12-06 11:18:41.021 DEBUG 7503 --- [kground-preinit] o.apache.tomcat.util.digester.Digester   :   New match='mbeans-descriptors'
2019-12-06 11:18:41.021 DEBUG 7503 --- [kground-preinit] o.apache.tomcat.util.digester.Digester   : No rules found matching [mbeans-descriptors]
2019-12-06 11:18:41.021 DEBUG 7503 --- [kground-preinit] o.a.tomcat.util.digester.Digester.sax    : characters(

  )
2019-12-06 11:18:41.021 DEBUG 7503 --- [kground-preinit] o.a.tomcat.util.digester.Digester.sax    : startElement(,,mbean)
2019-12-06 11:18:41.021 DEBUG 7503 --- [kground-preinit] o.apache.tomcat.util.digester.Digester   :   New match='mbeans-descriptors/mbean'
2019-12-06 11:18:41.021 DEBUG 7503 --- [kground-preinit] o.apache.tomcat.util.digester.Digester   :   Fire begin() for ObjectCreateRule[className=org.apache.tomcat.util.modeler.ManagedBean, attributeName=null]
2019-12-06 11:18:41.021 DEBUG 7503 --- [kground-preinit] o.apache.tomcat.util.digester.Digester   :   Fire begin() for SetPropertiesRule[]
2019-12-06 11:18:41.021 DEBUG 7503 --- [kground-preinit] o.apache.tomcat.util.digester.Digester   : [SetPropertiesRule]{mbeans-descriptors/mbean} Set org.apache.tomcat.util.modeler.ManagedBean properties
2019-12-06 11:18:41.022 DEBUG 7503 --- [kground-preinit] o.apache.tomcat.util.digester.Digester   : [SetPropertiesRule]{mbeans-descriptors/mbean} Setting property 'name' to 'ApplicationFilterConfig'
2019-12-06 11:18:41.022 DEBUG 7503 --- [kground-preinit] o.apache.tomcat.util.IntrospectionUtils  : IntrospectionUtils: setProperty(class org.apache.tomcat.util.modeler.ManagedBean name=ApplicationFilterConfig)
2019-12-06 11:18:41.022 DEBUG 7503 --- [kground-preinit] o.apache.tomcat.util.digester.Digester   : [SetPropertiesRule]{mbeans-descriptors/mbean} Setting property 'description' to 'Wrapper that represents an individual servlet-filter definition'
2019-12-06 11:18:41.022 DEBUG 7503 --- [kground-preinit] o.apache.tomcat.util.IntrospectionUtils  : IntrospectionUtils: setProperty(class org.apache.tomcat.util.modeler.ManagedBean description=Wrapper that represents an individual servlet-filter definition)
2019-12-06 11:18:41.022 DEBUG 7503 --- [kground-preinit] o.apache.tomcat.util.digester.Digester   : [SetPropertiesRule]{mbeans-descriptors/mbean} Setting property 'domain' to 'Catalina'
2019-12-06 11:18:41.022 DEBUG 7503 --- [kground-preinit] o.apache.tomcat.util.IntrospectionUtils  : IntrospectionUtils: setProperty(class org.apache.tomcat.util.modeler.ManagedBean domain=Catalina)
2019-12-06 11:18:41.022 DEBUG 7503 --- [kground-preinit] o.apache.tomcat.util.digester.Digester   : [SetPropertiesRule]{mbeans-descriptors/mbean} Setting property 'group' to 'Filter'
2019-12-06 11:18:41.022 DEBUG 7503 --- [kground-preinit] o.apache.tomcat.util.IntrospectionUtils  : IntrospectionUtils: setProperty(class org.apache.tomcat.util.modeler.ManagedBean group=Filter)
2019-12-06 11:18:41.022 DEBUG 7503 --- [kground-preinit] o.apache.tomcat.util.digester.Digester   : [SetPropertiesRule]{mbeans-descriptors/mbean} Setting property 'type' to 'org.apache.catalina.core.ApplicationFilterConfig'
2019-12-06 11:18:41.023 DEBUG 7503 --- [kground-preinit] o.apache.tomcat.util.IntrospectionUtils  : IntrospectionUtils: setProperty(class org.apache.tomcat.util.modeler.ManagedBean type=org.apache.catalina.core.ApplicationFilterConfig)
2019-12-06 11:18:41.023 DEBUG 7503 --- [kground-preinit] o.apache.tomcat.util.digester.Digester   :   Fire begin() for SetNextRule[methodName=add, paramType=java.lang.Object]
2019-12-06 11:18:41.023 DEBUG 7503 --- [kground-preinit] o.a.tomcat.util.digester.Digester.sax    : characters(

     )
2019-12-06 11:18:41.023 DEBUG 7503 --- [kground-preinit] o.a.tomcat.util.digester.Digester.sax    : startElement(,,attribute)
2019-12-06 11:18:41.023 DEBUG 7503 --- [kground-preinit] o.apache.tomcat.util.digester.Digester   :   New match='mbeans-descriptors/mbean/attribute'
2019-12-06 11:18:41.023 DEBUG 7503 --- [kground-preinit] o.apache.tomcat.util.digester.Digester   :   Fire begin() for ObjectCreateRule[className=org.apache.tomcat.util.modeler.AttributeInfo, attributeName=null]
2019-12-06 11:18:41.023 DEBUG 7503 --- [kground-preinit] o.apache.tomcat.util.digester.Digester   :   Fire begin() for SetPropertiesRule[]
2019-12-06 11:18:41.023 DEBUG 7503 --- [kground-preinit] o.apache.tomcat.util.digester.Digester   : [SetPropertiesRule]{mbeans-descriptors/mbean/attribute} Set org.apache.tomcat.util.modeler.AttributeInfo properties
2019-12-06 11:18:41.023 DEBUG 7503 --- [kground-preinit] o.apache.tomcat.util.digester.Digester   : [SetPropertiesRule]{mbeans-descriptors/mbean/attribute} Setting property 'name' to 'filterName'
2019-12-06 11:18:41.023 DEBUG 7503 --- [kground-preinit] o.apache.tomcat.util.IntrospectionUtils  : IntrospectionUtils: setProperty(class org.apache.tomcat.util.modeler.AttributeInfo name=filterName)
2019-12-06 11:18:41.024 DEBUG 7503 --- [kground-preinit] o.apache.tomcat.util.digester.Digester   : [SetPropertiesRule]{mbeans-descriptors/mbean/attribute} Setting property 'description' to 'The name used to reference the filter in web.xml'
2019-12-06 11:18:41.024 DEBUG 7503 --- [kground-preinit] o.apache.tomcat.util.IntrospectionUtils  : IntrospectionUtils: setProperty(class org.apache.tomcat.util.modeler.AttributeInfo description=The name used to reference the filter in web.xml)
2019-12-06 11:18:41.024 DEBUG 7503 --- [kground-preinit] o.apache.tomcat.util.digester.Digester   : [SetPropertiesRule]{mbeans-descriptors/mbean/attribute} Setting property 'type' to 'java.lang.String'
2019-12-06 11:18:41.024 DEBUG 7503 --- [kground-preinit] o.apache.tomcat.util.IntrospectionUtils  : IntrospectionUtils: setProperty(class org.apache.tomcat.util.modeler.AttributeInfo type=java.lang.String)
2019-12-06 11:18:41.024 DEBUG 7503 --- [kground-preinit] o.apache.tomcat.util.digester.Digester   : [SetPropertiesRule]{mbeans-descriptors/mbean/attribute} Setting property 'writeable' to 'false'
2019-12-06 11:18:41.024 DEBUG 7503 --- [kground-preinit] o.apache.tomcat.util.IntrospectionUtils  : IntrospectionUtils: setProperty(class org.apache.tomcat.util.modeler.AttributeInfo writeable=false)
2019-12-06 11:18:41.024 DEBUG 7503 --- [kground-preinit] o.apache.tomcat.util.digester.Digester   :   Fire begin() for SetNextRule[methodName=addAttribute, paramType=org.apache.tomcat.util.modeler.AttributeInfo]
2019-12-06 11:18:41.024 DEBUG 7503 --- [kground-preinit] o.a.tomcat.util.digester.Digester.sax    : endElement(,,attribute)
2019-12-06 11:18:41.025 DEBUG 7503 --- [kground-preinit] o.apache.tomcat.util.digester.Digester   :   match='mbeans-descriptors/mbean/attribute'
2019-12-06 11:18:41.025 DEBUG 7503 --- [kground-preinit] o.apache.tomcat.util.digester.Digester   :   bodyText=''
2019-12-06 11:18:41.025 DEBUG 7503 --- [kground-preinit] o.apache.tomcat.util.digester.Digester   :   Fire body() for ObjectCreateRule[className=org.apache.tomcat.util.modeler.AttributeInfo, attributeName=null]
2019-12-06 11:18:41.025 DEBUG 7503 --- [kground-preinit] o.apache.tomcat.util.digester.Digester   :   Fire body() for SetPropertiesRule[]
2019-12-06 11:18:41.025 DEBUG 7503 --- [kground-preinit] o.apache.tomcat.util.digester.Digester   :   Fire body() for SetNextRule[methodName=addAttribute, paramType=org.apache.tomcat.util.modeler.AttributeInfo]
2019-12-06 11:18:41.025 DEBUG 7503 --- [kground-preinit] o.apache.tomcat.util.digester.Digester   :   Fire end() for SetNextRule[methodName=addAttribute, paramType=org.apache.tomcat.util.modeler.AttributeInfo]
2019-12-06 11:18:41.025 DEBUG 7503 --- [kground-preinit] o.apache.tomcat.util.digester.Digester   : [SetNextRule]{mbeans-descriptors/mbean/attribute} Call org.apache.tomcat.util.modeler.ManagedBean.addAttribute(org.apache.tomcat.util.modeler.AttributeInfo@3e9a8cf9)
2019-12-06 11:18:41.025 DEBUG 7503 --- [kground-preinit] o.apache.tomcat.util.IntrospectionUtils  : IntrospectionUtils: callMethod1 org.apache.tomcat.util.modeler.ManagedBean org.apache.tomcat.util.modeler.AttributeInfo org.apache.tomcat.util.modeler.AttributeInfo
2019-12-06 11:18:41.025 DEBUG 7503 --- [kground-preinit] o.apache.tomcat.util.digester.Digester   :   Fire end() for SetPropertiesRule[]
2019-12-06 11:18:41.026 DEBUG 7503 --- [kground-preinit] o.apache.tomcat.util.digester.Digester   :   Fire end() for ObjectCreateRule[className=org.apache.tomcat.util.modeler.AttributeInfo, attributeName=null]
2019-12-06 11:18:41.026 DEBUG 7503 --- [kground-preinit] o.apache.tomcat.util.digester.Digester   : [ObjectCreateRule]{mbeans-descriptors/mbean/attribute} Pop org.apache.tomcat.util.modeler.AttributeInfo
2019-12-06 11:18:41.026 DEBUG 7503 --- [kground-preinit] o.a.tomcat.util.digester.Digester.sax    : characters(

     )
2019-12-06 11:18:41.026 DEBUG 7503 --- [kground-preinit] o.a.tomcat.util.digester.Digester.sax    : startElement(,,attribute)
2019-12-06 11:18:41.026 DEBUG 7503 --- [kground-preinit] o.apache.tomcat.util.digester.Digester   :   New match='mbeans-descriptors/mbean/attribute'
2019-12-06 11:18:41.026 DEBUG 7503 --- [kground-preinit] o.apache.tomcat.util.digester.Digester   :   Fire begin() for ObjectCreateRule[className=org.apache.tomcat.util.modeler.AttributeInfo, attributeName=null]
2019-12-06 11:18:41.027 DEBUG 7503 --- [kground-preinit] o.apache.tomcat.util.digester.Digester   :   Fire begin() for SetPropertiesRule[]
2019-12-06 11:18:41.027 DEBUG 7503 --- [kground-preinit] o.apache.tomcat.util.digester.Digester   : [SetPropertiesRule]{mbeans-descriptors/mbean/attribute} Set org.apache.tomcat.util.modeler.AttributeInfo properties
2019-12-06 11:18:41.028 DEBUG 7503 --- [kground-preinit] o.apache.tomcat.util.digester.Digester   : [SetPropertiesRule]{mbeans-descriptors/mbean/attribute} Setting property 'name' to 'filterClass'
2019-12-06 11:18:41.028 DEBUG 7503 --- [kground-preinit] o.apache.tomcat.util.IntrospectionUtils  : IntrospectionUtils: setProperty(class org.apache.tomcat.util.modeler.AttributeInfo name=filterClass)
2019-12-06 11:18:41.028 DEBUG 7503 --- [kground-preinit] o.apache.tomcat.util.digester.Digester   : [SetPropertiesRule]{mbeans-descriptors/mbean/attribute} Setting property 'description' to 'Fully qualified class name of the filter object'
2019-12-06 11:18:41.028 DEBUG 7503 --- [kground-preinit] o.apache.tomcat.util.IntrospectionUtils  : IntrospectionUtils: setProperty(class org.apache.tomcat.util.modeler.AttributeInfo description=Fully qualified class name of the filter object)
2019-12-06 11:18:41.028 DEBUG 7503 --- [kground-preinit] o.apache.tomcat.util.digester.Digester   : [SetPropertiesRule]{mbeans-descriptors/mbean/attribute} Setting property 'type' to 'java.lang.String'
2019-12-06 11:18:41.028 DEBUG 7503 --- [kground-preinit] o.apache.tomcat.util.IntrospectionUtils  : IntrospectionUtils: setProperty(class org.apache.tomcat.util.modeler.AttributeInfo type=java.lang.String)
2019-12-06 11:18:41.028 DEBUG 7503 --- [kground-preinit] o.apache.tomcat.util.digester.Digester   : [SetPropertiesRule]{mbeans-descriptors/mbean/attribute} Setting property 'writeable' to 'false'
2019-12-06 11:18:41.028 DEBUG 7503 --- [kground-preinit] o.apache.tomcat.util.IntrospectionUtils  : IntrospectionUtils: setProperty(class org.apache.tomcat.util.modeler.AttributeInfo writeable=false)
2019-12-06 11:18:41.029 DEBUG 7503 --- [kground-preinit] o.apache.tomcat.util.digester.Digester   :   Fire begin() for SetNextRule[methodName=addAttribute, paramType=org.apache.tomcat.util.modeler.AttributeInfo]
2019-12-06 11:18:41.029 DEBUG 7503 --- [kground-preinit] o.a.tomcat.util.digester.Digester.sax    : endElement(,,attribute)
2019-12-06 11:18:41.029 DEBUG 7503 --- [kground-preinit] o.apache.tomcat.util.digester.Digester   :   match='mbeans-descriptors/mbean/attribute'
2019-12-06 11:18:41.029 DEBUG 7503 --- [kground-preinit] o.apache.tomcat.util.digester.Digester   :   bodyText=''
2019-12-06 11:18:41.029 DEBUG 7503 --- [kground-preinit] o.apache.tomcat.util.digester.Digester   :   Fire body() for ObjectCreateRule[className=org.apache.tomcat.util.modeler.AttributeInfo, attributeName=null]
2019-12-06 11:18:41.029 DEBUG 7503 --- [kground-preinit] o.apache.tomcat.util.digester.Digester   :   Fire body() for SetPropertiesRule[]
2019-12-06 11:18:41.029 DEBUG 7503 --- [kground-preinit] o.apache.tomcat.util.digester.Digester   :   Fire body() for SetNextRule[methodName=addAttribute, paramType=org.apache.tomcat.util.modeler.AttributeInfo]
2019-12-06 11:18:41.029 DEBUG 7503 --- [kground-preinit] o.apache.tomcat.util.digester.Digester   :   Fire end() for SetNextRule[methodName=addAttribute, paramType=org.apache.tomcat.util.modeler.AttributeInfo]
2019-12-06 11:18:41.029 DEBUG 7503 --- [kground-preinit] o.apache.tomcat.util.digester.Digester   : [SetNextRule]{mbeans-descriptors/mbean/attribute} Call org.apache.tomcat.util.modeler.ManagedBean.addAttribute(org.apache.tomcat.util.modeler.AttributeInfo@781e53aa)
2019-12-06 11:18:41.030 DEBUG 7503 --- [kground-preinit] o.apache.tomcat.util.IntrospectionUtils  : IntrospectionUtils: callMethod1 org.apache.tomcat.util.modeler.ManagedBean org.apache.tomcat.util.modeler.AttributeInfo org.apache.tomcat.util.modeler.AttributeInfo
2019-12-06 11:18:41.030 DEBUG 7503 --- [kground-preinit] o.apache.tomcat.util.digester.Digester   :   Fire end() for SetPropertiesRule[]
2019-12-06 11:18:41.030 DEBUG 7503 --- [kground-preinit] o.apache.tomcat.util.digester.Digester   :   Fire end() for ObjectCreateRule[className=org.apache.tomcat.util.modeler.AttributeInfo, attributeName=null]
2019-12-06 11:18:41.030 DEBUG 7503 --- [kground-preinit] o.apache.tomcat.util.digester.Digester   : [ObjectCreateRule]{mbeans-descriptors/mbean/attribute} Pop org.apache.tomcat.util.modeler.AttributeInfo
2019-12-06 11:18:41.030 DEBUG 7503 --- [kground-preinit] o.a.tomcat.util.digester.Digester.sax    : characters(

     )
2019-12-06 11:18:41.030 DEBUG 7503 --- [kground-preinit] o.a.tomcat.util.digester.Digester.sax    : startElement(,,attribute)
2019-12-06 11:18:41.030 DEBUG 7503 --- [kground-preinit] o.apache.tomcat.util.digester.Digester   :   New match='mbeans-descriptors/mbean/attribute'
2019-12-06 11:18:41.030 DEBUG 7503 --- [kground-preinit] o.apache.tomcat.util.digester.Digester   :   Fire begin() for ObjectCreateRule[className=org.apache.tomcat.util.modeler.AttributeInfo, attributeName=null]
2019-12-06 11:18:41.031 DEBUG 7503 --- [kground-preinit] o.apache.tomcat.util.digester.Digester   :   Fire begin() for SetPropertiesRule[]
2019-12-06 11:18:41.031 DEBUG 7503 --- [kground-preinit] o.apache.tomcat.util.digester.Digester   : [SetPropertiesRule]{mbeans-descriptors/mbean/attribute} Set org.apache.tomcat.util.modeler.AttributeInfo properties
2019-12-06 11:18:41.031 DEBUG 7503 --- [kground-preinit] o.apache.tomcat.util.digester.Digester   : [SetPropertiesRule]{mbeans-descriptors/mbean/attribute} Setting property 'name' to 'filterInitParameterMap'
2019-12-06 11:18:41.031 DEBUG 7503 --- [kground-preinit] o.apache.tomcat.util.IntrospectionUtils  : IntrospectionUtils: setProperty(class org.apache.tomcat.util.modeler.AttributeInfo name=filterInitParameterMap)
2019-12-06 11:18:41.031 DEBUG 7503 --- [kground-preinit] o.apache.tomcat.util.digester.Digester   : [SetPropertiesRule]{mbeans-descriptors/mbean/attribute} Setting property 'description' to 'Return the initialization parameters associated with this filter'
2019-12-06 11:18:41.031 DEBUG 7503 --- [kground-preinit] o.apache.tomcat.util.IntrospectionUtils  : IntrospectionUtils: setProperty(class org.apache.tomcat.util.modeler.AttributeInfo description=Return the initialization parameters associated with this filter)
2019-12-06 11:18:41.031 DEBUG 7503 --- [kground-preinit] o.apache.tomcat.util.digester.Digester   : [SetPropertiesRule]{mbeans-descriptors/mbean/attribute} Setting property 'type' to 'java.util.Map'
2019-12-06 11:18:41.032 DEBUG 7503 --- [kground-preinit] o.apache.tomcat.util.IntrospectionUtils  : IntrospectionUtils: setProperty(class org.apache.tomcat.util.modeler.AttributeInfo type=java.util.Map)
2019-12-06 11:18:41.032 DEBUG 7503 --- [kground-preinit] o.apache.tomcat.util.digester.Digester   : [SetPropertiesRule]{mbeans-descriptors/mbean/attribute} Setting property 'writeable' to 'false'
2019-12-06 11:18:41.032 DEBUG 7503 --- [kground-preinit] o.apache.tomcat.util.IntrospectionUtils  : IntrospectionUtils: setProperty(class org.apache.tomcat.util.modeler.AttributeInfo writeable=false)
2019-12-06 11:18:41.032 DEBUG 7503 --- [kground-preinit] o.apache.tomcat.util.digester.Digester   :   Fire begin() for SetNextRule[methodName=addAttribute, paramType=org.apache.tomcat.util.modeler.AttributeInfo]
2019-12-06 11:18:41.032 DEBUG 7503 --- [kground-preinit] o.a.tomcat.util.digester.Digester.sax    : endElement(,,attribute)
2019-12-06 11:18:41.032 DEBUG 7503 --- [kground-preinit] o.apache.tomcat.util.digester.Digester   :   match='mbeans-descriptors/mbean/attribute'
2019-12-06 11:18:41.032 DEBUG 7503 --- [kground-preinit] o.apache.tomcat.util.digester.Digester   :   bodyText=''
2019-12-06 11:18:41.032 DEBUG 7503 --- [kground-preinit] o.apache.tomcat.util.digester.Digester   :   Fire body() for ObjectCreateRule[className=org.apache.tomcat.util.modeler.AttributeInfo, attributeName=null]
2019-12-06 11:18:41.032 DEBUG 7503 --- [kground-preinit] o.apache.tomcat.util.digester.Digester   :   Fire body() for SetPropertiesRule[]
2019-12-06 11:18:41.032 DEBUG 7503 --- [kground-preinit] o.apache.tomcat.util.digester.Digester   :   Fire body() for SetNextRule[methodName=addAttribute, paramType=org.apache.tomcat.util.modeler.AttributeInfo]
2019-12-06 11:18:41.033 DEBUG 7503 --- [kground-preinit] o.apache.tomcat.util.digester.Digester   :   Fire end() for SetNextRule[methodName=addAttribute, paramType=org.apache.tomcat.util.modeler.AttributeInfo]
2019-12-06 11:18:41.033 DEBUG 7503 --- [kground-preinit] o.apache.tomcat.util.digester.Digester   : [SetNextRule]{mbeans-descriptors/mbean/attribute} Call org.apache.tomcat.util.modeler.ManagedBean.addAttribute(org.apache.tomcat.util.modeler.AttributeInfo@383d5ec7)
2019-12-06 11:18:41.033 DEBUG 7503 --- [kground-preinit] o.apache.tomcat.util.IntrospectionUtils  : IntrospectionUtils: callMethod1 org.apache.tomcat.util.modeler.ManagedBean org.apache.tomcat.util.modeler.AttributeInfo org.apache.tomcat.util.modeler.AttributeInfo
2019-12-06 11:18:41.033 DEBUG 7503 --- [kground-preinit] o.apache.tomcat.util.digester.Digester   :   Fire end() for SetPropertiesRule[]
2019-12-06 11:18:41.033 DEBUG 7503 --- [kground-preinit] o.apache.tomcat.util.digester.Digester   :   Fire end() for ObjectCreateRule[className=org.apache.tomcat.util.modeler.AttributeInfo, attributeName=null]
2019-12-06 11:18:41.033 DEBUG 7503 --- [kground-preinit] o.apache.tomcat.util.digester.Digester   : [ObjectCreateRule]{mbeans-descriptors/mbean/attribute} Pop org.apache.tomcat.util.modeler.AttributeInfo
2019-12-06 11:18:41.033 DEBUG 7503 --- [kground-preinit] o.a.tomcat.util.digester.Digester.sax    : characters(

  )
2019-12-06 11:18:41.033 DEBUG 7503 --- [kground-preinit] o.a.tomcat.util.digester.Digester.sax    : endElement(,,mbean)
2019-12-06 11:18:41.033 DEBUG 7503 --- [kground-preinit] o.apache.tomcat.util.digester.Digester   :   match='mbeans-descriptors/mbean'
2019-12-06 11:18:41.034 DEBUG 7503 --- [kground-preinit] o.apache.tomcat.util.digester.Digester   :   bodyText='

     

     

     

  '
2019-12-06 11:18:41.034 DEBUG 7503 --- [kground-preinit] o.apache.tomcat.util.digester.Digester   :   Fire body() for ObjectCreateRule[className=org.apache.tomcat.util.modeler.ManagedBean, attributeName=null]
2019-12-06 11:18:41.034 DEBUG 7503 --- [kground-preinit] o.apache.tomcat.util.digester.Digester   :   Fire body() for SetPropertiesRule[]
2019-12-06 11:18:41.034 DEBUG 7503 --- [kground-preinit] o.apache.tomcat.util.digester.Digester   :   Fire body() for SetNextRule[methodName=add, paramType=java.lang.Object]
2019-12-06 11:18:41.034 DEBUG 7503 --- [kground-preinit] o.apache.tomcat.util.digester.Digester   :   Fire end() for SetNextRule[methodName=add, paramType=java.lang.Object]
2019-12-06 11:18:41.034 DEBUG 7503 --- [kground-preinit] o.apache.tomcat.util.digester.Digester   : [SetNextRule]{mbeans-descriptors/mbean} Call java.util.ArrayList.add(ManagedBean[name=ApplicationFilterConfig, className=org.apache.tomcat.util.modeler.BaseModelMBean, description=Wrapper that represents an individual servlet-filter definition, group=Filter, type=org.apache.catalina.core.ApplicationFilterConfig])
2019-12-06 11:18:41.034 DEBUG 7503 --- [kground-preinit] o.apache.tomcat.util.IntrospectionUtils  : IntrospectionUtils: callMethod1 java.util.ArrayList org.apache.tomcat.util.modeler.ManagedBean java.lang.Object
2019-12-06 11:18:41.034 DEBUG 7503 --- [kground-preinit] o.apache.tomcat.util.digester.Digester   :   Fire end() for SetPropertiesRule[]
2019-12-06 11:18:41.034 DEBUG 7503 --- [kground-preinit] o.apache.tomcat.util.digester.Digester   :   Fire end() for ObjectCreateRule[className=org.apache.tomcat.util.modeler.ManagedBean, attributeName=null]
2019-12-06 11:18:41.035 DEBUG 7503 --- [kground-preinit] o.apache.tomcat.util.digester.Digester   : [ObjectCreateRule]{mbeans-descriptors/mbean} Pop org.apache.tomcat.util.modeler.ManagedBean
2019-12-06 11:18:41.035 DEBUG 7503 --- [kground-preinit] o.a.tomcat.util.digester.Digester.sax    : characters(

  )
2019-12-06 11:18:41.035 DEBUG 7503 --- [kground-preinit] o.a.tomcat.util.digester.Digester.sax    : startElement(,,mbean)
2019-12-06 11:18:41.035 DEBUG 7503 --- [kground-preinit] o.apache.tomcat.util.digester.Digester   :   New match='mbeans-descriptors/mbean'
2019-12-06 11:18:41.035 DEBUG 7503 --- [kground-preinit] o.apache.tomcat.util.digester.Digester   :   Fire begin() for ObjectCreateRule[className=org.apache.tomcat.util.modeler.ManagedBean, attributeName=null]
2019-12-06 11:18:41.035 DEBUG 7503 --- [kground-preinit] o.apache.tomcat.util.digester.Digester   :   Fire begin() for SetPropertiesRule[]
2019-12-06 11:18:41.035 DEBUG 7503 --- [kground-preinit] o.apache.tomcat.util.digester.Digester   : [SetPropertiesRule]{mbeans-descriptors/mbean} Set org.apache.tomcat.util.modeler.ManagedBean properties
2019-12-06 11:18:41.036 DEBUG 7503 --- [kground-preinit] o.apache.tomcat.util.digester.Digester   : [SetPropertiesRule]{mbeans-descriptors/mbean} Setting property 'name' to 'NamingContextListener'
2019-12-06 11:18:41.036 DEBUG 7503 --- [kground-preinit] o.apache.tomcat.util.IntrospectionUtils  : IntrospectionUtils: setProperty(class org.apache.tomcat.util.modeler.ManagedBean name=NamingContextListener)
2019-12-06 11:18:41.036 DEBUG 7503 --- [kground-preinit] o.apache.tomcat.util.digester.Digester   : [SetPropertiesRule]{mbeans-descriptors/mbean} Setting property 'description' to 'Helper class used to initialize and populate the JNDI context associated with each context and server'
2019-12-06 11:18:41.036 DEBUG 7503 --- [kground-preinit] o.apache.tomcat.util.IntrospectionUtils  : IntrospectionUtils: setProperty(class org.apache.tomcat.util.modeler.ManagedBean description=Helper class used to initialize and populate the JNDI context associated with each context and server)
2019-12-06 11:18:41.036 DEBUG 7503 --- [kground-preinit] o.apache.tomcat.util.digester.Digester   : [SetPropertiesRule]{mbeans-descriptors/mbean} Setting property 'domain' to 'Catalina'
2019-12-06 11:18:41.036 DEBUG 7503 --- [kground-preinit] o.apache.tomcat.util.IntrospectionUtils  : IntrospectionUtils: setProperty(class org.apache.tomcat.util.modeler.ManagedBean domain=Catalina)
2019-12-06 11:18:41.036 DEBUG 7503 --- [kground-preinit] o.apache.tomcat.util.digester.Digester   : [SetPropertiesRule]{mbeans-descriptors/mbean} Setting property 'group' to 'Listener'
2019-12-06 11:18:41.036 DEBUG 7503 --- [kground-preinit] o.apache.tomcat.util.IntrospectionUtils  : IntrospectionUtils: setProperty(class org.apache.tomcat.util.modeler.ManagedBean group=Listener)
2019-12-06 11:18:41.037 DEBUG 7503 --- [kground-preinit] o.apache.tomcat.util.digester.Digester   : [SetPropertiesRule]{mbeans-descriptors/mbean} Setting property 'type' to 'org.apache.catalina.core.NamingContextListener'
2019-12-06 11:18:41.037 DEBUG 7503 --- [kground-preinit] o.apache.tomcat.util.IntrospectionUtils  : IntrospectionUtils: setProperty(class org.apache.tomcat.util.modeler.ManagedBean type=org.apache.catalina.core.NamingContextListener)
2019-12-06 11:18:41.037 DEBUG 7503 --- [kground-preinit] o.apache.tomcat.util.digester.Digester   :   Fire begin() for SetNextRule[methodName=add, paramType=java.lang.Object]
2019-12-06 11:18:41.037 DEBUG 7503 --- [kground-preinit] o.a.tomcat.util.digester.Digester.sax    : characters(

    )
2019-12-06 11:18:41.037 DEBUG 7503 --- [kground-preinit] o.a.tomcat.util.digester.Digester.sax    : startElement(,,attribute)
2019-12-06 11:18:41.037 DEBUG 7503 --- [kground-preinit] o.apache.tomcat.util.digester.Digester   :   New match='mbeans-descriptors/mbean/attribute'
2019-12-06 11:18:41.037 DEBUG 7503 --- [kground-preinit] o.apache.tomcat.util.digester.Digester   :   Fire begin() for ObjectCreateRule[className=org.apache.tomcat.util.modeler.AttributeInfo, attributeName=null]
2019-12-06 11:18:41.038 DEBUG 7503 --- [kground-preinit] o.apache.tomcat.util.digester.Digester   :   Fire begin() for SetPropertiesRule[]
2019-12-06 11:18:41.038 DEBUG 7503 --- [kground-preinit] o.apache.tomcat.util.digester.Digester   : [SetPropertiesRule]{mbeans-descriptors/mbean/attribute} Set org.apache.tomcat.util.modeler.AttributeInfo properties
2019-12-06 11:18:41.038 DEBUG 7503 --- [kground-preinit] o.apache.tomcat.util.digester.Digester   : [SetPropertiesRule]{mbeans-descriptors/mbean/attribute} Setting property 'name' to 'className'
2019-12-06 11:18:41.038 DEBUG 7503 --- [kground-preinit] o.apache.tomcat.util.IntrospectionUtils  : IntrospectionUtils: setProperty(class org.apache.tomcat.util.modeler.AttributeInfo name=className)
2019-12-06 11:18:41.038 DEBUG 7503 --- [kground-preinit] o.apache.tomcat.util.digester.Digester   : [SetPropertiesRule]{mbeans-descriptors/mbean/attribute} Setting property 'description' to 'Fully qualified class name of the managed object'
2019-12-06 11:18:41.038 DEBUG 7503 --- [kground-preinit] o.apache.tomcat.util.IntrospectionUtils  : IntrospectionUtils: setProperty(class org.apache.tomcat.util.modeler.AttributeInfo description=Fully qualified class name of the managed object)
2019-12-06 11:18:41.038 DEBUG 7503 --- [kground-preinit] o.apache.tomcat.util.digester.Digester   : [SetPropertiesRule]{mbeans-descriptors/mbean/attribute} Setting property 'type' to 'java.lang.String'
2019-12-06 11:18:41.038 DEBUG 7503 --- [kground-preinit] o.apache.tomcat.util.IntrospectionUtils  : IntrospectionUtils: setProperty(class org.apache.tomcat.util.modeler.AttributeInfo type=java.lang.String)
2019-12-06 11:18:41.038 DEBUG 7503 --- [kground-preinit] o.apache.tomcat.util.digester.Digester   : [SetPropertiesRule]{mbeans-descriptors/mbean/attribute} Setting property 'writeable' to 'false'
2019-12-06 11:18:41.038 DEBUG 7503 --- [kground-preinit] o.apache.tomcat.util.IntrospectionUtils  : IntrospectionUtils: setProperty(class org.apache.tomcat.util.modeler.AttributeInfo writeable=false)
2019-12-06 11:18:41.039 DEBUG 7503 --- [kground-preinit] o.apache.tomcat.util.digester.Digester   :   Fire begin() for SetNextRule[methodName=addAttribute, paramType=org.apache.tomcat.util.modeler.AttributeInfo]
2019-12-06 11:18:41.039 DEBUG 7503 --- [kground-preinit] o.a.tomcat.util.digester.Digester.sax    : endElement(,,attribute)
2019-12-06 11:18:41.039 DEBUG 7503 --- [kground-preinit] o.apache.tomcat.util.digester.Digester   :   match='mbeans-descriptors/mbean/attribute'
2019-12-06 11:18:41.039 DEBUG 7503 --- [kground-preinit] o.apache.tomcat.util.digester.Digester   :   bodyText=''
2019-12-06 11:18:41.039 DEBUG 7503 --- [kground-preinit] o.apache.tomcat.util.digester.Digester   :   Fire body() for ObjectCreateRule[className=org.apache.tomcat.util.modeler.AttributeInfo, attributeName=null]
2019-12-06 11:18:41.040 DEBUG 7503 --- [kground-preinit] o.apache.tomcat.util.digester.Digester   :   Fire body() for SetPropertiesRule[]
2019-12-06 11:18:41.040 DEBUG 7503 --- [kground-preinit] o.apache.tomcat.util.digester.Digester   :   Fire body() for SetNextRule[methodName=addAttribute, paramType=org.apache.tomcat.util.modeler.AttributeInfo]
2019-12-06 11:18:41.040 DEBUG 7503 --- [kground-preinit] o.apache.tomcat.util.digester.Digester   :   Fire end() for SetNextRule[methodName=addAttribute, paramType=org.apache.tomcat.util.modeler.AttributeInfo]
2019-12-06 11:18:41.040 DEBUG 7503 --- [kground-preinit] o.apache.tomcat.util.digester.Digester   : [SetNextRule]{mbeans-descriptors/mbean/attribute} Call org.apache.tomcat.util.modeler.ManagedBean.addAttribute(org.apache.tomcat.util.modeler.AttributeInfo@4c0bd31b)
2019-12-06 11:18:41.040 DEBUG 7503 --- [kground-preinit] o.apache.tomcat.util.IntrospectionUtils  : IntrospectionUtils: callMethod1 org.apache.tomcat.util.modeler.ManagedBean org.apache.tomcat.util.modeler.AttributeInfo org.apache.tomcat.util.modeler.AttributeInfo
2019-12-06 11:18:41.040 DEBUG 7503 --- [kground-preinit] o.apache.tomcat.util.digester.Digester   :   Fire end() for SetPropertiesRule[]
2019-12-06 11:18:41.040 DEBUG 7503 --- [kground-preinit] o.apache.tomcat.util.digester.Digester   :   Fire end() for ObjectCreateRule[className=org.apache.tomcat.util.modeler.AttributeInfo, attributeName=null]
2019-12-06 11:18:41.040 DEBUG 7503 --- [kground-preinit] o.apache.tomcat.util.digester.Digester   : [ObjectCreateRule]{mbeans-descriptors/mbean/attribute} Pop org.apache.tomcat.util.modeler.AttributeInfo
2019-12-06 11:18:41.040 DEBUG 7503 --- [kground-preinit] o.a.tomcat.util.digester.Digester.sax    : characters(

    )
2019-12-06 11:18:41.040 DEBUG 7503 --- [kground-preinit] o.a.tomcat.util.digester.Digester.sax    : startElement(,,attribute)
2019-12-06 11:18:41.040 DEBUG 7503 --- [kground-preinit] o.apache.tomcat.util.digester.Digester   :   New match='mbeans-descriptors/mbean/attribute'
2019-12-06 11:18:41.041 DEBUG 7503 --- [kground-preinit] o.apache.tomcat.util.digester.Digester   :   Fire begin() for ObjectCreateRule[className=org.apache.tomcat.util.modeler.AttributeInfo, attributeName=null]
2019-12-06 11:18:41.041 DEBUG 7503 --- [kground-preinit] o.apache.tomcat.util.digester.Digester   :   Fire begin() for SetPropertiesRule[]
2019-12-06 11:18:41.041 DEBUG 7503 --- [kground-preinit] o.apache.tomcat.util.digester.Digester   : [SetPropertiesRule]{mbeans-descriptors/mbean/attribute} Set org.apache.tomcat.util.modeler.AttributeInfo properties
2019-12-06 11:18:41.041 DEBUG 7503 --- [kground-preinit] o.apache.tomcat.util.digester.Digester   : [SetPropertiesRule]{mbeans-descriptors/mbean/attribute} Setting property 'name' to 'name'
2019-12-06 11:18:41.041 DEBUG 7503 --- [kground-preinit] o.apache.tomcat.util.IntrospectionUtils  : IntrospectionUtils: setProperty(class org.apache.tomcat.util.modeler.AttributeInfo name=name)
2019-12-06 11:18:41.041 DEBUG 7503 --- [kground-preinit] o.apache.tomcat.util.digester.Digester   : [SetPropertiesRule]{mbeans-descriptors/mbean/attribute} Setting property 'description' to 'Name of the associated naming context'
2019-12-06 11:18:41.041 DEBUG 7503 --- [kground-preinit] o.apache.tomcat.util.IntrospectionUtils  : IntrospectionUtils: setProperty(class org.apache.tomcat.util.modeler.AttributeInfo description=Name of the associated naming context)
2019-12-06 11:18:41.041 DEBUG 7503 --- [kground-preinit] o.apache.tomcat.util.digester.Digester   : [SetPropertiesRule]{mbeans-descriptors/mbean/attribute} Setting property 'type' to 'java.lang.String'
2019-12-06 11:18:41.041 DEBUG 7503 --- [kground-preinit] o.apache.tomcat.util.IntrospectionUtils  : IntrospectionUtils: setProperty(class org.apache.tomcat.util.modeler.AttributeInfo type=java.lang.String)
2019-12-06 11:18:41.041 DEBUG 7503 --- [kground-preinit] o.apache.tomcat.util.digester.Digester   : [SetPropertiesRule]{mbeans-descriptors/mbean/attribute} Setting property 'writeable' to 'false'
2019-12-06 11:18:41.042 DEBUG 7503 --- [kground-preinit] o.apache.tomcat.util.IntrospectionUtils  : IntrospectionUtils: setProperty(class org.apache.tomcat.util.modeler.AttributeInfo writeable=false)
2019-12-06 11:18:41.042 DEBUG 7503 --- [kground-preinit] o.apache.tomcat.util.digester.Digester   :   Fire begin() for SetNextRule[methodName=addAttribute, paramType=org.apache.tomcat.util.modeler.AttributeInfo]
2019-12-06 11:18:41.042 DEBUG 7503 --- [kground-preinit] o.a.tomcat.util.digester.Digester.sax    : endElement(,,attribute)
2019-12-06 11:18:41.042 DEBUG 7503 --- [kground-preinit] o.apache.tomcat.util.digester.Digester   :   match='mbeans-descriptors/mbean/attribute'
2019-12-06 11:18:41.042 DEBUG 7503 --- [kground-preinit] o.apache.tomcat.util.digester.Digester   :   bodyText=''
2019-12-06 11:18:41.042 DEBUG 7503 --- [kground-preinit] o.apache.tomcat.util.digester.Digester   :   Fire body() for ObjectCreateRule[className=org.apache.tomcat.util.modeler.AttributeInfo, attributeName=null]
2019-12-06 11:18:41.042 DEBUG 7503 --- [kground-preinit] o.apache.tomcat.util.digester.Digester   :   Fire body() for SetPropertiesRule[]
2019-12-06 11:18:41.042 DEBUG 7503 --- [kground-preinit] o.apache.tomcat.util.digester.Digester   :   Fire body() for SetNextRule[methodName=addAttribute, paramType=org.apache.tomcat.util.modeler.AttributeInfo]
2019-12-06 11:18:41.043 DEBUG 7503 --- [kground-preinit] o.apache.tomcat.util.digester.Digester   :   Fire end() for SetNextRule[methodName=addAttribute, paramType=org.apache.tomcat.util.modeler.AttributeInfo]
2019-12-06 11:18:41.043 DEBUG 7503 --- [kground-preinit] o.apache.tomcat.util.digester.Digester   : [SetNextRule]{mbeans-descriptors/mbean/attribute} Call org.apache.tomcat.util.modeler.ManagedBean.addAttribute(org.apache.tomcat.util.modeler.AttributeInfo@46825a33)
2019-12-06 11:18:41.043 DEBUG 7503 --- [kground-preinit] o.apache.tomcat.util.IntrospectionUtils  : IntrospectionUtils: callMethod1 org.apache.tomcat.util.modeler.ManagedBean org.apache.tomcat.util.modeler.AttributeInfo org.apache.tomcat.util.modeler.AttributeInfo
2019-12-06 11:18:41.043 DEBUG 7503 --- [kground-preinit] o.apache.tomcat.util.digester.Digester   :   Fire end() for SetPropertiesRule[]
2019-12-06 11:18:41.043 DEBUG 7503 --- [kground-preinit] o.apache.tomcat.util.digester.Digester   :   Fire end() for ObjectCreateRule[className=org.apache.tomcat.util.modeler.AttributeInfo, attributeName=null]
2019-12-06 11:18:41.043 DEBUG 7503 --- [kground-preinit] o.apache.tomcat.util.digester.Digester   : [ObjectCreateRule]{mbeans-descriptors/mbean/attribute} Pop org.apache.tomcat.util.modeler.AttributeInfo
2019-12-06 11:18:41.043 DEBUG 7503 --- [kground-preinit] o.a.tomcat.util.digester.Digester.sax    : characters(

  )
2019-12-06 11:18:41.043 DEBUG 7503 --- [kground-preinit] o.a.tomcat.util.digester.Digester.sax    : endElement(,,mbean)
2019-12-06 11:18:41.043 DEBUG 7503 --- [kground-preinit] o.apache.tomcat.util.digester.Digester   :   match='mbeans-descriptors/mbean'
2019-12-06 11:18:41.043 DEBUG 7503 --- [kground-preinit] o.apache.tomcat.util.digester.Digester   :   bodyText='

    

    

  '
2019-12-06 11:18:41.044 DEBUG 7503 --- [kground-preinit] o.apache.tomcat.util.digester.Digester   :   Fire body() for ObjectCreateRule[className=org.apache.tomcat.util.modeler.ManagedBean, attributeName=null]
2019-12-06 11:18:41.044 DEBUG 7503 --- [kground-preinit] o.apache.tomcat.util.digester.Digester   :   Fire body() for SetPropertiesRule[]
2019-12-06 11:18:41.044 DEBUG 7503 --- [kground-preinit] o.apache.tomcat.util.digester.Digester   :   Fire body() for SetNextRule[methodName=add, paramType=java.lang.Object]
2019-12-06 11:18:41.044 DEBUG 7503 --- [kground-preinit] o.apache.tomcat.util.digester.Digester   :   Fire end() for SetNextRule[methodName=add, paramType=java.lang.Object]
2019-12-06 11:18:41.044 DEBUG 7503 --- [kground-preinit] o.apache.tomcat.util.digester.Digester   : [SetNextRule]{mbeans-descriptors/mbean} Call java.util.ArrayList.add(ManagedBean[name=NamingContextListener, className=org.apache.tomcat.util.modeler.BaseModelMBean, description=Helper class used to initialize and populate the JNDI context associated with each context and server, group=Listener, type=org.apache.catalina.core.NamingContextListener])
2019-12-06 11:18:41.044 DEBUG 7503 --- [kground-preinit] o.apache.tomcat.util.IntrospectionUtils  : IntrospectionUtils: callMethod1 java.util.ArrayList org.apache.tomcat.util.modeler.ManagedBean java.lang.Object
2019-12-06 11:18:41.044 DEBUG 7503 --- [kground-preinit] o.apache.tomcat.util.digester.Digester   :   Fire end() for SetPropertiesRule[]
2019-12-06 11:18:41.044 DEBUG 7503 --- [kground-preinit] o.apache.tomcat.util.digester.Digester   :   Fire end() for ObjectCreateRule[className=org.apache.tomcat.util.modeler.ManagedBean, attributeName=null]
2019-12-06 11:18:41.044 DEBUG 7503 --- [kground-preinit] o.apache.tomcat.util.digester.Digester   : [ObjectCreateRule]{mbeans-descriptors/mbean} Pop org.apache.tomcat.util.modeler.ManagedBean
2019-12-06 11:18:41.044 DEBUG 7503 --- [kground-preinit] o.a.tomcat.util.digester.Digester.sax    : characters(

  )
2019-12-06 11:18:41.044 DEBUG 7503 --- [kground-preinit] o.a.tomcat.util.digester.Digester.sax    : startElement(,,mbean)
2019-12-06 11:18:41.044 DEBUG 7503 --- [kground-preinit] o.apache.tomcat.util.digester.Digester   :   New match='mbeans-descriptors/mbean'
2019-12-06 11:18:41.044 DEBUG 7503 --- [kground-preinit] o.apache.tomcat.util.digester.Digester   :   Fire begin() for ObjectCreateRule[className=org.apache.tomcat.util.modeler.ManagedBean, attributeName=null]
2019-12-06 11:18:41.044 DEBUG 7503 --- [kground-preinit] o.apache.tomcat.util.digester.Digester   :   Fire begin() for SetPropertiesRule[]
2019-12-06 11:18:41.045 DEBUG 7503 --- [kground-preinit] o.apache.tomcat.util.digester.Digester   : [SetPropertiesRule]{mbeans-descriptors/mbean} Set org.apache.tomcat.util.modeler.ManagedBean properties
2019-12-06 11:18:41.045 DEBUG 7503 --- [kground-preinit] o.apache.tomcat.util.digester.Digester   : [SetPropertiesRule]{mbeans-descriptors/mbean} Setting property 'name' to 'StandardContext'
2019-12-06 11:18:41.045 DEBUG 7503 --- [kground-preinit] o.apache.tomcat.util.IntrospectionUtils  : IntrospectionUtils: setProperty(class org.apache.tomcat.util.modeler.ManagedBean name=StandardContext)
2019-12-06 11:18:41.045 DEBUG 7503 --- [kground-preinit] o.apache.tomcat.util.digester.Digester   : [SetPropertiesRule]{mbeans-descriptors/mbean} Setting property 'description' to 'Standard Context Component'
2019-12-06 11:18:41.045 DEBUG 7503 --- [kground-preinit] o.apache.tomcat.util.IntrospectionUtils  : IntrospectionUtils: setProperty(class org.apache.tomcat.util.modeler.ManagedBean description=Standard Context Component)
2019-12-06 11:18:41.045 DEBUG 7503 --- [kground-preinit] o.apache.tomcat.util.digester.Digester   : [SetPropertiesRule]{mbeans-descriptors/mbean} Setting property 'domain' to 'Catalina'
2019-12-06 11:18:41.045 DEBUG 7503 --- [kground-preinit] o.apache.tomcat.util.IntrospectionUtils  : IntrospectionUtils: setProperty(class org.apache.tomcat.util.modeler.ManagedBean domain=Catalina)
2019-12-06 11:18:41.045 DEBUG 7503 --- [kground-preinit] o.apache.tomcat.util.digester.Digester   : [SetPropertiesRule]{mbeans-descriptors/mbean} Setting property 'group' to 'Context'
2019-12-06 11:18:41.045 DEBUG 7503 --- [kground-preinit] o.apache.tomcat.util.IntrospectionUtils  : IntrospectionUtils: setProperty(class org.apache.tomcat.util.modeler.ManagedBean group=Context)
2019-12-06 11:18:41.045 DEBUG 7503 --- [kground-preinit] o.apache.tomcat.util.digester.Digester   : [SetPropertiesRule]{mbeans-descriptors/mbean} Setting property 'type' to 'org.apache.catalina.core.StandardContext'
2019-12-06 11:18:41.045 DEBUG 7503 --- [kground-preinit] o.apache.tomcat.util.IntrospectionUtils  : IntrospectionUtils: setProperty(class org.apache.tomcat.util.modeler.ManagedBean type=org.apache.catalina.core.StandardContext)
2019-12-06 11:18:41.046 DEBUG 7503 --- [kground-preinit] o.apache.tomcat.util.digester.Digester   : [SetPropertiesRule]{mbeans-descriptors/mbean} Setting property 'className' to 'org.apache.catalina.mbeans.ContextMBean'
2019-12-06 11:18:41.046 DEBUG 7503 --- [kground-preinit] o.apache.tomcat.util.IntrospectionUtils  : IntrospectionUtils: setProperty(class org.apache.tomcat.util.modeler.ManagedBean className=org.apache.catalina.mbeans.ContextMBean)
2019-12-06 11:18:41.046 DEBUG 7503 --- [kground-preinit] o.apache.tomcat.util.digester.Digester   :   Fire begin() for SetNextRule[methodName=add, paramType=java.lang.Object]
2019-12-06 11:18:41.046 DEBUG 7503 --- [kground-preinit] o.a.tomcat.util.digester.Digester.sax    : characters(

    )
2019-12-06 11:18:41.046 DEBUG 7503 --- [kground-preinit] o.a.tomcat.util.digester.Digester.sax    : startElement(,,attribute)
2019-12-06 11:18:41.046 DEBUG 7503 --- [kground-preinit] o.apache.tomcat.util.digester.Digester   :   New match='mbeans-descriptors/mbean/attribute'
2019-12-06 11:18:41.046 DEBUG 7503 --- [kground-preinit] o.apache.tomcat.util.digester.Digester   :   Fire begin() for ObjectCreateRule[className=org.apache.tomcat.util.modeler.AttributeInfo, attributeName=null]
2019-12-06 11:18:41.046 DEBUG 7503 --- [kground-preinit] o.apache.tomcat.util.digester.Digester   :   Fire begin() for SetPropertiesRule[]
2019-12-06 11:18:41.046 DEBUG 7503 --- [kground-preinit] o.apache.tomcat.util.digester.Digester   : [SetPropertiesRule]{mbeans-descriptors/mbean/attribute} Set org.apache.tomcat.util.modeler.AttributeInfo properties
2019-12-06 11:18:41.046 DEBUG 7503 --- [kground-preinit] o.apache.tomcat.util.digester.Digester   : [SetPropertiesRule]{mbeans-descriptors/mbean/attribute} Setting property 'name' to 'altDDName'
2019-12-06 11:18:41.047 DEBUG 7503 --- [kground-preinit] o.apache.tomcat.util.IntrospectionUtils  : IntrospectionUtils: setProperty(class org.apache.tomcat.util.modeler.AttributeInfo name=altDDName)
2019-12-06 11:18:41.047 DEBUG 7503 --- [kground-preinit] o.apache.tomcat.util.digester.Digester   : [SetPropertiesRule]{mbeans-descriptors/mbean/attribute} Setting property 'description' to 'The alternate deployment descriptor name.'
2019-12-06 11:18:41.047 DEBUG 7503 --- [kground-preinit] o.apache.tomcat.util.IntrospectionUtils  : IntrospectionUtils: setProperty(class org.apache.tomcat.util.modeler.AttributeInfo description=The alternate deployment descriptor name.)
2019-12-06 11:18:41.047 DEBUG 7503 --- [kground-preinit] o.apache.tomcat.util.digester.Digester   : [SetPropertiesRule]{mbeans-descriptors/mbean/attribute} Setting property 'type' to 'java.lang.String'
2019-12-06 11:18:41.047 DEBUG 7503 --- [kground-preinit] o.apache.tomcat.util.IntrospectionUtils  : IntrospectionUtils: setProperty(class org.apache.tomcat.util.modeler.AttributeInfo type=java.lang.String)
2019-12-06 11:18:41.047 DEBUG 7503 --- [kground-preinit] o.apache.tomcat.util.digester.Digester   :   Fire begin() for SetNextRule[methodName=addAttribute, paramType=org.apache.tomcat.util.modeler.AttributeInfo]
2019-12-06 11:18:41.047 DEBUG 7503 --- [kground-preinit] o.a.tomcat.util.digester.Digester.sax    : endElement(,,attribute)
2019-12-06 11:18:41.047 DEBUG 7503 --- [kground-preinit] o.apache.tomcat.util.digester.Digester   :   match='mbeans-descriptors/mbean/attribute'
2019-12-06 11:18:41.047 DEBUG 7503 --- [kground-preinit] o.apache.tomcat.util.digester.Digester   :   bodyText=''
2019-12-06 11:18:41.047 DEBUG 7503 --- [kground-preinit] o.apache.tomcat.util.digester.Digester   :   Fire body() for ObjectCreateRule[className=org.apache.tomcat.util.modeler.AttributeInfo, attributeName=null]
2019-12-06 11:18:41.047 DEBUG 7503 --- [kground-preinit] o.apache.tomcat.util.digester.Digester   :   Fire body() for SetPropertiesRule[]
2019-12-06 11:18:41.047 DEBUG 7503 --- [kground-preinit] o.apache.tomcat.util.digester.Digester   :   Fire body() for SetNextRule[methodName=addAttribute, paramType=org.apache.tomcat.util.modeler.AttributeInfo]
2019-12-06 11:18:41.048 DEBUG 7503 --- [kground-preinit] o.apache.tomcat.util.digester.Digester   :   Fire end() for SetNextRule[methodName=addAttribute, paramType=org.apache.tomcat.util.modeler.AttributeInfo]
2019-12-06 11:18:41.048 DEBUG 7503 --- [kground-preinit] o.apache.tomcat.util.digester.Digester   : [SetNextRule]{mbeans-descriptors/mbean/attribute} Call org.apache.tomcat.util.modeler.ManagedBean.addAttribute(org.apache.tomcat.util.modeler.AttributeInfo@149bff42)
2019-12-06 11:18:41.048 DEBUG 7503 --- [kground-preinit] o.apache.tomcat.util.IntrospectionUtils  : IntrospectionUtils: callMethod1 org.apache.tomcat.util.modeler.ManagedBean org.apache.tomcat.util.modeler.AttributeInfo org.apache.tomcat.util.modeler.AttributeInfo
2019-12-06 11:18:41.048 DEBUG 7503 --- [kground-preinit] o.apache.tomcat.util.digester.Digester   :   Fire end() for SetPropertiesRule[]
2019-12-06 11:18:41.048 DEBUG 7503 --- [kground-preinit] o.apache.tomcat.util.digester.Digester   :   Fire end() for ObjectCreateRule[className=org.apache.tomcat.util.modeler.AttributeInfo, attributeName=null]
2019-12-06 11:18:41.048 DEBUG 7503 --- [kground-preinit] o.apache.tomcat.util.digester.Digester   : [ObjectCreateRule]{mbeans-descriptors/mbean/attribute} Pop org.apache.tomcat.util.modeler.AttributeInfo
2019-12-06 11:18:41.048 DEBUG 7503 --- [kground-preinit] o.a.tomcat.util.digester.Digester.sax    : characters(

    )
2019-12-06 11:18:41.048 DEBUG 7503 --- [kground-preinit] o.a.tomcat.util.digester.Digester.sax    : startElement(,,attribute)
2019-12-06 11:18:41.049 DEBUG 7503 --- [kground-preinit] o.apache.tomcat.util.digester.Digester   :   New match='mbeans-descriptors/mbean/attribute'
2019-12-06 11:18:41.049 DEBUG 7503 --- [kground-preinit] o.apache.tomcat.util.digester.Digester   :   Fire begin() for ObjectCreateRule[className=org.apache.tomcat.util.modeler.AttributeInfo, attributeName=null]
2019-12-06 11:18:41.049 DEBUG 7503 --- [kground-preinit] o.apache.tomcat.util.digester.Digester   :   Fire begin() for SetPropertiesRule[]
2019-12-06 11:18:41.049 DEBUG 7503 --- [kground-preinit] o.apache.tomcat.util.digester.Digester   : [SetPropertiesRule]{mbeans-descriptors/mbean/attribute} Set org.apache.tomcat.util.modeler.AttributeInfo properties
2019-12-06 11:18:41.049 DEBUG 7503 --- [kground-preinit] o.apache.tomcat.util.digester.Digester   : [SetPropertiesRule]{mbeans-descriptors/mbean/attribute} Setting property 'name' to 'antiResourceLocking'
2019-12-06 11:18:41.049 DEBUG 7503 --- [kground-preinit] o.apache.tomcat.util.IntrospectionUtils  : IntrospectionUtils: setProperty(class org.apache.tomcat.util.modeler.AttributeInfo name=antiResourceLocking)
2019-12-06 11:18:41.049 DEBUG 7503 --- [kground-preinit] o.apache.tomcat.util.digester.Digester   : [SetPropertiesRule]{mbeans-descriptors/mbean/attribute} Setting property 'description' to 'Take care to not lock resources'
2019-12-06 11:18:41.049 DEBUG 7503 --- [kground-preinit] o.apache.tomcat.util.IntrospectionUtils  : IntrospectionUtils: setProperty(class org.apache.tomcat.util.modeler.AttributeInfo description=Take care to not lock resources)
2019-12-06 11:18:41.050 DEBUG 7503 --- [kground-preinit] o.apache.tomcat.util.digester.Digester   : [SetPropertiesRule]{mbeans-descriptors/mbean/attribute} Setting property 'type' to 'boolean'
2019-12-06 11:18:41.050 DEBUG 7503 --- [kground-preinit] o.apache.tomcat.util.IntrospectionUtils  : IntrospectionUtils: setProperty(class org.apache.tomcat.util.modeler.AttributeInfo type=boolean)
2019-12-06 11:18:41.050 DEBUG 7503 --- [kground-preinit] o.apache.tomcat.util.digester.Digester   :   Fire begin() for SetNextRule[methodName=addAttribute, paramType=org.apache.tomcat.util.modeler.AttributeInfo]
2019-12-06 11:18:41.050 DEBUG 7503 --- [kground-preinit] o.a.tomcat.util.digester.Digester.sax    : endElement(,,attribute)
2019-12-06 11:18:41.050 DEBUG 7503 --- [kground-preinit] o.apache.tomcat.util.digester.Digester   :   match='mbeans-descriptors/mbean/attribute'
2019-12-06 11:18:41.050 DEBUG 7503 --- [kground-preinit] o.apache.tomcat.util.digester.Digester   :   bodyText=''
2019-12-06 11:18:41.050 DEBUG 7503 --- [kground-preinit] o.apache.tomcat.util.digester.Digester   :   Fire body() for ObjectCreateRule[className=org.apache.tomcat.util.modeler.AttributeInfo, attributeName=null]
2019-12-06 11:18:41.050 DEBUG 7503 --- [kground-preinit] o.apache.tomcat.util.digester.Digester   :   Fire body() for SetPropertiesRule[]
2019-12-06 11:18:41.050 DEBUG 7503 --- [kground-preinit] o.apache.tomcat.util.digester.Digester   :   Fire body() for SetNextRule[methodName=addAttribute, paramType=org.apache.tomcat.util.modeler.AttributeInfo]
2019-12-06 11:18:41.051 DEBUG 7503 --- [kground-preinit] o.apache.tomcat.util.digester.Digester   :   Fire end() for SetNextRule[methodName=addAttribute, paramType=org.apache.tomcat.util.modeler.AttributeInfo]
2019-12-06 11:18:41.051 DEBUG 7503 --- [kground-preinit] o.apache.tomcat.util.digester.Digester   : [SetNextRule]{mbeans-descriptors/mbean/attribute} Call org.apache.tomcat.util.modeler.ManagedBean.addAttribute(org.apache.tomcat.util.modeler.AttributeInfo@513154e2)
2019-12-06 11:18:41.051 DEBUG 7503 --- [kground-preinit] o.apache.tomcat.util.IntrospectionUtils  : IntrospectionUtils: callMethod1 org.apache.tomcat.util.modeler.ManagedBean org.apache.tomcat.util.modeler.AttributeInfo org.apache.tomcat.util.modeler.AttributeInfo
2019-12-06 11:18:41.051 DEBUG 7503 --- [kground-preinit] o.apache.tomcat.util.digester.Digester   :   Fire end() for SetPropertiesRule[]
2019-12-06 11:18:41.051 DEBUG 7503 --- [kground-preinit] o.apache.tomcat.util.digester.Digester   :   Fire end() for ObjectCreateRule[className=org.apache.tomcat.util.modeler.AttributeInfo, attributeName=null]
2019-12-06 11:18:41.051 DEBUG 7503 --- [kground-preinit] o.apache.tomcat.util.digester.Digester   : [ObjectCreateRule]{mbeans-descriptors/mbean/attribute} Pop org.apache.tomcat.util.modeler.AttributeInfo
2019-12-06 11:18:41.051 DEBUG 7503 --- [kground-preinit] o.a.tomcat.util.digester.Digester.sax    : characters(

    )
2019-12-06 11:18:41.051 DEBUG 7503 --- [    Test worker] o.s.b.f.s.DefaultListableBeanFactory     : Creating shared instance of singleton bean 'org.springframework.boot.autoconfigure.condition.BeanTypeRegistry'
2019-12-06 11:18:41.051 DEBUG 7503 --- [kground-preinit] o.a.tomcat.util.digester.Digester.sax    : startElement(,,attribute)
2019-12-06 11:18:41.052 DEBUG 7503 --- [kground-preinit] o.apache.tomcat.util.digester.Digester   :   New match='mbeans-descriptors/mbean/attribute'
2019-12-06 11:18:41.052 DEBUG 7503 --- [kground-preinit] o.apache.tomcat.util.digester.Digester   :   Fire begin() for ObjectCreateRule[className=org.apache.tomcat.util.modeler.AttributeInfo, attributeName=null]
2019-12-06 11:18:41.052 DEBUG 7503 --- [kground-preinit] o.apache.tomcat.util.digester.Digester   :   Fire begin() for SetPropertiesRule[]
2019-12-06 11:18:41.052 DEBUG 7503 --- [kground-preinit] o.apache.tomcat.util.digester.Digester   : [SetPropertiesRule]{mbeans-descriptors/mbean/attribute} Set org.apache.tomcat.util.modeler.AttributeInfo properties
2019-12-06 11:18:41.052 DEBUG 7503 --- [kground-preinit] o.apache.tomcat.util.digester.Digester   : [SetPropertiesRule]{mbeans-descriptors/mbean/attribute} Setting property 'name' to 'baseName'
2019-12-06 11:18:41.052 DEBUG 7503 --- [kground-preinit] o.apache.tomcat.util.IntrospectionUtils  : IntrospectionUtils: setProperty(class org.apache.tomcat.util.modeler.AttributeInfo name=baseName)
2019-12-06 11:18:41.052 DEBUG 7503 --- [kground-preinit] o.apache.tomcat.util.digester.Digester   : [SetPropertiesRule]{mbeans-descriptors/mbean/attribute} Setting property 'description' to 'The base name used for directories, WAR files (with .war appended) and context.xml files (with .xml appended).'
2019-12-06 11:18:41.052 DEBUG 7503 --- [kground-preinit] o.apache.tomcat.util.IntrospectionUtils  : IntrospectionUtils: setProperty(class org.apache.tomcat.util.modeler.AttributeInfo description=The base name used for directories, WAR files (with .war appended) and context.xml files (with .xml appended).)
2019-12-06 11:18:41.052 DEBUG 7503 --- [kground-preinit] o.apache.tomcat.util.digester.Digester   : [SetPropertiesRule]{mbeans-descriptors/mbean/attribute} Setting property 'type' to 'java.lang.String'
2019-12-06 11:18:41.053 DEBUG 7503 --- [kground-preinit] o.apache.tomcat.util.IntrospectionUtils  : IntrospectionUtils: setProperty(class org.apache.tomcat.util.modeler.AttributeInfo type=java.lang.String)
2019-12-06 11:18:41.053 DEBUG 7503 --- [kground-preinit] o.apache.tomcat.util.digester.Digester   : [SetPropertiesRule]{mbeans-descriptors/mbean/attribute} Setting property 'writeable' to 'false'
2019-12-06 11:18:41.053 DEBUG 7503 --- [kground-preinit] o.apache.tomcat.util.IntrospectionUtils  : IntrospectionUtils: setProperty(class org.apache.tomcat.util.modeler.AttributeInfo writeable=false)
2019-12-06 11:18:41.053 DEBUG 7503 --- [kground-preinit] o.apache.tomcat.util.digester.Digester   :   Fire begin() for SetNextRule[methodName=addAttribute, paramType=org.apache.tomcat.util.modeler.AttributeInfo]
2019-12-06 11:18:41.053 DEBUG 7503 --- [kground-preinit] o.a.tomcat.util.digester.Digester.sax    : endElement(,,attribute)
2019-12-06 11:18:41.053 DEBUG 7503 --- [kground-preinit] o.apache.tomcat.util.digester.Digester   :   match='mbeans-descriptors/mbean/attribute'
2019-12-06 11:18:41.053 DEBUG 7503 --- [kground-preinit] o.apache.tomcat.util.digester.Digester   :   bodyText=''
2019-12-06 11:18:41.053 DEBUG 7503 --- [kground-preinit] o.apache.tomcat.util.digester.Digester   :   Fire body() for ObjectCreateRule[className=org.apache.tomcat.util.modeler.AttributeInfo, attributeName=null]
2019-12-06 11:18:41.053 DEBUG 7503 --- [kground-preinit] o.apache.tomcat.util.digester.Digester   :   Fire body() for SetPropertiesRule[]
2019-12-06 11:18:41.053 DEBUG 7503 --- [kground-preinit] o.apache.tomcat.util.digester.Digester   :   Fire body() for SetNextRule[methodName=addAttribute, paramType=org.apache.tomcat.util.modeler.AttributeInfo]
2019-12-06 11:18:41.053 DEBUG 7503 --- [kground-preinit] o.apache.tomcat.util.digester.Digester   :   Fire end() for SetNextRule[methodName=addAttribute, paramType=org.apache.tomcat.util.modeler.AttributeInfo]
2019-12-06 11:18:41.054 DEBUG 7503 --- [kground-preinit] o.apache.tomcat.util.digester.Digester   : [SetNextRule]{mbeans-descriptors/mbean/attribute} Call org.apache.tomcat.util.modeler.ManagedBean.addAttribute(org.apache.tomcat.util.modeler.AttributeInfo@43b0d6d4)
2019-12-06 11:18:41.054 DEBUG 7503 --- [kground-preinit] o.apache.tomcat.util.IntrospectionUtils  : IntrospectionUtils: callMethod1 org.apache.tomcat.util.modeler.ManagedBean org.apache.tomcat.util.modeler.AttributeInfo org.apache.tomcat.util.modeler.AttributeInfo
2019-12-06 11:18:41.054 DEBUG 7503 --- [kground-preinit] o.apache.tomcat.util.digester.Digester   :   Fire end() for SetPropertiesRule[]
2019-12-06 11:18:41.054 DEBUG 7503 --- [kground-preinit] o.apache.tomcat.util.digester.Digester   :   Fire end() for ObjectCreateRule[className=org.apache.tomcat.util.modeler.AttributeInfo, attributeName=null]
2019-12-06 11:18:41.054 DEBUG 7503 --- [kground-preinit] o.apache.tomcat.util.digester.Digester   : [ObjectCreateRule]{mbeans-descriptors/mbean/attribute} Pop org.apache.tomcat.util.modeler.AttributeInfo
2019-12-06 11:18:41.054 DEBUG 7503 --- [kground-preinit] o.a.tomcat.util.digester.Digester.sax    : characters(

    )
2019-12-06 11:18:41.054 DEBUG 7503 --- [kground-preinit] o.a.tomcat.util.digester.Digester.sax    : startElement(,,attribute)
2019-12-06 11:18:41.054 DEBUG 7503 --- [kground-preinit] o.apache.tomcat.util.digester.Digester   :   New match='mbeans-descriptors/mbean/attribute'
2019-12-06 11:18:41.054 DEBUG 7503 --- [kground-preinit] o.apache.tomcat.util.digester.Digester   :   Fire begin() for ObjectCreateRule[className=org.apache.tomcat.util.modeler.AttributeInfo, attributeName=null]
2019-12-06 11:18:41.054 DEBUG 7503 --- [kground-preinit] o.apache.tomcat.util.digester.Digester   :   Fire begin() for SetPropertiesRule[]
2019-12-06 11:18:41.055 DEBUG 7503 --- [kground-preinit] o.apache.tomcat.util.digester.Digester   : [SetPropertiesRule]{mbeans-descriptors/mbean/attribute} Set org.apache.tomcat.util.modeler.AttributeInfo properties
2019-12-06 11:18:41.055 DEBUG 7503 --- [kground-preinit] o.apache.tomcat.util.digester.Digester   : [SetPropertiesRule]{mbeans-descriptors/mbean/attribute} Setting property 'name' to 'children'
2019-12-06 11:18:41.055 DEBUG 7503 --- [kground-preinit] o.apache.tomcat.util.IntrospectionUtils  : IntrospectionUtils: setProperty(class org.apache.tomcat.util.modeler.AttributeInfo name=children)
2019-12-06 11:18:41.055 DEBUG 7503 --- [kground-preinit] o.apache.tomcat.util.digester.Digester   : [SetPropertiesRule]{mbeans-descriptors/mbean/attribute} Setting property 'description' to 'Object names of all children'
2019-12-06 11:18:41.055 DEBUG 7503 --- [kground-preinit] o.apache.tomcat.util.IntrospectionUtils  : IntrospectionUtils: setProperty(class org.apache.tomcat.util.modeler.AttributeInfo description=Object names of all children)
2019-12-06 11:18:41.055 DEBUG 7503 --- [kground-preinit] o.apache.tomcat.util.digester.Digester   : [SetPropertiesRule]{mbeans-descriptors/mbean/attribute} Setting property 'type' to '[Ljavax.management.ObjectName;'
2019-12-06 11:18:41.055 DEBUG 7503 --- [kground-preinit] o.apache.tomcat.util.IntrospectionUtils  : IntrospectionUtils: setProperty(class org.apache.tomcat.util.modeler.AttributeInfo type=[Ljavax.management.ObjectName;)
2019-12-06 11:18:41.055 DEBUG 7503 --- [kground-preinit] o.apache.tomcat.util.digester.Digester   :   Fire begin() for SetNextRule[methodName=addAttribute, paramType=org.apache.tomcat.util.modeler.AttributeInfo]
2019-12-06 11:18:41.055 DEBUG 7503 --- [kground-preinit] o.a.tomcat.util.digester.Digester.sax    : endElement(,,attribute)
2019-12-06 11:18:41.056 DEBUG 7503 --- [kground-preinit] o.apache.tomcat.util.digester.Digester   :   match='mbeans-descriptors/mbean/attribute'
2019-12-06 11:18:41.056 DEBUG 7503 --- [kground-preinit] o.apache.tomcat.util.digester.Digester   :   bodyText=''
2019-12-06 11:18:41.056 DEBUG 7503 --- [kground-preinit] o.apache.tomcat.util.digester.Digester   :   Fire body() for ObjectCreateRule[className=org.apache.tomcat.util.modeler.AttributeInfo, attributeName=null]
2019-12-06 11:18:41.056 DEBUG 7503 --- [kground-preinit] o.apache.tomcat.util.digester.Digester   :   Fire body() for SetPropertiesRule[]
2019-12-06 11:18:41.056 DEBUG 7503 --- [kground-preinit] o.apache.tomcat.util.digester.Digester   :   Fire body() for SetNextRule[methodName=addAttribute, paramType=org.apache.tomcat.util.modeler.AttributeInfo]
2019-12-06 11:18:41.056 DEBUG 7503 --- [kground-preinit] o.apache.tomcat.util.digester.Digester   :   Fire end() for SetNextRule[methodName=addAttribute, paramType=org.apache.tomcat.util.modeler.AttributeInfo]
2019-12-06 11:18:41.056 DEBUG 7503 --- [kground-preinit] o.apache.tomcat.util.digester.Digester   : [SetNextRule]{mbeans-descriptors/mbean/attribute} Call org.apache.tomcat.util.modeler.ManagedBean.addAttribute(org.apache.tomcat.util.modeler.AttributeInfo@17b75f53)
2019-12-06 11:18:41.056 DEBUG 7503 --- [kground-preinit] o.apache.tomcat.util.IntrospectionUtils  : IntrospectionUtils: callMethod1 org.apache.tomcat.util.modeler.ManagedBean org.apache.tomcat.util.modeler.AttributeInfo org.apache.tomcat.util.modeler.AttributeInfo
2019-12-06 11:18:41.056 DEBUG 7503 --- [kground-preinit] o.apache.tomcat.util.digester.Digester   :   Fire end() for SetPropertiesRule[]
2019-12-06 11:18:41.056 DEBUG 7503 --- [kground-preinit] o.apache.tomcat.util.digester.Digester   :   Fire end() for ObjectCreateRule[className=org.apache.tomcat.util.modeler.AttributeInfo, attributeName=null]
2019-12-06 11:18:41.057 DEBUG 7503 --- [kground-preinit] o.apache.tomcat.util.digester.Digester   : [ObjectCreateRule]{mbeans-descriptors/mbean/attribute} Pop org.apache.tomcat.util.modeler.AttributeInfo
2019-12-06 11:18:41.057 DEBUG 7503 --- [kground-preinit] o.a.tomcat.util.digester.Digester.sax    : characters(

    )
2019-12-06 11:18:41.057 DEBUG 7503 --- [kground-preinit] o.a.tomcat.util.digester.Digester.sax    : startElement(,,attribute)
2019-12-06 11:18:41.057 DEBUG 7503 --- [kground-preinit] o.apache.tomcat.util.digester.Digester   :   New match='mbeans-descriptors/mbean/attribute'
2019-12-06 11:18:41.057 DEBUG 7503 --- [kground-preinit] o.apache.tomcat.util.digester.Digester   :   Fire begin() for ObjectCreateRule[className=org.apache.tomcat.util.modeler.AttributeInfo, attributeName=null]
2019-12-06 11:18:41.057 DEBUG 7503 --- [kground-preinit] o.apache.tomcat.util.digester.Digester   :   Fire begin() for SetPropertiesRule[]
2019-12-06 11:18:41.057 DEBUG 7503 --- [kground-preinit] o.apache.tomcat.util.digester.Digester   : [SetPropertiesRule]{mbeans-descriptors/mbean/attribute} Set org.apache.tomcat.util.modeler.AttributeInfo properties
2019-12-06 11:18:41.057 DEBUG 7503 --- [kground-preinit] o.apache.tomcat.util.digester.Digester   : [SetPropertiesRule]{mbeans-descriptors/mbean/attribute} Setting property 'name' to 'clearReferencesRmiTargets'
2019-12-06 11:18:41.057 DEBUG 7503 --- [kground-preinit] o.apache.tomcat.util.IntrospectionUtils  : IntrospectionUtils: setProperty(class org.apache.tomcat.util.modeler.AttributeInfo name=clearReferencesRmiTargets)
2019-12-06 11:18:41.058 DEBUG 7503 --- [kground-preinit] o.apache.tomcat.util.digester.Digester   : [SetPropertiesRule]{mbeans-descriptors/mbean/attribute} Setting property 'description' to 'Should Tomcat look for memory leaks in RMI Targets and clear them if found as a work around for application coding errors?'
2019-12-06 11:18:41.058 DEBUG 7503 --- [kground-preinit] o.apache.tomcat.util.IntrospectionUtils  : IntrospectionUtils: setProperty(class org.apache.tomcat.util.modeler.AttributeInfo description=Should Tomcat look for memory leaks in RMI Targets and clear them if found as a work around for application coding errors?)
2019-12-06 11:18:41.058 DEBUG 7503 --- [kground-preinit] o.apache.tomcat.util.digester.Digester   : [SetPropertiesRule]{mbeans-descriptors/mbean/attribute} Setting property 'type' to 'boolean'
2019-12-06 11:18:41.058 DEBUG 7503 --- [kground-preinit] o.apache.tomcat.util.IntrospectionUtils  : IntrospectionUtils: setProperty(class org.apache.tomcat.util.modeler.AttributeInfo type=boolean)
2019-12-06 11:18:41.058 DEBUG 7503 --- [kground-preinit] o.apache.tomcat.util.digester.Digester   :   Fire begin() for SetNextRule[methodName=addAttribute, paramType=org.apache.tomcat.util.modeler.AttributeInfo]
2019-12-06 11:18:41.058 DEBUG 7503 --- [kground-preinit] o.a.tomcat.util.digester.Digester.sax    : endElement(,,attribute)
2019-12-06 11:18:41.058 DEBUG 7503 --- [kground-preinit] o.apache.tomcat.util.digester.Digester   :   match='mbeans-descriptors/mbean/attribute'
2019-12-06 11:18:41.058 DEBUG 7503 --- [kground-preinit] o.apache.tomcat.util.digester.Digester   :   bodyText=''
2019-12-06 11:18:41.058 DEBUG 7503 --- [kground-preinit] o.apache.tomcat.util.digester.Digester   :   Fire body() for ObjectCreateRule[className=org.apache.tomcat.util.modeler.AttributeInfo, attributeName=null]
2019-12-06 11:18:41.059 DEBUG 7503 --- [kground-preinit] o.apache.tomcat.util.digester.Digester   :   Fire body() for SetPropertiesRule[]
2019-12-06 11:18:41.059 DEBUG 7503 --- [kground-preinit] o.apache.tomcat.util.digester.Digester   :   Fire body() for SetNextRule[methodName=addAttribute, paramType=org.apache.tomcat.util.modeler.AttributeInfo]
2019-12-06 11:18:41.059 DEBUG 7503 --- [kground-preinit] o.apache.tomcat.util.digester.Digester   :   Fire end() for SetNextRule[methodName=addAttribute, paramType=org.apache.tomcat.util.modeler.AttributeInfo]
2019-12-06 11:18:41.059 DEBUG 7503 --- [kground-preinit] o.apache.tomcat.util.digester.Digester   : [SetNextRule]{mbeans-descriptors/mbean/attribute} Call org.apache.tomcat.util.modeler.ManagedBean.addAttribute(org.apache.tomcat.util.modeler.AttributeInfo@5c9dc308)
2019-12-06 11:18:41.059 DEBUG 7503 --- [kground-preinit] o.apache.tomcat.util.IntrospectionUtils  : IntrospectionUtils: callMethod1 org.apache.tomcat.util.modeler.ManagedBean org.apache.tomcat.util.modeler.AttributeInfo org.apache.tomcat.util.modeler.AttributeInfo
2019-12-06 11:18:41.059 DEBUG 7503 --- [kground-preinit] o.apache.tomcat.util.digester.Digester   :   Fire end() for SetPropertiesRule[]
2019-12-06 11:18:41.059 DEBUG 7503 --- [kground-preinit] o.apache.tomcat.util.digester.Digester   :   Fire end() for ObjectCreateRule[className=org.apache.tomcat.util.modeler.AttributeInfo, attributeName=null]
2019-12-06 11:18:41.059 DEBUG 7503 --- [kground-preinit] o.apache.tomcat.util.digester.Digester   : [ObjectCreateRule]{mbeans-descriptors/mbean/attribute} Pop org.apache.tomcat.util.modeler.AttributeInfo
2019-12-06 11:18:41.060 DEBUG 7503 --- [kground-preinit] o.a.tomcat.util.digester.Digester.sax    : characters(

    )
2019-12-06 11:18:41.060 DEBUG 7503 --- [kground-preinit] o.a.tomcat.util.digester.Digester.sax    : startElement(,,attribute)
2019-12-06 11:18:41.060 DEBUG 7503 --- [kground-preinit] o.apache.tomcat.util.digester.Digester   :   New match='mbeans-descriptors/mbean/attribute'
2019-12-06 11:18:41.060 DEBUG 7503 --- [kground-preinit] o.apache.tomcat.util.digester.Digester   :   Fire begin() for ObjectCreateRule[className=org.apache.tomcat.util.modeler.AttributeInfo, attributeName=null]
2019-12-06 11:18:41.060 DEBUG 7503 --- [kground-preinit] o.apache.tomcat.util.digester.Digester   :   Fire begin() for SetPropertiesRule[]
2019-12-06 11:18:41.060 DEBUG 7503 --- [kground-preinit] o.apache.tomcat.util.digester.Digester   : [SetPropertiesRule]{mbeans-descriptors/mbean/attribute} Set org.apache.tomcat.util.modeler.AttributeInfo properties
2019-12-06 11:18:41.060 DEBUG 7503 --- [kground-preinit] o.apache.tomcat.util.digester.Digester   : [SetPropertiesRule]{mbeans-descriptors/mbean/attribute} Setting property 'name' to 'clearReferencesStopThreads'
2019-12-06 11:18:41.060 DEBUG 7503 --- [kground-preinit] o.apache.tomcat.util.IntrospectionUtils  : IntrospectionUtils: setProperty(class org.apache.tomcat.util.modeler.AttributeInfo name=clearReferencesStopThreads)
2019-12-06 11:18:41.060 DEBUG 7503 --- [kground-preinit] o.apache.tomcat.util.digester.Digester   : [SetPropertiesRule]{mbeans-descriptors/mbean/attribute} Setting property 'description' to 'Should Tomcat attempt to terminate threads that have been started by the web application? Advisable to be used only in a development environment.'
2019-12-06 11:18:41.060 DEBUG 7503 --- [kground-preinit] o.apache.tomcat.util.IntrospectionUtils  : IntrospectionUtils: setProperty(class org.apache.tomcat.util.modeler.AttributeInfo description=Should Tomcat attempt to terminate threads that have been started by the web application? Advisable to be used only in a development environment.)
2019-12-06 11:18:41.061 DEBUG 7503 --- [kground-preinit] o.apache.tomcat.util.digester.Digester   : [SetPropertiesRule]{mbeans-descriptors/mbean/attribute} Setting property 'type' to 'boolean'
2019-12-06 11:18:41.061 DEBUG 7503 --- [kground-preinit] o.apache.tomcat.util.IntrospectionUtils  : IntrospectionUtils: setProperty(class org.apache.tomcat.util.modeler.AttributeInfo type=boolean)
2019-12-06 11:18:41.061 DEBUG 7503 --- [kground-preinit] o.apache.tomcat.util.digester.Digester   :   Fire begin() for SetNextRule[methodName=addAttribute, paramType=org.apache.tomcat.util.modeler.AttributeInfo]
2019-12-06 11:18:41.061 DEBUG 7503 --- [kground-preinit] o.a.tomcat.util.digester.Digester.sax    : endElement(,,attribute)
2019-12-06 11:18:41.061 DEBUG 7503 --- [kground-preinit] o.apache.tomcat.util.digester.Digester   :   match='mbeans-descriptors/mbean/attribute'
2019-12-06 11:18:41.061 DEBUG 7503 --- [kground-preinit] o.apache.tomcat.util.digester.Digester   :   bodyText=''
2019-12-06 11:18:41.061 DEBUG 7503 --- [kground-preinit] o.apache.tomcat.util.digester.Digester   :   Fire body() for ObjectCreateRule[className=org.apache.tomcat.util.modeler.AttributeInfo, attributeName=null]
2019-12-06 11:18:41.061 DEBUG 7503 --- [kground-preinit] o.apache.tomcat.util.digester.Digester   :   Fire body() for SetPropertiesRule[]
2019-12-06 11:18:41.061 DEBUG 7503 --- [kground-preinit] o.apache.tomcat.util.digester.Digester   :   Fire body() for SetNextRule[methodName=addAttribute, paramType=org.apache.tomcat.util.modeler.AttributeInfo]
2019-12-06 11:18:41.061 DEBUG 7503 --- [kground-preinit] o.apache.tomcat.util.digester.Digester   :   Fire end() for SetNextRule[methodName=addAttribute, paramType=org.apache.tomcat.util.modeler.AttributeInfo]
2019-12-06 11:18:41.062 DEBUG 7503 --- [kground-preinit] o.apache.tomcat.util.digester.Digester   : [SetNextRule]{mbeans-descriptors/mbean/attribute} Call org.apache.tomcat.util.modeler.ManagedBean.addAttribute(org.apache.tomcat.util.modeler.AttributeInfo@7500a3d)
2019-12-06 11:18:41.062 DEBUG 7503 --- [kground-preinit] o.apache.tomcat.util.IntrospectionUtils  : IntrospectionUtils: callMethod1 org.apache.tomcat.util.modeler.ManagedBean org.apache.tomcat.util.modeler.AttributeInfo org.apache.tomcat.util.modeler.AttributeInfo
2019-12-06 11:18:41.062 DEBUG 7503 --- [kground-preinit] o.apache.tomcat.util.digester.Digester   :   Fire end() for SetPropertiesRule[]
2019-12-06 11:18:41.062 DEBUG 7503 --- [kground-preinit] o.apache.tomcat.util.digester.Digester   :   Fire end() for ObjectCreateRule[className=org.apache.tomcat.util.modeler.AttributeInfo, attributeName=null]
2019-12-06 11:18:41.062 DEBUG 7503 --- [kground-preinit] o.apache.tomcat.util.digester.Digester   : [ObjectCreateRule]{mbeans-descriptors/mbean/attribute} Pop org.apache.tomcat.util.modeler.AttributeInfo
2019-12-06 11:18:41.062 DEBUG 7503 --- [kground-preinit] o.a.tomcat.util.digester.Digester.sax    : characters(

    )
2019-12-06 11:18:41.062 DEBUG 7503 --- [kground-preinit] o.a.tomcat.util.digester.Digester.sax    : startElement(,,attribute)
2019-12-06 11:18:41.062 DEBUG 7503 --- [kground-preinit] o.apache.tomcat.util.digester.Digester   :   New match='mbeans-descriptors/mbean/attribute'
2019-12-06 11:18:41.062 DEBUG 7503 --- [kground-preinit] o.apache.tomcat.util.digester.Digester   :   Fire begin() for ObjectCreateRule[className=org.apache.tomcat.util.modeler.AttributeInfo, attributeName=null]
2019-12-06 11:18:41.062 DEBUG 7503 --- [kground-preinit] o.apache.tomcat.util.digester.Digester   :   Fire begin() for SetPropertiesRule[]
2019-12-06 11:18:41.062 DEBUG 7503 --- [kground-preinit] o.apache.tomcat.util.digester.Digester   : [SetPropertiesRule]{mbeans-descriptors/mbean/attribute} Set org.apache.tomcat.util.modeler.AttributeInfo properties
2019-12-06 11:18:41.063 DEBUG 7503 --- [kground-preinit] o.apache.tomcat.util.digester.Digester   : [SetPropertiesRule]{mbeans-descriptors/mbean/attribute} Setting property 'name' to 'clearReferencesStopTimerThreads'
2019-12-06 11:18:41.063 DEBUG 7503 --- [kground-preinit] o.apache.tomcat.util.IntrospectionUtils  : IntrospectionUtils: setProperty(class org.apache.tomcat.util.modeler.AttributeInfo name=clearReferencesStopTimerThreads)
2019-12-06 11:18:41.063 DEBUG 7503 --- [kground-preinit] o.apache.tomcat.util.digester.Digester   : [SetPropertiesRule]{mbeans-descriptors/mbean/attribute} Setting property 'description' to 'Should Tomcat attempt to terminate TimerThreads that have been started by the web application? Advisable to be used only in a development environment.'
2019-12-06 11:18:41.063 DEBUG 7503 --- [kground-preinit] o.apache.tomcat.util.IntrospectionUtils  : IntrospectionUtils: setProperty(class org.apache.tomcat.util.modeler.AttributeInfo description=Should Tomcat attempt to terminate TimerThreads that have been started by the web application? Advisable to be used only in a development environment.)
2019-12-06 11:18:41.063 DEBUG 7503 --- [kground-preinit] o.apache.tomcat.util.digester.Digester   : [SetPropertiesRule]{mbeans-descriptors/mbean/attribute} Setting property 'type' to 'boolean'
2019-12-06 11:18:41.063 DEBUG 7503 --- [kground-preinit] o.apache.tomcat.util.IntrospectionUtils  : IntrospectionUtils: setProperty(class org.apache.tomcat.util.modeler.AttributeInfo type=boolean)
2019-12-06 11:18:41.063 DEBUG 7503 --- [kground-preinit] o.apache.tomcat.util.digester.Digester   :   Fire begin() for SetNextRule[methodName=addAttribute, paramType=org.apache.tomcat.util.modeler.AttributeInfo]
2019-12-06 11:18:41.063 DEBUG 7503 --- [kground-preinit] o.a.tomcat.util.digester.Digester.sax    : endElement(,,attribute)
2019-12-06 11:18:41.064 DEBUG 7503 --- [kground-preinit] o.apache.tomcat.util.digester.Digester   :   match='mbeans-descriptors/mbean/attribute'
2019-12-06 11:18:41.064 DEBUG 7503 --- [kground-preinit] o.apache.tomcat.util.digester.Digester   :   bodyText=''
2019-12-06 11:18:41.064 DEBUG 7503 --- [kground-preinit] o.apache.tomcat.util.digester.Digester   :   Fire body() for ObjectCreateRule[className=org.apache.tomcat.util.modeler.AttributeInfo, attributeName=null]
2019-12-06 11:18:41.064 DEBUG 7503 --- [kground-preinit] o.apache.tomcat.util.digester.Digester   :   Fire body() for SetPropertiesRule[]
2019-12-06 11:18:41.064 DEBUG 7503 --- [kground-preinit] o.apache.tomcat.util.digester.Digester   :   Fire body() for SetNextRule[methodName=addAttribute, paramType=org.apache.tomcat.util.modeler.AttributeInfo]
2019-12-06 11:18:41.064 DEBUG 7503 --- [kground-preinit] o.apache.tomcat.util.digester.Digester   :   Fire end() for SetNextRule[methodName=addAttribute, paramType=org.apache.tomcat.util.modeler.AttributeInfo]
2019-12-06 11:18:41.064 DEBUG 7503 --- [kground-preinit] o.apache.tomcat.util.digester.Digester   : [SetNextRule]{mbeans-descriptors/mbean/attribute} Call org.apache.tomcat.util.modeler.ManagedBean.addAttribute(org.apache.tomcat.util.modeler.AttributeInfo@42136a75)
2019-12-06 11:18:41.064 DEBUG 7503 --- [kground-preinit] o.apache.tomcat.util.IntrospectionUtils  : IntrospectionUtils: callMethod1 org.apache.tomcat.util.modeler.ManagedBean org.apache.tomcat.util.modeler.AttributeInfo org.apache.tomcat.util.modeler.AttributeInfo
2019-12-06 11:18:41.065 DEBUG 7503 --- [kground-preinit] o.apache.tomcat.util.digester.Digester   :   Fire end() for SetPropertiesRule[]
2019-12-06 11:18:41.065 DEBUG 7503 --- [kground-preinit] o.apache.tomcat.util.digester.Digester   :   Fire end() for ObjectCreateRule[className=org.apache.tomcat.util.modeler.AttributeInfo, attributeName=null]
2019-12-06 11:18:41.065 DEBUG 7503 --- [kground-preinit] o.apache.tomcat.util.digester.Digester   : [ObjectCreateRule]{mbeans-descriptors/mbean/attribute} Pop org.apache.tomcat.util.modeler.AttributeInfo
2019-12-06 11:18:41.065 DEBUG 7503 --- [kground-preinit] o.a.tomcat.util.digester.Digester.sax    : characters(

    )
2019-12-06 11:18:41.065 DEBUG 7503 --- [kground-preinit] o.a.tomcat.util.digester.Digester.sax    : startElement(,,attribute)
2019-12-06 11:18:41.065 DEBUG 7503 --- [kground-preinit] o.apache.tomcat.util.digester.Digester   :   New match='mbeans-descriptors/mbean/attribute'
2019-12-06 11:18:41.066 DEBUG 7503 --- [kground-preinit] o.apache.tomcat.util.digester.Digester   :   Fire begin() for ObjectCreateRule[className=org.apache.tomcat.util.modeler.AttributeInfo, attributeName=null]
2019-12-06 11:18:41.066 DEBUG 7503 --- [kground-preinit] o.apache.tomcat.util.digester.Digester   :   Fire begin() for SetPropertiesRule[]
2019-12-06 11:18:41.066 DEBUG 7503 --- [kground-preinit] o.apache.tomcat.util.digester.Digester   : [SetPropertiesRule]{mbeans-descriptors/mbean/attribute} Set org.apache.tomcat.util.modeler.AttributeInfo properties
2019-12-06 11:18:41.066 DEBUG 7503 --- [kground-preinit] o.apache.tomcat.util.digester.Digester   : [SetPropertiesRule]{mbeans-descriptors/mbean/attribute} Setting property 'name' to 'clearReferencesThreadLocals'
2019-12-06 11:18:41.066 DEBUG 7503 --- [kground-preinit] o.apache.tomcat.util.IntrospectionUtils  : IntrospectionUtils: setProperty(class org.apache.tomcat.util.modeler.AttributeInfo name=clearReferencesThreadLocals)
2019-12-06 11:18:41.066 DEBUG 7503 --- [kground-preinit] o.apache.tomcat.util.digester.Digester   : [SetPropertiesRule]{mbeans-descriptors/mbean/attribute} Setting property 'description' to 'Should Tomcat attempt to clear ThreadLocal variables that have been populated with classes loaded by the web application?'
2019-12-06 11:18:41.066 DEBUG 7503 --- [kground-preinit] o.apache.tomcat.util.IntrospectionUtils  : IntrospectionUtils: setProperty(class org.apache.tomcat.util.modeler.AttributeInfo description=Should Tomcat attempt to clear ThreadLocal variables that have been populated with classes loaded by the web application?)
2019-12-06 11:18:41.066 DEBUG 7503 --- [kground-preinit] o.apache.tomcat.util.digester.Digester   : [SetPropertiesRule]{mbeans-descriptors/mbean/attribute} Setting property 'type' to 'boolean'
2019-12-06 11:18:41.066 DEBUG 7503 --- [kground-preinit] o.apache.tomcat.util.IntrospectionUtils  : IntrospectionUtils: setProperty(class org.apache.tomcat.util.modeler.AttributeInfo type=boolean)
2019-12-06 11:18:41.066 DEBUG 7503 --- [kground-preinit] o.apache.tomcat.util.digester.Digester   :   Fire begin() for SetNextRule[methodName=addAttribute, paramType=org.apache.tomcat.util.modeler.AttributeInfo]
2019-12-06 11:18:41.066 DEBUG 7503 --- [kground-preinit] o.a.tomcat.util.digester.Digester.sax    : endElement(,,attribute)
2019-12-06 11:18:41.067 DEBUG 7503 --- [kground-preinit] o.apache.tomcat.util.digester.Digester   :   match='mbeans-descriptors/mbean/attribute'
2019-12-06 11:18:41.067 DEBUG 7503 --- [kground-preinit] o.apache.tomcat.util.digester.Digester   :   bodyText=''
2019-12-06 11:18:41.067 DEBUG 7503 --- [kground-preinit] o.apache.tomcat.util.digester.Digester   :   Fire body() for ObjectCreateRule[className=org.apache.tomcat.util.modeler.AttributeInfo, attributeName=null]
2019-12-06 11:18:41.067 DEBUG 7503 --- [kground-preinit] o.apache.tomcat.util.digester.Digester   :   Fire body() for SetPropertiesRule[]
2019-12-06 11:18:41.067 DEBUG 7503 --- [kground-preinit] o.apache.tomcat.util.digester.Digester   :   Fire body() for SetNextRule[methodName=addAttribute, paramType=org.apache.tomcat.util.modeler.AttributeInfo]
2019-12-06 11:18:41.067 DEBUG 7503 --- [kground-preinit] o.apache.tomcat.util.digester.Digester   :   Fire end() for SetNextRule[methodName=addAttribute, paramType=org.apache.tomcat.util.modeler.AttributeInfo]
2019-12-06 11:18:41.067 DEBUG 7503 --- [kground-preinit] o.apache.tomcat.util.digester.Digester   : [SetNextRule]{mbeans-descriptors/mbean/attribute} Call org.apache.tomcat.util.modeler.ManagedBean.addAttribute(org.apache.tomcat.util.modeler.AttributeInfo@6f73f8a3)
2019-12-06 11:18:41.067 DEBUG 7503 --- [kground-preinit] o.apache.tomcat.util.IntrospectionUtils  : IntrospectionUtils: callMethod1 org.apache.tomcat.util.modeler.ManagedBean org.apache.tomcat.util.modeler.AttributeInfo org.apache.tomcat.util.modeler.AttributeInfo
2019-12-06 11:18:41.067 DEBUG 7503 --- [kground-preinit] o.apache.tomcat.util.digester.Digester   :   Fire end() for SetPropertiesRule[]
2019-12-06 11:18:41.067 DEBUG 7503 --- [kground-preinit] o.apache.tomcat.util.digester.Digester   :   Fire end() for ObjectCreateRule[className=org.apache.tomcat.util.modeler.AttributeInfo, attributeName=null]
2019-12-06 11:18:41.067 DEBUG 7503 --- [kground-preinit] o.apache.tomcat.util.digester.Digester   : [ObjectCreateRule]{mbeans-descriptors/mbean/attribute} Pop org.apache.tomcat.util.modeler.AttributeInfo
2019-12-06 11:18:41.067 DEBUG 7503 --- [kground-preinit] o.a.tomcat.util.digester.Digester.sax    : characters(

    )
2019-12-06 11:18:41.068 DEBUG 7503 --- [kground-preinit] o.a.tomcat.util.digester.Digester.sax    : startElement(,,attribute)
2019-12-06 11:18:41.068 DEBUG 7503 --- [kground-preinit] o.apache.tomcat.util.digester.Digester   :   New match='mbeans-descriptors/mbean/attribute'
2019-12-06 11:18:41.068 DEBUG 7503 --- [kground-preinit] o.apache.tomcat.util.digester.Digester   :   Fire begin() for ObjectCreateRule[className=org.apache.tomcat.util.modeler.AttributeInfo, attributeName=null]
2019-12-06 11:18:41.068 DEBUG 7503 --- [kground-preinit] o.apache.tomcat.util.digester.Digester   :   Fire begin() for SetPropertiesRule[]
2019-12-06 11:18:41.068 DEBUG 7503 --- [kground-preinit] o.apache.tomcat.util.digester.Digester   : [SetPropertiesRule]{mbeans-descriptors/mbean/attribute} Set org.apache.tomcat.util.modeler.AttributeInfo properties
2019-12-06 11:18:41.068 DEBUG 7503 --- [kground-preinit] o.apache.tomcat.util.digester.Digester   : [SetPropertiesRule]{mbeans-descriptors/mbean/attribute} Setting property 'name' to 'configFile'
2019-12-06 11:18:41.068 DEBUG 7503 --- [kground-preinit] o.apache.tomcat.util.IntrospectionUtils  : IntrospectionUtils: setProperty(class org.apache.tomcat.util.modeler.AttributeInfo name=configFile)
2019-12-06 11:18:41.068 DEBUG 7503 --- [kground-preinit] o.apache.tomcat.util.digester.Digester   : [SetPropertiesRule]{mbeans-descriptors/mbean/attribute} Setting property 'description' to 'Location of the context.xml resource or file'
2019-12-06 11:18:41.068 DEBUG 7503 --- [kground-preinit] o.apache.tomcat.util.IntrospectionUtils  : IntrospectionUtils: setProperty(class org.apache.tomcat.util.modeler.AttributeInfo description=Location of the context.xml resource or file)
2019-12-06 11:18:41.069 DEBUG 7503 --- [kground-preinit] o.apache.tomcat.util.digester.Digester   : [SetPropertiesRule]{mbeans-descriptors/mbean/attribute} Setting property 'type' to 'java.net.URL'
2019-12-06 11:18:41.069 DEBUG 7503 --- [kground-preinit] o.apache.tomcat.util.IntrospectionUtils  : IntrospectionUtils: setProperty(class org.apache.tomcat.util.modeler.AttributeInfo type=java.net.URL)
2019-12-06 11:18:41.069 DEBUG 7503 --- [kground-preinit] o.apache.tomcat.util.digester.Digester   :   Fire begin() for SetNextRule[methodName=addAttribute, paramType=org.apache.tomcat.util.modeler.AttributeInfo]
2019-12-06 11:18:41.069 DEBUG 7503 --- [kground-preinit] o.a.tomcat.util.digester.Digester.sax    : endElement(,,attribute)
2019-12-06 11:18:41.069 DEBUG 7503 --- [kground-preinit] o.apache.tomcat.util.digester.Digester   :   match='mbeans-descriptors/mbean/attribute'
2019-12-06 11:18:41.069 DEBUG 7503 --- [kground-preinit] o.apache.tomcat.util.digester.Digester   :   bodyText=''
2019-12-06 11:18:41.069 DEBUG 7503 --- [kground-preinit] o.apache.tomcat.util.digester.Digester   :   Fire body() for ObjectCreateRule[className=org.apache.tomcat.util.modeler.AttributeInfo, attributeName=null]
2019-12-06 11:18:41.069 DEBUG 7503 --- [kground-preinit] o.apache.tomcat.util.digester.Digester   :   Fire body() for SetPropertiesRule[]
2019-12-06 11:18:41.069 DEBUG 7503 --- [kground-preinit] o.apache.tomcat.util.digester.Digester   :   Fire body() for SetNextRule[methodName=addAttribute, paramType=org.apache.tomcat.util.modeler.AttributeInfo]
2019-12-06 11:18:41.069 DEBUG 7503 --- [kground-preinit] o.apache.tomcat.util.digester.Digester   :   Fire end() for SetNextRule[methodName=addAttribute, paramType=org.apache.tomcat.util.modeler.AttributeInfo]
2019-12-06 11:18:41.069 DEBUG 7503 --- [kground-preinit] o.apache.tomcat.util.digester.Digester   : [SetNextRule]{mbeans-descriptors/mbean/attribute} Call org.apache.tomcat.util.modeler.ManagedBean.addAttribute(org.apache.tomcat.util.modeler.AttributeInfo@5dc4e3c6)
2019-12-06 11:18:41.069 DEBUG 7503 --- [kground-preinit] o.apache.tomcat.util.IntrospectionUtils  : IntrospectionUtils: callMethod1 org.apache.tomcat.util.modeler.ManagedBean org.apache.tomcat.util.modeler.AttributeInfo org.apache.tomcat.util.modeler.AttributeInfo
2019-12-06 11:18:41.070 DEBUG 7503 --- [kground-preinit] o.apache.tomcat.util.digester.Digester   :   Fire end() for SetPropertiesRule[]
2019-12-06 11:18:41.070 DEBUG 7503 --- [kground-preinit] o.apache.tomcat.util.digester.Digester   :   Fire end() for ObjectCreateRule[className=org.apache.tomcat.util.modeler.AttributeInfo, attributeName=null]
2019-12-06 11:18:41.070 DEBUG 7503 --- [kground-preinit] o.apache.tomcat.util.digester.Digester   : [ObjectCreateRule]{mbeans-descriptors/mbean/attribute} Pop org.apache.tomcat.util.modeler.AttributeInfo
2019-12-06 11:18:41.070 DEBUG 7503 --- [kground-preinit] o.a.tomcat.util.digester.Digester.sax    : characters(

    )
2019-12-06 11:18:41.071 DEBUG 7503 --- [kground-preinit] o.a.tomcat.util.digester.Digester.sax    : startElement(,,attribute)
2019-12-06 11:18:41.071 DEBUG 7503 --- [kground-preinit] o.apache.tomcat.util.digester.Digester   :   New match='mbeans-descriptors/mbean/attribute'
2019-12-06 11:18:41.071 DEBUG 7503 --- [kground-preinit] o.apache.tomcat.util.digester.Digester   :   Fire begin() for ObjectCreateRule[className=org.apache.tomcat.util.modeler.AttributeInfo, attributeName=null]
2019-12-06 11:18:41.072 DEBUG 7503 --- [kground-preinit] o.apache.tomcat.util.digester.Digester   :   Fire begin() for SetPropertiesRule[]
2019-12-06 11:18:41.072 DEBUG 7503 --- [kground-preinit] o.apache.tomcat.util.digester.Digester   : [SetPropertiesRule]{mbeans-descriptors/mbean/attribute} Set org.apache.tomcat.util.modeler.AttributeInfo properties
2019-12-06 11:18:41.072 DEBUG 7503 --- [kground-preinit] o.apache.tomcat.util.digester.Digester   : [SetPropertiesRule]{mbeans-descriptors/mbean/attribute} Setting property 'name' to 'configured'
2019-12-06 11:18:41.072 DEBUG 7503 --- [kground-preinit] o.apache.tomcat.util.IntrospectionUtils  : IntrospectionUtils: setProperty(class org.apache.tomcat.util.modeler.AttributeInfo name=configured)
2019-12-06 11:18:41.072 DEBUG 7503 --- [kground-preinit] o.apache.tomcat.util.digester.Digester   : [SetPropertiesRule]{mbeans-descriptors/mbean/attribute} Setting property 'description' to 'The correctly configured flag for this Context.'
2019-12-06 11:18:41.072 DEBUG 7503 --- [kground-preinit] o.apache.tomcat.util.IntrospectionUtils  : IntrospectionUtils: setProperty(class org.apache.tomcat.util.modeler.AttributeInfo description=The correctly configured flag for this Context.)
2019-12-06 11:18:41.072 DEBUG 7503 --- [kground-preinit] o.apache.tomcat.util.digester.Digester   : [SetPropertiesRule]{mbeans-descriptors/mbean/attribute} Setting property 'type' to 'boolean'
2019-12-06 11:18:41.072 DEBUG 7503 --- [kground-preinit] o.apache.tomcat.util.IntrospectionUtils  : IntrospectionUtils: setProperty(class org.apache.tomcat.util.modeler.AttributeInfo type=boolean)
2019-12-06 11:18:41.072 DEBUG 7503 --- [kground-preinit] o.apache.tomcat.util.digester.Digester   : [SetPropertiesRule]{mbeans-descriptors/mbean/attribute} Setting property 'writeable' to 'false'
2019-12-06 11:18:41.072 DEBUG 7503 --- [kground-preinit] o.apache.tomcat.util.IntrospectionUtils  : IntrospectionUtils: setProperty(class org.apache.tomcat.util.modeler.AttributeInfo writeable=false)
2019-12-06 11:18:41.073 DEBUG 7503 --- [kground-preinit] o.apache.tomcat.util.digester.Digester   :   Fire begin() for SetNextRule[methodName=addAttribute, paramType=org.apache.tomcat.util.modeler.AttributeInfo]
2019-12-06 11:18:41.073 DEBUG 7503 --- [kground-preinit] o.a.tomcat.util.digester.Digester.sax    : endElement(,,attribute)
2019-12-06 11:18:41.073 DEBUG 7503 --- [kground-preinit] o.apache.tomcat.util.digester.Digester   :   match='mbeans-descriptors/mbean/attribute'
2019-12-06 11:18:41.073 DEBUG 7503 --- [kground-preinit] o.apache.tomcat.util.digester.Digester   :   bodyText=''
2019-12-06 11:18:41.073 DEBUG 7503 --- [kground-preinit] o.apache.tomcat.util.digester.Digester   :   Fire body() for ObjectCreateRule[className=org.apache.tomcat.util.modeler.AttributeInfo, attributeName=null]
2019-12-06 11:18:41.073 DEBUG 7503 --- [kground-preinit] o.apache.tomcat.util.digester.Digester   :   Fire body() for SetPropertiesRule[]
2019-12-06 11:18:41.073 DEBUG 7503 --- [kground-preinit] o.apache.tomcat.util.digester.Digester   :   Fire body() for SetNextRule[methodName=addAttribute, paramType=org.apache.tomcat.util.modeler.AttributeInfo]
2019-12-06 11:18:41.073 DEBUG 7503 --- [kground-preinit] o.apache.tomcat.util.digester.Digester   :   Fire end() for SetNextRule[methodName=addAttribute, paramType=org.apache.tomcat.util.modeler.AttributeInfo]
2019-12-06 11:18:41.073 DEBUG 7503 --- [kground-preinit] o.apache.tomcat.util.digester.Digester   : [SetNextRule]{mbeans-descriptors/mbean/attribute} Call org.apache.tomcat.util.modeler.ManagedBean.addAttribute(org.apache.tomcat.util.modeler.AttributeInfo@5ac21ba1)
2019-12-06 11:18:41.074 DEBUG 7503 --- [kground-preinit] o.apache.tomcat.util.IntrospectionUtils  : IntrospectionUtils: callMethod1 org.apache.tomcat.util.modeler.ManagedBean org.apache.tomcat.util.modeler.AttributeInfo org.apache.tomcat.util.modeler.AttributeInfo
2019-12-06 11:18:41.074 DEBUG 7503 --- [kground-preinit] o.apache.tomcat.util.digester.Digester   :   Fire end() for SetPropertiesRule[]
2019-12-06 11:18:41.074 DEBUG 7503 --- [kground-preinit] o.apache.tomcat.util.digester.Digester   :   Fire end() for ObjectCreateRule[className=org.apache.tomcat.util.modeler.AttributeInfo, attributeName=null]
2019-12-06 11:18:41.074 DEBUG 7503 --- [kground-preinit] o.apache.tomcat.util.digester.Digester   : [ObjectCreateRule]{mbeans-descriptors/mbean/attribute} Pop org.apache.tomcat.util.modeler.AttributeInfo
2019-12-06 11:18:41.074 DEBUG 7503 --- [kground-preinit] o.a.tomcat.util.digester.Digester.sax    : characters(

    )
2019-12-06 11:18:41.074 DEBUG 7503 --- [kground-preinit] o.a.tomcat.util.digester.Digester.sax    : startElement(,,attribute)
2019-12-06 11:18:41.074 DEBUG 7503 --- [kground-preinit] o.apache.tomcat.util.digester.Digester   :   New match='mbeans-descriptors/mbean/attribute'
2019-12-06 11:18:41.074 DEBUG 7503 --- [kground-preinit] o.apache.tomcat.util.digester.Digester   :   Fire begin() for ObjectCreateRule[className=org.apache.tomcat.util.modeler.AttributeInfo, attributeName=null]
2019-12-06 11:18:41.075 DEBUG 7503 --- [kground-preinit] o.apache.tomcat.util.digester.Digester   :   Fire begin() for SetPropertiesRule[]
2019-12-06 11:18:41.075 DEBUG 7503 --- [kground-preinit] o.apache.tomcat.util.digester.Digester   : [SetPropertiesRule]{mbeans-descriptors/mbean/attribute} Set org.apache.tomcat.util.modeler.AttributeInfo properties
2019-12-06 11:18:41.075 DEBUG 7503 --- [kground-preinit] o.apache.tomcat.util.digester.Digester   : [SetPropertiesRule]{mbeans-descriptors/mbean/attribute} Setting property 'name' to 'cookies'
2019-12-06 11:18:41.075 DEBUG 7503 --- [kground-preinit] o.apache.tomcat.util.IntrospectionUtils  : IntrospectionUtils: setProperty(class org.apache.tomcat.util.modeler.AttributeInfo name=cookies)
2019-12-06 11:18:41.075 DEBUG 7503 --- [kground-preinit] o.apache.tomcat.util.digester.Digester   : [SetPropertiesRule]{mbeans-descriptors/mbean/attribute} Setting property 'description' to 'Should we attempt to use cookies for session id communication?'
2019-12-06 11:18:41.075 DEBUG 7503 --- [kground-preinit] o.apache.tomcat.util.IntrospectionUtils  : IntrospectionUtils: setProperty(class org.apache.tomcat.util.modeler.AttributeInfo description=Should we attempt to use cookies for session id communication?)
2019-12-06 11:18:41.075 DEBUG 7503 --- [kground-preinit] o.apache.tomcat.util.digester.Digester   : [SetPropertiesRule]{mbeans-descriptors/mbean/attribute} Setting property 'type' to 'boolean'
2019-12-06 11:18:41.075 DEBUG 7503 --- [kground-preinit] o.apache.tomcat.util.IntrospectionUtils  : IntrospectionUtils: setProperty(class org.apache.tomcat.util.modeler.AttributeInfo type=boolean)
2019-12-06 11:18:41.075 DEBUG 7503 --- [kground-preinit] o.apache.tomcat.util.digester.Digester   :   Fire begin() for SetNextRule[methodName=addAttribute, paramType=org.apache.tomcat.util.modeler.AttributeInfo]
2019-12-06 11:18:41.075 DEBUG 7503 --- [kground-preinit] o.a.tomcat.util.digester.Digester.sax    : endElement(,,attribute)
2019-12-06 11:18:41.075 DEBUG 7503 --- [kground-preinit] o.apache.tomcat.util.digester.Digester   :   match='mbeans-descriptors/mbean/attribute'
2019-12-06 11:18:41.076 DEBUG 7503 --- [kground-preinit] o.apache.tomcat.util.digester.Digester   :   bodyText=''
2019-12-06 11:18:41.076 DEBUG 7503 --- [kground-preinit] o.apache.tomcat.util.digester.Digester   :   Fire body() for ObjectCreateRule[className=org.apache.tomcat.util.modeler.AttributeInfo, attributeName=null]
2019-12-06 11:18:41.076 DEBUG 7503 --- [kground-preinit] o.apache.tomcat.util.digester.Digester   :   Fire body() for SetPropertiesRule[]
2019-12-06 11:18:41.076 DEBUG 7503 --- [kground-preinit] o.apache.tomcat.util.digester.Digester   :   Fire body() for SetNextRule[methodName=addAttribute, paramType=org.apache.tomcat.util.modeler.AttributeInfo]
2019-12-06 11:18:41.076 DEBUG 7503 --- [kground-preinit] o.apache.tomcat.util.digester.Digester   :   Fire end() for SetNextRule[methodName=addAttribute, paramType=org.apache.tomcat.util.modeler.AttributeInfo]
2019-12-06 11:18:41.076 DEBUG 7503 --- [kground-preinit] o.apache.tomcat.util.digester.Digester   : [SetNextRule]{mbeans-descriptors/mbean/attribute} Call org.apache.tomcat.util.modeler.ManagedBean.addAttribute(org.apache.tomcat.util.modeler.AttributeInfo@3db824e)
2019-12-06 11:18:41.076 DEBUG 7503 --- [kground-preinit] o.apache.tomcat.util.IntrospectionUtils  : IntrospectionUtils: callMethod1 org.apache.tomcat.util.modeler.ManagedBean org.apache.tomcat.util.modeler.AttributeInfo org.apache.tomcat.util.modeler.AttributeInfo
2019-12-06 11:18:41.076 DEBUG 7503 --- [kground-preinit] o.apache.tomcat.util.digester.Digester   :   Fire end() for SetPropertiesRule[]
2019-12-06 11:18:41.076 DEBUG 7503 --- [kground-preinit] o.apache.tomcat.util.digester.Digester   :   Fire end() for ObjectCreateRule[className=org.apache.tomcat.util.modeler.AttributeInfo, attributeName=null]
2019-12-06 11:18:41.076 DEBUG 7503 --- [kground-preinit] o.apache.tomcat.util.digester.Digester   : [ObjectCreateRule]{mbeans-descriptors/mbean/attribute} Pop org.apache.tomcat.util.modeler.AttributeInfo
2019-12-06 11:18:41.076 DEBUG 7503 --- [kground-preinit] o.a.tomcat.util.digester.Digester.sax    : characters(

    )
2019-12-06 11:18:41.077 DEBUG 7503 --- [kground-preinit] o.a.tomcat.util.digester.Digester.sax    : startElement(,,attribute)
2019-12-06 11:18:41.077 DEBUG 7503 --- [kground-preinit] o.apache.tomcat.util.digester.Digester   :   New match='mbeans-descriptors/mbean/attribute'
2019-12-06 11:18:41.077 DEBUG 7503 --- [kground-preinit] o.apache.tomcat.util.digester.Digester   :   Fire begin() for ObjectCreateRule[className=org.apache.tomcat.util.modeler.AttributeInfo, attributeName=null]
2019-12-06 11:18:41.077 DEBUG 7503 --- [kground-preinit] o.apache.tomcat.util.digester.Digester   :   Fire begin() for SetPropertiesRule[]
2019-12-06 11:18:41.077 DEBUG 7503 --- [kground-preinit] o.apache.tomcat.util.digester.Digester   : [SetPropertiesRule]{mbeans-descriptors/mbean/attribute} Set org.apache.tomcat.util.modeler.AttributeInfo properties
2019-12-06 11:18:41.077 DEBUG 7503 --- [kground-preinit] o.apache.tomcat.util.digester.Digester   : [SetPropertiesRule]{mbeans-descriptors/mbean/attribute} Setting property 'name' to 'crossContext'
2019-12-06 11:18:41.077 DEBUG 7503 --- [kground-preinit] o.apache.tomcat.util.IntrospectionUtils  : IntrospectionUtils: setProperty(class org.apache.tomcat.util.modeler.AttributeInfo name=crossContext)
2019-12-06 11:18:41.077 DEBUG 7503 --- [kground-preinit] o.apache.tomcat.util.digester.Digester   : [SetPropertiesRule]{mbeans-descriptors/mbean/attribute} Setting property 'description' to 'Should we allow the ServletContext.getContext() method to access the context of other web applications in this server?'
2019-12-06 11:18:41.077 DEBUG 7503 --- [kground-preinit] o.apache.tomcat.util.IntrospectionUtils  : IntrospectionUtils: setProperty(class org.apache.tomcat.util.modeler.AttributeInfo description=Should we allow the ServletContext.getContext() method to access the context of other web applications in this server?)
2019-12-06 11:18:41.077 DEBUG 7503 --- [kground-preinit] o.apache.tomcat.util.digester.Digester   : [SetPropertiesRule]{mbeans-descriptors/mbean/attribute} Setting property 'type' to 'boolean'
2019-12-06 11:18:41.077 DEBUG 7503 --- [kground-preinit] o.apache.tomcat.util.IntrospectionUtils  : IntrospectionUtils: setProperty(class org.apache.tomcat.util.modeler.AttributeInfo type=boolean)
2019-12-06 11:18:41.078 DEBUG 7503 --- [kground-preinit] o.apache.tomcat.util.digester.Digester   :   Fire begin() for SetNextRule[methodName=addAttribute, paramType=org.apache.tomcat.util.modeler.AttributeInfo]
2019-12-06 11:18:41.078 DEBUG 7503 --- [kground-preinit] o.a.tomcat.util.digester.Digester.sax    : endElement(,,attribute)
2019-12-06 11:18:41.078 DEBUG 7503 --- [kground-preinit] o.apache.tomcat.util.digester.Digester   :   match='mbeans-descriptors/mbean/attribute'
2019-12-06 11:18:41.078 DEBUG 7503 --- [kground-preinit] o.apache.tomcat.util.digester.Digester   :   bodyText=''
2019-12-06 11:18:41.078 DEBUG 7503 --- [kground-preinit] o.apache.tomcat.util.digester.Digester   :   Fire body() for ObjectCreateRule[className=org.apache.tomcat.util.modeler.AttributeInfo, attributeName=null]
2019-12-06 11:18:41.078 DEBUG 7503 --- [kground-preinit] o.apache.tomcat.util.digester.Digester   :   Fire body() for SetPropertiesRule[]
2019-12-06 11:18:41.078 DEBUG 7503 --- [kground-preinit] o.apache.tomcat.util.digester.Digester   :   Fire body() for SetNextRule[methodName=addAttribute, paramType=org.apache.tomcat.util.modeler.AttributeInfo]
2019-12-06 11:18:41.078 DEBUG 7503 --- [kground-preinit] o.apache.tomcat.util.digester.Digester   :   Fire end() for SetNextRule[methodName=addAttribute, paramType=org.apache.tomcat.util.modeler.AttributeInfo]
2019-12-06 11:18:41.078 DEBUG 7503 --- [kground-preinit] o.apache.tomcat.util.digester.Digester   : [SetNextRule]{mbeans-descriptors/mbean/attribute} Call org.apache.tomcat.util.modeler.ManagedBean.addAttribute(org.apache.tomcat.util.modeler.AttributeInfo@731dc476)
2019-12-06 11:18:41.078 DEBUG 7503 --- [kground-preinit] o.apache.tomcat.util.IntrospectionUtils  : IntrospectionUtils: callMethod1 org.apache.tomcat.util.modeler.ManagedBean org.apache.tomcat.util.modeler.AttributeInfo org.apache.tomcat.util.modeler.AttributeInfo
2019-12-06 11:18:41.078 DEBUG 7503 --- [kground-preinit] o.apache.tomcat.util.digester.Digester   :   Fire end() for SetPropertiesRule[]
2019-12-06 11:18:41.078 DEBUG 7503 --- [kground-preinit] o.apache.tomcat.util.digester.Digester   :   Fire end() for ObjectCreateRule[className=org.apache.tomcat.util.modeler.AttributeInfo, attributeName=null]
2019-12-06 11:18:41.078 DEBUG 7503 --- [kground-preinit] o.apache.tomcat.util.digester.Digester   : [ObjectCreateRule]{mbeans-descriptors/mbean/attribute} Pop org.apache.tomcat.util.modeler.AttributeInfo
2019-12-06 11:18:41.079 DEBUG 7503 --- [kground-preinit] o.a.tomcat.util.digester.Digester.sax    : characters(

    )
2019-12-06 11:18:41.079 DEBUG 7503 --- [kground-preinit] o.a.tomcat.util.digester.Digester.sax    : startElement(,,attribute)
2019-12-06 11:18:41.079 DEBUG 7503 --- [kground-preinit] o.apache.tomcat.util.digester.Digester   :   New match='mbeans-descriptors/mbean/attribute'
2019-12-06 11:18:41.079 DEBUG 7503 --- [kground-preinit] o.apache.tomcat.util.digester.Digester   :   Fire begin() for ObjectCreateRule[className=org.apache.tomcat.util.modeler.AttributeInfo, attributeName=null]
2019-12-06 11:18:41.079 DEBUG 7503 --- [kground-preinit] o.apache.tomcat.util.digester.Digester   :   Fire begin() for SetPropertiesRule[]
2019-12-06 11:18:41.079 DEBUG 7503 --- [kground-preinit] o.apache.tomcat.util.digester.Digester   : [SetPropertiesRule]{mbeans-descriptors/mbean/attribute} Set org.apache.tomcat.util.modeler.AttributeInfo properties
2019-12-06 11:18:41.079 DEBUG 7503 --- [kground-preinit] o.apache.tomcat.util.digester.Digester   : [SetPropertiesRule]{mbeans-descriptors/mbean/attribute} Setting property 'name' to 'defaultContextXml'
2019-12-06 11:18:41.079 DEBUG 7503 --- [kground-preinit] o.apache.tomcat.util.IntrospectionUtils  : IntrospectionUtils: setProperty(class org.apache.tomcat.util.modeler.AttributeInfo name=defaultContextXml)
2019-12-06 11:18:41.079 DEBUG 7503 --- [kground-preinit] o.apache.tomcat.util.digester.Digester   : [SetPropertiesRule]{mbeans-descriptors/mbean/attribute} Setting property 'description' to 'Location of the default context.xml resource or file'
2019-12-06 11:18:41.079 DEBUG 7503 --- [kground-preinit] o.apache.tomcat.util.IntrospectionUtils  : IntrospectionUtils: setProperty(class org.apache.tomcat.util.modeler.AttributeInfo description=Location of the default context.xml resource or file)
2019-12-06 11:18:41.080 DEBUG 7503 --- [kground-preinit] o.apache.tomcat.util.digester.Digester   : [SetPropertiesRule]{mbeans-descriptors/mbean/attribute} Setting property 'type' to 'java.lang.String'
2019-12-06 11:18:41.080 DEBUG 7503 --- [kground-preinit] o.apache.tomcat.util.IntrospectionUtils  : IntrospectionUtils: setProperty(class org.apache.tomcat.util.modeler.AttributeInfo type=java.lang.String)
2019-12-06 11:18:41.080 DEBUG 7503 --- [kground-preinit] o.apache.tomcat.util.digester.Digester   :   Fire begin() for SetNextRule[methodName=addAttribute, paramType=org.apache.tomcat.util.modeler.AttributeInfo]
2019-12-06 11:18:41.080 DEBUG 7503 --- [kground-preinit] o.a.tomcat.util.digester.Digester.sax    : endElement(,,attribute)
2019-12-06 11:18:41.080 DEBUG 7503 --- [kground-preinit] o.apache.tomcat.util.digester.Digester   :   match='mbeans-descriptors/mbean/attribute'
2019-12-06 11:18:41.080 DEBUG 7503 --- [kground-preinit] o.apache.tomcat.util.digester.Digester   :   bodyText=''
2019-12-06 11:18:41.080 DEBUG 7503 --- [kground-preinit] o.apache.tomcat.util.digester.Digester   :   Fire body() for ObjectCreateRule[className=org.apache.tomcat.util.modeler.AttributeInfo, attributeName=null]
2019-12-06 11:18:41.080 DEBUG 7503 --- [kground-preinit] o.apache.tomcat.util.digester.Digester   :   Fire body() for SetPropertiesRule[]
2019-12-06 11:18:41.080 DEBUG 7503 --- [kground-preinit] o.apache.tomcat.util.digester.Digester   :   Fire body() for SetNextRule[methodName=addAttribute, paramType=org.apache.tomcat.util.modeler.AttributeInfo]
2019-12-06 11:18:41.080 DEBUG 7503 --- [kground-preinit] o.apache.tomcat.util.digester.Digester   :   Fire end() for SetNextRule[methodName=addAttribute, paramType=org.apache.tomcat.util.modeler.AttributeInfo]
2019-12-06 11:18:41.081 DEBUG 7503 --- [kground-preinit] o.apache.tomcat.util.digester.Digester   : [SetNextRule]{mbeans-descriptors/mbean/attribute} Call org.apache.tomcat.util.modeler.ManagedBean.addAttribute(org.apache.tomcat.util.modeler.AttributeInfo@93dd300)
2019-12-06 11:18:41.081 DEBUG 7503 --- [kground-preinit] o.apache.tomcat.util.IntrospectionUtils  : IntrospectionUtils: callMethod1 org.apache.tomcat.util.modeler.ManagedBean org.apache.tomcat.util.modeler.AttributeInfo org.apache.tomcat.util.modeler.AttributeInfo
2019-12-06 11:18:41.081 DEBUG 7503 --- [kground-preinit] o.apache.tomcat.util.digester.Digester   :   Fire end() for SetPropertiesRule[]
2019-12-06 11:18:41.081 DEBUG 7503 --- [kground-preinit] o.apache.tomcat.util.digester.Digester   :   Fire end() for ObjectCreateRule[className=org.apache.tomcat.util.modeler.AttributeInfo, attributeName=null]
2019-12-06 11:18:41.081 DEBUG 7503 --- [kground-preinit] o.apache.tomcat.util.digester.Digester   : [ObjectCreateRule]{mbeans-descriptors/mbean/attribute} Pop org.apache.tomcat.util.modeler.AttributeInfo
2019-12-06 11:18:41.081 DEBUG 7503 --- [kground-preinit] o.a.tomcat.util.digester.Digester.sax    : characters(

    )
2019-12-06 11:18:41.081 DEBUG 7503 --- [kground-preinit] o.a.tomcat.util.digester.Digester.sax    : startElement(,,attribute)
2019-12-06 11:18:41.081 DEBUG 7503 --- [kground-preinit] o.apache.tomcat.util.digester.Digester   :   New match='mbeans-descriptors/mbean/attribute'
2019-12-06 11:18:41.081 DEBUG 7503 --- [kground-preinit] o.apache.tomcat.util.digester.Digester   :   Fire begin() for ObjectCreateRule[className=org.apache.tomcat.util.modeler.AttributeInfo, attributeName=null]
2019-12-06 11:18:41.082 DEBUG 7503 --- [kground-preinit] o.apache.tomcat.util.digester.Digester   :   Fire begin() for SetPropertiesRule[]
2019-12-06 11:18:41.082 DEBUG 7503 --- [kground-preinit] o.apache.tomcat.util.digester.Digester   : [SetPropertiesRule]{mbeans-descriptors/mbean/attribute} Set org.apache.tomcat.util.modeler.AttributeInfo properties
2019-12-06 11:18:41.082 DEBUG 7503 --- [kground-preinit] o.apache.tomcat.util.digester.Digester   : [SetPropertiesRule]{mbeans-descriptors/mbean/attribute} Setting property 'name' to 'defaultWebXml'
2019-12-06 11:18:41.082 DEBUG 7503 --- [kground-preinit] o.apache.tomcat.util.IntrospectionUtils  : IntrospectionUtils: setProperty(class org.apache.tomcat.util.modeler.AttributeInfo name=defaultWebXml)
2019-12-06 11:18:41.082 DEBUG 7503 --- [kground-preinit] o.apache.tomcat.util.digester.Digester   : [SetPropertiesRule]{mbeans-descriptors/mbean/attribute} Setting property 'description' to 'Location of the default web.xml resource or file'
2019-12-06 11:18:41.082 DEBUG 7503 --- [kground-preinit] o.apache.tomcat.util.IntrospectionUtils  : IntrospectionUtils: setProperty(class org.apache.tomcat.util.modeler.AttributeInfo description=Location of the default web.xml resource or file)
2019-12-06 11:18:41.082 DEBUG 7503 --- [kground-preinit] o.apache.tomcat.util.digester.Digester   : [SetPropertiesRule]{mbeans-descriptors/mbean/attribute} Setting property 'type' to 'java.lang.String'
2019-12-06 11:18:41.082 DEBUG 7503 --- [kground-preinit] o.apache.tomcat.util.IntrospectionUtils  : IntrospectionUtils: setProperty(class org.apache.tomcat.util.modeler.AttributeInfo type=java.lang.String)
2019-12-06 11:18:41.082 DEBUG 7503 --- [kground-preinit] o.apache.tomcat.util.digester.Digester   :   Fire begin() for SetNextRule[methodName=addAttribute, paramType=org.apache.tomcat.util.modeler.AttributeInfo]
2019-12-06 11:18:41.082 DEBUG 7503 --- [kground-preinit] o.a.tomcat.util.digester.Digester.sax    : endElement(,,attribute)
2019-12-06 11:18:41.083 DEBUG 7503 --- [kground-preinit] o.apache.tomcat.util.digester.Digester   :   match='mbeans-descriptors/mbean/attribute'
2019-12-06 11:18:41.083 DEBUG 7503 --- [kground-preinit] o.apache.tomcat.util.digester.Digester   :   bodyText=''
2019-12-06 11:18:41.083 DEBUG 7503 --- [kground-preinit] o.apache.tomcat.util.digester.Digester   :   Fire body() for ObjectCreateRule[className=org.apache.tomcat.util.modeler.AttributeInfo, attributeName=null]
2019-12-06 11:18:41.084 DEBUG 7503 --- [kground-preinit] o.apache.tomcat.util.digester.Digester   :   Fire body() for SetPropertiesRule[]
2019-12-06 11:18:41.084 DEBUG 7503 --- [kground-preinit] o.apache.tomcat.util.digester.Digester   :   Fire body() for SetNextRule[methodName=addAttribute, paramType=org.apache.tomcat.util.modeler.AttributeInfo]
2019-12-06 11:18:41.084 DEBUG 7503 --- [kground-preinit] o.apache.tomcat.util.digester.Digester   :   Fire end() for SetNextRule[methodName=addAttribute, paramType=org.apache.tomcat.util.modeler.AttributeInfo]
2019-12-06 11:18:41.084 DEBUG 7503 --- [kground-preinit] o.apache.tomcat.util.digester.Digester   : [SetNextRule]{mbeans-descriptors/mbean/attribute} Call org.apache.tomcat.util.modeler.ManagedBean.addAttribute(org.apache.tomcat.util.modeler.AttributeInfo@43e8de95)
2019-12-06 11:18:41.084 DEBUG 7503 --- [kground-preinit] o.apache.tomcat.util.IntrospectionUtils  : IntrospectionUtils: callMethod1 org.apache.tomcat.util.modeler.ManagedBean org.apache.tomcat.util.modeler.AttributeInfo org.apache.tomcat.util.modeler.AttributeInfo
2019-12-06 11:18:41.084 DEBUG 7503 --- [kground-preinit] o.apache.tomcat.util.digester.Digester   :   Fire end() for SetPropertiesRule[]
2019-12-06 11:18:41.084 DEBUG 7503 --- [kground-preinit] o.apache.tomcat.util.digester.Digester   :   Fire end() for ObjectCreateRule[className=org.apache.tomcat.util.modeler.AttributeInfo, attributeName=null]
2019-12-06 11:18:41.084 DEBUG 7503 --- [kground-preinit] o.apache.tomcat.util.digester.Digester   : [ObjectCreateRule]{mbeans-descriptors/mbean/attribute} Pop org.apache.tomcat.util.modeler.AttributeInfo
2019-12-06 11:18:41.085 DEBUG 7503 --- [kground-preinit] o.a.tomcat.util.digester.Digester.sax    : characters(

    )
2019-12-06 11:18:41.085 DEBUG 7503 --- [kground-preinit] o.a.tomcat.util.digester.Digester.sax    : startElement(,,attribute)
2019-12-06 11:18:41.085 DEBUG 7503 --- [kground-preinit] o.apache.tomcat.util.digester.Digester   :   New match='mbeans-descriptors/mbean/attribute'
2019-12-06 11:18:41.085 DEBUG 7503 --- [kground-preinit] o.apache.tomcat.util.digester.Digester   :   Fire begin() for ObjectCreateRule[className=org.apache.tomcat.util.modeler.AttributeInfo, attributeName=null]
2019-12-06 11:18:41.085 DEBUG 7503 --- [kground-preinit] o.apache.tomcat.util.digester.Digester   :   Fire begin() for SetPropertiesRule[]
2019-12-06 11:18:41.085 DEBUG 7503 --- [kground-preinit] o.apache.tomcat.util.digester.Digester   : [SetPropertiesRule]{mbeans-descriptors/mbean/attribute} Set org.apache.tomcat.util.modeler.AttributeInfo properties
2019-12-06 11:18:41.085 DEBUG 7503 --- [kground-preinit] o.apache.tomcat.util.digester.Digester   : [SetPropertiesRule]{mbeans-descriptors/mbean/attribute} Setting property 'name' to 'delegate'
2019-12-06 11:18:41.085 DEBUG 7503 --- [kground-preinit] o.apache.tomcat.util.IntrospectionUtils  : IntrospectionUtils: setProperty(class org.apache.tomcat.util.modeler.AttributeInfo name=delegate)
2019-12-06 11:18:41.085 DEBUG 7503 --- [kground-preinit] o.apache.tomcat.util.digester.Digester   : [SetPropertiesRule]{mbeans-descriptors/mbean/attribute} Setting property 'description' to ''
2019-12-06 11:18:41.086 DEBUG 7503 --- [kground-preinit] o.apache.tomcat.util.IntrospectionUtils  : IntrospectionUtils: setProperty(class org.apache.tomcat.util.modeler.AttributeInfo description=)
2019-12-06 11:18:41.086 DEBUG 7503 --- [kground-preinit] o.apache.tomcat.util.digester.Digester   : [SetPropertiesRule]{mbeans-descriptors/mbean/attribute} Setting property 'type' to 'boolean'
2019-12-06 11:18:41.086 DEBUG 7503 --- [kground-preinit] o.apache.tomcat.util.IntrospectionUtils  : IntrospectionUtils: setProperty(class org.apache.tomcat.util.modeler.AttributeInfo type=boolean)
2019-12-06 11:18:41.086 DEBUG 7503 --- [kground-preinit] o.apache.tomcat.util.digester.Digester   :   Fire begin() for SetNextRule[methodName=addAttribute, paramType=org.apache.tomcat.util.modeler.AttributeInfo]
2019-12-06 11:18:41.086 DEBUG 7503 --- [kground-preinit] o.a.tomcat.util.digester.Digester.sax    : endElement(,,attribute)
2019-12-06 11:18:41.086 DEBUG 7503 --- [kground-preinit] o.apache.tomcat.util.digester.Digester   :   match='mbeans-descriptors/mbean/attribute'
2019-12-06 11:18:41.086 DEBUG 7503 --- [kground-preinit] o.apache.tomcat.util.digester.Digester   :   bodyText=''
2019-12-06 11:18:41.086 DEBUG 7503 --- [kground-preinit] o.apache.tomcat.util.digester.Digester   :   Fire body() for ObjectCreateRule[className=org.apache.tomcat.util.modeler.AttributeInfo, attributeName=null]
2019-12-06 11:18:41.086 DEBUG 7503 --- [kground-preinit] o.apache.tomcat.util.digester.Digester   :   Fire body() for SetPropertiesRule[]
2019-12-06 11:18:41.086 DEBUG 7503 --- [kground-preinit] o.apache.tomcat.util.digester.Digester   :   Fire body() for SetNextRule[methodName=addAttribute, paramType=org.apache.tomcat.util.modeler.AttributeInfo]
2019-12-06 11:18:41.087 DEBUG 7503 --- [kground-preinit] o.apache.tomcat.util.digester.Digester   :   Fire end() for SetNextRule[methodName=addAttribute, paramType=org.apache.tomcat.util.modeler.AttributeInfo]
2019-12-06 11:18:41.087 DEBUG 7503 --- [kground-preinit] o.apache.tomcat.util.digester.Digester   : [SetNextRule]{mbeans-descriptors/mbean/attribute} Call org.apache.tomcat.util.modeler.ManagedBean.addAttribute(org.apache.tomcat.util.modeler.AttributeInfo@1c7efd54)
2019-12-06 11:18:41.087 DEBUG 7503 --- [kground-preinit] o.apache.tomcat.util.IntrospectionUtils  : IntrospectionUtils: callMethod1 org.apache.tomcat.util.modeler.ManagedBean org.apache.tomcat.util.modeler.AttributeInfo org.apache.tomcat.util.modeler.AttributeInfo
2019-12-06 11:18:41.087 DEBUG 7503 --- [kground-preinit] o.apache.tomcat.util.digester.Digester   :   Fire end() for SetPropertiesRule[]
2019-12-06 11:18:41.087 DEBUG 7503 --- [kground-preinit] o.apache.tomcat.util.digester.Digester   :   Fire end() for ObjectCreateRule[className=org.apache.tomcat.util.modeler.AttributeInfo, attributeName=null]
2019-12-06 11:18:41.087 DEBUG 7503 --- [kground-preinit] o.apache.tomcat.util.digester.Digester   : [ObjectCreateRule]{mbeans-descriptors/mbean/attribute} Pop org.apache.tomcat.util.modeler.AttributeInfo
2019-12-06 11:18:41.087 DEBUG 7503 --- [kground-preinit] o.a.tomcat.util.digester.Digester.sax    : characters(

    )
2019-12-06 11:18:41.087 DEBUG 7503 --- [kground-preinit] o.a.tomcat.util.digester.Digester.sax    : startElement(,,attribute)
2019-12-06 11:18:41.087 DEBUG 7503 --- [kground-preinit] o.apache.tomcat.util.digester.Digester   :   New match='mbeans-descriptors/mbean/attribute'
2019-12-06 11:18:41.088 DEBUG 7503 --- [kground-preinit] o.apache.tomcat.util.digester.Digester   :   Fire begin() for ObjectCreateRule[className=org.apache.tomcat.util.modeler.AttributeInfo, attributeName=null]
2019-12-06 11:18:41.088 DEBUG 7503 --- [kground-preinit] o.apache.tomcat.util.digester.Digester   :   Fire begin() for SetPropertiesRule[]
2019-12-06 11:18:41.088 DEBUG 7503 --- [kground-preinit] o.apache.tomcat.util.digester.Digester   : [SetPropertiesRule]{mbeans-descriptors/mbean/attribute} Set org.apache.tomcat.util.modeler.AttributeInfo properties
2019-12-06 11:18:41.088 DEBUG 7503 --- [kground-preinit] o.apache.tomcat.util.digester.Digester   : [SetPropertiesRule]{mbeans-descriptors/mbean/attribute} Setting property 'name' to 'displayName'
2019-12-06 11:18:41.088 DEBUG 7503 --- [kground-preinit] o.apache.tomcat.util.IntrospectionUtils  : IntrospectionUtils: setProperty(class org.apache.tomcat.util.modeler.AttributeInfo name=displayName)
2019-12-06 11:18:41.088 DEBUG 7503 --- [kground-preinit] o.apache.tomcat.util.digester.Digester   : [SetPropertiesRule]{mbeans-descriptors/mbean/attribute} Setting property 'description' to 'The display name of this web application'
2019-12-06 11:18:41.088 DEBUG 7503 --- [kground-preinit] o.apache.tomcat.util.IntrospectionUtils  : IntrospectionUtils: setProperty(class org.apache.tomcat.util.modeler.AttributeInfo description=The display name of this web application)
2019-12-06 11:18:41.088 DEBUG 7503 --- [kground-preinit] o.apache.tomcat.util.digester.Digester   : [SetPropertiesRule]{mbeans-descriptors/mbean/attribute} Setting property 'type' to 'java.lang.String'
2019-12-06 11:18:41.088 DEBUG 7503 --- [kground-preinit] o.apache.tomcat.util.IntrospectionUtils  : IntrospectionUtils: setProperty(class org.apache.tomcat.util.modeler.AttributeInfo type=java.lang.String)
2019-12-06 11:18:41.088 DEBUG 7503 --- [kground-preinit] o.apache.tomcat.util.digester.Digester   :   Fire begin() for SetNextRule[methodName=addAttribute, paramType=org.apache.tomcat.util.modeler.AttributeInfo]
2019-12-06 11:18:41.089 DEBUG 7503 --- [kground-preinit] o.a.tomcat.util.digester.Digester.sax    : endElement(,,attribute)
2019-12-06 11:18:41.089 DEBUG 7503 --- [kground-preinit] o.apache.tomcat.util.digester.Digester   :   match='mbeans-descriptors/mbean/attribute'
2019-12-06 11:18:41.089 DEBUG 7503 --- [kground-preinit] o.apache.tomcat.util.digester.Digester   :   bodyText=''
2019-12-06 11:18:41.089 DEBUG 7503 --- [kground-preinit] o.apache.tomcat.util.digester.Digester   :   Fire body() for ObjectCreateRule[className=org.apache.tomcat.util.modeler.AttributeInfo, attributeName=null]
2019-12-06 11:18:41.089 DEBUG 7503 --- [kground-preinit] o.apache.tomcat.util.digester.Digester   :   Fire body() for SetPropertiesRule[]
2019-12-06 11:18:41.089 DEBUG 7503 --- [kground-preinit] o.apache.tomcat.util.digester.Digester   :   Fire body() for SetNextRule[methodName=addAttribute, paramType=org.apache.tomcat.util.modeler.AttributeInfo]
2019-12-06 11:18:41.089 DEBUG 7503 --- [kground-preinit] o.apache.tomcat.util.digester.Digester   :   Fire end() for SetNextRule[methodName=addAttribute, paramType=org.apache.tomcat.util.modeler.AttributeInfo]
2019-12-06 11:18:41.089 DEBUG 7503 --- [kground-preinit] o.apache.tomcat.util.digester.Digester   : [SetNextRule]{mbeans-descriptors/mbean/attribute} Call org.apache.tomcat.util.modeler.ManagedBean.addAttribute(org.apache.tomcat.util.modeler.AttributeInfo@15da4d9)
2019-12-06 11:18:41.089 DEBUG 7503 --- [kground-preinit] o.apache.tomcat.util.IntrospectionUtils  : IntrospectionUtils: callMethod1 org.apache.tomcat.util.modeler.ManagedBean org.apache.tomcat.util.modeler.AttributeInfo org.apache.tomcat.util.modeler.AttributeInfo
2019-12-06 11:18:41.089 DEBUG 7503 --- [kground-preinit] o.apache.tomcat.util.digester.Digester   :   Fire end() for SetPropertiesRule[]
2019-12-06 11:18:41.090 DEBUG 7503 --- [kground-preinit] o.apache.tomcat.util.digester.Digester   :   Fire end() for ObjectCreateRule[className=org.apache.tomcat.util.modeler.AttributeInfo, attributeName=null]
2019-12-06 11:18:41.090 DEBUG 7503 --- [kground-preinit] o.apache.tomcat.util.digester.Digester   : [ObjectCreateRule]{mbeans-descriptors/mbean/attribute} Pop org.apache.tomcat.util.modeler.AttributeInfo
2019-12-06 11:18:41.090 DEBUG 7503 --- [kground-preinit] o.a.tomcat.util.digester.Digester.sax    : characters(

    )
2019-12-06 11:18:41.090 DEBUG 7503 --- [kground-preinit] o.a.tomcat.util.digester.Digester.sax    : startElement(,,attribute)
2019-12-06 11:18:41.090 DEBUG 7503 --- [kground-preinit] o.apache.tomcat.util.digester.Digester   :   New match='mbeans-descriptors/mbean/attribute'
2019-12-06 11:18:41.090 DEBUG 7503 --- [kground-preinit] o.apache.tomcat.util.digester.Digester   :   Fire begin() for ObjectCreateRule[className=org.apache.tomcat.util.modeler.AttributeInfo, attributeName=null]
2019-12-06 11:18:41.090 DEBUG 7503 --- [kground-preinit] o.apache.tomcat.util.digester.Digester   :   Fire begin() for SetPropertiesRule[]
2019-12-06 11:18:41.090 DEBUG 7503 --- [kground-preinit] o.apache.tomcat.util.digester.Digester   : [SetPropertiesRule]{mbeans-descriptors/mbean/attribute} Set org.apache.tomcat.util.modeler.AttributeInfo properties
2019-12-06 11:18:41.090 DEBUG 7503 --- [kground-preinit] o.apache.tomcat.util.digester.Digester   : [SetPropertiesRule]{mbeans-descriptors/mbean/attribute} Setting property 'name' to 'distributable'
2019-12-06 11:18:41.091 DEBUG 7503 --- [kground-preinit] o.apache.tomcat.util.IntrospectionUtils  : IntrospectionUtils: setProperty(class org.apache.tomcat.util.modeler.AttributeInfo name=distributable)
2019-12-06 11:18:41.091 DEBUG 7503 --- [kground-preinit] o.apache.tomcat.util.digester.Digester   : [SetPropertiesRule]{mbeans-descriptors/mbean/attribute} Setting property 'description' to 'The distributable flag for this web application.'
2019-12-06 11:18:41.091 DEBUG 7503 --- [kground-preinit] o.apache.tomcat.util.IntrospectionUtils  : IntrospectionUtils: setProperty(class org.apache.tomcat.util.modeler.AttributeInfo description=The distributable flag for this web application.)
2019-12-06 11:18:41.091 DEBUG 7503 --- [kground-preinit] o.apache.tomcat.util.digester.Digester   : [SetPropertiesRule]{mbeans-descriptors/mbean/attribute} Setting property 'type' to 'boolean'
2019-12-06 11:18:41.091 DEBUG 7503 --- [kground-preinit] o.apache.tomcat.util.IntrospectionUtils  : IntrospectionUtils: setProperty(class org.apache.tomcat.util.modeler.AttributeInfo type=boolean)
2019-12-06 11:18:41.091 DEBUG 7503 --- [kground-preinit] o.apache.tomcat.util.digester.Digester   :   Fire begin() for SetNextRule[methodName=addAttribute, paramType=org.apache.tomcat.util.modeler.AttributeInfo]
2019-12-06 11:18:41.091 DEBUG 7503 --- [kground-preinit] o.a.tomcat.util.digester.Digester.sax    : endElement(,,attribute)
2019-12-06 11:18:41.091 DEBUG 7503 --- [kground-preinit] o.apache.tomcat.util.digester.Digester   :   match='mbeans-descriptors/mbean/attribute'
2019-12-06 11:18:41.092 DEBUG 7503 --- [kground-preinit] o.apache.tomcat.util.digester.Digester   :   bodyText=''
2019-12-06 11:18:41.092 DEBUG 7503 --- [kground-preinit] o.apache.tomcat.util.digester.Digester   :   Fire body() for ObjectCreateRule[className=org.apache.tomcat.util.modeler.AttributeInfo, attributeName=null]
2019-12-06 11:18:41.092 DEBUG 7503 --- [kground-preinit] o.apache.tomcat.util.digester.Digester   :   Fire body() for SetPropertiesRule[]
2019-12-06 11:18:41.092 DEBUG 7503 --- [kground-preinit] o.apache.tomcat.util.digester.Digester   :   Fire body() for SetNextRule[methodName=addAttribute, paramType=org.apache.tomcat.util.modeler.AttributeInfo]
2019-12-06 11:18:41.092 DEBUG 7503 --- [kground-preinit] o.apache.tomcat.util.digester.Digester   :   Fire end() for SetNextRule[methodName=addAttribute, paramType=org.apache.tomcat.util.modeler.AttributeInfo]
2019-12-06 11:18:41.092 DEBUG 7503 --- [kground-preinit] o.apache.tomcat.util.digester.Digester   : [SetNextRule]{mbeans-descriptors/mbean/attribute} Call org.apache.tomcat.util.modeler.ManagedBean.addAttribute(org.apache.tomcat.util.modeler.AttributeInfo@661fc221)
2019-12-06 11:18:41.092 DEBUG 7503 --- [kground-preinit] o.apache.tomcat.util.IntrospectionUtils  : IntrospectionUtils: callMethod1 org.apache.tomcat.util.modeler.ManagedBean org.apache.tomcat.util.modeler.AttributeInfo org.apache.tomcat.util.modeler.AttributeInfo
2019-12-06 11:18:41.092 DEBUG 7503 --- [kground-preinit] o.apache.tomcat.util.digester.Digester   :   Fire end() for SetPropertiesRule[]
2019-12-06 11:18:41.092 DEBUG 7503 --- [kground-preinit] o.apache.tomcat.util.digester.Digester   :   Fire end() for ObjectCreateRule[className=org.apache.tomcat.util.modeler.AttributeInfo, attributeName=null]
2019-12-06 11:18:41.092 DEBUG 7503 --- [kground-preinit] o.apache.tomcat.util.digester.Digester   : [ObjectCreateRule]{mbeans-descriptors/mbean/attribute} Pop org.apache.tomcat.util.modeler.AttributeInfo
2019-12-06 11:18:41.092 DEBUG 7503 --- [kground-preinit] o.a.tomcat.util.digester.Digester.sax    : characters(

    )
2019-12-06 11:18:41.093 DEBUG 7503 --- [kground-preinit] o.a.tomcat.util.digester.Digester.sax    : startElement(,,attribute)
2019-12-06 11:18:41.093 DEBUG 7503 --- [kground-preinit] o.apache.tomcat.util.digester.Digester   :   New match='mbeans-descriptors/mbean/attribute'
2019-12-06 11:18:41.093 DEBUG 7503 --- [kground-preinit] o.apache.tomcat.util.digester.Digester   :   Fire begin() for ObjectCreateRule[className=org.apache.tomcat.util.modeler.AttributeInfo, attributeName=null]
2019-12-06 11:18:41.093 DEBUG 7503 --- [kground-preinit] o.apache.tomcat.util.digester.Digester   :   Fire begin() for SetPropertiesRule[]
2019-12-06 11:18:41.093 DEBUG 7503 --- [kground-preinit] o.apache.tomcat.util.digester.Digester   : [SetPropertiesRule]{mbeans-descriptors/mbean/attribute} Set org.apache.tomcat.util.modeler.AttributeInfo properties
2019-12-06 11:18:41.093 DEBUG 7503 --- [kground-preinit] o.apache.tomcat.util.digester.Digester   : [SetPropertiesRule]{mbeans-descriptors/mbean/attribute} Setting property 'name' to 'docBase'
2019-12-06 11:18:41.093 DEBUG 7503 --- [kground-preinit] o.apache.tomcat.util.IntrospectionUtils  : IntrospectionUtils: setProperty(class org.apache.tomcat.util.modeler.AttributeInfo name=docBase)
2019-12-06 11:18:41.093 DEBUG 7503 --- [kground-preinit] o.apache.tomcat.util.digester.Digester   : [SetPropertiesRule]{mbeans-descriptors/mbean/attribute} Setting property 'description' to 'The document root for this web application'
2019-12-06 11:18:41.093 DEBUG 7503 --- [kground-preinit] o.apache.tomcat.util.IntrospectionUtils  : IntrospectionUtils: setProperty(class org.apache.tomcat.util.modeler.AttributeInfo description=The document root for this web application)
2019-12-06 11:18:41.093 DEBUG 7503 --- [kground-preinit] o.apache.tomcat.util.digester.Digester   : [SetPropertiesRule]{mbeans-descriptors/mbean/attribute} Setting property 'type' to 'java.lang.String'
2019-12-06 11:18:41.094 DEBUG 7503 --- [kground-preinit] o.apache.tomcat.util.IntrospectionUtils  : IntrospectionUtils: setProperty(class org.apache.tomcat.util.modeler.AttributeInfo type=java.lang.String)
2019-12-06 11:18:41.094 DEBUG 7503 --- [kground-preinit] o.apache.tomcat.util.digester.Digester   :   Fire begin() for SetNextRule[methodName=addAttribute, paramType=org.apache.tomcat.util.modeler.AttributeInfo]
2019-12-06 11:18:41.094 DEBUG 7503 --- [kground-preinit] o.a.tomcat.util.digester.Digester.sax    : endElement(,,attribute)
2019-12-06 11:18:41.094 DEBUG 7503 --- [kground-preinit] o.apache.tomcat.util.digester.Digester   :   match='mbeans-descriptors/mbean/attribute'
2019-12-06 11:18:41.094 DEBUG 7503 --- [kground-preinit] o.apache.tomcat.util.digester.Digester   :   bodyText=''
2019-12-06 11:18:41.094 DEBUG 7503 --- [kground-preinit] o.apache.tomcat.util.digester.Digester   :   Fire body() for ObjectCreateRule[className=org.apache.tomcat.util.modeler.AttributeInfo, attributeName=null]
2019-12-06 11:18:41.094 DEBUG 7503 --- [kground-preinit] o.apache.tomcat.util.digester.Digester   :   Fire body() for SetPropertiesRule[]
2019-12-06 11:18:41.094 DEBUG 7503 --- [kground-preinit] o.apache.tomcat.util.digester.Digester   :   Fire body() for SetNextRule[methodName=addAttribute, paramType=org.apache.tomcat.util.modeler.AttributeInfo]
2019-12-06 11:18:41.094 DEBUG 7503 --- [kground-preinit] o.apache.tomcat.util.digester.Digester   :   Fire end() for SetNextRule[methodName=addAttribute, paramType=org.apache.tomcat.util.modeler.AttributeInfo]
2019-12-06 11:18:41.094 DEBUG 7503 --- [kground-preinit] o.apache.tomcat.util.digester.Digester   : [SetNextRule]{mbeans-descriptors/mbean/attribute} Call org.apache.tomcat.util.modeler.ManagedBean.addAttribute(org.apache.tomcat.util.modeler.AttributeInfo@6386a401)
2019-12-06 11:18:41.094 DEBUG 7503 --- [kground-preinit] o.apache.tomcat.util.IntrospectionUtils  : IntrospectionUtils: callMethod1 org.apache.tomcat.util.modeler.ManagedBean org.apache.tomcat.util.modeler.AttributeInfo org.apache.tomcat.util.modeler.AttributeInfo
2019-12-06 11:18:41.095 DEBUG 7503 --- [kground-preinit] o.apache.tomcat.util.digester.Digester   :   Fire end() for SetPropertiesRule[]
2019-12-06 11:18:41.095 DEBUG 7503 --- [kground-preinit] o.apache.tomcat.util.digester.Digester   :   Fire end() for ObjectCreateRule[className=org.apache.tomcat.util.modeler.AttributeInfo, attributeName=null]
2019-12-06 11:18:41.095 DEBUG 7503 --- [kground-preinit] o.apache.tomcat.util.digester.Digester   : [ObjectCreateRule]{mbeans-descriptors/mbean/attribute} Pop org.apache.tomcat.util.modeler.AttributeInfo
2019-12-06 11:18:41.095 DEBUG 7503 --- [kground-preinit] o.a.tomcat.util.digester.Digester.sax    : characters(

    )
2019-12-06 11:18:41.095 DEBUG 7503 --- [kground-preinit] o.a.tomcat.util.digester.Digester.sax    : startElement(,,attribute)
2019-12-06 11:18:41.095 DEBUG 7503 --- [kground-preinit] o.apache.tomcat.util.digester.Digester   :   New match='mbeans-descriptors/mbean/attribute'
2019-12-06 11:18:41.095 DEBUG 7503 --- [kground-preinit] o.apache.tomcat.util.digester.Digester   :   Fire begin() for ObjectCreateRule[className=org.apache.tomcat.util.modeler.AttributeInfo, attributeName=null]
2019-12-06 11:18:41.096 DEBUG 7503 --- [kground-preinit] o.apache.tomcat.util.digester.Digester   :   Fire begin() for SetPropertiesRule[]
2019-12-06 11:18:41.096 DEBUG 7503 --- [kground-preinit] o.apache.tomcat.util.digester.Digester   : [SetPropertiesRule]{mbeans-descriptors/mbean/attribute} Set org.apache.tomcat.util.modeler.AttributeInfo properties
2019-12-06 11:18:41.096 DEBUG 7503 --- [kground-preinit] o.apache.tomcat.util.digester.Digester   : [SetPropertiesRule]{mbeans-descriptors/mbean/attribute} Setting property 'name' to 'encodedPath'
2019-12-06 11:18:41.096 DEBUG 7503 --- [kground-preinit] o.apache.tomcat.util.IntrospectionUtils  : IntrospectionUtils: setProperty(class org.apache.tomcat.util.modeler.AttributeInfo name=encodedPath)
2019-12-06 11:18:41.096 DEBUG 7503 --- [kground-preinit] o.apache.tomcat.util.digester.Digester   : [SetPropertiesRule]{mbeans-descriptors/mbean/attribute} Setting property 'description' to 'The encoded path'
2019-12-06 11:18:41.096 DEBUG 7503 --- [kground-preinit] o.apache.tomcat.util.IntrospectionUtils  : IntrospectionUtils: setProperty(class org.apache.tomcat.util.modeler.AttributeInfo description=The encoded path)
2019-12-06 11:18:41.096 DEBUG 7503 --- [kground-preinit] o.apache.tomcat.util.digester.Digester   : [SetPropertiesRule]{mbeans-descriptors/mbean/attribute} Setting property 'type' to 'java.lang.String'
2019-12-06 11:18:41.096 DEBUG 7503 --- [kground-preinit] o.apache.tomcat.util.IntrospectionUtils  : IntrospectionUtils: setProperty(class org.apache.tomcat.util.modeler.AttributeInfo type=java.lang.String)
2019-12-06 11:18:41.096 DEBUG 7503 --- [kground-preinit] o.apache.tomcat.util.digester.Digester   : [SetPropertiesRule]{mbeans-descriptors/mbean/attribute} Setting property 'writeable' to 'false'
2019-12-06 11:18:41.096 DEBUG 7503 --- [kground-preinit] o.apache.tomcat.util.IntrospectionUtils  : IntrospectionUtils: setProperty(class org.apache.tomcat.util.modeler.AttributeInfo writeable=false)
2019-12-06 11:18:41.096 DEBUG 7503 --- [kground-preinit] o.apache.tomcat.util.digester.Digester   :   Fire begin() for SetNextRule[methodName=addAttribute, paramType=org.apache.tomcat.util.modeler.AttributeInfo]
2019-12-06 11:18:41.097 DEBUG 7503 --- [kground-preinit] o.a.tomcat.util.digester.Digester.sax    : endElement(,,attribute)
2019-12-06 11:18:41.097 DEBUG 7503 --- [kground-preinit] o.apache.tomcat.util.digester.Digester   :   match='mbeans-descriptors/mbean/attribute'
2019-12-06 11:18:41.097 DEBUG 7503 --- [kground-preinit] o.apache.tomcat.util.digester.Digester   :   bodyText=''
2019-12-06 11:18:41.097 DEBUG 7503 --- [kground-preinit] o.apache.tomcat.util.digester.Digester   :   Fire body() for ObjectCreateRule[className=org.apache.tomcat.util.modeler.AttributeInfo, attributeName=null]
2019-12-06 11:18:41.097 DEBUG 7503 --- [kground-preinit] o.apache.tomcat.util.digester.Digester   :   Fire body() for SetPropertiesRule[]
2019-12-06 11:18:41.097 DEBUG 7503 --- [kground-preinit] o.apache.tomcat.util.digester.Digester   :   Fire body() for SetNextRule[methodName=addAttribute, paramType=org.apache.tomcat.util.modeler.AttributeInfo]
2019-12-06 11:18:41.097 DEBUG 7503 --- [kground-preinit] o.apache.tomcat.util.digester.Digester   :   Fire end() for SetNextRule[methodName=addAttribute, paramType=org.apache.tomcat.util.modeler.AttributeInfo]
2019-12-06 11:18:41.097 DEBUG 7503 --- [kground-preinit] o.apache.tomcat.util.digester.Digester   : [SetNextRule]{mbeans-descriptors/mbean/attribute} Call org.apache.tomcat.util.modeler.ManagedBean.addAttribute(org.apache.tomcat.util.modeler.AttributeInfo@8797178)
2019-12-06 11:18:41.097 DEBUG 7503 --- [kground-preinit] o.apache.tomcat.util.IntrospectionUtils  : IntrospectionUtils: callMethod1 org.apache.tomcat.util.modeler.ManagedBean org.apache.tomcat.util.modeler.AttributeInfo org.apache.tomcat.util.modeler.AttributeInfo
2019-12-06 11:18:41.097 DEBUG 7503 --- [kground-preinit] o.apache.tomcat.util.digester.Digester   :   Fire end() for SetPropertiesRule[]
2019-12-06 11:18:41.097 DEBUG 7503 --- [kground-preinit] o.apache.tomcat.util.digester.Digester   :   Fire end() for ObjectCreateRule[className=org.apache.tomcat.util.modeler.AttributeInfo, attributeName=null]
2019-12-06 11:18:41.097 DEBUG 7503 --- [kground-preinit] o.apache.tomcat.util.digester.Digester   : [ObjectCreateRule]{mbeans-descriptors/mbean/attribute} Pop org.apache.tomcat.util.modeler.AttributeInfo
2019-12-06 11:18:41.098 DEBUG 7503 --- [kground-preinit] o.a.tomcat.util.digester.Digester.sax    : characters(

    )
2019-12-06 11:18:41.098 DEBUG 7503 --- [kground-preinit] o.a.tomcat.util.digester.Digester.sax    : startElement(,,attribute)
2019-12-06 11:18:41.098 DEBUG 7503 --- [kground-preinit] o.apache.tomcat.util.digester.Digester   :   New match='mbeans-descriptors/mbean/attribute'
2019-12-06 11:18:41.098 DEBUG 7503 --- [kground-preinit] o.apache.tomcat.util.digester.Digester   :   Fire begin() for ObjectCreateRule[className=org.apache.tomcat.util.modeler.AttributeInfo, attributeName=null]
2019-12-06 11:18:41.098 DEBUG 7503 --- [kground-preinit] o.apache.tomcat.util.digester.Digester   :   Fire begin() for SetPropertiesRule[]
2019-12-06 11:18:41.098 DEBUG 7503 --- [kground-preinit] o.apache.tomcat.util.digester.Digester   : [SetPropertiesRule]{mbeans-descriptors/mbean/attribute} Set org.apache.tomcat.util.modeler.AttributeInfo properties
2019-12-06 11:18:41.098 DEBUG 7503 --- [kground-preinit] o.apache.tomcat.util.digester.Digester   : [SetPropertiesRule]{mbeans-descriptors/mbean/attribute} Setting property 'name' to 'ignoreAnnotations'
2019-12-06 11:18:41.098 DEBUG 7503 --- [kground-preinit] o.apache.tomcat.util.IntrospectionUtils  : IntrospectionUtils: setProperty(class org.apache.tomcat.util.modeler.AttributeInfo name=ignoreAnnotations)
2019-12-06 11:18:41.098 DEBUG 7503 --- [kground-preinit] o.apache.tomcat.util.digester.Digester   : [SetPropertiesRule]{mbeans-descriptors/mbean/attribute} Setting property 'description' to 'Ignore annotations flag.'
2019-12-06 11:18:41.099 DEBUG 7503 --- [kground-preinit] o.apache.tomcat.util.IntrospectionUtils  : IntrospectionUtils: setProperty(class org.apache.tomcat.util.modeler.AttributeInfo description=Ignore annotations flag.)
2019-12-06 11:18:41.099 DEBUG 7503 --- [kground-preinit] o.apache.tomcat.util.digester.Digester   : [SetPropertiesRule]{mbeans-descriptors/mbean/attribute} Setting property 'type' to 'boolean'
2019-12-06 11:18:41.099 DEBUG 7503 --- [kground-preinit] o.apache.tomcat.util.IntrospectionUtils  : IntrospectionUtils: setProperty(class org.apache.tomcat.util.modeler.AttributeInfo type=boolean)
2019-12-06 11:18:41.099 DEBUG 7503 --- [kground-preinit] o.apache.tomcat.util.digester.Digester   :   Fire begin() for SetNextRule[methodName=addAttribute, paramType=org.apache.tomcat.util.modeler.AttributeInfo]
2019-12-06 11:18:41.099 DEBUG 7503 --- [kground-preinit] o.a.tomcat.util.digester.Digester.sax    : endElement(,,attribute)
2019-12-06 11:18:41.099 DEBUG 7503 --- [kground-preinit] o.apache.tomcat.util.digester.Digester   :   match='mbeans-descriptors/mbean/attribute'
2019-12-06 11:18:41.099 DEBUG 7503 --- [kground-preinit] o.apache.tomcat.util.digester.Digester   :   bodyText=''
2019-12-06 11:18:41.099 DEBUG 7503 --- [kground-preinit] o.apache.tomcat.util.digester.Digester   :   Fire body() for ObjectCreateRule[className=org.apache.tomcat.util.modeler.AttributeInfo, attributeName=null]
2019-12-06 11:18:41.099 DEBUG 7503 --- [kground-preinit] o.apache.tomcat.util.digester.Digester   :   Fire body() for SetPropertiesRule[]
2019-12-06 11:18:41.099 DEBUG 7503 --- [kground-preinit] o.apache.tomcat.util.digester.Digester   :   Fire body() for SetNextRule[methodName=addAttribute, paramType=org.apache.tomcat.util.modeler.AttributeInfo]
2019-12-06 11:18:41.099 DEBUG 7503 --- [kground-preinit] o.apache.tomcat.util.digester.Digester   :   Fire end() for SetNextRule[methodName=addAttribute, paramType=org.apache.tomcat.util.modeler.AttributeInfo]
2019-12-06 11:18:41.100 DEBUG 7503 --- [kground-preinit] o.apache.tomcat.util.digester.Digester   : [SetNextRule]{mbeans-descriptors/mbean/attribute} Call org.apache.tomcat.util.modeler.ManagedBean.addAttribute(org.apache.tomcat.util.modeler.AttributeInfo@646e77c2)
2019-12-06 11:18:41.100 DEBUG 7503 --- [kground-preinit] o.apache.tomcat.util.IntrospectionUtils  : IntrospectionUtils: callMethod1 org.apache.tomcat.util.modeler.ManagedBean org.apache.tomcat.util.modeler.AttributeInfo org.apache.tomcat.util.modeler.AttributeInfo
2019-12-06 11:18:41.100 DEBUG 7503 --- [kground-preinit] o.apache.tomcat.util.digester.Digester   :   Fire end() for SetPropertiesRule[]
2019-12-06 11:18:41.100 DEBUG 7503 --- [kground-preinit] o.apache.tomcat.util.digester.Digester   :   Fire end() for ObjectCreateRule[className=org.apache.tomcat.util.modeler.AttributeInfo, attributeName=null]
2019-12-06 11:18:41.100 DEBUG 7503 --- [kground-preinit] o.apache.tomcat.util.digester.Digester   : [ObjectCreateRule]{mbeans-descriptors/mbean/attribute} Pop org.apache.tomcat.util.modeler.AttributeInfo
2019-12-06 11:18:41.100 DEBUG 7503 --- [kground-preinit] o.a.tomcat.util.digester.Digester.sax    : characters(

    )
2019-12-06 11:18:41.100 DEBUG 7503 --- [kground-preinit] o.a.tomcat.util.digester.Digester.sax    : startElement(,,attribute)
2019-12-06 11:18:41.100 DEBUG 7503 --- [kground-preinit] o.apache.tomcat.util.digester.Digester   :   New match='mbeans-descriptors/mbean/attribute'
2019-12-06 11:18:41.100 DEBUG 7503 --- [kground-preinit] o.apache.tomcat.util.digester.Digester   :   Fire begin() for ObjectCreateRule[className=org.apache.tomcat.util.modeler.AttributeInfo, attributeName=null]
2019-12-06 11:18:41.101 DEBUG 7503 --- [kground-preinit] o.apache.tomcat.util.digester.Digester   :   Fire begin() for SetPropertiesRule[]
2019-12-06 11:18:41.101 DEBUG 7503 --- [kground-preinit] o.apache.tomcat.util.digester.Digester   : [SetPropertiesRule]{mbeans-descriptors/mbean/attribute} Set org.apache.tomcat.util.modeler.AttributeInfo properties
2019-12-06 11:18:41.101 DEBUG 7503 --- [kground-preinit] o.apache.tomcat.util.digester.Digester   : [SetPropertiesRule]{mbeans-descriptors/mbean/attribute} Setting property 'name' to 'instanceManager'
2019-12-06 11:18:41.101 DEBUG 7503 --- [kground-preinit] o.apache.tomcat.util.IntrospectionUtils  : IntrospectionUtils: setProperty(class org.apache.tomcat.util.modeler.AttributeInfo name=instanceManager)
2019-12-06 11:18:41.101 DEBUG 7503 --- [kground-preinit] o.apache.tomcat.util.digester.Digester   : [SetPropertiesRule]{mbeans-descriptors/mbean/attribute} Setting property 'description' to 'Object that creates and destroys servlets, filters, and listeners. Include dependency injection and postConstruct/preDestroy handling'
2019-12-06 11:18:41.101 DEBUG 7503 --- [kground-preinit] o.apache.tomcat.util.IntrospectionUtils  : IntrospectionUtils: setProperty(class org.apache.tomcat.util.modeler.AttributeInfo description=Object that creates and destroys servlets, filters, and listeners. Include dependency injection and postConstruct/preDestroy handling)
2019-12-06 11:18:41.101 DEBUG 7503 --- [kground-preinit] o.apache.tomcat.util.digester.Digester   : [SetPropertiesRule]{mbeans-descriptors/mbean/attribute} Setting property 'type' to 'org.apache.tomcat.InstanceManager'
2019-12-06 11:18:41.101 DEBUG 7503 --- [kground-preinit] o.apache.tomcat.util.IntrospectionUtils  : IntrospectionUtils: setProperty(class org.apache.tomcat.util.modeler.AttributeInfo type=org.apache.tomcat.InstanceManager)
2019-12-06 11:18:41.101 DEBUG 7503 --- [kground-preinit] o.apache.tomcat.util.digester.Digester   :   Fire begin() for SetNextRule[methodName=addAttribute, paramType=org.apache.tomcat.util.modeler.AttributeInfo]
2019-12-06 11:18:41.101 DEBUG 7503 --- [kground-preinit] o.a.tomcat.util.digester.Digester.sax    : endElement(,,attribute)
2019-12-06 11:18:41.101 DEBUG 7503 --- [kground-preinit] o.apache.tomcat.util.digester.Digester   :   match='mbeans-descriptors/mbean/attribute'
2019-12-06 11:18:41.102 DEBUG 7503 --- [kground-preinit] o.apache.tomcat.util.digester.Digester   :   bodyText=''
2019-12-06 11:18:41.102 DEBUG 7503 --- [kground-preinit] o.apache.tomcat.util.digester.Digester   :   Fire body() for ObjectCreateRule[className=org.apache.tomcat.util.modeler.AttributeInfo, attributeName=null]
2019-12-06 11:18:41.102 DEBUG 7503 --- [kground-preinit] o.apache.tomcat.util.digester.Digester   :   Fire body() for SetPropertiesRule[]
2019-12-06 11:18:41.102 DEBUG 7503 --- [kground-preinit] o.apache.tomcat.util.digester.Digester   :   Fire body() for SetNextRule[methodName=addAttribute, paramType=org.apache.tomcat.util.modeler.AttributeInfo]
2019-12-06 11:18:41.102 DEBUG 7503 --- [kground-preinit] o.apache.tomcat.util.digester.Digester   :   Fire end() for SetNextRule[methodName=addAttribute, paramType=org.apache.tomcat.util.modeler.AttributeInfo]
2019-12-06 11:18:41.102 DEBUG 7503 --- [kground-preinit] o.apache.tomcat.util.digester.Digester   : [SetNextRule]{mbeans-descriptors/mbean/attribute} Call org.apache.tomcat.util.modeler.ManagedBean.addAttribute(org.apache.tomcat.util.modeler.AttributeInfo@7cf8afa4)
2019-12-06 11:18:41.102 DEBUG 7503 --- [kground-preinit] o.apache.tomcat.util.IntrospectionUtils  : IntrospectionUtils: callMethod1 org.apache.tomcat.util.modeler.ManagedBean org.apache.tomcat.util.modeler.AttributeInfo org.apache.tomcat.util.modeler.AttributeInfo
2019-12-06 11:18:41.102 DEBUG 7503 --- [kground-preinit] o.apache.tomcat.util.digester.Digester   :   Fire end() for SetPropertiesRule[]
2019-12-06 11:18:41.102 DEBUG 7503 --- [kground-preinit] o.apache.tomcat.util.digester.Digester   :   Fire end() for ObjectCreateRule[className=org.apache.tomcat.util.modeler.AttributeInfo, attributeName=null]
2019-12-06 11:18:41.102 DEBUG 7503 --- [kground-preinit] o.apache.tomcat.util.digester.Digester   : [ObjectCreateRule]{mbeans-descriptors/mbean/attribute} Pop org.apache.tomcat.util.modeler.AttributeInfo
2019-12-06 11:18:41.103 DEBUG 7503 --- [kground-preinit] o.a.tomcat.util.digester.Digester.sax    : characters(

    )
2019-12-06 11:18:41.103 DEBUG 7503 --- [kground-preinit] o.a.tomcat.util.digester.Digester.sax    : startElement(,,attribute)
2019-12-06 11:18:41.103 DEBUG 7503 --- [kground-preinit] o.apache.tomcat.util.digester.Digester   :   New match='mbeans-descriptors/mbean/attribute'
2019-12-06 11:18:41.103 DEBUG 7503 --- [kground-preinit] o.apache.tomcat.util.digester.Digester   :   Fire begin() for ObjectCreateRule[className=org.apache.tomcat.util.modeler.AttributeInfo, attributeName=null]
2019-12-06 11:18:41.103 DEBUG 7503 --- [kground-preinit] o.apache.tomcat.util.digester.Digester   :   Fire begin() for SetPropertiesRule[]
2019-12-06 11:18:41.103 DEBUG 7503 --- [kground-preinit] o.apache.tomcat.util.digester.Digester   : [SetPropertiesRule]{mbeans-descriptors/mbean/attribute} Set org.apache.tomcat.util.modeler.AttributeInfo properties
2019-12-06 11:18:41.103 DEBUG 7503 --- [kground-preinit] o.apache.tomcat.util.digester.Digester   : [SetPropertiesRule]{mbeans-descriptors/mbean/attribute} Setting property 'name' to 'javaVMs'
2019-12-06 11:18:41.103 DEBUG 7503 --- [kground-preinit] o.apache.tomcat.util.IntrospectionUtils  : IntrospectionUtils: setProperty(class org.apache.tomcat.util.modeler.AttributeInfo name=javaVMs)
2019-12-06 11:18:41.103 DEBUG 7503 --- [kground-preinit] o.apache.tomcat.util.digester.Digester   : [SetPropertiesRule]{mbeans-descriptors/mbean/attribute} Setting property 'description' to 'The Java virtual machines on which this module is running'
2019-12-06 11:18:41.103 DEBUG 7503 --- [kground-preinit] o.apache.tomcat.util.IntrospectionUtils  : IntrospectionUtils: setProperty(class org.apache.tomcat.util.modeler.AttributeInfo description=The Java virtual machines on which this module is running)
2019-12-06 11:18:41.104 DEBUG 7503 --- [kground-preinit] o.apache.tomcat.util.digester.Digester   : [SetPropertiesRule]{mbeans-descriptors/mbean/attribute} Setting property 'type' to '[Ljava.lang.String;'
2019-12-06 11:18:41.104 DEBUG 7503 --- [kground-preinit] o.apache.tomcat.util.IntrospectionUtils  : IntrospectionUtils: setProperty(class org.apache.tomcat.util.modeler.AttributeInfo type=[Ljava.lang.String;)
2019-12-06 11:18:41.104 DEBUG 7503 --- [kground-preinit] o.apache.tomcat.util.digester.Digester   :   Fire begin() for SetNextRule[methodName=addAttribute, paramType=org.apache.tomcat.util.modeler.AttributeInfo]
2019-12-06 11:18:41.104 DEBUG 7503 --- [kground-preinit] o.a.tomcat.util.digester.Digester.sax    : endElement(,,attribute)
2019-12-06 11:18:41.104 DEBUG 7503 --- [kground-preinit] o.apache.tomcat.util.digester.Digester   :   match='mbeans-descriptors/mbean/attribute'
2019-12-06 11:18:41.104 DEBUG 7503 --- [kground-preinit] o.apache.tomcat.util.digester.Digester   :   bodyText=''
2019-12-06 11:18:41.104 DEBUG 7503 --- [kground-preinit] o.apache.tomcat.util.digester.Digester   :   Fire body() for ObjectCreateRule[className=org.apache.tomcat.util.modeler.AttributeInfo, attributeName=null]
2019-12-06 11:18:41.104 DEBUG 7503 --- [kground-preinit] o.apache.tomcat.util.digester.Digester   :   Fire body() for SetPropertiesRule[]
2019-12-06 11:18:41.104 DEBUG 7503 --- [kground-preinit] o.apache.tomcat.util.digester.Digester   :   Fire body() for SetNextRule[methodName=addAttribute, paramType=org.apache.tomcat.util.modeler.AttributeInfo]
2019-12-06 11:18:41.104 DEBUG 7503 --- [kground-preinit] o.apache.tomcat.util.digester.Digester   :   Fire end() for SetNextRule[methodName=addAttribute, paramType=org.apache.tomcat.util.modeler.AttributeInfo]
2019-12-06 11:18:41.104 DEBUG 7503 --- [kground-preinit] o.apache.tomcat.util.digester.Digester   : [SetNextRule]{mbeans-descriptors/mbean/attribute} Call org.apache.tomcat.util.modeler.ManagedBean.addAttribute(org.apache.tomcat.util.modeler.AttributeInfo@2a88aa96)
2019-12-06 11:18:41.104 DEBUG 7503 --- [kground-preinit] o.apache.tomcat.util.IntrospectionUtils  : IntrospectionUtils: callMethod1 org.apache.tomcat.util.modeler.ManagedBean org.apache.tomcat.util.modeler.AttributeInfo org.apache.tomcat.util.modeler.AttributeInfo
2019-12-06 11:18:41.105 DEBUG 7503 --- [kground-preinit] o.apache.tomcat.util.digester.Digester   :   Fire end() for SetPropertiesRule[]
2019-12-06 11:18:41.105 DEBUG 7503 --- [kground-preinit] o.apache.tomcat.util.digester.Digester   :   Fire end() for ObjectCreateRule[className=org.apache.tomcat.util.modeler.AttributeInfo, attributeName=null]
2019-12-06 11:18:41.105 DEBUG 7503 --- [kground-preinit] o.apache.tomcat.util.digester.Digester   : [ObjectCreateRule]{mbeans-descriptors/mbean/attribute} Pop org.apache.tomcat.util.modeler.AttributeInfo
2019-12-06 11:18:41.105 DEBUG 7503 --- [kground-preinit] o.a.tomcat.util.digester.Digester.sax    : characters(

    )
2019-12-06 11:18:41.105 DEBUG 7503 --- [kground-preinit] o.a.tomcat.util.digester.Digester.sax    : startElement(,,attribute)
2019-12-06 11:18:41.105 DEBUG 7503 --- [kground-preinit] o.apache.tomcat.util.digester.Digester   :   New match='mbeans-descriptors/mbean/attribute'
2019-12-06 11:18:41.105 DEBUG 7503 --- [kground-preinit] o.apache.tomcat.util.digester.Digester   :   Fire begin() for ObjectCreateRule[className=org.apache.tomcat.util.modeler.AttributeInfo, attributeName=null]
2019-12-06 11:18:41.105 DEBUG 7503 --- [kground-preinit] o.apache.tomcat.util.digester.Digester   :   Fire begin() for SetPropertiesRule[]
2019-12-06 11:18:41.105 DEBUG 7503 --- [kground-preinit] o.apache.tomcat.util.digester.Digester   : [SetPropertiesRule]{mbeans-descriptors/mbean/attribute} Set org.apache.tomcat.util.modeler.AttributeInfo properties
2019-12-06 11:18:41.105 DEBUG 7503 --- [kground-preinit] o.apache.tomcat.util.digester.Digester   : [SetPropertiesRule]{mbeans-descriptors/mbean/attribute} Setting property 'name' to 'loader'
2019-12-06 11:18:41.106 DEBUG 7503 --- [kground-preinit] o.apache.tomcat.util.IntrospectionUtils  : IntrospectionUtils: setProperty(class org.apache.tomcat.util.modeler.AttributeInfo name=loader)
2019-12-06 11:18:41.106 DEBUG 7503 --- [kground-preinit] o.apache.tomcat.util.digester.Digester   : [SetPropertiesRule]{mbeans-descriptors/mbean/attribute} Setting property 'description' to 'Associated loader.'
2019-12-06 11:18:41.106 DEBUG 7503 --- [kground-preinit] o.apache.tomcat.util.IntrospectionUtils  : IntrospectionUtils: setProperty(class org.apache.tomcat.util.modeler.AttributeInfo description=Associated loader.)
2019-12-06 11:18:41.106 DEBUG 7503 --- [kground-preinit] o.apache.tomcat.util.digester.Digester   : [SetPropertiesRule]{mbeans-descriptors/mbean/attribute} Setting property 'type' to 'org.apache.catalina.Loader'
2019-12-06 11:18:41.106 DEBUG 7503 --- [kground-preinit] o.apache.tomcat.util.IntrospectionUtils  : IntrospectionUtils: setProperty(class org.apache.tomcat.util.modeler.AttributeInfo type=org.apache.catalina.Loader)
2019-12-06 11:18:41.106 DEBUG 7503 --- [kground-preinit] o.apache.tomcat.util.digester.Digester   :   Fire begin() for SetNextRule[methodName=addAttribute, paramType=org.apache.tomcat.util.modeler.AttributeInfo]
2019-12-06 11:18:41.106 DEBUG 7503 --- [kground-preinit] o.a.tomcat.util.digester.Digester.sax    : endElement(,,attribute)
2019-12-06 11:18:41.106 DEBUG 7503 --- [kground-preinit] o.apache.tomcat.util.digester.Digester   :   match='mbeans-descriptors/mbean/attribute'
2019-12-06 11:18:41.106 DEBUG 7503 --- [kground-preinit] o.apache.tomcat.util.digester.Digester   :   bodyText=''
2019-12-06 11:18:41.106 DEBUG 7503 --- [kground-preinit] o.apache.tomcat.util.digester.Digester   :   Fire body() for ObjectCreateRule[className=org.apache.tomcat.util.modeler.AttributeInfo, attributeName=null]
2019-12-06 11:18:41.106 DEBUG 7503 --- [kground-preinit] o.apache.tomcat.util.digester.Digester   :   Fire body() for SetPropertiesRule[]
2019-12-06 11:18:41.106 DEBUG 7503 --- [kground-preinit] o.apache.tomcat.util.digester.Digester   :   Fire body() for SetNextRule[methodName=addAttribute, paramType=org.apache.tomcat.util.modeler.AttributeInfo]
2019-12-06 11:18:41.107 DEBUG 7503 --- [kground-preinit] o.apache.tomcat.util.digester.Digester   :   Fire end() for SetNextRule[methodName=addAttribute, paramType=org.apache.tomcat.util.modeler.AttributeInfo]
2019-12-06 11:18:41.107 DEBUG 7503 --- [kground-preinit] o.apache.tomcat.util.digester.Digester   : [SetNextRule]{mbeans-descriptors/mbean/attribute} Call org.apache.tomcat.util.modeler.ManagedBean.addAttribute(org.apache.tomcat.util.modeler.AttributeInfo@6939fc0e)
2019-12-06 11:18:41.107 DEBUG 7503 --- [kground-preinit] o.apache.tomcat.util.IntrospectionUtils  : IntrospectionUtils: callMethod1 org.apache.tomcat.util.modeler.ManagedBean org.apache.tomcat.util.modeler.AttributeInfo org.apache.tomcat.util.modeler.AttributeInfo
2019-12-06 11:18:41.107 DEBUG 7503 --- [kground-preinit] o.apache.tomcat.util.digester.Digester   :   Fire end() for SetPropertiesRule[]
2019-12-06 11:18:41.107 DEBUG 7503 --- [kground-preinit] o.apache.tomcat.util.digester.Digester   :   Fire end() for ObjectCreateRule[className=org.apache.tomcat.util.modeler.AttributeInfo, attributeName=null]
2019-12-06 11:18:41.107 DEBUG 7503 --- [kground-preinit] o.apache.tomcat.util.digester.Digester   : [ObjectCreateRule]{mbeans-descriptors/mbean/attribute} Pop org.apache.tomcat.util.modeler.AttributeInfo
2019-12-06 11:18:41.107 DEBUG 7503 --- [kground-preinit] o.a.tomcat.util.digester.Digester.sax    : characters(

    )
2019-12-06 11:18:41.107 DEBUG 7503 --- [kground-preinit] o.a.tomcat.util.digester.Digester.sax    : startElement(,,attribute)
2019-12-06 11:18:41.107 DEBUG 7503 --- [kground-preinit] o.apache.tomcat.util.digester.Digester   :   New match='mbeans-descriptors/mbean/attribute'
2019-12-06 11:18:41.107 DEBUG 7503 --- [kground-preinit] o.apache.tomcat.util.digester.Digester   :   Fire begin() for ObjectCreateRule[className=org.apache.tomcat.util.modeler.AttributeInfo, attributeName=null]
2019-12-06 11:18:41.107 DEBUG 7503 --- [kground-preinit] o.apache.tomcat.util.digester.Digester   :   Fire begin() for SetPropertiesRule[]
2019-12-06 11:18:41.107 DEBUG 7503 --- [kground-preinit] o.apache.tomcat.util.digester.Digester   : [SetPropertiesRule]{mbeans-descriptors/mbean/attribute} Set org.apache.tomcat.util.modeler.AttributeInfo properties
2019-12-06 11:18:41.107 DEBUG 7503 --- [kground-preinit] o.apache.tomcat.util.digester.Digester   : [SetPropertiesRule]{mbeans-descriptors/mbean/attribute} Setting property 'name' to 'logEffectiveWebXml'
2019-12-06 11:18:41.107 DEBUG 7503 --- [kground-preinit] o.apache.tomcat.util.IntrospectionUtils  : IntrospectionUtils: setProperty(class org.apache.tomcat.util.modeler.AttributeInfo name=logEffectiveWebXml)
2019-12-06 11:18:41.107 DEBUG 7503 --- [kground-preinit] o.apache.tomcat.util.digester.Digester   : [SetPropertiesRule]{mbeans-descriptors/mbean/attribute} Setting property 'description' to 'Should the effective web.xml be logged when the context starts?'
2019-12-06 11:18:41.108 DEBUG 7503 --- [kground-preinit] o.apache.tomcat.util.IntrospectionUtils  : IntrospectionUtils: setProperty(class org.apache.tomcat.util.modeler.AttributeInfo description=Should the effective web.xml be logged when the context starts?)
2019-12-06 11:18:41.108 DEBUG 7503 --- [kground-preinit] o.apache.tomcat.util.digester.Digester   : [SetPropertiesRule]{mbeans-descriptors/mbean/attribute} Setting property 'type' to 'boolean'
2019-12-06 11:18:41.108 DEBUG 7503 --- [kground-preinit] o.apache.tomcat.util.IntrospectionUtils  : IntrospectionUtils: setProperty(class org.apache.tomcat.util.modeler.AttributeInfo type=boolean)
2019-12-06 11:18:41.108 DEBUG 7503 --- [kground-preinit] o.apache.tomcat.util.digester.Digester   :   Fire begin() for SetNextRule[methodName=addAttribute, paramType=org.apache.tomcat.util.modeler.AttributeInfo]
2019-12-06 11:18:41.108 DEBUG 7503 --- [kground-preinit] o.a.tomcat.util.digester.Digester.sax    : endElement(,,attribute)
2019-12-06 11:18:41.108 DEBUG 7503 --- [kground-preinit] o.apache.tomcat.util.digester.Digester   :   match='mbeans-descriptors/mbean/attribute'
2019-12-06 11:18:41.108 DEBUG 7503 --- [kground-preinit] o.apache.tomcat.util.digester.Digester   :   bodyText=''
2019-12-06 11:18:41.108 DEBUG 7503 --- [kground-preinit] o.apache.tomcat.util.digester.Digester   :   Fire body() for ObjectCreateRule[className=org.apache.tomcat.util.modeler.AttributeInfo, attributeName=null]
2019-12-06 11:18:41.108 DEBUG 7503 --- [kground-preinit] o.apache.tomcat.util.digester.Digester   :   Fire body() for SetPropertiesRule[]
2019-12-06 11:18:41.108 DEBUG 7503 --- [kground-preinit] o.apache.tomcat.util.digester.Digester   :   Fire body() for SetNextRule[methodName=addAttribute, paramType=org.apache.tomcat.util.modeler.AttributeInfo]
2019-12-06 11:18:41.108 DEBUG 7503 --- [kground-preinit] o.apache.tomcat.util.digester.Digester   :   Fire end() for SetNextRule[methodName=addAttribute, paramType=org.apache.tomcat.util.modeler.AttributeInfo]
2019-12-06 11:18:41.108 DEBUG 7503 --- [kground-preinit] o.apache.tomcat.util.digester.Digester   : [SetNextRule]{mbeans-descriptors/mbean/attribute} Call org.apache.tomcat.util.modeler.ManagedBean.addAttribute(org.apache.tomcat.util.modeler.AttributeInfo@7e7e568c)
2019-12-06 11:18:41.108 DEBUG 7503 --- [kground-preinit] o.apache.tomcat.util.IntrospectionUtils  : IntrospectionUtils: callMethod1 org.apache.tomcat.util.modeler.ManagedBean org.apache.tomcat.util.modeler.AttributeInfo org.apache.tomcat.util.modeler.AttributeInfo
2019-12-06 11:18:41.109 DEBUG 7503 --- [kground-preinit] o.apache.tomcat.util.digester.Digester   :   Fire end() for SetPropertiesRule[]
2019-12-06 11:18:41.109 DEBUG 7503 --- [kground-preinit] o.apache.tomcat.util.digester.Digester   :   Fire end() for ObjectCreateRule[className=org.apache.tomcat.util.modeler.AttributeInfo, attributeName=null]
2019-12-06 11:18:41.109 DEBUG 7503 --- [kground-preinit] o.apache.tomcat.util.digester.Digester   : [ObjectCreateRule]{mbeans-descriptors/mbean/attribute} Pop org.apache.tomcat.util.modeler.AttributeInfo
2019-12-06 11:18:41.109 DEBUG 7503 --- [kground-preinit] o.a.tomcat.util.digester.Digester.sax    : characters(

    )
2019-12-06 11:18:41.109 DEBUG 7503 --- [kground-preinit] o.a.tomcat.util.digester.Digester.sax    : startElement(,,attribute)
2019-12-06 11:18:41.109 DEBUG 7503 --- [kground-preinit] o.apache.tomcat.util.digester.Digester   :   New match='mbeans-descriptors/mbean/attribute'
2019-12-06 11:18:41.109 DEBUG 7503 --- [kground-preinit] o.apache.tomcat.util.digester.Digester   :   Fire begin() for ObjectCreateRule[className=org.apache.tomcat.util.modeler.AttributeInfo, attributeName=null]
2019-12-06 11:18:41.109 DEBUG 7503 --- [kground-preinit] o.apache.tomcat.util.digester.Digester   :   Fire begin() for SetPropertiesRule[]
2019-12-06 11:18:41.109 DEBUG 7503 --- [kground-preinit] o.apache.tomcat.util.digester.Digester   : [SetPropertiesRule]{mbeans-descriptors/mbean/attribute} Set org.apache.tomcat.util.modeler.AttributeInfo properties
2019-12-06 11:18:41.109 DEBUG 7503 --- [kground-preinit] o.apache.tomcat.util.digester.Digester   : [SetPropertiesRule]{mbeans-descriptors/mbean/attribute} Setting property 'name' to 'logger'
2019-12-06 11:18:41.109 DEBUG 7503 --- [kground-preinit] o.apache.tomcat.util.IntrospectionUtils  : IntrospectionUtils: setProperty(class org.apache.tomcat.util.modeler.AttributeInfo name=logger)
2019-12-06 11:18:41.110 DEBUG 7503 --- [kground-preinit] o.apache.tomcat.util.digester.Digester   : [SetPropertiesRule]{mbeans-descriptors/mbean/attribute} Setting property 'description' to 'Associated logger.'
2019-12-06 11:18:41.110 DEBUG 7503 --- [kground-preinit] o.apache.tomcat.util.IntrospectionUtils  : IntrospectionUtils: setProperty(class org.apache.tomcat.util.modeler.AttributeInfo description=Associated logger.)
2019-12-06 11:18:41.110 DEBUG 7503 --- [kground-preinit] o.apache.tomcat.util.digester.Digester   : [SetPropertiesRule]{mbeans-descriptors/mbean/attribute} Setting property 'type' to 'org.apache.juli.logging.Log'
2019-12-06 11:18:41.110 DEBUG 7503 --- [kground-preinit] o.apache.tomcat.util.IntrospectionUtils  : IntrospectionUtils: setProperty(class org.apache.tomcat.util.modeler.AttributeInfo type=org.apache.juli.logging.Log)
2019-12-06 11:18:41.110 DEBUG 7503 --- [kground-preinit] o.apache.tomcat.util.digester.Digester   :   Fire begin() for SetNextRule[methodName=addAttribute, paramType=org.apache.tomcat.util.modeler.AttributeInfo]
2019-12-06 11:18:41.110 DEBUG 7503 --- [kground-preinit] o.a.tomcat.util.digester.Digester.sax    : endElement(,,attribute)
2019-12-06 11:18:41.110 DEBUG 7503 --- [kground-preinit] o.apache.tomcat.util.digester.Digester   :   match='mbeans-descriptors/mbean/attribute'
2019-12-06 11:18:41.110 DEBUG 7503 --- [kground-preinit] o.apache.tomcat.util.digester.Digester   :   bodyText=''
2019-12-06 11:18:41.110 DEBUG 7503 --- [kground-preinit] o.apache.tomcat.util.digester.Digester   :   Fire body() for ObjectCreateRule[className=org.apache.tomcat.util.modeler.AttributeInfo, attributeName=null]
2019-12-06 11:18:41.110 DEBUG 7503 --- [kground-preinit] o.apache.tomcat.util.digester.Digester   :   Fire body() for SetPropertiesRule[]
2019-12-06 11:18:41.110 DEBUG 7503 --- [kground-preinit] o.apache.tomcat.util.digester.Digester   :   Fire body() for SetNextRule[methodName=addAttribute, paramType=org.apache.tomcat.util.modeler.AttributeInfo]
2019-12-06 11:18:41.110 DEBUG 7503 --- [kground-preinit] o.apache.tomcat.util.digester.Digester   :   Fire end() for SetNextRule[methodName=addAttribute, paramType=org.apache.tomcat.util.modeler.AttributeInfo]
2019-12-06 11:18:41.111 DEBUG 7503 --- [kground-preinit] o.apache.tomcat.util.digester.Digester   : [SetNextRule]{mbeans-descriptors/mbean/attribute} Call org.apache.tomcat.util.modeler.ManagedBean.addAttribute(org.apache.tomcat.util.modeler.AttributeInfo@47425368)
2019-12-06 11:18:41.111 DEBUG 7503 --- [kground-preinit] o.apache.tomcat.util.IntrospectionUtils  : IntrospectionUtils: callMethod1 org.apache.tomcat.util.modeler.ManagedBean org.apache.tomcat.util.modeler.AttributeInfo org.apache.tomcat.util.modeler.AttributeInfo
2019-12-06 11:18:41.111 DEBUG 7503 --- [kground-preinit] o.apache.tomcat.util.digester.Digester   :   Fire end() for SetPropertiesRule[]
2019-12-06 11:18:41.111 DEBUG 7503 --- [kground-preinit] o.apache.tomcat.util.digester.Digester   :   Fire end() for ObjectCreateRule[className=org.apache.tomcat.util.modeler.AttributeInfo, attributeName=null]
2019-12-06 11:18:41.111 DEBUG 7503 --- [kground-preinit] o.apache.tomcat.util.digester.Digester   : [ObjectCreateRule]{mbeans-descriptors/mbean/attribute} Pop org.apache.tomcat.util.modeler.AttributeInfo
2019-12-06 11:18:41.111 DEBUG 7503 --- [kground-preinit] o.a.tomcat.util.digester.Digester.sax    : characters(

    )
2019-12-06 11:18:41.111 DEBUG 7503 --- [kground-preinit] o.a.tomcat.util.digester.Digester.sax    : startElement(,,attribute)
2019-12-06 11:18:41.111 DEBUG 7503 --- [kground-preinit] o.apache.tomcat.util.digester.Digester   :   New match='mbeans-descriptors/mbean/attribute'
2019-12-06 11:18:41.111 DEBUG 7503 --- [kground-preinit] o.apache.tomcat.util.digester.Digester   :   Fire begin() for ObjectCreateRule[className=org.apache.tomcat.util.modeler.AttributeInfo, attributeName=null]
2019-12-06 11:18:41.111 DEBUG 7503 --- [kground-preinit] o.apache.tomcat.util.digester.Digester   :   Fire begin() for SetPropertiesRule[]
2019-12-06 11:18:41.112 DEBUG 7503 --- [kground-preinit] o.apache.tomcat.util.digester.Digester   : [SetPropertiesRule]{mbeans-descriptors/mbean/attribute} Set org.apache.tomcat.util.modeler.AttributeInfo properties
2019-12-06 11:18:41.112 DEBUG 7503 --- [kground-preinit] o.apache.tomcat.util.digester.Digester   : [SetPropertiesRule]{mbeans-descriptors/mbean/attribute} Setting property 'name' to 'managedResource'
2019-12-06 11:18:41.112 DEBUG 7503 --- [kground-preinit] o.apache.tomcat.util.IntrospectionUtils  : IntrospectionUtils: setProperty(class org.apache.tomcat.util.modeler.AttributeInfo name=managedResource)
2019-12-06 11:18:41.112 DEBUG 7503 --- [kground-preinit] o.apache.tomcat.util.digester.Digester   : [SetPropertiesRule]{mbeans-descriptors/mbean/attribute} Setting property 'description' to 'The managed resource this MBean is associated with'
2019-12-06 11:18:41.112 DEBUG 7503 --- [kground-preinit] o.apache.tomcat.util.IntrospectionUtils  : IntrospectionUtils: setProperty(class org.apache.tomcat.util.modeler.AttributeInfo description=The managed resource this MBean is associated with)
2019-12-06 11:18:41.112 DEBUG 7503 --- [kground-preinit] o.apache.tomcat.util.digester.Digester   : [SetPropertiesRule]{mbeans-descriptors/mbean/attribute} Setting property 'type' to 'java.lang.Object'
2019-12-06 11:18:41.112 DEBUG 7503 --- [kground-preinit] o.apache.tomcat.util.IntrospectionUtils  : IntrospectionUtils: setProperty(class org.apache.tomcat.util.modeler.AttributeInfo type=java.lang.Object)
2019-12-06 11:18:41.112 DEBUG 7503 --- [kground-preinit] o.apache.tomcat.util.digester.Digester   :   Fire begin() for SetNextRule[methodName=addAttribute, paramType=org.apache.tomcat.util.modeler.AttributeInfo]
2019-12-06 11:18:41.112 DEBUG 7503 --- [kground-preinit] o.a.tomcat.util.digester.Digester.sax    : endElement(,,attribute)
2019-12-06 11:18:41.112 DEBUG 7503 --- [kground-preinit] o.apache.tomcat.util.digester.Digester   :   match='mbeans-descriptors/mbean/attribute'
2019-12-06 11:18:41.113 DEBUG 7503 --- [kground-preinit] o.apache.tomcat.util.digester.Digester   :   bodyText=''
2019-12-06 11:18:41.113 DEBUG 7503 --- [kground-preinit] o.apache.tomcat.util.digester.Digester   :   Fire body() for ObjectCreateRule[className=org.apache.tomcat.util.modeler.AttributeInfo, attributeName=null]
2019-12-06 11:18:41.113 DEBUG 7503 --- [kground-preinit] o.apache.tomcat.util.digester.Digester   :   Fire body() for SetPropertiesRule[]
2019-12-06 11:18:41.113 DEBUG 7503 --- [kground-preinit] o.apache.tomcat.util.digester.Digester   :   Fire body() for SetNextRule[methodName=addAttribute, paramType=org.apache.tomcat.util.modeler.AttributeInfo]
2019-12-06 11:18:41.113 DEBUG 7503 --- [kground-preinit] o.apache.tomcat.util.digester.Digester   :   Fire end() for SetNextRule[methodName=addAttribute, paramType=org.apache.tomcat.util.modeler.AttributeInfo]
2019-12-06 11:18:41.113 DEBUG 7503 --- [kground-preinit] o.apache.tomcat.util.digester.Digester   : [SetNextRule]{mbeans-descriptors/mbean/attribute} Call org.apache.tomcat.util.modeler.ManagedBean.addAttribute(org.apache.tomcat.util.modeler.AttributeInfo@28718d0c)
2019-12-06 11:18:41.113 DEBUG 7503 --- [kground-preinit] o.apache.tomcat.util.IntrospectionUtils  : IntrospectionUtils: callMethod1 org.apache.tomcat.util.modeler.ManagedBean org.apache.tomcat.util.modeler.AttributeInfo org.apache.tomcat.util.modeler.AttributeInfo
2019-12-06 11:18:41.113 DEBUG 7503 --- [kground-preinit] o.apache.tomcat.util.digester.Digester   :   Fire end() for SetPropertiesRule[]
2019-12-06 11:18:41.113 DEBUG 7503 --- [kground-preinit] o.apache.tomcat.util.digester.Digester   :   Fire end() for ObjectCreateRule[className=org.apache.tomcat.util.modeler.AttributeInfo, attributeName=null]
2019-12-06 11:18:41.113 DEBUG 7503 --- [kground-preinit] o.apache.tomcat.util.digester.Digester   : [ObjectCreateRule]{mbeans-descriptors/mbean/attribute} Pop org.apache.tomcat.util.modeler.AttributeInfo
2019-12-06 11:18:41.113 DEBUG 7503 --- [kground-preinit] o.a.tomcat.util.digester.Digester.sax    : characters(

    )
2019-12-06 11:18:41.114 DEBUG 7503 --- [kground-preinit] o.a.tomcat.util.digester.Digester.sax    : startElement(,,attribute)
2019-12-06 11:18:41.114 DEBUG 7503 --- [kground-preinit] o.apache.tomcat.util.digester.Digester   :   New match='mbeans-descriptors/mbean/attribute'
2019-12-06 11:18:41.114 DEBUG 7503 --- [kground-preinit] o.apache.tomcat.util.digester.Digester   :   Fire begin() for ObjectCreateRule[className=org.apache.tomcat.util.modeler.AttributeInfo, attributeName=null]
2019-12-06 11:18:41.114 DEBUG 7503 --- [kground-preinit] o.apache.tomcat.util.digester.Digester   :   Fire begin() for SetPropertiesRule[]
2019-12-06 11:18:41.114 DEBUG 7503 --- [kground-preinit] o.apache.tomcat.util.digester.Digester   : [SetPropertiesRule]{mbeans-descriptors/mbean/attribute} Set org.apache.tomcat.util.modeler.AttributeInfo properties
2019-12-06 11:18:41.114 DEBUG 7503 --- [kground-preinit] o.apache.tomcat.util.digester.Digester   : [SetPropertiesRule]{mbeans-descriptors/mbean/attribute} Setting property 'name' to 'manager'
2019-12-06 11:18:41.114 DEBUG 7503 --- [kground-preinit] o.apache.tomcat.util.IntrospectionUtils  : IntrospectionUtils: setProperty(class org.apache.tomcat.util.modeler.AttributeInfo name=manager)
2019-12-06 11:18:41.114 DEBUG 7503 --- [kground-preinit] o.apache.tomcat.util.digester.Digester   : [SetPropertiesRule]{mbeans-descriptors/mbean/attribute} Setting property 'description' to 'Associated manager.'
2019-12-06 11:18:41.114 DEBUG 7503 --- [kground-preinit] o.apache.tomcat.util.IntrospectionUtils  : IntrospectionUtils: setProperty(class org.apache.tomcat.util.modeler.AttributeInfo description=Associated manager.)
2019-12-06 11:18:41.115 DEBUG 7503 --- [kground-preinit] o.apache.tomcat.util.digester.Digester   : [SetPropertiesRule]{mbeans-descriptors/mbean/attribute} Setting property 'type' to 'org.apache.catalina.Manager'
2019-12-06 11:18:41.115 DEBUG 7503 --- [kground-preinit] o.apache.tomcat.util.IntrospectionUtils  : IntrospectionUtils: setProperty(class org.apache.tomcat.util.modeler.AttributeInfo type=org.apache.catalina.Manager)
2019-12-06 11:18:41.115 DEBUG 7503 --- [kground-preinit] o.apache.tomcat.util.digester.Digester   :   Fire begin() for SetNextRule[methodName=addAttribute, paramType=org.apache.tomcat.util.modeler.AttributeInfo]
2019-12-06 11:18:41.115 DEBUG 7503 --- [kground-preinit] o.a.tomcat.util.digester.Digester.sax    : endElement(,,attribute)
2019-12-06 11:18:41.115 DEBUG 7503 --- [kground-preinit] o.apache.tomcat.util.digester.Digester   :   match='mbeans-descriptors/mbean/attribute'
2019-12-06 11:18:41.115 DEBUG 7503 --- [kground-preinit] o.apache.tomcat.util.digester.Digester   :   bodyText=''
2019-12-06 11:18:41.115 DEBUG 7503 --- [kground-preinit] o.apache.tomcat.util.digester.Digester   :   Fire body() for ObjectCreateRule[className=org.apache.tomcat.util.modeler.AttributeInfo, attributeName=null]
2019-12-06 11:18:41.115 DEBUG 7503 --- [kground-preinit] o.apache.tomcat.util.digester.Digester   :   Fire body() for SetPropertiesRule[]
2019-12-06 11:18:41.115 DEBUG 7503 --- [kground-preinit] o.apache.tomcat.util.digester.Digester   :   Fire body() for SetNextRule[methodName=addAttribute, paramType=org.apache.tomcat.util.modeler.AttributeInfo]
2019-12-06 11:18:41.115 DEBUG 7503 --- [kground-preinit] o.apache.tomcat.util.digester.Digester   :   Fire end() for SetNextRule[methodName=addAttribute, paramType=org.apache.tomcat.util.modeler.AttributeInfo]
2019-12-06 11:18:41.115 DEBUG 7503 --- [kground-preinit] o.apache.tomcat.util.digester.Digester   : [SetNextRule]{mbeans-descriptors/mbean/attribute} Call org.apache.tomcat.util.modeler.ManagedBean.addAttribute(org.apache.tomcat.util.modeler.AttributeInfo@e8edd80)
2019-12-06 11:18:41.116 DEBUG 7503 --- [kground-preinit] o.apache.tomcat.util.IntrospectionUtils  : IntrospectionUtils: callMethod1 org.apache.tomcat.util.modeler.ManagedBean org.apache.tomcat.util.modeler.AttributeInfo org.apache.tomcat.util.modeler.AttributeInfo
2019-12-06 11:18:41.116 DEBUG 7503 --- [kground-preinit] o.apache.tomcat.util.digester.Digester   :   Fire end() for SetPropertiesRule[]
2019-12-06 11:18:41.116 DEBUG 7503 --- [kground-preinit] o.apache.tomcat.util.digester.Digester   :   Fire end() for ObjectCreateRule[className=org.apache.tomcat.util.modeler.AttributeInfo, attributeName=null]
2019-12-06 11:18:41.116 DEBUG 7503 --- [kground-preinit] o.apache.tomcat.util.digester.Digester   : [ObjectCreateRule]{mbeans-descriptors/mbean/attribute} Pop org.apache.tomcat.util.modeler.AttributeInfo
2019-12-06 11:18:41.116 DEBUG 7503 --- [kground-preinit] o.a.tomcat.util.digester.Digester.sax    : characters(

    )
2019-12-06 11:18:41.116 DEBUG 7503 --- [kground-preinit] o.a.tomcat.util.digester.Digester.sax    : startElement(,,attribute)
2019-12-06 11:18:41.116 DEBUG 7503 --- [kground-preinit] o.apache.tomcat.util.digester.Digester   :   New match='mbeans-descriptors/mbean/attribute'
2019-12-06 11:18:41.116 DEBUG 7503 --- [kground-preinit] o.apache.tomcat.util.digester.Digester   :   Fire begin() for ObjectCreateRule[className=org.apache.tomcat.util.modeler.AttributeInfo, attributeName=null]
2019-12-06 11:18:41.116 DEBUG 7503 --- [kground-preinit] o.apache.tomcat.util.digester.Digester   :   Fire begin() for SetPropertiesRule[]
2019-12-06 11:18:41.116 DEBUG 7503 --- [kground-preinit] o.apache.tomcat.util.digester.Digester   : [SetPropertiesRule]{mbeans-descriptors/mbean/attribute} Set org.apache.tomcat.util.modeler.AttributeInfo properties
2019-12-06 11:18:41.116 DEBUG 7503 --- [kground-preinit] o.apache.tomcat.util.digester.Digester   : [SetPropertiesRule]{mbeans-descriptors/mbean/attribute} Setting property 'name' to 'mapperContextRootRedirectEnabled'
2019-12-06 11:18:41.117 DEBUG 7503 --- [kground-preinit] o.apache.tomcat.util.IntrospectionUtils  : IntrospectionUtils: setProperty(class org.apache.tomcat.util.modeler.AttributeInfo name=mapperContextRootRedirectEnabled)
2019-12-06 11:18:41.117 DEBUG 7503 --- [kground-preinit] o.apache.tomcat.util.digester.Digester   : [SetPropertiesRule]{mbeans-descriptors/mbean/attribute} Setting property 'description' to 'Should the Mapper be used for context root redirects'
2019-12-06 11:18:41.117 DEBUG 7503 --- [kground-preinit] o.apache.tomcat.util.IntrospectionUtils  : IntrospectionUtils: setProperty(class org.apache.tomcat.util.modeler.AttributeInfo description=Should the Mapper be used for context root redirects)
2019-12-06 11:18:41.117 DEBUG 7503 --- [kground-preinit] o.apache.tomcat.util.digester.Digester   : [SetPropertiesRule]{mbeans-descriptors/mbean/attribute} Setting property 'type' to 'boolean'
2019-12-06 11:18:41.117 DEBUG 7503 --- [kground-preinit] o.apache.tomcat.util.IntrospectionUtils  : IntrospectionUtils: setProperty(class org.apache.tomcat.util.modeler.AttributeInfo type=boolean)
2019-12-06 11:18:41.117 DEBUG 7503 --- [kground-preinit] o.apache.tomcat.util.digester.Digester   :   Fire begin() for SetNextRule[methodName=addAttribute, paramType=org.apache.tomcat.util.modeler.AttributeInfo]
2019-12-06 11:18:41.117 DEBUG 7503 --- [kground-preinit] o.a.tomcat.util.digester.Digester.sax    : endElement(,,attribute)
2019-12-06 11:18:41.117 DEBUG 7503 --- [kground-preinit] o.apache.tomcat.util.digester.Digester   :   match='mbeans-descriptors/mbean/attribute'
2019-12-06 11:18:41.117 DEBUG 7503 --- [kground-preinit] o.apache.tomcat.util.digester.Digester   :   bodyText=''
2019-12-06 11:18:41.117 DEBUG 7503 --- [kground-preinit] o.apache.tomcat.util.digester.Digester   :   Fire body() for ObjectCreateRule[className=org.apache.tomcat.util.modeler.AttributeInfo, attributeName=null]
2019-12-06 11:18:41.117 DEBUG 7503 --- [kground-preinit] o.apache.tomcat.util.digester.Digester   :   Fire body() for SetPropertiesRule[]
2019-12-06 11:18:41.117 DEBUG 7503 --- [kground-preinit] o.apache.tomcat.util.digester.Digester   :   Fire body() for SetNextRule[methodName=addAttribute, paramType=org.apache.tomcat.util.modeler.AttributeInfo]
2019-12-06 11:18:41.118 DEBUG 7503 --- [kground-preinit] o.apache.tomcat.util.digester.Digester   :   Fire end() for SetNextRule[methodName=addAttribute, paramType=org.apache.tomcat.util.modeler.AttributeInfo]
2019-12-06 11:18:41.118 DEBUG 7503 --- [kground-preinit] o.apache.tomcat.util.digester.Digester   : [SetNextRule]{mbeans-descriptors/mbean/attribute} Call org.apache.tomcat.util.modeler.ManagedBean.addAttribute(org.apache.tomcat.util.modeler.AttributeInfo@2c820eb)
2019-12-06 11:18:41.118 DEBUG 7503 --- [kground-preinit] o.apache.tomcat.util.IntrospectionUtils  : IntrospectionUtils: callMethod1 org.apache.tomcat.util.modeler.ManagedBean org.apache.tomcat.util.modeler.AttributeInfo org.apache.tomcat.util.modeler.AttributeInfo
2019-12-06 11:18:41.118 DEBUG 7503 --- [kground-preinit] o.apache.tomcat.util.digester.Digester   :   Fire end() for SetPropertiesRule[]
2019-12-06 11:18:41.118 DEBUG 7503 --- [kground-preinit] o.apache.tomcat.util.digester.Digester   :   Fire end() for ObjectCreateRule[className=org.apache.tomcat.util.modeler.AttributeInfo, attributeName=null]
2019-12-06 11:18:41.118 DEBUG 7503 --- [kground-preinit] o.apache.tomcat.util.digester.Digester   : [ObjectCreateRule]{mbeans-descriptors/mbean/attribute} Pop org.apache.tomcat.util.modeler.AttributeInfo
2019-12-06 11:18:41.118 DEBUG 7503 --- [kground-preinit] o.a.tomcat.util.digester.Digester.sax    : characters(

    )
2019-12-06 11:18:41.118 DEBUG 7503 --- [kground-preinit] o.a.tomcat.util.digester.Digester.sax    : startElement(,,attribute)
2019-12-06 11:18:41.119 DEBUG 7503 --- [kground-preinit] o.apache.tomcat.util.digester.Digester   :   New match='mbeans-descriptors/mbean/attribute'
2019-12-06 11:18:41.119 DEBUG 7503 --- [kground-preinit] o.apache.tomcat.util.digester.Digester   :   Fire begin() for ObjectCreateRule[className=org.apache.tomcat.util.modeler.AttributeInfo, attributeName=null]
2019-12-06 11:18:41.119 DEBUG 7503 --- [kground-preinit] o.apache.tomcat.util.digester.Digester   :   Fire begin() for SetPropertiesRule[]
2019-12-06 11:18:41.119 DEBUG 7503 --- [kground-preinit] o.apache.tomcat.util.digester.Digester   : [SetPropertiesRule]{mbeans-descriptors/mbean/attribute} Set org.apache.tomcat.util.modeler.AttributeInfo properties
2019-12-06 11:18:41.119 DEBUG 7503 --- [kground-preinit] o.apache.tomcat.util.digester.Digester   : [SetPropertiesRule]{mbeans-descriptors/mbean/attribute} Setting property 'name' to 'mapperDirectoryRedirectEnabled'
2019-12-06 11:18:41.119 DEBUG 7503 --- [kground-preinit] o.apache.tomcat.util.IntrospectionUtils  : IntrospectionUtils: setProperty(class org.apache.tomcat.util.modeler.AttributeInfo name=mapperDirectoryRedirectEnabled)
2019-12-06 11:18:41.119 DEBUG 7503 --- [kground-preinit] o.apache.tomcat.util.digester.Digester   : [SetPropertiesRule]{mbeans-descriptors/mbean/attribute} Setting property 'description' to 'Should the Mapper be used for directory redirects'
2019-12-06 11:18:41.119 DEBUG 7503 --- [kground-preinit] o.apache.tomcat.util.IntrospectionUtils  : IntrospectionUtils: setProperty(class org.apache.tomcat.util.modeler.AttributeInfo description=Should the Mapper be used for directory redirects)
2019-12-06 11:18:41.119 DEBUG 7503 --- [kground-preinit] o.apache.tomcat.util.digester.Digester   : [SetPropertiesRule]{mbeans-descriptors/mbean/attribute} Setting property 'type' to 'boolean'
2019-12-06 11:18:41.120 DEBUG 7503 --- [kground-preinit] o.apache.tomcat.util.IntrospectionUtils  : IntrospectionUtils: setProperty(class org.apache.tomcat.util.modeler.AttributeInfo type=boolean)
2019-12-06 11:18:41.120 DEBUG 7503 --- [kground-preinit] o.apache.tomcat.util.digester.Digester   :   Fire begin() for SetNextRule[methodName=addAttribute, paramType=org.apache.tomcat.util.modeler.AttributeInfo]
2019-12-06 11:18:41.120 DEBUG 7503 --- [kground-preinit] o.a.tomcat.util.digester.Digester.sax    : endElement(,,attribute)
2019-12-06 11:18:41.120 DEBUG 7503 --- [kground-preinit] o.apache.tomcat.util.digester.Digester   :   match='mbeans-descriptors/mbean/attribute'
2019-12-06 11:18:41.120 DEBUG 7503 --- [kground-preinit] o.apache.tomcat.util.digester.Digester   :   bodyText=''
2019-12-06 11:18:41.120 DEBUG 7503 --- [kground-preinit] o.apache.tomcat.util.digester.Digester   :   Fire body() for ObjectCreateRule[className=org.apache.tomcat.util.modeler.AttributeInfo, attributeName=null]
2019-12-06 11:18:41.120 DEBUG 7503 --- [kground-preinit] o.apache.tomcat.util.digester.Digester   :   Fire body() for SetPropertiesRule[]
2019-12-06 11:18:41.120 DEBUG 7503 --- [kground-preinit] o.apache.tomcat.util.digester.Digester   :   Fire body() for SetNextRule[methodName=addAttribute, paramType=org.apache.tomcat.util.modeler.AttributeInfo]
2019-12-06 11:18:41.120 DEBUG 7503 --- [kground-preinit] o.apache.tomcat.util.digester.Digester   :   Fire end() for SetNextRule[methodName=addAttribute, paramType=org.apache.tomcat.util.modeler.AttributeInfo]
2019-12-06 11:18:41.120 DEBUG 7503 --- [kground-preinit] o.apache.tomcat.util.digester.Digester   : [SetNextRule]{mbeans-descriptors/mbean/attribute} Call org.apache.tomcat.util.modeler.ManagedBean.addAttribute(org.apache.tomcat.util.modeler.AttributeInfo@57c4fac9)
2019-12-06 11:18:41.120 DEBUG 7503 --- [kground-preinit] o.apache.tomcat.util.IntrospectionUtils  : IntrospectionUtils: callMethod1 org.apache.tomcat.util.modeler.ManagedBean org.apache.tomcat.util.modeler.AttributeInfo org.apache.tomcat.util.modeler.AttributeInfo
2019-12-06 11:18:41.121 DEBUG 7503 --- [kground-preinit] o.apache.tomcat.util.digester.Digester   :   Fire end() for SetPropertiesRule[]
2019-12-06 11:18:41.121 DEBUG 7503 --- [kground-preinit] o.apache.tomcat.util.digester.Digester   :   Fire end() for ObjectCreateRule[className=org.apache.tomcat.util.modeler.AttributeInfo, attributeName=null]
2019-12-06 11:18:41.121 DEBUG 7503 --- [kground-preinit] o.apache.tomcat.util.digester.Digester   : [ObjectCreateRule]{mbeans-descriptors/mbean/attribute} Pop org.apache.tomcat.util.modeler.AttributeInfo
2019-12-06 11:18:41.121 DEBUG 7503 --- [kground-preinit] o.a.tomcat.util.digester.Digester.sax    : characters(

    )
2019-12-06 11:18:41.121 DEBUG 7503 --- [kground-preinit] o.a.tomcat.util.digester.Digester.sax    : startElement(,,attribute)
2019-12-06 11:18:41.121 DEBUG 7503 --- [kground-preinit] o.apache.tomcat.util.digester.Digester   :   New match='mbeans-descriptors/mbean/attribute'
2019-12-06 11:18:41.121 DEBUG 7503 --- [kground-preinit] o.apache.tomcat.util.digester.Digester   :   Fire begin() for ObjectCreateRule[className=org.apache.tomcat.util.modeler.AttributeInfo, attributeName=null]
2019-12-06 11:18:41.121 DEBUG 7503 --- [kground-preinit] o.apache.tomcat.util.digester.Digester   :   Fire begin() for SetPropertiesRule[]
2019-12-06 11:18:41.121 DEBUG 7503 --- [kground-preinit] o.apache.tomcat.util.digester.Digester   : [SetPropertiesRule]{mbeans-descriptors/mbean/attribute} Set org.apache.tomcat.util.modeler.AttributeInfo properties
2019-12-06 11:18:41.121 DEBUG 7503 --- [kground-preinit] o.apache.tomcat.util.digester.Digester   : [SetPropertiesRule]{mbeans-descriptors/mbean/attribute} Setting property 'name' to 'namingContextListener'
2019-12-06 11:18:41.122 DEBUG 7503 --- [kground-preinit] o.apache.tomcat.util.IntrospectionUtils  : IntrospectionUtils: setProperty(class org.apache.tomcat.util.modeler.AttributeInfo name=namingContextListener)
2019-12-06 11:18:41.122 DEBUG 7503 --- [kground-preinit] o.apache.tomcat.util.digester.Digester   : [SetPropertiesRule]{mbeans-descriptors/mbean/attribute} Setting property 'description' to 'Associated naming context listener.'
2019-12-06 11:18:41.122 DEBUG 7503 --- [kground-preinit] o.apache.tomcat.util.IntrospectionUtils  : IntrospectionUtils: setProperty(class org.apache.tomcat.util.modeler.AttributeInfo description=Associated naming context listener.)
2019-12-06 11:18:41.122 DEBUG 7503 --- [kground-preinit] o.apache.tomcat.util.digester.Digester   : [SetPropertiesRule]{mbeans-descriptors/mbean/attribute} Setting property 'type' to 'org.apache.catalina.core.NamingContextListener'
2019-12-06 11:18:41.122 DEBUG 7503 --- [kground-preinit] o.apache.tomcat.util.IntrospectionUtils  : IntrospectionUtils: setProperty(class org.apache.tomcat.util.modeler.AttributeInfo type=org.apache.catalina.core.NamingContextListener)
2019-12-06 11:18:41.122 DEBUG 7503 --- [kground-preinit] o.apache.tomcat.util.digester.Digester   :   Fire begin() for SetNextRule[methodName=addAttribute, paramType=org.apache.tomcat.util.modeler.AttributeInfo]
2019-12-06 11:18:41.122 DEBUG 7503 --- [kground-preinit] o.a.tomcat.util.digester.Digester.sax    : endElement(,,attribute)
2019-12-06 11:18:41.122 DEBUG 7503 --- [kground-preinit] o.apache.tomcat.util.digester.Digester   :   match='mbeans-descriptors/mbean/attribute'
2019-12-06 11:18:41.122 DEBUG 7503 --- [kground-preinit] o.apache.tomcat.util.digester.Digester   :   bodyText=''
2019-12-06 11:18:41.122 DEBUG 7503 --- [kground-preinit] o.apache.tomcat.util.digester.Digester   :   Fire body() for ObjectCreateRule[className=org.apache.tomcat.util.modeler.AttributeInfo, attributeName=null]
2019-12-06 11:18:41.123 DEBUG 7503 --- [kground-preinit] o.apache.tomcat.util.digester.Digester   :   Fire body() for SetPropertiesRule[]
2019-12-06 11:18:41.123 DEBUG 7503 --- [kground-preinit] o.apache.tomcat.util.digester.Digester   :   Fire body() for SetNextRule[methodName=addAttribute, paramType=org.apache.tomcat.util.modeler.AttributeInfo]
2019-12-06 11:18:41.123 DEBUG 7503 --- [kground-preinit] o.apache.tomcat.util.digester.Digester   :   Fire end() for SetNextRule[methodName=addAttribute, paramType=org.apache.tomcat.util.modeler.AttributeInfo]
2019-12-06 11:18:41.123 DEBUG 7503 --- [kground-preinit] o.apache.tomcat.util.digester.Digester   : [SetNextRule]{mbeans-descriptors/mbean/attribute} Call org.apache.tomcat.util.modeler.ManagedBean.addAttribute(org.apache.tomcat.util.modeler.AttributeInfo@737904d0)
2019-12-06 11:18:41.123 DEBUG 7503 --- [kground-preinit] o.apache.tomcat.util.IntrospectionUtils  : IntrospectionUtils: callMethod1 org.apache.tomcat.util.modeler.ManagedBean org.apache.tomcat.util.modeler.AttributeInfo org.apache.tomcat.util.modeler.AttributeInfo
2019-12-06 11:18:41.123 DEBUG 7503 --- [kground-preinit] o.apache.tomcat.util.digester.Digester   :   Fire end() for SetPropertiesRule[]
2019-12-06 11:18:41.123 DEBUG 7503 --- [kground-preinit] o.apache.tomcat.util.digester.Digester   :   Fire end() for ObjectCreateRule[className=org.apache.tomcat.util.modeler.AttributeInfo, attributeName=null]
2019-12-06 11:18:41.123 DEBUG 7503 --- [kground-preinit] o.apache.tomcat.util.digester.Digester   : [ObjectCreateRule]{mbeans-descriptors/mbean/attribute} Pop org.apache.tomcat.util.modeler.AttributeInfo
2019-12-06 11:18:41.123 DEBUG 7503 --- [kground-preinit] o.a.tomcat.util.digester.Digester.sax    : characters(

    )
2019-12-06 11:18:41.123 DEBUG 7503 --- [kground-preinit] o.a.tomcat.util.digester.Digester.sax    : startElement(,,attribute)
2019-12-06 11:18:41.123 DEBUG 7503 --- [kground-preinit] o.apache.tomcat.util.digester.Digester   :   New match='mbeans-descriptors/mbean/attribute'
2019-12-06 11:18:41.123 DEBUG 7503 --- [kground-preinit] o.apache.tomcat.util.digester.Digester   :   Fire begin() for ObjectCreateRule[className=org.apache.tomcat.util.modeler.AttributeInfo, attributeName=null]
2019-12-06 11:18:41.124 DEBUG 7503 --- [kground-preinit] o.apache.tomcat.util.digester.Digester   :   Fire begin() for SetPropertiesRule[]
2019-12-06 11:18:41.124 DEBUG 7503 --- [kground-preinit] o.apache.tomcat.util.digester.Digester   : [SetPropertiesRule]{mbeans-descriptors/mbean/attribute} Set org.apache.tomcat.util.modeler.AttributeInfo properties
2019-12-06 11:18:41.124 DEBUG 7503 --- [kground-preinit] o.apache.tomcat.util.digester.Digester   : [SetPropertiesRule]{mbeans-descriptors/mbean/attribute} Setting property 'name' to 'objectName'
2019-12-06 11:18:41.124 DEBUG 7503 --- [kground-preinit] o.apache.tomcat.util.IntrospectionUtils  : IntrospectionUtils: setProperty(class org.apache.tomcat.util.modeler.AttributeInfo name=objectName)
2019-12-06 11:18:41.124 DEBUG 7503 --- [kground-preinit] o.apache.tomcat.util.digester.Digester   : [SetPropertiesRule]{mbeans-descriptors/mbean/attribute} Setting property 'description' to 'Name of the object'
2019-12-06 11:18:41.124 DEBUG 7503 --- [kground-preinit] o.apache.tomcat.util.IntrospectionUtils  : IntrospectionUtils: setProperty(class org.apache.tomcat.util.modeler.AttributeInfo description=Name of the object)
2019-12-06 11:18:41.124 DEBUG 7503 --- [kground-preinit] o.apache.tomcat.util.digester.Digester   : [SetPropertiesRule]{mbeans-descriptors/mbean/attribute} Setting property 'type' to 'java.lang.String'
2019-12-06 11:18:41.124 DEBUG 7503 --- [kground-preinit] o.apache.tomcat.util.IntrospectionUtils  : IntrospectionUtils: setProperty(class org.apache.tomcat.util.modeler.AttributeInfo type=java.lang.String)
2019-12-06 11:18:41.124 DEBUG 7503 --- [kground-preinit] o.apache.tomcat.util.digester.Digester   : [SetPropertiesRule]{mbeans-descriptors/mbean/attribute} Setting property 'writeable' to 'false'
2019-12-06 11:18:41.124 DEBUG 7503 --- [kground-preinit] o.apache.tomcat.util.IntrospectionUtils  : IntrospectionUtils: setProperty(class org.apache.tomcat.util.modeler.AttributeInfo writeable=false)
2019-12-06 11:18:41.124 DEBUG 7503 --- [kground-preinit] o.apache.tomcat.util.digester.Digester   :   Fire begin() for SetNextRule[methodName=addAttribute, paramType=org.apache.tomcat.util.modeler.AttributeInfo]
2019-12-06 11:18:41.124 DEBUG 7503 --- [kground-preinit] o.a.tomcat.util.digester.Digester.sax    : endElement(,,attribute)
2019-12-06 11:18:41.124 DEBUG 7503 --- [kground-preinit] o.apache.tomcat.util.digester.Digester   :   match='mbeans-descriptors/mbean/attribute'
2019-12-06 11:18:41.124 DEBUG 7503 --- [kground-preinit] o.apache.tomcat.util.digester.Digester   :   bodyText=''
2019-12-06 11:18:41.125 DEBUG 7503 --- [kground-preinit] o.apache.tomcat.util.digester.Digester   :   Fire body() for ObjectCreateRule[className=org.apache.tomcat.util.modeler.AttributeInfo, attributeName=null]
2019-12-06 11:18:41.125 DEBUG 7503 --- [kground-preinit] o.apache.tomcat.util.digester.Digester   :   Fire body() for SetPropertiesRule[]
2019-12-06 11:18:41.125 DEBUG 7503 --- [kground-preinit] o.apache.tomcat.util.digester.Digester   :   Fire body() for SetNextRule[methodName=addAttribute, paramType=org.apache.tomcat.util.modeler.AttributeInfo]
2019-12-06 11:18:41.125 DEBUG 7503 --- [kground-preinit] o.apache.tomcat.util.digester.Digester   :   Fire end() for SetNextRule[methodName=addAttribute, paramType=org.apache.tomcat.util.modeler.AttributeInfo]
2019-12-06 11:18:41.125 DEBUG 7503 --- [kground-preinit] o.apache.tomcat.util.digester.Digester   : [SetNextRule]{mbeans-descriptors/mbean/attribute} Call org.apache.tomcat.util.modeler.ManagedBean.addAttribute(org.apache.tomcat.util.modeler.AttributeInfo@b63a5e2)
2019-12-06 11:18:41.125 DEBUG 7503 --- [kground-preinit] o.apache.tomcat.util.IntrospectionUtils  : IntrospectionUtils: callMethod1 org.apache.tomcat.util.modeler.ManagedBean org.apache.tomcat.util.modeler.AttributeInfo org.apache.tomcat.util.modeler.AttributeInfo
2019-12-06 11:18:41.125 DEBUG 7503 --- [kground-preinit] o.apache.tomcat.util.digester.Digester   :   Fire end() for SetPropertiesRule[]
2019-12-06 11:18:41.125 DEBUG 7503 --- [kground-preinit] o.apache.tomcat.util.digester.Digester   :   Fire end() for ObjectCreateRule[className=org.apache.tomcat.util.modeler.AttributeInfo, attributeName=null]
2019-12-06 11:18:41.125 DEBUG 7503 --- [kground-preinit] o.apache.tomcat.util.digester.Digester   : [ObjectCreateRule]{mbeans-descriptors/mbean/attribute} Pop org.apache.tomcat.util.modeler.AttributeInfo
2019-12-06 11:18:41.125 DEBUG 7503 --- [kground-preinit] o.a.tomcat.util.digester.Digester.sax    : characters(

    )
2019-12-06 11:18:41.126 DEBUG 7503 --- [kground-preinit] o.a.tomcat.util.digester.Digester.sax    : startElement(,,attribute)
2019-12-06 11:18:41.126 DEBUG 7503 --- [kground-preinit] o.apache.tomcat.util.digester.Digester   :   New match='mbeans-descriptors/mbean/attribute'
2019-12-06 11:18:41.126 DEBUG 7503 --- [kground-preinit] o.apache.tomcat.util.digester.Digester   :   Fire begin() for ObjectCreateRule[className=org.apache.tomcat.util.modeler.AttributeInfo, attributeName=null]
2019-12-06 11:18:41.126 DEBUG 7503 --- [kground-preinit] o.apache.tomcat.util.digester.Digester   :   Fire begin() for SetPropertiesRule[]
2019-12-06 11:18:41.126 DEBUG 7503 --- [kground-preinit] o.apache.tomcat.util.digester.Digester   : [SetPropertiesRule]{mbeans-descriptors/mbean/attribute} Set org.apache.tomcat.util.modeler.AttributeInfo properties
2019-12-06 11:18:41.127 DEBUG 7503 --- [kground-preinit] o.apache.tomcat.util.digester.Digester   : [SetPropertiesRule]{mbeans-descriptors/mbean/attribute} Setting property 'name' to 'originalDocBase'
2019-12-06 11:18:41.127 DEBUG 7503 --- [kground-preinit] o.apache.tomcat.util.IntrospectionUtils  : IntrospectionUtils: setProperty(class org.apache.tomcat.util.modeler.AttributeInfo name=originalDocBase)
2019-12-06 11:18:41.127 DEBUG 7503 --- [kground-preinit] o.apache.tomcat.util.digester.Digester   : [SetPropertiesRule]{mbeans-descriptors/mbean/attribute} Setting property 'description' to 'The original document root for this web application'
2019-12-06 11:18:41.127 DEBUG 7503 --- [kground-preinit] o.apache.tomcat.util.IntrospectionUtils  : IntrospectionUtils: setProperty(class org.apache.tomcat.util.modeler.AttributeInfo description=The original document root for this web application)
2019-12-06 11:18:41.127 DEBUG 7503 --- [kground-preinit] o.apache.tomcat.util.digester.Digester   : [SetPropertiesRule]{mbeans-descriptors/mbean/attribute} Setting property 'type' to 'java.lang.String'
2019-12-06 11:18:41.127 DEBUG 7503 --- [kground-preinit] o.apache.tomcat.util.IntrospectionUtils  : IntrospectionUtils: setProperty(class org.apache.tomcat.util.modeler.AttributeInfo type=java.lang.String)
2019-12-06 11:18:41.127 DEBUG 7503 --- [kground-preinit] o.apache.tomcat.util.digester.Digester   :   Fire begin() for SetNextRule[methodName=addAttribute, paramType=org.apache.tomcat.util.modeler.AttributeInfo]
2019-12-06 11:18:41.127 DEBUG 7503 --- [kground-preinit] o.a.tomcat.util.digester.Digester.sax    : endElement(,,attribute)
2019-12-06 11:18:41.127 DEBUG 7503 --- [kground-preinit] o.apache.tomcat.util.digester.Digester   :   match='mbeans-descriptors/mbean/attribute'
2019-12-06 11:18:41.127 DEBUG 7503 --- [kground-preinit] o.apache.tomcat.util.digester.Digester   :   bodyText=''
2019-12-06 11:18:41.127 DEBUG 7503 --- [kground-preinit] o.apache.tomcat.util.digester.Digester   :   Fire body() for ObjectCreateRule[className=org.apache.tomcat.util.modeler.AttributeInfo, attributeName=null]
2019-12-06 11:18:41.128 DEBUG 7503 --- [kground-preinit] o.apache.tomcat.util.digester.Digester   :   Fire body() for SetPropertiesRule[]
2019-12-06 11:18:41.128 DEBUG 7503 --- [kground-preinit] o.apache.tomcat.util.digester.Digester   :   Fire body() for SetNextRule[methodName=addAttribute, paramType=org.apache.tomcat.util.modeler.AttributeInfo]
2019-12-06 11:18:41.128 DEBUG 7503 --- [kground-preinit] o.apache.tomcat.util.digester.Digester   :   Fire end() for SetNextRule[methodName=addAttribute, paramType=org.apache.tomcat.util.modeler.AttributeInfo]
2019-12-06 11:18:41.128 DEBUG 7503 --- [kground-preinit] o.apache.tomcat.util.digester.Digester   : [SetNextRule]{mbeans-descriptors/mbean/attribute} Call org.apache.tomcat.util.modeler.ManagedBean.addAttribute(org.apache.tomcat.util.modeler.AttributeInfo@486f031d)
2019-12-06 11:18:41.128 DEBUG 7503 --- [kground-preinit] o.apache.tomcat.util.IntrospectionUtils  : IntrospectionUtils: callMethod1 org.apache.tomcat.util.modeler.ManagedBean org.apache.tomcat.util.modeler.AttributeInfo org.apache.tomcat.util.modeler.AttributeInfo
2019-12-06 11:18:41.128 DEBUG 7503 --- [kground-preinit] o.apache.tomcat.util.digester.Digester   :   Fire end() for SetPropertiesRule[]
2019-12-06 11:18:41.128 DEBUG 7503 --- [kground-preinit] o.apache.tomcat.util.digester.Digester   :   Fire end() for ObjectCreateRule[className=org.apache.tomcat.util.modeler.AttributeInfo, attributeName=null]
2019-12-06 11:18:41.128 DEBUG 7503 --- [kground-preinit] o.apache.tomcat.util.digester.Digester   : [ObjectCreateRule]{mbeans-descriptors/mbean/attribute} Pop org.apache.tomcat.util.modeler.AttributeInfo
2019-12-06 11:18:41.128 DEBUG 7503 --- [kground-preinit] o.a.tomcat.util.digester.Digester.sax    : characters(

    )
2019-12-06 11:18:41.128 DEBUG 7503 --- [kground-preinit] o.a.tomcat.util.digester.Digester.sax    : startElement(,,attribute)
2019-12-06 11:18:41.129 DEBUG 7503 --- [kground-preinit] o.apache.tomcat.util.digester.Digester   :   New match='mbeans-descriptors/mbean/attribute'
2019-12-06 11:18:41.129 DEBUG 7503 --- [kground-preinit] o.apache.tomcat.util.digester.Digester   :   Fire begin() for ObjectCreateRule[className=org.apache.tomcat.util.modeler.AttributeInfo, attributeName=null]
2019-12-06 11:18:41.129 DEBUG 7503 --- [kground-preinit] o.apache.tomcat.util.digester.Digester   :   Fire begin() for SetPropertiesRule[]
2019-12-06 11:18:41.129 DEBUG 7503 --- [kground-preinit] o.apache.tomcat.util.digester.Digester   : [SetPropertiesRule]{mbeans-descriptors/mbean/attribute} Set org.apache.tomcat.util.modeler.AttributeInfo properties
2019-12-06 11:18:41.129 DEBUG 7503 --- [kground-preinit] o.apache.tomcat.util.digester.Digester   : [SetPropertiesRule]{mbeans-descriptors/mbean/attribute} Setting property 'name' to 'override'
2019-12-06 11:18:41.129 DEBUG 7503 --- [kground-preinit] o.apache.tomcat.util.IntrospectionUtils  : IntrospectionUtils: setProperty(class org.apache.tomcat.util.modeler.AttributeInfo name=override)
2019-12-06 11:18:41.129 DEBUG 7503 --- [kground-preinit] o.apache.tomcat.util.digester.Digester   : [SetPropertiesRule]{mbeans-descriptors/mbean/attribute} Setting property 'description' to 'The default context.xml override flag for this web application'
2019-12-06 11:18:41.129 DEBUG 7503 --- [kground-preinit] o.apache.tomcat.util.IntrospectionUtils  : IntrospectionUtils: setProperty(class org.apache.tomcat.util.modeler.AttributeInfo description=The default context.xml override flag for this web application)
2019-12-06 11:18:41.129 DEBUG 7503 --- [kground-preinit] o.apache.tomcat.util.digester.Digester   : [SetPropertiesRule]{mbeans-descriptors/mbean/attribute} Setting property 'type' to 'boolean'
2019-12-06 11:18:41.129 DEBUG 7503 --- [kground-preinit] o.apache.tomcat.util.IntrospectionUtils  : IntrospectionUtils: setProperty(class org.apache.tomcat.util.modeler.AttributeInfo type=boolean)
2019-12-06 11:18:41.129 DEBUG 7503 --- [kground-preinit] o.apache.tomcat.util.digester.Digester   :   Fire begin() for SetNextRule[methodName=addAttribute, paramType=org.apache.tomcat.util.modeler.AttributeInfo]
2019-12-06 11:18:41.129 DEBUG 7503 --- [kground-preinit] o.a.tomcat.util.digester.Digester.sax    : endElement(,,attribute)
2019-12-06 11:18:41.129 DEBUG 7503 --- [kground-preinit] o.apache.tomcat.util.digester.Digester   :   match='mbeans-descriptors/mbean/attribute'
2019-12-06 11:18:41.129 DEBUG 7503 --- [kground-preinit] o.apache.tomcat.util.digester.Digester   :   bodyText=''
2019-12-06 11:18:41.130 DEBUG 7503 --- [kground-preinit] o.apache.tomcat.util.digester.Digester   :   Fire body() for ObjectCreateRule[className=org.apache.tomcat.util.modeler.AttributeInfo, attributeName=null]
2019-12-06 11:18:41.130 DEBUG 7503 --- [kground-preinit] o.apache.tomcat.util.digester.Digester   :   Fire body() for SetPropertiesRule[]
2019-12-06 11:18:41.130 DEBUG 7503 --- [kground-preinit] o.apache.tomcat.util.digester.Digester   :   Fire body() for SetNextRule[methodName=addAttribute, paramType=org.apache.tomcat.util.modeler.AttributeInfo]
2019-12-06 11:18:41.130 DEBUG 7503 --- [kground-preinit] o.apache.tomcat.util.digester.Digester   :   Fire end() for SetNextRule[methodName=addAttribute, paramType=org.apache.tomcat.util.modeler.AttributeInfo]
2019-12-06 11:18:41.130 DEBUG 7503 --- [kground-preinit] o.apache.tomcat.util.digester.Digester   : [SetNextRule]{mbeans-descriptors/mbean/attribute} Call org.apache.tomcat.util.modeler.ManagedBean.addAttribute(org.apache.tomcat.util.modeler.AttributeInfo@380daa6b)
2019-12-06 11:18:41.130 DEBUG 7503 --- [kground-preinit] o.apache.tomcat.util.IntrospectionUtils  : IntrospectionUtils: callMethod1 org.apache.tomcat.util.modeler.ManagedBean org.apache.tomcat.util.modeler.AttributeInfo org.apache.tomcat.util.modeler.AttributeInfo
2019-12-06 11:18:41.130 DEBUG 7503 --- [kground-preinit] o.apache.tomcat.util.digester.Digester   :   Fire end() for SetPropertiesRule[]
2019-12-06 11:18:41.130 DEBUG 7503 --- [kground-preinit] o.apache.tomcat.util.digester.Digester   :   Fire end() for ObjectCreateRule[className=org.apache.tomcat.util.modeler.AttributeInfo, attributeName=null]
2019-12-06 11:18:41.130 DEBUG 7503 --- [kground-preinit] o.apache.tomcat.util.digester.Digester   : [ObjectCreateRule]{mbeans-descriptors/mbean/attribute} Pop org.apache.tomcat.util.modeler.AttributeInfo
2019-12-06 11:18:41.130 DEBUG 7503 --- [kground-preinit] o.a.tomcat.util.digester.Digester.sax    : characters(

    )
2019-12-06 11:18:41.131 DEBUG 7503 --- [kground-preinit] o.a.tomcat.util.digester.Digester.sax    : startElement(,,attribute)
2019-12-06 11:18:41.131 DEBUG 7503 --- [kground-preinit] o.apache.tomcat.util.digester.Digester   :   New match='mbeans-descriptors/mbean/attribute'
2019-12-06 11:18:41.131 DEBUG 7503 --- [kground-preinit] o.apache.tomcat.util.digester.Digester   :   Fire begin() for ObjectCreateRule[className=org.apache.tomcat.util.modeler.AttributeInfo, attributeName=null]
2019-12-06 11:18:41.131 DEBUG 7503 --- [kground-preinit] o.apache.tomcat.util.digester.Digester   :   Fire begin() for SetPropertiesRule[]
2019-12-06 11:18:41.131 DEBUG 7503 --- [kground-preinit] o.apache.tomcat.util.digester.Digester   : [SetPropertiesRule]{mbeans-descriptors/mbean/attribute} Set org.apache.tomcat.util.modeler.AttributeInfo properties
2019-12-06 11:18:41.131 DEBUG 7503 --- [kground-preinit] o.apache.tomcat.util.digester.Digester   : [SetPropertiesRule]{mbeans-descriptors/mbean/attribute} Setting property 'name' to 'name'
2019-12-06 11:18:41.131 DEBUG 7503 --- [kground-preinit] o.apache.tomcat.util.IntrospectionUtils  : IntrospectionUtils: setProperty(class org.apache.tomcat.util.modeler.AttributeInfo name=name)
2019-12-06 11:18:41.131 DEBUG 7503 --- [kground-preinit] o.apache.tomcat.util.digester.Digester   : [SetPropertiesRule]{mbeans-descriptors/mbean/attribute} Setting property 'description' to 'The name of this Context'
2019-12-06 11:18:41.131 DEBUG 7503 --- [kground-preinit] o.apache.tomcat.util.IntrospectionUtils  : IntrospectionUtils: setProperty(class org.apache.tomcat.util.modeler.AttributeInfo description=The name of this Context)
2019-12-06 11:18:41.131 DEBUG 7503 --- [kground-preinit] o.apache.tomcat.util.digester.Digester   : [SetPropertiesRule]{mbeans-descriptors/mbean/attribute} Setting property 'type' to 'java.lang.String'
2019-12-06 11:18:41.132 DEBUG 7503 --- [kground-preinit] o.apache.tomcat.util.IntrospectionUtils  : IntrospectionUtils: setProperty(class org.apache.tomcat.util.modeler.AttributeInfo type=java.lang.String)
2019-12-06 11:18:41.132 DEBUG 7503 --- [kground-preinit] o.apache.tomcat.util.digester.Digester   :   Fire begin() for SetNextRule[methodName=addAttribute, paramType=org.apache.tomcat.util.modeler.AttributeInfo]
2019-12-06 11:18:41.132 DEBUG 7503 --- [kground-preinit] o.a.tomcat.util.digester.Digester.sax    : endElement(,,attribute)
2019-12-06 11:18:41.132 DEBUG 7503 --- [kground-preinit] o.apache.tomcat.util.digester.Digester   :   match='mbeans-descriptors/mbean/attribute'
2019-12-06 11:18:41.132 DEBUG 7503 --- [kground-preinit] o.apache.tomcat.util.digester.Digester   :   bodyText=''
2019-12-06 11:18:41.132 DEBUG 7503 --- [kground-preinit] o.apache.tomcat.util.digester.Digester   :   Fire body() for ObjectCreateRule[className=org.apache.tomcat.util.modeler.AttributeInfo, attributeName=null]
2019-12-06 11:18:41.132 DEBUG 7503 --- [kground-preinit] o.apache.tomcat.util.digester.Digester   :   Fire body() for SetPropertiesRule[]
2019-12-06 11:18:41.132 DEBUG 7503 --- [kground-preinit] o.apache.tomcat.util.digester.Digester   :   Fire body() for SetNextRule[methodName=addAttribute, paramType=org.apache.tomcat.util.modeler.AttributeInfo]
2019-12-06 11:18:41.132 DEBUG 7503 --- [kground-preinit] o.apache.tomcat.util.digester.Digester   :   Fire end() for SetNextRule[methodName=addAttribute, paramType=org.apache.tomcat.util.modeler.AttributeInfo]
2019-12-06 11:18:41.132 DEBUG 7503 --- [kground-preinit] o.apache.tomcat.util.digester.Digester   : [SetNextRule]{mbeans-descriptors/mbean/attribute} Call org.apache.tomcat.util.modeler.ManagedBean.addAttribute(org.apache.tomcat.util.modeler.AttributeInfo@369763e)
2019-12-06 11:18:41.132 DEBUG 7503 --- [kground-preinit] o.apache.tomcat.util.IntrospectionUtils  : IntrospectionUtils: callMethod1 org.apache.tomcat.util.modeler.ManagedBean org.apache.tomcat.util.modeler.AttributeInfo org.apache.tomcat.util.modeler.AttributeInfo
2019-12-06 11:18:41.133 DEBUG 7503 --- [kground-preinit] o.apache.tomcat.util.digester.Digester   :   Fire end() for SetPropertiesRule[]
2019-12-06 11:18:41.133 DEBUG 7503 --- [kground-preinit] o.apache.tomcat.util.digester.Digester   :   Fire end() for ObjectCreateRule[className=org.apache.tomcat.util.modeler.AttributeInfo, attributeName=null]
2019-12-06 11:18:41.133 DEBUG 7503 --- [kground-preinit] o.apache.tomcat.util.digester.Digester   : [ObjectCreateRule]{mbeans-descriptors/mbean/attribute} Pop org.apache.tomcat.util.modeler.AttributeInfo
2019-12-06 11:18:41.133 DEBUG 7503 --- [kground-preinit] o.a.tomcat.util.digester.Digester.sax    : characters(

    )
2019-12-06 11:18:41.133 DEBUG 7503 --- [kground-preinit] o.a.tomcat.util.digester.Digester.sax    : startElement(,,attribute)
2019-12-06 11:18:41.133 DEBUG 7503 --- [kground-preinit] o.apache.tomcat.util.digester.Digester   :   New match='mbeans-descriptors/mbean/attribute'
2019-12-06 11:18:41.133 DEBUG 7503 --- [kground-preinit] o.apache.tomcat.util.digester.Digester   :   Fire begin() for ObjectCreateRule[className=org.apache.tomcat.util.modeler.AttributeInfo, attributeName=null]
2019-12-06 11:18:41.133 DEBUG 7503 --- [kground-preinit] o.apache.tomcat.util.digester.Digester   :   Fire begin() for SetPropertiesRule[]
2019-12-06 11:18:41.133 DEBUG 7503 --- [kground-preinit] o.apache.tomcat.util.digester.Digester   : [SetPropertiesRule]{mbeans-descriptors/mbean/attribute} Set org.apache.tomcat.util.modeler.AttributeInfo properties
2019-12-06 11:18:41.133 DEBUG 7503 --- [kground-preinit] o.apache.tomcat.util.digester.Digester   : [SetPropertiesRule]{mbeans-descriptors/mbean/attribute} Setting property 'name' to 'parentClassLoader'
2019-12-06 11:18:41.133 DEBUG 7503 --- [kground-preinit] o.apache.tomcat.util.IntrospectionUtils  : IntrospectionUtils: setProperty(class org.apache.tomcat.util.modeler.AttributeInfo name=parentClassLoader)
2019-12-06 11:18:41.134 DEBUG 7503 --- [kground-preinit] o.apache.tomcat.util.digester.Digester   : [SetPropertiesRule]{mbeans-descriptors/mbean/attribute} Setting property 'description' to 'Parent class loader.'
2019-12-06 11:18:41.134 DEBUG 7503 --- [kground-preinit] o.apache.tomcat.util.IntrospectionUtils  : IntrospectionUtils: setProperty(class org.apache.tomcat.util.modeler.AttributeInfo description=Parent class loader.)
2019-12-06 11:18:41.134 DEBUG 7503 --- [kground-preinit] o.apache.tomcat.util.digester.Digester   : [SetPropertiesRule]{mbeans-descriptors/mbean/attribute} Setting property 'type' to 'java.lang.ClassLoader'
2019-12-06 11:18:41.134 DEBUG 7503 --- [kground-preinit] o.apache.tomcat.util.IntrospectionUtils  : IntrospectionUtils: setProperty(class org.apache.tomcat.util.modeler.AttributeInfo type=java.lang.ClassLoader)
2019-12-06 11:18:41.134 DEBUG 7503 --- [kground-preinit] o.apache.tomcat.util.digester.Digester   :   Fire begin() for SetNextRule[methodName=addAttribute, paramType=org.apache.tomcat.util.modeler.AttributeInfo]
2019-12-06 11:18:41.134 DEBUG 7503 --- [kground-preinit] o.a.tomcat.util.digester.Digester.sax    : endElement(,,attribute)
2019-12-06 11:18:41.134 DEBUG 7503 --- [kground-preinit] o.apache.tomcat.util.digester.Digester   :   match='mbeans-descriptors/mbean/attribute'
2019-12-06 11:18:41.134 DEBUG 7503 --- [kground-preinit] o.apache.tomcat.util.digester.Digester   :   bodyText=''
2019-12-06 11:18:41.134 DEBUG 7503 --- [kground-preinit] o.apache.tomcat.util.digester.Digester   :   Fire body() for ObjectCreateRule[className=org.apache.tomcat.util.modeler.AttributeInfo, attributeName=null]
2019-12-06 11:18:41.134 DEBUG 7503 --- [kground-preinit] o.apache.tomcat.util.digester.Digester   :   Fire body() for SetPropertiesRule[]
2019-12-06 11:18:41.135 DEBUG 7503 --- [kground-preinit] o.apache.tomcat.util.digester.Digester   :   Fire body() for SetNextRule[methodName=addAttribute, paramType=org.apache.tomcat.util.modeler.AttributeInfo]
2019-12-06 11:18:41.135 DEBUG 7503 --- [kground-preinit] o.apache.tomcat.util.digester.Digester   :   Fire end() for SetNextRule[methodName=addAttribute, paramType=org.apache.tomcat.util.modeler.AttributeInfo]
2019-12-06 11:18:41.135 DEBUG 7503 --- [kground-preinit] o.apache.tomcat.util.digester.Digester   : [SetNextRule]{mbeans-descriptors/mbean/attribute} Call org.apache.tomcat.util.modeler.ManagedBean.addAttribute(org.apache.tomcat.util.modeler.AttributeInfo@15b38f04)
2019-12-06 11:18:41.135 DEBUG 7503 --- [kground-preinit] o.apache.tomcat.util.IntrospectionUtils  : IntrospectionUtils: callMethod1 org.apache.tomcat.util.modeler.ManagedBean org.apache.tomcat.util.modeler.AttributeInfo org.apache.tomcat.util.modeler.AttributeInfo
2019-12-06 11:18:41.135 DEBUG 7503 --- [kground-preinit] o.apache.tomcat.util.digester.Digester   :   Fire end() for SetPropertiesRule[]
2019-12-06 11:18:41.135 DEBUG 7503 --- [kground-preinit] o.apache.tomcat.util.digester.Digester   :   Fire end() for ObjectCreateRule[className=org.apache.tomcat.util.modeler.AttributeInfo, attributeName=null]
2019-12-06 11:18:41.135 DEBUG 7503 --- [kground-preinit] o.apache.tomcat.util.digester.Digester   : [ObjectCreateRule]{mbeans-descriptors/mbean/attribute} Pop org.apache.tomcat.util.modeler.AttributeInfo
2019-12-06 11:18:41.135 DEBUG 7503 --- [kground-preinit] o.a.tomcat.util.digester.Digester.sax    : characters(

    )
2019-12-06 11:18:41.135 DEBUG 7503 --- [kground-preinit] o.a.tomcat.util.digester.Digester.sax    : startElement(,,attribute)
2019-12-06 11:18:41.135 DEBUG 7503 --- [kground-preinit] o.apache.tomcat.util.digester.Digester   :   New match='mbeans-descriptors/mbean/attribute'
2019-12-06 11:18:41.136 DEBUG 7503 --- [kground-preinit] o.apache.tomcat.util.digester.Digester   :   Fire begin() for ObjectCreateRule[className=org.apache.tomcat.util.modeler.AttributeInfo, attributeName=null]
2019-12-06 11:18:41.136 DEBUG 7503 --- [kground-preinit] o.apache.tomcat.util.digester.Digester   :   Fire begin() for SetPropertiesRule[]
2019-12-06 11:18:41.136 DEBUG 7503 --- [kground-preinit] o.apache.tomcat.util.digester.Digester   : [SetPropertiesRule]{mbeans-descriptors/mbean/attribute} Set org.apache.tomcat.util.modeler.AttributeInfo properties
2019-12-06 11:18:41.136 DEBUG 7503 --- [kground-preinit] o.apache.tomcat.util.digester.Digester   : [SetPropertiesRule]{mbeans-descriptors/mbean/attribute} Setting property 'name' to 'path'
2019-12-06 11:18:41.136 DEBUG 7503 --- [kground-preinit] o.apache.tomcat.util.IntrospectionUtils  : IntrospectionUtils: setProperty(class org.apache.tomcat.util.modeler.AttributeInfo name=path)
2019-12-06 11:18:41.136 DEBUG 7503 --- [kground-preinit] o.apache.tomcat.util.digester.Digester   : [SetPropertiesRule]{mbeans-descriptors/mbean/attribute} Setting property 'description' to 'The context path for this Context'
2019-12-06 11:18:41.136 DEBUG 7503 --- [kground-preinit] o.apache.tomcat.util.IntrospectionUtils  : IntrospectionUtils: setProperty(class org.apache.tomcat.util.modeler.AttributeInfo description=The context path for this Context)
2019-12-06 11:18:41.136 DEBUG 7503 --- [kground-preinit] o.apache.tomcat.util.digester.Digester   : [SetPropertiesRule]{mbeans-descriptors/mbean/attribute} Setting property 'type' to 'java.lang.String'
2019-12-06 11:18:41.136 DEBUG 7503 --- [kground-preinit] o.apache.tomcat.util.IntrospectionUtils  : IntrospectionUtils: setProperty(class org.apache.tomcat.util.modeler.AttributeInfo type=java.lang.String)
2019-12-06 11:18:41.136 DEBUG 7503 --- [kground-preinit] o.apache.tomcat.util.digester.Digester   :   Fire begin() for SetNextRule[methodName=addAttribute, paramType=org.apache.tomcat.util.modeler.AttributeInfo]
2019-12-06 11:18:41.137 DEBUG 7503 --- [kground-preinit] o.a.tomcat.util.digester.Digester.sax    : endElement(,,attribute)
2019-12-06 11:18:41.137 DEBUG 7503 --- [kground-preinit] o.apache.tomcat.util.digester.Digester   :   match='mbeans-descriptors/mbean/attribute'
2019-12-06 11:18:41.137 DEBUG 7503 --- [kground-preinit] o.apache.tomcat.util.digester.Digester   :   bodyText=''
2019-12-06 11:18:41.137 DEBUG 7503 --- [kground-preinit] o.apache.tomcat.util.digester.Digester   :   Fire body() for ObjectCreateRule[className=org.apache.tomcat.util.modeler.AttributeInfo, attributeName=null]
2019-12-06 11:18:41.137 DEBUG 7503 --- [kground-preinit] o.apache.tomcat.util.digester.Digester   :   Fire body() for SetPropertiesRule[]
2019-12-06 11:18:41.137 DEBUG 7503 --- [kground-preinit] o.apache.tomcat.util.digester.Digester   :   Fire body() for SetNextRule[methodName=addAttribute, paramType=org.apache.tomcat.util.modeler.AttributeInfo]
2019-12-06 11:18:41.137 DEBUG 7503 --- [kground-preinit] o.apache.tomcat.util.digester.Digester   :   Fire end() for SetNextRule[methodName=addAttribute, paramType=org.apache.tomcat.util.modeler.AttributeInfo]
2019-12-06 11:18:41.137 DEBUG 7503 --- [kground-preinit] o.apache.tomcat.util.digester.Digester   : [SetNextRule]{mbeans-descriptors/mbean/attribute} Call org.apache.tomcat.util.modeler.ManagedBean.addAttribute(org.apache.tomcat.util.modeler.AttributeInfo@25f40144)
2019-12-06 11:18:41.137 DEBUG 7503 --- [kground-preinit] o.apache.tomcat.util.IntrospectionUtils  : IntrospectionUtils: callMethod1 org.apache.tomcat.util.modeler.ManagedBean org.apache.tomcat.util.modeler.AttributeInfo org.apache.tomcat.util.modeler.AttributeInfo
2019-12-06 11:18:41.138 DEBUG 7503 --- [kground-preinit] o.apache.tomcat.util.digester.Digester   :   Fire end() for SetPropertiesRule[]
2019-12-06 11:18:41.138 DEBUG 7503 --- [kground-preinit] o.apache.tomcat.util.digester.Digester   :   Fire end() for ObjectCreateRule[className=org.apache.tomcat.util.modeler.AttributeInfo, attributeName=null]
2019-12-06 11:18:41.138 DEBUG 7503 --- [kground-preinit] o.apache.tomcat.util.digester.Digester   : [ObjectCreateRule]{mbeans-descriptors/mbean/attribute} Pop org.apache.tomcat.util.modeler.AttributeInfo
2019-12-06 11:18:41.138 DEBUG 7503 --- [kground-preinit] o.a.tomcat.util.digester.Digester.sax    : characters(

    )
2019-12-06 11:18:41.138 DEBUG 7503 --- [kground-preinit] o.a.tomcat.util.digester.Digester.sax    : startElement(,,attribute)
2019-12-06 11:18:41.138 DEBUG 7503 --- [kground-preinit] o.apache.tomcat.util.digester.Digester   :   New match='mbeans-descriptors/mbean/attribute'
2019-12-06 11:18:41.138 DEBUG 7503 --- [kground-preinit] o.apache.tomcat.util.digester.Digester   :   Fire begin() for ObjectCreateRule[className=org.apache.tomcat.util.modeler.AttributeInfo, attributeName=null]
2019-12-06 11:18:41.138 DEBUG 7503 --- [kground-preinit] o.apache.tomcat.util.digester.Digester   :   Fire begin() for SetPropertiesRule[]
2019-12-06 11:18:41.138 DEBUG 7503 --- [kground-preinit] o.apache.tomcat.util.digester.Digester   : [SetPropertiesRule]{mbeans-descriptors/mbean/attribute} Set org.apache.tomcat.util.modeler.AttributeInfo properties
2019-12-06 11:18:41.138 DEBUG 7503 --- [kground-preinit] o.apache.tomcat.util.digester.Digester   : [SetPropertiesRule]{mbeans-descriptors/mbean/attribute} Setting property 'name' to 'paused'
2019-12-06 11:18:41.139 DEBUG 7503 --- [kground-preinit] o.apache.tomcat.util.IntrospectionUtils  : IntrospectionUtils: setProperty(class org.apache.tomcat.util.modeler.AttributeInfo name=paused)
2019-12-06 11:18:41.139 DEBUG 7503 --- [kground-preinit] o.apache.tomcat.util.digester.Digester   : [SetPropertiesRule]{mbeans-descriptors/mbean/attribute} Setting property 'description' to 'The request processing pause flag (while reloading occurs)'
2019-12-06 11:18:41.139 DEBUG 7503 --- [kground-preinit] o.apache.tomcat.util.IntrospectionUtils  : IntrospectionUtils: setProperty(class org.apache.tomcat.util.modeler.AttributeInfo description=The request processing pause flag (while reloading occurs))
2019-12-06 11:18:41.139 DEBUG 7503 --- [kground-preinit] o.apache.tomcat.util.digester.Digester   : [SetPropertiesRule]{mbeans-descriptors/mbean/attribute} Setting property 'type' to 'boolean'
2019-12-06 11:18:41.139 DEBUG 7503 --- [kground-preinit] o.apache.tomcat.util.IntrospectionUtils  : IntrospectionUtils: setProperty(class org.apache.tomcat.util.modeler.AttributeInfo type=boolean)
2019-12-06 11:18:41.139 DEBUG 7503 --- [kground-preinit] o.apache.tomcat.util.digester.Digester   : [SetPropertiesRule]{mbeans-descriptors/mbean/attribute} Setting property 'writeable' to 'false'
2019-12-06 11:18:41.139 DEBUG 7503 --- [kground-preinit] o.apache.tomcat.util.IntrospectionUtils  : IntrospectionUtils: setProperty(class org.apache.tomcat.util.modeler.AttributeInfo writeable=false)
2019-12-06 11:18:41.139 DEBUG 7503 --- [kground-preinit] o.apache.tomcat.util.digester.Digester   :   Fire begin() for SetNextRule[methodName=addAttribute, paramType=org.apache.tomcat.util.modeler.AttributeInfo]
2019-12-06 11:18:41.139 DEBUG 7503 --- [kground-preinit] o.a.tomcat.util.digester.Digester.sax    : endElement(,,attribute)
2019-12-06 11:18:41.139 DEBUG 7503 --- [kground-preinit] o.apache.tomcat.util.digester.Digester   :   match='mbeans-descriptors/mbean/attribute'
2019-12-06 11:18:41.139 DEBUG 7503 --- [kground-preinit] o.apache.tomcat.util.digester.Digester   :   bodyText=''
2019-12-06 11:18:41.139 DEBUG 7503 --- [kground-preinit] o.apache.tomcat.util.digester.Digester   :   Fire body() for ObjectCreateRule[className=org.apache.tomcat.util.modeler.AttributeInfo, attributeName=null]
2019-12-06 11:18:41.140 DEBUG 7503 --- [kground-preinit] o.apache.tomcat.util.digester.Digester   :   Fire body() for SetPropertiesRule[]
2019-12-06 11:18:41.140 DEBUG 7503 --- [kground-preinit] o.apache.tomcat.util.digester.Digester   :   Fire body() for SetNextRule[methodName=addAttribute, paramType=org.apache.tomcat.util.modeler.AttributeInfo]
2019-12-06 11:18:41.140 DEBUG 7503 --- [kground-preinit] o.apache.tomcat.util.digester.Digester   :   Fire end() for SetNextRule[methodName=addAttribute, paramType=org.apache.tomcat.util.modeler.AttributeInfo]
2019-12-06 11:18:41.140 DEBUG 7503 --- [kground-preinit] o.apache.tomcat.util.digester.Digester   : [SetNextRule]{mbeans-descriptors/mbean/attribute} Call org.apache.tomcat.util.modeler.ManagedBean.addAttribute(org.apache.tomcat.util.modeler.AttributeInfo@70ffb963)
2019-12-06 11:18:41.140 DEBUG 7503 --- [kground-preinit] o.apache.tomcat.util.IntrospectionUtils  : IntrospectionUtils: callMethod1 org.apache.tomcat.util.modeler.ManagedBean org.apache.tomcat.util.modeler.AttributeInfo org.apache.tomcat.util.modeler.AttributeInfo
2019-12-06 11:18:41.140 DEBUG 7503 --- [kground-preinit] o.apache.tomcat.util.digester.Digester   :   Fire end() for SetPropertiesRule[]
2019-12-06 11:18:41.140 DEBUG 7503 --- [kground-preinit] o.apache.tomcat.util.digester.Digester   :   Fire end() for ObjectCreateRule[className=org.apache.tomcat.util.modeler.AttributeInfo, attributeName=null]
2019-12-06 11:18:41.140 DEBUG 7503 --- [kground-preinit] o.apache.tomcat.util.digester.Digester   : [ObjectCreateRule]{mbeans-descriptors/mbean/attribute} Pop org.apache.tomcat.util.modeler.AttributeInfo
2019-12-06 11:18:41.140 DEBUG 7503 --- [kground-preinit] o.a.tomcat.util.digester.Digester.sax    : characters(

    )
2019-12-06 11:18:41.140 DEBUG 7503 --- [kground-preinit] o.a.tomcat.util.digester.Digester.sax    : startElement(,,attribute)
2019-12-06 11:18:41.140 DEBUG 7503 --- [kground-preinit] o.apache.tomcat.util.digester.Digester   :   New match='mbeans-descriptors/mbean/attribute'
2019-12-06 11:18:41.141 DEBUG 7503 --- [kground-preinit] o.apache.tomcat.util.digester.Digester   :   Fire begin() for ObjectCreateRule[className=org.apache.tomcat.util.modeler.AttributeInfo, attributeName=null]
2019-12-06 11:18:41.141 DEBUG 7503 --- [kground-preinit] o.apache.tomcat.util.digester.Digester   :   Fire begin() for SetPropertiesRule[]
2019-12-06 11:18:41.141 DEBUG 7503 --- [kground-preinit] o.apache.tomcat.util.digester.Digester   : [SetPropertiesRule]{mbeans-descriptors/mbean/attribute} Set org.apache.tomcat.util.modeler.AttributeInfo properties
2019-12-06 11:18:41.141 DEBUG 7503 --- [kground-preinit] o.apache.tomcat.util.digester.Digester   : [SetPropertiesRule]{mbeans-descriptors/mbean/attribute} Setting property 'name' to 'privileged'
2019-12-06 11:18:41.141 DEBUG 7503 --- [kground-preinit] o.apache.tomcat.util.IntrospectionUtils  : IntrospectionUtils: setProperty(class org.apache.tomcat.util.modeler.AttributeInfo name=privileged)
2019-12-06 11:18:41.141 DEBUG 7503 --- [kground-preinit] o.apache.tomcat.util.digester.Digester   : [SetPropertiesRule]{mbeans-descriptors/mbean/attribute} Setting property 'description' to 'Access to tomcat internals'
2019-12-06 11:18:41.141 DEBUG 7503 --- [kground-preinit] o.apache.tomcat.util.IntrospectionUtils  : IntrospectionUtils: setProperty(class org.apache.tomcat.util.modeler.AttributeInfo description=Access to tomcat internals)
2019-12-06 11:18:41.141 DEBUG 7503 --- [kground-preinit] o.apache.tomcat.util.digester.Digester   : [SetPropertiesRule]{mbeans-descriptors/mbean/attribute} Setting property 'type' to 'boolean'
2019-12-06 11:18:41.141 DEBUG 7503 --- [kground-preinit] o.apache.tomcat.util.IntrospectionUtils  : IntrospectionUtils: setProperty(class org.apache.tomcat.util.modeler.AttributeInfo type=boolean)
2019-12-06 11:18:41.141 DEBUG 7503 --- [kground-preinit] o.apache.tomcat.util.digester.Digester   :   Fire begin() for SetNextRule[methodName=addAttribute, paramType=org.apache.tomcat.util.modeler.AttributeInfo]
2019-12-06 11:18:41.141 DEBUG 7503 --- [kground-preinit] o.a.tomcat.util.digester.Digester.sax    : endElement(,,attribute)
2019-12-06 11:18:41.141 DEBUG 7503 --- [kground-preinit] o.apache.tomcat.util.digester.Digester   :   match='mbeans-descriptors/mbean/attribute'
2019-12-06 11:18:41.141 DEBUG 7503 --- [kground-preinit] o.apache.tomcat.util.digester.Digester   :   bodyText=''
2019-12-06 11:18:41.141 DEBUG 7503 --- [kground-preinit] o.apache.tomcat.util.digester.Digester   :   Fire body() for ObjectCreateRule[className=org.apache.tomcat.util.modeler.AttributeInfo, attributeName=null]
2019-12-06 11:18:41.142 DEBUG 7503 --- [kground-preinit] o.apache.tomcat.util.digester.Digester   :   Fire body() for SetPropertiesRule[]
2019-12-06 11:18:41.142 DEBUG 7503 --- [kground-preinit] o.apache.tomcat.util.digester.Digester   :   Fire body() for SetNextRule[methodName=addAttribute, paramType=org.apache.tomcat.util.modeler.AttributeInfo]
2019-12-06 11:18:41.142 DEBUG 7503 --- [kground-preinit] o.apache.tomcat.util.digester.Digester   :   Fire end() for SetNextRule[methodName=addAttribute, paramType=org.apache.tomcat.util.modeler.AttributeInfo]
2019-12-06 11:18:41.142 DEBUG 7503 --- [kground-preinit] o.apache.tomcat.util.digester.Digester   : [SetNextRule]{mbeans-descriptors/mbean/attribute} Call org.apache.tomcat.util.modeler.ManagedBean.addAttribute(org.apache.tomcat.util.modeler.AttributeInfo@386ff9c4)
2019-12-06 11:18:41.142 DEBUG 7503 --- [kground-preinit] o.apache.tomcat.util.IntrospectionUtils  : IntrospectionUtils: callMethod1 org.apache.tomcat.util.modeler.ManagedBean org.apache.tomcat.util.modeler.AttributeInfo org.apache.tomcat.util.modeler.AttributeInfo
2019-12-06 11:18:41.142 DEBUG 7503 --- [kground-preinit] o.apache.tomcat.util.digester.Digester   :   Fire end() for SetPropertiesRule[]
2019-12-06 11:18:41.142 DEBUG 7503 --- [kground-preinit] o.apache.tomcat.util.digester.Digester   :   Fire end() for ObjectCreateRule[className=org.apache.tomcat.util.modeler.AttributeInfo, attributeName=null]
2019-12-06 11:18:41.142 DEBUG 7503 --- [kground-preinit] o.apache.tomcat.util.digester.Digester   : [ObjectCreateRule]{mbeans-descriptors/mbean/attribute} Pop org.apache.tomcat.util.modeler.AttributeInfo
2019-12-06 11:18:41.142 DEBUG 7503 --- [kground-preinit] o.a.tomcat.util.digester.Digester.sax    : characters(

    )
2019-12-06 11:18:41.142 DEBUG 7503 --- [kground-preinit] o.a.tomcat.util.digester.Digester.sax    : startElement(,,attribute)
2019-12-06 11:18:41.143 DEBUG 7503 --- [kground-preinit] o.apache.tomcat.util.digester.Digester   :   New match='mbeans-descriptors/mbean/attribute'
2019-12-06 11:18:41.143 DEBUG 7503 --- [kground-preinit] o.apache.tomcat.util.digester.Digester   :   Fire begin() for ObjectCreateRule[className=org.apache.tomcat.util.modeler.AttributeInfo, attributeName=null]
2019-12-06 11:18:41.143 DEBUG 7503 --- [kground-preinit] o.apache.tomcat.util.digester.Digester   :   Fire begin() for SetPropertiesRule[]
2019-12-06 11:18:41.143 DEBUG 7503 --- [kground-preinit] o.apache.tomcat.util.digester.Digester   : [SetPropertiesRule]{mbeans-descriptors/mbean/attribute} Set org.apache.tomcat.util.modeler.AttributeInfo properties
2019-12-06 11:18:41.143 DEBUG 7503 --- [kground-preinit] o.apache.tomcat.util.digester.Digester   : [SetPropertiesRule]{mbeans-descriptors/mbean/attribute} Setting property 'name' to 'processingTime'
2019-12-06 11:18:41.143 DEBUG 7503 --- [kground-preinit] o.apache.tomcat.util.IntrospectionUtils  : IntrospectionUtils: setProperty(class org.apache.tomcat.util.modeler.AttributeInfo name=processingTime)
2019-12-06 11:18:41.143 DEBUG 7503 --- [kground-preinit] o.apache.tomcat.util.digester.Digester   : [SetPropertiesRule]{mbeans-descriptors/mbean/attribute} Setting property 'description' to 'Cumulative execution times of all servlets in this context'
2019-12-06 11:18:41.143 DEBUG 7503 --- [kground-preinit] o.apache.tomcat.util.IntrospectionUtils  : IntrospectionUtils: setProperty(class org.apache.tomcat.util.modeler.AttributeInfo description=Cumulative execution times of all servlets in this context)
2019-12-06 11:18:41.143 DEBUG 7503 --- [kground-preinit] o.apache.tomcat.util.digester.Digester   : [SetPropertiesRule]{mbeans-descriptors/mbean/attribute} Setting property 'type' to 'long'
2019-12-06 11:18:41.143 DEBUG 7503 --- [kground-preinit] o.apache.tomcat.util.IntrospectionUtils  : IntrospectionUtils: setProperty(class org.apache.tomcat.util.modeler.AttributeInfo type=long)
2019-12-06 11:18:41.144 DEBUG 7503 --- [kground-preinit] o.apache.tomcat.util.digester.Digester   : [SetPropertiesRule]{mbeans-descriptors/mbean/attribute} Setting property 'writeable' to 'false'
2019-12-06 11:18:41.144 DEBUG 7503 --- [kground-preinit] o.apache.tomcat.util.IntrospectionUtils  : IntrospectionUtils: setProperty(class org.apache.tomcat.util.modeler.AttributeInfo writeable=false)
2019-12-06 11:18:41.144 DEBUG 7503 --- [kground-preinit] o.apache.tomcat.util.digester.Digester   :   Fire begin() for SetNextRule[methodName=addAttribute, paramType=org.apache.tomcat.util.modeler.AttributeInfo]
2019-12-06 11:18:41.144 DEBUG 7503 --- [kground-preinit] o.a.tomcat.util.digester.Digester.sax    : endElement(,,attribute)
2019-12-06 11:18:41.144 DEBUG 7503 --- [kground-preinit] o.apache.tomcat.util.digester.Digester   :   match='mbeans-descriptors/mbean/attribute'
2019-12-06 11:18:41.144 DEBUG 7503 --- [kground-preinit] o.apache.tomcat.util.digester.Digester   :   bodyText=''
2019-12-06 11:18:41.144 DEBUG 7503 --- [kground-preinit] o.apache.tomcat.util.digester.Digester   :   Fire body() for ObjectCreateRule[className=org.apache.tomcat.util.modeler.AttributeInfo, attributeName=null]
2019-12-06 11:18:41.144 DEBUG 7503 --- [kground-preinit] o.apache.tomcat.util.digester.Digester   :   Fire body() for SetPropertiesRule[]
2019-12-06 11:18:41.144 DEBUG 7503 --- [kground-preinit] o.apache.tomcat.util.digester.Digester   :   Fire body() for SetNextRule[methodName=addAttribute, paramType=org.apache.tomcat.util.modeler.AttributeInfo]
2019-12-06 11:18:41.144 DEBUG 7503 --- [kground-preinit] o.apache.tomcat.util.digester.Digester   :   Fire end() for SetNextRule[methodName=addAttribute, paramType=org.apache.tomcat.util.modeler.AttributeInfo]
2019-12-06 11:18:41.145 DEBUG 7503 --- [kground-preinit] o.apache.tomcat.util.digester.Digester   : [SetNextRule]{mbeans-descriptors/mbean/attribute} Call org.apache.tomcat.util.modeler.ManagedBean.addAttribute(org.apache.tomcat.util.modeler.AttributeInfo@31ad8a62)
2019-12-06 11:18:41.145 DEBUG 7503 --- [kground-preinit] o.apache.tomcat.util.IntrospectionUtils  : IntrospectionUtils: callMethod1 org.apache.tomcat.util.modeler.ManagedBean org.apache.tomcat.util.modeler.AttributeInfo org.apache.tomcat.util.modeler.AttributeInfo
2019-12-06 11:18:41.145 DEBUG 7503 --- [kground-preinit] o.apache.tomcat.util.digester.Digester   :   Fire end() for SetPropertiesRule[]
2019-12-06 11:18:41.145 DEBUG 7503 --- [kground-preinit] o.apache.tomcat.util.digester.Digester   :   Fire end() for ObjectCreateRule[className=org.apache.tomcat.util.modeler.AttributeInfo, attributeName=null]
2019-12-06 11:18:41.145 DEBUG 7503 --- [kground-preinit] o.apache.tomcat.util.digester.Digester   : [ObjectCreateRule]{mbeans-descriptors/mbean/attribute} Pop org.apache.tomcat.util.modeler.AttributeInfo
2019-12-06 11:18:41.145 DEBUG 7503 --- [kground-preinit] o.a.tomcat.util.digester.Digester.sax    : characters(

    )
2019-12-06 11:18:41.145 DEBUG 7503 --- [kground-preinit] o.a.tomcat.util.digester.Digester.sax    : startElement(,,attribute)
2019-12-06 11:18:41.145 DEBUG 7503 --- [kground-preinit] o.apache.tomcat.util.digester.Digester   :   New match='mbeans-descriptors/mbean/attribute'
2019-12-06 11:18:41.145 DEBUG 7503 --- [kground-preinit] o.apache.tomcat.util.digester.Digester   :   Fire begin() for ObjectCreateRule[className=org.apache.tomcat.util.modeler.AttributeInfo, attributeName=null]
2019-12-06 11:18:41.145 DEBUG 7503 --- [kground-preinit] o.apache.tomcat.util.digester.Digester   :   Fire begin() for SetPropertiesRule[]
2019-12-06 11:18:41.146 DEBUG 7503 --- [kground-preinit] o.apache.tomcat.util.digester.Digester   : [SetPropertiesRule]{mbeans-descriptors/mbean/attribute} Set org.apache.tomcat.util.modeler.AttributeInfo properties
2019-12-06 11:18:41.146 DEBUG 7503 --- [kground-preinit] o.apache.tomcat.util.digester.Digester   : [SetPropertiesRule]{mbeans-descriptors/mbean/attribute} Setting property 'name' to 'maxTime'
2019-12-06 11:18:41.146 DEBUG 7503 --- [kground-preinit] o.apache.tomcat.util.IntrospectionUtils  : IntrospectionUtils: setProperty(class org.apache.tomcat.util.modeler.AttributeInfo name=maxTime)
2019-12-06 11:18:41.146 DEBUG 7503 --- [kground-preinit] o.apache.tomcat.util.digester.Digester   : [SetPropertiesRule]{mbeans-descriptors/mbean/attribute} Setting property 'description' to 'Maximum execution time of all servlets in this context'
2019-12-06 11:18:41.146 DEBUG 7503 --- [kground-preinit] o.apache.tomcat.util.IntrospectionUtils  : IntrospectionUtils: setProperty(class org.apache.tomcat.util.modeler.AttributeInfo description=Maximum execution time of all servlets in this context)
2019-12-06 11:18:41.146 DEBUG 7503 --- [kground-preinit] o.apache.tomcat.util.digester.Digester   : [SetPropertiesRule]{mbeans-descriptors/mbean/attribute} Setting property 'type' to 'long'
2019-12-06 11:18:41.146 DEBUG 7503 --- [kground-preinit] o.apache.tomcat.util.IntrospectionUtils  : IntrospectionUtils: setProperty(class org.apache.tomcat.util.modeler.AttributeInfo type=long)
2019-12-06 11:18:41.146 DEBUG 7503 --- [kground-preinit] o.apache.tomcat.util.digester.Digester   : [SetPropertiesRule]{mbeans-descriptors/mbean/attribute} Setting property 'writeable' to 'false'
2019-12-06 11:18:41.146 DEBUG 7503 --- [kground-preinit] o.apache.tomcat.util.IntrospectionUtils  : IntrospectionUtils: setProperty(class org.apache.tomcat.util.modeler.AttributeInfo writeable=false)
2019-12-06 11:18:41.146 DEBUG 7503 --- [kground-preinit] o.apache.tomcat.util.digester.Digester   :   Fire begin() for SetNextRule[methodName=addAttribute, paramType=org.apache.tomcat.util.modeler.AttributeInfo]
2019-12-06 11:18:41.147 DEBUG 7503 --- [kground-preinit] o.a.tomcat.util.digester.Digester.sax    : endElement(,,attribute)
2019-12-06 11:18:41.147 DEBUG 7503 --- [kground-preinit] o.apache.tomcat.util.digester.Digester   :   match='mbeans-descriptors/mbean/attribute'
2019-12-06 11:18:41.147 DEBUG 7503 --- [kground-preinit] o.apache.tomcat.util.digester.Digester   :   bodyText=''
2019-12-06 11:18:41.147 DEBUG 7503 --- [kground-preinit] o.apache.tomcat.util.digester.Digester   :   Fire body() for ObjectCreateRule[className=org.apache.tomcat.util.modeler.AttributeInfo, attributeName=null]
2019-12-06 11:18:41.147 DEBUG 7503 --- [kground-preinit] o.apache.tomcat.util.digester.Digester   :   Fire body() for SetPropertiesRule[]
2019-12-06 11:18:41.147 DEBUG 7503 --- [kground-preinit] o.apache.tomcat.util.digester.Digester   :   Fire body() for SetNextRule[methodName=addAttribute, paramType=org.apache.tomcat.util.modeler.AttributeInfo]
2019-12-06 11:18:41.147 DEBUG 7503 --- [kground-preinit] o.apache.tomcat.util.digester.Digester   :   Fire end() for SetNextRule[methodName=addAttribute, paramType=org.apache.tomcat.util.modeler.AttributeInfo]
2019-12-06 11:18:41.147 DEBUG 7503 --- [kground-preinit] o.apache.tomcat.util.digester.Digester   : [SetNextRule]{mbeans-descriptors/mbean/attribute} Call org.apache.tomcat.util.modeler.ManagedBean.addAttribute(org.apache.tomcat.util.modeler.AttributeInfo@34564332)
2019-12-06 11:18:41.147 DEBUG 7503 --- [kground-preinit] o.apache.tomcat.util.IntrospectionUtils  : IntrospectionUtils: callMethod1 org.apache.tomcat.util.modeler.ManagedBean org.apache.tomcat.util.modeler.AttributeInfo org.apache.tomcat.util.modeler.AttributeInfo
2019-12-06 11:18:41.147 DEBUG 7503 --- [kground-preinit] o.apache.tomcat.util.digester.Digester   :   Fire end() for SetPropertiesRule[]
2019-12-06 11:18:41.147 DEBUG 7503 --- [kground-preinit] o.apache.tomcat.util.digester.Digester   :   Fire end() for ObjectCreateRule[className=org.apache.tomcat.util.modeler.AttributeInfo, attributeName=null]
2019-12-06 11:18:41.148 DEBUG 7503 --- [kground-preinit] o.apache.tomcat.util.digester.Digester   : [ObjectCreateRule]{mbeans-descriptors/mbean/attribute} Pop org.apache.tomcat.util.modeler.AttributeInfo
2019-12-06 11:18:41.148 DEBUG 7503 --- [kground-preinit] o.a.tomcat.util.digester.Digester.sax    : characters(

    )
2019-12-06 11:18:41.148 DEBUG 7503 --- [kground-preinit] o.a.tomcat.util.digester.Digester.sax    : startElement(,,attribute)
2019-12-06 11:18:41.148 DEBUG 7503 --- [kground-preinit] o.apache.tomcat.util.digester.Digester   :   New match='mbeans-descriptors/mbean/attribute'
2019-12-06 11:18:41.148 DEBUG 7503 --- [kground-preinit] o.apache.tomcat.util.digester.Digester   :   Fire begin() for ObjectCreateRule[className=org.apache.tomcat.util.modeler.AttributeInfo, attributeName=null]
2019-12-06 11:18:41.148 DEBUG 7503 --- [kground-preinit] o.apache.tomcat.util.digester.Digester   :   Fire begin() for SetPropertiesRule[]
2019-12-06 11:18:41.148 DEBUG 7503 --- [kground-preinit] o.apache.tomcat.util.digester.Digester   : [SetPropertiesRule]{mbeans-descriptors/mbean/attribute} Set org.apache.tomcat.util.modeler.AttributeInfo properties
2019-12-06 11:18:41.148 DEBUG 7503 --- [kground-preinit] o.apache.tomcat.util.digester.Digester   : [SetPropertiesRule]{mbeans-descriptors/mbean/attribute} Setting property 'name' to 'minTime'
2019-12-06 11:18:41.148 DEBUG 7503 --- [kground-preinit] o.apache.tomcat.util.IntrospectionUtils  : IntrospectionUtils: setProperty(class org.apache.tomcat.util.modeler.AttributeInfo name=minTime)
2019-12-06 11:18:41.148 DEBUG 7503 --- [kground-preinit] o.apache.tomcat.util.digester.Digester   : [SetPropertiesRule]{mbeans-descriptors/mbean/attribute} Setting property 'description' to 'Minimum execution time of all servlets in this context'
2019-12-06 11:18:41.148 DEBUG 7503 --- [kground-preinit] o.apache.tomcat.util.IntrospectionUtils  : IntrospectionUtils: setProperty(class org.apache.tomcat.util.modeler.AttributeInfo description=Minimum execution time of all servlets in this context)
2019-12-06 11:18:41.149 DEBUG 7503 --- [kground-preinit] o.apache.tomcat.util.digester.Digester   : [SetPropertiesRule]{mbeans-descriptors/mbean/attribute} Setting property 'type' to 'long'
2019-12-06 11:18:41.149 DEBUG 7503 --- [kground-preinit] o.apache.tomcat.util.IntrospectionUtils  : IntrospectionUtils: setProperty(class org.apache.tomcat.util.modeler.AttributeInfo type=long)
2019-12-06 11:18:41.149 DEBUG 7503 --- [kground-preinit] o.apache.tomcat.util.digester.Digester   : [SetPropertiesRule]{mbeans-descriptors/mbean/attribute} Setting property 'writeable' to 'false'
2019-12-06 11:18:41.149 DEBUG 7503 --- [kground-preinit] o.apache.tomcat.util.IntrospectionUtils  : IntrospectionUtils: setProperty(class org.apache.tomcat.util.modeler.AttributeInfo writeable=false)
2019-12-06 11:18:41.149 DEBUG 7503 --- [kground-preinit] o.apache.tomcat.util.digester.Digester   :   Fire begin() for SetNextRule[methodName=addAttribute, paramType=org.apache.tomcat.util.modeler.AttributeInfo]
2019-12-06 11:18:41.149 DEBUG 7503 --- [kground-preinit] o.a.tomcat.util.digester.Digester.sax    : endElement(,,attribute)
2019-12-06 11:18:41.149 DEBUG 7503 --- [kground-preinit] o.apache.tomcat.util.digester.Digester   :   match='mbeans-descriptors/mbean/attribute'
2019-12-06 11:18:41.149 DEBUG 7503 --- [kground-preinit] o.apache.tomcat.util.digester.Digester   :   bodyText=''
2019-12-06 11:18:41.149 DEBUG 7503 --- [kground-preinit] o.apache.tomcat.util.digester.Digester   :   Fire body() for ObjectCreateRule[className=org.apache.tomcat.util.modeler.AttributeInfo, attributeName=null]
2019-12-06 11:18:41.149 DEBUG 7503 --- [kground-preinit] o.apache.tomcat.util.digester.Digester   :   Fire body() for SetPropertiesRule[]
2019-12-06 11:18:41.149 DEBUG 7503 --- [kground-preinit] o.apache.tomcat.util.digester.Digester   :   Fire body() for SetNextRule[methodName=addAttribute, paramType=org.apache.tomcat.util.modeler.AttributeInfo]
2019-12-06 11:18:41.149 DEBUG 7503 --- [kground-preinit] o.apache.tomcat.util.digester.Digester   :   Fire end() for SetNextRule[methodName=addAttribute, paramType=org.apache.tomcat.util.modeler.AttributeInfo]
2019-12-06 11:18:41.150 DEBUG 7503 --- [kground-preinit] o.apache.tomcat.util.digester.Digester   : [SetNextRule]{mbeans-descriptors/mbean/attribute} Call org.apache.tomcat.util.modeler.ManagedBean.addAttribute(org.apache.tomcat.util.modeler.AttributeInfo@396fc07a)
2019-12-06 11:18:41.150 DEBUG 7503 --- [kground-preinit] o.apache.tomcat.util.IntrospectionUtils  : IntrospectionUtils: callMethod1 org.apache.tomcat.util.modeler.ManagedBean org.apache.tomcat.util.modeler.AttributeInfo org.apache.tomcat.util.modeler.AttributeInfo
2019-12-06 11:18:41.150 DEBUG 7503 --- [kground-preinit] o.apache.tomcat.util.digester.Digester   :   Fire end() for SetPropertiesRule[]
2019-12-06 11:18:41.150 DEBUG 7503 --- [kground-preinit] o.apache.tomcat.util.digester.Digester   :   Fire end() for ObjectCreateRule[className=org.apache.tomcat.util.modeler.AttributeInfo, attributeName=null]
2019-12-06 11:18:41.150 DEBUG 7503 --- [kground-preinit] o.apache.tomcat.util.digester.Digester   : [ObjectCreateRule]{mbeans-descriptors/mbean/attribute} Pop org.apache.tomcat.util.modeler.AttributeInfo
2019-12-06 11:18:41.150 DEBUG 7503 --- [kground-preinit] o.a.tomcat.util.digester.Digester.sax    : characters(

    )
2019-12-06 11:18:41.150 DEBUG 7503 --- [kground-preinit] o.a.tomcat.util.digester.Digester.sax    : startElement(,,attribute)
2019-12-06 11:18:41.150 DEBUG 7503 --- [kground-preinit] o.apache.tomcat.util.digester.Digester   :   New match='mbeans-descriptors/mbean/attribute'
2019-12-06 11:18:41.150 DEBUG 7503 --- [kground-preinit] o.apache.tomcat.util.digester.Digester   :   Fire begin() for ObjectCreateRule[className=org.apache.tomcat.util.modeler.AttributeInfo, attributeName=null]
2019-12-06 11:18:41.150 DEBUG 7503 --- [kground-preinit] o.apache.tomcat.util.digester.Digester   :   Fire begin() for SetPropertiesRule[]
2019-12-06 11:18:41.151 DEBUG 7503 --- [kground-preinit] o.apache.tomcat.util.digester.Digester   : [SetPropertiesRule]{mbeans-descriptors/mbean/attribute} Set org.apache.tomcat.util.modeler.AttributeInfo properties
2019-12-06 11:18:41.151 DEBUG 7503 --- [kground-preinit] o.apache.tomcat.util.digester.Digester   : [SetPropertiesRule]{mbeans-descriptors/mbean/attribute} Setting property 'name' to 'requestCount'
2019-12-06 11:18:41.151 DEBUG 7503 --- [kground-preinit] o.apache.tomcat.util.IntrospectionUtils  : IntrospectionUtils: setProperty(class org.apache.tomcat.util.modeler.AttributeInfo name=requestCount)
2019-12-06 11:18:41.151 DEBUG 7503 --- [kground-preinit] o.apache.tomcat.util.digester.Digester   : [SetPropertiesRule]{mbeans-descriptors/mbean/attribute} Setting property 'description' to 'Cumulative request count of all servlets in this context'
2019-12-06 11:18:41.151 DEBUG 7503 --- [kground-preinit] o.apache.tomcat.util.IntrospectionUtils  : IntrospectionUtils: setProperty(class org.apache.tomcat.util.modeler.AttributeInfo description=Cumulative request count of all servlets in this context)
2019-12-06 11:18:41.151 DEBUG 7503 --- [kground-preinit] o.apache.tomcat.util.digester.Digester   : [SetPropertiesRule]{mbeans-descriptors/mbean/attribute} Setting property 'type' to 'int'
2019-12-06 11:18:41.151 DEBUG 7503 --- [kground-preinit] o.apache.tomcat.util.IntrospectionUtils  : IntrospectionUtils: setProperty(class org.apache.tomcat.util.modeler.AttributeInfo type=int)
2019-12-06 11:18:41.151 DEBUG 7503 --- [kground-preinit] o.apache.tomcat.util.digester.Digester   : [SetPropertiesRule]{mbeans-descriptors/mbean/attribute} Setting property 'writeable' to 'false'
2019-12-06 11:18:41.151 DEBUG 7503 --- [kground-preinit] o.apache.tomcat.util.IntrospectionUtils  : IntrospectionUtils: setProperty(class org.apache.tomcat.util.modeler.AttributeInfo writeable=false)
2019-12-06 11:18:41.151 DEBUG 7503 --- [kground-preinit] o.apache.tomcat.util.digester.Digester   :   Fire begin() for SetNextRule[methodName=addAttribute, paramType=org.apache.tomcat.util.modeler.AttributeInfo]
2019-12-06 11:18:41.152 DEBUG 7503 --- [kground-preinit] o.a.tomcat.util.digester.Digester.sax    : endElement(,,attribute)
2019-12-06 11:18:41.152 DEBUG 7503 --- [kground-preinit] o.apache.tomcat.util.digester.Digester   :   match='mbeans-descriptors/mbean/attribute'
2019-12-06 11:18:41.152 DEBUG 7503 --- [kground-preinit] o.apache.tomcat.util.digester.Digester   :   bodyText=''
2019-12-06 11:18:41.152 DEBUG 7503 --- [kground-preinit] o.apache.tomcat.util.digester.Digester   :   Fire body() for ObjectCreateRule[className=org.apache.tomcat.util.modeler.AttributeInfo, attributeName=null]
2019-12-06 11:18:41.152 DEBUG 7503 --- [kground-preinit] o.apache.tomcat.util.digester.Digester   :   Fire body() for SetPropertiesRule[]
2019-12-06 11:18:41.152 DEBUG 7503 --- [kground-preinit] o.apache.tomcat.util.digester.Digester   :   Fire body() for SetNextRule[methodName=addAttribute, paramType=org.apache.tomcat.util.modeler.AttributeInfo]
2019-12-06 11:18:41.152 DEBUG 7503 --- [kground-preinit] o.apache.tomcat.util.digester.Digester   :   Fire end() for SetNextRule[methodName=addAttribute, paramType=org.apache.tomcat.util.modeler.AttributeInfo]
2019-12-06 11:18:41.152 DEBUG 7503 --- [kground-preinit] o.apache.tomcat.util.digester.Digester   : [SetNextRule]{mbeans-descriptors/mbean/attribute} Call org.apache.tomcat.util.modeler.ManagedBean.addAttribute(org.apache.tomcat.util.modeler.AttributeInfo@7e09af4a)
2019-12-06 11:18:41.152 DEBUG 7503 --- [kground-preinit] o.apache.tomcat.util.IntrospectionUtils  : IntrospectionUtils: callMethod1 org.apache.tomcat.util.modeler.ManagedBean org.apache.tomcat.util.modeler.AttributeInfo org.apache.tomcat.util.modeler.AttributeInfo
2019-12-06 11:18:41.152 DEBUG 7503 --- [kground-preinit] o.apache.tomcat.util.digester.Digester   :   Fire end() for SetPropertiesRule[]
2019-12-06 11:18:41.152 DEBUG 7503 --- [kground-preinit] o.apache.tomcat.util.digester.Digester   :   Fire end() for ObjectCreateRule[className=org.apache.tomcat.util.modeler.AttributeInfo, attributeName=null]
2019-12-06 11:18:41.152 DEBUG 7503 --- [kground-preinit] o.apache.tomcat.util.digester.Digester   : [ObjectCreateRule]{mbeans-descriptors/mbean/attribute} Pop org.apache.tomcat.util.modeler.AttributeInfo
2019-12-06 11:18:41.152 DEBUG 7503 --- [kground-preinit] o.a.tomcat.util.digester.Digester.sax    : characters(

    )
2019-12-06 11:18:41.152 DEBUG 7503 --- [kground-preinit] o.a.tomcat.util.digester.Digester.sax    : startElement(,,attribute)
2019-12-06 11:18:41.152 DEBUG 7503 --- [kground-preinit] o.apache.tomcat.util.digester.Digester   :   New match='mbeans-descriptors/mbean/attribute'
2019-12-06 11:18:41.153 DEBUG 7503 --- [kground-preinit] o.apache.tomcat.util.digester.Digester   :   Fire begin() for ObjectCreateRule[className=org.apache.tomcat.util.modeler.AttributeInfo, attributeName=null]
2019-12-06 11:18:41.153 DEBUG 7503 --- [kground-preinit] o.apache.tomcat.util.digester.Digester   :   Fire begin() for SetPropertiesRule[]
2019-12-06 11:18:41.153 DEBUG 7503 --- [kground-preinit] o.apache.tomcat.util.digester.Digester   : [SetPropertiesRule]{mbeans-descriptors/mbean/attribute} Set org.apache.tomcat.util.modeler.AttributeInfo properties
2019-12-06 11:18:41.153 DEBUG 7503 --- [kground-preinit] o.apache.tomcat.util.digester.Digester   : [SetPropertiesRule]{mbeans-descriptors/mbean/attribute} Setting property 'name' to 'errorCount'
2019-12-06 11:18:41.153 DEBUG 7503 --- [kground-preinit] o.apache.tomcat.util.IntrospectionUtils  : IntrospectionUtils: setProperty(class org.apache.tomcat.util.modeler.AttributeInfo name=errorCount)
2019-12-06 11:18:41.153 DEBUG 7503 --- [kground-preinit] o.apache.tomcat.util.digester.Digester   : [SetPropertiesRule]{mbeans-descriptors/mbean/attribute} Setting property 'description' to 'Cumulative error count of all servlets in this context'
2019-12-06 11:18:41.153 DEBUG 7503 --- [kground-preinit] o.apache.tomcat.util.IntrospectionUtils  : IntrospectionUtils: setProperty(class org.apache.tomcat.util.modeler.AttributeInfo description=Cumulative error count of all servlets in this context)
2019-12-06 11:18:41.153 DEBUG 7503 --- [kground-preinit] o.apache.tomcat.util.digester.Digester   : [SetPropertiesRule]{mbeans-descriptors/mbean/attribute} Setting property 'type' to 'int'
2019-12-06 11:18:41.153 DEBUG 7503 --- [kground-preinit] o.apache.tomcat.util.IntrospectionUtils  : IntrospectionUtils: setProperty(class org.apache.tomcat.util.modeler.AttributeInfo type=int)
2019-12-06 11:18:41.153 DEBUG 7503 --- [kground-preinit] o.apache.tomcat.util.digester.Digester   : [SetPropertiesRule]{mbeans-descriptors/mbean/attribute} Setting property 'writeable' to 'false'
2019-12-06 11:18:41.153 DEBUG 7503 --- [kground-preinit] o.apache.tomcat.util.IntrospectionUtils  : IntrospectionUtils: setProperty(class org.apache.tomcat.util.modeler.AttributeInfo writeable=false)
2019-12-06 11:18:41.153 DEBUG 7503 --- [kground-preinit] o.apache.tomcat.util.digester.Digester   :   Fire begin() for SetNextRule[methodName=addAttribute, paramType=org.apache.tomcat.util.modeler.AttributeInfo]
2019-12-06 11:18:41.153 DEBUG 7503 --- [kground-preinit] o.a.tomcat.util.digester.Digester.sax    : endElement(,,attribute)
2019-12-06 11:18:41.153 DEBUG 7503 --- [kground-preinit] o.apache.tomcat.util.digester.Digester   :   match='mbeans-descriptors/mbean/attribute'
2019-12-06 11:18:41.153 DEBUG 7503 --- [kground-preinit] o.apache.tomcat.util.digester.Digester   :   bodyText=''
2019-12-06 11:18:41.154 DEBUG 7503 --- [kground-preinit] o.apache.tomcat.util.digester.Digester   :   Fire body() for ObjectCreateRule[className=org.apache.tomcat.util.modeler.AttributeInfo, attributeName=null]
2019-12-06 11:18:41.154 DEBUG 7503 --- [kground-preinit] o.apache.tomcat.util.digester.Digester   :   Fire body() for SetPropertiesRule[]
2019-12-06 11:18:41.154 DEBUG 7503 --- [kground-preinit] o.apache.tomcat.util.digester.Digester   :   Fire body() for SetNextRule[methodName=addAttribute, paramType=org.apache.tomcat.util.modeler.AttributeInfo]
2019-12-06 11:18:41.154 DEBUG 7503 --- [kground-preinit] o.apache.tomcat.util.digester.Digester   :   Fire end() for SetNextRule[methodName=addAttribute, paramType=org.apache.tomcat.util.modeler.AttributeInfo]
2019-12-06 11:18:41.154 DEBUG 7503 --- [kground-preinit] o.apache.tomcat.util.digester.Digester   : [SetNextRule]{mbeans-descriptors/mbean/attribute} Call org.apache.tomcat.util.modeler.ManagedBean.addAttribute(org.apache.tomcat.util.modeler.AttributeInfo@232ac473)
2019-12-06 11:18:41.154 DEBUG 7503 --- [kground-preinit] o.apache.tomcat.util.IntrospectionUtils  : IntrospectionUtils: callMethod1 org.apache.tomcat.util.modeler.ManagedBean org.apache.tomcat.util.modeler.AttributeInfo org.apache.tomcat.util.modeler.AttributeInfo
2019-12-06 11:18:41.154 DEBUG 7503 --- [kground-preinit] o.apache.tomcat.util.digester.Digester   :   Fire end() for SetPropertiesRule[]
2019-12-06 11:18:41.154 DEBUG 7503 --- [kground-preinit] o.apache.tomcat.util.digester.Digester   :   Fire end() for ObjectCreateRule[className=org.apache.tomcat.util.modeler.AttributeInfo, attributeName=null]
2019-12-06 11:18:41.154 DEBUG 7503 --- [kground-preinit] o.apache.tomcat.util.digester.Digester   : [ObjectCreateRule]{mbeans-descriptors/mbean/attribute} Pop org.apache.tomcat.util.modeler.AttributeInfo
2019-12-06 11:18:41.154 DEBUG 7503 --- [kground-preinit] o.a.tomcat.util.digester.Digester.sax    : characters(

    )
2019-12-06 11:18:41.155 DEBUG 7503 --- [kground-preinit] o.a.tomcat.util.digester.Digester.sax    : startElement(,,attribute)
2019-12-06 11:18:41.155 DEBUG 7503 --- [kground-preinit] o.apache.tomcat.util.digester.Digester   :   New match='mbeans-descriptors/mbean/attribute'
2019-12-06 11:18:41.155 DEBUG 7503 --- [kground-preinit] o.apache.tomcat.util.digester.Digester   :   Fire begin() for ObjectCreateRule[className=org.apache.tomcat.util.modeler.AttributeInfo, attributeName=null]
2019-12-06 11:18:41.155 DEBUG 7503 --- [kground-preinit] o.apache.tomcat.util.digester.Digester   :   Fire begin() for SetPropertiesRule[]
2019-12-06 11:18:41.155 DEBUG 7503 --- [kground-preinit] o.apache.tomcat.util.digester.Digester   : [SetPropertiesRule]{mbeans-descriptors/mbean/attribute} Set org.apache.tomcat.util.modeler.AttributeInfo properties
2019-12-06 11:18:41.155 DEBUG 7503 --- [kground-preinit] o.apache.tomcat.util.digester.Digester   : [SetPropertiesRule]{mbeans-descriptors/mbean/attribute} Setting property 'name' to 'publicId'
2019-12-06 11:18:41.155 DEBUG 7503 --- [kground-preinit] o.apache.tomcat.util.IntrospectionUtils  : IntrospectionUtils: setProperty(class org.apache.tomcat.util.modeler.AttributeInfo name=publicId)
2019-12-06 11:18:41.155 DEBUG 7503 --- [kground-preinit] o.apache.tomcat.util.digester.Digester   : [SetPropertiesRule]{mbeans-descriptors/mbean/attribute} Setting property 'description' to 'The public identifier of the DTD for the web application deployment descriptor version that is being parsed'
2019-12-06 11:18:41.155 DEBUG 7503 --- [kground-preinit] o.apache.tomcat.util.IntrospectionUtils  : IntrospectionUtils: setProperty(class org.apache.tomcat.util.modeler.AttributeInfo description=The public identifier of the DTD for the web application deployment descriptor version that is being parsed)
2019-12-06 11:18:41.156 DEBUG 7503 --- [kground-preinit] o.apache.tomcat.util.digester.Digester   : [SetPropertiesRule]{mbeans-descriptors/mbean/attribute} Setting property 'type' to 'java.lang.String'
2019-12-06 11:18:41.156 DEBUG 7503 --- [kground-preinit] o.apache.tomcat.util.IntrospectionUtils  : IntrospectionUtils: setProperty(class org.apache.tomcat.util.modeler.AttributeInfo type=java.lang.String)
2019-12-06 11:18:41.156 DEBUG 7503 --- [kground-preinit] o.apache.tomcat.util.digester.Digester   : [SetPropertiesRule]{mbeans-descriptors/mbean/attribute} Setting property 'writeable' to 'false'
2019-12-06 11:18:41.156 DEBUG 7503 --- [kground-preinit] o.apache.tomcat.util.IntrospectionUtils  : IntrospectionUtils: setProperty(class org.apache.tomcat.util.modeler.AttributeInfo writeable=false)
2019-12-06 11:18:41.156 DEBUG 7503 --- [kground-preinit] o.apache.tomcat.util.digester.Digester   :   Fire begin() for SetNextRule[methodName=addAttribute, paramType=org.apache.tomcat.util.modeler.AttributeInfo]
2019-12-06 11:18:41.156 DEBUG 7503 --- [kground-preinit] o.a.tomcat.util.digester.Digester.sax    : endElement(,,attribute)
2019-12-06 11:18:41.156 DEBUG 7503 --- [kground-preinit] o.apache.tomcat.util.digester.Digester   :   match='mbeans-descriptors/mbean/attribute'
2019-12-06 11:18:41.156 DEBUG 7503 --- [kground-preinit] o.apache.tomcat.util.digester.Digester   :   bodyText=''
2019-12-06 11:18:41.156 DEBUG 7503 --- [kground-preinit] o.apache.tomcat.util.digester.Digester   :   Fire body() for ObjectCreateRule[className=org.apache.tomcat.util.modeler.AttributeInfo, attributeName=null]
2019-12-06 11:18:41.156 DEBUG 7503 --- [kground-preinit] o.apache.tomcat.util.digester.Digester   :   Fire body() for SetPropertiesRule[]
2019-12-06 11:18:41.157 DEBUG 7503 --- [kground-preinit] o.apache.tomcat.util.digester.Digester   :   Fire body() for SetNextRule[methodName=addAttribute, paramType=org.apache.tomcat.util.modeler.AttributeInfo]
2019-12-06 11:18:41.157 DEBUG 7503 --- [kground-preinit] o.apache.tomcat.util.digester.Digester   :   Fire end() for SetNextRule[methodName=addAttribute, paramType=org.apache.tomcat.util.modeler.AttributeInfo]
2019-12-06 11:18:41.157 DEBUG 7503 --- [kground-preinit] o.apache.tomcat.util.digester.Digester   : [SetNextRule]{mbeans-descriptors/mbean/attribute} Call org.apache.tomcat.util.modeler.ManagedBean.addAttribute(org.apache.tomcat.util.modeler.AttributeInfo@25634cf7)
2019-12-06 11:18:41.157 DEBUG 7503 --- [kground-preinit] o.apache.tomcat.util.IntrospectionUtils  : IntrospectionUtils: callMethod1 org.apache.tomcat.util.modeler.ManagedBean org.apache.tomcat.util.modeler.AttributeInfo org.apache.tomcat.util.modeler.AttributeInfo
2019-12-06 11:18:41.157 DEBUG 7503 --- [kground-preinit] o.apache.tomcat.util.digester.Digester   :   Fire end() for SetPropertiesRule[]
2019-12-06 11:18:41.157 DEBUG 7503 --- [kground-preinit] o.apache.tomcat.util.digester.Digester   :   Fire end() for ObjectCreateRule[className=org.apache.tomcat.util.modeler.AttributeInfo, attributeName=null]
2019-12-06 11:18:41.157 DEBUG 7503 --- [kground-preinit] o.apache.tomcat.util.digester.Digester   : [ObjectCreateRule]{mbeans-descriptors/mbean/attribute} Pop org.apache.tomcat.util.modeler.AttributeInfo
2019-12-06 11:18:41.157 DEBUG 7503 --- [kground-preinit] o.a.tomcat.util.digester.Digester.sax    : characters(

    )
2019-12-06 11:18:41.157 DEBUG 7503 --- [kground-preinit] o.a.tomcat.util.digester.Digester.sax    : startElement(,,attribute)
2019-12-06 11:18:41.158 DEBUG 7503 --- [kground-preinit] o.apache.tomcat.util.digester.Digester   :   New match='mbeans-descriptors/mbean/attribute'
2019-12-06 11:18:41.158 DEBUG 7503 --- [kground-preinit] o.apache.tomcat.util.digester.Digester   :   Fire begin() for ObjectCreateRule[className=org.apache.tomcat.util.modeler.AttributeInfo, attributeName=null]
2019-12-06 11:18:41.158 DEBUG 7503 --- [kground-preinit] o.apache.tomcat.util.digester.Digester   :   Fire begin() for SetPropertiesRule[]
2019-12-06 11:18:41.158 DEBUG 7503 --- [kground-preinit] o.apache.tomcat.util.digester.Digester   : [SetPropertiesRule]{mbeans-descriptors/mbean/attribute} Set org.apache.tomcat.util.modeler.AttributeInfo properties
2019-12-06 11:18:41.158 DEBUG 7503 --- [kground-preinit] o.apache.tomcat.util.digester.Digester   : [SetPropertiesRule]{mbeans-descriptors/mbean/attribute} Setting property 'name' to 'realm'
2019-12-06 11:18:41.158 DEBUG 7503 --- [kground-preinit] o.apache.tomcat.util.IntrospectionUtils  : IntrospectionUtils: setProperty(class org.apache.tomcat.util.modeler.AttributeInfo name=realm)
2019-12-06 11:18:41.158 DEBUG 7503 --- [kground-preinit] o.apache.tomcat.util.digester.Digester   : [SetPropertiesRule]{mbeans-descriptors/mbean/attribute} Setting property 'description' to 'Associated realm.'
2019-12-06 11:18:41.158 DEBUG 7503 --- [kground-preinit] o.apache.tomcat.util.IntrospectionUtils  : IntrospectionUtils: setProperty(class org.apache.tomcat.util.modeler.AttributeInfo description=Associated realm.)
2019-12-06 11:18:41.158 DEBUG 7503 --- [kground-preinit] o.apache.tomcat.util.digester.Digester   : [SetPropertiesRule]{mbeans-descriptors/mbean/attribute} Setting property 'type' to 'org.apache.catalina.Realm'
2019-12-06 11:18:41.158 DEBUG 7503 --- [kground-preinit] o.apache.tomcat.util.IntrospectionUtils  : IntrospectionUtils: setProperty(class org.apache.tomcat.util.modeler.AttributeInfo type=org.apache.catalina.Realm)
2019-12-06 11:18:41.159 DEBUG 7503 --- [kground-preinit] o.apache.tomcat.util.digester.Digester   :   Fire begin() for SetNextRule[methodName=addAttribute, paramType=org.apache.tomcat.util.modeler.AttributeInfo]
2019-12-06 11:18:41.159 DEBUG 7503 --- [kground-preinit] o.a.tomcat.util.digester.Digester.sax    : endElement(,,attribute)
2019-12-06 11:18:41.159 DEBUG 7503 --- [kground-preinit] o.apache.tomcat.util.digester.Digester   :   match='mbeans-descriptors/mbean/attribute'
2019-12-06 11:18:41.159 DEBUG 7503 --- [kground-preinit] o.apache.tomcat.util.digester.Digester   :   bodyText=''
2019-12-06 11:18:41.159 DEBUG 7503 --- [kground-preinit] o.apache.tomcat.util.digester.Digester   :   Fire body() for ObjectCreateRule[className=org.apache.tomcat.util.modeler.AttributeInfo, attributeName=null]
2019-12-06 11:18:41.159 DEBUG 7503 --- [kground-preinit] o.apache.tomcat.util.digester.Digester   :   Fire body() for SetPropertiesRule[]
2019-12-06 11:18:41.159 DEBUG 7503 --- [kground-preinit] o.apache.tomcat.util.digester.Digester   :   Fire body() for SetNextRule[methodName=addAttribute, paramType=org.apache.tomcat.util.modeler.AttributeInfo]
2019-12-06 11:18:41.159 DEBUG 7503 --- [kground-preinit] o.apache.tomcat.util.digester.Digester   :   Fire end() for SetNextRule[methodName=addAttribute, paramType=org.apache.tomcat.util.modeler.AttributeInfo]
2019-12-06 11:18:41.159 DEBUG 7503 --- [kground-preinit] o.apache.tomcat.util.digester.Digester   : [SetNextRule]{mbeans-descriptors/mbean/attribute} Call org.apache.tomcat.util.modeler.ManagedBean.addAttribute(org.apache.tomcat.util.modeler.AttributeInfo@62c82431)
2019-12-06 11:18:41.159 DEBUG 7503 --- [kground-preinit] o.apache.tomcat.util.IntrospectionUtils  : IntrospectionUtils: callMethod1 org.apache.tomcat.util.modeler.ManagedBean org.apache.tomcat.util.modeler.AttributeInfo org.apache.tomcat.util.modeler.AttributeInfo
2019-12-06 11:18:41.159 DEBUG 7503 --- [kground-preinit] o.apache.tomcat.util.digester.Digester   :   Fire end() for SetPropertiesRule[]
2019-12-06 11:18:41.160 DEBUG 7503 --- [kground-preinit] o.apache.tomcat.util.digester.Digester   :   Fire end() for ObjectCreateRule[className=org.apache.tomcat.util.modeler.AttributeInfo, attributeName=null]
2019-12-06 11:18:41.160 DEBUG 7503 --- [kground-preinit] o.apache.tomcat.util.digester.Digester   : [ObjectCreateRule]{mbeans-descriptors/mbean/attribute} Pop org.apache.tomcat.util.modeler.AttributeInfo
2019-12-06 11:18:41.160 DEBUG 7503 --- [kground-preinit] o.a.tomcat.util.digester.Digester.sax    : characters(

    )
2019-12-06 11:18:41.160 DEBUG 7503 --- [kground-preinit] o.a.tomcat.util.digester.Digester.sax    : startElement(,,attribute)
2019-12-06 11:18:41.160 DEBUG 7503 --- [kground-preinit] o.apache.tomcat.util.digester.Digester   :   New match='mbeans-descriptors/mbean/attribute'
2019-12-06 11:18:41.160 DEBUG 7503 --- [kground-preinit] o.apache.tomcat.util.digester.Digester   :   Fire begin() for ObjectCreateRule[className=org.apache.tomcat.util.modeler.AttributeInfo, attributeName=null]
2019-12-06 11:18:41.161 DEBUG 7503 --- [kground-preinit] o.apache.tomcat.util.digester.Digester   :   Fire begin() for SetPropertiesRule[]
2019-12-06 11:18:41.161 DEBUG 7503 --- [kground-preinit] o.apache.tomcat.util.digester.Digester   : [SetPropertiesRule]{mbeans-descriptors/mbean/attribute} Set org.apache.tomcat.util.modeler.AttributeInfo properties
2019-12-06 11:18:41.161 DEBUG 7503 --- [kground-preinit] o.apache.tomcat.util.digester.Digester   : [SetPropertiesRule]{mbeans-descriptors/mbean/attribute} Setting property 'name' to 'reloadable'
2019-12-06 11:18:41.161 DEBUG 7503 --- [kground-preinit] o.apache.tomcat.util.IntrospectionUtils  : IntrospectionUtils: setProperty(class org.apache.tomcat.util.modeler.AttributeInfo name=reloadable)
2019-12-06 11:18:41.161 DEBUG 7503 --- [kground-preinit] o.apache.tomcat.util.digester.Digester   : [SetPropertiesRule]{mbeans-descriptors/mbean/attribute} Setting property 'description' to 'The reloadable flag for this web application'
2019-12-06 11:18:41.161 DEBUG 7503 --- [kground-preinit] o.apache.tomcat.util.IntrospectionUtils  : IntrospectionUtils: setProperty(class org.apache.tomcat.util.modeler.AttributeInfo description=The reloadable flag for this web application)
2019-12-06 11:18:41.161 DEBUG 7503 --- [kground-preinit] o.apache.tomcat.util.digester.Digester   : [SetPropertiesRule]{mbeans-descriptors/mbean/attribute} Setting property 'type' to 'boolean'
2019-12-06 11:18:41.161 DEBUG 7503 --- [kground-preinit] o.apache.tomcat.util.IntrospectionUtils  : IntrospectionUtils: setProperty(class org.apache.tomcat.util.modeler.AttributeInfo type=boolean)
2019-12-06 11:18:41.161 DEBUG 7503 --- [kground-preinit] o.apache.tomcat.util.digester.Digester   :   Fire begin() for SetNextRule[methodName=addAttribute, paramType=org.apache.tomcat.util.modeler.AttributeInfo]
2019-12-06 11:18:41.161 DEBUG 7503 --- [kground-preinit] o.a.tomcat.util.digester.Digester.sax    : endElement(,,attribute)
2019-12-06 11:18:41.161 DEBUG 7503 --- [kground-preinit] o.apache.tomcat.util.digester.Digester   :   match='mbeans-descriptors/mbean/attribute'
2019-12-06 11:18:41.162 DEBUG 7503 --- [kground-preinit] o.apache.tomcat.util.digester.Digester   :   bodyText=''
2019-12-06 11:18:41.162 DEBUG 7503 --- [kground-preinit] o.apache.tomcat.util.digester.Digester   :   Fire body() for ObjectCreateRule[className=org.apache.tomcat.util.modeler.AttributeInfo, attributeName=null]
2019-12-06 11:18:41.162 DEBUG 7503 --- [kground-preinit] o.apache.tomcat.util.digester.Digester   :   Fire body() for SetPropertiesRule[]
2019-12-06 11:18:41.162 DEBUG 7503 --- [kground-preinit] o.apache.tomcat.util.digester.Digester   :   Fire body() for SetNextRule[methodName=addAttribute, paramType=org.apache.tomcat.util.modeler.AttributeInfo]
2019-12-06 11:18:41.162 DEBUG 7503 --- [kground-preinit] o.apache.tomcat.util.digester.Digester   :   Fire end() for SetNextRule[methodName=addAttribute, paramType=org.apache.tomcat.util.modeler.AttributeInfo]
2019-12-06 11:18:41.162 DEBUG 7503 --- [kground-preinit] o.apache.tomcat.util.digester.Digester   : [SetNextRule]{mbeans-descriptors/mbean/attribute} Call org.apache.tomcat.util.modeler.ManagedBean.addAttribute(org.apache.tomcat.util.modeler.AttributeInfo@5188a4dd)
2019-12-06 11:18:41.162 DEBUG 7503 --- [kground-preinit] o.apache.tomcat.util.IntrospectionUtils  : IntrospectionUtils: callMethod1 org.apache.tomcat.util.modeler.ManagedBean org.apache.tomcat.util.modeler.AttributeInfo org.apache.tomcat.util.modeler.AttributeInfo
2019-12-06 11:18:41.162 DEBUG 7503 --- [kground-preinit] o.apache.tomcat.util.digester.Digester   :   Fire end() for SetPropertiesRule[]
2019-12-06 11:18:41.162 DEBUG 7503 --- [kground-preinit] o.apache.tomcat.util.digester.Digester   :   Fire end() for ObjectCreateRule[className=org.apache.tomcat.util.modeler.AttributeInfo, attributeName=null]
2019-12-06 11:18:41.162 DEBUG 7503 --- [kground-preinit] o.apache.tomcat.util.digester.Digester   : [ObjectCreateRule]{mbeans-descriptors/mbean/attribute} Pop org.apache.tomcat.util.modeler.AttributeInfo
2019-12-06 11:18:41.162 DEBUG 7503 --- [kground-preinit] o.a.tomcat.util.digester.Digester.sax    : characters(

    )
2019-12-06 11:18:41.163 DEBUG 7503 --- [kground-preinit] o.a.tomcat.util.digester.Digester.sax    : startElement(,,attribute)
2019-12-06 11:18:41.163 DEBUG 7503 --- [kground-preinit] o.apache.tomcat.util.digester.Digester   :   New match='mbeans-descriptors/mbean/attribute'
2019-12-06 11:18:41.163 DEBUG 7503 --- [kground-preinit] o.apache.tomcat.util.digester.Digester   :   Fire begin() for ObjectCreateRule[className=org.apache.tomcat.util.modeler.AttributeInfo, attributeName=null]
2019-12-06 11:18:41.163 DEBUG 7503 --- [kground-preinit] o.apache.tomcat.util.digester.Digester   :   Fire begin() for SetPropertiesRule[]
2019-12-06 11:18:41.163 DEBUG 7503 --- [kground-preinit] o.apache.tomcat.util.digester.Digester   : [SetPropertiesRule]{mbeans-descriptors/mbean/attribute} Set org.apache.tomcat.util.modeler.AttributeInfo properties
2019-12-06 11:18:41.163 DEBUG 7503 --- [kground-preinit] o.apache.tomcat.util.digester.Digester   : [SetPropertiesRule]{mbeans-descriptors/mbean/attribute} Setting property 'name' to 'renewThreadsWhenStoppingContext'
2019-12-06 11:18:41.163 DEBUG 7503 --- [kground-preinit] o.apache.tomcat.util.IntrospectionUtils  : IntrospectionUtils: setProperty(class org.apache.tomcat.util.modeler.AttributeInfo name=renewThreadsWhenStoppingContext)
2019-12-06 11:18:41.163 DEBUG 7503 --- [kground-preinit] o.apache.tomcat.util.digester.Digester   : [SetPropertiesRule]{mbeans-descriptors/mbean/attribute} Setting property 'description' to 'Should Tomcat renew the threads of the thread pool when the application is stopped to avoid memory leaks because of uncleaned ThreadLocal variables.'
2019-12-06 11:18:41.163 DEBUG 7503 --- [kground-preinit] o.apache.tomcat.util.IntrospectionUtils  : IntrospectionUtils: setProperty(class org.apache.tomcat.util.modeler.AttributeInfo description=Should Tomcat renew the threads of the thread pool when the application is stopped to avoid memory leaks because of uncleaned ThreadLocal variables.)
2019-12-06 11:18:41.163 DEBUG 7503 --- [kground-preinit] o.apache.tomcat.util.digester.Digester   : [SetPropertiesRule]{mbeans-descriptors/mbean/attribute} Setting property 'type' to 'boolean'
2019-12-06 11:18:41.164 DEBUG 7503 --- [kground-preinit] o.apache.tomcat.util.IntrospectionUtils  : IntrospectionUtils: setProperty(class org.apache.tomcat.util.modeler.AttributeInfo type=boolean)
2019-12-06 11:18:41.164 DEBUG 7503 --- [kground-preinit] o.apache.tomcat.util.digester.Digester   :   Fire begin() for SetNextRule[methodName=addAttribute, paramType=org.apache.tomcat.util.modeler.AttributeInfo]
2019-12-06 11:18:41.164 DEBUG 7503 --- [kground-preinit] o.a.tomcat.util.digester.Digester.sax    : endElement(,,attribute)
2019-12-06 11:18:41.164 DEBUG 7503 --- [kground-preinit] o.apache.tomcat.util.digester.Digester   :   match='mbeans-descriptors/mbean/attribute'
2019-12-06 11:18:41.164 DEBUG 7503 --- [kground-preinit] o.apache.tomcat.util.digester.Digester   :   bodyText=''
2019-12-06 11:18:41.164 DEBUG 7503 --- [kground-preinit] o.apache.tomcat.util.digester.Digester   :   Fire body() for ObjectCreateRule[className=org.apache.tomcat.util.modeler.AttributeInfo, attributeName=null]
2019-12-06 11:18:41.164 DEBUG 7503 --- [kground-preinit] o.apache.tomcat.util.digester.Digester   :   Fire body() for SetPropertiesRule[]
2019-12-06 11:18:41.164 DEBUG 7503 --- [kground-preinit] o.apache.tomcat.util.digester.Digester   :   Fire body() for SetNextRule[methodName=addAttribute, paramType=org.apache.tomcat.util.modeler.AttributeInfo]
2019-12-06 11:18:41.164 DEBUG 7503 --- [kground-preinit] o.apache.tomcat.util.digester.Digester   :   Fire end() for SetNextRule[methodName=addAttribute, paramType=org.apache.tomcat.util.modeler.AttributeInfo]
2019-12-06 11:18:41.164 DEBUG 7503 --- [kground-preinit] o.apache.tomcat.util.digester.Digester   : [SetNextRule]{mbeans-descriptors/mbean/attribute} Call org.apache.tomcat.util.modeler.ManagedBean.addAttribute(org.apache.tomcat.util.modeler.AttributeInfo@2474fbc3)
2019-12-06 11:18:41.164 DEBUG 7503 --- [kground-preinit] o.apache.tomcat.util.IntrospectionUtils  : IntrospectionUtils: callMethod1 org.apache.tomcat.util.modeler.ManagedBean org.apache.tomcat.util.modeler.AttributeInfo org.apache.tomcat.util.modeler.AttributeInfo
2019-12-06 11:18:41.165 DEBUG 7503 --- [kground-preinit] o.apache.tomcat.util.digester.Digester   :   Fire end() for SetPropertiesRule[]
2019-12-06 11:18:41.165 DEBUG 7503 --- [kground-preinit] o.apache.tomcat.util.digester.Digester   :   Fire end() for ObjectCreateRule[className=org.apache.tomcat.util.modeler.AttributeInfo, attributeName=null]
2019-12-06 11:18:41.165 DEBUG 7503 --- [kground-preinit] o.apache.tomcat.util.digester.Digester   : [ObjectCreateRule]{mbeans-descriptors/mbean/attribute} Pop org.apache.tomcat.util.modeler.AttributeInfo
2019-12-06 11:18:41.165 DEBUG 7503 --- [kground-preinit] o.a.tomcat.util.digester.Digester.sax    : characters(

    )
2019-12-06 11:18:41.165 DEBUG 7503 --- [kground-preinit] o.a.tomcat.util.digester.Digester.sax    : startElement(,,attribute)
2019-12-06 11:18:41.165 DEBUG 7503 --- [kground-preinit] o.apache.tomcat.util.digester.Digester   :   New match='mbeans-descriptors/mbean/attribute'
2019-12-06 11:18:41.165 DEBUG 7503 --- [kground-preinit] o.apache.tomcat.util.digester.Digester   :   Fire begin() for ObjectCreateRule[className=org.apache.tomcat.util.modeler.AttributeInfo, attributeName=null]
2019-12-06 11:18:41.176 DEBUG 7503 --- [kground-preinit] o.apache.tomcat.util.digester.Digester   :   Fire begin() for SetPropertiesRule[]
2019-12-06 11:18:41.176 DEBUG 7503 --- [kground-preinit] o.apache.tomcat.util.digester.Digester   : [SetPropertiesRule]{mbeans-descriptors/mbean/attribute} Set org.apache.tomcat.util.modeler.AttributeInfo properties
2019-12-06 11:18:41.176 DEBUG 7503 --- [kground-preinit] o.apache.tomcat.util.digester.Digester   : [SetPropertiesRule]{mbeans-descriptors/mbean/attribute} Setting property 'name' to 'server'
2019-12-06 11:18:41.176 DEBUG 7503 --- [kground-preinit] o.apache.tomcat.util.IntrospectionUtils  : IntrospectionUtils: setProperty(class org.apache.tomcat.util.modeler.AttributeInfo name=server)
2019-12-06 11:18:41.176 DEBUG 7503 --- [kground-preinit] o.apache.tomcat.util.digester.Digester   : [SetPropertiesRule]{mbeans-descriptors/mbean/attribute} Setting property 'description' to 'The J2EE Server this module is deployed on'
2019-12-06 11:18:41.176 DEBUG 7503 --- [kground-preinit] o.apache.tomcat.util.IntrospectionUtils  : IntrospectionUtils: setProperty(class org.apache.tomcat.util.modeler.AttributeInfo description=The J2EE Server this module is deployed on)
2019-12-06 11:18:41.176 DEBUG 7503 --- [kground-preinit] o.apache.tomcat.util.digester.Digester   : [SetPropertiesRule]{mbeans-descriptors/mbean/attribute} Setting property 'type' to 'java.lang.String'
2019-12-06 11:18:41.176 DEBUG 7503 --- [kground-preinit] o.apache.tomcat.util.IntrospectionUtils  : IntrospectionUtils: setProperty(class org.apache.tomcat.util.modeler.AttributeInfo type=java.lang.String)
2019-12-06 11:18:41.177 DEBUG 7503 --- [kground-preinit] o.apache.tomcat.util.digester.Digester   :   Fire begin() for SetNextRule[methodName=addAttribute, paramType=org.apache.tomcat.util.modeler.AttributeInfo]
2019-12-06 11:18:41.177 DEBUG 7503 --- [kground-preinit] o.a.tomcat.util.digester.Digester.sax    : endElement(,,attribute)
2019-12-06 11:18:41.177 DEBUG 7503 --- [kground-preinit] o.apache.tomcat.util.digester.Digester   :   match='mbeans-descriptors/mbean/attribute'
2019-12-06 11:18:41.177 DEBUG 7503 --- [kground-preinit] o.apache.tomcat.util.digester.Digester   :   bodyText=''
2019-12-06 11:18:41.177 DEBUG 7503 --- [kground-preinit] o.apache.tomcat.util.digester.Digester   :   Fire body() for ObjectCreateRule[className=org.apache.tomcat.util.modeler.AttributeInfo, attributeName=null]
2019-12-06 11:18:41.177 DEBUG 7503 --- [kground-preinit] o.apache.tomcat.util.digester.Digester   :   Fire body() for SetPropertiesRule[]
2019-12-06 11:18:41.177 DEBUG 7503 --- [kground-preinit] o.apache.tomcat.util.digester.Digester   :   Fire body() for SetNextRule[methodName=addAttribute, paramType=org.apache.tomcat.util.modeler.AttributeInfo]
2019-12-06 11:18:41.177 DEBUG 7503 --- [kground-preinit] o.apache.tomcat.util.digester.Digester   :   Fire end() for SetNextRule[methodName=addAttribute, paramType=org.apache.tomcat.util.modeler.AttributeInfo]
2019-12-06 11:18:41.177 DEBUG 7503 --- [kground-preinit] o.apache.tomcat.util.digester.Digester   : [SetNextRule]{mbeans-descriptors/mbean/attribute} Call org.apache.tomcat.util.modeler.ManagedBean.addAttribute(org.apache.tomcat.util.modeler.AttributeInfo@1bcf1f4e)
2019-12-06 11:18:41.177 DEBUG 7503 --- [kground-preinit] o.apache.tomcat.util.IntrospectionUtils  : IntrospectionUtils: callMethod1 org.apache.tomcat.util.modeler.ManagedBean org.apache.tomcat.util.modeler.AttributeInfo org.apache.tomcat.util.modeler.AttributeInfo
2019-12-06 11:18:41.177 DEBUG 7503 --- [kground-preinit] o.apache.tomcat.util.digester.Digester   :   Fire end() for SetPropertiesRule[]
2019-12-06 11:18:41.177 DEBUG 7503 --- [kground-preinit] o.apache.tomcat.util.digester.Digester   :   Fire end() for ObjectCreateRule[className=org.apache.tomcat.util.modeler.AttributeInfo, attributeName=null]
2019-12-06 11:18:41.177 DEBUG 7503 --- [kground-preinit] o.apache.tomcat.util.digester.Digester   : [ObjectCreateRule]{mbeans-descriptors/mbean/attribute} Pop org.apache.tomcat.util.modeler.AttributeInfo
2019-12-06 11:18:41.178 DEBUG 7503 --- [kground-preinit] o.a.tomcat.util.digester.Digester.sax    : characters(

    )
2019-12-06 11:18:41.178 DEBUG 7503 --- [kground-preinit] o.a.tomcat.util.digester.Digester.sax    : startElement(,,attribute)
2019-12-06 11:18:41.178 DEBUG 7503 --- [kground-preinit] o.apache.tomcat.util.digester.Digester   :   New match='mbeans-descriptors/mbean/attribute'
2019-12-06 11:18:41.178 DEBUG 7503 --- [kground-preinit] o.apache.tomcat.util.digester.Digester   :   Fire begin() for ObjectCreateRule[className=org.apache.tomcat.util.modeler.AttributeInfo, attributeName=null]
2019-12-06 11:18:41.178 DEBUG 7503 --- [kground-preinit] o.apache.tomcat.util.digester.Digester   :   Fire begin() for SetPropertiesRule[]
2019-12-06 11:18:41.178 DEBUG 7503 --- [kground-preinit] o.apache.tomcat.util.digester.Digester   : [SetPropertiesRule]{mbeans-descriptors/mbean/attribute} Set org.apache.tomcat.util.modeler.AttributeInfo properties
2019-12-06 11:18:41.178 DEBUG 7503 --- [kground-preinit] o.apache.tomcat.util.digester.Digester   : [SetPropertiesRule]{mbeans-descriptors/mbean/attribute} Setting property 'name' to 'sessionCookieName'
2019-12-06 11:18:41.178 DEBUG 7503 --- [kground-preinit] o.apache.tomcat.util.IntrospectionUtils  : IntrospectionUtils: setProperty(class org.apache.tomcat.util.modeler.AttributeInfo name=sessionCookieName)
2019-12-06 11:18:41.178 DEBUG 7503 --- [kground-preinit] o.apache.tomcat.util.digester.Digester   : [SetPropertiesRule]{mbeans-descriptors/mbean/attribute} Setting property 'description' to 'The name to use for session cookies.'null' indicates that the name is controlled by the application.'
2019-12-06 11:18:41.178 DEBUG 7503 --- [kground-preinit] o.apache.tomcat.util.IntrospectionUtils  : IntrospectionUtils: setProperty(class org.apache.tomcat.util.modeler.AttributeInfo description=The name to use for session cookies.'null' indicates that the name is controlled by the application.)
2019-12-06 11:18:41.179 DEBUG 7503 --- [kground-preinit] o.apache.tomcat.util.digester.Digester   : [SetPropertiesRule]{mbeans-descriptors/mbean/attribute} Setting property 'type' to 'java.lang.String'
2019-12-06 11:18:41.179 DEBUG 7503 --- [kground-preinit] o.apache.tomcat.util.IntrospectionUtils  : IntrospectionUtils: setProperty(class org.apache.tomcat.util.modeler.AttributeInfo type=java.lang.String)
2019-12-06 11:18:41.179 DEBUG 7503 --- [kground-preinit] o.apache.tomcat.util.digester.Digester   :   Fire begin() for SetNextRule[methodName=addAttribute, paramType=org.apache.tomcat.util.modeler.AttributeInfo]
2019-12-06 11:18:41.179 DEBUG 7503 --- [kground-preinit] o.a.tomcat.util.digester.Digester.sax    : endElement(,,attribute)
2019-12-06 11:18:41.179 DEBUG 7503 --- [kground-preinit] o.apache.tomcat.util.digester.Digester   :   match='mbeans-descriptors/mbean/attribute'
2019-12-06 11:18:41.179 DEBUG 7503 --- [kground-preinit] o.apache.tomcat.util.digester.Digester   :   bodyText=''
2019-12-06 11:18:41.179 DEBUG 7503 --- [kground-preinit] o.apache.tomcat.util.digester.Digester   :   Fire body() for ObjectCreateRule[className=org.apache.tomcat.util.modeler.AttributeInfo, attributeName=null]
2019-12-06 11:18:41.179 DEBUG 7503 --- [kground-preinit] o.apache.tomcat.util.digester.Digester   :   Fire body() for SetPropertiesRule[]
2019-12-06 11:18:41.179 DEBUG 7503 --- [kground-preinit] o.apache.tomcat.util.digester.Digester   :   Fire body() for SetNextRule[methodName=addAttribute, paramType=org.apache.tomcat.util.modeler.AttributeInfo]
2019-12-06 11:18:41.179 DEBUG 7503 --- [kground-preinit] o.apache.tomcat.util.digester.Digester   :   Fire end() for SetNextRule[methodName=addAttribute, paramType=org.apache.tomcat.util.modeler.AttributeInfo]
2019-12-06 11:18:41.179 DEBUG 7503 --- [kground-preinit] o.apache.tomcat.util.digester.Digester   : [SetNextRule]{mbeans-descriptors/mbean/attribute} Call org.apache.tomcat.util.modeler.ManagedBean.addAttribute(org.apache.tomcat.util.modeler.AttributeInfo@380559aa)
2019-12-06 11:18:41.179 DEBUG 7503 --- [kground-preinit] o.apache.tomcat.util.IntrospectionUtils  : IntrospectionUtils: callMethod1 org.apache.tomcat.util.modeler.ManagedBean org.apache.tomcat.util.modeler.AttributeInfo org.apache.tomcat.util.modeler.AttributeInfo
2019-12-06 11:18:41.180 DEBUG 7503 --- [kground-preinit] o.apache.tomcat.util.digester.Digester   :   Fire end() for SetPropertiesRule[]
2019-12-06 11:18:41.180 DEBUG 7503 --- [kground-preinit] o.apache.tomcat.util.digester.Digester   :   Fire end() for ObjectCreateRule[className=org.apache.tomcat.util.modeler.AttributeInfo, attributeName=null]
2019-12-06 11:18:41.180 DEBUG 7503 --- [kground-preinit] o.apache.tomcat.util.digester.Digester   : [ObjectCreateRule]{mbeans-descriptors/mbean/attribute} Pop org.apache.tomcat.util.modeler.AttributeInfo
2019-12-06 11:18:41.180 DEBUG 7503 --- [kground-preinit] o.a.tomcat.util.digester.Digester.sax    : characters(

    )
2019-12-06 11:18:41.180 DEBUG 7503 --- [kground-preinit] o.a.tomcat.util.digester.Digester.sax    : startElement(,,attribute)
2019-12-06 11:18:41.180 DEBUG 7503 --- [kground-preinit] o.apache.tomcat.util.digester.Digester   :   New match='mbeans-descriptors/mbean/attribute'
2019-12-06 11:18:41.180 DEBUG 7503 --- [kground-preinit] o.apache.tomcat.util.digester.Digester   :   Fire begin() for ObjectCreateRule[className=org.apache.tomcat.util.modeler.AttributeInfo, attributeName=null]
2019-12-06 11:18:41.180 DEBUG 7503 --- [kground-preinit] o.apache.tomcat.util.digester.Digester   :   Fire begin() for SetPropertiesRule[]
2019-12-06 11:18:41.180 DEBUG 7503 --- [kground-preinit] o.apache.tomcat.util.digester.Digester   : [SetPropertiesRule]{mbeans-descriptors/mbean/attribute} Set org.apache.tomcat.util.modeler.AttributeInfo properties
2019-12-06 11:18:41.180 DEBUG 7503 --- [kground-preinit] o.apache.tomcat.util.digester.Digester   : [SetPropertiesRule]{mbeans-descriptors/mbean/attribute} Setting property 'name' to 'sessionCookieDomain'
2019-12-06 11:18:41.180 DEBUG 7503 --- [kground-preinit] o.apache.tomcat.util.IntrospectionUtils  : IntrospectionUtils: setProperty(class org.apache.tomcat.util.modeler.AttributeInfo name=sessionCookieDomain)
2019-12-06 11:18:41.180 DEBUG 7503 --- [kground-preinit] o.apache.tomcat.util.digester.Digester   : [SetPropertiesRule]{mbeans-descriptors/mbean/attribute} Setting property 'description' to 'The domain to use for session cookies.'null' indicates that the domain is controlled by the application.'
2019-12-06 11:18:41.180 DEBUG 7503 --- [kground-preinit] o.apache.tomcat.util.IntrospectionUtils  : IntrospectionUtils: setProperty(class org.apache.tomcat.util.modeler.AttributeInfo description=The domain to use for session cookies.'null' indicates that the domain is controlled by the application.)
2019-12-06 11:18:41.181 DEBUG 7503 --- [kground-preinit] o.apache.tomcat.util.digester.Digester   : [SetPropertiesRule]{mbeans-descriptors/mbean/attribute} Setting property 'type' to 'java.lang.String'
2019-12-06 11:18:41.181 DEBUG 7503 --- [kground-preinit] o.apache.tomcat.util.IntrospectionUtils  : IntrospectionUtils: setProperty(class org.apache.tomcat.util.modeler.AttributeInfo type=java.lang.String)
2019-12-06 11:18:41.181 DEBUG 7503 --- [kground-preinit] o.apache.tomcat.util.digester.Digester   :   Fire begin() for SetNextRule[methodName=addAttribute, paramType=org.apache.tomcat.util.modeler.AttributeInfo]
2019-12-06 11:18:41.181 DEBUG 7503 --- [kground-preinit] o.a.tomcat.util.digester.Digester.sax    : endElement(,,attribute)
2019-12-06 11:18:41.181 DEBUG 7503 --- [kground-preinit] o.apache.tomcat.util.digester.Digester   :   match='mbeans-descriptors/mbean/attribute'
2019-12-06 11:18:41.181 DEBUG 7503 --- [kground-preinit] o.apache.tomcat.util.digester.Digester   :   bodyText=''
2019-12-06 11:18:41.181 DEBUG 7503 --- [kground-preinit] o.apache.tomcat.util.digester.Digester   :   Fire body() for ObjectCreateRule[className=org.apache.tomcat.util.modeler.AttributeInfo, attributeName=null]
2019-12-06 11:18:41.181 DEBUG 7503 --- [kground-preinit] o.apache.tomcat.util.digester.Digester   :   Fire body() for SetPropertiesRule[]
2019-12-06 11:18:41.181 DEBUG 7503 --- [kground-preinit] o.apache.tomcat.util.digester.Digester   :   Fire body() for SetNextRule[methodName=addAttribute, paramType=org.apache.tomcat.util.modeler.AttributeInfo]
2019-12-06 11:18:41.181 DEBUG 7503 --- [kground-preinit] o.apache.tomcat.util.digester.Digester   :   Fire end() for SetNextRule[methodName=addAttribute, paramType=org.apache.tomcat.util.modeler.AttributeInfo]
2019-12-06 11:18:41.181 DEBUG 7503 --- [kground-preinit] o.apache.tomcat.util.digester.Digester   : [SetNextRule]{mbeans-descriptors/mbean/attribute} Call org.apache.tomcat.util.modeler.ManagedBean.addAttribute(org.apache.tomcat.util.modeler.AttributeInfo@2cbfbc3b)
2019-12-06 11:18:41.182 DEBUG 7503 --- [kground-preinit] o.apache.tomcat.util.IntrospectionUtils  : IntrospectionUtils: callMethod1 org.apache.tomcat.util.modeler.ManagedBean org.apache.tomcat.util.modeler.AttributeInfo org.apache.tomcat.util.modeler.AttributeInfo
2019-12-06 11:18:41.182 DEBUG 7503 --- [kground-preinit] o.apache.tomcat.util.digester.Digester   :   Fire end() for SetPropertiesRule[]
2019-12-06 11:18:41.182 DEBUG 7503 --- [kground-preinit] o.apache.tomcat.util.digester.Digester   :   Fire end() for ObjectCreateRule[className=org.apache.tomcat.util.modeler.AttributeInfo, attributeName=null]
2019-12-06 11:18:41.182 DEBUG 7503 --- [kground-preinit] o.apache.tomcat.util.digester.Digester   : [ObjectCreateRule]{mbeans-descriptors/mbean/attribute} Pop org.apache.tomcat.util.modeler.AttributeInfo
2019-12-06 11:18:41.182 DEBUG 7503 --- [kground-preinit] o.a.tomcat.util.digester.Digester.sax    : characters(

    )
2019-12-06 11:18:41.182 DEBUG 7503 --- [kground-preinit] o.a.tomcat.util.digester.Digester.sax    : startElement(,,attribute)
2019-12-06 11:18:41.182 DEBUG 7503 --- [kground-preinit] o.apache.tomcat.util.digester.Digester   :   New match='mbeans-descriptors/mbean/attribute'
2019-12-06 11:18:41.182 DEBUG 7503 --- [kground-preinit] o.apache.tomcat.util.digester.Digester   :   Fire begin() for ObjectCreateRule[className=org.apache.tomcat.util.modeler.AttributeInfo, attributeName=null]
2019-12-06 11:18:41.183 DEBUG 7503 --- [kground-preinit] o.apache.tomcat.util.digester.Digester   :   Fire begin() for SetPropertiesRule[]
2019-12-06 11:18:41.183 DEBUG 7503 --- [kground-preinit] o.apache.tomcat.util.digester.Digester   : [SetPropertiesRule]{mbeans-descriptors/mbean/attribute} Set org.apache.tomcat.util.modeler.AttributeInfo properties
2019-12-06 11:18:41.183 DEBUG 7503 --- [kground-preinit] o.apache.tomcat.util.digester.Digester   : [SetPropertiesRule]{mbeans-descriptors/mbean/attribute} Setting property 'name' to 'sessionCookiePath'
2019-12-06 11:18:41.183 DEBUG 7503 --- [kground-preinit] o.apache.tomcat.util.IntrospectionUtils  : IntrospectionUtils: setProperty(class org.apache.tomcat.util.modeler.AttributeInfo name=sessionCookiePath)
2019-12-06 11:18:41.183 DEBUG 7503 --- [kground-preinit] o.apache.tomcat.util.digester.Digester   : [SetPropertiesRule]{mbeans-descriptors/mbean/attribute} Setting property 'description' to 'The path to use for session cookies.'null' indicates that the path is controlled by the application.'
2019-12-06 11:18:41.183 DEBUG 7503 --- [kground-preinit] o.apache.tomcat.util.IntrospectionUtils  : IntrospectionUtils: setProperty(class org.apache.tomcat.util.modeler.AttributeInfo description=The path to use for session cookies.'null' indicates that the path is controlled by the application.)
2019-12-06 11:18:41.183 DEBUG 7503 --- [kground-preinit] o.apache.tomcat.util.digester.Digester   : [SetPropertiesRule]{mbeans-descriptors/mbean/attribute} Setting property 'type' to 'java.lang.String'
2019-12-06 11:18:41.183 DEBUG 7503 --- [kground-preinit] o.apache.tomcat.util.IntrospectionUtils  : IntrospectionUtils: setProperty(class org.apache.tomcat.util.modeler.AttributeInfo type=java.lang.String)
2019-12-06 11:18:41.183 DEBUG 7503 --- [kground-preinit] o.apache.tomcat.util.digester.Digester   :   Fire begin() for SetNextRule[methodName=addAttribute, paramType=org.apache.tomcat.util.modeler.AttributeInfo]
2019-12-06 11:18:41.183 DEBUG 7503 --- [kground-preinit] o.a.tomcat.util.digester.Digester.sax    : endElement(,,attribute)
2019-12-06 11:18:41.184 DEBUG 7503 --- [kground-preinit] o.apache.tomcat.util.digester.Digester   :   match='mbeans-descriptors/mbean/attribute'
2019-12-06 11:18:41.184 DEBUG 7503 --- [kground-preinit] o.apache.tomcat.util.digester.Digester   :   bodyText=''
2019-12-06 11:18:41.184 DEBUG 7503 --- [kground-preinit] o.apache.tomcat.util.digester.Digester   :   Fire body() for ObjectCreateRule[className=org.apache.tomcat.util.modeler.AttributeInfo, attributeName=null]
2019-12-06 11:18:41.184 DEBUG 7503 --- [kground-preinit] o.apache.tomcat.util.digester.Digester   :   Fire body() for SetPropertiesRule[]
2019-12-06 11:18:41.184 DEBUG 7503 --- [kground-preinit] o.apache.tomcat.util.digester.Digester   :   Fire body() for SetNextRule[methodName=addAttribute, paramType=org.apache.tomcat.util.modeler.AttributeInfo]
2019-12-06 11:18:41.184 DEBUG 7503 --- [kground-preinit] o.apache.tomcat.util.digester.Digester   :   Fire end() for SetNextRule[methodName=addAttribute, paramType=org.apache.tomcat.util.modeler.AttributeInfo]
2019-12-06 11:18:41.184 DEBUG 7503 --- [kground-preinit] o.apache.tomcat.util.digester.Digester   : [SetNextRule]{mbeans-descriptors/mbean/attribute} Call org.apache.tomcat.util.modeler.ManagedBean.addAttribute(org.apache.tomcat.util.modeler.AttributeInfo@2f16f08c)
2019-12-06 11:18:41.184 DEBUG 7503 --- [kground-preinit] o.apache.tomcat.util.IntrospectionUtils  : IntrospectionUtils: callMethod1 org.apache.tomcat.util.modeler.ManagedBean org.apache.tomcat.util.modeler.AttributeInfo org.apache.tomcat.util.modeler.AttributeInfo
2019-12-06 11:18:41.184 DEBUG 7503 --- [kground-preinit] o.apache.tomcat.util.digester.Digester   :   Fire end() for SetPropertiesRule[]
2019-12-06 11:18:41.184 DEBUG 7503 --- [kground-preinit] o.apache.tomcat.util.digester.Digester   :   Fire end() for ObjectCreateRule[className=org.apache.tomcat.util.modeler.AttributeInfo, attributeName=null]
2019-12-06 11:18:41.184 DEBUG 7503 --- [kground-preinit] o.apache.tomcat.util.digester.Digester   : [ObjectCreateRule]{mbeans-descriptors/mbean/attribute} Pop org.apache.tomcat.util.modeler.AttributeInfo
2019-12-06 11:18:41.184 DEBUG 7503 --- [kground-preinit] o.a.tomcat.util.digester.Digester.sax    : characters(

    )
2019-12-06 11:18:41.185 DEBUG 7503 --- [kground-preinit] o.a.tomcat.util.digester.Digester.sax    : startElement(,,attribute)
2019-12-06 11:18:41.185 DEBUG 7503 --- [kground-preinit] o.apache.tomcat.util.digester.Digester   :   New match='mbeans-descriptors/mbean/attribute'
2019-12-06 11:18:41.185 DEBUG 7503 --- [kground-preinit] o.apache.tomcat.util.digester.Digester   :   Fire begin() for ObjectCreateRule[className=org.apache.tomcat.util.modeler.AttributeInfo, attributeName=null]
2019-12-06 11:18:41.185 DEBUG 7503 --- [kground-preinit] o.apache.tomcat.util.digester.Digester   :   Fire begin() for SetPropertiesRule[]
2019-12-06 11:18:41.185 DEBUG 7503 --- [kground-preinit] o.apache.tomcat.util.digester.Digester   : [SetPropertiesRule]{mbeans-descriptors/mbean/attribute} Set org.apache.tomcat.util.modeler.AttributeInfo properties
2019-12-06 11:18:41.185 DEBUG 7503 --- [kground-preinit] o.apache.tomcat.util.digester.Digester   : [SetPropertiesRule]{mbeans-descriptors/mbean/attribute} Setting property 'name' to 'sessionTimeout'
2019-12-06 11:18:41.185 DEBUG 7503 --- [kground-preinit] o.apache.tomcat.util.IntrospectionUtils  : IntrospectionUtils: setProperty(class org.apache.tomcat.util.modeler.AttributeInfo name=sessionTimeout)
2019-12-06 11:18:41.185 DEBUG 7503 --- [kground-preinit] o.apache.tomcat.util.digester.Digester   : [SetPropertiesRule]{mbeans-descriptors/mbean/attribute} Setting property 'description' to 'The session timeout (in minutes) for this web application'
2019-12-06 11:18:41.185 DEBUG 7503 --- [kground-preinit] o.apache.tomcat.util.IntrospectionUtils  : IntrospectionUtils: setProperty(class org.apache.tomcat.util.modeler.AttributeInfo description=The session timeout (in minutes) for this web application)
2019-12-06 11:18:41.185 DEBUG 7503 --- [kground-preinit] o.apache.tomcat.util.digester.Digester   : [SetPropertiesRule]{mbeans-descriptors/mbean/attribute} Setting property 'type' to 'int'
2019-12-06 11:18:41.185 DEBUG 7503 --- [kground-preinit] o.apache.tomcat.util.IntrospectionUtils  : IntrospectionUtils: setProperty(class org.apache.tomcat.util.modeler.AttributeInfo type=int)
2019-12-06 11:18:41.185 DEBUG 7503 --- [kground-preinit] o.apache.tomcat.util.digester.Digester   :   Fire begin() for SetNextRule[methodName=addAttribute, paramType=org.apache.tomcat.util.modeler.AttributeInfo]
2019-12-06 11:18:41.186 DEBUG 7503 --- [kground-preinit] o.a.tomcat.util.digester.Digester.sax    : endElement(,,attribute)
2019-12-06 11:18:41.186 DEBUG 7503 --- [kground-preinit] o.apache.tomcat.util.digester.Digester   :   match='mbeans-descriptors/mbean/attribute'
2019-12-06 11:18:41.186 DEBUG 7503 --- [kground-preinit] o.apache.tomcat.util.digester.Digester   :   bodyText=''
2019-12-06 11:18:41.186 DEBUG 7503 --- [kground-preinit] o.apache.tomcat.util.digester.Digester   :   Fire body() for ObjectCreateRule[className=org.apache.tomcat.util.modeler.AttributeInfo, attributeName=null]
2019-12-06 11:18:41.187 DEBUG 7503 --- [kground-preinit] o.apache.tomcat.util.digester.Digester   :   Fire body() for SetPropertiesRule[]
2019-12-06 11:18:41.187 DEBUG 7503 --- [kground-preinit] o.apache.tomcat.util.digester.Digester   :   Fire body() for SetNextRule[methodName=addAttribute, paramType=org.apache.tomcat.util.modeler.AttributeInfo]
2019-12-06 11:18:41.187 DEBUG 7503 --- [kground-preinit] o.apache.tomcat.util.digester.Digester   :   Fire end() for SetNextRule[methodName=addAttribute, paramType=org.apache.tomcat.util.modeler.AttributeInfo]
2019-12-06 11:18:41.187 DEBUG 7503 --- [kground-preinit] o.apache.tomcat.util.digester.Digester   : [SetNextRule]{mbeans-descriptors/mbean/attribute} Call org.apache.tomcat.util.modeler.ManagedBean.addAttribute(org.apache.tomcat.util.modeler.AttributeInfo@4c40af4f)
2019-12-06 11:18:41.187 DEBUG 7503 --- [kground-preinit] o.apache.tomcat.util.IntrospectionUtils  : IntrospectionUtils: callMethod1 org.apache.tomcat.util.modeler.ManagedBean org.apache.tomcat.util.modeler.AttributeInfo org.apache.tomcat.util.modeler.AttributeInfo
2019-12-06 11:18:41.187 DEBUG 7503 --- [kground-preinit] o.apache.tomcat.util.digester.Digester   :   Fire end() for SetPropertiesRule[]
2019-12-06 11:18:41.187 DEBUG 7503 --- [kground-preinit] o.apache.tomcat.util.digester.Digester   :   Fire end() for ObjectCreateRule[className=org.apache.tomcat.util.modeler.AttributeInfo, attributeName=null]
2019-12-06 11:18:41.187 DEBUG 7503 --- [kground-preinit] o.apache.tomcat.util.digester.Digester   : [ObjectCreateRule]{mbeans-descriptors/mbean/attribute} Pop org.apache.tomcat.util.modeler.AttributeInfo
2019-12-06 11:18:41.187 DEBUG 7503 --- [kground-preinit] o.a.tomcat.util.digester.Digester.sax    : characters(

    )
2019-12-06 11:18:41.187 DEBUG 7503 --- [kground-preinit] o.a.tomcat.util.digester.Digester.sax    : startElement(,,attribute)
2019-12-06 11:18:41.187 DEBUG 7503 --- [kground-preinit] o.apache.tomcat.util.digester.Digester   :   New match='mbeans-descriptors/mbean/attribute'
2019-12-06 11:18:41.187 DEBUG 7503 --- [kground-preinit] o.apache.tomcat.util.digester.Digester   :   Fire begin() for ObjectCreateRule[className=org.apache.tomcat.util.modeler.AttributeInfo, attributeName=null]
2019-12-06 11:18:41.188 DEBUG 7503 --- [kground-preinit] o.apache.tomcat.util.digester.Digester   :   Fire begin() for SetPropertiesRule[]
2019-12-06 11:18:41.188 DEBUG 7503 --- [kground-preinit] o.apache.tomcat.util.digester.Digester   : [SetPropertiesRule]{mbeans-descriptors/mbean/attribute} Set org.apache.tomcat.util.modeler.AttributeInfo properties
2019-12-06 11:18:41.188 DEBUG 7503 --- [kground-preinit] o.apache.tomcat.util.digester.Digester   : [SetPropertiesRule]{mbeans-descriptors/mbean/attribute} Setting property 'name' to 'startTime'
2019-12-06 11:18:41.188 DEBUG 7503 --- [kground-preinit] o.apache.tomcat.util.IntrospectionUtils  : IntrospectionUtils: setProperty(class org.apache.tomcat.util.modeler.AttributeInfo name=startTime)
2019-12-06 11:18:41.188 DEBUG 7503 --- [kground-preinit] o.apache.tomcat.util.digester.Digester   : [SetPropertiesRule]{mbeans-descriptors/mbean/attribute} Setting property 'description' to 'Time (in milliseconds since January 1, 1970, 00:00:00) when this context was started'
2019-12-06 11:18:41.188 DEBUG 7503 --- [kground-preinit] o.apache.tomcat.util.IntrospectionUtils  : IntrospectionUtils: setProperty(class org.apache.tomcat.util.modeler.AttributeInfo description=Time (in milliseconds since January 1, 1970, 00:00:00) when this context was started)
2019-12-06 11:18:41.188 DEBUG 7503 --- [kground-preinit] o.apache.tomcat.util.digester.Digester   : [SetPropertiesRule]{mbeans-descriptors/mbean/attribute} Setting property 'type' to 'long'
2019-12-06 11:18:41.188 DEBUG 7503 --- [kground-preinit] o.apache.tomcat.util.IntrospectionUtils  : IntrospectionUtils: setProperty(class org.apache.tomcat.util.modeler.AttributeInfo type=long)
2019-12-06 11:18:41.188 DEBUG 7503 --- [kground-preinit] o.apache.tomcat.util.digester.Digester   : [SetPropertiesRule]{mbeans-descriptors/mbean/attribute} Setting property 'writeable' to 'false'
2019-12-06 11:18:41.188 DEBUG 7503 --- [kground-preinit] o.apache.tomcat.util.IntrospectionUtils  : IntrospectionUtils: setProperty(class org.apache.tomcat.util.modeler.AttributeInfo writeable=false)
2019-12-06 11:18:41.188 DEBUG 7503 --- [kground-preinit] o.apache.tomcat.util.digester.Digester   :   Fire begin() for SetNextRule[methodName=addAttribute, paramType=org.apache.tomcat.util.modeler.AttributeInfo]
2019-12-06 11:18:41.188 DEBUG 7503 --- [kground-preinit] o.a.tomcat.util.digester.Digester.sax    : endElement(,,attribute)
2019-12-06 11:18:41.189 DEBUG 7503 --- [kground-preinit] o.apache.tomcat.util.digester.Digester   :   match='mbeans-descriptors/mbean/attribute'
2019-12-06 11:18:41.189 DEBUG 7503 --- [kground-preinit] o.apache.tomcat.util.digester.Digester   :   bodyText=''
2019-12-06 11:18:41.189 DEBUG 7503 --- [kground-preinit] o.apache.tomcat.util.digester.Digester   :   Fire body() for ObjectCreateRule[className=org.apache.tomcat.util.modeler.AttributeInfo, attributeName=null]
2019-12-06 11:18:41.189 DEBUG 7503 --- [kground-preinit] o.apache.tomcat.util.digester.Digester   :   Fire body() for SetPropertiesRule[]
2019-12-06 11:18:41.189 DEBUG 7503 --- [kground-preinit] o.apache.tomcat.util.digester.Digester   :   Fire body() for SetNextRule[methodName=addAttribute, paramType=org.apache.tomcat.util.modeler.AttributeInfo]
2019-12-06 11:18:41.189 DEBUG 7503 --- [kground-preinit] o.apache.tomcat.util.digester.Digester   :   Fire end() for SetNextRule[methodName=addAttribute, paramType=org.apache.tomcat.util.modeler.AttributeInfo]
2019-12-06 11:18:41.189 DEBUG 7503 --- [kground-preinit] o.apache.tomcat.util.digester.Digester   : [SetNextRule]{mbeans-descriptors/mbean/attribute} Call org.apache.tomcat.util.modeler.ManagedBean.addAttribute(org.apache.tomcat.util.modeler.AttributeInfo@5e9a6764)
2019-12-06 11:18:41.189 DEBUG 7503 --- [kground-preinit] o.apache.tomcat.util.IntrospectionUtils  : IntrospectionUtils: callMethod1 org.apache.tomcat.util.modeler.ManagedBean org.apache.tomcat.util.modeler.AttributeInfo org.apache.tomcat.util.modeler.AttributeInfo
2019-12-06 11:18:41.189 DEBUG 7503 --- [kground-preinit] o.apache.tomcat.util.digester.Digester   :   Fire end() for SetPropertiesRule[]
2019-12-06 11:18:41.189 DEBUG 7503 --- [kground-preinit] o.apache.tomcat.util.digester.Digester   :   Fire end() for ObjectCreateRule[className=org.apache.tomcat.util.modeler.AttributeInfo, attributeName=null]
2019-12-06 11:18:41.189 DEBUG 7503 --- [kground-preinit] o.apache.tomcat.util.digester.Digester   : [ObjectCreateRule]{mbeans-descriptors/mbean/attribute} Pop org.apache.tomcat.util.modeler.AttributeInfo
2019-12-06 11:18:41.190 DEBUG 7503 --- [kground-preinit] o.a.tomcat.util.digester.Digester.sax    : characters(

    )
2019-12-06 11:18:41.190 DEBUG 7503 --- [kground-preinit] o.a.tomcat.util.digester.Digester.sax    : startElement(,,attribute)
2019-12-06 11:18:41.190 DEBUG 7503 --- [kground-preinit] o.apache.tomcat.util.digester.Digester   :   New match='mbeans-descriptors/mbean/attribute'
2019-12-06 11:18:41.190 DEBUG 7503 --- [kground-preinit] o.apache.tomcat.util.digester.Digester   :   Fire begin() for ObjectCreateRule[className=org.apache.tomcat.util.modeler.AttributeInfo, attributeName=null]
2019-12-06 11:18:41.190 DEBUG 7503 --- [kground-preinit] o.apache.tomcat.util.digester.Digester   :   Fire begin() for SetPropertiesRule[]
2019-12-06 11:18:41.190 DEBUG 7503 --- [kground-preinit] o.apache.tomcat.util.digester.Digester   : [SetPropertiesRule]{mbeans-descriptors/mbean/attribute} Set org.apache.tomcat.util.modeler.AttributeInfo properties
2019-12-06 11:18:41.190 DEBUG 7503 --- [kground-preinit] o.apache.tomcat.util.digester.Digester   : [SetPropertiesRule]{mbeans-descriptors/mbean/attribute} Setting property 'name' to 'startupTime'
2019-12-06 11:18:41.190 DEBUG 7503 --- [kground-preinit] o.apache.tomcat.util.IntrospectionUtils  : IntrospectionUtils: setProperty(class org.apache.tomcat.util.modeler.AttributeInfo name=startupTime)
2019-12-06 11:18:41.190 DEBUG 7503 --- [kground-preinit] o.apache.tomcat.util.digester.Digester   : [SetPropertiesRule]{mbeans-descriptors/mbean/attribute} Setting property 'description' to 'Time (in milliseconds) it took to start this context'
2019-12-06 11:18:41.191 DEBUG 7503 --- [kground-preinit] o.apache.tomcat.util.IntrospectionUtils  : IntrospectionUtils: setProperty(class org.apache.tomcat.util.modeler.AttributeInfo description=Time (in milliseconds) it took to start this context)
2019-12-06 11:18:41.191 DEBUG 7503 --- [kground-preinit] o.apache.tomcat.util.digester.Digester   : [SetPropertiesRule]{mbeans-descriptors/mbean/attribute} Setting property 'type' to 'long'
2019-12-06 11:18:41.191 DEBUG 7503 --- [kground-preinit] o.apache.tomcat.util.IntrospectionUtils  : IntrospectionUtils: setProperty(class org.apache.tomcat.util.modeler.AttributeInfo type=long)
2019-12-06 11:18:41.191 DEBUG 7503 --- [kground-preinit] o.apache.tomcat.util.digester.Digester   :   Fire begin() for SetNextRule[methodName=addAttribute, paramType=org.apache.tomcat.util.modeler.AttributeInfo]
2019-12-06 11:18:41.191 DEBUG 7503 --- [kground-preinit] o.a.tomcat.util.digester.Digester.sax    : endElement(,,attribute)
2019-12-06 11:18:41.191 DEBUG 7503 --- [kground-preinit] o.apache.tomcat.util.digester.Digester   :   match='mbeans-descriptors/mbean/attribute'
2019-12-06 11:18:41.191 DEBUG 7503 --- [kground-preinit] o.apache.tomcat.util.digester.Digester   :   bodyText=''
2019-12-06 11:18:41.191 DEBUG 7503 --- [kground-preinit] o.apache.tomcat.util.digester.Digester   :   Fire body() for ObjectCreateRule[className=org.apache.tomcat.util.modeler.AttributeInfo, attributeName=null]
2019-12-06 11:18:41.191 DEBUG 7503 --- [kground-preinit] o.apache.tomcat.util.digester.Digester   :   Fire body() for SetPropertiesRule[]
2019-12-06 11:18:41.191 DEBUG 7503 --- [kground-preinit] o.apache.tomcat.util.digester.Digester   :   Fire body() for SetNextRule[methodName=addAttribute, paramType=org.apache.tomcat.util.modeler.AttributeInfo]
2019-12-06 11:18:41.192 DEBUG 7503 --- [kground-preinit] o.apache.tomcat.util.digester.Digester   :   Fire end() for SetNextRule[methodName=addAttribute, paramType=org.apache.tomcat.util.modeler.AttributeInfo]
2019-12-06 11:18:41.192 DEBUG 7503 --- [kground-preinit] o.apache.tomcat.util.digester.Digester   : [SetNextRule]{mbeans-descriptors/mbean/attribute} Call org.apache.tomcat.util.modeler.ManagedBean.addAttribute(org.apache.tomcat.util.modeler.AttributeInfo@f1556e8)
2019-12-06 11:18:41.192 DEBUG 7503 --- [kground-preinit] o.apache.tomcat.util.IntrospectionUtils  : IntrospectionUtils: callMethod1 org.apache.tomcat.util.modeler.ManagedBean org.apache.tomcat.util.modeler.AttributeInfo org.apache.tomcat.util.modeler.AttributeInfo
2019-12-06 11:18:41.192 DEBUG 7503 --- [kground-preinit] o.apache.tomcat.util.digester.Digester   :   Fire end() for SetPropertiesRule[]
2019-12-06 11:18:41.192 DEBUG 7503 --- [kground-preinit] o.apache.tomcat.util.digester.Digester   :   Fire end() for ObjectCreateRule[className=org.apache.tomcat.util.modeler.AttributeInfo, attributeName=null]
2019-12-06 11:18:41.192 DEBUG 7503 --- [kground-preinit] o.apache.tomcat.util.digester.Digester   : [ObjectCreateRule]{mbeans-descriptors/mbean/attribute} Pop org.apache.tomcat.util.modeler.AttributeInfo
2019-12-06 11:18:41.192 DEBUG 7503 --- [kground-preinit] o.a.tomcat.util.digester.Digester.sax    : characters(

    )
2019-12-06 11:18:41.192 DEBUG 7503 --- [kground-preinit] o.a.tomcat.util.digester.Digester.sax    : startElement(,,attribute)
2019-12-06 11:18:41.192 DEBUG 7503 --- [kground-preinit] o.apache.tomcat.util.digester.Digester   :   New match='mbeans-descriptors/mbean/attribute'
2019-12-06 11:18:41.192 DEBUG 7503 --- [kground-preinit] o.apache.tomcat.util.digester.Digester   :   Fire begin() for ObjectCreateRule[className=org.apache.tomcat.util.modeler.AttributeInfo, attributeName=null]
2019-12-06 11:18:41.192 DEBUG 7503 --- [kground-preinit] o.apache.tomcat.util.digester.Digester   :   Fire begin() for SetPropertiesRule[]
2019-12-06 11:18:41.193 DEBUG 7503 --- [kground-preinit] o.apache.tomcat.util.digester.Digester   : [SetPropertiesRule]{mbeans-descriptors/mbean/attribute} Set org.apache.tomcat.util.modeler.AttributeInfo properties
2019-12-06 11:18:41.193 DEBUG 7503 --- [kground-preinit] o.apache.tomcat.util.digester.Digester   : [SetPropertiesRule]{mbeans-descriptors/mbean/attribute} Setting property 'name' to 'stateName'
2019-12-06 11:18:41.193 DEBUG 7503 --- [kground-preinit] o.apache.tomcat.util.IntrospectionUtils  : IntrospectionUtils: setProperty(class org.apache.tomcat.util.modeler.AttributeInfo name=stateName)
2019-12-06 11:18:41.193 DEBUG 7503 --- [kground-preinit] o.apache.tomcat.util.digester.Digester   : [SetPropertiesRule]{mbeans-descriptors/mbean/attribute} Setting property 'description' to 'The name of the LifecycleState that this component is currently in'
2019-12-06 11:18:41.193 DEBUG 7503 --- [kground-preinit] o.apache.tomcat.util.IntrospectionUtils  : IntrospectionUtils: setProperty(class org.apache.tomcat.util.modeler.AttributeInfo description=The name of the LifecycleState that this component is currently in)
2019-12-06 11:18:41.193 DEBUG 7503 --- [kground-preinit] o.apache.tomcat.util.digester.Digester   : [SetPropertiesRule]{mbeans-descriptors/mbean/attribute} Setting property 'type' to 'java.lang.String'
2019-12-06 11:18:41.193 DEBUG 7503 --- [kground-preinit] o.apache.tomcat.util.IntrospectionUtils  : IntrospectionUtils: setProperty(class org.apache.tomcat.util.modeler.AttributeInfo type=java.lang.String)
2019-12-06 11:18:41.193 DEBUG 7503 --- [kground-preinit] o.apache.tomcat.util.digester.Digester   : [SetPropertiesRule]{mbeans-descriptors/mbean/attribute} Setting property 'writeable' to 'false'
2019-12-06 11:18:41.193 DEBUG 7503 --- [kground-preinit] o.apache.tomcat.util.IntrospectionUtils  : IntrospectionUtils: setProperty(class org.apache.tomcat.util.modeler.AttributeInfo writeable=false)
2019-12-06 11:18:41.194 DEBUG 7503 --- [kground-preinit] o.apache.tomcat.util.digester.Digester   :   Fire begin() for SetNextRule[methodName=addAttribute, paramType=org.apache.tomcat.util.modeler.AttributeInfo]
2019-12-06 11:18:41.194 DEBUG 7503 --- [kground-preinit] o.a.tomcat.util.digester.Digester.sax    : endElement(,,attribute)
2019-12-06 11:18:41.194 DEBUG 7503 --- [kground-preinit] o.apache.tomcat.util.digester.Digester   :   match='mbeans-descriptors/mbean/attribute'
2019-12-06 11:18:41.194 DEBUG 7503 --- [kground-preinit] o.apache.tomcat.util.digester.Digester   :   bodyText=''
2019-12-06 11:18:41.194 DEBUG 7503 --- [kground-preinit] o.apache.tomcat.util.digester.Digester   :   Fire body() for ObjectCreateRule[className=org.apache.tomcat.util.modeler.AttributeInfo, attributeName=null]
2019-12-06 11:18:41.194 DEBUG 7503 --- [kground-preinit] o.apache.tomcat.util.digester.Digester   :   Fire body() for SetPropertiesRule[]
2019-12-06 11:18:41.194 DEBUG 7503 --- [kground-preinit] o.apache.tomcat.util.digester.Digester   :   Fire body() for SetNextRule[methodName=addAttribute, paramType=org.apache.tomcat.util.modeler.AttributeInfo]
2019-12-06 11:18:41.194 DEBUG 7503 --- [kground-preinit] o.apache.tomcat.util.digester.Digester   :   Fire end() for SetNextRule[methodName=addAttribute, paramType=org.apache.tomcat.util.modeler.AttributeInfo]
2019-12-06 11:18:41.194 DEBUG 7503 --- [kground-preinit] o.apache.tomcat.util.digester.Digester   : [SetNextRule]{mbeans-descriptors/mbean/attribute} Call org.apache.tomcat.util.modeler.ManagedBean.addAttribute(org.apache.tomcat.util.modeler.AttributeInfo@171f4516)
2019-12-06 11:18:41.194 DEBUG 7503 --- [kground-preinit] o.apache.tomcat.util.IntrospectionUtils  : IntrospectionUtils: callMethod1 org.apache.tomcat.util.modeler.ManagedBean org.apache.tomcat.util.modeler.AttributeInfo org.apache.tomcat.util.modeler.AttributeInfo
2019-12-06 11:18:41.194 DEBUG 7503 --- [kground-preinit] o.apache.tomcat.util.digester.Digester   :   Fire end() for SetPropertiesRule[]
2019-12-06 11:18:41.195 DEBUG 7503 --- [kground-preinit] o.apache.tomcat.util.digester.Digester   :   Fire end() for ObjectCreateRule[className=org.apache.tomcat.util.modeler.AttributeInfo, attributeName=null]
2019-12-06 11:18:41.195 DEBUG 7503 --- [kground-preinit] o.apache.tomcat.util.digester.Digester   : [ObjectCreateRule]{mbeans-descriptors/mbean/attribute} Pop org.apache.tomcat.util.modeler.AttributeInfo
2019-12-06 11:18:41.195 DEBUG 7503 --- [kground-preinit] o.a.tomcat.util.digester.Digester.sax    : characters(

    )
2019-12-06 11:18:41.195 DEBUG 7503 --- [kground-preinit] o.a.tomcat.util.digester.Digester.sax    : startElement(,,attribute)
2019-12-06 11:18:41.195 DEBUG 7503 --- [kground-preinit] o.apache.tomcat.util.digester.Digester   :   New match='mbeans-descriptors/mbean/attribute'
2019-12-06 11:18:41.195 DEBUG 7503 --- [kground-preinit] o.apache.tomcat.util.digester.Digester   :   Fire begin() for ObjectCreateRule[className=org.apache.tomcat.util.modeler.AttributeInfo, attributeName=null]
2019-12-06 11:18:41.195 DEBUG 7503 --- [kground-preinit] o.apache.tomcat.util.digester.Digester   :   Fire begin() for SetPropertiesRule[]
2019-12-06 11:18:41.195 DEBUG 7503 --- [kground-preinit] o.apache.tomcat.util.digester.Digester   : [SetPropertiesRule]{mbeans-descriptors/mbean/attribute} Set org.apache.tomcat.util.modeler.AttributeInfo properties
2019-12-06 11:18:41.195 DEBUG 7503 --- [kground-preinit] o.apache.tomcat.util.digester.Digester   : [SetPropertiesRule]{mbeans-descriptors/mbean/attribute} Setting property 'name' to 'swallowOutput'
2019-12-06 11:18:41.196 DEBUG 7503 --- [kground-preinit] o.apache.tomcat.util.IntrospectionUtils  : IntrospectionUtils: setProperty(class org.apache.tomcat.util.modeler.AttributeInfo name=swallowOutput)
2019-12-06 11:18:41.196 DEBUG 7503 --- [kground-preinit] o.apache.tomcat.util.digester.Digester   : [SetPropertiesRule]{mbeans-descriptors/mbean/attribute} Setting property 'description' to 'Flag to set to cause the system.out and system.err to be redirected to the logger when executing a servlet'
2019-12-06 11:18:41.196 DEBUG 7503 --- [kground-preinit] o.apache.tomcat.util.IntrospectionUtils  : IntrospectionUtils: setProperty(class org.apache.tomcat.util.modeler.AttributeInfo description=Flag to set to cause the system.out and system.err to be redirected to the logger when executing a servlet)
2019-12-06 11:18:41.196 DEBUG 7503 --- [kground-preinit] o.apache.tomcat.util.digester.Digester   : [SetPropertiesRule]{mbeans-descriptors/mbean/attribute} Setting property 'type' to 'boolean'
2019-12-06 11:18:41.196 DEBUG 7503 --- [kground-preinit] o.apache.tomcat.util.IntrospectionUtils  : IntrospectionUtils: setProperty(class org.apache.tomcat.util.modeler.AttributeInfo type=boolean)
2019-12-06 11:18:41.196 DEBUG 7503 --- [kground-preinit] o.apache.tomcat.util.digester.Digester   :   Fire begin() for SetNextRule[methodName=addAttribute, paramType=org.apache.tomcat.util.modeler.AttributeInfo]
2019-12-06 11:18:41.196 DEBUG 7503 --- [kground-preinit] o.a.tomcat.util.digester.Digester.sax    : endElement(,,attribute)
2019-12-06 11:18:41.196 DEBUG 7503 --- [kground-preinit] o.apache.tomcat.util.digester.Digester   :   match='mbeans-descriptors/mbean/attribute'
2019-12-06 11:18:41.196 DEBUG 7503 --- [kground-preinit] o.apache.tomcat.util.digester.Digester   :   bodyText=''
2019-12-06 11:18:41.196 DEBUG 7503 --- [kground-preinit] o.apache.tomcat.util.digester.Digester   :   Fire body() for ObjectCreateRule[className=org.apache.tomcat.util.modeler.AttributeInfo, attributeName=null]
2019-12-06 11:18:41.197 DEBUG 7503 --- [kground-preinit] o.apache.tomcat.util.digester.Digester   :   Fire body() for SetPropertiesRule[]
2019-12-06 11:18:41.197 DEBUG 7503 --- [kground-preinit] o.apache.tomcat.util.digester.Digester   :   Fire body() for SetNextRule[methodName=addAttribute, paramType=org.apache.tomcat.util.modeler.AttributeInfo]
2019-12-06 11:18:41.197 DEBUG 7503 --- [kground-preinit] o.apache.tomcat.util.digester.Digester   :   Fire end() for SetNextRule[methodName=addAttribute, paramType=org.apache.tomcat.util.modeler.AttributeInfo]
2019-12-06 11:18:41.197 DEBUG 7503 --- [kground-preinit] o.apache.tomcat.util.digester.Digester   : [SetNextRule]{mbeans-descriptors/mbean/attribute} Call org.apache.tomcat.util.modeler.ManagedBean.addAttribute(org.apache.tomcat.util.modeler.AttributeInfo@5e6caa6d)
2019-12-06 11:18:41.197 DEBUG 7503 --- [kground-preinit] o.apache.tomcat.util.IntrospectionUtils  : IntrospectionUtils: callMethod1 org.apache.tomcat.util.modeler.ManagedBean org.apache.tomcat.util.modeler.AttributeInfo org.apache.tomcat.util.modeler.AttributeInfo
2019-12-06 11:18:41.198 DEBUG 7503 --- [kground-preinit] o.apache.tomcat.util.digester.Digester   :   Fire end() for SetPropertiesRule[]
2019-12-06 11:18:41.198 DEBUG 7503 --- [kground-preinit] o.apache.tomcat.util.digester.Digester   :   Fire end() for ObjectCreateRule[className=org.apache.tomcat.util.modeler.AttributeInfo, attributeName=null]
2019-12-06 11:18:41.198 DEBUG 7503 --- [kground-preinit] o.apache.tomcat.util.digester.Digester   : [ObjectCreateRule]{mbeans-descriptors/mbean/attribute} Pop org.apache.tomcat.util.modeler.AttributeInfo
2019-12-06 11:18:41.198 DEBUG 7503 --- [kground-preinit] o.a.tomcat.util.digester.Digester.sax    : characters(

    )
2019-12-06 11:18:41.198 DEBUG 7503 --- [kground-preinit] o.a.tomcat.util.digester.Digester.sax    : startElement(,,attribute)
2019-12-06 11:18:41.198 DEBUG 7503 --- [kground-preinit] o.apache.tomcat.util.digester.Digester   :   New match='mbeans-descriptors/mbean/attribute'
2019-12-06 11:18:41.198 DEBUG 7503 --- [kground-preinit] o.apache.tomcat.util.digester.Digester   :   Fire begin() for ObjectCreateRule[className=org.apache.tomcat.util.modeler.AttributeInfo, attributeName=null]
2019-12-06 11:18:41.198 DEBUG 7503 --- [kground-preinit] o.apache.tomcat.util.digester.Digester   :   Fire begin() for SetPropertiesRule[]
2019-12-06 11:18:41.198 DEBUG 7503 --- [kground-preinit] o.apache.tomcat.util.digester.Digester   : [SetPropertiesRule]{mbeans-descriptors/mbean/attribute} Set org.apache.tomcat.util.modeler.AttributeInfo properties
2019-12-06 11:18:41.199 DEBUG 7503 --- [kground-preinit] o.apache.tomcat.util.digester.Digester   : [SetPropertiesRule]{mbeans-descriptors/mbean/attribute} Setting property 'name' to 'tldScanTime'
2019-12-06 11:18:41.199 DEBUG 7503 --- [kground-preinit] o.apache.tomcat.util.IntrospectionUtils  : IntrospectionUtils: setProperty(class org.apache.tomcat.util.modeler.AttributeInfo name=tldScanTime)
2019-12-06 11:18:41.199 DEBUG 7503 --- [kground-preinit] o.apache.tomcat.util.digester.Digester   : [SetPropertiesRule]{mbeans-descriptors/mbean/attribute} Setting property 'description' to 'Time spend scanning jars for TLDs for this context'
2019-12-06 11:18:41.199 DEBUG 7503 --- [kground-preinit] o.apache.tomcat.util.IntrospectionUtils  : IntrospectionUtils: setProperty(class org.apache.tomcat.util.modeler.AttributeInfo description=Time spend scanning jars for TLDs for this context)
2019-12-06 11:18:41.199 DEBUG 7503 --- [kground-preinit] o.apache.tomcat.util.digester.Digester   : [SetPropertiesRule]{mbeans-descriptors/mbean/attribute} Setting property 'type' to 'long'
2019-12-06 11:18:41.199 DEBUG 7503 --- [kground-preinit] o.apache.tomcat.util.IntrospectionUtils  : IntrospectionUtils: setProperty(class org.apache.tomcat.util.modeler.AttributeInfo type=long)
2019-12-06 11:18:41.199 DEBUG 7503 --- [kground-preinit] o.apache.tomcat.util.digester.Digester   :   Fire begin() for SetNextRule[methodName=addAttribute, paramType=org.apache.tomcat.util.modeler.AttributeInfo]
2019-12-06 11:18:41.199 DEBUG 7503 --- [kground-preinit] o.a.tomcat.util.digester.Digester.sax    : endElement(,,attribute)
2019-12-06 11:18:41.199 DEBUG 7503 --- [kground-preinit] o.apache.tomcat.util.digester.Digester   :   match='mbeans-descriptors/mbean/attribute'
2019-12-06 11:18:41.199 DEBUG 7503 --- [kground-preinit] o.apache.tomcat.util.digester.Digester   :   bodyText=''
2019-12-06 11:18:41.199 DEBUG 7503 --- [kground-preinit] o.apache.tomcat.util.digester.Digester   :   Fire body() for ObjectCreateRule[className=org.apache.tomcat.util.modeler.AttributeInfo, attributeName=null]
2019-12-06 11:18:41.200 DEBUG 7503 --- [kground-preinit] o.apache.tomcat.util.digester.Digester   :   Fire body() for SetPropertiesRule[]
2019-12-06 11:18:41.200 DEBUG 7503 --- [kground-preinit] o.apache.tomcat.util.digester.Digester   :   Fire body() for SetNextRule[methodName=addAttribute, paramType=org.apache.tomcat.util.modeler.AttributeInfo]
2019-12-06 11:18:41.200 DEBUG 7503 --- [kground-preinit] o.apache.tomcat.util.digester.Digester   :   Fire end() for SetNextRule[methodName=addAttribute, paramType=org.apache.tomcat.util.modeler.AttributeInfo]
2019-12-06 11:18:41.200 DEBUG 7503 --- [kground-preinit] o.apache.tomcat.util.digester.Digester   : [SetNextRule]{mbeans-descriptors/mbean/attribute} Call org.apache.tomcat.util.modeler.ManagedBean.addAttribute(org.apache.tomcat.util.modeler.AttributeInfo@53404783)
2019-12-06 11:18:41.200 DEBUG 7503 --- [kground-preinit] o.apache.tomcat.util.IntrospectionUtils  : IntrospectionUtils: callMethod1 org.apache.tomcat.util.modeler.ManagedBean org.apache.tomcat.util.modeler.AttributeInfo org.apache.tomcat.util.modeler.AttributeInfo
2019-12-06 11:18:41.200 DEBUG 7503 --- [kground-preinit] o.apache.tomcat.util.digester.Digester   :   Fire end() for SetPropertiesRule[]
2019-12-06 11:18:41.200 DEBUG 7503 --- [kground-preinit] o.apache.tomcat.util.digester.Digester   :   Fire end() for ObjectCreateRule[className=org.apache.tomcat.util.modeler.AttributeInfo, attributeName=null]
2019-12-06 11:18:41.200 DEBUG 7503 --- [kground-preinit] o.apache.tomcat.util.digester.Digester   : [ObjectCreateRule]{mbeans-descriptors/mbean/attribute} Pop org.apache.tomcat.util.modeler.AttributeInfo
2019-12-06 11:18:41.200 DEBUG 7503 --- [kground-preinit] o.a.tomcat.util.digester.Digester.sax    : characters(

    )
2019-12-06 11:18:41.200 DEBUG 7503 --- [kground-preinit] o.a.tomcat.util.digester.Digester.sax    : startElement(,,attribute)
2019-12-06 11:18:41.201 DEBUG 7503 --- [kground-preinit] o.apache.tomcat.util.digester.Digester   :   New match='mbeans-descriptors/mbean/attribute'
2019-12-06 11:18:41.201 DEBUG 7503 --- [kground-preinit] o.apache.tomcat.util.digester.Digester   :   Fire begin() for ObjectCreateRule[className=org.apache.tomcat.util.modeler.AttributeInfo, attributeName=null]
2019-12-06 11:18:41.201 DEBUG 7503 --- [kground-preinit] o.apache.tomcat.util.digester.Digester   :   Fire begin() for SetPropertiesRule[]
2019-12-06 11:18:41.201 DEBUG 7503 --- [kground-preinit] o.apache.tomcat.util.digester.Digester   : [SetPropertiesRule]{mbeans-descriptors/mbean/attribute} Set org.apache.tomcat.util.modeler.AttributeInfo properties
2019-12-06 11:18:41.201 DEBUG 7503 --- [kground-preinit] o.apache.tomcat.util.digester.Digester   : [SetPropertiesRule]{mbeans-descriptors/mbean/attribute} Setting property 'name' to 'tldValidation'
2019-12-06 11:18:41.201 DEBUG 7503 --- [kground-preinit] o.apache.tomcat.util.IntrospectionUtils  : IntrospectionUtils: setProperty(class org.apache.tomcat.util.modeler.AttributeInfo name=tldValidation)
2019-12-06 11:18:41.201 DEBUG 7503 --- [kground-preinit] o.apache.tomcat.util.digester.Digester   : [SetPropertiesRule]{mbeans-descriptors/mbean/attribute} Setting property 'description' to 'Should the parsing of *.tld files be performed by a validating parser?'
2019-12-06 11:18:41.201 DEBUG 7503 --- [kground-preinit] o.apache.tomcat.util.IntrospectionUtils  : IntrospectionUtils: setProperty(class org.apache.tomcat.util.modeler.AttributeInfo description=Should the parsing of *.tld files be performed by a validating parser?)
2019-12-06 11:18:41.201 DEBUG 7503 --- [kground-preinit] o.apache.tomcat.util.digester.Digester   : [SetPropertiesRule]{mbeans-descriptors/mbean/attribute} Setting property 'type' to 'boolean'
2019-12-06 11:18:41.201 DEBUG 7503 --- [kground-preinit] o.apache.tomcat.util.IntrospectionUtils  : IntrospectionUtils: setProperty(class org.apache.tomcat.util.modeler.AttributeInfo type=boolean)
2019-12-06 11:18:41.201 DEBUG 7503 --- [kground-preinit] o.apache.tomcat.util.digester.Digester   :   Fire begin() for SetNextRule[methodName=addAttribute, paramType=org.apache.tomcat.util.modeler.AttributeInfo]
2019-12-06 11:18:41.201 DEBUG 7503 --- [kground-preinit] o.a.tomcat.util.digester.Digester.sax    : endElement(,,attribute)
2019-12-06 11:18:41.201 DEBUG 7503 --- [kground-preinit] o.apache.tomcat.util.digester.Digester   :   match='mbeans-descriptors/mbean/attribute'
2019-12-06 11:18:41.202 DEBUG 7503 --- [kground-preinit] o.apache.tomcat.util.digester.Digester   :   bodyText=''
2019-12-06 11:18:41.202 DEBUG 7503 --- [kground-preinit] o.apache.tomcat.util.digester.Digester   :   Fire body() for ObjectCreateRule[className=org.apache.tomcat.util.modeler.AttributeInfo, attributeName=null]
2019-12-06 11:18:41.202 DEBUG 7503 --- [kground-preinit] o.apache.tomcat.util.digester.Digester   :   Fire body() for SetPropertiesRule[]
2019-12-06 11:18:41.202 DEBUG 7503 --- [kground-preinit] o.apache.tomcat.util.digester.Digester   :   Fire body() for SetNextRule[methodName=addAttribute, paramType=org.apache.tomcat.util.modeler.AttributeInfo]
2019-12-06 11:18:41.202 DEBUG 7503 --- [kground-preinit] o.apache.tomcat.util.digester.Digester   :   Fire end() for SetNextRule[methodName=addAttribute, paramType=org.apache.tomcat.util.modeler.AttributeInfo]
2019-12-06 11:18:41.202 DEBUG 7503 --- [kground-preinit] o.apache.tomcat.util.digester.Digester   : [SetNextRule]{mbeans-descriptors/mbean/attribute} Call org.apache.tomcat.util.modeler.ManagedBean.addAttribute(org.apache.tomcat.util.modeler.AttributeInfo@76c7e915)
2019-12-06 11:18:41.202 DEBUG 7503 --- [kground-preinit] o.apache.tomcat.util.IntrospectionUtils  : IntrospectionUtils: callMethod1 org.apache.tomcat.util.modeler.ManagedBean org.apache.tomcat.util.modeler.AttributeInfo org.apache.tomcat.util.modeler.AttributeInfo
2019-12-06 11:18:41.202 DEBUG 7503 --- [kground-preinit] o.apache.tomcat.util.digester.Digester   :   Fire end() for SetPropertiesRule[]
2019-12-06 11:18:41.202 DEBUG 7503 --- [kground-preinit] o.apache.tomcat.util.digester.Digester   :   Fire end() for ObjectCreateRule[className=org.apache.tomcat.util.modeler.AttributeInfo, attributeName=null]
2019-12-06 11:18:41.202 DEBUG 7503 --- [kground-preinit] o.apache.tomcat.util.digester.Digester   : [ObjectCreateRule]{mbeans-descriptors/mbean/attribute} Pop org.apache.tomcat.util.modeler.AttributeInfo
2019-12-06 11:18:41.202 DEBUG 7503 --- [kground-preinit] o.a.tomcat.util.digester.Digester.sax    : characters(

    )
2019-12-06 11:18:41.202 DEBUG 7503 --- [kground-preinit] o.a.tomcat.util.digester.Digester.sax    : startElement(,,attribute)
2019-12-06 11:18:41.203 DEBUG 7503 --- [kground-preinit] o.apache.tomcat.util.digester.Digester   :   New match='mbeans-descriptors/mbean/attribute'
2019-12-06 11:18:41.203 DEBUG 7503 --- [kground-preinit] o.apache.tomcat.util.digester.Digester   :   Fire begin() for ObjectCreateRule[className=org.apache.tomcat.util.modeler.AttributeInfo, attributeName=null]
2019-12-06 11:18:41.203 DEBUG 7503 --- [kground-preinit] o.apache.tomcat.util.digester.Digester   :   Fire begin() for SetPropertiesRule[]
2019-12-06 11:18:41.203 DEBUG 7503 --- [kground-preinit] o.apache.tomcat.util.digester.Digester   : [SetPropertiesRule]{mbeans-descriptors/mbean/attribute} Set org.apache.tomcat.util.modeler.AttributeInfo properties
2019-12-06 11:18:41.203 DEBUG 7503 --- [kground-preinit] o.apache.tomcat.util.digester.Digester   : [SetPropertiesRule]{mbeans-descriptors/mbean/attribute} Setting property 'name' to 'unloadDelay'
2019-12-06 11:18:41.203 DEBUG 7503 --- [kground-preinit] o.apache.tomcat.util.IntrospectionUtils  : IntrospectionUtils: setProperty(class org.apache.tomcat.util.modeler.AttributeInfo name=unloadDelay)
2019-12-06 11:18:41.203 DEBUG 7503 --- [kground-preinit] o.apache.tomcat.util.digester.Digester   : [SetPropertiesRule]{mbeans-descriptors/mbean/attribute} Setting property 'description' to 'Amount of ms that the container will wait for servlets to unload'
2019-12-06 11:18:41.203 DEBUG 7503 --- [kground-preinit] o.apache.tomcat.util.IntrospectionUtils  : IntrospectionUtils: setProperty(class org.apache.tomcat.util.modeler.AttributeInfo description=Amount of ms that the container will wait for servlets to unload)
2019-12-06 11:18:41.203 DEBUG 7503 --- [kground-preinit] o.apache.tomcat.util.digester.Digester   : [SetPropertiesRule]{mbeans-descriptors/mbean/attribute} Setting property 'type' to 'long'
2019-12-06 11:18:41.203 DEBUG 7503 --- [kground-preinit] o.apache.tomcat.util.IntrospectionUtils  : IntrospectionUtils: setProperty(class org.apache.tomcat.util.modeler.AttributeInfo type=long)
2019-12-06 11:18:41.203 DEBUG 7503 --- [kground-preinit] o.apache.tomcat.util.digester.Digester   :   Fire begin() for SetNextRule[methodName=addAttribute, paramType=org.apache.tomcat.util.modeler.AttributeInfo]
2019-12-06 11:18:41.203 DEBUG 7503 --- [kground-preinit] o.a.tomcat.util.digester.Digester.sax    : endElement(,,attribute)
2019-12-06 11:18:41.203 DEBUG 7503 --- [kground-preinit] o.apache.tomcat.util.digester.Digester   :   match='mbeans-descriptors/mbean/attribute'
2019-12-06 11:18:41.203 DEBUG 7503 --- [kground-preinit] o.apache.tomcat.util.digester.Digester   :   bodyText=''
2019-12-06 11:18:41.204 DEBUG 7503 --- [kground-preinit] o.apache.tomcat.util.digester.Digester   :   Fire body() for ObjectCreateRule[className=org.apache.tomcat.util.modeler.AttributeInfo, attributeName=null]
2019-12-06 11:18:41.204 DEBUG 7503 --- [kground-preinit] o.apache.tomcat.util.digester.Digester   :   Fire body() for SetPropertiesRule[]
2019-12-06 11:18:41.204 DEBUG 7503 --- [kground-preinit] o.apache.tomcat.util.digester.Digester   :   Fire body() for SetNextRule[methodName=addAttribute, paramType=org.apache.tomcat.util.modeler.AttributeInfo]
2019-12-06 11:18:41.204 DEBUG 7503 --- [kground-preinit] o.apache.tomcat.util.digester.Digester   :   Fire end() for SetNextRule[methodName=addAttribute, paramType=org.apache.tomcat.util.modeler.AttributeInfo]
2019-12-06 11:18:41.204 DEBUG 7503 --- [kground-preinit] o.apache.tomcat.util.digester.Digester   : [SetNextRule]{mbeans-descriptors/mbean/attribute} Call org.apache.tomcat.util.modeler.ManagedBean.addAttribute(org.apache.tomcat.util.modeler.AttributeInfo@1b1d352e)
2019-12-06 11:18:41.204 DEBUG 7503 --- [kground-preinit] o.apache.tomcat.util.IntrospectionUtils  : IntrospectionUtils: callMethod1 org.apache.tomcat.util.modeler.ManagedBean org.apache.tomcat.util.modeler.AttributeInfo org.apache.tomcat.util.modeler.AttributeInfo
2019-12-06 11:18:41.204 DEBUG 7503 --- [kground-preinit] o.apache.tomcat.util.digester.Digester   :   Fire end() for SetPropertiesRule[]
2019-12-06 11:18:41.204 DEBUG 7503 --- [kground-preinit] o.apache.tomcat.util.digester.Digester   :   Fire end() for ObjectCreateRule[className=org.apache.tomcat.util.modeler.AttributeInfo, attributeName=null]
2019-12-06 11:18:41.204 DEBUG 7503 --- [kground-preinit] o.apache.tomcat.util.digester.Digester   : [ObjectCreateRule]{mbeans-descriptors/mbean/attribute} Pop org.apache.tomcat.util.modeler.AttributeInfo
2019-12-06 11:18:41.204 DEBUG 7503 --- [kground-preinit] o.a.tomcat.util.digester.Digester.sax    : characters(

    )
2019-12-06 11:18:41.204 DEBUG 7503 --- [kground-preinit] o.a.tomcat.util.digester.Digester.sax    : startElement(,,attribute)
2019-12-06 11:18:41.204 DEBUG 7503 --- [kground-preinit] o.apache.tomcat.util.digester.Digester   :   New match='mbeans-descriptors/mbean/attribute'
2019-12-06 11:18:41.204 DEBUG 7503 --- [kground-preinit] o.apache.tomcat.util.digester.Digester   :   Fire begin() for ObjectCreateRule[className=org.apache.tomcat.util.modeler.AttributeInfo, attributeName=null]
2019-12-06 11:18:41.205 DEBUG 7503 --- [kground-preinit] o.apache.tomcat.util.digester.Digester   :   Fire begin() for SetPropertiesRule[]
2019-12-06 11:18:41.205 DEBUG 7503 --- [kground-preinit] o.apache.tomcat.util.digester.Digester   : [SetPropertiesRule]{mbeans-descriptors/mbean/attribute} Set org.apache.tomcat.util.modeler.AttributeInfo properties
2019-12-06 11:18:41.205 DEBUG 7503 --- [kground-preinit] o.apache.tomcat.util.digester.Digester   : [SetPropertiesRule]{mbeans-descriptors/mbean/attribute} Setting property 'name' to 'unpackWAR'
2019-12-06 11:18:41.205 DEBUG 7503 --- [kground-preinit] o.apache.tomcat.util.IntrospectionUtils  : IntrospectionUtils: setProperty(class org.apache.tomcat.util.modeler.AttributeInfo name=unpackWAR)
2019-12-06 11:18:41.205 DEBUG 7503 --- [kground-preinit] o.apache.tomcat.util.digester.Digester   : [SetPropertiesRule]{mbeans-descriptors/mbean/attribute} Setting property 'description' to 'Unpack WAR property'
2019-12-06 11:18:41.205 DEBUG 7503 --- [kground-preinit] o.apache.tomcat.util.IntrospectionUtils  : IntrospectionUtils: setProperty(class org.apache.tomcat.util.modeler.AttributeInfo description=Unpack WAR property)
2019-12-06 11:18:41.205 DEBUG 7503 --- [kground-preinit] o.apache.tomcat.util.digester.Digester   : [SetPropertiesRule]{mbeans-descriptors/mbean/attribute} Setting property 'type' to 'boolean'
2019-12-06 11:18:41.205 DEBUG 7503 --- [kground-preinit] o.apache.tomcat.util.IntrospectionUtils  : IntrospectionUtils: setProperty(class org.apache.tomcat.util.modeler.AttributeInfo type=boolean)
2019-12-06 11:18:41.205 DEBUG 7503 --- [kground-preinit] o.apache.tomcat.util.digester.Digester   :   Fire begin() for SetNextRule[methodName=addAttribute, paramType=org.apache.tomcat.util.modeler.AttributeInfo]
2019-12-06 11:18:41.205 DEBUG 7503 --- [kground-preinit] o.a.tomcat.util.digester.Digester.sax    : endElement(,,attribute)
2019-12-06 11:18:41.205 DEBUG 7503 --- [kground-preinit] o.apache.tomcat.util.digester.Digester   :   match='mbeans-descriptors/mbean/attribute'
2019-12-06 11:18:41.205 DEBUG 7503 --- [kground-preinit] o.apache.tomcat.util.digester.Digester   :   bodyText=''
2019-12-06 11:18:41.205 DEBUG 7503 --- [kground-preinit] o.apache.tomcat.util.digester.Digester   :   Fire body() for ObjectCreateRule[className=org.apache.tomcat.util.modeler.AttributeInfo, attributeName=null]
2019-12-06 11:18:41.206 DEBUG 7503 --- [kground-preinit] o.apache.tomcat.util.digester.Digester   :   Fire body() for SetPropertiesRule[]
2019-12-06 11:18:41.206 DEBUG 7503 --- [kground-preinit] o.apache.tomcat.util.digester.Digester   :   Fire body() for SetNextRule[methodName=addAttribute, paramType=org.apache.tomcat.util.modeler.AttributeInfo]
2019-12-06 11:18:41.206 DEBUG 7503 --- [kground-preinit] o.apache.tomcat.util.digester.Digester   :   Fire end() for SetNextRule[methodName=addAttribute, paramType=org.apache.tomcat.util.modeler.AttributeInfo]
2019-12-06 11:18:41.206 DEBUG 7503 --- [kground-preinit] o.apache.tomcat.util.digester.Digester   : [SetNextRule]{mbeans-descriptors/mbean/attribute} Call org.apache.tomcat.util.modeler.ManagedBean.addAttribute(org.apache.tomcat.util.modeler.AttributeInfo@2019cbe2)
2019-12-06 11:18:41.206 DEBUG 7503 --- [kground-preinit] o.apache.tomcat.util.IntrospectionUtils  : IntrospectionUtils: callMethod1 org.apache.tomcat.util.modeler.ManagedBean org.apache.tomcat.util.modeler.AttributeInfo org.apache.tomcat.util.modeler.AttributeInfo
2019-12-06 11:18:41.206 DEBUG 7503 --- [kground-preinit] o.apache.tomcat.util.digester.Digester   :   Fire end() for SetPropertiesRule[]
2019-12-06 11:18:41.206 DEBUG 7503 --- [kground-preinit] o.apache.tomcat.util.digester.Digester   :   Fire end() for ObjectCreateRule[className=org.apache.tomcat.util.modeler.AttributeInfo, attributeName=null]
2019-12-06 11:18:41.206 DEBUG 7503 --- [kground-preinit] o.apache.tomcat.util.digester.Digester   : [ObjectCreateRule]{mbeans-descriptors/mbean/attribute} Pop org.apache.tomcat.util.modeler.AttributeInfo
2019-12-06 11:18:41.206 DEBUG 7503 --- [kground-preinit] o.a.tomcat.util.digester.Digester.sax    : characters(

    )
2019-12-06 11:18:41.206 DEBUG 7503 --- [kground-preinit] o.a.tomcat.util.digester.Digester.sax    : startElement(,,attribute)
2019-12-06 11:18:41.206 DEBUG 7503 --- [kground-preinit] o.apache.tomcat.util.digester.Digester   :   New match='mbeans-descriptors/mbean/attribute'
2019-12-06 11:18:41.206 DEBUG 7503 --- [kground-preinit] o.apache.tomcat.util.digester.Digester   :   Fire begin() for ObjectCreateRule[className=org.apache.tomcat.util.modeler.AttributeInfo, attributeName=null]
2019-12-06 11:18:41.206 DEBUG 7503 --- [kground-preinit] o.apache.tomcat.util.digester.Digester   :   Fire begin() for SetPropertiesRule[]
2019-12-06 11:18:41.207 DEBUG 7503 --- [kground-preinit] o.apache.tomcat.util.digester.Digester   : [SetPropertiesRule]{mbeans-descriptors/mbean/attribute} Set org.apache.tomcat.util.modeler.AttributeInfo properties
2019-12-06 11:18:41.207 DEBUG 7503 --- [kground-preinit] o.apache.tomcat.util.digester.Digester   : [SetPropertiesRule]{mbeans-descriptors/mbean/attribute} Setting property 'name' to 'useHttpOnly'
2019-12-06 11:18:41.207 DEBUG 7503 --- [kground-preinit] o.apache.tomcat.util.IntrospectionUtils  : IntrospectionUtils: setProperty(class org.apache.tomcat.util.modeler.AttributeInfo name=useHttpOnly)
2019-12-06 11:18:41.207 DEBUG 7503 --- [kground-preinit] o.apache.tomcat.util.digester.Digester   : [SetPropertiesRule]{mbeans-descriptors/mbean/attribute} Setting property 'description' to 'Indicates that session cookies should use HttpOnly'
2019-12-06 11:18:41.207 DEBUG 7503 --- [kground-preinit] o.apache.tomcat.util.IntrospectionUtils  : IntrospectionUtils: setProperty(class org.apache.tomcat.util.modeler.AttributeInfo description=Indicates that session cookies should use HttpOnly)
2019-12-06 11:18:41.207 DEBUG 7503 --- [kground-preinit] o.apache.tomcat.util.digester.Digester   : [SetPropertiesRule]{mbeans-descriptors/mbean/attribute} Setting property 'type' to 'boolean'
2019-12-06 11:18:41.207 DEBUG 7503 --- [kground-preinit] o.apache.tomcat.util.IntrospectionUtils  : IntrospectionUtils: setProperty(class org.apache.tomcat.util.modeler.AttributeInfo type=boolean)
2019-12-06 11:18:41.207 DEBUG 7503 --- [kground-preinit] o.apache.tomcat.util.digester.Digester   :   Fire begin() for SetNextRule[methodName=addAttribute, paramType=org.apache.tomcat.util.modeler.AttributeInfo]
2019-12-06 11:18:41.207 DEBUG 7503 --- [kground-preinit] o.a.tomcat.util.digester.Digester.sax    : endElement(,,attribute)
2019-12-06 11:18:41.207 DEBUG 7503 --- [kground-preinit] o.apache.tomcat.util.digester.Digester   :   match='mbeans-descriptors/mbean/attribute'
2019-12-06 11:18:41.207 DEBUG 7503 --- [kground-preinit] o.apache.tomcat.util.digester.Digester   :   bodyText=''
2019-12-06 11:18:41.207 DEBUG 7503 --- [kground-preinit] o.apache.tomcat.util.digester.Digester   :   Fire body() for ObjectCreateRule[className=org.apache.tomcat.util.modeler.AttributeInfo, attributeName=null]
2019-12-06 11:18:41.207 DEBUG 7503 --- [kground-preinit] o.apache.tomcat.util.digester.Digester   :   Fire body() for SetPropertiesRule[]
2019-12-06 11:18:41.207 DEBUG 7503 --- [kground-preinit] o.apache.tomcat.util.digester.Digester   :   Fire body() for SetNextRule[methodName=addAttribute, paramType=org.apache.tomcat.util.modeler.AttributeInfo]
2019-12-06 11:18:41.208 DEBUG 7503 --- [kground-preinit] o.apache.tomcat.util.digester.Digester   :   Fire end() for SetNextRule[methodName=addAttribute, paramType=org.apache.tomcat.util.modeler.AttributeInfo]
2019-12-06 11:18:41.208 DEBUG 7503 --- [kground-preinit] o.apache.tomcat.util.digester.Digester   : [SetNextRule]{mbeans-descriptors/mbean/attribute} Call org.apache.tomcat.util.modeler.ManagedBean.addAttribute(org.apache.tomcat.util.modeler.AttributeInfo@71b4ec3d)
2019-12-06 11:18:41.208 DEBUG 7503 --- [kground-preinit] o.apache.tomcat.util.IntrospectionUtils  : IntrospectionUtils: callMethod1 org.apache.tomcat.util.modeler.ManagedBean org.apache.tomcat.util.modeler.AttributeInfo org.apache.tomcat.util.modeler.AttributeInfo
2019-12-06 11:18:41.208 DEBUG 7503 --- [kground-preinit] o.apache.tomcat.util.digester.Digester   :   Fire end() for SetPropertiesRule[]
2019-12-06 11:18:41.208 DEBUG 7503 --- [kground-preinit] o.apache.tomcat.util.digester.Digester   :   Fire end() for ObjectCreateRule[className=org.apache.tomcat.util.modeler.AttributeInfo, attributeName=null]
2019-12-06 11:18:41.208 DEBUG 7503 --- [kground-preinit] o.apache.tomcat.util.digester.Digester   : [ObjectCreateRule]{mbeans-descriptors/mbean/attribute} Pop org.apache.tomcat.util.modeler.AttributeInfo
2019-12-06 11:18:41.208 DEBUG 7503 --- [kground-preinit] o.a.tomcat.util.digester.Digester.sax    : characters(

    )
2019-12-06 11:18:41.208 DEBUG 7503 --- [kground-preinit] o.a.tomcat.util.digester.Digester.sax    : startElement(,,attribute)
2019-12-06 11:18:41.208 DEBUG 7503 --- [kground-preinit] o.apache.tomcat.util.digester.Digester   :   New match='mbeans-descriptors/mbean/attribute'
2019-12-06 11:18:41.208 DEBUG 7503 --- [kground-preinit] o.apache.tomcat.util.digester.Digester   :   Fire begin() for ObjectCreateRule[className=org.apache.tomcat.util.modeler.AttributeInfo, attributeName=null]
2019-12-06 11:18:41.209 DEBUG 7503 --- [kground-preinit] o.apache.tomcat.util.digester.Digester   :   Fire begin() for SetPropertiesRule[]
2019-12-06 11:18:41.209 DEBUG 7503 --- [kground-preinit] o.apache.tomcat.util.digester.Digester   : [SetPropertiesRule]{mbeans-descriptors/mbean/attribute} Set org.apache.tomcat.util.modeler.AttributeInfo properties
2019-12-06 11:18:41.209 DEBUG 7503 --- [kground-preinit] o.apache.tomcat.util.digester.Digester   : [SetPropertiesRule]{mbeans-descriptors/mbean/attribute} Setting property 'name' to 'useNaming'
2019-12-06 11:18:41.209 DEBUG 7503 --- [kground-preinit] o.apache.tomcat.util.IntrospectionUtils  : IntrospectionUtils: setProperty(class org.apache.tomcat.util.modeler.AttributeInfo name=useNaming)
2019-12-06 11:18:41.209 DEBUG 7503 --- [kground-preinit] o.apache.tomcat.util.digester.Digester   : [SetPropertiesRule]{mbeans-descriptors/mbean/attribute} Setting property 'description' to 'Create a JNDI naming context for this application?'
2019-12-06 11:18:41.209 DEBUG 7503 --- [kground-preinit] o.apache.tomcat.util.IntrospectionUtils  : IntrospectionUtils: setProperty(class org.apache.tomcat.util.modeler.AttributeInfo description=Create a JNDI naming context for this application?)
2019-12-06 11:18:41.209 DEBUG 7503 --- [kground-preinit] o.apache.tomcat.util.digester.Digester   : [SetPropertiesRule]{mbeans-descriptors/mbean/attribute} Setting property 'is' to 'true'
2019-12-06 11:18:41.209 DEBUG 7503 --- [kground-preinit] o.apache.tomcat.util.IntrospectionUtils  : IntrospectionUtils: setProperty(class org.apache.tomcat.util.modeler.AttributeInfo is=true)
2019-12-06 11:18:41.209 DEBUG 7503 --- [kground-preinit] o.apache.tomcat.util.digester.Digester   : [SetPropertiesRule]{mbeans-descriptors/mbean/attribute} Setting property 'type' to 'boolean'
2019-12-06 11:18:41.209 DEBUG 7503 --- [kground-preinit] o.apache.tomcat.util.IntrospectionUtils  : IntrospectionUtils: setProperty(class org.apache.tomcat.util.modeler.AttributeInfo type=boolean)
2019-12-06 11:18:41.209 DEBUG 7503 --- [kground-preinit] o.apache.tomcat.util.digester.Digester   :   Fire begin() for SetNextRule[methodName=addAttribute, paramType=org.apache.tomcat.util.modeler.AttributeInfo]
2019-12-06 11:18:41.209 DEBUG 7503 --- [kground-preinit] o.a.tomcat.util.digester.Digester.sax    : endElement(,,attribute)
2019-12-06 11:18:41.209 DEBUG 7503 --- [kground-preinit] o.apache.tomcat.util.digester.Digester   :   match='mbeans-descriptors/mbean/attribute'
2019-12-06 11:18:41.210 DEBUG 7503 --- [kground-preinit] o.apache.tomcat.util.digester.Digester   :   bodyText=''
2019-12-06 11:18:41.210 DEBUG 7503 --- [kground-preinit] o.apache.tomcat.util.digester.Digester   :   Fire body() for ObjectCreateRule[className=org.apache.tomcat.util.modeler.AttributeInfo, attributeName=null]
2019-12-06 11:18:41.210 DEBUG 7503 --- [kground-preinit] o.apache.tomcat.util.digester.Digester   :   Fire body() for SetPropertiesRule[]
2019-12-06 11:18:41.210 DEBUG 7503 --- [kground-preinit] o.apache.tomcat.util.digester.Digester   :   Fire body() for SetNextRule[methodName=addAttribute, paramType=org.apache.tomcat.util.modeler.AttributeInfo]
2019-12-06 11:18:41.210 DEBUG 7503 --- [kground-preinit] o.apache.tomcat.util.digester.Digester   :   Fire end() for SetNextRule[methodName=addAttribute, paramType=org.apache.tomcat.util.modeler.AttributeInfo]
2019-12-06 11:18:41.210 DEBUG 7503 --- [kground-preinit] o.apache.tomcat.util.digester.Digester   : [SetNextRule]{mbeans-descriptors/mbean/attribute} Call org.apache.tomcat.util.modeler.ManagedBean.addAttribute(org.apache.tomcat.util.modeler.AttributeInfo@38f23c5f)
2019-12-06 11:18:41.210 DEBUG 7503 --- [kground-preinit] o.apache.tomcat.util.IntrospectionUtils  : IntrospectionUtils: callMethod1 org.apache.tomcat.util.modeler.ManagedBean org.apache.tomcat.util.modeler.AttributeInfo org.apache.tomcat.util.modeler.AttributeInfo
2019-12-06 11:18:41.210 DEBUG 7503 --- [kground-preinit] o.apache.tomcat.util.digester.Digester   :   Fire end() for SetPropertiesRule[]
2019-12-06 11:18:41.210 DEBUG 7503 --- [kground-preinit] o.apache.tomcat.util.digester.Digester   :   Fire end() for ObjectCreateRule[className=org.apache.tomcat.util.modeler.AttributeInfo, attributeName=null]
2019-12-06 11:18:41.210 DEBUG 7503 --- [kground-preinit] o.apache.tomcat.util.digester.Digester   : [ObjectCreateRule]{mbeans-descriptors/mbean/attribute} Pop org.apache.tomcat.util.modeler.AttributeInfo
2019-12-06 11:18:41.210 DEBUG 7503 --- [kground-preinit] o.a.tomcat.util.digester.Digester.sax    : characters(

    )
2019-12-06 11:18:41.210 DEBUG 7503 --- [kground-preinit] o.a.tomcat.util.digester.Digester.sax    : startElement(,,attribute)
2019-12-06 11:18:41.210 DEBUG 7503 --- [kground-preinit] o.apache.tomcat.util.digester.Digester   :   New match='mbeans-descriptors/mbean/attribute'
2019-12-06 11:18:41.211 DEBUG 7503 --- [kground-preinit] o.apache.tomcat.util.digester.Digester   :   Fire begin() for ObjectCreateRule[className=org.apache.tomcat.util.modeler.AttributeInfo, attributeName=null]
2019-12-06 11:18:41.211 DEBUG 7503 --- [kground-preinit] o.apache.tomcat.util.digester.Digester   :   Fire begin() for SetPropertiesRule[]
2019-12-06 11:18:41.211 DEBUG 7503 --- [kground-preinit] o.apache.tomcat.util.digester.Digester   : [SetPropertiesRule]{mbeans-descriptors/mbean/attribute} Set org.apache.tomcat.util.modeler.AttributeInfo properties
2019-12-06 11:18:41.211 DEBUG 7503 --- [kground-preinit] o.apache.tomcat.util.digester.Digester   : [SetPropertiesRule]{mbeans-descriptors/mbean/attribute} Setting property 'name' to 'useRelativeRedirects'
2019-12-06 11:18:41.211 DEBUG 7503 --- [kground-preinit] o.apache.tomcat.util.IntrospectionUtils  : IntrospectionUtils: setProperty(class org.apache.tomcat.util.modeler.AttributeInfo name=useRelativeRedirects)
2019-12-06 11:18:41.211 DEBUG 7503 --- [kground-preinit] o.apache.tomcat.util.digester.Digester   : [SetPropertiesRule]{mbeans-descriptors/mbean/attribute} Setting property 'description' to 'When generating location headers for 302 responses, should a relative URI be used?'
2019-12-06 11:18:41.211 DEBUG 7503 --- [kground-preinit] o.apache.tomcat.util.IntrospectionUtils  : IntrospectionUtils: setProperty(class org.apache.tomcat.util.modeler.AttributeInfo description=When generating location headers for 302 responses, should a relative URI be used?)
2019-12-06 11:18:41.211 DEBUG 7503 --- [kground-preinit] o.apache.tomcat.util.digester.Digester   : [SetPropertiesRule]{mbeans-descriptors/mbean/attribute} Setting property 'type' to 'boolean'
2019-12-06 11:18:41.211 DEBUG 7503 --- [kground-preinit] o.apache.tomcat.util.IntrospectionUtils  : IntrospectionUtils: setProperty(class org.apache.tomcat.util.modeler.AttributeInfo type=boolean)
2019-12-06 11:18:41.212 DEBUG 7503 --- [kground-preinit] o.apache.tomcat.util.digester.Digester   :   Fire begin() for SetNextRule[methodName=addAttribute, paramType=org.apache.tomcat.util.modeler.AttributeInfo]
2019-12-06 11:18:41.212 DEBUG 7503 --- [kground-preinit] o.a.tomcat.util.digester.Digester.sax    : endElement(,,attribute)
2019-12-06 11:18:41.212 DEBUG 7503 --- [kground-preinit] o.apache.tomcat.util.digester.Digester   :   match='mbeans-descriptors/mbean/attribute'
2019-12-06 11:18:41.212 DEBUG 7503 --- [kground-preinit] o.apache.tomcat.util.digester.Digester   :   bodyText=''
2019-12-06 11:18:41.212 DEBUG 7503 --- [kground-preinit] o.apache.tomcat.util.digester.Digester   :   Fire body() for ObjectCreateRule[className=org.apache.tomcat.util.modeler.AttributeInfo, attributeName=null]
2019-12-06 11:18:41.212 DEBUG 7503 --- [kground-preinit] o.apache.tomcat.util.digester.Digester   :   Fire body() for SetPropertiesRule[]
2019-12-06 11:18:41.212 DEBUG 7503 --- [kground-preinit] o.apache.tomcat.util.digester.Digester   :   Fire body() for SetNextRule[methodName=addAttribute, paramType=org.apache.tomcat.util.modeler.AttributeInfo]
2019-12-06 11:18:41.212 DEBUG 7503 --- [kground-preinit] o.apache.tomcat.util.digester.Digester   :   Fire end() for SetNextRule[methodName=addAttribute, paramType=org.apache.tomcat.util.modeler.AttributeInfo]
2019-12-06 11:18:41.212 DEBUG 7503 --- [kground-preinit] o.apache.tomcat.util.digester.Digester   : [SetNextRule]{mbeans-descriptors/mbean/attribute} Call org.apache.tomcat.util.modeler.ManagedBean.addAttribute(org.apache.tomcat.util.modeler.AttributeInfo@4ab4ca2a)
2019-12-06 11:18:41.212 DEBUG 7503 --- [kground-preinit] o.apache.tomcat.util.IntrospectionUtils  : IntrospectionUtils: callMethod1 org.apache.tomcat.util.modeler.ManagedBean org.apache.tomcat.util.modeler.AttributeInfo org.apache.tomcat.util.modeler.AttributeInfo
2019-12-06 11:18:41.212 DEBUG 7503 --- [kground-preinit] o.apache.tomcat.util.digester.Digester   :   Fire end() for SetPropertiesRule[]
2019-12-06 11:18:41.212 DEBUG 7503 --- [kground-preinit] o.apache.tomcat.util.digester.Digester   :   Fire end() for ObjectCreateRule[className=org.apache.tomcat.util.modeler.AttributeInfo, attributeName=null]
2019-12-06 11:18:41.212 DEBUG 7503 --- [kground-preinit] o.apache.tomcat.util.digester.Digester   : [ObjectCreateRule]{mbeans-descriptors/mbean/attribute} Pop org.apache.tomcat.util.modeler.AttributeInfo
2019-12-06 11:18:41.213 DEBUG 7503 --- [kground-preinit] o.a.tomcat.util.digester.Digester.sax    : characters(

    )
2019-12-06 11:18:41.213 DEBUG 7503 --- [kground-preinit] o.a.tomcat.util.digester.Digester.sax    : startElement(,,attribute)
2019-12-06 11:18:41.213 DEBUG 7503 --- [kground-preinit] o.apache.tomcat.util.digester.Digester   :   New match='mbeans-descriptors/mbean/attribute'
2019-12-06 11:18:41.213 DEBUG 7503 --- [kground-preinit] o.apache.tomcat.util.digester.Digester   :   Fire begin() for ObjectCreateRule[className=org.apache.tomcat.util.modeler.AttributeInfo, attributeName=null]
2019-12-06 11:18:41.213 DEBUG 7503 --- [kground-preinit] o.apache.tomcat.util.digester.Digester   :   Fire begin() for SetPropertiesRule[]
2019-12-06 11:18:41.213 DEBUG 7503 --- [kground-preinit] o.apache.tomcat.util.digester.Digester   : [SetPropertiesRule]{mbeans-descriptors/mbean/attribute} Set org.apache.tomcat.util.modeler.AttributeInfo properties
2019-12-06 11:18:41.213 DEBUG 7503 --- [kground-preinit] o.apache.tomcat.util.digester.Digester   : [SetPropertiesRule]{mbeans-descriptors/mbean/attribute} Setting property 'name' to 'webappVersion'
2019-12-06 11:18:41.213 DEBUG 7503 --- [kground-preinit] o.apache.tomcat.util.IntrospectionUtils  : IntrospectionUtils: setProperty(class org.apache.tomcat.util.modeler.AttributeInfo name=webappVersion)
2019-12-06 11:18:41.213 DEBUG 7503 --- [kground-preinit] o.apache.tomcat.util.digester.Digester   : [SetPropertiesRule]{mbeans-descriptors/mbean/attribute} Setting property 'description' to 'The version of this web application - used in parallel deployment to differentiate different versions of the same web application'
2019-12-06 11:18:41.213 DEBUG 7503 --- [kground-preinit] o.apache.tomcat.util.IntrospectionUtils  : IntrospectionUtils: setProperty(class org.apache.tomcat.util.modeler.AttributeInfo description=The version of this web application - used in parallel deployment to differentiate different versions of the same web application)
2019-12-06 11:18:41.213 DEBUG 7503 --- [kground-preinit] o.apache.tomcat.util.digester.Digester   : [SetPropertiesRule]{mbeans-descriptors/mbean/attribute} Setting property 'type' to 'java.lang.String'
2019-12-06 11:18:41.214 DEBUG 7503 --- [kground-preinit] o.apache.tomcat.util.IntrospectionUtils  : IntrospectionUtils: setProperty(class org.apache.tomcat.util.modeler.AttributeInfo type=java.lang.String)
2019-12-06 11:18:41.214 DEBUG 7503 --- [kground-preinit] o.apache.tomcat.util.digester.Digester   : [SetPropertiesRule]{mbeans-descriptors/mbean/attribute} Setting property 'writeable' to 'false'
2019-12-06 11:18:41.214 DEBUG 7503 --- [kground-preinit] o.apache.tomcat.util.IntrospectionUtils  : IntrospectionUtils: setProperty(class org.apache.tomcat.util.modeler.AttributeInfo writeable=false)
2019-12-06 11:18:41.214 DEBUG 7503 --- [kground-preinit] o.apache.tomcat.util.digester.Digester   :   Fire begin() for SetNextRule[methodName=addAttribute, paramType=org.apache.tomcat.util.modeler.AttributeInfo]
2019-12-06 11:18:41.214 DEBUG 7503 --- [kground-preinit] o.a.tomcat.util.digester.Digester.sax    : endElement(,,attribute)
2019-12-06 11:18:41.214 DEBUG 7503 --- [kground-preinit] o.apache.tomcat.util.digester.Digester   :   match='mbeans-descriptors/mbean/attribute'
2019-12-06 11:18:41.214 DEBUG 7503 --- [kground-preinit] o.apache.tomcat.util.digester.Digester   :   bodyText=''
2019-12-06 11:18:41.214 DEBUG 7503 --- [kground-preinit] o.apache.tomcat.util.digester.Digester   :   Fire body() for ObjectCreateRule[className=org.apache.tomcat.util.modeler.AttributeInfo, attributeName=null]
2019-12-06 11:18:41.214 DEBUG 7503 --- [kground-preinit] o.apache.tomcat.util.digester.Digester   :   Fire body() for SetPropertiesRule[]
2019-12-06 11:18:41.214 DEBUG 7503 --- [kground-preinit] o.apache.tomcat.util.digester.Digester   :   Fire body() for SetNextRule[methodName=addAttribute, paramType=org.apache.tomcat.util.modeler.AttributeInfo]
2019-12-06 11:18:41.214 DEBUG 7503 --- [kground-preinit] o.apache.tomcat.util.digester.Digester   :   Fire end() for SetNextRule[methodName=addAttribute, paramType=org.apache.tomcat.util.modeler.AttributeInfo]
2019-12-06 11:18:41.214 DEBUG 7503 --- [kground-preinit] o.apache.tomcat.util.digester.Digester   : [SetNextRule]{mbeans-descriptors/mbean/attribute} Call org.apache.tomcat.util.modeler.ManagedBean.addAttribute(org.apache.tomcat.util.modeler.AttributeInfo@241c4e45)
2019-12-06 11:18:41.214 DEBUG 7503 --- [kground-preinit] o.apache.tomcat.util.IntrospectionUtils  : IntrospectionUtils: callMethod1 org.apache.tomcat.util.modeler.ManagedBean org.apache.tomcat.util.modeler.AttributeInfo org.apache.tomcat.util.modeler.AttributeInfo
2019-12-06 11:18:41.215 DEBUG 7503 --- [kground-preinit] o.apache.tomcat.util.digester.Digester   :   Fire end() for SetPropertiesRule[]
2019-12-06 11:18:41.215 DEBUG 7503 --- [kground-preinit] o.apache.tomcat.util.digester.Digester   :   Fire end() for ObjectCreateRule[className=org.apache.tomcat.util.modeler.AttributeInfo, attributeName=null]
2019-12-06 11:18:41.215 DEBUG 7503 --- [kground-preinit] o.apache.tomcat.util.digester.Digester   : [ObjectCreateRule]{mbeans-descriptors/mbean/attribute} Pop org.apache.tomcat.util.modeler.AttributeInfo
2019-12-06 11:18:41.215 DEBUG 7503 --- [kground-preinit] o.a.tomcat.util.digester.Digester.sax    : characters(

    )
2019-12-06 11:18:41.215 DEBUG 7503 --- [kground-preinit] o.a.tomcat.util.digester.Digester.sax    : startElement(,,attribute)
2019-12-06 11:18:41.215 DEBUG 7503 --- [kground-preinit] o.apache.tomcat.util.digester.Digester   :   New match='mbeans-descriptors/mbean/attribute'
2019-12-06 11:18:41.215 DEBUG 7503 --- [kground-preinit] o.apache.tomcat.util.digester.Digester   :   Fire begin() for ObjectCreateRule[className=org.apache.tomcat.util.modeler.AttributeInfo, attributeName=null]
2019-12-06 11:18:41.215 DEBUG 7503 --- [kground-preinit] o.apache.tomcat.util.digester.Digester   :   Fire begin() for SetPropertiesRule[]
2019-12-06 11:18:41.215 DEBUG 7503 --- [kground-preinit] o.apache.tomcat.util.digester.Digester   : [SetPropertiesRule]{mbeans-descriptors/mbean/attribute} Set org.apache.tomcat.util.modeler.AttributeInfo properties
2019-12-06 11:18:41.215 DEBUG 7503 --- [kground-preinit] o.apache.tomcat.util.digester.Digester   : [SetPropertiesRule]{mbeans-descriptors/mbean/attribute} Setting property 'name' to 'welcomeFiles'
2019-12-06 11:18:41.215 DEBUG 7503 --- [kground-preinit] o.apache.tomcat.util.IntrospectionUtils  : IntrospectionUtils: setProperty(class org.apache.tomcat.util.modeler.AttributeInfo name=welcomeFiles)
2019-12-06 11:18:41.215 DEBUG 7503 --- [kground-preinit] o.apache.tomcat.util.digester.Digester   : [SetPropertiesRule]{mbeans-descriptors/mbean/attribute} Setting property 'description' to 'The welcome files for this context'
2019-12-06 11:18:41.215 DEBUG 7503 --- [kground-preinit] o.apache.tomcat.util.IntrospectionUtils  : IntrospectionUtils: setProperty(class org.apache.tomcat.util.modeler.AttributeInfo description=The welcome files for this context)
2019-12-06 11:18:41.215 DEBUG 7503 --- [kground-preinit] o.apache.tomcat.util.digester.Digester   : [SetPropertiesRule]{mbeans-descriptors/mbean/attribute} Setting property 'type' to '[Ljava.lang.String;'
2019-12-06 11:18:41.215 DEBUG 7503 --- [kground-preinit] o.apache.tomcat.util.IntrospectionUtils  : IntrospectionUtils: setProperty(class org.apache.tomcat.util.modeler.AttributeInfo type=[Ljava.lang.String;)
2019-12-06 11:18:41.215 DEBUG 7503 --- [kground-preinit] o.apache.tomcat.util.digester.Digester   : [SetPropertiesRule]{mbeans-descriptors/mbean/attribute} Setting property 'writeable' to 'false'
2019-12-06 11:18:41.216 DEBUG 7503 --- [kground-preinit] o.apache.tomcat.util.IntrospectionUtils  : IntrospectionUtils: setProperty(class org.apache.tomcat.util.modeler.AttributeInfo writeable=false)
2019-12-06 11:18:41.216 DEBUG 7503 --- [kground-preinit] o.apache.tomcat.util.digester.Digester   :   Fire begin() for SetNextRule[methodName=addAttribute, paramType=org.apache.tomcat.util.modeler.AttributeInfo]
2019-12-06 11:18:41.216 DEBUG 7503 --- [kground-preinit] o.a.tomcat.util.digester.Digester.sax    : endElement(,,attribute)
2019-12-06 11:18:41.216 DEBUG 7503 --- [kground-preinit] o.apache.tomcat.util.digester.Digester   :   match='mbeans-descriptors/mbean/attribute'
2019-12-06 11:18:41.216 DEBUG 7503 --- [kground-preinit] o.apache.tomcat.util.digester.Digester   :   bodyText=''
2019-12-06 11:18:41.216 DEBUG 7503 --- [kground-preinit] o.apache.tomcat.util.digester.Digester   :   Fire body() for ObjectCreateRule[className=org.apache.tomcat.util.modeler.AttributeInfo, attributeName=null]
2019-12-06 11:18:41.216 DEBUG 7503 --- [kground-preinit] o.apache.tomcat.util.digester.Digester   :   Fire body() for SetPropertiesRule[]
2019-12-06 11:18:41.216 DEBUG 7503 --- [kground-preinit] o.apache.tomcat.util.digester.Digester   :   Fire body() for SetNextRule[methodName=addAttribute, paramType=org.apache.tomcat.util.modeler.AttributeInfo]
2019-12-06 11:18:41.216 DEBUG 7503 --- [kground-preinit] o.apache.tomcat.util.digester.Digester   :   Fire end() for SetNextRule[methodName=addAttribute, paramType=org.apache.tomcat.util.modeler.AttributeInfo]
2019-12-06 11:18:41.216 DEBUG 7503 --- [kground-preinit] o.apache.tomcat.util.digester.Digester   : [SetNextRule]{mbeans-descriptors/mbean/attribute} Call org.apache.tomcat.util.modeler.ManagedBean.addAttribute(org.apache.tomcat.util.modeler.AttributeInfo@729f9bff)
2019-12-06 11:18:41.216 DEBUG 7503 --- [kground-preinit] o.apache.tomcat.util.IntrospectionUtils  : IntrospectionUtils: callMethod1 org.apache.tomcat.util.modeler.ManagedBean org.apache.tomcat.util.modeler.AttributeInfo org.apache.tomcat.util.modeler.AttributeInfo
2019-12-06 11:18:41.216 DEBUG 7503 --- [kground-preinit] o.apache.tomcat.util.digester.Digester   :   Fire end() for SetPropertiesRule[]
2019-12-06 11:18:41.216 DEBUG 7503 --- [kground-preinit] o.apache.tomcat.util.digester.Digester   :   Fire end() for ObjectCreateRule[className=org.apache.tomcat.util.modeler.AttributeInfo, attributeName=null]
2019-12-06 11:18:41.216 DEBUG 7503 --- [kground-preinit] o.apache.tomcat.util.digester.Digester   : [ObjectCreateRule]{mbeans-descriptors/mbean/attribute} Pop org.apache.tomcat.util.modeler.AttributeInfo
2019-12-06 11:18:41.217 DEBUG 7503 --- [kground-preinit] o.a.tomcat.util.digester.Digester.sax    : characters(

    )
2019-12-06 11:18:41.217 DEBUG 7503 --- [kground-preinit] o.a.tomcat.util.digester.Digester.sax    : startElement(,,attribute)
2019-12-06 11:18:41.217 DEBUG 7503 --- [kground-preinit] o.apache.tomcat.util.digester.Digester   :   New match='mbeans-descriptors/mbean/attribute'
2019-12-06 11:18:41.217 DEBUG 7503 --- [kground-preinit] o.apache.tomcat.util.digester.Digester   :   Fire begin() for ObjectCreateRule[className=org.apache.tomcat.util.modeler.AttributeInfo, attributeName=null]
2019-12-06 11:18:41.217 DEBUG 7503 --- [kground-preinit] o.apache.tomcat.util.digester.Digester   :   Fire begin() for SetPropertiesRule[]
2019-12-06 11:18:41.217 DEBUG 7503 --- [kground-preinit] o.apache.tomcat.util.digester.Digester   : [SetPropertiesRule]{mbeans-descriptors/mbean/attribute} Set org.apache.tomcat.util.modeler.AttributeInfo properties
2019-12-06 11:18:41.217 DEBUG 7503 --- [kground-preinit] o.apache.tomcat.util.digester.Digester   : [SetPropertiesRule]{mbeans-descriptors/mbean/attribute} Setting property 'name' to 'workDir'
2019-12-06 11:18:41.217 DEBUG 7503 --- [kground-preinit] o.apache.tomcat.util.IntrospectionUtils  : IntrospectionUtils: setProperty(class org.apache.tomcat.util.modeler.AttributeInfo name=workDir)
2019-12-06 11:18:41.217 DEBUG 7503 --- [kground-preinit] o.apache.tomcat.util.digester.Digester   : [SetPropertiesRule]{mbeans-descriptors/mbean/attribute} Setting property 'description' to 'The pathname to the work directory for this context'
2019-12-06 11:18:41.217 DEBUG 7503 --- [kground-preinit] o.apache.tomcat.util.IntrospectionUtils  : IntrospectionUtils: setProperty(class org.apache.tomcat.util.modeler.AttributeInfo description=The pathname to the work directory for this context)
2019-12-06 11:18:41.217 DEBUG 7503 --- [kground-preinit] o.apache.tomcat.util.digester.Digester   : [SetPropertiesRule]{mbeans-descriptors/mbean/attribute} Setting property 'type' to 'java.lang.String'
2019-12-06 11:18:41.217 DEBUG 7503 --- [kground-preinit] o.apache.tomcat.util.IntrospectionUtils  : IntrospectionUtils: setProperty(class org.apache.tomcat.util.modeler.AttributeInfo type=java.lang.String)
2019-12-06 11:18:41.218 DEBUG 7503 --- [kground-preinit] o.apache.tomcat.util.digester.Digester   :   Fire begin() for SetNextRule[methodName=addAttribute, paramType=org.apache.tomcat.util.modeler.AttributeInfo]
2019-12-06 11:18:41.218 DEBUG 7503 --- [kground-preinit] o.a.tomcat.util.digester.Digester.sax    : endElement(,,attribute)
2019-12-06 11:18:41.218 DEBUG 7503 --- [kground-preinit] o.apache.tomcat.util.digester.Digester   :   match='mbeans-descriptors/mbean/attribute'
2019-12-06 11:18:41.218 DEBUG 7503 --- [kground-preinit] o.apache.tomcat.util.digester.Digester   :   bodyText=''
2019-12-06 11:18:41.218 DEBUG 7503 --- [kground-preinit] o.apache.tomcat.util.digester.Digester   :   Fire body() for ObjectCreateRule[className=org.apache.tomcat.util.modeler.AttributeInfo, attributeName=null]
2019-12-06 11:18:41.218 DEBUG 7503 --- [kground-preinit] o.apache.tomcat.util.digester.Digester   :   Fire body() for SetPropertiesRule[]
2019-12-06 11:18:41.218 DEBUG 7503 --- [kground-preinit] o.apache.tomcat.util.digester.Digester   :   Fire body() for SetNextRule[methodName=addAttribute, paramType=org.apache.tomcat.util.modeler.AttributeInfo]
2019-12-06 11:18:41.218 DEBUG 7503 --- [kground-preinit] o.apache.tomcat.util.digester.Digester   :   Fire end() for SetNextRule[methodName=addAttribute, paramType=org.apache.tomcat.util.modeler.AttributeInfo]
2019-12-06 11:18:41.218 DEBUG 7503 --- [kground-preinit] o.apache.tomcat.util.digester.Digester   : [SetNextRule]{mbeans-descriptors/mbean/attribute} Call org.apache.tomcat.util.modeler.ManagedBean.addAttribute(org.apache.tomcat.util.modeler.AttributeInfo@5b264137)
2019-12-06 11:18:41.218 DEBUG 7503 --- [kground-preinit] o.apache.tomcat.util.IntrospectionUtils  : IntrospectionUtils: callMethod1 org.apache.tomcat.util.modeler.ManagedBean org.apache.tomcat.util.modeler.AttributeInfo org.apache.tomcat.util.modeler.AttributeInfo
2019-12-06 11:18:41.218 DEBUG 7503 --- [kground-preinit] o.apache.tomcat.util.digester.Digester   :   Fire end() for SetPropertiesRule[]
2019-12-06 11:18:41.218 DEBUG 7503 --- [kground-preinit] o.apache.tomcat.util.digester.Digester   :   Fire end() for ObjectCreateRule[className=org.apache.tomcat.util.modeler.AttributeInfo, attributeName=null]
2019-12-06 11:18:41.218 DEBUG 7503 --- [kground-preinit] o.apache.tomcat.util.digester.Digester   : [ObjectCreateRule]{mbeans-descriptors/mbean/attribute} Pop org.apache.tomcat.util.modeler.AttributeInfo
2019-12-06 11:18:41.219 DEBUG 7503 --- [kground-preinit] o.a.tomcat.util.digester.Digester.sax    : characters(

    )
2019-12-06 11:18:41.219 DEBUG 7503 --- [kground-preinit] o.a.tomcat.util.digester.Digester.sax    : startElement(,,attribute)
2019-12-06 11:18:41.219 DEBUG 7503 --- [kground-preinit] o.apache.tomcat.util.digester.Digester   :   New match='mbeans-descriptors/mbean/attribute'
2019-12-06 11:18:41.219 DEBUG 7503 --- [kground-preinit] o.apache.tomcat.util.digester.Digester   :   Fire begin() for ObjectCreateRule[className=org.apache.tomcat.util.modeler.AttributeInfo, attributeName=null]
2019-12-06 11:18:41.219 DEBUG 7503 --- [kground-preinit] o.apache.tomcat.util.digester.Digester   :   Fire begin() for SetPropertiesRule[]
2019-12-06 11:18:41.219 DEBUG 7503 --- [kground-preinit] o.apache.tomcat.util.digester.Digester   : [SetPropertiesRule]{mbeans-descriptors/mbean/attribute} Set org.apache.tomcat.util.modeler.AttributeInfo properties
2019-12-06 11:18:41.219 DEBUG 7503 --- [kground-preinit] o.apache.tomcat.util.digester.Digester   : [SetPropertiesRule]{mbeans-descriptors/mbean/attribute} Setting property 'name' to 'xmlValidation'
2019-12-06 11:18:41.219 DEBUG 7503 --- [kground-preinit] o.apache.tomcat.util.IntrospectionUtils  : IntrospectionUtils: setProperty(class org.apache.tomcat.util.modeler.AttributeInfo name=xmlValidation)
2019-12-06 11:18:41.219 DEBUG 7503 --- [kground-preinit] o.apache.tomcat.util.digester.Digester   : [SetPropertiesRule]{mbeans-descriptors/mbean/attribute} Setting property 'description' to 'Should the parsing of web.xml and web-fragment.xml files be performed by a validating parser?'
2019-12-06 11:18:41.219 DEBUG 7503 --- [kground-preinit] o.apache.tomcat.util.IntrospectionUtils  : IntrospectionUtils: setProperty(class org.apache.tomcat.util.modeler.AttributeInfo description=Should the parsing of web.xml and web-fragment.xml files be performed by a validating parser?)
2019-12-06 11:18:41.219 DEBUG 7503 --- [kground-preinit] o.apache.tomcat.util.digester.Digester   : [SetPropertiesRule]{mbeans-descriptors/mbean/attribute} Setting property 'type' to 'boolean'
2019-12-06 11:18:41.219 DEBUG 7503 --- [kground-preinit] o.apache.tomcat.util.IntrospectionUtils  : IntrospectionUtils: setProperty(class org.apache.tomcat.util.modeler.AttributeInfo type=boolean)
2019-12-06 11:18:41.219 DEBUG 7503 --- [kground-preinit] o.apache.tomcat.util.digester.Digester   :   Fire begin() for SetNextRule[methodName=addAttribute, paramType=org.apache.tomcat.util.modeler.AttributeInfo]
2019-12-06 11:18:41.219 DEBUG 7503 --- [kground-preinit] o.a.tomcat.util.digester.Digester.sax    : endElement(,,attribute)
2019-12-06 11:18:41.219 DEBUG 7503 --- [kground-preinit] o.apache.tomcat.util.digester.Digester   :   match='mbeans-descriptors/mbean/attribute'
2019-12-06 11:18:41.219 DEBUG 7503 --- [kground-preinit] o.apache.tomcat.util.digester.Digester   :   bodyText=''
2019-12-06 11:18:41.219 DEBUG 7503 --- [kground-preinit] o.apache.tomcat.util.digester.Digester   :   Fire body() for ObjectCreateRule[className=org.apache.tomcat.util.modeler.AttributeInfo, attributeName=null]
2019-12-06 11:18:41.220 DEBUG 7503 --- [kground-preinit] o.apache.tomcat.util.digester.Digester   :   Fire body() for SetPropertiesRule[]
2019-12-06 11:18:41.220 DEBUG 7503 --- [kground-preinit] o.apache.tomcat.util.digester.Digester   :   Fire body() for SetNextRule[methodName=addAttribute, paramType=org.apache.tomcat.util.modeler.AttributeInfo]
2019-12-06 11:18:41.220 DEBUG 7503 --- [kground-preinit] o.apache.tomcat.util.digester.Digester   :   Fire end() for SetNextRule[methodName=addAttribute, paramType=org.apache.tomcat.util.modeler.AttributeInfo]
2019-12-06 11:18:41.220 DEBUG 7503 --- [kground-preinit] o.apache.tomcat.util.digester.Digester   : [SetNextRule]{mbeans-descriptors/mbean/attribute} Call org.apache.tomcat.util.modeler.ManagedBean.addAttribute(org.apache.tomcat.util.modeler.AttributeInfo@37af25e3)
2019-12-06 11:18:41.220 DEBUG 7503 --- [kground-preinit] o.apache.tomcat.util.IntrospectionUtils  : IntrospectionUtils: callMethod1 org.apache.tomcat.util.modeler.ManagedBean org.apache.tomcat.util.modeler.AttributeInfo org.apache.tomcat.util.modeler.AttributeInfo
2019-12-06 11:18:41.220 DEBUG 7503 --- [kground-preinit] o.apache.tomcat.util.digester.Digester   :   Fire end() for SetPropertiesRule[]
2019-12-06 11:18:41.220 DEBUG 7503 --- [kground-preinit] o.apache.tomcat.util.digester.Digester   :   Fire end() for ObjectCreateRule[className=org.apache.tomcat.util.modeler.AttributeInfo, attributeName=null]
2019-12-06 11:18:41.220 DEBUG 7503 --- [kground-preinit] o.apache.tomcat.util.digester.Digester   : [ObjectCreateRule]{mbeans-descriptors/mbean/attribute} Pop org.apache.tomcat.util.modeler.AttributeInfo
2019-12-06 11:18:41.220 DEBUG 7503 --- [kground-preinit] o.a.tomcat.util.digester.Digester.sax    : characters(

    )
2019-12-06 11:18:41.220 DEBUG 7503 --- [kground-preinit] o.a.tomcat.util.digester.Digester.sax    : startElement(,,attribute)
2019-12-06 11:18:41.220 DEBUG 7503 --- [kground-preinit] o.apache.tomcat.util.digester.Digester   :   New match='mbeans-descriptors/mbean/attribute'
2019-12-06 11:18:41.220 DEBUG 7503 --- [kground-preinit] o.apache.tomcat.util.digester.Digester   :   Fire begin() for ObjectCreateRule[className=org.apache.tomcat.util.modeler.AttributeInfo, attributeName=null]
2019-12-06 11:18:41.220 DEBUG 7503 --- [kground-preinit] o.apache.tomcat.util.digester.Digester   :   Fire begin() for SetPropertiesRule[]
2019-12-06 11:18:41.220 DEBUG 7503 --- [kground-preinit] o.apache.tomcat.util.digester.Digester   : [SetPropertiesRule]{mbeans-descriptors/mbean/attribute} Set org.apache.tomcat.util.modeler.AttributeInfo properties
2019-12-06 11:18:41.220 DEBUG 7503 --- [kground-preinit] o.apache.tomcat.util.digester.Digester   : [SetPropertiesRule]{mbeans-descriptors/mbean/attribute} Setting property 'name' to 'xmlNamespaceAware'
2019-12-06 11:18:41.220 DEBUG 7503 --- [kground-preinit] o.apache.tomcat.util.IntrospectionUtils  : IntrospectionUtils: setProperty(class org.apache.tomcat.util.modeler.AttributeInfo name=xmlNamespaceAware)
2019-12-06 11:18:41.221 DEBUG 7503 --- [kground-preinit] o.apache.tomcat.util.digester.Digester   : [SetPropertiesRule]{mbeans-descriptors/mbean/attribute} Setting property 'description' to 'Should the parsing of web.xml and web-fragment.xml files be performed by a namespace aware parser?'
2019-12-06 11:18:41.221 DEBUG 7503 --- [kground-preinit] o.apache.tomcat.util.IntrospectionUtils  : IntrospectionUtils: setProperty(class org.apache.tomcat.util.modeler.AttributeInfo description=Should the parsing of web.xml and web-fragment.xml files be performed by a namespace aware parser?)
2019-12-06 11:18:41.221 DEBUG 7503 --- [kground-preinit] o.apache.tomcat.util.digester.Digester   : [SetPropertiesRule]{mbeans-descriptors/mbean/attribute} Setting property 'type' to 'boolean'
2019-12-06 11:18:41.221 DEBUG 7503 --- [kground-preinit] o.apache.tomcat.util.IntrospectionUtils  : IntrospectionUtils: setProperty(class org.apache.tomcat.util.modeler.AttributeInfo type=boolean)
2019-12-06 11:18:41.221 DEBUG 7503 --- [kground-preinit] o.apache.tomcat.util.digester.Digester   :   Fire begin() for SetNextRule[methodName=addAttribute, paramType=org.apache.tomcat.util.modeler.AttributeInfo]
2019-12-06 11:18:41.221 DEBUG 7503 --- [kground-preinit] o.a.tomcat.util.digester.Digester.sax    : endElement(,,attribute)
2019-12-06 11:18:41.221 DEBUG 7503 --- [kground-preinit] o.apache.tomcat.util.digester.Digester   :   match='mbeans-descriptors/mbean/attribute'
2019-12-06 11:18:41.221 DEBUG 7503 --- [kground-preinit] o.apache.tomcat.util.digester.Digester   :   bodyText=''
2019-12-06 11:18:41.221 DEBUG 7503 --- [kground-preinit] o.apache.tomcat.util.digester.Digester   :   Fire body() for ObjectCreateRule[className=org.apache.tomcat.util.modeler.AttributeInfo, attributeName=null]
2019-12-06 11:18:41.221 DEBUG 7503 --- [kground-preinit] o.apache.tomcat.util.digester.Digester   :   Fire body() for SetPropertiesRule[]
2019-12-06 11:18:41.221 DEBUG 7503 --- [kground-preinit] o.apache.tomcat.util.digester.Digester   :   Fire body() for SetNextRule[methodName=addAttribute, paramType=org.apache.tomcat.util.modeler.AttributeInfo]
2019-12-06 11:18:41.221 DEBUG 7503 --- [kground-preinit] o.apache.tomcat.util.digester.Digester   :   Fire end() for SetNextRule[methodName=addAttribute, paramType=org.apache.tomcat.util.modeler.AttributeInfo]
2019-12-06 11:18:41.221 DEBUG 7503 --- [kground-preinit] o.apache.tomcat.util.digester.Digester   : [SetNextRule]{mbeans-descriptors/mbean/attribute} Call org.apache.tomcat.util.modeler.ManagedBean.addAttribute(org.apache.tomcat.util.modeler.AttributeInfo@71073b35)
2019-12-06 11:18:41.221 DEBUG 7503 --- [kground-preinit] o.apache.tomcat.util.IntrospectionUtils  : IntrospectionUtils: callMethod1 org.apache.tomcat.util.modeler.ManagedBean org.apache.tomcat.util.modeler.AttributeInfo org.apache.tomcat.util.modeler.AttributeInfo
2019-12-06 11:18:41.221 DEBUG 7503 --- [kground-preinit] o.apache.tomcat.util.digester.Digester   :   Fire end() for SetPropertiesRule[]
2019-12-06 11:18:41.221 DEBUG 7503 --- [kground-preinit] o.apache.tomcat.util.digester.Digester   :   Fire end() for ObjectCreateRule[className=org.apache.tomcat.util.modeler.AttributeInfo, attributeName=null]
2019-12-06 11:18:41.221 DEBUG 7503 --- [kground-preinit] o.apache.tomcat.util.digester.Digester   : [ObjectCreateRule]{mbeans-descriptors/mbean/attribute} Pop org.apache.tomcat.util.modeler.AttributeInfo
2019-12-06 11:18:41.221 DEBUG 7503 --- [kground-preinit] o.a.tomcat.util.digester.Digester.sax    : characters(

    )
2019-12-06 11:18:41.222 DEBUG 7503 --- [kground-preinit] o.a.tomcat.util.digester.Digester.sax    : startElement(,,operation)
2019-12-06 11:18:41.222 DEBUG 7503 --- [kground-preinit] o.apache.tomcat.util.digester.Digester   :   New match='mbeans-descriptors/mbean/operation'
2019-12-06 11:18:41.222 DEBUG 7503 --- [kground-preinit] o.apache.tomcat.util.digester.Digester   :   Fire begin() for ObjectCreateRule[className=org.apache.tomcat.util.modeler.OperationInfo, attributeName=null]
2019-12-06 11:18:41.222 DEBUG 7503 --- [kground-preinit] o.apache.tomcat.util.digester.Digester   :   Fire begin() for SetPropertiesRule[]
2019-12-06 11:18:41.222 DEBUG 7503 --- [kground-preinit] o.apache.tomcat.util.digester.Digester   : [SetPropertiesRule]{mbeans-descriptors/mbean/operation} Set org.apache.tomcat.util.modeler.OperationInfo properties
2019-12-06 11:18:41.222 DEBUG 7503 --- [kground-preinit] o.apache.tomcat.util.digester.Digester   : [SetPropertiesRule]{mbeans-descriptors/mbean/operation} Setting property 'name' to 'addApplicationListener'
2019-12-06 11:18:41.222 DEBUG 7503 --- [kground-preinit] o.apache.tomcat.util.IntrospectionUtils  : IntrospectionUtils: setProperty(class org.apache.tomcat.util.modeler.OperationInfo name=addApplicationListener)
2019-12-06 11:18:41.222 DEBUG 7503 --- [kground-preinit] o.apache.tomcat.util.digester.Digester   : [SetPropertiesRule]{mbeans-descriptors/mbean/operation} Setting property 'description' to 'Add a new Listener class name to the set of Listeners configured for this application.'
2019-12-06 11:18:41.222 DEBUG 7503 --- [kground-preinit] o.apache.tomcat.util.IntrospectionUtils  : IntrospectionUtils: setProperty(class org.apache.tomcat.util.modeler.OperationInfo description=Add a new Listener class name to the set of Listeners configured for this application.)
2019-12-06 11:18:41.222 DEBUG 7503 --- [kground-preinit] o.apache.tomcat.util.digester.Digester   : [SetPropertiesRule]{mbeans-descriptors/mbean/operation} Setting property 'impact' to 'ACTION'
2019-12-06 11:18:41.222 DEBUG 7503 --- [kground-preinit] o.apache.tomcat.util.IntrospectionUtils  : IntrospectionUtils: setProperty(class org.apache.tomcat.util.modeler.OperationInfo impact=ACTION)
2019-12-06 11:18:41.222 DEBUG 7503 --- [kground-preinit] o.apache.tomcat.util.digester.Digester   : [SetPropertiesRule]{mbeans-descriptors/mbean/operation} Setting property 'returnType' to 'void'
2019-12-06 11:18:41.222 DEBUG 7503 --- [kground-preinit] o.apache.tomcat.util.IntrospectionUtils  : IntrospectionUtils: setProperty(class org.apache.tomcat.util.modeler.OperationInfo returnType=void)
2019-12-06 11:18:41.222 DEBUG 7503 --- [kground-preinit] o.apache.tomcat.util.digester.Digester   :   Fire begin() for SetNextRule[methodName=addOperation, paramType=org.apache.tomcat.util.modeler.OperationInfo]
2019-12-06 11:18:41.222 DEBUG 7503 --- [kground-preinit] o.a.tomcat.util.digester.Digester.sax    : characters(
      )
2019-12-06 11:18:41.222 DEBUG 7503 --- [kground-preinit] o.a.tomcat.util.digester.Digester.sax    : startElement(,,parameter)
2019-12-06 11:18:41.222 DEBUG 7503 --- [kground-preinit] o.apache.tomcat.util.digester.Digester   :   New match='mbeans-descriptors/mbean/operation/parameter'
2019-12-06 11:18:41.222 DEBUG 7503 --- [kground-preinit] o.apache.tomcat.util.digester.Digester   :   Fire begin() for ObjectCreateRule[className=org.apache.tomcat.util.modeler.ParameterInfo, attributeName=null]
2019-12-06 11:18:41.223 DEBUG 7503 --- [kground-preinit] o.apache.tomcat.util.digester.Digester   :   Fire begin() for SetPropertiesRule[]
2019-12-06 11:18:41.223 DEBUG 7503 --- [kground-preinit] o.apache.tomcat.util.digester.Digester   : [SetPropertiesRule]{mbeans-descriptors/mbean/operation/parameter} Set org.apache.tomcat.util.modeler.ParameterInfo properties
2019-12-06 11:18:41.223 DEBUG 7503 --- [kground-preinit] o.apache.tomcat.util.digester.Digester   : [SetPropertiesRule]{mbeans-descriptors/mbean/operation/parameter} Setting property 'name' to 'listener'
2019-12-06 11:18:41.223 DEBUG 7503 --- [kground-preinit] o.apache.tomcat.util.IntrospectionUtils  : IntrospectionUtils: setProperty(class org.apache.tomcat.util.modeler.ParameterInfo name=listener)
2019-12-06 11:18:41.223 DEBUG 7503 --- [kground-preinit] o.apache.tomcat.util.digester.Digester   : [SetPropertiesRule]{mbeans-descriptors/mbean/operation/parameter} Setting property 'description' to 'Java class name of a listener class'
2019-12-06 11:18:41.223 DEBUG 7503 --- [kground-preinit] o.apache.tomcat.util.IntrospectionUtils  : IntrospectionUtils: setProperty(class org.apache.tomcat.util.modeler.ParameterInfo description=Java class name of a listener class)
2019-12-06 11:18:41.223 DEBUG 7503 --- [kground-preinit] o.apache.tomcat.util.digester.Digester   : [SetPropertiesRule]{mbeans-descriptors/mbean/operation/parameter} Setting property 'type' to 'java.lang.String'
2019-12-06 11:18:41.223 DEBUG 7503 --- [kground-preinit] o.apache.tomcat.util.IntrospectionUtils  : IntrospectionUtils: setProperty(class org.apache.tomcat.util.modeler.ParameterInfo type=java.lang.String)
2019-12-06 11:18:41.223 DEBUG 7503 --- [kground-preinit] o.apache.tomcat.util.digester.Digester   :   Fire begin() for SetNextRule[methodName=addParameter, paramType=org.apache.tomcat.util.modeler.ParameterInfo]
2019-12-06 11:18:41.223 DEBUG 7503 --- [kground-preinit] o.a.tomcat.util.digester.Digester.sax    : endElement(,,parameter)
2019-12-06 11:18:41.223 DEBUG 7503 --- [kground-preinit] o.apache.tomcat.util.digester.Digester   :   match='mbeans-descriptors/mbean/operation/parameter'
2019-12-06 11:18:41.223 DEBUG 7503 --- [kground-preinit] o.apache.tomcat.util.digester.Digester   :   bodyText=''
2019-12-06 11:18:41.223 DEBUG 7503 --- [kground-preinit] o.apache.tomcat.util.digester.Digester   :   Fire body() for ObjectCreateRule[className=org.apache.tomcat.util.modeler.ParameterInfo, attributeName=null]
2019-12-06 11:18:41.223 DEBUG 7503 --- [kground-preinit] o.apache.tomcat.util.digester.Digester   :   Fire body() for SetPropertiesRule[]
2019-12-06 11:18:41.223 DEBUG 7503 --- [kground-preinit] o.apache.tomcat.util.digester.Digester   :   Fire body() for SetNextRule[methodName=addParameter, paramType=org.apache.tomcat.util.modeler.ParameterInfo]
2019-12-06 11:18:41.223 DEBUG 7503 --- [kground-preinit] o.apache.tomcat.util.digester.Digester   :   Fire end() for SetNextRule[methodName=addParameter, paramType=org.apache.tomcat.util.modeler.ParameterInfo]
2019-12-06 11:18:41.223 DEBUG 7503 --- [kground-preinit] o.apache.tomcat.util.digester.Digester   : [SetNextRule]{mbeans-descriptors/mbean/operation/parameter} Call org.apache.tomcat.util.modeler.OperationInfo.addParameter(org.apache.tomcat.util.modeler.ParameterInfo@7fc91689)
2019-12-06 11:18:41.224 DEBUG 7503 --- [kground-preinit] o.apache.tomcat.util.IntrospectionUtils  : IntrospectionUtils: callMethod1 org.apache.tomcat.util.modeler.OperationInfo org.apache.tomcat.util.modeler.ParameterInfo org.apache.tomcat.util.modeler.ParameterInfo
2019-12-06 11:18:41.224 DEBUG 7503 --- [kground-preinit] o.apache.tomcat.util.digester.Digester   :   Fire end() for SetPropertiesRule[]
2019-12-06 11:18:41.224 DEBUG 7503 --- [kground-preinit] o.apache.tomcat.util.digester.Digester   :   Fire end() for ObjectCreateRule[className=org.apache.tomcat.util.modeler.ParameterInfo, attributeName=null]
2019-12-06 11:18:41.224 DEBUG 7503 --- [kground-preinit] o.apache.tomcat.util.digester.Digester   : [ObjectCreateRule]{mbeans-descriptors/mbean/operation/parameter} Pop org.apache.tomcat.util.modeler.ParameterInfo
2019-12-06 11:18:41.224 DEBUG 7503 --- [kground-preinit] o.a.tomcat.util.digester.Digester.sax    : characters(
    )
2019-12-06 11:18:41.224 DEBUG 7503 --- [kground-preinit] o.a.tomcat.util.digester.Digester.sax    : endElement(,,operation)
2019-12-06 11:18:41.224 DEBUG 7503 --- [kground-preinit] o.apache.tomcat.util.digester.Digester   :   match='mbeans-descriptors/mbean/operation'
2019-12-06 11:18:41.224 DEBUG 7503 --- [kground-preinit] o.apache.tomcat.util.digester.Digester   :   bodyText='
      
    '
2019-12-06 11:18:41.224 DEBUG 7503 --- [kground-preinit] o.apache.tomcat.util.digester.Digester   :   Fire body() for ObjectCreateRule[className=org.apache.tomcat.util.modeler.OperationInfo, attributeName=null]
2019-12-06 11:18:41.224 DEBUG 7503 --- [kground-preinit] o.apache.tomcat.util.digester.Digester   :   Fire body() for SetPropertiesRule[]
2019-12-06 11:18:41.224 DEBUG 7503 --- [kground-preinit] o.apache.tomcat.util.digester.Digester   :   Fire body() for SetNextRule[methodName=addOperation, paramType=org.apache.tomcat.util.modeler.OperationInfo]
2019-12-06 11:18:41.224 DEBUG 7503 --- [kground-preinit] o.apache.tomcat.util.digester.Digester   :   Fire end() for SetNextRule[methodName=addOperation, paramType=org.apache.tomcat.util.modeler.OperationInfo]
2019-12-06 11:18:41.224 DEBUG 7503 --- [kground-preinit] o.apache.tomcat.util.digester.Digester   : [SetNextRule]{mbeans-descriptors/mbean/operation} Call org.apache.tomcat.util.modeler.ManagedBean.addOperation(org.apache.tomcat.util.modeler.OperationInfo@160fdfbe)
2019-12-06 11:18:41.224 DEBUG 7503 --- [kground-preinit] o.apache.tomcat.util.IntrospectionUtils  : IntrospectionUtils: callMethod1 org.apache.tomcat.util.modeler.ManagedBean org.apache.tomcat.util.modeler.OperationInfo org.apache.tomcat.util.modeler.OperationInfo
2019-12-06 11:18:41.224 DEBUG 7503 --- [kground-preinit] o.apache.tomcat.util.digester.Digester   :   Fire end() for SetPropertiesRule[]
2019-12-06 11:18:41.224 DEBUG 7503 --- [kground-preinit] o.apache.tomcat.util.digester.Digester   :   Fire end() for ObjectCreateRule[className=org.apache.tomcat.util.modeler.OperationInfo, attributeName=null]
2019-12-06 11:18:41.224 DEBUG 7503 --- [kground-preinit] o.apache.tomcat.util.digester.Digester   : [ObjectCreateRule]{mbeans-descriptors/mbean/operation} Pop org.apache.tomcat.util.modeler.OperationInfo
2019-12-06 11:18:41.224 DEBUG 7503 --- [kground-preinit] o.a.tomcat.util.digester.Digester.sax    : characters(

    )
2019-12-06 11:18:41.224 DEBUG 7503 --- [kground-preinit] o.a.tomcat.util.digester.Digester.sax    : startElement(,,operation)
2019-12-06 11:18:41.225 DEBUG 7503 --- [kground-preinit] o.apache.tomcat.util.digester.Digester   :   New match='mbeans-descriptors/mbean/operation'
2019-12-06 11:18:41.225 DEBUG 7503 --- [kground-preinit] o.apache.tomcat.util.digester.Digester   :   Fire begin() for ObjectCreateRule[className=org.apache.tomcat.util.modeler.OperationInfo, attributeName=null]
2019-12-06 11:18:41.225 DEBUG 7503 --- [kground-preinit] o.apache.tomcat.util.digester.Digester   :   Fire begin() for SetPropertiesRule[]
2019-12-06 11:18:41.225 DEBUG 7503 --- [kground-preinit] o.apache.tomcat.util.digester.Digester   : [SetPropertiesRule]{mbeans-descriptors/mbean/operation} Set org.apache.tomcat.util.modeler.OperationInfo properties
2019-12-06 11:18:41.225 DEBUG 7503 --- [kground-preinit] o.apache.tomcat.util.digester.Digester   : [SetPropertiesRule]{mbeans-descriptors/mbean/operation} Setting property 'name' to 'addApplicationParameter'
2019-12-06 11:18:41.225 DEBUG 7503 --- [kground-preinit] o.apache.tomcat.util.IntrospectionUtils  : IntrospectionUtils: setProperty(class org.apache.tomcat.util.modeler.OperationInfo name=addApplicationParameter)
2019-12-06 11:18:41.225 DEBUG 7503 --- [kground-preinit] o.apache.tomcat.util.digester.Digester   : [SetPropertiesRule]{mbeans-descriptors/mbean/operation} Setting property 'description' to 'Add a new application parameter for this application.'
2019-12-06 11:18:41.225 DEBUG 7503 --- [kground-preinit] o.apache.tomcat.util.IntrospectionUtils  : IntrospectionUtils: setProperty(class org.apache.tomcat.util.modeler.OperationInfo description=Add a new application parameter for this application.)
2019-12-06 11:18:41.225 DEBUG 7503 --- [kground-preinit] o.apache.tomcat.util.digester.Digester   : [SetPropertiesRule]{mbeans-descriptors/mbean/operation} Setting property 'impact' to 'ACTION'
2019-12-06 11:18:41.225 DEBUG 7503 --- [kground-preinit] o.apache.tomcat.util.IntrospectionUtils  : IntrospectionUtils: setProperty(class org.apache.tomcat.util.modeler.OperationInfo impact=ACTION)
2019-12-06 11:18:41.225 DEBUG 7503 --- [kground-preinit] o.apache.tomcat.util.digester.Digester   : [SetPropertiesRule]{mbeans-descriptors/mbean/operation} Setting property 'returnType' to 'void'
2019-12-06 11:18:41.225 DEBUG 7503 --- [kground-preinit] o.apache.tomcat.util.IntrospectionUtils  : IntrospectionUtils: setProperty(class org.apache.tomcat.util.modeler.OperationInfo returnType=void)
2019-12-06 11:18:41.225 DEBUG 7503 --- [kground-preinit] o.apache.tomcat.util.digester.Digester   :   Fire begin() for SetNextRule[methodName=addOperation, paramType=org.apache.tomcat.util.modeler.OperationInfo]
2019-12-06 11:18:41.225 DEBUG 7503 --- [kground-preinit] o.a.tomcat.util.digester.Digester.sax    : characters(
      )
2019-12-06 11:18:41.225 DEBUG 7503 --- [kground-preinit] o.a.tomcat.util.digester.Digester.sax    : startElement(,,parameter)
2019-12-06 11:18:41.226 DEBUG 7503 --- [kground-preinit] o.apache.tomcat.util.digester.Digester   :   New match='mbeans-descriptors/mbean/operation/parameter'
2019-12-06 11:18:41.226 DEBUG 7503 --- [kground-preinit] o.apache.tomcat.util.digester.Digester   :   Fire begin() for ObjectCreateRule[className=org.apache.tomcat.util.modeler.ParameterInfo, attributeName=null]
2019-12-06 11:18:41.226 DEBUG 7503 --- [kground-preinit] o.apache.tomcat.util.digester.Digester   :   Fire begin() for SetPropertiesRule[]
2019-12-06 11:18:41.226 DEBUG 7503 --- [kground-preinit] o.apache.tomcat.util.digester.Digester   : [SetPropertiesRule]{mbeans-descriptors/mbean/operation/parameter} Set org.apache.tomcat.util.modeler.ParameterInfo properties
2019-12-06 11:18:41.226 DEBUG 7503 --- [kground-preinit] o.apache.tomcat.util.digester.Digester   : [SetPropertiesRule]{mbeans-descriptors/mbean/operation/parameter} Setting property 'name' to 'listener'
2019-12-06 11:18:41.226 DEBUG 7503 --- [kground-preinit] o.apache.tomcat.util.IntrospectionUtils  : IntrospectionUtils: setProperty(class org.apache.tomcat.util.modeler.ParameterInfo name=listener)
2019-12-06 11:18:41.226 DEBUG 7503 --- [kground-preinit] o.apache.tomcat.util.digester.Digester   : [SetPropertiesRule]{mbeans-descriptors/mbean/operation/parameter} Setting property 'description' to 'Java class name of a listener class'
2019-12-06 11:18:41.226 DEBUG 7503 --- [kground-preinit] o.apache.tomcat.util.IntrospectionUtils  : IntrospectionUtils: setProperty(class org.apache.tomcat.util.modeler.ParameterInfo description=Java class name of a listener class)
2019-12-06 11:18:41.226 DEBUG 7503 --- [kground-preinit] o.apache.tomcat.util.digester.Digester   : [SetPropertiesRule]{mbeans-descriptors/mbean/operation/parameter} Setting property 'type' to 'java.lang.String'
2019-12-06 11:18:41.226 DEBUG 7503 --- [kground-preinit] o.apache.tomcat.util.IntrospectionUtils  : IntrospectionUtils: setProperty(class org.apache.tomcat.util.modeler.ParameterInfo type=java.lang.String)
2019-12-06 11:18:41.226 DEBUG 7503 --- [kground-preinit] o.apache.tomcat.util.digester.Digester   :   Fire begin() for SetNextRule[methodName=addParameter, paramType=org.apache.tomcat.util.modeler.ParameterInfo]
2019-12-06 11:18:41.226 DEBUG 7503 --- [kground-preinit] o.a.tomcat.util.digester.Digester.sax    : endElement(,,parameter)
2019-12-06 11:18:41.226 DEBUG 7503 --- [kground-preinit] o.apache.tomcat.util.digester.Digester   :   match='mbeans-descriptors/mbean/operation/parameter'
2019-12-06 11:18:41.226 DEBUG 7503 --- [kground-preinit] o.apache.tomcat.util.digester.Digester   :   bodyText=''
2019-12-06 11:18:41.226 DEBUG 7503 --- [kground-preinit] o.apache.tomcat.util.digester.Digester   :   Fire body() for ObjectCreateRule[className=org.apache.tomcat.util.modeler.ParameterInfo, attributeName=null]
2019-12-06 11:18:41.226 DEBUG 7503 --- [kground-preinit] o.apache.tomcat.util.digester.Digester   :   Fire body() for SetPropertiesRule[]
2019-12-06 11:18:41.226 DEBUG 7503 --- [kground-preinit] o.apache.tomcat.util.digester.Digester   :   Fire body() for SetNextRule[methodName=addParameter, paramType=org.apache.tomcat.util.modeler.ParameterInfo]
2019-12-06 11:18:41.226 DEBUG 7503 --- [kground-preinit] o.apache.tomcat.util.digester.Digester   :   Fire end() for SetNextRule[methodName=addParameter, paramType=org.apache.tomcat.util.modeler.ParameterInfo]
2019-12-06 11:18:41.226 DEBUG 7503 --- [kground-preinit] o.apache.tomcat.util.digester.Digester   : [SetNextRule]{mbeans-descriptors/mbean/operation/parameter} Call org.apache.tomcat.util.modeler.OperationInfo.addParameter(org.apache.tomcat.util.modeler.ParameterInfo@584160a1)
2019-12-06 11:18:41.226 DEBUG 7503 --- [    Test worker] o.s.c.e.PropertySourcesPropertyResolver  : Found key 'spring.test.mockmvc.secure' in PropertySource 'Annotations' with value of type Boolean
2019-12-06 11:18:41.226 DEBUG 7503 --- [kground-preinit] o.apache.tomcat.util.IntrospectionUtils  : IntrospectionUtils: callMethod1 org.apache.tomcat.util.modeler.OperationInfo org.apache.tomcat.util.modeler.ParameterInfo org.apache.tomcat.util.modeler.ParameterInfo
2019-12-06 11:18:41.227 DEBUG 7503 --- [kground-preinit] o.apache.tomcat.util.digester.Digester   :   Fire end() for SetPropertiesRule[]
2019-12-06 11:18:41.227 DEBUG 7503 --- [kground-preinit] o.apache.tomcat.util.digester.Digester   :   Fire end() for ObjectCreateRule[className=org.apache.tomcat.util.modeler.ParameterInfo, attributeName=null]
2019-12-06 11:18:41.227 DEBUG 7503 --- [kground-preinit] o.apache.tomcat.util.digester.Digester   : [ObjectCreateRule]{mbeans-descriptors/mbean/operation/parameter} Pop org.apache.tomcat.util.modeler.ParameterInfo
2019-12-06 11:18:41.227 DEBUG 7503 --- [kground-preinit] o.a.tomcat.util.digester.Digester.sax    : characters(
    )
2019-12-06 11:18:41.227 DEBUG 7503 --- [kground-preinit] o.a.tomcat.util.digester.Digester.sax    : endElement(,,operation)
2019-12-06 11:18:41.227 DEBUG 7503 --- [kground-preinit] o.apache.tomcat.util.digester.Digester   :   match='mbeans-descriptors/mbean/operation'
2019-12-06 11:18:41.227 DEBUG 7503 --- [kground-preinit] o.apache.tomcat.util.digester.Digester   :   bodyText='
      
    '
2019-12-06 11:18:41.227 DEBUG 7503 --- [kground-preinit] o.apache.tomcat.util.digester.Digester   :   Fire body() for ObjectCreateRule[className=org.apache.tomcat.util.modeler.OperationInfo, attributeName=null]
2019-12-06 11:18:41.227 DEBUG 7503 --- [kground-preinit] o.apache.tomcat.util.digester.Digester   :   Fire body() for SetPropertiesRule[]
2019-12-06 11:18:41.227 DEBUG 7503 --- [kground-preinit] o.apache.tomcat.util.digester.Digester   :   Fire body() for SetNextRule[methodName=addOperation, paramType=org.apache.tomcat.util.modeler.OperationInfo]
2019-12-06 11:18:41.227 DEBUG 7503 --- [kground-preinit] o.apache.tomcat.util.digester.Digester   :   Fire end() for SetNextRule[methodName=addOperation, paramType=org.apache.tomcat.util.modeler.OperationInfo]
2019-12-06 11:18:41.227 DEBUG 7503 --- [kground-preinit] o.apache.tomcat.util.digester.Digester   : [SetNextRule]{mbeans-descriptors/mbean/operation} Call org.apache.tomcat.util.modeler.ManagedBean.addOperation(org.apache.tomcat.util.modeler.OperationInfo@10d7360f)
2019-12-06 11:18:41.227 DEBUG 7503 --- [kground-preinit] o.apache.tomcat.util.IntrospectionUtils  : IntrospectionUtils: callMethod1 org.apache.tomcat.util.modeler.ManagedBean org.apache.tomcat.util.modeler.OperationInfo org.apache.tomcat.util.modeler.OperationInfo
2019-12-06 11:18:41.227 DEBUG 7503 --- [kground-preinit] o.apache.tomcat.util.digester.Digester   :   Fire end() for SetPropertiesRule[]
2019-12-06 11:18:41.227 DEBUG 7503 --- [kground-preinit] o.apache.tomcat.util.digester.Digester   :   Fire end() for ObjectCreateRule[className=org.apache.tomcat.util.modeler.OperationInfo, attributeName=null]
2019-12-06 11:18:41.227 DEBUG 7503 --- [kground-preinit] o.apache.tomcat.util.digester.Digester   : [ObjectCreateRule]{mbeans-descriptors/mbean/operation} Pop org.apache.tomcat.util.modeler.OperationInfo
2019-12-06 11:18:41.227 DEBUG 7503 --- [kground-preinit] o.a.tomcat.util.digester.Digester.sax    : characters(

    )
2019-12-06 11:18:41.228 DEBUG 7503 --- [kground-preinit] o.a.tomcat.util.digester.Digester.sax    : startElement(,,operation)
2019-12-06 11:18:41.228 DEBUG 7503 --- [kground-preinit] o.apache.tomcat.util.digester.Digester   :   New match='mbeans-descriptors/mbean/operation'
2019-12-06 11:18:41.228 DEBUG 7503 --- [kground-preinit] o.apache.tomcat.util.digester.Digester   :   Fire begin() for ObjectCreateRule[className=org.apache.tomcat.util.modeler.OperationInfo, attributeName=null]
2019-12-06 11:18:41.228 DEBUG 7503 --- [kground-preinit] o.apache.tomcat.util.digester.Digester   :   Fire begin() for SetPropertiesRule[]
2019-12-06 11:18:41.228 DEBUG 7503 --- [kground-preinit] o.apache.tomcat.util.digester.Digester   : [SetPropertiesRule]{mbeans-descriptors/mbean/operation} Set org.apache.tomcat.util.modeler.OperationInfo properties
2019-12-06 11:18:41.228 DEBUG 7503 --- [kground-preinit] o.apache.tomcat.util.digester.Digester   : [SetPropertiesRule]{mbeans-descriptors/mbean/operation} Setting property 'name' to 'addChild'
2019-12-06 11:18:41.228 DEBUG 7503 --- [kground-preinit] o.apache.tomcat.util.IntrospectionUtils  : IntrospectionUtils: setProperty(class org.apache.tomcat.util.modeler.OperationInfo name=addChild)
2019-12-06 11:18:41.228 DEBUG 7503 --- [kground-preinit] o.apache.tomcat.util.digester.Digester   : [SetPropertiesRule]{mbeans-descriptors/mbean/operation} Setting property 'description' to 'Add a child to this Context'
2019-12-06 11:18:41.228 DEBUG 7503 --- [kground-preinit] o.apache.tomcat.util.IntrospectionUtils  : IntrospectionUtils: setProperty(class org.apache.tomcat.util.modeler.OperationInfo description=Add a child to this Context)
2019-12-06 11:18:41.228 DEBUG 7503 --- [kground-preinit] o.apache.tomcat.util.digester.Digester   : [SetPropertiesRule]{mbeans-descriptors/mbean/operation} Setting property 'impact' to 'ACTION'
2019-12-06 11:18:41.228 DEBUG 7503 --- [kground-preinit] o.apache.tomcat.util.IntrospectionUtils  : IntrospectionUtils: setProperty(class org.apache.tomcat.util.modeler.OperationInfo impact=ACTION)
2019-12-06 11:18:41.228 DEBUG 7503 --- [kground-preinit] o.apache.tomcat.util.digester.Digester   : [SetPropertiesRule]{mbeans-descriptors/mbean/operation} Setting property 'returnType' to 'void'
2019-12-06 11:18:41.228 DEBUG 7503 --- [kground-preinit] o.apache.tomcat.util.IntrospectionUtils  : IntrospectionUtils: setProperty(class org.apache.tomcat.util.modeler.OperationInfo returnType=void)
2019-12-06 11:18:41.228 DEBUG 7503 --- [kground-preinit] o.apache.tomcat.util.digester.Digester   :   Fire begin() for SetNextRule[methodName=addOperation, paramType=org.apache.tomcat.util.modeler.OperationInfo]
2019-12-06 11:18:41.229 DEBUG 7503 --- [kground-preinit] o.a.tomcat.util.digester.Digester.sax    : characters(
      )
2019-12-06 11:18:41.229 DEBUG 7503 --- [kground-preinit] o.a.tomcat.util.digester.Digester.sax    : startElement(,,parameter)
2019-12-06 11:18:41.229 DEBUG 7503 --- [kground-preinit] o.apache.tomcat.util.digester.Digester   :   New match='mbeans-descriptors/mbean/operation/parameter'
2019-12-06 11:18:41.229 DEBUG 7503 --- [kground-preinit] o.apache.tomcat.util.digester.Digester   :   Fire begin() for ObjectCreateRule[className=org.apache.tomcat.util.modeler.ParameterInfo, attributeName=null]
2019-12-06 11:18:41.229 DEBUG 7503 --- [kground-preinit] o.apache.tomcat.util.digester.Digester   :   Fire begin() for SetPropertiesRule[]
2019-12-06 11:18:41.229 DEBUG 7503 --- [kground-preinit] o.apache.tomcat.util.digester.Digester   : [SetPropertiesRule]{mbeans-descriptors/mbean/operation/parameter} Set org.apache.tomcat.util.modeler.ParameterInfo properties
2019-12-06 11:18:41.229 DEBUG 7503 --- [kground-preinit] o.apache.tomcat.util.digester.Digester   : [SetPropertiesRule]{mbeans-descriptors/mbean/operation/parameter} Setting property 'name' to 'type'
2019-12-06 11:18:41.229 DEBUG 7503 --- [kground-preinit] o.apache.tomcat.util.IntrospectionUtils  : IntrospectionUtils: setProperty(class org.apache.tomcat.util.modeler.ParameterInfo name=type)
2019-12-06 11:18:41.229 DEBUG 7503 --- [kground-preinit] o.apache.tomcat.util.digester.Digester   : [SetPropertiesRule]{mbeans-descriptors/mbean/operation/parameter} Setting property 'description' to 'Type(classname) of the new child to be added'
2019-12-06 11:18:41.229 DEBUG 7503 --- [kground-preinit] o.apache.tomcat.util.IntrospectionUtils  : IntrospectionUtils: setProperty(class org.apache.tomcat.util.modeler.ParameterInfo description=Type(classname) of the new child to be added)
2019-12-06 11:18:41.229 DEBUG 7503 --- [kground-preinit] o.apache.tomcat.util.digester.Digester   : [SetPropertiesRule]{mbeans-descriptors/mbean/operation/parameter} Setting property 'type' to 'java.lang.String'
2019-12-06 11:18:41.229 DEBUG 7503 --- [kground-preinit] o.apache.tomcat.util.IntrospectionUtils  : IntrospectionUtils: setProperty(class org.apache.tomcat.util.modeler.ParameterInfo type=java.lang.String)
2019-12-06 11:18:41.229 DEBUG 7503 --- [kground-preinit] o.apache.tomcat.util.digester.Digester   :   Fire begin() for SetNextRule[methodName=addParameter, paramType=org.apache.tomcat.util.modeler.ParameterInfo]
2019-12-06 11:18:41.230 DEBUG 7503 --- [kground-preinit] o.a.tomcat.util.digester.Digester.sax    : endElement(,,parameter)
2019-12-06 11:18:41.230 DEBUG 7503 --- [kground-preinit] o.apache.tomcat.util.digester.Digester   :   match='mbeans-descriptors/mbean/operation/parameter'
2019-12-06 11:18:41.230 DEBUG 7503 --- [kground-preinit] o.apache.tomcat.util.digester.Digester   :   bodyText=''
2019-12-06 11:18:41.230 DEBUG 7503 --- [kground-preinit] o.apache.tomcat.util.digester.Digester   :   Fire body() for ObjectCreateRule[className=org.apache.tomcat.util.modeler.ParameterInfo, attributeName=null]
2019-12-06 11:18:41.230 DEBUG 7503 --- [kground-preinit] o.apache.tomcat.util.digester.Digester   :   Fire body() for SetPropertiesRule[]
2019-12-06 11:18:41.230 DEBUG 7503 --- [kground-preinit] o.apache.tomcat.util.digester.Digester   :   Fire body() for SetNextRule[methodName=addParameter, paramType=org.apache.tomcat.util.modeler.ParameterInfo]
2019-12-06 11:18:41.230 DEBUG 7503 --- [kground-preinit] o.apache.tomcat.util.digester.Digester   :   Fire end() for SetNextRule[methodName=addParameter, paramType=org.apache.tomcat.util.modeler.ParameterInfo]
2019-12-06 11:18:41.230 DEBUG 7503 --- [kground-preinit] o.apache.tomcat.util.digester.Digester   : [SetNextRule]{mbeans-descriptors/mbean/operation/parameter} Call org.apache.tomcat.util.modeler.OperationInfo.addParameter(org.apache.tomcat.util.modeler.ParameterInfo@271d07c2)
2019-12-06 11:18:41.230 DEBUG 7503 --- [kground-preinit] o.apache.tomcat.util.IntrospectionUtils  : IntrospectionUtils: callMethod1 org.apache.tomcat.util.modeler.OperationInfo org.apache.tomcat.util.modeler.ParameterInfo org.apache.tomcat.util.modeler.ParameterInfo
2019-12-06 11:18:41.230 DEBUG 7503 --- [kground-preinit] o.apache.tomcat.util.digester.Digester   :   Fire end() for SetPropertiesRule[]
2019-12-06 11:18:41.231 DEBUG 7503 --- [kground-preinit] o.apache.tomcat.util.digester.Digester   :   Fire end() for ObjectCreateRule[className=org.apache.tomcat.util.modeler.ParameterInfo, attributeName=null]
2019-12-06 11:18:41.231 DEBUG 7503 --- [kground-preinit] o.apache.tomcat.util.digester.Digester   : [ObjectCreateRule]{mbeans-descriptors/mbean/operation/parameter} Pop org.apache.tomcat.util.modeler.ParameterInfo
2019-12-06 11:18:41.231 DEBUG 7503 --- [kground-preinit] o.a.tomcat.util.digester.Digester.sax    : characters(
      )
2019-12-06 11:18:41.231 DEBUG 7503 --- [kground-preinit] o.a.tomcat.util.digester.Digester.sax    : startElement(,,parameter)
2019-12-06 11:18:41.231 DEBUG 7503 --- [kground-preinit] o.apache.tomcat.util.digester.Digester   :   New match='mbeans-descriptors/mbean/operation/parameter'
2019-12-06 11:18:41.231 DEBUG 7503 --- [kground-preinit] o.apache.tomcat.util.digester.Digester   :   Fire begin() for ObjectCreateRule[className=org.apache.tomcat.util.modeler.ParameterInfo, attributeName=null]
2019-12-06 11:18:41.231 DEBUG 7503 --- [kground-preinit] o.apache.tomcat.util.digester.Digester   :   Fire begin() for SetPropertiesRule[]
2019-12-06 11:18:41.231 DEBUG 7503 --- [kground-preinit] o.apache.tomcat.util.digester.Digester   : [SetPropertiesRule]{mbeans-descriptors/mbean/operation/parameter} Set org.apache.tomcat.util.modeler.ParameterInfo properties
2019-12-06 11:18:41.231 DEBUG 7503 --- [kground-preinit] o.apache.tomcat.util.digester.Digester   : [SetPropertiesRule]{mbeans-descriptors/mbean/operation/parameter} Setting property 'name' to 'name'
2019-12-06 11:18:41.231 DEBUG 7503 --- [kground-preinit] o.apache.tomcat.util.IntrospectionUtils  : IntrospectionUtils: setProperty(class org.apache.tomcat.util.modeler.ParameterInfo name=name)
2019-12-06 11:18:41.231 DEBUG 7503 --- [kground-preinit] o.apache.tomcat.util.digester.Digester   : [SetPropertiesRule]{mbeans-descriptors/mbean/operation/parameter} Setting property 'description' to 'Name of the child to be added'
2019-12-06 11:18:41.232 DEBUG 7503 --- [kground-preinit] o.apache.tomcat.util.IntrospectionUtils  : IntrospectionUtils: setProperty(class org.apache.tomcat.util.modeler.ParameterInfo description=Name of the child to be added)
2019-12-06 11:18:41.232 DEBUG 7503 --- [kground-preinit] o.apache.tomcat.util.digester.Digester   : [SetPropertiesRule]{mbeans-descriptors/mbean/operation/parameter} Setting property 'type' to 'java.lang.String'
2019-12-06 11:18:41.232 DEBUG 7503 --- [kground-preinit] o.apache.tomcat.util.IntrospectionUtils  : IntrospectionUtils: setProperty(class org.apache.tomcat.util.modeler.ParameterInfo type=java.lang.String)
2019-12-06 11:18:41.232 DEBUG 7503 --- [kground-preinit] o.apache.tomcat.util.digester.Digester   :   Fire begin() for SetNextRule[methodName=addParameter, paramType=org.apache.tomcat.util.modeler.ParameterInfo]
2019-12-06 11:18:41.232 DEBUG 7503 --- [kground-preinit] o.a.tomcat.util.digester.Digester.sax    : endElement(,,parameter)
2019-12-06 11:18:41.232 DEBUG 7503 --- [kground-preinit] o.apache.tomcat.util.digester.Digester   :   match='mbeans-descriptors/mbean/operation/parameter'
2019-12-06 11:18:41.232 DEBUG 7503 --- [kground-preinit] o.apache.tomcat.util.digester.Digester   :   bodyText=''
2019-12-06 11:18:41.232 DEBUG 7503 --- [kground-preinit] o.apache.tomcat.util.digester.Digester   :   Fire body() for ObjectCreateRule[className=org.apache.tomcat.util.modeler.ParameterInfo, attributeName=null]
2019-12-06 11:18:41.232 DEBUG 7503 --- [kground-preinit] o.apache.tomcat.util.digester.Digester   :   Fire body() for SetPropertiesRule[]
2019-12-06 11:18:41.232 DEBUG 7503 --- [kground-preinit] o.apache.tomcat.util.digester.Digester   :   Fire body() for SetNextRule[methodName=addParameter, paramType=org.apache.tomcat.util.modeler.ParameterInfo]
2019-12-06 11:18:41.232 DEBUG 7503 --- [kground-preinit] o.apache.tomcat.util.digester.Digester   :   Fire end() for SetNextRule[methodName=addParameter, paramType=org.apache.tomcat.util.modeler.ParameterInfo]
2019-12-06 11:18:41.232 DEBUG 7503 --- [kground-preinit] o.apache.tomcat.util.digester.Digester   : [SetNextRule]{mbeans-descriptors/mbean/operation/parameter} Call org.apache.tomcat.util.modeler.OperationInfo.addParameter(org.apache.tomcat.util.modeler.ParameterInfo@4f87deb0)
2019-12-06 11:18:41.232 DEBUG 7503 --- [kground-preinit] o.apache.tomcat.util.IntrospectionUtils  : IntrospectionUtils: callMethod1 org.apache.tomcat.util.modeler.OperationInfo org.apache.tomcat.util.modeler.ParameterInfo org.apache.tomcat.util.modeler.ParameterInfo
2019-12-06 11:18:41.233 DEBUG 7503 --- [kground-preinit] o.apache.tomcat.util.digester.Digester   :   Fire end() for SetPropertiesRule[]
2019-12-06 11:18:41.233 DEBUG 7503 --- [kground-preinit] o.apache.tomcat.util.digester.Digester   :   Fire end() for ObjectCreateRule[className=org.apache.tomcat.util.modeler.ParameterInfo, attributeName=null]
2019-12-06 11:18:41.233 DEBUG 7503 --- [kground-preinit] o.apache.tomcat.util.digester.Digester   : [ObjectCreateRule]{mbeans-descriptors/mbean/operation/parameter} Pop org.apache.tomcat.util.modeler.ParameterInfo
2019-12-06 11:18:41.233 DEBUG 7503 --- [kground-preinit] o.a.tomcat.util.digester.Digester.sax    : characters(
    )
2019-12-06 11:18:41.233 DEBUG 7503 --- [kground-preinit] o.a.tomcat.util.digester.Digester.sax    : endElement(,,operation)
2019-12-06 11:18:41.233 DEBUG 7503 --- [kground-preinit] o.apache.tomcat.util.digester.Digester   :   match='mbeans-descriptors/mbean/operation'
2019-12-06 11:18:41.233 DEBUG 7503 --- [kground-preinit] o.apache.tomcat.util.digester.Digester   :   bodyText='
      
      
    '
2019-12-06 11:18:41.233 DEBUG 7503 --- [kground-preinit] o.apache.tomcat.util.digester.Digester   :   Fire body() for ObjectCreateRule[className=org.apache.tomcat.util.modeler.OperationInfo, attributeName=null]
2019-12-06 11:18:41.233 DEBUG 7503 --- [kground-preinit] o.apache.tomcat.util.digester.Digester   :   Fire body() for SetPropertiesRule[]
2019-12-06 11:18:41.233 DEBUG 7503 --- [kground-preinit] o.apache.tomcat.util.digester.Digester   :   Fire body() for SetNextRule[methodName=addOperation, paramType=org.apache.tomcat.util.modeler.OperationInfo]
2019-12-06 11:18:41.233 DEBUG 7503 --- [kground-preinit] o.apache.tomcat.util.digester.Digester   :   Fire end() for SetNextRule[methodName=addOperation, paramType=org.apache.tomcat.util.modeler.OperationInfo]
2019-12-06 11:18:41.234 DEBUG 7503 --- [kground-preinit] o.apache.tomcat.util.digester.Digester   : [SetNextRule]{mbeans-descriptors/mbean/operation} Call org.apache.tomcat.util.modeler.ManagedBean.addOperation(org.apache.tomcat.util.modeler.OperationInfo@1c10fb89)
2019-12-06 11:18:41.234 DEBUG 7503 --- [kground-preinit] o.apache.tomcat.util.IntrospectionUtils  : IntrospectionUtils: callMethod1 org.apache.tomcat.util.modeler.ManagedBean org.apache.tomcat.util.modeler.OperationInfo org.apache.tomcat.util.modeler.OperationInfo
2019-12-06 11:18:41.234 DEBUG 7503 --- [kground-preinit] o.apache.tomcat.util.digester.Digester   :   Fire end() for SetPropertiesRule[]
2019-12-06 11:18:41.234 DEBUG 7503 --- [kground-preinit] o.apache.tomcat.util.digester.Digester   :   Fire end() for ObjectCreateRule[className=org.apache.tomcat.util.modeler.OperationInfo, attributeName=null]
2019-12-06 11:18:41.234 DEBUG 7503 --- [kground-preinit] o.apache.tomcat.util.digester.Digester   : [ObjectCreateRule]{mbeans-descriptors/mbean/operation} Pop org.apache.tomcat.util.modeler.OperationInfo
2019-12-06 11:18:41.234 DEBUG 7503 --- [kground-preinit] o.a.tomcat.util.digester.Digester.sax    : characters(

    )
2019-12-06 11:18:41.234 DEBUG 7503 --- [kground-preinit] o.a.tomcat.util.digester.Digester.sax    : startElement(,,operation)
2019-12-06 11:18:41.234 DEBUG 7503 --- [kground-preinit] o.apache.tomcat.util.digester.Digester   :   New match='mbeans-descriptors/mbean/operation'
2019-12-06 11:18:41.234 DEBUG 7503 --- [kground-preinit] o.apache.tomcat.util.digester.Digester   :   Fire begin() for ObjectCreateRule[className=org.apache.tomcat.util.modeler.OperationInfo, attributeName=null]
2019-12-06 11:18:41.234 DEBUG 7503 --- [kground-preinit] o.apache.tomcat.util.digester.Digester   :   Fire begin() for SetPropertiesRule[]
2019-12-06 11:18:41.234 DEBUG 7503 --- [kground-preinit] o.apache.tomcat.util.digester.Digester   : [SetPropertiesRule]{mbeans-descriptors/mbean/operation} Set org.apache.tomcat.util.modeler.OperationInfo properties
2019-12-06 11:18:41.234 DEBUG 7503 --- [kground-preinit] o.apache.tomcat.util.digester.Digester   : [SetPropertiesRule]{mbeans-descriptors/mbean/operation} Setting property 'name' to 'addLifecycleListener'
2019-12-06 11:18:41.234 DEBUG 7503 --- [kground-preinit] o.apache.tomcat.util.IntrospectionUtils  : IntrospectionUtils: setProperty(class org.apache.tomcat.util.modeler.OperationInfo name=addLifecycleListener)
2019-12-06 11:18:41.235 DEBUG 7503 --- [kground-preinit] o.apache.tomcat.util.digester.Digester   : [SetPropertiesRule]{mbeans-descriptors/mbean/operation} Setting property 'description' to 'Add a lifecycle listener to this Context'
2019-12-06 11:18:41.235 DEBUG 7503 --- [kground-preinit] o.apache.tomcat.util.IntrospectionUtils  : IntrospectionUtils: setProperty(class org.apache.tomcat.util.modeler.OperationInfo description=Add a lifecycle listener to this Context)
2019-12-06 11:18:41.235 DEBUG 7503 --- [kground-preinit] o.apache.tomcat.util.digester.Digester   : [SetPropertiesRule]{mbeans-descriptors/mbean/operation} Setting property 'impact' to 'ACTION'
2019-12-06 11:18:41.235 DEBUG 7503 --- [kground-preinit] o.apache.tomcat.util.IntrospectionUtils  : IntrospectionUtils: setProperty(class org.apache.tomcat.util.modeler.OperationInfo impact=ACTION)
2019-12-06 11:18:41.235 DEBUG 7503 --- [kground-preinit] o.apache.tomcat.util.digester.Digester   : [SetPropertiesRule]{mbeans-descriptors/mbean/operation} Setting property 'returnType' to 'void'
2019-12-06 11:18:41.235 DEBUG 7503 --- [kground-preinit] o.apache.tomcat.util.IntrospectionUtils  : IntrospectionUtils: setProperty(class org.apache.tomcat.util.modeler.OperationInfo returnType=void)
2019-12-06 11:18:41.235 DEBUG 7503 --- [kground-preinit] o.apache.tomcat.util.digester.Digester   :   Fire begin() for SetNextRule[methodName=addOperation, paramType=org.apache.tomcat.util.modeler.OperationInfo]
2019-12-06 11:18:41.235 DEBUG 7503 --- [kground-preinit] o.a.tomcat.util.digester.Digester.sax    : characters(
      )
2019-12-06 11:18:41.235 DEBUG 7503 --- [kground-preinit] o.a.tomcat.util.digester.Digester.sax    : startElement(,,parameter)
2019-12-06 11:18:41.235 DEBUG 7503 --- [kground-preinit] o.apache.tomcat.util.digester.Digester   :   New match='mbeans-descriptors/mbean/operation/parameter'
2019-12-06 11:18:41.235 DEBUG 7503 --- [kground-preinit] o.apache.tomcat.util.digester.Digester   :   Fire begin() for ObjectCreateRule[className=org.apache.tomcat.util.modeler.ParameterInfo, attributeName=null]
2019-12-06 11:18:41.235 DEBUG 7503 --- [kground-preinit] o.apache.tomcat.util.digester.Digester   :   Fire begin() for SetPropertiesRule[]
2019-12-06 11:18:41.235 DEBUG 7503 --- [kground-preinit] o.apache.tomcat.util.digester.Digester   : [SetPropertiesRule]{mbeans-descriptors/mbean/operation/parameter} Set org.apache.tomcat.util.modeler.ParameterInfo properties
2019-12-06 11:18:41.236 DEBUG 7503 --- [kground-preinit] o.apache.tomcat.util.digester.Digester   : [SetPropertiesRule]{mbeans-descriptors/mbean/operation/parameter} Setting property 'name' to 'type'
2019-12-06 11:18:41.236 DEBUG 7503 --- [kground-preinit] o.apache.tomcat.util.IntrospectionUtils  : IntrospectionUtils: setProperty(class org.apache.tomcat.util.modeler.ParameterInfo name=type)
2019-12-06 11:18:41.236 DEBUG 7503 --- [kground-preinit] o.apache.tomcat.util.digester.Digester   : [SetPropertiesRule]{mbeans-descriptors/mbean/operation/parameter} Setting property 'description' to 'Type(classname) of the new lifecycle listener to be added'
2019-12-06 11:18:41.236 DEBUG 7503 --- [kground-preinit] o.apache.tomcat.util.IntrospectionUtils  : IntrospectionUtils: setProperty(class org.apache.tomcat.util.modeler.ParameterInfo description=Type(classname) of the new lifecycle listener to be added)
2019-12-06 11:18:41.236 DEBUG 7503 --- [kground-preinit] o.apache.tomcat.util.digester.Digester   : [SetPropertiesRule]{mbeans-descriptors/mbean/operation/parameter} Setting property 'type' to 'java.lang.String'
2019-12-06 11:18:41.236 DEBUG 7503 --- [kground-preinit] o.apache.tomcat.util.IntrospectionUtils  : IntrospectionUtils: setProperty(class org.apache.tomcat.util.modeler.ParameterInfo type=java.lang.String)
2019-12-06 11:18:41.236 DEBUG 7503 --- [kground-preinit] o.apache.tomcat.util.digester.Digester   :   Fire begin() for SetNextRule[methodName=addParameter, paramType=org.apache.tomcat.util.modeler.ParameterInfo]
2019-12-06 11:18:41.236 DEBUG 7503 --- [kground-preinit] o.a.tomcat.util.digester.Digester.sax    : endElement(,,parameter)
2019-12-06 11:18:41.236 DEBUG 7503 --- [kground-preinit] o.apache.tomcat.util.digester.Digester   :   match='mbeans-descriptors/mbean/operation/parameter'
2019-12-06 11:18:41.236 DEBUG 7503 --- [kground-preinit] o.apache.tomcat.util.digester.Digester   :   bodyText=''
2019-12-06 11:18:41.236 DEBUG 7503 --- [kground-preinit] o.apache.tomcat.util.digester.Digester   :   Fire body() for ObjectCreateRule[className=org.apache.tomcat.util.modeler.ParameterInfo, attributeName=null]
2019-12-06 11:18:41.237 DEBUG 7503 --- [kground-preinit] o.apache.tomcat.util.digester.Digester   :   Fire body() for SetPropertiesRule[]
2019-12-06 11:18:41.237 DEBUG 7503 --- [kground-preinit] o.apache.tomcat.util.digester.Digester   :   Fire body() for SetNextRule[methodName=addParameter, paramType=org.apache.tomcat.util.modeler.ParameterInfo]
2019-12-06 11:18:41.237 DEBUG 7503 --- [kground-preinit] o.apache.tomcat.util.digester.Digester   :   Fire end() for SetNextRule[methodName=addParameter, paramType=org.apache.tomcat.util.modeler.ParameterInfo]
2019-12-06 11:18:41.237 DEBUG 7503 --- [kground-preinit] o.apache.tomcat.util.digester.Digester   : [SetNextRule]{mbeans-descriptors/mbean/operation/parameter} Call org.apache.tomcat.util.modeler.OperationInfo.addParameter(org.apache.tomcat.util.modeler.ParameterInfo@355ec14a)
2019-12-06 11:18:41.237 DEBUG 7503 --- [kground-preinit] o.apache.tomcat.util.IntrospectionUtils  : IntrospectionUtils: callMethod1 org.apache.tomcat.util.modeler.OperationInfo org.apache.tomcat.util.modeler.ParameterInfo org.apache.tomcat.util.modeler.ParameterInfo
2019-12-06 11:18:41.237 DEBUG 7503 --- [kground-preinit] o.apache.tomcat.util.digester.Digester   :   Fire end() for SetPropertiesRule[]
2019-12-06 11:18:41.237 DEBUG 7503 --- [kground-preinit] o.apache.tomcat.util.digester.Digester   :   Fire end() for ObjectCreateRule[className=org.apache.tomcat.util.modeler.ParameterInfo, attributeName=null]
2019-12-06 11:18:41.237 DEBUG 7503 --- [kground-preinit] o.apache.tomcat.util.digester.Digester   : [ObjectCreateRule]{mbeans-descriptors/mbean/operation/parameter} Pop org.apache.tomcat.util.modeler.ParameterInfo
2019-12-06 11:18:41.237 DEBUG 7503 --- [kground-preinit] o.a.tomcat.util.digester.Digester.sax    : characters(
    )
2019-12-06 11:18:41.237 DEBUG 7503 --- [kground-preinit] o.a.tomcat.util.digester.Digester.sax    : endElement(,,operation)
2019-12-06 11:18:41.237 DEBUG 7503 --- [kground-preinit] o.apache.tomcat.util.digester.Digester   :   match='mbeans-descriptors/mbean/operation'
2019-12-06 11:18:41.238 DEBUG 7503 --- [kground-preinit] o.apache.tomcat.util.digester.Digester   :   bodyText='
      
    '
2019-12-06 11:18:41.238 DEBUG 7503 --- [kground-preinit] o.apache.tomcat.util.digester.Digester   :   Fire body() for ObjectCreateRule[className=org.apache.tomcat.util.modeler.OperationInfo, attributeName=null]
2019-12-06 11:18:41.238 DEBUG 7503 --- [kground-preinit] o.apache.tomcat.util.digester.Digester   :   Fire body() for SetPropertiesRule[]
2019-12-06 11:18:41.238 DEBUG 7503 --- [kground-preinit] o.apache.tomcat.util.digester.Digester   :   Fire body() for SetNextRule[methodName=addOperation, paramType=org.apache.tomcat.util.modeler.OperationInfo]
2019-12-06 11:18:41.238 DEBUG 7503 --- [kground-preinit] o.apache.tomcat.util.digester.Digester   :   Fire end() for SetNextRule[methodName=addOperation, paramType=org.apache.tomcat.util.modeler.OperationInfo]
2019-12-06 11:18:41.238 DEBUG 7503 --- [kground-preinit] o.apache.tomcat.util.digester.Digester   : [SetNextRule]{mbeans-descriptors/mbean/operation} Call org.apache.tomcat.util.modeler.ManagedBean.addOperation(org.apache.tomcat.util.modeler.OperationInfo@7ab2e334)
2019-12-06 11:18:41.238 DEBUG 7503 --- [kground-preinit] o.apache.tomcat.util.IntrospectionUtils  : IntrospectionUtils: callMethod1 org.apache.tomcat.util.modeler.ManagedBean org.apache.tomcat.util.modeler.OperationInfo org.apache.tomcat.util.modeler.OperationInfo
2019-12-06 11:18:41.238 DEBUG 7503 --- [kground-preinit] o.apache.tomcat.util.digester.Digester   :   Fire end() for SetPropertiesRule[]
2019-12-06 11:18:41.238 DEBUG 7503 --- [kground-preinit] o.apache.tomcat.util.digester.Digester   :   Fire end() for ObjectCreateRule[className=org.apache.tomcat.util.modeler.OperationInfo, attributeName=null]
2019-12-06 11:18:41.238 DEBUG 7503 --- [kground-preinit] o.apache.tomcat.util.digester.Digester   : [ObjectCreateRule]{mbeans-descriptors/mbean/operation} Pop org.apache.tomcat.util.modeler.OperationInfo
2019-12-06 11:18:41.238 DEBUG 7503 --- [kground-preinit] o.a.tomcat.util.digester.Digester.sax    : characters(

    )
2019-12-06 11:18:41.239 DEBUG 7503 --- [kground-preinit] o.a.tomcat.util.digester.Digester.sax    : startElement(,,operation)
2019-12-06 11:18:41.239 DEBUG 7503 --- [kground-preinit] o.apache.tomcat.util.digester.Digester   :   New match='mbeans-descriptors/mbean/operation'
2019-12-06 11:18:41.239 DEBUG 7503 --- [kground-preinit] o.apache.tomcat.util.digester.Digester   :   Fire begin() for ObjectCreateRule[className=org.apache.tomcat.util.modeler.OperationInfo, attributeName=null]
2019-12-06 11:18:41.239 DEBUG 7503 --- [kground-preinit] o.apache.tomcat.util.digester.Digester   :   Fire begin() for SetPropertiesRule[]
2019-12-06 11:18:41.239 DEBUG 7503 --- [kground-preinit] o.apache.tomcat.util.digester.Digester   : [SetPropertiesRule]{mbeans-descriptors/mbean/operation} Set org.apache.tomcat.util.modeler.OperationInfo properties
2019-12-06 11:18:41.239 DEBUG 7503 --- [kground-preinit] o.apache.tomcat.util.digester.Digester   : [SetPropertiesRule]{mbeans-descriptors/mbean/operation} Setting property 'name' to 'addLocaleEncodingMappingParameter'
2019-12-06 11:18:41.240 DEBUG 7503 --- [kground-preinit] o.apache.tomcat.util.IntrospectionUtils  : IntrospectionUtils: setProperty(class org.apache.tomcat.util.modeler.OperationInfo name=addLocaleEncodingMappingParameter)
2019-12-06 11:18:41.240 DEBUG 7503 --- [kground-preinit] o.apache.tomcat.util.digester.Digester   : [SetPropertiesRule]{mbeans-descriptors/mbean/operation} Setting property 'description' to 'Add a Locale Encoding Mapping'
2019-12-06 11:18:41.240 DEBUG 7503 --- [kground-preinit] o.apache.tomcat.util.IntrospectionUtils  : IntrospectionUtils: setProperty(class org.apache.tomcat.util.modeler.OperationInfo description=Add a Locale Encoding Mapping)
2019-12-06 11:18:41.240 DEBUG 7503 --- [kground-preinit] o.apache.tomcat.util.digester.Digester   : [SetPropertiesRule]{mbeans-descriptors/mbean/operation} Setting property 'impact' to 'ACTION'
2019-12-06 11:18:41.240 DEBUG 7503 --- [kground-preinit] o.apache.tomcat.util.IntrospectionUtils  : IntrospectionUtils: setProperty(class org.apache.tomcat.util.modeler.OperationInfo impact=ACTION)
2019-12-06 11:18:41.240 DEBUG 7503 --- [kground-preinit] o.apache.tomcat.util.digester.Digester   : [SetPropertiesRule]{mbeans-descriptors/mbean/operation} Setting property 'returnType' to 'void'
2019-12-06 11:18:41.240 DEBUG 7503 --- [kground-preinit] o.apache.tomcat.util.IntrospectionUtils  : IntrospectionUtils: setProperty(class org.apache.tomcat.util.modeler.OperationInfo returnType=void)
2019-12-06 11:18:41.240 DEBUG 7503 --- [kground-preinit] o.apache.tomcat.util.digester.Digester   :   Fire begin() for SetNextRule[methodName=addOperation, paramType=org.apache.tomcat.util.modeler.OperationInfo]
2019-12-06 11:18:41.240 DEBUG 7503 --- [kground-preinit] o.a.tomcat.util.digester.Digester.sax    : characters(
      )
2019-12-06 11:18:41.240 DEBUG 7503 --- [kground-preinit] o.a.tomcat.util.digester.Digester.sax    : startElement(,,parameter)
2019-12-06 11:18:41.241 DEBUG 7503 --- [kground-preinit] o.apache.tomcat.util.digester.Digester   :   New match='mbeans-descriptors/mbean/operation/parameter'
2019-12-06 11:18:41.241 DEBUG 7503 --- [kground-preinit] o.apache.tomcat.util.digester.Digester   :   Fire begin() for ObjectCreateRule[className=org.apache.tomcat.util.modeler.ParameterInfo, attributeName=null]
2019-12-06 11:18:41.241 DEBUG 7503 --- [kground-preinit] o.apache.tomcat.util.digester.Digester   :   Fire begin() for SetPropertiesRule[]
2019-12-06 11:18:41.241 DEBUG 7503 --- [kground-preinit] o.apache.tomcat.util.digester.Digester   : [SetPropertiesRule]{mbeans-descriptors/mbean/operation/parameter} Set org.apache.tomcat.util.modeler.ParameterInfo properties
2019-12-06 11:18:41.241 DEBUG 7503 --- [kground-preinit] o.apache.tomcat.util.digester.Digester   : [SetPropertiesRule]{mbeans-descriptors/mbean/operation/parameter} Setting property 'name' to 'locale'
2019-12-06 11:18:41.241 DEBUG 7503 --- [kground-preinit] o.apache.tomcat.util.IntrospectionUtils  : IntrospectionUtils: setProperty(class org.apache.tomcat.util.modeler.ParameterInfo name=locale)
2019-12-06 11:18:41.241 DEBUG 7503 --- [kground-preinit] o.apache.tomcat.util.digester.Digester   : [SetPropertiesRule]{mbeans-descriptors/mbean/operation/parameter} Setting property 'description' to 'Locale to map an encoding for'
2019-12-06 11:18:41.241 DEBUG 7503 --- [kground-preinit] o.apache.tomcat.util.IntrospectionUtils  : IntrospectionUtils: setProperty(class org.apache.tomcat.util.modeler.ParameterInfo description=Locale to map an encoding for)
2019-12-06 11:18:41.241 DEBUG 7503 --- [kground-preinit] o.apache.tomcat.util.digester.Digester   : [SetPropertiesRule]{mbeans-descriptors/mbean/operation/parameter} Setting property 'type' to 'java.lang.String'
2019-12-06 11:18:41.241 DEBUG 7503 --- [kground-preinit] o.apache.tomcat.util.IntrospectionUtils  : IntrospectionUtils: setProperty(class org.apache.tomcat.util.modeler.ParameterInfo type=java.lang.String)
2019-12-06 11:18:41.242 DEBUG 7503 --- [kground-preinit] o.apache.tomcat.util.digester.Digester   :   Fire begin() for SetNextRule[methodName=addParameter, paramType=org.apache.tomcat.util.modeler.ParameterInfo]
2019-12-06 11:18:41.242 DEBUG 7503 --- [kground-preinit] o.a.tomcat.util.digester.Digester.sax    : endElement(,,parameter)
2019-12-06 11:18:41.242 DEBUG 7503 --- [kground-preinit] o.apache.tomcat.util.digester.Digester   :   match='mbeans-descriptors/mbean/operation/parameter'
2019-12-06 11:18:41.242 DEBUG 7503 --- [kground-preinit] o.apache.tomcat.util.digester.Digester   :   bodyText=''
2019-12-06 11:18:41.242 DEBUG 7503 --- [kground-preinit] o.apache.tomcat.util.digester.Digester   :   Fire body() for ObjectCreateRule[className=org.apache.tomcat.util.modeler.ParameterInfo, attributeName=null]
2019-12-06 11:18:41.242 DEBUG 7503 --- [kground-preinit] o.apache.tomcat.util.digester.Digester   :   Fire body() for SetPropertiesRule[]
2019-12-06 11:18:41.242 DEBUG 7503 --- [kground-preinit] o.apache.tomcat.util.digester.Digester   :   Fire body() for SetNextRule[methodName=addParameter, paramType=org.apache.tomcat.util.modeler.ParameterInfo]
2019-12-06 11:18:41.242 DEBUG 7503 --- [kground-preinit] o.apache.tomcat.util.digester.Digester   :   Fire end() for SetNextRule[methodName=addParameter, paramType=org.apache.tomcat.util.modeler.ParameterInfo]
2019-12-06 11:18:41.242 DEBUG 7503 --- [kground-preinit] o.apache.tomcat.util.digester.Digester   : [SetNextRule]{mbeans-descriptors/mbean/operation/parameter} Call org.apache.tomcat.util.modeler.OperationInfo.addParameter(org.apache.tomcat.util.modeler.ParameterInfo@bb1c08c)
2019-12-06 11:18:41.242 DEBUG 7503 --- [kground-preinit] o.apache.tomcat.util.IntrospectionUtils  : IntrospectionUtils: callMethod1 org.apache.tomcat.util.modeler.OperationInfo org.apache.tomcat.util.modeler.ParameterInfo org.apache.tomcat.util.modeler.ParameterInfo
2019-12-06 11:18:41.242 DEBUG 7503 --- [kground-preinit] o.apache.tomcat.util.digester.Digester   :   Fire end() for SetPropertiesRule[]
2019-12-06 11:18:41.242 DEBUG 7503 --- [kground-preinit] o.apache.tomcat.util.digester.Digester   :   Fire end() for ObjectCreateRule[className=org.apache.tomcat.util.modeler.ParameterInfo, attributeName=null]
2019-12-06 11:18:41.243 DEBUG 7503 --- [kground-preinit] o.apache.tomcat.util.digester.Digester   : [ObjectCreateRule]{mbeans-descriptors/mbean/operation/parameter} Pop org.apache.tomcat.util.modeler.ParameterInfo
2019-12-06 11:18:41.243 DEBUG 7503 --- [kground-preinit] o.a.tomcat.util.digester.Digester.sax    : characters(
      )
2019-12-06 11:18:41.243 DEBUG 7503 --- [kground-preinit] o.a.tomcat.util.digester.Digester.sax    : startElement(,,parameter)
2019-12-06 11:18:41.243 DEBUG 7503 --- [kground-preinit] o.apache.tomcat.util.digester.Digester   :   New match='mbeans-descriptors/mbean/operation/parameter'
2019-12-06 11:18:41.243 DEBUG 7503 --- [kground-preinit] o.apache.tomcat.util.digester.Digester   :   Fire begin() for ObjectCreateRule[className=org.apache.tomcat.util.modeler.ParameterInfo, attributeName=null]
2019-12-06 11:18:41.243 DEBUG 7503 --- [kground-preinit] o.apache.tomcat.util.digester.Digester   :   Fire begin() for SetPropertiesRule[]
2019-12-06 11:18:41.243 DEBUG 7503 --- [kground-preinit] o.apache.tomcat.util.digester.Digester   : [SetPropertiesRule]{mbeans-descriptors/mbean/operation/parameter} Set org.apache.tomcat.util.modeler.ParameterInfo properties
2019-12-06 11:18:41.243 DEBUG 7503 --- [kground-preinit] o.apache.tomcat.util.digester.Digester   : [SetPropertiesRule]{mbeans-descriptors/mbean/operation/parameter} Setting property 'name' to 'encoding'
2019-12-06 11:18:41.243 DEBUG 7503 --- [kground-preinit] o.apache.tomcat.util.IntrospectionUtils  : IntrospectionUtils: setProperty(class org.apache.tomcat.util.modeler.ParameterInfo name=encoding)
2019-12-06 11:18:41.243 DEBUG 7503 --- [kground-preinit] o.apache.tomcat.util.digester.Digester   : [SetPropertiesRule]{mbeans-descriptors/mbean/operation/parameter} Setting property 'description' to 'Encoding to be used for a give locale'
2019-12-06 11:18:41.244 DEBUG 7503 --- [kground-preinit] o.apache.tomcat.util.IntrospectionUtils  : IntrospectionUtils: setProperty(class org.apache.tomcat.util.modeler.ParameterInfo description=Encoding to be used for a give locale)
2019-12-06 11:18:41.244 DEBUG 7503 --- [kground-preinit] o.apache.tomcat.util.digester.Digester   : [SetPropertiesRule]{mbeans-descriptors/mbean/operation/parameter} Setting property 'type' to 'java.lang.String'
2019-12-06 11:18:41.244 DEBUG 7503 --- [kground-preinit] o.apache.tomcat.util.IntrospectionUtils  : IntrospectionUtils: setProperty(class org.apache.tomcat.util.modeler.ParameterInfo type=java.lang.String)
2019-12-06 11:18:41.244 DEBUG 7503 --- [kground-preinit] o.apache.tomcat.util.digester.Digester   :   Fire begin() for SetNextRule[methodName=addParameter, paramType=org.apache.tomcat.util.modeler.ParameterInfo]
2019-12-06 11:18:41.244 DEBUG 7503 --- [kground-preinit] o.a.tomcat.util.digester.Digester.sax    : endElement(,,parameter)
2019-12-06 11:18:41.244 DEBUG 7503 --- [kground-preinit] o.apache.tomcat.util.digester.Digester   :   match='mbeans-descriptors/mbean/operation/parameter'
2019-12-06 11:18:41.244 DEBUG 7503 --- [kground-preinit] o.apache.tomcat.util.digester.Digester   :   bodyText=''
2019-12-06 11:18:41.244 DEBUG 7503 --- [kground-preinit] o.apache.tomcat.util.digester.Digester   :   Fire body() for ObjectCreateRule[className=org.apache.tomcat.util.modeler.ParameterInfo, attributeName=null]
2019-12-06 11:18:41.244 DEBUG 7503 --- [kground-preinit] o.apache.tomcat.util.digester.Digester   :   Fire body() for SetPropertiesRule[]
2019-12-06 11:18:41.244 DEBUG 7503 --- [kground-preinit] o.apache.tomcat.util.digester.Digester   :   Fire body() for SetNextRule[methodName=addParameter, paramType=org.apache.tomcat.util.modeler.ParameterInfo]
2019-12-06 11:18:41.244 DEBUG 7503 --- [kground-preinit] o.apache.tomcat.util.digester.Digester   :   Fire end() for SetNextRule[methodName=addParameter, paramType=org.apache.tomcat.util.modeler.ParameterInfo]
2019-12-06 11:18:41.244 DEBUG 7503 --- [kground-preinit] o.apache.tomcat.util.digester.Digester   : [SetNextRule]{mbeans-descriptors/mbean/operation/parameter} Call org.apache.tomcat.util.modeler.OperationInfo.addParameter(org.apache.tomcat.util.modeler.ParameterInfo@1066bec0)
2019-12-06 11:18:41.244 DEBUG 7503 --- [kground-preinit] o.apache.tomcat.util.IntrospectionUtils  : IntrospectionUtils: callMethod1 org.apache.tomcat.util.modeler.OperationInfo org.apache.tomcat.util.modeler.ParameterInfo org.apache.tomcat.util.modeler.ParameterInfo
2019-12-06 11:18:41.244 DEBUG 7503 --- [kground-preinit] o.apache.tomcat.util.digester.Digester   :   Fire end() for SetPropertiesRule[]
2019-12-06 11:18:41.245 DEBUG 7503 --- [kground-preinit] o.apache.tomcat.util.digester.Digester   :   Fire end() for ObjectCreateRule[className=org.apache.tomcat.util.modeler.ParameterInfo, attributeName=null]
2019-12-06 11:18:41.245 DEBUG 7503 --- [kground-preinit] o.apache.tomcat.util.digester.Digester   : [ObjectCreateRule]{mbeans-descriptors/mbean/operation/parameter} Pop org.apache.tomcat.util.modeler.ParameterInfo
2019-12-06 11:18:41.245 DEBUG 7503 --- [kground-preinit] o.a.tomcat.util.digester.Digester.sax    : characters(
    )
2019-12-06 11:18:41.245 DEBUG 7503 --- [kground-preinit] o.a.tomcat.util.digester.Digester.sax    : endElement(,,operation)
2019-12-06 11:18:41.245 DEBUG 7503 --- [kground-preinit] o.apache.tomcat.util.digester.Digester   :   match='mbeans-descriptors/mbean/operation'
2019-12-06 11:18:41.245 DEBUG 7503 --- [kground-preinit] o.apache.tomcat.util.digester.Digester   :   bodyText='
      
      
    '
2019-12-06 11:18:41.245 DEBUG 7503 --- [kground-preinit] o.apache.tomcat.util.digester.Digester   :   Fire body() for ObjectCreateRule[className=org.apache.tomcat.util.modeler.OperationInfo, attributeName=null]
2019-12-06 11:18:41.245 DEBUG 7503 --- [kground-preinit] o.apache.tomcat.util.digester.Digester   :   Fire body() for SetPropertiesRule[]
2019-12-06 11:18:41.245 DEBUG 7503 --- [kground-preinit] o.apache.tomcat.util.digester.Digester   :   Fire body() for SetNextRule[methodName=addOperation, paramType=org.apache.tomcat.util.modeler.OperationInfo]
2019-12-06 11:18:41.245 DEBUG 7503 --- [kground-preinit] o.apache.tomcat.util.digester.Digester   :   Fire end() for SetNextRule[methodName=addOperation, paramType=org.apache.tomcat.util.modeler.OperationInfo]
2019-12-06 11:18:41.246 DEBUG 7503 --- [kground-preinit] o.apache.tomcat.util.digester.Digester   : [SetNextRule]{mbeans-descriptors/mbean/operation} Call org.apache.tomcat.util.modeler.ManagedBean.addOperation(org.apache.tomcat.util.modeler.OperationInfo@53717917)
2019-12-06 11:18:41.246 DEBUG 7503 --- [kground-preinit] o.apache.tomcat.util.IntrospectionUtils  : IntrospectionUtils: callMethod1 org.apache.tomcat.util.modeler.ManagedBean org.apache.tomcat.util.modeler.OperationInfo org.apache.tomcat.util.modeler.OperationInfo
2019-12-06 11:18:41.246 DEBUG 7503 --- [kground-preinit] o.apache.tomcat.util.digester.Digester   :   Fire end() for SetPropertiesRule[]
2019-12-06 11:18:41.246 DEBUG 7503 --- [kground-preinit] o.apache.tomcat.util.digester.Digester   :   Fire end() for ObjectCreateRule[className=org.apache.tomcat.util.modeler.OperationInfo, attributeName=null]
2019-12-06 11:18:41.246 DEBUG 7503 --- [    Test worker] o.s.b.f.s.DefaultListableBeanFactory     : Creating shared instance of singleton bean 'org.springframework.boot.test.context.ImportsContextCustomizer$ImportsCleanupPostProcessor'
2019-12-06 11:18:41.246 DEBUG 7503 --- [kground-preinit] o.apache.tomcat.util.digester.Digester   : [ObjectCreateRule]{mbeans-descriptors/mbean/operation} Pop org.apache.tomcat.util.modeler.OperationInfo
2019-12-06 11:18:41.246 DEBUG 7503 --- [kground-preinit] o.a.tomcat.util.digester.Digester.sax    : characters(

    )
2019-12-06 11:18:41.246 DEBUG 7503 --- [kground-preinit] o.a.tomcat.util.digester.Digester.sax    : startElement(,,operation)
2019-12-06 11:18:41.246 DEBUG 7503 --- [kground-preinit] o.apache.tomcat.util.digester.Digester   :   New match='mbeans-descriptors/mbean/operation'
2019-12-06 11:18:41.246 DEBUG 7503 --- [kground-preinit] o.apache.tomcat.util.digester.Digester   :   Fire begin() for ObjectCreateRule[className=org.apache.tomcat.util.modeler.OperationInfo, attributeName=null]
2019-12-06 11:18:41.247 DEBUG 7503 --- [kground-preinit] o.apache.tomcat.util.digester.Digester   :   Fire begin() for SetPropertiesRule[]
2019-12-06 11:18:41.247 DEBUG 7503 --- [kground-preinit] o.apache.tomcat.util.digester.Digester   : [SetPropertiesRule]{mbeans-descriptors/mbean/operation} Set org.apache.tomcat.util.modeler.OperationInfo properties
2019-12-06 11:18:41.247 DEBUG 7503 --- [kground-preinit] o.apache.tomcat.util.digester.Digester   : [SetPropertiesRule]{mbeans-descriptors/mbean/operation} Setting property 'name' to 'addMimeMapping'
2019-12-06 11:18:41.247 DEBUG 7503 --- [kground-preinit] o.apache.tomcat.util.IntrospectionUtils  : IntrospectionUtils: setProperty(class org.apache.tomcat.util.modeler.OperationInfo name=addMimeMapping)
2019-12-06 11:18:41.247 DEBUG 7503 --- [kground-preinit] o.apache.tomcat.util.digester.Digester   : [SetPropertiesRule]{mbeans-descriptors/mbean/operation} Setting property 'description' to 'Add a new MIME mapping, replacing any existing mapping for the specified extension.'
2019-12-06 11:18:41.247 DEBUG 7503 --- [kground-preinit] o.apache.tomcat.util.IntrospectionUtils  : IntrospectionUtils: setProperty(class org.apache.tomcat.util.modeler.OperationInfo description=Add a new MIME mapping, replacing any existing mapping for the specified extension.)
2019-12-06 11:18:41.247 DEBUG 7503 --- [kground-preinit] o.apache.tomcat.util.digester.Digester   : [SetPropertiesRule]{mbeans-descriptors/mbean/operation} Setting property 'impact' to 'ACTION'
2019-12-06 11:18:41.247 DEBUG 7503 --- [kground-preinit] o.apache.tomcat.util.IntrospectionUtils  : IntrospectionUtils: setProperty(class org.apache.tomcat.util.modeler.OperationInfo impact=ACTION)
2019-12-06 11:18:41.247 DEBUG 7503 --- [kground-preinit] o.apache.tomcat.util.digester.Digester   : [SetPropertiesRule]{mbeans-descriptors/mbean/operation} Setting property 'returnType' to 'void'
2019-12-06 11:18:41.247 DEBUG 7503 --- [kground-preinit] o.apache.tomcat.util.IntrospectionUtils  : IntrospectionUtils: setProperty(class org.apache.tomcat.util.modeler.OperationInfo returnType=void)
2019-12-06 11:18:41.247 DEBUG 7503 --- [kground-preinit] o.apache.tomcat.util.digester.Digester   :   Fire begin() for SetNextRule[methodName=addOperation, paramType=org.apache.tomcat.util.modeler.OperationInfo]
2019-12-06 11:18:41.247 DEBUG 7503 --- [kground-preinit] o.a.tomcat.util.digester.Digester.sax    : characters(
      )
2019-12-06 11:18:41.248 DEBUG 7503 --- [kground-preinit] o.a.tomcat.util.digester.Digester.sax    : startElement(,,parameter)
2019-12-06 11:18:41.248 DEBUG 7503 --- [kground-preinit] o.apache.tomcat.util.digester.Digester   :   New match='mbeans-descriptors/mbean/operation/parameter'
2019-12-06 11:18:41.248 DEBUG 7503 --- [kground-preinit] o.apache.tomcat.util.digester.Digester   :   Fire begin() for ObjectCreateRule[className=org.apache.tomcat.util.modeler.ParameterInfo, attributeName=null]
2019-12-06 11:18:41.248 DEBUG 7503 --- [kground-preinit] o.apache.tomcat.util.digester.Digester   :   Fire begin() for SetPropertiesRule[]
2019-12-06 11:18:41.248 DEBUG 7503 --- [kground-preinit] o.apache.tomcat.util.digester.Digester   : [SetPropertiesRule]{mbeans-descriptors/mbean/operation/parameter} Set org.apache.tomcat.util.modeler.ParameterInfo properties
2019-12-06 11:18:41.248 DEBUG 7503 --- [kground-preinit] o.apache.tomcat.util.digester.Digester   : [SetPropertiesRule]{mbeans-descriptors/mbean/operation/parameter} Setting property 'name' to 'extension'
2019-12-06 11:18:41.248 DEBUG 7503 --- [kground-preinit] o.apache.tomcat.util.IntrospectionUtils  : IntrospectionUtils: setProperty(class org.apache.tomcat.util.modeler.ParameterInfo name=extension)
2019-12-06 11:18:41.248 DEBUG 7503 --- [kground-preinit] o.apache.tomcat.util.digester.Digester   : [SetPropertiesRule]{mbeans-descriptors/mbean/operation/parameter} Setting property 'description' to 'Filename extension being mapped'
2019-12-06 11:18:41.248 DEBUG 7503 --- [kground-preinit] o.apache.tomcat.util.IntrospectionUtils  : IntrospectionUtils: setProperty(class org.apache.tomcat.util.modeler.ParameterInfo description=Filename extension being mapped)
2019-12-06 11:18:41.248 DEBUG 7503 --- [kground-preinit] o.apache.tomcat.util.digester.Digester   : [SetPropertiesRule]{mbeans-descriptors/mbean/operation/parameter} Setting property 'type' to 'java.lang.String'
2019-12-06 11:18:41.248 DEBUG 7503 --- [kground-preinit] o.apache.tomcat.util.IntrospectionUtils  : IntrospectionUtils: setProperty(class org.apache.tomcat.util.modeler.ParameterInfo type=java.lang.String)
2019-12-06 11:18:41.248 DEBUG 7503 --- [kground-preinit] o.apache.tomcat.util.digester.Digester   :   Fire begin() for SetNextRule[methodName=addParameter, paramType=org.apache.tomcat.util.modeler.ParameterInfo]
2019-12-06 11:18:41.249 DEBUG 7503 --- [kground-preinit] o.a.tomcat.util.digester.Digester.sax    : endElement(,,parameter)
2019-12-06 11:18:41.249 DEBUG 7503 --- [kground-preinit] o.apache.tomcat.util.digester.Digester   :   match='mbeans-descriptors/mbean/operation/parameter'
2019-12-06 11:18:41.249 DEBUG 7503 --- [kground-preinit] o.apache.tomcat.util.digester.Digester   :   bodyText=''
2019-12-06 11:18:41.249 DEBUG 7503 --- [kground-preinit] o.apache.tomcat.util.digester.Digester   :   Fire body() for ObjectCreateRule[className=org.apache.tomcat.util.modeler.ParameterInfo, attributeName=null]
2019-12-06 11:18:41.249 DEBUG 7503 --- [kground-preinit] o.apache.tomcat.util.digester.Digester   :   Fire body() for SetPropertiesRule[]
2019-12-06 11:18:41.249 DEBUG 7503 --- [kground-preinit] o.apache.tomcat.util.digester.Digester   :   Fire body() for SetNextRule[methodName=addParameter, paramType=org.apache.tomcat.util.modeler.ParameterInfo]
2019-12-06 11:18:41.249 DEBUG 7503 --- [kground-preinit] o.apache.tomcat.util.digester.Digester   :   Fire end() for SetNextRule[methodName=addParameter, paramType=org.apache.tomcat.util.modeler.ParameterInfo]
2019-12-06 11:18:41.249 DEBUG 7503 --- [kground-preinit] o.apache.tomcat.util.digester.Digester   : [SetNextRule]{mbeans-descriptors/mbean/operation/parameter} Call org.apache.tomcat.util.modeler.OperationInfo.addParameter(org.apache.tomcat.util.modeler.ParameterInfo@3e379b0e)
2019-12-06 11:18:41.249 DEBUG 7503 --- [kground-preinit] o.apache.tomcat.util.IntrospectionUtils  : IntrospectionUtils: callMethod1 org.apache.tomcat.util.modeler.OperationInfo org.apache.tomcat.util.modeler.ParameterInfo org.apache.tomcat.util.modeler.ParameterInfo
2019-12-06 11:18:41.249 DEBUG 7503 --- [kground-preinit] o.apache.tomcat.util.digester.Digester   :   Fire end() for SetPropertiesRule[]
2019-12-06 11:18:41.250 DEBUG 7503 --- [kground-preinit] o.apache.tomcat.util.digester.Digester   :   Fire end() for ObjectCreateRule[className=org.apache.tomcat.util.modeler.ParameterInfo, attributeName=null]
2019-12-06 11:18:41.250 DEBUG 7503 --- [kground-preinit] o.apache.tomcat.util.digester.Digester   : [ObjectCreateRule]{mbeans-descriptors/mbean/operation/parameter} Pop org.apache.tomcat.util.modeler.ParameterInfo
2019-12-06 11:18:41.250 DEBUG 7503 --- [kground-preinit] o.a.tomcat.util.digester.Digester.sax    : characters(
      )
2019-12-06 11:18:41.250 DEBUG 7503 --- [kground-preinit] o.a.tomcat.util.digester.Digester.sax    : startElement(,,parameter)
2019-12-06 11:18:41.250 DEBUG 7503 --- [kground-preinit] o.apache.tomcat.util.digester.Digester   :   New match='mbeans-descriptors/mbean/operation/parameter'
2019-12-06 11:18:41.250 DEBUG 7503 --- [kground-preinit] o.apache.tomcat.util.digester.Digester   :   Fire begin() for ObjectCreateRule[className=org.apache.tomcat.util.modeler.ParameterInfo, attributeName=null]
2019-12-06 11:18:41.250 DEBUG 7503 --- [kground-preinit] o.apache.tomcat.util.digester.Digester   :   Fire begin() for SetPropertiesRule[]
2019-12-06 11:18:41.250 DEBUG 7503 --- [kground-preinit] o.apache.tomcat.util.digester.Digester   : [SetPropertiesRule]{mbeans-descriptors/mbean/operation/parameter} Set org.apache.tomcat.util.modeler.ParameterInfo properties
2019-12-06 11:18:41.250 DEBUG 7503 --- [kground-preinit] o.apache.tomcat.util.digester.Digester   : [SetPropertiesRule]{mbeans-descriptors/mbean/operation/parameter} Setting property 'name' to 'mimeType'
2019-12-06 11:18:41.251 DEBUG 7503 --- [kground-preinit] o.apache.tomcat.util.IntrospectionUtils  : IntrospectionUtils: setProperty(class org.apache.tomcat.util.modeler.ParameterInfo name=mimeType)
2019-12-06 11:18:41.251 DEBUG 7503 --- [kground-preinit] o.apache.tomcat.util.digester.Digester   : [SetPropertiesRule]{mbeans-descriptors/mbean/operation/parameter} Setting property 'description' to 'Corresponding MIME type'
2019-12-06 11:18:41.251 DEBUG 7503 --- [kground-preinit] o.apache.tomcat.util.IntrospectionUtils  : IntrospectionUtils: setProperty(class org.apache.tomcat.util.modeler.ParameterInfo description=Corresponding MIME type)
2019-12-06 11:18:41.251 DEBUG 7503 --- [kground-preinit] o.apache.tomcat.util.digester.Digester   : [SetPropertiesRule]{mbeans-descriptors/mbean/operation/parameter} Setting property 'type' to 'java.lang.String'
2019-12-06 11:18:41.251 DEBUG 7503 --- [kground-preinit] o.apache.tomcat.util.IntrospectionUtils  : IntrospectionUtils: setProperty(class org.apache.tomcat.util.modeler.ParameterInfo type=java.lang.String)
2019-12-06 11:18:41.251 DEBUG 7503 --- [kground-preinit] o.apache.tomcat.util.digester.Digester   :   Fire begin() for SetNextRule[methodName=addParameter, paramType=org.apache.tomcat.util.modeler.ParameterInfo]
2019-12-06 11:18:41.251 DEBUG 7503 --- [kground-preinit] o.a.tomcat.util.digester.Digester.sax    : endElement(,,parameter)
2019-12-06 11:18:41.251 DEBUG 7503 --- [kground-preinit] o.apache.tomcat.util.digester.Digester   :   match='mbeans-descriptors/mbean/operation/parameter'
2019-12-06 11:18:41.251 DEBUG 7503 --- [kground-preinit] o.apache.tomcat.util.digester.Digester   :   bodyText=''
2019-12-06 11:18:41.252 DEBUG 7503 --- [kground-preinit] o.apache.tomcat.util.digester.Digester   :   Fire body() for ObjectCreateRule[className=org.apache.tomcat.util.modeler.ParameterInfo, attributeName=null]
2019-12-06 11:18:41.252 DEBUG 7503 --- [kground-preinit] o.apache.tomcat.util.digester.Digester   :   Fire body() for SetPropertiesRule[]
2019-12-06 11:18:41.252 DEBUG 7503 --- [kground-preinit] o.apache.tomcat.util.digester.Digester   :   Fire body() for SetNextRule[methodName=addParameter, paramType=org.apache.tomcat.util.modeler.ParameterInfo]
2019-12-06 11:18:41.252 DEBUG 7503 --- [kground-preinit] o.apache.tomcat.util.digester.Digester   :   Fire end() for SetNextRule[methodName=addParameter, paramType=org.apache.tomcat.util.modeler.ParameterInfo]
2019-12-06 11:18:41.252 DEBUG 7503 --- [kground-preinit] o.apache.tomcat.util.digester.Digester   : [SetNextRule]{mbeans-descriptors/mbean/operation/parameter} Call org.apache.tomcat.util.modeler.OperationInfo.addParameter(org.apache.tomcat.util.modeler.ParameterInfo@3b0799e4)
2019-12-06 11:18:41.252 DEBUG 7503 --- [kground-preinit] o.apache.tomcat.util.IntrospectionUtils  : IntrospectionUtils: callMethod1 org.apache.tomcat.util.modeler.OperationInfo org.apache.tomcat.util.modeler.ParameterInfo org.apache.tomcat.util.modeler.ParameterInfo
2019-12-06 11:18:41.252 DEBUG 7503 --- [kground-preinit] o.apache.tomcat.util.digester.Digester   :   Fire end() for SetPropertiesRule[]
2019-12-06 11:18:41.253 DEBUG 7503 --- [kground-preinit] o.apache.tomcat.util.digester.Digester   :   Fire end() for ObjectCreateRule[className=org.apache.tomcat.util.modeler.ParameterInfo, attributeName=null]
2019-12-06 11:18:41.253 DEBUG 7503 --- [kground-preinit] o.apache.tomcat.util.digester.Digester   : [ObjectCreateRule]{mbeans-descriptors/mbean/operation/parameter} Pop org.apache.tomcat.util.modeler.ParameterInfo
2019-12-06 11:18:41.253 DEBUG 7503 --- [kground-preinit] o.a.tomcat.util.digester.Digester.sax    : characters(
    )
2019-12-06 11:18:41.253 DEBUG 7503 --- [kground-preinit] o.a.tomcat.util.digester.Digester.sax    : endElement(,,operation)
2019-12-06 11:18:41.253 DEBUG 7503 --- [kground-preinit] o.apache.tomcat.util.digester.Digester   :   match='mbeans-descriptors/mbean/operation'
2019-12-06 11:18:41.253 DEBUG 7503 --- [kground-preinit] o.apache.tomcat.util.digester.Digester   :   bodyText='
      
      
    '
2019-12-06 11:18:41.253 DEBUG 7503 --- [kground-preinit] o.apache.tomcat.util.digester.Digester   :   Fire body() for ObjectCreateRule[className=org.apache.tomcat.util.modeler.OperationInfo, attributeName=null]
2019-12-06 11:18:41.253 DEBUG 7503 --- [kground-preinit] o.apache.tomcat.util.digester.Digester   :   Fire body() for SetPropertiesRule[]
2019-12-06 11:18:41.253 DEBUG 7503 --- [kground-preinit] o.apache.tomcat.util.digester.Digester   :   Fire body() for SetNextRule[methodName=addOperation, paramType=org.apache.tomcat.util.modeler.OperationInfo]
2019-12-06 11:18:41.253 DEBUG 7503 --- [kground-preinit] o.apache.tomcat.util.digester.Digester   :   Fire end() for SetNextRule[methodName=addOperation, paramType=org.apache.tomcat.util.modeler.OperationInfo]
2019-12-06 11:18:41.254 DEBUG 7503 --- [kground-preinit] o.apache.tomcat.util.digester.Digester   : [SetNextRule]{mbeans-descriptors/mbean/operation} Call org.apache.tomcat.util.modeler.ManagedBean.addOperation(org.apache.tomcat.util.modeler.OperationInfo@1eb2b0fa)
2019-12-06 11:18:41.254 DEBUG 7503 --- [kground-preinit] o.apache.tomcat.util.IntrospectionUtils  : IntrospectionUtils: callMethod1 org.apache.tomcat.util.modeler.ManagedBean org.apache.tomcat.util.modeler.OperationInfo org.apache.tomcat.util.modeler.OperationInfo
2019-12-06 11:18:41.254 DEBUG 7503 --- [kground-preinit] o.apache.tomcat.util.digester.Digester   :   Fire end() for SetPropertiesRule[]
2019-12-06 11:18:41.254 DEBUG 7503 --- [kground-preinit] o.apache.tomcat.util.digester.Digester   :   Fire end() for ObjectCreateRule[className=org.apache.tomcat.util.modeler.OperationInfo, attributeName=null]
2019-12-06 11:18:41.254 DEBUG 7503 --- [kground-preinit] o.apache.tomcat.util.digester.Digester   : [ObjectCreateRule]{mbeans-descriptors/mbean/operation} Pop org.apache.tomcat.util.modeler.OperationInfo
2019-12-06 11:18:41.254 DEBUG 7503 --- [kground-preinit] o.a.tomcat.util.digester.Digester.sax    : characters(

    )
2019-12-06 11:18:41.254 DEBUG 7503 --- [kground-preinit] o.a.tomcat.util.digester.Digester.sax    : startElement(,,operation)
2019-12-06 11:18:41.254 DEBUG 7503 --- [kground-preinit] o.apache.tomcat.util.digester.Digester   :   New match='mbeans-descriptors/mbean/operation'
2019-12-06 11:18:41.254 DEBUG 7503 --- [kground-preinit] o.apache.tomcat.util.digester.Digester   :   Fire begin() for ObjectCreateRule[className=org.apache.tomcat.util.modeler.OperationInfo, attributeName=null]
2019-12-06 11:18:41.255 DEBUG 7503 --- [kground-preinit] o.apache.tomcat.util.digester.Digester   :   Fire begin() for SetPropertiesRule[]
2019-12-06 11:18:41.255 DEBUG 7503 --- [kground-preinit] o.apache.tomcat.util.digester.Digester   : [SetPropertiesRule]{mbeans-descriptors/mbean/operation} Set org.apache.tomcat.util.modeler.OperationInfo properties
2019-12-06 11:18:41.255 DEBUG 7503 --- [kground-preinit] o.apache.tomcat.util.digester.Digester   : [SetPropertiesRule]{mbeans-descriptors/mbean/operation} Setting property 'name' to 'addParameter'
2019-12-06 11:18:41.255 DEBUG 7503 --- [kground-preinit] o.apache.tomcat.util.IntrospectionUtils  : IntrospectionUtils: setProperty(class org.apache.tomcat.util.modeler.OperationInfo name=addParameter)
2019-12-06 11:18:41.255 DEBUG 7503 --- [kground-preinit] o.apache.tomcat.util.digester.Digester   : [SetPropertiesRule]{mbeans-descriptors/mbean/operation} Setting property 'description' to 'Add a new context initialization parameter, replacing any existing value for the specified name.'
2019-12-06 11:18:41.255 DEBUG 7503 --- [kground-preinit] o.apache.tomcat.util.IntrospectionUtils  : IntrospectionUtils: setProperty(class org.apache.tomcat.util.modeler.OperationInfo description=Add a new context initialization parameter, replacing any existing value for the specified name.)
2019-12-06 11:18:41.255 DEBUG 7503 --- [kground-preinit] o.apache.tomcat.util.digester.Digester   : [SetPropertiesRule]{mbeans-descriptors/mbean/operation} Setting property 'impact' to 'ACTION'
2019-12-06 11:18:41.255 DEBUG 7503 --- [kground-preinit] o.apache.tomcat.util.IntrospectionUtils  : IntrospectionUtils: setProperty(class org.apache.tomcat.util.modeler.OperationInfo impact=ACTION)
2019-12-06 11:18:41.255 DEBUG 7503 --- [kground-preinit] o.apache.tomcat.util.digester.Digester   : [SetPropertiesRule]{mbeans-descriptors/mbean/operation} Setting property 'returnType' to 'void'
2019-12-06 11:18:41.255 DEBUG 7503 --- [kground-preinit] o.apache.tomcat.util.IntrospectionUtils  : IntrospectionUtils: setProperty(class org.apache.tomcat.util.modeler.OperationInfo returnType=void)
2019-12-06 11:18:41.255 DEBUG 7503 --- [kground-preinit] o.apache.tomcat.util.digester.Digester   :   Fire begin() for SetNextRule[methodName=addOperation, paramType=org.apache.tomcat.util.modeler.OperationInfo]
2019-12-06 11:18:41.256 DEBUG 7503 --- [kground-preinit] o.a.tomcat.util.digester.Digester.sax    : characters(
      )
2019-12-06 11:18:41.256 DEBUG 7503 --- [kground-preinit] o.a.tomcat.util.digester.Digester.sax    : startElement(,,parameter)
2019-12-06 11:18:41.256 DEBUG 7503 --- [kground-preinit] o.apache.tomcat.util.digester.Digester   :   New match='mbeans-descriptors/mbean/operation/parameter'
2019-12-06 11:18:41.256 DEBUG 7503 --- [kground-preinit] o.apache.tomcat.util.digester.Digester   :   Fire begin() for ObjectCreateRule[className=org.apache.tomcat.util.modeler.ParameterInfo, attributeName=null]
2019-12-06 11:18:41.256 DEBUG 7503 --- [kground-preinit] o.apache.tomcat.util.digester.Digester   :   Fire begin() for SetPropertiesRule[]
2019-12-06 11:18:41.256 DEBUG 7503 --- [kground-preinit] o.apache.tomcat.util.digester.Digester   : [SetPropertiesRule]{mbeans-descriptors/mbean/operation/parameter} Set org.apache.tomcat.util.modeler.ParameterInfo properties
2019-12-06 11:18:41.256 DEBUG 7503 --- [kground-preinit] o.apache.tomcat.util.digester.Digester   : [SetPropertiesRule]{mbeans-descriptors/mbean/operation/parameter} Setting property 'name' to 'name'
2019-12-06 11:18:41.256 DEBUG 7503 --- [kground-preinit] o.apache.tomcat.util.IntrospectionUtils  : IntrospectionUtils: setProperty(class org.apache.tomcat.util.modeler.ParameterInfo name=name)
2019-12-06 11:18:41.256 DEBUG 7503 --- [kground-preinit] o.apache.tomcat.util.digester.Digester   : [SetPropertiesRule]{mbeans-descriptors/mbean/operation/parameter} Setting property 'description' to 'Name of the new parameter'
2019-12-06 11:18:41.257 DEBUG 7503 --- [kground-preinit] o.apache.tomcat.util.IntrospectionUtils  : IntrospectionUtils: setProperty(class org.apache.tomcat.util.modeler.ParameterInfo description=Name of the new parameter)
2019-12-06 11:18:41.257 DEBUG 7503 --- [kground-preinit] o.apache.tomcat.util.digester.Digester   : [SetPropertiesRule]{mbeans-descriptors/mbean/operation/parameter} Setting property 'type' to 'java.lang.String'
2019-12-06 11:18:41.257 DEBUG 7503 --- [kground-preinit] o.apache.tomcat.util.IntrospectionUtils  : IntrospectionUtils: setProperty(class org.apache.tomcat.util.modeler.ParameterInfo type=java.lang.String)
2019-12-06 11:18:41.257 DEBUG 7503 --- [kground-preinit] o.apache.tomcat.util.digester.Digester   :   Fire begin() for SetNextRule[methodName=addParameter, paramType=org.apache.tomcat.util.modeler.ParameterInfo]
2019-12-06 11:18:41.257 DEBUG 7503 --- [kground-preinit] o.a.tomcat.util.digester.Digester.sax    : endElement(,,parameter)
2019-12-06 11:18:41.257 DEBUG 7503 --- [kground-preinit] o.apache.tomcat.util.digester.Digester   :   match='mbeans-descriptors/mbean/operation/parameter'
2019-12-06 11:18:41.257 DEBUG 7503 --- [kground-preinit] o.apache.tomcat.util.digester.Digester   :   bodyText=''
2019-12-06 11:18:41.257 DEBUG 7503 --- [kground-preinit] o.apache.tomcat.util.digester.Digester   :   Fire body() for ObjectCreateRule[className=org.apache.tomcat.util.modeler.ParameterInfo, attributeName=null]
2019-12-06 11:18:41.257 DEBUG 7503 --- [kground-preinit] o.apache.tomcat.util.digester.Digester   :   Fire body() for SetPropertiesRule[]
2019-12-06 11:18:41.257 DEBUG 7503 --- [kground-preinit] o.apache.tomcat.util.digester.Digester   :   Fire body() for SetNextRule[methodName=addParameter, paramType=org.apache.tomcat.util.modeler.ParameterInfo]
2019-12-06 11:18:41.258 DEBUG 7503 --- [kground-preinit] o.apache.tomcat.util.digester.Digester   :   Fire end() for SetNextRule[methodName=addParameter, paramType=org.apache.tomcat.util.modeler.ParameterInfo]
2019-12-06 11:18:41.258 DEBUG 7503 --- [kground-preinit] o.apache.tomcat.util.digester.Digester   : [SetNextRule]{mbeans-descriptors/mbean/operation/parameter} Call org.apache.tomcat.util.modeler.OperationInfo.addParameter(org.apache.tomcat.util.modeler.ParameterInfo@46d3cbfa)
2019-12-06 11:18:41.258 DEBUG 7503 --- [kground-preinit] o.apache.tomcat.util.IntrospectionUtils  : IntrospectionUtils: callMethod1 org.apache.tomcat.util.modeler.OperationInfo org.apache.tomcat.util.modeler.ParameterInfo org.apache.tomcat.util.modeler.ParameterInfo
2019-12-06 11:18:41.258 DEBUG 7503 --- [kground-preinit] o.apache.tomcat.util.digester.Digester   :   Fire end() for SetPropertiesRule[]
2019-12-06 11:18:41.258 DEBUG 7503 --- [kground-preinit] o.apache.tomcat.util.digester.Digester   :   Fire end() for ObjectCreateRule[className=org.apache.tomcat.util.modeler.ParameterInfo, attributeName=null]
2019-12-06 11:18:41.258 DEBUG 7503 --- [kground-preinit] o.apache.tomcat.util.digester.Digester   : [ObjectCreateRule]{mbeans-descriptors/mbean/operation/parameter} Pop org.apache.tomcat.util.modeler.ParameterInfo
2019-12-06 11:18:41.258 DEBUG 7503 --- [kground-preinit] o.a.tomcat.util.digester.Digester.sax    : characters(
      )
2019-12-06 11:18:41.258 DEBUG 7503 --- [kground-preinit] o.a.tomcat.util.digester.Digester.sax    : startElement(,,parameter)
2019-12-06 11:18:41.258 DEBUG 7503 --- [kground-preinit] o.apache.tomcat.util.digester.Digester   :   New match='mbeans-descriptors/mbean/operation/parameter'
2019-12-06 11:18:41.259 DEBUG 7503 --- [kground-preinit] o.apache.tomcat.util.digester.Digester   :   Fire begin() for ObjectCreateRule[className=org.apache.tomcat.util.modeler.ParameterInfo, attributeName=null]
2019-12-06 11:18:41.259 DEBUG 7503 --- [kground-preinit] o.apache.tomcat.util.digester.Digester   :   Fire begin() for SetPropertiesRule[]
2019-12-06 11:18:41.259 DEBUG 7503 --- [kground-preinit] o.apache.tomcat.util.digester.Digester   : [SetPropertiesRule]{mbeans-descriptors/mbean/operation/parameter} Set org.apache.tomcat.util.modeler.ParameterInfo properties
2019-12-06 11:18:41.259 DEBUG 7503 --- [kground-preinit] o.apache.tomcat.util.digester.Digester   : [SetPropertiesRule]{mbeans-descriptors/mbean/operation/parameter} Setting property 'name' to 'value'
2019-12-06 11:18:41.259 DEBUG 7503 --- [kground-preinit] o.apache.tomcat.util.IntrospectionUtils  : IntrospectionUtils: setProperty(class org.apache.tomcat.util.modeler.ParameterInfo name=value)
2019-12-06 11:18:41.259 DEBUG 7503 --- [kground-preinit] o.apache.tomcat.util.digester.Digester   : [SetPropertiesRule]{mbeans-descriptors/mbean/operation/parameter} Setting property 'description' to 'Value of the new  parameter'
2019-12-06 11:18:41.259 DEBUG 7503 --- [kground-preinit] o.apache.tomcat.util.IntrospectionUtils  : IntrospectionUtils: setProperty(class org.apache.tomcat.util.modeler.ParameterInfo description=Value of the new  parameter)
2019-12-06 11:18:41.259 DEBUG 7503 --- [kground-preinit] o.apache.tomcat.util.digester.Digester   : [SetPropertiesRule]{mbeans-descriptors/mbean/operation/parameter} Setting property 'type' to 'java.lang.String'
2019-12-06 11:18:41.259 DEBUG 7503 --- [kground-preinit] o.apache.tomcat.util.IntrospectionUtils  : IntrospectionUtils: setProperty(class org.apache.tomcat.util.modeler.ParameterInfo type=java.lang.String)
2019-12-06 11:18:41.259 DEBUG 7503 --- [kground-preinit] o.apache.tomcat.util.digester.Digester   :   Fire begin() for SetNextRule[methodName=addParameter, paramType=org.apache.tomcat.util.modeler.ParameterInfo]
2019-12-06 11:18:41.260 DEBUG 7503 --- [kground-preinit] o.a.tomcat.util.digester.Digester.sax    : endElement(,,parameter)
2019-12-06 11:18:41.260 DEBUG 7503 --- [kground-preinit] o.apache.tomcat.util.digester.Digester   :   match='mbeans-descriptors/mbean/operation/parameter'
2019-12-06 11:18:41.260 DEBUG 7503 --- [kground-preinit] o.apache.tomcat.util.digester.Digester   :   bodyText=''
2019-12-06 11:18:41.260 DEBUG 7503 --- [kground-preinit] o.apache.tomcat.util.digester.Digester   :   Fire body() for ObjectCreateRule[className=org.apache.tomcat.util.modeler.ParameterInfo, attributeName=null]
2019-12-06 11:18:41.260 DEBUG 7503 --- [kground-preinit] o.apache.tomcat.util.digester.Digester   :   Fire body() for SetPropertiesRule[]
2019-12-06 11:18:41.260 DEBUG 7503 --- [kground-preinit] o.apache.tomcat.util.digester.Digester   :   Fire body() for SetNextRule[methodName=addParameter, paramType=org.apache.tomcat.util.modeler.ParameterInfo]
2019-12-06 11:18:41.260 DEBUG 7503 --- [kground-preinit] o.apache.tomcat.util.digester.Digester   :   Fire end() for SetNextRule[methodName=addParameter, paramType=org.apache.tomcat.util.modeler.ParameterInfo]
2019-12-06 11:18:41.260 DEBUG 7503 --- [kground-preinit] o.apache.tomcat.util.digester.Digester   : [SetNextRule]{mbeans-descriptors/mbean/operation/parameter} Call org.apache.tomcat.util.modeler.OperationInfo.addParameter(org.apache.tomcat.util.modeler.ParameterInfo@443ed7c5)
2019-12-06 11:18:41.260 DEBUG 7503 --- [kground-preinit] o.apache.tomcat.util.IntrospectionUtils  : IntrospectionUtils: callMethod1 org.apache.tomcat.util.modeler.OperationInfo org.apache.tomcat.util.modeler.ParameterInfo org.apache.tomcat.util.modeler.ParameterInfo
2019-12-06 11:18:41.261 DEBUG 7503 --- [kground-preinit] o.apache.tomcat.util.digester.Digester   :   Fire end() for SetPropertiesRule[]
2019-12-06 11:18:41.261 DEBUG 7503 --- [kground-preinit] o.apache.tomcat.util.digester.Digester   :   Fire end() for ObjectCreateRule[className=org.apache.tomcat.util.modeler.ParameterInfo, attributeName=null]
2019-12-06 11:18:41.261 DEBUG 7503 --- [kground-preinit] o.apache.tomcat.util.digester.Digester   : [ObjectCreateRule]{mbeans-descriptors/mbean/operation/parameter} Pop org.apache.tomcat.util.modeler.ParameterInfo
2019-12-06 11:18:41.261 DEBUG 7503 --- [kground-preinit] o.a.tomcat.util.digester.Digester.sax    : characters(
    )
2019-12-06 11:18:41.261 DEBUG 7503 --- [kground-preinit] o.a.tomcat.util.digester.Digester.sax    : endElement(,,operation)
2019-12-06 11:18:41.261 DEBUG 7503 --- [kground-preinit] o.apache.tomcat.util.digester.Digester   :   match='mbeans-descriptors/mbean/operation'
2019-12-06 11:18:41.261 DEBUG 7503 --- [kground-preinit] o.apache.tomcat.util.digester.Digester   :   bodyText='
      
      
    '
2019-12-06 11:18:41.261 DEBUG 7503 --- [kground-preinit] o.apache.tomcat.util.digester.Digester   :   Fire body() for ObjectCreateRule[className=org.apache.tomcat.util.modeler.OperationInfo, attributeName=null]
2019-12-06 11:18:41.261 DEBUG 7503 --- [kground-preinit] o.apache.tomcat.util.digester.Digester   :   Fire body() for SetPropertiesRule[]
2019-12-06 11:18:41.261 DEBUG 7503 --- [kground-preinit] o.apache.tomcat.util.digester.Digester   :   Fire body() for SetNextRule[methodName=addOperation, paramType=org.apache.tomcat.util.modeler.OperationInfo]
2019-12-06 11:18:41.261 DEBUG 7503 --- [kground-preinit] o.apache.tomcat.util.digester.Digester   :   Fire end() for SetNextRule[methodName=addOperation, paramType=org.apache.tomcat.util.modeler.OperationInfo]
2019-12-06 11:18:41.261 DEBUG 7503 --- [kground-preinit] o.apache.tomcat.util.digester.Digester   : [SetNextRule]{mbeans-descriptors/mbean/operation} Call org.apache.tomcat.util.modeler.ManagedBean.addOperation(org.apache.tomcat.util.modeler.OperationInfo@43f1be1f)
2019-12-06 11:18:41.262 DEBUG 7503 --- [kground-preinit] o.apache.tomcat.util.IntrospectionUtils  : IntrospectionUtils: callMethod1 org.apache.tomcat.util.modeler.ManagedBean org.apache.tomcat.util.modeler.OperationInfo org.apache.tomcat.util.modeler.OperationInfo
2019-12-06 11:18:41.262 DEBUG 7503 --- [kground-preinit] o.apache.tomcat.util.digester.Digester   :   Fire end() for SetPropertiesRule[]
2019-12-06 11:18:41.262 DEBUG 7503 --- [kground-preinit] o.apache.tomcat.util.digester.Digester   :   Fire end() for ObjectCreateRule[className=org.apache.tomcat.util.modeler.OperationInfo, attributeName=null]
2019-12-06 11:18:41.262 DEBUG 7503 --- [kground-preinit] o.apache.tomcat.util.digester.Digester   : [ObjectCreateRule]{mbeans-descriptors/mbean/operation} Pop org.apache.tomcat.util.modeler.OperationInfo
2019-12-06 11:18:41.262 DEBUG 7503 --- [kground-preinit] o.a.tomcat.util.digester.Digester.sax    : characters(

    )
2019-12-06 11:18:41.262 DEBUG 7503 --- [kground-preinit] o.a.tomcat.util.digester.Digester.sax    : startElement(,,operation)
2019-12-06 11:18:41.262 DEBUG 7503 --- [kground-preinit] o.apache.tomcat.util.digester.Digester   :   New match='mbeans-descriptors/mbean/operation'
2019-12-06 11:18:41.262 DEBUG 7503 --- [kground-preinit] o.apache.tomcat.util.digester.Digester   :   Fire begin() for ObjectCreateRule[className=org.apache.tomcat.util.modeler.OperationInfo, attributeName=null]
2019-12-06 11:18:41.262 DEBUG 7503 --- [kground-preinit] o.apache.tomcat.util.digester.Digester   :   Fire begin() for SetPropertiesRule[]
2019-12-06 11:18:41.262 DEBUG 7503 --- [kground-preinit] o.apache.tomcat.util.digester.Digester   : [SetPropertiesRule]{mbeans-descriptors/mbean/operation} Set org.apache.tomcat.util.modeler.OperationInfo properties
2019-12-06 11:18:41.262 DEBUG 7503 --- [kground-preinit] o.apache.tomcat.util.digester.Digester   : [SetPropertiesRule]{mbeans-descriptors/mbean/operation} Setting property 'name' to 'addRoleMapping'
2019-12-06 11:18:41.263 DEBUG 7503 --- [kground-preinit] o.apache.tomcat.util.IntrospectionUtils  : IntrospectionUtils: setProperty(class org.apache.tomcat.util.modeler.OperationInfo name=addRoleMapping)
2019-12-06 11:18:41.263 DEBUG 7503 --- [kground-preinit] o.apache.tomcat.util.digester.Digester   : [SetPropertiesRule]{mbeans-descriptors/mbean/operation} Setting property 'description' to 'Add a security role reference for this web application.'
2019-12-06 11:18:41.263 DEBUG 7503 --- [kground-preinit] o.apache.tomcat.util.IntrospectionUtils  : IntrospectionUtils: setProperty(class org.apache.tomcat.util.modeler.OperationInfo description=Add a security role reference for this web application.)
2019-12-06 11:18:41.263 DEBUG 7503 --- [kground-preinit] o.apache.tomcat.util.digester.Digester   : [SetPropertiesRule]{mbeans-descriptors/mbean/operation} Setting property 'impact' to 'ACTION'
2019-12-06 11:18:41.263 DEBUG 7503 --- [kground-preinit] o.apache.tomcat.util.IntrospectionUtils  : IntrospectionUtils: setProperty(class org.apache.tomcat.util.modeler.OperationInfo impact=ACTION)
2019-12-06 11:18:41.263 DEBUG 7503 --- [kground-preinit] o.apache.tomcat.util.digester.Digester   : [SetPropertiesRule]{mbeans-descriptors/mbean/operation} Setting property 'returnType' to 'void'
2019-12-06 11:18:41.263 DEBUG 7503 --- [kground-preinit] o.apache.tomcat.util.IntrospectionUtils  : IntrospectionUtils: setProperty(class org.apache.tomcat.util.modeler.OperationInfo returnType=void)
2019-12-06 11:18:41.263 DEBUG 7503 --- [kground-preinit] o.apache.tomcat.util.digester.Digester   :   Fire begin() for SetNextRule[methodName=addOperation, paramType=org.apache.tomcat.util.modeler.OperationInfo]
2019-12-06 11:18:41.263 DEBUG 7503 --- [kground-preinit] o.a.tomcat.util.digester.Digester.sax    : characters(
      )
2019-12-06 11:18:41.263 DEBUG 7503 --- [kground-preinit] o.a.tomcat.util.digester.Digester.sax    : startElement(,,parameter)
2019-12-06 11:18:41.264 DEBUG 7503 --- [kground-preinit] o.apache.tomcat.util.digester.Digester   :   New match='mbeans-descriptors/mbean/operation/parameter'
2019-12-06 11:18:41.264 DEBUG 7503 --- [kground-preinit] o.apache.tomcat.util.digester.Digester   :   Fire begin() for ObjectCreateRule[className=org.apache.tomcat.util.modeler.ParameterInfo, attributeName=null]
2019-12-06 11:18:41.264 DEBUG 7503 --- [kground-preinit] o.apache.tomcat.util.digester.Digester   :   Fire begin() for SetPropertiesRule[]
2019-12-06 11:18:41.264 DEBUG 7503 --- [kground-preinit] o.apache.tomcat.util.digester.Digester   : [SetPropertiesRule]{mbeans-descriptors/mbean/operation/parameter} Set org.apache.tomcat.util.modeler.ParameterInfo properties
2019-12-06 11:18:41.264 DEBUG 7503 --- [kground-preinit] o.apache.tomcat.util.digester.Digester   : [SetPropertiesRule]{mbeans-descriptors/mbean/operation/parameter} Setting property 'name' to 'role'
2019-12-06 11:18:41.264 DEBUG 7503 --- [kground-preinit] o.apache.tomcat.util.IntrospectionUtils  : IntrospectionUtils: setProperty(class org.apache.tomcat.util.modeler.ParameterInfo name=role)
2019-12-06 11:18:41.264 DEBUG 7503 --- [kground-preinit] o.apache.tomcat.util.digester.Digester   : [SetPropertiesRule]{mbeans-descriptors/mbean/operation/parameter} Setting property 'description' to 'Security role used in the application'
2019-12-06 11:18:41.264 DEBUG 7503 --- [kground-preinit] o.apache.tomcat.util.IntrospectionUtils  : IntrospectionUtils: setProperty(class org.apache.tomcat.util.modeler.ParameterInfo description=Security role used in the application)
2019-12-06 11:18:41.264 DEBUG 7503 --- [kground-preinit] o.apache.tomcat.util.digester.Digester   : [SetPropertiesRule]{mbeans-descriptors/mbean/operation/parameter} Setting property 'type' to 'java.lang.String'
2019-12-06 11:18:41.264 DEBUG 7503 --- [kground-preinit] o.apache.tomcat.util.IntrospectionUtils  : IntrospectionUtils: setProperty(class org.apache.tomcat.util.modeler.ParameterInfo type=java.lang.String)
2019-12-06 11:18:41.264 DEBUG 7503 --- [kground-preinit] o.apache.tomcat.util.digester.Digester   :   Fire begin() for SetNextRule[methodName=addParameter, paramType=org.apache.tomcat.util.modeler.ParameterInfo]
2019-12-06 11:18:41.265 DEBUG 7503 --- [kground-preinit] o.a.tomcat.util.digester.Digester.sax    : endElement(,,parameter)
2019-12-06 11:18:41.265 DEBUG 7503 --- [kground-preinit] o.apache.tomcat.util.digester.Digester   :   match='mbeans-descriptors/mbean/operation/parameter'
2019-12-06 11:18:41.265 DEBUG 7503 --- [kground-preinit] o.apache.tomcat.util.digester.Digester   :   bodyText=''
2019-12-06 11:18:41.265 DEBUG 7503 --- [kground-preinit] o.apache.tomcat.util.digester.Digester   :   Fire body() for ObjectCreateRule[className=org.apache.tomcat.util.modeler.ParameterInfo, attributeName=null]
2019-12-06 11:18:41.265 DEBUG 7503 --- [kground-preinit] o.apache.tomcat.util.digester.Digester   :   Fire body() for SetPropertiesRule[]
2019-12-06 11:18:41.265 DEBUG 7503 --- [kground-preinit] o.apache.tomcat.util.digester.Digester   :   Fire body() for SetNextRule[methodName=addParameter, paramType=org.apache.tomcat.util.modeler.ParameterInfo]
2019-12-06 11:18:41.265 DEBUG 7503 --- [kground-preinit] o.apache.tomcat.util.digester.Digester   :   Fire end() for SetNextRule[methodName=addParameter, paramType=org.apache.tomcat.util.modeler.ParameterInfo]
2019-12-06 11:18:41.265 DEBUG 7503 --- [kground-preinit] o.apache.tomcat.util.digester.Digester   : [SetNextRule]{mbeans-descriptors/mbean/operation/parameter} Call org.apache.tomcat.util.modeler.OperationInfo.addParameter(org.apache.tomcat.util.modeler.ParameterInfo@484ff3fb)
2019-12-06 11:18:41.265 DEBUG 7503 --- [kground-preinit] o.apache.tomcat.util.IntrospectionUtils  : IntrospectionUtils: callMethod1 org.apache.tomcat.util.modeler.OperationInfo org.apache.tomcat.util.modeler.ParameterInfo org.apache.tomcat.util.modeler.ParameterInfo
2019-12-06 11:18:41.265 DEBUG 7503 --- [kground-preinit] o.apache.tomcat.util.digester.Digester   :   Fire end() for SetPropertiesRule[]
2019-12-06 11:18:41.265 DEBUG 7503 --- [kground-preinit] o.apache.tomcat.util.digester.Digester   :   Fire end() for ObjectCreateRule[className=org.apache.tomcat.util.modeler.ParameterInfo, attributeName=null]
2019-12-06 11:18:41.266 DEBUG 7503 --- [kground-preinit] o.apache.tomcat.util.digester.Digester   : [ObjectCreateRule]{mbeans-descriptors/mbean/operation/parameter} Pop org.apache.tomcat.util.modeler.ParameterInfo
2019-12-06 11:18:41.266 DEBUG 7503 --- [kground-preinit] o.a.tomcat.util.digester.Digester.sax    : characters(
      )
2019-12-06 11:18:41.266 DEBUG 7503 --- [kground-preinit] o.a.tomcat.util.digester.Digester.sax    : startElement(,,parameter)
2019-12-06 11:18:41.266 DEBUG 7503 --- [kground-preinit] o.apache.tomcat.util.digester.Digester   :   New match='mbeans-descriptors/mbean/operation/parameter'
2019-12-06 11:18:41.266 DEBUG 7503 --- [kground-preinit] o.apache.tomcat.util.digester.Digester   :   Fire begin() for ObjectCreateRule[className=org.apache.tomcat.util.modeler.ParameterInfo, attributeName=null]
2019-12-06 11:18:41.266 DEBUG 7503 --- [kground-preinit] o.apache.tomcat.util.digester.Digester   :   Fire begin() for SetPropertiesRule[]
2019-12-06 11:18:41.266 DEBUG 7503 --- [kground-preinit] o.apache.tomcat.util.digester.Digester   : [SetPropertiesRule]{mbeans-descriptors/mbean/operation/parameter} Set org.apache.tomcat.util.modeler.ParameterInfo properties
2019-12-06 11:18:41.266 DEBUG 7503 --- [kground-preinit] o.apache.tomcat.util.digester.Digester   : [SetPropertiesRule]{mbeans-descriptors/mbean/operation/parameter} Setting property 'name' to 'link'
2019-12-06 11:18:41.266 DEBUG 7503 --- [kground-preinit] o.apache.tomcat.util.IntrospectionUtils  : IntrospectionUtils: setProperty(class org.apache.tomcat.util.modeler.ParameterInfo name=link)
2019-12-06 11:18:41.267 DEBUG 7503 --- [kground-preinit] o.apache.tomcat.util.digester.Digester   : [SetPropertiesRule]{mbeans-descriptors/mbean/operation/parameter} Setting property 'description' to 'Actual security role to check for'
2019-12-06 11:18:41.267 DEBUG 7503 --- [kground-preinit] o.apache.tomcat.util.IntrospectionUtils  : IntrospectionUtils: setProperty(class org.apache.tomcat.util.modeler.ParameterInfo description=Actual security role to check for)
2019-12-06 11:18:41.267 DEBUG 7503 --- [kground-preinit] o.apache.tomcat.util.digester.Digester   : [SetPropertiesRule]{mbeans-descriptors/mbean/operation/parameter} Setting property 'type' to 'java.lang.String'
2019-12-06 11:18:41.267 DEBUG 7503 --- [kground-preinit] o.apache.tomcat.util.IntrospectionUtils  : IntrospectionUtils: setProperty(class org.apache.tomcat.util.modeler.ParameterInfo type=java.lang.String)
2019-12-06 11:18:41.267 DEBUG 7503 --- [kground-preinit] o.apache.tomcat.util.digester.Digester   :   Fire begin() for SetNextRule[methodName=addParameter, paramType=org.apache.tomcat.util.modeler.ParameterInfo]
2019-12-06 11:18:41.267 DEBUG 7503 --- [kground-preinit] o.a.tomcat.util.digester.Digester.sax    : endElement(,,parameter)
2019-12-06 11:18:41.267 DEBUG 7503 --- [kground-preinit] o.apache.tomcat.util.digester.Digester   :   match='mbeans-descriptors/mbean/operation/parameter'
2019-12-06 11:18:41.267 DEBUG 7503 --- [kground-preinit] o.apache.tomcat.util.digester.Digester   :   bodyText=''
2019-12-06 11:18:41.267 DEBUG 7503 --- [kground-preinit] o.apache.tomcat.util.digester.Digester   :   Fire body() for ObjectCreateRule[className=org.apache.tomcat.util.modeler.ParameterInfo, attributeName=null]
2019-12-06 11:18:41.267 DEBUG 7503 --- [kground-preinit] o.apache.tomcat.util.digester.Digester   :   Fire body() for SetPropertiesRule[]
2019-12-06 11:18:41.267 DEBUG 7503 --- [kground-preinit] o.apache.tomcat.util.digester.Digester   :   Fire body() for SetNextRule[methodName=addParameter, paramType=org.apache.tomcat.util.modeler.ParameterInfo]
2019-12-06 11:18:41.267 DEBUG 7503 --- [kground-preinit] o.apache.tomcat.util.digester.Digester   :   Fire end() for SetNextRule[methodName=addParameter, paramType=org.apache.tomcat.util.modeler.ParameterInfo]
2019-12-06 11:18:41.268 DEBUG 7503 --- [kground-preinit] o.apache.tomcat.util.digester.Digester   : [SetNextRule]{mbeans-descriptors/mbean/operation/parameter} Call org.apache.tomcat.util.modeler.OperationInfo.addParameter(org.apache.tomcat.util.modeler.ParameterInfo@109b6d13)
2019-12-06 11:18:41.268 DEBUG 7503 --- [kground-preinit] o.apache.tomcat.util.IntrospectionUtils  : IntrospectionUtils: callMethod1 org.apache.tomcat.util.modeler.OperationInfo org.apache.tomcat.util.modeler.ParameterInfo org.apache.tomcat.util.modeler.ParameterInfo
2019-12-06 11:18:41.268 DEBUG 7503 --- [kground-preinit] o.apache.tomcat.util.digester.Digester   :   Fire end() for SetPropertiesRule[]
2019-12-06 11:18:41.268 DEBUG 7503 --- [kground-preinit] o.apache.tomcat.util.digester.Digester   :   Fire end() for ObjectCreateRule[className=org.apache.tomcat.util.modeler.ParameterInfo, attributeName=null]
2019-12-06 11:18:41.268 DEBUG 7503 --- [kground-preinit] o.apache.tomcat.util.digester.Digester   : [ObjectCreateRule]{mbeans-descriptors/mbean/operation/parameter} Pop org.apache.tomcat.util.modeler.ParameterInfo
2019-12-06 11:18:41.268 DEBUG 7503 --- [kground-preinit] o.a.tomcat.util.digester.Digester.sax    : characters(
    )
2019-12-06 11:18:41.268 DEBUG 7503 --- [kground-preinit] o.a.tomcat.util.digester.Digester.sax    : endElement(,,operation)
2019-12-06 11:18:41.268 DEBUG 7503 --- [kground-preinit] o.apache.tomcat.util.digester.Digester   :   match='mbeans-descriptors/mbean/operation'
2019-12-06 11:18:41.268 DEBUG 7503 --- [kground-preinit] o.apache.tomcat.util.digester.Digester   :   bodyText='
      
      
    '
2019-12-06 11:18:41.268 DEBUG 7503 --- [kground-preinit] o.apache.tomcat.util.digester.Digester   :   Fire body() for ObjectCreateRule[className=org.apache.tomcat.util.modeler.OperationInfo, attributeName=null]
2019-12-06 11:18:41.268 DEBUG 7503 --- [kground-preinit] o.apache.tomcat.util.digester.Digester   :   Fire body() for SetPropertiesRule[]
2019-12-06 11:18:41.268 DEBUG 7503 --- [kground-preinit] o.apache.tomcat.util.digester.Digester   :   Fire body() for SetNextRule[methodName=addOperation, paramType=org.apache.tomcat.util.modeler.OperationInfo]
2019-12-06 11:18:41.268 DEBUG 7503 --- [kground-preinit] o.apache.tomcat.util.digester.Digester   :   Fire end() for SetNextRule[methodName=addOperation, paramType=org.apache.tomcat.util.modeler.OperationInfo]
2019-12-06 11:18:41.268 DEBUG 7503 --- [kground-preinit] o.apache.tomcat.util.digester.Digester   : [SetNextRule]{mbeans-descriptors/mbean/operation} Call org.apache.tomcat.util.modeler.ManagedBean.addOperation(org.apache.tomcat.util.modeler.OperationInfo@2229103a)
2019-12-06 11:18:41.269 DEBUG 7503 --- [kground-preinit] o.apache.tomcat.util.IntrospectionUtils  : IntrospectionUtils: callMethod1 org.apache.tomcat.util.modeler.ManagedBean org.apache.tomcat.util.modeler.OperationInfo org.apache.tomcat.util.modeler.OperationInfo
2019-12-06 11:18:41.269 DEBUG 7503 --- [kground-preinit] o.apache.tomcat.util.digester.Digester   :   Fire end() for SetPropertiesRule[]
2019-12-06 11:18:41.269 DEBUG 7503 --- [kground-preinit] o.apache.tomcat.util.digester.Digester   :   Fire end() for ObjectCreateRule[className=org.apache.tomcat.util.modeler.OperationInfo, attributeName=null]
2019-12-06 11:18:41.269 DEBUG 7503 --- [kground-preinit] o.apache.tomcat.util.digester.Digester   : [ObjectCreateRule]{mbeans-descriptors/mbean/operation} Pop org.apache.tomcat.util.modeler.OperationInfo
2019-12-06 11:18:41.269 DEBUG 7503 --- [kground-preinit] o.a.tomcat.util.digester.Digester.sax    : characters(

    )
2019-12-06 11:18:41.269 DEBUG 7503 --- [kground-preinit] o.a.tomcat.util.digester.Digester.sax    : startElement(,,operation)
2019-12-06 11:18:41.269 DEBUG 7503 --- [kground-preinit] o.apache.tomcat.util.digester.Digester   :   New match='mbeans-descriptors/mbean/operation'
2019-12-06 11:18:41.269 DEBUG 7503 --- [kground-preinit] o.apache.tomcat.util.digester.Digester   :   Fire begin() for ObjectCreateRule[className=org.apache.tomcat.util.modeler.OperationInfo, attributeName=null]
2019-12-06 11:18:41.269 DEBUG 7503 --- [kground-preinit] o.apache.tomcat.util.digester.Digester   :   Fire begin() for SetPropertiesRule[]
2019-12-06 11:18:41.269 DEBUG 7503 --- [kground-preinit] o.apache.tomcat.util.digester.Digester   : [SetPropertiesRule]{mbeans-descriptors/mbean/operation} Set org.apache.tomcat.util.modeler.OperationInfo properties
2019-12-06 11:18:41.269 DEBUG 7503 --- [kground-preinit] o.apache.tomcat.util.digester.Digester   : [SetPropertiesRule]{mbeans-descriptors/mbean/operation} Setting property 'name' to 'addSecurityRole'
2019-12-06 11:18:41.270 DEBUG 7503 --- [kground-preinit] o.apache.tomcat.util.IntrospectionUtils  : IntrospectionUtils: setProperty(class org.apache.tomcat.util.modeler.OperationInfo name=addSecurityRole)
2019-12-06 11:18:41.270 DEBUG 7503 --- [kground-preinit] o.apache.tomcat.util.digester.Digester   : [SetPropertiesRule]{mbeans-descriptors/mbean/operation} Setting property 'description' to 'Add a new security role for this web application.'
2019-12-06 11:18:41.270 DEBUG 7503 --- [kground-preinit] o.apache.tomcat.util.IntrospectionUtils  : IntrospectionUtils: setProperty(class org.apache.tomcat.util.modeler.OperationInfo description=Add a new security role for this web application.)
2019-12-06 11:18:41.270 DEBUG 7503 --- [kground-preinit] o.apache.tomcat.util.digester.Digester   : [SetPropertiesRule]{mbeans-descriptors/mbean/operation} Setting property 'impact' to 'ACTION'
2019-12-06 11:18:41.270 DEBUG 7503 --- [kground-preinit] o.apache.tomcat.util.IntrospectionUtils  : IntrospectionUtils: setProperty(class org.apache.tomcat.util.modeler.OperationInfo impact=ACTION)
2019-12-06 11:18:41.270 DEBUG 7503 --- [kground-preinit] o.apache.tomcat.util.digester.Digester   : [SetPropertiesRule]{mbeans-descriptors/mbean/operation} Setting property 'returnType' to 'void'
2019-12-06 11:18:41.270 DEBUG 7503 --- [kground-preinit] o.apache.tomcat.util.IntrospectionUtils  : IntrospectionUtils: setProperty(class org.apache.tomcat.util.modeler.OperationInfo returnType=void)
2019-12-06 11:18:41.270 DEBUG 7503 --- [kground-preinit] o.apache.tomcat.util.digester.Digester   :   Fire begin() for SetNextRule[methodName=addOperation, paramType=org.apache.tomcat.util.modeler.OperationInfo]
2019-12-06 11:18:41.270 DEBUG 7503 --- [kground-preinit] o.a.tomcat.util.digester.Digester.sax    : characters(
      )
2019-12-06 11:18:41.270 DEBUG 7503 --- [kground-preinit] o.a.tomcat.util.digester.Digester.sax    : startElement(,,parameter)
2019-12-06 11:18:41.270 DEBUG 7503 --- [kground-preinit] o.apache.tomcat.util.digester.Digester   :   New match='mbeans-descriptors/mbean/operation/parameter'
2019-12-06 11:18:41.270 DEBUG 7503 --- [kground-preinit] o.apache.tomcat.util.digester.Digester   :   Fire begin() for ObjectCreateRule[className=org.apache.tomcat.util.modeler.ParameterInfo, attributeName=null]
2019-12-06 11:18:41.271 DEBUG 7503 --- [kground-preinit] o.apache.tomcat.util.digester.Digester   :   Fire begin() for SetPropertiesRule[]
2019-12-06 11:18:41.271 DEBUG 7503 --- [kground-preinit] o.apache.tomcat.util.digester.Digester   : [SetPropertiesRule]{mbeans-descriptors/mbean/operation/parameter} Set org.apache.tomcat.util.modeler.ParameterInfo properties
2019-12-06 11:18:41.271 DEBUG 7503 --- [kground-preinit] o.apache.tomcat.util.digester.Digester   : [SetPropertiesRule]{mbeans-descriptors/mbean/operation/parameter} Setting property 'name' to 'role'
2019-12-06 11:18:41.271 DEBUG 7503 --- [kground-preinit] o.apache.tomcat.util.IntrospectionUtils  : IntrospectionUtils: setProperty(class org.apache.tomcat.util.modeler.ParameterInfo name=role)
2019-12-06 11:18:41.271 DEBUG 7503 --- [kground-preinit] o.apache.tomcat.util.digester.Digester   : [SetPropertiesRule]{mbeans-descriptors/mbean/operation/parameter} Setting property 'description' to 'New security role'
2019-12-06 11:18:41.271 DEBUG 7503 --- [kground-preinit] o.apache.tomcat.util.IntrospectionUtils  : IntrospectionUtils: setProperty(class org.apache.tomcat.util.modeler.ParameterInfo description=New security role)
2019-12-06 11:18:41.271 DEBUG 7503 --- [kground-preinit] o.apache.tomcat.util.digester.Digester   : [SetPropertiesRule]{mbeans-descriptors/mbean/operation/parameter} Setting property 'type' to 'java.lang.String'
2019-12-06 11:18:41.271 DEBUG 7503 --- [kground-preinit] o.apache.tomcat.util.IntrospectionUtils  : IntrospectionUtils: setProperty(class org.apache.tomcat.util.modeler.ParameterInfo type=java.lang.String)
2019-12-06 11:18:41.271 DEBUG 7503 --- [kground-preinit] o.apache.tomcat.util.digester.Digester   :   Fire begin() for SetNextRule[methodName=addParameter, paramType=org.apache.tomcat.util.modeler.ParameterInfo]
2019-12-06 11:18:41.271 DEBUG 7503 --- [kground-preinit] o.a.tomcat.util.digester.Digester.sax    : endElement(,,parameter)
2019-12-06 11:18:41.271 DEBUG 7503 --- [kground-preinit] o.apache.tomcat.util.digester.Digester   :   match='mbeans-descriptors/mbean/operation/parameter'
2019-12-06 11:18:41.271 DEBUG 7503 --- [kground-preinit] o.apache.tomcat.util.digester.Digester   :   bodyText=''
2019-12-06 11:18:41.271 DEBUG 7503 --- [kground-preinit] o.apache.tomcat.util.digester.Digester   :   Fire body() for ObjectCreateRule[className=org.apache.tomcat.util.modeler.ParameterInfo, attributeName=null]
2019-12-06 11:18:41.271 DEBUG 7503 --- [kground-preinit] o.apache.tomcat.util.digester.Digester   :   Fire body() for SetPropertiesRule[]
2019-12-06 11:18:41.272 DEBUG 7503 --- [kground-preinit] o.apache.tomcat.util.digester.Digester   :   Fire body() for SetNextRule[methodName=addParameter, paramType=org.apache.tomcat.util.modeler.ParameterInfo]
2019-12-06 11:18:41.272 DEBUG 7503 --- [kground-preinit] o.apache.tomcat.util.digester.Digester   :   Fire end() for SetNextRule[methodName=addParameter, paramType=org.apache.tomcat.util.modeler.ParameterInfo]
2019-12-06 11:18:41.272 DEBUG 7503 --- [kground-preinit] o.apache.tomcat.util.digester.Digester   : [SetNextRule]{mbeans-descriptors/mbean/operation/parameter} Call org.apache.tomcat.util.modeler.OperationInfo.addParameter(org.apache.tomcat.util.modeler.ParameterInfo@6c665326)
2019-12-06 11:18:41.272 DEBUG 7503 --- [kground-preinit] o.apache.tomcat.util.IntrospectionUtils  : IntrospectionUtils: callMethod1 org.apache.tomcat.util.modeler.OperationInfo org.apache.tomcat.util.modeler.ParameterInfo org.apache.tomcat.util.modeler.ParameterInfo
2019-12-06 11:18:41.272 DEBUG 7503 --- [kground-preinit] o.apache.tomcat.util.digester.Digester   :   Fire end() for SetPropertiesRule[]
2019-12-06 11:18:41.272 DEBUG 7503 --- [kground-preinit] o.apache.tomcat.util.digester.Digester   :   Fire end() for ObjectCreateRule[className=org.apache.tomcat.util.modeler.ParameterInfo, attributeName=null]
2019-12-06 11:18:41.272 DEBUG 7503 --- [kground-preinit] o.apache.tomcat.util.digester.Digester   : [ObjectCreateRule]{mbeans-descriptors/mbean/operation/parameter} Pop org.apache.tomcat.util.modeler.ParameterInfo
2019-12-06 11:18:41.272 DEBUG 7503 --- [kground-preinit] o.a.tomcat.util.digester.Digester.sax    : characters(
    )
2019-12-06 11:18:41.272 DEBUG 7503 --- [kground-preinit] o.a.tomcat.util.digester.Digester.sax    : endElement(,,operation)
2019-12-06 11:18:41.272 DEBUG 7503 --- [kground-preinit] o.apache.tomcat.util.digester.Digester   :   match='mbeans-descriptors/mbean/operation'
2019-12-06 11:18:41.272 DEBUG 7503 --- [kground-preinit] o.apache.tomcat.util.digester.Digester   :   bodyText='
      
    '
2019-12-06 11:18:41.272 DEBUG 7503 --- [kground-preinit] o.apache.tomcat.util.digester.Digester   :   Fire body() for ObjectCreateRule[className=org.apache.tomcat.util.modeler.OperationInfo, attributeName=null]
2019-12-06 11:18:41.272 DEBUG 7503 --- [kground-preinit] o.apache.tomcat.util.digester.Digester   :   Fire body() for SetPropertiesRule[]
2019-12-06 11:18:41.273 DEBUG 7503 --- [kground-preinit] o.apache.tomcat.util.digester.Digester   :   Fire body() for SetNextRule[methodName=addOperation, paramType=org.apache.tomcat.util.modeler.OperationInfo]
2019-12-06 11:18:41.273 DEBUG 7503 --- [kground-preinit] o.apache.tomcat.util.digester.Digester   :   Fire end() for SetNextRule[methodName=addOperation, paramType=org.apache.tomcat.util.modeler.OperationInfo]
2019-12-06 11:18:41.273 DEBUG 7503 --- [kground-preinit] o.apache.tomcat.util.digester.Digester   : [SetNextRule]{mbeans-descriptors/mbean/operation} Call org.apache.tomcat.util.modeler.ManagedBean.addOperation(org.apache.tomcat.util.modeler.OperationInfo@5b81a57a)
2019-12-06 11:18:41.273 DEBUG 7503 --- [kground-preinit] o.apache.tomcat.util.IntrospectionUtils  : IntrospectionUtils: callMethod1 org.apache.tomcat.util.modeler.ManagedBean org.apache.tomcat.util.modeler.OperationInfo org.apache.tomcat.util.modeler.OperationInfo
2019-12-06 11:18:41.273 DEBUG 7503 --- [kground-preinit] o.apache.tomcat.util.digester.Digester   :   Fire end() for SetPropertiesRule[]
2019-12-06 11:18:41.273 DEBUG 7503 --- [kground-preinit] o.apache.tomcat.util.digester.Digester   :   Fire end() for ObjectCreateRule[className=org.apache.tomcat.util.modeler.OperationInfo, attributeName=null]
2019-12-06 11:18:41.273 DEBUG 7503 --- [kground-preinit] o.apache.tomcat.util.digester.Digester   : [ObjectCreateRule]{mbeans-descriptors/mbean/operation} Pop org.apache.tomcat.util.modeler.OperationInfo
2019-12-06 11:18:41.273 DEBUG 7503 --- [kground-preinit] o.a.tomcat.util.digester.Digester.sax    : characters(

    )
2019-12-06 11:18:41.273 DEBUG 7503 --- [kground-preinit] o.a.tomcat.util.digester.Digester.sax    : startElement(,,operation)
2019-12-06 11:18:41.273 DEBUG 7503 --- [kground-preinit] o.apache.tomcat.util.digester.Digester   :   New match='mbeans-descriptors/mbean/operation'
2019-12-06 11:18:41.273 DEBUG 7503 --- [kground-preinit] o.apache.tomcat.util.digester.Digester   :   Fire begin() for ObjectCreateRule[className=org.apache.tomcat.util.modeler.OperationInfo, attributeName=null]
2019-12-06 11:18:41.274 DEBUG 7503 --- [kground-preinit] o.apache.tomcat.util.digester.Digester   :   Fire begin() for SetPropertiesRule[]
2019-12-06 11:18:41.274 DEBUG 7503 --- [kground-preinit] o.apache.tomcat.util.digester.Digester   : [SetPropertiesRule]{mbeans-descriptors/mbean/operation} Set org.apache.tomcat.util.modeler.OperationInfo properties
2019-12-06 11:18:41.274 DEBUG 7503 --- [kground-preinit] o.apache.tomcat.util.digester.Digester   : [SetPropertiesRule]{mbeans-descriptors/mbean/operation} Setting property 'name' to 'addServletMapping'
2019-12-06 11:18:41.274 DEBUG 7503 --- [kground-preinit] o.apache.tomcat.util.IntrospectionUtils  : IntrospectionUtils: setProperty(class org.apache.tomcat.util.modeler.OperationInfo name=addServletMapping)
2019-12-06 11:18:41.274 DEBUG 7503 --- [kground-preinit] o.apache.tomcat.util.digester.Digester   : [SetPropertiesRule]{mbeans-descriptors/mbean/operation} Setting property 'description' to 'Add a new servlet mapping, replacing any existing mapping for the specified pattern.'
2019-12-06 11:18:41.274 DEBUG 7503 --- [kground-preinit] o.apache.tomcat.util.IntrospectionUtils  : IntrospectionUtils: setProperty(class org.apache.tomcat.util.modeler.OperationInfo description=Add a new servlet mapping, replacing any existing mapping for the specified pattern.)
2019-12-06 11:18:41.274 DEBUG 7503 --- [kground-preinit] o.apache.tomcat.util.digester.Digester   : [SetPropertiesRule]{mbeans-descriptors/mbean/operation} Setting property 'impact' to 'ACTION'
2019-12-06 11:18:41.274 DEBUG 7503 --- [kground-preinit] o.apache.tomcat.util.IntrospectionUtils  : IntrospectionUtils: setProperty(class org.apache.tomcat.util.modeler.OperationInfo impact=ACTION)
2019-12-06 11:18:41.274 DEBUG 7503 --- [kground-preinit] o.apache.tomcat.util.digester.Digester   : [SetPropertiesRule]{mbeans-descriptors/mbean/operation} Setting property 'returnType' to 'void'
2019-12-06 11:18:41.274 DEBUG 7503 --- [kground-preinit] o.apache.tomcat.util.IntrospectionUtils  : IntrospectionUtils: setProperty(class org.apache.tomcat.util.modeler.OperationInfo returnType=void)
2019-12-06 11:18:41.274 DEBUG 7503 --- [kground-preinit] o.apache.tomcat.util.digester.Digester   :   Fire begin() for SetNextRule[methodName=addOperation, paramType=org.apache.tomcat.util.modeler.OperationInfo]
2019-12-06 11:18:41.274 DEBUG 7503 --- [kground-preinit] o.a.tomcat.util.digester.Digester.sax    : characters(
      )
2019-12-06 11:18:41.275 DEBUG 7503 --- [kground-preinit] o.a.tomcat.util.digester.Digester.sax    : startElement(,,parameter)
2019-12-06 11:18:41.275 DEBUG 7503 --- [kground-preinit] o.apache.tomcat.util.digester.Digester   :   New match='mbeans-descriptors/mbean/operation/parameter'
2019-12-06 11:18:41.275 DEBUG 7503 --- [kground-preinit] o.apache.tomcat.util.digester.Digester   :   Fire begin() for ObjectCreateRule[className=org.apache.tomcat.util.modeler.ParameterInfo, attributeName=null]
2019-12-06 11:18:41.275 DEBUG 7503 --- [kground-preinit] o.apache.tomcat.util.digester.Digester   :   Fire begin() for SetPropertiesRule[]
2019-12-06 11:18:41.275 DEBUG 7503 --- [kground-preinit] o.apache.tomcat.util.digester.Digester   : [SetPropertiesRule]{mbeans-descriptors/mbean/operation/parameter} Set org.apache.tomcat.util.modeler.ParameterInfo properties
2019-12-06 11:18:41.275 DEBUG 7503 --- [kground-preinit] o.apache.tomcat.util.digester.Digester   : [SetPropertiesRule]{mbeans-descriptors/mbean/operation/parameter} Setting property 'name' to 'pattern'
2019-12-06 11:18:41.275 DEBUG 7503 --- [kground-preinit] o.apache.tomcat.util.IntrospectionUtils  : IntrospectionUtils: setProperty(class org.apache.tomcat.util.modeler.ParameterInfo name=pattern)
2019-12-06 11:18:41.275 DEBUG 7503 --- [kground-preinit] o.apache.tomcat.util.digester.Digester   : [SetPropertiesRule]{mbeans-descriptors/mbean/operation/parameter} Setting property 'description' to 'URL pattern to be mapped'
2019-12-06 11:18:41.275 DEBUG 7503 --- [kground-preinit] o.apache.tomcat.util.IntrospectionUtils  : IntrospectionUtils: setProperty(class org.apache.tomcat.util.modeler.ParameterInfo description=URL pattern to be mapped)
2019-12-06 11:18:41.275 DEBUG 7503 --- [kground-preinit] o.apache.tomcat.util.digester.Digester   : [SetPropertiesRule]{mbeans-descriptors/mbean/operation/parameter} Setting property 'type' to 'java.lang.String'
2019-12-06 11:18:41.275 DEBUG 7503 --- [kground-preinit] o.apache.tomcat.util.IntrospectionUtils  : IntrospectionUtils: setProperty(class org.apache.tomcat.util.modeler.ParameterInfo type=java.lang.String)
2019-12-06 11:18:41.275 DEBUG 7503 --- [kground-preinit] o.apache.tomcat.util.digester.Digester   :   Fire begin() for SetNextRule[methodName=addParameter, paramType=org.apache.tomcat.util.modeler.ParameterInfo]
2019-12-06 11:18:41.275 DEBUG 7503 --- [kground-preinit] o.a.tomcat.util.digester.Digester.sax    : endElement(,,parameter)
2019-12-06 11:18:41.276 DEBUG 7503 --- [kground-preinit] o.apache.tomcat.util.digester.Digester   :   match='mbeans-descriptors/mbean/operation/parameter'
2019-12-06 11:18:41.276 DEBUG 7503 --- [kground-preinit] o.apache.tomcat.util.digester.Digester   :   bodyText=''
2019-12-06 11:18:41.276 DEBUG 7503 --- [kground-preinit] o.apache.tomcat.util.digester.Digester   :   Fire body() for ObjectCreateRule[className=org.apache.tomcat.util.modeler.ParameterInfo, attributeName=null]
2019-12-06 11:18:41.276 DEBUG 7503 --- [kground-preinit] o.apache.tomcat.util.digester.Digester   :   Fire body() for SetPropertiesRule[]
2019-12-06 11:18:41.276 DEBUG 7503 --- [kground-preinit] o.apache.tomcat.util.digester.Digester   :   Fire body() for SetNextRule[methodName=addParameter, paramType=org.apache.tomcat.util.modeler.ParameterInfo]
2019-12-06 11:18:41.276 DEBUG 7503 --- [kground-preinit] o.apache.tomcat.util.digester.Digester   :   Fire end() for SetNextRule[methodName=addParameter, paramType=org.apache.tomcat.util.modeler.ParameterInfo]
2019-12-06 11:18:41.276 DEBUG 7503 --- [kground-preinit] o.apache.tomcat.util.digester.Digester   : [SetNextRule]{mbeans-descriptors/mbean/operation/parameter} Call org.apache.tomcat.util.modeler.OperationInfo.addParameter(org.apache.tomcat.util.modeler.ParameterInfo@10b9a8ec)
2019-12-06 11:18:41.276 DEBUG 7503 --- [kground-preinit] o.apache.tomcat.util.IntrospectionUtils  : IntrospectionUtils: callMethod1 org.apache.tomcat.util.modeler.OperationInfo org.apache.tomcat.util.modeler.ParameterInfo org.apache.tomcat.util.modeler.ParameterInfo
2019-12-06 11:18:41.276 DEBUG 7503 --- [kground-preinit] o.apache.tomcat.util.digester.Digester   :   Fire end() for SetPropertiesRule[]
2019-12-06 11:18:41.276 DEBUG 7503 --- [kground-preinit] o.apache.tomcat.util.digester.Digester   :   Fire end() for ObjectCreateRule[className=org.apache.tomcat.util.modeler.ParameterInfo, attributeName=null]
2019-12-06 11:18:41.276 DEBUG 7503 --- [kground-preinit] o.apache.tomcat.util.digester.Digester   : [ObjectCreateRule]{mbeans-descriptors/mbean/operation/parameter} Pop org.apache.tomcat.util.modeler.ParameterInfo
2019-12-06 11:18:41.276 DEBUG 7503 --- [kground-preinit] o.a.tomcat.util.digester.Digester.sax    : characters(
      )
2019-12-06 11:18:41.277 DEBUG 7503 --- [kground-preinit] o.a.tomcat.util.digester.Digester.sax    : startElement(,,parameter)
2019-12-06 11:18:41.277 DEBUG 7503 --- [kground-preinit] o.apache.tomcat.util.digester.Digester   :   New match='mbeans-descriptors/mbean/operation/parameter'
2019-12-06 11:18:41.277 DEBUG 7503 --- [kground-preinit] o.apache.tomcat.util.digester.Digester   :   Fire begin() for ObjectCreateRule[className=org.apache.tomcat.util.modeler.ParameterInfo, attributeName=null]
2019-12-06 11:18:41.277 DEBUG 7503 --- [kground-preinit] o.apache.tomcat.util.digester.Digester   :   Fire begin() for SetPropertiesRule[]
2019-12-06 11:18:41.277 DEBUG 7503 --- [kground-preinit] o.apache.tomcat.util.digester.Digester   : [SetPropertiesRule]{mbeans-descriptors/mbean/operation/parameter} Set org.apache.tomcat.util.modeler.ParameterInfo properties
2019-12-06 11:18:41.277 DEBUG 7503 --- [kground-preinit] o.apache.tomcat.util.digester.Digester   : [SetPropertiesRule]{mbeans-descriptors/mbean/operation/parameter} Setting property 'name' to 'name'
2019-12-06 11:18:41.277 DEBUG 7503 --- [kground-preinit] o.apache.tomcat.util.IntrospectionUtils  : IntrospectionUtils: setProperty(class org.apache.tomcat.util.modeler.ParameterInfo name=name)
2019-12-06 11:18:41.277 DEBUG 7503 --- [kground-preinit] o.apache.tomcat.util.digester.Digester   : [SetPropertiesRule]{mbeans-descriptors/mbean/operation/parameter} Setting property 'description' to 'Name of the corresponding servlet to execute'
2019-12-06 11:18:41.278 DEBUG 7503 --- [kground-preinit] o.apache.tomcat.util.IntrospectionUtils  : IntrospectionUtils: setProperty(class org.apache.tomcat.util.modeler.ParameterInfo description=Name of the corresponding servlet to execute)
2019-12-06 11:18:41.278 DEBUG 7503 --- [kground-preinit] o.apache.tomcat.util.digester.Digester   : [SetPropertiesRule]{mbeans-descriptors/mbean/operation/parameter} Setting property 'type' to 'java.lang.String'
2019-12-06 11:18:41.278 DEBUG 7503 --- [kground-preinit] o.apache.tomcat.util.IntrospectionUtils  : IntrospectionUtils: setProperty(class org.apache.tomcat.util.modeler.ParameterInfo type=java.lang.String)
2019-12-06 11:18:41.278 DEBUG 7503 --- [kground-preinit] o.apache.tomcat.util.digester.Digester   :   Fire begin() for SetNextRule[methodName=addParameter, paramType=org.apache.tomcat.util.modeler.ParameterInfo]
2019-12-06 11:18:41.278 DEBUG 7503 --- [kground-preinit] o.a.tomcat.util.digester.Digester.sax    : endElement(,,parameter)
2019-12-06 11:18:41.278 DEBUG 7503 --- [kground-preinit] o.apache.tomcat.util.digester.Digester   :   match='mbeans-descriptors/mbean/operation/parameter'
2019-12-06 11:18:41.278 DEBUG 7503 --- [kground-preinit] o.apache.tomcat.util.digester.Digester   :   bodyText=''
2019-12-06 11:18:41.278 DEBUG 7503 --- [kground-preinit] o.apache.tomcat.util.digester.Digester   :   Fire body() for ObjectCreateRule[className=org.apache.tomcat.util.modeler.ParameterInfo, attributeName=null]
2019-12-06 11:18:41.278 DEBUG 7503 --- [kground-preinit] o.apache.tomcat.util.digester.Digester   :   Fire body() for SetPropertiesRule[]
2019-12-06 11:18:41.278 DEBUG 7503 --- [kground-preinit] o.apache.tomcat.util.digester.Digester   :   Fire body() for SetNextRule[methodName=addParameter, paramType=org.apache.tomcat.util.modeler.ParameterInfo]
2019-12-06 11:18:41.278 DEBUG 7503 --- [kground-preinit] o.apache.tomcat.util.digester.Digester   :   Fire end() for SetNextRule[methodName=addParameter, paramType=org.apache.tomcat.util.modeler.ParameterInfo]
2019-12-06 11:18:41.279 DEBUG 7503 --- [kground-preinit] o.apache.tomcat.util.digester.Digester   : [SetNextRule]{mbeans-descriptors/mbean/operation/parameter} Call org.apache.tomcat.util.modeler.OperationInfo.addParameter(org.apache.tomcat.util.modeler.ParameterInfo@7a7bd201)
2019-12-06 11:18:41.279 DEBUG 7503 --- [kground-preinit] o.apache.tomcat.util.IntrospectionUtils  : IntrospectionUtils: callMethod1 org.apache.tomcat.util.modeler.OperationInfo org.apache.tomcat.util.modeler.ParameterInfo org.apache.tomcat.util.modeler.ParameterInfo
2019-12-06 11:18:41.279 DEBUG 7503 --- [kground-preinit] o.apache.tomcat.util.digester.Digester   :   Fire end() for SetPropertiesRule[]
2019-12-06 11:18:41.279 DEBUG 7503 --- [kground-preinit] o.apache.tomcat.util.digester.Digester   :   Fire end() for ObjectCreateRule[className=org.apache.tomcat.util.modeler.ParameterInfo, attributeName=null]
2019-12-06 11:18:41.279 DEBUG 7503 --- [kground-preinit] o.apache.tomcat.util.digester.Digester   : [ObjectCreateRule]{mbeans-descriptors/mbean/operation/parameter} Pop org.apache.tomcat.util.modeler.ParameterInfo
2019-12-06 11:18:41.279 DEBUG 7503 --- [kground-preinit] o.a.tomcat.util.digester.Digester.sax    : characters(
    )
2019-12-06 11:18:41.279 DEBUG 7503 --- [kground-preinit] o.a.tomcat.util.digester.Digester.sax    : endElement(,,operation)
2019-12-06 11:18:41.279 DEBUG 7503 --- [kground-preinit] o.apache.tomcat.util.digester.Digester   :   match='mbeans-descriptors/mbean/operation'
2019-12-06 11:18:41.279 DEBUG 7503 --- [kground-preinit] o.apache.tomcat.util.digester.Digester   :   bodyText='
      
      
    '
2019-12-06 11:18:41.279 DEBUG 7503 --- [kground-preinit] o.apache.tomcat.util.digester.Digester   :   Fire body() for ObjectCreateRule[className=org.apache.tomcat.util.modeler.OperationInfo, attributeName=null]
2019-12-06 11:18:41.279 DEBUG 7503 --- [kground-preinit] o.apache.tomcat.util.digester.Digester   :   Fire body() for SetPropertiesRule[]
2019-12-06 11:18:41.279 DEBUG 7503 --- [kground-preinit] o.apache.tomcat.util.digester.Digester   :   Fire body() for SetNextRule[methodName=addOperation, paramType=org.apache.tomcat.util.modeler.OperationInfo]
2019-12-06 11:18:41.279 DEBUG 7503 --- [kground-preinit] o.apache.tomcat.util.digester.Digester   :   Fire end() for SetNextRule[methodName=addOperation, paramType=org.apache.tomcat.util.modeler.OperationInfo]
2019-12-06 11:18:41.280 DEBUG 7503 --- [kground-preinit] o.apache.tomcat.util.digester.Digester   : [SetNextRule]{mbeans-descriptors/mbean/operation} Call org.apache.tomcat.util.modeler.ManagedBean.addOperation(org.apache.tomcat.util.modeler.OperationInfo@24da510b)
2019-12-06 11:18:41.280 DEBUG 7503 --- [kground-preinit] o.apache.tomcat.util.IntrospectionUtils  : IntrospectionUtils: callMethod1 org.apache.tomcat.util.modeler.ManagedBean org.apache.tomcat.util.modeler.OperationInfo org.apache.tomcat.util.modeler.OperationInfo
2019-12-06 11:18:41.280 DEBUG 7503 --- [kground-preinit] o.apache.tomcat.util.digester.Digester   :   Fire end() for SetPropertiesRule[]
2019-12-06 11:18:41.280 DEBUG 7503 --- [kground-preinit] o.apache.tomcat.util.digester.Digester   :   Fire end() for ObjectCreateRule[className=org.apache.tomcat.util.modeler.OperationInfo, attributeName=null]
2019-12-06 11:18:41.280 DEBUG 7503 --- [kground-preinit] o.apache.tomcat.util.digester.Digester   : [ObjectCreateRule]{mbeans-descriptors/mbean/operation} Pop org.apache.tomcat.util.modeler.OperationInfo
2019-12-06 11:18:41.280 DEBUG 7503 --- [kground-preinit] o.a.tomcat.util.digester.Digester.sax    : characters(

    )
2019-12-06 11:18:41.280 DEBUG 7503 --- [kground-preinit] o.a.tomcat.util.digester.Digester.sax    : startElement(,,operation)
2019-12-06 11:18:41.280 DEBUG 7503 --- [kground-preinit] o.apache.tomcat.util.digester.Digester   :   New match='mbeans-descriptors/mbean/operation'
2019-12-06 11:18:41.280 DEBUG 7503 --- [kground-preinit] o.apache.tomcat.util.digester.Digester   :   Fire begin() for ObjectCreateRule[className=org.apache.tomcat.util.modeler.OperationInfo, attributeName=null]
2019-12-06 11:18:41.280 DEBUG 7503 --- [kground-preinit] o.apache.tomcat.util.digester.Digester   :   Fire begin() for SetPropertiesRule[]
2019-12-06 11:18:41.281 DEBUG 7503 --- [kground-preinit] o.apache.tomcat.util.digester.Digester   : [SetPropertiesRule]{mbeans-descriptors/mbean/operation} Set org.apache.tomcat.util.modeler.OperationInfo properties
2019-12-06 11:18:41.281 DEBUG 7503 --- [kground-preinit] o.apache.tomcat.util.digester.Digester   : [SetPropertiesRule]{mbeans-descriptors/mbean/operation} Setting property 'name' to 'addServletMapping'
2019-12-06 11:18:41.281 DEBUG 7503 --- [kground-preinit] o.apache.tomcat.util.IntrospectionUtils  : IntrospectionUtils: setProperty(class org.apache.tomcat.util.modeler.OperationInfo name=addServletMapping)
2019-12-06 11:18:41.281 DEBUG 7503 --- [kground-preinit] o.apache.tomcat.util.digester.Digester   : [SetPropertiesRule]{mbeans-descriptors/mbean/operation} Setting property 'description' to 'Add a new servlet mapping, replacing any existing mapping for the specified pattern.'
2019-12-06 11:18:41.281 DEBUG 7503 --- [kground-preinit] o.apache.tomcat.util.IntrospectionUtils  : IntrospectionUtils: setProperty(class org.apache.tomcat.util.modeler.OperationInfo description=Add a new servlet mapping, replacing any existing mapping for the specified pattern.)
2019-12-06 11:18:41.281 DEBUG 7503 --- [kground-preinit] o.apache.tomcat.util.digester.Digester   : [SetPropertiesRule]{mbeans-descriptors/mbean/operation} Setting property 'impact' to 'ACTION'
2019-12-06 11:18:41.281 DEBUG 7503 --- [kground-preinit] o.apache.tomcat.util.IntrospectionUtils  : IntrospectionUtils: setProperty(class org.apache.tomcat.util.modeler.OperationInfo impact=ACTION)
2019-12-06 11:18:41.281 DEBUG 7503 --- [kground-preinit] o.apache.tomcat.util.digester.Digester   : [SetPropertiesRule]{mbeans-descriptors/mbean/operation} Setting property 'returnType' to 'void'
2019-12-06 11:18:41.281 DEBUG 7503 --- [kground-preinit] o.apache.tomcat.util.IntrospectionUtils  : IntrospectionUtils: setProperty(class org.apache.tomcat.util.modeler.OperationInfo returnType=void)
2019-12-06 11:18:41.281 DEBUG 7503 --- [kground-preinit] o.apache.tomcat.util.digester.Digester   :   Fire begin() for SetNextRule[methodName=addOperation, paramType=org.apache.tomcat.util.modeler.OperationInfo]
2019-12-06 11:18:41.281 DEBUG 7503 --- [kground-preinit] o.a.tomcat.util.digester.Digester.sax    : characters(
      )
2019-12-06 11:18:41.281 DEBUG 7503 --- [kground-preinit] o.a.tomcat.util.digester.Digester.sax    : startElement(,,parameter)
2019-12-06 11:18:41.281 DEBUG 7503 --- [kground-preinit] o.apache.tomcat.util.digester.Digester   :   New match='mbeans-descriptors/mbean/operation/parameter'
2019-12-06 11:18:41.282 DEBUG 7503 --- [kground-preinit] o.apache.tomcat.util.digester.Digester   :   Fire begin() for ObjectCreateRule[className=org.apache.tomcat.util.modeler.ParameterInfo, attributeName=null]
2019-12-06 11:18:41.282 DEBUG 7503 --- [kground-preinit] o.apache.tomcat.util.digester.Digester   :   Fire begin() for SetPropertiesRule[]
2019-12-06 11:18:41.282 DEBUG 7503 --- [kground-preinit] o.apache.tomcat.util.digester.Digester   : [SetPropertiesRule]{mbeans-descriptors/mbean/operation/parameter} Set org.apache.tomcat.util.modeler.ParameterInfo properties
2019-12-06 11:18:41.282 DEBUG 7503 --- [kground-preinit] o.apache.tomcat.util.digester.Digester   : [SetPropertiesRule]{mbeans-descriptors/mbean/operation/parameter} Setting property 'name' to 'pattern'
2019-12-06 11:18:41.282 DEBUG 7503 --- [kground-preinit] o.apache.tomcat.util.IntrospectionUtils  : IntrospectionUtils: setProperty(class org.apache.tomcat.util.modeler.ParameterInfo name=pattern)
2019-12-06 11:18:41.282 DEBUG 7503 --- [kground-preinit] o.apache.tomcat.util.digester.Digester   : [SetPropertiesRule]{mbeans-descriptors/mbean/operation/parameter} Setting property 'description' to 'URL pattern to be mapped'
2019-12-06 11:18:41.282 DEBUG 7503 --- [kground-preinit] o.apache.tomcat.util.IntrospectionUtils  : IntrospectionUtils: setProperty(class org.apache.tomcat.util.modeler.ParameterInfo description=URL pattern to be mapped)
2019-12-06 11:18:41.282 DEBUG 7503 --- [kground-preinit] o.apache.tomcat.util.digester.Digester   : [SetPropertiesRule]{mbeans-descriptors/mbean/operation/parameter} Setting property 'type' to 'java.lang.String'
2019-12-06 11:18:41.282 DEBUG 7503 --- [kground-preinit] o.apache.tomcat.util.IntrospectionUtils  : IntrospectionUtils: setProperty(class org.apache.tomcat.util.modeler.ParameterInfo type=java.lang.String)
2019-12-06 11:18:41.282 DEBUG 7503 --- [kground-preinit] o.apache.tomcat.util.digester.Digester   :   Fire begin() for SetNextRule[methodName=addParameter, paramType=org.apache.tomcat.util.modeler.ParameterInfo]
2019-12-06 11:18:41.282 DEBUG 7503 --- [kground-preinit] o.a.tomcat.util.digester.Digester.sax    : endElement(,,parameter)
2019-12-06 11:18:41.282 DEBUG 7503 --- [kground-preinit] o.apache.tomcat.util.digester.Digester   :   match='mbeans-descriptors/mbean/operation/parameter'
2019-12-06 11:18:41.283 DEBUG 7503 --- [kground-preinit] o.apache.tomcat.util.digester.Digester   :   bodyText=''
2019-12-06 11:18:41.283 DEBUG 7503 --- [kground-preinit] o.apache.tomcat.util.digester.Digester   :   Fire body() for ObjectCreateRule[className=org.apache.tomcat.util.modeler.ParameterInfo, attributeName=null]
2019-12-06 11:18:41.283 DEBUG 7503 --- [kground-preinit] o.apache.tomcat.util.digester.Digester   :   Fire body() for SetPropertiesRule[]
2019-12-06 11:18:41.283 DEBUG 7503 --- [kground-preinit] o.apache.tomcat.util.digester.Digester   :   Fire body() for SetNextRule[methodName=addParameter, paramType=org.apache.tomcat.util.modeler.ParameterInfo]
2019-12-06 11:18:41.283 DEBUG 7503 --- [kground-preinit] o.apache.tomcat.util.digester.Digester   :   Fire end() for SetNextRule[methodName=addParameter, paramType=org.apache.tomcat.util.modeler.ParameterInfo]
2019-12-06 11:18:41.283 DEBUG 7503 --- [kground-preinit] o.apache.tomcat.util.digester.Digester   : [SetNextRule]{mbeans-descriptors/mbean/operation/parameter} Call org.apache.tomcat.util.modeler.OperationInfo.addParameter(org.apache.tomcat.util.modeler.ParameterInfo@72269a9f)
2019-12-06 11:18:41.283 DEBUG 7503 --- [kground-preinit] o.apache.tomcat.util.IntrospectionUtils  : IntrospectionUtils: callMethod1 org.apache.tomcat.util.modeler.OperationInfo org.apache.tomcat.util.modeler.ParameterInfo org.apache.tomcat.util.modeler.ParameterInfo
2019-12-06 11:18:41.283 DEBUG 7503 --- [kground-preinit] o.apache.tomcat.util.digester.Digester   :   Fire end() for SetPropertiesRule[]
2019-12-06 11:18:41.283 DEBUG 7503 --- [kground-preinit] o.apache.tomcat.util.digester.Digester   :   Fire end() for ObjectCreateRule[className=org.apache.tomcat.util.modeler.ParameterInfo, attributeName=null]
2019-12-06 11:18:41.283 DEBUG 7503 --- [kground-preinit] o.apache.tomcat.util.digester.Digester   : [ObjectCreateRule]{mbeans-descriptors/mbean/operation/parameter} Pop org.apache.tomcat.util.modeler.ParameterInfo
2019-12-06 11:18:41.283 DEBUG 7503 --- [kground-preinit] o.a.tomcat.util.digester.Digester.sax    : characters(
      )
2019-12-06 11:18:41.284 DEBUG 7503 --- [kground-preinit] o.a.tomcat.util.digester.Digester.sax    : startElement(,,parameter)
2019-12-06 11:18:41.284 DEBUG 7503 --- [kground-preinit] o.apache.tomcat.util.digester.Digester   :   New match='mbeans-descriptors/mbean/operation/parameter'
2019-12-06 11:18:41.284 DEBUG 7503 --- [kground-preinit] o.apache.tomcat.util.digester.Digester   :   Fire begin() for ObjectCreateRule[className=org.apache.tomcat.util.modeler.ParameterInfo, attributeName=null]
2019-12-06 11:18:41.284 DEBUG 7503 --- [kground-preinit] o.apache.tomcat.util.digester.Digester   :   Fire begin() for SetPropertiesRule[]
2019-12-06 11:18:41.284 DEBUG 7503 --- [kground-preinit] o.apache.tomcat.util.digester.Digester   : [SetPropertiesRule]{mbeans-descriptors/mbean/operation/parameter} Set org.apache.tomcat.util.modeler.ParameterInfo properties
2019-12-06 11:18:41.284 DEBUG 7503 --- [kground-preinit] o.apache.tomcat.util.digester.Digester   : [SetPropertiesRule]{mbeans-descriptors/mbean/operation/parameter} Setting property 'name' to 'name'
2019-12-06 11:18:41.284 DEBUG 7503 --- [kground-preinit] o.apache.tomcat.util.IntrospectionUtils  : IntrospectionUtils: setProperty(class org.apache.tomcat.util.modeler.ParameterInfo name=name)
2019-12-06 11:18:41.284 DEBUG 7503 --- [kground-preinit] o.apache.tomcat.util.digester.Digester   : [SetPropertiesRule]{mbeans-descriptors/mbean/operation/parameter} Setting property 'description' to 'Name of the corresponding servlet to execute'
2019-12-06 11:18:41.284 DEBUG 7503 --- [kground-preinit] o.apache.tomcat.util.IntrospectionUtils  : IntrospectionUtils: setProperty(class org.apache.tomcat.util.modeler.ParameterInfo description=Name of the corresponding servlet to execute)
2019-12-06 11:18:41.284 DEBUG 7503 --- [kground-preinit] o.apache.tomcat.util.digester.Digester   : [SetPropertiesRule]{mbeans-descriptors/mbean/operation/parameter} Setting property 'type' to 'java.lang.String'
2019-12-06 11:18:41.284 DEBUG 7503 --- [kground-preinit] o.apache.tomcat.util.IntrospectionUtils  : IntrospectionUtils: setProperty(class org.apache.tomcat.util.modeler.ParameterInfo type=java.lang.String)
2019-12-06 11:18:41.285 DEBUG 7503 --- [kground-preinit] o.apache.tomcat.util.digester.Digester   :   Fire begin() for SetNextRule[methodName=addParameter, paramType=org.apache.tomcat.util.modeler.ParameterInfo]
2019-12-06 11:18:41.285 DEBUG 7503 --- [kground-preinit] o.a.tomcat.util.digester.Digester.sax    : endElement(,,parameter)
2019-12-06 11:18:41.285 DEBUG 7503 --- [kground-preinit] o.apache.tomcat.util.digester.Digester   :   match='mbeans-descriptors/mbean/operation/parameter'
2019-12-06 11:18:41.285 DEBUG 7503 --- [kground-preinit] o.apache.tomcat.util.digester.Digester   :   bodyText=''
2019-12-06 11:18:41.285 DEBUG 7503 --- [kground-preinit] o.apache.tomcat.util.digester.Digester   :   Fire body() for ObjectCreateRule[className=org.apache.tomcat.util.modeler.ParameterInfo, attributeName=null]
2019-12-06 11:18:41.285 DEBUG 7503 --- [kground-preinit] o.apache.tomcat.util.digester.Digester   :   Fire body() for SetPropertiesRule[]
2019-12-06 11:18:41.285 DEBUG 7503 --- [kground-preinit] o.apache.tomcat.util.digester.Digester   :   Fire body() for SetNextRule[methodName=addParameter, paramType=org.apache.tomcat.util.modeler.ParameterInfo]
2019-12-06 11:18:41.285 DEBUG 7503 --- [kground-preinit] o.apache.tomcat.util.digester.Digester   :   Fire end() for SetNextRule[methodName=addParameter, paramType=org.apache.tomcat.util.modeler.ParameterInfo]
2019-12-06 11:18:41.285 DEBUG 7503 --- [kground-preinit] o.apache.tomcat.util.digester.Digester   : [SetNextRule]{mbeans-descriptors/mbean/operation/parameter} Call org.apache.tomcat.util.modeler.OperationInfo.addParameter(org.apache.tomcat.util.modeler.ParameterInfo@2f85b2ff)
2019-12-06 11:18:41.285 DEBUG 7503 --- [kground-preinit] o.apache.tomcat.util.IntrospectionUtils  : IntrospectionUtils: callMethod1 org.apache.tomcat.util.modeler.OperationInfo org.apache.tomcat.util.modeler.ParameterInfo org.apache.tomcat.util.modeler.ParameterInfo
2019-12-06 11:18:41.285 DEBUG 7503 --- [kground-preinit] o.apache.tomcat.util.digester.Digester   :   Fire end() for SetPropertiesRule[]
2019-12-06 11:18:41.285 DEBUG 7503 --- [kground-preinit] o.apache.tomcat.util.digester.Digester   :   Fire end() for ObjectCreateRule[className=org.apache.tomcat.util.modeler.ParameterInfo, attributeName=null]
2019-12-06 11:18:41.285 DEBUG 7503 --- [kground-preinit] o.apache.tomcat.util.digester.Digester   : [ObjectCreateRule]{mbeans-descriptors/mbean/operation/parameter} Pop org.apache.tomcat.util.modeler.ParameterInfo
2019-12-06 11:18:41.286 DEBUG 7503 --- [kground-preinit] o.a.tomcat.util.digester.Digester.sax    : characters(
      )
2019-12-06 11:18:41.286 DEBUG 7503 --- [kground-preinit] o.a.tomcat.util.digester.Digester.sax    : startElement(,,parameter)
2019-12-06 11:18:41.286 DEBUG 7503 --- [kground-preinit] o.apache.tomcat.util.digester.Digester   :   New match='mbeans-descriptors/mbean/operation/parameter'
2019-12-06 11:18:41.286 DEBUG 7503 --- [kground-preinit] o.apache.tomcat.util.digester.Digester   :   Fire begin() for ObjectCreateRule[className=org.apache.tomcat.util.modeler.ParameterInfo, attributeName=null]
2019-12-06 11:18:41.286 DEBUG 7503 --- [kground-preinit] o.apache.tomcat.util.digester.Digester   :   Fire begin() for SetPropertiesRule[]
2019-12-06 11:18:41.286 DEBUG 7503 --- [kground-preinit] o.apache.tomcat.util.digester.Digester   : [SetPropertiesRule]{mbeans-descriptors/mbean/operation/parameter} Set org.apache.tomcat.util.modeler.ParameterInfo properties
2019-12-06 11:18:41.286 DEBUG 7503 --- [kground-preinit] o.apache.tomcat.util.digester.Digester   : [SetPropertiesRule]{mbeans-descriptors/mbean/operation/parameter} Setting property 'name' to 'jspWildcard'
2019-12-06 11:18:41.286 DEBUG 7503 --- [kground-preinit] o.apache.tomcat.util.IntrospectionUtils  : IntrospectionUtils: setProperty(class org.apache.tomcat.util.modeler.ParameterInfo name=jspWildcard)
2019-12-06 11:18:41.286 DEBUG 7503 --- [kground-preinit] o.apache.tomcat.util.digester.Digester   : [SetPropertiesRule]{mbeans-descriptors/mbean/operation/parameter} Setting property 'description' to ''true' if name identifies the JspServlet and pattern contains a wildcard; 'false' otherwise'
2019-12-06 11:18:41.286 DEBUG 7503 --- [kground-preinit] o.apache.tomcat.util.IntrospectionUtils  : IntrospectionUtils: setProperty(class org.apache.tomcat.util.modeler.ParameterInfo description='true' if name identifies the JspServlet and pattern contains a wildcard; 'false' otherwise)
2019-12-06 11:18:41.287 DEBUG 7503 --- [kground-preinit] o.apache.tomcat.util.digester.Digester   : [SetPropertiesRule]{mbeans-descriptors/mbean/operation/parameter} Setting property 'type' to 'boolean'
2019-12-06 11:18:41.287 DEBUG 7503 --- [kground-preinit] o.apache.tomcat.util.IntrospectionUtils  : IntrospectionUtils: setProperty(class org.apache.tomcat.util.modeler.ParameterInfo type=boolean)
2019-12-06 11:18:41.287 DEBUG 7503 --- [kground-preinit] o.apache.tomcat.util.digester.Digester   :   Fire begin() for SetNextRule[methodName=addParameter, paramType=org.apache.tomcat.util.modeler.ParameterInfo]
2019-12-06 11:18:41.287 DEBUG 7503 --- [kground-preinit] o.a.tomcat.util.digester.Digester.sax    : endElement(,,parameter)
2019-12-06 11:18:41.287 DEBUG 7503 --- [kground-preinit] o.apache.tomcat.util.digester.Digester   :   match='mbeans-descriptors/mbean/operation/parameter'
2019-12-06 11:18:41.287 DEBUG 7503 --- [kground-preinit] o.apache.tomcat.util.digester.Digester   :   bodyText=''
2019-12-06 11:18:41.287 DEBUG 7503 --- [kground-preinit] o.apache.tomcat.util.digester.Digester   :   Fire body() for ObjectCreateRule[className=org.apache.tomcat.util.modeler.ParameterInfo, attributeName=null]
2019-12-06 11:18:41.287 DEBUG 7503 --- [kground-preinit] o.apache.tomcat.util.digester.Digester   :   Fire body() for SetPropertiesRule[]
2019-12-06 11:18:41.287 DEBUG 7503 --- [kground-preinit] o.apache.tomcat.util.digester.Digester   :   Fire body() for SetNextRule[methodName=addParameter, paramType=org.apache.tomcat.util.modeler.ParameterInfo]
2019-12-06 11:18:41.287 DEBUG 7503 --- [kground-preinit] o.apache.tomcat.util.digester.Digester   :   Fire end() for SetNextRule[methodName=addParameter, paramType=org.apache.tomcat.util.modeler.ParameterInfo]
2019-12-06 11:18:41.287 DEBUG 7503 --- [kground-preinit] o.apache.tomcat.util.digester.Digester   : [SetNextRule]{mbeans-descriptors/mbean/operation/parameter} Call org.apache.tomcat.util.modeler.OperationInfo.addParameter(org.apache.tomcat.util.modeler.ParameterInfo@b4a96d4)
2019-12-06 11:18:41.287 DEBUG 7503 --- [kground-preinit] o.apache.tomcat.util.IntrospectionUtils  : IntrospectionUtils: callMethod1 org.apache.tomcat.util.modeler.OperationInfo org.apache.tomcat.util.modeler.ParameterInfo org.apache.tomcat.util.modeler.ParameterInfo
2019-12-06 11:18:41.288 DEBUG 7503 --- [kground-preinit] o.apache.tomcat.util.digester.Digester   :   Fire end() for SetPropertiesRule[]
2019-12-06 11:18:41.288 DEBUG 7503 --- [kground-preinit] o.apache.tomcat.util.digester.Digester   :   Fire end() for ObjectCreateRule[className=org.apache.tomcat.util.modeler.ParameterInfo, attributeName=null]
2019-12-06 11:18:41.288 DEBUG 7503 --- [kground-preinit] o.apache.tomcat.util.digester.Digester   : [ObjectCreateRule]{mbeans-descriptors/mbean/operation/parameter} Pop org.apache.tomcat.util.modeler.ParameterInfo
2019-12-06 11:18:41.288 DEBUG 7503 --- [kground-preinit] o.a.tomcat.util.digester.Digester.sax    : characters(
    )
2019-12-06 11:18:41.288 DEBUG 7503 --- [kground-preinit] o.a.tomcat.util.digester.Digester.sax    : endElement(,,operation)
2019-12-06 11:18:41.288 DEBUG 7503 --- [kground-preinit] o.apache.tomcat.util.digester.Digester   :   match='mbeans-descriptors/mbean/operation'
2019-12-06 11:18:41.288 DEBUG 7503 --- [kground-preinit] o.apache.tomcat.util.digester.Digester   :   bodyText='
      
      
      
    '
2019-12-06 11:18:41.288 DEBUG 7503 --- [kground-preinit] o.apache.tomcat.util.digester.Digester   :   Fire body() for ObjectCreateRule[className=org.apache.tomcat.util.modeler.OperationInfo, attributeName=null]
2019-12-06 11:18:41.288 DEBUG 7503 --- [kground-preinit] o.apache.tomcat.util.digester.Digester   :   Fire body() for SetPropertiesRule[]
2019-12-06 11:18:41.288 DEBUG 7503 --- [kground-preinit] o.apache.tomcat.util.digester.Digester   :   Fire body() for SetNextRule[methodName=addOperation, paramType=org.apache.tomcat.util.modeler.OperationInfo]
2019-12-06 11:18:41.288 DEBUG 7503 --- [kground-preinit] o.apache.tomcat.util.digester.Digester   :   Fire end() for SetNextRule[methodName=addOperation, paramType=org.apache.tomcat.util.modeler.OperationInfo]
2019-12-06 11:18:41.288 DEBUG 7503 --- [kground-preinit] o.apache.tomcat.util.digester.Digester   : [SetNextRule]{mbeans-descriptors/mbean/operation} Call org.apache.tomcat.util.modeler.ManagedBean.addOperation(org.apache.tomcat.util.modeler.OperationInfo@7d6edcbf)
2019-12-06 11:18:41.288 DEBUG 7503 --- [kground-preinit] o.apache.tomcat.util.IntrospectionUtils  : IntrospectionUtils: callMethod1 org.apache.tomcat.util.modeler.ManagedBean org.apache.tomcat.util.modeler.OperationInfo org.apache.tomcat.util.modeler.OperationInfo
2019-12-06 11:18:41.289 DEBUG 7503 --- [kground-preinit] o.apache.tomcat.util.digester.Digester   :   Fire end() for SetPropertiesRule[]
2019-12-06 11:18:41.289 DEBUG 7503 --- [kground-preinit] o.apache.tomcat.util.digester.Digester   :   Fire end() for ObjectCreateRule[className=org.apache.tomcat.util.modeler.OperationInfo, attributeName=null]
2019-12-06 11:18:41.289 DEBUG 7503 --- [kground-preinit] o.apache.tomcat.util.digester.Digester   : [ObjectCreateRule]{mbeans-descriptors/mbean/operation} Pop org.apache.tomcat.util.modeler.OperationInfo
2019-12-06 11:18:41.289 DEBUG 7503 --- [kground-preinit] o.a.tomcat.util.digester.Digester.sax    : characters(

    )
2019-12-06 11:18:41.289 DEBUG 7503 --- [kground-preinit] o.a.tomcat.util.digester.Digester.sax    : startElement(,,operation)
2019-12-06 11:18:41.289 DEBUG 7503 --- [kground-preinit] o.apache.tomcat.util.digester.Digester   :   New match='mbeans-descriptors/mbean/operation'
2019-12-06 11:18:41.289 DEBUG 7503 --- [kground-preinit] o.apache.tomcat.util.digester.Digester   :   Fire begin() for ObjectCreateRule[className=org.apache.tomcat.util.modeler.OperationInfo, attributeName=null]
2019-12-06 11:18:41.289 DEBUG 7503 --- [kground-preinit] o.apache.tomcat.util.digester.Digester   :   Fire begin() for SetPropertiesRule[]
2019-12-06 11:18:41.289 DEBUG 7503 --- [kground-preinit] o.apache.tomcat.util.digester.Digester   : [SetPropertiesRule]{mbeans-descriptors/mbean/operation} Set org.apache.tomcat.util.modeler.OperationInfo properties
2019-12-06 11:18:41.289 DEBUG 7503 --- [kground-preinit] o.apache.tomcat.util.digester.Digester   : [SetPropertiesRule]{mbeans-descriptors/mbean/operation} Setting property 'name' to 'addValve'
2019-12-06 11:18:41.290 DEBUG 7503 --- [kground-preinit] o.apache.tomcat.util.IntrospectionUtils  : IntrospectionUtils: setProperty(class org.apache.tomcat.util.modeler.OperationInfo name=addValve)
2019-12-06 11:18:41.290 DEBUG 7503 --- [kground-preinit] o.apache.tomcat.util.digester.Digester   : [SetPropertiesRule]{mbeans-descriptors/mbean/operation} Setting property 'description' to 'Add a valve to this Context'
2019-12-06 11:18:41.290 DEBUG 7503 --- [kground-preinit] o.apache.tomcat.util.IntrospectionUtils  : IntrospectionUtils: setProperty(class org.apache.tomcat.util.modeler.OperationInfo description=Add a valve to this Context)
2019-12-06 11:18:41.290 DEBUG 7503 --- [kground-preinit] o.apache.tomcat.util.digester.Digester   : [SetPropertiesRule]{mbeans-descriptors/mbean/operation} Setting property 'impact' to 'ACTION'
2019-12-06 11:18:41.290 DEBUG 7503 --- [kground-preinit] o.apache.tomcat.util.IntrospectionUtils  : IntrospectionUtils: setProperty(class org.apache.tomcat.util.modeler.OperationInfo impact=ACTION)
2019-12-06 11:18:41.290 DEBUG 7503 --- [kground-preinit] o.apache.tomcat.util.digester.Digester   : [SetPropertiesRule]{mbeans-descriptors/mbean/operation} Setting property 'returnType' to 'java.lang.String'
2019-12-06 11:18:41.290 DEBUG 7503 --- [kground-preinit] o.apache.tomcat.util.IntrospectionUtils  : IntrospectionUtils: setProperty(class org.apache.tomcat.util.modeler.OperationInfo returnType=java.lang.String)
2019-12-06 11:18:41.290 DEBUG 7503 --- [kground-preinit] o.apache.tomcat.util.digester.Digester   :   Fire begin() for SetNextRule[methodName=addOperation, paramType=org.apache.tomcat.util.modeler.OperationInfo]
2019-12-06 11:18:41.290 DEBUG 7503 --- [kground-preinit] o.a.tomcat.util.digester.Digester.sax    : characters(
      )
2019-12-06 11:18:41.290 DEBUG 7503 --- [kground-preinit] o.a.tomcat.util.digester.Digester.sax    : startElement(,,parameter)
2019-12-06 11:18:41.290 DEBUG 7503 --- [kground-preinit] o.apache.tomcat.util.digester.Digester   :   New match='mbeans-descriptors/mbean/operation/parameter'
2019-12-06 11:18:41.290 DEBUG 7503 --- [kground-preinit] o.apache.tomcat.util.digester.Digester   :   Fire begin() for ObjectCreateRule[className=org.apache.tomcat.util.modeler.ParameterInfo, attributeName=null]
2019-12-06 11:18:41.291 DEBUG 7503 --- [kground-preinit] o.apache.tomcat.util.digester.Digester   :   Fire begin() for SetPropertiesRule[]
2019-12-06 11:18:41.291 DEBUG 7503 --- [kground-preinit] o.apache.tomcat.util.digester.Digester   : [SetPropertiesRule]{mbeans-descriptors/mbean/operation/parameter} Set org.apache.tomcat.util.modeler.ParameterInfo properties
2019-12-06 11:18:41.291 DEBUG 7503 --- [kground-preinit] o.apache.tomcat.util.digester.Digester   : [SetPropertiesRule]{mbeans-descriptors/mbean/operation/parameter} Setting property 'name' to 'valveType'
2019-12-06 11:18:41.291 DEBUG 7503 --- [kground-preinit] o.apache.tomcat.util.IntrospectionUtils  : IntrospectionUtils: setProperty(class org.apache.tomcat.util.modeler.ParameterInfo name=valveType)
2019-12-06 11:18:41.291 DEBUG 7503 --- [kground-preinit] o.apache.tomcat.util.digester.Digester   : [SetPropertiesRule]{mbeans-descriptors/mbean/operation/parameter} Setting property 'description' to 'Type(classname) of the new valve to be added'
2019-12-06 11:18:41.291 DEBUG 7503 --- [kground-preinit] o.apache.tomcat.util.IntrospectionUtils  : IntrospectionUtils: setProperty(class org.apache.tomcat.util.modeler.ParameterInfo description=Type(classname) of the new valve to be added)
2019-12-06 11:18:41.291 DEBUG 7503 --- [kground-preinit] o.apache.tomcat.util.digester.Digester   : [SetPropertiesRule]{mbeans-descriptors/mbean/operation/parameter} Setting property 'type' to 'java.lang.String'
2019-12-06 11:18:41.291 DEBUG 7503 --- [kground-preinit] o.apache.tomcat.util.IntrospectionUtils  : IntrospectionUtils: setProperty(class org.apache.tomcat.util.modeler.ParameterInfo type=java.lang.String)
2019-12-06 11:18:41.291 DEBUG 7503 --- [kground-preinit] o.apache.tomcat.util.digester.Digester   :   Fire begin() for SetNextRule[methodName=addParameter, paramType=org.apache.tomcat.util.modeler.ParameterInfo]
2019-12-06 11:18:41.291 DEBUG 7503 --- [kground-preinit] o.a.tomcat.util.digester.Digester.sax    : endElement(,,parameter)
2019-12-06 11:18:41.291 DEBUG 7503 --- [kground-preinit] o.apache.tomcat.util.digester.Digester   :   match='mbeans-descriptors/mbean/operation/parameter'
2019-12-06 11:18:41.291 DEBUG 7503 --- [kground-preinit] o.apache.tomcat.util.digester.Digester   :   bodyText=''
2019-12-06 11:18:41.291 DEBUG 7503 --- [kground-preinit] o.apache.tomcat.util.digester.Digester   :   Fire body() for ObjectCreateRule[className=org.apache.tomcat.util.modeler.ParameterInfo, attributeName=null]
2019-12-06 11:18:41.292 DEBUG 7503 --- [kground-preinit] o.apache.tomcat.util.digester.Digester   :   Fire body() for SetPropertiesRule[]
2019-12-06 11:18:41.292 DEBUG 7503 --- [kground-preinit] o.apache.tomcat.util.digester.Digester   :   Fire body() for SetNextRule[methodName=addParameter, paramType=org.apache.tomcat.util.modeler.ParameterInfo]
2019-12-06 11:18:41.292 DEBUG 7503 --- [kground-preinit] o.apache.tomcat.util.digester.Digester   :   Fire end() for SetNextRule[methodName=addParameter, paramType=org.apache.tomcat.util.modeler.ParameterInfo]
2019-12-06 11:18:41.292 DEBUG 7503 --- [kground-preinit] o.apache.tomcat.util.digester.Digester   : [SetNextRule]{mbeans-descriptors/mbean/operation/parameter} Call org.apache.tomcat.util.modeler.OperationInfo.addParameter(org.apache.tomcat.util.modeler.ParameterInfo@3b5a53ef)
2019-12-06 11:18:41.292 DEBUG 7503 --- [kground-preinit] o.apache.tomcat.util.IntrospectionUtils  : IntrospectionUtils: callMethod1 org.apache.tomcat.util.modeler.OperationInfo org.apache.tomcat.util.modeler.ParameterInfo org.apache.tomcat.util.modeler.ParameterInfo
2019-12-06 11:18:41.292 DEBUG 7503 --- [kground-preinit] o.apache.tomcat.util.digester.Digester   :   Fire end() for SetPropertiesRule[]
2019-12-06 11:18:41.292 DEBUG 7503 --- [kground-preinit] o.apache.tomcat.util.digester.Digester   :   Fire end() for ObjectCreateRule[className=org.apache.tomcat.util.modeler.ParameterInfo, attributeName=null]
2019-12-06 11:18:41.292 DEBUG 7503 --- [kground-preinit] o.apache.tomcat.util.digester.Digester   : [ObjectCreateRule]{mbeans-descriptors/mbean/operation/parameter} Pop org.apache.tomcat.util.modeler.ParameterInfo
2019-12-06 11:18:41.292 DEBUG 7503 --- [kground-preinit] o.a.tomcat.util.digester.Digester.sax    : characters(
    )
2019-12-06 11:18:41.292 DEBUG 7503 --- [kground-preinit] o.a.tomcat.util.digester.Digester.sax    : endElement(,,operation)
2019-12-06 11:18:41.292 DEBUG 7503 --- [kground-preinit] o.apache.tomcat.util.digester.Digester   :   match='mbeans-descriptors/mbean/operation'
2019-12-06 11:18:41.292 DEBUG 7503 --- [kground-preinit] o.apache.tomcat.util.digester.Digester   :   bodyText='
      
    '
2019-12-06 11:18:41.293 DEBUG 7503 --- [kground-preinit] o.apache.tomcat.util.digester.Digester   :   Fire body() for ObjectCreateRule[className=org.apache.tomcat.util.modeler.OperationInfo, attributeName=null]
2019-12-06 11:18:41.293 DEBUG 7503 --- [kground-preinit] o.apache.tomcat.util.digester.Digester   :   Fire body() for SetPropertiesRule[]
2019-12-06 11:18:41.293 DEBUG 7503 --- [kground-preinit] o.apache.tomcat.util.digester.Digester   :   Fire body() for SetNextRule[methodName=addOperation, paramType=org.apache.tomcat.util.modeler.OperationInfo]
2019-12-06 11:18:41.293 DEBUG 7503 --- [kground-preinit] o.apache.tomcat.util.digester.Digester   :   Fire end() for SetNextRule[methodName=addOperation, paramType=org.apache.tomcat.util.modeler.OperationInfo]
2019-12-06 11:18:41.293 DEBUG 7503 --- [kground-preinit] o.apache.tomcat.util.digester.Digester   : [SetNextRule]{mbeans-descriptors/mbean/operation} Call org.apache.tomcat.util.modeler.ManagedBean.addOperation(org.apache.tomcat.util.modeler.OperationInfo@39ca0c31)
2019-12-06 11:18:41.293 DEBUG 7503 --- [kground-preinit] o.apache.tomcat.util.IntrospectionUtils  : IntrospectionUtils: callMethod1 org.apache.tomcat.util.modeler.ManagedBean org.apache.tomcat.util.modeler.OperationInfo org.apache.tomcat.util.modeler.OperationInfo
2019-12-06 11:18:41.293 DEBUG 7503 --- [kground-preinit] o.apache.tomcat.util.digester.Digester   :   Fire end() for SetPropertiesRule[]
2019-12-06 11:18:41.293 DEBUG 7503 --- [kground-preinit] o.apache.tomcat.util.digester.Digester   :   Fire end() for ObjectCreateRule[className=org.apache.tomcat.util.modeler.OperationInfo, attributeName=null]
2019-12-06 11:18:41.293 DEBUG 7503 --- [kground-preinit] o.apache.tomcat.util.digester.Digester   : [ObjectCreateRule]{mbeans-descriptors/mbean/operation} Pop org.apache.tomcat.util.modeler.OperationInfo
2019-12-06 11:18:41.293 DEBUG 7503 --- [kground-preinit] o.a.tomcat.util.digester.Digester.sax    : characters(

    )
2019-12-06 11:18:41.293 DEBUG 7503 --- [kground-preinit] o.a.tomcat.util.digester.Digester.sax    : startElement(,,operation)
2019-12-06 11:18:41.293 DEBUG 7503 --- [kground-preinit] o.apache.tomcat.util.digester.Digester   :   New match='mbeans-descriptors/mbean/operation'
2019-12-06 11:18:41.293 DEBUG 7503 --- [kground-preinit] o.apache.tomcat.util.digester.Digester   :   Fire begin() for ObjectCreateRule[className=org.apache.tomcat.util.modeler.OperationInfo, attributeName=null]
2019-12-06 11:18:41.293 DEBUG 7503 --- [kground-preinit] o.apache.tomcat.util.digester.Digester   :   Fire begin() for SetPropertiesRule[]
2019-12-06 11:18:41.293 DEBUG 7503 --- [kground-preinit] o.apache.tomcat.util.digester.Digester   : [SetPropertiesRule]{mbeans-descriptors/mbean/operation} Set org.apache.tomcat.util.modeler.OperationInfo properties
2019-12-06 11:18:41.293 DEBUG 7503 --- [kground-preinit] o.apache.tomcat.util.digester.Digester   : [SetPropertiesRule]{mbeans-descriptors/mbean/operation} Setting property 'name' to 'addWatchedResource'
2019-12-06 11:18:41.294 DEBUG 7503 --- [kground-preinit] o.apache.tomcat.util.IntrospectionUtils  : IntrospectionUtils: setProperty(class org.apache.tomcat.util.modeler.OperationInfo name=addWatchedResource)
2019-12-06 11:18:41.294 DEBUG 7503 --- [kground-preinit] o.apache.tomcat.util.digester.Digester   : [SetPropertiesRule]{mbeans-descriptors/mbean/operation} Setting property 'description' to ' Add a resource which will be watched for reloading by the host auto deployer.'
2019-12-06 11:18:41.294 DEBUG 7503 --- [kground-preinit] o.apache.tomcat.util.IntrospectionUtils  : IntrospectionUtils: setProperty(class org.apache.tomcat.util.modeler.OperationInfo description= Add a resource which will be watched for reloading by the host auto deployer.)
2019-12-06 11:18:41.294 DEBUG 7503 --- [kground-preinit] o.apache.tomcat.util.digester.Digester   : [SetPropertiesRule]{mbeans-descriptors/mbean/operation} Setting property 'impact' to 'ACTION'
2019-12-06 11:18:41.294 DEBUG 7503 --- [kground-preinit] o.apache.tomcat.util.IntrospectionUtils  : IntrospectionUtils: setProperty(class org.apache.tomcat.util.modeler.OperationInfo impact=ACTION)
2019-12-06 11:18:41.294 DEBUG 7503 --- [kground-preinit] o.apache.tomcat.util.digester.Digester   : [SetPropertiesRule]{mbeans-descriptors/mbean/operation} Setting property 'returnType' to 'void'
2019-12-06 11:18:41.294 DEBUG 7503 --- [kground-preinit] o.apache.tomcat.util.IntrospectionUtils  : IntrospectionUtils: setProperty(class org.apache.tomcat.util.modeler.OperationInfo returnType=void)
2019-12-06 11:18:41.294 DEBUG 7503 --- [kground-preinit] o.apache.tomcat.util.digester.Digester   :   Fire begin() for SetNextRule[methodName=addOperation, paramType=org.apache.tomcat.util.modeler.OperationInfo]
2019-12-06 11:18:41.294 DEBUG 7503 --- [kground-preinit] o.a.tomcat.util.digester.Digester.sax    : characters(
      )
2019-12-06 11:18:41.294 DEBUG 7503 --- [kground-preinit] o.a.tomcat.util.digester.Digester.sax    : startElement(,,parameter)
2019-12-06 11:18:41.294 DEBUG 7503 --- [kground-preinit] o.apache.tomcat.util.digester.Digester   :   New match='mbeans-descriptors/mbean/operation/parameter'
2019-12-06 11:18:41.294 DEBUG 7503 --- [kground-preinit] o.apache.tomcat.util.digester.Digester   :   Fire begin() for ObjectCreateRule[className=org.apache.tomcat.util.modeler.ParameterInfo, attributeName=null]
2019-12-06 11:18:41.294 DEBUG 7503 --- [kground-preinit] o.apache.tomcat.util.digester.Digester   :   Fire begin() for SetPropertiesRule[]
2019-12-06 11:18:41.295 DEBUG 7503 --- [kground-preinit] o.apache.tomcat.util.digester.Digester   : [SetPropertiesRule]{mbeans-descriptors/mbean/operation/parameter} Set org.apache.tomcat.util.modeler.ParameterInfo properties
2019-12-06 11:18:41.295 DEBUG 7503 --- [kground-preinit] o.apache.tomcat.util.digester.Digester   : [SetPropertiesRule]{mbeans-descriptors/mbean/operation/parameter} Setting property 'name' to 'name'
2019-12-06 11:18:41.295 DEBUG 7503 --- [kground-preinit] o.apache.tomcat.util.IntrospectionUtils  : IntrospectionUtils: setProperty(class org.apache.tomcat.util.modeler.ParameterInfo name=name)
2019-12-06 11:18:41.295 DEBUG 7503 --- [kground-preinit] o.apache.tomcat.util.digester.Digester   : [SetPropertiesRule]{mbeans-descriptors/mbean/operation/parameter} Setting property 'description' to 'Path to the resource, either absolute or relative to docBase'
2019-12-06 11:18:41.295 DEBUG 7503 --- [kground-preinit] o.apache.tomcat.util.IntrospectionUtils  : IntrospectionUtils: setProperty(class org.apache.tomcat.util.modeler.ParameterInfo description=Path to the resource, either absolute or relative to docBase)
2019-12-06 11:18:41.295 DEBUG 7503 --- [kground-preinit] o.apache.tomcat.util.digester.Digester   : [SetPropertiesRule]{mbeans-descriptors/mbean/operation/parameter} Setting property 'type' to 'java.lang.String'
2019-12-06 11:18:41.295 DEBUG 7503 --- [kground-preinit] o.apache.tomcat.util.IntrospectionUtils  : IntrospectionUtils: setProperty(class org.apache.tomcat.util.modeler.ParameterInfo type=java.lang.String)
2019-12-06 11:18:41.295 DEBUG 7503 --- [kground-preinit] o.apache.tomcat.util.digester.Digester   :   Fire begin() for SetNextRule[methodName=addParameter, paramType=org.apache.tomcat.util.modeler.ParameterInfo]
2019-12-06 11:18:41.295 DEBUG 7503 --- [kground-preinit] o.a.tomcat.util.digester.Digester.sax    : endElement(,,parameter)
2019-12-06 11:18:41.295 DEBUG 7503 --- [kground-preinit] o.apache.tomcat.util.digester.Digester   :   match='mbeans-descriptors/mbean/operation/parameter'
2019-12-06 11:18:41.295 DEBUG 7503 --- [kground-preinit] o.apache.tomcat.util.digester.Digester   :   bodyText=''
2019-12-06 11:18:41.295 DEBUG 7503 --- [kground-preinit] o.apache.tomcat.util.digester.Digester   :   Fire body() for ObjectCreateRule[className=org.apache.tomcat.util.modeler.ParameterInfo, attributeName=null]
2019-12-06 11:18:41.295 DEBUG 7503 --- [kground-preinit] o.apache.tomcat.util.digester.Digester   :   Fire body() for SetPropertiesRule[]
2019-12-06 11:18:41.295 DEBUG 7503 --- [kground-preinit] o.apache.tomcat.util.digester.Digester   :   Fire body() for SetNextRule[methodName=addParameter, paramType=org.apache.tomcat.util.modeler.ParameterInfo]
2019-12-06 11:18:41.295 DEBUG 7503 --- [kground-preinit] o.apache.tomcat.util.digester.Digester   :   Fire end() for SetNextRule[methodName=addParameter, paramType=org.apache.tomcat.util.modeler.ParameterInfo]
2019-12-06 11:18:41.296 DEBUG 7503 --- [kground-preinit] o.apache.tomcat.util.digester.Digester   : [SetNextRule]{mbeans-descriptors/mbean/operation/parameter} Call org.apache.tomcat.util.modeler.OperationInfo.addParameter(org.apache.tomcat.util.modeler.ParameterInfo@66e9d1ea)
2019-12-06 11:18:41.296 DEBUG 7503 --- [kground-preinit] o.apache.tomcat.util.IntrospectionUtils  : IntrospectionUtils: callMethod1 org.apache.tomcat.util.modeler.OperationInfo org.apache.tomcat.util.modeler.ParameterInfo org.apache.tomcat.util.modeler.ParameterInfo
2019-12-06 11:18:41.296 DEBUG 7503 --- [kground-preinit] o.apache.tomcat.util.digester.Digester   :   Fire end() for SetPropertiesRule[]
2019-12-06 11:18:41.296 DEBUG 7503 --- [kground-preinit] o.apache.tomcat.util.digester.Digester   :   Fire end() for ObjectCreateRule[className=org.apache.tomcat.util.modeler.ParameterInfo, attributeName=null]
2019-12-06 11:18:41.296 DEBUG 7503 --- [kground-preinit] o.apache.tomcat.util.digester.Digester   : [ObjectCreateRule]{mbeans-descriptors/mbean/operation/parameter} Pop org.apache.tomcat.util.modeler.ParameterInfo
2019-12-06 11:18:41.296 DEBUG 7503 --- [kground-preinit] o.a.tomcat.util.digester.Digester.sax    : characters(
    )
2019-12-06 11:18:41.296 DEBUG 7503 --- [kground-preinit] o.a.tomcat.util.digester.Digester.sax    : endElement(,,operation)
2019-12-06 11:18:41.296 DEBUG 7503 --- [kground-preinit] o.apache.tomcat.util.digester.Digester   :   match='mbeans-descriptors/mbean/operation'
2019-12-06 11:18:41.296 DEBUG 7503 --- [kground-preinit] o.apache.tomcat.util.digester.Digester   :   bodyText='
      
    '
2019-12-06 11:18:41.296 DEBUG 7503 --- [kground-preinit] o.apache.tomcat.util.digester.Digester   :   Fire body() for ObjectCreateRule[className=org.apache.tomcat.util.modeler.OperationInfo, attributeName=null]
2019-12-06 11:18:41.296 DEBUG 7503 --- [kground-preinit] o.apache.tomcat.util.digester.Digester   :   Fire body() for SetPropertiesRule[]
2019-12-06 11:18:41.296 DEBUG 7503 --- [kground-preinit] o.apache.tomcat.util.digester.Digester   :   Fire body() for SetNextRule[methodName=addOperation, paramType=org.apache.tomcat.util.modeler.OperationInfo]
2019-12-06 11:18:41.296 DEBUG 7503 --- [kground-preinit] o.apache.tomcat.util.digester.Digester   :   Fire end() for SetNextRule[methodName=addOperation, paramType=org.apache.tomcat.util.modeler.OperationInfo]
2019-12-06 11:18:41.297 DEBUG 7503 --- [kground-preinit] o.apache.tomcat.util.digester.Digester   : [SetNextRule]{mbeans-descriptors/mbean/operation} Call org.apache.tomcat.util.modeler.ManagedBean.addOperation(org.apache.tomcat.util.modeler.OperationInfo@6de972ac)
2019-12-06 11:18:41.297 DEBUG 7503 --- [kground-preinit] o.apache.tomcat.util.IntrospectionUtils  : IntrospectionUtils: callMethod1 org.apache.tomcat.util.modeler.ManagedBean org.apache.tomcat.util.modeler.OperationInfo org.apache.tomcat.util.modeler.OperationInfo
2019-12-06 11:18:41.297 DEBUG 7503 --- [kground-preinit] o.apache.tomcat.util.digester.Digester   :   Fire end() for SetPropertiesRule[]
2019-12-06 11:18:41.297 DEBUG 7503 --- [kground-preinit] o.apache.tomcat.util.digester.Digester   :   Fire end() for ObjectCreateRule[className=org.apache.tomcat.util.modeler.OperationInfo, attributeName=null]
2019-12-06 11:18:41.297 DEBUG 7503 --- [kground-preinit] o.apache.tomcat.util.digester.Digester   : [ObjectCreateRule]{mbeans-descriptors/mbean/operation} Pop org.apache.tomcat.util.modeler.OperationInfo
2019-12-06 11:18:41.297 DEBUG 7503 --- [kground-preinit] o.a.tomcat.util.digester.Digester.sax    : characters(

    )
2019-12-06 11:18:41.297 DEBUG 7503 --- [kground-preinit] o.a.tomcat.util.digester.Digester.sax    : startElement(,,operation)
2019-12-06 11:18:41.297 DEBUG 7503 --- [kground-preinit] o.apache.tomcat.util.digester.Digester   :   New match='mbeans-descriptors/mbean/operation'
2019-12-06 11:18:41.297 DEBUG 7503 --- [kground-preinit] o.apache.tomcat.util.digester.Digester   :   Fire begin() for ObjectCreateRule[className=org.apache.tomcat.util.modeler.OperationInfo, attributeName=null]
2019-12-06 11:18:41.297 DEBUG 7503 --- [kground-preinit] o.apache.tomcat.util.digester.Digester   :   Fire begin() for SetPropertiesRule[]
2019-12-06 11:18:41.297 DEBUG 7503 --- [kground-preinit] o.apache.tomcat.util.digester.Digester   : [SetPropertiesRule]{mbeans-descriptors/mbean/operation} Set org.apache.tomcat.util.modeler.OperationInfo properties
2019-12-06 11:18:41.298 DEBUG 7503 --- [kground-preinit] o.apache.tomcat.util.digester.Digester   : [SetPropertiesRule]{mbeans-descriptors/mbean/operation} Setting property 'name' to 'addWelcomeFile'
2019-12-06 11:18:41.298 DEBUG 7503 --- [kground-preinit] o.apache.tomcat.util.IntrospectionUtils  : IntrospectionUtils: setProperty(class org.apache.tomcat.util.modeler.OperationInfo name=addWelcomeFile)
2019-12-06 11:18:41.298 DEBUG 7503 --- [kground-preinit] o.apache.tomcat.util.digester.Digester   : [SetPropertiesRule]{mbeans-descriptors/mbean/operation} Setting property 'description' to 'Add a new welcome file to the set recognized by this Context.'
2019-12-06 11:18:41.298 DEBUG 7503 --- [kground-preinit] o.apache.tomcat.util.IntrospectionUtils  : IntrospectionUtils: setProperty(class org.apache.tomcat.util.modeler.OperationInfo description=Add a new welcome file to the set recognized by this Context.)
2019-12-06 11:18:41.298 DEBUG 7503 --- [kground-preinit] o.apache.tomcat.util.digester.Digester   : [SetPropertiesRule]{mbeans-descriptors/mbean/operation} Setting property 'impact' to 'ACTION'
2019-12-06 11:18:41.298 DEBUG 7503 --- [kground-preinit] o.apache.tomcat.util.IntrospectionUtils  : IntrospectionUtils: setProperty(class org.apache.tomcat.util.modeler.OperationInfo impact=ACTION)
2019-12-06 11:18:41.298 DEBUG 7503 --- [kground-preinit] o.apache.tomcat.util.digester.Digester   : [SetPropertiesRule]{mbeans-descriptors/mbean/operation} Setting property 'returnType' to 'void'
2019-12-06 11:18:41.298 DEBUG 7503 --- [kground-preinit] o.apache.tomcat.util.IntrospectionUtils  : IntrospectionUtils: setProperty(class org.apache.tomcat.util.modeler.OperationInfo returnType=void)
2019-12-06 11:18:41.298 DEBUG 7503 --- [kground-preinit] o.apache.tomcat.util.digester.Digester   :   Fire begin() for SetNextRule[methodName=addOperation, paramType=org.apache.tomcat.util.modeler.OperationInfo]
2019-12-06 11:18:41.298 DEBUG 7503 --- [kground-preinit] o.a.tomcat.util.digester.Digester.sax    : characters(
      )
2019-12-06 11:18:41.298 DEBUG 7503 --- [kground-preinit] o.a.tomcat.util.digester.Digester.sax    : startElement(,,parameter)
2019-12-06 11:18:41.298 DEBUG 7503 --- [kground-preinit] o.apache.tomcat.util.digester.Digester   :   New match='mbeans-descriptors/mbean/operation/parameter'
2019-12-06 11:18:41.299 DEBUG 7503 --- [kground-preinit] o.apache.tomcat.util.digester.Digester   :   Fire begin() for ObjectCreateRule[className=org.apache.tomcat.util.modeler.ParameterInfo, attributeName=null]
2019-12-06 11:18:41.299 DEBUG 7503 --- [kground-preinit] o.apache.tomcat.util.digester.Digester   :   Fire begin() for SetPropertiesRule[]
2019-12-06 11:18:41.299 DEBUG 7503 --- [kground-preinit] o.apache.tomcat.util.digester.Digester   : [SetPropertiesRule]{mbeans-descriptors/mbean/operation/parameter} Set org.apache.tomcat.util.modeler.ParameterInfo properties
2019-12-06 11:18:41.299 DEBUG 7503 --- [kground-preinit] o.apache.tomcat.util.digester.Digester   : [SetPropertiesRule]{mbeans-descriptors/mbean/operation/parameter} Setting property 'name' to 'name'
2019-12-06 11:18:41.299 DEBUG 7503 --- [kground-preinit] o.apache.tomcat.util.IntrospectionUtils  : IntrospectionUtils: setProperty(class org.apache.tomcat.util.modeler.ParameterInfo name=name)
2019-12-06 11:18:41.299 DEBUG 7503 --- [kground-preinit] o.apache.tomcat.util.digester.Digester   : [SetPropertiesRule]{mbeans-descriptors/mbean/operation/parameter} Setting property 'description' to 'New welcome file name'
2019-12-06 11:18:41.299 DEBUG 7503 --- [kground-preinit] o.apache.tomcat.util.IntrospectionUtils  : IntrospectionUtils: setProperty(class org.apache.tomcat.util.modeler.ParameterInfo description=New welcome file name)
2019-12-06 11:18:41.299 DEBUG 7503 --- [kground-preinit] o.apache.tomcat.util.digester.Digester   : [SetPropertiesRule]{mbeans-descriptors/mbean/operation/parameter} Setting property 'type' to 'java.lang.String'
2019-12-06 11:18:41.299 DEBUG 7503 --- [kground-preinit] o.apache.tomcat.util.IntrospectionUtils  : IntrospectionUtils: setProperty(class org.apache.tomcat.util.modeler.ParameterInfo type=java.lang.String)
2019-12-06 11:18:41.299 DEBUG 7503 --- [kground-preinit] o.apache.tomcat.util.digester.Digester   :   Fire begin() for SetNextRule[methodName=addParameter, paramType=org.apache.tomcat.util.modeler.ParameterInfo]
2019-12-06 11:18:41.300 DEBUG 7503 --- [kground-preinit] o.a.tomcat.util.digester.Digester.sax    : endElement(,,parameter)
2019-12-06 11:18:41.300 DEBUG 7503 --- [kground-preinit] o.apache.tomcat.util.digester.Digester   :   match='mbeans-descriptors/mbean/operation/parameter'
2019-12-06 11:18:41.300 DEBUG 7503 --- [kground-preinit] o.apache.tomcat.util.digester.Digester   :   bodyText=''
2019-12-06 11:18:41.300 DEBUG 7503 --- [kground-preinit] o.apache.tomcat.util.digester.Digester   :   Fire body() for ObjectCreateRule[className=org.apache.tomcat.util.modeler.ParameterInfo, attributeName=null]
2019-12-06 11:18:41.300 DEBUG 7503 --- [kground-preinit] o.apache.tomcat.util.digester.Digester   :   Fire body() for SetPropertiesRule[]
2019-12-06 11:18:41.300 DEBUG 7503 --- [kground-preinit] o.apache.tomcat.util.digester.Digester   :   Fire body() for SetNextRule[methodName=addParameter, paramType=org.apache.tomcat.util.modeler.ParameterInfo]
2019-12-06 11:18:41.300 DEBUG 7503 --- [kground-preinit] o.apache.tomcat.util.digester.Digester   :   Fire end() for SetNextRule[methodName=addParameter, paramType=org.apache.tomcat.util.modeler.ParameterInfo]
2019-12-06 11:18:41.300 DEBUG 7503 --- [kground-preinit] o.apache.tomcat.util.digester.Digester   : [SetNextRule]{mbeans-descriptors/mbean/operation/parameter} Call org.apache.tomcat.util.modeler.OperationInfo.addParameter(org.apache.tomcat.util.modeler.ParameterInfo@4c581d5)
2019-12-06 11:18:41.300 DEBUG 7503 --- [kground-preinit] o.apache.tomcat.util.IntrospectionUtils  : IntrospectionUtils: callMethod1 org.apache.tomcat.util.modeler.OperationInfo org.apache.tomcat.util.modeler.ParameterInfo org.apache.tomcat.util.modeler.ParameterInfo
2019-12-06 11:18:41.300 DEBUG 7503 --- [kground-preinit] o.apache.tomcat.util.digester.Digester   :   Fire end() for SetPropertiesRule[]
2019-12-06 11:18:41.300 DEBUG 7503 --- [kground-preinit] o.apache.tomcat.util.digester.Digester   :   Fire end() for ObjectCreateRule[className=org.apache.tomcat.util.modeler.ParameterInfo, attributeName=null]
2019-12-06 11:18:41.301 DEBUG 7503 --- [kground-preinit] o.apache.tomcat.util.digester.Digester   : [ObjectCreateRule]{mbeans-descriptors/mbean/operation/parameter} Pop org.apache.tomcat.util.modeler.ParameterInfo
2019-12-06 11:18:41.301 DEBUG 7503 --- [kground-preinit] o.a.tomcat.util.digester.Digester.sax    : characters(
    )
2019-12-06 11:18:41.301 DEBUG 7503 --- [kground-preinit] o.a.tomcat.util.digester.Digester.sax    : endElement(,,operation)
2019-12-06 11:18:41.301 DEBUG 7503 --- [kground-preinit] o.apache.tomcat.util.digester.Digester   :   match='mbeans-descriptors/mbean/operation'
2019-12-06 11:18:41.301 DEBUG 7503 --- [kground-preinit] o.apache.tomcat.util.digester.Digester   :   bodyText='
      
    '
2019-12-06 11:18:41.301 DEBUG 7503 --- [kground-preinit] o.apache.tomcat.util.digester.Digester   :   Fire body() for ObjectCreateRule[className=org.apache.tomcat.util.modeler.OperationInfo, attributeName=null]
2019-12-06 11:18:41.301 DEBUG 7503 --- [kground-preinit] o.apache.tomcat.util.digester.Digester   :   Fire body() for SetPropertiesRule[]
2019-12-06 11:18:41.301 DEBUG 7503 --- [kground-preinit] o.apache.tomcat.util.digester.Digester   :   Fire body() for SetNextRule[methodName=addOperation, paramType=org.apache.tomcat.util.modeler.OperationInfo]
2019-12-06 11:18:41.301 DEBUG 7503 --- [kground-preinit] o.apache.tomcat.util.digester.Digester   :   Fire end() for SetNextRule[methodName=addOperation, paramType=org.apache.tomcat.util.modeler.OperationInfo]
2019-12-06 11:18:41.301 DEBUG 7503 --- [kground-preinit] o.apache.tomcat.util.digester.Digester   : [SetNextRule]{mbeans-descriptors/mbean/operation} Call org.apache.tomcat.util.modeler.ManagedBean.addOperation(org.apache.tomcat.util.modeler.OperationInfo@6d87aef8)
2019-12-06 11:18:41.301 DEBUG 7503 --- [kground-preinit] o.apache.tomcat.util.IntrospectionUtils  : IntrospectionUtils: callMethod1 org.apache.tomcat.util.modeler.ManagedBean org.apache.tomcat.util.modeler.OperationInfo org.apache.tomcat.util.modeler.OperationInfo
2019-12-06 11:18:41.302 DEBUG 7503 --- [kground-preinit] o.apache.tomcat.util.digester.Digester   :   Fire end() for SetPropertiesRule[]
2019-12-06 11:18:41.302 DEBUG 7503 --- [kground-preinit] o.apache.tomcat.util.digester.Digester   :   Fire end() for ObjectCreateRule[className=org.apache.tomcat.util.modeler.OperationInfo, attributeName=null]
2019-12-06 11:18:41.302 DEBUG 7503 --- [kground-preinit] o.apache.tomcat.util.digester.Digester   : [ObjectCreateRule]{mbeans-descriptors/mbean/operation} Pop org.apache.tomcat.util.modeler.OperationInfo
2019-12-06 11:18:41.302 DEBUG 7503 --- [kground-preinit] o.a.tomcat.util.digester.Digester.sax    : characters(

    )
2019-12-06 11:18:41.302 DEBUG 7503 --- [kground-preinit] o.a.tomcat.util.digester.Digester.sax    : startElement(,,operation)
2019-12-06 11:18:41.302 DEBUG 7503 --- [kground-preinit] o.apache.tomcat.util.digester.Digester   :   New match='mbeans-descriptors/mbean/operation'
2019-12-06 11:18:41.302 DEBUG 7503 --- [kground-preinit] o.apache.tomcat.util.digester.Digester   :   Fire begin() for ObjectCreateRule[className=org.apache.tomcat.util.modeler.OperationInfo, attributeName=null]
2019-12-06 11:18:41.302 DEBUG 7503 --- [kground-preinit] o.apache.tomcat.util.digester.Digester   :   Fire begin() for SetPropertiesRule[]
2019-12-06 11:18:41.302 DEBUG 7503 --- [kground-preinit] o.apache.tomcat.util.digester.Digester   : [SetPropertiesRule]{mbeans-descriptors/mbean/operation} Set org.apache.tomcat.util.modeler.OperationInfo properties
2019-12-06 11:18:41.302 DEBUG 7503 --- [kground-preinit] o.apache.tomcat.util.digester.Digester   : [SetPropertiesRule]{mbeans-descriptors/mbean/operation} Setting property 'name' to 'addWrapperLifecycle'
2019-12-06 11:18:41.302 DEBUG 7503 --- [kground-preinit] o.apache.tomcat.util.IntrospectionUtils  : IntrospectionUtils: setProperty(class org.apache.tomcat.util.modeler.OperationInfo name=addWrapperLifecycle)
2019-12-06 11:18:41.302 DEBUG 7503 --- [kground-preinit] o.apache.tomcat.util.digester.Digester   : [SetPropertiesRule]{mbeans-descriptors/mbean/operation} Setting property 'description' to 'Add the classname of a LifecycleListener to be added to each Wrapper appended to this Context.'
2019-12-06 11:18:41.303 DEBUG 7503 --- [kground-preinit] o.apache.tomcat.util.IntrospectionUtils  : IntrospectionUtils: setProperty(class org.apache.tomcat.util.modeler.OperationInfo description=Add the classname of a LifecycleListener to be added to each Wrapper appended to this Context.)
2019-12-06 11:18:41.303 DEBUG 7503 --- [kground-preinit] o.apache.tomcat.util.digester.Digester   : [SetPropertiesRule]{mbeans-descriptors/mbean/operation} Setting property 'impact' to 'ACTION'
2019-12-06 11:18:41.303 DEBUG 7503 --- [kground-preinit] o.apache.tomcat.util.IntrospectionUtils  : IntrospectionUtils: setProperty(class org.apache.tomcat.util.modeler.OperationInfo impact=ACTION)
2019-12-06 11:18:41.303 DEBUG 7503 --- [kground-preinit] o.apache.tomcat.util.digester.Digester   : [SetPropertiesRule]{mbeans-descriptors/mbean/operation} Setting property 'returnType' to 'void'
2019-12-06 11:18:41.303 DEBUG 7503 --- [kground-preinit] o.apache.tomcat.util.IntrospectionUtils  : IntrospectionUtils: setProperty(class org.apache.tomcat.util.modeler.OperationInfo returnType=void)
2019-12-06 11:18:41.303 DEBUG 7503 --- [kground-preinit] o.apache.tomcat.util.digester.Digester   :   Fire begin() for SetNextRule[methodName=addOperation, paramType=org.apache.tomcat.util.modeler.OperationInfo]
2019-12-06 11:18:41.303 DEBUG 7503 --- [kground-preinit] o.a.tomcat.util.digester.Digester.sax    : characters(
      )
2019-12-06 11:18:41.303 DEBUG 7503 --- [kground-preinit] o.a.tomcat.util.digester.Digester.sax    : startElement(,,parameter)
2019-12-06 11:18:41.303 DEBUG 7503 --- [kground-preinit] o.apache.tomcat.util.digester.Digester   :   New match='mbeans-descriptors/mbean/operation/parameter'
2019-12-06 11:18:41.303 DEBUG 7503 --- [kground-preinit] o.apache.tomcat.util.digester.Digester   :   Fire begin() for ObjectCreateRule[className=org.apache.tomcat.util.modeler.ParameterInfo, attributeName=null]
2019-12-06 11:18:41.303 DEBUG 7503 --- [kground-preinit] o.apache.tomcat.util.digester.Digester   :   Fire begin() for SetPropertiesRule[]
2019-12-06 11:18:41.303 DEBUG 7503 --- [kground-preinit] o.apache.tomcat.util.digester.Digester   : [SetPropertiesRule]{mbeans-descriptors/mbean/operation/parameter} Set org.apache.tomcat.util.modeler.ParameterInfo properties
2019-12-06 11:18:41.304 DEBUG 7503 --- [kground-preinit] o.apache.tomcat.util.digester.Digester   : [SetPropertiesRule]{mbeans-descriptors/mbean/operation/parameter} Setting property 'name' to 'listener'
2019-12-06 11:18:41.304 DEBUG 7503 --- [kground-preinit] o.apache.tomcat.util.IntrospectionUtils  : IntrospectionUtils: setProperty(class org.apache.tomcat.util.modeler.ParameterInfo name=listener)
2019-12-06 11:18:41.304 DEBUG 7503 --- [kground-preinit] o.apache.tomcat.util.digester.Digester   : [SetPropertiesRule]{mbeans-descriptors/mbean/operation/parameter} Setting property 'description' to 'Java class name of a LifecycleListener class'
2019-12-06 11:18:41.304 DEBUG 7503 --- [kground-preinit] o.apache.tomcat.util.IntrospectionUtils  : IntrospectionUtils: setProperty(class org.apache.tomcat.util.modeler.ParameterInfo description=Java class name of a LifecycleListener class)
2019-12-06 11:18:41.304 DEBUG 7503 --- [kground-preinit] o.apache.tomcat.util.digester.Digester   : [SetPropertiesRule]{mbeans-descriptors/mbean/operation/parameter} Setting property 'type' to 'java.lang.String'
2019-12-06 11:18:41.304 DEBUG 7503 --- [kground-preinit] o.apache.tomcat.util.IntrospectionUtils  : IntrospectionUtils: setProperty(class org.apache.tomcat.util.modeler.ParameterInfo type=java.lang.String)
2019-12-06 11:18:41.304 DEBUG 7503 --- [kground-preinit] o.apache.tomcat.util.digester.Digester   :   Fire begin() for SetNextRule[methodName=addParameter, paramType=org.apache.tomcat.util.modeler.ParameterInfo]
2019-12-06 11:18:41.304 DEBUG 7503 --- [kground-preinit] o.a.tomcat.util.digester.Digester.sax    : endElement(,,parameter)
2019-12-06 11:18:41.304 DEBUG 7503 --- [kground-preinit] o.apache.tomcat.util.digester.Digester   :   match='mbeans-descriptors/mbean/operation/parameter'
2019-12-06 11:18:41.304 DEBUG 7503 --- [kground-preinit] o.apache.tomcat.util.digester.Digester   :   bodyText=''
2019-12-06 11:18:41.304 DEBUG 7503 --- [kground-preinit] o.apache.tomcat.util.digester.Digester   :   Fire body() for ObjectCreateRule[className=org.apache.tomcat.util.modeler.ParameterInfo, attributeName=null]
2019-12-06 11:18:41.304 DEBUG 7503 --- [kground-preinit] o.apache.tomcat.util.digester.Digester   :   Fire body() for SetPropertiesRule[]
2019-12-06 11:18:41.305 DEBUG 7503 --- [kground-preinit] o.apache.tomcat.util.digester.Digester   :   Fire body() for SetNextRule[methodName=addParameter, paramType=org.apache.tomcat.util.modeler.ParameterInfo]
2019-12-06 11:18:41.305 DEBUG 7503 --- [kground-preinit] o.apache.tomcat.util.digester.Digester   :   Fire end() for SetNextRule[methodName=addParameter, paramType=org.apache.tomcat.util.modeler.ParameterInfo]
2019-12-06 11:18:41.305 DEBUG 7503 --- [kground-preinit] o.apache.tomcat.util.digester.Digester   : [SetNextRule]{mbeans-descriptors/mbean/operation/parameter} Call org.apache.tomcat.util.modeler.OperationInfo.addParameter(org.apache.tomcat.util.modeler.ParameterInfo@45c95423)
2019-12-06 11:18:41.305 DEBUG 7503 --- [kground-preinit] o.apache.tomcat.util.IntrospectionUtils  : IntrospectionUtils: callMethod1 org.apache.tomcat.util.modeler.OperationInfo org.apache.tomcat.util.modeler.ParameterInfo org.apache.tomcat.util.modeler.ParameterInfo
2019-12-06 11:18:41.305 DEBUG 7503 --- [kground-preinit] o.apache.tomcat.util.digester.Digester   :   Fire end() for SetPropertiesRule[]
2019-12-06 11:18:41.305 DEBUG 7503 --- [kground-preinit] o.apache.tomcat.util.digester.Digester   :   Fire end() for ObjectCreateRule[className=org.apache.tomcat.util.modeler.ParameterInfo, attributeName=null]
2019-12-06 11:18:41.305 DEBUG 7503 --- [kground-preinit] o.apache.tomcat.util.digester.Digester   : [ObjectCreateRule]{mbeans-descriptors/mbean/operation/parameter} Pop org.apache.tomcat.util.modeler.ParameterInfo
2019-12-06 11:18:41.305 DEBUG 7503 --- [kground-preinit] o.a.tomcat.util.digester.Digester.sax    : characters(
    )
2019-12-06 11:18:41.305 DEBUG 7503 --- [kground-preinit] o.a.tomcat.util.digester.Digester.sax    : endElement(,,operation)
2019-12-06 11:18:41.305 DEBUG 7503 --- [kground-preinit] o.apache.tomcat.util.digester.Digester   :   match='mbeans-descriptors/mbean/operation'
2019-12-06 11:18:41.305 DEBUG 7503 --- [kground-preinit] o.apache.tomcat.util.digester.Digester   :   bodyText='
      
    '
2019-12-06 11:18:41.305 DEBUG 7503 --- [kground-preinit] o.apache.tomcat.util.digester.Digester   :   Fire body() for ObjectCreateRule[className=org.apache.tomcat.util.modeler.OperationInfo, attributeName=null]
2019-12-06 11:18:41.306 DEBUG 7503 --- [kground-preinit] o.apache.tomcat.util.digester.Digester   :   Fire body() for SetPropertiesRule[]
2019-12-06 11:18:41.306 DEBUG 7503 --- [kground-preinit] o.apache.tomcat.util.digester.Digester   :   Fire body() for SetNextRule[methodName=addOperation, paramType=org.apache.tomcat.util.modeler.OperationInfo]
2019-12-06 11:18:41.306 DEBUG 7503 --- [kground-preinit] o.apache.tomcat.util.digester.Digester   :   Fire end() for SetNextRule[methodName=addOperation, paramType=org.apache.tomcat.util.modeler.OperationInfo]
2019-12-06 11:18:41.306 DEBUG 7503 --- [kground-preinit] o.apache.tomcat.util.digester.Digester   : [SetNextRule]{mbeans-descriptors/mbean/operation} Call org.apache.tomcat.util.modeler.ManagedBean.addOperation(org.apache.tomcat.util.modeler.OperationInfo@63132224)
2019-12-06 11:18:41.306 DEBUG 7503 --- [kground-preinit] o.apache.tomcat.util.IntrospectionUtils  : IntrospectionUtils: callMethod1 org.apache.tomcat.util.modeler.ManagedBean org.apache.tomcat.util.modeler.OperationInfo org.apache.tomcat.util.modeler.OperationInfo
2019-12-06 11:18:41.306 DEBUG 7503 --- [kground-preinit] o.apache.tomcat.util.digester.Digester   :   Fire end() for SetPropertiesRule[]
2019-12-06 11:18:41.306 DEBUG 7503 --- [kground-preinit] o.apache.tomcat.util.digester.Digester   :   Fire end() for ObjectCreateRule[className=org.apache.tomcat.util.modeler.OperationInfo, attributeName=null]
2019-12-06 11:18:41.306 DEBUG 7503 --- [kground-preinit] o.apache.tomcat.util.digester.Digester   : [ObjectCreateRule]{mbeans-descriptors/mbean/operation} Pop org.apache.tomcat.util.modeler.OperationInfo
2019-12-06 11:18:41.306 DEBUG 7503 --- [kground-preinit] o.a.tomcat.util.digester.Digester.sax    : characters(

    )
2019-12-06 11:18:41.306 DEBUG 7503 --- [kground-preinit] o.a.tomcat.util.digester.Digester.sax    : startElement(,,operation)
2019-12-06 11:18:41.306 DEBUG 7503 --- [kground-preinit] o.apache.tomcat.util.digester.Digester   :   New match='mbeans-descriptors/mbean/operation'
2019-12-06 11:18:41.306 DEBUG 7503 --- [kground-preinit] o.apache.tomcat.util.digester.Digester   :   Fire begin() for ObjectCreateRule[className=org.apache.tomcat.util.modeler.OperationInfo, attributeName=null]
2019-12-06 11:18:41.307 DEBUG 7503 --- [kground-preinit] o.apache.tomcat.util.digester.Digester   :   Fire begin() for SetPropertiesRule[]
2019-12-06 11:18:41.307 DEBUG 7503 --- [kground-preinit] o.apache.tomcat.util.digester.Digester   : [SetPropertiesRule]{mbeans-descriptors/mbean/operation} Set org.apache.tomcat.util.modeler.OperationInfo properties
2019-12-06 11:18:41.307 DEBUG 7503 --- [kground-preinit] o.apache.tomcat.util.digester.Digester   : [SetPropertiesRule]{mbeans-descriptors/mbean/operation} Setting property 'name' to 'addWrapperListener'
2019-12-06 11:18:41.307 DEBUG 7503 --- [kground-preinit] o.apache.tomcat.util.IntrospectionUtils  : IntrospectionUtils: setProperty(class org.apache.tomcat.util.modeler.OperationInfo name=addWrapperListener)
2019-12-06 11:18:41.307 DEBUG 7503 --- [kground-preinit] o.apache.tomcat.util.digester.Digester   : [SetPropertiesRule]{mbeans-descriptors/mbean/operation} Setting property 'description' to 'Add the classname of a ContainerListener to be added to each Wrapper appended to this Context.'
2019-12-06 11:18:41.307 DEBUG 7503 --- [kground-preinit] o.apache.tomcat.util.IntrospectionUtils  : IntrospectionUtils: setProperty(class org.apache.tomcat.util.modeler.OperationInfo description=Add the classname of a ContainerListener to be added to each Wrapper appended to this Context.)
2019-12-06 11:18:41.307 DEBUG 7503 --- [kground-preinit] o.apache.tomcat.util.digester.Digester   : [SetPropertiesRule]{mbeans-descriptors/mbean/operation} Setting property 'impact' to 'ACTION'
2019-12-06 11:18:41.307 DEBUG 7503 --- [kground-preinit] o.apache.tomcat.util.IntrospectionUtils  : IntrospectionUtils: setProperty(class org.apache.tomcat.util.modeler.OperationInfo impact=ACTION)
2019-12-06 11:18:41.307 DEBUG 7503 --- [kground-preinit] o.apache.tomcat.util.digester.Digester   : [SetPropertiesRule]{mbeans-descriptors/mbean/operation} Setting property 'returnType' to 'void'
2019-12-06 11:18:41.307 DEBUG 7503 --- [kground-preinit] o.apache.tomcat.util.IntrospectionUtils  : IntrospectionUtils: setProperty(class org.apache.tomcat.util.modeler.OperationInfo returnType=void)
2019-12-06 11:18:41.307 DEBUG 7503 --- [kground-preinit] o.apache.tomcat.util.digester.Digester   :   Fire begin() for SetNextRule[methodName=addOperation, paramType=org.apache.tomcat.util.modeler.OperationInfo]
2019-12-06 11:18:41.307 DEBUG 7503 --- [kground-preinit] o.a.tomcat.util.digester.Digester.sax    : characters(
      )
2019-12-06 11:18:41.308 DEBUG 7503 --- [kground-preinit] o.a.tomcat.util.digester.Digester.sax    : startElement(,,parameter)
2019-12-06 11:18:41.308 DEBUG 7503 --- [kground-preinit] o.apache.tomcat.util.digester.Digester   :   New match='mbeans-descriptors/mbean/operation/parameter'
2019-12-06 11:18:41.308 DEBUG 7503 --- [kground-preinit] o.apache.tomcat.util.digester.Digester   :   Fire begin() for ObjectCreateRule[className=org.apache.tomcat.util.modeler.ParameterInfo, attributeName=null]
2019-12-06 11:18:41.308 DEBUG 7503 --- [kground-preinit] o.apache.tomcat.util.digester.Digester   :   Fire begin() for SetPropertiesRule[]
2019-12-06 11:18:41.308 DEBUG 7503 --- [kground-preinit] o.apache.tomcat.util.digester.Digester   : [SetPropertiesRule]{mbeans-descriptors/mbean/operation/parameter} Set org.apache.tomcat.util.modeler.ParameterInfo properties
2019-12-06 11:18:41.308 DEBUG 7503 --- [kground-preinit] o.apache.tomcat.util.digester.Digester   : [SetPropertiesRule]{mbeans-descriptors/mbean/operation/parameter} Setting property 'name' to 'listener'
2019-12-06 11:18:41.308 DEBUG 7503 --- [kground-preinit] o.apache.tomcat.util.IntrospectionUtils  : IntrospectionUtils: setProperty(class org.apache.tomcat.util.modeler.ParameterInfo name=listener)
2019-12-06 11:18:41.308 DEBUG 7503 --- [kground-preinit] o.apache.tomcat.util.digester.Digester   : [SetPropertiesRule]{mbeans-descriptors/mbean/operation/parameter} Setting property 'description' to 'Java class name of a ContainerListener class'
2019-12-06 11:18:41.308 DEBUG 7503 --- [kground-preinit] o.apache.tomcat.util.IntrospectionUtils  : IntrospectionUtils: setProperty(class org.apache.tomcat.util.modeler.ParameterInfo description=Java class name of a ContainerListener class)
2019-12-06 11:18:41.308 DEBUG 7503 --- [kground-preinit] o.apache.tomcat.util.digester.Digester   : [SetPropertiesRule]{mbeans-descriptors/mbean/operation/parameter} Setting property 'type' to 'java.lang.String'
2019-12-06 11:18:41.308 DEBUG 7503 --- [kground-preinit] o.apache.tomcat.util.IntrospectionUtils  : IntrospectionUtils: setProperty(class org.apache.tomcat.util.modeler.ParameterInfo type=java.lang.String)
2019-12-06 11:18:41.308 DEBUG 7503 --- [kground-preinit] o.apache.tomcat.util.digester.Digester   :   Fire begin() for SetNextRule[methodName=addParameter, paramType=org.apache.tomcat.util.modeler.ParameterInfo]
2019-12-06 11:18:41.309 DEBUG 7503 --- [kground-preinit] o.a.tomcat.util.digester.Digester.sax    : endElement(,,parameter)
2019-12-06 11:18:41.309 DEBUG 7503 --- [kground-preinit] o.apache.tomcat.util.digester.Digester   :   match='mbeans-descriptors/mbean/operation/parameter'
2019-12-06 11:18:41.309 DEBUG 7503 --- [kground-preinit] o.apache.tomcat.util.digester.Digester   :   bodyText=''
2019-12-06 11:18:41.309 DEBUG 7503 --- [kground-preinit] o.apache.tomcat.util.digester.Digester   :   Fire body() for ObjectCreateRule[className=org.apache.tomcat.util.modeler.ParameterInfo, attributeName=null]
2019-12-06 11:18:41.309 DEBUG 7503 --- [kground-preinit] o.apache.tomcat.util.digester.Digester   :   Fire body() for SetPropertiesRule[]
2019-12-06 11:18:41.309 DEBUG 7503 --- [kground-preinit] o.apache.tomcat.util.digester.Digester   :   Fire body() for SetNextRule[methodName=addParameter, paramType=org.apache.tomcat.util.modeler.ParameterInfo]
2019-12-06 11:18:41.309 DEBUG 7503 --- [kground-preinit] o.apache.tomcat.util.digester.Digester   :   Fire end() for SetNextRule[methodName=addParameter, paramType=org.apache.tomcat.util.modeler.ParameterInfo]
2019-12-06 11:18:41.309 DEBUG 7503 --- [kground-preinit] o.apache.tomcat.util.digester.Digester   : [SetNextRule]{mbeans-descriptors/mbean/operation/parameter} Call org.apache.tomcat.util.modeler.OperationInfo.addParameter(org.apache.tomcat.util.modeler.ParameterInfo@4bf0ccba)
2019-12-06 11:18:41.309 DEBUG 7503 --- [kground-preinit] o.apache.tomcat.util.IntrospectionUtils  : IntrospectionUtils: callMethod1 org.apache.tomcat.util.modeler.OperationInfo org.apache.tomcat.util.modeler.ParameterInfo org.apache.tomcat.util.modeler.ParameterInfo
2019-12-06 11:18:41.309 DEBUG 7503 --- [kground-preinit] o.apache.tomcat.util.digester.Digester   :   Fire end() for SetPropertiesRule[]
2019-12-06 11:18:41.309 DEBUG 7503 --- [kground-preinit] o.apache.tomcat.util.digester.Digester   :   Fire end() for ObjectCreateRule[className=org.apache.tomcat.util.modeler.ParameterInfo, attributeName=null]
2019-12-06 11:18:41.309 DEBUG 7503 --- [kground-preinit] o.apache.tomcat.util.digester.Digester   : [ObjectCreateRule]{mbeans-descriptors/mbean/operation/parameter} Pop org.apache.tomcat.util.modeler.ParameterInfo
2019-12-06 11:18:41.309 DEBUG 7503 --- [kground-preinit] o.a.tomcat.util.digester.Digester.sax    : characters(
    )
2019-12-06 11:18:41.309 DEBUG 7503 --- [kground-preinit] o.a.tomcat.util.digester.Digester.sax    : endElement(,,operation)
2019-12-06 11:18:41.310 DEBUG 7503 --- [kground-preinit] o.apache.tomcat.util.digester.Digester   :   match='mbeans-descriptors/mbean/operation'
2019-12-06 11:18:41.310 DEBUG 7503 --- [kground-preinit] o.apache.tomcat.util.digester.Digester   :   bodyText='
      
    '
2019-12-06 11:18:41.310 DEBUG 7503 --- [kground-preinit] o.apache.tomcat.util.digester.Digester   :   Fire body() for ObjectCreateRule[className=org.apache.tomcat.util.modeler.OperationInfo, attributeName=null]
2019-12-06 11:18:41.310 DEBUG 7503 --- [kground-preinit] o.apache.tomcat.util.digester.Digester   :   Fire body() for SetPropertiesRule[]
2019-12-06 11:18:41.310 DEBUG 7503 --- [kground-preinit] o.apache.tomcat.util.digester.Digester   :   Fire body() for SetNextRule[methodName=addOperation, paramType=org.apache.tomcat.util.modeler.OperationInfo]
2019-12-06 11:18:41.310 DEBUG 7503 --- [kground-preinit] o.apache.tomcat.util.digester.Digester   :   Fire end() for SetNextRule[methodName=addOperation, paramType=org.apache.tomcat.util.modeler.OperationInfo]
2019-12-06 11:18:41.310 DEBUG 7503 --- [kground-preinit] o.apache.tomcat.util.digester.Digester   : [SetNextRule]{mbeans-descriptors/mbean/operation} Call org.apache.tomcat.util.modeler.ManagedBean.addOperation(org.apache.tomcat.util.modeler.OperationInfo@1bd05b52)
2019-12-06 11:18:41.310 DEBUG 7503 --- [kground-preinit] o.apache.tomcat.util.IntrospectionUtils  : IntrospectionUtils: callMethod1 org.apache.tomcat.util.modeler.ManagedBean org.apache.tomcat.util.modeler.OperationInfo org.apache.tomcat.util.modeler.OperationInfo
2019-12-06 11:18:41.310 DEBUG 7503 --- [kground-preinit] o.apache.tomcat.util.digester.Digester   :   Fire end() for SetPropertiesRule[]
2019-12-06 11:18:41.310 DEBUG 7503 --- [kground-preinit] o.apache.tomcat.util.digester.Digester   :   Fire end() for ObjectCreateRule[className=org.apache.tomcat.util.modeler.OperationInfo, attributeName=null]
2019-12-06 11:18:41.310 DEBUG 7503 --- [kground-preinit] o.apache.tomcat.util.digester.Digester   : [ObjectCreateRule]{mbeans-descriptors/mbean/operation} Pop org.apache.tomcat.util.modeler.OperationInfo
2019-12-06 11:18:41.310 DEBUG 7503 --- [kground-preinit] o.a.tomcat.util.digester.Digester.sax    : characters(

    )
2019-12-06 11:18:41.310 DEBUG 7503 --- [kground-preinit] o.a.tomcat.util.digester.Digester.sax    : startElement(,,operation)
2019-12-06 11:18:41.310 DEBUG 7503 --- [kground-preinit] o.apache.tomcat.util.digester.Digester   :   New match='mbeans-descriptors/mbean/operation'
2019-12-06 11:18:41.311 DEBUG 7503 --- [kground-preinit] o.apache.tomcat.util.digester.Digester   :   Fire begin() for ObjectCreateRule[className=org.apache.tomcat.util.modeler.OperationInfo, attributeName=null]
2019-12-06 11:18:41.311 DEBUG 7503 --- [kground-preinit] o.apache.tomcat.util.digester.Digester   :   Fire begin() for SetPropertiesRule[]
2019-12-06 11:18:41.311 DEBUG 7503 --- [kground-preinit] o.apache.tomcat.util.digester.Digester   : [SetPropertiesRule]{mbeans-descriptors/mbean/operation} Set org.apache.tomcat.util.modeler.OperationInfo properties
2019-12-06 11:18:41.311 DEBUG 7503 --- [kground-preinit] o.apache.tomcat.util.digester.Digester   : [SetPropertiesRule]{mbeans-descriptors/mbean/operation} Setting property 'name' to 'destroy'
2019-12-06 11:18:41.311 DEBUG 7503 --- [kground-preinit] o.apache.tomcat.util.IntrospectionUtils  : IntrospectionUtils: setProperty(class org.apache.tomcat.util.modeler.OperationInfo name=destroy)
2019-12-06 11:18:41.311 DEBUG 7503 --- [kground-preinit] o.apache.tomcat.util.digester.Digester   : [SetPropertiesRule]{mbeans-descriptors/mbean/operation} Setting property 'description' to 'Destroy the context'
2019-12-06 11:18:41.311 DEBUG 7503 --- [kground-preinit] o.apache.tomcat.util.IntrospectionUtils  : IntrospectionUtils: setProperty(class org.apache.tomcat.util.modeler.OperationInfo description=Destroy the context)
2019-12-06 11:18:41.311 DEBUG 7503 --- [kground-preinit] o.apache.tomcat.util.digester.Digester   : [SetPropertiesRule]{mbeans-descriptors/mbean/operation} Setting property 'impact' to 'ACTION'
2019-12-06 11:18:41.311 DEBUG 7503 --- [kground-preinit] o.apache.tomcat.util.IntrospectionUtils  : IntrospectionUtils: setProperty(class org.apache.tomcat.util.modeler.OperationInfo impact=ACTION)
2019-12-06 11:18:41.311 DEBUG 7503 --- [kground-preinit] o.apache.tomcat.util.digester.Digester   : [SetPropertiesRule]{mbeans-descriptors/mbean/operation} Setting property 'returnType' to 'void'
2019-12-06 11:18:41.311 DEBUG 7503 --- [kground-preinit] o.apache.tomcat.util.IntrospectionUtils  : IntrospectionUtils: setProperty(class org.apache.tomcat.util.modeler.OperationInfo returnType=void)
2019-12-06 11:18:41.311 DEBUG 7503 --- [kground-preinit] o.apache.tomcat.util.digester.Digester   :   Fire begin() for SetNextRule[methodName=addOperation, paramType=org.apache.tomcat.util.modeler.OperationInfo]
2019-12-06 11:18:41.311 DEBUG 7503 --- [kground-preinit] o.a.tomcat.util.digester.Digester.sax    : characters(
    )
2019-12-06 11:18:41.311 DEBUG 7503 --- [kground-preinit] o.a.tomcat.util.digester.Digester.sax    : endElement(,,operation)
2019-12-06 11:18:41.312 DEBUG 7503 --- [kground-preinit] o.apache.tomcat.util.digester.Digester   :   match='mbeans-descriptors/mbean/operation'
2019-12-06 11:18:41.312 DEBUG 7503 --- [kground-preinit] o.apache.tomcat.util.digester.Digester   :   bodyText='
    '
2019-12-06 11:18:41.312 DEBUG 7503 --- [kground-preinit] o.apache.tomcat.util.digester.Digester   :   Fire body() for ObjectCreateRule[className=org.apache.tomcat.util.modeler.OperationInfo, attributeName=null]
2019-12-06 11:18:41.312 DEBUG 7503 --- [kground-preinit] o.apache.tomcat.util.digester.Digester   :   Fire body() for SetPropertiesRule[]
2019-12-06 11:18:41.312 DEBUG 7503 --- [kground-preinit] o.apache.tomcat.util.digester.Digester   :   Fire body() for SetNextRule[methodName=addOperation, paramType=org.apache.tomcat.util.modeler.OperationInfo]
2019-12-06 11:18:41.312 DEBUG 7503 --- [kground-preinit] o.apache.tomcat.util.digester.Digester   :   Fire end() for SetNextRule[methodName=addOperation, paramType=org.apache.tomcat.util.modeler.OperationInfo]
2019-12-06 11:18:41.312 DEBUG 7503 --- [kground-preinit] o.apache.tomcat.util.digester.Digester   : [SetNextRule]{mbeans-descriptors/mbean/operation} Call org.apache.tomcat.util.modeler.ManagedBean.addOperation(org.apache.tomcat.util.modeler.OperationInfo@14376c47)
2019-12-06 11:18:41.312 DEBUG 7503 --- [kground-preinit] o.apache.tomcat.util.IntrospectionUtils  : IntrospectionUtils: callMethod1 org.apache.tomcat.util.modeler.ManagedBean org.apache.tomcat.util.modeler.OperationInfo org.apache.tomcat.util.modeler.OperationInfo
2019-12-06 11:18:41.312 DEBUG 7503 --- [kground-preinit] o.apache.tomcat.util.digester.Digester   :   Fire end() for SetPropertiesRule[]
2019-12-06 11:18:41.312 DEBUG 7503 --- [kground-preinit] o.apache.tomcat.util.digester.Digester   :   Fire end() for ObjectCreateRule[className=org.apache.tomcat.util.modeler.OperationInfo, attributeName=null]
2019-12-06 11:18:41.312 DEBUG 7503 --- [kground-preinit] o.apache.tomcat.util.digester.Digester   : [ObjectCreateRule]{mbeans-descriptors/mbean/operation} Pop org.apache.tomcat.util.modeler.OperationInfo
2019-12-06 11:18:41.313 DEBUG 7503 --- [kground-preinit] o.a.tomcat.util.digester.Digester.sax    : characters(

    )
2019-12-06 11:18:41.313 DEBUG 7503 --- [kground-preinit] o.a.tomcat.util.digester.Digester.sax    : startElement(,,operation)
2019-12-06 11:18:41.313 DEBUG 7503 --- [kground-preinit] o.apache.tomcat.util.digester.Digester   :   New match='mbeans-descriptors/mbean/operation'
2019-12-06 11:18:41.313 DEBUG 7503 --- [kground-preinit] o.apache.tomcat.util.digester.Digester   :   Fire begin() for ObjectCreateRule[className=org.apache.tomcat.util.modeler.OperationInfo, attributeName=null]
2019-12-06 11:18:41.313 DEBUG 7503 --- [kground-preinit] o.apache.tomcat.util.digester.Digester   :   Fire begin() for SetPropertiesRule[]
2019-12-06 11:18:41.313 DEBUG 7503 --- [kground-preinit] o.apache.tomcat.util.digester.Digester   : [SetPropertiesRule]{mbeans-descriptors/mbean/operation} Set org.apache.tomcat.util.modeler.OperationInfo properties
2019-12-06 11:18:41.313 DEBUG 7503 --- [kground-preinit] o.apache.tomcat.util.digester.Digester   : [SetPropertiesRule]{mbeans-descriptors/mbean/operation} Setting property 'name' to 'findApplicationListeners'
2019-12-06 11:18:41.313 DEBUG 7503 --- [kground-preinit] o.apache.tomcat.util.IntrospectionUtils  : IntrospectionUtils: setProperty(class org.apache.tomcat.util.modeler.OperationInfo name=findApplicationListeners)
2019-12-06 11:18:41.313 DEBUG 7503 --- [kground-preinit] o.apache.tomcat.util.digester.Digester   : [SetPropertiesRule]{mbeans-descriptors/mbean/operation} Setting property 'description' to 'Return the set of application listener class names configured for this application.'
2019-12-06 11:18:41.313 DEBUG 7503 --- [kground-preinit] o.apache.tomcat.util.IntrospectionUtils  : IntrospectionUtils: setProperty(class org.apache.tomcat.util.modeler.OperationInfo description=Return the set of application listener class names configured for this application.)
2019-12-06 11:18:41.313 DEBUG 7503 --- [kground-preinit] o.apache.tomcat.util.digester.Digester   : [SetPropertiesRule]{mbeans-descriptors/mbean/operation} Setting property 'impact' to 'INFO'
2019-12-06 11:18:41.313 DEBUG 7503 --- [kground-preinit] o.apache.tomcat.util.IntrospectionUtils  : IntrospectionUtils: setProperty(class org.apache.tomcat.util.modeler.OperationInfo impact=INFO)
2019-12-06 11:18:41.313 DEBUG 7503 --- [kground-preinit] o.apache.tomcat.util.digester.Digester   : [SetPropertiesRule]{mbeans-descriptors/mbean/operation} Setting property 'returnType' to '[Ljava.lang.String;'
2019-12-06 11:18:41.314 DEBUG 7503 --- [kground-preinit] o.apache.tomcat.util.IntrospectionUtils  : IntrospectionUtils: setProperty(class org.apache.tomcat.util.modeler.OperationInfo returnType=[Ljava.lang.String;)
2019-12-06 11:18:41.314 DEBUG 7503 --- [kground-preinit] o.apache.tomcat.util.digester.Digester   :   Fire begin() for SetNextRule[methodName=addOperation, paramType=org.apache.tomcat.util.modeler.OperationInfo]
2019-12-06 11:18:41.314 DEBUG 7503 --- [kground-preinit] o.a.tomcat.util.digester.Digester.sax    : characters(
    )
2019-12-06 11:18:41.314 DEBUG 7503 --- [kground-preinit] o.a.tomcat.util.digester.Digester.sax    : endElement(,,operation)
2019-12-06 11:18:41.314 DEBUG 7503 --- [kground-preinit] o.apache.tomcat.util.digester.Digester   :   match='mbeans-descriptors/mbean/operation'
2019-12-06 11:18:41.314 DEBUG 7503 --- [kground-preinit] o.apache.tomcat.util.digester.Digester   :   bodyText='
    '
2019-12-06 11:18:41.314 DEBUG 7503 --- [kground-preinit] o.apache.tomcat.util.digester.Digester   :   Fire body() for ObjectCreateRule[className=org.apache.tomcat.util.modeler.OperationInfo, attributeName=null]
2019-12-06 11:18:41.314 DEBUG 7503 --- [kground-preinit] o.apache.tomcat.util.digester.Digester   :   Fire body() for SetPropertiesRule[]
2019-12-06 11:18:41.314 DEBUG 7503 --- [kground-preinit] o.apache.tomcat.util.digester.Digester   :   Fire body() for SetNextRule[methodName=addOperation, paramType=org.apache.tomcat.util.modeler.OperationInfo]
2019-12-06 11:18:41.314 DEBUG 7503 --- [kground-preinit] o.apache.tomcat.util.digester.Digester   :   Fire end() for SetNextRule[methodName=addOperation, paramType=org.apache.tomcat.util.modeler.OperationInfo]
2019-12-06 11:18:41.314 DEBUG 7503 --- [kground-preinit] o.apache.tomcat.util.digester.Digester   : [SetNextRule]{mbeans-descriptors/mbean/operation} Call org.apache.tomcat.util.modeler.ManagedBean.addOperation(org.apache.tomcat.util.modeler.OperationInfo@6ecf6ee7)
2019-12-06 11:18:41.314 DEBUG 7503 --- [kground-preinit] o.apache.tomcat.util.IntrospectionUtils  : IntrospectionUtils: callMethod1 org.apache.tomcat.util.modeler.ManagedBean org.apache.tomcat.util.modeler.OperationInfo org.apache.tomcat.util.modeler.OperationInfo
2019-12-06 11:18:41.314 DEBUG 7503 --- [kground-preinit] o.apache.tomcat.util.digester.Digester   :   Fire end() for SetPropertiesRule[]
2019-12-06 11:18:41.314 DEBUG 7503 --- [kground-preinit] o.apache.tomcat.util.digester.Digester   :   Fire end() for ObjectCreateRule[className=org.apache.tomcat.util.modeler.OperationInfo, attributeName=null]
2019-12-06 11:18:41.314 DEBUG 7503 --- [kground-preinit] o.apache.tomcat.util.digester.Digester   : [ObjectCreateRule]{mbeans-descriptors/mbean/operation} Pop org.apache.tomcat.util.modeler.OperationInfo
2019-12-06 11:18:41.315 DEBUG 7503 --- [kground-preinit] o.a.tomcat.util.digester.Digester.sax    : characters(

    )
2019-12-06 11:18:41.315 DEBUG 7503 --- [kground-preinit] o.a.tomcat.util.digester.Digester.sax    : startElement(,,operation)
2019-12-06 11:18:41.315 DEBUG 7503 --- [kground-preinit] o.apache.tomcat.util.digester.Digester   :   New match='mbeans-descriptors/mbean/operation'
2019-12-06 11:18:41.315 DEBUG 7503 --- [kground-preinit] o.apache.tomcat.util.digester.Digester   :   Fire begin() for ObjectCreateRule[className=org.apache.tomcat.util.modeler.OperationInfo, attributeName=null]
2019-12-06 11:18:41.315 DEBUG 7503 --- [kground-preinit] o.apache.tomcat.util.digester.Digester   :   Fire begin() for SetPropertiesRule[]
2019-12-06 11:18:41.315 DEBUG 7503 --- [kground-preinit] o.apache.tomcat.util.digester.Digester   : [SetPropertiesRule]{mbeans-descriptors/mbean/operation} Set org.apache.tomcat.util.modeler.OperationInfo properties
2019-12-06 11:18:41.315 DEBUG 7503 --- [kground-preinit] o.apache.tomcat.util.digester.Digester   : [SetPropertiesRule]{mbeans-descriptors/mbean/operation} Setting property 'name' to 'findApplicationParameters'
2019-12-06 11:18:41.315 DEBUG 7503 --- [kground-preinit] o.apache.tomcat.util.IntrospectionUtils  : IntrospectionUtils: setProperty(class org.apache.tomcat.util.modeler.OperationInfo name=findApplicationParameters)
2019-12-06 11:18:41.315 DEBUG 7503 --- [kground-preinit] o.apache.tomcat.util.digester.Digester   : [SetPropertiesRule]{mbeans-descriptors/mbean/operation} Setting property 'description' to 'Return the set of application parameters for this application.'
2019-12-06 11:18:41.316 DEBUG 7503 --- [kground-preinit] o.apache.tomcat.util.IntrospectionUtils  : IntrospectionUtils: setProperty(class org.apache.tomcat.util.modeler.OperationInfo description=Return the set of application parameters for this application.)
2019-12-06 11:18:41.316 DEBUG 7503 --- [kground-preinit] o.apache.tomcat.util.digester.Digester   : [SetPropertiesRule]{mbeans-descriptors/mbean/operation} Setting property 'impact' to 'INFO'
2019-12-06 11:18:41.316 DEBUG 7503 --- [kground-preinit] o.apache.tomcat.util.IntrospectionUtils  : IntrospectionUtils: setProperty(class org.apache.tomcat.util.modeler.OperationInfo impact=INFO)
2019-12-06 11:18:41.316 DEBUG 7503 --- [kground-preinit] o.apache.tomcat.util.digester.Digester   : [SetPropertiesRule]{mbeans-descriptors/mbean/operation} Setting property 'returnType' to 'java.lang.String'
2019-12-06 11:18:41.316 DEBUG 7503 --- [kground-preinit] o.apache.tomcat.util.IntrospectionUtils  : IntrospectionUtils: setProperty(class org.apache.tomcat.util.modeler.OperationInfo returnType=java.lang.String)
2019-12-06 11:18:41.316 DEBUG 7503 --- [kground-preinit] o.apache.tomcat.util.digester.Digester   :   Fire begin() for SetNextRule[methodName=addOperation, paramType=org.apache.tomcat.util.modeler.OperationInfo]
2019-12-06 11:18:41.316 DEBUG 7503 --- [kground-preinit] o.a.tomcat.util.digester.Digester.sax    : characters(
    )
2019-12-06 11:18:41.316 DEBUG 7503 --- [kground-preinit] o.a.tomcat.util.digester.Digester.sax    : endElement(,,operation)
2019-12-06 11:18:41.316 DEBUG 7503 --- [kground-preinit] o.apache.tomcat.util.digester.Digester   :   match='mbeans-descriptors/mbean/operation'
2019-12-06 11:18:41.316 DEBUG 7503 --- [kground-preinit] o.apache.tomcat.util.digester.Digester   :   bodyText='
    '
2019-12-06 11:18:41.316 DEBUG 7503 --- [kground-preinit] o.apache.tomcat.util.digester.Digester   :   Fire body() for ObjectCreateRule[className=org.apache.tomcat.util.modeler.OperationInfo, attributeName=null]
2019-12-06 11:18:41.317 DEBUG 7503 --- [kground-preinit] o.apache.tomcat.util.digester.Digester   :   Fire body() for SetPropertiesRule[]
2019-12-06 11:18:41.317 DEBUG 7503 --- [kground-preinit] o.apache.tomcat.util.digester.Digester   :   Fire body() for SetNextRule[methodName=addOperation, paramType=org.apache.tomcat.util.modeler.OperationInfo]
2019-12-06 11:18:41.317 DEBUG 7503 --- [kground-preinit] o.apache.tomcat.util.digester.Digester   :   Fire end() for SetNextRule[methodName=addOperation, paramType=org.apache.tomcat.util.modeler.OperationInfo]
2019-12-06 11:18:41.317 DEBUG 7503 --- [kground-preinit] o.apache.tomcat.util.digester.Digester   : [SetNextRule]{mbeans-descriptors/mbean/operation} Call org.apache.tomcat.util.modeler.ManagedBean.addOperation(org.apache.tomcat.util.modeler.OperationInfo@2397fa98)
2019-12-06 11:18:41.317 DEBUG 7503 --- [kground-preinit] o.apache.tomcat.util.IntrospectionUtils  : IntrospectionUtils: callMethod1 org.apache.tomcat.util.modeler.ManagedBean org.apache.tomcat.util.modeler.OperationInfo org.apache.tomcat.util.modeler.OperationInfo
2019-12-06 11:18:41.317 DEBUG 7503 --- [kground-preinit] o.apache.tomcat.util.digester.Digester   :   Fire end() for SetPropertiesRule[]
2019-12-06 11:18:41.317 DEBUG 7503 --- [kground-preinit] o.apache.tomcat.util.digester.Digester   :   Fire end() for ObjectCreateRule[className=org.apache.tomcat.util.modeler.OperationInfo, attributeName=null]
2019-12-06 11:18:41.317 DEBUG 7503 --- [kground-preinit] o.apache.tomcat.util.digester.Digester   : [ObjectCreateRule]{mbeans-descriptors/mbean/operation} Pop org.apache.tomcat.util.modeler.OperationInfo
2019-12-06 11:18:41.317 DEBUG 7503 --- [kground-preinit] o.a.tomcat.util.digester.Digester.sax    : characters(

    )
2019-12-06 11:18:41.318 DEBUG 7503 --- [kground-preinit] o.a.tomcat.util.digester.Digester.sax    : startElement(,,operation)
2019-12-06 11:18:41.318 DEBUG 7503 --- [kground-preinit] o.apache.tomcat.util.digester.Digester   :   New match='mbeans-descriptors/mbean/operation'
2019-12-06 11:18:41.318 DEBUG 7503 --- [kground-preinit] o.apache.tomcat.util.digester.Digester   :   Fire begin() for ObjectCreateRule[className=org.apache.tomcat.util.modeler.OperationInfo, attributeName=null]
2019-12-06 11:18:41.318 DEBUG 7503 --- [kground-preinit] o.apache.tomcat.util.digester.Digester   :   Fire begin() for SetPropertiesRule[]
2019-12-06 11:18:41.318 DEBUG 7503 --- [kground-preinit] o.apache.tomcat.util.digester.Digester   : [SetPropertiesRule]{mbeans-descriptors/mbean/operation} Set org.apache.tomcat.util.modeler.OperationInfo properties
2019-12-06 11:18:41.318 DEBUG 7503 --- [kground-preinit] o.apache.tomcat.util.digester.Digester   : [SetPropertiesRule]{mbeans-descriptors/mbean/operation} Setting property 'name' to 'findConstraints'
2019-12-06 11:18:41.318 DEBUG 7503 --- [kground-preinit] o.apache.tomcat.util.IntrospectionUtils  : IntrospectionUtils: setProperty(class org.apache.tomcat.util.modeler.OperationInfo name=findConstraints)
2019-12-06 11:18:41.318 DEBUG 7503 --- [kground-preinit] o.apache.tomcat.util.digester.Digester   : [SetPropertiesRule]{mbeans-descriptors/mbean/operation} Setting property 'description' to 'Return the set of security constraints for this web application. If there are none, a zero-length array is returned.'
2019-12-06 11:18:41.318 DEBUG 7503 --- [kground-preinit] o.apache.tomcat.util.IntrospectionUtils  : IntrospectionUtils: setProperty(class org.apache.tomcat.util.modeler.OperationInfo description=Return the set of security constraints for this web application. If there are none, a zero-length array is returned.)
2019-12-06 11:18:41.318 DEBUG 7503 --- [kground-preinit] o.apache.tomcat.util.digester.Digester   : [SetPropertiesRule]{mbeans-descriptors/mbean/operation} Setting property 'impact' to 'INFO'
2019-12-06 11:18:41.318 DEBUG 7503 --- [kground-preinit] o.apache.tomcat.util.IntrospectionUtils  : IntrospectionUtils: setProperty(class org.apache.tomcat.util.modeler.OperationInfo impact=INFO)
2019-12-06 11:18:41.319 DEBUG 7503 --- [kground-preinit] o.apache.tomcat.util.digester.Digester   : [SetPropertiesRule]{mbeans-descriptors/mbean/operation} Setting property 'returnType' to 'java.lang.String'
2019-12-06 11:18:41.319 DEBUG 7503 --- [kground-preinit] o.apache.tomcat.util.IntrospectionUtils  : IntrospectionUtils: setProperty(class org.apache.tomcat.util.modeler.OperationInfo returnType=java.lang.String)
2019-12-06 11:18:41.319 DEBUG 7503 --- [kground-preinit] o.apache.tomcat.util.digester.Digester   :   Fire begin() for SetNextRule[methodName=addOperation, paramType=org.apache.tomcat.util.modeler.OperationInfo]
2019-12-06 11:18:41.319 DEBUG 7503 --- [kground-preinit] o.a.tomcat.util.digester.Digester.sax    : characters(
    )
2019-12-06 11:18:41.319 DEBUG 7503 --- [kground-preinit] o.a.tomcat.util.digester.Digester.sax    : endElement(,,operation)
2019-12-06 11:18:41.319 DEBUG 7503 --- [kground-preinit] o.apache.tomcat.util.digester.Digester   :   match='mbeans-descriptors/mbean/operation'
2019-12-06 11:18:41.319 DEBUG 7503 --- [kground-preinit] o.apache.tomcat.util.digester.Digester   :   bodyText='
    '
2019-12-06 11:18:41.319 DEBUG 7503 --- [kground-preinit] o.apache.tomcat.util.digester.Digester   :   Fire body() for ObjectCreateRule[className=org.apache.tomcat.util.modeler.OperationInfo, attributeName=null]
2019-12-06 11:18:41.319 DEBUG 7503 --- [kground-preinit] o.apache.tomcat.util.digester.Digester   :   Fire body() for SetPropertiesRule[]
2019-12-06 11:18:41.319 DEBUG 7503 --- [kground-preinit] o.apache.tomcat.util.digester.Digester   :   Fire body() for SetNextRule[methodName=addOperation, paramType=org.apache.tomcat.util.modeler.OperationInfo]
2019-12-06 11:18:41.319 DEBUG 7503 --- [kground-preinit] o.apache.tomcat.util.digester.Digester   :   Fire end() for SetNextRule[methodName=addOperation, paramType=org.apache.tomcat.util.modeler.OperationInfo]
2019-12-06 11:18:41.319 DEBUG 7503 --- [kground-preinit] o.apache.tomcat.util.digester.Digester   : [SetNextRule]{mbeans-descriptors/mbean/operation} Call org.apache.tomcat.util.modeler.ManagedBean.addOperation(org.apache.tomcat.util.modeler.OperationInfo@3a843f73)
2019-12-06 11:18:41.320 DEBUG 7503 --- [kground-preinit] o.apache.tomcat.util.IntrospectionUtils  : IntrospectionUtils: callMethod1 org.apache.tomcat.util.modeler.ManagedBean org.apache.tomcat.util.modeler.OperationInfo org.apache.tomcat.util.modeler.OperationInfo
2019-12-06 11:18:41.320 DEBUG 7503 --- [kground-preinit] o.apache.tomcat.util.digester.Digester   :   Fire end() for SetPropertiesRule[]
2019-12-06 11:18:41.320 DEBUG 7503 --- [kground-preinit] o.apache.tomcat.util.digester.Digester   :   Fire end() for ObjectCreateRule[className=org.apache.tomcat.util.modeler.OperationInfo, attributeName=null]
2019-12-06 11:18:41.320 DEBUG 7503 --- [kground-preinit] o.apache.tomcat.util.digester.Digester   : [ObjectCreateRule]{mbeans-descriptors/mbean/operation} Pop org.apache.tomcat.util.modeler.OperationInfo
2019-12-06 11:18:41.320 DEBUG 7503 --- [kground-preinit] o.a.tomcat.util.digester.Digester.sax    : characters(

    )
2019-12-06 11:18:41.320 DEBUG 7503 --- [kground-preinit] o.a.tomcat.util.digester.Digester.sax    : startElement(,,operation)
2019-12-06 11:18:41.320 DEBUG 7503 --- [kground-preinit] o.apache.tomcat.util.digester.Digester   :   New match='mbeans-descriptors/mbean/operation'
2019-12-06 11:18:41.320 DEBUG 7503 --- [kground-preinit] o.apache.tomcat.util.digester.Digester   :   Fire begin() for ObjectCreateRule[className=org.apache.tomcat.util.modeler.OperationInfo, attributeName=null]
2019-12-06 11:18:41.320 DEBUG 7503 --- [kground-preinit] o.apache.tomcat.util.digester.Digester   :   Fire begin() for SetPropertiesRule[]
2019-12-06 11:18:41.320 DEBUG 7503 --- [kground-preinit] o.apache.tomcat.util.digester.Digester   : [SetPropertiesRule]{mbeans-descriptors/mbean/operation} Set org.apache.tomcat.util.modeler.OperationInfo properties
2019-12-06 11:18:41.320 DEBUG 7503 --- [kground-preinit] o.apache.tomcat.util.digester.Digester   : [SetPropertiesRule]{mbeans-descriptors/mbean/operation} Setting property 'name' to 'findContainerListenerNames'
2019-12-06 11:18:41.320 DEBUG 7503 --- [kground-preinit] o.apache.tomcat.util.IntrospectionUtils  : IntrospectionUtils: setProperty(class org.apache.tomcat.util.modeler.OperationInfo name=findContainerListenerNames)
2019-12-06 11:18:41.320 DEBUG 7503 --- [kground-preinit] o.apache.tomcat.util.digester.Digester   : [SetPropertiesRule]{mbeans-descriptors/mbean/operation} Setting property 'description' to 'Return the set of container listener class names configured for this application.'
2019-12-06 11:18:41.321 DEBUG 7503 --- [kground-preinit] o.apache.tomcat.util.IntrospectionUtils  : IntrospectionUtils: setProperty(class org.apache.tomcat.util.modeler.OperationInfo description=Return the set of container listener class names configured for this application.)
2019-12-06 11:18:41.321 DEBUG 7503 --- [kground-preinit] o.apache.tomcat.util.digester.Digester   : [SetPropertiesRule]{mbeans-descriptors/mbean/operation} Setting property 'impact' to 'INFO'
2019-12-06 11:18:41.321 DEBUG 7503 --- [kground-preinit] o.apache.tomcat.util.IntrospectionUtils  : IntrospectionUtils: setProperty(class org.apache.tomcat.util.modeler.OperationInfo impact=INFO)
2019-12-06 11:18:41.321 DEBUG 7503 --- [kground-preinit] o.apache.tomcat.util.digester.Digester   : [SetPropertiesRule]{mbeans-descriptors/mbean/operation} Setting property 'returnType' to '[Ljava.lang.String;'
2019-12-06 11:18:41.321 DEBUG 7503 --- [kground-preinit] o.apache.tomcat.util.IntrospectionUtils  : IntrospectionUtils: setProperty(class org.apache.tomcat.util.modeler.OperationInfo returnType=[Ljava.lang.String;)
2019-12-06 11:18:41.321 DEBUG 7503 --- [kground-preinit] o.apache.tomcat.util.digester.Digester   :   Fire begin() for SetNextRule[methodName=addOperation, paramType=org.apache.tomcat.util.modeler.OperationInfo]
2019-12-06 11:18:41.321 DEBUG 7503 --- [kground-preinit] o.a.tomcat.util.digester.Digester.sax    : characters(
    )
2019-12-06 11:18:41.321 DEBUG 7503 --- [kground-preinit] o.a.tomcat.util.digester.Digester.sax    : endElement(,,operation)
2019-12-06 11:18:41.321 DEBUG 7503 --- [kground-preinit] o.apache.tomcat.util.digester.Digester   :   match='mbeans-descriptors/mbean/operation'
2019-12-06 11:18:41.321 DEBUG 7503 --- [kground-preinit] o.apache.tomcat.util.digester.Digester   :   bodyText='
    '
2019-12-06 11:18:41.321 DEBUG 7503 --- [kground-preinit] o.apache.tomcat.util.digester.Digester   :   Fire body() for ObjectCreateRule[className=org.apache.tomcat.util.modeler.OperationInfo, attributeName=null]
2019-12-06 11:18:41.321 DEBUG 7503 --- [kground-preinit] o.apache.tomcat.util.digester.Digester   :   Fire body() for SetPropertiesRule[]
2019-12-06 11:18:41.321 DEBUG 7503 --- [kground-preinit] o.apache.tomcat.util.digester.Digester   :   Fire body() for SetNextRule[methodName=addOperation, paramType=org.apache.tomcat.util.modeler.OperationInfo]
2019-12-06 11:18:41.321 DEBUG 7503 --- [kground-preinit] o.apache.tomcat.util.digester.Digester   :   Fire end() for SetNextRule[methodName=addOperation, paramType=org.apache.tomcat.util.modeler.OperationInfo]
2019-12-06 11:18:41.321 DEBUG 7503 --- [kground-preinit] o.apache.tomcat.util.digester.Digester   : [SetNextRule]{mbeans-descriptors/mbean/operation} Call org.apache.tomcat.util.modeler.ManagedBean.addOperation(org.apache.tomcat.util.modeler.OperationInfo@157e3930)
2019-12-06 11:18:41.322 DEBUG 7503 --- [kground-preinit] o.apache.tomcat.util.IntrospectionUtils  : IntrospectionUtils: callMethod1 org.apache.tomcat.util.modeler.ManagedBean org.apache.tomcat.util.modeler.OperationInfo org.apache.tomcat.util.modeler.OperationInfo
2019-12-06 11:18:41.322 DEBUG 7503 --- [kground-preinit] o.apache.tomcat.util.digester.Digester   :   Fire end() for SetPropertiesRule[]
2019-12-06 11:18:41.322 DEBUG 7503 --- [kground-preinit] o.apache.tomcat.util.digester.Digester   :   Fire end() for ObjectCreateRule[className=org.apache.tomcat.util.modeler.OperationInfo, attributeName=null]
2019-12-06 11:18:41.322 DEBUG 7503 --- [kground-preinit] o.apache.tomcat.util.digester.Digester   : [ObjectCreateRule]{mbeans-descriptors/mbean/operation} Pop org.apache.tomcat.util.modeler.OperationInfo
2019-12-06 11:18:41.322 DEBUG 7503 --- [kground-preinit] o.a.tomcat.util.digester.Digester.sax    : characters(

    )
2019-12-06 11:18:41.322 DEBUG 7503 --- [kground-preinit] o.a.tomcat.util.digester.Digester.sax    : startElement(,,operation)
2019-12-06 11:18:41.322 DEBUG 7503 --- [kground-preinit] o.apache.tomcat.util.digester.Digester   :   New match='mbeans-descriptors/mbean/operation'
2019-12-06 11:18:41.322 DEBUG 7503 --- [kground-preinit] o.apache.tomcat.util.digester.Digester   :   Fire begin() for ObjectCreateRule[className=org.apache.tomcat.util.modeler.OperationInfo, attributeName=null]
2019-12-06 11:18:41.322 DEBUG 7503 --- [kground-preinit] o.apache.tomcat.util.digester.Digester   :   Fire begin() for SetPropertiesRule[]
2019-12-06 11:18:41.322 DEBUG 7503 --- [kground-preinit] o.apache.tomcat.util.digester.Digester   : [SetPropertiesRule]{mbeans-descriptors/mbean/operation} Set org.apache.tomcat.util.modeler.OperationInfo properties
2019-12-06 11:18:41.322 DEBUG 7503 --- [kground-preinit] o.apache.tomcat.util.digester.Digester   : [SetPropertiesRule]{mbeans-descriptors/mbean/operation} Setting property 'name' to 'findErrorPage'
2019-12-06 11:18:41.322 DEBUG 7503 --- [kground-preinit] o.apache.tomcat.util.IntrospectionUtils  : IntrospectionUtils: setProperty(class org.apache.tomcat.util.modeler.OperationInfo name=findErrorPage)
2019-12-06 11:18:41.322 DEBUG 7503 --- [kground-preinit] o.apache.tomcat.util.digester.Digester   : [SetPropertiesRule]{mbeans-descriptors/mbean/operation} Setting property 'description' to 'Return the error page entry for the specified HTTP error code, if any; otherwise return null'
2019-12-06 11:18:41.323 DEBUG 7503 --- [kground-preinit] o.apache.tomcat.util.IntrospectionUtils  : IntrospectionUtils: setProperty(class org.apache.tomcat.util.modeler.OperationInfo description=Return the error page entry for the specified HTTP error code, if any; otherwise return null)
2019-12-06 11:18:41.323 DEBUG 7503 --- [kground-preinit] o.apache.tomcat.util.digester.Digester   : [SetPropertiesRule]{mbeans-descriptors/mbean/operation} Setting property 'impact' to 'ACTION'
2019-12-06 11:18:41.323 DEBUG 7503 --- [kground-preinit] o.apache.tomcat.util.IntrospectionUtils  : IntrospectionUtils: setProperty(class org.apache.tomcat.util.modeler.OperationInfo impact=ACTION)
2019-12-06 11:18:41.323 DEBUG 7503 --- [kground-preinit] o.apache.tomcat.util.digester.Digester   : [SetPropertiesRule]{mbeans-descriptors/mbean/operation} Setting property 'returnType' to 'java.lang.String'
2019-12-06 11:18:41.323 DEBUG 7503 --- [kground-preinit] o.apache.tomcat.util.IntrospectionUtils  : IntrospectionUtils: setProperty(class org.apache.tomcat.util.modeler.OperationInfo returnType=java.lang.String)
2019-12-06 11:18:41.323 DEBUG 7503 --- [kground-preinit] o.apache.tomcat.util.digester.Digester   :   Fire begin() for SetNextRule[methodName=addOperation, paramType=org.apache.tomcat.util.modeler.OperationInfo]
2019-12-06 11:18:41.323 DEBUG 7503 --- [kground-preinit] o.a.tomcat.util.digester.Digester.sax    : characters(
      )
2019-12-06 11:18:41.323 DEBUG 7503 --- [kground-preinit] o.a.tomcat.util.digester.Digester.sax    : startElement(,,parameter)
2019-12-06 11:18:41.323 DEBUG 7503 --- [kground-preinit] o.apache.tomcat.util.digester.Digester   :   New match='mbeans-descriptors/mbean/operation/parameter'
2019-12-06 11:18:41.323 DEBUG 7503 --- [kground-preinit] o.apache.tomcat.util.digester.Digester   :   Fire begin() for ObjectCreateRule[className=org.apache.tomcat.util.modeler.ParameterInfo, attributeName=null]
2019-12-06 11:18:41.323 DEBUG 7503 --- [kground-preinit] o.apache.tomcat.util.digester.Digester   :   Fire begin() for SetPropertiesRule[]
2019-12-06 11:18:41.323 DEBUG 7503 --- [kground-preinit] o.apache.tomcat.util.digester.Digester   : [SetPropertiesRule]{mbeans-descriptors/mbean/operation/parameter} Set org.apache.tomcat.util.modeler.ParameterInfo properties
2019-12-06 11:18:41.324 DEBUG 7503 --- [kground-preinit] o.apache.tomcat.util.digester.Digester   : [SetPropertiesRule]{mbeans-descriptors/mbean/operation/parameter} Setting property 'name' to 'errorCode'
2019-12-06 11:18:41.324 DEBUG 7503 --- [kground-preinit] o.apache.tomcat.util.IntrospectionUtils  : IntrospectionUtils: setProperty(class org.apache.tomcat.util.modeler.ParameterInfo name=errorCode)
2019-12-06 11:18:41.324 DEBUG 7503 --- [kground-preinit] o.apache.tomcat.util.digester.Digester   : [SetPropertiesRule]{mbeans-descriptors/mbean/operation/parameter} Setting property 'description' to 'Error code to look up'
2019-12-06 11:18:41.324 DEBUG 7503 --- [kground-preinit] o.apache.tomcat.util.IntrospectionUtils  : IntrospectionUtils: setProperty(class org.apache.tomcat.util.modeler.ParameterInfo description=Error code to look up)
2019-12-06 11:18:41.324 DEBUG 7503 --- [kground-preinit] o.apache.tomcat.util.digester.Digester   : [SetPropertiesRule]{mbeans-descriptors/mbean/operation/parameter} Setting property 'type' to 'int'
2019-12-06 11:18:41.324 DEBUG 7503 --- [kground-preinit] o.apache.tomcat.util.IntrospectionUtils  : IntrospectionUtils: setProperty(class org.apache.tomcat.util.modeler.ParameterInfo type=int)
2019-12-06 11:18:41.324 DEBUG 7503 --- [kground-preinit] o.apache.tomcat.util.digester.Digester   :   Fire begin() for SetNextRule[methodName=addParameter, paramType=org.apache.tomcat.util.modeler.ParameterInfo]
2019-12-06 11:18:41.324 DEBUG 7503 --- [kground-preinit] o.a.tomcat.util.digester.Digester.sax    : endElement(,,parameter)
2019-12-06 11:18:41.324 DEBUG 7503 --- [kground-preinit] o.apache.tomcat.util.digester.Digester   :   match='mbeans-descriptors/mbean/operation/parameter'
2019-12-06 11:18:41.324 DEBUG 7503 --- [kground-preinit] o.apache.tomcat.util.digester.Digester   :   bodyText=''
2019-12-06 11:18:41.324 DEBUG 7503 --- [kground-preinit] o.apache.tomcat.util.digester.Digester   :   Fire body() for ObjectCreateRule[className=org.apache.tomcat.util.modeler.ParameterInfo, attributeName=null]
2019-12-06 11:18:41.325 DEBUG 7503 --- [kground-preinit] o.apache.tomcat.util.digester.Digester   :   Fire body() for SetPropertiesRule[]
2019-12-06 11:18:41.325 DEBUG 7503 --- [kground-preinit] o.apache.tomcat.util.digester.Digester   :   Fire body() for SetNextRule[methodName=addParameter, paramType=org.apache.tomcat.util.modeler.ParameterInfo]
2019-12-06 11:18:41.325 DEBUG 7503 --- [kground-preinit] o.apache.tomcat.util.digester.Digester   :   Fire end() for SetNextRule[methodName=addParameter, paramType=org.apache.tomcat.util.modeler.ParameterInfo]
2019-12-06 11:18:41.325 DEBUG 7503 --- [kground-preinit] o.apache.tomcat.util.digester.Digester   : [SetNextRule]{mbeans-descriptors/mbean/operation/parameter} Call org.apache.tomcat.util.modeler.OperationInfo.addParameter(org.apache.tomcat.util.modeler.ParameterInfo@53c52e)
2019-12-06 11:18:41.325 DEBUG 7503 --- [kground-preinit] o.apache.tomcat.util.IntrospectionUtils  : IntrospectionUtils: callMethod1 org.apache.tomcat.util.modeler.OperationInfo org.apache.tomcat.util.modeler.ParameterInfo org.apache.tomcat.util.modeler.ParameterInfo
2019-12-06 11:18:41.325 DEBUG 7503 --- [kground-preinit] o.apache.tomcat.util.digester.Digester   :   Fire end() for SetPropertiesRule[]
2019-12-06 11:18:41.325 DEBUG 7503 --- [kground-preinit] o.apache.tomcat.util.digester.Digester   :   Fire end() for ObjectCreateRule[className=org.apache.tomcat.util.modeler.ParameterInfo, attributeName=null]
2019-12-06 11:18:41.325 DEBUG 7503 --- [kground-preinit] o.apache.tomcat.util.digester.Digester   : [ObjectCreateRule]{mbeans-descriptors/mbean/operation/parameter} Pop org.apache.tomcat.util.modeler.ParameterInfo
2019-12-06 11:18:41.325 DEBUG 7503 --- [kground-preinit] o.a.tomcat.util.digester.Digester.sax    : characters(
    )
2019-12-06 11:18:41.325 DEBUG 7503 --- [kground-preinit] o.a.tomcat.util.digester.Digester.sax    : endElement(,,operation)
2019-12-06 11:18:41.325 DEBUG 7503 --- [kground-preinit] o.apache.tomcat.util.digester.Digester   :   match='mbeans-descriptors/mbean/operation'
2019-12-06 11:18:41.326 DEBUG 7503 --- [kground-preinit] o.apache.tomcat.util.digester.Digester   :   bodyText='
      
    '
2019-12-06 11:18:41.326 DEBUG 7503 --- [kground-preinit] o.apache.tomcat.util.digester.Digester   :   Fire body() for ObjectCreateRule[className=org.apache.tomcat.util.modeler.OperationInfo, attributeName=null]
2019-12-06 11:18:41.326 DEBUG 7503 --- [kground-preinit] o.apache.tomcat.util.digester.Digester   :   Fire body() for SetPropertiesRule[]
2019-12-06 11:18:41.326 DEBUG 7503 --- [kground-preinit] o.apache.tomcat.util.digester.Digester   :   Fire body() for SetNextRule[methodName=addOperation, paramType=org.apache.tomcat.util.modeler.OperationInfo]
2019-12-06 11:18:41.326 DEBUG 7503 --- [kground-preinit] o.apache.tomcat.util.digester.Digester   :   Fire end() for SetNextRule[methodName=addOperation, paramType=org.apache.tomcat.util.modeler.OperationInfo]
2019-12-06 11:18:41.326 DEBUG 7503 --- [kground-preinit] o.apache.tomcat.util.digester.Digester   : [SetNextRule]{mbeans-descriptors/mbean/operation} Call org.apache.tomcat.util.modeler.ManagedBean.addOperation(org.apache.tomcat.util.modeler.OperationInfo@1c8cbc86)
2019-12-06 11:18:41.326 DEBUG 7503 --- [kground-preinit] o.apache.tomcat.util.IntrospectionUtils  : IntrospectionUtils: callMethod1 org.apache.tomcat.util.modeler.ManagedBean org.apache.tomcat.util.modeler.OperationInfo org.apache.tomcat.util.modeler.OperationInfo
2019-12-06 11:18:41.326 DEBUG 7503 --- [kground-preinit] o.apache.tomcat.util.digester.Digester   :   Fire end() for SetPropertiesRule[]
2019-12-06 11:18:41.326 DEBUG 7503 --- [kground-preinit] o.apache.tomcat.util.digester.Digester   :   Fire end() for ObjectCreateRule[className=org.apache.tomcat.util.modeler.OperationInfo, attributeName=null]
2019-12-06 11:18:41.326 DEBUG 7503 --- [kground-preinit] o.apache.tomcat.util.digester.Digester   : [ObjectCreateRule]{mbeans-descriptors/mbean/operation} Pop org.apache.tomcat.util.modeler.OperationInfo
2019-12-06 11:18:41.326 DEBUG 7503 --- [kground-preinit] o.a.tomcat.util.digester.Digester.sax    : characters(

    )
2019-12-06 11:18:41.327 DEBUG 7503 --- [kground-preinit] o.a.tomcat.util.digester.Digester.sax    : startElement(,,operation)
2019-12-06 11:18:41.327 DEBUG 7503 --- [kground-preinit] o.apache.tomcat.util.digester.Digester   :   New match='mbeans-descriptors/mbean/operation'
2019-12-06 11:18:41.327 DEBUG 7503 --- [kground-preinit] o.apache.tomcat.util.digester.Digester   :   Fire begin() for ObjectCreateRule[className=org.apache.tomcat.util.modeler.OperationInfo, attributeName=null]
2019-12-06 11:18:41.327 DEBUG 7503 --- [kground-preinit] o.apache.tomcat.util.digester.Digester   :   Fire begin() for SetPropertiesRule[]
2019-12-06 11:18:41.327 DEBUG 7503 --- [kground-preinit] o.apache.tomcat.util.digester.Digester   : [SetPropertiesRule]{mbeans-descriptors/mbean/operation} Set org.apache.tomcat.util.modeler.OperationInfo properties
2019-12-06 11:18:41.327 DEBUG 7503 --- [kground-preinit] o.apache.tomcat.util.digester.Digester   : [SetPropertiesRule]{mbeans-descriptors/mbean/operation} Setting property 'name' to 'findErrorPage'
2019-12-06 11:18:41.327 DEBUG 7503 --- [kground-preinit] o.apache.tomcat.util.IntrospectionUtils  : IntrospectionUtils: setProperty(class org.apache.tomcat.util.modeler.OperationInfo name=findErrorPage)
2019-12-06 11:18:41.327 DEBUG 7503 --- [kground-preinit] o.apache.tomcat.util.digester.Digester   : [SetPropertiesRule]{mbeans-descriptors/mbean/operation} Setting property 'description' to 'Return the error page entry for the specified Java exception type, if any; otherwise return null.'
2019-12-06 11:18:41.327 DEBUG 7503 --- [kground-preinit] o.apache.tomcat.util.IntrospectionUtils  : IntrospectionUtils: setProperty(class org.apache.tomcat.util.modeler.OperationInfo description=Return the error page entry for the specified Java exception type, if any; otherwise return null.)
2019-12-06 11:18:41.327 DEBUG 7503 --- [kground-preinit] o.apache.tomcat.util.digester.Digester   : [SetPropertiesRule]{mbeans-descriptors/mbean/operation} Setting property 'impact' to 'ACTION'
2019-12-06 11:18:41.327 DEBUG 7503 --- [kground-preinit] o.apache.tomcat.util.IntrospectionUtils  : IntrospectionUtils: setProperty(class org.apache.tomcat.util.modeler.OperationInfo impact=ACTION)
2019-12-06 11:18:41.328 DEBUG 7503 --- [kground-preinit] o.apache.tomcat.util.digester.Digester   : [SetPropertiesRule]{mbeans-descriptors/mbean/operation} Setting property 'returnType' to 'java.lang.String'
2019-12-06 11:18:41.328 DEBUG 7503 --- [kground-preinit] o.apache.tomcat.util.IntrospectionUtils  : IntrospectionUtils: setProperty(class org.apache.tomcat.util.modeler.OperationInfo returnType=java.lang.String)
2019-12-06 11:18:41.328 DEBUG 7503 --- [kground-preinit] o.apache.tomcat.util.digester.Digester   :   Fire begin() for SetNextRule[methodName=addOperation, paramType=org.apache.tomcat.util.modeler.OperationInfo]
2019-12-06 11:18:41.328 DEBUG 7503 --- [kground-preinit] o.a.tomcat.util.digester.Digester.sax    : characters(
      )
2019-12-06 11:18:41.328 DEBUG 7503 --- [kground-preinit] o.a.tomcat.util.digester.Digester.sax    : startElement(,,parameter)
2019-12-06 11:18:41.328 DEBUG 7503 --- [kground-preinit] o.apache.tomcat.util.digester.Digester   :   New match='mbeans-descriptors/mbean/operation/parameter'
2019-12-06 11:18:41.328 DEBUG 7503 --- [kground-preinit] o.apache.tomcat.util.digester.Digester   :   Fire begin() for ObjectCreateRule[className=org.apache.tomcat.util.modeler.ParameterInfo, attributeName=null]
2019-12-06 11:18:41.328 DEBUG 7503 --- [kground-preinit] o.apache.tomcat.util.digester.Digester   :   Fire begin() for SetPropertiesRule[]
2019-12-06 11:18:41.328 DEBUG 7503 --- [kground-preinit] o.apache.tomcat.util.digester.Digester   : [SetPropertiesRule]{mbeans-descriptors/mbean/operation/parameter} Set org.apache.tomcat.util.modeler.ParameterInfo properties
2019-12-06 11:18:41.328 DEBUG 7503 --- [kground-preinit] o.apache.tomcat.util.digester.Digester   : [SetPropertiesRule]{mbeans-descriptors/mbean/operation/parameter} Setting property 'name' to 'exceptionType'
2019-12-06 11:18:41.328 DEBUG 7503 --- [kground-preinit] o.apache.tomcat.util.IntrospectionUtils  : IntrospectionUtils: setProperty(class org.apache.tomcat.util.modeler.ParameterInfo name=exceptionType)
2019-12-06 11:18:41.328 DEBUG 7503 --- [kground-preinit] o.apache.tomcat.util.digester.Digester   : [SetPropertiesRule]{mbeans-descriptors/mbean/operation/parameter} Setting property 'description' to 'Exception type to look up'
2019-12-06 11:18:41.328 DEBUG 7503 --- [kground-preinit] o.apache.tomcat.util.IntrospectionUtils  : IntrospectionUtils: setProperty(class org.apache.tomcat.util.modeler.ParameterInfo description=Exception type to look up)
2019-12-06 11:18:41.328 DEBUG 7503 --- [kground-preinit] o.apache.tomcat.util.digester.Digester   : [SetPropertiesRule]{mbeans-descriptors/mbean/operation/parameter} Setting property 'type' to 'java.lang.String'
2019-12-06 11:18:41.328 DEBUG 7503 --- [kground-preinit] o.apache.tomcat.util.IntrospectionUtils  : IntrospectionUtils: setProperty(class org.apache.tomcat.util.modeler.ParameterInfo type=java.lang.String)
2019-12-06 11:18:41.328 DEBUG 7503 --- [kground-preinit] o.apache.tomcat.util.digester.Digester   :   Fire begin() for SetNextRule[methodName=addParameter, paramType=org.apache.tomcat.util.modeler.ParameterInfo]
2019-12-06 11:18:41.328 DEBUG 7503 --- [kground-preinit] o.a.tomcat.util.digester.Digester.sax    : endElement(,,parameter)
2019-12-06 11:18:41.329 DEBUG 7503 --- [kground-preinit] o.apache.tomcat.util.digester.Digester   :   match='mbeans-descriptors/mbean/operation/parameter'
2019-12-06 11:18:41.329 DEBUG 7503 --- [kground-preinit] o.apache.tomcat.util.digester.Digester   :   bodyText=''
2019-12-06 11:18:41.329 DEBUG 7503 --- [kground-preinit] o.apache.tomcat.util.digester.Digester   :   Fire body() for ObjectCreateRule[className=org.apache.tomcat.util.modeler.ParameterInfo, attributeName=null]
2019-12-06 11:18:41.329 DEBUG 7503 --- [kground-preinit] o.apache.tomcat.util.digester.Digester   :   Fire body() for SetPropertiesRule[]
2019-12-06 11:18:41.329 DEBUG 7503 --- [kground-preinit] o.apache.tomcat.util.digester.Digester   :   Fire body() for SetNextRule[methodName=addParameter, paramType=org.apache.tomcat.util.modeler.ParameterInfo]
2019-12-06 11:18:41.329 DEBUG 7503 --- [kground-preinit] o.apache.tomcat.util.digester.Digester   :   Fire end() for SetNextRule[methodName=addParameter, paramType=org.apache.tomcat.util.modeler.ParameterInfo]
2019-12-06 11:18:41.329 DEBUG 7503 --- [kground-preinit] o.apache.tomcat.util.digester.Digester   : [SetNextRule]{mbeans-descriptors/mbean/operation/parameter} Call org.apache.tomcat.util.modeler.OperationInfo.addParameter(org.apache.tomcat.util.modeler.ParameterInfo@7e877c3)
2019-12-06 11:18:41.329 DEBUG 7503 --- [kground-preinit] o.apache.tomcat.util.IntrospectionUtils  : IntrospectionUtils: callMethod1 org.apache.tomcat.util.modeler.OperationInfo org.apache.tomcat.util.modeler.ParameterInfo org.apache.tomcat.util.modeler.ParameterInfo
2019-12-06 11:18:41.329 DEBUG 7503 --- [kground-preinit] o.apache.tomcat.util.digester.Digester   :   Fire end() for SetPropertiesRule[]
2019-12-06 11:18:41.329 DEBUG 7503 --- [kground-preinit] o.apache.tomcat.util.digester.Digester   :   Fire end() for ObjectCreateRule[className=org.apache.tomcat.util.modeler.ParameterInfo, attributeName=null]
2019-12-06 11:18:41.329 DEBUG 7503 --- [kground-preinit] o.apache.tomcat.util.digester.Digester   : [ObjectCreateRule]{mbeans-descriptors/mbean/operation/parameter} Pop org.apache.tomcat.util.modeler.ParameterInfo
2019-12-06 11:18:41.329 DEBUG 7503 --- [kground-preinit] o.a.tomcat.util.digester.Digester.sax    : characters(
    )
2019-12-06 11:18:41.329 DEBUG 7503 --- [kground-preinit] o.a.tomcat.util.digester.Digester.sax    : endElement(,,operation)
2019-12-06 11:18:41.329 DEBUG 7503 --- [kground-preinit] o.apache.tomcat.util.digester.Digester   :   match='mbeans-descriptors/mbean/operation'
2019-12-06 11:18:41.329 DEBUG 7503 --- [kground-preinit] o.apache.tomcat.util.digester.Digester   :   bodyText='
      
    '
2019-12-06 11:18:41.329 DEBUG 7503 --- [kground-preinit] o.apache.tomcat.util.digester.Digester   :   Fire body() for ObjectCreateRule[className=org.apache.tomcat.util.modeler.OperationInfo, attributeName=null]
2019-12-06 11:18:41.330 DEBUG 7503 --- [kground-preinit] o.apache.tomcat.util.digester.Digester   :   Fire body() for SetPropertiesRule[]
2019-12-06 11:18:41.330 DEBUG 7503 --- [kground-preinit] o.apache.tomcat.util.digester.Digester   :   Fire body() for SetNextRule[methodName=addOperation, paramType=org.apache.tomcat.util.modeler.OperationInfo]
2019-12-06 11:18:41.330 DEBUG 7503 --- [kground-preinit] o.apache.tomcat.util.digester.Digester   :   Fire end() for SetNextRule[methodName=addOperation, paramType=org.apache.tomcat.util.modeler.OperationInfo]
2019-12-06 11:18:41.330 DEBUG 7503 --- [kground-preinit] o.apache.tomcat.util.digester.Digester   : [SetNextRule]{mbeans-descriptors/mbean/operation} Call org.apache.tomcat.util.modeler.ManagedBean.addOperation(org.apache.tomcat.util.modeler.OperationInfo@633b69b7)
2019-12-06 11:18:41.330 DEBUG 7503 --- [kground-preinit] o.apache.tomcat.util.IntrospectionUtils  : IntrospectionUtils: callMethod1 org.apache.tomcat.util.modeler.ManagedBean org.apache.tomcat.util.modeler.OperationInfo org.apache.tomcat.util.modeler.OperationInfo
2019-12-06 11:18:41.330 DEBUG 7503 --- [kground-preinit] o.apache.tomcat.util.digester.Digester   :   Fire end() for SetPropertiesRule[]
2019-12-06 11:18:41.330 DEBUG 7503 --- [kground-preinit] o.apache.tomcat.util.digester.Digester   :   Fire end() for ObjectCreateRule[className=org.apache.tomcat.util.modeler.OperationInfo, attributeName=null]
2019-12-06 11:18:41.330 DEBUG 7503 --- [kground-preinit] o.apache.tomcat.util.digester.Digester   : [ObjectCreateRule]{mbeans-descriptors/mbean/operation} Pop org.apache.tomcat.util.modeler.OperationInfo
2019-12-06 11:18:41.330 DEBUG 7503 --- [kground-preinit] o.a.tomcat.util.digester.Digester.sax    : characters(

    )
2019-12-06 11:18:41.330 DEBUG 7503 --- [kground-preinit] o.a.tomcat.util.digester.Digester.sax    : startElement(,,operation)
2019-12-06 11:18:41.330 DEBUG 7503 --- [kground-preinit] o.apache.tomcat.util.digester.Digester   :   New match='mbeans-descriptors/mbean/operation'
2019-12-06 11:18:41.331 DEBUG 7503 --- [kground-preinit] o.apache.tomcat.util.digester.Digester   :   Fire begin() for ObjectCreateRule[className=org.apache.tomcat.util.modeler.OperationInfo, attributeName=null]
2019-12-06 11:18:41.331 DEBUG 7503 --- [kground-preinit] o.apache.tomcat.util.digester.Digester   :   Fire begin() for SetPropertiesRule[]
2019-12-06 11:18:41.331 DEBUG 7503 --- [kground-preinit] o.apache.tomcat.util.digester.Digester   : [SetPropertiesRule]{mbeans-descriptors/mbean/operation} Set org.apache.tomcat.util.modeler.OperationInfo properties
2019-12-06 11:18:41.331 DEBUG 7503 --- [kground-preinit] o.apache.tomcat.util.digester.Digester   : [SetPropertiesRule]{mbeans-descriptors/mbean/operation} Setting property 'name' to 'findErrorPages'
2019-12-06 11:18:41.331 DEBUG 7503 --- [kground-preinit] o.apache.tomcat.util.IntrospectionUtils  : IntrospectionUtils: setProperty(class org.apache.tomcat.util.modeler.OperationInfo name=findErrorPages)
2019-12-06 11:18:41.331 DEBUG 7503 --- [kground-preinit] o.apache.tomcat.util.digester.Digester   : [SetPropertiesRule]{mbeans-descriptors/mbean/operation} Setting property 'description' to 'Return the set of defined error pages for all specified error codes and exception types.'
2019-12-06 11:18:41.331 DEBUG 7503 --- [kground-preinit] o.apache.tomcat.util.IntrospectionUtils  : IntrospectionUtils: setProperty(class org.apache.tomcat.util.modeler.OperationInfo description=Return the set of defined error pages for all specified error codes and exception types.)
2019-12-06 11:18:41.331 DEBUG 7503 --- [kground-preinit] o.apache.tomcat.util.digester.Digester   : [SetPropertiesRule]{mbeans-descriptors/mbean/operation} Setting property 'impact' to 'INFO'
2019-12-06 11:18:41.331 DEBUG 7503 --- [kground-preinit] o.apache.tomcat.util.IntrospectionUtils  : IntrospectionUtils: setProperty(class org.apache.tomcat.util.modeler.OperationInfo impact=INFO)
2019-12-06 11:18:41.331 DEBUG 7503 --- [kground-preinit] o.apache.tomcat.util.digester.Digester   : [SetPropertiesRule]{mbeans-descriptors/mbean/operation} Setting property 'returnType' to '[Ljava.lang.String;'
2019-12-06 11:18:41.331 DEBUG 7503 --- [kground-preinit] o.apache.tomcat.util.IntrospectionUtils  : IntrospectionUtils: setProperty(class org.apache.tomcat.util.modeler.OperationInfo returnType=[Ljava.lang.String;)
2019-12-06 11:18:41.332 DEBUG 7503 --- [kground-preinit] o.apache.tomcat.util.digester.Digester   :   Fire begin() for SetNextRule[methodName=addOperation, paramType=org.apache.tomcat.util.modeler.OperationInfo]
2019-12-06 11:18:41.332 DEBUG 7503 --- [kground-preinit] o.a.tomcat.util.digester.Digester.sax    : characters(
    )
2019-12-06 11:18:41.332 DEBUG 7503 --- [kground-preinit] o.a.tomcat.util.digester.Digester.sax    : endElement(,,operation)
2019-12-06 11:18:41.332 DEBUG 7503 --- [kground-preinit] o.apache.tomcat.util.digester.Digester   :   match='mbeans-descriptors/mbean/operation'
2019-12-06 11:18:41.332 DEBUG 7503 --- [kground-preinit] o.apache.tomcat.util.digester.Digester   :   bodyText='
    '
2019-12-06 11:18:41.332 DEBUG 7503 --- [kground-preinit] o.apache.tomcat.util.digester.Digester   :   Fire body() for ObjectCreateRule[className=org.apache.tomcat.util.modeler.OperationInfo, attributeName=null]
2019-12-06 11:18:41.332 DEBUG 7503 --- [kground-preinit] o.apache.tomcat.util.digester.Digester   :   Fire body() for SetPropertiesRule[]
2019-12-06 11:18:41.332 DEBUG 7503 --- [kground-preinit] o.apache.tomcat.util.digester.Digester   :   Fire body() for SetNextRule[methodName=addOperation, paramType=org.apache.tomcat.util.modeler.OperationInfo]
2019-12-06 11:18:41.332 DEBUG 7503 --- [kground-preinit] o.apache.tomcat.util.digester.Digester   :   Fire end() for SetNextRule[methodName=addOperation, paramType=org.apache.tomcat.util.modeler.OperationInfo]
2019-12-06 11:18:41.332 DEBUG 7503 --- [kground-preinit] o.apache.tomcat.util.digester.Digester   : [SetNextRule]{mbeans-descriptors/mbean/operation} Call org.apache.tomcat.util.modeler.ManagedBean.addOperation(org.apache.tomcat.util.modeler.OperationInfo@7ddfba4b)
2019-12-06 11:18:41.332 DEBUG 7503 --- [kground-preinit] o.apache.tomcat.util.IntrospectionUtils  : IntrospectionUtils: callMethod1 org.apache.tomcat.util.modeler.ManagedBean org.apache.tomcat.util.modeler.OperationInfo org.apache.tomcat.util.modeler.OperationInfo
2019-12-06 11:18:41.332 DEBUG 7503 --- [kground-preinit] o.apache.tomcat.util.digester.Digester   :   Fire end() for SetPropertiesRule[]
2019-12-06 11:18:41.332 DEBUG 7503 --- [kground-preinit] o.apache.tomcat.util.digester.Digester   :   Fire end() for ObjectCreateRule[className=org.apache.tomcat.util.modeler.OperationInfo, attributeName=null]
2019-12-06 11:18:41.333 DEBUG 7503 --- [kground-preinit] o.apache.tomcat.util.digester.Digester   : [ObjectCreateRule]{mbeans-descriptors/mbean/operation} Pop org.apache.tomcat.util.modeler.OperationInfo
2019-12-06 11:18:41.333 DEBUG 7503 --- [kground-preinit] o.a.tomcat.util.digester.Digester.sax    : characters(

    )
2019-12-06 11:18:41.333 DEBUG 7503 --- [kground-preinit] o.a.tomcat.util.digester.Digester.sax    : startElement(,,operation)
2019-12-06 11:18:41.333 DEBUG 7503 --- [kground-preinit] o.apache.tomcat.util.digester.Digester   :   New match='mbeans-descriptors/mbean/operation'
2019-12-06 11:18:41.333 DEBUG 7503 --- [kground-preinit] o.apache.tomcat.util.digester.Digester   :   Fire begin() for ObjectCreateRule[className=org.apache.tomcat.util.modeler.OperationInfo, attributeName=null]
2019-12-06 11:18:41.333 DEBUG 7503 --- [kground-preinit] o.apache.tomcat.util.digester.Digester   :   Fire begin() for SetPropertiesRule[]
2019-12-06 11:18:41.333 DEBUG 7503 --- [kground-preinit] o.apache.tomcat.util.digester.Digester   : [SetPropertiesRule]{mbeans-descriptors/mbean/operation} Set org.apache.tomcat.util.modeler.OperationInfo properties
2019-12-06 11:18:41.333 DEBUG 7503 --- [kground-preinit] o.apache.tomcat.util.digester.Digester   : [SetPropertiesRule]{mbeans-descriptors/mbean/operation} Setting property 'name' to 'findFilterDef'
2019-12-06 11:18:41.333 DEBUG 7503 --- [kground-preinit] o.apache.tomcat.util.IntrospectionUtils  : IntrospectionUtils: setProperty(class org.apache.tomcat.util.modeler.OperationInfo name=findFilterDef)
2019-12-06 11:18:41.333 DEBUG 7503 --- [kground-preinit] o.apache.tomcat.util.digester.Digester   : [SetPropertiesRule]{mbeans-descriptors/mbean/operation} Setting property 'description' to 'Return the filter definition for the specified filter name, if any; otherwise return null.'
2019-12-06 11:18:41.333 DEBUG 7503 --- [kground-preinit] o.apache.tomcat.util.IntrospectionUtils  : IntrospectionUtils: setProperty(class org.apache.tomcat.util.modeler.OperationInfo description=Return the filter definition for the specified filter name, if any; otherwise return null.)
2019-12-06 11:18:41.333 DEBUG 7503 --- [kground-preinit] o.apache.tomcat.util.digester.Digester   : [SetPropertiesRule]{mbeans-descriptors/mbean/operation} Setting property 'impact' to 'ACTION'
2019-12-06 11:18:41.334 DEBUG 7503 --- [kground-preinit] o.apache.tomcat.util.IntrospectionUtils  : IntrospectionUtils: setProperty(class org.apache.tomcat.util.modeler.OperationInfo impact=ACTION)
2019-12-06 11:18:41.334 DEBUG 7503 --- [kground-preinit] o.apache.tomcat.util.digester.Digester   : [SetPropertiesRule]{mbeans-descriptors/mbean/operation} Setting property 'returnType' to 'java.lang.String'
2019-12-06 11:18:41.334 DEBUG 7503 --- [kground-preinit] o.apache.tomcat.util.IntrospectionUtils  : IntrospectionUtils: setProperty(class org.apache.tomcat.util.modeler.OperationInfo returnType=java.lang.String)
2019-12-06 11:18:41.334 DEBUG 7503 --- [kground-preinit] o.apache.tomcat.util.digester.Digester   :   Fire begin() for SetNextRule[methodName=addOperation, paramType=org.apache.tomcat.util.modeler.OperationInfo]
2019-12-06 11:18:41.334 DEBUG 7503 --- [kground-preinit] o.a.tomcat.util.digester.Digester.sax    : characters(
      )
2019-12-06 11:18:41.334 DEBUG 7503 --- [kground-preinit] o.a.tomcat.util.digester.Digester.sax    : startElement(,,parameter)
2019-12-06 11:18:41.334 DEBUG 7503 --- [kground-preinit] o.apache.tomcat.util.digester.Digester   :   New match='mbeans-descriptors/mbean/operation/parameter'
2019-12-06 11:18:41.334 DEBUG 7503 --- [kground-preinit] o.apache.tomcat.util.digester.Digester   :   Fire begin() for ObjectCreateRule[className=org.apache.tomcat.util.modeler.ParameterInfo, attributeName=null]
2019-12-06 11:18:41.334 DEBUG 7503 --- [kground-preinit] o.apache.tomcat.util.digester.Digester   :   Fire begin() for SetPropertiesRule[]
2019-12-06 11:18:41.334 DEBUG 7503 --- [kground-preinit] o.apache.tomcat.util.digester.Digester   : [SetPropertiesRule]{mbeans-descriptors/mbean/operation/parameter} Set org.apache.tomcat.util.modeler.ParameterInfo properties
2019-12-06 11:18:41.334 DEBUG 7503 --- [kground-preinit] o.apache.tomcat.util.digester.Digester   : [SetPropertiesRule]{mbeans-descriptors/mbean/operation/parameter} Setting property 'name' to 'exceptionType'
2019-12-06 11:18:41.334 DEBUG 7503 --- [kground-preinit] o.apache.tomcat.util.IntrospectionUtils  : IntrospectionUtils: setProperty(class org.apache.tomcat.util.modeler.ParameterInfo name=exceptionType)
2019-12-06 11:18:41.334 DEBUG 7503 --- [kground-preinit] o.apache.tomcat.util.digester.Digester   : [SetPropertiesRule]{mbeans-descriptors/mbean/operation/parameter} Setting property 'description' to 'Exception type to look up'
2019-12-06 11:18:41.334 DEBUG 7503 --- [kground-preinit] o.apache.tomcat.util.IntrospectionUtils  : IntrospectionUtils: setProperty(class org.apache.tomcat.util.modeler.ParameterInfo description=Exception type to look up)
2019-12-06 11:18:41.335 DEBUG 7503 --- [kground-preinit] o.apache.tomcat.util.digester.Digester   : [SetPropertiesRule]{mbeans-descriptors/mbean/operation/parameter} Setting property 'type' to 'java.lang.String'
2019-12-06 11:18:41.335 DEBUG 7503 --- [kground-preinit] o.apache.tomcat.util.IntrospectionUtils  : IntrospectionUtils: setProperty(class org.apache.tomcat.util.modeler.ParameterInfo type=java.lang.String)
2019-12-06 11:18:41.335 DEBUG 7503 --- [kground-preinit] o.apache.tomcat.util.digester.Digester   :   Fire begin() for SetNextRule[methodName=addParameter, paramType=org.apache.tomcat.util.modeler.ParameterInfo]
2019-12-06 11:18:41.335 DEBUG 7503 --- [kground-preinit] o.a.tomcat.util.digester.Digester.sax    : endElement(,,parameter)
2019-12-06 11:18:41.335 DEBUG 7503 --- [kground-preinit] o.apache.tomcat.util.digester.Digester   :   match='mbeans-descriptors/mbean/operation/parameter'
2019-12-06 11:18:41.335 DEBUG 7503 --- [kground-preinit] o.apache.tomcat.util.digester.Digester   :   bodyText=''
2019-12-06 11:18:41.335 DEBUG 7503 --- [kground-preinit] o.apache.tomcat.util.digester.Digester   :   Fire body() for ObjectCreateRule[className=org.apache.tomcat.util.modeler.ParameterInfo, attributeName=null]
2019-12-06 11:18:41.335 DEBUG 7503 --- [kground-preinit] o.apache.tomcat.util.digester.Digester   :   Fire body() for SetPropertiesRule[]
2019-12-06 11:18:41.335 DEBUG 7503 --- [kground-preinit] o.apache.tomcat.util.digester.Digester   :   Fire body() for SetNextRule[methodName=addParameter, paramType=org.apache.tomcat.util.modeler.ParameterInfo]
2019-12-06 11:18:41.335 DEBUG 7503 --- [kground-preinit] o.apache.tomcat.util.digester.Digester   :   Fire end() for SetNextRule[methodName=addParameter, paramType=org.apache.tomcat.util.modeler.ParameterInfo]
2019-12-06 11:18:41.335 DEBUG 7503 --- [kground-preinit] o.apache.tomcat.util.digester.Digester   : [SetNextRule]{mbeans-descriptors/mbean/operation/parameter} Call org.apache.tomcat.util.modeler.OperationInfo.addParameter(org.apache.tomcat.util.modeler.ParameterInfo@44e51fa)
2019-12-06 11:18:41.336 DEBUG 7503 --- [kground-preinit] o.apache.tomcat.util.IntrospectionUtils  : IntrospectionUtils: callMethod1 org.apache.tomcat.util.modeler.OperationInfo org.apache.tomcat.util.modeler.ParameterInfo org.apache.tomcat.util.modeler.ParameterInfo
2019-12-06 11:18:41.336 DEBUG 7503 --- [kground-preinit] o.apache.tomcat.util.digester.Digester   :   Fire end() for SetPropertiesRule[]
2019-12-06 11:18:41.336 DEBUG 7503 --- [kground-preinit] o.apache.tomcat.util.digester.Digester   :   Fire end() for ObjectCreateRule[className=org.apache.tomcat.util.modeler.ParameterInfo, attributeName=null]
2019-12-06 11:18:41.336 DEBUG 7503 --- [kground-preinit] o.apache.tomcat.util.digester.Digester   : [ObjectCreateRule]{mbeans-descriptors/mbean/operation/parameter} Pop org.apache.tomcat.util.modeler.ParameterInfo
2019-12-06 11:18:41.336 DEBUG 7503 --- [kground-preinit] o.a.tomcat.util.digester.Digester.sax    : characters(
    )
2019-12-06 11:18:41.336 DEBUG 7503 --- [kground-preinit] o.a.tomcat.util.digester.Digester.sax    : endElement(,,operation)
2019-12-06 11:18:41.336 DEBUG 7503 --- [kground-preinit] o.apache.tomcat.util.digester.Digester   :   match='mbeans-descriptors/mbean/operation'
2019-12-06 11:18:41.336 DEBUG 7503 --- [kground-preinit] o.apache.tomcat.util.digester.Digester   :   bodyText='
      
    '
2019-12-06 11:18:41.336 DEBUG 7503 --- [kground-preinit] o.apache.tomcat.util.digester.Digester   :   Fire body() for ObjectCreateRule[className=org.apache.tomcat.util.modeler.OperationInfo, attributeName=null]
2019-12-06 11:18:41.336 DEBUG 7503 --- [kground-preinit] o.apache.tomcat.util.digester.Digester   :   Fire body() for SetPropertiesRule[]
2019-12-06 11:18:41.336 DEBUG 7503 --- [kground-preinit] o.apache.tomcat.util.digester.Digester   :   Fire body() for SetNextRule[methodName=addOperation, paramType=org.apache.tomcat.util.modeler.OperationInfo]
2019-12-06 11:18:41.337 DEBUG 7503 --- [kground-preinit] o.apache.tomcat.util.digester.Digester   :   Fire end() for SetNextRule[methodName=addOperation, paramType=org.apache.tomcat.util.modeler.OperationInfo]
2019-12-06 11:18:41.337 DEBUG 7503 --- [kground-preinit] o.apache.tomcat.util.digester.Digester   : [SetNextRule]{mbeans-descriptors/mbean/operation} Call org.apache.tomcat.util.modeler.ManagedBean.addOperation(org.apache.tomcat.util.modeler.OperationInfo@40dc78df)
2019-12-06 11:18:41.337 DEBUG 7503 --- [kground-preinit] o.apache.tomcat.util.IntrospectionUtils  : IntrospectionUtils: callMethod1 org.apache.tomcat.util.modeler.ManagedBean org.apache.tomcat.util.modeler.OperationInfo org.apache.tomcat.util.modeler.OperationInfo
2019-12-06 11:18:41.337 DEBUG 7503 --- [kground-preinit] o.apache.tomcat.util.digester.Digester   :   Fire end() for SetPropertiesRule[]
2019-12-06 11:18:41.337 DEBUG 7503 --- [kground-preinit] o.apache.tomcat.util.digester.Digester   :   Fire end() for ObjectCreateRule[className=org.apache.tomcat.util.modeler.OperationInfo, attributeName=null]
2019-12-06 11:18:41.337 DEBUG 7503 --- [kground-preinit] o.apache.tomcat.util.digester.Digester   : [ObjectCreateRule]{mbeans-descriptors/mbean/operation} Pop org.apache.tomcat.util.modeler.OperationInfo
2019-12-06 11:18:41.337 DEBUG 7503 --- [kground-preinit] o.a.tomcat.util.digester.Digester.sax    : characters(

    )
2019-12-06 11:18:41.337 DEBUG 7503 --- [kground-preinit] o.a.tomcat.util.digester.Digester.sax    : startElement(,,operation)
2019-12-06 11:18:41.337 DEBUG 7503 --- [kground-preinit] o.apache.tomcat.util.digester.Digester   :   New match='mbeans-descriptors/mbean/operation'
2019-12-06 11:18:41.337 DEBUG 7503 --- [kground-preinit] o.apache.tomcat.util.digester.Digester   :   Fire begin() for ObjectCreateRule[className=org.apache.tomcat.util.modeler.OperationInfo, attributeName=null]
2019-12-06 11:18:41.338 DEBUG 7503 --- [kground-preinit] o.apache.tomcat.util.digester.Digester   :   Fire begin() for SetPropertiesRule[]
2019-12-06 11:18:41.338 DEBUG 7503 --- [kground-preinit] o.apache.tomcat.util.digester.Digester   : [SetPropertiesRule]{mbeans-descriptors/mbean/operation} Set org.apache.tomcat.util.modeler.OperationInfo properties
2019-12-06 11:18:41.338 DEBUG 7503 --- [kground-preinit] o.apache.tomcat.util.digester.Digester   : [SetPropertiesRule]{mbeans-descriptors/mbean/operation} Setting property 'name' to 'findFilterDefs'
2019-12-06 11:18:41.338 DEBUG 7503 --- [kground-preinit] o.apache.tomcat.util.IntrospectionUtils  : IntrospectionUtils: setProperty(class org.apache.tomcat.util.modeler.OperationInfo name=findFilterDefs)
2019-12-06 11:18:41.338 DEBUG 7503 --- [kground-preinit] o.apache.tomcat.util.digester.Digester   : [SetPropertiesRule]{mbeans-descriptors/mbean/operation} Setting property 'description' to 'Return the set of defined filters for this Context.'
2019-12-06 11:18:41.338 DEBUG 7503 --- [kground-preinit] o.apache.tomcat.util.IntrospectionUtils  : IntrospectionUtils: setProperty(class org.apache.tomcat.util.modeler.OperationInfo description=Return the set of defined filters for this Context.)
2019-12-06 11:18:41.338 DEBUG 7503 --- [kground-preinit] o.apache.tomcat.util.digester.Digester   : [SetPropertiesRule]{mbeans-descriptors/mbean/operation} Setting property 'impact' to 'INFO'
2019-12-06 11:18:41.338 DEBUG 7503 --- [kground-preinit] o.apache.tomcat.util.IntrospectionUtils  : IntrospectionUtils: setProperty(class org.apache.tomcat.util.modeler.OperationInfo impact=INFO)
2019-12-06 11:18:41.338 DEBUG 7503 --- [kground-preinit] o.apache.tomcat.util.digester.Digester   : [SetPropertiesRule]{mbeans-descriptors/mbean/operation} Setting property 'returnType' to '[Ljava.lang.String;'
2019-12-06 11:18:41.338 DEBUG 7503 --- [kground-preinit] o.apache.tomcat.util.IntrospectionUtils  : IntrospectionUtils: setProperty(class org.apache.tomcat.util.modeler.OperationInfo returnType=[Ljava.lang.String;)
2019-12-06 11:18:41.338 DEBUG 7503 --- [kground-preinit] o.apache.tomcat.util.digester.Digester   :   Fire begin() for SetNextRule[methodName=addOperation, paramType=org.apache.tomcat.util.modeler.OperationInfo]
2019-12-06 11:18:41.338 DEBUG 7503 --- [kground-preinit] o.a.tomcat.util.digester.Digester.sax    : characters(
    )
2019-12-06 11:18:41.338 DEBUG 7503 --- [kground-preinit] o.a.tomcat.util.digester.Digester.sax    : endElement(,,operation)
2019-12-06 11:18:41.338 DEBUG 7503 --- [kground-preinit] o.apache.tomcat.util.digester.Digester   :   match='mbeans-descriptors/mbean/operation'
2019-12-06 11:18:41.339 DEBUG 7503 --- [kground-preinit] o.apache.tomcat.util.digester.Digester   :   bodyText='
    '
2019-12-06 11:18:41.339 DEBUG 7503 --- [kground-preinit] o.apache.tomcat.util.digester.Digester   :   Fire body() for ObjectCreateRule[className=org.apache.tomcat.util.modeler.OperationInfo, attributeName=null]
2019-12-06 11:18:41.339 DEBUG 7503 --- [kground-preinit] o.apache.tomcat.util.digester.Digester   :   Fire body() for SetPropertiesRule[]
2019-12-06 11:18:41.339 DEBUG 7503 --- [kground-preinit] o.apache.tomcat.util.digester.Digester   :   Fire body() for SetNextRule[methodName=addOperation, paramType=org.apache.tomcat.util.modeler.OperationInfo]
2019-12-06 11:18:41.339 DEBUG 7503 --- [kground-preinit] o.apache.tomcat.util.digester.Digester   :   Fire end() for SetNextRule[methodName=addOperation, paramType=org.apache.tomcat.util.modeler.OperationInfo]
2019-12-06 11:18:41.339 DEBUG 7503 --- [kground-preinit] o.apache.tomcat.util.digester.Digester   : [SetNextRule]{mbeans-descriptors/mbean/operation} Call org.apache.tomcat.util.modeler.ManagedBean.addOperation(org.apache.tomcat.util.modeler.OperationInfo@7892d7a2)
2019-12-06 11:18:41.339 DEBUG 7503 --- [kground-preinit] o.apache.tomcat.util.IntrospectionUtils  : IntrospectionUtils: callMethod1 org.apache.tomcat.util.modeler.ManagedBean org.apache.tomcat.util.modeler.OperationInfo org.apache.tomcat.util.modeler.OperationInfo
2019-12-06 11:18:41.339 DEBUG 7503 --- [kground-preinit] o.apache.tomcat.util.digester.Digester   :   Fire end() for SetPropertiesRule[]
2019-12-06 11:18:41.339 DEBUG 7503 --- [kground-preinit] o.apache.tomcat.util.digester.Digester   :   Fire end() for ObjectCreateRule[className=org.apache.tomcat.util.modeler.OperationInfo, attributeName=null]
2019-12-06 11:18:41.339 DEBUG 7503 --- [kground-preinit] o.apache.tomcat.util.digester.Digester   : [ObjectCreateRule]{mbeans-descriptors/mbean/operation} Pop org.apache.tomcat.util.modeler.OperationInfo
2019-12-06 11:18:41.339 DEBUG 7503 --- [kground-preinit] o.a.tomcat.util.digester.Digester.sax    : characters(

    )
2019-12-06 11:18:41.339 DEBUG 7503 --- [kground-preinit] o.a.tomcat.util.digester.Digester.sax    : startElement(,,operation)
2019-12-06 11:18:41.340 DEBUG 7503 --- [kground-preinit] o.apache.tomcat.util.digester.Digester   :   New match='mbeans-descriptors/mbean/operation'
2019-12-06 11:18:41.340 DEBUG 7503 --- [kground-preinit] o.apache.tomcat.util.digester.Digester   :   Fire begin() for ObjectCreateRule[className=org.apache.tomcat.util.modeler.OperationInfo, attributeName=null]
2019-12-06 11:18:41.340 DEBUG 7503 --- [kground-preinit] o.apache.tomcat.util.digester.Digester   :   Fire begin() for SetPropertiesRule[]
2019-12-06 11:18:41.340 DEBUG 7503 --- [kground-preinit] o.apache.tomcat.util.digester.Digester   : [SetPropertiesRule]{mbeans-descriptors/mbean/operation} Set org.apache.tomcat.util.modeler.OperationInfo properties
2019-12-06 11:18:41.340 DEBUG 7503 --- [kground-preinit] o.apache.tomcat.util.digester.Digester   : [SetPropertiesRule]{mbeans-descriptors/mbean/operation} Setting property 'name' to 'findFilterMaps'
2019-12-06 11:18:41.340 DEBUG 7503 --- [kground-preinit] o.apache.tomcat.util.IntrospectionUtils  : IntrospectionUtils: setProperty(class org.apache.tomcat.util.modeler.OperationInfo name=findFilterMaps)
2019-12-06 11:18:41.340 DEBUG 7503 --- [kground-preinit] o.apache.tomcat.util.digester.Digester   : [SetPropertiesRule]{mbeans-descriptors/mbean/operation} Setting property 'description' to 'Return the set of filter mappings for this Context.'
2019-12-06 11:18:41.340 DEBUG 7503 --- [kground-preinit] o.apache.tomcat.util.IntrospectionUtils  : IntrospectionUtils: setProperty(class org.apache.tomcat.util.modeler.OperationInfo description=Return the set of filter mappings for this Context.)
2019-12-06 11:18:41.340 DEBUG 7503 --- [kground-preinit] o.apache.tomcat.util.digester.Digester   : [SetPropertiesRule]{mbeans-descriptors/mbean/operation} Setting property 'impact' to 'INFO'
2019-12-06 11:18:41.340 DEBUG 7503 --- [kground-preinit] o.apache.tomcat.util.IntrospectionUtils  : IntrospectionUtils: setProperty(class org.apache.tomcat.util.modeler.OperationInfo impact=INFO)
2019-12-06 11:18:41.340 DEBUG 7503 --- [kground-preinit] o.apache.tomcat.util.digester.Digester   : [SetPropertiesRule]{mbeans-descriptors/mbean/operation} Setting property 'returnType' to '[Ljava.lang.String;'
2019-12-06 11:18:41.340 DEBUG 7503 --- [kground-preinit] o.apache.tomcat.util.IntrospectionUtils  : IntrospectionUtils: setProperty(class org.apache.tomcat.util.modeler.OperationInfo returnType=[Ljava.lang.String;)
2019-12-06 11:18:41.341 DEBUG 7503 --- [kground-preinit] o.apache.tomcat.util.digester.Digester   :   Fire begin() for SetNextRule[methodName=addOperation, paramType=org.apache.tomcat.util.modeler.OperationInfo]
2019-12-06 11:18:41.341 DEBUG 7503 --- [kground-preinit] o.a.tomcat.util.digester.Digester.sax    : characters(
    )
2019-12-06 11:18:41.341 DEBUG 7503 --- [kground-preinit] o.a.tomcat.util.digester.Digester.sax    : endElement(,,operation)
2019-12-06 11:18:41.341 DEBUG 7503 --- [kground-preinit] o.apache.tomcat.util.digester.Digester   :   match='mbeans-descriptors/mbean/operation'
2019-12-06 11:18:41.341 DEBUG 7503 --- [kground-preinit] o.apache.tomcat.util.digester.Digester   :   bodyText='
    '
2019-12-06 11:18:41.341 DEBUG 7503 --- [kground-preinit] o.apache.tomcat.util.digester.Digester   :   Fire body() for ObjectCreateRule[className=org.apache.tomcat.util.modeler.OperationInfo, attributeName=null]
2019-12-06 11:18:41.341 DEBUG 7503 --- [kground-preinit] o.apache.tomcat.util.digester.Digester   :   Fire body() for SetPropertiesRule[]
2019-12-06 11:18:41.341 DEBUG 7503 --- [kground-preinit] o.apache.tomcat.util.digester.Digester   :   Fire body() for SetNextRule[methodName=addOperation, paramType=org.apache.tomcat.util.modeler.OperationInfo]
2019-12-06 11:18:41.341 DEBUG 7503 --- [kground-preinit] o.apache.tomcat.util.digester.Digester   :   Fire end() for SetNextRule[methodName=addOperation, paramType=org.apache.tomcat.util.modeler.OperationInfo]
2019-12-06 11:18:41.341 DEBUG 7503 --- [kground-preinit] o.apache.tomcat.util.digester.Digester   : [SetNextRule]{mbeans-descriptors/mbean/operation} Call org.apache.tomcat.util.modeler.ManagedBean.addOperation(org.apache.tomcat.util.modeler.OperationInfo@781f3719)
2019-12-06 11:18:41.341 DEBUG 7503 --- [kground-preinit] o.apache.tomcat.util.IntrospectionUtils  : IntrospectionUtils: callMethod1 org.apache.tomcat.util.modeler.ManagedBean org.apache.tomcat.util.modeler.OperationInfo org.apache.tomcat.util.modeler.OperationInfo
2019-12-06 11:18:41.341 DEBUG 7503 --- [kground-preinit] o.apache.tomcat.util.digester.Digester   :   Fire end() for SetPropertiesRule[]
2019-12-06 11:18:41.342 DEBUG 7503 --- [kground-preinit] o.apache.tomcat.util.digester.Digester   :   Fire end() for ObjectCreateRule[className=org.apache.tomcat.util.modeler.OperationInfo, attributeName=null]
2019-12-06 11:18:41.342 DEBUG 7503 --- [kground-preinit] o.apache.tomcat.util.digester.Digester   : [ObjectCreateRule]{mbeans-descriptors/mbean/operation} Pop org.apache.tomcat.util.modeler.OperationInfo
2019-12-06 11:18:41.342 DEBUG 7503 --- [kground-preinit] o.a.tomcat.util.digester.Digester.sax    : characters(

    )
2019-12-06 11:18:41.342 DEBUG 7503 --- [kground-preinit] o.a.tomcat.util.digester.Digester.sax    : startElement(,,operation)
2019-12-06 11:18:41.342 DEBUG 7503 --- [kground-preinit] o.apache.tomcat.util.digester.Digester   :   New match='mbeans-descriptors/mbean/operation'
2019-12-06 11:18:41.342 DEBUG 7503 --- [kground-preinit] o.apache.tomcat.util.digester.Digester   :   Fire begin() for ObjectCreateRule[className=org.apache.tomcat.util.modeler.OperationInfo, attributeName=null]
2019-12-06 11:18:41.342 DEBUG 7503 --- [kground-preinit] o.apache.tomcat.util.digester.Digester   :   Fire begin() for SetPropertiesRule[]
2019-12-06 11:18:41.342 DEBUG 7503 --- [kground-preinit] o.apache.tomcat.util.digester.Digester   : [SetPropertiesRule]{mbeans-descriptors/mbean/operation} Set org.apache.tomcat.util.modeler.OperationInfo properties
2019-12-06 11:18:41.342 DEBUG 7503 --- [kground-preinit] o.apache.tomcat.util.digester.Digester   : [SetPropertiesRule]{mbeans-descriptors/mbean/operation} Setting property 'name' to 'findLifecycleListenerNames'
2019-12-06 11:18:41.342 DEBUG 7503 --- [kground-preinit] o.apache.tomcat.util.IntrospectionUtils  : IntrospectionUtils: setProperty(class org.apache.tomcat.util.modeler.OperationInfo name=findLifecycleListenerNames)
2019-12-06 11:18:41.342 DEBUG 7503 --- [kground-preinit] o.apache.tomcat.util.digester.Digester   : [SetPropertiesRule]{mbeans-descriptors/mbean/operation} Setting property 'description' to 'Return the set of lifecycle listener class names configured for this application.'
2019-12-06 11:18:41.343 DEBUG 7503 --- [kground-preinit] o.apache.tomcat.util.IntrospectionUtils  : IntrospectionUtils: setProperty(class org.apache.tomcat.util.modeler.OperationInfo description=Return the set of lifecycle listener class names configured for this application.)
2019-12-06 11:18:41.343 DEBUG 7503 --- [kground-preinit] o.apache.tomcat.util.digester.Digester   : [SetPropertiesRule]{mbeans-descriptors/mbean/operation} Setting property 'impact' to 'INFO'
2019-12-06 11:18:41.343 DEBUG 7503 --- [kground-preinit] o.apache.tomcat.util.IntrospectionUtils  : IntrospectionUtils: setProperty(class org.apache.tomcat.util.modeler.OperationInfo impact=INFO)
2019-12-06 11:18:41.343 DEBUG 7503 --- [kground-preinit] o.apache.tomcat.util.digester.Digester   : [SetPropertiesRule]{mbeans-descriptors/mbean/operation} Setting property 'returnType' to '[Ljava.lang.String;'
2019-12-06 11:18:41.343 DEBUG 7503 --- [kground-preinit] o.apache.tomcat.util.IntrospectionUtils  : IntrospectionUtils: setProperty(class org.apache.tomcat.util.modeler.OperationInfo returnType=[Ljava.lang.String;)
2019-12-06 11:18:41.343 DEBUG 7503 --- [kground-preinit] o.apache.tomcat.util.digester.Digester   :   Fire begin() for SetNextRule[methodName=addOperation, paramType=org.apache.tomcat.util.modeler.OperationInfo]
2019-12-06 11:18:41.343 DEBUG 7503 --- [kground-preinit] o.a.tomcat.util.digester.Digester.sax    : characters(
    )
2019-12-06 11:18:41.343 DEBUG 7503 --- [kground-preinit] o.a.tomcat.util.digester.Digester.sax    : endElement(,,operation)
2019-12-06 11:18:41.343 DEBUG 7503 --- [kground-preinit] o.apache.tomcat.util.digester.Digester   :   match='mbeans-descriptors/mbean/operation'
2019-12-06 11:18:41.343 DEBUG 7503 --- [kground-preinit] o.apache.tomcat.util.digester.Digester   :   bodyText='
    '
2019-12-06 11:18:41.343 DEBUG 7503 --- [kground-preinit] o.apache.tomcat.util.digester.Digester   :   Fire body() for ObjectCreateRule[className=org.apache.tomcat.util.modeler.OperationInfo, attributeName=null]
2019-12-06 11:18:41.343 DEBUG 7503 --- [kground-preinit] o.apache.tomcat.util.digester.Digester   :   Fire body() for SetPropertiesRule[]
2019-12-06 11:18:41.343 DEBUG 7503 --- [kground-preinit] o.apache.tomcat.util.digester.Digester   :   Fire body() for SetNextRule[methodName=addOperation, paramType=org.apache.tomcat.util.modeler.OperationInfo]
2019-12-06 11:18:41.344 DEBUG 7503 --- [kground-preinit] o.apache.tomcat.util.digester.Digester   :   Fire end() for SetNextRule[methodName=addOperation, paramType=org.apache.tomcat.util.modeler.OperationInfo]
2019-12-06 11:18:41.344 DEBUG 7503 --- [kground-preinit] o.apache.tomcat.util.digester.Digester   : [SetNextRule]{mbeans-descriptors/mbean/operation} Call org.apache.tomcat.util.modeler.ManagedBean.addOperation(org.apache.tomcat.util.modeler.OperationInfo@e286861)
2019-12-06 11:18:41.344 DEBUG 7503 --- [kground-preinit] o.apache.tomcat.util.IntrospectionUtils  : IntrospectionUtils: callMethod1 org.apache.tomcat.util.modeler.ManagedBean org.apache.tomcat.util.modeler.OperationInfo org.apache.tomcat.util.modeler.OperationInfo
2019-12-06 11:18:41.344 DEBUG 7503 --- [kground-preinit] o.apache.tomcat.util.digester.Digester   :   Fire end() for SetPropertiesRule[]
2019-12-06 11:18:41.344 DEBUG 7503 --- [kground-preinit] o.apache.tomcat.util.digester.Digester   :   Fire end() for ObjectCreateRule[className=org.apache.tomcat.util.modeler.OperationInfo, attributeName=null]
2019-12-06 11:18:41.344 DEBUG 7503 --- [kground-preinit] o.apache.tomcat.util.digester.Digester   : [ObjectCreateRule]{mbeans-descriptors/mbean/operation} Pop org.apache.tomcat.util.modeler.OperationInfo
2019-12-06 11:18:41.344 DEBUG 7503 --- [kground-preinit] o.a.tomcat.util.digester.Digester.sax    : characters(

    )
2019-12-06 11:18:41.344 DEBUG 7503 --- [kground-preinit] o.a.tomcat.util.digester.Digester.sax    : startElement(,,operation)
2019-12-06 11:18:41.344 DEBUG 7503 --- [kground-preinit] o.apache.tomcat.util.digester.Digester   :   New match='mbeans-descriptors/mbean/operation'
2019-12-06 11:18:41.344 DEBUG 7503 --- [kground-preinit] o.apache.tomcat.util.digester.Digester   :   Fire begin() for ObjectCreateRule[className=org.apache.tomcat.util.modeler.OperationInfo, attributeName=null]
2019-12-06 11:18:41.344 DEBUG 7503 --- [kground-preinit] o.apache.tomcat.util.digester.Digester   :   Fire begin() for SetPropertiesRule[]
2019-12-06 11:18:41.344 DEBUG 7503 --- [kground-preinit] o.apache.tomcat.util.digester.Digester   : [SetPropertiesRule]{mbeans-descriptors/mbean/operation} Set org.apache.tomcat.util.modeler.OperationInfo properties
2019-12-06 11:18:41.345 DEBUG 7503 --- [kground-preinit] o.apache.tomcat.util.digester.Digester   : [SetPropertiesRule]{mbeans-descriptors/mbean/operation} Setting property 'name' to 'findMimeMapping'
2019-12-06 11:18:41.345 DEBUG 7503 --- [kground-preinit] o.apache.tomcat.util.IntrospectionUtils  : IntrospectionUtils: setProperty(class org.apache.tomcat.util.modeler.OperationInfo name=findMimeMapping)
2019-12-06 11:18:41.345 DEBUG 7503 --- [kground-preinit] o.apache.tomcat.util.digester.Digester   : [SetPropertiesRule]{mbeans-descriptors/mbean/operation} Setting property 'description' to 'Return the MIME type to which the specified extension is mapped, if any; otherwise return null.'
2019-12-06 11:18:41.345 DEBUG 7503 --- [kground-preinit] o.apache.tomcat.util.IntrospectionUtils  : IntrospectionUtils: setProperty(class org.apache.tomcat.util.modeler.OperationInfo description=Return the MIME type to which the specified extension is mapped, if any; otherwise return null.)
2019-12-06 11:18:41.345 DEBUG 7503 --- [kground-preinit] o.apache.tomcat.util.digester.Digester   : [SetPropertiesRule]{mbeans-descriptors/mbean/operation} Setting property 'impact' to 'ACTION'
2019-12-06 11:18:41.345 DEBUG 7503 --- [kground-preinit] o.apache.tomcat.util.IntrospectionUtils  : IntrospectionUtils: setProperty(class org.apache.tomcat.util.modeler.OperationInfo impact=ACTION)
2019-12-06 11:18:41.345 DEBUG 7503 --- [kground-preinit] o.apache.tomcat.util.digester.Digester   : [SetPropertiesRule]{mbeans-descriptors/mbean/operation} Setting property 'returnType' to 'java.lang.String'
2019-12-06 11:18:41.345 DEBUG 7503 --- [kground-preinit] o.apache.tomcat.util.IntrospectionUtils  : IntrospectionUtils: setProperty(class org.apache.tomcat.util.modeler.OperationInfo returnType=java.lang.String)
2019-12-06 11:18:41.345 DEBUG 7503 --- [kground-preinit] o.apache.tomcat.util.digester.Digester   :   Fire begin() for SetNextRule[methodName=addOperation, paramType=org.apache.tomcat.util.modeler.OperationInfo]
2019-12-06 11:18:41.345 DEBUG 7503 --- [kground-preinit] o.a.tomcat.util.digester.Digester.sax    : characters(
      )
2019-12-06 11:18:41.345 DEBUG 7503 --- [kground-preinit] o.a.tomcat.util.digester.Digester.sax    : startElement(,,parameter)
2019-12-06 11:18:41.345 DEBUG 7503 --- [kground-preinit] o.apache.tomcat.util.digester.Digester   :   New match='mbeans-descriptors/mbean/operation/parameter'
2019-12-06 11:18:41.346 DEBUG 7503 --- [kground-preinit] o.apache.tomcat.util.digester.Digester   :   Fire begin() for ObjectCreateRule[className=org.apache.tomcat.util.modeler.ParameterInfo, attributeName=null]
2019-12-06 11:18:41.346 DEBUG 7503 --- [kground-preinit] o.apache.tomcat.util.digester.Digester   :   Fire begin() for SetPropertiesRule[]
2019-12-06 11:18:41.346 DEBUG 7503 --- [kground-preinit] o.apache.tomcat.util.digester.Digester   : [SetPropertiesRule]{mbeans-descriptors/mbean/operation/parameter} Set org.apache.tomcat.util.modeler.ParameterInfo properties
2019-12-06 11:18:41.346 DEBUG 7503 --- [kground-preinit] o.apache.tomcat.util.digester.Digester   : [SetPropertiesRule]{mbeans-descriptors/mbean/operation/parameter} Setting property 'name' to 'extension'
2019-12-06 11:18:41.346 DEBUG 7503 --- [kground-preinit] o.apache.tomcat.util.IntrospectionUtils  : IntrospectionUtils: setProperty(class org.apache.tomcat.util.modeler.ParameterInfo name=extension)
2019-12-06 11:18:41.346 DEBUG 7503 --- [kground-preinit] o.apache.tomcat.util.digester.Digester   : [SetPropertiesRule]{mbeans-descriptors/mbean/operation/parameter} Setting property 'description' to 'Extension to map to a MIME type'
2019-12-06 11:18:41.346 DEBUG 7503 --- [kground-preinit] o.apache.tomcat.util.IntrospectionUtils  : IntrospectionUtils: setProperty(class org.apache.tomcat.util.modeler.ParameterInfo description=Extension to map to a MIME type)
2019-12-06 11:18:41.346 DEBUG 7503 --- [kground-preinit] o.apache.tomcat.util.digester.Digester   : [SetPropertiesRule]{mbeans-descriptors/mbean/operation/parameter} Setting property 'type' to 'java.lang.String'
2019-12-06 11:18:41.346 DEBUG 7503 --- [kground-preinit] o.apache.tomcat.util.IntrospectionUtils  : IntrospectionUtils: setProperty(class org.apache.tomcat.util.modeler.ParameterInfo type=java.lang.String)
2019-12-06 11:18:41.346 DEBUG 7503 --- [kground-preinit] o.apache.tomcat.util.digester.Digester   :   Fire begin() for SetNextRule[methodName=addParameter, paramType=org.apache.tomcat.util.modeler.ParameterInfo]
2019-12-06 11:18:41.346 DEBUG 7503 --- [kground-preinit] o.a.tomcat.util.digester.Digester.sax    : endElement(,,parameter)
2019-12-06 11:18:41.346 DEBUG 7503 --- [kground-preinit] o.apache.tomcat.util.digester.Digester   :   match='mbeans-descriptors/mbean/operation/parameter'
2019-12-06 11:18:41.346 DEBUG 7503 --- [kground-preinit] o.apache.tomcat.util.digester.Digester   :   bodyText=''
2019-12-06 11:18:41.347 DEBUG 7503 --- [kground-preinit] o.apache.tomcat.util.digester.Digester   :   Fire body() for ObjectCreateRule[className=org.apache.tomcat.util.modeler.ParameterInfo, attributeName=null]
2019-12-06 11:18:41.347 DEBUG 7503 --- [kground-preinit] o.apache.tomcat.util.digester.Digester   :   Fire body() for SetPropertiesRule[]
2019-12-06 11:18:41.347 DEBUG 7503 --- [kground-preinit] o.apache.tomcat.util.digester.Digester   :   Fire body() for SetNextRule[methodName=addParameter, paramType=org.apache.tomcat.util.modeler.ParameterInfo]
2019-12-06 11:18:41.347 DEBUG 7503 --- [kground-preinit] o.apache.tomcat.util.digester.Digester   :   Fire end() for SetNextRule[methodName=addParameter, paramType=org.apache.tomcat.util.modeler.ParameterInfo]
2019-12-06 11:18:41.347 DEBUG 7503 --- [kground-preinit] o.apache.tomcat.util.digester.Digester   : [SetNextRule]{mbeans-descriptors/mbean/operation/parameter} Call org.apache.tomcat.util.modeler.OperationInfo.addParameter(org.apache.tomcat.util.modeler.ParameterInfo@2d91f3fb)
2019-12-06 11:18:41.347 DEBUG 7503 --- [kground-preinit] o.apache.tomcat.util.IntrospectionUtils  : IntrospectionUtils: callMethod1 org.apache.tomcat.util.modeler.OperationInfo org.apache.tomcat.util.modeler.ParameterInfo org.apache.tomcat.util.modeler.ParameterInfo
2019-12-06 11:18:41.347 DEBUG 7503 --- [kground-preinit] o.apache.tomcat.util.digester.Digester   :   Fire end() for SetPropertiesRule[]
2019-12-06 11:18:41.347 DEBUG 7503 --- [kground-preinit] o.apache.tomcat.util.digester.Digester   :   Fire end() for ObjectCreateRule[className=org.apache.tomcat.util.modeler.ParameterInfo, attributeName=null]
2019-12-06 11:18:41.347 DEBUG 7503 --- [kground-preinit] o.apache.tomcat.util.digester.Digester   : [ObjectCreateRule]{mbeans-descriptors/mbean/operation/parameter} Pop org.apache.tomcat.util.modeler.ParameterInfo
2019-12-06 11:18:41.347 DEBUG 7503 --- [kground-preinit] o.a.tomcat.util.digester.Digester.sax    : characters(
    )
2019-12-06 11:18:41.347 DEBUG 7503 --- [kground-preinit] o.a.tomcat.util.digester.Digester.sax    : endElement(,,operation)
2019-12-06 11:18:41.347 DEBUG 7503 --- [kground-preinit] o.apache.tomcat.util.digester.Digester   :   match='mbeans-descriptors/mbean/operation'
2019-12-06 11:18:41.347 DEBUG 7503 --- [kground-preinit] o.apache.tomcat.util.digester.Digester   :   bodyText='
      
    '
2019-12-06 11:18:41.347 DEBUG 7503 --- [kground-preinit] o.apache.tomcat.util.digester.Digester   :   Fire body() for ObjectCreateRule[className=org.apache.tomcat.util.modeler.OperationInfo, attributeName=null]
2019-12-06 11:18:41.348 DEBUG 7503 --- [kground-preinit] o.apache.tomcat.util.digester.Digester   :   Fire body() for SetPropertiesRule[]
2019-12-06 11:18:41.348 DEBUG 7503 --- [kground-preinit] o.apache.tomcat.util.digester.Digester   :   Fire body() for SetNextRule[methodName=addOperation, paramType=org.apache.tomcat.util.modeler.OperationInfo]
2019-12-06 11:18:41.348 DEBUG 7503 --- [kground-preinit] o.apache.tomcat.util.digester.Digester   :   Fire end() for SetNextRule[methodName=addOperation, paramType=org.apache.tomcat.util.modeler.OperationInfo]
2019-12-06 11:18:41.348 DEBUG 7503 --- [kground-preinit] o.apache.tomcat.util.digester.Digester   : [SetNextRule]{mbeans-descriptors/mbean/operation} Call org.apache.tomcat.util.modeler.ManagedBean.addOperation(org.apache.tomcat.util.modeler.OperationInfo@43500e2c)
2019-12-06 11:18:41.348 DEBUG 7503 --- [kground-preinit] o.apache.tomcat.util.IntrospectionUtils  : IntrospectionUtils: callMethod1 org.apache.tomcat.util.modeler.ManagedBean org.apache.tomcat.util.modeler.OperationInfo org.apache.tomcat.util.modeler.OperationInfo
2019-12-06 11:18:41.348 DEBUG 7503 --- [kground-preinit] o.apache.tomcat.util.digester.Digester   :   Fire end() for SetPropertiesRule[]
2019-12-06 11:18:41.348 DEBUG 7503 --- [kground-preinit] o.apache.tomcat.util.digester.Digester   :   Fire end() for ObjectCreateRule[className=org.apache.tomcat.util.modeler.OperationInfo, attributeName=null]
2019-12-06 11:18:41.348 DEBUG 7503 --- [kground-preinit] o.apache.tomcat.util.digester.Digester   : [ObjectCreateRule]{mbeans-descriptors/mbean/operation} Pop org.apache.tomcat.util.modeler.OperationInfo
2019-12-06 11:18:41.348 DEBUG 7503 --- [kground-preinit] o.a.tomcat.util.digester.Digester.sax    : characters(

    )
2019-12-06 11:18:41.348 DEBUG 7503 --- [kground-preinit] o.a.tomcat.util.digester.Digester.sax    : startElement(,,operation)
2019-12-06 11:18:41.348 DEBUG 7503 --- [kground-preinit] o.apache.tomcat.util.digester.Digester   :   New match='mbeans-descriptors/mbean/operation'
2019-12-06 11:18:41.348 DEBUG 7503 --- [kground-preinit] o.apache.tomcat.util.digester.Digester   :   Fire begin() for ObjectCreateRule[className=org.apache.tomcat.util.modeler.OperationInfo, attributeName=null]
2019-12-06 11:18:41.348 DEBUG 7503 --- [kground-preinit] o.apache.tomcat.util.digester.Digester   :   Fire begin() for SetPropertiesRule[]
2019-12-06 11:18:41.349 DEBUG 7503 --- [kground-preinit] o.apache.tomcat.util.digester.Digester   : [SetPropertiesRule]{mbeans-descriptors/mbean/operation} Set org.apache.tomcat.util.modeler.OperationInfo properties
2019-12-06 11:18:41.349 DEBUG 7503 --- [kground-preinit] o.apache.tomcat.util.digester.Digester   : [SetPropertiesRule]{mbeans-descriptors/mbean/operation} Setting property 'name' to 'findMimeMappings'
2019-12-06 11:18:41.349 DEBUG 7503 --- [kground-preinit] o.apache.tomcat.util.IntrospectionUtils  : IntrospectionUtils: setProperty(class org.apache.tomcat.util.modeler.OperationInfo name=findMimeMappings)
2019-12-06 11:18:41.349 DEBUG 7503 --- [kground-preinit] o.apache.tomcat.util.digester.Digester   : [SetPropertiesRule]{mbeans-descriptors/mbean/operation} Setting property 'description' to 'Return the extensions for which MIME mappings are defined.'
2019-12-06 11:18:41.349 DEBUG 7503 --- [kground-preinit] o.apache.tomcat.util.IntrospectionUtils  : IntrospectionUtils: setProperty(class org.apache.tomcat.util.modeler.OperationInfo description=Return the extensions for which MIME mappings are defined.)
2019-12-06 11:18:41.349 DEBUG 7503 --- [kground-preinit] o.apache.tomcat.util.digester.Digester   : [SetPropertiesRule]{mbeans-descriptors/mbean/operation} Setting property 'impact' to 'ACTION'
2019-12-06 11:18:41.349 DEBUG 7503 --- [kground-preinit] o.apache.tomcat.util.IntrospectionUtils  : IntrospectionUtils: setProperty(class org.apache.tomcat.util.modeler.OperationInfo impact=ACTION)
2019-12-06 11:18:41.349 DEBUG 7503 --- [kground-preinit] o.apache.tomcat.util.digester.Digester   : [SetPropertiesRule]{mbeans-descriptors/mbean/operation} Setting property 'returnType' to '[Ljava.lang.String;'
2019-12-06 11:18:41.349 DEBUG 7503 --- [kground-preinit] o.apache.tomcat.util.IntrospectionUtils  : IntrospectionUtils: setProperty(class org.apache.tomcat.util.modeler.OperationInfo returnType=[Ljava.lang.String;)
2019-12-06 11:18:41.349 DEBUG 7503 --- [kground-preinit] o.apache.tomcat.util.digester.Digester   :   Fire begin() for SetNextRule[methodName=addOperation, paramType=org.apache.tomcat.util.modeler.OperationInfo]
2019-12-06 11:18:41.349 DEBUG 7503 --- [kground-preinit] o.a.tomcat.util.digester.Digester.sax    : characters(
    )
2019-12-06 11:18:41.349 DEBUG 7503 --- [kground-preinit] o.a.tomcat.util.digester.Digester.sax    : endElement(,,operation)
2019-12-06 11:18:41.349 DEBUG 7503 --- [kground-preinit] o.apache.tomcat.util.digester.Digester   :   match='mbeans-descriptors/mbean/operation'
2019-12-06 11:18:41.349 DEBUG 7503 --- [kground-preinit] o.apache.tomcat.util.digester.Digester   :   bodyText='
    '
2019-12-06 11:18:41.350 DEBUG 7503 --- [kground-preinit] o.apache.tomcat.util.digester.Digester   :   Fire body() for ObjectCreateRule[className=org.apache.tomcat.util.modeler.OperationInfo, attributeName=null]
2019-12-06 11:18:41.350 DEBUG 7503 --- [kground-preinit] o.apache.tomcat.util.digester.Digester   :   Fire body() for SetPropertiesRule[]
2019-12-06 11:18:41.350 DEBUG 7503 --- [kground-preinit] o.apache.tomcat.util.digester.Digester   :   Fire body() for SetNextRule[methodName=addOperation, paramType=org.apache.tomcat.util.modeler.OperationInfo]
2019-12-06 11:18:41.350 DEBUG 7503 --- [kground-preinit] o.apache.tomcat.util.digester.Digester   :   Fire end() for SetNextRule[methodName=addOperation, paramType=org.apache.tomcat.util.modeler.OperationInfo]
2019-12-06 11:18:41.350 DEBUG 7503 --- [kground-preinit] o.apache.tomcat.util.digester.Digester   : [SetNextRule]{mbeans-descriptors/mbean/operation} Call org.apache.tomcat.util.modeler.ManagedBean.addOperation(org.apache.tomcat.util.modeler.OperationInfo@42f65ea0)
2019-12-06 11:18:41.350 DEBUG 7503 --- [kground-preinit] o.apache.tomcat.util.IntrospectionUtils  : IntrospectionUtils: callMethod1 org.apache.tomcat.util.modeler.ManagedBean org.apache.tomcat.util.modeler.OperationInfo org.apache.tomcat.util.modeler.OperationInfo
2019-12-06 11:18:41.350 DEBUG 7503 --- [kground-preinit] o.apache.tomcat.util.digester.Digester   :   Fire end() for SetPropertiesRule[]
2019-12-06 11:18:41.350 DEBUG 7503 --- [kground-preinit] o.apache.tomcat.util.digester.Digester   :   Fire end() for ObjectCreateRule[className=org.apache.tomcat.util.modeler.OperationInfo, attributeName=null]
2019-12-06 11:18:41.350 DEBUG 7503 --- [kground-preinit] o.apache.tomcat.util.digester.Digester   : [ObjectCreateRule]{mbeans-descriptors/mbean/operation} Pop org.apache.tomcat.util.modeler.OperationInfo
2019-12-06 11:18:41.350 DEBUG 7503 --- [kground-preinit] o.a.tomcat.util.digester.Digester.sax    : characters(

    )
2019-12-06 11:18:41.350 DEBUG 7503 --- [kground-preinit] o.a.tomcat.util.digester.Digester.sax    : startElement(,,operation)
2019-12-06 11:18:41.350 DEBUG 7503 --- [kground-preinit] o.apache.tomcat.util.digester.Digester   :   New match='mbeans-descriptors/mbean/operation'
2019-12-06 11:18:41.350 DEBUG 7503 --- [kground-preinit] o.apache.tomcat.util.digester.Digester   :   Fire begin() for ObjectCreateRule[className=org.apache.tomcat.util.modeler.OperationInfo, attributeName=null]
2019-12-06 11:18:41.351 DEBUG 7503 --- [kground-preinit] o.apache.tomcat.util.digester.Digester   :   Fire begin() for SetPropertiesRule[]
2019-12-06 11:18:41.351 DEBUG 7503 --- [kground-preinit] o.apache.tomcat.util.digester.Digester   : [SetPropertiesRule]{mbeans-descriptors/mbean/operation} Set org.apache.tomcat.util.modeler.OperationInfo properties
2019-12-06 11:18:41.351 DEBUG 7503 --- [kground-preinit] o.apache.tomcat.util.digester.Digester   : [SetPropertiesRule]{mbeans-descriptors/mbean/operation} Setting property 'name' to 'findParameter'
2019-12-06 11:18:41.351 DEBUG 7503 --- [kground-preinit] o.apache.tomcat.util.IntrospectionUtils  : IntrospectionUtils: setProperty(class org.apache.tomcat.util.modeler.OperationInfo name=findParameter)
2019-12-06 11:18:41.351 DEBUG 7503 --- [kground-preinit] o.apache.tomcat.util.digester.Digester   : [SetPropertiesRule]{mbeans-descriptors/mbean/operation} Setting property 'description' to 'Return the value for the specified context initialization parameter name, if any; otherwise return null.'
2019-12-06 11:18:41.351 DEBUG 7503 --- [kground-preinit] o.apache.tomcat.util.IntrospectionUtils  : IntrospectionUtils: setProperty(class org.apache.tomcat.util.modeler.OperationInfo description=Return the value for the specified context initialization parameter name, if any; otherwise return null.)
2019-12-06 11:18:41.351 DEBUG 7503 --- [kground-preinit] o.apache.tomcat.util.digester.Digester   : [SetPropertiesRule]{mbeans-descriptors/mbean/operation} Setting property 'impact' to 'ACTION'
2019-12-06 11:18:41.351 DEBUG 7503 --- [kground-preinit] o.apache.tomcat.util.IntrospectionUtils  : IntrospectionUtils: setProperty(class org.apache.tomcat.util.modeler.OperationInfo impact=ACTION)
2019-12-06 11:18:41.351 DEBUG 7503 --- [kground-preinit] o.apache.tomcat.util.digester.Digester   : [SetPropertiesRule]{mbeans-descriptors/mbean/operation} Setting property 'returnType' to 'java.lang.String'
2019-12-06 11:18:41.351 DEBUG 7503 --- [kground-preinit] o.apache.tomcat.util.IntrospectionUtils  : IntrospectionUtils: setProperty(class org.apache.tomcat.util.modeler.OperationInfo returnType=java.lang.String)
2019-12-06 11:18:41.351 DEBUG 7503 --- [kground-preinit] o.apache.tomcat.util.digester.Digester   :   Fire begin() for SetNextRule[methodName=addOperation, paramType=org.apache.tomcat.util.modeler.OperationInfo]
2019-12-06 11:18:41.351 DEBUG 7503 --- [kground-preinit] o.a.tomcat.util.digester.Digester.sax    : characters(
      )
2019-12-06 11:18:41.351 DEBUG 7503 --- [kground-preinit] o.a.tomcat.util.digester.Digester.sax    : startElement(,,parameter)
2019-12-06 11:18:41.352 DEBUG 7503 --- [kground-preinit] o.apache.tomcat.util.digester.Digester   :   New match='mbeans-descriptors/mbean/operation/parameter'
2019-12-06 11:18:41.352 DEBUG 7503 --- [kground-preinit] o.apache.tomcat.util.digester.Digester   :   Fire begin() for ObjectCreateRule[className=org.apache.tomcat.util.modeler.ParameterInfo, attributeName=null]
2019-12-06 11:18:41.352 DEBUG 7503 --- [kground-preinit] o.apache.tomcat.util.digester.Digester   :   Fire begin() for SetPropertiesRule[]
2019-12-06 11:18:41.352 DEBUG 7503 --- [kground-preinit] o.apache.tomcat.util.digester.Digester   : [SetPropertiesRule]{mbeans-descriptors/mbean/operation/parameter} Set org.apache.tomcat.util.modeler.ParameterInfo properties
2019-12-06 11:18:41.352 DEBUG 7503 --- [kground-preinit] o.apache.tomcat.util.digester.Digester   : [SetPropertiesRule]{mbeans-descriptors/mbean/operation/parameter} Setting property 'name' to 'name'
2019-12-06 11:18:41.352 DEBUG 7503 --- [kground-preinit] o.apache.tomcat.util.IntrospectionUtils  : IntrospectionUtils: setProperty(class org.apache.tomcat.util.modeler.ParameterInfo name=name)
2019-12-06 11:18:41.352 DEBUG 7503 --- [kground-preinit] o.apache.tomcat.util.digester.Digester   : [SetPropertiesRule]{mbeans-descriptors/mbean/operation/parameter} Setting property 'description' to 'Name of the parameter to return'
2019-12-06 11:18:41.352 DEBUG 7503 --- [kground-preinit] o.apache.tomcat.util.IntrospectionUtils  : IntrospectionUtils: setProperty(class org.apache.tomcat.util.modeler.ParameterInfo description=Name of the parameter to return)
2019-12-06 11:18:41.352 DEBUG 7503 --- [kground-preinit] o.apache.tomcat.util.digester.Digester   : [SetPropertiesRule]{mbeans-descriptors/mbean/operation/parameter} Setting property 'type' to 'java.lang.String'
2019-12-06 11:18:41.352 DEBUG 7503 --- [kground-preinit] o.apache.tomcat.util.IntrospectionUtils  : IntrospectionUtils: setProperty(class org.apache.tomcat.util.modeler.ParameterInfo type=java.lang.String)
2019-12-06 11:18:41.352 DEBUG 7503 --- [kground-preinit] o.apache.tomcat.util.digester.Digester   :   Fire begin() for SetNextRule[methodName=addParameter, paramType=org.apache.tomcat.util.modeler.ParameterInfo]
2019-12-06 11:18:41.352 DEBUG 7503 --- [kground-preinit] o.a.tomcat.util.digester.Digester.sax    : endElement(,,parameter)
2019-12-06 11:18:41.352 DEBUG 7503 --- [kground-preinit] o.apache.tomcat.util.digester.Digester   :   match='mbeans-descriptors/mbean/operation/parameter'
2019-12-06 11:18:41.352 DEBUG 7503 --- [kground-preinit] o.apache.tomcat.util.digester.Digester   :   bodyText=''
2019-12-06 11:18:41.353 DEBUG 7503 --- [kground-preinit] o.apache.tomcat.util.digester.Digester   :   Fire body() for ObjectCreateRule[className=org.apache.tomcat.util.modeler.ParameterInfo, attributeName=null]
2019-12-06 11:18:41.353 DEBUG 7503 --- [kground-preinit] o.apache.tomcat.util.digester.Digester   :   Fire body() for SetPropertiesRule[]
2019-12-06 11:18:41.353 DEBUG 7503 --- [kground-preinit] o.apache.tomcat.util.digester.Digester   :   Fire body() for SetNextRule[methodName=addParameter, paramType=org.apache.tomcat.util.modeler.ParameterInfo]
2019-12-06 11:18:41.353 DEBUG 7503 --- [kground-preinit] o.apache.tomcat.util.digester.Digester   :   Fire end() for SetNextRule[methodName=addParameter, paramType=org.apache.tomcat.util.modeler.ParameterInfo]
2019-12-06 11:18:41.353 DEBUG 7503 --- [kground-preinit] o.apache.tomcat.util.digester.Digester   : [SetNextRule]{mbeans-descriptors/mbean/operation/parameter} Call org.apache.tomcat.util.modeler.OperationInfo.addParameter(org.apache.tomcat.util.modeler.ParameterInfo@fd05dff)
2019-12-06 11:18:41.353 DEBUG 7503 --- [kground-preinit] o.apache.tomcat.util.IntrospectionUtils  : IntrospectionUtils: callMethod1 org.apache.tomcat.util.modeler.OperationInfo org.apache.tomcat.util.modeler.ParameterInfo org.apache.tomcat.util.modeler.ParameterInfo
2019-12-06 11:18:41.353 DEBUG 7503 --- [kground-preinit] o.apache.tomcat.util.digester.Digester   :   Fire end() for SetPropertiesRule[]
2019-12-06 11:18:41.353 DEBUG 7503 --- [kground-preinit] o.apache.tomcat.util.digester.Digester   :   Fire end() for ObjectCreateRule[className=org.apache.tomcat.util.modeler.ParameterInfo, attributeName=null]
2019-12-06 11:18:41.353 DEBUG 7503 --- [kground-preinit] o.apache.tomcat.util.digester.Digester   : [ObjectCreateRule]{mbeans-descriptors/mbean/operation/parameter} Pop org.apache.tomcat.util.modeler.ParameterInfo
2019-12-06 11:18:41.353 DEBUG 7503 --- [kground-preinit] o.a.tomcat.util.digester.Digester.sax    : characters(
    )
2019-12-06 11:18:41.353 DEBUG 7503 --- [kground-preinit] o.a.tomcat.util.digester.Digester.sax    : endElement(,,operation)
2019-12-06 11:18:41.353 DEBUG 7503 --- [kground-preinit] o.apache.tomcat.util.digester.Digester   :   match='mbeans-descriptors/mbean/operation'
2019-12-06 11:18:41.353 DEBUG 7503 --- [kground-preinit] o.apache.tomcat.util.digester.Digester   :   bodyText='
      
    '
2019-12-06 11:18:41.354 DEBUG 7503 --- [kground-preinit] o.apache.tomcat.util.digester.Digester   :   Fire body() for ObjectCreateRule[className=org.apache.tomcat.util.modeler.OperationInfo, attributeName=null]
2019-12-06 11:18:41.354 DEBUG 7503 --- [kground-preinit] o.apache.tomcat.util.digester.Digester   :   Fire body() for SetPropertiesRule[]
2019-12-06 11:18:41.354 DEBUG 7503 --- [kground-preinit] o.apache.tomcat.util.digester.Digester   :   Fire body() for SetNextRule[methodName=addOperation, paramType=org.apache.tomcat.util.modeler.OperationInfo]
2019-12-06 11:18:41.354 DEBUG 7503 --- [kground-preinit] o.apache.tomcat.util.digester.Digester   :   Fire end() for SetNextRule[methodName=addOperation, paramType=org.apache.tomcat.util.modeler.OperationInfo]
2019-12-06 11:18:41.354 DEBUG 7503 --- [kground-preinit] o.apache.tomcat.util.digester.Digester   : [SetNextRule]{mbeans-descriptors/mbean/operation} Call org.apache.tomcat.util.modeler.ManagedBean.addOperation(org.apache.tomcat.util.modeler.OperationInfo@2dfc79d5)
2019-12-06 11:18:41.354 DEBUG 7503 --- [kground-preinit] o.apache.tomcat.util.IntrospectionUtils  : IntrospectionUtils: callMethod1 org.apache.tomcat.util.modeler.ManagedBean org.apache.tomcat.util.modeler.OperationInfo org.apache.tomcat.util.modeler.OperationInfo
2019-12-06 11:18:41.354 DEBUG 7503 --- [kground-preinit] o.apache.tomcat.util.digester.Digester   :   Fire end() for SetPropertiesRule[]
2019-12-06 11:18:41.354 DEBUG 7503 --- [kground-preinit] o.apache.tomcat.util.digester.Digester   :   Fire end() for ObjectCreateRule[className=org.apache.tomcat.util.modeler.OperationInfo, attributeName=null]
2019-12-06 11:18:41.354 DEBUG 7503 --- [kground-preinit] o.apache.tomcat.util.digester.Digester   : [ObjectCreateRule]{mbeans-descriptors/mbean/operation} Pop org.apache.tomcat.util.modeler.OperationInfo
2019-12-06 11:18:41.354 DEBUG 7503 --- [kground-preinit] o.a.tomcat.util.digester.Digester.sax    : characters(

    )
2019-12-06 11:18:41.354 DEBUG 7503 --- [kground-preinit] o.a.tomcat.util.digester.Digester.sax    : startElement(,,operation)
2019-12-06 11:18:41.354 DEBUG 7503 --- [kground-preinit] o.apache.tomcat.util.digester.Digester   :   New match='mbeans-descriptors/mbean/operation'
2019-12-06 11:18:41.355 DEBUG 7503 --- [kground-preinit] o.apache.tomcat.util.digester.Digester   :   Fire begin() for ObjectCreateRule[className=org.apache.tomcat.util.modeler.OperationInfo, attributeName=null]
2019-12-06 11:18:41.355 DEBUG 7503 --- [kground-preinit] o.apache.tomcat.util.digester.Digester   :   Fire begin() for SetPropertiesRule[]
2019-12-06 11:18:41.355 DEBUG 7503 --- [kground-preinit] o.apache.tomcat.util.digester.Digester   : [SetPropertiesRule]{mbeans-descriptors/mbean/operation} Set org.apache.tomcat.util.modeler.OperationInfo properties
2019-12-06 11:18:41.355 DEBUG 7503 --- [kground-preinit] o.apache.tomcat.util.digester.Digester   : [SetPropertiesRule]{mbeans-descriptors/mbean/operation} Setting property 'name' to 'findParameters'
2019-12-06 11:18:41.355 DEBUG 7503 --- [kground-preinit] o.apache.tomcat.util.IntrospectionUtils  : IntrospectionUtils: setProperty(class org.apache.tomcat.util.modeler.OperationInfo name=findParameters)
2019-12-06 11:18:41.355 DEBUG 7503 --- [kground-preinit] o.apache.tomcat.util.digester.Digester   : [SetPropertiesRule]{mbeans-descriptors/mbean/operation} Setting property 'description' to 'Return the names of all defined context initialization parameters for this Context.'
2019-12-06 11:18:41.355 DEBUG 7503 --- [kground-preinit] o.apache.tomcat.util.IntrospectionUtils  : IntrospectionUtils: setProperty(class org.apache.tomcat.util.modeler.OperationInfo description=Return the names of all defined context initialization parameters for this Context.)
2019-12-06 11:18:41.355 DEBUG 7503 --- [kground-preinit] o.apache.tomcat.util.digester.Digester   : [SetPropertiesRule]{mbeans-descriptors/mbean/operation} Setting property 'impact' to 'ACTION'
2019-12-06 11:18:41.355 DEBUG 7503 --- [kground-preinit] o.apache.tomcat.util.IntrospectionUtils  : IntrospectionUtils: setProperty(class org.apache.tomcat.util.modeler.OperationInfo impact=ACTION)
2019-12-06 11:18:41.355 DEBUG 7503 --- [kground-preinit] o.apache.tomcat.util.digester.Digester   : [SetPropertiesRule]{mbeans-descriptors/mbean/operation} Setting property 'returnType' to '[Ljava.lang.String;'
2019-12-06 11:18:41.355 DEBUG 7503 --- [kground-preinit] o.apache.tomcat.util.IntrospectionUtils  : IntrospectionUtils: setProperty(class org.apache.tomcat.util.modeler.OperationInfo returnType=[Ljava.lang.String;)
2019-12-06 11:18:41.355 DEBUG 7503 --- [kground-preinit] o.apache.tomcat.util.digester.Digester   :   Fire begin() for SetNextRule[methodName=addOperation, paramType=org.apache.tomcat.util.modeler.OperationInfo]
2019-12-06 11:18:41.356 DEBUG 7503 --- [kground-preinit] o.a.tomcat.util.digester.Digester.sax    : characters(
    )
2019-12-06 11:18:41.356 DEBUG 7503 --- [kground-preinit] o.a.tomcat.util.digester.Digester.sax    : endElement(,,operation)
2019-12-06 11:18:41.356 DEBUG 7503 --- [kground-preinit] o.apache.tomcat.util.digester.Digester   :   match='mbeans-descriptors/mbean/operation'
2019-12-06 11:18:41.356 DEBUG 7503 --- [kground-preinit] o.apache.tomcat.util.digester.Digester   :   bodyText='
    '
2019-12-06 11:18:41.356 DEBUG 7503 --- [kground-preinit] o.apache.tomcat.util.digester.Digester   :   Fire body() for ObjectCreateRule[className=org.apache.tomcat.util.modeler.OperationInfo, attributeName=null]
2019-12-06 11:18:41.356 DEBUG 7503 --- [kground-preinit] o.apache.tomcat.util.digester.Digester   :   Fire body() for SetPropertiesRule[]
2019-12-06 11:18:41.356 DEBUG 7503 --- [kground-preinit] o.apache.tomcat.util.digester.Digester   :   Fire body() for SetNextRule[methodName=addOperation, paramType=org.apache.tomcat.util.modeler.OperationInfo]
2019-12-06 11:18:41.356 DEBUG 7503 --- [kground-preinit] o.apache.tomcat.util.digester.Digester   :   Fire end() for SetNextRule[methodName=addOperation, paramType=org.apache.tomcat.util.modeler.OperationInfo]
2019-12-06 11:18:41.356 DEBUG 7503 --- [kground-preinit] o.apache.tomcat.util.digester.Digester   : [SetNextRule]{mbeans-descriptors/mbean/operation} Call org.apache.tomcat.util.modeler.ManagedBean.addOperation(org.apache.tomcat.util.modeler.OperationInfo@6e1e3328)
2019-12-06 11:18:41.356 DEBUG 7503 --- [kground-preinit] o.apache.tomcat.util.IntrospectionUtils  : IntrospectionUtils: callMethod1 org.apache.tomcat.util.modeler.ManagedBean org.apache.tomcat.util.modeler.OperationInfo org.apache.tomcat.util.modeler.OperationInfo
2019-12-06 11:18:41.356 DEBUG 7503 --- [kground-preinit] o.apache.tomcat.util.digester.Digester   :   Fire end() for SetPropertiesRule[]
2019-12-06 11:18:41.356 DEBUG 7503 --- [kground-preinit] o.apache.tomcat.util.digester.Digester   :   Fire end() for ObjectCreateRule[className=org.apache.tomcat.util.modeler.OperationInfo, attributeName=null]
2019-12-06 11:18:41.357 DEBUG 7503 --- [kground-preinit] o.apache.tomcat.util.digester.Digester   : [ObjectCreateRule]{mbeans-descriptors/mbean/operation} Pop org.apache.tomcat.util.modeler.OperationInfo
2019-12-06 11:18:41.357 DEBUG 7503 --- [kground-preinit] o.a.tomcat.util.digester.Digester.sax    : characters(

    )
2019-12-06 11:18:41.357 DEBUG 7503 --- [kground-preinit] o.a.tomcat.util.digester.Digester.sax    : startElement(,,operation)
2019-12-06 11:18:41.357 DEBUG 7503 --- [kground-preinit] o.apache.tomcat.util.digester.Digester   :   New match='mbeans-descriptors/mbean/operation'
2019-12-06 11:18:41.357 DEBUG 7503 --- [kground-preinit] o.apache.tomcat.util.digester.Digester   :   Fire begin() for ObjectCreateRule[className=org.apache.tomcat.util.modeler.OperationInfo, attributeName=null]
2019-12-06 11:18:41.357 DEBUG 7503 --- [kground-preinit] o.apache.tomcat.util.digester.Digester   :   Fire begin() for SetPropertiesRule[]
2019-12-06 11:18:41.357 DEBUG 7503 --- [kground-preinit] o.apache.tomcat.util.digester.Digester   : [SetPropertiesRule]{mbeans-descriptors/mbean/operation} Set org.apache.tomcat.util.modeler.OperationInfo properties
2019-12-06 11:18:41.357 DEBUG 7503 --- [kground-preinit] o.apache.tomcat.util.digester.Digester   : [SetPropertiesRule]{mbeans-descriptors/mbean/operation} Setting property 'name' to 'findRoleMapping'
2019-12-06 11:18:41.357 DEBUG 7503 --- [kground-preinit] o.apache.tomcat.util.IntrospectionUtils  : IntrospectionUtils: setProperty(class org.apache.tomcat.util.modeler.OperationInfo name=findRoleMapping)
2019-12-06 11:18:41.357 DEBUG 7503 --- [kground-preinit] o.apache.tomcat.util.digester.Digester   : [SetPropertiesRule]{mbeans-descriptors/mbean/operation} Setting property 'description' to 'For the given security role (as used by an application), return the corresponding role name (as defined by the underlying Realm) if there is one.  Otherwise, return the specified role unchanged.'
2019-12-06 11:18:41.357 DEBUG 7503 --- [kground-preinit] o.apache.tomcat.util.IntrospectionUtils  : IntrospectionUtils: setProperty(class org.apache.tomcat.util.modeler.OperationInfo description=For the given security role (as used by an application), return the corresponding role name (as defined by the underlying Realm) if there is one.  Otherwise, return the specified role unchanged.)
2019-12-06 11:18:41.358 DEBUG 7503 --- [kground-preinit] o.apache.tomcat.util.digester.Digester   : [SetPropertiesRule]{mbeans-descriptors/mbean/operation} Setting property 'impact' to 'ACTION'
2019-12-06 11:18:41.358 DEBUG 7503 --- [kground-preinit] o.apache.tomcat.util.IntrospectionUtils  : IntrospectionUtils: setProperty(class org.apache.tomcat.util.modeler.OperationInfo impact=ACTION)
2019-12-06 11:18:41.358 DEBUG 7503 --- [kground-preinit] o.apache.tomcat.util.digester.Digester   : [SetPropertiesRule]{mbeans-descriptors/mbean/operation} Setting property 'returnType' to 'java.lang.String'
2019-12-06 11:18:41.358 DEBUG 7503 --- [kground-preinit] o.apache.tomcat.util.IntrospectionUtils  : IntrospectionUtils: setProperty(class org.apache.tomcat.util.modeler.OperationInfo returnType=java.lang.String)
2019-12-06 11:18:41.358 DEBUG 7503 --- [kground-preinit] o.apache.tomcat.util.digester.Digester   :   Fire begin() for SetNextRule[methodName=addOperation, paramType=org.apache.tomcat.util.modeler.OperationInfo]
2019-12-06 11:18:41.358 DEBUG 7503 --- [kground-preinit] o.a.tomcat.util.digester.Digester.sax    : characters(
      )
2019-12-06 11:18:41.358 DEBUG 7503 --- [kground-preinit] o.a.tomcat.util.digester.Digester.sax    : startElement(,,parameter)
2019-12-06 11:18:41.358 DEBUG 7503 --- [kground-preinit] o.apache.tomcat.util.digester.Digester   :   New match='mbeans-descriptors/mbean/operation/parameter'
2019-12-06 11:18:41.358 DEBUG 7503 --- [kground-preinit] o.apache.tomcat.util.digester.Digester   :   Fire begin() for ObjectCreateRule[className=org.apache.tomcat.util.modeler.ParameterInfo, attributeName=null]
2019-12-06 11:18:41.358 DEBUG 7503 --- [kground-preinit] o.apache.tomcat.util.digester.Digester   :   Fire begin() for SetPropertiesRule[]
2019-12-06 11:18:41.358 DEBUG 7503 --- [kground-preinit] o.apache.tomcat.util.digester.Digester   : [SetPropertiesRule]{mbeans-descriptors/mbean/operation/parameter} Set org.apache.tomcat.util.modeler.ParameterInfo properties
2019-12-06 11:18:41.358 DEBUG 7503 --- [kground-preinit] o.apache.tomcat.util.digester.Digester   : [SetPropertiesRule]{mbeans-descriptors/mbean/operation/parameter} Setting property 'name' to 'role'
2019-12-06 11:18:41.359 DEBUG 7503 --- [kground-preinit] o.apache.tomcat.util.IntrospectionUtils  : IntrospectionUtils: setProperty(class org.apache.tomcat.util.modeler.ParameterInfo name=role)
2019-12-06 11:18:41.359 DEBUG 7503 --- [kground-preinit] o.apache.tomcat.util.digester.Digester   : [SetPropertiesRule]{mbeans-descriptors/mbean/operation/parameter} Setting property 'description' to 'Security role to map'
2019-12-06 11:18:41.359 DEBUG 7503 --- [kground-preinit] o.apache.tomcat.util.IntrospectionUtils  : IntrospectionUtils: setProperty(class org.apache.tomcat.util.modeler.ParameterInfo description=Security role to map)
2019-12-06 11:18:41.359 DEBUG 7503 --- [kground-preinit] o.apache.tomcat.util.digester.Digester   : [SetPropertiesRule]{mbeans-descriptors/mbean/operation/parameter} Setting property 'type' to 'java.lang.String'
2019-12-06 11:18:41.359 DEBUG 7503 --- [kground-preinit] o.apache.tomcat.util.IntrospectionUtils  : IntrospectionUtils: setProperty(class org.apache.tomcat.util.modeler.ParameterInfo type=java.lang.String)
2019-12-06 11:18:41.359 DEBUG 7503 --- [kground-preinit] o.apache.tomcat.util.digester.Digester   :   Fire begin() for SetNextRule[methodName=addParameter, paramType=org.apache.tomcat.util.modeler.ParameterInfo]
2019-12-06 11:18:41.359 DEBUG 7503 --- [kground-preinit] o.a.tomcat.util.digester.Digester.sax    : endElement(,,parameter)
2019-12-06 11:18:41.359 DEBUG 7503 --- [kground-preinit] o.apache.tomcat.util.digester.Digester   :   match='mbeans-descriptors/mbean/operation/parameter'
2019-12-06 11:18:41.359 DEBUG 7503 --- [kground-preinit] o.apache.tomcat.util.digester.Digester   :   bodyText=''
2019-12-06 11:18:41.359 DEBUG 7503 --- [kground-preinit] o.apache.tomcat.util.digester.Digester   :   Fire body() for ObjectCreateRule[className=org.apache.tomcat.util.modeler.ParameterInfo, attributeName=null]
2019-12-06 11:18:41.359 DEBUG 7503 --- [kground-preinit] o.apache.tomcat.util.digester.Digester   :   Fire body() for SetPropertiesRule[]
2019-12-06 11:18:41.360 DEBUG 7503 --- [kground-preinit] o.apache.tomcat.util.digester.Digester   :   Fire body() for SetNextRule[methodName=addParameter, paramType=org.apache.tomcat.util.modeler.ParameterInfo]
2019-12-06 11:18:41.360 DEBUG 7503 --- [kground-preinit] o.apache.tomcat.util.digester.Digester   :   Fire end() for SetNextRule[methodName=addParameter, paramType=org.apache.tomcat.util.modeler.ParameterInfo]
2019-12-06 11:18:41.360 DEBUG 7503 --- [kground-preinit] o.apache.tomcat.util.digester.Digester   : [SetNextRule]{mbeans-descriptors/mbean/operation/parameter} Call org.apache.tomcat.util.modeler.OperationInfo.addParameter(org.apache.tomcat.util.modeler.ParameterInfo@1eed7315)
2019-12-06 11:18:41.360 DEBUG 7503 --- [kground-preinit] o.apache.tomcat.util.IntrospectionUtils  : IntrospectionUtils: callMethod1 org.apache.tomcat.util.modeler.OperationInfo org.apache.tomcat.util.modeler.ParameterInfo org.apache.tomcat.util.modeler.ParameterInfo
2019-12-06 11:18:41.360 DEBUG 7503 --- [kground-preinit] o.apache.tomcat.util.digester.Digester   :   Fire end() for SetPropertiesRule[]
2019-12-06 11:18:41.360 DEBUG 7503 --- [kground-preinit] o.apache.tomcat.util.digester.Digester   :   Fire end() for ObjectCreateRule[className=org.apache.tomcat.util.modeler.ParameterInfo, attributeName=null]
2019-12-06 11:18:41.360 DEBUG 7503 --- [kground-preinit] o.apache.tomcat.util.digester.Digester   : [ObjectCreateRule]{mbeans-descriptors/mbean/operation/parameter} Pop org.apache.tomcat.util.modeler.ParameterInfo
2019-12-06 11:18:41.360 DEBUG 7503 --- [kground-preinit] o.a.tomcat.util.digester.Digester.sax    : characters(
    )
2019-12-06 11:18:41.360 DEBUG 7503 --- [kground-preinit] o.a.tomcat.util.digester.Digester.sax    : endElement(,,operation)
2019-12-06 11:18:41.360 DEBUG 7503 --- [kground-preinit] o.apache.tomcat.util.digester.Digester   :   match='mbeans-descriptors/mbean/operation'
2019-12-06 11:18:41.360 DEBUG 7503 --- [kground-preinit] o.apache.tomcat.util.digester.Digester   :   bodyText='
      
    '
2019-12-06 11:18:41.360 DEBUG 7503 --- [kground-preinit] o.apache.tomcat.util.digester.Digester   :   Fire body() for ObjectCreateRule[className=org.apache.tomcat.util.modeler.OperationInfo, attributeName=null]
2019-12-06 11:18:41.360 DEBUG 7503 --- [kground-preinit] o.apache.tomcat.util.digester.Digester   :   Fire body() for SetPropertiesRule[]
2019-12-06 11:18:41.360 DEBUG 7503 --- [kground-preinit] o.apache.tomcat.util.digester.Digester   :   Fire body() for SetNextRule[methodName=addOperation, paramType=org.apache.tomcat.util.modeler.OperationInfo]
2019-12-06 11:18:41.361 DEBUG 7503 --- [kground-preinit] o.apache.tomcat.util.digester.Digester   :   Fire end() for SetNextRule[methodName=addOperation, paramType=org.apache.tomcat.util.modeler.OperationInfo]
2019-12-06 11:18:41.361 DEBUG 7503 --- [kground-preinit] o.apache.tomcat.util.digester.Digester   : [SetNextRule]{mbeans-descriptors/mbean/operation} Call org.apache.tomcat.util.modeler.ManagedBean.addOperation(org.apache.tomcat.util.modeler.OperationInfo@135fea92)
2019-12-06 11:18:41.361 DEBUG 7503 --- [kground-preinit] o.apache.tomcat.util.IntrospectionUtils  : IntrospectionUtils: callMethod1 org.apache.tomcat.util.modeler.ManagedBean org.apache.tomcat.util.modeler.OperationInfo org.apache.tomcat.util.modeler.OperationInfo
2019-12-06 11:18:41.361 DEBUG 7503 --- [kground-preinit] o.apache.tomcat.util.digester.Digester   :   Fire end() for SetPropertiesRule[]
2019-12-06 11:18:41.361 DEBUG 7503 --- [kground-preinit] o.apache.tomcat.util.digester.Digester   :   Fire end() for ObjectCreateRule[className=org.apache.tomcat.util.modeler.OperationInfo, attributeName=null]
2019-12-06 11:18:41.361 DEBUG 7503 --- [kground-preinit] o.apache.tomcat.util.digester.Digester   : [ObjectCreateRule]{mbeans-descriptors/mbean/operation} Pop org.apache.tomcat.util.modeler.OperationInfo
2019-12-06 11:18:41.361 DEBUG 7503 --- [kground-preinit] o.a.tomcat.util.digester.Digester.sax    : characters(

    )
2019-12-06 11:18:41.361 DEBUG 7503 --- [kground-preinit] o.a.tomcat.util.digester.Digester.sax    : startElement(,,operation)
2019-12-06 11:18:41.361 DEBUG 7503 --- [kground-preinit] o.apache.tomcat.util.digester.Digester   :   New match='mbeans-descriptors/mbean/operation'
2019-12-06 11:18:41.362 DEBUG 7503 --- [kground-preinit] o.apache.tomcat.util.digester.Digester   :   Fire begin() for ObjectCreateRule[className=org.apache.tomcat.util.modeler.OperationInfo, attributeName=null]
2019-12-06 11:18:41.362 DEBUG 7503 --- [kground-preinit] o.apache.tomcat.util.digester.Digester   :   Fire begin() for SetPropertiesRule[]
2019-12-06 11:18:41.362 DEBUG 7503 --- [kground-preinit] o.apache.tomcat.util.digester.Digester   : [SetPropertiesRule]{mbeans-descriptors/mbean/operation} Set org.apache.tomcat.util.modeler.OperationInfo properties
2019-12-06 11:18:41.362 DEBUG 7503 --- [kground-preinit] o.apache.tomcat.util.digester.Digester   : [SetPropertiesRule]{mbeans-descriptors/mbean/operation} Setting property 'name' to 'findSecurityRole'
2019-12-06 11:18:41.362 DEBUG 7503 --- [kground-preinit] o.apache.tomcat.util.IntrospectionUtils  : IntrospectionUtils: setProperty(class org.apache.tomcat.util.modeler.OperationInfo name=findSecurityRole)
2019-12-06 11:18:41.362 DEBUG 7503 --- [kground-preinit] o.apache.tomcat.util.digester.Digester   : [SetPropertiesRule]{mbeans-descriptors/mbean/operation} Setting property 'description' to 'Return 'true' if the specified security role is defined for this application; otherwise return 'false'.'
2019-12-06 11:18:41.362 DEBUG 7503 --- [kground-preinit] o.apache.tomcat.util.IntrospectionUtils  : IntrospectionUtils: setProperty(class org.apache.tomcat.util.modeler.OperationInfo description=Return 'true' if the specified security role is defined for this application; otherwise return 'false'.)
2019-12-06 11:18:41.362 DEBUG 7503 --- [kground-preinit] o.apache.tomcat.util.digester.Digester   : [SetPropertiesRule]{mbeans-descriptors/mbean/operation} Setting property 'impact' to 'ACTION'
2019-12-06 11:18:41.362 DEBUG 7503 --- [kground-preinit] o.apache.tomcat.util.IntrospectionUtils  : IntrospectionUtils: setProperty(class org.apache.tomcat.util.modeler.OperationInfo impact=ACTION)
2019-12-06 11:18:41.362 DEBUG 7503 --- [kground-preinit] o.apache.tomcat.util.digester.Digester   : [SetPropertiesRule]{mbeans-descriptors/mbean/operation} Setting property 'returnType' to 'boolean'
2019-12-06 11:18:41.362 DEBUG 7503 --- [kground-preinit] o.apache.tomcat.util.IntrospectionUtils  : IntrospectionUtils: setProperty(class org.apache.tomcat.util.modeler.OperationInfo returnType=boolean)
2019-12-06 11:18:41.362 DEBUG 7503 --- [kground-preinit] o.apache.tomcat.util.digester.Digester   :   Fire begin() for SetNextRule[methodName=addOperation, paramType=org.apache.tomcat.util.modeler.OperationInfo]
2019-12-06 11:18:41.362 DEBUG 7503 --- [kground-preinit] o.a.tomcat.util.digester.Digester.sax    : characters(
      )
2019-12-06 11:18:41.363 DEBUG 7503 --- [kground-preinit] o.a.tomcat.util.digester.Digester.sax    : startElement(,,parameter)
2019-12-06 11:18:41.363 DEBUG 7503 --- [kground-preinit] o.apache.tomcat.util.digester.Digester   :   New match='mbeans-descriptors/mbean/operation/parameter'
2019-12-06 11:18:41.363 DEBUG 7503 --- [kground-preinit] o.apache.tomcat.util.digester.Digester   :   Fire begin() for ObjectCreateRule[className=org.apache.tomcat.util.modeler.ParameterInfo, attributeName=null]
2019-12-06 11:18:41.363 DEBUG 7503 --- [kground-preinit] o.apache.tomcat.util.digester.Digester   :   Fire begin() for SetPropertiesRule[]
2019-12-06 11:18:41.363 DEBUG 7503 --- [kground-preinit] o.apache.tomcat.util.digester.Digester   : [SetPropertiesRule]{mbeans-descriptors/mbean/operation/parameter} Set org.apache.tomcat.util.modeler.ParameterInfo properties
2019-12-06 11:18:41.363 DEBUG 7503 --- [kground-preinit] o.apache.tomcat.util.digester.Digester   : [SetPropertiesRule]{mbeans-descriptors/mbean/operation/parameter} Setting property 'name' to 'role'
2019-12-06 11:18:41.363 DEBUG 7503 --- [kground-preinit] o.apache.tomcat.util.IntrospectionUtils  : IntrospectionUtils: setProperty(class org.apache.tomcat.util.modeler.ParameterInfo name=role)
2019-12-06 11:18:41.363 DEBUG 7503 --- [kground-preinit] o.apache.tomcat.util.digester.Digester   : [SetPropertiesRule]{mbeans-descriptors/mbean/operation/parameter} Setting property 'description' to 'Security role to verify'
2019-12-06 11:18:41.363 DEBUG 7503 --- [kground-preinit] o.apache.tomcat.util.IntrospectionUtils  : IntrospectionUtils: setProperty(class org.apache.tomcat.util.modeler.ParameterInfo description=Security role to verify)
2019-12-06 11:18:41.363 DEBUG 7503 --- [kground-preinit] o.apache.tomcat.util.digester.Digester   : [SetPropertiesRule]{mbeans-descriptors/mbean/operation/parameter} Setting property 'type' to 'java.lang.String'
2019-12-06 11:18:41.363 DEBUG 7503 --- [kground-preinit] o.apache.tomcat.util.IntrospectionUtils  : IntrospectionUtils: setProperty(class org.apache.tomcat.util.modeler.ParameterInfo type=java.lang.String)
2019-12-06 11:18:41.363 DEBUG 7503 --- [kground-preinit] o.apache.tomcat.util.digester.Digester   :   Fire begin() for SetNextRule[methodName=addParameter, paramType=org.apache.tomcat.util.modeler.ParameterInfo]
2019-12-06 11:18:41.364 DEBUG 7503 --- [kground-preinit] o.a.tomcat.util.digester.Digester.sax    : endElement(,,parameter)
2019-12-06 11:18:41.364 DEBUG 7503 --- [kground-preinit] o.apache.tomcat.util.digester.Digester   :   match='mbeans-descriptors/mbean/operation/parameter'
2019-12-06 11:18:41.364 DEBUG 7503 --- [kground-preinit] o.apache.tomcat.util.digester.Digester   :   bodyText=''
2019-12-06 11:18:41.364 DEBUG 7503 --- [kground-preinit] o.apache.tomcat.util.digester.Digester   :   Fire body() for ObjectCreateRule[className=org.apache.tomcat.util.modeler.ParameterInfo, attributeName=null]
2019-12-06 11:18:41.364 DEBUG 7503 --- [kground-preinit] o.apache.tomcat.util.digester.Digester   :   Fire body() for SetPropertiesRule[]
2019-12-06 11:18:41.364 DEBUG 7503 --- [kground-preinit] o.apache.tomcat.util.digester.Digester   :   Fire body() for SetNextRule[methodName=addParameter, paramType=org.apache.tomcat.util.modeler.ParameterInfo]
2019-12-06 11:18:41.364 DEBUG 7503 --- [kground-preinit] o.apache.tomcat.util.digester.Digester   :   Fire end() for SetNextRule[methodName=addParameter, paramType=org.apache.tomcat.util.modeler.ParameterInfo]
2019-12-06 11:18:41.364 DEBUG 7503 --- [kground-preinit] o.apache.tomcat.util.digester.Digester   : [SetNextRule]{mbeans-descriptors/mbean/operation/parameter} Call org.apache.tomcat.util.modeler.OperationInfo.addParameter(org.apache.tomcat.util.modeler.ParameterInfo@5da31bfd)
2019-12-06 11:18:41.364 DEBUG 7503 --- [kground-preinit] o.apache.tomcat.util.IntrospectionUtils  : IntrospectionUtils: callMethod1 org.apache.tomcat.util.modeler.OperationInfo org.apache.tomcat.util.modeler.ParameterInfo org.apache.tomcat.util.modeler.ParameterInfo
2019-12-06 11:18:41.364 DEBUG 7503 --- [kground-preinit] o.apache.tomcat.util.digester.Digester   :   Fire end() for SetPropertiesRule[]
2019-12-06 11:18:41.364 DEBUG 7503 --- [kground-preinit] o.apache.tomcat.util.digester.Digester   :   Fire end() for ObjectCreateRule[className=org.apache.tomcat.util.modeler.ParameterInfo, attributeName=null]
2019-12-06 11:18:41.365 DEBUG 7503 --- [kground-preinit] o.apache.tomcat.util.digester.Digester   : [ObjectCreateRule]{mbeans-descriptors/mbean/operation/parameter} Pop org.apache.tomcat.util.modeler.ParameterInfo
2019-12-06 11:18:41.365 DEBUG 7503 --- [kground-preinit] o.a.tomcat.util.digester.Digester.sax    : characters(
    )
2019-12-06 11:18:41.365 DEBUG 7503 --- [kground-preinit] o.a.tomcat.util.digester.Digester.sax    : endElement(,,operation)
2019-12-06 11:18:41.365 DEBUG 7503 --- [kground-preinit] o.apache.tomcat.util.digester.Digester   :   match='mbeans-descriptors/mbean/operation'
2019-12-06 11:18:41.365 DEBUG 7503 --- [kground-preinit] o.apache.tomcat.util.digester.Digester   :   bodyText='
      
    '
2019-12-06 11:18:41.365 DEBUG 7503 --- [kground-preinit] o.apache.tomcat.util.digester.Digester   :   Fire body() for ObjectCreateRule[className=org.apache.tomcat.util.modeler.OperationInfo, attributeName=null]
2019-12-06 11:18:41.365 DEBUG 7503 --- [kground-preinit] o.apache.tomcat.util.digester.Digester   :   Fire body() for SetPropertiesRule[]
2019-12-06 11:18:41.365 DEBUG 7503 --- [kground-preinit] o.apache.tomcat.util.digester.Digester   :   Fire body() for SetNextRule[methodName=addOperation, paramType=org.apache.tomcat.util.modeler.OperationInfo]
2019-12-06 11:18:41.365 DEBUG 7503 --- [kground-preinit] o.apache.tomcat.util.digester.Digester   :   Fire end() for SetNextRule[methodName=addOperation, paramType=org.apache.tomcat.util.modeler.OperationInfo]
2019-12-06 11:18:41.365 DEBUG 7503 --- [kground-preinit] o.apache.tomcat.util.digester.Digester   : [SetNextRule]{mbeans-descriptors/mbean/operation} Call org.apache.tomcat.util.modeler.ManagedBean.addOperation(org.apache.tomcat.util.modeler.OperationInfo@423be412)
2019-12-06 11:18:41.365 DEBUG 7503 --- [kground-preinit] o.apache.tomcat.util.IntrospectionUtils  : IntrospectionUtils: callMethod1 org.apache.tomcat.util.modeler.ManagedBean org.apache.tomcat.util.modeler.OperationInfo org.apache.tomcat.util.modeler.OperationInfo
2019-12-06 11:18:41.365 DEBUG 7503 --- [kground-preinit] o.apache.tomcat.util.digester.Digester   :   Fire end() for SetPropertiesRule[]
2019-12-06 11:18:41.365 DEBUG 7503 --- [kground-preinit] o.apache.tomcat.util.digester.Digester   :   Fire end() for ObjectCreateRule[className=org.apache.tomcat.util.modeler.OperationInfo, attributeName=null]
2019-12-06 11:18:41.366 DEBUG 7503 --- [kground-preinit] o.apache.tomcat.util.digester.Digester   : [ObjectCreateRule]{mbeans-descriptors/mbean/operation} Pop org.apache.tomcat.util.modeler.OperationInfo
2019-12-06 11:18:41.366 DEBUG 7503 --- [kground-preinit] o.a.tomcat.util.digester.Digester.sax    : characters(

    )
2019-12-06 11:18:41.366 DEBUG 7503 --- [kground-preinit] o.a.tomcat.util.digester.Digester.sax    : startElement(,,operation)
2019-12-06 11:18:41.366 DEBUG 7503 --- [kground-preinit] o.apache.tomcat.util.digester.Digester   :   New match='mbeans-descriptors/mbean/operation'
2019-12-06 11:18:41.366 DEBUG 7503 --- [kground-preinit] o.apache.tomcat.util.digester.Digester   :   Fire begin() for ObjectCreateRule[className=org.apache.tomcat.util.modeler.OperationInfo, attributeName=null]
2019-12-06 11:18:41.366 DEBUG 7503 --- [kground-preinit] o.apache.tomcat.util.digester.Digester   :   Fire begin() for SetPropertiesRule[]
2019-12-06 11:18:41.366 DEBUG 7503 --- [kground-preinit] o.apache.tomcat.util.digester.Digester   : [SetPropertiesRule]{mbeans-descriptors/mbean/operation} Set org.apache.tomcat.util.modeler.OperationInfo properties
2019-12-06 11:18:41.366 DEBUG 7503 --- [kground-preinit] o.apache.tomcat.util.digester.Digester   : [SetPropertiesRule]{mbeans-descriptors/mbean/operation} Setting property 'name' to 'findSecurityRoles'
2019-12-06 11:18:41.366 DEBUG 7503 --- [kground-preinit] o.apache.tomcat.util.IntrospectionUtils  : IntrospectionUtils: setProperty(class org.apache.tomcat.util.modeler.OperationInfo name=findSecurityRoles)
2019-12-06 11:18:41.366 DEBUG 7503 --- [kground-preinit] o.apache.tomcat.util.digester.Digester   : [SetPropertiesRule]{mbeans-descriptors/mbean/operation} Setting property 'description' to 'Return the security roles defined for this application.'
2019-12-06 11:18:41.366 DEBUG 7503 --- [kground-preinit] o.apache.tomcat.util.IntrospectionUtils  : IntrospectionUtils: setProperty(class org.apache.tomcat.util.modeler.OperationInfo description=Return the security roles defined for this application.)
2019-12-06 11:18:41.366 DEBUG 7503 --- [kground-preinit] o.apache.tomcat.util.digester.Digester   : [SetPropertiesRule]{mbeans-descriptors/mbean/operation} Setting property 'impact' to 'ACTION'
2019-12-06 11:18:41.367 DEBUG 7503 --- [kground-preinit] o.apache.tomcat.util.IntrospectionUtils  : IntrospectionUtils: setProperty(class org.apache.tomcat.util.modeler.OperationInfo impact=ACTION)
2019-12-06 11:18:41.367 DEBUG 7503 --- [kground-preinit] o.apache.tomcat.util.digester.Digester   : [SetPropertiesRule]{mbeans-descriptors/mbean/operation} Setting property 'returnType' to '[Ljava.lang.String;'
2019-12-06 11:18:41.367 DEBUG 7503 --- [kground-preinit] o.apache.tomcat.util.IntrospectionUtils  : IntrospectionUtils: setProperty(class org.apache.tomcat.util.modeler.OperationInfo returnType=[Ljava.lang.String;)
2019-12-06 11:18:41.367 DEBUG 7503 --- [kground-preinit] o.apache.tomcat.util.digester.Digester   :   Fire begin() for SetNextRule[methodName=addOperation, paramType=org.apache.tomcat.util.modeler.OperationInfo]
2019-12-06 11:18:41.367 DEBUG 7503 --- [kground-preinit] o.a.tomcat.util.digester.Digester.sax    : characters(
    )
2019-12-06 11:18:41.367 DEBUG 7503 --- [kground-preinit] o.a.tomcat.util.digester.Digester.sax    : endElement(,,operation)
2019-12-06 11:18:41.367 DEBUG 7503 --- [kground-preinit] o.apache.tomcat.util.digester.Digester   :   match='mbeans-descriptors/mbean/operation'
2019-12-06 11:18:41.367 DEBUG 7503 --- [kground-preinit] o.apache.tomcat.util.digester.Digester   :   bodyText='
    '
2019-12-06 11:18:41.367 DEBUG 7503 --- [kground-preinit] o.apache.tomcat.util.digester.Digester   :   Fire body() for ObjectCreateRule[className=org.apache.tomcat.util.modeler.OperationInfo, attributeName=null]
2019-12-06 11:18:41.367 DEBUG 7503 --- [kground-preinit] o.apache.tomcat.util.digester.Digester   :   Fire body() for SetPropertiesRule[]
2019-12-06 11:18:41.367 DEBUG 7503 --- [kground-preinit] o.apache.tomcat.util.digester.Digester   :   Fire body() for SetNextRule[methodName=addOperation, paramType=org.apache.tomcat.util.modeler.OperationInfo]
2019-12-06 11:18:41.367 DEBUG 7503 --- [kground-preinit] o.apache.tomcat.util.digester.Digester   :   Fire end() for SetNextRule[methodName=addOperation, paramType=org.apache.tomcat.util.modeler.OperationInfo]
2019-12-06 11:18:41.367 DEBUG 7503 --- [kground-preinit] o.apache.tomcat.util.digester.Digester   : [SetNextRule]{mbeans-descriptors/mbean/operation} Call org.apache.tomcat.util.modeler.ManagedBean.addOperation(org.apache.tomcat.util.modeler.OperationInfo@373b429b)
2019-12-06 11:18:41.368 DEBUG 7503 --- [kground-preinit] o.apache.tomcat.util.IntrospectionUtils  : IntrospectionUtils: callMethod1 org.apache.tomcat.util.modeler.ManagedBean org.apache.tomcat.util.modeler.OperationInfo org.apache.tomcat.util.modeler.OperationInfo
2019-12-06 11:18:41.368 DEBUG 7503 --- [kground-preinit] o.apache.tomcat.util.digester.Digester   :   Fire end() for SetPropertiesRule[]
2019-12-06 11:18:41.368 DEBUG 7503 --- [kground-preinit] o.apache.tomcat.util.digester.Digester   :   Fire end() for ObjectCreateRule[className=org.apache.tomcat.util.modeler.OperationInfo, attributeName=null]
2019-12-06 11:18:41.368 DEBUG 7503 --- [kground-preinit] o.apache.tomcat.util.digester.Digester   : [ObjectCreateRule]{mbeans-descriptors/mbean/operation} Pop org.apache.tomcat.util.modeler.OperationInfo
2019-12-06 11:18:41.368 DEBUG 7503 --- [kground-preinit] o.a.tomcat.util.digester.Digester.sax    : characters(

    )
2019-12-06 11:18:41.368 DEBUG 7503 --- [kground-preinit] o.a.tomcat.util.digester.Digester.sax    : startElement(,,operation)
2019-12-06 11:18:41.368 DEBUG 7503 --- [kground-preinit] o.apache.tomcat.util.digester.Digester   :   New match='mbeans-descriptors/mbean/operation'
2019-12-06 11:18:41.368 DEBUG 7503 --- [kground-preinit] o.apache.tomcat.util.digester.Digester   :   Fire begin() for ObjectCreateRule[className=org.apache.tomcat.util.modeler.OperationInfo, attributeName=null]
2019-12-06 11:18:41.368 DEBUG 7503 --- [kground-preinit] o.apache.tomcat.util.digester.Digester   :   Fire begin() for SetPropertiesRule[]
2019-12-06 11:18:41.368 DEBUG 7503 --- [kground-preinit] o.apache.tomcat.util.digester.Digester   : [SetPropertiesRule]{mbeans-descriptors/mbean/operation} Set org.apache.tomcat.util.modeler.OperationInfo properties
2019-12-06 11:18:41.368 DEBUG 7503 --- [kground-preinit] o.apache.tomcat.util.digester.Digester   : [SetPropertiesRule]{mbeans-descriptors/mbean/operation} Setting property 'name' to 'findServletMapping'
2019-12-06 11:18:41.369 DEBUG 7503 --- [kground-preinit] o.apache.tomcat.util.IntrospectionUtils  : IntrospectionUtils: setProperty(class org.apache.tomcat.util.modeler.OperationInfo name=findServletMapping)
2019-12-06 11:18:41.369 DEBUG 7503 --- [kground-preinit] o.apache.tomcat.util.digester.Digester   : [SetPropertiesRule]{mbeans-descriptors/mbean/operation} Setting property 'description' to 'Return the servlet name mapped by the specified pattern..'
2019-12-06 11:18:41.369 DEBUG 7503 --- [kground-preinit] o.apache.tomcat.util.IntrospectionUtils  : IntrospectionUtils: setProperty(class org.apache.tomcat.util.modeler.OperationInfo description=Return the servlet name mapped by the specified pattern..)
2019-12-06 11:18:41.369 DEBUG 7503 --- [kground-preinit] o.apache.tomcat.util.digester.Digester   : [SetPropertiesRule]{mbeans-descriptors/mbean/operation} Setting property 'impact' to 'ACTION'
2019-12-06 11:18:41.369 DEBUG 7503 --- [kground-preinit] o.apache.tomcat.util.IntrospectionUtils  : IntrospectionUtils: setProperty(class org.apache.tomcat.util.modeler.OperationInfo impact=ACTION)
2019-12-06 11:18:41.369 DEBUG 7503 --- [kground-preinit] o.apache.tomcat.util.digester.Digester   : [SetPropertiesRule]{mbeans-descriptors/mbean/operation} Setting property 'returnType' to 'java.lang.String'
2019-12-06 11:18:41.369 DEBUG 7503 --- [kground-preinit] o.apache.tomcat.util.IntrospectionUtils  : IntrospectionUtils: setProperty(class org.apache.tomcat.util.modeler.OperationInfo returnType=java.lang.String)
2019-12-06 11:18:41.369 DEBUG 7503 --- [kground-preinit] o.apache.tomcat.util.digester.Digester   :   Fire begin() for SetNextRule[methodName=addOperation, paramType=org.apache.tomcat.util.modeler.OperationInfo]
2019-12-06 11:18:41.369 DEBUG 7503 --- [kground-preinit] o.a.tomcat.util.digester.Digester.sax    : characters(
      )
2019-12-06 11:18:41.369 DEBUG 7503 --- [kground-preinit] o.a.tomcat.util.digester.Digester.sax    : startElement(,,parameter)
2019-12-06 11:18:41.369 DEBUG 7503 --- [kground-preinit] o.apache.tomcat.util.digester.Digester   :   New match='mbeans-descriptors/mbean/operation/parameter'
2019-12-06 11:18:41.369 DEBUG 7503 --- [kground-preinit] o.apache.tomcat.util.digester.Digester   :   Fire begin() for ObjectCreateRule[className=org.apache.tomcat.util.modeler.ParameterInfo, attributeName=null]
2019-12-06 11:18:41.369 DEBUG 7503 --- [kground-preinit] o.apache.tomcat.util.digester.Digester   :   Fire begin() for SetPropertiesRule[]
2019-12-06 11:18:41.370 DEBUG 7503 --- [kground-preinit] o.apache.tomcat.util.digester.Digester   : [SetPropertiesRule]{mbeans-descriptors/mbean/operation/parameter} Set org.apache.tomcat.util.modeler.ParameterInfo properties
2019-12-06 11:18:41.370 DEBUG 7503 --- [kground-preinit] o.apache.tomcat.util.digester.Digester   : [SetPropertiesRule]{mbeans-descriptors/mbean/operation/parameter} Setting property 'name' to 'pattern'
2019-12-06 11:18:41.370 DEBUG 7503 --- [kground-preinit] o.apache.tomcat.util.IntrospectionUtils  : IntrospectionUtils: setProperty(class org.apache.tomcat.util.modeler.ParameterInfo name=pattern)
2019-12-06 11:18:41.370 DEBUG 7503 --- [kground-preinit] o.apache.tomcat.util.digester.Digester   : [SetPropertiesRule]{mbeans-descriptors/mbean/operation/parameter} Setting property 'description' to 'Pattern for which a mapping is requested'
2019-12-06 11:18:41.370 DEBUG 7503 --- [kground-preinit] o.apache.tomcat.util.IntrospectionUtils  : IntrospectionUtils: setProperty(class org.apache.tomcat.util.modeler.ParameterInfo description=Pattern for which a mapping is requested)
2019-12-06 11:18:41.370 DEBUG 7503 --- [kground-preinit] o.apache.tomcat.util.digester.Digester   : [SetPropertiesRule]{mbeans-descriptors/mbean/operation/parameter} Setting property 'type' to 'java.lang.String'
2019-12-06 11:18:41.370 DEBUG 7503 --- [kground-preinit] o.apache.tomcat.util.IntrospectionUtils  : IntrospectionUtils: setProperty(class org.apache.tomcat.util.modeler.ParameterInfo type=java.lang.String)
2019-12-06 11:18:41.370 DEBUG 7503 --- [kground-preinit] o.apache.tomcat.util.digester.Digester   :   Fire begin() for SetNextRule[methodName=addParameter, paramType=org.apache.tomcat.util.modeler.ParameterInfo]
2019-12-06 11:18:41.370 DEBUG 7503 --- [kground-preinit] o.a.tomcat.util.digester.Digester.sax    : endElement(,,parameter)
2019-12-06 11:18:41.370 DEBUG 7503 --- [kground-preinit] o.apache.tomcat.util.digester.Digester   :   match='mbeans-descriptors/mbean/operation/parameter'
2019-12-06 11:18:41.370 DEBUG 7503 --- [kground-preinit] o.apache.tomcat.util.digester.Digester   :   bodyText=''
2019-12-06 11:18:41.370 DEBUG 7503 --- [kground-preinit] o.apache.tomcat.util.digester.Digester   :   Fire body() for ObjectCreateRule[className=org.apache.tomcat.util.modeler.ParameterInfo, attributeName=null]
2019-12-06 11:18:41.370 DEBUG 7503 --- [kground-preinit] o.apache.tomcat.util.digester.Digester   :   Fire body() for SetPropertiesRule[]
2019-12-06 11:18:41.371 DEBUG 7503 --- [kground-preinit] o.apache.tomcat.util.digester.Digester   :   Fire body() for SetNextRule[methodName=addParameter, paramType=org.apache.tomcat.util.modeler.ParameterInfo]
2019-12-06 11:18:41.371 DEBUG 7503 --- [kground-preinit] o.apache.tomcat.util.digester.Digester   :   Fire end() for SetNextRule[methodName=addParameter, paramType=org.apache.tomcat.util.modeler.ParameterInfo]
2019-12-06 11:18:41.371 DEBUG 7503 --- [kground-preinit] o.apache.tomcat.util.digester.Digester   : [SetNextRule]{mbeans-descriptors/mbean/operation/parameter} Call org.apache.tomcat.util.modeler.OperationInfo.addParameter(org.apache.tomcat.util.modeler.ParameterInfo@5b5c3594)
2019-12-06 11:18:41.371 DEBUG 7503 --- [kground-preinit] o.apache.tomcat.util.IntrospectionUtils  : IntrospectionUtils: callMethod1 org.apache.tomcat.util.modeler.OperationInfo org.apache.tomcat.util.modeler.ParameterInfo org.apache.tomcat.util.modeler.ParameterInfo
2019-12-06 11:18:41.371 DEBUG 7503 --- [kground-preinit] o.apache.tomcat.util.digester.Digester   :   Fire end() for SetPropertiesRule[]
2019-12-06 11:18:41.371 DEBUG 7503 --- [kground-preinit] o.apache.tomcat.util.digester.Digester   :   Fire end() for ObjectCreateRule[className=org.apache.tomcat.util.modeler.ParameterInfo, attributeName=null]
2019-12-06 11:18:41.371 DEBUG 7503 --- [kground-preinit] o.apache.tomcat.util.digester.Digester   : [ObjectCreateRule]{mbeans-descriptors/mbean/operation/parameter} Pop org.apache.tomcat.util.modeler.ParameterInfo
2019-12-06 11:18:41.371 DEBUG 7503 --- [kground-preinit] o.a.tomcat.util.digester.Digester.sax    : characters(
    )
2019-12-06 11:18:41.371 DEBUG 7503 --- [kground-preinit] o.a.tomcat.util.digester.Digester.sax    : endElement(,,operation)
2019-12-06 11:18:41.371 DEBUG 7503 --- [kground-preinit] o.apache.tomcat.util.digester.Digester   :   match='mbeans-descriptors/mbean/operation'
2019-12-06 11:18:41.371 DEBUG 7503 --- [kground-preinit] o.apache.tomcat.util.digester.Digester   :   bodyText='
      
    '
2019-12-06 11:18:41.372 DEBUG 7503 --- [kground-preinit] o.apache.tomcat.util.digester.Digester   :   Fire body() for ObjectCreateRule[className=org.apache.tomcat.util.modeler.OperationInfo, attributeName=null]
2019-12-06 11:18:41.372 DEBUG 7503 --- [kground-preinit] o.apache.tomcat.util.digester.Digester   :   Fire body() for SetPropertiesRule[]
2019-12-06 11:18:41.372 DEBUG 7503 --- [kground-preinit] o.apache.tomcat.util.digester.Digester   :   Fire body() for SetNextRule[methodName=addOperation, paramType=org.apache.tomcat.util.modeler.OperationInfo]
2019-12-06 11:18:41.372 DEBUG 7503 --- [kground-preinit] o.apache.tomcat.util.digester.Digester   :   Fire end() for SetNextRule[methodName=addOperation, paramType=org.apache.tomcat.util.modeler.OperationInfo]
2019-12-06 11:18:41.372 DEBUG 7503 --- [kground-preinit] o.apache.tomcat.util.digester.Digester   : [SetNextRule]{mbeans-descriptors/mbean/operation} Call org.apache.tomcat.util.modeler.ManagedBean.addOperation(org.apache.tomcat.util.modeler.OperationInfo@1e65b1f1)
2019-12-06 11:18:41.372 DEBUG 7503 --- [kground-preinit] o.apache.tomcat.util.IntrospectionUtils  : IntrospectionUtils: callMethod1 org.apache.tomcat.util.modeler.ManagedBean org.apache.tomcat.util.modeler.OperationInfo org.apache.tomcat.util.modeler.OperationInfo
2019-12-06 11:18:41.372 DEBUG 7503 --- [kground-preinit] o.apache.tomcat.util.digester.Digester   :   Fire end() for SetPropertiesRule[]
2019-12-06 11:18:41.372 DEBUG 7503 --- [kground-preinit] o.apache.tomcat.util.digester.Digester   :   Fire end() for ObjectCreateRule[className=org.apache.tomcat.util.modeler.OperationInfo, attributeName=null]
2019-12-06 11:18:41.372 DEBUG 7503 --- [kground-preinit] o.apache.tomcat.util.digester.Digester   : [ObjectCreateRule]{mbeans-descriptors/mbean/operation} Pop org.apache.tomcat.util.modeler.OperationInfo
2019-12-06 11:18:41.372 DEBUG 7503 --- [kground-preinit] o.a.tomcat.util.digester.Digester.sax    : characters(

    )
2019-12-06 11:18:41.373 DEBUG 7503 --- [kground-preinit] o.a.tomcat.util.digester.Digester.sax    : startElement(,,operation)
2019-12-06 11:18:41.373 DEBUG 7503 --- [kground-preinit] o.apache.tomcat.util.digester.Digester   :   New match='mbeans-descriptors/mbean/operation'
2019-12-06 11:18:41.373 DEBUG 7503 --- [kground-preinit] o.apache.tomcat.util.digester.Digester   :   Fire begin() for ObjectCreateRule[className=org.apache.tomcat.util.modeler.OperationInfo, attributeName=null]
2019-12-06 11:18:41.373 DEBUG 7503 --- [kground-preinit] o.apache.tomcat.util.digester.Digester   :   Fire begin() for SetPropertiesRule[]
2019-12-06 11:18:41.373 DEBUG 7503 --- [kground-preinit] o.apache.tomcat.util.digester.Digester   : [SetPropertiesRule]{mbeans-descriptors/mbean/operation} Set org.apache.tomcat.util.modeler.OperationInfo properties
2019-12-06 11:18:41.373 DEBUG 7503 --- [kground-preinit] o.apache.tomcat.util.digester.Digester   : [SetPropertiesRule]{mbeans-descriptors/mbean/operation} Setting property 'name' to 'findServletMappings'
2019-12-06 11:18:41.373 DEBUG 7503 --- [kground-preinit] o.apache.tomcat.util.IntrospectionUtils  : IntrospectionUtils: setProperty(class org.apache.tomcat.util.modeler.OperationInfo name=findServletMappings)
2019-12-06 11:18:41.373 DEBUG 7503 --- [kground-preinit] o.apache.tomcat.util.digester.Digester   : [SetPropertiesRule]{mbeans-descriptors/mbean/operation} Setting property 'description' to 'Return the patterns of all defined servlet mappings for this Context.'
2019-12-06 11:18:41.373 DEBUG 7503 --- [kground-preinit] o.apache.tomcat.util.IntrospectionUtils  : IntrospectionUtils: setProperty(class org.apache.tomcat.util.modeler.OperationInfo description=Return the patterns of all defined servlet mappings for this Context.)
2019-12-06 11:18:41.373 DEBUG 7503 --- [kground-preinit] o.apache.tomcat.util.digester.Digester   : [SetPropertiesRule]{mbeans-descriptors/mbean/operation} Setting property 'impact' to 'ACTION'
2019-12-06 11:18:41.373 DEBUG 7503 --- [kground-preinit] o.apache.tomcat.util.IntrospectionUtils  : IntrospectionUtils: setProperty(class org.apache.tomcat.util.modeler.OperationInfo impact=ACTION)
2019-12-06 11:18:41.373 DEBUG 7503 --- [kground-preinit] o.apache.tomcat.util.digester.Digester   : [SetPropertiesRule]{mbeans-descriptors/mbean/operation} Setting property 'returnType' to '[Ljava.lang.String;'
2019-12-06 11:18:41.373 DEBUG 7503 --- [kground-preinit] o.apache.tomcat.util.IntrospectionUtils  : IntrospectionUtils: setProperty(class org.apache.tomcat.util.modeler.OperationInfo returnType=[Ljava.lang.String;)
2019-12-06 11:18:41.374 DEBUG 7503 --- [kground-preinit] o.apache.tomcat.util.digester.Digester   :   Fire begin() for SetNextRule[methodName=addOperation, paramType=org.apache.tomcat.util.modeler.OperationInfo]
2019-12-06 11:18:41.374 DEBUG 7503 --- [kground-preinit] o.a.tomcat.util.digester.Digester.sax    : characters(
    )
2019-12-06 11:18:41.374 DEBUG 7503 --- [kground-preinit] o.a.tomcat.util.digester.Digester.sax    : endElement(,,operation)
2019-12-06 11:18:41.374 DEBUG 7503 --- [kground-preinit] o.apache.tomcat.util.digester.Digester   :   match='mbeans-descriptors/mbean/operation'
2019-12-06 11:18:41.374 DEBUG 7503 --- [kground-preinit] o.apache.tomcat.util.digester.Digester   :   bodyText='
    '
2019-12-06 11:18:41.374 DEBUG 7503 --- [kground-preinit] o.apache.tomcat.util.digester.Digester   :   Fire body() for ObjectCreateRule[className=org.apache.tomcat.util.modeler.OperationInfo, attributeName=null]
2019-12-06 11:18:41.374 DEBUG 7503 --- [kground-preinit] o.apache.tomcat.util.digester.Digester   :   Fire body() for SetPropertiesRule[]
2019-12-06 11:18:41.374 DEBUG 7503 --- [kground-preinit] o.apache.tomcat.util.digester.Digester   :   Fire body() for SetNextRule[methodName=addOperation, paramType=org.apache.tomcat.util.modeler.OperationInfo]
2019-12-06 11:18:41.374 DEBUG 7503 --- [kground-preinit] o.apache.tomcat.util.digester.Digester   :   Fire end() for SetNextRule[methodName=addOperation, paramType=org.apache.tomcat.util.modeler.OperationInfo]
2019-12-06 11:18:41.374 DEBUG 7503 --- [kground-preinit] o.apache.tomcat.util.digester.Digester   : [SetNextRule]{mbeans-descriptors/mbean/operation} Call org.apache.tomcat.util.modeler.ManagedBean.addOperation(org.apache.tomcat.util.modeler.OperationInfo@3e3dd5b)
2019-12-06 11:18:41.375 DEBUG 7503 --- [kground-preinit] o.apache.tomcat.util.IntrospectionUtils  : IntrospectionUtils: callMethod1 org.apache.tomcat.util.modeler.ManagedBean org.apache.tomcat.util.modeler.OperationInfo org.apache.tomcat.util.modeler.OperationInfo
2019-12-06 11:18:41.375 DEBUG 7503 --- [kground-preinit] o.apache.tomcat.util.digester.Digester   :   Fire end() for SetPropertiesRule[]
2019-12-06 11:18:41.375 DEBUG 7503 --- [kground-preinit] o.apache.tomcat.util.digester.Digester   :   Fire end() for ObjectCreateRule[className=org.apache.tomcat.util.modeler.OperationInfo, attributeName=null]
2019-12-06 11:18:41.375 DEBUG 7503 --- [kground-preinit] o.apache.tomcat.util.digester.Digester   : [ObjectCreateRule]{mbeans-descriptors/mbean/operation} Pop org.apache.tomcat.util.modeler.OperationInfo
2019-12-06 11:18:41.375 DEBUG 7503 --- [kground-preinit] o.a.tomcat.util.digester.Digester.sax    : characters(

    )
2019-12-06 11:18:41.375 DEBUG 7503 --- [kground-preinit] o.a.tomcat.util.digester.Digester.sax    : startElement(,,operation)
2019-12-06 11:18:41.375 DEBUG 7503 --- [kground-preinit] o.apache.tomcat.util.digester.Digester   :   New match='mbeans-descriptors/mbean/operation'
2019-12-06 11:18:41.375 DEBUG 7503 --- [kground-preinit] o.apache.tomcat.util.digester.Digester   :   Fire begin() for ObjectCreateRule[className=org.apache.tomcat.util.modeler.OperationInfo, attributeName=null]
2019-12-06 11:18:41.375 DEBUG 7503 --- [kground-preinit] o.apache.tomcat.util.digester.Digester   :   Fire begin() for SetPropertiesRule[]
2019-12-06 11:18:41.375 DEBUG 7503 --- [kground-preinit] o.apache.tomcat.util.digester.Digester   : [SetPropertiesRule]{mbeans-descriptors/mbean/operation} Set org.apache.tomcat.util.modeler.OperationInfo properties
2019-12-06 11:18:41.375 DEBUG 7503 --- [kground-preinit] o.apache.tomcat.util.digester.Digester   : [SetPropertiesRule]{mbeans-descriptors/mbean/operation} Setting property 'name' to 'findStatusPage'
2019-12-06 11:18:41.375 DEBUG 7503 --- [kground-preinit] o.apache.tomcat.util.IntrospectionUtils  : IntrospectionUtils: setProperty(class org.apache.tomcat.util.modeler.OperationInfo name=findStatusPage)
2019-12-06 11:18:41.376 DEBUG 7503 --- [kground-preinit] o.apache.tomcat.util.digester.Digester   : [SetPropertiesRule]{mbeans-descriptors/mbean/operation} Setting property 'description' to 'Return the context-relative URI of the error page for the specified HTTP status code.'
2019-12-06 11:18:41.376 DEBUG 7503 --- [kground-preinit] o.apache.tomcat.util.IntrospectionUtils  : IntrospectionUtils: setProperty(class org.apache.tomcat.util.modeler.OperationInfo description=Return the context-relative URI of the error page for the specified HTTP status code.)
2019-12-06 11:18:41.376 DEBUG 7503 --- [kground-preinit] o.apache.tomcat.util.digester.Digester   : [SetPropertiesRule]{mbeans-descriptors/mbean/operation} Setting property 'impact' to 'ACTION'
2019-12-06 11:18:41.376 DEBUG 7503 --- [kground-preinit] o.apache.tomcat.util.IntrospectionUtils  : IntrospectionUtils: setProperty(class org.apache.tomcat.util.modeler.OperationInfo impact=ACTION)
2019-12-06 11:18:41.376 DEBUG 7503 --- [kground-preinit] o.apache.tomcat.util.digester.Digester   : [SetPropertiesRule]{mbeans-descriptors/mbean/operation} Setting property 'returnType' to 'java.lang.String'
2019-12-06 11:18:41.376 DEBUG 7503 --- [kground-preinit] o.apache.tomcat.util.IntrospectionUtils  : IntrospectionUtils: setProperty(class org.apache.tomcat.util.modeler.OperationInfo returnType=java.lang.String)
2019-12-06 11:18:41.376 DEBUG 7503 --- [kground-preinit] o.apache.tomcat.util.digester.Digester   :   Fire begin() for SetNextRule[methodName=addOperation, paramType=org.apache.tomcat.util.modeler.OperationInfo]
2019-12-06 11:18:41.376 DEBUG 7503 --- [kground-preinit] o.a.tomcat.util.digester.Digester.sax    : characters(
      )
2019-12-06 11:18:41.376 DEBUG 7503 --- [kground-preinit] o.a.tomcat.util.digester.Digester.sax    : startElement(,,parameter)
2019-12-06 11:18:41.376 DEBUG 7503 --- [kground-preinit] o.apache.tomcat.util.digester.Digester   :   New match='mbeans-descriptors/mbean/operation/parameter'
2019-12-06 11:18:41.376 DEBUG 7503 --- [kground-preinit] o.apache.tomcat.util.digester.Digester   :   Fire begin() for ObjectCreateRule[className=org.apache.tomcat.util.modeler.ParameterInfo, attributeName=null]
2019-12-06 11:18:41.376 DEBUG 7503 --- [kground-preinit] o.apache.tomcat.util.digester.Digester   :   Fire begin() for SetPropertiesRule[]
2019-12-06 11:18:41.377 DEBUG 7503 --- [kground-preinit] o.apache.tomcat.util.digester.Digester   : [SetPropertiesRule]{mbeans-descriptors/mbean/operation/parameter} Set org.apache.tomcat.util.modeler.ParameterInfo properties
2019-12-06 11:18:41.377 DEBUG 7503 --- [kground-preinit] o.apache.tomcat.util.digester.Digester   : [SetPropertiesRule]{mbeans-descriptors/mbean/operation/parameter} Setting property 'name' to 'status'
2019-12-06 11:18:41.377 DEBUG 7503 --- [kground-preinit] o.apache.tomcat.util.IntrospectionUtils  : IntrospectionUtils: setProperty(class org.apache.tomcat.util.modeler.ParameterInfo name=status)
2019-12-06 11:18:41.377 DEBUG 7503 --- [kground-preinit] o.apache.tomcat.util.digester.Digester   : [SetPropertiesRule]{mbeans-descriptors/mbean/operation/parameter} Setting property 'description' to 'HTTP status code to look up'
2019-12-06 11:18:41.377 DEBUG 7503 --- [kground-preinit] o.apache.tomcat.util.IntrospectionUtils  : IntrospectionUtils: setProperty(class org.apache.tomcat.util.modeler.ParameterInfo description=HTTP status code to look up)
2019-12-06 11:18:41.377 DEBUG 7503 --- [kground-preinit] o.apache.tomcat.util.digester.Digester   : [SetPropertiesRule]{mbeans-descriptors/mbean/operation/parameter} Setting property 'type' to 'int'
2019-12-06 11:18:41.377 DEBUG 7503 --- [kground-preinit] o.apache.tomcat.util.IntrospectionUtils  : IntrospectionUtils: setProperty(class org.apache.tomcat.util.modeler.ParameterInfo type=int)
2019-12-06 11:18:41.377 DEBUG 7503 --- [kground-preinit] o.apache.tomcat.util.digester.Digester   :   Fire begin() for SetNextRule[methodName=addParameter, paramType=org.apache.tomcat.util.modeler.ParameterInfo]
2019-12-06 11:18:41.377 DEBUG 7503 --- [kground-preinit] o.a.tomcat.util.digester.Digester.sax    : endElement(,,parameter)
2019-12-06 11:18:41.377 DEBUG 7503 --- [kground-preinit] o.apache.tomcat.util.digester.Digester   :   match='mbeans-descriptors/mbean/operation/parameter'
2019-12-06 11:18:41.377 DEBUG 7503 --- [kground-preinit] o.apache.tomcat.util.digester.Digester   :   bodyText=''
2019-12-06 11:18:41.378 DEBUG 7503 --- [kground-preinit] o.apache.tomcat.util.digester.Digester   :   Fire body() for ObjectCreateRule[className=org.apache.tomcat.util.modeler.ParameterInfo, attributeName=null]
2019-12-06 11:18:41.378 DEBUG 7503 --- [kground-preinit] o.apache.tomcat.util.digester.Digester   :   Fire body() for SetPropertiesRule[]
2019-12-06 11:18:41.378 DEBUG 7503 --- [kground-preinit] o.apache.tomcat.util.digester.Digester   :   Fire body() for SetNextRule[methodName=addParameter, paramType=org.apache.tomcat.util.modeler.ParameterInfo]
2019-12-06 11:18:41.378 DEBUG 7503 --- [kground-preinit] o.apache.tomcat.util.digester.Digester   :   Fire end() for SetNextRule[methodName=addParameter, paramType=org.apache.tomcat.util.modeler.ParameterInfo]
2019-12-06 11:18:41.378 DEBUG 7503 --- [kground-preinit] o.apache.tomcat.util.digester.Digester   : [SetNextRule]{mbeans-descriptors/mbean/operation/parameter} Call org.apache.tomcat.util.modeler.OperationInfo.addParameter(org.apache.tomcat.util.modeler.ParameterInfo@6e217826)
2019-12-06 11:18:41.378 DEBUG 7503 --- [kground-preinit] o.apache.tomcat.util.IntrospectionUtils  : IntrospectionUtils: callMethod1 org.apache.tomcat.util.modeler.OperationInfo org.apache.tomcat.util.modeler.ParameterInfo org.apache.tomcat.util.modeler.ParameterInfo
2019-12-06 11:18:41.378 DEBUG 7503 --- [kground-preinit] o.apache.tomcat.util.digester.Digester   :   Fire end() for SetPropertiesRule[]
2019-12-06 11:18:41.378 DEBUG 7503 --- [kground-preinit] o.apache.tomcat.util.digester.Digester   :   Fire end() for ObjectCreateRule[className=org.apache.tomcat.util.modeler.ParameterInfo, attributeName=null]
2019-12-06 11:18:41.378 DEBUG 7503 --- [kground-preinit] o.apache.tomcat.util.digester.Digester   : [ObjectCreateRule]{mbeans-descriptors/mbean/operation/parameter} Pop org.apache.tomcat.util.modeler.ParameterInfo
2019-12-06 11:18:41.378 DEBUG 7503 --- [kground-preinit] o.a.tomcat.util.digester.Digester.sax    : characters(
    )
2019-12-06 11:18:41.379 DEBUG 7503 --- [kground-preinit] o.a.tomcat.util.digester.Digester.sax    : endElement(,,operation)
2019-12-06 11:18:41.379 DEBUG 7503 --- [kground-preinit] o.apache.tomcat.util.digester.Digester   :   match='mbeans-descriptors/mbean/operation'
2019-12-06 11:18:41.379 DEBUG 7503 --- [kground-preinit] o.apache.tomcat.util.digester.Digester   :   bodyText='
      
    '
2019-12-06 11:18:41.379 DEBUG 7503 --- [kground-preinit] o.apache.tomcat.util.digester.Digester   :   Fire body() for ObjectCreateRule[className=org.apache.tomcat.util.modeler.OperationInfo, attributeName=null]
2019-12-06 11:18:41.379 DEBUG 7503 --- [kground-preinit] o.apache.tomcat.util.digester.Digester   :   Fire body() for SetPropertiesRule[]
2019-12-06 11:18:41.379 DEBUG 7503 --- [kground-preinit] o.apache.tomcat.util.digester.Digester   :   Fire body() for SetNextRule[methodName=addOperation, paramType=org.apache.tomcat.util.modeler.OperationInfo]
2019-12-06 11:18:41.379 DEBUG 7503 --- [kground-preinit] o.apache.tomcat.util.digester.Digester   :   Fire end() for SetNextRule[methodName=addOperation, paramType=org.apache.tomcat.util.modeler.OperationInfo]
2019-12-06 11:18:41.379 DEBUG 7503 --- [kground-preinit] o.apache.tomcat.util.digester.Digester   : [SetNextRule]{mbeans-descriptors/mbean/operation} Call org.apache.tomcat.util.modeler.ManagedBean.addOperation(org.apache.tomcat.util.modeler.OperationInfo@546b10e3)
2019-12-06 11:18:41.379 DEBUG 7503 --- [kground-preinit] o.apache.tomcat.util.IntrospectionUtils  : IntrospectionUtils: callMethod1 org.apache.tomcat.util.modeler.ManagedBean org.apache.tomcat.util.modeler.OperationInfo org.apache.tomcat.util.modeler.OperationInfo
2019-12-06 11:18:41.379 DEBUG 7503 --- [kground-preinit] o.apache.tomcat.util.digester.Digester   :   Fire end() for SetPropertiesRule[]
2019-12-06 11:18:41.379 DEBUG 7503 --- [kground-preinit] o.apache.tomcat.util.digester.Digester   :   Fire end() for ObjectCreateRule[className=org.apache.tomcat.util.modeler.OperationInfo, attributeName=null]
2019-12-06 11:18:41.380 DEBUG 7503 --- [kground-preinit] o.apache.tomcat.util.digester.Digester   : [ObjectCreateRule]{mbeans-descriptors/mbean/operation} Pop org.apache.tomcat.util.modeler.OperationInfo
2019-12-06 11:18:41.380 DEBUG 7503 --- [kground-preinit] o.a.tomcat.util.digester.Digester.sax    : characters(

    )
2019-12-06 11:18:41.380 DEBUG 7503 --- [kground-preinit] o.a.tomcat.util.digester.Digester.sax    : startElement(,,operation)
2019-12-06 11:18:41.380 DEBUG 7503 --- [kground-preinit] o.apache.tomcat.util.digester.Digester   :   New match='mbeans-descriptors/mbean/operation'
2019-12-06 11:18:41.380 DEBUG 7503 --- [kground-preinit] o.apache.tomcat.util.digester.Digester   :   Fire begin() for ObjectCreateRule[className=org.apache.tomcat.util.modeler.OperationInfo, attributeName=null]
2019-12-06 11:18:41.380 DEBUG 7503 --- [kground-preinit] o.apache.tomcat.util.digester.Digester   :   Fire begin() for SetPropertiesRule[]
2019-12-06 11:18:41.380 DEBUG 7503 --- [kground-preinit] o.apache.tomcat.util.digester.Digester   : [SetPropertiesRule]{mbeans-descriptors/mbean/operation} Set org.apache.tomcat.util.modeler.OperationInfo properties
2019-12-06 11:18:41.380 DEBUG 7503 --- [kground-preinit] o.apache.tomcat.util.digester.Digester   : [SetPropertiesRule]{mbeans-descriptors/mbean/operation} Setting property 'name' to 'findStatusPages'
2019-12-06 11:18:41.380 DEBUG 7503 --- [kground-preinit] o.apache.tomcat.util.IntrospectionUtils  : IntrospectionUtils: setProperty(class org.apache.tomcat.util.modeler.OperationInfo name=findStatusPages)
2019-12-06 11:18:41.380 DEBUG 7503 --- [kground-preinit] o.apache.tomcat.util.digester.Digester   : [SetPropertiesRule]{mbeans-descriptors/mbean/operation} Setting property 'description' to 'Return the set of HTTP status codes for which error pages have been specified.'
2019-12-06 11:18:41.380 DEBUG 7503 --- [kground-preinit] o.apache.tomcat.util.IntrospectionUtils  : IntrospectionUtils: setProperty(class org.apache.tomcat.util.modeler.OperationInfo description=Return the set of HTTP status codes for which error pages have been specified.)
2019-12-06 11:18:41.380 DEBUG 7503 --- [kground-preinit] o.apache.tomcat.util.digester.Digester   : [SetPropertiesRule]{mbeans-descriptors/mbean/operation} Setting property 'impact' to 'ACTION'
2019-12-06 11:18:41.381 DEBUG 7503 --- [kground-preinit] o.apache.tomcat.util.IntrospectionUtils  : IntrospectionUtils: setProperty(class org.apache.tomcat.util.modeler.OperationInfo impact=ACTION)
2019-12-06 11:18:41.381 DEBUG 7503 --- [kground-preinit] o.apache.tomcat.util.digester.Digester   : [SetPropertiesRule]{mbeans-descriptors/mbean/operation} Setting property 'returnType' to '[Lint'
2019-12-06 11:18:41.381 DEBUG 7503 --- [kground-preinit] o.apache.tomcat.util.IntrospectionUtils  : IntrospectionUtils: setProperty(class org.apache.tomcat.util.modeler.OperationInfo returnType=[Lint)
2019-12-06 11:18:41.381 DEBUG 7503 --- [kground-preinit] o.apache.tomcat.util.digester.Digester   :   Fire begin() for SetNextRule[methodName=addOperation, paramType=org.apache.tomcat.util.modeler.OperationInfo]
2019-12-06 11:18:41.381 DEBUG 7503 --- [kground-preinit] o.a.tomcat.util.digester.Digester.sax    : characters(
    )
2019-12-06 11:18:41.381 DEBUG 7503 --- [kground-preinit] o.a.tomcat.util.digester.Digester.sax    : endElement(,,operation)
2019-12-06 11:18:41.381 DEBUG 7503 --- [kground-preinit] o.apache.tomcat.util.digester.Digester   :   match='mbeans-descriptors/mbean/operation'
2019-12-06 11:18:41.381 DEBUG 7503 --- [kground-preinit] o.apache.tomcat.util.digester.Digester   :   bodyText='
    '
2019-12-06 11:18:41.381 DEBUG 7503 --- [kground-preinit] o.apache.tomcat.util.digester.Digester   :   Fire body() for ObjectCreateRule[className=org.apache.tomcat.util.modeler.OperationInfo, attributeName=null]
2019-12-06 11:18:41.381 DEBUG 7503 --- [kground-preinit] o.apache.tomcat.util.digester.Digester   :   Fire body() for SetPropertiesRule[]
2019-12-06 11:18:41.381 DEBUG 7503 --- [kground-preinit] o.apache.tomcat.util.digester.Digester   :   Fire body() for SetNextRule[methodName=addOperation, paramType=org.apache.tomcat.util.modeler.OperationInfo]
2019-12-06 11:18:41.381 DEBUG 7503 --- [kground-preinit] o.apache.tomcat.util.digester.Digester   :   Fire end() for SetNextRule[methodName=addOperation, paramType=org.apache.tomcat.util.modeler.OperationInfo]
2019-12-06 11:18:41.381 DEBUG 7503 --- [kground-preinit] o.apache.tomcat.util.digester.Digester   : [SetNextRule]{mbeans-descriptors/mbean/operation} Call org.apache.tomcat.util.modeler.ManagedBean.addOperation(org.apache.tomcat.util.modeler.OperationInfo@67b2d9a6)
2019-12-06 11:18:41.382 DEBUG 7503 --- [kground-preinit] o.apache.tomcat.util.IntrospectionUtils  : IntrospectionUtils: callMethod1 org.apache.tomcat.util.modeler.ManagedBean org.apache.tomcat.util.modeler.OperationInfo org.apache.tomcat.util.modeler.OperationInfo
2019-12-06 11:18:41.382 DEBUG 7503 --- [kground-preinit] o.apache.tomcat.util.digester.Digester   :   Fire end() for SetPropertiesRule[]
2019-12-06 11:18:41.382 DEBUG 7503 --- [kground-preinit] o.apache.tomcat.util.digester.Digester   :   Fire end() for ObjectCreateRule[className=org.apache.tomcat.util.modeler.OperationInfo, attributeName=null]
2019-12-06 11:18:41.382 DEBUG 7503 --- [kground-preinit] o.apache.tomcat.util.digester.Digester   : [ObjectCreateRule]{mbeans-descriptors/mbean/operation} Pop org.apache.tomcat.util.modeler.OperationInfo
2019-12-06 11:18:41.382 DEBUG 7503 --- [kground-preinit] o.a.tomcat.util.digester.Digester.sax    : characters(

    )
2019-12-06 11:18:41.382 DEBUG 7503 --- [kground-preinit] o.a.tomcat.util.digester.Digester.sax    : startElement(,,operation)
2019-12-06 11:18:41.382 DEBUG 7503 --- [kground-preinit] o.apache.tomcat.util.digester.Digester   :   New match='mbeans-descriptors/mbean/operation'
2019-12-06 11:18:41.382 DEBUG 7503 --- [kground-preinit] o.apache.tomcat.util.digester.Digester   :   Fire begin() for ObjectCreateRule[className=org.apache.tomcat.util.modeler.OperationInfo, attributeName=null]
2019-12-06 11:18:41.382 DEBUG 7503 --- [kground-preinit] o.apache.tomcat.util.digester.Digester   :   Fire begin() for SetPropertiesRule[]
2019-12-06 11:18:41.382 DEBUG 7503 --- [kground-preinit] o.apache.tomcat.util.digester.Digester   : [SetPropertiesRule]{mbeans-descriptors/mbean/operation} Set org.apache.tomcat.util.modeler.OperationInfo properties
2019-12-06 11:18:41.382 DEBUG 7503 --- [kground-preinit] o.apache.tomcat.util.digester.Digester   : [SetPropertiesRule]{mbeans-descriptors/mbean/operation} Setting property 'name' to 'findWatchedResources'
2019-12-06 11:18:41.383 DEBUG 7503 --- [kground-preinit] o.apache.tomcat.util.IntrospectionUtils  : IntrospectionUtils: setProperty(class org.apache.tomcat.util.modeler.OperationInfo name=findWatchedResources)
2019-12-06 11:18:41.383 DEBUG 7503 --- [kground-preinit] o.apache.tomcat.util.digester.Digester   : [SetPropertiesRule]{mbeans-descriptors/mbean/operation} Setting property 'description' to 'Return the set of watched resources for this Context.'
2019-12-06 11:18:41.383 DEBUG 7503 --- [kground-preinit] o.apache.tomcat.util.IntrospectionUtils  : IntrospectionUtils: setProperty(class org.apache.tomcat.util.modeler.OperationInfo description=Return the set of watched resources for this Context.)
2019-12-06 11:18:41.383 DEBUG 7503 --- [kground-preinit] o.apache.tomcat.util.digester.Digester   : [SetPropertiesRule]{mbeans-descriptors/mbean/operation} Setting property 'impact' to 'ACTION'
2019-12-06 11:18:41.383 DEBUG 7503 --- [kground-preinit] o.apache.tomcat.util.IntrospectionUtils  : IntrospectionUtils: setProperty(class org.apache.tomcat.util.modeler.OperationInfo impact=ACTION)
2019-12-06 11:18:41.383 DEBUG 7503 --- [kground-preinit] o.apache.tomcat.util.digester.Digester   : [SetPropertiesRule]{mbeans-descriptors/mbean/operation} Setting property 'returnType' to '[Ljava.lang.String;'
2019-12-06 11:18:41.383 DEBUG 7503 --- [kground-preinit] o.apache.tomcat.util.IntrospectionUtils  : IntrospectionUtils: setProperty(class org.apache.tomcat.util.modeler.OperationInfo returnType=[Ljava.lang.String;)
2019-12-06 11:18:41.383 DEBUG 7503 --- [kground-preinit] o.apache.tomcat.util.digester.Digester   :   Fire begin() for SetNextRule[methodName=addOperation, paramType=org.apache.tomcat.util.modeler.OperationInfo]
2019-12-06 11:18:41.383 DEBUG 7503 --- [kground-preinit] o.a.tomcat.util.digester.Digester.sax    : characters(
    )
2019-12-06 11:18:41.383 DEBUG 7503 --- [kground-preinit] o.a.tomcat.util.digester.Digester.sax    : endElement(,,operation)
2019-12-06 11:18:41.383 DEBUG 7503 --- [kground-preinit] o.apache.tomcat.util.digester.Digester   :   match='mbeans-descriptors/mbean/operation'
2019-12-06 11:18:41.384 DEBUG 7503 --- [kground-preinit] o.apache.tomcat.util.digester.Digester   :   bodyText='
    '
2019-12-06 11:18:41.384 DEBUG 7503 --- [kground-preinit] o.apache.tomcat.util.digester.Digester   :   Fire body() for ObjectCreateRule[className=org.apache.tomcat.util.modeler.OperationInfo, attributeName=null]
2019-12-06 11:18:41.384 DEBUG 7503 --- [kground-preinit] o.apache.tomcat.util.digester.Digester   :   Fire body() for SetPropertiesRule[]
2019-12-06 11:18:41.384 DEBUG 7503 --- [kground-preinit] o.apache.tomcat.util.digester.Digester   :   Fire body() for SetNextRule[methodName=addOperation, paramType=org.apache.tomcat.util.modeler.OperationInfo]
2019-12-06 11:18:41.384 DEBUG 7503 --- [kground-preinit] o.apache.tomcat.util.digester.Digester   :   Fire end() for SetNextRule[methodName=addOperation, paramType=org.apache.tomcat.util.modeler.OperationInfo]
2019-12-06 11:18:41.384 DEBUG 7503 --- [kground-preinit] o.apache.tomcat.util.digester.Digester   : [SetNextRule]{mbeans-descriptors/mbean/operation} Call org.apache.tomcat.util.modeler.ManagedBean.addOperation(org.apache.tomcat.util.modeler.OperationInfo@7a26c90e)
2019-12-06 11:18:41.384 DEBUG 7503 --- [kground-preinit] o.apache.tomcat.util.IntrospectionUtils  : IntrospectionUtils: callMethod1 org.apache.tomcat.util.modeler.ManagedBean org.apache.tomcat.util.modeler.OperationInfo org.apache.tomcat.util.modeler.OperationInfo
2019-12-06 11:18:41.384 DEBUG 7503 --- [kground-preinit] o.apache.tomcat.util.digester.Digester   :   Fire end() for SetPropertiesRule[]
2019-12-06 11:18:41.384 DEBUG 7503 --- [kground-preinit] o.apache.tomcat.util.digester.Digester   :   Fire end() for ObjectCreateRule[className=org.apache.tomcat.util.modeler.OperationInfo, attributeName=null]
2019-12-06 11:18:41.384 DEBUG 7503 --- [kground-preinit] o.apache.tomcat.util.digester.Digester   : [ObjectCreateRule]{mbeans-descriptors/mbean/operation} Pop org.apache.tomcat.util.modeler.OperationInfo
2019-12-06 11:18:41.384 DEBUG 7503 --- [kground-preinit] o.a.tomcat.util.digester.Digester.sax    : characters(

    )
2019-12-06 11:18:41.385 DEBUG 7503 --- [kground-preinit] o.a.tomcat.util.digester.Digester.sax    : startElement(,,operation)
2019-12-06 11:18:41.385 DEBUG 7503 --- [kground-preinit] o.apache.tomcat.util.digester.Digester   :   New match='mbeans-descriptors/mbean/operation'
2019-12-06 11:18:41.385 DEBUG 7503 --- [kground-preinit] o.apache.tomcat.util.digester.Digester   :   Fire begin() for ObjectCreateRule[className=org.apache.tomcat.util.modeler.OperationInfo, attributeName=null]
2019-12-06 11:18:41.385 DEBUG 7503 --- [kground-preinit] o.apache.tomcat.util.digester.Digester   :   Fire begin() for SetPropertiesRule[]
2019-12-06 11:18:41.385 DEBUG 7503 --- [kground-preinit] o.apache.tomcat.util.digester.Digester   : [SetPropertiesRule]{mbeans-descriptors/mbean/operation} Set org.apache.tomcat.util.modeler.OperationInfo properties
2019-12-06 11:18:41.385 DEBUG 7503 --- [kground-preinit] o.apache.tomcat.util.digester.Digester   : [SetPropertiesRule]{mbeans-descriptors/mbean/operation} Setting property 'name' to 'findWelcomeFile'
2019-12-06 11:18:41.385 DEBUG 7503 --- [kground-preinit] o.apache.tomcat.util.IntrospectionUtils  : IntrospectionUtils: setProperty(class org.apache.tomcat.util.modeler.OperationInfo name=findWelcomeFile)
2019-12-06 11:18:41.385 DEBUG 7503 --- [kground-preinit] o.apache.tomcat.util.digester.Digester   : [SetPropertiesRule]{mbeans-descriptors/mbean/operation} Setting property 'description' to 'Return 'true' if the specified welcome file is defined for this Context; otherwise return 'false'.'
2019-12-06 11:18:41.385 DEBUG 7503 --- [kground-preinit] o.apache.tomcat.util.IntrospectionUtils  : IntrospectionUtils: setProperty(class org.apache.tomcat.util.modeler.OperationInfo description=Return 'true' if the specified welcome file is defined for this Context; otherwise return 'false'.)
2019-12-06 11:18:41.385 DEBUG 7503 --- [kground-preinit] o.apache.tomcat.util.digester.Digester   : [SetPropertiesRule]{mbeans-descriptors/mbean/operation} Setting property 'impact' to 'ACTION'
2019-12-06 11:18:41.385 DEBUG 7503 --- [kground-preinit] o.apache.tomcat.util.IntrospectionUtils  : IntrospectionUtils: setProperty(class org.apache.tomcat.util.modeler.OperationInfo impact=ACTION)
2019-12-06 11:18:41.386 DEBUG 7503 --- [kground-preinit] o.apache.tomcat.util.digester.Digester   : [SetPropertiesRule]{mbeans-descriptors/mbean/operation} Setting property 'returnType' to 'boolean'
2019-12-06 11:18:41.386 DEBUG 7503 --- [kground-preinit] o.apache.tomcat.util.IntrospectionUtils  : IntrospectionUtils: setProperty(class org.apache.tomcat.util.modeler.OperationInfo returnType=boolean)
2019-12-06 11:18:41.386 DEBUG 7503 --- [kground-preinit] o.apache.tomcat.util.digester.Digester   :   Fire begin() for SetNextRule[methodName=addOperation, paramType=org.apache.tomcat.util.modeler.OperationInfo]
2019-12-06 11:18:41.386 DEBUG 7503 --- [kground-preinit] o.a.tomcat.util.digester.Digester.sax    : characters(
      )
2019-12-06 11:18:41.386 DEBUG 7503 --- [kground-preinit] o.a.tomcat.util.digester.Digester.sax    : startElement(,,parameter)
2019-12-06 11:18:41.386 DEBUG 7503 --- [kground-preinit] o.apache.tomcat.util.digester.Digester   :   New match='mbeans-descriptors/mbean/operation/parameter'
2019-12-06 11:18:41.386 DEBUG 7503 --- [kground-preinit] o.apache.tomcat.util.digester.Digester   :   Fire begin() for ObjectCreateRule[className=org.apache.tomcat.util.modeler.ParameterInfo, attributeName=null]
2019-12-06 11:18:41.386 DEBUG 7503 --- [kground-preinit] o.apache.tomcat.util.digester.Digester   :   Fire begin() for SetPropertiesRule[]
2019-12-06 11:18:41.386 DEBUG 7503 --- [kground-preinit] o.apache.tomcat.util.digester.Digester   : [SetPropertiesRule]{mbeans-descriptors/mbean/operation/parameter} Set org.apache.tomcat.util.modeler.ParameterInfo properties
2019-12-06 11:18:41.386 DEBUG 7503 --- [kground-preinit] o.apache.tomcat.util.digester.Digester   : [SetPropertiesRule]{mbeans-descriptors/mbean/operation/parameter} Setting property 'name' to 'name'
2019-12-06 11:18:41.386 DEBUG 7503 --- [kground-preinit] o.apache.tomcat.util.IntrospectionUtils  : IntrospectionUtils: setProperty(class org.apache.tomcat.util.modeler.ParameterInfo name=name)
2019-12-06 11:18:41.386 DEBUG 7503 --- [kground-preinit] o.apache.tomcat.util.digester.Digester   : [SetPropertiesRule]{mbeans-descriptors/mbean/operation/parameter} Setting property 'description' to 'Welcome file to verify'
2019-12-06 11:18:41.386 DEBUG 7503 --- [kground-preinit] o.apache.tomcat.util.IntrospectionUtils  : IntrospectionUtils: setProperty(class org.apache.tomcat.util.modeler.ParameterInfo description=Welcome file to verify)
2019-12-06 11:18:41.387 DEBUG 7503 --- [kground-preinit] o.apache.tomcat.util.digester.Digester   : [SetPropertiesRule]{mbeans-descriptors/mbean/operation/parameter} Setting property 'type' to 'java.lang.String'
2019-12-06 11:18:41.387 DEBUG 7503 --- [kground-preinit] o.apache.tomcat.util.IntrospectionUtils  : IntrospectionUtils: setProperty(class org.apache.tomcat.util.modeler.ParameterInfo type=java.lang.String)
2019-12-06 11:18:41.387 DEBUG 7503 --- [kground-preinit] o.apache.tomcat.util.digester.Digester   :   Fire begin() for SetNextRule[methodName=addParameter, paramType=org.apache.tomcat.util.modeler.ParameterInfo]
2019-12-06 11:18:41.387 DEBUG 7503 --- [kground-preinit] o.a.tomcat.util.digester.Digester.sax    : endElement(,,parameter)
2019-12-06 11:18:41.387 DEBUG 7503 --- [kground-preinit] o.apache.tomcat.util.digester.Digester   :   match='mbeans-descriptors/mbean/operation/parameter'
2019-12-06 11:18:41.387 DEBUG 7503 --- [kground-preinit] o.apache.tomcat.util.digester.Digester   :   bodyText=''
2019-12-06 11:18:41.387 DEBUG 7503 --- [kground-preinit] o.apache.tomcat.util.digester.Digester   :   Fire body() for ObjectCreateRule[className=org.apache.tomcat.util.modeler.ParameterInfo, attributeName=null]
2019-12-06 11:18:41.387 DEBUG 7503 --- [kground-preinit] o.apache.tomcat.util.digester.Digester   :   Fire body() for SetPropertiesRule[]
2019-12-06 11:18:41.387 DEBUG 7503 --- [kground-preinit] o.apache.tomcat.util.digester.Digester   :   Fire body() for SetNextRule[methodName=addParameter, paramType=org.apache.tomcat.util.modeler.ParameterInfo]
2019-12-06 11:18:41.387 DEBUG 7503 --- [kground-preinit] o.apache.tomcat.util.digester.Digester   :   Fire end() for SetNextRule[methodName=addParameter, paramType=org.apache.tomcat.util.modeler.ParameterInfo]
2019-12-06 11:18:41.387 DEBUG 7503 --- [kground-preinit] o.apache.tomcat.util.digester.Digester   : [SetNextRule]{mbeans-descriptors/mbean/operation/parameter} Call org.apache.tomcat.util.modeler.OperationInfo.addParameter(org.apache.tomcat.util.modeler.ParameterInfo@1fa36e24)
2019-12-06 11:18:41.387 DEBUG 7503 --- [kground-preinit] o.apache.tomcat.util.IntrospectionUtils  : IntrospectionUtils: callMethod1 org.apache.tomcat.util.modeler.OperationInfo org.apache.tomcat.util.modeler.ParameterInfo org.apache.tomcat.util.modeler.ParameterInfo
2019-12-06 11:18:41.388 DEBUG 7503 --- [kground-preinit] o.apache.tomcat.util.digester.Digester   :   Fire end() for SetPropertiesRule[]
2019-12-06 11:18:41.388 DEBUG 7503 --- [kground-preinit] o.apache.tomcat.util.digester.Digester   :   Fire end() for ObjectCreateRule[className=org.apache.tomcat.util.modeler.ParameterInfo, attributeName=null]
2019-12-06 11:18:41.388 DEBUG 7503 --- [kground-preinit] o.apache.tomcat.util.digester.Digester   : [ObjectCreateRule]{mbeans-descriptors/mbean/operation/parameter} Pop org.apache.tomcat.util.modeler.ParameterInfo
2019-12-06 11:18:41.388 DEBUG 7503 --- [kground-preinit] o.a.tomcat.util.digester.Digester.sax    : characters(
    )
2019-12-06 11:18:41.388 DEBUG 7503 --- [kground-preinit] o.a.tomcat.util.digester.Digester.sax    : endElement(,,operation)
2019-12-06 11:18:41.388 DEBUG 7503 --- [kground-preinit] o.apache.tomcat.util.digester.Digester   :   match='mbeans-descriptors/mbean/operation'
2019-12-06 11:18:41.388 DEBUG 7503 --- [kground-preinit] o.apache.tomcat.util.digester.Digester   :   bodyText='
      
    '
2019-12-06 11:18:41.388 DEBUG 7503 --- [kground-preinit] o.apache.tomcat.util.digester.Digester   :   Fire body() for ObjectCreateRule[className=org.apache.tomcat.util.modeler.OperationInfo, attributeName=null]
2019-12-06 11:18:41.388 DEBUG 7503 --- [kground-preinit] o.apache.tomcat.util.digester.Digester   :   Fire body() for SetPropertiesRule[]
2019-12-06 11:18:41.388 DEBUG 7503 --- [kground-preinit] o.apache.tomcat.util.digester.Digester   :   Fire body() for SetNextRule[methodName=addOperation, paramType=org.apache.tomcat.util.modeler.OperationInfo]
2019-12-06 11:18:41.388 DEBUG 7503 --- [kground-preinit] o.apache.tomcat.util.digester.Digester   :   Fire end() for SetNextRule[methodName=addOperation, paramType=org.apache.tomcat.util.modeler.OperationInfo]
2019-12-06 11:18:41.388 DEBUG 7503 --- [kground-preinit] o.apache.tomcat.util.digester.Digester   : [SetNextRule]{mbeans-descriptors/mbean/operation} Call org.apache.tomcat.util.modeler.ManagedBean.addOperation(org.apache.tomcat.util.modeler.OperationInfo@13c3893b)
2019-12-06 11:18:41.388 DEBUG 7503 --- [kground-preinit] o.apache.tomcat.util.IntrospectionUtils  : IntrospectionUtils: callMethod1 org.apache.tomcat.util.modeler.ManagedBean org.apache.tomcat.util.modeler.OperationInfo org.apache.tomcat.util.modeler.OperationInfo
2019-12-06 11:18:41.389 DEBUG 7503 --- [kground-preinit] o.apache.tomcat.util.digester.Digester   :   Fire end() for SetPropertiesRule[]
2019-12-06 11:18:41.389 DEBUG 7503 --- [kground-preinit] o.apache.tomcat.util.digester.Digester   :   Fire end() for ObjectCreateRule[className=org.apache.tomcat.util.modeler.OperationInfo, attributeName=null]
2019-12-06 11:18:41.389 DEBUG 7503 --- [kground-preinit] o.apache.tomcat.util.digester.Digester   : [ObjectCreateRule]{mbeans-descriptors/mbean/operation} Pop org.apache.tomcat.util.modeler.OperationInfo
2019-12-06 11:18:41.389 DEBUG 7503 --- [kground-preinit] o.a.tomcat.util.digester.Digester.sax    : characters(

    )
2019-12-06 11:18:41.389 DEBUG 7503 --- [kground-preinit] o.a.tomcat.util.digester.Digester.sax    : startElement(,,operation)
2019-12-06 11:18:41.389 DEBUG 7503 --- [kground-preinit] o.apache.tomcat.util.digester.Digester   :   New match='mbeans-descriptors/mbean/operation'
2019-12-06 11:18:41.389 DEBUG 7503 --- [kground-preinit] o.apache.tomcat.util.digester.Digester   :   Fire begin() for ObjectCreateRule[className=org.apache.tomcat.util.modeler.OperationInfo, attributeName=null]
2019-12-06 11:18:41.389 DEBUG 7503 --- [kground-preinit] o.apache.tomcat.util.digester.Digester   :   Fire begin() for SetPropertiesRule[]
2019-12-06 11:18:41.389 DEBUG 7503 --- [kground-preinit] o.apache.tomcat.util.digester.Digester   : [SetPropertiesRule]{mbeans-descriptors/mbean/operation} Set org.apache.tomcat.util.modeler.OperationInfo properties
2019-12-06 11:18:41.389 DEBUG 7503 --- [kground-preinit] o.apache.tomcat.util.digester.Digester   : [SetPropertiesRule]{mbeans-descriptors/mbean/operation} Setting property 'name' to 'findWelcomeFiles'
2019-12-06 11:18:41.389 DEBUG 7503 --- [kground-preinit] o.apache.tomcat.util.IntrospectionUtils  : IntrospectionUtils: setProperty(class org.apache.tomcat.util.modeler.OperationInfo name=findWelcomeFiles)
2019-12-06 11:18:41.390 DEBUG 7503 --- [kground-preinit] o.apache.tomcat.util.digester.Digester   : [SetPropertiesRule]{mbeans-descriptors/mbean/operation} Setting property 'description' to 'Return the set of welcome files defined for this Context.'
2019-12-06 11:18:41.390 DEBUG 7503 --- [kground-preinit] o.apache.tomcat.util.IntrospectionUtils  : IntrospectionUtils: setProperty(class org.apache.tomcat.util.modeler.OperationInfo description=Return the set of welcome files defined for this Context.)
2019-12-06 11:18:41.390 DEBUG 7503 --- [kground-preinit] o.apache.tomcat.util.digester.Digester   : [SetPropertiesRule]{mbeans-descriptors/mbean/operation} Setting property 'impact' to 'ACTION'
2019-12-06 11:18:41.390 DEBUG 7503 --- [kground-preinit] o.apache.tomcat.util.IntrospectionUtils  : IntrospectionUtils: setProperty(class org.apache.tomcat.util.modeler.OperationInfo impact=ACTION)
2019-12-06 11:18:41.390 DEBUG 7503 --- [kground-preinit] o.apache.tomcat.util.digester.Digester   : [SetPropertiesRule]{mbeans-descriptors/mbean/operation} Setting property 'returnType' to '[Ljava.lang.String;'
2019-12-06 11:18:41.390 DEBUG 7503 --- [kground-preinit] o.apache.tomcat.util.IntrospectionUtils  : IntrospectionUtils: setProperty(class org.apache.tomcat.util.modeler.OperationInfo returnType=[Ljava.lang.String;)
2019-12-06 11:18:41.390 DEBUG 7503 --- [kground-preinit] o.apache.tomcat.util.digester.Digester   :   Fire begin() for SetNextRule[methodName=addOperation, paramType=org.apache.tomcat.util.modeler.OperationInfo]
2019-12-06 11:18:41.390 DEBUG 7503 --- [kground-preinit] o.a.tomcat.util.digester.Digester.sax    : characters(
    )
2019-12-06 11:18:41.390 DEBUG 7503 --- [kground-preinit] o.a.tomcat.util.digester.Digester.sax    : endElement(,,operation)
2019-12-06 11:18:41.390 DEBUG 7503 --- [kground-preinit] o.apache.tomcat.util.digester.Digester   :   match='mbeans-descriptors/mbean/operation'
2019-12-06 11:18:41.390 DEBUG 7503 --- [kground-preinit] o.apache.tomcat.util.digester.Digester   :   bodyText='
    '
2019-12-06 11:18:41.391 DEBUG 7503 --- [kground-preinit] o.apache.tomcat.util.digester.Digester   :   Fire body() for ObjectCreateRule[className=org.apache.tomcat.util.modeler.OperationInfo, attributeName=null]
2019-12-06 11:18:41.391 DEBUG 7503 --- [kground-preinit] o.apache.tomcat.util.digester.Digester   :   Fire body() for SetPropertiesRule[]
2019-12-06 11:18:41.391 DEBUG 7503 --- [kground-preinit] o.apache.tomcat.util.digester.Digester   :   Fire body() for SetNextRule[methodName=addOperation, paramType=org.apache.tomcat.util.modeler.OperationInfo]
2019-12-06 11:18:41.391 DEBUG 7503 --- [kground-preinit] o.apache.tomcat.util.digester.Digester   :   Fire end() for SetNextRule[methodName=addOperation, paramType=org.apache.tomcat.util.modeler.OperationInfo]
2019-12-06 11:18:41.391 DEBUG 7503 --- [kground-preinit] o.apache.tomcat.util.digester.Digester   : [SetNextRule]{mbeans-descriptors/mbean/operation} Call org.apache.tomcat.util.modeler.ManagedBean.addOperation(org.apache.tomcat.util.modeler.OperationInfo@62cd0d0c)
2019-12-06 11:18:41.391 DEBUG 7503 --- [kground-preinit] o.apache.tomcat.util.IntrospectionUtils  : IntrospectionUtils: callMethod1 org.apache.tomcat.util.modeler.ManagedBean org.apache.tomcat.util.modeler.OperationInfo org.apache.tomcat.util.modeler.OperationInfo
2019-12-06 11:18:41.391 DEBUG 7503 --- [kground-preinit] o.apache.tomcat.util.digester.Digester   :   Fire end() for SetPropertiesRule[]
2019-12-06 11:18:41.391 DEBUG 7503 --- [kground-preinit] o.apache.tomcat.util.digester.Digester   :   Fire end() for ObjectCreateRule[className=org.apache.tomcat.util.modeler.OperationInfo, attributeName=null]
2019-12-06 11:18:41.391 DEBUG 7503 --- [kground-preinit] o.apache.tomcat.util.digester.Digester   : [ObjectCreateRule]{mbeans-descriptors/mbean/operation} Pop org.apache.tomcat.util.modeler.OperationInfo
2019-12-06 11:18:41.391 DEBUG 7503 --- [kground-preinit] o.a.tomcat.util.digester.Digester.sax    : characters(

    )
2019-12-06 11:18:41.391 DEBUG 7503 --- [kground-preinit] o.a.tomcat.util.digester.Digester.sax    : startElement(,,operation)
2019-12-06 11:18:41.391 DEBUG 7503 --- [kground-preinit] o.apache.tomcat.util.digester.Digester   :   New match='mbeans-descriptors/mbean/operation'
2019-12-06 11:18:41.391 DEBUG 7503 --- [kground-preinit] o.apache.tomcat.util.digester.Digester   :   Fire begin() for ObjectCreateRule[className=org.apache.tomcat.util.modeler.OperationInfo, attributeName=null]
2019-12-06 11:18:41.392 DEBUG 7503 --- [kground-preinit] o.apache.tomcat.util.digester.Digester   :   Fire begin() for SetPropertiesRule[]
2019-12-06 11:18:41.392 DEBUG 7503 --- [kground-preinit] o.apache.tomcat.util.digester.Digester   : [SetPropertiesRule]{mbeans-descriptors/mbean/operation} Set org.apache.tomcat.util.modeler.OperationInfo properties
2019-12-06 11:18:41.392 DEBUG 7503 --- [kground-preinit] o.apache.tomcat.util.digester.Digester   : [SetPropertiesRule]{mbeans-descriptors/mbean/operation} Setting property 'name' to 'findWrapperLifecycles'
2019-12-06 11:18:41.392 DEBUG 7503 --- [kground-preinit] o.apache.tomcat.util.IntrospectionUtils  : IntrospectionUtils: setProperty(class org.apache.tomcat.util.modeler.OperationInfo name=findWrapperLifecycles)
2019-12-06 11:18:41.392 DEBUG 7503 --- [kground-preinit] o.apache.tomcat.util.digester.Digester   : [SetPropertiesRule]{mbeans-descriptors/mbean/operation} Setting property 'description' to 'Return the set of LifecycleListener classes that will be added to newly created Wrappers automatically.'
2019-12-06 11:18:41.392 DEBUG 7503 --- [kground-preinit] o.apache.tomcat.util.IntrospectionUtils  : IntrospectionUtils: setProperty(class org.apache.tomcat.util.modeler.OperationInfo description=Return the set of LifecycleListener classes that will be added to newly created Wrappers automatically.)
2019-12-06 11:18:41.392 DEBUG 7503 --- [kground-preinit] o.apache.tomcat.util.digester.Digester   : [SetPropertiesRule]{mbeans-descriptors/mbean/operation} Setting property 'impact' to 'ACTION'
2019-12-06 11:18:41.392 DEBUG 7503 --- [kground-preinit] o.apache.tomcat.util.IntrospectionUtils  : IntrospectionUtils: setProperty(class org.apache.tomcat.util.modeler.OperationInfo impact=ACTION)
2019-12-06 11:18:41.392 DEBUG 7503 --- [kground-preinit] o.apache.tomcat.util.digester.Digester   : [SetPropertiesRule]{mbeans-descriptors/mbean/operation} Setting property 'returnType' to '[Ljava.lang.String;'
2019-12-06 11:18:41.392 DEBUG 7503 --- [kground-preinit] o.apache.tomcat.util.IntrospectionUtils  : IntrospectionUtils: setProperty(class org.apache.tomcat.util.modeler.OperationInfo returnType=[Ljava.lang.String;)
2019-12-06 11:18:41.392 DEBUG 7503 --- [kground-preinit] o.apache.tomcat.util.digester.Digester   :   Fire begin() for SetNextRule[methodName=addOperation, paramType=org.apache.tomcat.util.modeler.OperationInfo]
2019-12-06 11:18:41.393 DEBUG 7503 --- [kground-preinit] o.a.tomcat.util.digester.Digester.sax    : characters(
    )
2019-12-06 11:18:41.393 DEBUG 7503 --- [kground-preinit] o.a.tomcat.util.digester.Digester.sax    : endElement(,,operation)
2019-12-06 11:18:41.393 DEBUG 7503 --- [kground-preinit] o.apache.tomcat.util.digester.Digester   :   match='mbeans-descriptors/mbean/operation'
2019-12-06 11:18:41.393 DEBUG 7503 --- [kground-preinit] o.apache.tomcat.util.digester.Digester   :   bodyText='
    '
2019-12-06 11:18:41.393 DEBUG 7503 --- [kground-preinit] o.apache.tomcat.util.digester.Digester   :   Fire body() for ObjectCreateRule[className=org.apache.tomcat.util.modeler.OperationInfo, attributeName=null]
2019-12-06 11:18:41.393 DEBUG 7503 --- [kground-preinit] o.apache.tomcat.util.digester.Digester   :   Fire body() for SetPropertiesRule[]
2019-12-06 11:18:41.393 DEBUG 7503 --- [kground-preinit] o.apache.tomcat.util.digester.Digester   :   Fire body() for SetNextRule[methodName=addOperation, paramType=org.apache.tomcat.util.modeler.OperationInfo]
2019-12-06 11:18:41.393 DEBUG 7503 --- [kground-preinit] o.apache.tomcat.util.digester.Digester   :   Fire end() for SetNextRule[methodName=addOperation, paramType=org.apache.tomcat.util.modeler.OperationInfo]
2019-12-06 11:18:41.393 DEBUG 7503 --- [kground-preinit] o.apache.tomcat.util.digester.Digester   : [SetNextRule]{mbeans-descriptors/mbean/operation} Call org.apache.tomcat.util.modeler.ManagedBean.addOperation(org.apache.tomcat.util.modeler.OperationInfo@2eefc6e2)
2019-12-06 11:18:41.393 DEBUG 7503 --- [kground-preinit] o.apache.tomcat.util.IntrospectionUtils  : IntrospectionUtils: callMethod1 org.apache.tomcat.util.modeler.ManagedBean org.apache.tomcat.util.modeler.OperationInfo org.apache.tomcat.util.modeler.OperationInfo
2019-12-06 11:18:41.393 DEBUG 7503 --- [kground-preinit] o.apache.tomcat.util.digester.Digester   :   Fire end() for SetPropertiesRule[]
2019-12-06 11:18:41.393 DEBUG 7503 --- [kground-preinit] o.apache.tomcat.util.digester.Digester   :   Fire end() for ObjectCreateRule[className=org.apache.tomcat.util.modeler.OperationInfo, attributeName=null]
2019-12-06 11:18:41.394 DEBUG 7503 --- [kground-preinit] o.apache.tomcat.util.digester.Digester   : [ObjectCreateRule]{mbeans-descriptors/mbean/operation} Pop org.apache.tomcat.util.modeler.OperationInfo
2019-12-06 11:18:41.394 DEBUG 7503 --- [kground-preinit] o.a.tomcat.util.digester.Digester.sax    : characters(

    )
2019-12-06 11:18:41.394 DEBUG 7503 --- [kground-preinit] o.a.tomcat.util.digester.Digester.sax    : startElement(,,operation)
2019-12-06 11:18:41.394 DEBUG 7503 --- [kground-preinit] o.apache.tomcat.util.digester.Digester   :   New match='mbeans-descriptors/mbean/operation'
2019-12-06 11:18:41.394 DEBUG 7503 --- [kground-preinit] o.apache.tomcat.util.digester.Digester   :   Fire begin() for ObjectCreateRule[className=org.apache.tomcat.util.modeler.OperationInfo, attributeName=null]
2019-12-06 11:18:41.394 DEBUG 7503 --- [kground-preinit] o.apache.tomcat.util.digester.Digester   :   Fire begin() for SetPropertiesRule[]
2019-12-06 11:18:41.394 DEBUG 7503 --- [kground-preinit] o.apache.tomcat.util.digester.Digester   : [SetPropertiesRule]{mbeans-descriptors/mbean/operation} Set org.apache.tomcat.util.modeler.OperationInfo properties
2019-12-06 11:18:41.394 DEBUG 7503 --- [kground-preinit] o.apache.tomcat.util.digester.Digester   : [SetPropertiesRule]{mbeans-descriptors/mbean/operation} Setting property 'name' to 'findWrapperListeners'
2019-12-06 11:18:41.394 DEBUG 7503 --- [kground-preinit] o.apache.tomcat.util.IntrospectionUtils  : IntrospectionUtils: setProperty(class org.apache.tomcat.util.modeler.OperationInfo name=findWrapperListeners)
2019-12-06 11:18:41.394 DEBUG 7503 --- [kground-preinit] o.apache.tomcat.util.digester.Digester   : [SetPropertiesRule]{mbeans-descriptors/mbean/operation} Setting property 'description' to 'Return the set of ContainerListener classes that will be added to newly created Wrappers automatically.'
2019-12-06 11:18:41.395 DEBUG 7503 --- [kground-preinit] o.apache.tomcat.util.IntrospectionUtils  : IntrospectionUtils: setProperty(class org.apache.tomcat.util.modeler.OperationInfo description=Return the set of ContainerListener classes that will be added to newly created Wrappers automatically.)
2019-12-06 11:18:41.395 DEBUG 7503 --- [kground-preinit] o.apache.tomcat.util.digester.Digester   : [SetPropertiesRule]{mbeans-descriptors/mbean/operation} Setting property 'impact' to 'ACTION'
2019-12-06 11:18:41.395 DEBUG 7503 --- [kground-preinit] o.apache.tomcat.util.IntrospectionUtils  : IntrospectionUtils: setProperty(class org.apache.tomcat.util.modeler.OperationInfo impact=ACTION)
2019-12-06 11:18:41.395 DEBUG 7503 --- [kground-preinit] o.apache.tomcat.util.digester.Digester   : [SetPropertiesRule]{mbeans-descriptors/mbean/operation} Setting property 'returnType' to '[Ljava.lang.String;'
2019-12-06 11:18:41.395 DEBUG 7503 --- [kground-preinit] o.apache.tomcat.util.IntrospectionUtils  : IntrospectionUtils: setProperty(class org.apache.tomcat.util.modeler.OperationInfo returnType=[Ljava.lang.String;)
2019-12-06 11:18:41.395 DEBUG 7503 --- [kground-preinit] o.apache.tomcat.util.digester.Digester   :   Fire begin() for SetNextRule[methodName=addOperation, paramType=org.apache.tomcat.util.modeler.OperationInfo]
2019-12-06 11:18:41.395 DEBUG 7503 --- [kground-preinit] o.a.tomcat.util.digester.Digester.sax    : characters(
    )
2019-12-06 11:18:41.395 DEBUG 7503 --- [kground-preinit] o.a.tomcat.util.digester.Digester.sax    : endElement(,,operation)
2019-12-06 11:18:41.395 DEBUG 7503 --- [kground-preinit] o.apache.tomcat.util.digester.Digester   :   match='mbeans-descriptors/mbean/operation'
2019-12-06 11:18:41.395 DEBUG 7503 --- [kground-preinit] o.apache.tomcat.util.digester.Digester   :   bodyText='
    '
2019-12-06 11:18:41.396 DEBUG 7503 --- [kground-preinit] o.apache.tomcat.util.digester.Digester   :   Fire body() for ObjectCreateRule[className=org.apache.tomcat.util.modeler.OperationInfo, attributeName=null]
2019-12-06 11:18:41.396 DEBUG 7503 --- [kground-preinit] o.apache.tomcat.util.digester.Digester   :   Fire body() for SetPropertiesRule[]
2019-12-06 11:18:41.396 DEBUG 7503 --- [kground-preinit] o.apache.tomcat.util.digester.Digester   :   Fire body() for SetNextRule[methodName=addOperation, paramType=org.apache.tomcat.util.modeler.OperationInfo]
2019-12-06 11:18:41.396 DEBUG 7503 --- [kground-preinit] o.apache.tomcat.util.digester.Digester   :   Fire end() for SetNextRule[methodName=addOperation, paramType=org.apache.tomcat.util.modeler.OperationInfo]
2019-12-06 11:18:41.396 DEBUG 7503 --- [kground-preinit] o.apache.tomcat.util.digester.Digester   : [SetNextRule]{mbeans-descriptors/mbean/operation} Call org.apache.tomcat.util.modeler.ManagedBean.addOperation(org.apache.tomcat.util.modeler.OperationInfo@2a394f55)
2019-12-06 11:18:41.396 DEBUG 7503 --- [kground-preinit] o.apache.tomcat.util.IntrospectionUtils  : IntrospectionUtils: callMethod1 org.apache.tomcat.util.modeler.ManagedBean org.apache.tomcat.util.modeler.OperationInfo org.apache.tomcat.util.modeler.OperationInfo
2019-12-06 11:18:41.396 DEBUG 7503 --- [kground-preinit] o.apache.tomcat.util.digester.Digester   :   Fire end() for SetPropertiesRule[]
2019-12-06 11:18:41.396 DEBUG 7503 --- [kground-preinit] o.apache.tomcat.util.digester.Digester   :   Fire end() for ObjectCreateRule[className=org.apache.tomcat.util.modeler.OperationInfo, attributeName=null]
2019-12-06 11:18:41.396 DEBUG 7503 --- [kground-preinit] o.apache.tomcat.util.digester.Digester   : [ObjectCreateRule]{mbeans-descriptors/mbean/operation} Pop org.apache.tomcat.util.modeler.OperationInfo
2019-12-06 11:18:41.396 DEBUG 7503 --- [kground-preinit] o.a.tomcat.util.digester.Digester.sax    : characters(

    )
2019-12-06 11:18:41.397 DEBUG 7503 --- [kground-preinit] o.a.tomcat.util.digester.Digester.sax    : startElement(,,operation)
2019-12-06 11:18:41.397 DEBUG 7503 --- [kground-preinit] o.apache.tomcat.util.digester.Digester   :   New match='mbeans-descriptors/mbean/operation'
2019-12-06 11:18:41.397 DEBUG 7503 --- [kground-preinit] o.apache.tomcat.util.digester.Digester   :   Fire begin() for ObjectCreateRule[className=org.apache.tomcat.util.modeler.OperationInfo, attributeName=null]
2019-12-06 11:18:41.397 DEBUG 7503 --- [kground-preinit] o.apache.tomcat.util.digester.Digester   :   Fire begin() for SetPropertiesRule[]
2019-12-06 11:18:41.397 DEBUG 7503 --- [kground-preinit] o.apache.tomcat.util.digester.Digester   : [SetPropertiesRule]{mbeans-descriptors/mbean/operation} Set org.apache.tomcat.util.modeler.OperationInfo properties
2019-12-06 11:18:41.397 DEBUG 7503 --- [kground-preinit] o.apache.tomcat.util.digester.Digester   : [SetPropertiesRule]{mbeans-descriptors/mbean/operation} Setting property 'name' to 'init'
2019-12-06 11:18:41.397 DEBUG 7503 --- [kground-preinit] o.apache.tomcat.util.IntrospectionUtils  : IntrospectionUtils: setProperty(class org.apache.tomcat.util.modeler.OperationInfo name=init)
2019-12-06 11:18:41.397 DEBUG 7503 --- [kground-preinit] o.apache.tomcat.util.digester.Digester   : [SetPropertiesRule]{mbeans-descriptors/mbean/operation} Setting property 'description' to 'Register the context into the running server'
2019-12-06 11:18:41.397 DEBUG 7503 --- [kground-preinit] o.apache.tomcat.util.IntrospectionUtils  : IntrospectionUtils: setProperty(class org.apache.tomcat.util.modeler.OperationInfo description=Register the context into the running server)
2019-12-06 11:18:41.397 DEBUG 7503 --- [kground-preinit] o.apache.tomcat.util.digester.Digester   : [SetPropertiesRule]{mbeans-descriptors/mbean/operation} Setting property 'impact' to 'ACTION'
2019-12-06 11:18:41.397 DEBUG 7503 --- [kground-preinit] o.apache.tomcat.util.IntrospectionUtils  : IntrospectionUtils: setProperty(class org.apache.tomcat.util.modeler.OperationInfo impact=ACTION)
2019-12-06 11:18:41.397 DEBUG 7503 --- [kground-preinit] o.apache.tomcat.util.digester.Digester   : [SetPropertiesRule]{mbeans-descriptors/mbean/operation} Setting property 'returnType' to 'void'
2019-12-06 11:18:41.398 DEBUG 7503 --- [kground-preinit] o.apache.tomcat.util.IntrospectionUtils  : IntrospectionUtils: setProperty(class org.apache.tomcat.util.modeler.OperationInfo returnType=void)
2019-12-06 11:18:41.398 DEBUG 7503 --- [kground-preinit] o.apache.tomcat.util.digester.Digester   :   Fire begin() for SetNextRule[methodName=addOperation, paramType=org.apache.tomcat.util.modeler.OperationInfo]
2019-12-06 11:18:41.398 DEBUG 7503 --- [kground-preinit] o.a.tomcat.util.digester.Digester.sax    : characters(
    )
2019-12-06 11:18:41.398 DEBUG 7503 --- [kground-preinit] o.a.tomcat.util.digester.Digester.sax    : endElement(,,operation)
2019-12-06 11:18:41.398 DEBUG 7503 --- [kground-preinit] o.apache.tomcat.util.digester.Digester   :   match='mbeans-descriptors/mbean/operation'
2019-12-06 11:18:41.398 DEBUG 7503 --- [kground-preinit] o.apache.tomcat.util.digester.Digester   :   bodyText='
    '
2019-12-06 11:18:41.398 DEBUG 7503 --- [kground-preinit] o.apache.tomcat.util.digester.Digester   :   Fire body() for ObjectCreateRule[className=org.apache.tomcat.util.modeler.OperationInfo, attributeName=null]
2019-12-06 11:18:41.398 DEBUG 7503 --- [kground-preinit] o.apache.tomcat.util.digester.Digester   :   Fire body() for SetPropertiesRule[]
2019-12-06 11:18:41.398 DEBUG 7503 --- [kground-preinit] o.apache.tomcat.util.digester.Digester   :   Fire body() for SetNextRule[methodName=addOperation, paramType=org.apache.tomcat.util.modeler.OperationInfo]
2019-12-06 11:18:41.398 DEBUG 7503 --- [kground-preinit] o.apache.tomcat.util.digester.Digester   :   Fire end() for SetNextRule[methodName=addOperation, paramType=org.apache.tomcat.util.modeler.OperationInfo]
2019-12-06 11:18:41.398 DEBUG 7503 --- [kground-preinit] o.apache.tomcat.util.digester.Digester   : [SetNextRule]{mbeans-descriptors/mbean/operation} Call org.apache.tomcat.util.modeler.ManagedBean.addOperation(org.apache.tomcat.util.modeler.OperationInfo@253c8178)
2019-12-06 11:18:41.398 DEBUG 7503 --- [kground-preinit] o.apache.tomcat.util.IntrospectionUtils  : IntrospectionUtils: callMethod1 org.apache.tomcat.util.modeler.ManagedBean org.apache.tomcat.util.modeler.OperationInfo org.apache.tomcat.util.modeler.OperationInfo
2019-12-06 11:18:41.398 DEBUG 7503 --- [kground-preinit] o.apache.tomcat.util.digester.Digester   :   Fire end() for SetPropertiesRule[]
2019-12-06 11:18:41.398 DEBUG 7503 --- [kground-preinit] o.apache.tomcat.util.digester.Digester   :   Fire end() for ObjectCreateRule[className=org.apache.tomcat.util.modeler.OperationInfo, attributeName=null]
2019-12-06 11:18:41.398 DEBUG 7503 --- [kground-preinit] o.apache.tomcat.util.digester.Digester   : [ObjectCreateRule]{mbeans-descriptors/mbean/operation} Pop org.apache.tomcat.util.modeler.OperationInfo
2019-12-06 11:18:41.399 DEBUG 7503 --- [kground-preinit] o.a.tomcat.util.digester.Digester.sax    : characters(

    )
2019-12-06 11:18:41.399 DEBUG 7503 --- [kground-preinit] o.a.tomcat.util.digester.Digester.sax    : startElement(,,operation)
2019-12-06 11:18:41.399 DEBUG 7503 --- [kground-preinit] o.apache.tomcat.util.digester.Digester   :   New match='mbeans-descriptors/mbean/operation'
2019-12-06 11:18:41.399 DEBUG 7503 --- [kground-preinit] o.apache.tomcat.util.digester.Digester   :   Fire begin() for ObjectCreateRule[className=org.apache.tomcat.util.modeler.OperationInfo, attributeName=null]
2019-12-06 11:18:41.399 DEBUG 7503 --- [kground-preinit] o.apache.tomcat.util.digester.Digester   :   Fire begin() for SetPropertiesRule[]
2019-12-06 11:18:41.399 DEBUG 7503 --- [kground-preinit] o.apache.tomcat.util.digester.Digester   : [SetPropertiesRule]{mbeans-descriptors/mbean/operation} Set org.apache.tomcat.util.modeler.OperationInfo properties
2019-12-06 11:18:41.399 DEBUG 7503 --- [kground-preinit] o.apache.tomcat.util.digester.Digester   : [SetPropertiesRule]{mbeans-descriptors/mbean/operation} Setting property 'name' to 'start'
2019-12-06 11:18:41.399 DEBUG 7503 --- [kground-preinit] o.apache.tomcat.util.IntrospectionUtils  : IntrospectionUtils: setProperty(class org.apache.tomcat.util.modeler.OperationInfo name=start)
2019-12-06 11:18:41.399 DEBUG 7503 --- [kground-preinit] o.apache.tomcat.util.digester.Digester   : [SetPropertiesRule]{mbeans-descriptors/mbean/operation} Setting property 'description' to 'Start the context'
2019-12-06 11:18:41.399 DEBUG 7503 --- [kground-preinit] o.apache.tomcat.util.IntrospectionUtils  : IntrospectionUtils: setProperty(class org.apache.tomcat.util.modeler.OperationInfo description=Start the context)
2019-12-06 11:18:41.400 DEBUG 7503 --- [kground-preinit] o.apache.tomcat.util.digester.Digester   : [SetPropertiesRule]{mbeans-descriptors/mbean/operation} Setting property 'impact' to 'ACTION'
2019-12-06 11:18:41.400 DEBUG 7503 --- [kground-preinit] o.apache.tomcat.util.IntrospectionUtils  : IntrospectionUtils: setProperty(class org.apache.tomcat.util.modeler.OperationInfo impact=ACTION)
2019-12-06 11:18:41.400 DEBUG 7503 --- [kground-preinit] o.apache.tomcat.util.digester.Digester   : [SetPropertiesRule]{mbeans-descriptors/mbean/operation} Setting property 'returnType' to 'void'
2019-12-06 11:18:41.400 DEBUG 7503 --- [kground-preinit] o.apache.tomcat.util.IntrospectionUtils  : IntrospectionUtils: setProperty(class org.apache.tomcat.util.modeler.OperationInfo returnType=void)
2019-12-06 11:18:41.400 DEBUG 7503 --- [kground-preinit] o.apache.tomcat.util.digester.Digester   :   Fire begin() for SetNextRule[methodName=addOperation, paramType=org.apache.tomcat.util.modeler.OperationInfo]
2019-12-06 11:18:41.400 DEBUG 7503 --- [kground-preinit] o.a.tomcat.util.digester.Digester.sax    : characters(
    )
2019-12-06 11:18:41.400 DEBUG 7503 --- [kground-preinit] o.a.tomcat.util.digester.Digester.sax    : endElement(,,operation)
2019-12-06 11:18:41.400 DEBUG 7503 --- [kground-preinit] o.apache.tomcat.util.digester.Digester   :   match='mbeans-descriptors/mbean/operation'
2019-12-06 11:18:41.400 DEBUG 7503 --- [kground-preinit] o.apache.tomcat.util.digester.Digester   :   bodyText='
    '
2019-12-06 11:18:41.400 DEBUG 7503 --- [kground-preinit] o.apache.tomcat.util.digester.Digester   :   Fire body() for ObjectCreateRule[className=org.apache.tomcat.util.modeler.OperationInfo, attributeName=null]
2019-12-06 11:18:41.400 DEBUG 7503 --- [kground-preinit] o.apache.tomcat.util.digester.Digester   :   Fire body() for SetPropertiesRule[]
2019-12-06 11:18:41.401 DEBUG 7503 --- [kground-preinit] o.apache.tomcat.util.digester.Digester   :   Fire body() for SetNextRule[methodName=addOperation, paramType=org.apache.tomcat.util.modeler.OperationInfo]
2019-12-06 11:18:41.401 DEBUG 7503 --- [kground-preinit] o.apache.tomcat.util.digester.Digester   :   Fire end() for SetNextRule[methodName=addOperation, paramType=org.apache.tomcat.util.modeler.OperationInfo]
2019-12-06 11:18:41.401 DEBUG 7503 --- [kground-preinit] o.apache.tomcat.util.digester.Digester   : [SetNextRule]{mbeans-descriptors/mbean/operation} Call org.apache.tomcat.util.modeler.ManagedBean.addOperation(org.apache.tomcat.util.modeler.OperationInfo@2f134dbe)
2019-12-06 11:18:41.401 DEBUG 7503 --- [kground-preinit] o.apache.tomcat.util.IntrospectionUtils  : IntrospectionUtils: callMethod1 org.apache.tomcat.util.modeler.ManagedBean org.apache.tomcat.util.modeler.OperationInfo org.apache.tomcat.util.modeler.OperationInfo
2019-12-06 11:18:41.401 DEBUG 7503 --- [kground-preinit] o.apache.tomcat.util.digester.Digester   :   Fire end() for SetPropertiesRule[]
2019-12-06 11:18:41.401 DEBUG 7503 --- [kground-preinit] o.apache.tomcat.util.digester.Digester   :   Fire end() for ObjectCreateRule[className=org.apache.tomcat.util.modeler.OperationInfo, attributeName=null]
2019-12-06 11:18:41.401 DEBUG 7503 --- [kground-preinit] o.apache.tomcat.util.digester.Digester   : [ObjectCreateRule]{mbeans-descriptors/mbean/operation} Pop org.apache.tomcat.util.modeler.OperationInfo
2019-12-06 11:18:41.401 DEBUG 7503 --- [kground-preinit] o.a.tomcat.util.digester.Digester.sax    : characters(

    )
2019-12-06 11:18:41.401 DEBUG 7503 --- [kground-preinit] o.a.tomcat.util.digester.Digester.sax    : startElement(,,operation)
2019-12-06 11:18:41.401 DEBUG 7503 --- [kground-preinit] o.apache.tomcat.util.digester.Digester   :   New match='mbeans-descriptors/mbean/operation'
2019-12-06 11:18:41.401 DEBUG 7503 --- [kground-preinit] o.apache.tomcat.util.digester.Digester   :   Fire begin() for ObjectCreateRule[className=org.apache.tomcat.util.modeler.OperationInfo, attributeName=null]
2019-12-06 11:18:41.402 DEBUG 7503 --- [kground-preinit] o.apache.tomcat.util.digester.Digester   :   Fire begin() for SetPropertiesRule[]
2019-12-06 11:18:41.402 DEBUG 7503 --- [kground-preinit] o.apache.tomcat.util.digester.Digester   : [SetPropertiesRule]{mbeans-descriptors/mbean/operation} Set org.apache.tomcat.util.modeler.OperationInfo properties
2019-12-06 11:18:41.402 DEBUG 7503 --- [kground-preinit] o.apache.tomcat.util.digester.Digester   : [SetPropertiesRule]{mbeans-descriptors/mbean/operation} Setting property 'name' to 'stop'
2019-12-06 11:18:41.402 DEBUG 7503 --- [kground-preinit] o.apache.tomcat.util.IntrospectionUtils  : IntrospectionUtils: setProperty(class org.apache.tomcat.util.modeler.OperationInfo name=stop)
2019-12-06 11:18:41.402 DEBUG 7503 --- [kground-preinit] o.apache.tomcat.util.digester.Digester   : [SetPropertiesRule]{mbeans-descriptors/mbean/operation} Setting property 'description' to 'Stop the context'
2019-12-06 11:18:41.402 DEBUG 7503 --- [kground-preinit] o.apache.tomcat.util.IntrospectionUtils  : IntrospectionUtils: setProperty(class org.apache.tomcat.util.modeler.OperationInfo description=Stop the context)
2019-12-06 11:18:41.402 DEBUG 7503 --- [kground-preinit] o.apache.tomcat.util.digester.Digester   : [SetPropertiesRule]{mbeans-descriptors/mbean/operation} Setting property 'impact' to 'ACTION'
2019-12-06 11:18:41.402 DEBUG 7503 --- [kground-preinit] o.apache.tomcat.util.IntrospectionUtils  : IntrospectionUtils: setProperty(class org.apache.tomcat.util.modeler.OperationInfo impact=ACTION)
2019-12-06 11:18:41.402 DEBUG 7503 --- [kground-preinit] o.apache.tomcat.util.digester.Digester   : [SetPropertiesRule]{mbeans-descriptors/mbean/operation} Setting property 'returnType' to 'void'
2019-12-06 11:18:41.402 DEBUG 7503 --- [kground-preinit] o.apache.tomcat.util.IntrospectionUtils  : IntrospectionUtils: setProperty(class org.apache.tomcat.util.modeler.OperationInfo returnType=void)
2019-12-06 11:18:41.402 DEBUG 7503 --- [kground-preinit] o.apache.tomcat.util.digester.Digester   :   Fire begin() for SetNextRule[methodName=addOperation, paramType=org.apache.tomcat.util.modeler.OperationInfo]
2019-12-06 11:18:41.402 DEBUG 7503 --- [kground-preinit] o.a.tomcat.util.digester.Digester.sax    : characters(
    )
2019-12-06 11:18:41.402 DEBUG 7503 --- [kground-preinit] o.a.tomcat.util.digester.Digester.sax    : endElement(,,operation)
2019-12-06 11:18:41.403 DEBUG 7503 --- [kground-preinit] o.apache.tomcat.util.digester.Digester   :   match='mbeans-descriptors/mbean/operation'
2019-12-06 11:18:41.403 DEBUG 7503 --- [kground-preinit] o.apache.tomcat.util.digester.Digester   :   bodyText='
    '
2019-12-06 11:18:41.403 DEBUG 7503 --- [kground-preinit] o.apache.tomcat.util.digester.Digester   :   Fire body() for ObjectCreateRule[className=org.apache.tomcat.util.modeler.OperationInfo, attributeName=null]
2019-12-06 11:18:41.403 DEBUG 7503 --- [kground-preinit] o.apache.tomcat.util.digester.Digester   :   Fire body() for SetPropertiesRule[]
2019-12-06 11:18:41.403 DEBUG 7503 --- [kground-preinit] o.apache.tomcat.util.digester.Digester   :   Fire body() for SetNextRule[methodName=addOperation, paramType=org.apache.tomcat.util.modeler.OperationInfo]
2019-12-06 11:18:41.403 DEBUG 7503 --- [kground-preinit] o.apache.tomcat.util.digester.Digester   :   Fire end() for SetNextRule[methodName=addOperation, paramType=org.apache.tomcat.util.modeler.OperationInfo]
2019-12-06 11:18:41.403 DEBUG 7503 --- [kground-preinit] o.apache.tomcat.util.digester.Digester   : [SetNextRule]{mbeans-descriptors/mbean/operation} Call org.apache.tomcat.util.modeler.ManagedBean.addOperation(org.apache.tomcat.util.modeler.OperationInfo@7f1b5668)
2019-12-06 11:18:41.403 DEBUG 7503 --- [kground-preinit] o.apache.tomcat.util.IntrospectionUtils  : IntrospectionUtils: callMethod1 org.apache.tomcat.util.modeler.ManagedBean org.apache.tomcat.util.modeler.OperationInfo org.apache.tomcat.util.modeler.OperationInfo
2019-12-06 11:18:41.403 DEBUG 7503 --- [kground-preinit] o.apache.tomcat.util.digester.Digester   :   Fire end() for SetPropertiesRule[]
2019-12-06 11:18:41.403 DEBUG 7503 --- [kground-preinit] o.apache.tomcat.util.digester.Digester   :   Fire end() for ObjectCreateRule[className=org.apache.tomcat.util.modeler.OperationInfo, attributeName=null]
2019-12-06 11:18:41.403 DEBUG 7503 --- [kground-preinit] o.apache.tomcat.util.digester.Digester   : [ObjectCreateRule]{mbeans-descriptors/mbean/operation} Pop org.apache.tomcat.util.modeler.OperationInfo
2019-12-06 11:18:41.403 DEBUG 7503 --- [kground-preinit] o.a.tomcat.util.digester.Digester.sax    : characters(

    )
2019-12-06 11:18:41.404 DEBUG 7503 --- [kground-preinit] o.a.tomcat.util.digester.Digester.sax    : startElement(,,operation)
2019-12-06 11:18:41.404 DEBUG 7503 --- [kground-preinit] o.apache.tomcat.util.digester.Digester   :   New match='mbeans-descriptors/mbean/operation'
2019-12-06 11:18:41.404 DEBUG 7503 --- [kground-preinit] o.apache.tomcat.util.digester.Digester   :   Fire begin() for ObjectCreateRule[className=org.apache.tomcat.util.modeler.OperationInfo, attributeName=null]
2019-12-06 11:18:41.404 DEBUG 7503 --- [kground-preinit] o.apache.tomcat.util.digester.Digester   :   Fire begin() for SetPropertiesRule[]
2019-12-06 11:18:41.404 DEBUG 7503 --- [kground-preinit] o.apache.tomcat.util.digester.Digester   : [SetPropertiesRule]{mbeans-descriptors/mbean/operation} Set org.apache.tomcat.util.modeler.OperationInfo properties
2019-12-06 11:18:41.404 DEBUG 7503 --- [kground-preinit] o.apache.tomcat.util.digester.Digester   : [SetPropertiesRule]{mbeans-descriptors/mbean/operation} Setting property 'name' to 'reload'
2019-12-06 11:18:41.404 DEBUG 7503 --- [kground-preinit] o.apache.tomcat.util.IntrospectionUtils  : IntrospectionUtils: setProperty(class org.apache.tomcat.util.modeler.OperationInfo name=reload)
2019-12-06 11:18:41.404 DEBUG 7503 --- [kground-preinit] o.apache.tomcat.util.digester.Digester   : [SetPropertiesRule]{mbeans-descriptors/mbean/operation} Setting property 'description' to 'Reload the web application'
2019-12-06 11:18:41.404 DEBUG 7503 --- [kground-preinit] o.apache.tomcat.util.IntrospectionUtils  : IntrospectionUtils: setProperty(class org.apache.tomcat.util.modeler.OperationInfo description=Reload the web application)
2019-12-06 11:18:41.404 DEBUG 7503 --- [kground-preinit] o.apache.tomcat.util.digester.Digester   : [SetPropertiesRule]{mbeans-descriptors/mbean/operation} Setting property 'impact' to 'ACTION'
2019-12-06 11:18:41.404 DEBUG 7503 --- [kground-preinit] o.apache.tomcat.util.IntrospectionUtils  : IntrospectionUtils: setProperty(class org.apache.tomcat.util.modeler.OperationInfo impact=ACTION)
2019-12-06 11:18:41.404 DEBUG 7503 --- [kground-preinit] o.apache.tomcat.util.digester.Digester   : [SetPropertiesRule]{mbeans-descriptors/mbean/operation} Setting property 'returnType' to 'void'
2019-12-06 11:18:41.405 DEBUG 7503 --- [kground-preinit] o.apache.tomcat.util.IntrospectionUtils  : IntrospectionUtils: setProperty(class org.apache.tomcat.util.modeler.OperationInfo returnType=void)
2019-12-06 11:18:41.405 DEBUG 7503 --- [kground-preinit] o.apache.tomcat.util.digester.Digester   :   Fire begin() for SetNextRule[methodName=addOperation, paramType=org.apache.tomcat.util.modeler.OperationInfo]
2019-12-06 11:18:41.405 DEBUG 7503 --- [kground-preinit] o.a.tomcat.util.digester.Digester.sax    : characters(
    )
2019-12-06 11:18:41.405 DEBUG 7503 --- [kground-preinit] o.a.tomcat.util.digester.Digester.sax    : endElement(,,operation)
2019-12-06 11:18:41.405 DEBUG 7503 --- [kground-preinit] o.apache.tomcat.util.digester.Digester   :   match='mbeans-descriptors/mbean/operation'
2019-12-06 11:18:41.405 DEBUG 7503 --- [kground-preinit] o.apache.tomcat.util.digester.Digester   :   bodyText='
    '
2019-12-06 11:18:41.405 DEBUG 7503 --- [kground-preinit] o.apache.tomcat.util.digester.Digester   :   Fire body() for ObjectCreateRule[className=org.apache.tomcat.util.modeler.OperationInfo, attributeName=null]
2019-12-06 11:18:41.405 DEBUG 7503 --- [kground-preinit] o.apache.tomcat.util.digester.Digester   :   Fire body() for SetPropertiesRule[]
2019-12-06 11:18:41.405 DEBUG 7503 --- [kground-preinit] o.apache.tomcat.util.digester.Digester   :   Fire body() for SetNextRule[methodName=addOperation, paramType=org.apache.tomcat.util.modeler.OperationInfo]
2019-12-06 11:18:41.405 DEBUG 7503 --- [kground-preinit] o.apache.tomcat.util.digester.Digester   :   Fire end() for SetNextRule[methodName=addOperation, paramType=org.apache.tomcat.util.modeler.OperationInfo]
2019-12-06 11:18:41.405 DEBUG 7503 --- [kground-preinit] o.apache.tomcat.util.digester.Digester   : [SetNextRule]{mbeans-descriptors/mbean/operation} Call org.apache.tomcat.util.modeler.ManagedBean.addOperation(org.apache.tomcat.util.modeler.OperationInfo@1f38fd39)
2019-12-06 11:18:41.405 DEBUG 7503 --- [kground-preinit] o.apache.tomcat.util.IntrospectionUtils  : IntrospectionUtils: callMethod1 org.apache.tomcat.util.modeler.ManagedBean org.apache.tomcat.util.modeler.OperationInfo org.apache.tomcat.util.modeler.OperationInfo
2019-12-06 11:18:41.405 DEBUG 7503 --- [kground-preinit] o.apache.tomcat.util.digester.Digester   :   Fire end() for SetPropertiesRule[]
2019-12-06 11:18:41.405 DEBUG 7503 --- [kground-preinit] o.apache.tomcat.util.digester.Digester   :   Fire end() for ObjectCreateRule[className=org.apache.tomcat.util.modeler.OperationInfo, attributeName=null]
2019-12-06 11:18:41.406 DEBUG 7503 --- [kground-preinit] o.apache.tomcat.util.digester.Digester   : [ObjectCreateRule]{mbeans-descriptors/mbean/operation} Pop org.apache.tomcat.util.modeler.OperationInfo
2019-12-06 11:18:41.406 DEBUG 7503 --- [kground-preinit] o.a.tomcat.util.digester.Digester.sax    : characters(

    )
2019-12-06 11:18:41.406 DEBUG 7503 --- [kground-preinit] o.a.tomcat.util.digester.Digester.sax    : startElement(,,operation)
2019-12-06 11:18:41.406 DEBUG 7503 --- [kground-preinit] o.apache.tomcat.util.digester.Digester   :   New match='mbeans-descriptors/mbean/operation'
2019-12-06 11:18:41.406 DEBUG 7503 --- [kground-preinit] o.apache.tomcat.util.digester.Digester   :   Fire begin() for ObjectCreateRule[className=org.apache.tomcat.util.modeler.OperationInfo, attributeName=null]
2019-12-06 11:18:41.406 DEBUG 7503 --- [kground-preinit] o.apache.tomcat.util.digester.Digester   :   Fire begin() for SetPropertiesRule[]
2019-12-06 11:18:41.406 DEBUG 7503 --- [kground-preinit] o.apache.tomcat.util.digester.Digester   : [SetPropertiesRule]{mbeans-descriptors/mbean/operation} Set org.apache.tomcat.util.modeler.OperationInfo properties
2019-12-06 11:18:41.406 DEBUG 7503 --- [kground-preinit] o.apache.tomcat.util.digester.Digester   : [SetPropertiesRule]{mbeans-descriptors/mbean/operation} Setting property 'name' to 'removeApplicationListener'
2019-12-06 11:18:41.406 DEBUG 7503 --- [kground-preinit] o.apache.tomcat.util.IntrospectionUtils  : IntrospectionUtils: setProperty(class org.apache.tomcat.util.modeler.OperationInfo name=removeApplicationListener)
2019-12-06 11:18:41.406 DEBUG 7503 --- [kground-preinit] o.apache.tomcat.util.digester.Digester   : [SetPropertiesRule]{mbeans-descriptors/mbean/operation} Setting property 'description' to 'Remove the specified application listener class from the set of listeners for this application.'
2019-12-06 11:18:41.407 DEBUG 7503 --- [kground-preinit] o.apache.tomcat.util.IntrospectionUtils  : IntrospectionUtils: setProperty(class org.apache.tomcat.util.modeler.OperationInfo description=Remove the specified application listener class from the set of listeners for this application.)
2019-12-06 11:18:41.407 DEBUG 7503 --- [kground-preinit] o.apache.tomcat.util.digester.Digester   : [SetPropertiesRule]{mbeans-descriptors/mbean/operation} Setting property 'impact' to 'ACTION'
2019-12-06 11:18:41.407 DEBUG 7503 --- [kground-preinit] o.apache.tomcat.util.IntrospectionUtils  : IntrospectionUtils: setProperty(class org.apache.tomcat.util.modeler.OperationInfo impact=ACTION)
2019-12-06 11:18:41.407 DEBUG 7503 --- [kground-preinit] o.apache.tomcat.util.digester.Digester   : [SetPropertiesRule]{mbeans-descriptors/mbean/operation} Setting property 'returnType' to 'void'
2019-12-06 11:18:41.407 DEBUG 7503 --- [kground-preinit] o.apache.tomcat.util.IntrospectionUtils  : IntrospectionUtils: setProperty(class org.apache.tomcat.util.modeler.OperationInfo returnType=void)
2019-12-06 11:18:41.407 DEBUG 7503 --- [kground-preinit] o.apache.tomcat.util.digester.Digester   :   Fire begin() for SetNextRule[methodName=addOperation, paramType=org.apache.tomcat.util.modeler.OperationInfo]
2019-12-06 11:18:41.407 DEBUG 7503 --- [kground-preinit] o.a.tomcat.util.digester.Digester.sax    : characters(
      )
2019-12-06 11:18:41.407 DEBUG 7503 --- [kground-preinit] o.a.tomcat.util.digester.Digester.sax    : startElement(,,parameter)
2019-12-06 11:18:41.407 DEBUG 7503 --- [kground-preinit] o.apache.tomcat.util.digester.Digester   :   New match='mbeans-descriptors/mbean/operation/parameter'
2019-12-06 11:18:41.407 DEBUG 7503 --- [kground-preinit] o.apache.tomcat.util.digester.Digester   :   Fire begin() for ObjectCreateRule[className=org.apache.tomcat.util.modeler.ParameterInfo, attributeName=null]
2019-12-06 11:18:41.407 DEBUG 7503 --- [kground-preinit] o.apache.tomcat.util.digester.Digester   :   Fire begin() for SetPropertiesRule[]
2019-12-06 11:18:41.408 DEBUG 7503 --- [kground-preinit] o.apache.tomcat.util.digester.Digester   : [SetPropertiesRule]{mbeans-descriptors/mbean/operation/parameter} Set org.apache.tomcat.util.modeler.ParameterInfo properties
2019-12-06 11:18:41.408 DEBUG 7503 --- [kground-preinit] o.apache.tomcat.util.digester.Digester   : [SetPropertiesRule]{mbeans-descriptors/mbean/operation/parameter} Setting property 'name' to 'listener'
2019-12-06 11:18:41.408 DEBUG 7503 --- [kground-preinit] o.apache.tomcat.util.IntrospectionUtils  : IntrospectionUtils: setProperty(class org.apache.tomcat.util.modeler.ParameterInfo name=listener)
2019-12-06 11:18:41.408 DEBUG 7503 --- [kground-preinit] o.apache.tomcat.util.digester.Digester   : [SetPropertiesRule]{mbeans-descriptors/mbean/operation/parameter} Setting property 'description' to 'Java class name of the listener to be removed'
2019-12-06 11:18:41.408 DEBUG 7503 --- [kground-preinit] o.apache.tomcat.util.IntrospectionUtils  : IntrospectionUtils: setProperty(class org.apache.tomcat.util.modeler.ParameterInfo description=Java class name of the listener to be removed)
2019-12-06 11:18:41.408 DEBUG 7503 --- [kground-preinit] o.apache.tomcat.util.digester.Digester   : [SetPropertiesRule]{mbeans-descriptors/mbean/operation/parameter} Setting property 'type' to 'java.lang.String'
2019-12-06 11:18:41.408 DEBUG 7503 --- [kground-preinit] o.apache.tomcat.util.IntrospectionUtils  : IntrospectionUtils: setProperty(class org.apache.tomcat.util.modeler.ParameterInfo type=java.lang.String)
2019-12-06 11:18:41.408 DEBUG 7503 --- [kground-preinit] o.apache.tomcat.util.digester.Digester   :   Fire begin() for SetNextRule[methodName=addParameter, paramType=org.apache.tomcat.util.modeler.ParameterInfo]
2019-12-06 11:18:41.408 DEBUG 7503 --- [kground-preinit] o.a.tomcat.util.digester.Digester.sax    : endElement(,,parameter)
2019-12-06 11:18:41.408 DEBUG 7503 --- [kground-preinit] o.apache.tomcat.util.digester.Digester   :   match='mbeans-descriptors/mbean/operation/parameter'
2019-12-06 11:18:41.408 DEBUG 7503 --- [kground-preinit] o.apache.tomcat.util.digester.Digester   :   bodyText=''
2019-12-06 11:18:41.408 DEBUG 7503 --- [kground-preinit] o.apache.tomcat.util.digester.Digester   :   Fire body() for ObjectCreateRule[className=org.apache.tomcat.util.modeler.ParameterInfo, attributeName=null]
2019-12-06 11:18:41.408 DEBUG 7503 --- [kground-preinit] o.apache.tomcat.util.digester.Digester   :   Fire body() for SetPropertiesRule[]
2019-12-06 11:18:41.408 DEBUG 7503 --- [kground-preinit] o.apache.tomcat.util.digester.Digester   :   Fire body() for SetNextRule[methodName=addParameter, paramType=org.apache.tomcat.util.modeler.ParameterInfo]
2019-12-06 11:18:41.409 DEBUG 7503 --- [kground-preinit] o.apache.tomcat.util.digester.Digester   :   Fire end() for SetNextRule[methodName=addParameter, paramType=org.apache.tomcat.util.modeler.ParameterInfo]
2019-12-06 11:18:41.409 DEBUG 7503 --- [kground-preinit] o.apache.tomcat.util.digester.Digester   : [SetNextRule]{mbeans-descriptors/mbean/operation/parameter} Call org.apache.tomcat.util.modeler.OperationInfo.addParameter(org.apache.tomcat.util.modeler.ParameterInfo@5ece88e7)
2019-12-06 11:18:41.409 DEBUG 7503 --- [kground-preinit] o.apache.tomcat.util.IntrospectionUtils  : IntrospectionUtils: callMethod1 org.apache.tomcat.util.modeler.OperationInfo org.apache.tomcat.util.modeler.ParameterInfo org.apache.tomcat.util.modeler.ParameterInfo
2019-12-06 11:18:41.409 DEBUG 7503 --- [kground-preinit] o.apache.tomcat.util.digester.Digester   :   Fire end() for SetPropertiesRule[]
2019-12-06 11:18:41.409 DEBUG 7503 --- [kground-preinit] o.apache.tomcat.util.digester.Digester   :   Fire end() for ObjectCreateRule[className=org.apache.tomcat.util.modeler.ParameterInfo, attributeName=null]
2019-12-06 11:18:41.409 DEBUG 7503 --- [kground-preinit] o.apache.tomcat.util.digester.Digester   : [ObjectCreateRule]{mbeans-descriptors/mbean/operation/parameter} Pop org.apache.tomcat.util.modeler.ParameterInfo
2019-12-06 11:18:41.409 DEBUG 7503 --- [kground-preinit] o.a.tomcat.util.digester.Digester.sax    : characters(
    )
2019-12-06 11:18:41.409 DEBUG 7503 --- [kground-preinit] o.a.tomcat.util.digester.Digester.sax    : endElement(,,operation)
2019-12-06 11:18:41.409 DEBUG 7503 --- [kground-preinit] o.apache.tomcat.util.digester.Digester   :   match='mbeans-descriptors/mbean/operation'
2019-12-06 11:18:41.409 DEBUG 7503 --- [kground-preinit] o.apache.tomcat.util.digester.Digester   :   bodyText='
      
    '
2019-12-06 11:18:41.409 DEBUG 7503 --- [kground-preinit] o.apache.tomcat.util.digester.Digester   :   Fire body() for ObjectCreateRule[className=org.apache.tomcat.util.modeler.OperationInfo, attributeName=null]
2019-12-06 11:18:41.410 DEBUG 7503 --- [kground-preinit] o.apache.tomcat.util.digester.Digester   :   Fire body() for SetPropertiesRule[]
2019-12-06 11:18:41.410 DEBUG 7503 --- [kground-preinit] o.apache.tomcat.util.digester.Digester   :   Fire body() for SetNextRule[methodName=addOperation, paramType=org.apache.tomcat.util.modeler.OperationInfo]
2019-12-06 11:18:41.410 DEBUG 7503 --- [kground-preinit] o.apache.tomcat.util.digester.Digester   :   Fire end() for SetNextRule[methodName=addOperation, paramType=org.apache.tomcat.util.modeler.OperationInfo]
2019-12-06 11:18:41.410 DEBUG 7503 --- [kground-preinit] o.apache.tomcat.util.digester.Digester   : [SetNextRule]{mbeans-descriptors/mbean/operation} Call org.apache.tomcat.util.modeler.ManagedBean.addOperation(org.apache.tomcat.util.modeler.OperationInfo@6b85503d)
2019-12-06 11:18:41.410 DEBUG 7503 --- [kground-preinit] o.apache.tomcat.util.IntrospectionUtils  : IntrospectionUtils: callMethod1 org.apache.tomcat.util.modeler.ManagedBean org.apache.tomcat.util.modeler.OperationInfo org.apache.tomcat.util.modeler.OperationInfo
2019-12-06 11:18:41.410 DEBUG 7503 --- [kground-preinit] o.apache.tomcat.util.digester.Digester   :   Fire end() for SetPropertiesRule[]
2019-12-06 11:18:41.410 DEBUG 7503 --- [kground-preinit] o.apache.tomcat.util.digester.Digester   :   Fire end() for ObjectCreateRule[className=org.apache.tomcat.util.modeler.OperationInfo, attributeName=null]
2019-12-06 11:18:41.410 DEBUG 7503 --- [kground-preinit] o.apache.tomcat.util.digester.Digester   : [ObjectCreateRule]{mbeans-descriptors/mbean/operation} Pop org.apache.tomcat.util.modeler.OperationInfo
2019-12-06 11:18:41.410 DEBUG 7503 --- [kground-preinit] o.a.tomcat.util.digester.Digester.sax    : characters(

    )
2019-12-06 11:18:41.410 DEBUG 7503 --- [kground-preinit] o.a.tomcat.util.digester.Digester.sax    : startElement(,,operation)
2019-12-06 11:18:41.410 DEBUG 7503 --- [kground-preinit] o.apache.tomcat.util.digester.Digester   :   New match='mbeans-descriptors/mbean/operation'
2019-12-06 11:18:41.410 DEBUG 7503 --- [kground-preinit] o.apache.tomcat.util.digester.Digester   :   Fire begin() for ObjectCreateRule[className=org.apache.tomcat.util.modeler.OperationInfo, attributeName=null]
2019-12-06 11:18:41.411 DEBUG 7503 --- [kground-preinit] o.apache.tomcat.util.digester.Digester   :   Fire begin() for SetPropertiesRule[]
2019-12-06 11:18:41.411 DEBUG 7503 --- [kground-preinit] o.apache.tomcat.util.digester.Digester   : [SetPropertiesRule]{mbeans-descriptors/mbean/operation} Set org.apache.tomcat.util.modeler.OperationInfo properties
2019-12-06 11:18:41.411 DEBUG 7503 --- [kground-preinit] o.apache.tomcat.util.digester.Digester   : [SetPropertiesRule]{mbeans-descriptors/mbean/operation} Setting property 'name' to 'removeApplicationParameter'
2019-12-06 11:18:41.411 DEBUG 7503 --- [kground-preinit] o.apache.tomcat.util.IntrospectionUtils  : IntrospectionUtils: setProperty(class org.apache.tomcat.util.modeler.OperationInfo name=removeApplicationParameter)
2019-12-06 11:18:41.411 DEBUG 7503 --- [kground-preinit] o.apache.tomcat.util.digester.Digester   : [SetPropertiesRule]{mbeans-descriptors/mbean/operation} Setting property 'description' to 'Remove the application parameter with the specified name from the set for this application.'
2019-12-06 11:18:41.411 DEBUG 7503 --- [kground-preinit] o.apache.tomcat.util.IntrospectionUtils  : IntrospectionUtils: setProperty(class org.apache.tomcat.util.modeler.OperationInfo description=Remove the application parameter with the specified name from the set for this application.)
2019-12-06 11:18:41.411 DEBUG 7503 --- [kground-preinit] o.apache.tomcat.util.digester.Digester   : [SetPropertiesRule]{mbeans-descriptors/mbean/operation} Setting property 'impact' to 'ACTION'
2019-12-06 11:18:41.411 DEBUG 7503 --- [kground-preinit] o.apache.tomcat.util.IntrospectionUtils  : IntrospectionUtils: setProperty(class org.apache.tomcat.util.modeler.OperationInfo impact=ACTION)
2019-12-06 11:18:41.411 DEBUG 7503 --- [kground-preinit] o.apache.tomcat.util.digester.Digester   : [SetPropertiesRule]{mbeans-descriptors/mbean/operation} Setting property 'returnType' to 'void'
2019-12-06 11:18:41.411 DEBUG 7503 --- [kground-preinit] o.apache.tomcat.util.IntrospectionUtils  : IntrospectionUtils: setProperty(class org.apache.tomcat.util.modeler.OperationInfo returnType=void)
2019-12-06 11:18:41.411 DEBUG 7503 --- [kground-preinit] o.apache.tomcat.util.digester.Digester   :   Fire begin() for SetNextRule[methodName=addOperation, paramType=org.apache.tomcat.util.modeler.OperationInfo]
2019-12-06 11:18:41.411 DEBUG 7503 --- [kground-preinit] o.a.tomcat.util.digester.Digester.sax    : characters(
      )
2019-12-06 11:18:41.411 DEBUG 7503 --- [kground-preinit] o.a.tomcat.util.digester.Digester.sax    : startElement(,,parameter)
2019-12-06 11:18:41.412 DEBUG 7503 --- [kground-preinit] o.apache.tomcat.util.digester.Digester   :   New match='mbeans-descriptors/mbean/operation/parameter'
2019-12-06 11:18:41.412 DEBUG 7503 --- [kground-preinit] o.apache.tomcat.util.digester.Digester   :   Fire begin() for ObjectCreateRule[className=org.apache.tomcat.util.modeler.ParameterInfo, attributeName=null]
2019-12-06 11:18:41.412 DEBUG 7503 --- [kground-preinit] o.apache.tomcat.util.digester.Digester   :   Fire begin() for SetPropertiesRule[]
2019-12-06 11:18:41.412 DEBUG 7503 --- [kground-preinit] o.apache.tomcat.util.digester.Digester   : [SetPropertiesRule]{mbeans-descriptors/mbean/operation/parameter} Set org.apache.tomcat.util.modeler.ParameterInfo properties
2019-12-06 11:18:41.412 DEBUG 7503 --- [kground-preinit] o.apache.tomcat.util.digester.Digester   : [SetPropertiesRule]{mbeans-descriptors/mbean/operation/parameter} Setting property 'name' to 'name'
2019-12-06 11:18:41.412 DEBUG 7503 --- [kground-preinit] o.apache.tomcat.util.IntrospectionUtils  : IntrospectionUtils: setProperty(class org.apache.tomcat.util.modeler.ParameterInfo name=name)
2019-12-06 11:18:41.412 DEBUG 7503 --- [kground-preinit] o.apache.tomcat.util.digester.Digester   : [SetPropertiesRule]{mbeans-descriptors/mbean/operation/parameter} Setting property 'description' to 'Name of the application parameter to remove'
2019-12-06 11:18:41.412 DEBUG 7503 --- [kground-preinit] o.apache.tomcat.util.IntrospectionUtils  : IntrospectionUtils: setProperty(class org.apache.tomcat.util.modeler.ParameterInfo description=Name of the application parameter to remove)
2019-12-06 11:18:41.412 DEBUG 7503 --- [kground-preinit] o.apache.tomcat.util.digester.Digester   : [SetPropertiesRule]{mbeans-descriptors/mbean/operation/parameter} Setting property 'type' to 'java.lang.String'
2019-12-06 11:18:41.412 DEBUG 7503 --- [kground-preinit] o.apache.tomcat.util.IntrospectionUtils  : IntrospectionUtils: setProperty(class org.apache.tomcat.util.modeler.ParameterInfo type=java.lang.String)
2019-12-06 11:18:41.412 DEBUG 7503 --- [kground-preinit] o.apache.tomcat.util.digester.Digester   :   Fire begin() for SetNextRule[methodName=addParameter, paramType=org.apache.tomcat.util.modeler.ParameterInfo]
2019-12-06 11:18:41.412 DEBUG 7503 --- [kground-preinit] o.a.tomcat.util.digester.Digester.sax    : endElement(,,parameter)
2019-12-06 11:18:41.413 DEBUG 7503 --- [kground-preinit] o.apache.tomcat.util.digester.Digester   :   match='mbeans-descriptors/mbean/operation/parameter'
2019-12-06 11:18:41.413 DEBUG 7503 --- [kground-preinit] o.apache.tomcat.util.digester.Digester   :   bodyText=''
2019-12-06 11:18:41.413 DEBUG 7503 --- [kground-preinit] o.apache.tomcat.util.digester.Digester   :   Fire body() for ObjectCreateRule[className=org.apache.tomcat.util.modeler.ParameterInfo, attributeName=null]
2019-12-06 11:18:41.413 DEBUG 7503 --- [kground-preinit] o.apache.tomcat.util.digester.Digester   :   Fire body() for SetPropertiesRule[]
2019-12-06 11:18:41.413 DEBUG 7503 --- [kground-preinit] o.apache.tomcat.util.digester.Digester   :   Fire body() for SetNextRule[methodName=addParameter, paramType=org.apache.tomcat.util.modeler.ParameterInfo]
2019-12-06 11:18:41.413 DEBUG 7503 --- [kground-preinit] o.apache.tomcat.util.digester.Digester   :   Fire end() for SetNextRule[methodName=addParameter, paramType=org.apache.tomcat.util.modeler.ParameterInfo]
2019-12-06 11:18:41.413 DEBUG 7503 --- [kground-preinit] o.apache.tomcat.util.digester.Digester   : [SetNextRule]{mbeans-descriptors/mbean/operation/parameter} Call org.apache.tomcat.util.modeler.OperationInfo.addParameter(org.apache.tomcat.util.modeler.ParameterInfo@4e88f333)
2019-12-06 11:18:41.413 DEBUG 7503 --- [kground-preinit] o.apache.tomcat.util.IntrospectionUtils  : IntrospectionUtils: callMethod1 org.apache.tomcat.util.modeler.OperationInfo org.apache.tomcat.util.modeler.ParameterInfo org.apache.tomcat.util.modeler.ParameterInfo
2019-12-06 11:18:41.413 DEBUG 7503 --- [kground-preinit] o.apache.tomcat.util.digester.Digester   :   Fire end() for SetPropertiesRule[]
2019-12-06 11:18:41.413 DEBUG 7503 --- [kground-preinit] o.apache.tomcat.util.digester.Digester   :   Fire end() for ObjectCreateRule[className=org.apache.tomcat.util.modeler.ParameterInfo, attributeName=null]
2019-12-06 11:18:41.413 DEBUG 7503 --- [kground-preinit] o.apache.tomcat.util.digester.Digester   : [ObjectCreateRule]{mbeans-descriptors/mbean/operation/parameter} Pop org.apache.tomcat.util.modeler.ParameterInfo
2019-12-06 11:18:41.413 DEBUG 7503 --- [kground-preinit] o.a.tomcat.util.digester.Digester.sax    : characters(
    )
2019-12-06 11:18:41.414 DEBUG 7503 --- [kground-preinit] o.a.tomcat.util.digester.Digester.sax    : endElement(,,operation)
2019-12-06 11:18:41.414 DEBUG 7503 --- [kground-preinit] o.apache.tomcat.util.digester.Digester   :   match='mbeans-descriptors/mbean/operation'
2019-12-06 11:18:41.414 DEBUG 7503 --- [kground-preinit] o.apache.tomcat.util.digester.Digester   :   bodyText='
      
    '
2019-12-06 11:18:41.414 DEBUG 7503 --- [kground-preinit] o.apache.tomcat.util.digester.Digester   :   Fire body() for ObjectCreateRule[className=org.apache.tomcat.util.modeler.OperationInfo, attributeName=null]
2019-12-06 11:18:41.414 DEBUG 7503 --- [kground-preinit] o.apache.tomcat.util.digester.Digester   :   Fire body() for SetPropertiesRule[]
2019-12-06 11:18:41.414 DEBUG 7503 --- [kground-preinit] o.apache.tomcat.util.digester.Digester   :   Fire body() for SetNextRule[methodName=addOperation, paramType=org.apache.tomcat.util.modeler.OperationInfo]
2019-12-06 11:18:41.414 DEBUG 7503 --- [kground-preinit] o.apache.tomcat.util.digester.Digester   :   Fire end() for SetNextRule[methodName=addOperation, paramType=org.apache.tomcat.util.modeler.OperationInfo]
2019-12-06 11:18:41.414 DEBUG 7503 --- [kground-preinit] o.apache.tomcat.util.digester.Digester   : [SetNextRule]{mbeans-descriptors/mbean/operation} Call org.apache.tomcat.util.modeler.ManagedBean.addOperation(org.apache.tomcat.util.modeler.OperationInfo@16811eee)
2019-12-06 11:18:41.414 DEBUG 7503 --- [kground-preinit] o.apache.tomcat.util.IntrospectionUtils  : IntrospectionUtils: callMethod1 org.apache.tomcat.util.modeler.ManagedBean org.apache.tomcat.util.modeler.OperationInfo org.apache.tomcat.util.modeler.OperationInfo
2019-12-06 11:18:41.414 DEBUG 7503 --- [kground-preinit] o.apache.tomcat.util.digester.Digester   :   Fire end() for SetPropertiesRule[]
2019-12-06 11:18:41.414 DEBUG 7503 --- [kground-preinit] o.apache.tomcat.util.digester.Digester   :   Fire end() for ObjectCreateRule[className=org.apache.tomcat.util.modeler.OperationInfo, attributeName=null]
2019-12-06 11:18:41.414 DEBUG 7503 --- [kground-preinit] o.apache.tomcat.util.digester.Digester   : [ObjectCreateRule]{mbeans-descriptors/mbean/operation} Pop org.apache.tomcat.util.modeler.OperationInfo
2019-12-06 11:18:41.415 DEBUG 7503 --- [kground-preinit] o.a.tomcat.util.digester.Digester.sax    : characters(

    )
2019-12-06 11:18:41.415 DEBUG 7503 --- [kground-preinit] o.a.tomcat.util.digester.Digester.sax    : startElement(,,operation)
2019-12-06 11:18:41.415 DEBUG 7503 --- [kground-preinit] o.apache.tomcat.util.digester.Digester   :   New match='mbeans-descriptors/mbean/operation'
2019-12-06 11:18:41.415 DEBUG 7503 --- [kground-preinit] o.apache.tomcat.util.digester.Digester   :   Fire begin() for ObjectCreateRule[className=org.apache.tomcat.util.modeler.OperationInfo, attributeName=null]
2019-12-06 11:18:41.415 DEBUG 7503 --- [kground-preinit] o.apache.tomcat.util.digester.Digester   :   Fire begin() for SetPropertiesRule[]
2019-12-06 11:18:41.415 DEBUG 7503 --- [kground-preinit] o.apache.tomcat.util.digester.Digester   : [SetPropertiesRule]{mbeans-descriptors/mbean/operation} Set org.apache.tomcat.util.modeler.OperationInfo properties
2019-12-06 11:18:41.415 DEBUG 7503 --- [kground-preinit] o.apache.tomcat.util.digester.Digester   : [SetPropertiesRule]{mbeans-descriptors/mbean/operation} Setting property 'name' to 'removeChild'
2019-12-06 11:18:41.415 DEBUG 7503 --- [kground-preinit] o.apache.tomcat.util.IntrospectionUtils  : IntrospectionUtils: setProperty(class org.apache.tomcat.util.modeler.OperationInfo name=removeChild)
2019-12-06 11:18:41.415 DEBUG 7503 --- [kground-preinit] o.apache.tomcat.util.digester.Digester   : [SetPropertiesRule]{mbeans-descriptors/mbean/operation} Setting property 'description' to 'Remove a child from this Context'
2019-12-06 11:18:41.415 DEBUG 7503 --- [kground-preinit] o.apache.tomcat.util.IntrospectionUtils  : IntrospectionUtils: setProperty(class org.apache.tomcat.util.modeler.OperationInfo description=Remove a child from this Context)
2019-12-06 11:18:41.416 DEBUG 7503 --- [kground-preinit] o.apache.tomcat.util.digester.Digester   : [SetPropertiesRule]{mbeans-descriptors/mbean/operation} Setting property 'impact' to 'ACTION'
2019-12-06 11:18:41.416 DEBUG 7503 --- [kground-preinit] o.apache.tomcat.util.IntrospectionUtils  : IntrospectionUtils: setProperty(class org.apache.tomcat.util.modeler.OperationInfo impact=ACTION)
2019-12-06 11:18:41.416 DEBUG 7503 --- [kground-preinit] o.apache.tomcat.util.digester.Digester   : [SetPropertiesRule]{mbeans-descriptors/mbean/operation} Setting property 'returnType' to 'void'
2019-12-06 11:18:41.416 DEBUG 7503 --- [kground-preinit] o.apache.tomcat.util.IntrospectionUtils  : IntrospectionUtils: setProperty(class org.apache.tomcat.util.modeler.OperationInfo returnType=void)
2019-12-06 11:18:41.416 DEBUG 7503 --- [kground-preinit] o.apache.tomcat.util.digester.Digester   :   Fire begin() for SetNextRule[methodName=addOperation, paramType=org.apache.tomcat.util.modeler.OperationInfo]
2019-12-06 11:18:41.416 DEBUG 7503 --- [kground-preinit] o.a.tomcat.util.digester.Digester.sax    : characters(
      )
2019-12-06 11:18:41.416 DEBUG 7503 --- [kground-preinit] o.a.tomcat.util.digester.Digester.sax    : startElement(,,parameter)
2019-12-06 11:18:41.416 DEBUG 7503 --- [kground-preinit] o.apache.tomcat.util.digester.Digester   :   New match='mbeans-descriptors/mbean/operation/parameter'
2019-12-06 11:18:41.416 DEBUG 7503 --- [kground-preinit] o.apache.tomcat.util.digester.Digester   :   Fire begin() for ObjectCreateRule[className=org.apache.tomcat.util.modeler.ParameterInfo, attributeName=null]
2019-12-06 11:18:41.416 DEBUG 7503 --- [kground-preinit] o.apache.tomcat.util.digester.Digester   :   Fire begin() for SetPropertiesRule[]
2019-12-06 11:18:41.416 DEBUG 7503 --- [kground-preinit] o.apache.tomcat.util.digester.Digester   : [SetPropertiesRule]{mbeans-descriptors/mbean/operation/parameter} Set org.apache.tomcat.util.modeler.ParameterInfo properties
2019-12-06 11:18:41.416 DEBUG 7503 --- [kground-preinit] o.apache.tomcat.util.digester.Digester   : [SetPropertiesRule]{mbeans-descriptors/mbean/operation/parameter} Setting property 'name' to 'name'
2019-12-06 11:18:41.416 DEBUG 7503 --- [kground-preinit] o.apache.tomcat.util.IntrospectionUtils  : IntrospectionUtils: setProperty(class org.apache.tomcat.util.modeler.ParameterInfo name=name)
2019-12-06 11:18:41.417 DEBUG 7503 --- [kground-preinit] o.apache.tomcat.util.digester.Digester   : [SetPropertiesRule]{mbeans-descriptors/mbean/operation/parameter} Setting property 'description' to 'Name of the existing child Container to be removed'
2019-12-06 11:18:41.417 DEBUG 7503 --- [kground-preinit] o.apache.tomcat.util.IntrospectionUtils  : IntrospectionUtils: setProperty(class org.apache.tomcat.util.modeler.ParameterInfo description=Name of the existing child Container to be removed)
2019-12-06 11:18:41.417 DEBUG 7503 --- [kground-preinit] o.apache.tomcat.util.digester.Digester   : [SetPropertiesRule]{mbeans-descriptors/mbean/operation/parameter} Setting property 'type' to 'java.lang.String'
2019-12-06 11:18:41.417 DEBUG 7503 --- [kground-preinit] o.apache.tomcat.util.IntrospectionUtils  : IntrospectionUtils: setProperty(class org.apache.tomcat.util.modeler.ParameterInfo type=java.lang.String)
2019-12-06 11:18:41.417 DEBUG 7503 --- [kground-preinit] o.apache.tomcat.util.digester.Digester   :   Fire begin() for SetNextRule[methodName=addParameter, paramType=org.apache.tomcat.util.modeler.ParameterInfo]
2019-12-06 11:18:41.417 DEBUG 7503 --- [kground-preinit] o.a.tomcat.util.digester.Digester.sax    : endElement(,,parameter)
2019-12-06 11:18:41.417 DEBUG 7503 --- [kground-preinit] o.apache.tomcat.util.digester.Digester   :   match='mbeans-descriptors/mbean/operation/parameter'
2019-12-06 11:18:41.417 DEBUG 7503 --- [kground-preinit] o.apache.tomcat.util.digester.Digester   :   bodyText=''
2019-12-06 11:18:41.417 DEBUG 7503 --- [kground-preinit] o.apache.tomcat.util.digester.Digester   :   Fire body() for ObjectCreateRule[className=org.apache.tomcat.util.modeler.ParameterInfo, attributeName=null]
2019-12-06 11:18:41.417 DEBUG 7503 --- [kground-preinit] o.apache.tomcat.util.digester.Digester   :   Fire body() for SetPropertiesRule[]
2019-12-06 11:18:41.417 DEBUG 7503 --- [kground-preinit] o.apache.tomcat.util.digester.Digester   :   Fire body() for SetNextRule[methodName=addParameter, paramType=org.apache.tomcat.util.modeler.ParameterInfo]
2019-12-06 11:18:41.417 DEBUG 7503 --- [kground-preinit] o.apache.tomcat.util.digester.Digester   :   Fire end() for SetNextRule[methodName=addParameter, paramType=org.apache.tomcat.util.modeler.ParameterInfo]
2019-12-06 11:18:41.418 DEBUG 7503 --- [kground-preinit] o.apache.tomcat.util.digester.Digester   : [SetNextRule]{mbeans-descriptors/mbean/operation/parameter} Call org.apache.tomcat.util.modeler.OperationInfo.addParameter(org.apache.tomcat.util.modeler.ParameterInfo@3ca23569)
2019-12-06 11:18:41.418 DEBUG 7503 --- [kground-preinit] o.apache.tomcat.util.IntrospectionUtils  : IntrospectionUtils: callMethod1 org.apache.tomcat.util.modeler.OperationInfo org.apache.tomcat.util.modeler.ParameterInfo org.apache.tomcat.util.modeler.ParameterInfo
2019-12-06 11:18:41.418 DEBUG 7503 --- [kground-preinit] o.apache.tomcat.util.digester.Digester   :   Fire end() for SetPropertiesRule[]
2019-12-06 11:18:41.418 DEBUG 7503 --- [kground-preinit] o.apache.tomcat.util.digester.Digester   :   Fire end() for ObjectCreateRule[className=org.apache.tomcat.util.modeler.ParameterInfo, attributeName=null]
2019-12-06 11:18:41.418 DEBUG 7503 --- [kground-preinit] o.apache.tomcat.util.digester.Digester   : [ObjectCreateRule]{mbeans-descriptors/mbean/operation/parameter} Pop org.apache.tomcat.util.modeler.ParameterInfo
2019-12-06 11:18:41.418 DEBUG 7503 --- [kground-preinit] o.a.tomcat.util.digester.Digester.sax    : characters(
    )
2019-12-06 11:18:41.418 DEBUG 7503 --- [kground-preinit] o.a.tomcat.util.digester.Digester.sax    : endElement(,,operation)
2019-12-06 11:18:41.418 DEBUG 7503 --- [kground-preinit] o.apache.tomcat.util.digester.Digester   :   match='mbeans-descriptors/mbean/operation'
2019-12-06 11:18:41.418 DEBUG 7503 --- [kground-preinit] o.apache.tomcat.util.digester.Digester   :   bodyText='
      
    '
2019-12-06 11:18:41.418 DEBUG 7503 --- [kground-preinit] o.apache.tomcat.util.digester.Digester   :   Fire body() for ObjectCreateRule[className=org.apache.tomcat.util.modeler.OperationInfo, attributeName=null]
2019-12-06 11:18:41.418 DEBUG 7503 --- [kground-preinit] o.apache.tomcat.util.digester.Digester   :   Fire body() for SetPropertiesRule[]
2019-12-06 11:18:41.418 DEBUG 7503 --- [kground-preinit] o.apache.tomcat.util.digester.Digester   :   Fire body() for SetNextRule[methodName=addOperation, paramType=org.apache.tomcat.util.modeler.OperationInfo]
2019-12-06 11:18:41.418 DEBUG 7503 --- [kground-preinit] o.apache.tomcat.util.digester.Digester   :   Fire end() for SetNextRule[methodName=addOperation, paramType=org.apache.tomcat.util.modeler.OperationInfo]
2019-12-06 11:18:41.419 DEBUG 7503 --- [kground-preinit] o.apache.tomcat.util.digester.Digester   : [SetNextRule]{mbeans-descriptors/mbean/operation} Call org.apache.tomcat.util.modeler.ManagedBean.addOperation(org.apache.tomcat.util.modeler.OperationInfo@7d678e78)
2019-12-06 11:18:41.419 DEBUG 7503 --- [kground-preinit] o.apache.tomcat.util.IntrospectionUtils  : IntrospectionUtils: callMethod1 org.apache.tomcat.util.modeler.ManagedBean org.apache.tomcat.util.modeler.OperationInfo org.apache.tomcat.util.modeler.OperationInfo
2019-12-06 11:18:41.419 DEBUG 7503 --- [kground-preinit] o.apache.tomcat.util.digester.Digester   :   Fire end() for SetPropertiesRule[]
2019-12-06 11:18:41.419 DEBUG 7503 --- [kground-preinit] o.apache.tomcat.util.digester.Digester   :   Fire end() for ObjectCreateRule[className=org.apache.tomcat.util.modeler.OperationInfo, attributeName=null]
2019-12-06 11:18:41.419 DEBUG 7503 --- [kground-preinit] o.apache.tomcat.util.digester.Digester   : [ObjectCreateRule]{mbeans-descriptors/mbean/operation} Pop org.apache.tomcat.util.modeler.OperationInfo
2019-12-06 11:18:41.419 DEBUG 7503 --- [kground-preinit] o.a.tomcat.util.digester.Digester.sax    : characters(

    )
2019-12-06 11:18:41.419 DEBUG 7503 --- [kground-preinit] o.a.tomcat.util.digester.Digester.sax    : startElement(,,operation)
2019-12-06 11:18:41.419 DEBUG 7503 --- [kground-preinit] o.apache.tomcat.util.digester.Digester   :   New match='mbeans-descriptors/mbean/operation'
2019-12-06 11:18:41.419 DEBUG 7503 --- [kground-preinit] o.apache.tomcat.util.digester.Digester   :   Fire begin() for ObjectCreateRule[className=org.apache.tomcat.util.modeler.OperationInfo, attributeName=null]
2019-12-06 11:18:41.419 DEBUG 7503 --- [kground-preinit] o.apache.tomcat.util.digester.Digester   :   Fire begin() for SetPropertiesRule[]
2019-12-06 11:18:41.419 DEBUG 7503 --- [kground-preinit] o.apache.tomcat.util.digester.Digester   : [SetPropertiesRule]{mbeans-descriptors/mbean/operation} Set org.apache.tomcat.util.modeler.OperationInfo properties
2019-12-06 11:18:41.419 DEBUG 7503 --- [kground-preinit] o.apache.tomcat.util.digester.Digester   : [SetPropertiesRule]{mbeans-descriptors/mbean/operation} Setting property 'name' to 'removeLifecycleListeners'
2019-12-06 11:18:41.420 DEBUG 7503 --- [kground-preinit] o.apache.tomcat.util.IntrospectionUtils  : IntrospectionUtils: setProperty(class org.apache.tomcat.util.modeler.OperationInfo name=removeLifecycleListeners)
2019-12-06 11:18:41.420 DEBUG 7503 --- [kground-preinit] o.apache.tomcat.util.digester.Digester   : [SetPropertiesRule]{mbeans-descriptors/mbean/operation} Setting property 'description' to 'Removes lifecycle listeners of given class type from this Context'
2019-12-06 11:18:41.420 DEBUG 7503 --- [kground-preinit] o.apache.tomcat.util.IntrospectionUtils  : IntrospectionUtils: setProperty(class org.apache.tomcat.util.modeler.OperationInfo description=Removes lifecycle listeners of given class type from this Context)
2019-12-06 11:18:41.420 DEBUG 7503 --- [kground-preinit] o.apache.tomcat.util.digester.Digester   : [SetPropertiesRule]{mbeans-descriptors/mbean/operation} Setting property 'impact' to 'ACTION'
2019-12-06 11:18:41.420 DEBUG 7503 --- [kground-preinit] o.apache.tomcat.util.IntrospectionUtils  : IntrospectionUtils: setProperty(class org.apache.tomcat.util.modeler.OperationInfo impact=ACTION)
2019-12-06 11:18:41.420 DEBUG 7503 --- [kground-preinit] o.apache.tomcat.util.digester.Digester   : [SetPropertiesRule]{mbeans-descriptors/mbean/operation} Setting property 'returnType' to 'void'
2019-12-06 11:18:41.420 DEBUG 7503 --- [kground-preinit] o.apache.tomcat.util.IntrospectionUtils  : IntrospectionUtils: setProperty(class org.apache.tomcat.util.modeler.OperationInfo returnType=void)
2019-12-06 11:18:41.420 DEBUG 7503 --- [kground-preinit] o.apache.tomcat.util.digester.Digester   :   Fire begin() for SetNextRule[methodName=addOperation, paramType=org.apache.tomcat.util.modeler.OperationInfo]
2019-12-06 11:18:41.420 DEBUG 7503 --- [kground-preinit] o.a.tomcat.util.digester.Digester.sax    : characters(
      )
2019-12-06 11:18:41.420 DEBUG 7503 --- [kground-preinit] o.a.tomcat.util.digester.Digester.sax    : startElement(,,parameter)
2019-12-06 11:18:41.420 DEBUG 7503 --- [kground-preinit] o.apache.tomcat.util.digester.Digester   :   New match='mbeans-descriptors/mbean/operation/parameter'
2019-12-06 11:18:41.420 DEBUG 7503 --- [kground-preinit] o.apache.tomcat.util.digester.Digester   :   Fire begin() for ObjectCreateRule[className=org.apache.tomcat.util.modeler.ParameterInfo, attributeName=null]
2019-12-06 11:18:41.421 DEBUG 7503 --- [kground-preinit] o.apache.tomcat.util.digester.Digester   :   Fire begin() for SetPropertiesRule[]
2019-12-06 11:18:41.421 DEBUG 7503 --- [kground-preinit] o.apache.tomcat.util.digester.Digester   : [SetPropertiesRule]{mbeans-descriptors/mbean/operation/parameter} Set org.apache.tomcat.util.modeler.ParameterInfo properties
2019-12-06 11:18:41.421 DEBUG 7503 --- [kground-preinit] o.apache.tomcat.util.digester.Digester   : [SetPropertiesRule]{mbeans-descriptors/mbean/operation/parameter} Setting property 'name' to 'listener'
2019-12-06 11:18:41.421 DEBUG 7503 --- [kground-preinit] o.apache.tomcat.util.IntrospectionUtils  : IntrospectionUtils: setProperty(class org.apache.tomcat.util.modeler.ParameterInfo name=listener)
2019-12-06 11:18:41.421 DEBUG 7503 --- [kground-preinit] o.apache.tomcat.util.digester.Digester   : [SetPropertiesRule]{mbeans-descriptors/mbean/operation/parameter} Setting property 'description' to 'Type(classname) of the lifecycle listeners to be removed'
2019-12-06 11:18:41.421 DEBUG 7503 --- [kground-preinit] o.apache.tomcat.util.IntrospectionUtils  : IntrospectionUtils: setProperty(class org.apache.tomcat.util.modeler.ParameterInfo description=Type(classname) of the lifecycle listeners to be removed)
2019-12-06 11:18:41.421 DEBUG 7503 --- [kground-preinit] o.apache.tomcat.util.digester.Digester   : [SetPropertiesRule]{mbeans-descriptors/mbean/operation/parameter} Setting property 'type' to 'java.lang.String'
2019-12-06 11:18:41.421 DEBUG 7503 --- [kground-preinit] o.apache.tomcat.util.IntrospectionUtils  : IntrospectionUtils: setProperty(class org.apache.tomcat.util.modeler.ParameterInfo type=java.lang.String)
2019-12-06 11:18:41.421 DEBUG 7503 --- [kground-preinit] o.apache.tomcat.util.digester.Digester   :   Fire begin() for SetNextRule[methodName=addParameter, paramType=org.apache.tomcat.util.modeler.ParameterInfo]
2019-12-06 11:18:41.421 DEBUG 7503 --- [kground-preinit] o.a.tomcat.util.digester.Digester.sax    : endElement(,,parameter)
2019-12-06 11:18:41.421 DEBUG 7503 --- [kground-preinit] o.apache.tomcat.util.digester.Digester   :   match='mbeans-descriptors/mbean/operation/parameter'
2019-12-06 11:18:41.421 DEBUG 7503 --- [kground-preinit] o.apache.tomcat.util.digester.Digester   :   bodyText=''
2019-12-06 11:18:41.421 DEBUG 7503 --- [kground-preinit] o.apache.tomcat.util.digester.Digester   :   Fire body() for ObjectCreateRule[className=org.apache.tomcat.util.modeler.ParameterInfo, attributeName=null]
2019-12-06 11:18:41.422 DEBUG 7503 --- [kground-preinit] o.apache.tomcat.util.digester.Digester   :   Fire body() for SetPropertiesRule[]
2019-12-06 11:18:41.422 DEBUG 7503 --- [kground-preinit] o.apache.tomcat.util.digester.Digester   :   Fire body() for SetNextRule[methodName=addParameter, paramType=org.apache.tomcat.util.modeler.ParameterInfo]
2019-12-06 11:18:41.422 DEBUG 7503 --- [kground-preinit] o.apache.tomcat.util.digester.Digester   :   Fire end() for SetNextRule[methodName=addParameter, paramType=org.apache.tomcat.util.modeler.ParameterInfo]
2019-12-06 11:18:41.422 DEBUG 7503 --- [kground-preinit] o.apache.tomcat.util.digester.Digester   : [SetNextRule]{mbeans-descriptors/mbean/operation/parameter} Call org.apache.tomcat.util.modeler.OperationInfo.addParameter(org.apache.tomcat.util.modeler.ParameterInfo@747feb8c)
2019-12-06 11:18:41.422 DEBUG 7503 --- [kground-preinit] o.apache.tomcat.util.IntrospectionUtils  : IntrospectionUtils: callMethod1 org.apache.tomcat.util.modeler.OperationInfo org.apache.tomcat.util.modeler.ParameterInfo org.apache.tomcat.util.modeler.ParameterInfo
2019-12-06 11:18:41.422 DEBUG 7503 --- [kground-preinit] o.apache.tomcat.util.digester.Digester   :   Fire end() for SetPropertiesRule[]
2019-12-06 11:18:41.422 DEBUG 7503 --- [kground-preinit] o.apache.tomcat.util.digester.Digester   :   Fire end() for ObjectCreateRule[className=org.apache.tomcat.util.modeler.ParameterInfo, attributeName=null]
2019-12-06 11:18:41.422 DEBUG 7503 --- [kground-preinit] o.apache.tomcat.util.digester.Digester   : [ObjectCreateRule]{mbeans-descriptors/mbean/operation/parameter} Pop org.apache.tomcat.util.modeler.ParameterInfo
2019-12-06 11:18:41.422 DEBUG 7503 --- [kground-preinit] o.a.tomcat.util.digester.Digester.sax    : characters(
    )
2019-12-06 11:18:41.422 DEBUG 7503 --- [kground-preinit] o.a.tomcat.util.digester.Digester.sax    : endElement(,,operation)
2019-12-06 11:18:41.422 DEBUG 7503 --- [kground-preinit] o.apache.tomcat.util.digester.Digester   :   match='mbeans-descriptors/mbean/operation'
2019-12-06 11:18:41.422 DEBUG 7503 --- [kground-preinit] o.apache.tomcat.util.digester.Digester   :   bodyText='
      
    '
2019-12-06 11:18:41.423 DEBUG 7503 --- [kground-preinit] o.apache.tomcat.util.digester.Digester   :   Fire body() for ObjectCreateRule[className=org.apache.tomcat.util.modeler.OperationInfo, attributeName=null]
2019-12-06 11:18:41.423 DEBUG 7503 --- [kground-preinit] o.apache.tomcat.util.digester.Digester   :   Fire body() for SetPropertiesRule[]
2019-12-06 11:18:41.423 DEBUG 7503 --- [kground-preinit] o.apache.tomcat.util.digester.Digester   :   Fire body() for SetNextRule[methodName=addOperation, paramType=org.apache.tomcat.util.modeler.OperationInfo]
2019-12-06 11:18:41.423 DEBUG 7503 --- [kground-preinit] o.apache.tomcat.util.digester.Digester   :   Fire end() for SetNextRule[methodName=addOperation, paramType=org.apache.tomcat.util.modeler.OperationInfo]
2019-12-06 11:18:41.423 DEBUG 7503 --- [kground-preinit] o.apache.tomcat.util.digester.Digester   : [SetNextRule]{mbeans-descriptors/mbean/operation} Call org.apache.tomcat.util.modeler.ManagedBean.addOperation(org.apache.tomcat.util.modeler.OperationInfo@6a97ed83)
2019-12-06 11:18:41.423 DEBUG 7503 --- [kground-preinit] o.apache.tomcat.util.IntrospectionUtils  : IntrospectionUtils: callMethod1 org.apache.tomcat.util.modeler.ManagedBean org.apache.tomcat.util.modeler.OperationInfo org.apache.tomcat.util.modeler.OperationInfo
2019-12-06 11:18:41.423 DEBUG 7503 --- [kground-preinit] o.apache.tomcat.util.digester.Digester   :   Fire end() for SetPropertiesRule[]
2019-12-06 11:18:41.423 DEBUG 7503 --- [kground-preinit] o.apache.tomcat.util.digester.Digester   :   Fire end() for ObjectCreateRule[className=org.apache.tomcat.util.modeler.OperationInfo, attributeName=null]
2019-12-06 11:18:41.423 DEBUG 7503 --- [kground-preinit] o.apache.tomcat.util.digester.Digester   : [ObjectCreateRule]{mbeans-descriptors/mbean/operation} Pop org.apache.tomcat.util.modeler.OperationInfo
2019-12-06 11:18:41.423 DEBUG 7503 --- [kground-preinit] o.a.tomcat.util.digester.Digester.sax    : characters(

    )
2019-12-06 11:18:41.423 DEBUG 7503 --- [kground-preinit] o.a.tomcat.util.digester.Digester.sax    : startElement(,,operation)
2019-12-06 11:18:41.424 DEBUG 7503 --- [kground-preinit] o.apache.tomcat.util.digester.Digester   :   New match='mbeans-descriptors/mbean/operation'
2019-12-06 11:18:41.424 DEBUG 7503 --- [kground-preinit] o.apache.tomcat.util.digester.Digester   :   Fire begin() for ObjectCreateRule[className=org.apache.tomcat.util.modeler.OperationInfo, attributeName=null]
2019-12-06 11:18:41.424 DEBUG 7503 --- [kground-preinit] o.apache.tomcat.util.digester.Digester   :   Fire begin() for SetPropertiesRule[]
2019-12-06 11:18:41.424 DEBUG 7503 --- [kground-preinit] o.apache.tomcat.util.digester.Digester   : [SetPropertiesRule]{mbeans-descriptors/mbean/operation} Set org.apache.tomcat.util.modeler.OperationInfo properties
2019-12-06 11:18:41.424 DEBUG 7503 --- [kground-preinit] o.apache.tomcat.util.digester.Digester   : [SetPropertiesRule]{mbeans-descriptors/mbean/operation} Setting property 'name' to 'removeMimeMapping'
2019-12-06 11:18:41.424 DEBUG 7503 --- [kground-preinit] o.apache.tomcat.util.IntrospectionUtils  : IntrospectionUtils: setProperty(class org.apache.tomcat.util.modeler.OperationInfo name=removeMimeMapping)
2019-12-06 11:18:41.424 DEBUG 7503 --- [kground-preinit] o.apache.tomcat.util.digester.Digester   : [SetPropertiesRule]{mbeans-descriptors/mbean/operation} Setting property 'description' to 'Remove the MIME mapping for the specified extension, if it exists; otherwise, no action is taken..'
2019-12-06 11:18:41.424 DEBUG 7503 --- [kground-preinit] o.apache.tomcat.util.IntrospectionUtils  : IntrospectionUtils: setProperty(class org.apache.tomcat.util.modeler.OperationInfo description=Remove the MIME mapping for the specified extension, if it exists; otherwise, no action is taken..)
2019-12-06 11:18:41.424 DEBUG 7503 --- [kground-preinit] o.apache.tomcat.util.digester.Digester   : [SetPropertiesRule]{mbeans-descriptors/mbean/operation} Setting property 'impact' to 'ACTION'
2019-12-06 11:18:41.424 DEBUG 7503 --- [kground-preinit] o.apache.tomcat.util.IntrospectionUtils  : IntrospectionUtils: setProperty(class org.apache.tomcat.util.modeler.OperationInfo impact=ACTION)
2019-12-06 11:18:41.424 DEBUG 7503 --- [kground-preinit] o.apache.tomcat.util.digester.Digester   : [SetPropertiesRule]{mbeans-descriptors/mbean/operation} Setting property 'returnType' to 'void'
2019-12-06 11:18:41.424 DEBUG 7503 --- [kground-preinit] o.apache.tomcat.util.IntrospectionUtils  : IntrospectionUtils: setProperty(class org.apache.tomcat.util.modeler.OperationInfo returnType=void)
2019-12-06 11:18:41.425 DEBUG 7503 --- [kground-preinit] o.apache.tomcat.util.digester.Digester   :   Fire begin() for SetNextRule[methodName=addOperation, paramType=org.apache.tomcat.util.modeler.OperationInfo]
2019-12-06 11:18:41.425 DEBUG 7503 --- [kground-preinit] o.a.tomcat.util.digester.Digester.sax    : characters(
      )
2019-12-06 11:18:41.425 DEBUG 7503 --- [kground-preinit] o.a.tomcat.util.digester.Digester.sax    : startElement(,,parameter)
2019-12-06 11:18:41.425 DEBUG 7503 --- [kground-preinit] o.apache.tomcat.util.digester.Digester   :   New match='mbeans-descriptors/mbean/operation/parameter'
2019-12-06 11:18:41.425 DEBUG 7503 --- [kground-preinit] o.apache.tomcat.util.digester.Digester   :   Fire begin() for ObjectCreateRule[className=org.apache.tomcat.util.modeler.ParameterInfo, attributeName=null]
2019-12-06 11:18:41.425 DEBUG 7503 --- [kground-preinit] o.apache.tomcat.util.digester.Digester   :   Fire begin() for SetPropertiesRule[]
2019-12-06 11:18:41.425 DEBUG 7503 --- [kground-preinit] o.apache.tomcat.util.digester.Digester   : [SetPropertiesRule]{mbeans-descriptors/mbean/operation/parameter} Set org.apache.tomcat.util.modeler.ParameterInfo properties
2019-12-06 11:18:41.425 DEBUG 7503 --- [kground-preinit] o.apache.tomcat.util.digester.Digester   : [SetPropertiesRule]{mbeans-descriptors/mbean/operation/parameter} Setting property 'name' to 'extension'
2019-12-06 11:18:41.426 DEBUG 7503 --- [kground-preinit] o.apache.tomcat.util.IntrospectionUtils  : IntrospectionUtils: setProperty(class org.apache.tomcat.util.modeler.ParameterInfo name=extension)
2019-12-06 11:18:41.426 DEBUG 7503 --- [kground-preinit] o.apache.tomcat.util.digester.Digester   : [SetPropertiesRule]{mbeans-descriptors/mbean/operation/parameter} Setting property 'description' to 'Extension to remove the mapping for'
2019-12-06 11:18:41.426 DEBUG 7503 --- [kground-preinit] o.apache.tomcat.util.IntrospectionUtils  : IntrospectionUtils: setProperty(class org.apache.tomcat.util.modeler.ParameterInfo description=Extension to remove the mapping for)
2019-12-06 11:18:41.426 DEBUG 7503 --- [kground-preinit] o.apache.tomcat.util.digester.Digester   : [SetPropertiesRule]{mbeans-descriptors/mbean/operation/parameter} Setting property 'type' to 'java.lang.String'
2019-12-06 11:18:41.426 DEBUG 7503 --- [kground-preinit] o.apache.tomcat.util.IntrospectionUtils  : IntrospectionUtils: setProperty(class org.apache.tomcat.util.modeler.ParameterInfo type=java.lang.String)
2019-12-06 11:18:41.426 DEBUG 7503 --- [kground-preinit] o.apache.tomcat.util.digester.Digester   :   Fire begin() for SetNextRule[methodName=addParameter, paramType=org.apache.tomcat.util.modeler.ParameterInfo]
2019-12-06 11:18:41.426 DEBUG 7503 --- [kground-preinit] o.a.tomcat.util.digester.Digester.sax    : endElement(,,parameter)
2019-12-06 11:18:41.426 DEBUG 7503 --- [kground-preinit] o.apache.tomcat.util.digester.Digester   :   match='mbeans-descriptors/mbean/operation/parameter'
2019-12-06 11:18:41.426 DEBUG 7503 --- [kground-preinit] o.apache.tomcat.util.digester.Digester   :   bodyText=''
2019-12-06 11:18:41.426 DEBUG 7503 --- [kground-preinit] o.apache.tomcat.util.digester.Digester   :   Fire body() for ObjectCreateRule[className=org.apache.tomcat.util.modeler.ParameterInfo, attributeName=null]
2019-12-06 11:18:41.426 DEBUG 7503 --- [kground-preinit] o.apache.tomcat.util.digester.Digester   :   Fire body() for SetPropertiesRule[]
2019-12-06 11:18:41.426 DEBUG 7503 --- [kground-preinit] o.apache.tomcat.util.digester.Digester   :   Fire body() for SetNextRule[methodName=addParameter, paramType=org.apache.tomcat.util.modeler.ParameterInfo]
2019-12-06 11:18:41.426 DEBUG 7503 --- [kground-preinit] o.apache.tomcat.util.digester.Digester   :   Fire end() for SetNextRule[methodName=addParameter, paramType=org.apache.tomcat.util.modeler.ParameterInfo]
2019-12-06 11:18:41.427 DEBUG 7503 --- [kground-preinit] o.apache.tomcat.util.digester.Digester   : [SetNextRule]{mbeans-descriptors/mbean/operation/parameter} Call org.apache.tomcat.util.modeler.OperationInfo.addParameter(org.apache.tomcat.util.modeler.ParameterInfo@47b394c5)
2019-12-06 11:18:41.427 DEBUG 7503 --- [kground-preinit] o.apache.tomcat.util.IntrospectionUtils  : IntrospectionUtils: callMethod1 org.apache.tomcat.util.modeler.OperationInfo org.apache.tomcat.util.modeler.ParameterInfo org.apache.tomcat.util.modeler.ParameterInfo
2019-12-06 11:18:41.427 DEBUG 7503 --- [kground-preinit] o.apache.tomcat.util.digester.Digester   :   Fire end() for SetPropertiesRule[]
2019-12-06 11:18:41.427 DEBUG 7503 --- [kground-preinit] o.apache.tomcat.util.digester.Digester   :   Fire end() for ObjectCreateRule[className=org.apache.tomcat.util.modeler.ParameterInfo, attributeName=null]
2019-12-06 11:18:41.427 DEBUG 7503 --- [kground-preinit] o.apache.tomcat.util.digester.Digester   : [ObjectCreateRule]{mbeans-descriptors/mbean/operation/parameter} Pop org.apache.tomcat.util.modeler.ParameterInfo
2019-12-06 11:18:41.427 DEBUG 7503 --- [kground-preinit] o.a.tomcat.util.digester.Digester.sax    : characters(
    )
2019-12-06 11:18:41.427 DEBUG 7503 --- [kground-preinit] o.a.tomcat.util.digester.Digester.sax    : endElement(,,operation)
2019-12-06 11:18:41.427 DEBUG 7503 --- [kground-preinit] o.apache.tomcat.util.digester.Digester   :   match='mbeans-descriptors/mbean/operation'
2019-12-06 11:18:41.427 DEBUG 7503 --- [kground-preinit] o.apache.tomcat.util.digester.Digester   :   bodyText='
      
    '
2019-12-06 11:18:41.427 DEBUG 7503 --- [kground-preinit] o.apache.tomcat.util.digester.Digester   :   Fire body() for ObjectCreateRule[className=org.apache.tomcat.util.modeler.OperationInfo, attributeName=null]
2019-12-06 11:18:41.427 DEBUG 7503 --- [kground-preinit] o.apache.tomcat.util.digester.Digester   :   Fire body() for SetPropertiesRule[]
2019-12-06 11:18:41.427 DEBUG 7503 --- [kground-preinit] o.apache.tomcat.util.digester.Digester   :   Fire body() for SetNextRule[methodName=addOperation, paramType=org.apache.tomcat.util.modeler.OperationInfo]
2019-12-06 11:18:41.427 DEBUG 7503 --- [kground-preinit] o.apache.tomcat.util.digester.Digester   :   Fire end() for SetNextRule[methodName=addOperation, paramType=org.apache.tomcat.util.modeler.OperationInfo]
2019-12-06 11:18:41.427 DEBUG 7503 --- [kground-preinit] o.apache.tomcat.util.digester.Digester   : [SetNextRule]{mbeans-descriptors/mbean/operation} Call org.apache.tomcat.util.modeler.ManagedBean.addOperation(org.apache.tomcat.util.modeler.OperationInfo@666c605)
2019-12-06 11:18:41.427 DEBUG 7503 --- [kground-preinit] o.apache.tomcat.util.IntrospectionUtils  : IntrospectionUtils: callMethod1 org.apache.tomcat.util.modeler.ManagedBean org.apache.tomcat.util.modeler.OperationInfo org.apache.tomcat.util.modeler.OperationInfo
2019-12-06 11:18:41.428 DEBUG 7503 --- [kground-preinit] o.apache.tomcat.util.digester.Digester   :   Fire end() for SetPropertiesRule[]
2019-12-06 11:18:41.428 DEBUG 7503 --- [kground-preinit] o.apache.tomcat.util.digester.Digester   :   Fire end() for ObjectCreateRule[className=org.apache.tomcat.util.modeler.OperationInfo, attributeName=null]
2019-12-06 11:18:41.428 DEBUG 7503 --- [kground-preinit] o.apache.tomcat.util.digester.Digester   : [ObjectCreateRule]{mbeans-descriptors/mbean/operation} Pop org.apache.tomcat.util.modeler.OperationInfo
2019-12-06 11:18:41.428 DEBUG 7503 --- [kground-preinit] o.a.tomcat.util.digester.Digester.sax    : characters(

    )
2019-12-06 11:18:41.428 DEBUG 7503 --- [kground-preinit] o.a.tomcat.util.digester.Digester.sax    : startElement(,,operation)
2019-12-06 11:18:41.428 DEBUG 7503 --- [kground-preinit] o.apache.tomcat.util.digester.Digester   :   New match='mbeans-descriptors/mbean/operation'
2019-12-06 11:18:41.428 DEBUG 7503 --- [kground-preinit] o.apache.tomcat.util.digester.Digester   :   Fire begin() for ObjectCreateRule[className=org.apache.tomcat.util.modeler.OperationInfo, attributeName=null]
2019-12-06 11:18:41.428 DEBUG 7503 --- [kground-preinit] o.apache.tomcat.util.digester.Digester   :   Fire begin() for SetPropertiesRule[]
2019-12-06 11:18:41.428 DEBUG 7503 --- [kground-preinit] o.apache.tomcat.util.digester.Digester   : [SetPropertiesRule]{mbeans-descriptors/mbean/operation} Set org.apache.tomcat.util.modeler.OperationInfo properties
2019-12-06 11:18:41.428 DEBUG 7503 --- [kground-preinit] o.apache.tomcat.util.digester.Digester   : [SetPropertiesRule]{mbeans-descriptors/mbean/operation} Setting property 'name' to 'removeParameter'
2019-12-06 11:18:41.428 DEBUG 7503 --- [kground-preinit] o.apache.tomcat.util.IntrospectionUtils  : IntrospectionUtils: setProperty(class org.apache.tomcat.util.modeler.OperationInfo name=removeParameter)
2019-12-06 11:18:41.428 DEBUG 7503 --- [kground-preinit] o.apache.tomcat.util.digester.Digester   : [SetPropertiesRule]{mbeans-descriptors/mbean/operation} Setting property 'description' to 'Remove the context initialization parameter with the specified name, if it exists; otherwise, no action is taken.'
2019-12-06 11:18:41.429 DEBUG 7503 --- [kground-preinit] o.apache.tomcat.util.IntrospectionUtils  : IntrospectionUtils: setProperty(class org.apache.tomcat.util.modeler.OperationInfo description=Remove the context initialization parameter with the specified name, if it exists; otherwise, no action is taken.)
2019-12-06 11:18:41.429 DEBUG 7503 --- [kground-preinit] o.apache.tomcat.util.digester.Digester   : [SetPropertiesRule]{mbeans-descriptors/mbean/operation} Setting property 'impact' to 'ACTION'
2019-12-06 11:18:41.429 DEBUG 7503 --- [kground-preinit] o.apache.tomcat.util.IntrospectionUtils  : IntrospectionUtils: setProperty(class org.apache.tomcat.util.modeler.OperationInfo impact=ACTION)
2019-12-06 11:18:41.429 DEBUG 7503 --- [kground-preinit] o.apache.tomcat.util.digester.Digester   : [SetPropertiesRule]{mbeans-descriptors/mbean/operation} Setting property 'returnType' to 'void'
2019-12-06 11:18:41.429 DEBUG 7503 --- [kground-preinit] o.apache.tomcat.util.IntrospectionUtils  : IntrospectionUtils: setProperty(class org.apache.tomcat.util.modeler.OperationInfo returnType=void)
2019-12-06 11:18:41.429 DEBUG 7503 --- [kground-preinit] o.apache.tomcat.util.digester.Digester   :   Fire begin() for SetNextRule[methodName=addOperation, paramType=org.apache.tomcat.util.modeler.OperationInfo]
2019-12-06 11:18:41.429 DEBUG 7503 --- [kground-preinit] o.a.tomcat.util.digester.Digester.sax    : characters(
      )
2019-12-06 11:18:41.429 DEBUG 7503 --- [kground-preinit] o.a.tomcat.util.digester.Digester.sax    : startElement(,,parameter)
2019-12-06 11:18:41.429 DEBUG 7503 --- [kground-preinit] o.apache.tomcat.util.digester.Digester   :   New match='mbeans-descriptors/mbean/operation/parameter'
2019-12-06 11:18:41.429 DEBUG 7503 --- [kground-preinit] o.apache.tomcat.util.digester.Digester   :   Fire begin() for ObjectCreateRule[className=org.apache.tomcat.util.modeler.ParameterInfo, attributeName=null]
2019-12-06 11:18:41.429 DEBUG 7503 --- [kground-preinit] o.apache.tomcat.util.digester.Digester   :   Fire begin() for SetPropertiesRule[]
2019-12-06 11:18:41.429 DEBUG 7503 --- [kground-preinit] o.apache.tomcat.util.digester.Digester   : [SetPropertiesRule]{mbeans-descriptors/mbean/operation/parameter} Set org.apache.tomcat.util.modeler.ParameterInfo properties
2019-12-06 11:18:41.429 DEBUG 7503 --- [kground-preinit] o.apache.tomcat.util.digester.Digester   : [SetPropertiesRule]{mbeans-descriptors/mbean/operation/parameter} Setting property 'name' to 'name'
2019-12-06 11:18:41.429 DEBUG 7503 --- [kground-preinit] o.apache.tomcat.util.IntrospectionUtils  : IntrospectionUtils: setProperty(class org.apache.tomcat.util.modeler.ParameterInfo name=name)
2019-12-06 11:18:41.429 DEBUG 7503 --- [kground-preinit] o.apache.tomcat.util.digester.Digester   : [SetPropertiesRule]{mbeans-descriptors/mbean/operation/parameter} Setting property 'description' to 'Name of the parameter to remove'
2019-12-06 11:18:41.430 DEBUG 7503 --- [kground-preinit] o.apache.tomcat.util.IntrospectionUtils  : IntrospectionUtils: setProperty(class org.apache.tomcat.util.modeler.ParameterInfo description=Name of the parameter to remove)
2019-12-06 11:18:41.430 DEBUG 7503 --- [kground-preinit] o.apache.tomcat.util.digester.Digester   : [SetPropertiesRule]{mbeans-descriptors/mbean/operation/parameter} Setting property 'type' to 'java.lang.String'
2019-12-06 11:18:41.430 DEBUG 7503 --- [kground-preinit] o.apache.tomcat.util.IntrospectionUtils  : IntrospectionUtils: setProperty(class org.apache.tomcat.util.modeler.ParameterInfo type=java.lang.String)
2019-12-06 11:18:41.430 DEBUG 7503 --- [kground-preinit] o.apache.tomcat.util.digester.Digester   :   Fire begin() for SetNextRule[methodName=addParameter, paramType=org.apache.tomcat.util.modeler.ParameterInfo]
2019-12-06 11:18:41.430 DEBUG 7503 --- [kground-preinit] o.a.tomcat.util.digester.Digester.sax    : endElement(,,parameter)
2019-12-06 11:18:41.430 DEBUG 7503 --- [kground-preinit] o.apache.tomcat.util.digester.Digester   :   match='mbeans-descriptors/mbean/operation/parameter'
2019-12-06 11:18:41.430 DEBUG 7503 --- [kground-preinit] o.apache.tomcat.util.digester.Digester   :   bodyText=''
2019-12-06 11:18:41.430 DEBUG 7503 --- [kground-preinit] o.apache.tomcat.util.digester.Digester   :   Fire body() for ObjectCreateRule[className=org.apache.tomcat.util.modeler.ParameterInfo, attributeName=null]
2019-12-06 11:18:41.430 DEBUG 7503 --- [kground-preinit] o.apache.tomcat.util.digester.Digester   :   Fire body() for SetPropertiesRule[]
2019-12-06 11:18:41.430 DEBUG 7503 --- [kground-preinit] o.apache.tomcat.util.digester.Digester   :   Fire body() for SetNextRule[methodName=addParameter, paramType=org.apache.tomcat.util.modeler.ParameterInfo]
2019-12-06 11:18:41.430 DEBUG 7503 --- [kground-preinit] o.apache.tomcat.util.digester.Digester   :   Fire end() for SetNextRule[methodName=addParameter, paramType=org.apache.tomcat.util.modeler.ParameterInfo]
2019-12-06 11:18:41.430 DEBUG 7503 --- [kground-preinit] o.apache.tomcat.util.digester.Digester   : [SetNextRule]{mbeans-descriptors/mbean/operation/parameter} Call org.apache.tomcat.util.modeler.OperationInfo.addParameter(org.apache.tomcat.util.modeler.ParameterInfo@d4e7ece)
2019-12-06 11:18:41.430 DEBUG 7503 --- [kground-preinit] o.apache.tomcat.util.IntrospectionUtils  : IntrospectionUtils: callMethod1 org.apache.tomcat.util.modeler.OperationInfo org.apache.tomcat.util.modeler.ParameterInfo org.apache.tomcat.util.modeler.ParameterInfo
2019-12-06 11:18:41.430 DEBUG 7503 --- [kground-preinit] o.apache.tomcat.util.digester.Digester   :   Fire end() for SetPropertiesRule[]
2019-12-06 11:18:41.430 DEBUG 7503 --- [kground-preinit] o.apache.tomcat.util.digester.Digester   :   Fire end() for ObjectCreateRule[className=org.apache.tomcat.util.modeler.ParameterInfo, attributeName=null]
2019-12-06 11:18:41.430 DEBUG 7503 --- [kground-preinit] o.apache.tomcat.util.digester.Digester   : [ObjectCreateRule]{mbeans-descriptors/mbean/operation/parameter} Pop org.apache.tomcat.util.modeler.ParameterInfo
2019-12-06 11:18:41.431 DEBUG 7503 --- [kground-preinit] o.a.tomcat.util.digester.Digester.sax    : characters(
    )
2019-12-06 11:18:41.431 DEBUG 7503 --- [kground-preinit] o.a.tomcat.util.digester.Digester.sax    : endElement(,,operation)
2019-12-06 11:18:41.431 DEBUG 7503 --- [    Test worker] o.s.b.f.s.DefaultListableBeanFactory     : Creating shared instance of singleton bean 'org.springframework.boot.test.mock.mockito.MockitoPostProcessor'
2019-12-06 11:18:41.431 DEBUG 7503 --- [kground-preinit] o.apache.tomcat.util.digester.Digester   :   match='mbeans-descriptors/mbean/operation'
2019-12-06 11:18:41.431 DEBUG 7503 --- [kground-preinit] o.apache.tomcat.util.digester.Digester   :   bodyText='
      
    '
2019-12-06 11:18:41.431 DEBUG 7503 --- [kground-preinit] o.apache.tomcat.util.digester.Digester   :   Fire body() for ObjectCreateRule[className=org.apache.tomcat.util.modeler.OperationInfo, attributeName=null]
2019-12-06 11:18:41.431 DEBUG 7503 --- [kground-preinit] o.apache.tomcat.util.digester.Digester   :   Fire body() for SetPropertiesRule[]
2019-12-06 11:18:41.431 DEBUG 7503 --- [kground-preinit] o.apache.tomcat.util.digester.Digester   :   Fire body() for SetNextRule[methodName=addOperation, paramType=org.apache.tomcat.util.modeler.OperationInfo]
2019-12-06 11:18:41.431 DEBUG 7503 --- [kground-preinit] o.apache.tomcat.util.digester.Digester   :   Fire end() for SetNextRule[methodName=addOperation, paramType=org.apache.tomcat.util.modeler.OperationInfo]
2019-12-06 11:18:41.431 DEBUG 7503 --- [kground-preinit] o.apache.tomcat.util.digester.Digester   : [SetNextRule]{mbeans-descriptors/mbean/operation} Call org.apache.tomcat.util.modeler.ManagedBean.addOperation(org.apache.tomcat.util.modeler.OperationInfo@58606111)
2019-12-06 11:18:41.431 DEBUG 7503 --- [kground-preinit] o.apache.tomcat.util.IntrospectionUtils  : IntrospectionUtils: callMethod1 org.apache.tomcat.util.modeler.ManagedBean org.apache.tomcat.util.modeler.OperationInfo org.apache.tomcat.util.modeler.OperationInfo
2019-12-06 11:18:41.431 DEBUG 7503 --- [kground-preinit] o.apache.tomcat.util.digester.Digester   :   Fire end() for SetPropertiesRule[]
2019-12-06 11:18:41.431 DEBUG 7503 --- [kground-preinit] o.apache.tomcat.util.digester.Digester   :   Fire end() for ObjectCreateRule[className=org.apache.tomcat.util.modeler.OperationInfo, attributeName=null]
2019-12-06 11:18:41.431 DEBUG 7503 --- [kground-preinit] o.apache.tomcat.util.digester.Digester   : [ObjectCreateRule]{mbeans-descriptors/mbean/operation} Pop org.apache.tomcat.util.modeler.OperationInfo
2019-12-06 11:18:41.431 DEBUG 7503 --- [kground-preinit] o.a.tomcat.util.digester.Digester.sax    : characters(

    )
2019-12-06 11:18:41.431 DEBUG 7503 --- [kground-preinit] o.a.tomcat.util.digester.Digester.sax    : startElement(,,operation)
2019-12-06 11:18:41.432 DEBUG 7503 --- [kground-preinit] o.apache.tomcat.util.digester.Digester   :   New match='mbeans-descriptors/mbean/operation'
2019-12-06 11:18:41.432 DEBUG 7503 --- [kground-preinit] o.apache.tomcat.util.digester.Digester   :   Fire begin() for ObjectCreateRule[className=org.apache.tomcat.util.modeler.OperationInfo, attributeName=null]
2019-12-06 11:18:41.432 DEBUG 7503 --- [kground-preinit] o.apache.tomcat.util.digester.Digester   :   Fire begin() for SetPropertiesRule[]
2019-12-06 11:18:41.432 DEBUG 7503 --- [kground-preinit] o.apache.tomcat.util.digester.Digester   : [SetPropertiesRule]{mbeans-descriptors/mbean/operation} Set org.apache.tomcat.util.modeler.OperationInfo properties
2019-12-06 11:18:41.432 DEBUG 7503 --- [kground-preinit] o.apache.tomcat.util.digester.Digester   : [SetPropertiesRule]{mbeans-descriptors/mbean/operation} Setting property 'name' to 'removeRoleMapping'
2019-12-06 11:18:41.432 DEBUG 7503 --- [kground-preinit] o.apache.tomcat.util.IntrospectionUtils  : IntrospectionUtils: setProperty(class org.apache.tomcat.util.modeler.OperationInfo name=removeRoleMapping)
2019-12-06 11:18:41.432 DEBUG 7503 --- [kground-preinit] o.apache.tomcat.util.digester.Digester   : [SetPropertiesRule]{mbeans-descriptors/mbean/operation} Setting property 'description' to 'Remove any security role reference for the specified name'
2019-12-06 11:18:41.432 DEBUG 7503 --- [kground-preinit] o.apache.tomcat.util.IntrospectionUtils  : IntrospectionUtils: setProperty(class org.apache.tomcat.util.modeler.OperationInfo description=Remove any security role reference for the specified name)
2019-12-06 11:18:41.432 DEBUG 7503 --- [kground-preinit] o.apache.tomcat.util.digester.Digester   : [SetPropertiesRule]{mbeans-descriptors/mbean/operation} Setting property 'impact' to 'ACTION'
2019-12-06 11:18:41.432 DEBUG 7503 --- [kground-preinit] o.apache.tomcat.util.IntrospectionUtils  : IntrospectionUtils: setProperty(class org.apache.tomcat.util.modeler.OperationInfo impact=ACTION)
2019-12-06 11:18:41.432 DEBUG 7503 --- [kground-preinit] o.apache.tomcat.util.digester.Digester   : [SetPropertiesRule]{mbeans-descriptors/mbean/operation} Setting property 'returnType' to 'void'
2019-12-06 11:18:41.432 DEBUG 7503 --- [kground-preinit] o.apache.tomcat.util.IntrospectionUtils  : IntrospectionUtils: setProperty(class org.apache.tomcat.util.modeler.OperationInfo returnType=void)
2019-12-06 11:18:41.432 DEBUG 7503 --- [kground-preinit] o.apache.tomcat.util.digester.Digester   :   Fire begin() for SetNextRule[methodName=addOperation, paramType=org.apache.tomcat.util.modeler.OperationInfo]
2019-12-06 11:18:41.432 DEBUG 7503 --- [kground-preinit] o.a.tomcat.util.digester.Digester.sax    : characters(
      )
2019-12-06 11:18:41.433 DEBUG 7503 --- [kground-preinit] o.a.tomcat.util.digester.Digester.sax    : startElement(,,parameter)
2019-12-06 11:18:41.433 DEBUG 7503 --- [kground-preinit] o.apache.tomcat.util.digester.Digester   :   New match='mbeans-descriptors/mbean/operation/parameter'
2019-12-06 11:18:41.433 DEBUG 7503 --- [kground-preinit] o.apache.tomcat.util.digester.Digester   :   Fire begin() for ObjectCreateRule[className=org.apache.tomcat.util.modeler.ParameterInfo, attributeName=null]
2019-12-06 11:18:41.433 DEBUG 7503 --- [kground-preinit] o.apache.tomcat.util.digester.Digester   :   Fire begin() for SetPropertiesRule[]
2019-12-06 11:18:41.433 DEBUG 7503 --- [kground-preinit] o.apache.tomcat.util.digester.Digester   : [SetPropertiesRule]{mbeans-descriptors/mbean/operation/parameter} Set org.apache.tomcat.util.modeler.ParameterInfo properties
2019-12-06 11:18:41.433 DEBUG 7503 --- [kground-preinit] o.apache.tomcat.util.digester.Digester   : [SetPropertiesRule]{mbeans-descriptors/mbean/operation/parameter} Setting property 'name' to 'role'
2019-12-06 11:18:41.433 DEBUG 7503 --- [kground-preinit] o.apache.tomcat.util.IntrospectionUtils  : IntrospectionUtils: setProperty(class org.apache.tomcat.util.modeler.ParameterInfo name=role)
2019-12-06 11:18:41.433 DEBUG 7503 --- [kground-preinit] o.apache.tomcat.util.digester.Digester   : [SetPropertiesRule]{mbeans-descriptors/mbean/operation/parameter} Setting property 'description' to 'Security role (as used in the application) to remove'
2019-12-06 11:18:41.433 DEBUG 7503 --- [kground-preinit] o.apache.tomcat.util.IntrospectionUtils  : IntrospectionUtils: setProperty(class org.apache.tomcat.util.modeler.ParameterInfo description=Security role (as used in the application) to remove)
2019-12-06 11:18:41.433 DEBUG 7503 --- [kground-preinit] o.apache.tomcat.util.digester.Digester   : [SetPropertiesRule]{mbeans-descriptors/mbean/operation/parameter} Setting property 'type' to 'java.lang.String'
2019-12-06 11:18:41.433 DEBUG 7503 --- [kground-preinit] o.apache.tomcat.util.IntrospectionUtils  : IntrospectionUtils: setProperty(class org.apache.tomcat.util.modeler.ParameterInfo type=java.lang.String)
2019-12-06 11:18:41.433 DEBUG 7503 --- [kground-preinit] o.apache.tomcat.util.digester.Digester   :   Fire begin() for SetNextRule[methodName=addParameter, paramType=org.apache.tomcat.util.modeler.ParameterInfo]
2019-12-06 11:18:41.434 DEBUG 7503 --- [kground-preinit] o.a.tomcat.util.digester.Digester.sax    : endElement(,,parameter)
2019-12-06 11:18:41.434 DEBUG 7503 --- [kground-preinit] o.apache.tomcat.util.digester.Digester   :   match='mbeans-descriptors/mbean/operation/parameter'
2019-12-06 11:18:41.434 DEBUG 7503 --- [kground-preinit] o.apache.tomcat.util.digester.Digester   :   bodyText=''
2019-12-06 11:18:41.434 DEBUG 7503 --- [kground-preinit] o.apache.tomcat.util.digester.Digester   :   Fire body() for ObjectCreateRule[className=org.apache.tomcat.util.modeler.ParameterInfo, attributeName=null]
2019-12-06 11:18:41.434 DEBUG 7503 --- [kground-preinit] o.apache.tomcat.util.digester.Digester   :   Fire body() for SetPropertiesRule[]
2019-12-06 11:18:41.434 DEBUG 7503 --- [kground-preinit] o.apache.tomcat.util.digester.Digester   :   Fire body() for SetNextRule[methodName=addParameter, paramType=org.apache.tomcat.util.modeler.ParameterInfo]
2019-12-06 11:18:41.434 DEBUG 7503 --- [kground-preinit] o.apache.tomcat.util.digester.Digester   :   Fire end() for SetNextRule[methodName=addParameter, paramType=org.apache.tomcat.util.modeler.ParameterInfo]
2019-12-06 11:18:41.434 DEBUG 7503 --- [kground-preinit] o.apache.tomcat.util.digester.Digester   : [SetNextRule]{mbeans-descriptors/mbean/operation/parameter} Call org.apache.tomcat.util.modeler.OperationInfo.addParameter(org.apache.tomcat.util.modeler.ParameterInfo@3aec364)
2019-12-06 11:18:41.434 DEBUG 7503 --- [kground-preinit] o.apache.tomcat.util.IntrospectionUtils  : IntrospectionUtils: callMethod1 org.apache.tomcat.util.modeler.OperationInfo org.apache.tomcat.util.modeler.ParameterInfo org.apache.tomcat.util.modeler.ParameterInfo
2019-12-06 11:18:41.434 DEBUG 7503 --- [kground-preinit] o.apache.tomcat.util.digester.Digester   :   Fire end() for SetPropertiesRule[]
2019-12-06 11:18:41.434 DEBUG 7503 --- [kground-preinit] o.apache.tomcat.util.digester.Digester   :   Fire end() for ObjectCreateRule[className=org.apache.tomcat.util.modeler.ParameterInfo, attributeName=null]
2019-12-06 11:18:41.434 DEBUG 7503 --- [kground-preinit] o.apache.tomcat.util.digester.Digester   : [ObjectCreateRule]{mbeans-descriptors/mbean/operation/parameter} Pop org.apache.tomcat.util.modeler.ParameterInfo
2019-12-06 11:18:41.434 DEBUG 7503 --- [kground-preinit] o.a.tomcat.util.digester.Digester.sax    : characters(
    )
2019-12-06 11:18:41.435 DEBUG 7503 --- [kground-preinit] o.a.tomcat.util.digester.Digester.sax    : endElement(,,operation)
2019-12-06 11:18:41.435 DEBUG 7503 --- [kground-preinit] o.apache.tomcat.util.digester.Digester   :   match='mbeans-descriptors/mbean/operation'
2019-12-06 11:18:41.435 DEBUG 7503 --- [kground-preinit] o.apache.tomcat.util.digester.Digester   :   bodyText='
      
    '
2019-12-06 11:18:41.435 DEBUG 7503 --- [kground-preinit] o.apache.tomcat.util.digester.Digester   :   Fire body() for ObjectCreateRule[className=org.apache.tomcat.util.modeler.OperationInfo, attributeName=null]
2019-12-06 11:18:41.435 DEBUG 7503 --- [kground-preinit] o.apache.tomcat.util.digester.Digester   :   Fire body() for SetPropertiesRule[]
2019-12-06 11:18:41.435 DEBUG 7503 --- [kground-preinit] o.apache.tomcat.util.digester.Digester   :   Fire body() for SetNextRule[methodName=addOperation, paramType=org.apache.tomcat.util.modeler.OperationInfo]
2019-12-06 11:18:41.435 DEBUG 7503 --- [kground-preinit] o.apache.tomcat.util.digester.Digester   :   Fire end() for SetNextRule[methodName=addOperation, paramType=org.apache.tomcat.util.modeler.OperationInfo]
2019-12-06 11:18:41.435 DEBUG 7503 --- [kground-preinit] o.apache.tomcat.util.digester.Digester   : [SetNextRule]{mbeans-descriptors/mbean/operation} Call org.apache.tomcat.util.modeler.ManagedBean.addOperation(org.apache.tomcat.util.modeler.OperationInfo@33486bfa)
2019-12-06 11:18:41.435 DEBUG 7503 --- [kground-preinit] o.apache.tomcat.util.IntrospectionUtils  : IntrospectionUtils: callMethod1 org.apache.tomcat.util.modeler.ManagedBean org.apache.tomcat.util.modeler.OperationInfo org.apache.tomcat.util.modeler.OperationInfo
2019-12-06 11:18:41.435 DEBUG 7503 --- [kground-preinit] o.apache.tomcat.util.digester.Digester   :   Fire end() for SetPropertiesRule[]
2019-12-06 11:18:41.435 DEBUG 7503 --- [kground-preinit] o.apache.tomcat.util.digester.Digester   :   Fire end() for ObjectCreateRule[className=org.apache.tomcat.util.modeler.OperationInfo, attributeName=null]
2019-12-06 11:18:41.435 DEBUG 7503 --- [kground-preinit] o.apache.tomcat.util.digester.Digester   : [ObjectCreateRule]{mbeans-descriptors/mbean/operation} Pop org.apache.tomcat.util.modeler.OperationInfo
2019-12-06 11:18:41.435 DEBUG 7503 --- [kground-preinit] o.a.tomcat.util.digester.Digester.sax    : characters(

    )
2019-12-06 11:18:41.435 DEBUG 7503 --- [kground-preinit] o.a.tomcat.util.digester.Digester.sax    : startElement(,,operation)
2019-12-06 11:18:41.436 DEBUG 7503 --- [kground-preinit] o.apache.tomcat.util.digester.Digester   :   New match='mbeans-descriptors/mbean/operation'
2019-12-06 11:18:41.436 DEBUG 7503 --- [kground-preinit] o.apache.tomcat.util.digester.Digester   :   Fire begin() for ObjectCreateRule[className=org.apache.tomcat.util.modeler.OperationInfo, attributeName=null]
2019-12-06 11:18:41.436 DEBUG 7503 --- [kground-preinit] o.apache.tomcat.util.digester.Digester   :   Fire begin() for SetPropertiesRule[]
2019-12-06 11:18:41.436 DEBUG 7503 --- [kground-preinit] o.apache.tomcat.util.digester.Digester   : [SetPropertiesRule]{mbeans-descriptors/mbean/operation} Set org.apache.tomcat.util.modeler.OperationInfo properties
2019-12-06 11:18:41.436 DEBUG 7503 --- [kground-preinit] o.apache.tomcat.util.digester.Digester   : [SetPropertiesRule]{mbeans-descriptors/mbean/operation} Setting property 'name' to 'removeSecurityRole'
2019-12-06 11:18:41.436 DEBUG 7503 --- [kground-preinit] o.apache.tomcat.util.IntrospectionUtils  : IntrospectionUtils: setProperty(class org.apache.tomcat.util.modeler.OperationInfo name=removeSecurityRole)
2019-12-06 11:18:41.436 DEBUG 7503 --- [kground-preinit] o.apache.tomcat.util.digester.Digester   : [SetPropertiesRule]{mbeans-descriptors/mbean/operation} Setting property 'description' to 'Remove any security role with the specified name.'
2019-12-06 11:18:41.436 DEBUG 7503 --- [kground-preinit] o.apache.tomcat.util.IntrospectionUtils  : IntrospectionUtils: setProperty(class org.apache.tomcat.util.modeler.OperationInfo description=Remove any security role with the specified name.)
2019-12-06 11:18:41.436 DEBUG 7503 --- [kground-preinit] o.apache.tomcat.util.digester.Digester   : [SetPropertiesRule]{mbeans-descriptors/mbean/operation} Setting property 'impact' to 'ACTION'
2019-12-06 11:18:41.436 DEBUG 7503 --- [kground-preinit] o.apache.tomcat.util.IntrospectionUtils  : IntrospectionUtils: setProperty(class org.apache.tomcat.util.modeler.OperationInfo impact=ACTION)
2019-12-06 11:18:41.436 DEBUG 7503 --- [kground-preinit] o.apache.tomcat.util.digester.Digester   : [SetPropertiesRule]{mbeans-descriptors/mbean/operation} Setting property 'returnType' to 'void'
2019-12-06 11:18:41.436 DEBUG 7503 --- [kground-preinit] o.apache.tomcat.util.IntrospectionUtils  : IntrospectionUtils: setProperty(class org.apache.tomcat.util.modeler.OperationInfo returnType=void)
2019-12-06 11:18:41.436 DEBUG 7503 --- [kground-preinit] o.apache.tomcat.util.digester.Digester   :   Fire begin() for SetNextRule[methodName=addOperation, paramType=org.apache.tomcat.util.modeler.OperationInfo]
2019-12-06 11:18:41.436 DEBUG 7503 --- [kground-preinit] o.a.tomcat.util.digester.Digester.sax    : characters(
      )
2019-12-06 11:18:41.437 DEBUG 7503 --- [kground-preinit] o.a.tomcat.util.digester.Digester.sax    : startElement(,,parameter)
2019-12-06 11:18:41.437 DEBUG 7503 --- [kground-preinit] o.apache.tomcat.util.digester.Digester   :   New match='mbeans-descriptors/mbean/operation/parameter'
2019-12-06 11:18:41.437 DEBUG 7503 --- [kground-preinit] o.apache.tomcat.util.digester.Digester   :   Fire begin() for ObjectCreateRule[className=org.apache.tomcat.util.modeler.ParameterInfo, attributeName=null]
2019-12-06 11:18:41.437 DEBUG 7503 --- [kground-preinit] o.apache.tomcat.util.digester.Digester   :   Fire begin() for SetPropertiesRule[]
2019-12-06 11:18:41.437 DEBUG 7503 --- [kground-preinit] o.apache.tomcat.util.digester.Digester   : [SetPropertiesRule]{mbeans-descriptors/mbean/operation/parameter} Set org.apache.tomcat.util.modeler.ParameterInfo properties
2019-12-06 11:18:41.437 DEBUG 7503 --- [kground-preinit] o.apache.tomcat.util.digester.Digester   : [SetPropertiesRule]{mbeans-descriptors/mbean/operation/parameter} Setting property 'name' to 'role'
2019-12-06 11:18:41.437 DEBUG 7503 --- [kground-preinit] o.apache.tomcat.util.IntrospectionUtils  : IntrospectionUtils: setProperty(class org.apache.tomcat.util.modeler.ParameterInfo name=role)
2019-12-06 11:18:41.437 DEBUG 7503 --- [kground-preinit] o.apache.tomcat.util.digester.Digester   : [SetPropertiesRule]{mbeans-descriptors/mbean/operation/parameter} Setting property 'description' to 'Security role to remove'
2019-12-06 11:18:41.437 DEBUG 7503 --- [kground-preinit] o.apache.tomcat.util.IntrospectionUtils  : IntrospectionUtils: setProperty(class org.apache.tomcat.util.modeler.ParameterInfo description=Security role to remove)
2019-12-06 11:18:41.437 DEBUG 7503 --- [kground-preinit] o.apache.tomcat.util.digester.Digester   : [SetPropertiesRule]{mbeans-descriptors/mbean/operation/parameter} Setting property 'type' to 'java.lang.String'
2019-12-06 11:18:41.437 DEBUG 7503 --- [kground-preinit] o.apache.tomcat.util.IntrospectionUtils  : IntrospectionUtils: setProperty(class org.apache.tomcat.util.modeler.ParameterInfo type=java.lang.String)
2019-12-06 11:18:41.437 DEBUG 7503 --- [kground-preinit] o.apache.tomcat.util.digester.Digester   :   Fire begin() for SetNextRule[methodName=addParameter, paramType=org.apache.tomcat.util.modeler.ParameterInfo]
2019-12-06 11:18:41.438 DEBUG 7503 --- [kground-preinit] o.a.tomcat.util.digester.Digester.sax    : endElement(,,parameter)
2019-12-06 11:18:41.438 DEBUG 7503 --- [kground-preinit] o.apache.tomcat.util.digester.Digester   :   match='mbeans-descriptors/mbean/operation/parameter'
2019-12-06 11:18:41.438 DEBUG 7503 --- [kground-preinit] o.apache.tomcat.util.digester.Digester   :   bodyText=''
2019-12-06 11:18:41.438 DEBUG 7503 --- [kground-preinit] o.apache.tomcat.util.digester.Digester   :   Fire body() for ObjectCreateRule[className=org.apache.tomcat.util.modeler.ParameterInfo, attributeName=null]
2019-12-06 11:18:41.438 DEBUG 7503 --- [kground-preinit] o.apache.tomcat.util.digester.Digester   :   Fire body() for SetPropertiesRule[]
2019-12-06 11:18:41.438 DEBUG 7503 --- [kground-preinit] o.apache.tomcat.util.digester.Digester   :   Fire body() for SetNextRule[methodName=addParameter, paramType=org.apache.tomcat.util.modeler.ParameterInfo]
2019-12-06 11:18:41.438 DEBUG 7503 --- [kground-preinit] o.apache.tomcat.util.digester.Digester   :   Fire end() for SetNextRule[methodName=addParameter, paramType=org.apache.tomcat.util.modeler.ParameterInfo]
2019-12-06 11:18:41.438 DEBUG 7503 --- [kground-preinit] o.apache.tomcat.util.digester.Digester   : [SetNextRule]{mbeans-descriptors/mbean/operation/parameter} Call org.apache.tomcat.util.modeler.OperationInfo.addParameter(org.apache.tomcat.util.modeler.ParameterInfo@4d0edb53)
2019-12-06 11:18:41.438 DEBUG 7503 --- [kground-preinit] o.apache.tomcat.util.IntrospectionUtils  : IntrospectionUtils: callMethod1 org.apache.tomcat.util.modeler.OperationInfo org.apache.tomcat.util.modeler.ParameterInfo org.apache.tomcat.util.modeler.ParameterInfo
2019-12-06 11:18:41.438 DEBUG 7503 --- [kground-preinit] o.apache.tomcat.util.digester.Digester   :   Fire end() for SetPropertiesRule[]
2019-12-06 11:18:41.438 DEBUG 7503 --- [kground-preinit] o.apache.tomcat.util.digester.Digester   :   Fire end() for ObjectCreateRule[className=org.apache.tomcat.util.modeler.ParameterInfo, attributeName=null]
2019-12-06 11:18:41.438 DEBUG 7503 --- [kground-preinit] o.apache.tomcat.util.digester.Digester   : [ObjectCreateRule]{mbeans-descriptors/mbean/operation/parameter} Pop org.apache.tomcat.util.modeler.ParameterInfo
2019-12-06 11:18:41.439 DEBUG 7503 --- [kground-preinit] o.a.tomcat.util.digester.Digester.sax    : characters(
    )
2019-12-06 11:18:41.439 DEBUG 7503 --- [kground-preinit] o.a.tomcat.util.digester.Digester.sax    : endElement(,,operation)
2019-12-06 11:18:41.439 DEBUG 7503 --- [kground-preinit] o.apache.tomcat.util.digester.Digester   :   match='mbeans-descriptors/mbean/operation'
2019-12-06 11:18:41.439 DEBUG 7503 --- [kground-preinit] o.apache.tomcat.util.digester.Digester   :   bodyText='
      
    '
2019-12-06 11:18:41.439 DEBUG 7503 --- [kground-preinit] o.apache.tomcat.util.digester.Digester   :   Fire body() for ObjectCreateRule[className=org.apache.tomcat.util.modeler.OperationInfo, attributeName=null]
2019-12-06 11:18:41.439 DEBUG 7503 --- [kground-preinit] o.apache.tomcat.util.digester.Digester   :   Fire body() for SetPropertiesRule[]
2019-12-06 11:18:41.439 DEBUG 7503 --- [kground-preinit] o.apache.tomcat.util.digester.Digester   :   Fire body() for SetNextRule[methodName=addOperation, paramType=org.apache.tomcat.util.modeler.OperationInfo]
2019-12-06 11:18:41.439 DEBUG 7503 --- [kground-preinit] o.apache.tomcat.util.digester.Digester   :   Fire end() for SetNextRule[methodName=addOperation, paramType=org.apache.tomcat.util.modeler.OperationInfo]
2019-12-06 11:18:41.439 DEBUG 7503 --- [kground-preinit] o.apache.tomcat.util.digester.Digester   : [SetNextRule]{mbeans-descriptors/mbean/operation} Call org.apache.tomcat.util.modeler.ManagedBean.addOperation(org.apache.tomcat.util.modeler.OperationInfo@163d430a)
2019-12-06 11:18:41.439 DEBUG 7503 --- [kground-preinit] o.apache.tomcat.util.IntrospectionUtils  : IntrospectionUtils: callMethod1 org.apache.tomcat.util.modeler.ManagedBean org.apache.tomcat.util.modeler.OperationInfo org.apache.tomcat.util.modeler.OperationInfo
2019-12-06 11:18:41.439 DEBUG 7503 --- [kground-preinit] o.apache.tomcat.util.digester.Digester   :   Fire end() for SetPropertiesRule[]
2019-12-06 11:18:41.439 DEBUG 7503 --- [kground-preinit] o.apache.tomcat.util.digester.Digester   :   Fire end() for ObjectCreateRule[className=org.apache.tomcat.util.modeler.OperationInfo, attributeName=null]
2019-12-06 11:18:41.439 DEBUG 7503 --- [kground-preinit] o.apache.tomcat.util.digester.Digester   : [ObjectCreateRule]{mbeans-descriptors/mbean/operation} Pop org.apache.tomcat.util.modeler.OperationInfo
2019-12-06 11:18:41.439 DEBUG 7503 --- [kground-preinit] o.a.tomcat.util.digester.Digester.sax    : characters(

    )
2019-12-06 11:18:41.439 DEBUG 7503 --- [kground-preinit] o.a.tomcat.util.digester.Digester.sax    : startElement(,,operation)
2019-12-06 11:18:41.440 DEBUG 7503 --- [kground-preinit] o.apache.tomcat.util.digester.Digester   :   New match='mbeans-descriptors/mbean/operation'
2019-12-06 11:18:41.440 DEBUG 7503 --- [kground-preinit] o.apache.tomcat.util.digester.Digester   :   Fire begin() for ObjectCreateRule[className=org.apache.tomcat.util.modeler.OperationInfo, attributeName=null]
2019-12-06 11:18:41.440 DEBUG 7503 --- [kground-preinit] o.apache.tomcat.util.digester.Digester   :   Fire begin() for SetPropertiesRule[]
2019-12-06 11:18:41.440 DEBUG 7503 --- [kground-preinit] o.apache.tomcat.util.digester.Digester   : [SetPropertiesRule]{mbeans-descriptors/mbean/operation} Set org.apache.tomcat.util.modeler.OperationInfo properties
2019-12-06 11:18:41.440 DEBUG 7503 --- [kground-preinit] o.apache.tomcat.util.digester.Digester   : [SetPropertiesRule]{mbeans-descriptors/mbean/operation} Setting property 'name' to 'removeServletMapping'
2019-12-06 11:18:41.440 DEBUG 7503 --- [kground-preinit] o.apache.tomcat.util.IntrospectionUtils  : IntrospectionUtils: setProperty(class org.apache.tomcat.util.modeler.OperationInfo name=removeServletMapping)
2019-12-06 11:18:41.440 DEBUG 7503 --- [kground-preinit] o.apache.tomcat.util.digester.Digester   : [SetPropertiesRule]{mbeans-descriptors/mbean/operation} Setting property 'description' to 'Remove any servlet mapping for the specified pattern, if it exists; otherwise, no action is taken.'
2019-12-06 11:18:41.440 DEBUG 7503 --- [kground-preinit] o.apache.tomcat.util.IntrospectionUtils  : IntrospectionUtils: setProperty(class org.apache.tomcat.util.modeler.OperationInfo description=Remove any servlet mapping for the specified pattern, if it exists; otherwise, no action is taken.)
2019-12-06 11:18:41.440 DEBUG 7503 --- [kground-preinit] o.apache.tomcat.util.digester.Digester   : [SetPropertiesRule]{mbeans-descriptors/mbean/operation} Setting property 'impact' to 'ACTION'
2019-12-06 11:18:41.440 DEBUG 7503 --- [kground-preinit] o.apache.tomcat.util.IntrospectionUtils  : IntrospectionUtils: setProperty(class org.apache.tomcat.util.modeler.OperationInfo impact=ACTION)
2019-12-06 11:18:41.440 DEBUG 7503 --- [kground-preinit] o.apache.tomcat.util.digester.Digester   : [SetPropertiesRule]{mbeans-descriptors/mbean/operation} Setting property 'returnType' to 'void'
2019-12-06 11:18:41.440 DEBUG 7503 --- [kground-preinit] o.apache.tomcat.util.IntrospectionUtils  : IntrospectionUtils: setProperty(class org.apache.tomcat.util.modeler.OperationInfo returnType=void)
2019-12-06 11:18:41.440 DEBUG 7503 --- [kground-preinit] o.apache.tomcat.util.digester.Digester   :   Fire begin() for SetNextRule[methodName=addOperation, paramType=org.apache.tomcat.util.modeler.OperationInfo]
2019-12-06 11:18:41.440 DEBUG 7503 --- [kground-preinit] o.a.tomcat.util.digester.Digester.sax    : characters(
      )
2019-12-06 11:18:41.441 DEBUG 7503 --- [kground-preinit] o.a.tomcat.util.digester.Digester.sax    : startElement(,,parameter)
2019-12-06 11:18:41.441 DEBUG 7503 --- [kground-preinit] o.apache.tomcat.util.digester.Digester   :   New match='mbeans-descriptors/mbean/operation/parameter'
2019-12-06 11:18:41.441 DEBUG 7503 --- [kground-preinit] o.apache.tomcat.util.digester.Digester   :   Fire begin() for ObjectCreateRule[className=org.apache.tomcat.util.modeler.ParameterInfo, attributeName=null]
2019-12-06 11:18:41.441 DEBUG 7503 --- [kground-preinit] o.apache.tomcat.util.digester.Digester   :   Fire begin() for SetPropertiesRule[]
2019-12-06 11:18:41.441 DEBUG 7503 --- [kground-preinit] o.apache.tomcat.util.digester.Digester   : [SetPropertiesRule]{mbeans-descriptors/mbean/operation/parameter} Set org.apache.tomcat.util.modeler.ParameterInfo properties
2019-12-06 11:18:41.441 DEBUG 7503 --- [kground-preinit] o.apache.tomcat.util.digester.Digester   : [SetPropertiesRule]{mbeans-descriptors/mbean/operation/parameter} Setting property 'name' to 'pattern'
2019-12-06 11:18:41.441 DEBUG 7503 --- [kground-preinit] o.apache.tomcat.util.IntrospectionUtils  : IntrospectionUtils: setProperty(class org.apache.tomcat.util.modeler.ParameterInfo name=pattern)
2019-12-06 11:18:41.441 DEBUG 7503 --- [kground-preinit] o.apache.tomcat.util.digester.Digester   : [SetPropertiesRule]{mbeans-descriptors/mbean/operation/parameter} Setting property 'description' to 'URL pattern of the mapping to remove'
2019-12-06 11:18:41.441 DEBUG 7503 --- [kground-preinit] o.apache.tomcat.util.IntrospectionUtils  : IntrospectionUtils: setProperty(class org.apache.tomcat.util.modeler.ParameterInfo description=URL pattern of the mapping to remove)
2019-12-06 11:18:41.441 DEBUG 7503 --- [kground-preinit] o.apache.tomcat.util.digester.Digester   : [SetPropertiesRule]{mbeans-descriptors/mbean/operation/parameter} Setting property 'type' to 'java.lang.String'
2019-12-06 11:18:41.441 DEBUG 7503 --- [kground-preinit] o.apache.tomcat.util.IntrospectionUtils  : IntrospectionUtils: setProperty(class org.apache.tomcat.util.modeler.ParameterInfo type=java.lang.String)
2019-12-06 11:18:41.441 DEBUG 7503 --- [kground-preinit] o.apache.tomcat.util.digester.Digester   :   Fire begin() for SetNextRule[methodName=addParameter, paramType=org.apache.tomcat.util.modeler.ParameterInfo]
2019-12-06 11:18:41.441 DEBUG 7503 --- [kground-preinit] o.a.tomcat.util.digester.Digester.sax    : endElement(,,parameter)
2019-12-06 11:18:41.441 DEBUG 7503 --- [kground-preinit] o.apache.tomcat.util.digester.Digester   :   match='mbeans-descriptors/mbean/operation/parameter'
2019-12-06 11:18:41.441 DEBUG 7503 --- [kground-preinit] o.apache.tomcat.util.digester.Digester   :   bodyText=''
2019-12-06 11:18:41.442 DEBUG 7503 --- [kground-preinit] o.apache.tomcat.util.digester.Digester   :   Fire body() for ObjectCreateRule[className=org.apache.tomcat.util.modeler.ParameterInfo, attributeName=null]
2019-12-06 11:18:41.442 DEBUG 7503 --- [kground-preinit] o.apache.tomcat.util.digester.Digester   :   Fire body() for SetPropertiesRule[]
2019-12-06 11:18:41.442 DEBUG 7503 --- [kground-preinit] o.apache.tomcat.util.digester.Digester   :   Fire body() for SetNextRule[methodName=addParameter, paramType=org.apache.tomcat.util.modeler.ParameterInfo]
2019-12-06 11:18:41.442 DEBUG 7503 --- [kground-preinit] o.apache.tomcat.util.digester.Digester   :   Fire end() for SetNextRule[methodName=addParameter, paramType=org.apache.tomcat.util.modeler.ParameterInfo]
2019-12-06 11:18:41.442 DEBUG 7503 --- [kground-preinit] o.apache.tomcat.util.digester.Digester   : [SetNextRule]{mbeans-descriptors/mbean/operation/parameter} Call org.apache.tomcat.util.modeler.OperationInfo.addParameter(org.apache.tomcat.util.modeler.ParameterInfo@637d074a)
2019-12-06 11:18:41.442 DEBUG 7503 --- [kground-preinit] o.apache.tomcat.util.IntrospectionUtils  : IntrospectionUtils: callMethod1 org.apache.tomcat.util.modeler.OperationInfo org.apache.tomcat.util.modeler.ParameterInfo org.apache.tomcat.util.modeler.ParameterInfo
2019-12-06 11:18:41.442 DEBUG 7503 --- [kground-preinit] o.apache.tomcat.util.digester.Digester   :   Fire end() for SetPropertiesRule[]
2019-12-06 11:18:41.442 DEBUG 7503 --- [kground-preinit] o.apache.tomcat.util.digester.Digester   :   Fire end() for ObjectCreateRule[className=org.apache.tomcat.util.modeler.ParameterInfo, attributeName=null]
2019-12-06 11:18:41.442 DEBUG 7503 --- [kground-preinit] o.apache.tomcat.util.digester.Digester   : [ObjectCreateRule]{mbeans-descriptors/mbean/operation/parameter} Pop org.apache.tomcat.util.modeler.ParameterInfo
2019-12-06 11:18:41.442 DEBUG 7503 --- [kground-preinit] o.a.tomcat.util.digester.Digester.sax    : characters(
    )
2019-12-06 11:18:41.442 DEBUG 7503 --- [kground-preinit] o.a.tomcat.util.digester.Digester.sax    : endElement(,,operation)
2019-12-06 11:18:41.442 DEBUG 7503 --- [kground-preinit] o.apache.tomcat.util.digester.Digester   :   match='mbeans-descriptors/mbean/operation'
2019-12-06 11:18:41.442 DEBUG 7503 --- [kground-preinit] o.apache.tomcat.util.digester.Digester   :   bodyText='
      
    '
2019-12-06 11:18:41.442 DEBUG 7503 --- [kground-preinit] o.apache.tomcat.util.digester.Digester   :   Fire body() for ObjectCreateRule[className=org.apache.tomcat.util.modeler.OperationInfo, attributeName=null]
2019-12-06 11:18:41.442 DEBUG 7503 --- [kground-preinit] o.apache.tomcat.util.digester.Digester   :   Fire body() for SetPropertiesRule[]
2019-12-06 11:18:41.443 DEBUG 7503 --- [kground-preinit] o.apache.tomcat.util.digester.Digester   :   Fire body() for SetNextRule[methodName=addOperation, paramType=org.apache.tomcat.util.modeler.OperationInfo]
2019-12-06 11:18:41.443 DEBUG 7503 --- [kground-preinit] o.apache.tomcat.util.digester.Digester   :   Fire end() for SetNextRule[methodName=addOperation, paramType=org.apache.tomcat.util.modeler.OperationInfo]
2019-12-06 11:18:41.443 DEBUG 7503 --- [kground-preinit] o.apache.tomcat.util.digester.Digester   : [SetNextRule]{mbeans-descriptors/mbean/operation} Call org.apache.tomcat.util.modeler.ManagedBean.addOperation(org.apache.tomcat.util.modeler.OperationInfo@131aa764)
2019-12-06 11:18:41.443 DEBUG 7503 --- [kground-preinit] o.apache.tomcat.util.IntrospectionUtils  : IntrospectionUtils: callMethod1 org.apache.tomcat.util.modeler.ManagedBean org.apache.tomcat.util.modeler.OperationInfo org.apache.tomcat.util.modeler.OperationInfo
2019-12-06 11:18:41.443 DEBUG 7503 --- [kground-preinit] o.apache.tomcat.util.digester.Digester   :   Fire end() for SetPropertiesRule[]
2019-12-06 11:18:41.443 DEBUG 7503 --- [kground-preinit] o.apache.tomcat.util.digester.Digester   :   Fire end() for ObjectCreateRule[className=org.apache.tomcat.util.modeler.OperationInfo, attributeName=null]
2019-12-06 11:18:41.443 DEBUG 7503 --- [kground-preinit] o.apache.tomcat.util.digester.Digester   : [ObjectCreateRule]{mbeans-descriptors/mbean/operation} Pop org.apache.tomcat.util.modeler.OperationInfo
2019-12-06 11:18:41.443 DEBUG 7503 --- [kground-preinit] o.a.tomcat.util.digester.Digester.sax    : characters(

    )
2019-12-06 11:18:41.443 DEBUG 7503 --- [kground-preinit] o.a.tomcat.util.digester.Digester.sax    : startElement(,,operation)
2019-12-06 11:18:41.443 DEBUG 7503 --- [kground-preinit] o.apache.tomcat.util.digester.Digester   :   New match='mbeans-descriptors/mbean/operation'
2019-12-06 11:18:41.443 DEBUG 7503 --- [kground-preinit] o.apache.tomcat.util.digester.Digester   :   Fire begin() for ObjectCreateRule[className=org.apache.tomcat.util.modeler.OperationInfo, attributeName=null]
2019-12-06 11:18:41.443 DEBUG 7503 --- [kground-preinit] o.apache.tomcat.util.digester.Digester   :   Fire begin() for SetPropertiesRule[]
2019-12-06 11:18:41.443 DEBUG 7503 --- [kground-preinit] o.apache.tomcat.util.digester.Digester   : [SetPropertiesRule]{mbeans-descriptors/mbean/operation} Set org.apache.tomcat.util.modeler.OperationInfo properties
2019-12-06 11:18:41.444 DEBUG 7503 --- [kground-preinit] o.apache.tomcat.util.digester.Digester   : [SetPropertiesRule]{mbeans-descriptors/mbean/operation} Setting property 'name' to 'removeValve'
2019-12-06 11:18:41.444 DEBUG 7503 --- [kground-preinit] o.apache.tomcat.util.IntrospectionUtils  : IntrospectionUtils: setProperty(class org.apache.tomcat.util.modeler.OperationInfo name=removeValve)
2019-12-06 11:18:41.444 DEBUG 7503 --- [kground-preinit] o.apache.tomcat.util.digester.Digester   : [SetPropertiesRule]{mbeans-descriptors/mbean/operation} Setting property 'description' to 'Remove a valve from this Context'
2019-12-06 11:18:41.444 DEBUG 7503 --- [kground-preinit] o.apache.tomcat.util.IntrospectionUtils  : IntrospectionUtils: setProperty(class org.apache.tomcat.util.modeler.OperationInfo description=Remove a valve from this Context)
2019-12-06 11:18:41.444 DEBUG 7503 --- [kground-preinit] o.apache.tomcat.util.digester.Digester   : [SetPropertiesRule]{mbeans-descriptors/mbean/operation} Setting property 'impact' to 'ACTION'
2019-12-06 11:18:41.444 DEBUG 7503 --- [kground-preinit] o.apache.tomcat.util.IntrospectionUtils  : IntrospectionUtils: setProperty(class org.apache.tomcat.util.modeler.OperationInfo impact=ACTION)
2019-12-06 11:18:41.444 DEBUG 7503 --- [kground-preinit] o.apache.tomcat.util.digester.Digester   : [SetPropertiesRule]{mbeans-descriptors/mbean/operation} Setting property 'returnType' to 'void'
2019-12-06 11:18:41.444 DEBUG 7503 --- [kground-preinit] o.apache.tomcat.util.IntrospectionUtils  : IntrospectionUtils: setProperty(class org.apache.tomcat.util.modeler.OperationInfo returnType=void)
2019-12-06 11:18:41.444 DEBUG 7503 --- [kground-preinit] o.apache.tomcat.util.digester.Digester   :   Fire begin() for SetNextRule[methodName=addOperation, paramType=org.apache.tomcat.util.modeler.OperationInfo]
2019-12-06 11:18:41.444 DEBUG 7503 --- [kground-preinit] o.a.tomcat.util.digester.Digester.sax    : characters(
      )
2019-12-06 11:18:41.444 DEBUG 7503 --- [kground-preinit] o.a.tomcat.util.digester.Digester.sax    : startElement(,,parameter)
2019-12-06 11:18:41.444 DEBUG 7503 --- [kground-preinit] o.apache.tomcat.util.digester.Digester   :   New match='mbeans-descriptors/mbean/operation/parameter'
2019-12-06 11:18:41.445 DEBUG 7503 --- [kground-preinit] o.apache.tomcat.util.digester.Digester   :   Fire begin() for ObjectCreateRule[className=org.apache.tomcat.util.modeler.ParameterInfo, attributeName=null]
2019-12-06 11:18:41.445 DEBUG 7503 --- [kground-preinit] o.apache.tomcat.util.digester.Digester   :   Fire begin() for SetPropertiesRule[]
2019-12-06 11:18:41.445 DEBUG 7503 --- [kground-preinit] o.apache.tomcat.util.digester.Digester   : [SetPropertiesRule]{mbeans-descriptors/mbean/operation/parameter} Set org.apache.tomcat.util.modeler.ParameterInfo properties
2019-12-06 11:18:41.445 DEBUG 7503 --- [kground-preinit] o.apache.tomcat.util.digester.Digester   : [SetPropertiesRule]{mbeans-descriptors/mbean/operation/parameter} Setting property 'name' to 'valveName'
2019-12-06 11:18:41.445 DEBUG 7503 --- [kground-preinit] o.apache.tomcat.util.IntrospectionUtils  : IntrospectionUtils: setProperty(class org.apache.tomcat.util.modeler.ParameterInfo name=valveName)
2019-12-06 11:18:41.445 DEBUG 7503 --- [kground-preinit] o.apache.tomcat.util.digester.Digester   : [SetPropertiesRule]{mbeans-descriptors/mbean/operation/parameter} Setting property 'description' to 'Objectname of the valve to be removed'
2019-12-06 11:18:41.445 DEBUG 7503 --- [kground-preinit] o.apache.tomcat.util.IntrospectionUtils  : IntrospectionUtils: setProperty(class org.apache.tomcat.util.modeler.ParameterInfo description=Objectname of the valve to be removed)
2019-12-06 11:18:41.445 DEBUG 7503 --- [kground-preinit] o.apache.tomcat.util.digester.Digester   : [SetPropertiesRule]{mbeans-descriptors/mbean/operation/parameter} Setting property 'type' to 'java.lang.String'
2019-12-06 11:18:41.445 DEBUG 7503 --- [kground-preinit] o.apache.tomcat.util.IntrospectionUtils  : IntrospectionUtils: setProperty(class org.apache.tomcat.util.modeler.ParameterInfo type=java.lang.String)
2019-12-06 11:18:41.445 DEBUG 7503 --- [kground-preinit] o.apache.tomcat.util.digester.Digester   :   Fire begin() for SetNextRule[methodName=addParameter, paramType=org.apache.tomcat.util.modeler.ParameterInfo]
2019-12-06 11:18:41.445 DEBUG 7503 --- [kground-preinit] o.a.tomcat.util.digester.Digester.sax    : endElement(,,parameter)
2019-12-06 11:18:41.445 DEBUG 7503 --- [kground-preinit] o.apache.tomcat.util.digester.Digester   :   match='mbeans-descriptors/mbean/operation/parameter'
2019-12-06 11:18:41.446 DEBUG 7503 --- [kground-preinit] o.apache.tomcat.util.digester.Digester   :   bodyText=''
2019-12-06 11:18:41.446 DEBUG 7503 --- [kground-preinit] o.apache.tomcat.util.digester.Digester   :   Fire body() for ObjectCreateRule[className=org.apache.tomcat.util.modeler.ParameterInfo, attributeName=null]
2019-12-06 11:18:41.446 DEBUG 7503 --- [kground-preinit] o.apache.tomcat.util.digester.Digester   :   Fire body() for SetPropertiesRule[]
2019-12-06 11:18:41.446 DEBUG 7503 --- [kground-preinit] o.apache.tomcat.util.digester.Digester   :   Fire body() for SetNextRule[methodName=addParameter, paramType=org.apache.tomcat.util.modeler.ParameterInfo]
2019-12-06 11:18:41.446 DEBUG 7503 --- [kground-preinit] o.apache.tomcat.util.digester.Digester   :   Fire end() for SetNextRule[methodName=addParameter, paramType=org.apache.tomcat.util.modeler.ParameterInfo]
2019-12-06 11:18:41.446 DEBUG 7503 --- [kground-preinit] o.apache.tomcat.util.digester.Digester   : [SetNextRule]{mbeans-descriptors/mbean/operation/parameter} Call org.apache.tomcat.util.modeler.OperationInfo.addParameter(org.apache.tomcat.util.modeler.ParameterInfo@28753217)
2019-12-06 11:18:41.446 DEBUG 7503 --- [kground-preinit] o.apache.tomcat.util.IntrospectionUtils  : IntrospectionUtils: callMethod1 org.apache.tomcat.util.modeler.OperationInfo org.apache.tomcat.util.modeler.ParameterInfo org.apache.tomcat.util.modeler.ParameterInfo
2019-12-06 11:18:41.446 DEBUG 7503 --- [kground-preinit] o.apache.tomcat.util.digester.Digester   :   Fire end() for SetPropertiesRule[]
2019-12-06 11:18:41.446 DEBUG 7503 --- [kground-preinit] o.apache.tomcat.util.digester.Digester   :   Fire end() for ObjectCreateRule[className=org.apache.tomcat.util.modeler.ParameterInfo, attributeName=null]
2019-12-06 11:18:41.446 DEBUG 7503 --- [kground-preinit] o.apache.tomcat.util.digester.Digester   : [ObjectCreateRule]{mbeans-descriptors/mbean/operation/parameter} Pop org.apache.tomcat.util.modeler.ParameterInfo
2019-12-06 11:18:41.446 DEBUG 7503 --- [kground-preinit] o.a.tomcat.util.digester.Digester.sax    : characters(
    )
2019-12-06 11:18:41.446 DEBUG 7503 --- [kground-preinit] o.a.tomcat.util.digester.Digester.sax    : endElement(,,operation)
2019-12-06 11:18:41.446 DEBUG 7503 --- [kground-preinit] o.apache.tomcat.util.digester.Digester   :   match='mbeans-descriptors/mbean/operation'
2019-12-06 11:18:41.446 DEBUG 7503 --- [kground-preinit] o.apache.tomcat.util.digester.Digester   :   bodyText='
      
    '
2019-12-06 11:18:41.447 DEBUG 7503 --- [kground-preinit] o.apache.tomcat.util.digester.Digester   :   Fire body() for ObjectCreateRule[className=org.apache.tomcat.util.modeler.OperationInfo, attributeName=null]
2019-12-06 11:18:41.447 DEBUG 7503 --- [kground-preinit] o.apache.tomcat.util.digester.Digester   :   Fire body() for SetPropertiesRule[]
2019-12-06 11:18:41.447 DEBUG 7503 --- [kground-preinit] o.apache.tomcat.util.digester.Digester   :   Fire body() for SetNextRule[methodName=addOperation, paramType=org.apache.tomcat.util.modeler.OperationInfo]
2019-12-06 11:18:41.447 DEBUG 7503 --- [kground-preinit] o.apache.tomcat.util.digester.Digester   :   Fire end() for SetNextRule[methodName=addOperation, paramType=org.apache.tomcat.util.modeler.OperationInfo]
2019-12-06 11:18:41.447 DEBUG 7503 --- [kground-preinit] o.apache.tomcat.util.digester.Digester   : [SetNextRule]{mbeans-descriptors/mbean/operation} Call org.apache.tomcat.util.modeler.ManagedBean.addOperation(org.apache.tomcat.util.modeler.OperationInfo@542c1100)
2019-12-06 11:18:41.447 DEBUG 7503 --- [kground-preinit] o.apache.tomcat.util.IntrospectionUtils  : IntrospectionUtils: callMethod1 org.apache.tomcat.util.modeler.ManagedBean org.apache.tomcat.util.modeler.OperationInfo org.apache.tomcat.util.modeler.OperationInfo
2019-12-06 11:18:41.447 DEBUG 7503 --- [kground-preinit] o.apache.tomcat.util.digester.Digester   :   Fire end() for SetPropertiesRule[]
2019-12-06 11:18:41.447 DEBUG 7503 --- [kground-preinit] o.apache.tomcat.util.digester.Digester   :   Fire end() for ObjectCreateRule[className=org.apache.tomcat.util.modeler.OperationInfo, attributeName=null]
2019-12-06 11:18:41.447 DEBUG 7503 --- [kground-preinit] o.apache.tomcat.util.digester.Digester   : [ObjectCreateRule]{mbeans-descriptors/mbean/operation} Pop org.apache.tomcat.util.modeler.OperationInfo
2019-12-06 11:18:41.447 DEBUG 7503 --- [kground-preinit] o.a.tomcat.util.digester.Digester.sax    : characters(

    )
2019-12-06 11:18:41.447 DEBUG 7503 --- [kground-preinit] o.a.tomcat.util.digester.Digester.sax    : startElement(,,operation)
2019-12-06 11:18:41.447 DEBUG 7503 --- [kground-preinit] o.apache.tomcat.util.digester.Digester   :   New match='mbeans-descriptors/mbean/operation'
2019-12-06 11:18:41.447 DEBUG 7503 --- [kground-preinit] o.apache.tomcat.util.digester.Digester   :   Fire begin() for ObjectCreateRule[className=org.apache.tomcat.util.modeler.OperationInfo, attributeName=null]
2019-12-06 11:18:41.448 DEBUG 7503 --- [kground-preinit] o.apache.tomcat.util.digester.Digester   :   Fire begin() for SetPropertiesRule[]
2019-12-06 11:18:41.448 DEBUG 7503 --- [kground-preinit] o.apache.tomcat.util.digester.Digester   : [SetPropertiesRule]{mbeans-descriptors/mbean/operation} Set org.apache.tomcat.util.modeler.OperationInfo properties
2019-12-06 11:18:41.448 DEBUG 7503 --- [kground-preinit] o.apache.tomcat.util.digester.Digester   : [SetPropertiesRule]{mbeans-descriptors/mbean/operation} Setting property 'name' to 'removeWatchedResource'
2019-12-06 11:18:41.448 DEBUG 7503 --- [kground-preinit] o.apache.tomcat.util.IntrospectionUtils  : IntrospectionUtils: setProperty(class org.apache.tomcat.util.modeler.OperationInfo name=removeWatchedResource)
2019-12-06 11:18:41.448 DEBUG 7503 --- [kground-preinit] o.apache.tomcat.util.digester.Digester   : [SetPropertiesRule]{mbeans-descriptors/mbean/operation} Setting property 'description' to 'Remove the specified watched resource name from the list associated with this Context.'
2019-12-06 11:18:41.448 DEBUG 7503 --- [kground-preinit] o.apache.tomcat.util.IntrospectionUtils  : IntrospectionUtils: setProperty(class org.apache.tomcat.util.modeler.OperationInfo description=Remove the specified watched resource name from the list associated with this Context.)
2019-12-06 11:18:41.448 DEBUG 7503 --- [kground-preinit] o.apache.tomcat.util.digester.Digester   : [SetPropertiesRule]{mbeans-descriptors/mbean/operation} Setting property 'impact' to 'ACTION'
2019-12-06 11:18:41.448 DEBUG 7503 --- [kground-preinit] o.apache.tomcat.util.IntrospectionUtils  : IntrospectionUtils: setProperty(class org.apache.tomcat.util.modeler.OperationInfo impact=ACTION)
2019-12-06 11:18:41.448 DEBUG 7503 --- [kground-preinit] o.apache.tomcat.util.digester.Digester   : [SetPropertiesRule]{mbeans-descriptors/mbean/operation} Setting property 'returnType' to 'void'
2019-12-06 11:18:41.448 DEBUG 7503 --- [kground-preinit] o.apache.tomcat.util.IntrospectionUtils  : IntrospectionUtils: setProperty(class org.apache.tomcat.util.modeler.OperationInfo returnType=void)
2019-12-06 11:18:41.448 DEBUG 7503 --- [kground-preinit] o.apache.tomcat.util.digester.Digester   :   Fire begin() for SetNextRule[methodName=addOperation, paramType=org.apache.tomcat.util.modeler.OperationInfo]
2019-12-06 11:18:41.449 DEBUG 7503 --- [kground-preinit] o.a.tomcat.util.digester.Digester.sax    : characters(
      )
2019-12-06 11:18:41.449 DEBUG 7503 --- [kground-preinit] o.a.tomcat.util.digester.Digester.sax    : startElement(,,parameter)
2019-12-06 11:18:41.449 DEBUG 7503 --- [kground-preinit] o.apache.tomcat.util.digester.Digester   :   New match='mbeans-descriptors/mbean/operation/parameter'
2019-12-06 11:18:41.449 DEBUG 7503 --- [kground-preinit] o.apache.tomcat.util.digester.Digester   :   Fire begin() for ObjectCreateRule[className=org.apache.tomcat.util.modeler.ParameterInfo, attributeName=null]
2019-12-06 11:18:41.449 DEBUG 7503 --- [kground-preinit] o.apache.tomcat.util.digester.Digester   :   Fire begin() for SetPropertiesRule[]
2019-12-06 11:18:41.449 DEBUG 7503 --- [kground-preinit] o.apache.tomcat.util.digester.Digester   : [SetPropertiesRule]{mbeans-descriptors/mbean/operation/parameter} Set org.apache.tomcat.util.modeler.ParameterInfo properties
2019-12-06 11:18:41.449 DEBUG 7503 --- [kground-preinit] o.apache.tomcat.util.digester.Digester   : [SetPropertiesRule]{mbeans-descriptors/mbean/operation/parameter} Setting property 'name' to 'name'
2019-12-06 11:18:41.449 DEBUG 7503 --- [kground-preinit] o.apache.tomcat.util.IntrospectionUtils  : IntrospectionUtils: setProperty(class org.apache.tomcat.util.modeler.ParameterInfo name=name)
2019-12-06 11:18:41.449 DEBUG 7503 --- [kground-preinit] o.apache.tomcat.util.digester.Digester   : [SetPropertiesRule]{mbeans-descriptors/mbean/operation/parameter} Setting property 'description' to 'Name of the watched resource to be removed'
2019-12-06 11:18:41.449 DEBUG 7503 --- [kground-preinit] o.apache.tomcat.util.IntrospectionUtils  : IntrospectionUtils: setProperty(class org.apache.tomcat.util.modeler.ParameterInfo description=Name of the watched resource to be removed)
2019-12-06 11:18:41.449 DEBUG 7503 --- [kground-preinit] o.apache.tomcat.util.digester.Digester   : [SetPropertiesRule]{mbeans-descriptors/mbean/operation/parameter} Setting property 'type' to 'java.lang.String'
2019-12-06 11:18:41.449 DEBUG 7503 --- [kground-preinit] o.apache.tomcat.util.IntrospectionUtils  : IntrospectionUtils: setProperty(class org.apache.tomcat.util.modeler.ParameterInfo type=java.lang.String)
2019-12-06 11:18:41.450 DEBUG 7503 --- [kground-preinit] o.apache.tomcat.util.digester.Digester   :   Fire begin() for SetNextRule[methodName=addParameter, paramType=org.apache.tomcat.util.modeler.ParameterInfo]
2019-12-06 11:18:41.450 DEBUG 7503 --- [kground-preinit] o.a.tomcat.util.digester.Digester.sax    : endElement(,,parameter)
2019-12-06 11:18:41.450 DEBUG 7503 --- [kground-preinit] o.apache.tomcat.util.digester.Digester   :   match='mbeans-descriptors/mbean/operation/parameter'
2019-12-06 11:18:41.450 DEBUG 7503 --- [kground-preinit] o.apache.tomcat.util.digester.Digester   :   bodyText=''
2019-12-06 11:18:41.450 DEBUG 7503 --- [kground-preinit] o.apache.tomcat.util.digester.Digester   :   Fire body() for ObjectCreateRule[className=org.apache.tomcat.util.modeler.ParameterInfo, attributeName=null]
2019-12-06 11:18:41.450 DEBUG 7503 --- [kground-preinit] o.apache.tomcat.util.digester.Digester   :   Fire body() for SetPropertiesRule[]
2019-12-06 11:18:41.450 DEBUG 7503 --- [kground-preinit] o.apache.tomcat.util.digester.Digester   :   Fire body() for SetNextRule[methodName=addParameter, paramType=org.apache.tomcat.util.modeler.ParameterInfo]
2019-12-06 11:18:41.450 DEBUG 7503 --- [kground-preinit] o.apache.tomcat.util.digester.Digester   :   Fire end() for SetNextRule[methodName=addParameter, paramType=org.apache.tomcat.util.modeler.ParameterInfo]
2019-12-06 11:18:41.450 DEBUG 7503 --- [kground-preinit] o.apache.tomcat.util.digester.Digester   : [SetNextRule]{mbeans-descriptors/mbean/operation/parameter} Call org.apache.tomcat.util.modeler.OperationInfo.addParameter(org.apache.tomcat.util.modeler.ParameterInfo@5fe01b98)
2019-12-06 11:18:41.450 DEBUG 7503 --- [kground-preinit] o.apache.tomcat.util.IntrospectionUtils  : IntrospectionUtils: callMethod1 org.apache.tomcat.util.modeler.OperationInfo org.apache.tomcat.util.modeler.ParameterInfo org.apache.tomcat.util.modeler.ParameterInfo
2019-12-06 11:18:41.450 DEBUG 7503 --- [kground-preinit] o.apache.tomcat.util.digester.Digester   :   Fire end() for SetPropertiesRule[]
2019-12-06 11:18:41.450 DEBUG 7503 --- [kground-preinit] o.apache.tomcat.util.digester.Digester   :   Fire end() for ObjectCreateRule[className=org.apache.tomcat.util.modeler.ParameterInfo, attributeName=null]
2019-12-06 11:18:41.451 DEBUG 7503 --- [kground-preinit] o.apache.tomcat.util.digester.Digester   : [ObjectCreateRule]{mbeans-descriptors/mbean/operation/parameter} Pop org.apache.tomcat.util.modeler.ParameterInfo
2019-12-06 11:18:41.451 DEBUG 7503 --- [kground-preinit] o.a.tomcat.util.digester.Digester.sax    : characters(
    )
2019-12-06 11:18:41.451 DEBUG 7503 --- [kground-preinit] o.a.tomcat.util.digester.Digester.sax    : endElement(,,operation)
2019-12-06 11:18:41.451 DEBUG 7503 --- [kground-preinit] o.apache.tomcat.util.digester.Digester   :   match='mbeans-descriptors/mbean/operation'
2019-12-06 11:18:41.451 DEBUG 7503 --- [kground-preinit] o.apache.tomcat.util.digester.Digester   :   bodyText='
      
    '
2019-12-06 11:18:41.451 DEBUG 7503 --- [kground-preinit] o.apache.tomcat.util.digester.Digester   :   Fire body() for ObjectCreateRule[className=org.apache.tomcat.util.modeler.OperationInfo, attributeName=null]
2019-12-06 11:18:41.451 DEBUG 7503 --- [kground-preinit] o.apache.tomcat.util.digester.Digester   :   Fire body() for SetPropertiesRule[]
2019-12-06 11:18:41.451 DEBUG 7503 --- [kground-preinit] o.apache.tomcat.util.digester.Digester   :   Fire body() for SetNextRule[methodName=addOperation, paramType=org.apache.tomcat.util.modeler.OperationInfo]
2019-12-06 11:18:41.451 DEBUG 7503 --- [kground-preinit] o.apache.tomcat.util.digester.Digester   :   Fire end() for SetNextRule[methodName=addOperation, paramType=org.apache.tomcat.util.modeler.OperationInfo]
2019-12-06 11:18:41.451 DEBUG 7503 --- [kground-preinit] o.apache.tomcat.util.digester.Digester   : [SetNextRule]{mbeans-descriptors/mbean/operation} Call org.apache.tomcat.util.modeler.ManagedBean.addOperation(org.apache.tomcat.util.modeler.OperationInfo@1907b687)
2019-12-06 11:18:41.451 DEBUG 7503 --- [kground-preinit] o.apache.tomcat.util.IntrospectionUtils  : IntrospectionUtils: callMethod1 org.apache.tomcat.util.modeler.ManagedBean org.apache.tomcat.util.modeler.OperationInfo org.apache.tomcat.util.modeler.OperationInfo
2019-12-06 11:18:41.451 DEBUG 7503 --- [kground-preinit] o.apache.tomcat.util.digester.Digester   :   Fire end() for SetPropertiesRule[]
2019-12-06 11:18:41.451 DEBUG 7503 --- [kground-preinit] o.apache.tomcat.util.digester.Digester   :   Fire end() for ObjectCreateRule[className=org.apache.tomcat.util.modeler.OperationInfo, attributeName=null]
2019-12-06 11:18:41.452 DEBUG 7503 --- [kground-preinit] o.apache.tomcat.util.digester.Digester   : [ObjectCreateRule]{mbeans-descriptors/mbean/operation} Pop org.apache.tomcat.util.modeler.OperationInfo
2019-12-06 11:18:41.452 DEBUG 7503 --- [kground-preinit] o.a.tomcat.util.digester.Digester.sax    : characters(

    )
2019-12-06 11:18:41.452 DEBUG 7503 --- [kground-preinit] o.a.tomcat.util.digester.Digester.sax    : startElement(,,operation)
2019-12-06 11:18:41.452 DEBUG 7503 --- [kground-preinit] o.apache.tomcat.util.digester.Digester   :   New match='mbeans-descriptors/mbean/operation'
2019-12-06 11:18:41.452 DEBUG 7503 --- [kground-preinit] o.apache.tomcat.util.digester.Digester   :   Fire begin() for ObjectCreateRule[className=org.apache.tomcat.util.modeler.OperationInfo, attributeName=null]
2019-12-06 11:18:41.452 DEBUG 7503 --- [kground-preinit] o.apache.tomcat.util.digester.Digester   :   Fire begin() for SetPropertiesRule[]
2019-12-06 11:18:41.452 DEBUG 7503 --- [kground-preinit] o.apache.tomcat.util.digester.Digester   : [SetPropertiesRule]{mbeans-descriptors/mbean/operation} Set org.apache.tomcat.util.modeler.OperationInfo properties
2019-12-06 11:18:41.452 DEBUG 7503 --- [kground-preinit] o.apache.tomcat.util.digester.Digester   : [SetPropertiesRule]{mbeans-descriptors/mbean/operation} Setting property 'name' to 'removeWelcomeFile'
2019-12-06 11:18:41.452 DEBUG 7503 --- [    Test worker] o.s.b.f.s.DefaultListableBeanFactory     : Creating shared instance of singleton bean 'org.springframework.context.event.internalEventListenerProcessor'
2019-12-06 11:18:41.452 DEBUG 7503 --- [kground-preinit] o.apache.tomcat.util.IntrospectionUtils  : IntrospectionUtils: setProperty(class org.apache.tomcat.util.modeler.OperationInfo name=removeWelcomeFile)
2019-12-06 11:18:41.452 DEBUG 7503 --- [kground-preinit] o.apache.tomcat.util.digester.Digester   : [SetPropertiesRule]{mbeans-descriptors/mbean/operation} Setting property 'description' to 'Remove the specified welcome file name from the list recognized by this Context.'
2019-12-06 11:18:41.452 DEBUG 7503 --- [kground-preinit] o.apache.tomcat.util.IntrospectionUtils  : IntrospectionUtils: setProperty(class org.apache.tomcat.util.modeler.OperationInfo description=Remove the specified welcome file name from the list recognized by this Context.)
2019-12-06 11:18:41.452 DEBUG 7503 --- [kground-preinit] o.apache.tomcat.util.digester.Digester   : [SetPropertiesRule]{mbeans-descriptors/mbean/operation} Setting property 'impact' to 'ACTION'
2019-12-06 11:18:41.452 DEBUG 7503 --- [kground-preinit] o.apache.tomcat.util.IntrospectionUtils  : IntrospectionUtils: setProperty(class org.apache.tomcat.util.modeler.OperationInfo impact=ACTION)
2019-12-06 11:18:41.453 DEBUG 7503 --- [kground-preinit] o.apache.tomcat.util.digester.Digester   : [SetPropertiesRule]{mbeans-descriptors/mbean/operation} Setting property 'returnType' to 'void'
2019-12-06 11:18:41.453 DEBUG 7503 --- [kground-preinit] o.apache.tomcat.util.IntrospectionUtils  : IntrospectionUtils: setProperty(class org.apache.tomcat.util.modeler.OperationInfo returnType=void)
2019-12-06 11:18:41.453 DEBUG 7503 --- [kground-preinit] o.apache.tomcat.util.digester.Digester   :   Fire begin() for SetNextRule[methodName=addOperation, paramType=org.apache.tomcat.util.modeler.OperationInfo]
2019-12-06 11:18:41.453 DEBUG 7503 --- [kground-preinit] o.a.tomcat.util.digester.Digester.sax    : characters(
      )
2019-12-06 11:18:41.453 DEBUG 7503 --- [kground-preinit] o.a.tomcat.util.digester.Digester.sax    : startElement(,,parameter)
2019-12-06 11:18:41.453 DEBUG 7503 --- [kground-preinit] o.apache.tomcat.util.digester.Digester   :   New match='mbeans-descriptors/mbean/operation/parameter'
2019-12-06 11:18:41.453 DEBUG 7503 --- [kground-preinit] o.apache.tomcat.util.digester.Digester   :   Fire begin() for ObjectCreateRule[className=org.apache.tomcat.util.modeler.ParameterInfo, attributeName=null]
2019-12-06 11:18:41.453 DEBUG 7503 --- [kground-preinit] o.apache.tomcat.util.digester.Digester   :   Fire begin() for SetPropertiesRule[]
2019-12-06 11:18:41.453 DEBUG 7503 --- [kground-preinit] o.apache.tomcat.util.digester.Digester   : [SetPropertiesRule]{mbeans-descriptors/mbean/operation/parameter} Set org.apache.tomcat.util.modeler.ParameterInfo properties
2019-12-06 11:18:41.453 DEBUG 7503 --- [    Test worker] o.s.b.f.s.DefaultListableBeanFactory     : Creating shared instance of singleton bean 'org.springframework.data.jpa.domain.support.AuditingBeanFactoryPostProcessor'
2019-12-06 11:18:41.453 DEBUG 7503 --- [kground-preinit] o.apache.tomcat.util.digester.Digester   : [SetPropertiesRule]{mbeans-descriptors/mbean/operation/parameter} Setting property 'name' to 'name'
2019-12-06 11:18:41.453 DEBUG 7503 --- [kground-preinit] o.apache.tomcat.util.IntrospectionUtils  : IntrospectionUtils: setProperty(class org.apache.tomcat.util.modeler.ParameterInfo name=name)
2019-12-06 11:18:41.453 DEBUG 7503 --- [    Test worker] o.s.b.f.s.DefaultListableBeanFactory     : Creating shared instance of singleton bean 'org.springframework.boot.context.properties.ConfigurationBeanFactoryMetadata'
2019-12-06 11:18:41.453 DEBUG 7503 --- [kground-preinit] o.apache.tomcat.util.digester.Digester   : [SetPropertiesRule]{mbeans-descriptors/mbean/operation/parameter} Setting property 'description' to 'Name of the welcome file to be removed'
2019-12-06 11:18:41.453 DEBUG 7503 --- [kground-preinit] o.apache.tomcat.util.IntrospectionUtils  : IntrospectionUtils: setProperty(class org.apache.tomcat.util.modeler.ParameterInfo description=Name of the welcome file to be removed)
2019-12-06 11:18:41.453 DEBUG 7503 --- [kground-preinit] o.apache.tomcat.util.digester.Digester   : [SetPropertiesRule]{mbeans-descriptors/mbean/operation/parameter} Setting property 'type' to 'java.lang.String'
2019-12-06 11:18:41.453 DEBUG 7503 --- [    Test worker] o.s.b.f.s.DefaultListableBeanFactory     : Creating shared instance of singleton bean 'preserveErrorControllerTargetClassPostProcessor'
2019-12-06 11:18:41.453 DEBUG 7503 --- [kground-preinit] o.apache.tomcat.util.IntrospectionUtils  : IntrospectionUtils: setProperty(class org.apache.tomcat.util.modeler.ParameterInfo type=java.lang.String)
2019-12-06 11:18:41.454 DEBUG 7503 --- [kground-preinit] o.apache.tomcat.util.digester.Digester   :   Fire begin() for SetNextRule[methodName=addParameter, paramType=org.apache.tomcat.util.modeler.ParameterInfo]
2019-12-06 11:18:41.454 DEBUG 7503 --- [kground-preinit] o.a.tomcat.util.digester.Digester.sax    : endElement(,,parameter)
2019-12-06 11:18:41.454 DEBUG 7503 --- [kground-preinit] o.apache.tomcat.util.digester.Digester   :   match='mbeans-descriptors/mbean/operation/parameter'
2019-12-06 11:18:41.454 DEBUG 7503 --- [kground-preinit] o.apache.tomcat.util.digester.Digester   :   bodyText=''
2019-12-06 11:18:41.454 DEBUG 7503 --- [kground-preinit] o.apache.tomcat.util.digester.Digester   :   Fire body() for ObjectCreateRule[className=org.apache.tomcat.util.modeler.ParameterInfo, attributeName=null]
2019-12-06 11:18:41.454 DEBUG 7503 --- [kground-preinit] o.apache.tomcat.util.digester.Digester   :   Fire body() for SetPropertiesRule[]
2019-12-06 11:18:41.454 DEBUG 7503 --- [kground-preinit] o.apache.tomcat.util.digester.Digester   :   Fire body() for SetNextRule[methodName=addParameter, paramType=org.apache.tomcat.util.modeler.ParameterInfo]
2019-12-06 11:18:41.454 DEBUG 7503 --- [kground-preinit] o.apache.tomcat.util.digester.Digester   :   Fire end() for SetNextRule[methodName=addParameter, paramType=org.apache.tomcat.util.modeler.ParameterInfo]
2019-12-06 11:18:41.454 DEBUG 7503 --- [kground-preinit] o.apache.tomcat.util.digester.Digester   : [SetNextRule]{mbeans-descriptors/mbean/operation/parameter} Call org.apache.tomcat.util.modeler.OperationInfo.addParameter(org.apache.tomcat.util.modeler.ParameterInfo@18e3ca3a)
2019-12-06 11:18:41.454 DEBUG 7503 --- [kground-preinit] o.apache.tomcat.util.IntrospectionUtils  : IntrospectionUtils: callMethod1 org.apache.tomcat.util.modeler.OperationInfo org.apache.tomcat.util.modeler.ParameterInfo org.apache.tomcat.util.modeler.ParameterInfo
2019-12-06 11:18:41.454 DEBUG 7503 --- [kground-preinit] o.apache.tomcat.util.digester.Digester   :   Fire end() for SetPropertiesRule[]
2019-12-06 11:18:41.454 DEBUG 7503 --- [kground-preinit] o.apache.tomcat.util.digester.Digester   :   Fire end() for ObjectCreateRule[className=org.apache.tomcat.util.modeler.ParameterInfo, attributeName=null]
2019-12-06 11:18:41.454 DEBUG 7503 --- [kground-preinit] o.apache.tomcat.util.digester.Digester   : [ObjectCreateRule]{mbeans-descriptors/mbean/operation/parameter} Pop org.apache.tomcat.util.modeler.ParameterInfo
2019-12-06 11:18:41.454 DEBUG 7503 --- [kground-preinit] o.a.tomcat.util.digester.Digester.sax    : characters(
    )
2019-12-06 11:18:41.455 DEBUG 7503 --- [kground-preinit] o.a.tomcat.util.digester.Digester.sax    : endElement(,,operation)
2019-12-06 11:18:41.455 DEBUG 7503 --- [    Test worker] o.s.b.f.s.DefaultListableBeanFactory     : Creating shared instance of singleton bean 'org.springframework.context.event.internalEventListenerFactory'
2019-12-06 11:18:41.455 DEBUG 7503 --- [kground-preinit] o.apache.tomcat.util.digester.Digester   :   match='mbeans-descriptors/mbean/operation'
2019-12-06 11:18:41.455 DEBUG 7503 --- [kground-preinit] o.apache.tomcat.util.digester.Digester   :   bodyText='
      
    '
2019-12-06 11:18:41.455 DEBUG 7503 --- [kground-preinit] o.apache.tomcat.util.digester.Digester   :   Fire body() for ObjectCreateRule[className=org.apache.tomcat.util.modeler.OperationInfo, attributeName=null]
2019-12-06 11:18:41.455 DEBUG 7503 --- [kground-preinit] o.apache.tomcat.util.digester.Digester   :   Fire body() for SetPropertiesRule[]
2019-12-06 11:18:41.455 DEBUG 7503 --- [kground-preinit] o.apache.tomcat.util.digester.Digester   :   Fire body() for SetNextRule[methodName=addOperation, paramType=org.apache.tomcat.util.modeler.OperationInfo]
2019-12-06 11:18:41.455 DEBUG 7503 --- [kground-preinit] o.apache.tomcat.util.digester.Digester   :   Fire end() for SetNextRule[methodName=addOperation, paramType=org.apache.tomcat.util.modeler.OperationInfo]
2019-12-06 11:18:41.455 DEBUG 7503 --- [kground-preinit] o.apache.tomcat.util.digester.Digester   : [SetNextRule]{mbeans-descriptors/mbean/operation} Call org.apache.tomcat.util.modeler.ManagedBean.addOperation(org.apache.tomcat.util.modeler.OperationInfo@2cf36c37)
2019-12-06 11:18:41.455 DEBUG 7503 --- [kground-preinit] o.apache.tomcat.util.IntrospectionUtils  : IntrospectionUtils: callMethod1 org.apache.tomcat.util.modeler.ManagedBean org.apache.tomcat.util.modeler.OperationInfo org.apache.tomcat.util.modeler.OperationInfo
2019-12-06 11:18:41.455 DEBUG 7503 --- [kground-preinit] o.apache.tomcat.util.digester.Digester   :   Fire end() for SetPropertiesRule[]
2019-12-06 11:18:41.455 DEBUG 7503 --- [kground-preinit] o.apache.tomcat.util.digester.Digester   :   Fire end() for ObjectCreateRule[className=org.apache.tomcat.util.modeler.OperationInfo, attributeName=null]
2019-12-06 11:18:41.455 DEBUG 7503 --- [kground-preinit] o.apache.tomcat.util.digester.Digester   : [ObjectCreateRule]{mbeans-descriptors/mbean/operation} Pop org.apache.tomcat.util.modeler.OperationInfo
2019-12-06 11:18:41.455 DEBUG 7503 --- [kground-preinit] o.a.tomcat.util.digester.Digester.sax    : characters(

    )
2019-12-06 11:18:41.455 DEBUG 7503 --- [kground-preinit] o.a.tomcat.util.digester.Digester.sax    : startElement(,,operation)
2019-12-06 11:18:41.456 DEBUG 7503 --- [kground-preinit] o.apache.tomcat.util.digester.Digester   :   New match='mbeans-descriptors/mbean/operation'
2019-12-06 11:18:41.456 DEBUG 7503 --- [kground-preinit] o.apache.tomcat.util.digester.Digester   :   Fire begin() for ObjectCreateRule[className=org.apache.tomcat.util.modeler.OperationInfo, attributeName=null]
2019-12-06 11:18:41.456 DEBUG 7503 --- [kground-preinit] o.apache.tomcat.util.digester.Digester   :   Fire begin() for SetPropertiesRule[]
2019-12-06 11:18:41.456 DEBUG 7503 --- [kground-preinit] o.apache.tomcat.util.digester.Digester   : [SetPropertiesRule]{mbeans-descriptors/mbean/operation} Set org.apache.tomcat.util.modeler.OperationInfo properties
2019-12-06 11:18:41.456 DEBUG 7503 --- [kground-preinit] o.apache.tomcat.util.digester.Digester   : [SetPropertiesRule]{mbeans-descriptors/mbean/operation} Setting property 'name' to 'removeWrapperLifecycle'
2019-12-06 11:18:41.456 DEBUG 7503 --- [kground-preinit] o.apache.tomcat.util.IntrospectionUtils  : IntrospectionUtils: setProperty(class org.apache.tomcat.util.modeler.OperationInfo name=removeWrapperLifecycle)
2019-12-06 11:18:41.456 DEBUG 7503 --- [kground-preinit] o.apache.tomcat.util.digester.Digester   : [SetPropertiesRule]{mbeans-descriptors/mbean/operation} Setting property 'description' to 'Remove a class name from the set of LifecycleListener classes that will be added to newly created Wrappers.'
2019-12-06 11:18:41.456 DEBUG 7503 --- [kground-preinit] o.apache.tomcat.util.IntrospectionUtils  : IntrospectionUtils: setProperty(class org.apache.tomcat.util.modeler.OperationInfo description=Remove a class name from the set of LifecycleListener classes that will be added to newly created Wrappers.)
2019-12-06 11:18:41.456 DEBUG 7503 --- [kground-preinit] o.apache.tomcat.util.digester.Digester   : [SetPropertiesRule]{mbeans-descriptors/mbean/operation} Setting property 'impact' to 'ACTION'
2019-12-06 11:18:41.456 DEBUG 7503 --- [kground-preinit] o.apache.tomcat.util.IntrospectionUtils  : IntrospectionUtils: setProperty(class org.apache.tomcat.util.modeler.OperationInfo impact=ACTION)
2019-12-06 11:18:41.456 DEBUG 7503 --- [kground-preinit] o.apache.tomcat.util.digester.Digester   : [SetPropertiesRule]{mbeans-descriptors/mbean/operation} Setting property 'returnType' to 'void'
2019-12-06 11:18:41.456 DEBUG 7503 --- [kground-preinit] o.apache.tomcat.util.IntrospectionUtils  : IntrospectionUtils: setProperty(class org.apache.tomcat.util.modeler.OperationInfo returnType=void)
2019-12-06 11:18:41.456 DEBUG 7503 --- [kground-preinit] o.apache.tomcat.util.digester.Digester   :   Fire begin() for SetNextRule[methodName=addOperation, paramType=org.apache.tomcat.util.modeler.OperationInfo]
2019-12-06 11:18:41.457 DEBUG 7503 --- [kground-preinit] o.a.tomcat.util.digester.Digester.sax    : characters(
      )
2019-12-06 11:18:41.457 DEBUG 7503 --- [kground-preinit] o.a.tomcat.util.digester.Digester.sax    : startElement(,,parameter)
2019-12-06 11:18:41.457 DEBUG 7503 --- [kground-preinit] o.apache.tomcat.util.digester.Digester   :   New match='mbeans-descriptors/mbean/operation/parameter'
2019-12-06 11:18:41.457 DEBUG 7503 --- [kground-preinit] o.apache.tomcat.util.digester.Digester   :   Fire begin() for ObjectCreateRule[className=org.apache.tomcat.util.modeler.ParameterInfo, attributeName=null]
2019-12-06 11:18:41.457 DEBUG 7503 --- [kground-preinit] o.apache.tomcat.util.digester.Digester   :   Fire begin() for SetPropertiesRule[]
2019-12-06 11:18:41.457 DEBUG 7503 --- [kground-preinit] o.apache.tomcat.util.digester.Digester   : [SetPropertiesRule]{mbeans-descriptors/mbean/operation/parameter} Set org.apache.tomcat.util.modeler.ParameterInfo properties
2019-12-06 11:18:41.457 DEBUG 7503 --- [kground-preinit] o.apache.tomcat.util.digester.Digester   : [SetPropertiesRule]{mbeans-descriptors/mbean/operation/parameter} Setting property 'name' to 'listener'
2019-12-06 11:18:41.457 DEBUG 7503 --- [kground-preinit] o.apache.tomcat.util.IntrospectionUtils  : IntrospectionUtils: setProperty(class org.apache.tomcat.util.modeler.ParameterInfo name=listener)
2019-12-06 11:18:41.457 DEBUG 7503 --- [kground-preinit] o.apache.tomcat.util.digester.Digester   : [SetPropertiesRule]{mbeans-descriptors/mbean/operation/parameter} Setting property 'description' to 'Class name of a LifecycleListener class to be removed'
2019-12-06 11:18:41.457 DEBUG 7503 --- [kground-preinit] o.apache.tomcat.util.IntrospectionUtils  : IntrospectionUtils: setProperty(class org.apache.tomcat.util.modeler.ParameterInfo description=Class name of a LifecycleListener class to be removed)
2019-12-06 11:18:41.457 DEBUG 7503 --- [kground-preinit] o.apache.tomcat.util.digester.Digester   : [SetPropertiesRule]{mbeans-descriptors/mbean/operation/parameter} Setting property 'type' to 'java.lang.String'
2019-12-06 11:18:41.457 DEBUG 7503 --- [kground-preinit] o.apache.tomcat.util.IntrospectionUtils  : IntrospectionUtils: setProperty(class org.apache.tomcat.util.modeler.ParameterInfo type=java.lang.String)
2019-12-06 11:18:41.458 DEBUG 7503 --- [kground-preinit] o.apache.tomcat.util.digester.Digester   :   Fire begin() for SetNextRule[methodName=addParameter, paramType=org.apache.tomcat.util.modeler.ParameterInfo]
2019-12-06 11:18:41.458 DEBUG 7503 --- [kground-preinit] o.a.tomcat.util.digester.Digester.sax    : endElement(,,parameter)
2019-12-06 11:18:41.458 DEBUG 7503 --- [kground-preinit] o.apache.tomcat.util.digester.Digester   :   match='mbeans-descriptors/mbean/operation/parameter'
2019-12-06 11:18:41.458 DEBUG 7503 --- [kground-preinit] o.apache.tomcat.util.digester.Digester   :   bodyText=''
2019-12-06 11:18:41.458 DEBUG 7503 --- [kground-preinit] o.apache.tomcat.util.digester.Digester   :   Fire body() for ObjectCreateRule[className=org.apache.tomcat.util.modeler.ParameterInfo, attributeName=null]
2019-12-06 11:18:41.458 DEBUG 7503 --- [kground-preinit] o.apache.tomcat.util.digester.Digester   :   Fire body() for SetPropertiesRule[]
2019-12-06 11:18:41.458 DEBUG 7503 --- [kground-preinit] o.apache.tomcat.util.digester.Digester   :   Fire body() for SetNextRule[methodName=addParameter, paramType=org.apache.tomcat.util.modeler.ParameterInfo]
2019-12-06 11:18:41.458 DEBUG 7503 --- [kground-preinit] o.apache.tomcat.util.digester.Digester   :   Fire end() for SetNextRule[methodName=addParameter, paramType=org.apache.tomcat.util.modeler.ParameterInfo]
2019-12-06 11:18:41.458 DEBUG 7503 --- [kground-preinit] o.apache.tomcat.util.digester.Digester   : [SetNextRule]{mbeans-descriptors/mbean/operation/parameter} Call org.apache.tomcat.util.modeler.OperationInfo.addParameter(org.apache.tomcat.util.modeler.ParameterInfo@73908eea)
2019-12-06 11:18:41.458 DEBUG 7503 --- [kground-preinit] o.apache.tomcat.util.IntrospectionUtils  : IntrospectionUtils: callMethod1 org.apache.tomcat.util.modeler.OperationInfo org.apache.tomcat.util.modeler.ParameterInfo org.apache.tomcat.util.modeler.ParameterInfo
2019-12-06 11:18:41.458 DEBUG 7503 --- [kground-preinit] o.apache.tomcat.util.digester.Digester   :   Fire end() for SetPropertiesRule[]
2019-12-06 11:18:41.459 DEBUG 7503 --- [kground-preinit] o.apache.tomcat.util.digester.Digester   :   Fire end() for ObjectCreateRule[className=org.apache.tomcat.util.modeler.ParameterInfo, attributeName=null]
2019-12-06 11:18:41.459 DEBUG 7503 --- [kground-preinit] o.apache.tomcat.util.digester.Digester   : [ObjectCreateRule]{mbeans-descriptors/mbean/operation/parameter} Pop org.apache.tomcat.util.modeler.ParameterInfo
2019-12-06 11:18:41.459 DEBUG 7503 --- [kground-preinit] o.a.tomcat.util.digester.Digester.sax    : characters(
    )
2019-12-06 11:18:41.459 DEBUG 7503 --- [kground-preinit] o.a.tomcat.util.digester.Digester.sax    : endElement(,,operation)
2019-12-06 11:18:41.459 DEBUG 7503 --- [kground-preinit] o.apache.tomcat.util.digester.Digester   :   match='mbeans-descriptors/mbean/operation'
2019-12-06 11:18:41.459 DEBUG 7503 --- [kground-preinit] o.apache.tomcat.util.digester.Digester   :   bodyText='
      
    '
2019-12-06 11:18:41.459 DEBUG 7503 --- [kground-preinit] o.apache.tomcat.util.digester.Digester   :   Fire body() for ObjectCreateRule[className=org.apache.tomcat.util.modeler.OperationInfo, attributeName=null]
2019-12-06 11:18:41.459 DEBUG 7503 --- [kground-preinit] o.apache.tomcat.util.digester.Digester   :   Fire body() for SetPropertiesRule[]
2019-12-06 11:18:41.459 DEBUG 7503 --- [kground-preinit] o.apache.tomcat.util.digester.Digester   :   Fire body() for SetNextRule[methodName=addOperation, paramType=org.apache.tomcat.util.modeler.OperationInfo]
2019-12-06 11:18:41.459 DEBUG 7503 --- [kground-preinit] o.apache.tomcat.util.digester.Digester   :   Fire end() for SetNextRule[methodName=addOperation, paramType=org.apache.tomcat.util.modeler.OperationInfo]
2019-12-06 11:18:41.459 DEBUG 7503 --- [kground-preinit] o.apache.tomcat.util.digester.Digester   : [SetNextRule]{mbeans-descriptors/mbean/operation} Call org.apache.tomcat.util.modeler.ManagedBean.addOperation(org.apache.tomcat.util.modeler.OperationInfo@5787bd91)
2019-12-06 11:18:41.459 DEBUG 7503 --- [kground-preinit] o.apache.tomcat.util.IntrospectionUtils  : IntrospectionUtils: callMethod1 org.apache.tomcat.util.modeler.ManagedBean org.apache.tomcat.util.modeler.OperationInfo org.apache.tomcat.util.modeler.OperationInfo
2019-12-06 11:18:41.459 DEBUG 7503 --- [kground-preinit] o.apache.tomcat.util.digester.Digester   :   Fire end() for SetPropertiesRule[]
2019-12-06 11:18:41.459 DEBUG 7503 --- [kground-preinit] o.apache.tomcat.util.digester.Digester   :   Fire end() for ObjectCreateRule[className=org.apache.tomcat.util.modeler.OperationInfo, attributeName=null]
2019-12-06 11:18:41.459 DEBUG 7503 --- [kground-preinit] o.apache.tomcat.util.digester.Digester   : [ObjectCreateRule]{mbeans-descriptors/mbean/operation} Pop org.apache.tomcat.util.modeler.OperationInfo
2019-12-06 11:18:41.459 DEBUG 7503 --- [kground-preinit] o.a.tomcat.util.digester.Digester.sax    : characters(

    )
2019-12-06 11:18:41.459 DEBUG 7503 --- [kground-preinit] o.a.tomcat.util.digester.Digester.sax    : startElement(,,operation)
2019-12-06 11:18:41.459 DEBUG 7503 --- [kground-preinit] o.apache.tomcat.util.digester.Digester   :   New match='mbeans-descriptors/mbean/operation'
2019-12-06 11:18:41.459 DEBUG 7503 --- [kground-preinit] o.apache.tomcat.util.digester.Digester   :   Fire begin() for ObjectCreateRule[className=org.apache.tomcat.util.modeler.OperationInfo, attributeName=null]
2019-12-06 11:18:41.459 DEBUG 7503 --- [kground-preinit] o.apache.tomcat.util.digester.Digester   :   Fire begin() for SetPropertiesRule[]
2019-12-06 11:18:41.459 DEBUG 7503 --- [kground-preinit] o.apache.tomcat.util.digester.Digester   : [SetPropertiesRule]{mbeans-descriptors/mbean/operation} Set org.apache.tomcat.util.modeler.OperationInfo properties
2019-12-06 11:18:41.460 DEBUG 7503 --- [kground-preinit] o.apache.tomcat.util.digester.Digester   : [SetPropertiesRule]{mbeans-descriptors/mbean/operation} Setting property 'name' to 'removeWrapperListener'
2019-12-06 11:18:41.460 DEBUG 7503 --- [kground-preinit] o.apache.tomcat.util.IntrospectionUtils  : IntrospectionUtils: setProperty(class org.apache.tomcat.util.modeler.OperationInfo name=removeWrapperListener)
2019-12-06 11:18:41.460 DEBUG 7503 --- [kground-preinit] o.apache.tomcat.util.digester.Digester   : [SetPropertiesRule]{mbeans-descriptors/mbean/operation} Setting property 'description' to 'Remove a class name from the set of ContainerListener classes that will be added to newly created Wrappers.'
2019-12-06 11:18:41.460 DEBUG 7503 --- [kground-preinit] o.apache.tomcat.util.IntrospectionUtils  : IntrospectionUtils: setProperty(class org.apache.tomcat.util.modeler.OperationInfo description=Remove a class name from the set of ContainerListener classes that will be added to newly created Wrappers.)
2019-12-06 11:18:41.460 DEBUG 7503 --- [kground-preinit] o.apache.tomcat.util.digester.Digester   : [SetPropertiesRule]{mbeans-descriptors/mbean/operation} Setting property 'impact' to 'ACTION'
2019-12-06 11:18:41.460 DEBUG 7503 --- [kground-preinit] o.apache.tomcat.util.IntrospectionUtils  : IntrospectionUtils: setProperty(class org.apache.tomcat.util.modeler.OperationInfo impact=ACTION)
2019-12-06 11:18:41.460 DEBUG 7503 --- [kground-preinit] o.apache.tomcat.util.digester.Digester   : [SetPropertiesRule]{mbeans-descriptors/mbean/operation} Setting property 'returnType' to 'void'
2019-12-06 11:18:41.460 DEBUG 7503 --- [kground-preinit] o.apache.tomcat.util.IntrospectionUtils  : IntrospectionUtils: setProperty(class org.apache.tomcat.util.modeler.OperationInfo returnType=void)
2019-12-06 11:18:41.460 DEBUG 7503 --- [kground-preinit] o.apache.tomcat.util.digester.Digester   :   Fire begin() for SetNextRule[methodName=addOperation, paramType=org.apache.tomcat.util.modeler.OperationInfo]
2019-12-06 11:18:41.460 DEBUG 7503 --- [kground-preinit] o.a.tomcat.util.digester.Digester.sax    : characters(
      )
2019-12-06 11:18:41.460 DEBUG 7503 --- [kground-preinit] o.a.tomcat.util.digester.Digester.sax    : startElement(,,parameter)
2019-12-06 11:18:41.460 DEBUG 7503 --- [kground-preinit] o.apache.tomcat.util.digester.Digester   :   New match='mbeans-descriptors/mbean/operation/parameter'
2019-12-06 11:18:41.460 DEBUG 7503 --- [kground-preinit] o.apache.tomcat.util.digester.Digester   :   Fire begin() for ObjectCreateRule[className=org.apache.tomcat.util.modeler.ParameterInfo, attributeName=null]
2019-12-06 11:18:41.460 DEBUG 7503 --- [kground-preinit] o.apache.tomcat.util.digester.Digester   :   Fire begin() for SetPropertiesRule[]
2019-12-06 11:18:41.460 DEBUG 7503 --- [kground-preinit] o.apache.tomcat.util.digester.Digester   : [SetPropertiesRule]{mbeans-descriptors/mbean/operation/parameter} Set org.apache.tomcat.util.modeler.ParameterInfo properties
2019-12-06 11:18:41.460 DEBUG 7503 --- [kground-preinit] o.apache.tomcat.util.digester.Digester   : [SetPropertiesRule]{mbeans-descriptors/mbean/operation/parameter} Setting property 'name' to 'listener'
2019-12-06 11:18:41.460 DEBUG 7503 --- [kground-preinit] o.apache.tomcat.util.IntrospectionUtils  : IntrospectionUtils: setProperty(class org.apache.tomcat.util.modeler.ParameterInfo name=listener)
2019-12-06 11:18:41.460 DEBUG 7503 --- [kground-preinit] o.apache.tomcat.util.digester.Digester   : [SetPropertiesRule]{mbeans-descriptors/mbean/operation/parameter} Setting property 'description' to 'Class name of a ContainerListener class to be removed'
2019-12-06 11:18:41.460 DEBUG 7503 --- [kground-preinit] o.apache.tomcat.util.IntrospectionUtils  : IntrospectionUtils: setProperty(class org.apache.tomcat.util.modeler.ParameterInfo description=Class name of a ContainerListener class to be removed)
2019-12-06 11:18:41.460 DEBUG 7503 --- [kground-preinit] o.apache.tomcat.util.digester.Digester   : [SetPropertiesRule]{mbeans-descriptors/mbean/operation/parameter} Setting property 'type' to 'java.lang.String'
2019-12-06 11:18:41.460 DEBUG 7503 --- [kground-preinit] o.apache.tomcat.util.IntrospectionUtils  : IntrospectionUtils: setProperty(class org.apache.tomcat.util.modeler.ParameterInfo type=java.lang.String)
2019-12-06 11:18:41.461 DEBUG 7503 --- [kground-preinit] o.apache.tomcat.util.digester.Digester   :   Fire begin() for SetNextRule[methodName=addParameter, paramType=org.apache.tomcat.util.modeler.ParameterInfo]
2019-12-06 11:18:41.461 DEBUG 7503 --- [kground-preinit] o.a.tomcat.util.digester.Digester.sax    : endElement(,,parameter)
2019-12-06 11:18:41.461 DEBUG 7503 --- [kground-preinit] o.apache.tomcat.util.digester.Digester   :   match='mbeans-descriptors/mbean/operation/parameter'
2019-12-06 11:18:41.461 DEBUG 7503 --- [kground-preinit] o.apache.tomcat.util.digester.Digester   :   bodyText=''
2019-12-06 11:18:41.461 DEBUG 7503 --- [kground-preinit] o.apache.tomcat.util.digester.Digester   :   Fire body() for ObjectCreateRule[className=org.apache.tomcat.util.modeler.ParameterInfo, attributeName=null]
2019-12-06 11:18:41.461 DEBUG 7503 --- [kground-preinit] o.apache.tomcat.util.digester.Digester   :   Fire body() for SetPropertiesRule[]
2019-12-06 11:18:41.461 DEBUG 7503 --- [kground-preinit] o.apache.tomcat.util.digester.Digester   :   Fire body() for SetNextRule[methodName=addParameter, paramType=org.apache.tomcat.util.modeler.ParameterInfo]
2019-12-06 11:18:41.461 DEBUG 7503 --- [kground-preinit] o.apache.tomcat.util.digester.Digester   :   Fire end() for SetNextRule[methodName=addParameter, paramType=org.apache.tomcat.util.modeler.ParameterInfo]
2019-12-06 11:18:41.461 DEBUG 7503 --- [kground-preinit] o.apache.tomcat.util.digester.Digester   : [SetNextRule]{mbeans-descriptors/mbean/operation/parameter} Call org.apache.tomcat.util.modeler.OperationInfo.addParameter(org.apache.tomcat.util.modeler.ParameterInfo@51b30f41)
2019-12-06 11:18:41.461 DEBUG 7503 --- [kground-preinit] o.apache.tomcat.util.IntrospectionUtils  : IntrospectionUtils: callMethod1 org.apache.tomcat.util.modeler.OperationInfo org.apache.tomcat.util.modeler.ParameterInfo org.apache.tomcat.util.modeler.ParameterInfo
2019-12-06 11:18:41.461 DEBUG 7503 --- [kground-preinit] o.apache.tomcat.util.digester.Digester   :   Fire end() for SetPropertiesRule[]
2019-12-06 11:18:41.461 DEBUG 7503 --- [kground-preinit] o.apache.tomcat.util.digester.Digester   :   Fire end() for ObjectCreateRule[className=org.apache.tomcat.util.modeler.ParameterInfo, attributeName=null]
2019-12-06 11:18:41.461 DEBUG 7503 --- [kground-preinit] o.apache.tomcat.util.digester.Digester   : [ObjectCreateRule]{mbeans-descriptors/mbean/operation/parameter} Pop org.apache.tomcat.util.modeler.ParameterInfo
2019-12-06 11:18:41.461 DEBUG 7503 --- [kground-preinit] o.a.tomcat.util.digester.Digester.sax    : characters(
    )
2019-12-06 11:18:41.461 DEBUG 7503 --- [kground-preinit] o.a.tomcat.util.digester.Digester.sax    : endElement(,,operation)
2019-12-06 11:18:41.461 DEBUG 7503 --- [kground-preinit] o.apache.tomcat.util.digester.Digester   :   match='mbeans-descriptors/mbean/operation'
2019-12-06 11:18:41.461 DEBUG 7503 --- [kground-preinit] o.apache.tomcat.util.digester.Digester   :   bodyText='
      
    '
2019-12-06 11:18:41.461 DEBUG 7503 --- [kground-preinit] o.apache.tomcat.util.digester.Digester   :   Fire body() for ObjectCreateRule[className=org.apache.tomcat.util.modeler.OperationInfo, attributeName=null]
2019-12-06 11:18:41.461 DEBUG 7503 --- [kground-preinit] o.apache.tomcat.util.digester.Digester   :   Fire body() for SetPropertiesRule[]
2019-12-06 11:18:41.461 DEBUG 7503 --- [kground-preinit] o.apache.tomcat.util.digester.Digester   :   Fire body() for SetNextRule[methodName=addOperation, paramType=org.apache.tomcat.util.modeler.OperationInfo]
2019-12-06 11:18:41.462 DEBUG 7503 --- [kground-preinit] o.apache.tomcat.util.digester.Digester   :   Fire end() for SetNextRule[methodName=addOperation, paramType=org.apache.tomcat.util.modeler.OperationInfo]
2019-12-06 11:18:41.462 DEBUG 7503 --- [kground-preinit] o.apache.tomcat.util.digester.Digester   : [SetNextRule]{mbeans-descriptors/mbean/operation} Call org.apache.tomcat.util.modeler.ManagedBean.addOperation(org.apache.tomcat.util.modeler.OperationInfo@66964394)
2019-12-06 11:18:41.462 DEBUG 7503 --- [kground-preinit] o.apache.tomcat.util.IntrospectionUtils  : IntrospectionUtils: callMethod1 org.apache.tomcat.util.modeler.ManagedBean org.apache.tomcat.util.modeler.OperationInfo org.apache.tomcat.util.modeler.OperationInfo
2019-12-06 11:18:41.462 DEBUG 7503 --- [kground-preinit] o.apache.tomcat.util.digester.Digester   :   Fire end() for SetPropertiesRule[]
2019-12-06 11:18:41.462 DEBUG 7503 --- [kground-preinit] o.apache.tomcat.util.digester.Digester   :   Fire end() for ObjectCreateRule[className=org.apache.tomcat.util.modeler.OperationInfo, attributeName=null]
2019-12-06 11:18:41.462 DEBUG 7503 --- [kground-preinit] o.apache.tomcat.util.digester.Digester   : [ObjectCreateRule]{mbeans-descriptors/mbean/operation} Pop org.apache.tomcat.util.modeler.OperationInfo
2019-12-06 11:18:41.462 DEBUG 7503 --- [kground-preinit] o.a.tomcat.util.digester.Digester.sax    : characters(

    )
2019-12-06 11:18:41.462 DEBUG 7503 --- [kground-preinit] o.a.tomcat.util.digester.Digester.sax    : startElement(,,operation)
2019-12-06 11:18:41.462 DEBUG 7503 --- [kground-preinit] o.apache.tomcat.util.digester.Digester   :   New match='mbeans-descriptors/mbean/operation'
2019-12-06 11:18:41.462 DEBUG 7503 --- [kground-preinit] o.apache.tomcat.util.digester.Digester   :   Fire begin() for ObjectCreateRule[className=org.apache.tomcat.util.modeler.OperationInfo, attributeName=null]
2019-12-06 11:18:41.462 DEBUG 7503 --- [kground-preinit] o.apache.tomcat.util.digester.Digester   :   Fire begin() for SetPropertiesRule[]
2019-12-06 11:18:41.462 DEBUG 7503 --- [kground-preinit] o.apache.tomcat.util.digester.Digester   : [SetPropertiesRule]{mbeans-descriptors/mbean/operation} Set org.apache.tomcat.util.modeler.OperationInfo properties
2019-12-06 11:18:41.462 DEBUG 7503 --- [kground-preinit] o.apache.tomcat.util.digester.Digester   : [SetPropertiesRule]{mbeans-descriptors/mbean/operation} Setting property 'name' to 'start'
2019-12-06 11:18:41.462 DEBUG 7503 --- [kground-preinit] o.apache.tomcat.util.IntrospectionUtils  : IntrospectionUtils: setProperty(class org.apache.tomcat.util.modeler.OperationInfo name=start)
2019-12-06 11:18:41.462 DEBUG 7503 --- [kground-preinit] o.apache.tomcat.util.digester.Digester   : [SetPropertiesRule]{mbeans-descriptors/mbean/operation} Setting property 'description' to 'Start'
2019-12-06 11:18:41.462 DEBUG 7503 --- [kground-preinit] o.apache.tomcat.util.IntrospectionUtils  : IntrospectionUtils: setProperty(class org.apache.tomcat.util.modeler.OperationInfo description=Start)
2019-12-06 11:18:41.462 DEBUG 7503 --- [kground-preinit] o.apache.tomcat.util.digester.Digester   : [SetPropertiesRule]{mbeans-descriptors/mbean/operation} Setting property 'impact' to 'ACTION'
2019-12-06 11:18:41.462 DEBUG 7503 --- [kground-preinit] o.apache.tomcat.util.IntrospectionUtils  : IntrospectionUtils: setProperty(class org.apache.tomcat.util.modeler.OperationInfo impact=ACTION)
2019-12-06 11:18:41.463 DEBUG 7503 --- [kground-preinit] o.apache.tomcat.util.digester.Digester   : [SetPropertiesRule]{mbeans-descriptors/mbean/operation} Setting property 'returnType' to 'void'
2019-12-06 11:18:41.463 DEBUG 7503 --- [kground-preinit] o.apache.tomcat.util.IntrospectionUtils  : IntrospectionUtils: setProperty(class org.apache.tomcat.util.modeler.OperationInfo returnType=void)
2019-12-06 11:18:41.463 DEBUG 7503 --- [kground-preinit] o.apache.tomcat.util.digester.Digester   :   Fire begin() for SetNextRule[methodName=addOperation, paramType=org.apache.tomcat.util.modeler.OperationInfo]
2019-12-06 11:18:41.463 DEBUG 7503 --- [kground-preinit] o.a.tomcat.util.digester.Digester.sax    : endElement(,,operation)
2019-12-06 11:18:41.463 DEBUG 7503 --- [kground-preinit] o.apache.tomcat.util.digester.Digester   :   match='mbeans-descriptors/mbean/operation'
2019-12-06 11:18:41.463 DEBUG 7503 --- [kground-preinit] o.apache.tomcat.util.digester.Digester   :   bodyText=''
2019-12-06 11:18:41.463 DEBUG 7503 --- [kground-preinit] o.apache.tomcat.util.digester.Digester   :   Fire body() for ObjectCreateRule[className=org.apache.tomcat.util.modeler.OperationInfo, attributeName=null]
2019-12-06 11:18:41.463 DEBUG 7503 --- [kground-preinit] o.apache.tomcat.util.digester.Digester   :   Fire body() for SetPropertiesRule[]
2019-12-06 11:18:41.463 DEBUG 7503 --- [kground-preinit] o.apache.tomcat.util.digester.Digester   :   Fire body() for SetNextRule[methodName=addOperation, paramType=org.apache.tomcat.util.modeler.OperationInfo]
2019-12-06 11:18:41.463 DEBUG 7503 --- [    Test worker] o.s.b.f.s.DefaultListableBeanFactory     : Creating shared instance of singleton bean 'org.springframework.context.annotation.internalAutowiredAnnotationProcessor'
2019-12-06 11:18:41.463 DEBUG 7503 --- [kground-preinit] o.apache.tomcat.util.digester.Digester   :   Fire end() for SetNextRule[methodName=addOperation, paramType=org.apache.tomcat.util.modeler.OperationInfo]
2019-12-06 11:18:41.463 DEBUG 7503 --- [kground-preinit] o.apache.tomcat.util.digester.Digester   : [SetNextRule]{mbeans-descriptors/mbean/operation} Call org.apache.tomcat.util.modeler.ManagedBean.addOperation(org.apache.tomcat.util.modeler.OperationInfo@11866672)
2019-12-06 11:18:41.463 DEBUG 7503 --- [kground-preinit] o.apache.tomcat.util.IntrospectionUtils  : IntrospectionUtils: callMethod1 org.apache.tomcat.util.modeler.ManagedBean org.apache.tomcat.util.modeler.OperationInfo org.apache.tomcat.util.modeler.OperationInfo
2019-12-06 11:18:41.463 DEBUG 7503 --- [kground-preinit] o.apache.tomcat.util.digester.Digester   :   Fire end() for SetPropertiesRule[]
2019-12-06 11:18:41.463 DEBUG 7503 --- [kground-preinit] o.apache.tomcat.util.digester.Digester   :   Fire end() for ObjectCreateRule[className=org.apache.tomcat.util.modeler.OperationInfo, attributeName=null]
2019-12-06 11:18:41.463 DEBUG 7503 --- [kground-preinit] o.apache.tomcat.util.digester.Digester   : [ObjectCreateRule]{mbeans-descriptors/mbean/operation} Pop org.apache.tomcat.util.modeler.OperationInfo
2019-12-06 11:18:41.464 DEBUG 7503 --- [kground-preinit] o.a.tomcat.util.digester.Digester.sax    : characters(

    )
2019-12-06 11:18:41.464 DEBUG 7503 --- [kground-preinit] o.a.tomcat.util.digester.Digester.sax    : startElement(,,operation)
2019-12-06 11:18:41.464 DEBUG 7503 --- [kground-preinit] o.apache.tomcat.util.digester.Digester   :   New match='mbeans-descriptors/mbean/operation'
2019-12-06 11:18:41.464 DEBUG 7503 --- [    Test worker] o.s.b.f.s.DefaultListableBeanFactory     : Creating shared instance of singleton bean 'org.springframework.context.annotation.internalCommonAnnotationProcessor'
2019-12-06 11:18:41.464 DEBUG 7503 --- [kground-preinit] o.apache.tomcat.util.digester.Digester   :   Fire begin() for ObjectCreateRule[className=org.apache.tomcat.util.modeler.OperationInfo, attributeName=null]
2019-12-06 11:18:41.464 DEBUG 7503 --- [kground-preinit] o.apache.tomcat.util.digester.Digester   :   Fire begin() for SetPropertiesRule[]
2019-12-06 11:18:41.464 DEBUG 7503 --- [kground-preinit] o.apache.tomcat.util.digester.Digester   : [SetPropertiesRule]{mbeans-descriptors/mbean/operation} Set org.apache.tomcat.util.modeler.OperationInfo properties
2019-12-06 11:18:41.464 DEBUG 7503 --- [kground-preinit] o.apache.tomcat.util.digester.Digester   : [SetPropertiesRule]{mbeans-descriptors/mbean/operation} Setting property 'name' to 'stop'
2019-12-06 11:18:41.464 DEBUG 7503 --- [kground-preinit] o.apache.tomcat.util.IntrospectionUtils  : IntrospectionUtils: setProperty(class org.apache.tomcat.util.modeler.OperationInfo name=stop)
2019-12-06 11:18:41.464 DEBUG 7503 --- [kground-preinit] o.apache.tomcat.util.digester.Digester   : [SetPropertiesRule]{mbeans-descriptors/mbean/operation} Setting property 'description' to 'Stop'
2019-12-06 11:18:41.464 DEBUG 7503 --- [kground-preinit] o.apache.tomcat.util.IntrospectionUtils  : IntrospectionUtils: setProperty(class org.apache.tomcat.util.modeler.OperationInfo description=Stop)
2019-12-06 11:18:41.464 DEBUG 7503 --- [kground-preinit] o.apache.tomcat.util.digester.Digester   : [SetPropertiesRule]{mbeans-descriptors/mbean/operation} Setting property 'impact' to 'ACTION'
2019-12-06 11:18:41.464 DEBUG 7503 --- [kground-preinit] o.apache.tomcat.util.IntrospectionUtils  : IntrospectionUtils: setProperty(class org.apache.tomcat.util.modeler.OperationInfo impact=ACTION)
2019-12-06 11:18:41.464 DEBUG 7503 --- [kground-preinit] o.apache.tomcat.util.digester.Digester   : [SetPropertiesRule]{mbeans-descriptors/mbean/operation} Setting property 'returnType' to 'void'
2019-12-06 11:18:41.464 DEBUG 7503 --- [kground-preinit] o.apache.tomcat.util.IntrospectionUtils  : IntrospectionUtils: setProperty(class org.apache.tomcat.util.modeler.OperationInfo returnType=void)
2019-12-06 11:18:41.464 DEBUG 7503 --- [kground-preinit] o.apache.tomcat.util.digester.Digester   :   Fire begin() for SetNextRule[methodName=addOperation, paramType=org.apache.tomcat.util.modeler.OperationInfo]
2019-12-06 11:18:41.465 DEBUG 7503 --- [kground-preinit] o.a.tomcat.util.digester.Digester.sax    : endElement(,,operation)
2019-12-06 11:18:41.465 DEBUG 7503 --- [kground-preinit] o.apache.tomcat.util.digester.Digester   :   match='mbeans-descriptors/mbean/operation'
2019-12-06 11:18:41.465 DEBUG 7503 --- [kground-preinit] o.apache.tomcat.util.digester.Digester   :   bodyText=''
2019-12-06 11:18:41.465 DEBUG 7503 --- [kground-preinit] o.apache.tomcat.util.digester.Digester   :   Fire body() for ObjectCreateRule[className=org.apache.tomcat.util.modeler.OperationInfo, attributeName=null]
2019-12-06 11:18:41.465 DEBUG 7503 --- [kground-preinit] o.apache.tomcat.util.digester.Digester   :   Fire body() for SetPropertiesRule[]
2019-12-06 11:18:41.465 DEBUG 7503 --- [kground-preinit] o.apache.tomcat.util.digester.Digester   :   Fire body() for SetNextRule[methodName=addOperation, paramType=org.apache.tomcat.util.modeler.OperationInfo]
2019-12-06 11:18:41.465 DEBUG 7503 --- [kground-preinit] o.apache.tomcat.util.digester.Digester   :   Fire end() for SetNextRule[methodName=addOperation, paramType=org.apache.tomcat.util.modeler.OperationInfo]
2019-12-06 11:18:41.465 DEBUG 7503 --- [kground-preinit] o.apache.tomcat.util.digester.Digester   : [SetNextRule]{mbeans-descriptors/mbean/operation} Call org.apache.tomcat.util.modeler.ManagedBean.addOperation(org.apache.tomcat.util.modeler.OperationInfo@7b073ae6)
2019-12-06 11:18:41.465 DEBUG 7503 --- [kground-preinit] o.apache.tomcat.util.IntrospectionUtils  : IntrospectionUtils: callMethod1 org.apache.tomcat.util.modeler.ManagedBean org.apache.tomcat.util.modeler.OperationInfo org.apache.tomcat.util.modeler.OperationInfo
2019-12-06 11:18:41.465 DEBUG 7503 --- [kground-preinit] o.apache.tomcat.util.digester.Digester   :   Fire end() for SetPropertiesRule[]
2019-12-06 11:18:41.465 DEBUG 7503 --- [kground-preinit] o.apache.tomcat.util.digester.Digester   :   Fire end() for ObjectCreateRule[className=org.apache.tomcat.util.modeler.OperationInfo, attributeName=null]
2019-12-06 11:18:41.465 DEBUG 7503 --- [kground-preinit] o.apache.tomcat.util.digester.Digester   : [ObjectCreateRule]{mbeans-descriptors/mbean/operation} Pop org.apache.tomcat.util.modeler.OperationInfo
2019-12-06 11:18:41.465 DEBUG 7503 --- [kground-preinit] o.a.tomcat.util.digester.Digester.sax    : characters(

  )
2019-12-06 11:18:41.465 DEBUG 7503 --- [kground-preinit] o.a.tomcat.util.digester.Digester.sax    : endElement(,,mbean)
2019-12-06 11:18:41.465 DEBUG 7503 --- [kground-preinit] o.apache.tomcat.util.digester.Digester   :   match='mbeans-descriptors/mbean'
2019-12-06 11:18:41.465 DEBUG 7503 --- [kground-preinit] o.apache.tomcat.util.digester.Digester   :   bodyText='

    

    

    

    

    

    

    

    

    

    

    

    

    

    

    

    

    

    

    

    

    

    

    

    

    

    

    

    

    

    

    

    

    

    

    

    

    

    

    

    

    

    

    

    

    

    

    

    

    

    

    

    

    

    

    

    

    

    

    

    

    

    

    

    

    

    

    

    

    

    

    

    

    

    

    

    

    

    

    

    

    

    

    

    

    

    

    

    

    

    

    

    

    

    

    

    

    

    

    

    

    

    

    

    

    

    

    

    

    

    

    

    

    

    

    

    

    

    

    

    

    

    

    

    

    

    

    

    

    

    

    

    

  '
2019-12-06 11:18:41.466 DEBUG 7503 --- [kground-preinit] o.apache.tomcat.util.digester.Digester   :   Fire body() for ObjectCreateRule[className=org.apache.tomcat.util.modeler.ManagedBean, attributeName=null]
2019-12-06 11:18:41.466 DEBUG 7503 --- [kground-preinit] o.apache.tomcat.util.digester.Digester   :   Fire body() for SetPropertiesRule[]
2019-12-06 11:18:41.466 DEBUG 7503 --- [kground-preinit] o.apache.tomcat.util.digester.Digester   :   Fire body() for SetNextRule[methodName=add, paramType=java.lang.Object]
2019-12-06 11:18:41.466 DEBUG 7503 --- [kground-preinit] o.apache.tomcat.util.digester.Digester   :   Fire end() for SetNextRule[methodName=add, paramType=java.lang.Object]
2019-12-06 11:18:41.466 DEBUG 7503 --- [kground-preinit] o.apache.tomcat.util.digester.Digester   : [SetNextRule]{mbeans-descriptors/mbean} Call java.util.ArrayList.add(ManagedBean[name=StandardContext, className=org.apache.catalina.mbeans.ContextMBean, description=Standard Context Component, group=Context, type=org.apache.catalina.core.StandardContext])
2019-12-06 11:18:41.466 DEBUG 7503 --- [kground-preinit] o.apache.tomcat.util.IntrospectionUtils  : IntrospectionUtils: callMethod1 java.util.ArrayList org.apache.tomcat.util.modeler.ManagedBean java.lang.Object
2019-12-06 11:18:41.466 DEBUG 7503 --- [kground-preinit] o.apache.tomcat.util.digester.Digester   :   Fire end() for SetPropertiesRule[]
2019-12-06 11:18:41.466 DEBUG 7503 --- [kground-preinit] o.apache.tomcat.util.digester.Digester   :   Fire end() for ObjectCreateRule[className=org.apache.tomcat.util.modeler.ManagedBean, attributeName=null]
2019-12-06 11:18:41.466 DEBUG 7503 --- [kground-preinit] o.apache.tomcat.util.digester.Digester   : [ObjectCreateRule]{mbeans-descriptors/mbean} Pop org.apache.tomcat.util.modeler.ManagedBean
2019-12-06 11:18:41.466 DEBUG 7503 --- [kground-preinit] o.a.tomcat.util.digester.Digester.sax    : characters(

  )
2019-12-06 11:18:41.466 DEBUG 7503 --- [kground-preinit] o.a.tomcat.util.digester.Digester.sax    : startElement(,,mbean)
2019-12-06 11:18:41.466 DEBUG 7503 --- [kground-preinit] o.apache.tomcat.util.digester.Digester   :   New match='mbeans-descriptors/mbean'
2019-12-06 11:18:41.466 DEBUG 7503 --- [kground-preinit] o.apache.tomcat.util.digester.Digester   :   Fire begin() for ObjectCreateRule[className=org.apache.tomcat.util.modeler.ManagedBean, attributeName=null]
2019-12-06 11:18:41.466 DEBUG 7503 --- [kground-preinit] o.apache.tomcat.util.digester.Digester   :   Fire begin() for SetPropertiesRule[]
2019-12-06 11:18:41.466 DEBUG 7503 --- [    Test worker] o.s.b.f.s.DefaultListableBeanFactory     : Creating shared instance of singleton bean 'org.springframework.context.annotation.internalPersistenceAnnotationProcessor'
2019-12-06 11:18:41.466 DEBUG 7503 --- [kground-preinit] o.apache.tomcat.util.digester.Digester   : [SetPropertiesRule]{mbeans-descriptors/mbean} Set org.apache.tomcat.util.modeler.ManagedBean properties
2019-12-06 11:18:41.466 DEBUG 7503 --- [kground-preinit] o.apache.tomcat.util.digester.Digester   : [SetPropertiesRule]{mbeans-descriptors/mbean} Setting property 'name' to 'StandardContextValve'
2019-12-06 11:18:41.467 DEBUG 7503 --- [kground-preinit] o.apache.tomcat.util.IntrospectionUtils  : IntrospectionUtils: setProperty(class org.apache.tomcat.util.modeler.ManagedBean name=StandardContextValve)
2019-12-06 11:18:41.467 DEBUG 7503 --- [    Test worker] o.s.b.f.s.DefaultListableBeanFactory     : Creating shared instance of singleton bean 'org.springframework.boot.test.mock.mockito.MockitoPostProcessor$SpyPostProcessor'
2019-12-06 11:18:41.467 DEBUG 7503 --- [kground-preinit] o.apache.tomcat.util.digester.Digester   : [SetPropertiesRule]{mbeans-descriptors/mbean} Setting property 'description' to 'Valve that implements the default basic behavior for the          StandardContext container implementation'
2019-12-06 11:18:41.467 DEBUG 7503 --- [kground-preinit] o.apache.tomcat.util.IntrospectionUtils  : IntrospectionUtils: setProperty(class org.apache.tomcat.util.modeler.ManagedBean description=Valve that implements the default basic behavior for the          StandardContext container implementation)
2019-12-06 11:18:41.467 DEBUG 7503 --- [kground-preinit] o.apache.tomcat.util.digester.Digester   : [SetPropertiesRule]{mbeans-descriptors/mbean} Setting property 'domain' to 'Catalina'
2019-12-06 11:18:41.467 DEBUG 7503 --- [kground-preinit] o.apache.tomcat.util.IntrospectionUtils  : IntrospectionUtils: setProperty(class org.apache.tomcat.util.modeler.ManagedBean domain=Catalina)
2019-12-06 11:18:41.467 DEBUG 7503 --- [kground-preinit] o.apache.tomcat.util.digester.Digester   : [SetPropertiesRule]{mbeans-descriptors/mbean} Setting property 'group' to 'Valve'
2019-12-06 11:18:41.467 DEBUG 7503 --- [kground-preinit] o.apache.tomcat.util.IntrospectionUtils  : IntrospectionUtils: setProperty(class org.apache.tomcat.util.modeler.ManagedBean group=Valve)
2019-12-06 11:18:41.467 DEBUG 7503 --- [kground-preinit] o.apache.tomcat.util.digester.Digester   : [SetPropertiesRule]{mbeans-descriptors/mbean} Setting property 'type' to 'org.apache.catalina.core.StandardContextValve'
2019-12-06 11:18:41.467 DEBUG 7503 --- [    Test worker] o.s.b.f.s.DefaultListableBeanFactory     : Creating shared instance of singleton bean 'org.springframework.boot.context.properties.ConfigurationPropertiesBindingPostProcessor'
2019-12-06 11:18:41.467 DEBUG 7503 --- [kground-preinit] o.apache.tomcat.util.IntrospectionUtils  : IntrospectionUtils: setProperty(class org.apache.tomcat.util.modeler.ManagedBean type=org.apache.catalina.core.StandardContextValve)
2019-12-06 11:18:41.467 DEBUG 7503 --- [kground-preinit] o.apache.tomcat.util.digester.Digester   :   Fire begin() for SetNextRule[methodName=add, paramType=java.lang.Object]
2019-12-06 11:18:41.467 DEBUG 7503 --- [kground-preinit] o.a.tomcat.util.digester.Digester.sax    : characters(

    )
2019-12-06 11:18:41.467 DEBUG 7503 --- [kground-preinit] o.a.tomcat.util.digester.Digester.sax    : startElement(,,attribute)
2019-12-06 11:18:41.467 DEBUG 7503 --- [kground-preinit] o.apache.tomcat.util.digester.Digester   :   New match='mbeans-descriptors/mbean/attribute'
2019-12-06 11:18:41.468 DEBUG 7503 --- [kground-preinit] o.apache.tomcat.util.digester.Digester   :   Fire begin() for ObjectCreateRule[className=org.apache.tomcat.util.modeler.AttributeInfo, attributeName=null]
2019-12-06 11:18:41.468 DEBUG 7503 --- [kground-preinit] o.apache.tomcat.util.digester.Digester   :   Fire begin() for SetPropertiesRule[]
2019-12-06 11:18:41.468 DEBUG 7503 --- [kground-preinit] o.apache.tomcat.util.digester.Digester   : [SetPropertiesRule]{mbeans-descriptors/mbean/attribute} Set org.apache.tomcat.util.modeler.AttributeInfo properties
2019-12-06 11:18:41.468 DEBUG 7503 --- [kground-preinit] o.apache.tomcat.util.digester.Digester   : [SetPropertiesRule]{mbeans-descriptors/mbean/attribute} Setting property 'name' to 'asyncSupported'
2019-12-06 11:18:41.468 DEBUG 7503 --- [kground-preinit] o.apache.tomcat.util.IntrospectionUtils  : IntrospectionUtils: setProperty(class org.apache.tomcat.util.modeler.AttributeInfo name=asyncSupported)
2019-12-06 11:18:41.468 DEBUG 7503 --- [kground-preinit] o.apache.tomcat.util.digester.Digester   : [SetPropertiesRule]{mbeans-descriptors/mbean/attribute} Setting property 'description' to 'Does this valve support async reporting?'
2019-12-06 11:18:41.468 DEBUG 7503 --- [kground-preinit] o.apache.tomcat.util.IntrospectionUtils  : IntrospectionUtils: setProperty(class org.apache.tomcat.util.modeler.AttributeInfo description=Does this valve support async reporting?)
2019-12-06 11:18:41.468 DEBUG 7503 --- [kground-preinit] o.apache.tomcat.util.digester.Digester   : [SetPropertiesRule]{mbeans-descriptors/mbean/attribute} Setting property 'is' to 'true'
2019-12-06 11:18:41.468 DEBUG 7503 --- [kground-preinit] o.apache.tomcat.util.IntrospectionUtils  : IntrospectionUtils: setProperty(class org.apache.tomcat.util.modeler.AttributeInfo is=true)
2019-12-06 11:18:41.468 DEBUG 7503 --- [kground-preinit] o.apache.tomcat.util.digester.Digester   : [SetPropertiesRule]{mbeans-descriptors/mbean/attribute} Setting property 'type' to 'boolean'
2019-12-06 11:18:41.468 DEBUG 7503 --- [kground-preinit] o.apache.tomcat.util.IntrospectionUtils  : IntrospectionUtils: setProperty(class org.apache.tomcat.util.modeler.AttributeInfo type=boolean)
2019-12-06 11:18:41.468 DEBUG 7503 --- [kground-preinit] o.apache.tomcat.util.digester.Digester   :   Fire begin() for SetNextRule[methodName=addAttribute, paramType=org.apache.tomcat.util.modeler.AttributeInfo]
2019-12-06 11:18:41.468 DEBUG 7503 --- [kground-preinit] o.a.tomcat.util.digester.Digester.sax    : endElement(,,attribute)
2019-12-06 11:18:41.468 DEBUG 7503 --- [kground-preinit] o.apache.tomcat.util.digester.Digester   :   match='mbeans-descriptors/mbean/attribute'
2019-12-06 11:18:41.468 DEBUG 7503 --- [kground-preinit] o.apache.tomcat.util.digester.Digester   :   bodyText=''
2019-12-06 11:18:41.468 DEBUG 7503 --- [kground-preinit] o.apache.tomcat.util.digester.Digester   :   Fire body() for ObjectCreateRule[className=org.apache.tomcat.util.modeler.AttributeInfo, attributeName=null]
2019-12-06 11:18:41.469 DEBUG 7503 --- [kground-preinit] o.apache.tomcat.util.digester.Digester   :   Fire body() for SetPropertiesRule[]
2019-12-06 11:18:41.469 DEBUG 7503 --- [kground-preinit] o.apache.tomcat.util.digester.Digester   :   Fire body() for SetNextRule[methodName=addAttribute, paramType=org.apache.tomcat.util.modeler.AttributeInfo]
2019-12-06 11:18:41.469 DEBUG 7503 --- [kground-preinit] o.apache.tomcat.util.digester.Digester   :   Fire end() for SetNextRule[methodName=addAttribute, paramType=org.apache.tomcat.util.modeler.AttributeInfo]
2019-12-06 11:18:41.469 DEBUG 7503 --- [kground-preinit] o.apache.tomcat.util.digester.Digester   : [SetNextRule]{mbeans-descriptors/mbean/attribute} Call org.apache.tomcat.util.modeler.ManagedBean.addAttribute(org.apache.tomcat.util.modeler.AttributeInfo@3207ebc0)
2019-12-06 11:18:41.469 DEBUG 7503 --- [kground-preinit] o.apache.tomcat.util.IntrospectionUtils  : IntrospectionUtils: callMethod1 org.apache.tomcat.util.modeler.ManagedBean org.apache.tomcat.util.modeler.AttributeInfo org.apache.tomcat.util.modeler.AttributeInfo
2019-12-06 11:18:41.469 DEBUG 7503 --- [kground-preinit] o.apache.tomcat.util.digester.Digester   :   Fire end() for SetPropertiesRule[]
2019-12-06 11:18:41.469 DEBUG 7503 --- [kground-preinit] o.apache.tomcat.util.digester.Digester   :   Fire end() for ObjectCreateRule[className=org.apache.tomcat.util.modeler.AttributeInfo, attributeName=null]
2019-12-06 11:18:41.469 DEBUG 7503 --- [kground-preinit] o.apache.tomcat.util.digester.Digester   : [ObjectCreateRule]{mbeans-descriptors/mbean/attribute} Pop org.apache.tomcat.util.modeler.AttributeInfo
2019-12-06 11:18:41.469 DEBUG 7503 --- [kground-preinit] o.a.tomcat.util.digester.Digester.sax    : characters(

    )
2019-12-06 11:18:41.469 DEBUG 7503 --- [kground-preinit] o.a.tomcat.util.digester.Digester.sax    : startElement(,,attribute)
2019-12-06 11:18:41.470 DEBUG 7503 --- [kground-preinit] o.apache.tomcat.util.digester.Digester   :   New match='mbeans-descriptors/mbean/attribute'
2019-12-06 11:18:41.470 DEBUG 7503 --- [kground-preinit] o.apache.tomcat.util.digester.Digester   :   Fire begin() for ObjectCreateRule[className=org.apache.tomcat.util.modeler.AttributeInfo, attributeName=null]
2019-12-06 11:18:41.470 DEBUG 7503 --- [kground-preinit] o.apache.tomcat.util.digester.Digester   :   Fire begin() for SetPropertiesRule[]
2019-12-06 11:18:41.470 DEBUG 7503 --- [kground-preinit] o.apache.tomcat.util.digester.Digester   : [SetPropertiesRule]{mbeans-descriptors/mbean/attribute} Set org.apache.tomcat.util.modeler.AttributeInfo properties
2019-12-06 11:18:41.470 DEBUG 7503 --- [kground-preinit] o.apache.tomcat.util.digester.Digester   : [SetPropertiesRule]{mbeans-descriptors/mbean/attribute} Setting property 'name' to 'className'
2019-12-06 11:18:41.470 DEBUG 7503 --- [kground-preinit] o.apache.tomcat.util.IntrospectionUtils  : IntrospectionUtils: setProperty(class org.apache.tomcat.util.modeler.AttributeInfo name=className)
2019-12-06 11:18:41.470 DEBUG 7503 --- [kground-preinit] o.apache.tomcat.util.digester.Digester   : [SetPropertiesRule]{mbeans-descriptors/mbean/attribute} Setting property 'description' to 'Fully qualified class name of the managed object'
2019-12-06 11:18:41.470 DEBUG 7503 --- [kground-preinit] o.apache.tomcat.util.IntrospectionUtils  : IntrospectionUtils: setProperty(class org.apache.tomcat.util.modeler.AttributeInfo description=Fully qualified class name of the managed object)
2019-12-06 11:18:41.470 DEBUG 7503 --- [kground-preinit] o.apache.tomcat.util.digester.Digester   : [SetPropertiesRule]{mbeans-descriptors/mbean/attribute} Setting property 'type' to 'java.lang.String'
2019-12-06 11:18:41.470 DEBUG 7503 --- [kground-preinit] o.apache.tomcat.util.IntrospectionUtils  : IntrospectionUtils: setProperty(class org.apache.tomcat.util.modeler.AttributeInfo type=java.lang.String)
2019-12-06 11:18:41.470 DEBUG 7503 --- [kground-preinit] o.apache.tomcat.util.digester.Digester   : [SetPropertiesRule]{mbeans-descriptors/mbean/attribute} Setting property 'writeable' to 'false'
2019-12-06 11:18:41.470 DEBUG 7503 --- [kground-preinit] o.apache.tomcat.util.IntrospectionUtils  : IntrospectionUtils: setProperty(class org.apache.tomcat.util.modeler.AttributeInfo writeable=false)
2019-12-06 11:18:41.471 DEBUG 7503 --- [kground-preinit] o.apache.tomcat.util.digester.Digester   :   Fire begin() for SetNextRule[methodName=addAttribute, paramType=org.apache.tomcat.util.modeler.AttributeInfo]
2019-12-06 11:18:41.471 DEBUG 7503 --- [kground-preinit] o.a.tomcat.util.digester.Digester.sax    : endElement(,,attribute)
2019-12-06 11:18:41.471 DEBUG 7503 --- [kground-preinit] o.apache.tomcat.util.digester.Digester   :   match='mbeans-descriptors/mbean/attribute'
2019-12-06 11:18:41.471 DEBUG 7503 --- [kground-preinit] o.apache.tomcat.util.digester.Digester   :   bodyText=''
2019-12-06 11:18:41.471 DEBUG 7503 --- [kground-preinit] o.apache.tomcat.util.digester.Digester   :   Fire body() for ObjectCreateRule[className=org.apache.tomcat.util.modeler.AttributeInfo, attributeName=null]
2019-12-06 11:18:41.471 DEBUG 7503 --- [    Test worker] o.s.b.f.s.DefaultListableBeanFactory     : Creating shared instance of singleton bean 'methodValidationPostProcessor'
2019-12-06 11:18:41.471 DEBUG 7503 --- [kground-preinit] o.apache.tomcat.util.digester.Digester   :   Fire body() for SetPropertiesRule[]
2019-12-06 11:18:41.471 DEBUG 7503 --- [kground-preinit] o.apache.tomcat.util.digester.Digester   :   Fire body() for SetNextRule[methodName=addAttribute, paramType=org.apache.tomcat.util.modeler.AttributeInfo]
2019-12-06 11:18:41.471 DEBUG 7503 --- [kground-preinit] o.apache.tomcat.util.digester.Digester   :   Fire end() for SetNextRule[methodName=addAttribute, paramType=org.apache.tomcat.util.modeler.AttributeInfo]
2019-12-06 11:18:41.471 DEBUG 7503 --- [kground-preinit] o.apache.tomcat.util.digester.Digester   : [SetNextRule]{mbeans-descriptors/mbean/attribute} Call org.apache.tomcat.util.modeler.ManagedBean.addAttribute(org.apache.tomcat.util.modeler.AttributeInfo@66d984f7)
2019-12-06 11:18:41.471 DEBUG 7503 --- [kground-preinit] o.apache.tomcat.util.IntrospectionUtils  : IntrospectionUtils: callMethod1 org.apache.tomcat.util.modeler.ManagedBean org.apache.tomcat.util.modeler.AttributeInfo org.apache.tomcat.util.modeler.AttributeInfo
2019-12-06 11:18:41.471 DEBUG 7503 --- [kground-preinit] o.apache.tomcat.util.digester.Digester   :   Fire end() for SetPropertiesRule[]
2019-12-06 11:18:41.471 DEBUG 7503 --- [kground-preinit] o.apache.tomcat.util.digester.Digester   :   Fire end() for ObjectCreateRule[className=org.apache.tomcat.util.modeler.AttributeInfo, attributeName=null]
2019-12-06 11:18:41.472 DEBUG 7503 --- [kground-preinit] o.apache.tomcat.util.digester.Digester   : [ObjectCreateRule]{mbeans-descriptors/mbean/attribute} Pop org.apache.tomcat.util.modeler.AttributeInfo
2019-12-06 11:18:41.472 DEBUG 7503 --- [kground-preinit] o.a.tomcat.util.digester.Digester.sax    : characters(

    )
2019-12-06 11:18:41.472 DEBUG 7503 --- [kground-preinit] o.a.tomcat.util.digester.Digester.sax    : startElement(,,attribute)
2019-12-06 11:18:41.472 DEBUG 7503 --- [kground-preinit] o.apache.tomcat.util.digester.Digester   :   New match='mbeans-descriptors/mbean/attribute'
2019-12-06 11:18:41.472 DEBUG 7503 --- [kground-preinit] o.apache.tomcat.util.digester.Digester   :   Fire begin() for ObjectCreateRule[className=org.apache.tomcat.util.modeler.AttributeInfo, attributeName=null]
2019-12-06 11:18:41.472 DEBUG 7503 --- [kground-preinit] o.apache.tomcat.util.digester.Digester   :   Fire begin() for SetPropertiesRule[]
2019-12-06 11:18:41.472 DEBUG 7503 --- [kground-preinit] o.apache.tomcat.util.digester.Digester   : [SetPropertiesRule]{mbeans-descriptors/mbean/attribute} Set org.apache.tomcat.util.modeler.AttributeInfo properties
2019-12-06 11:18:41.472 DEBUG 7503 --- [kground-preinit] o.apache.tomcat.util.digester.Digester   : [SetPropertiesRule]{mbeans-descriptors/mbean/attribute} Setting property 'name' to 'stateName'
2019-12-06 11:18:41.472 DEBUG 7503 --- [kground-preinit] o.apache.tomcat.util.IntrospectionUtils  : IntrospectionUtils: setProperty(class org.apache.tomcat.util.modeler.AttributeInfo name=stateName)
2019-12-06 11:18:41.472 DEBUG 7503 --- [kground-preinit] o.apache.tomcat.util.digester.Digester   : [SetPropertiesRule]{mbeans-descriptors/mbean/attribute} Setting property 'description' to 'The name of the LifecycleState that this component is currently in'
2019-12-06 11:18:41.472 DEBUG 7503 --- [kground-preinit] o.apache.tomcat.util.IntrospectionUtils  : IntrospectionUtils: setProperty(class org.apache.tomcat.util.modeler.AttributeInfo description=The name of the LifecycleState that this component is currently in)
2019-12-06 11:18:41.472 DEBUG 7503 --- [kground-preinit] o.apache.tomcat.util.digester.Digester   : [SetPropertiesRule]{mbeans-descriptors/mbean/attribute} Setting property 'type' to 'java.lang.String'
2019-12-06 11:18:41.472 DEBUG 7503 --- [kground-preinit] o.apache.tomcat.util.IntrospectionUtils  : IntrospectionUtils: setProperty(class org.apache.tomcat.util.modeler.AttributeInfo type=java.lang.String)
2019-12-06 11:18:41.473 DEBUG 7503 --- [kground-preinit] o.apache.tomcat.util.digester.Digester   : [SetPropertiesRule]{mbeans-descriptors/mbean/attribute} Setting property 'writeable' to 'false'
2019-12-06 11:18:41.473 DEBUG 7503 --- [kground-preinit] o.apache.tomcat.util.IntrospectionUtils  : IntrospectionUtils: setProperty(class org.apache.tomcat.util.modeler.AttributeInfo writeable=false)
2019-12-06 11:18:41.473 DEBUG 7503 --- [kground-preinit] o.apache.tomcat.util.digester.Digester   :   Fire begin() for SetNextRule[methodName=addAttribute, paramType=org.apache.tomcat.util.modeler.AttributeInfo]
2019-12-06 11:18:41.473 DEBUG 7503 --- [kground-preinit] o.a.tomcat.util.digester.Digester.sax    : endElement(,,attribute)
2019-12-06 11:18:41.473 DEBUG 7503 --- [kground-preinit] o.apache.tomcat.util.digester.Digester   :   match='mbeans-descriptors/mbean/attribute'
2019-12-06 11:18:41.473 DEBUG 7503 --- [kground-preinit] o.apache.tomcat.util.digester.Digester   :   bodyText=''
2019-12-06 11:18:41.473 DEBUG 7503 --- [kground-preinit] o.apache.tomcat.util.digester.Digester   :   Fire body() for ObjectCreateRule[className=org.apache.tomcat.util.modeler.AttributeInfo, attributeName=null]
2019-12-06 11:18:41.473 DEBUG 7503 --- [kground-preinit] o.apache.tomcat.util.digester.Digester   :   Fire body() for SetPropertiesRule[]
2019-12-06 11:18:41.473 DEBUG 7503 --- [kground-preinit] o.apache.tomcat.util.digester.Digester   :   Fire body() for SetNextRule[methodName=addAttribute, paramType=org.apache.tomcat.util.modeler.AttributeInfo]
2019-12-06 11:18:41.473 DEBUG 7503 --- [kground-preinit] o.apache.tomcat.util.digester.Digester   :   Fire end() for SetNextRule[methodName=addAttribute, paramType=org.apache.tomcat.util.modeler.AttributeInfo]
2019-12-06 11:18:41.473 DEBUG 7503 --- [kground-preinit] o.apache.tomcat.util.digester.Digester   : [SetNextRule]{mbeans-descriptors/mbean/attribute} Call org.apache.tomcat.util.modeler.ManagedBean.addAttribute(org.apache.tomcat.util.modeler.AttributeInfo@444ecba8)
2019-12-06 11:18:41.473 DEBUG 7503 --- [kground-preinit] o.apache.tomcat.util.IntrospectionUtils  : IntrospectionUtils: callMethod1 org.apache.tomcat.util.modeler.ManagedBean org.apache.tomcat.util.modeler.AttributeInfo org.apache.tomcat.util.modeler.AttributeInfo
2019-12-06 11:18:41.473 DEBUG 7503 --- [kground-preinit] o.apache.tomcat.util.digester.Digester   :   Fire end() for SetPropertiesRule[]
2019-12-06 11:18:41.473 DEBUG 7503 --- [kground-preinit] o.apache.tomcat.util.digester.Digester   :   Fire end() for ObjectCreateRule[className=org.apache.tomcat.util.modeler.AttributeInfo, attributeName=null]
2019-12-06 11:18:41.473 DEBUG 7503 --- [kground-preinit] o.apache.tomcat.util.digester.Digester   : [ObjectCreateRule]{mbeans-descriptors/mbean/attribute} Pop org.apache.tomcat.util.modeler.AttributeInfo
2019-12-06 11:18:41.473 DEBUG 7503 --- [kground-preinit] o.a.tomcat.util.digester.Digester.sax    : characters(
  )
2019-12-06 11:18:41.474 DEBUG 7503 --- [kground-preinit] o.a.tomcat.util.digester.Digester.sax    : endElement(,,mbean)
2019-12-06 11:18:41.474 DEBUG 7503 --- [kground-preinit] o.apache.tomcat.util.digester.Digester   :   match='mbeans-descriptors/mbean'
2019-12-06 11:18:41.474 DEBUG 7503 --- [kground-preinit] o.apache.tomcat.util.digester.Digester   :   bodyText='

    

    

    
  '
2019-12-06 11:18:41.474 DEBUG 7503 --- [kground-preinit] o.apache.tomcat.util.digester.Digester   :   Fire body() for ObjectCreateRule[className=org.apache.tomcat.util.modeler.ManagedBean, attributeName=null]
2019-12-06 11:18:41.474 DEBUG 7503 --- [kground-preinit] o.apache.tomcat.util.digester.Digester   :   Fire body() for SetPropertiesRule[]
2019-12-06 11:18:41.474 DEBUG 7503 --- [kground-preinit] o.apache.tomcat.util.digester.Digester   :   Fire body() for SetNextRule[methodName=add, paramType=java.lang.Object]
2019-12-06 11:18:41.474 DEBUG 7503 --- [kground-preinit] o.apache.tomcat.util.digester.Digester   :   Fire end() for SetNextRule[methodName=add, paramType=java.lang.Object]
2019-12-06 11:18:41.474 DEBUG 7503 --- [kground-preinit] o.apache.tomcat.util.digester.Digester   : [SetNextRule]{mbeans-descriptors/mbean} Call java.util.ArrayList.add(ManagedBean[name=StandardContextValve, className=org.apache.tomcat.util.modeler.BaseModelMBean, description=Valve that implements the default basic behavior for the          StandardContext container implementation, group=Valve, type=org.apache.catalina.core.StandardContextValve])
2019-12-06 11:18:41.474 DEBUG 7503 --- [kground-preinit] o.apache.tomcat.util.IntrospectionUtils  : IntrospectionUtils: callMethod1 java.util.ArrayList org.apache.tomcat.util.modeler.ManagedBean java.lang.Object
2019-12-06 11:18:41.474 DEBUG 7503 --- [kground-preinit] o.apache.tomcat.util.digester.Digester   :   Fire end() for SetPropertiesRule[]
2019-12-06 11:18:41.474 DEBUG 7503 --- [kground-preinit] o.apache.tomcat.util.digester.Digester   :   Fire end() for ObjectCreateRule[className=org.apache.tomcat.util.modeler.ManagedBean, attributeName=null]
2019-12-06 11:18:41.474 DEBUG 7503 --- [kground-preinit] o.apache.tomcat.util.digester.Digester   : [ObjectCreateRule]{mbeans-descriptors/mbean} Pop org.apache.tomcat.util.modeler.ManagedBean
2019-12-06 11:18:41.474 DEBUG 7503 --- [kground-preinit] o.a.tomcat.util.digester.Digester.sax    : characters(

  )
2019-12-06 11:18:41.474 DEBUG 7503 --- [kground-preinit] o.a.tomcat.util.digester.Digester.sax    : startElement(,,mbean)
2019-12-06 11:18:41.474 DEBUG 7503 --- [kground-preinit] o.apache.tomcat.util.digester.Digester   :   New match='mbeans-descriptors/mbean'
2019-12-06 11:18:41.474 DEBUG 7503 --- [kground-preinit] o.apache.tomcat.util.digester.Digester   :   Fire begin() for ObjectCreateRule[className=org.apache.tomcat.util.modeler.ManagedBean, attributeName=null]
2019-12-06 11:18:41.474 DEBUG 7503 --- [kground-preinit] o.apache.tomcat.util.digester.Digester   :   Fire begin() for SetPropertiesRule[]
2019-12-06 11:18:41.474 DEBUG 7503 --- [kground-preinit] o.apache.tomcat.util.digester.Digester   : [SetPropertiesRule]{mbeans-descriptors/mbean} Set org.apache.tomcat.util.modeler.ManagedBean properties
2019-12-06 11:18:41.474 DEBUG 7503 --- [kground-preinit] o.apache.tomcat.util.digester.Digester   : [SetPropertiesRule]{mbeans-descriptors/mbean} Setting property 'name' to 'StandardEngine'
2019-12-06 11:18:41.475 DEBUG 7503 --- [kground-preinit] o.apache.tomcat.util.IntrospectionUtils  : IntrospectionUtils: setProperty(class org.apache.tomcat.util.modeler.ManagedBean name=StandardEngine)
2019-12-06 11:18:41.475 DEBUG 7503 --- [kground-preinit] o.apache.tomcat.util.digester.Digester   : [SetPropertiesRule]{mbeans-descriptors/mbean} Setting property 'type' to 'org.apache.catalina.core.StandardEngine'
2019-12-06 11:18:41.475 DEBUG 7503 --- [kground-preinit] o.apache.tomcat.util.IntrospectionUtils  : IntrospectionUtils: setProperty(class org.apache.tomcat.util.modeler.ManagedBean type=org.apache.catalina.core.StandardEngine)
2019-12-06 11:18:41.475 DEBUG 7503 --- [kground-preinit] o.apache.tomcat.util.digester.Digester   : [SetPropertiesRule]{mbeans-descriptors/mbean} Setting property 'description' to 'Standard Engine Component'
2019-12-06 11:18:41.475 DEBUG 7503 --- [kground-preinit] o.apache.tomcat.util.IntrospectionUtils  : IntrospectionUtils: setProperty(class org.apache.tomcat.util.modeler.ManagedBean description=Standard Engine Component)
2019-12-06 11:18:41.475 DEBUG 7503 --- [kground-preinit] o.apache.tomcat.util.digester.Digester   : [SetPropertiesRule]{mbeans-descriptors/mbean} Setting property 'domain' to 'Catalina'
2019-12-06 11:18:41.475 DEBUG 7503 --- [kground-preinit] o.apache.tomcat.util.IntrospectionUtils  : IntrospectionUtils: setProperty(class org.apache.tomcat.util.modeler.ManagedBean domain=Catalina)
2019-12-06 11:18:41.475 DEBUG 7503 --- [kground-preinit] o.apache.tomcat.util.digester.Digester   : [SetPropertiesRule]{mbeans-descriptors/mbean} Setting property 'group' to 'Engine'
2019-12-06 11:18:41.475 DEBUG 7503 --- [kground-preinit] o.apache.tomcat.util.IntrospectionUtils  : IntrospectionUtils: setProperty(class org.apache.tomcat.util.modeler.ManagedBean group=Engine)
2019-12-06 11:18:41.475 DEBUG 7503 --- [kground-preinit] o.apache.tomcat.util.digester.Digester   : [SetPropertiesRule]{mbeans-descriptors/mbean} Setting property 'className' to 'org.apache.catalina.mbeans.ContainerMBean'
2019-12-06 11:18:41.475 DEBUG 7503 --- [kground-preinit] o.apache.tomcat.util.IntrospectionUtils  : IntrospectionUtils: setProperty(class org.apache.tomcat.util.modeler.ManagedBean className=org.apache.catalina.mbeans.ContainerMBean)
2019-12-06 11:18:41.475 DEBUG 7503 --- [kground-preinit] o.apache.tomcat.util.digester.Digester   :   Fire begin() for SetNextRule[methodName=add, paramType=java.lang.Object]
2019-12-06 11:18:41.475 DEBUG 7503 --- [kground-preinit] o.a.tomcat.util.digester.Digester.sax    : characters(

    )
2019-12-06 11:18:41.476 DEBUG 7503 --- [kground-preinit] o.a.tomcat.util.digester.Digester.sax    : startElement(,,attribute)
2019-12-06 11:18:41.476 DEBUG 7503 --- [kground-preinit] o.apache.tomcat.util.digester.Digester   :   New match='mbeans-descriptors/mbean/attribute'
2019-12-06 11:18:41.476 DEBUG 7503 --- [kground-preinit] o.apache.tomcat.util.digester.Digester   :   Fire begin() for ObjectCreateRule[className=org.apache.tomcat.util.modeler.AttributeInfo, attributeName=null]
2019-12-06 11:18:41.476 DEBUG 7503 --- [kground-preinit] o.apache.tomcat.util.digester.Digester   :   Fire begin() for SetPropertiesRule[]
2019-12-06 11:18:41.476 DEBUG 7503 --- [kground-preinit] o.apache.tomcat.util.digester.Digester   : [SetPropertiesRule]{mbeans-descriptors/mbean/attribute} Set org.apache.tomcat.util.modeler.AttributeInfo properties
2019-12-06 11:18:41.476 DEBUG 7503 --- [kground-preinit] o.apache.tomcat.util.digester.Digester   : [SetPropertiesRule]{mbeans-descriptors/mbean/attribute} Setting property 'name' to 'backgroundProcessorDelay'
2019-12-06 11:18:41.476 DEBUG 7503 --- [kground-preinit] o.apache.tomcat.util.IntrospectionUtils  : IntrospectionUtils: setProperty(class org.apache.tomcat.util.modeler.AttributeInfo name=backgroundProcessorDelay)
2019-12-06 11:18:41.476 DEBUG 7503 --- [kground-preinit] o.apache.tomcat.util.digester.Digester   : [SetPropertiesRule]{mbeans-descriptors/mbean/attribute} Setting property 'description' to 'The processor delay for this component.'
2019-12-06 11:18:41.476 DEBUG 7503 --- [kground-preinit] o.apache.tomcat.util.IntrospectionUtils  : IntrospectionUtils: setProperty(class org.apache.tomcat.util.modeler.AttributeInfo description=The processor delay for this component.)
2019-12-06 11:18:41.476 DEBUG 7503 --- [kground-preinit] o.apache.tomcat.util.digester.Digester   : [SetPropertiesRule]{mbeans-descriptors/mbean/attribute} Setting property 'type' to 'int'
2019-12-06 11:18:41.476 DEBUG 7503 --- [kground-preinit] o.apache.tomcat.util.IntrospectionUtils  : IntrospectionUtils: setProperty(class org.apache.tomcat.util.modeler.AttributeInfo type=int)
2019-12-06 11:18:41.476 DEBUG 7503 --- [kground-preinit] o.apache.tomcat.util.digester.Digester   :   Fire begin() for SetNextRule[methodName=addAttribute, paramType=org.apache.tomcat.util.modeler.AttributeInfo]
2019-12-06 11:18:41.476 DEBUG 7503 --- [kground-preinit] o.a.tomcat.util.digester.Digester.sax    : endElement(,,attribute)
2019-12-06 11:18:41.476 DEBUG 7503 --- [kground-preinit] o.apache.tomcat.util.digester.Digester   :   match='mbeans-descriptors/mbean/attribute'
2019-12-06 11:18:41.476 DEBUG 7503 --- [kground-preinit] o.apache.tomcat.util.digester.Digester   :   bodyText=''
2019-12-06 11:18:41.476 DEBUG 7503 --- [kground-preinit] o.apache.tomcat.util.digester.Digester   :   Fire body() for ObjectCreateRule[className=org.apache.tomcat.util.modeler.AttributeInfo, attributeName=null]
2019-12-06 11:18:41.477 DEBUG 7503 --- [kground-preinit] o.apache.tomcat.util.digester.Digester   :   Fire body() for SetPropertiesRule[]
2019-12-06 11:18:41.477 DEBUG 7503 --- [kground-preinit] o.apache.tomcat.util.digester.Digester   :   Fire body() for SetNextRule[methodName=addAttribute, paramType=org.apache.tomcat.util.modeler.AttributeInfo]
2019-12-06 11:18:41.477 DEBUG 7503 --- [kground-preinit] o.apache.tomcat.util.digester.Digester   :   Fire end() for SetNextRule[methodName=addAttribute, paramType=org.apache.tomcat.util.modeler.AttributeInfo]
2019-12-06 11:18:41.477 DEBUG 7503 --- [kground-preinit] o.apache.tomcat.util.digester.Digester   : [SetNextRule]{mbeans-descriptors/mbean/attribute} Call org.apache.tomcat.util.modeler.ManagedBean.addAttribute(org.apache.tomcat.util.modeler.AttributeInfo@65c19cd)
2019-12-06 11:18:41.477 DEBUG 7503 --- [kground-preinit] o.apache.tomcat.util.IntrospectionUtils  : IntrospectionUtils: callMethod1 org.apache.tomcat.util.modeler.ManagedBean org.apache.tomcat.util.modeler.AttributeInfo org.apache.tomcat.util.modeler.AttributeInfo
2019-12-06 11:18:41.477 DEBUG 7503 --- [kground-preinit] o.apache.tomcat.util.digester.Digester   :   Fire end() for SetPropertiesRule[]
2019-12-06 11:18:41.477 DEBUG 7503 --- [kground-preinit] o.apache.tomcat.util.digester.Digester   :   Fire end() for ObjectCreateRule[className=org.apache.tomcat.util.modeler.AttributeInfo, attributeName=null]
2019-12-06 11:18:41.477 DEBUG 7503 --- [kground-preinit] o.apache.tomcat.util.digester.Digester   : [ObjectCreateRule]{mbeans-descriptors/mbean/attribute} Pop org.apache.tomcat.util.modeler.AttributeInfo
2019-12-06 11:18:41.477 DEBUG 7503 --- [kground-preinit] o.a.tomcat.util.digester.Digester.sax    : characters(

    )
2019-12-06 11:18:41.477 DEBUG 7503 --- [kground-preinit] o.a.tomcat.util.digester.Digester.sax    : startElement(,,attribute)
2019-12-06 11:18:41.477 DEBUG 7503 --- [kground-preinit] o.apache.tomcat.util.digester.Digester   :   New match='mbeans-descriptors/mbean/attribute'
2019-12-06 11:18:41.477 DEBUG 7503 --- [kground-preinit] o.apache.tomcat.util.digester.Digester   :   Fire begin() for ObjectCreateRule[className=org.apache.tomcat.util.modeler.AttributeInfo, attributeName=null]
2019-12-06 11:18:41.477 DEBUG 7503 --- [kground-preinit] o.apache.tomcat.util.digester.Digester   :   Fire begin() for SetPropertiesRule[]
2019-12-06 11:18:41.477 DEBUG 7503 --- [kground-preinit] o.apache.tomcat.util.digester.Digester   : [SetPropertiesRule]{mbeans-descriptors/mbean/attribute} Set org.apache.tomcat.util.modeler.AttributeInfo properties
2019-12-06 11:18:41.477 DEBUG 7503 --- [kground-preinit] o.apache.tomcat.util.digester.Digester   : [SetPropertiesRule]{mbeans-descriptors/mbean/attribute} Setting property 'name' to 'catalinaBase'
2019-12-06 11:18:41.477 DEBUG 7503 --- [kground-preinit] o.apache.tomcat.util.IntrospectionUtils  : IntrospectionUtils: setProperty(class org.apache.tomcat.util.modeler.AttributeInfo name=catalinaBase)
2019-12-06 11:18:41.477 DEBUG 7503 --- [kground-preinit] o.apache.tomcat.util.digester.Digester   : [SetPropertiesRule]{mbeans-descriptors/mbean/attribute} Setting property 'description' to 'Base (instance) directory for this Engine, typically same as catalina.base system property'
2019-12-06 11:18:41.478 DEBUG 7503 --- [kground-preinit] o.apache.tomcat.util.IntrospectionUtils  : IntrospectionUtils: setProperty(class org.apache.tomcat.util.modeler.AttributeInfo description=Base (instance) directory for this Engine, typically same as catalina.base system property)
2019-12-06 11:18:41.478 DEBUG 7503 --- [kground-preinit] o.apache.tomcat.util.digester.Digester   : [SetPropertiesRule]{mbeans-descriptors/mbean/attribute} Setting property 'type' to 'java.lang.String'
2019-12-06 11:18:41.478 DEBUG 7503 --- [kground-preinit] o.apache.tomcat.util.IntrospectionUtils  : IntrospectionUtils: setProperty(class org.apache.tomcat.util.modeler.AttributeInfo type=java.lang.String)
2019-12-06 11:18:41.478 DEBUG 7503 --- [kground-preinit] o.apache.tomcat.util.digester.Digester   :   Fire begin() for SetNextRule[methodName=addAttribute, paramType=org.apache.tomcat.util.modeler.AttributeInfo]
2019-12-06 11:18:41.478 DEBUG 7503 --- [kground-preinit] o.a.tomcat.util.digester.Digester.sax    : endElement(,,attribute)
2019-12-06 11:18:41.478 DEBUG 7503 --- [kground-preinit] o.apache.tomcat.util.digester.Digester   :   match='mbeans-descriptors/mbean/attribute'
2019-12-06 11:18:41.478 DEBUG 7503 --- [kground-preinit] o.apache.tomcat.util.digester.Digester   :   bodyText=''
2019-12-06 11:18:41.478 DEBUG 7503 --- [kground-preinit] o.apache.tomcat.util.digester.Digester   :   Fire body() for ObjectCreateRule[className=org.apache.tomcat.util.modeler.AttributeInfo, attributeName=null]
2019-12-06 11:18:41.478 DEBUG 7503 --- [kground-preinit] o.apache.tomcat.util.digester.Digester   :   Fire body() for SetPropertiesRule[]
2019-12-06 11:18:41.478 DEBUG 7503 --- [kground-preinit] o.apache.tomcat.util.digester.Digester   :   Fire body() for SetNextRule[methodName=addAttribute, paramType=org.apache.tomcat.util.modeler.AttributeInfo]
2019-12-06 11:18:41.478 DEBUG 7503 --- [kground-preinit] o.apache.tomcat.util.digester.Digester   :   Fire end() for SetNextRule[methodName=addAttribute, paramType=org.apache.tomcat.util.modeler.AttributeInfo]
2019-12-06 11:18:41.478 DEBUG 7503 --- [kground-preinit] o.apache.tomcat.util.digester.Digester   : [SetNextRule]{mbeans-descriptors/mbean/attribute} Call org.apache.tomcat.util.modeler.ManagedBean.addAttribute(org.apache.tomcat.util.modeler.AttributeInfo@b08bb2d)
2019-12-06 11:18:41.478 DEBUG 7503 --- [kground-preinit] o.apache.tomcat.util.IntrospectionUtils  : IntrospectionUtils: callMethod1 org.apache.tomcat.util.modeler.ManagedBean org.apache.tomcat.util.modeler.AttributeInfo org.apache.tomcat.util.modeler.AttributeInfo
2019-12-06 11:18:41.478 DEBUG 7503 --- [kground-preinit] o.apache.tomcat.util.digester.Digester   :   Fire end() for SetPropertiesRule[]
2019-12-06 11:18:41.478 DEBUG 7503 --- [kground-preinit] o.apache.tomcat.util.digester.Digester   :   Fire end() for ObjectCreateRule[className=org.apache.tomcat.util.modeler.AttributeInfo, attributeName=null]
2019-12-06 11:18:41.478 DEBUG 7503 --- [kground-preinit] o.apache.tomcat.util.digester.Digester   : [ObjectCreateRule]{mbeans-descriptors/mbean/attribute} Pop org.apache.tomcat.util.modeler.AttributeInfo
2019-12-06 11:18:41.478 DEBUG 7503 --- [kground-preinit] o.a.tomcat.util.digester.Digester.sax    : characters(

    )
2019-12-06 11:18:41.478 DEBUG 7503 --- [kground-preinit] o.a.tomcat.util.digester.Digester.sax    : startElement(,,attribute)
2019-12-06 11:18:41.478 DEBUG 7503 --- [kground-preinit] o.apache.tomcat.util.digester.Digester   :   New match='mbeans-descriptors/mbean/attribute'
2019-12-06 11:18:41.478 DEBUG 7503 --- [kground-preinit] o.apache.tomcat.util.digester.Digester   :   Fire begin() for ObjectCreateRule[className=org.apache.tomcat.util.modeler.AttributeInfo, attributeName=null]
2019-12-06 11:18:41.479 DEBUG 7503 --- [kground-preinit] o.apache.tomcat.util.digester.Digester   :   Fire begin() for SetPropertiesRule[]
2019-12-06 11:18:41.479 DEBUG 7503 --- [kground-preinit] o.apache.tomcat.util.digester.Digester   : [SetPropertiesRule]{mbeans-descriptors/mbean/attribute} Set org.apache.tomcat.util.modeler.AttributeInfo properties
2019-12-06 11:18:41.479 DEBUG 7503 --- [kground-preinit] o.apache.tomcat.util.digester.Digester   : [SetPropertiesRule]{mbeans-descriptors/mbean/attribute} Setting property 'name' to 'defaultHost'
2019-12-06 11:18:41.479 DEBUG 7503 --- [kground-preinit] o.apache.tomcat.util.IntrospectionUtils  : IntrospectionUtils: setProperty(class org.apache.tomcat.util.modeler.AttributeInfo name=defaultHost)
2019-12-06 11:18:41.479 DEBUG 7503 --- [kground-preinit] o.apache.tomcat.util.digester.Digester   : [SetPropertiesRule]{mbeans-descriptors/mbean/attribute} Setting property 'description' to 'Name of the default Host for this Engine'
2019-12-06 11:18:41.479 DEBUG 7503 --- [kground-preinit] o.apache.tomcat.util.IntrospectionUtils  : IntrospectionUtils: setProperty(class org.apache.tomcat.util.modeler.AttributeInfo description=Name of the default Host for this Engine)
2019-12-06 11:18:41.479 DEBUG 7503 --- [kground-preinit] o.apache.tomcat.util.digester.Digester   : [SetPropertiesRule]{mbeans-descriptors/mbean/attribute} Setting property 'type' to 'java.lang.String'
2019-12-06 11:18:41.479 DEBUG 7503 --- [kground-preinit] o.apache.tomcat.util.IntrospectionUtils  : IntrospectionUtils: setProperty(class org.apache.tomcat.util.modeler.AttributeInfo type=java.lang.String)
2019-12-06 11:18:41.479 DEBUG 7503 --- [kground-preinit] o.apache.tomcat.util.digester.Digester   :   Fire begin() for SetNextRule[methodName=addAttribute, paramType=org.apache.tomcat.util.modeler.AttributeInfo]
2019-12-06 11:18:41.479 DEBUG 7503 --- [kground-preinit] o.a.tomcat.util.digester.Digester.sax    : endElement(,,attribute)
2019-12-06 11:18:41.479 DEBUG 7503 --- [kground-preinit] o.apache.tomcat.util.digester.Digester   :   match='mbeans-descriptors/mbean/attribute'
2019-12-06 11:18:41.479 DEBUG 7503 --- [kground-preinit] o.apache.tomcat.util.digester.Digester   :   bodyText=''
2019-12-06 11:18:41.479 DEBUG 7503 --- [kground-preinit] o.apache.tomcat.util.digester.Digester   :   Fire body() for ObjectCreateRule[className=org.apache.tomcat.util.modeler.AttributeInfo, attributeName=null]
2019-12-06 11:18:41.479 DEBUG 7503 --- [kground-preinit] o.apache.tomcat.util.digester.Digester   :   Fire body() for SetPropertiesRule[]
2019-12-06 11:18:41.479 DEBUG 7503 --- [kground-preinit] o.apache.tomcat.util.digester.Digester   :   Fire body() for SetNextRule[methodName=addAttribute, paramType=org.apache.tomcat.util.modeler.AttributeInfo]
2019-12-06 11:18:41.480 DEBUG 7503 --- [kground-preinit] o.apache.tomcat.util.digester.Digester   :   Fire end() for SetNextRule[methodName=addAttribute, paramType=org.apache.tomcat.util.modeler.AttributeInfo]
2019-12-06 11:18:41.480 DEBUG 7503 --- [kground-preinit] o.apache.tomcat.util.digester.Digester   : [SetNextRule]{mbeans-descriptors/mbean/attribute} Call org.apache.tomcat.util.modeler.ManagedBean.addAttribute(org.apache.tomcat.util.modeler.AttributeInfo@215c6887)
2019-12-06 11:18:41.480 DEBUG 7503 --- [kground-preinit] o.apache.tomcat.util.IntrospectionUtils  : IntrospectionUtils: callMethod1 org.apache.tomcat.util.modeler.ManagedBean org.apache.tomcat.util.modeler.AttributeInfo org.apache.tomcat.util.modeler.AttributeInfo
2019-12-06 11:18:41.480 DEBUG 7503 --- [kground-preinit] o.apache.tomcat.util.digester.Digester   :   Fire end() for SetPropertiesRule[]
2019-12-06 11:18:41.480 DEBUG 7503 --- [kground-preinit] o.apache.tomcat.util.digester.Digester   :   Fire end() for ObjectCreateRule[className=org.apache.tomcat.util.modeler.AttributeInfo, attributeName=null]
2019-12-06 11:18:41.480 DEBUG 7503 --- [kground-preinit] o.apache.tomcat.util.digester.Digester   : [ObjectCreateRule]{mbeans-descriptors/mbean/attribute} Pop org.apache.tomcat.util.modeler.AttributeInfo
2019-12-06 11:18:41.480 DEBUG 7503 --- [kground-preinit] o.a.tomcat.util.digester.Digester.sax    : characters(

    )
2019-12-06 11:18:41.480 DEBUG 7503 --- [kground-preinit] o.a.tomcat.util.digester.Digester.sax    : startElement(,,attribute)
2019-12-06 11:18:41.480 DEBUG 7503 --- [kground-preinit] o.apache.tomcat.util.digester.Digester   :   New match='mbeans-descriptors/mbean/attribute'
2019-12-06 11:18:41.480 DEBUG 7503 --- [kground-preinit] o.apache.tomcat.util.digester.Digester   :   Fire begin() for ObjectCreateRule[className=org.apache.tomcat.util.modeler.AttributeInfo, attributeName=null]
2019-12-06 11:18:41.481 DEBUG 7503 --- [kground-preinit] o.apache.tomcat.util.digester.Digester   :   Fire begin() for SetPropertiesRule[]
2019-12-06 11:18:41.481 DEBUG 7503 --- [kground-preinit] o.apache.tomcat.util.digester.Digester   : [SetPropertiesRule]{mbeans-descriptors/mbean/attribute} Set org.apache.tomcat.util.modeler.AttributeInfo properties
2019-12-06 11:18:41.481 DEBUG 7503 --- [kground-preinit] o.apache.tomcat.util.digester.Digester   : [SetPropertiesRule]{mbeans-descriptors/mbean/attribute} Setting property 'name' to 'jvmRoute'
2019-12-06 11:18:41.481 DEBUG 7503 --- [kground-preinit] o.apache.tomcat.util.IntrospectionUtils  : IntrospectionUtils: setProperty(class org.apache.tomcat.util.modeler.AttributeInfo name=jvmRoute)
2019-12-06 11:18:41.481 DEBUG 7503 --- [kground-preinit] o.apache.tomcat.util.digester.Digester   : [SetPropertiesRule]{mbeans-descriptors/mbean/attribute} Setting property 'description' to 'Route used for load balancing'
2019-12-06 11:18:41.481 DEBUG 7503 --- [kground-preinit] o.apache.tomcat.util.IntrospectionUtils  : IntrospectionUtils: setProperty(class org.apache.tomcat.util.modeler.AttributeInfo description=Route used for load balancing)
2019-12-06 11:18:41.481 DEBUG 7503 --- [kground-preinit] o.apache.tomcat.util.digester.Digester   : [SetPropertiesRule]{mbeans-descriptors/mbean/attribute} Setting property 'type' to 'java.lang.String'
2019-12-06 11:18:41.481 DEBUG 7503 --- [kground-preinit] o.apache.tomcat.util.IntrospectionUtils  : IntrospectionUtils: setProperty(class org.apache.tomcat.util.modeler.AttributeInfo type=java.lang.String)
2019-12-06 11:18:41.481 DEBUG 7503 --- [kground-preinit] o.apache.tomcat.util.digester.Digester   :   Fire begin() for SetNextRule[methodName=addAttribute, paramType=org.apache.tomcat.util.modeler.AttributeInfo]
2019-12-06 11:18:41.481 DEBUG 7503 --- [kground-preinit] o.a.tomcat.util.digester.Digester.sax    : endElement(,,attribute)
2019-12-06 11:18:41.481 DEBUG 7503 --- [kground-preinit] o.apache.tomcat.util.digester.Digester   :   match='mbeans-descriptors/mbean/attribute'
2019-12-06 11:18:41.482 DEBUG 7503 --- [kground-preinit] o.apache.tomcat.util.digester.Digester   :   bodyText=''
2019-12-06 11:18:41.482 DEBUG 7503 --- [kground-preinit] o.apache.tomcat.util.digester.Digester   :   Fire body() for ObjectCreateRule[className=org.apache.tomcat.util.modeler.AttributeInfo, attributeName=null]
2019-12-06 11:18:41.482 DEBUG 7503 --- [kground-preinit] o.apache.tomcat.util.digester.Digester   :   Fire body() for SetPropertiesRule[]
2019-12-06 11:18:41.482 DEBUG 7503 --- [kground-preinit] o.apache.tomcat.util.digester.Digester   :   Fire body() for SetNextRule[methodName=addAttribute, paramType=org.apache.tomcat.util.modeler.AttributeInfo]
2019-12-06 11:18:41.482 DEBUG 7503 --- [kground-preinit] o.apache.tomcat.util.digester.Digester   :   Fire end() for SetNextRule[methodName=addAttribute, paramType=org.apache.tomcat.util.modeler.AttributeInfo]
2019-12-06 11:18:41.482 DEBUG 7503 --- [kground-preinit] o.apache.tomcat.util.digester.Digester   : [SetNextRule]{mbeans-descriptors/mbean/attribute} Call org.apache.tomcat.util.modeler.ManagedBean.addAttribute(org.apache.tomcat.util.modeler.AttributeInfo@137df48f)
2019-12-06 11:18:41.482 DEBUG 7503 --- [kground-preinit] o.apache.tomcat.util.IntrospectionUtils  : IntrospectionUtils: callMethod1 org.apache.tomcat.util.modeler.ManagedBean org.apache.tomcat.util.modeler.AttributeInfo org.apache.tomcat.util.modeler.AttributeInfo
2019-12-06 11:18:41.482 DEBUG 7503 --- [kground-preinit] o.apache.tomcat.util.digester.Digester   :   Fire end() for SetPropertiesRule[]
2019-12-06 11:18:41.482 DEBUG 7503 --- [kground-preinit] o.apache.tomcat.util.digester.Digester   :   Fire end() for ObjectCreateRule[className=org.apache.tomcat.util.modeler.AttributeInfo, attributeName=null]
2019-12-06 11:18:41.482 DEBUG 7503 --- [kground-preinit] o.apache.tomcat.util.digester.Digester   : [ObjectCreateRule]{mbeans-descriptors/mbean/attribute} Pop org.apache.tomcat.util.modeler.AttributeInfo
2019-12-06 11:18:41.482 DEBUG 7503 --- [kground-preinit] o.a.tomcat.util.digester.Digester.sax    : characters(

    )
2019-12-06 11:18:41.482 DEBUG 7503 --- [kground-preinit] o.a.tomcat.util.digester.Digester.sax    : startElement(,,attribute)
2019-12-06 11:18:41.482 DEBUG 7503 --- [kground-preinit] o.apache.tomcat.util.digester.Digester   :   New match='mbeans-descriptors/mbean/attribute'
2019-12-06 11:18:41.483 DEBUG 7503 --- [kground-preinit] o.apache.tomcat.util.digester.Digester   :   Fire begin() for ObjectCreateRule[className=org.apache.tomcat.util.modeler.AttributeInfo, attributeName=null]
2019-12-06 11:18:41.483 DEBUG 7503 --- [kground-preinit] o.apache.tomcat.util.digester.Digester   :   Fire begin() for SetPropertiesRule[]
2019-12-06 11:18:41.483 DEBUG 7503 --- [kground-preinit] o.apache.tomcat.util.digester.Digester   : [SetPropertiesRule]{mbeans-descriptors/mbean/attribute} Set org.apache.tomcat.util.modeler.AttributeInfo properties
2019-12-06 11:18:41.483 DEBUG 7503 --- [kground-preinit] o.apache.tomcat.util.digester.Digester   : [SetPropertiesRule]{mbeans-descriptors/mbean/attribute} Setting property 'name' to 'managedResource'
2019-12-06 11:18:41.483 DEBUG 7503 --- [kground-preinit] o.apache.tomcat.util.IntrospectionUtils  : IntrospectionUtils: setProperty(class org.apache.tomcat.util.modeler.AttributeInfo name=managedResource)
2019-12-06 11:18:41.483 DEBUG 7503 --- [kground-preinit] o.apache.tomcat.util.digester.Digester   : [SetPropertiesRule]{mbeans-descriptors/mbean/attribute} Setting property 'description' to 'The managed resource this MBean is associated with'
2019-12-06 11:18:41.483 DEBUG 7503 --- [kground-preinit] o.apache.tomcat.util.IntrospectionUtils  : IntrospectionUtils: setProperty(class org.apache.tomcat.util.modeler.AttributeInfo description=The managed resource this MBean is associated with)
2019-12-06 11:18:41.483 DEBUG 7503 --- [kground-preinit] o.apache.tomcat.util.digester.Digester   : [SetPropertiesRule]{mbeans-descriptors/mbean/attribute} Setting property 'type' to 'java.lang.Object'
2019-12-06 11:18:41.483 DEBUG 7503 --- [kground-preinit] o.apache.tomcat.util.IntrospectionUtils  : IntrospectionUtils: setProperty(class org.apache.tomcat.util.modeler.AttributeInfo type=java.lang.Object)
2019-12-06 11:18:41.483 DEBUG 7503 --- [kground-preinit] o.apache.tomcat.util.digester.Digester   :   Fire begin() for SetNextRule[methodName=addAttribute, paramType=org.apache.tomcat.util.modeler.AttributeInfo]
2019-12-06 11:18:41.483 DEBUG 7503 --- [kground-preinit] o.a.tomcat.util.digester.Digester.sax    : endElement(,,attribute)
2019-12-06 11:18:41.483 DEBUG 7503 --- [kground-preinit] o.apache.tomcat.util.digester.Digester   :   match='mbeans-descriptors/mbean/attribute'
2019-12-06 11:18:41.484 DEBUG 7503 --- [kground-preinit] o.apache.tomcat.util.digester.Digester   :   bodyText=''
2019-12-06 11:18:41.484 DEBUG 7503 --- [kground-preinit] o.apache.tomcat.util.digester.Digester   :   Fire body() for ObjectCreateRule[className=org.apache.tomcat.util.modeler.AttributeInfo, attributeName=null]
2019-12-06 11:18:41.484 DEBUG 7503 --- [kground-preinit] o.apache.tomcat.util.digester.Digester   :   Fire body() for SetPropertiesRule[]
2019-12-06 11:18:41.484 DEBUG 7503 --- [kground-preinit] o.apache.tomcat.util.digester.Digester   :   Fire body() for SetNextRule[methodName=addAttribute, paramType=org.apache.tomcat.util.modeler.AttributeInfo]
2019-12-06 11:18:41.484 DEBUG 7503 --- [kground-preinit] o.apache.tomcat.util.digester.Digester   :   Fire end() for SetNextRule[methodName=addAttribute, paramType=org.apache.tomcat.util.modeler.AttributeInfo]
2019-12-06 11:18:41.484 DEBUG 7503 --- [kground-preinit] o.apache.tomcat.util.digester.Digester   : [SetNextRule]{mbeans-descriptors/mbean/attribute} Call org.apache.tomcat.util.modeler.ManagedBean.addAttribute(org.apache.tomcat.util.modeler.AttributeInfo@7589155c)
2019-12-06 11:18:41.484 DEBUG 7503 --- [kground-preinit] o.apache.tomcat.util.IntrospectionUtils  : IntrospectionUtils: callMethod1 org.apache.tomcat.util.modeler.ManagedBean org.apache.tomcat.util.modeler.AttributeInfo org.apache.tomcat.util.modeler.AttributeInfo
2019-12-06 11:18:41.484 DEBUG 7503 --- [kground-preinit] o.apache.tomcat.util.digester.Digester   :   Fire end() for SetPropertiesRule[]
2019-12-06 11:18:41.484 DEBUG 7503 --- [kground-preinit] o.apache.tomcat.util.digester.Digester   :   Fire end() for ObjectCreateRule[className=org.apache.tomcat.util.modeler.AttributeInfo, attributeName=null]
2019-12-06 11:18:41.484 DEBUG 7503 --- [kground-preinit] o.apache.tomcat.util.digester.Digester   : [ObjectCreateRule]{mbeans-descriptors/mbean/attribute} Pop org.apache.tomcat.util.modeler.AttributeInfo
2019-12-06 11:18:41.485 DEBUG 7503 --- [kground-preinit] o.a.tomcat.util.digester.Digester.sax    : characters(

    )
2019-12-06 11:18:41.485 DEBUG 7503 --- [kground-preinit] o.a.tomcat.util.digester.Digester.sax    : startElement(,,attribute)
2019-12-06 11:18:41.485 DEBUG 7503 --- [kground-preinit] o.apache.tomcat.util.digester.Digester   :   New match='mbeans-descriptors/mbean/attribute'
2019-12-06 11:18:41.485 DEBUG 7503 --- [kground-preinit] o.apache.tomcat.util.digester.Digester   :   Fire begin() for ObjectCreateRule[className=org.apache.tomcat.util.modeler.AttributeInfo, attributeName=null]
2019-12-06 11:18:41.485 DEBUG 7503 --- [kground-preinit] o.apache.tomcat.util.digester.Digester   :   Fire begin() for SetPropertiesRule[]
2019-12-06 11:18:41.485 DEBUG 7503 --- [kground-preinit] o.apache.tomcat.util.digester.Digester   : [SetPropertiesRule]{mbeans-descriptors/mbean/attribute} Set org.apache.tomcat.util.modeler.AttributeInfo properties
2019-12-06 11:18:41.485 DEBUG 7503 --- [kground-preinit] o.apache.tomcat.util.digester.Digester   : [SetPropertiesRule]{mbeans-descriptors/mbean/attribute} Setting property 'name' to 'name'
2019-12-06 11:18:41.485 DEBUG 7503 --- [kground-preinit] o.apache.tomcat.util.IntrospectionUtils  : IntrospectionUtils: setProperty(class org.apache.tomcat.util.modeler.AttributeInfo name=name)
2019-12-06 11:18:41.485 DEBUG 7503 --- [kground-preinit] o.apache.tomcat.util.digester.Digester   : [SetPropertiesRule]{mbeans-descriptors/mbean/attribute} Setting property 'description' to 'Unique name of this Engine'
2019-12-06 11:18:41.486 DEBUG 7503 --- [kground-preinit] o.apache.tomcat.util.IntrospectionUtils  : IntrospectionUtils: setProperty(class org.apache.tomcat.util.modeler.AttributeInfo description=Unique name of this Engine)
2019-12-06 11:18:41.486 DEBUG 7503 --- [kground-preinit] o.apache.tomcat.util.digester.Digester   : [SetPropertiesRule]{mbeans-descriptors/mbean/attribute} Setting property 'type' to 'java.lang.String'
2019-12-06 11:18:41.486 DEBUG 7503 --- [kground-preinit] o.apache.tomcat.util.IntrospectionUtils  : IntrospectionUtils: setProperty(class org.apache.tomcat.util.modeler.AttributeInfo type=java.lang.String)
2019-12-06 11:18:41.486 DEBUG 7503 --- [kground-preinit] o.apache.tomcat.util.digester.Digester   :   Fire begin() for SetNextRule[methodName=addAttribute, paramType=org.apache.tomcat.util.modeler.AttributeInfo]
2019-12-06 11:18:41.486 DEBUG 7503 --- [kground-preinit] o.a.tomcat.util.digester.Digester.sax    : endElement(,,attribute)
2019-12-06 11:18:41.486 DEBUG 7503 --- [kground-preinit] o.apache.tomcat.util.digester.Digester   :   match='mbeans-descriptors/mbean/attribute'
2019-12-06 11:18:41.486 DEBUG 7503 --- [kground-preinit] o.apache.tomcat.util.digester.Digester   :   bodyText=''
2019-12-06 11:18:41.486 DEBUG 7503 --- [kground-preinit] o.apache.tomcat.util.digester.Digester   :   Fire body() for ObjectCreateRule[className=org.apache.tomcat.util.modeler.AttributeInfo, attributeName=null]
2019-12-06 11:18:41.486 DEBUG 7503 --- [kground-preinit] o.apache.tomcat.util.digester.Digester   :   Fire body() for SetPropertiesRule[]
2019-12-06 11:18:41.486 DEBUG 7503 --- [kground-preinit] o.apache.tomcat.util.digester.Digester   :   Fire body() for SetNextRule[methodName=addAttribute, paramType=org.apache.tomcat.util.modeler.AttributeInfo]
2019-12-06 11:18:41.486 DEBUG 7503 --- [kground-preinit] o.apache.tomcat.util.digester.Digester   :   Fire end() for SetNextRule[methodName=addAttribute, paramType=org.apache.tomcat.util.modeler.AttributeInfo]
2019-12-06 11:18:41.486 DEBUG 7503 --- [kground-preinit] o.apache.tomcat.util.digester.Digester   : [SetNextRule]{mbeans-descriptors/mbean/attribute} Call org.apache.tomcat.util.modeler.ManagedBean.addAttribute(org.apache.tomcat.util.modeler.AttributeInfo@3b961913)
2019-12-06 11:18:41.487 DEBUG 7503 --- [kground-preinit] o.apache.tomcat.util.IntrospectionUtils  : IntrospectionUtils: callMethod1 org.apache.tomcat.util.modeler.ManagedBean org.apache.tomcat.util.modeler.AttributeInfo org.apache.tomcat.util.modeler.AttributeInfo
2019-12-06 11:18:41.487 DEBUG 7503 --- [kground-preinit] o.apache.tomcat.util.digester.Digester   :   Fire end() for SetPropertiesRule[]
2019-12-06 11:18:41.487 DEBUG 7503 --- [kground-preinit] o.apache.tomcat.util.digester.Digester   :   Fire end() for ObjectCreateRule[className=org.apache.tomcat.util.modeler.AttributeInfo, attributeName=null]
2019-12-06 11:18:41.487 DEBUG 7503 --- [kground-preinit] o.apache.tomcat.util.digester.Digester   : [ObjectCreateRule]{mbeans-descriptors/mbean/attribute} Pop org.apache.tomcat.util.modeler.AttributeInfo
2019-12-06 11:18:41.487 DEBUG 7503 --- [kground-preinit] o.a.tomcat.util.digester.Digester.sax    : characters(

    )
2019-12-06 11:18:41.487 DEBUG 7503 --- [kground-preinit] o.a.tomcat.util.digester.Digester.sax    : startElement(,,attribute)
2019-12-06 11:18:41.487 DEBUG 7503 --- [kground-preinit] o.apache.tomcat.util.digester.Digester   :   New match='mbeans-descriptors/mbean/attribute'
2019-12-06 11:18:41.487 DEBUG 7503 --- [kground-preinit] o.apache.tomcat.util.digester.Digester   :   Fire begin() for ObjectCreateRule[className=org.apache.tomcat.util.modeler.AttributeInfo, attributeName=null]
2019-12-06 11:18:41.487 DEBUG 7503 --- [kground-preinit] o.apache.tomcat.util.digester.Digester   :   Fire begin() for SetPropertiesRule[]
2019-12-06 11:18:41.487 DEBUG 7503 --- [kground-preinit] o.apache.tomcat.util.digester.Digester   : [SetPropertiesRule]{mbeans-descriptors/mbean/attribute} Set org.apache.tomcat.util.modeler.AttributeInfo properties
2019-12-06 11:18:41.487 DEBUG 7503 --- [kground-preinit] o.apache.tomcat.util.digester.Digester   : [SetPropertiesRule]{mbeans-descriptors/mbean/attribute} Setting property 'name' to 'realm'
2019-12-06 11:18:41.488 DEBUG 7503 --- [kground-preinit] o.apache.tomcat.util.IntrospectionUtils  : IntrospectionUtils: setProperty(class org.apache.tomcat.util.modeler.AttributeInfo name=realm)
2019-12-06 11:18:41.488 DEBUG 7503 --- [kground-preinit] o.apache.tomcat.util.digester.Digester   : [SetPropertiesRule]{mbeans-descriptors/mbean/attribute} Setting property 'description' to 'Associated realm.'
2019-12-06 11:18:41.488 DEBUG 7503 --- [kground-preinit] o.apache.tomcat.util.IntrospectionUtils  : IntrospectionUtils: setProperty(class org.apache.tomcat.util.modeler.AttributeInfo description=Associated realm.)
2019-12-06 11:18:41.488 DEBUG 7503 --- [kground-preinit] o.apache.tomcat.util.digester.Digester   : [SetPropertiesRule]{mbeans-descriptors/mbean/attribute} Setting property 'type' to 'org.apache.catalina.Realm'
2019-12-06 11:18:41.488 DEBUG 7503 --- [kground-preinit] o.apache.tomcat.util.IntrospectionUtils  : IntrospectionUtils: setProperty(class org.apache.tomcat.util.modeler.AttributeInfo type=org.apache.catalina.Realm)
2019-12-06 11:18:41.488 DEBUG 7503 --- [kground-preinit] o.apache.tomcat.util.digester.Digester   :   Fire begin() for SetNextRule[methodName=addAttribute, paramType=org.apache.tomcat.util.modeler.AttributeInfo]
2019-12-06 11:18:41.488 DEBUG 7503 --- [kground-preinit] o.a.tomcat.util.digester.Digester.sax    : endElement(,,attribute)
2019-12-06 11:18:41.488 DEBUG 7503 --- [kground-preinit] o.apache.tomcat.util.digester.Digester   :   match='mbeans-descriptors/mbean/attribute'
2019-12-06 11:18:41.488 DEBUG 7503 --- [kground-preinit] o.apache.tomcat.util.digester.Digester   :   bodyText=''
2019-12-06 11:18:41.488 DEBUG 7503 --- [kground-preinit] o.apache.tomcat.util.digester.Digester   :   Fire body() for ObjectCreateRule[className=org.apache.tomcat.util.modeler.AttributeInfo, attributeName=null]
2019-12-06 11:18:41.489 DEBUG 7503 --- [kground-preinit] o.apache.tomcat.util.digester.Digester   :   Fire body() for SetPropertiesRule[]
2019-12-06 11:18:41.489 DEBUG 7503 --- [kground-preinit] o.apache.tomcat.util.digester.Digester   :   Fire body() for SetNextRule[methodName=addAttribute, paramType=org.apache.tomcat.util.modeler.AttributeInfo]
2019-12-06 11:18:41.489 DEBUG 7503 --- [kground-preinit] o.apache.tomcat.util.digester.Digester   :   Fire end() for SetNextRule[methodName=addAttribute, paramType=org.apache.tomcat.util.modeler.AttributeInfo]
2019-12-06 11:18:41.489 DEBUG 7503 --- [kground-preinit] o.apache.tomcat.util.digester.Digester   : [SetNextRule]{mbeans-descriptors/mbean/attribute} Call org.apache.tomcat.util.modeler.ManagedBean.addAttribute(org.apache.tomcat.util.modeler.AttributeInfo@794c46b6)
2019-12-06 11:18:41.489 DEBUG 7503 --- [kground-preinit] o.apache.tomcat.util.IntrospectionUtils  : IntrospectionUtils: callMethod1 org.apache.tomcat.util.modeler.ManagedBean org.apache.tomcat.util.modeler.AttributeInfo org.apache.tomcat.util.modeler.AttributeInfo
2019-12-06 11:18:41.489 DEBUG 7503 --- [kground-preinit] o.apache.tomcat.util.digester.Digester   :   Fire end() for SetPropertiesRule[]
2019-12-06 11:18:41.489 DEBUG 7503 --- [kground-preinit] o.apache.tomcat.util.digester.Digester   :   Fire end() for ObjectCreateRule[className=org.apache.tomcat.util.modeler.AttributeInfo, attributeName=null]
2019-12-06 11:18:41.489 DEBUG 7503 --- [kground-preinit] o.apache.tomcat.util.digester.Digester   : [ObjectCreateRule]{mbeans-descriptors/mbean/attribute} Pop org.apache.tomcat.util.modeler.AttributeInfo
2019-12-06 11:18:41.489 DEBUG 7503 --- [kground-preinit] o.a.tomcat.util.digester.Digester.sax    : characters(

    )
2019-12-06 11:18:41.489 DEBUG 7503 --- [kground-preinit] o.a.tomcat.util.digester.Digester.sax    : startElement(,,attribute)
2019-12-06 11:18:41.489 DEBUG 7503 --- [kground-preinit] o.apache.tomcat.util.digester.Digester   :   New match='mbeans-descriptors/mbean/attribute'
2019-12-06 11:18:41.489 DEBUG 7503 --- [kground-preinit] o.apache.tomcat.util.digester.Digester   :   Fire begin() for ObjectCreateRule[className=org.apache.tomcat.util.modeler.AttributeInfo, attributeName=null]
2019-12-06 11:18:41.490 DEBUG 7503 --- [kground-preinit] o.apache.tomcat.util.digester.Digester   :   Fire begin() for SetPropertiesRule[]
2019-12-06 11:18:41.490 DEBUG 7503 --- [kground-preinit] o.apache.tomcat.util.digester.Digester   : [SetPropertiesRule]{mbeans-descriptors/mbean/attribute} Set org.apache.tomcat.util.modeler.AttributeInfo properties
2019-12-06 11:18:41.490 DEBUG 7503 --- [kground-preinit] o.apache.tomcat.util.digester.Digester   : [SetPropertiesRule]{mbeans-descriptors/mbean/attribute} Setting property 'name' to 'startChildren'
2019-12-06 11:18:41.490 DEBUG 7503 --- [kground-preinit] o.apache.tomcat.util.IntrospectionUtils  : IntrospectionUtils: setProperty(class org.apache.tomcat.util.modeler.AttributeInfo name=startChildren)
2019-12-06 11:18:41.490 DEBUG 7503 --- [kground-preinit] o.apache.tomcat.util.digester.Digester   : [SetPropertiesRule]{mbeans-descriptors/mbean/attribute} Setting property 'description' to 'Will children be started automatically when they are added.'
2019-12-06 11:18:41.490 DEBUG 7503 --- [kground-preinit] o.apache.tomcat.util.IntrospectionUtils  : IntrospectionUtils: setProperty(class org.apache.tomcat.util.modeler.AttributeInfo description=Will children be started automatically when they are added.)
2019-12-06 11:18:41.490 DEBUG 7503 --- [kground-preinit] o.apache.tomcat.util.digester.Digester   : [SetPropertiesRule]{mbeans-descriptors/mbean/attribute} Setting property 'type' to 'boolean'
2019-12-06 11:18:41.490 DEBUG 7503 --- [kground-preinit] o.apache.tomcat.util.IntrospectionUtils  : IntrospectionUtils: setProperty(class org.apache.tomcat.util.modeler.AttributeInfo type=boolean)
2019-12-06 11:18:41.490 DEBUG 7503 --- [kground-preinit] o.apache.tomcat.util.digester.Digester   :   Fire begin() for SetNextRule[methodName=addAttribute, paramType=org.apache.tomcat.util.modeler.AttributeInfo]
2019-12-06 11:18:41.490 DEBUG 7503 --- [    Test worker] o.s.b.f.s.DefaultListableBeanFactory     : Autowiring by type from bean name 'methodValidationPostProcessor' via factory method to bean named 'environment'
2019-12-06 11:18:41.490 DEBUG 7503 --- [kground-preinit] o.a.tomcat.util.digester.Digester.sax    : endElement(,,attribute)
2019-12-06 11:18:41.490 DEBUG 7503 --- [kground-preinit] o.apache.tomcat.util.digester.Digester   :   match='mbeans-descriptors/mbean/attribute'
2019-12-06 11:18:41.490 DEBUG 7503 --- [kground-preinit] o.apache.tomcat.util.digester.Digester   :   bodyText=''
2019-12-06 11:18:41.490 DEBUG 7503 --- [kground-preinit] o.apache.tomcat.util.digester.Digester   :   Fire body() for ObjectCreateRule[className=org.apache.tomcat.util.modeler.AttributeInfo, attributeName=null]
2019-12-06 11:18:41.490 DEBUG 7503 --- [kground-preinit] o.apache.tomcat.util.digester.Digester   :   Fire body() for SetPropertiesRule[]
2019-12-06 11:18:41.491 DEBUG 7503 --- [kground-preinit] o.apache.tomcat.util.digester.Digester   :   Fire body() for SetNextRule[methodName=addAttribute, paramType=org.apache.tomcat.util.modeler.AttributeInfo]
2019-12-06 11:18:41.491 DEBUG 7503 --- [kground-preinit] o.apache.tomcat.util.digester.Digester   :   Fire end() for SetNextRule[methodName=addAttribute, paramType=org.apache.tomcat.util.modeler.AttributeInfo]
2019-12-06 11:18:41.491 DEBUG 7503 --- [kground-preinit] o.apache.tomcat.util.digester.Digester   : [SetNextRule]{mbeans-descriptors/mbean/attribute} Call org.apache.tomcat.util.modeler.ManagedBean.addAttribute(org.apache.tomcat.util.modeler.AttributeInfo@5691c9c)
2019-12-06 11:18:41.491 DEBUG 7503 --- [kground-preinit] o.apache.tomcat.util.IntrospectionUtils  : IntrospectionUtils: callMethod1 org.apache.tomcat.util.modeler.ManagedBean org.apache.tomcat.util.modeler.AttributeInfo org.apache.tomcat.util.modeler.AttributeInfo
2019-12-06 11:18:41.491 DEBUG 7503 --- [kground-preinit] o.apache.tomcat.util.digester.Digester   :   Fire end() for SetPropertiesRule[]
2019-12-06 11:18:41.491 DEBUG 7503 --- [kground-preinit] o.apache.tomcat.util.digester.Digester   :   Fire end() for ObjectCreateRule[className=org.apache.tomcat.util.modeler.AttributeInfo, attributeName=null]
2019-12-06 11:18:41.491 DEBUG 7503 --- [kground-preinit] o.apache.tomcat.util.digester.Digester   : [ObjectCreateRule]{mbeans-descriptors/mbean/attribute} Pop org.apache.tomcat.util.modeler.AttributeInfo
2019-12-06 11:18:41.491 DEBUG 7503 --- [kground-preinit] o.a.tomcat.util.digester.Digester.sax    : characters(

    )
2019-12-06 11:18:41.491 DEBUG 7503 --- [kground-preinit] o.a.tomcat.util.digester.Digester.sax    : startElement(,,attribute)
2019-12-06 11:18:41.491 DEBUG 7503 --- [kground-preinit] o.apache.tomcat.util.digester.Digester   :   New match='mbeans-descriptors/mbean/attribute'
2019-12-06 11:18:41.491 DEBUG 7503 --- [kground-preinit] o.apache.tomcat.util.digester.Digester   :   Fire begin() for ObjectCreateRule[className=org.apache.tomcat.util.modeler.AttributeInfo, attributeName=null]
2019-12-06 11:18:41.491 DEBUG 7503 --- [kground-preinit] o.apache.tomcat.util.digester.Digester   :   Fire begin() for SetPropertiesRule[]
2019-12-06 11:18:41.492 DEBUG 7503 --- [kground-preinit] o.apache.tomcat.util.digester.Digester   : [SetPropertiesRule]{mbeans-descriptors/mbean/attribute} Set org.apache.tomcat.util.modeler.AttributeInfo properties
2019-12-06 11:18:41.492 DEBUG 7503 --- [kground-preinit] o.apache.tomcat.util.digester.Digester   : [SetPropertiesRule]{mbeans-descriptors/mbean/attribute} Setting property 'name' to 'startStopThreads'
2019-12-06 11:18:41.492 DEBUG 7503 --- [kground-preinit] o.apache.tomcat.util.IntrospectionUtils  : IntrospectionUtils: setProperty(class org.apache.tomcat.util.modeler.AttributeInfo name=startStopThreads)
2019-12-06 11:18:41.492 DEBUG 7503 --- [kground-preinit] o.apache.tomcat.util.digester.Digester   : [SetPropertiesRule]{mbeans-descriptors/mbean/attribute} Setting property 'description' to 'The number of threads to use when starting and stopping child Hosts'
2019-12-06 11:18:41.492 DEBUG 7503 --- [kground-preinit] o.apache.tomcat.util.IntrospectionUtils  : IntrospectionUtils: setProperty(class org.apache.tomcat.util.modeler.AttributeInfo description=The number of threads to use when starting and stopping child Hosts)
2019-12-06 11:18:41.492 DEBUG 7503 --- [kground-preinit] o.apache.tomcat.util.digester.Digester   : [SetPropertiesRule]{mbeans-descriptors/mbean/attribute} Setting property 'type' to 'int'
2019-12-06 11:18:41.492 DEBUG 7503 --- [kground-preinit] o.apache.tomcat.util.IntrospectionUtils  : IntrospectionUtils: setProperty(class org.apache.tomcat.util.modeler.AttributeInfo type=int)
2019-12-06 11:18:41.492 DEBUG 7503 --- [kground-preinit] o.apache.tomcat.util.digester.Digester   :   Fire begin() for SetNextRule[methodName=addAttribute, paramType=org.apache.tomcat.util.modeler.AttributeInfo]
2019-12-06 11:18:41.492 DEBUG 7503 --- [kground-preinit] o.a.tomcat.util.digester.Digester.sax    : endElement(,,attribute)
2019-12-06 11:18:41.492 DEBUG 7503 --- [kground-preinit] o.apache.tomcat.util.digester.Digester   :   match='mbeans-descriptors/mbean/attribute'
2019-12-06 11:18:41.492 DEBUG 7503 --- [kground-preinit] o.apache.tomcat.util.digester.Digester   :   bodyText=''
2019-12-06 11:18:41.492 DEBUG 7503 --- [kground-preinit] o.apache.tomcat.util.digester.Digester   :   Fire body() for ObjectCreateRule[className=org.apache.tomcat.util.modeler.AttributeInfo, attributeName=null]
2019-12-06 11:18:41.493 DEBUG 7503 --- [kground-preinit] o.apache.tomcat.util.digester.Digester   :   Fire body() for SetPropertiesRule[]
2019-12-06 11:18:41.493 DEBUG 7503 --- [kground-preinit] o.apache.tomcat.util.digester.Digester   :   Fire body() for SetNextRule[methodName=addAttribute, paramType=org.apache.tomcat.util.modeler.AttributeInfo]
2019-12-06 11:18:41.493 DEBUG 7503 --- [kground-preinit] o.apache.tomcat.util.digester.Digester   :   Fire end() for SetNextRule[methodName=addAttribute, paramType=org.apache.tomcat.util.modeler.AttributeInfo]
2019-12-06 11:18:41.493 DEBUG 7503 --- [kground-preinit] o.apache.tomcat.util.digester.Digester   : [SetNextRule]{mbeans-descriptors/mbean/attribute} Call org.apache.tomcat.util.modeler.ManagedBean.addAttribute(org.apache.tomcat.util.modeler.AttributeInfo@3877da98)
2019-12-06 11:18:41.493 DEBUG 7503 --- [kground-preinit] o.apache.tomcat.util.IntrospectionUtils  : IntrospectionUtils: callMethod1 org.apache.tomcat.util.modeler.ManagedBean org.apache.tomcat.util.modeler.AttributeInfo org.apache.tomcat.util.modeler.AttributeInfo
2019-12-06 11:18:41.493 DEBUG 7503 --- [kground-preinit] o.apache.tomcat.util.digester.Digester   :   Fire end() for SetPropertiesRule[]
2019-12-06 11:18:41.493 DEBUG 7503 --- [kground-preinit] o.apache.tomcat.util.digester.Digester   :   Fire end() for ObjectCreateRule[className=org.apache.tomcat.util.modeler.AttributeInfo, attributeName=null]
2019-12-06 11:18:41.493 DEBUG 7503 --- [kground-preinit] o.apache.tomcat.util.digester.Digester   : [ObjectCreateRule]{mbeans-descriptors/mbean/attribute} Pop org.apache.tomcat.util.modeler.AttributeInfo
2019-12-06 11:18:41.493 DEBUG 7503 --- [kground-preinit] o.a.tomcat.util.digester.Digester.sax    : characters(

    )
2019-12-06 11:18:41.493 DEBUG 7503 --- [kground-preinit] o.a.tomcat.util.digester.Digester.sax    : startElement(,,attribute)
2019-12-06 11:18:41.493 DEBUG 7503 --- [kground-preinit] o.apache.tomcat.util.digester.Digester   :   New match='mbeans-descriptors/mbean/attribute'
2019-12-06 11:18:41.493 DEBUG 7503 --- [kground-preinit] o.apache.tomcat.util.digester.Digester   :   Fire begin() for ObjectCreateRule[className=org.apache.tomcat.util.modeler.AttributeInfo, attributeName=null]
2019-12-06 11:18:41.493 DEBUG 7503 --- [kground-preinit] o.apache.tomcat.util.digester.Digester   :   Fire begin() for SetPropertiesRule[]
2019-12-06 11:18:41.494 DEBUG 7503 --- [kground-preinit] o.apache.tomcat.util.digester.Digester   : [SetPropertiesRule]{mbeans-descriptors/mbean/attribute} Set org.apache.tomcat.util.modeler.AttributeInfo properties
2019-12-06 11:18:41.494 DEBUG 7503 --- [kground-preinit] o.apache.tomcat.util.digester.Digester   : [SetPropertiesRule]{mbeans-descriptors/mbean/attribute} Setting property 'name' to 'stateName'
2019-12-06 11:18:41.494 DEBUG 7503 --- [kground-preinit] o.apache.tomcat.util.IntrospectionUtils  : IntrospectionUtils: setProperty(class org.apache.tomcat.util.modeler.AttributeInfo name=stateName)
2019-12-06 11:18:41.494 DEBUG 7503 --- [kground-preinit] o.apache.tomcat.util.digester.Digester   : [SetPropertiesRule]{mbeans-descriptors/mbean/attribute} Setting property 'description' to 'The name of the LifecycleState that this component is currently in'
2019-12-06 11:18:41.494 DEBUG 7503 --- [kground-preinit] o.apache.tomcat.util.IntrospectionUtils  : IntrospectionUtils: setProperty(class org.apache.tomcat.util.modeler.AttributeInfo description=The name of the LifecycleState that this component is currently in)
2019-12-06 11:18:41.494 DEBUG 7503 --- [kground-preinit] o.apache.tomcat.util.digester.Digester   : [SetPropertiesRule]{mbeans-descriptors/mbean/attribute} Setting property 'type' to 'java.lang.String'
2019-12-06 11:18:41.494 DEBUG 7503 --- [kground-preinit] o.apache.tomcat.util.IntrospectionUtils  : IntrospectionUtils: setProperty(class org.apache.tomcat.util.modeler.AttributeInfo type=java.lang.String)
2019-12-06 11:18:41.494 DEBUG 7503 --- [kground-preinit] o.apache.tomcat.util.digester.Digester   : [SetPropertiesRule]{mbeans-descriptors/mbean/attribute} Setting property 'writeable' to 'false'
2019-12-06 11:18:41.494 DEBUG 7503 --- [kground-preinit] o.apache.tomcat.util.IntrospectionUtils  : IntrospectionUtils: setProperty(class org.apache.tomcat.util.modeler.AttributeInfo writeable=false)
2019-12-06 11:18:41.494 DEBUG 7503 --- [kground-preinit] o.apache.tomcat.util.digester.Digester   :   Fire begin() for SetNextRule[methodName=addAttribute, paramType=org.apache.tomcat.util.modeler.AttributeInfo]
2019-12-06 11:18:41.494 DEBUG 7503 --- [kground-preinit] o.a.tomcat.util.digester.Digester.sax    : endElement(,,attribute)
2019-12-06 11:18:41.494 DEBUG 7503 --- [kground-preinit] o.apache.tomcat.util.digester.Digester   :   match='mbeans-descriptors/mbean/attribute'
2019-12-06 11:18:41.495 DEBUG 7503 --- [kground-preinit] o.apache.tomcat.util.digester.Digester   :   bodyText=''
2019-12-06 11:18:41.495 DEBUG 7503 --- [kground-preinit] o.apache.tomcat.util.digester.Digester   :   Fire body() for ObjectCreateRule[className=org.apache.tomcat.util.modeler.AttributeInfo, attributeName=null]
2019-12-06 11:18:41.495 DEBUG 7503 --- [kground-preinit] o.apache.tomcat.util.digester.Digester   :   Fire body() for SetPropertiesRule[]
2019-12-06 11:18:41.495 DEBUG 7503 --- [kground-preinit] o.apache.tomcat.util.digester.Digester   :   Fire body() for SetNextRule[methodName=addAttribute, paramType=org.apache.tomcat.util.modeler.AttributeInfo]
2019-12-06 11:18:41.495 DEBUG 7503 --- [kground-preinit] o.apache.tomcat.util.digester.Digester   :   Fire end() for SetNextRule[methodName=addAttribute, paramType=org.apache.tomcat.util.modeler.AttributeInfo]
2019-12-06 11:18:41.495 DEBUG 7503 --- [kground-preinit] o.apache.tomcat.util.digester.Digester   : [SetNextRule]{mbeans-descriptors/mbean/attribute} Call org.apache.tomcat.util.modeler.ManagedBean.addAttribute(org.apache.tomcat.util.modeler.AttributeInfo@33221204)
2019-12-06 11:18:41.495 DEBUG 7503 --- [kground-preinit] o.apache.tomcat.util.IntrospectionUtils  : IntrospectionUtils: callMethod1 org.apache.tomcat.util.modeler.ManagedBean org.apache.tomcat.util.modeler.AttributeInfo org.apache.tomcat.util.modeler.AttributeInfo
2019-12-06 11:18:41.495 DEBUG 7503 --- [kground-preinit] o.apache.tomcat.util.digester.Digester   :   Fire end() for SetPropertiesRule[]
2019-12-06 11:18:41.495 DEBUG 7503 --- [kground-preinit] o.apache.tomcat.util.digester.Digester   :   Fire end() for ObjectCreateRule[className=org.apache.tomcat.util.modeler.AttributeInfo, attributeName=null]
2019-12-06 11:18:41.495 DEBUG 7503 --- [kground-preinit] o.apache.tomcat.util.digester.Digester   : [ObjectCreateRule]{mbeans-descriptors/mbean/attribute} Pop org.apache.tomcat.util.modeler.AttributeInfo
2019-12-06 11:18:41.495 DEBUG 7503 --- [kground-preinit] o.a.tomcat.util.digester.Digester.sax    : characters(

    )
2019-12-06 11:18:41.496 DEBUG 7503 --- [kground-preinit] o.a.tomcat.util.digester.Digester.sax    : startElement(,,operation)
2019-12-06 11:18:41.496 DEBUG 7503 --- [kground-preinit] o.apache.tomcat.util.digester.Digester   :   New match='mbeans-descriptors/mbean/operation'
2019-12-06 11:18:41.496 DEBUG 7503 --- [kground-preinit] o.apache.tomcat.util.digester.Digester   :   Fire begin() for ObjectCreateRule[className=org.apache.tomcat.util.modeler.OperationInfo, attributeName=null]
2019-12-06 11:18:41.496 DEBUG 7503 --- [kground-preinit] o.apache.tomcat.util.digester.Digester   :   Fire begin() for SetPropertiesRule[]
2019-12-06 11:18:41.496 DEBUG 7503 --- [kground-preinit] o.apache.tomcat.util.digester.Digester   : [SetPropertiesRule]{mbeans-descriptors/mbean/operation} Set org.apache.tomcat.util.modeler.OperationInfo properties
2019-12-06 11:18:41.496 DEBUG 7503 --- [kground-preinit] o.apache.tomcat.util.digester.Digester   : [SetPropertiesRule]{mbeans-descriptors/mbean/operation} Setting property 'name' to 'addChild'
2019-12-06 11:18:41.496 DEBUG 7503 --- [kground-preinit] o.apache.tomcat.util.IntrospectionUtils  : IntrospectionUtils: setProperty(class org.apache.tomcat.util.modeler.OperationInfo name=addChild)
2019-12-06 11:18:41.496 DEBUG 7503 --- [kground-preinit] o.apache.tomcat.util.digester.Digester   : [SetPropertiesRule]{mbeans-descriptors/mbean/operation} Setting property 'description' to 'Add a virtual host'
2019-12-06 11:18:41.496 DEBUG 7503 --- [kground-preinit] o.apache.tomcat.util.IntrospectionUtils  : IntrospectionUtils: setProperty(class org.apache.tomcat.util.modeler.OperationInfo description=Add a virtual host)
2019-12-06 11:18:41.496 DEBUG 7503 --- [kground-preinit] o.apache.tomcat.util.digester.Digester   : [SetPropertiesRule]{mbeans-descriptors/mbean/operation} Setting property 'impact' to 'ACTION'
2019-12-06 11:18:41.496 DEBUG 7503 --- [kground-preinit] o.apache.tomcat.util.IntrospectionUtils  : IntrospectionUtils: setProperty(class org.apache.tomcat.util.modeler.OperationInfo impact=ACTION)
2019-12-06 11:18:41.497 DEBUG 7503 --- [kground-preinit] o.apache.tomcat.util.digester.Digester   : [SetPropertiesRule]{mbeans-descriptors/mbean/operation} Setting property 'returnType' to 'void'
2019-12-06 11:18:41.497 DEBUG 7503 --- [kground-preinit] o.apache.tomcat.util.IntrospectionUtils  : IntrospectionUtils: setProperty(class org.apache.tomcat.util.modeler.OperationInfo returnType=void)
2019-12-06 11:18:41.497 DEBUG 7503 --- [kground-preinit] o.apache.tomcat.util.digester.Digester   :   Fire begin() for SetNextRule[methodName=addOperation, paramType=org.apache.tomcat.util.modeler.OperationInfo]
2019-12-06 11:18:41.497 DEBUG 7503 --- [kground-preinit] o.a.tomcat.util.digester.Digester.sax    : characters(
      )
2019-12-06 11:18:41.497 DEBUG 7503 --- [kground-preinit] o.a.tomcat.util.digester.Digester.sax    : startElement(,,parameter)
2019-12-06 11:18:41.497 DEBUG 7503 --- [kground-preinit] o.apache.tomcat.util.digester.Digester   :   New match='mbeans-descriptors/mbean/operation/parameter'
2019-12-06 11:18:41.497 DEBUG 7503 --- [kground-preinit] o.apache.tomcat.util.digester.Digester   :   Fire begin() for ObjectCreateRule[className=org.apache.tomcat.util.modeler.ParameterInfo, attributeName=null]
2019-12-06 11:18:41.497 DEBUG 7503 --- [kground-preinit] o.apache.tomcat.util.digester.Digester   :   Fire begin() for SetPropertiesRule[]
2019-12-06 11:18:41.497 DEBUG 7503 --- [kground-preinit] o.apache.tomcat.util.digester.Digester   : [SetPropertiesRule]{mbeans-descriptors/mbean/operation/parameter} Set org.apache.tomcat.util.modeler.ParameterInfo properties
2019-12-06 11:18:41.497 DEBUG 7503 --- [kground-preinit] o.apache.tomcat.util.digester.Digester   : [SetPropertiesRule]{mbeans-descriptors/mbean/operation/parameter} Setting property 'name' to 'type'
2019-12-06 11:18:41.497 DEBUG 7503 --- [kground-preinit] o.apache.tomcat.util.IntrospectionUtils  : IntrospectionUtils: setProperty(class org.apache.tomcat.util.modeler.ParameterInfo name=type)
2019-12-06 11:18:41.497 DEBUG 7503 --- [kground-preinit] o.apache.tomcat.util.digester.Digester   : [SetPropertiesRule]{mbeans-descriptors/mbean/operation/parameter} Setting property 'description' to 'Type(classname) of the new child to be added'
2019-12-06 11:18:41.497 DEBUG 7503 --- [kground-preinit] o.apache.tomcat.util.IntrospectionUtils  : IntrospectionUtils: setProperty(class org.apache.tomcat.util.modeler.ParameterInfo description=Type(classname) of the new child to be added)
2019-12-06 11:18:41.498 DEBUG 7503 --- [kground-preinit] o.apache.tomcat.util.digester.Digester   : [SetPropertiesRule]{mbeans-descriptors/mbean/operation/parameter} Setting property 'type' to 'java.lang.String'
2019-12-06 11:18:41.498 DEBUG 7503 --- [kground-preinit] o.apache.tomcat.util.IntrospectionUtils  : IntrospectionUtils: setProperty(class org.apache.tomcat.util.modeler.ParameterInfo type=java.lang.String)
2019-12-06 11:18:41.498 DEBUG 7503 --- [kground-preinit] o.apache.tomcat.util.digester.Digester   :   Fire begin() for SetNextRule[methodName=addParameter, paramType=org.apache.tomcat.util.modeler.ParameterInfo]
2019-12-06 11:18:41.498 DEBUG 7503 --- [kground-preinit] o.a.tomcat.util.digester.Digester.sax    : endElement(,,parameter)
2019-12-06 11:18:41.498 DEBUG 7503 --- [kground-preinit] o.apache.tomcat.util.digester.Digester   :   match='mbeans-descriptors/mbean/operation/parameter'
2019-12-06 11:18:41.498 DEBUG 7503 --- [kground-preinit] o.apache.tomcat.util.digester.Digester   :   bodyText=''
2019-12-06 11:18:41.498 DEBUG 7503 --- [kground-preinit] o.apache.tomcat.util.digester.Digester   :   Fire body() for ObjectCreateRule[className=org.apache.tomcat.util.modeler.ParameterInfo, attributeName=null]
2019-12-06 11:18:41.498 DEBUG 7503 --- [kground-preinit] o.apache.tomcat.util.digester.Digester   :   Fire body() for SetPropertiesRule[]
2019-12-06 11:18:41.498 DEBUG 7503 --- [kground-preinit] o.apache.tomcat.util.digester.Digester   :   Fire body() for SetNextRule[methodName=addParameter, paramType=org.apache.tomcat.util.modeler.ParameterInfo]
2019-12-06 11:18:41.498 DEBUG 7503 --- [kground-preinit] o.apache.tomcat.util.digester.Digester   :   Fire end() for SetNextRule[methodName=addParameter, paramType=org.apache.tomcat.util.modeler.ParameterInfo]
2019-12-06 11:18:41.498 DEBUG 7503 --- [kground-preinit] o.apache.tomcat.util.digester.Digester   : [SetNextRule]{mbeans-descriptors/mbean/operation/parameter} Call org.apache.tomcat.util.modeler.OperationInfo.addParameter(org.apache.tomcat.util.modeler.ParameterInfo@28408b20)
2019-12-06 11:18:41.498 DEBUG 7503 --- [kground-preinit] o.apache.tomcat.util.IntrospectionUtils  : IntrospectionUtils: callMethod1 org.apache.tomcat.util.modeler.OperationInfo org.apache.tomcat.util.modeler.ParameterInfo org.apache.tomcat.util.modeler.ParameterInfo
2019-12-06 11:18:41.498 DEBUG 7503 --- [kground-preinit] o.apache.tomcat.util.digester.Digester   :   Fire end() for SetPropertiesRule[]
2019-12-06 11:18:41.499 DEBUG 7503 --- [kground-preinit] o.apache.tomcat.util.digester.Digester   :   Fire end() for ObjectCreateRule[className=org.apache.tomcat.util.modeler.ParameterInfo, attributeName=null]
2019-12-06 11:18:41.499 DEBUG 7503 --- [kground-preinit] o.apache.tomcat.util.digester.Digester   : [ObjectCreateRule]{mbeans-descriptors/mbean/operation/parameter} Pop org.apache.tomcat.util.modeler.ParameterInfo
2019-12-06 11:18:41.499 DEBUG 7503 --- [kground-preinit] o.a.tomcat.util.digester.Digester.sax    : characters(
      )
2019-12-06 11:18:41.499 DEBUG 7503 --- [kground-preinit] o.a.tomcat.util.digester.Digester.sax    : startElement(,,parameter)
2019-12-06 11:18:41.499 DEBUG 7503 --- [kground-preinit] o.apache.tomcat.util.digester.Digester   :   New match='mbeans-descriptors/mbean/operation/parameter'
2019-12-06 11:18:41.499 DEBUG 7503 --- [kground-preinit] o.apache.tomcat.util.digester.Digester   :   Fire begin() for ObjectCreateRule[className=org.apache.tomcat.util.modeler.ParameterInfo, attributeName=null]
2019-12-06 11:18:41.499 DEBUG 7503 --- [kground-preinit] o.apache.tomcat.util.digester.Digester   :   Fire begin() for SetPropertiesRule[]
2019-12-06 11:18:41.499 DEBUG 7503 --- [kground-preinit] o.apache.tomcat.util.digester.Digester   : [SetPropertiesRule]{mbeans-descriptors/mbean/operation/parameter} Set org.apache.tomcat.util.modeler.ParameterInfo properties
2019-12-06 11:18:41.499 DEBUG 7503 --- [kground-preinit] o.apache.tomcat.util.digester.Digester   : [SetPropertiesRule]{mbeans-descriptors/mbean/operation/parameter} Setting property 'name' to 'name'
2019-12-06 11:18:41.499 DEBUG 7503 --- [kground-preinit] o.apache.tomcat.util.IntrospectionUtils  : IntrospectionUtils: setProperty(class org.apache.tomcat.util.modeler.ParameterInfo name=name)
2019-12-06 11:18:41.499 DEBUG 7503 --- [kground-preinit] o.apache.tomcat.util.digester.Digester   : [SetPropertiesRule]{mbeans-descriptors/mbean/operation/parameter} Setting property 'description' to 'Name of the child to be added'
2019-12-06 11:18:41.499 DEBUG 7503 --- [kground-preinit] o.apache.tomcat.util.IntrospectionUtils  : IntrospectionUtils: setProperty(class org.apache.tomcat.util.modeler.ParameterInfo description=Name of the child to be added)
2019-12-06 11:18:41.500 DEBUG 7503 --- [kground-preinit] o.apache.tomcat.util.digester.Digester   : [SetPropertiesRule]{mbeans-descriptors/mbean/operation/parameter} Setting property 'type' to 'java.lang.String'
2019-12-06 11:18:41.500 DEBUG 7503 --- [kground-preinit] o.apache.tomcat.util.IntrospectionUtils  : IntrospectionUtils: setProperty(class org.apache.tomcat.util.modeler.ParameterInfo type=java.lang.String)
2019-12-06 11:18:41.500 DEBUG 7503 --- [kground-preinit] o.apache.tomcat.util.digester.Digester   :   Fire begin() for SetNextRule[methodName=addParameter, paramType=org.apache.tomcat.util.modeler.ParameterInfo]
2019-12-06 11:18:41.500 DEBUG 7503 --- [kground-preinit] o.a.tomcat.util.digester.Digester.sax    : endElement(,,parameter)
2019-12-06 11:18:41.500 DEBUG 7503 --- [kground-preinit] o.apache.tomcat.util.digester.Digester   :   match='mbeans-descriptors/mbean/operation/parameter'
2019-12-06 11:18:41.500 DEBUG 7503 --- [kground-preinit] o.apache.tomcat.util.digester.Digester   :   bodyText=''
2019-12-06 11:18:41.500 DEBUG 7503 --- [kground-preinit] o.apache.tomcat.util.digester.Digester   :   Fire body() for ObjectCreateRule[className=org.apache.tomcat.util.modeler.ParameterInfo, attributeName=null]
2019-12-06 11:18:41.500 DEBUG 7503 --- [kground-preinit] o.apache.tomcat.util.digester.Digester   :   Fire body() for SetPropertiesRule[]
2019-12-06 11:18:41.500 DEBUG 7503 --- [kground-preinit] o.apache.tomcat.util.digester.Digester   :   Fire body() for SetNextRule[methodName=addParameter, paramType=org.apache.tomcat.util.modeler.ParameterInfo]
2019-12-06 11:18:41.500 DEBUG 7503 --- [kground-preinit] o.apache.tomcat.util.digester.Digester   :   Fire end() for SetNextRule[methodName=addParameter, paramType=org.apache.tomcat.util.modeler.ParameterInfo]
2019-12-06 11:18:41.500 DEBUG 7503 --- [kground-preinit] o.apache.tomcat.util.digester.Digester   : [SetNextRule]{mbeans-descriptors/mbean/operation/parameter} Call org.apache.tomcat.util.modeler.OperationInfo.addParameter(org.apache.tomcat.util.modeler.ParameterInfo@6500ef48)
2019-12-06 11:18:41.500 DEBUG 7503 --- [kground-preinit] o.apache.tomcat.util.IntrospectionUtils  : IntrospectionUtils: callMethod1 org.apache.tomcat.util.modeler.OperationInfo org.apache.tomcat.util.modeler.ParameterInfo org.apache.tomcat.util.modeler.ParameterInfo
2019-12-06 11:18:41.500 DEBUG 7503 --- [kground-preinit] o.apache.tomcat.util.digester.Digester   :   Fire end() for SetPropertiesRule[]
2019-12-06 11:18:41.500 DEBUG 7503 --- [kground-preinit] o.apache.tomcat.util.digester.Digester   :   Fire end() for ObjectCreateRule[className=org.apache.tomcat.util.modeler.ParameterInfo, attributeName=null]
2019-12-06 11:18:41.501 DEBUG 7503 --- [kground-preinit] o.apache.tomcat.util.digester.Digester   : [ObjectCreateRule]{mbeans-descriptors/mbean/operation/parameter} Pop org.apache.tomcat.util.modeler.ParameterInfo
2019-12-06 11:18:41.501 DEBUG 7503 --- [kground-preinit] o.a.tomcat.util.digester.Digester.sax    : characters(
    )
2019-12-06 11:18:41.501 DEBUG 7503 --- [kground-preinit] o.a.tomcat.util.digester.Digester.sax    : endElement(,,operation)
2019-12-06 11:18:41.501 DEBUG 7503 --- [kground-preinit] o.apache.tomcat.util.digester.Digester   :   match='mbeans-descriptors/mbean/operation'
2019-12-06 11:18:41.501 DEBUG 7503 --- [kground-preinit] o.apache.tomcat.util.digester.Digester   :   bodyText='
      
      
    '
2019-12-06 11:18:41.501 DEBUG 7503 --- [kground-preinit] o.apache.tomcat.util.digester.Digester   :   Fire body() for ObjectCreateRule[className=org.apache.tomcat.util.modeler.OperationInfo, attributeName=null]
2019-12-06 11:18:41.501 DEBUG 7503 --- [kground-preinit] o.apache.tomcat.util.digester.Digester   :   Fire body() for SetPropertiesRule[]
2019-12-06 11:18:41.501 DEBUG 7503 --- [kground-preinit] o.apache.tomcat.util.digester.Digester   :   Fire body() for SetNextRule[methodName=addOperation, paramType=org.apache.tomcat.util.modeler.OperationInfo]
2019-12-06 11:18:41.501 DEBUG 7503 --- [kground-preinit] o.apache.tomcat.util.digester.Digester   :   Fire end() for SetNextRule[methodName=addOperation, paramType=org.apache.tomcat.util.modeler.OperationInfo]
2019-12-06 11:18:41.501 DEBUG 7503 --- [kground-preinit] o.apache.tomcat.util.digester.Digester   : [SetNextRule]{mbeans-descriptors/mbean/operation} Call org.apache.tomcat.util.modeler.ManagedBean.addOperation(org.apache.tomcat.util.modeler.OperationInfo@63a55a6a)
2019-12-06 11:18:41.501 DEBUG 7503 --- [kground-preinit] o.apache.tomcat.util.IntrospectionUtils  : IntrospectionUtils: callMethod1 org.apache.tomcat.util.modeler.ManagedBean org.apache.tomcat.util.modeler.OperationInfo org.apache.tomcat.util.modeler.OperationInfo
2019-12-06 11:18:41.501 DEBUG 7503 --- [kground-preinit] o.apache.tomcat.util.digester.Digester   :   Fire end() for SetPropertiesRule[]
2019-12-06 11:18:41.502 DEBUG 7503 --- [kground-preinit] o.apache.tomcat.util.digester.Digester   :   Fire end() for ObjectCreateRule[className=org.apache.tomcat.util.modeler.OperationInfo, attributeName=null]
2019-12-06 11:18:41.502 DEBUG 7503 --- [kground-preinit] o.apache.tomcat.util.digester.Digester   : [ObjectCreateRule]{mbeans-descriptors/mbean/operation} Pop org.apache.tomcat.util.modeler.OperationInfo
2019-12-06 11:18:41.502 DEBUG 7503 --- [kground-preinit] o.a.tomcat.util.digester.Digester.sax    : characters(

    )
2019-12-06 11:18:41.502 DEBUG 7503 --- [kground-preinit] o.a.tomcat.util.digester.Digester.sax    : startElement(,,operation)
2019-12-06 11:18:41.502 DEBUG 7503 --- [kground-preinit] o.apache.tomcat.util.digester.Digester   :   New match='mbeans-descriptors/mbean/operation'
2019-12-06 11:18:41.502 DEBUG 7503 --- [kground-preinit] o.apache.tomcat.util.digester.Digester   :   Fire begin() for ObjectCreateRule[className=org.apache.tomcat.util.modeler.OperationInfo, attributeName=null]
2019-12-06 11:18:41.502 DEBUG 7503 --- [kground-preinit] o.apache.tomcat.util.digester.Digester   :   Fire begin() for SetPropertiesRule[]
2019-12-06 11:18:41.502 DEBUG 7503 --- [kground-preinit] o.apache.tomcat.util.digester.Digester   : [SetPropertiesRule]{mbeans-descriptors/mbean/operation} Set org.apache.tomcat.util.modeler.OperationInfo properties
2019-12-06 11:18:41.502 DEBUG 7503 --- [kground-preinit] o.apache.tomcat.util.digester.Digester   : [SetPropertiesRule]{mbeans-descriptors/mbean/operation} Setting property 'name' to 'addLifecycleListener'
2019-12-06 11:18:41.502 DEBUG 7503 --- [kground-preinit] o.apache.tomcat.util.IntrospectionUtils  : IntrospectionUtils: setProperty(class org.apache.tomcat.util.modeler.OperationInfo name=addLifecycleListener)
2019-12-06 11:18:41.502 DEBUG 7503 --- [kground-preinit] o.apache.tomcat.util.digester.Digester   : [SetPropertiesRule]{mbeans-descriptors/mbean/operation} Setting property 'description' to 'Add a lifecycle listener to this Engine'
2019-12-06 11:18:41.502 DEBUG 7503 --- [kground-preinit] o.apache.tomcat.util.IntrospectionUtils  : IntrospectionUtils: setProperty(class org.apache.tomcat.util.modeler.OperationInfo description=Add a lifecycle listener to this Engine)
2019-12-06 11:18:41.502 DEBUG 7503 --- [kground-preinit] o.apache.tomcat.util.digester.Digester   : [SetPropertiesRule]{mbeans-descriptors/mbean/operation} Setting property 'impact' to 'ACTION'
2019-12-06 11:18:41.503 DEBUG 7503 --- [kground-preinit] o.apache.tomcat.util.IntrospectionUtils  : IntrospectionUtils: setProperty(class org.apache.tomcat.util.modeler.OperationInfo impact=ACTION)
2019-12-06 11:18:41.503 DEBUG 7503 --- [kground-preinit] o.apache.tomcat.util.digester.Digester   : [SetPropertiesRule]{mbeans-descriptors/mbean/operation} Setting property 'returnType' to 'void'
2019-12-06 11:18:41.503 DEBUG 7503 --- [kground-preinit] o.apache.tomcat.util.IntrospectionUtils  : IntrospectionUtils: setProperty(class org.apache.tomcat.util.modeler.OperationInfo returnType=void)
2019-12-06 11:18:41.503 DEBUG 7503 --- [kground-preinit] o.apache.tomcat.util.digester.Digester   :   Fire begin() for SetNextRule[methodName=addOperation, paramType=org.apache.tomcat.util.modeler.OperationInfo]
2019-12-06 11:18:41.503 DEBUG 7503 --- [kground-preinit] o.a.tomcat.util.digester.Digester.sax    : characters(
      )
2019-12-06 11:18:41.503 DEBUG 7503 --- [kground-preinit] o.a.tomcat.util.digester.Digester.sax    : startElement(,,parameter)
2019-12-06 11:18:41.503 DEBUG 7503 --- [kground-preinit] o.apache.tomcat.util.digester.Digester   :   New match='mbeans-descriptors/mbean/operation/parameter'
2019-12-06 11:18:41.503 DEBUG 7503 --- [kground-preinit] o.apache.tomcat.util.digester.Digester   :   Fire begin() for ObjectCreateRule[className=org.apache.tomcat.util.modeler.ParameterInfo, attributeName=null]
2019-12-06 11:18:41.503 DEBUG 7503 --- [kground-preinit] o.apache.tomcat.util.digester.Digester   :   Fire begin() for SetPropertiesRule[]
2019-12-06 11:18:41.503 DEBUG 7503 --- [kground-preinit] o.apache.tomcat.util.digester.Digester   : [SetPropertiesRule]{mbeans-descriptors/mbean/operation/parameter} Set org.apache.tomcat.util.modeler.ParameterInfo properties
2019-12-06 11:18:41.503 DEBUG 7503 --- [kground-preinit] o.apache.tomcat.util.digester.Digester   : [SetPropertiesRule]{mbeans-descriptors/mbean/operation/parameter} Setting property 'name' to 'type'
2019-12-06 11:18:41.503 DEBUG 7503 --- [kground-preinit] o.apache.tomcat.util.IntrospectionUtils  : IntrospectionUtils: setProperty(class org.apache.tomcat.util.modeler.ParameterInfo name=type)
2019-12-06 11:18:41.504 DEBUG 7503 --- [kground-preinit] o.apache.tomcat.util.digester.Digester   : [SetPropertiesRule]{mbeans-descriptors/mbean/operation/parameter} Setting property 'description' to 'Type(classname) of the new lifecycle listener to be added'
2019-12-06 11:18:41.504 DEBUG 7503 --- [kground-preinit] o.apache.tomcat.util.IntrospectionUtils  : IntrospectionUtils: setProperty(class org.apache.tomcat.util.modeler.ParameterInfo description=Type(classname) of the new lifecycle listener to be added)
2019-12-06 11:18:41.504 DEBUG 7503 --- [kground-preinit] o.apache.tomcat.util.digester.Digester   : [SetPropertiesRule]{mbeans-descriptors/mbean/operation/parameter} Setting property 'type' to 'java.lang.String'
2019-12-06 11:18:41.504 DEBUG 7503 --- [kground-preinit] o.apache.tomcat.util.IntrospectionUtils  : IntrospectionUtils: setProperty(class org.apache.tomcat.util.modeler.ParameterInfo type=java.lang.String)
2019-12-06 11:18:41.504 DEBUG 7503 --- [kground-preinit] o.apache.tomcat.util.digester.Digester   :   Fire begin() for SetNextRule[methodName=addParameter, paramType=org.apache.tomcat.util.modeler.ParameterInfo]
2019-12-06 11:18:41.504 DEBUG 7503 --- [kground-preinit] o.a.tomcat.util.digester.Digester.sax    : endElement(,,parameter)
2019-12-06 11:18:41.504 DEBUG 7503 --- [kground-preinit] o.apache.tomcat.util.digester.Digester   :   match='mbeans-descriptors/mbean/operation/parameter'
2019-12-06 11:18:41.504 DEBUG 7503 --- [kground-preinit] o.apache.tomcat.util.digester.Digester   :   bodyText=''
2019-12-06 11:18:41.504 DEBUG 7503 --- [kground-preinit] o.apache.tomcat.util.digester.Digester   :   Fire body() for ObjectCreateRule[className=org.apache.tomcat.util.modeler.ParameterInfo, attributeName=null]
2019-12-06 11:18:41.504 DEBUG 7503 --- [kground-preinit] o.apache.tomcat.util.digester.Digester   :   Fire body() for SetPropertiesRule[]
2019-12-06 11:18:41.504 DEBUG 7503 --- [kground-preinit] o.apache.tomcat.util.digester.Digester   :   Fire body() for SetNextRule[methodName=addParameter, paramType=org.apache.tomcat.util.modeler.ParameterInfo]
2019-12-06 11:18:41.504 DEBUG 7503 --- [kground-preinit] o.apache.tomcat.util.digester.Digester   :   Fire end() for SetNextRule[methodName=addParameter, paramType=org.apache.tomcat.util.modeler.ParameterInfo]
2019-12-06 11:18:41.505 DEBUG 7503 --- [kground-preinit] o.apache.tomcat.util.digester.Digester   : [SetNextRule]{mbeans-descriptors/mbean/operation/parameter} Call org.apache.tomcat.util.modeler.OperationInfo.addParameter(org.apache.tomcat.util.modeler.ParameterInfo@40b4d628)
2019-12-06 11:18:41.505 DEBUG 7503 --- [kground-preinit] o.apache.tomcat.util.IntrospectionUtils  : IntrospectionUtils: callMethod1 org.apache.tomcat.util.modeler.OperationInfo org.apache.tomcat.util.modeler.ParameterInfo org.apache.tomcat.util.modeler.ParameterInfo
2019-12-06 11:18:41.505 DEBUG 7503 --- [kground-preinit] o.apache.tomcat.util.digester.Digester   :   Fire end() for SetPropertiesRule[]
2019-12-06 11:18:41.505 DEBUG 7503 --- [kground-preinit] o.apache.tomcat.util.digester.Digester   :   Fire end() for ObjectCreateRule[className=org.apache.tomcat.util.modeler.ParameterInfo, attributeName=null]
2019-12-06 11:18:41.505 DEBUG 7503 --- [kground-preinit] o.apache.tomcat.util.digester.Digester   : [ObjectCreateRule]{mbeans-descriptors/mbean/operation/parameter} Pop org.apache.tomcat.util.modeler.ParameterInfo
2019-12-06 11:18:41.505 DEBUG 7503 --- [kground-preinit] o.a.tomcat.util.digester.Digester.sax    : characters(
    )
2019-12-06 11:18:41.505 DEBUG 7503 --- [kground-preinit] o.a.tomcat.util.digester.Digester.sax    : endElement(,,operation)
2019-12-06 11:18:41.506 DEBUG 7503 --- [kground-preinit] o.apache.tomcat.util.digester.Digester   :   match='mbeans-descriptors/mbean/operation'
2019-12-06 11:18:41.506 DEBUG 7503 --- [kground-preinit] o.apache.tomcat.util.digester.Digester   :   bodyText='
      
    '
2019-12-06 11:18:41.506 DEBUG 7503 --- [kground-preinit] o.apache.tomcat.util.digester.Digester   :   Fire body() for ObjectCreateRule[className=org.apache.tomcat.util.modeler.OperationInfo, attributeName=null]
2019-12-06 11:18:41.506 DEBUG 7503 --- [kground-preinit] o.apache.tomcat.util.digester.Digester   :   Fire body() for SetPropertiesRule[]
2019-12-06 11:18:41.506 DEBUG 7503 --- [kground-preinit] o.apache.tomcat.util.digester.Digester   :   Fire body() for SetNextRule[methodName=addOperation, paramType=org.apache.tomcat.util.modeler.OperationInfo]
2019-12-06 11:18:41.506 DEBUG 7503 --- [kground-preinit] o.apache.tomcat.util.digester.Digester   :   Fire end() for SetNextRule[methodName=addOperation, paramType=org.apache.tomcat.util.modeler.OperationInfo]
2019-12-06 11:18:41.506 DEBUG 7503 --- [kground-preinit] o.apache.tomcat.util.digester.Digester   : [SetNextRule]{mbeans-descriptors/mbean/operation} Call org.apache.tomcat.util.modeler.ManagedBean.addOperation(org.apache.tomcat.util.modeler.OperationInfo@6c015c95)
2019-12-06 11:18:41.506 DEBUG 7503 --- [kground-preinit] o.apache.tomcat.util.IntrospectionUtils  : IntrospectionUtils: callMethod1 org.apache.tomcat.util.modeler.ManagedBean org.apache.tomcat.util.modeler.OperationInfo org.apache.tomcat.util.modeler.OperationInfo
2019-12-06 11:18:41.506 DEBUG 7503 --- [kground-preinit] o.apache.tomcat.util.digester.Digester   :   Fire end() for SetPropertiesRule[]
2019-12-06 11:18:41.506 DEBUG 7503 --- [kground-preinit] o.apache.tomcat.util.digester.Digester   :   Fire end() for ObjectCreateRule[className=org.apache.tomcat.util.modeler.OperationInfo, attributeName=null]
2019-12-06 11:18:41.507 DEBUG 7503 --- [kground-preinit] o.apache.tomcat.util.digester.Digester   : [ObjectCreateRule]{mbeans-descriptors/mbean/operation} Pop org.apache.tomcat.util.modeler.OperationInfo
2019-12-06 11:18:41.507 DEBUG 7503 --- [kground-preinit] o.a.tomcat.util.digester.Digester.sax    : characters(

    )
2019-12-06 11:18:41.507 DEBUG 7503 --- [kground-preinit] o.a.tomcat.util.digester.Digester.sax    : startElement(,,operation)
2019-12-06 11:18:41.507 DEBUG 7503 --- [kground-preinit] o.apache.tomcat.util.digester.Digester   :   New match='mbeans-descriptors/mbean/operation'
2019-12-06 11:18:41.507 DEBUG 7503 --- [kground-preinit] o.apache.tomcat.util.digester.Digester   :   Fire begin() for ObjectCreateRule[className=org.apache.tomcat.util.modeler.OperationInfo, attributeName=null]
2019-12-06 11:18:41.507 DEBUG 7503 --- [kground-preinit] o.apache.tomcat.util.digester.Digester   :   Fire begin() for SetPropertiesRule[]
2019-12-06 11:18:41.507 DEBUG 7503 --- [kground-preinit] o.apache.tomcat.util.digester.Digester   : [SetPropertiesRule]{mbeans-descriptors/mbean/operation} Set org.apache.tomcat.util.modeler.OperationInfo properties
2019-12-06 11:18:41.507 DEBUG 7503 --- [kground-preinit] o.apache.tomcat.util.digester.Digester   : [SetPropertiesRule]{mbeans-descriptors/mbean/operation} Setting property 'name' to 'addValve'
2019-12-06 11:18:41.507 DEBUG 7503 --- [kground-preinit] o.apache.tomcat.util.IntrospectionUtils  : IntrospectionUtils: setProperty(class org.apache.tomcat.util.modeler.OperationInfo name=addValve)
2019-12-06 11:18:41.507 DEBUG 7503 --- [kground-preinit] o.apache.tomcat.util.digester.Digester   : [SetPropertiesRule]{mbeans-descriptors/mbean/operation} Setting property 'description' to 'Add a valve to this Engine'
2019-12-06 11:18:41.507 DEBUG 7503 --- [kground-preinit] o.apache.tomcat.util.IntrospectionUtils  : IntrospectionUtils: setProperty(class org.apache.tomcat.util.modeler.OperationInfo description=Add a valve to this Engine)
2019-12-06 11:18:41.508 DEBUG 7503 --- [kground-preinit] o.apache.tomcat.util.digester.Digester   : [SetPropertiesRule]{mbeans-descriptors/mbean/operation} Setting property 'impact' to 'ACTION'
2019-12-06 11:18:41.508 DEBUG 7503 --- [kground-preinit] o.apache.tomcat.util.IntrospectionUtils  : IntrospectionUtils: setProperty(class org.apache.tomcat.util.modeler.OperationInfo impact=ACTION)
2019-12-06 11:18:41.508 DEBUG 7503 --- [kground-preinit] o.apache.tomcat.util.digester.Digester   : [SetPropertiesRule]{mbeans-descriptors/mbean/operation} Setting property 'returnType' to 'java.lang.String'
2019-12-06 11:18:41.508 DEBUG 7503 --- [kground-preinit] o.apache.tomcat.util.IntrospectionUtils  : IntrospectionUtils: setProperty(class org.apache.tomcat.util.modeler.OperationInfo returnType=java.lang.String)
2019-12-06 11:18:41.508 DEBUG 7503 --- [kground-preinit] o.apache.tomcat.util.digester.Digester   :   Fire begin() for SetNextRule[methodName=addOperation, paramType=org.apache.tomcat.util.modeler.OperationInfo]
2019-12-06 11:18:41.508 DEBUG 7503 --- [kground-preinit] o.a.tomcat.util.digester.Digester.sax    : characters(
      )
2019-12-06 11:18:41.508 DEBUG 7503 --- [kground-preinit] o.a.tomcat.util.digester.Digester.sax    : startElement(,,parameter)
2019-12-06 11:18:41.508 DEBUG 7503 --- [kground-preinit] o.apache.tomcat.util.digester.Digester   :   New match='mbeans-descriptors/mbean/operation/parameter'
2019-12-06 11:18:41.508 DEBUG 7503 --- [kground-preinit] o.apache.tomcat.util.digester.Digester   :   Fire begin() for ObjectCreateRule[className=org.apache.tomcat.util.modeler.ParameterInfo, attributeName=null]
2019-12-06 11:18:41.508 DEBUG 7503 --- [kground-preinit] o.apache.tomcat.util.digester.Digester   :   Fire begin() for SetPropertiesRule[]
2019-12-06 11:18:41.508 DEBUG 7503 --- [kground-preinit] o.apache.tomcat.util.digester.Digester   : [SetPropertiesRule]{mbeans-descriptors/mbean/operation/parameter} Set org.apache.tomcat.util.modeler.ParameterInfo properties
2019-12-06 11:18:41.509 DEBUG 7503 --- [kground-preinit] o.apache.tomcat.util.digester.Digester   : [SetPropertiesRule]{mbeans-descriptors/mbean/operation/parameter} Setting property 'name' to 'valveType'
2019-12-06 11:18:41.509 DEBUG 7503 --- [kground-preinit] o.apache.tomcat.util.IntrospectionUtils  : IntrospectionUtils: setProperty(class org.apache.tomcat.util.modeler.ParameterInfo name=valveType)
2019-12-06 11:18:41.509 DEBUG 7503 --- [kground-preinit] o.apache.tomcat.util.digester.Digester   : [SetPropertiesRule]{mbeans-descriptors/mbean/operation/parameter} Setting property 'description' to 'Type(classname) of the new valve to be added'
2019-12-06 11:18:41.509 DEBUG 7503 --- [kground-preinit] o.apache.tomcat.util.IntrospectionUtils  : IntrospectionUtils: setProperty(class org.apache.tomcat.util.modeler.ParameterInfo description=Type(classname) of the new valve to be added)
2019-12-06 11:18:41.509 DEBUG 7503 --- [kground-preinit] o.apache.tomcat.util.digester.Digester   : [SetPropertiesRule]{mbeans-descriptors/mbean/operation/parameter} Setting property 'type' to 'java.lang.String'
2019-12-06 11:18:41.509 DEBUG 7503 --- [kground-preinit] o.apache.tomcat.util.IntrospectionUtils  : IntrospectionUtils: setProperty(class org.apache.tomcat.util.modeler.ParameterInfo type=java.lang.String)
2019-12-06 11:18:41.509 DEBUG 7503 --- [kground-preinit] o.apache.tomcat.util.digester.Digester   :   Fire begin() for SetNextRule[methodName=addParameter, paramType=org.apache.tomcat.util.modeler.ParameterInfo]
2019-12-06 11:18:41.509 DEBUG 7503 --- [kground-preinit] o.a.tomcat.util.digester.Digester.sax    : endElement(,,parameter)
2019-12-06 11:18:41.509 DEBUG 7503 --- [kground-preinit] o.apache.tomcat.util.digester.Digester   :   match='mbeans-descriptors/mbean/operation/parameter'
2019-12-06 11:18:41.509 DEBUG 7503 --- [kground-preinit] o.apache.tomcat.util.digester.Digester   :   bodyText=''
2019-12-06 11:18:41.509 DEBUG 7503 --- [kground-preinit] o.apache.tomcat.util.digester.Digester   :   Fire body() for ObjectCreateRule[className=org.apache.tomcat.util.modeler.ParameterInfo, attributeName=null]
2019-12-06 11:18:41.510 DEBUG 7503 --- [kground-preinit] o.apache.tomcat.util.digester.Digester   :   Fire body() for SetPropertiesRule[]
2019-12-06 11:18:41.511 DEBUG 7503 --- [kground-preinit] o.apache.tomcat.util.digester.Digester   :   Fire body() for SetNextRule[methodName=addParameter, paramType=org.apache.tomcat.util.modeler.ParameterInfo]
2019-12-06 11:18:41.511 DEBUG 7503 --- [kground-preinit] o.apache.tomcat.util.digester.Digester   :   Fire end() for SetNextRule[methodName=addParameter, paramType=org.apache.tomcat.util.modeler.ParameterInfo]
2019-12-06 11:18:41.511 DEBUG 7503 --- [kground-preinit] o.apache.tomcat.util.digester.Digester   : [SetNextRule]{mbeans-descriptors/mbean/operation/parameter} Call org.apache.tomcat.util.modeler.OperationInfo.addParameter(org.apache.tomcat.util.modeler.ParameterInfo@e1984f2)
2019-12-06 11:18:41.511 DEBUG 7503 --- [kground-preinit] o.apache.tomcat.util.IntrospectionUtils  : IntrospectionUtils: callMethod1 org.apache.tomcat.util.modeler.OperationInfo org.apache.tomcat.util.modeler.ParameterInfo org.apache.tomcat.util.modeler.ParameterInfo
2019-12-06 11:18:41.511 DEBUG 7503 --- [kground-preinit] o.apache.tomcat.util.digester.Digester   :   Fire end() for SetPropertiesRule[]
2019-12-06 11:18:41.511 DEBUG 7503 --- [kground-preinit] o.apache.tomcat.util.digester.Digester   :   Fire end() for ObjectCreateRule[className=org.apache.tomcat.util.modeler.ParameterInfo, attributeName=null]
2019-12-06 11:18:41.512 DEBUG 7503 --- [kground-preinit] o.apache.tomcat.util.digester.Digester   : [ObjectCreateRule]{mbeans-descriptors/mbean/operation/parameter} Pop org.apache.tomcat.util.modeler.ParameterInfo
2019-12-06 11:18:41.512 DEBUG 7503 --- [kground-preinit] o.a.tomcat.util.digester.Digester.sax    : characters(
    )
2019-12-06 11:18:41.512 DEBUG 7503 --- [kground-preinit] o.a.tomcat.util.digester.Digester.sax    : endElement(,,operation)
2019-12-06 11:18:41.512 DEBUG 7503 --- [kground-preinit] o.apache.tomcat.util.digester.Digester   :   match='mbeans-descriptors/mbean/operation'
2019-12-06 11:18:41.512 DEBUG 7503 --- [kground-preinit] o.apache.tomcat.util.digester.Digester   :   bodyText='
      
    '
2019-12-06 11:18:41.512 DEBUG 7503 --- [kground-preinit] o.apache.tomcat.util.digester.Digester   :   Fire body() for ObjectCreateRule[className=org.apache.tomcat.util.modeler.OperationInfo, attributeName=null]
2019-12-06 11:18:41.512 DEBUG 7503 --- [kground-preinit] o.apache.tomcat.util.digester.Digester   :   Fire body() for SetPropertiesRule[]
2019-12-06 11:18:41.512 DEBUG 7503 --- [kground-preinit] o.apache.tomcat.util.digester.Digester   :   Fire body() for SetNextRule[methodName=addOperation, paramType=org.apache.tomcat.util.modeler.OperationInfo]
2019-12-06 11:18:41.512 DEBUG 7503 --- [kground-preinit] o.apache.tomcat.util.digester.Digester   :   Fire end() for SetNextRule[methodName=addOperation, paramType=org.apache.tomcat.util.modeler.OperationInfo]
2019-12-06 11:18:41.512 DEBUG 7503 --- [kground-preinit] o.apache.tomcat.util.digester.Digester   : [SetNextRule]{mbeans-descriptors/mbean/operation} Call org.apache.tomcat.util.modeler.ManagedBean.addOperation(org.apache.tomcat.util.modeler.OperationInfo@4726f951)
2019-12-06 11:18:41.512 DEBUG 7503 --- [kground-preinit] o.apache.tomcat.util.IntrospectionUtils  : IntrospectionUtils: callMethod1 org.apache.tomcat.util.modeler.ManagedBean org.apache.tomcat.util.modeler.OperationInfo org.apache.tomcat.util.modeler.OperationInfo
2019-12-06 11:18:41.512 DEBUG 7503 --- [kground-preinit] o.apache.tomcat.util.digester.Digester   :   Fire end() for SetPropertiesRule[]
2019-12-06 11:18:41.513 DEBUG 7503 --- [kground-preinit] o.apache.tomcat.util.digester.Digester   :   Fire end() for ObjectCreateRule[className=org.apache.tomcat.util.modeler.OperationInfo, attributeName=null]
2019-12-06 11:18:41.513 DEBUG 7503 --- [kground-preinit] o.apache.tomcat.util.digester.Digester   : [ObjectCreateRule]{mbeans-descriptors/mbean/operation} Pop org.apache.tomcat.util.modeler.OperationInfo
2019-12-06 11:18:41.513 DEBUG 7503 --- [kground-preinit] o.a.tomcat.util.digester.Digester.sax    : characters(

    )
2019-12-06 11:18:41.513 DEBUG 7503 --- [kground-preinit] o.a.tomcat.util.digester.Digester.sax    : startElement(,,operation)
2019-12-06 11:18:41.513 DEBUG 7503 --- [kground-preinit] o.apache.tomcat.util.digester.Digester   :   New match='mbeans-descriptors/mbean/operation'
2019-12-06 11:18:41.513 DEBUG 7503 --- [kground-preinit] o.apache.tomcat.util.digester.Digester   :   Fire begin() for ObjectCreateRule[className=org.apache.tomcat.util.modeler.OperationInfo, attributeName=null]
2019-12-06 11:18:41.513 DEBUG 7503 --- [kground-preinit] o.apache.tomcat.util.digester.Digester   :   Fire begin() for SetPropertiesRule[]
2019-12-06 11:18:41.513 DEBUG 7503 --- [kground-preinit] o.apache.tomcat.util.digester.Digester   : [SetPropertiesRule]{mbeans-descriptors/mbean/operation} Set org.apache.tomcat.util.modeler.OperationInfo properties
2019-12-06 11:18:41.513 DEBUG 7503 --- [kground-preinit] o.apache.tomcat.util.digester.Digester   : [SetPropertiesRule]{mbeans-descriptors/mbean/operation} Setting property 'name' to 'destroy'
2019-12-06 11:18:41.513 DEBUG 7503 --- [kground-preinit] o.apache.tomcat.util.IntrospectionUtils  : IntrospectionUtils: setProperty(class org.apache.tomcat.util.modeler.OperationInfo name=destroy)
2019-12-06 11:18:41.514 DEBUG 7503 --- [kground-preinit] o.apache.tomcat.util.digester.Digester   : [SetPropertiesRule]{mbeans-descriptors/mbean/operation} Setting property 'description' to 'Destroy'
2019-12-06 11:18:41.514 DEBUG 7503 --- [kground-preinit] o.apache.tomcat.util.IntrospectionUtils  : IntrospectionUtils: setProperty(class org.apache.tomcat.util.modeler.OperationInfo description=Destroy)
2019-12-06 11:18:41.514 DEBUG 7503 --- [kground-preinit] o.apache.tomcat.util.digester.Digester   : [SetPropertiesRule]{mbeans-descriptors/mbean/operation} Setting property 'impact' to 'ACTION'
2019-12-06 11:18:41.514 DEBUG 7503 --- [kground-preinit] o.apache.tomcat.util.IntrospectionUtils  : IntrospectionUtils: setProperty(class org.apache.tomcat.util.modeler.OperationInfo impact=ACTION)
2019-12-06 11:18:41.514 DEBUG 7503 --- [kground-preinit] o.apache.tomcat.util.digester.Digester   : [SetPropertiesRule]{mbeans-descriptors/mbean/operation} Setting property 'returnType' to 'void'
2019-12-06 11:18:41.514 DEBUG 7503 --- [kground-preinit] o.apache.tomcat.util.IntrospectionUtils  : IntrospectionUtils: setProperty(class org.apache.tomcat.util.modeler.OperationInfo returnType=void)
2019-12-06 11:18:41.514 DEBUG 7503 --- [kground-preinit] o.apache.tomcat.util.digester.Digester   :   Fire begin() for SetNextRule[methodName=addOperation, paramType=org.apache.tomcat.util.modeler.OperationInfo]
2019-12-06 11:18:41.514 DEBUG 7503 --- [kground-preinit] o.a.tomcat.util.digester.Digester.sax    : endElement(,,operation)
2019-12-06 11:18:41.514 DEBUG 7503 --- [kground-preinit] o.apache.tomcat.util.digester.Digester   :   match='mbeans-descriptors/mbean/operation'
2019-12-06 11:18:41.514 DEBUG 7503 --- [kground-preinit] o.apache.tomcat.util.digester.Digester   :   bodyText=''
2019-12-06 11:18:41.514 DEBUG 7503 --- [kground-preinit] o.apache.tomcat.util.digester.Digester   :   Fire body() for ObjectCreateRule[className=org.apache.tomcat.util.modeler.OperationInfo, attributeName=null]
2019-12-06 11:18:41.515 DEBUG 7503 --- [kground-preinit] o.apache.tomcat.util.digester.Digester   :   Fire body() for SetPropertiesRule[]
2019-12-06 11:18:41.515 DEBUG 7503 --- [kground-preinit] o.apache.tomcat.util.digester.Digester   :   Fire body() for SetNextRule[methodName=addOperation, paramType=org.apache.tomcat.util.modeler.OperationInfo]
2019-12-06 11:18:41.515 DEBUG 7503 --- [kground-preinit] o.apache.tomcat.util.digester.Digester   :   Fire end() for SetNextRule[methodName=addOperation, paramType=org.apache.tomcat.util.modeler.OperationInfo]
2019-12-06 11:18:41.515 DEBUG 7503 --- [kground-preinit] o.apache.tomcat.util.digester.Digester   : [SetNextRule]{mbeans-descriptors/mbean/operation} Call org.apache.tomcat.util.modeler.ManagedBean.addOperation(org.apache.tomcat.util.modeler.OperationInfo@2145620b)
2019-12-06 11:18:41.515 DEBUG 7503 --- [kground-preinit] o.apache.tomcat.util.IntrospectionUtils  : IntrospectionUtils: callMethod1 org.apache.tomcat.util.modeler.ManagedBean org.apache.tomcat.util.modeler.OperationInfo org.apache.tomcat.util.modeler.OperationInfo
2019-12-06 11:18:41.515 DEBUG 7503 --- [kground-preinit] o.apache.tomcat.util.digester.Digester   :   Fire end() for SetPropertiesRule[]
2019-12-06 11:18:41.515 DEBUG 7503 --- [kground-preinit] o.apache.tomcat.util.digester.Digester   :   Fire end() for ObjectCreateRule[className=org.apache.tomcat.util.modeler.OperationInfo, attributeName=null]
2019-12-06 11:18:41.515 DEBUG 7503 --- [kground-preinit] o.apache.tomcat.util.digester.Digester   : [ObjectCreateRule]{mbeans-descriptors/mbean/operation} Pop org.apache.tomcat.util.modeler.OperationInfo
2019-12-06 11:18:41.515 DEBUG 7503 --- [kground-preinit] o.a.tomcat.util.digester.Digester.sax    : characters(

    )
2019-12-06 11:18:41.516 DEBUG 7503 --- [kground-preinit] o.a.tomcat.util.digester.Digester.sax    : startElement(,,operation)
2019-12-06 11:18:41.516 DEBUG 7503 --- [kground-preinit] o.apache.tomcat.util.digester.Digester   :   New match='mbeans-descriptors/mbean/operation'
2019-12-06 11:18:41.516 DEBUG 7503 --- [kground-preinit] o.apache.tomcat.util.digester.Digester   :   Fire begin() for ObjectCreateRule[className=org.apache.tomcat.util.modeler.OperationInfo, attributeName=null]
2019-12-06 11:18:41.516 DEBUG 7503 --- [kground-preinit] o.apache.tomcat.util.digester.Digester   :   Fire begin() for SetPropertiesRule[]
2019-12-06 11:18:41.516 DEBUG 7503 --- [kground-preinit] o.apache.tomcat.util.digester.Digester   : [SetPropertiesRule]{mbeans-descriptors/mbean/operation} Set org.apache.tomcat.util.modeler.OperationInfo properties
2019-12-06 11:18:41.516 DEBUG 7503 --- [kground-preinit] o.apache.tomcat.util.digester.Digester   : [SetPropertiesRule]{mbeans-descriptors/mbean/operation} Setting property 'name' to 'init'
2019-12-06 11:18:41.517 DEBUG 7503 --- [kground-preinit] o.apache.tomcat.util.IntrospectionUtils  : IntrospectionUtils: setProperty(class org.apache.tomcat.util.modeler.OperationInfo name=init)
2019-12-06 11:18:41.517 DEBUG 7503 --- [kground-preinit] o.apache.tomcat.util.digester.Digester   : [SetPropertiesRule]{mbeans-descriptors/mbean/operation} Setting property 'description' to 'Init'
2019-12-06 11:18:41.517 DEBUG 7503 --- [kground-preinit] o.apache.tomcat.util.IntrospectionUtils  : IntrospectionUtils: setProperty(class org.apache.tomcat.util.modeler.OperationInfo description=Init)
2019-12-06 11:18:41.517 DEBUG 7503 --- [kground-preinit] o.apache.tomcat.util.digester.Digester   : [SetPropertiesRule]{mbeans-descriptors/mbean/operation} Setting property 'impact' to 'ACTION'
2019-12-06 11:18:41.518 DEBUG 7503 --- [kground-preinit] o.apache.tomcat.util.IntrospectionUtils  : IntrospectionUtils: setProperty(class org.apache.tomcat.util.modeler.OperationInfo impact=ACTION)
2019-12-06 11:18:41.518 DEBUG 7503 --- [kground-preinit] o.apache.tomcat.util.digester.Digester   : [SetPropertiesRule]{mbeans-descriptors/mbean/operation} Setting property 'returnType' to 'void'
2019-12-06 11:18:41.518 DEBUG 7503 --- [kground-preinit] o.apache.tomcat.util.IntrospectionUtils  : IntrospectionUtils: setProperty(class org.apache.tomcat.util.modeler.OperationInfo returnType=void)
2019-12-06 11:18:41.518 DEBUG 7503 --- [kground-preinit] o.apache.tomcat.util.digester.Digester   :   Fire begin() for SetNextRule[methodName=addOperation, paramType=org.apache.tomcat.util.modeler.OperationInfo]
2019-12-06 11:18:41.518 DEBUG 7503 --- [kground-preinit] o.a.tomcat.util.digester.Digester.sax    : endElement(,,operation)
2019-12-06 11:18:41.518 DEBUG 7503 --- [kground-preinit] o.apache.tomcat.util.digester.Digester   :   match='mbeans-descriptors/mbean/operation'
2019-12-06 11:18:41.518 DEBUG 7503 --- [kground-preinit] o.apache.tomcat.util.digester.Digester   :   bodyText=''
2019-12-06 11:18:41.518 DEBUG 7503 --- [kground-preinit] o.apache.tomcat.util.digester.Digester   :   Fire body() for ObjectCreateRule[className=org.apache.tomcat.util.modeler.OperationInfo, attributeName=null]
2019-12-06 11:18:41.518 DEBUG 7503 --- [kground-preinit] o.apache.tomcat.util.digester.Digester   :   Fire body() for SetPropertiesRule[]
2019-12-06 11:18:41.518 DEBUG 7503 --- [kground-preinit] o.apache.tomcat.util.digester.Digester   :   Fire body() for SetNextRule[methodName=addOperation, paramType=org.apache.tomcat.util.modeler.OperationInfo]
2019-12-06 11:18:41.519 DEBUG 7503 --- [kground-preinit] o.apache.tomcat.util.digester.Digester   :   Fire end() for SetNextRule[methodName=addOperation, paramType=org.apache.tomcat.util.modeler.OperationInfo]
2019-12-06 11:18:41.519 DEBUG 7503 --- [kground-preinit] o.apache.tomcat.util.digester.Digester   : [SetNextRule]{mbeans-descriptors/mbean/operation} Call org.apache.tomcat.util.modeler.ManagedBean.addOperation(org.apache.tomcat.util.modeler.OperationInfo@47c67742)
2019-12-06 11:18:41.519 DEBUG 7503 --- [kground-preinit] o.apache.tomcat.util.IntrospectionUtils  : IntrospectionUtils: callMethod1 org.apache.tomcat.util.modeler.ManagedBean org.apache.tomcat.util.modeler.OperationInfo org.apache.tomcat.util.modeler.OperationInfo
2019-12-06 11:18:41.519 DEBUG 7503 --- [kground-preinit] o.apache.tomcat.util.digester.Digester   :   Fire end() for SetPropertiesRule[]
2019-12-06 11:18:41.519 DEBUG 7503 --- [kground-preinit] o.apache.tomcat.util.digester.Digester   :   Fire end() for ObjectCreateRule[className=org.apache.tomcat.util.modeler.OperationInfo, attributeName=null]
2019-12-06 11:18:41.519 DEBUG 7503 --- [kground-preinit] o.apache.tomcat.util.digester.Digester   : [ObjectCreateRule]{mbeans-descriptors/mbean/operation} Pop org.apache.tomcat.util.modeler.OperationInfo
2019-12-06 11:18:41.519 DEBUG 7503 --- [kground-preinit] o.a.tomcat.util.digester.Digester.sax    : characters(

    )
2019-12-06 11:18:41.520 DEBUG 7503 --- [kground-preinit] o.a.tomcat.util.digester.Digester.sax    : startElement(,,operation)
2019-12-06 11:18:41.520 DEBUG 7503 --- [kground-preinit] o.apache.tomcat.util.digester.Digester   :   New match='mbeans-descriptors/mbean/operation'
2019-12-06 11:18:41.520 DEBUG 7503 --- [kground-preinit] o.apache.tomcat.util.digester.Digester   :   Fire begin() for ObjectCreateRule[className=org.apache.tomcat.util.modeler.OperationInfo, attributeName=null]
2019-12-06 11:18:41.520 DEBUG 7503 --- [kground-preinit] o.apache.tomcat.util.digester.Digester   :   Fire begin() for SetPropertiesRule[]
2019-12-06 11:18:41.520 DEBUG 7503 --- [kground-preinit] o.apache.tomcat.util.digester.Digester   : [SetPropertiesRule]{mbeans-descriptors/mbean/operation} Set org.apache.tomcat.util.modeler.OperationInfo properties
2019-12-06 11:18:41.520 DEBUG 7503 --- [kground-preinit] o.apache.tomcat.util.digester.Digester   : [SetPropertiesRule]{mbeans-descriptors/mbean/operation} Setting property 'name' to 'removeChild'
2019-12-06 11:18:41.520 DEBUG 7503 --- [kground-preinit] o.apache.tomcat.util.IntrospectionUtils  : IntrospectionUtils: setProperty(class org.apache.tomcat.util.modeler.OperationInfo name=removeChild)
2019-12-06 11:18:41.520 DEBUG 7503 --- [kground-preinit] o.apache.tomcat.util.digester.Digester   : [SetPropertiesRule]{mbeans-descriptors/mbean/operation} Setting property 'description' to 'Remove a child(Host) from this Engine'
2019-12-06 11:18:41.521 DEBUG 7503 --- [kground-preinit] o.apache.tomcat.util.IntrospectionUtils  : IntrospectionUtils: setProperty(class org.apache.tomcat.util.modeler.OperationInfo description=Remove a child(Host) from this Engine)
2019-12-06 11:18:41.521 DEBUG 7503 --- [kground-preinit] o.apache.tomcat.util.digester.Digester   : [SetPropertiesRule]{mbeans-descriptors/mbean/operation} Setting property 'impact' to 'ACTION'
2019-12-06 11:18:41.521 DEBUG 7503 --- [kground-preinit] o.apache.tomcat.util.IntrospectionUtils  : IntrospectionUtils: setProperty(class org.apache.tomcat.util.modeler.OperationInfo impact=ACTION)
2019-12-06 11:18:41.521 DEBUG 7503 --- [kground-preinit] o.apache.tomcat.util.digester.Digester   : [SetPropertiesRule]{mbeans-descriptors/mbean/operation} Setting property 'returnType' to 'void'
2019-12-06 11:18:41.521 DEBUG 7503 --- [kground-preinit] o.apache.tomcat.util.IntrospectionUtils  : IntrospectionUtils: setProperty(class org.apache.tomcat.util.modeler.OperationInfo returnType=void)
2019-12-06 11:18:41.521 DEBUG 7503 --- [kground-preinit] o.apache.tomcat.util.digester.Digester   :   Fire begin() for SetNextRule[methodName=addOperation, paramType=org.apache.tomcat.util.modeler.OperationInfo]
2019-12-06 11:18:41.521 DEBUG 7503 --- [    Test worker] o.s.b.f.s.DefaultListableBeanFactory     : Creating shared instance of singleton bean 'projectingArgumentResolverBeanPostProcessor'
2019-12-06 11:18:41.521 DEBUG 7503 --- [kground-preinit] o.a.tomcat.util.digester.Digester.sax    : characters(
      )
2019-12-06 11:18:41.521 DEBUG 7503 --- [kground-preinit] o.a.tomcat.util.digester.Digester.sax    : startElement(,,parameter)
2019-12-06 11:18:41.521 DEBUG 7503 --- [kground-preinit] o.apache.tomcat.util.digester.Digester   :   New match='mbeans-descriptors/mbean/operation/parameter'
2019-12-06 11:18:41.521 DEBUG 7503 --- [kground-preinit] o.apache.tomcat.util.digester.Digester   :   Fire begin() for ObjectCreateRule[className=org.apache.tomcat.util.modeler.ParameterInfo, attributeName=null]
2019-12-06 11:18:41.521 DEBUG 7503 --- [kground-preinit] o.apache.tomcat.util.digester.Digester   :   Fire begin() for SetPropertiesRule[]
2019-12-06 11:18:41.521 DEBUG 7503 --- [kground-preinit] o.apache.tomcat.util.digester.Digester   : [SetPropertiesRule]{mbeans-descriptors/mbean/operation/parameter} Set org.apache.tomcat.util.modeler.ParameterInfo properties
2019-12-06 11:18:41.522 DEBUG 7503 --- [kground-preinit] o.apache.tomcat.util.digester.Digester   : [SetPropertiesRule]{mbeans-descriptors/mbean/operation/parameter} Setting property 'name' to 'name'
2019-12-06 11:18:41.522 DEBUG 7503 --- [kground-preinit] o.apache.tomcat.util.IntrospectionUtils  : IntrospectionUtils: setProperty(class org.apache.tomcat.util.modeler.ParameterInfo name=name)
2019-12-06 11:18:41.522 DEBUG 7503 --- [kground-preinit] o.apache.tomcat.util.digester.Digester   : [SetPropertiesRule]{mbeans-descriptors/mbean/operation/parameter} Setting property 'description' to 'Name of the existing child Container to be removed'
2019-12-06 11:18:41.522 DEBUG 7503 --- [kground-preinit] o.apache.tomcat.util.IntrospectionUtils  : IntrospectionUtils: setProperty(class org.apache.tomcat.util.modeler.ParameterInfo description=Name of the existing child Container to be removed)
2019-12-06 11:18:41.522 DEBUG 7503 --- [kground-preinit] o.apache.tomcat.util.digester.Digester   : [SetPropertiesRule]{mbeans-descriptors/mbean/operation/parameter} Setting property 'type' to 'java.lang.String'
2019-12-06 11:18:41.522 DEBUG 7503 --- [kground-preinit] o.apache.tomcat.util.IntrospectionUtils  : IntrospectionUtils: setProperty(class org.apache.tomcat.util.modeler.ParameterInfo type=java.lang.String)
2019-12-06 11:18:41.522 DEBUG 7503 --- [kground-preinit] o.apache.tomcat.util.digester.Digester   :   Fire begin() for SetNextRule[methodName=addParameter, paramType=org.apache.tomcat.util.modeler.ParameterInfo]
2019-12-06 11:18:41.522 DEBUG 7503 --- [kground-preinit] o.a.tomcat.util.digester.Digester.sax    : endElement(,,parameter)
2019-12-06 11:18:41.522 DEBUG 7503 --- [kground-preinit] o.apache.tomcat.util.digester.Digester   :   match='mbeans-descriptors/mbean/operation/parameter'
2019-12-06 11:18:41.522 DEBUG 7503 --- [kground-preinit] o.apache.tomcat.util.digester.Digester   :   bodyText=''
2019-12-06 11:18:41.522 DEBUG 7503 --- [kground-preinit] o.apache.tomcat.util.digester.Digester   :   Fire body() for ObjectCreateRule[className=org.apache.tomcat.util.modeler.ParameterInfo, attributeName=null]
2019-12-06 11:18:41.523 DEBUG 7503 --- [kground-preinit] o.apache.tomcat.util.digester.Digester   :   Fire body() for SetPropertiesRule[]
2019-12-06 11:18:41.523 DEBUG 7503 --- [kground-preinit] o.apache.tomcat.util.digester.Digester   :   Fire body() for SetNextRule[methodName=addParameter, paramType=org.apache.tomcat.util.modeler.ParameterInfo]
2019-12-06 11:18:41.523 DEBUG 7503 --- [kground-preinit] o.apache.tomcat.util.digester.Digester   :   Fire end() for SetNextRule[methodName=addParameter, paramType=org.apache.tomcat.util.modeler.ParameterInfo]
2019-12-06 11:18:41.523 DEBUG 7503 --- [kground-preinit] o.apache.tomcat.util.digester.Digester   : [SetNextRule]{mbeans-descriptors/mbean/operation/parameter} Call org.apache.tomcat.util.modeler.OperationInfo.addParameter(org.apache.tomcat.util.modeler.ParameterInfo@53a555c)
2019-12-06 11:18:41.523 DEBUG 7503 --- [kground-preinit] o.apache.tomcat.util.IntrospectionUtils  : IntrospectionUtils: callMethod1 org.apache.tomcat.util.modeler.OperationInfo org.apache.tomcat.util.modeler.ParameterInfo org.apache.tomcat.util.modeler.ParameterInfo
2019-12-06 11:18:41.523 DEBUG 7503 --- [kground-preinit] o.apache.tomcat.util.digester.Digester   :   Fire end() for SetPropertiesRule[]
2019-12-06 11:18:41.523 DEBUG 7503 --- [kground-preinit] o.apache.tomcat.util.digester.Digester   :   Fire end() for ObjectCreateRule[className=org.apache.tomcat.util.modeler.ParameterInfo, attributeName=null]
2019-12-06 11:18:41.523 DEBUG 7503 --- [kground-preinit] o.apache.tomcat.util.digester.Digester   : [ObjectCreateRule]{mbeans-descriptors/mbean/operation/parameter} Pop org.apache.tomcat.util.modeler.ParameterInfo
2019-12-06 11:18:41.523 DEBUG 7503 --- [kground-preinit] o.a.tomcat.util.digester.Digester.sax    : characters(
    )
2019-12-06 11:18:41.523 DEBUG 7503 --- [kground-preinit] o.a.tomcat.util.digester.Digester.sax    : endElement(,,operation)
2019-12-06 11:18:41.523 DEBUG 7503 --- [kground-preinit] o.apache.tomcat.util.digester.Digester   :   match='mbeans-descriptors/mbean/operation'
2019-12-06 11:18:41.523 DEBUG 7503 --- [kground-preinit] o.apache.tomcat.util.digester.Digester   :   bodyText='
      
    '
2019-12-06 11:18:41.524 DEBUG 7503 --- [kground-preinit] o.apache.tomcat.util.digester.Digester   :   Fire body() for ObjectCreateRule[className=org.apache.tomcat.util.modeler.OperationInfo, attributeName=null]
2019-12-06 11:18:41.524 DEBUG 7503 --- [kground-preinit] o.apache.tomcat.util.digester.Digester   :   Fire body() for SetPropertiesRule[]
2019-12-06 11:18:41.524 DEBUG 7503 --- [kground-preinit] o.apache.tomcat.util.digester.Digester   :   Fire body() for SetNextRule[methodName=addOperation, paramType=org.apache.tomcat.util.modeler.OperationInfo]
2019-12-06 11:18:41.524 DEBUG 7503 --- [kground-preinit] o.apache.tomcat.util.digester.Digester   :   Fire end() for SetNextRule[methodName=addOperation, paramType=org.apache.tomcat.util.modeler.OperationInfo]
2019-12-06 11:18:41.524 DEBUG 7503 --- [kground-preinit] o.apache.tomcat.util.digester.Digester   : [SetNextRule]{mbeans-descriptors/mbean/operation} Call org.apache.tomcat.util.modeler.ManagedBean.addOperation(org.apache.tomcat.util.modeler.OperationInfo@75a6d8db)
2019-12-06 11:18:41.524 DEBUG 7503 --- [kground-preinit] o.apache.tomcat.util.IntrospectionUtils  : IntrospectionUtils: callMethod1 org.apache.tomcat.util.modeler.ManagedBean org.apache.tomcat.util.modeler.OperationInfo org.apache.tomcat.util.modeler.OperationInfo
2019-12-06 11:18:41.524 DEBUG 7503 --- [kground-preinit] o.apache.tomcat.util.digester.Digester   :   Fire end() for SetPropertiesRule[]
2019-12-06 11:18:41.524 DEBUG 7503 --- [kground-preinit] o.apache.tomcat.util.digester.Digester   :   Fire end() for ObjectCreateRule[className=org.apache.tomcat.util.modeler.OperationInfo, attributeName=null]
2019-12-06 11:18:41.524 DEBUG 7503 --- [kground-preinit] o.apache.tomcat.util.digester.Digester   : [ObjectCreateRule]{mbeans-descriptors/mbean/operation} Pop org.apache.tomcat.util.modeler.OperationInfo
2019-12-06 11:18:41.524 DEBUG 7503 --- [kground-preinit] o.a.tomcat.util.digester.Digester.sax    : characters(

    )
2019-12-06 11:18:41.524 DEBUG 7503 --- [kground-preinit] o.a.tomcat.util.digester.Digester.sax    : startElement(,,operation)
2019-12-06 11:18:41.524 DEBUG 7503 --- [kground-preinit] o.apache.tomcat.util.digester.Digester   :   New match='mbeans-descriptors/mbean/operation'
2019-12-06 11:18:41.524 DEBUG 7503 --- [kground-preinit] o.apache.tomcat.util.digester.Digester   :   Fire begin() for ObjectCreateRule[className=org.apache.tomcat.util.modeler.OperationInfo, attributeName=null]
2019-12-06 11:18:41.525 DEBUG 7503 --- [kground-preinit] o.apache.tomcat.util.digester.Digester   :   Fire begin() for SetPropertiesRule[]
2019-12-06 11:18:41.525 DEBUG 7503 --- [kground-preinit] o.apache.tomcat.util.digester.Digester   : [SetPropertiesRule]{mbeans-descriptors/mbean/operation} Set org.apache.tomcat.util.modeler.OperationInfo properties
2019-12-06 11:18:41.525 DEBUG 7503 --- [kground-preinit] o.apache.tomcat.util.digester.Digester   : [SetPropertiesRule]{mbeans-descriptors/mbean/operation} Setting property 'name' to 'removeLifecycleListeners'
2019-12-06 11:18:41.525 DEBUG 7503 --- [kground-preinit] o.apache.tomcat.util.IntrospectionUtils  : IntrospectionUtils: setProperty(class org.apache.tomcat.util.modeler.OperationInfo name=removeLifecycleListeners)
2019-12-06 11:18:41.525 DEBUG 7503 --- [kground-preinit] o.apache.tomcat.util.digester.Digester   : [SetPropertiesRule]{mbeans-descriptors/mbean/operation} Setting property 'description' to 'Removes lifecycle listeners of given class type from this Engine'
2019-12-06 11:18:41.525 DEBUG 7503 --- [kground-preinit] o.apache.tomcat.util.IntrospectionUtils  : IntrospectionUtils: setProperty(class org.apache.tomcat.util.modeler.OperationInfo description=Removes lifecycle listeners of given class type from this Engine)
2019-12-06 11:18:41.525 DEBUG 7503 --- [kground-preinit] o.apache.tomcat.util.digester.Digester   : [SetPropertiesRule]{mbeans-descriptors/mbean/operation} Setting property 'impact' to 'ACTION'
2019-12-06 11:18:41.525 DEBUG 7503 --- [kground-preinit] o.apache.tomcat.util.IntrospectionUtils  : IntrospectionUtils: setProperty(class org.apache.tomcat.util.modeler.OperationInfo impact=ACTION)
2019-12-06 11:18:41.525 DEBUG 7503 --- [kground-preinit] o.apache.tomcat.util.digester.Digester   : [SetPropertiesRule]{mbeans-descriptors/mbean/operation} Setting property 'returnType' to 'void'
2019-12-06 11:18:41.525 DEBUG 7503 --- [kground-preinit] o.apache.tomcat.util.IntrospectionUtils  : IntrospectionUtils: setProperty(class org.apache.tomcat.util.modeler.OperationInfo returnType=void)
2019-12-06 11:18:41.525 DEBUG 7503 --- [kground-preinit] o.apache.tomcat.util.digester.Digester   :   Fire begin() for SetNextRule[methodName=addOperation, paramType=org.apache.tomcat.util.modeler.OperationInfo]
2019-12-06 11:18:41.525 DEBUG 7503 --- [kground-preinit] o.a.tomcat.util.digester.Digester.sax    : characters(
      )
2019-12-06 11:18:41.526 DEBUG 7503 --- [kground-preinit] o.a.tomcat.util.digester.Digester.sax    : startElement(,,parameter)
2019-12-06 11:18:41.526 DEBUG 7503 --- [kground-preinit] o.apache.tomcat.util.digester.Digester   :   New match='mbeans-descriptors/mbean/operation/parameter'
2019-12-06 11:18:41.526 DEBUG 7503 --- [kground-preinit] o.apache.tomcat.util.digester.Digester   :   Fire begin() for ObjectCreateRule[className=org.apache.tomcat.util.modeler.ParameterInfo, attributeName=null]
2019-12-06 11:18:41.526 DEBUG 7503 --- [kground-preinit] o.apache.tomcat.util.digester.Digester   :   Fire begin() for SetPropertiesRule[]
2019-12-06 11:18:41.526 DEBUG 7503 --- [kground-preinit] o.apache.tomcat.util.digester.Digester   : [SetPropertiesRule]{mbeans-descriptors/mbean/operation/parameter} Set org.apache.tomcat.util.modeler.ParameterInfo properties
2019-12-06 11:18:41.526 DEBUG 7503 --- [kground-preinit] o.apache.tomcat.util.digester.Digester   : [SetPropertiesRule]{mbeans-descriptors/mbean/operation/parameter} Setting property 'name' to 'listener'
2019-12-06 11:18:41.526 DEBUG 7503 --- [kground-preinit] o.apache.tomcat.util.IntrospectionUtils  : IntrospectionUtils: setProperty(class org.apache.tomcat.util.modeler.ParameterInfo name=listener)
2019-12-06 11:18:41.526 DEBUG 7503 --- [kground-preinit] o.apache.tomcat.util.digester.Digester   : [SetPropertiesRule]{mbeans-descriptors/mbean/operation/parameter} Setting property 'description' to 'Type(classname) of the lifecycle listeners to be removed'
2019-12-06 11:18:41.526 DEBUG 7503 --- [kground-preinit] o.apache.tomcat.util.IntrospectionUtils  : IntrospectionUtils: setProperty(class org.apache.tomcat.util.modeler.ParameterInfo description=Type(classname) of the lifecycle listeners to be removed)
2019-12-06 11:18:41.526 DEBUG 7503 --- [kground-preinit] o.apache.tomcat.util.digester.Digester   : [SetPropertiesRule]{mbeans-descriptors/mbean/operation/parameter} Setting property 'type' to 'java.lang.String'
2019-12-06 11:18:41.526 DEBUG 7503 --- [kground-preinit] o.apache.tomcat.util.IntrospectionUtils  : IntrospectionUtils: setProperty(class org.apache.tomcat.util.modeler.ParameterInfo type=java.lang.String)
2019-12-06 11:18:41.526 DEBUG 7503 --- [kground-preinit] o.apache.tomcat.util.digester.Digester   :   Fire begin() for SetNextRule[methodName=addParameter, paramType=org.apache.tomcat.util.modeler.ParameterInfo]
2019-12-06 11:18:41.527 DEBUG 7503 --- [kground-preinit] o.a.tomcat.util.digester.Digester.sax    : endElement(,,parameter)
2019-12-06 11:18:41.527 DEBUG 7503 --- [kground-preinit] o.apache.tomcat.util.digester.Digester   :   match='mbeans-descriptors/mbean/operation/parameter'
2019-12-06 11:18:41.527 DEBUG 7503 --- [kground-preinit] o.apache.tomcat.util.digester.Digester   :   bodyText=''
2019-12-06 11:18:41.527 DEBUG 7503 --- [kground-preinit] o.apache.tomcat.util.digester.Digester   :   Fire body() for ObjectCreateRule[className=org.apache.tomcat.util.modeler.ParameterInfo, attributeName=null]
2019-12-06 11:18:41.527 DEBUG 7503 --- [kground-preinit] o.apache.tomcat.util.digester.Digester   :   Fire body() for SetPropertiesRule[]
2019-12-06 11:18:41.527 DEBUG 7503 --- [kground-preinit] o.apache.tomcat.util.digester.Digester   :   Fire body() for SetNextRule[methodName=addParameter, paramType=org.apache.tomcat.util.modeler.ParameterInfo]
2019-12-06 11:18:41.528 DEBUG 7503 --- [kground-preinit] o.apache.tomcat.util.digester.Digester   :   Fire end() for SetNextRule[methodName=addParameter, paramType=org.apache.tomcat.util.modeler.ParameterInfo]
2019-12-06 11:18:41.528 DEBUG 7503 --- [kground-preinit] o.apache.tomcat.util.digester.Digester   : [SetNextRule]{mbeans-descriptors/mbean/operation/parameter} Call org.apache.tomcat.util.modeler.OperationInfo.addParameter(org.apache.tomcat.util.modeler.ParameterInfo@7ff9a95e)
2019-12-06 11:18:41.528 DEBUG 7503 --- [kground-preinit] o.apache.tomcat.util.IntrospectionUtils  : IntrospectionUtils: callMethod1 org.apache.tomcat.util.modeler.OperationInfo org.apache.tomcat.util.modeler.ParameterInfo org.apache.tomcat.util.modeler.ParameterInfo
2019-12-06 11:18:41.528 DEBUG 7503 --- [kground-preinit] o.apache.tomcat.util.digester.Digester   :   Fire end() for SetPropertiesRule[]
2019-12-06 11:18:41.528 DEBUG 7503 --- [kground-preinit] o.apache.tomcat.util.digester.Digester   :   Fire end() for ObjectCreateRule[className=org.apache.tomcat.util.modeler.ParameterInfo, attributeName=null]
2019-12-06 11:18:41.528 DEBUG 7503 --- [kground-preinit] o.apache.tomcat.util.digester.Digester   : [ObjectCreateRule]{mbeans-descriptors/mbean/operation/parameter} Pop org.apache.tomcat.util.modeler.ParameterInfo
2019-12-06 11:18:41.529 DEBUG 7503 --- [kground-preinit] o.a.tomcat.util.digester.Digester.sax    : characters(
    )
2019-12-06 11:18:41.529 DEBUG 7503 --- [kground-preinit] o.a.tomcat.util.digester.Digester.sax    : endElement(,,operation)
2019-12-06 11:18:41.529 DEBUG 7503 --- [kground-preinit] o.apache.tomcat.util.digester.Digester   :   match='mbeans-descriptors/mbean/operation'
2019-12-06 11:18:41.529 DEBUG 7503 --- [kground-preinit] o.apache.tomcat.util.digester.Digester   :   bodyText='
      
    '
2019-12-06 11:18:41.529 DEBUG 7503 --- [kground-preinit] o.apache.tomcat.util.digester.Digester   :   Fire body() for ObjectCreateRule[className=org.apache.tomcat.util.modeler.OperationInfo, attributeName=null]
2019-12-06 11:18:41.529 DEBUG 7503 --- [kground-preinit] o.apache.tomcat.util.digester.Digester   :   Fire body() for SetPropertiesRule[]
2019-12-06 11:18:41.529 DEBUG 7503 --- [kground-preinit] o.apache.tomcat.util.digester.Digester   :   Fire body() for SetNextRule[methodName=addOperation, paramType=org.apache.tomcat.util.modeler.OperationInfo]
2019-12-06 11:18:41.529 DEBUG 7503 --- [kground-preinit] o.apache.tomcat.util.digester.Digester   :   Fire end() for SetNextRule[methodName=addOperation, paramType=org.apache.tomcat.util.modeler.OperationInfo]
2019-12-06 11:18:41.529 DEBUG 7503 --- [kground-preinit] o.apache.tomcat.util.digester.Digester   : [SetNextRule]{mbeans-descriptors/mbean/operation} Call org.apache.tomcat.util.modeler.ManagedBean.addOperation(org.apache.tomcat.util.modeler.OperationInfo@bf1ad84)
2019-12-06 11:18:41.529 DEBUG 7503 --- [kground-preinit] o.apache.tomcat.util.IntrospectionUtils  : IntrospectionUtils: callMethod1 org.apache.tomcat.util.modeler.ManagedBean org.apache.tomcat.util.modeler.OperationInfo org.apache.tomcat.util.modeler.OperationInfo
2019-12-06 11:18:41.529 DEBUG 7503 --- [kground-preinit] o.apache.tomcat.util.digester.Digester   :   Fire end() for SetPropertiesRule[]
2019-12-06 11:18:41.529 DEBUG 7503 --- [kground-preinit] o.apache.tomcat.util.digester.Digester   :   Fire end() for ObjectCreateRule[className=org.apache.tomcat.util.modeler.OperationInfo, attributeName=null]
2019-12-06 11:18:41.529 DEBUG 7503 --- [kground-preinit] o.apache.tomcat.util.digester.Digester   : [ObjectCreateRule]{mbeans-descriptors/mbean/operation} Pop org.apache.tomcat.util.modeler.OperationInfo
2019-12-06 11:18:41.530 DEBUG 7503 --- [kground-preinit] o.a.tomcat.util.digester.Digester.sax    : characters(

    )
2019-12-06 11:18:41.530 DEBUG 7503 --- [kground-preinit] o.a.tomcat.util.digester.Digester.sax    : startElement(,,operation)
2019-12-06 11:18:41.530 DEBUG 7503 --- [kground-preinit] o.apache.tomcat.util.digester.Digester   :   New match='mbeans-descriptors/mbean/operation'
2019-12-06 11:18:41.530 DEBUG 7503 --- [kground-preinit] o.apache.tomcat.util.digester.Digester   :   Fire begin() for ObjectCreateRule[className=org.apache.tomcat.util.modeler.OperationInfo, attributeName=null]
2019-12-06 11:18:41.530 DEBUG 7503 --- [kground-preinit] o.apache.tomcat.util.digester.Digester   :   Fire begin() for SetPropertiesRule[]
2019-12-06 11:18:41.530 DEBUG 7503 --- [kground-preinit] o.apache.tomcat.util.digester.Digester   : [SetPropertiesRule]{mbeans-descriptors/mbean/operation} Set org.apache.tomcat.util.modeler.OperationInfo properties
2019-12-06 11:18:41.530 DEBUG 7503 --- [kground-preinit] o.apache.tomcat.util.digester.Digester   : [SetPropertiesRule]{mbeans-descriptors/mbean/operation} Setting property 'name' to 'removeValve'
2019-12-06 11:18:41.530 DEBUG 7503 --- [kground-preinit] o.apache.tomcat.util.IntrospectionUtils  : IntrospectionUtils: setProperty(class org.apache.tomcat.util.modeler.OperationInfo name=removeValve)
2019-12-06 11:18:41.530 DEBUG 7503 --- [kground-preinit] o.apache.tomcat.util.digester.Digester   : [SetPropertiesRule]{mbeans-descriptors/mbean/operation} Setting property 'description' to 'Remove a valve from this Engine'
2019-12-06 11:18:41.530 DEBUG 7503 --- [kground-preinit] o.apache.tomcat.util.IntrospectionUtils  : IntrospectionUtils: setProperty(class org.apache.tomcat.util.modeler.OperationInfo description=Remove a valve from this Engine)
2019-12-06 11:18:41.530 DEBUG 7503 --- [kground-preinit] o.apache.tomcat.util.digester.Digester   : [SetPropertiesRule]{mbeans-descriptors/mbean/operation} Setting property 'impact' to 'ACTION'
2019-12-06 11:18:41.530 DEBUG 7503 --- [kground-preinit] o.apache.tomcat.util.IntrospectionUtils  : IntrospectionUtils: setProperty(class org.apache.tomcat.util.modeler.OperationInfo impact=ACTION)
2019-12-06 11:18:41.530 DEBUG 7503 --- [kground-preinit] o.apache.tomcat.util.digester.Digester   : [SetPropertiesRule]{mbeans-descriptors/mbean/operation} Setting property 'returnType' to 'void'
2019-12-06 11:18:41.530 DEBUG 7503 --- [kground-preinit] o.apache.tomcat.util.IntrospectionUtils  : IntrospectionUtils: setProperty(class org.apache.tomcat.util.modeler.OperationInfo returnType=void)
2019-12-06 11:18:41.530 DEBUG 7503 --- [kground-preinit] o.apache.tomcat.util.digester.Digester   :   Fire begin() for SetNextRule[methodName=addOperation, paramType=org.apache.tomcat.util.modeler.OperationInfo]
2019-12-06 11:18:41.530 DEBUG 7503 --- [kground-preinit] o.a.tomcat.util.digester.Digester.sax    : characters(
      )
2019-12-06 11:18:41.531 DEBUG 7503 --- [kground-preinit] o.a.tomcat.util.digester.Digester.sax    : startElement(,,parameter)
2019-12-06 11:18:41.531 DEBUG 7503 --- [kground-preinit] o.apache.tomcat.util.digester.Digester   :   New match='mbeans-descriptors/mbean/operation/parameter'
2019-12-06 11:18:41.531 DEBUG 7503 --- [kground-preinit] o.apache.tomcat.util.digester.Digester   :   Fire begin() for ObjectCreateRule[className=org.apache.tomcat.util.modeler.ParameterInfo, attributeName=null]
2019-12-06 11:18:41.531 DEBUG 7503 --- [kground-preinit] o.apache.tomcat.util.digester.Digester   :   Fire begin() for SetPropertiesRule[]
2019-12-06 11:18:41.531 DEBUG 7503 --- [kground-preinit] o.apache.tomcat.util.digester.Digester   : [SetPropertiesRule]{mbeans-descriptors/mbean/operation/parameter} Set org.apache.tomcat.util.modeler.ParameterInfo properties
2019-12-06 11:18:41.531 DEBUG 7503 --- [kground-preinit] o.apache.tomcat.util.digester.Digester   : [SetPropertiesRule]{mbeans-descriptors/mbean/operation/parameter} Setting property 'name' to 'valveName'
2019-12-06 11:18:41.531 DEBUG 7503 --- [kground-preinit] o.apache.tomcat.util.IntrospectionUtils  : IntrospectionUtils: setProperty(class org.apache.tomcat.util.modeler.ParameterInfo name=valveName)
2019-12-06 11:18:41.531 DEBUG 7503 --- [kground-preinit] o.apache.tomcat.util.digester.Digester   : [SetPropertiesRule]{mbeans-descriptors/mbean/operation/parameter} Setting property 'description' to 'Objectname of the valve to be removed'
2019-12-06 11:18:41.531 DEBUG 7503 --- [kground-preinit] o.apache.tomcat.util.IntrospectionUtils  : IntrospectionUtils: setProperty(class org.apache.tomcat.util.modeler.ParameterInfo description=Objectname of the valve to be removed)
2019-12-06 11:18:41.531 DEBUG 7503 --- [kground-preinit] o.apache.tomcat.util.digester.Digester   : [SetPropertiesRule]{mbeans-descriptors/mbean/operation/parameter} Setting property 'type' to 'java.lang.String'
2019-12-06 11:18:41.531 DEBUG 7503 --- [kground-preinit] o.apache.tomcat.util.IntrospectionUtils  : IntrospectionUtils: setProperty(class org.apache.tomcat.util.modeler.ParameterInfo type=java.lang.String)
2019-12-06 11:18:41.531 DEBUG 7503 --- [kground-preinit] o.apache.tomcat.util.digester.Digester   :   Fire begin() for SetNextRule[methodName=addParameter, paramType=org.apache.tomcat.util.modeler.ParameterInfo]
2019-12-06 11:18:41.532 DEBUG 7503 --- [kground-preinit] o.a.tomcat.util.digester.Digester.sax    : endElement(,,parameter)
2019-12-06 11:18:41.532 DEBUG 7503 --- [kground-preinit] o.apache.tomcat.util.digester.Digester   :   match='mbeans-descriptors/mbean/operation/parameter'
2019-12-06 11:18:41.532 DEBUG 7503 --- [kground-preinit] o.apache.tomcat.util.digester.Digester   :   bodyText=''
2019-12-06 11:18:41.532 DEBUG 7503 --- [kground-preinit] o.apache.tomcat.util.digester.Digester   :   Fire body() for ObjectCreateRule[className=org.apache.tomcat.util.modeler.ParameterInfo, attributeName=null]
2019-12-06 11:18:41.532 DEBUG 7503 --- [kground-preinit] o.apache.tomcat.util.digester.Digester   :   Fire body() for SetPropertiesRule[]
2019-12-06 11:18:41.532 DEBUG 7503 --- [kground-preinit] o.apache.tomcat.util.digester.Digester   :   Fire body() for SetNextRule[methodName=addParameter, paramType=org.apache.tomcat.util.modeler.ParameterInfo]
2019-12-06 11:18:41.532 DEBUG 7503 --- [kground-preinit] o.apache.tomcat.util.digester.Digester   :   Fire end() for SetNextRule[methodName=addParameter, paramType=org.apache.tomcat.util.modeler.ParameterInfo]
2019-12-06 11:18:41.532 DEBUG 7503 --- [kground-preinit] o.apache.tomcat.util.digester.Digester   : [SetNextRule]{mbeans-descriptors/mbean/operation/parameter} Call org.apache.tomcat.util.modeler.OperationInfo.addParameter(org.apache.tomcat.util.modeler.ParameterInfo@5c369913)
2019-12-06 11:18:41.532 DEBUG 7503 --- [kground-preinit] o.apache.tomcat.util.IntrospectionUtils  : IntrospectionUtils: callMethod1 org.apache.tomcat.util.modeler.OperationInfo org.apache.tomcat.util.modeler.ParameterInfo org.apache.tomcat.util.modeler.ParameterInfo
2019-12-06 11:18:41.532 DEBUG 7503 --- [kground-preinit] o.apache.tomcat.util.digester.Digester   :   Fire end() for SetPropertiesRule[]
2019-12-06 11:18:41.532 DEBUG 7503 --- [kground-preinit] o.apache.tomcat.util.digester.Digester   :   Fire end() for ObjectCreateRule[className=org.apache.tomcat.util.modeler.ParameterInfo, attributeName=null]
2019-12-06 11:18:41.532 DEBUG 7503 --- [kground-preinit] o.apache.tomcat.util.digester.Digester   : [ObjectCreateRule]{mbeans-descriptors/mbean/operation/parameter} Pop org.apache.tomcat.util.modeler.ParameterInfo
2019-12-06 11:18:41.532 DEBUG 7503 --- [kground-preinit] o.a.tomcat.util.digester.Digester.sax    : characters(
    )
2019-12-06 11:18:41.532 DEBUG 7503 --- [kground-preinit] o.a.tomcat.util.digester.Digester.sax    : endElement(,,operation)
2019-12-06 11:18:41.533 DEBUG 7503 --- [kground-preinit] o.apache.tomcat.util.digester.Digester   :   match='mbeans-descriptors/mbean/operation'
2019-12-06 11:18:41.533 DEBUG 7503 --- [kground-preinit] o.apache.tomcat.util.digester.Digester   :   bodyText='
      
    '
2019-12-06 11:18:41.533 DEBUG 7503 --- [kground-preinit] o.apache.tomcat.util.digester.Digester   :   Fire body() for ObjectCreateRule[className=org.apache.tomcat.util.modeler.OperationInfo, attributeName=null]
2019-12-06 11:18:41.533 DEBUG 7503 --- [kground-preinit] o.apache.tomcat.util.digester.Digester   :   Fire body() for SetPropertiesRule[]
2019-12-06 11:18:41.533 DEBUG 7503 --- [kground-preinit] o.apache.tomcat.util.digester.Digester   :   Fire body() for SetNextRule[methodName=addOperation, paramType=org.apache.tomcat.util.modeler.OperationInfo]
2019-12-06 11:18:41.533 DEBUG 7503 --- [kground-preinit] o.apache.tomcat.util.digester.Digester   :   Fire end() for SetNextRule[methodName=addOperation, paramType=org.apache.tomcat.util.modeler.OperationInfo]
2019-12-06 11:18:41.533 DEBUG 7503 --- [kground-preinit] o.apache.tomcat.util.digester.Digester   : [SetNextRule]{mbeans-descriptors/mbean/operation} Call org.apache.tomcat.util.modeler.ManagedBean.addOperation(org.apache.tomcat.util.modeler.OperationInfo@1f95e24e)
2019-12-06 11:18:41.533 DEBUG 7503 --- [kground-preinit] o.apache.tomcat.util.IntrospectionUtils  : IntrospectionUtils: callMethod1 org.apache.tomcat.util.modeler.ManagedBean org.apache.tomcat.util.modeler.OperationInfo org.apache.tomcat.util.modeler.OperationInfo
2019-12-06 11:18:41.533 DEBUG 7503 --- [kground-preinit] o.apache.tomcat.util.digester.Digester   :   Fire end() for SetPropertiesRule[]
2019-12-06 11:18:41.533 DEBUG 7503 --- [kground-preinit] o.apache.tomcat.util.digester.Digester   :   Fire end() for ObjectCreateRule[className=org.apache.tomcat.util.modeler.OperationInfo, attributeName=null]
2019-12-06 11:18:41.533 DEBUG 7503 --- [kground-preinit] o.apache.tomcat.util.digester.Digester   : [ObjectCreateRule]{mbeans-descriptors/mbean/operation} Pop org.apache.tomcat.util.modeler.OperationInfo
2019-12-06 11:18:41.533 DEBUG 7503 --- [kground-preinit] o.a.tomcat.util.digester.Digester.sax    : characters(

    )
2019-12-06 11:18:41.533 DEBUG 7503 --- [kground-preinit] o.a.tomcat.util.digester.Digester.sax    : startElement(,,operation)
2019-12-06 11:18:41.533 DEBUG 7503 --- [kground-preinit] o.apache.tomcat.util.digester.Digester   :   New match='mbeans-descriptors/mbean/operation'
2019-12-06 11:18:41.534 DEBUG 7503 --- [kground-preinit] o.apache.tomcat.util.digester.Digester   :   Fire begin() for ObjectCreateRule[className=org.apache.tomcat.util.modeler.OperationInfo, attributeName=null]
2019-12-06 11:18:41.534 DEBUG 7503 --- [kground-preinit] o.apache.tomcat.util.digester.Digester   :   Fire begin() for SetPropertiesRule[]
2019-12-06 11:18:41.534 DEBUG 7503 --- [kground-preinit] o.apache.tomcat.util.digester.Digester   : [SetPropertiesRule]{mbeans-descriptors/mbean/operation} Set org.apache.tomcat.util.modeler.OperationInfo properties
2019-12-06 11:18:41.534 DEBUG 7503 --- [kground-preinit] o.apache.tomcat.util.digester.Digester   : [SetPropertiesRule]{mbeans-descriptors/mbean/operation} Setting property 'name' to 'start'
2019-12-06 11:18:41.534 DEBUG 7503 --- [kground-preinit] o.apache.tomcat.util.IntrospectionUtils  : IntrospectionUtils: setProperty(class org.apache.tomcat.util.modeler.OperationInfo name=start)
2019-12-06 11:18:41.534 DEBUG 7503 --- [kground-preinit] o.apache.tomcat.util.digester.Digester   : [SetPropertiesRule]{mbeans-descriptors/mbean/operation} Setting property 'description' to 'Start'
2019-12-06 11:18:41.534 DEBUG 7503 --- [kground-preinit] o.apache.tomcat.util.IntrospectionUtils  : IntrospectionUtils: setProperty(class org.apache.tomcat.util.modeler.OperationInfo description=Start)
2019-12-06 11:18:41.534 DEBUG 7503 --- [kground-preinit] o.apache.tomcat.util.digester.Digester   : [SetPropertiesRule]{mbeans-descriptors/mbean/operation} Setting property 'impact' to 'ACTION'
2019-12-06 11:18:41.534 DEBUG 7503 --- [kground-preinit] o.apache.tomcat.util.IntrospectionUtils  : IntrospectionUtils: setProperty(class org.apache.tomcat.util.modeler.OperationInfo impact=ACTION)
2019-12-06 11:18:41.534 DEBUG 7503 --- [kground-preinit] o.apache.tomcat.util.digester.Digester   : [SetPropertiesRule]{mbeans-descriptors/mbean/operation} Setting property 'returnType' to 'void'
2019-12-06 11:18:41.534 DEBUG 7503 --- [kground-preinit] o.apache.tomcat.util.IntrospectionUtils  : IntrospectionUtils: setProperty(class org.apache.tomcat.util.modeler.OperationInfo returnType=void)
2019-12-06 11:18:41.534 DEBUG 7503 --- [kground-preinit] o.apache.tomcat.util.digester.Digester   :   Fire begin() for SetNextRule[methodName=addOperation, paramType=org.apache.tomcat.util.modeler.OperationInfo]
2019-12-06 11:18:41.534 DEBUG 7503 --- [kground-preinit] o.a.tomcat.util.digester.Digester.sax    : endElement(,,operation)
2019-12-06 11:18:41.534 DEBUG 7503 --- [kground-preinit] o.apache.tomcat.util.digester.Digester   :   match='mbeans-descriptors/mbean/operation'
2019-12-06 11:18:41.535 DEBUG 7503 --- [kground-preinit] o.apache.tomcat.util.digester.Digester   :   bodyText=''
2019-12-06 11:18:41.535 DEBUG 7503 --- [kground-preinit] o.apache.tomcat.util.digester.Digester   :   Fire body() for ObjectCreateRule[className=org.apache.tomcat.util.modeler.OperationInfo, attributeName=null]
2019-12-06 11:18:41.535 DEBUG 7503 --- [kground-preinit] o.apache.tomcat.util.digester.Digester   :   Fire body() for SetPropertiesRule[]
2019-12-06 11:18:41.535 DEBUG 7503 --- [kground-preinit] o.apache.tomcat.util.digester.Digester   :   Fire body() for SetNextRule[methodName=addOperation, paramType=org.apache.tomcat.util.modeler.OperationInfo]
2019-12-06 11:18:41.535 DEBUG 7503 --- [kground-preinit] o.apache.tomcat.util.digester.Digester   :   Fire end() for SetNextRule[methodName=addOperation, paramType=org.apache.tomcat.util.modeler.OperationInfo]
2019-12-06 11:18:41.535 DEBUG 7503 --- [kground-preinit] o.apache.tomcat.util.digester.Digester   : [SetNextRule]{mbeans-descriptors/mbean/operation} Call org.apache.tomcat.util.modeler.ManagedBean.addOperation(org.apache.tomcat.util.modeler.OperationInfo@2d140bbb)
2019-12-06 11:18:41.535 DEBUG 7503 --- [kground-preinit] o.apache.tomcat.util.IntrospectionUtils  : IntrospectionUtils: callMethod1 org.apache.tomcat.util.modeler.ManagedBean org.apache.tomcat.util.modeler.OperationInfo org.apache.tomcat.util.modeler.OperationInfo
2019-12-06 11:18:41.535 DEBUG 7503 --- [kground-preinit] o.apache.tomcat.util.digester.Digester   :   Fire end() for SetPropertiesRule[]
2019-12-06 11:18:41.535 DEBUG 7503 --- [kground-preinit] o.apache.tomcat.util.digester.Digester   :   Fire end() for ObjectCreateRule[className=org.apache.tomcat.util.modeler.OperationInfo, attributeName=null]
2019-12-06 11:18:41.535 DEBUG 7503 --- [kground-preinit] o.apache.tomcat.util.digester.Digester   : [ObjectCreateRule]{mbeans-descriptors/mbean/operation} Pop org.apache.tomcat.util.modeler.OperationInfo
2019-12-06 11:18:41.535 DEBUG 7503 --- [kground-preinit] o.a.tomcat.util.digester.Digester.sax    : characters(

    )
2019-12-06 11:18:41.535 DEBUG 7503 --- [kground-preinit] o.a.tomcat.util.digester.Digester.sax    : startElement(,,operation)
2019-12-06 11:18:41.535 DEBUG 7503 --- [kground-preinit] o.apache.tomcat.util.digester.Digester   :   New match='mbeans-descriptors/mbean/operation'
2019-12-06 11:18:41.535 DEBUG 7503 --- [kground-preinit] o.apache.tomcat.util.digester.Digester   :   Fire begin() for ObjectCreateRule[className=org.apache.tomcat.util.modeler.OperationInfo, attributeName=null]
2019-12-06 11:18:41.536 DEBUG 7503 --- [kground-preinit] o.apache.tomcat.util.digester.Digester   :   Fire begin() for SetPropertiesRule[]
2019-12-06 11:18:41.536 DEBUG 7503 --- [kground-preinit] o.apache.tomcat.util.digester.Digester   : [SetPropertiesRule]{mbeans-descriptors/mbean/operation} Set org.apache.tomcat.util.modeler.OperationInfo properties
2019-12-06 11:18:41.536 DEBUG 7503 --- [kground-preinit] o.apache.tomcat.util.digester.Digester   : [SetPropertiesRule]{mbeans-descriptors/mbean/operation} Setting property 'name' to 'stop'
2019-12-06 11:18:41.536 DEBUG 7503 --- [kground-preinit] o.apache.tomcat.util.IntrospectionUtils  : IntrospectionUtils: setProperty(class org.apache.tomcat.util.modeler.OperationInfo name=stop)
2019-12-06 11:18:41.536 DEBUG 7503 --- [kground-preinit] o.apache.tomcat.util.digester.Digester   : [SetPropertiesRule]{mbeans-descriptors/mbean/operation} Setting property 'description' to 'Stop'
2019-12-06 11:18:41.536 DEBUG 7503 --- [kground-preinit] o.apache.tomcat.util.IntrospectionUtils  : IntrospectionUtils: setProperty(class org.apache.tomcat.util.modeler.OperationInfo description=Stop)
2019-12-06 11:18:41.536 DEBUG 7503 --- [kground-preinit] o.apache.tomcat.util.digester.Digester   : [SetPropertiesRule]{mbeans-descriptors/mbean/operation} Setting property 'impact' to 'ACTION'
2019-12-06 11:18:41.536 DEBUG 7503 --- [kground-preinit] o.apache.tomcat.util.IntrospectionUtils  : IntrospectionUtils: setProperty(class org.apache.tomcat.util.modeler.OperationInfo impact=ACTION)
2019-12-06 11:18:41.536 DEBUG 7503 --- [kground-preinit] o.apache.tomcat.util.digester.Digester   : [SetPropertiesRule]{mbeans-descriptors/mbean/operation} Setting property 'returnType' to 'void'
2019-12-06 11:18:41.536 DEBUG 7503 --- [kground-preinit] o.apache.tomcat.util.IntrospectionUtils  : IntrospectionUtils: setProperty(class org.apache.tomcat.util.modeler.OperationInfo returnType=void)
2019-12-06 11:18:41.536 DEBUG 7503 --- [kground-preinit] o.apache.tomcat.util.digester.Digester   :   Fire begin() for SetNextRule[methodName=addOperation, paramType=org.apache.tomcat.util.modeler.OperationInfo]
2019-12-06 11:18:41.536 DEBUG 7503 --- [kground-preinit] o.a.tomcat.util.digester.Digester.sax    : endElement(,,operation)
2019-12-06 11:18:41.536 DEBUG 7503 --- [kground-preinit] o.apache.tomcat.util.digester.Digester   :   match='mbeans-descriptors/mbean/operation'
2019-12-06 11:18:41.536 DEBUG 7503 --- [kground-preinit] o.apache.tomcat.util.digester.Digester   :   bodyText=''
2019-12-06 11:18:41.537 DEBUG 7503 --- [kground-preinit] o.apache.tomcat.util.digester.Digester   :   Fire body() for ObjectCreateRule[className=org.apache.tomcat.util.modeler.OperationInfo, attributeName=null]
2019-12-06 11:18:41.537 DEBUG 7503 --- [kground-preinit] o.apache.tomcat.util.digester.Digester   :   Fire body() for SetPropertiesRule[]
2019-12-06 11:18:41.537 DEBUG 7503 --- [kground-preinit] o.apache.tomcat.util.digester.Digester   :   Fire body() for SetNextRule[methodName=addOperation, paramType=org.apache.tomcat.util.modeler.OperationInfo]
2019-12-06 11:18:41.537 DEBUG 7503 --- [kground-preinit] o.apache.tomcat.util.digester.Digester   :   Fire end() for SetNextRule[methodName=addOperation, paramType=org.apache.tomcat.util.modeler.OperationInfo]
2019-12-06 11:18:41.537 DEBUG 7503 --- [kground-preinit] o.apache.tomcat.util.digester.Digester   : [SetNextRule]{mbeans-descriptors/mbean/operation} Call org.apache.tomcat.util.modeler.ManagedBean.addOperation(org.apache.tomcat.util.modeler.OperationInfo@2b8f1e10)
2019-12-06 11:18:41.537 DEBUG 7503 --- [kground-preinit] o.apache.tomcat.util.IntrospectionUtils  : IntrospectionUtils: callMethod1 org.apache.tomcat.util.modeler.ManagedBean org.apache.tomcat.util.modeler.OperationInfo org.apache.tomcat.util.modeler.OperationInfo
2019-12-06 11:18:41.537 DEBUG 7503 --- [kground-preinit] o.apache.tomcat.util.digester.Digester   :   Fire end() for SetPropertiesRule[]
2019-12-06 11:18:41.537 DEBUG 7503 --- [kground-preinit] o.apache.tomcat.util.digester.Digester   :   Fire end() for ObjectCreateRule[className=org.apache.tomcat.util.modeler.OperationInfo, attributeName=null]
2019-12-06 11:18:41.537 DEBUG 7503 --- [kground-preinit] o.apache.tomcat.util.digester.Digester   : [ObjectCreateRule]{mbeans-descriptors/mbean/operation} Pop org.apache.tomcat.util.modeler.OperationInfo
2019-12-06 11:18:41.537 DEBUG 7503 --- [kground-preinit] o.a.tomcat.util.digester.Digester.sax    : characters(

  )
2019-12-06 11:18:41.537 DEBUG 7503 --- [kground-preinit] o.a.tomcat.util.digester.Digester.sax    : endElement(,,mbean)
2019-12-06 11:18:41.537 DEBUG 7503 --- [kground-preinit] o.apache.tomcat.util.digester.Digester   :   match='mbeans-descriptors/mbean'
2019-12-06 11:18:41.537 DEBUG 7503 --- [kground-preinit] o.apache.tomcat.util.digester.Digester   :   bodyText='

    

    

    

    

    

    

    

    

    

    

    

    

    

    

    

    

    

    

    

    

  '
2019-12-06 11:18:41.537 DEBUG 7503 --- [kground-preinit] o.apache.tomcat.util.digester.Digester   :   Fire body() for ObjectCreateRule[className=org.apache.tomcat.util.modeler.ManagedBean, attributeName=null]
2019-12-06 11:18:41.538 DEBUG 7503 --- [kground-preinit] o.apache.tomcat.util.digester.Digester   :   Fire body() for SetPropertiesRule[]
2019-12-06 11:18:41.538 DEBUG 7503 --- [kground-preinit] o.apache.tomcat.util.digester.Digester   :   Fire body() for SetNextRule[methodName=add, paramType=java.lang.Object]
2019-12-06 11:18:41.538 DEBUG 7503 --- [kground-preinit] o.apache.tomcat.util.digester.Digester   :   Fire end() for SetNextRule[methodName=add, paramType=java.lang.Object]
2019-12-06 11:18:41.538 DEBUG 7503 --- [kground-preinit] o.apache.tomcat.util.digester.Digester   : [SetNextRule]{mbeans-descriptors/mbean} Call java.util.ArrayList.add(ManagedBean[name=StandardEngine, className=org.apache.catalina.mbeans.ContainerMBean, description=Standard Engine Component, group=Engine, type=org.apache.catalina.core.StandardEngine])
2019-12-06 11:18:41.538 DEBUG 7503 --- [kground-preinit] o.apache.tomcat.util.IntrospectionUtils  : IntrospectionUtils: callMethod1 java.util.ArrayList org.apache.tomcat.util.modeler.ManagedBean java.lang.Object
2019-12-06 11:18:41.538 DEBUG 7503 --- [kground-preinit] o.apache.tomcat.util.digester.Digester   :   Fire end() for SetPropertiesRule[]
2019-12-06 11:18:41.538 DEBUG 7503 --- [kground-preinit] o.apache.tomcat.util.digester.Digester   :   Fire end() for ObjectCreateRule[className=org.apache.tomcat.util.modeler.ManagedBean, attributeName=null]
2019-12-06 11:18:41.538 DEBUG 7503 --- [kground-preinit] o.apache.tomcat.util.digester.Digester   : [ObjectCreateRule]{mbeans-descriptors/mbean} Pop org.apache.tomcat.util.modeler.ManagedBean
2019-12-06 11:18:41.538 DEBUG 7503 --- [kground-preinit] o.a.tomcat.util.digester.Digester.sax    : characters(


  )
2019-12-06 11:18:41.538 DEBUG 7503 --- [kground-preinit] o.a.tomcat.util.digester.Digester.sax    : startElement(,,mbean)
2019-12-06 11:18:41.538 DEBUG 7503 --- [kground-preinit] o.apache.tomcat.util.digester.Digester   :   New match='mbeans-descriptors/mbean'
2019-12-06 11:18:41.538 DEBUG 7503 --- [kground-preinit] o.apache.tomcat.util.digester.Digester   :   Fire begin() for ObjectCreateRule[className=org.apache.tomcat.util.modeler.ManagedBean, attributeName=null]
2019-12-06 11:18:41.538 DEBUG 7503 --- [kground-preinit] o.apache.tomcat.util.digester.Digester   :   Fire begin() for SetPropertiesRule[]
2019-12-06 11:18:41.538 DEBUG 7503 --- [kground-preinit] o.apache.tomcat.util.digester.Digester   : [SetPropertiesRule]{mbeans-descriptors/mbean} Set org.apache.tomcat.util.modeler.ManagedBean properties
2019-12-06 11:18:41.539 DEBUG 7503 --- [kground-preinit] o.apache.tomcat.util.digester.Digester   : [SetPropertiesRule]{mbeans-descriptors/mbean} Setting property 'name' to 'StandardEngineValve'
2019-12-06 11:18:41.539 DEBUG 7503 --- [kground-preinit] o.apache.tomcat.util.IntrospectionUtils  : IntrospectionUtils: setProperty(class org.apache.tomcat.util.modeler.ManagedBean name=StandardEngineValve)
2019-12-06 11:18:41.539 DEBUG 7503 --- [kground-preinit] o.apache.tomcat.util.digester.Digester   : [SetPropertiesRule]{mbeans-descriptors/mbean} Setting property 'description' to 'Valve that implements the default basic behavior for the          StandardEngine container implementation'
2019-12-06 11:18:41.539 DEBUG 7503 --- [kground-preinit] o.apache.tomcat.util.IntrospectionUtils  : IntrospectionUtils: setProperty(class org.apache.tomcat.util.modeler.ManagedBean description=Valve that implements the default basic behavior for the          StandardEngine container implementation)
2019-12-06 11:18:41.539 DEBUG 7503 --- [kground-preinit] o.apache.tomcat.util.digester.Digester   : [SetPropertiesRule]{mbeans-descriptors/mbean} Setting property 'domain' to 'Catalina'
2019-12-06 11:18:41.539 DEBUG 7503 --- [kground-preinit] o.apache.tomcat.util.IntrospectionUtils  : IntrospectionUtils: setProperty(class org.apache.tomcat.util.modeler.ManagedBean domain=Catalina)
2019-12-06 11:18:41.539 DEBUG 7503 --- [kground-preinit] o.apache.tomcat.util.digester.Digester   : [SetPropertiesRule]{mbeans-descriptors/mbean} Setting property 'group' to 'Valve'
2019-12-06 11:18:41.539 DEBUG 7503 --- [kground-preinit] o.apache.tomcat.util.IntrospectionUtils  : IntrospectionUtils: setProperty(class org.apache.tomcat.util.modeler.ManagedBean group=Valve)
2019-12-06 11:18:41.539 DEBUG 7503 --- [kground-preinit] o.apache.tomcat.util.digester.Digester   : [SetPropertiesRule]{mbeans-descriptors/mbean} Setting property 'type' to 'org.apache.catalina.core.StandardEngineValve'
2019-12-06 11:18:41.539 DEBUG 7503 --- [kground-preinit] o.apache.tomcat.util.IntrospectionUtils  : IntrospectionUtils: setProperty(class org.apache.tomcat.util.modeler.ManagedBean type=org.apache.catalina.core.StandardEngineValve)
2019-12-06 11:18:41.539 DEBUG 7503 --- [kground-preinit] o.apache.tomcat.util.digester.Digester   :   Fire begin() for SetNextRule[methodName=add, paramType=java.lang.Object]
2019-12-06 11:18:41.539 DEBUG 7503 --- [kground-preinit] o.a.tomcat.util.digester.Digester.sax    : characters(

    )
2019-12-06 11:18:41.539 DEBUG 7503 --- [kground-preinit] o.a.tomcat.util.digester.Digester.sax    : startElement(,,attribute)
2019-12-06 11:18:41.539 DEBUG 7503 --- [kground-preinit] o.apache.tomcat.util.digester.Digester   :   New match='mbeans-descriptors/mbean/attribute'
2019-12-06 11:18:41.540 DEBUG 7503 --- [kground-preinit] o.apache.tomcat.util.digester.Digester   :   Fire begin() for ObjectCreateRule[className=org.apache.tomcat.util.modeler.AttributeInfo, attributeName=null]
2019-12-06 11:18:41.540 DEBUG 7503 --- [kground-preinit] o.apache.tomcat.util.digester.Digester   :   Fire begin() for SetPropertiesRule[]
2019-12-06 11:18:41.540 DEBUG 7503 --- [kground-preinit] o.apache.tomcat.util.digester.Digester   : [SetPropertiesRule]{mbeans-descriptors/mbean/attribute} Set org.apache.tomcat.util.modeler.AttributeInfo properties
2019-12-06 11:18:41.540 DEBUG 7503 --- [kground-preinit] o.apache.tomcat.util.digester.Digester   : [SetPropertiesRule]{mbeans-descriptors/mbean/attribute} Setting property 'name' to 'asyncSupported'
2019-12-06 11:18:41.540 DEBUG 7503 --- [kground-preinit] o.apache.tomcat.util.IntrospectionUtils  : IntrospectionUtils: setProperty(class org.apache.tomcat.util.modeler.AttributeInfo name=asyncSupported)
2019-12-06 11:18:41.540 DEBUG 7503 --- [kground-preinit] o.apache.tomcat.util.digester.Digester   : [SetPropertiesRule]{mbeans-descriptors/mbean/attribute} Setting property 'description' to 'Does this valve support async reporting?'
2019-12-06 11:18:41.540 DEBUG 7503 --- [kground-preinit] o.apache.tomcat.util.IntrospectionUtils  : IntrospectionUtils: setProperty(class org.apache.tomcat.util.modeler.AttributeInfo description=Does this valve support async reporting?)
2019-12-06 11:18:41.540 DEBUG 7503 --- [kground-preinit] o.apache.tomcat.util.digester.Digester   : [SetPropertiesRule]{mbeans-descriptors/mbean/attribute} Setting property 'is' to 'true'
2019-12-06 11:18:41.540 DEBUG 7503 --- [kground-preinit] o.apache.tomcat.util.IntrospectionUtils  : IntrospectionUtils: setProperty(class org.apache.tomcat.util.modeler.AttributeInfo is=true)
2019-12-06 11:18:41.540 DEBUG 7503 --- [kground-preinit] o.apache.tomcat.util.digester.Digester   : [SetPropertiesRule]{mbeans-descriptors/mbean/attribute} Setting property 'type' to 'boolean'
2019-12-06 11:18:41.540 DEBUG 7503 --- [kground-preinit] o.apache.tomcat.util.IntrospectionUtils  : IntrospectionUtils: setProperty(class org.apache.tomcat.util.modeler.AttributeInfo type=boolean)
2019-12-06 11:18:41.540 DEBUG 7503 --- [kground-preinit] o.apache.tomcat.util.digester.Digester   :   Fire begin() for SetNextRule[methodName=addAttribute, paramType=org.apache.tomcat.util.modeler.AttributeInfo]
2019-12-06 11:18:41.540 DEBUG 7503 --- [kground-preinit] o.a.tomcat.util.digester.Digester.sax    : endElement(,,attribute)
2019-12-06 11:18:41.541 DEBUG 7503 --- [kground-preinit] o.apache.tomcat.util.digester.Digester   :   match='mbeans-descriptors/mbean/attribute'
2019-12-06 11:18:41.541 DEBUG 7503 --- [kground-preinit] o.apache.tomcat.util.digester.Digester   :   bodyText=''
2019-12-06 11:18:41.541 DEBUG 7503 --- [kground-preinit] o.apache.tomcat.util.digester.Digester   :   Fire body() for ObjectCreateRule[className=org.apache.tomcat.util.modeler.AttributeInfo, attributeName=null]
2019-12-06 11:18:41.541 DEBUG 7503 --- [kground-preinit] o.apache.tomcat.util.digester.Digester   :   Fire body() for SetPropertiesRule[]
2019-12-06 11:18:41.541 DEBUG 7503 --- [kground-preinit] o.apache.tomcat.util.digester.Digester   :   Fire body() for SetNextRule[methodName=addAttribute, paramType=org.apache.tomcat.util.modeler.AttributeInfo]
2019-12-06 11:18:41.541 DEBUG 7503 --- [kground-preinit] o.apache.tomcat.util.digester.Digester   :   Fire end() for SetNextRule[methodName=addAttribute, paramType=org.apache.tomcat.util.modeler.AttributeInfo]
2019-12-06 11:18:41.541 DEBUG 7503 --- [    Test worker] o.s.u.c.s.UiApplicationContextUtils      : Unable to locate ThemeSource with name 'themeSource': using default [org.springframework.ui.context.support.ResourceBundleThemeSource@2ef5ddd4]
2019-12-06 11:18:41.541 DEBUG 7503 --- [kground-preinit] o.apache.tomcat.util.digester.Digester   : [SetNextRule]{mbeans-descriptors/mbean/attribute} Call org.apache.tomcat.util.modeler.ManagedBean.addAttribute(org.apache.tomcat.util.modeler.AttributeInfo@4319e473)
2019-12-06 11:18:41.541 DEBUG 7503 --- [kground-preinit] o.apache.tomcat.util.IntrospectionUtils  : IntrospectionUtils: callMethod1 org.apache.tomcat.util.modeler.ManagedBean org.apache.tomcat.util.modeler.AttributeInfo org.apache.tomcat.util.modeler.AttributeInfo
2019-12-06 11:18:41.541 DEBUG 7503 --- [kground-preinit] o.apache.tomcat.util.digester.Digester   :   Fire end() for SetPropertiesRule[]
2019-12-06 11:18:41.541 DEBUG 7503 --- [kground-preinit] o.apache.tomcat.util.digester.Digester   :   Fire end() for ObjectCreateRule[className=org.apache.tomcat.util.modeler.AttributeInfo, attributeName=null]
2019-12-06 11:18:41.541 DEBUG 7503 --- [kground-preinit] o.apache.tomcat.util.digester.Digester   : [ObjectCreateRule]{mbeans-descriptors/mbean/attribute} Pop org.apache.tomcat.util.modeler.AttributeInfo
2019-12-06 11:18:41.541 DEBUG 7503 --- [kground-preinit] o.a.tomcat.util.digester.Digester.sax    : characters(

    )
2019-12-06 11:18:41.541 DEBUG 7503 --- [kground-preinit] o.a.tomcat.util.digester.Digester.sax    : startElement(,,attribute)
2019-12-06 11:18:41.542 DEBUG 7503 --- [kground-preinit] o.apache.tomcat.util.digester.Digester   :   New match='mbeans-descriptors/mbean/attribute'
2019-12-06 11:18:41.542 DEBUG 7503 --- [kground-preinit] o.apache.tomcat.util.digester.Digester   :   Fire begin() for ObjectCreateRule[className=org.apache.tomcat.util.modeler.AttributeInfo, attributeName=null]
2019-12-06 11:18:41.542 DEBUG 7503 --- [kground-preinit] o.apache.tomcat.util.digester.Digester   :   Fire begin() for SetPropertiesRule[]
2019-12-06 11:18:41.542 DEBUG 7503 --- [kground-preinit] o.apache.tomcat.util.digester.Digester   : [SetPropertiesRule]{mbeans-descriptors/mbean/attribute} Set org.apache.tomcat.util.modeler.AttributeInfo properties
2019-12-06 11:18:41.542 DEBUG 7503 --- [kground-preinit] o.apache.tomcat.util.digester.Digester   : [SetPropertiesRule]{mbeans-descriptors/mbean/attribute} Setting property 'name' to 'className'
2019-12-06 11:18:41.542 DEBUG 7503 --- [kground-preinit] o.apache.tomcat.util.IntrospectionUtils  : IntrospectionUtils: setProperty(class org.apache.tomcat.util.modeler.AttributeInfo name=className)
2019-12-06 11:18:41.542 DEBUG 7503 --- [kground-preinit] o.apache.tomcat.util.digester.Digester   : [SetPropertiesRule]{mbeans-descriptors/mbean/attribute} Setting property 'description' to 'Fully qualified class name of the managed object'
2019-12-06 11:18:41.542 DEBUG 7503 --- [kground-preinit] o.apache.tomcat.util.IntrospectionUtils  : IntrospectionUtils: setProperty(class org.apache.tomcat.util.modeler.AttributeInfo description=Fully qualified class name of the managed object)
2019-12-06 11:18:41.542 DEBUG 7503 --- [kground-preinit] o.apache.tomcat.util.digester.Digester   : [SetPropertiesRule]{mbeans-descriptors/mbean/attribute} Setting property 'type' to 'java.lang.String'
2019-12-06 11:18:41.542 DEBUG 7503 --- [kground-preinit] o.apache.tomcat.util.IntrospectionUtils  : IntrospectionUtils: setProperty(class org.apache.tomcat.util.modeler.AttributeInfo type=java.lang.String)
2019-12-06 11:18:41.542 DEBUG 7503 --- [kground-preinit] o.apache.tomcat.util.digester.Digester   : [SetPropertiesRule]{mbeans-descriptors/mbean/attribute} Setting property 'writeable' to 'false'
2019-12-06 11:18:41.542 DEBUG 7503 --- [kground-preinit] o.apache.tomcat.util.IntrospectionUtils  : IntrospectionUtils: setProperty(class org.apache.tomcat.util.modeler.AttributeInfo writeable=false)
2019-12-06 11:18:41.542 DEBUG 7503 --- [kground-preinit] o.apache.tomcat.util.digester.Digester   :   Fire begin() for SetNextRule[methodName=addAttribute, paramType=org.apache.tomcat.util.modeler.AttributeInfo]
2019-12-06 11:18:41.543 DEBUG 7503 --- [kground-preinit] o.a.tomcat.util.digester.Digester.sax    : endElement(,,attribute)
2019-12-06 11:18:41.543 DEBUG 7503 --- [kground-preinit] o.apache.tomcat.util.digester.Digester   :   match='mbeans-descriptors/mbean/attribute'
2019-12-06 11:18:41.543 DEBUG 7503 --- [kground-preinit] o.apache.tomcat.util.digester.Digester   :   bodyText=''
2019-12-06 11:18:41.543 DEBUG 7503 --- [kground-preinit] o.apache.tomcat.util.digester.Digester   :   Fire body() for ObjectCreateRule[className=org.apache.tomcat.util.modeler.AttributeInfo, attributeName=null]
2019-12-06 11:18:41.543 DEBUG 7503 --- [kground-preinit] o.apache.tomcat.util.digester.Digester   :   Fire body() for SetPropertiesRule[]
2019-12-06 11:18:41.543 DEBUG 7503 --- [kground-preinit] o.apache.tomcat.util.digester.Digester   :   Fire body() for SetNextRule[methodName=addAttribute, paramType=org.apache.tomcat.util.modeler.AttributeInfo]
2019-12-06 11:18:41.543 DEBUG 7503 --- [kground-preinit] o.apache.tomcat.util.digester.Digester   :   Fire end() for SetNextRule[methodName=addAttribute, paramType=org.apache.tomcat.util.modeler.AttributeInfo]
2019-12-06 11:18:41.543 DEBUG 7503 --- [kground-preinit] o.apache.tomcat.util.digester.Digester   : [SetNextRule]{mbeans-descriptors/mbean/attribute} Call org.apache.tomcat.util.modeler.ManagedBean.addAttribute(org.apache.tomcat.util.modeler.AttributeInfo@732ef9cc)
2019-12-06 11:18:41.543 DEBUG 7503 --- [kground-preinit] o.apache.tomcat.util.IntrospectionUtils  : IntrospectionUtils: callMethod1 org.apache.tomcat.util.modeler.ManagedBean org.apache.tomcat.util.modeler.AttributeInfo org.apache.tomcat.util.modeler.AttributeInfo
2019-12-06 11:18:41.543 DEBUG 7503 --- [kground-preinit] o.apache.tomcat.util.digester.Digester   :   Fire end() for SetPropertiesRule[]
2019-12-06 11:18:41.543 DEBUG 7503 --- [kground-preinit] o.apache.tomcat.util.digester.Digester   :   Fire end() for ObjectCreateRule[className=org.apache.tomcat.util.modeler.AttributeInfo, attributeName=null]
2019-12-06 11:18:41.543 DEBUG 7503 --- [kground-preinit] o.apache.tomcat.util.digester.Digester   : [ObjectCreateRule]{mbeans-descriptors/mbean/attribute} Pop org.apache.tomcat.util.modeler.AttributeInfo
2019-12-06 11:18:41.543 DEBUG 7503 --- [kground-preinit] o.a.tomcat.util.digester.Digester.sax    : characters(

    )
2019-12-06 11:18:41.543 DEBUG 7503 --- [kground-preinit] o.a.tomcat.util.digester.Digester.sax    : startElement(,,attribute)
2019-12-06 11:18:41.543 DEBUG 7503 --- [kground-preinit] o.apache.tomcat.util.digester.Digester   :   New match='mbeans-descriptors/mbean/attribute'
2019-12-06 11:18:41.544 DEBUG 7503 --- [kground-preinit] o.apache.tomcat.util.digester.Digester   :   Fire begin() for ObjectCreateRule[className=org.apache.tomcat.util.modeler.AttributeInfo, attributeName=null]
2019-12-06 11:18:41.544 DEBUG 7503 --- [    Test worker] o.s.b.f.s.DefaultListableBeanFactory     : Creating shared instance of singleton bean 'application'
2019-12-06 11:18:41.544 DEBUG 7503 --- [kground-preinit] o.apache.tomcat.util.digester.Digester   :   Fire begin() for SetPropertiesRule[]
2019-12-06 11:18:41.544 DEBUG 7503 --- [kground-preinit] o.apache.tomcat.util.digester.Digester   : [SetPropertiesRule]{mbeans-descriptors/mbean/attribute} Set org.apache.tomcat.util.modeler.AttributeInfo properties
2019-12-06 11:18:41.544 DEBUG 7503 --- [kground-preinit] o.apache.tomcat.util.digester.Digester   : [SetPropertiesRule]{mbeans-descriptors/mbean/attribute} Setting property 'name' to 'stateName'
2019-12-06 11:18:41.544 DEBUG 7503 --- [kground-preinit] o.apache.tomcat.util.IntrospectionUtils  : IntrospectionUtils: setProperty(class org.apache.tomcat.util.modeler.AttributeInfo name=stateName)
2019-12-06 11:18:41.544 DEBUG 7503 --- [kground-preinit] o.apache.tomcat.util.digester.Digester   : [SetPropertiesRule]{mbeans-descriptors/mbean/attribute} Setting property 'description' to 'The name of the LifecycleState that this component is currently in'
2019-12-06 11:18:41.544 DEBUG 7503 --- [kground-preinit] o.apache.tomcat.util.IntrospectionUtils  : IntrospectionUtils: setProperty(class org.apache.tomcat.util.modeler.AttributeInfo description=The name of the LifecycleState that this component is currently in)
2019-12-06 11:18:41.544 DEBUG 7503 --- [kground-preinit] o.apache.tomcat.util.digester.Digester   : [SetPropertiesRule]{mbeans-descriptors/mbean/attribute} Setting property 'type' to 'java.lang.String'
2019-12-06 11:18:41.544 DEBUG 7503 --- [kground-preinit] o.apache.tomcat.util.IntrospectionUtils  : IntrospectionUtils: setProperty(class org.apache.tomcat.util.modeler.AttributeInfo type=java.lang.String)
2019-12-06 11:18:41.544 DEBUG 7503 --- [kground-preinit] o.apache.tomcat.util.digester.Digester   : [SetPropertiesRule]{mbeans-descriptors/mbean/attribute} Setting property 'writeable' to 'false'
2019-12-06 11:18:41.544 DEBUG 7503 --- [kground-preinit] o.apache.tomcat.util.IntrospectionUtils  : IntrospectionUtils: setProperty(class org.apache.tomcat.util.modeler.AttributeInfo writeable=false)
2019-12-06 11:18:41.544 DEBUG 7503 --- [kground-preinit] o.apache.tomcat.util.digester.Digester   :   Fire begin() for SetNextRule[methodName=addAttribute, paramType=org.apache.tomcat.util.modeler.AttributeInfo]
2019-12-06 11:18:41.544 DEBUG 7503 --- [kground-preinit] o.a.tomcat.util.digester.Digester.sax    : endElement(,,attribute)
2019-12-06 11:18:41.545 DEBUG 7503 --- [kground-preinit] o.apache.tomcat.util.digester.Digester   :   match='mbeans-descriptors/mbean/attribute'
2019-12-06 11:18:41.545 DEBUG 7503 --- [kground-preinit] o.apache.tomcat.util.digester.Digester   :   bodyText=''
2019-12-06 11:18:41.545 DEBUG 7503 --- [kground-preinit] o.apache.tomcat.util.digester.Digester   :   Fire body() for ObjectCreateRule[className=org.apache.tomcat.util.modeler.AttributeInfo, attributeName=null]
2019-12-06 11:18:41.545 DEBUG 7503 --- [kground-preinit] o.apache.tomcat.util.digester.Digester   :   Fire body() for SetPropertiesRule[]
2019-12-06 11:18:41.545 DEBUG 7503 --- [kground-preinit] o.apache.tomcat.util.digester.Digester   :   Fire body() for SetNextRule[methodName=addAttribute, paramType=org.apache.tomcat.util.modeler.AttributeInfo]
2019-12-06 11:18:41.545 DEBUG 7503 --- [kground-preinit] o.apache.tomcat.util.digester.Digester   :   Fire end() for SetNextRule[methodName=addAttribute, paramType=org.apache.tomcat.util.modeler.AttributeInfo]
2019-12-06 11:18:41.545 DEBUG 7503 --- [kground-preinit] o.apache.tomcat.util.digester.Digester   : [SetNextRule]{mbeans-descriptors/mbean/attribute} Call org.apache.tomcat.util.modeler.ManagedBean.addAttribute(org.apache.tomcat.util.modeler.AttributeInfo@7eea7dc1)
2019-12-06 11:18:41.545 DEBUG 7503 --- [kground-preinit] o.apache.tomcat.util.IntrospectionUtils  : IntrospectionUtils: callMethod1 org.apache.tomcat.util.modeler.ManagedBean org.apache.tomcat.util.modeler.AttributeInfo org.apache.tomcat.util.modeler.AttributeInfo
2019-12-06 11:18:41.545 DEBUG 7503 --- [kground-preinit] o.apache.tomcat.util.digester.Digester   :   Fire end() for SetPropertiesRule[]
2019-12-06 11:18:41.545 DEBUG 7503 --- [kground-preinit] o.apache.tomcat.util.digester.Digester   :   Fire end() for ObjectCreateRule[className=org.apache.tomcat.util.modeler.AttributeInfo, attributeName=null]
2019-12-06 11:18:41.545 DEBUG 7503 --- [kground-preinit] o.apache.tomcat.util.digester.Digester   : [ObjectCreateRule]{mbeans-descriptors/mbean/attribute} Pop org.apache.tomcat.util.modeler.AttributeInfo
2019-12-06 11:18:41.545 DEBUG 7503 --- [kground-preinit] o.a.tomcat.util.digester.Digester.sax    : characters(
  )
2019-12-06 11:18:41.546 DEBUG 7503 --- [kground-preinit] o.a.tomcat.util.digester.Digester.sax    : endElement(,,mbean)
2019-12-06 11:18:41.546 DEBUG 7503 --- [kground-preinit] o.apache.tomcat.util.digester.Digester   :   match='mbeans-descriptors/mbean'
2019-12-06 11:18:41.546 DEBUG 7503 --- [kground-preinit] o.apache.tomcat.util.digester.Digester   :   bodyText='

    

    

    
  '
2019-12-06 11:18:41.546 DEBUG 7503 --- [kground-preinit] o.apache.tomcat.util.digester.Digester   :   Fire body() for ObjectCreateRule[className=org.apache.tomcat.util.modeler.ManagedBean, attributeName=null]
2019-12-06 11:18:41.546 DEBUG 7503 --- [kground-preinit] o.apache.tomcat.util.digester.Digester   :   Fire body() for SetPropertiesRule[]
2019-12-06 11:18:41.546 DEBUG 7503 --- [kground-preinit] o.apache.tomcat.util.digester.Digester   :   Fire body() for SetNextRule[methodName=add, paramType=java.lang.Object]
2019-12-06 11:18:41.546 DEBUG 7503 --- [kground-preinit] o.apache.tomcat.util.digester.Digester   :   Fire end() for SetNextRule[methodName=add, paramType=java.lang.Object]
2019-12-06 11:18:41.546 DEBUG 7503 --- [kground-preinit] o.apache.tomcat.util.digester.Digester   : [SetNextRule]{mbeans-descriptors/mbean} Call java.util.ArrayList.add(ManagedBean[name=StandardEngineValve, className=org.apache.tomcat.util.modeler.BaseModelMBean, description=Valve that implements the default basic behavior for the          StandardEngine container implementation, group=Valve, type=org.apache.catalina.core.StandardEngineValve])
2019-12-06 11:18:41.546 DEBUG 7503 --- [kground-preinit] o.apache.tomcat.util.IntrospectionUtils  : IntrospectionUtils: callMethod1 java.util.ArrayList org.apache.tomcat.util.modeler.ManagedBean java.lang.Object
2019-12-06 11:18:41.546 DEBUG 7503 --- [kground-preinit] o.apache.tomcat.util.digester.Digester   :   Fire end() for SetPropertiesRule[]
2019-12-06 11:18:41.546 DEBUG 7503 --- [kground-preinit] o.apache.tomcat.util.digester.Digester   :   Fire end() for ObjectCreateRule[className=org.apache.tomcat.util.modeler.ManagedBean, attributeName=null]
2019-12-06 11:18:41.546 DEBUG 7503 --- [kground-preinit] o.apache.tomcat.util.digester.Digester   : [ObjectCreateRule]{mbeans-descriptors/mbean} Pop org.apache.tomcat.util.modeler.ManagedBean
2019-12-06 11:18:41.546 DEBUG 7503 --- [kground-preinit] o.a.tomcat.util.digester.Digester.sax    : characters(

  )
2019-12-06 11:18:41.546 DEBUG 7503 --- [kground-preinit] o.a.tomcat.util.digester.Digester.sax    : startElement(,,mbean)
2019-12-06 11:18:41.547 DEBUG 7503 --- [kground-preinit] o.apache.tomcat.util.digester.Digester   :   New match='mbeans-descriptors/mbean'
2019-12-06 11:18:41.547 DEBUG 7503 --- [kground-preinit] o.apache.tomcat.util.digester.Digester   :   Fire begin() for ObjectCreateRule[className=org.apache.tomcat.util.modeler.ManagedBean, attributeName=null]
2019-12-06 11:18:41.547 DEBUG 7503 --- [kground-preinit] o.apache.tomcat.util.digester.Digester   :   Fire begin() for SetPropertiesRule[]
2019-12-06 11:18:41.547 DEBUG 7503 --- [kground-preinit] o.apache.tomcat.util.digester.Digester   : [SetPropertiesRule]{mbeans-descriptors/mbean} Set org.apache.tomcat.util.modeler.ManagedBean properties
2019-12-06 11:18:41.547 DEBUG 7503 --- [kground-preinit] o.apache.tomcat.util.digester.Digester   : [SetPropertiesRule]{mbeans-descriptors/mbean} Setting property 'name' to 'StandardHost'
2019-12-06 11:18:41.547 DEBUG 7503 --- [kground-preinit] o.apache.tomcat.util.IntrospectionUtils  : IntrospectionUtils: setProperty(class org.apache.tomcat.util.modeler.ManagedBean name=StandardHost)
2019-12-06 11:18:41.547 DEBUG 7503 --- [kground-preinit] o.apache.tomcat.util.digester.Digester   : [SetPropertiesRule]{mbeans-descriptors/mbean} Setting property 'description' to 'Standard Host Component'
2019-12-06 11:18:41.547 DEBUG 7503 --- [kground-preinit] o.apache.tomcat.util.IntrospectionUtils  : IntrospectionUtils: setProperty(class org.apache.tomcat.util.modeler.ManagedBean description=Standard Host Component)
2019-12-06 11:18:41.547 DEBUG 7503 --- [kground-preinit] o.apache.tomcat.util.digester.Digester   : [SetPropertiesRule]{mbeans-descriptors/mbean} Setting property 'domain' to 'Catalina'
2019-12-06 11:18:41.547 DEBUG 7503 --- [kground-preinit] o.apache.tomcat.util.IntrospectionUtils  : IntrospectionUtils: setProperty(class org.apache.tomcat.util.modeler.ManagedBean domain=Catalina)
2019-12-06 11:18:41.547 DEBUG 7503 --- [kground-preinit] o.apache.tomcat.util.digester.Digester   : [SetPropertiesRule]{mbeans-descriptors/mbean} Setting property 'group' to 'Host'
2019-12-06 11:18:41.547 DEBUG 7503 --- [kground-preinit] o.apache.tomcat.util.IntrospectionUtils  : IntrospectionUtils: setProperty(class org.apache.tomcat.util.modeler.ManagedBean group=Host)
2019-12-06 11:18:41.548 DEBUG 7503 --- [kground-preinit] o.apache.tomcat.util.digester.Digester   : [SetPropertiesRule]{mbeans-descriptors/mbean} Setting property 'type' to 'org.apache.catalina.core.StandardHost'
2019-12-06 11:18:41.548 DEBUG 7503 --- [kground-preinit] o.apache.tomcat.util.IntrospectionUtils  : IntrospectionUtils: setProperty(class org.apache.tomcat.util.modeler.ManagedBean type=org.apache.catalina.core.StandardHost)
2019-12-06 11:18:41.548 DEBUG 7503 --- [kground-preinit] o.apache.tomcat.util.digester.Digester   : [SetPropertiesRule]{mbeans-descriptors/mbean} Setting property 'className' to 'org.apache.catalina.mbeans.ContainerMBean'
2019-12-06 11:18:41.548 DEBUG 7503 --- [kground-preinit] o.apache.tomcat.util.IntrospectionUtils  : IntrospectionUtils: setProperty(class org.apache.tomcat.util.modeler.ManagedBean className=org.apache.catalina.mbeans.ContainerMBean)
2019-12-06 11:18:41.548 DEBUG 7503 --- [kground-preinit] o.apache.tomcat.util.digester.Digester   :   Fire begin() for SetNextRule[methodName=add, paramType=java.lang.Object]
2019-12-06 11:18:41.548 DEBUG 7503 --- [kground-preinit] o.a.tomcat.util.digester.Digester.sax    : characters(

    )
2019-12-06 11:18:41.548 DEBUG 7503 --- [kground-preinit] o.a.tomcat.util.digester.Digester.sax    : startElement(,,attribute)
2019-12-06 11:18:41.548 DEBUG 7503 --- [kground-preinit] o.apache.tomcat.util.digester.Digester   :   New match='mbeans-descriptors/mbean/attribute'
2019-12-06 11:18:41.548 DEBUG 7503 --- [    Test worker] o.s.b.f.s.DefaultListableBeanFactory     : Creating shared instance of singleton bean 'helloController'
2019-12-06 11:18:41.548 DEBUG 7503 --- [kground-preinit] o.apache.tomcat.util.digester.Digester   :   Fire begin() for ObjectCreateRule[className=org.apache.tomcat.util.modeler.AttributeInfo, attributeName=null]
2019-12-06 11:18:41.548 DEBUG 7503 --- [kground-preinit] o.apache.tomcat.util.digester.Digester   :   Fire begin() for SetPropertiesRule[]
2019-12-06 11:18:41.548 DEBUG 7503 --- [kground-preinit] o.apache.tomcat.util.digester.Digester   : [SetPropertiesRule]{mbeans-descriptors/mbean/attribute} Set org.apache.tomcat.util.modeler.AttributeInfo properties
2019-12-06 11:18:41.548 DEBUG 7503 --- [kground-preinit] o.apache.tomcat.util.digester.Digester   : [SetPropertiesRule]{mbeans-descriptors/mbean/attribute} Setting property 'name' to 'aliases'
2019-12-06 11:18:41.549 DEBUG 7503 --- [kground-preinit] o.apache.tomcat.util.IntrospectionUtils  : IntrospectionUtils: setProperty(class org.apache.tomcat.util.modeler.AttributeInfo name=aliases)
2019-12-06 11:18:41.549 DEBUG 7503 --- [kground-preinit] o.apache.tomcat.util.digester.Digester   : [SetPropertiesRule]{mbeans-descriptors/mbean/attribute} Setting property 'description' to 'Host aliases'
2019-12-06 11:18:41.549 DEBUG 7503 --- [kground-preinit] o.apache.tomcat.util.IntrospectionUtils  : IntrospectionUtils: setProperty(class org.apache.tomcat.util.modeler.AttributeInfo description=Host aliases)
2019-12-06 11:18:41.549 DEBUG 7503 --- [kground-preinit] o.apache.tomcat.util.digester.Digester   : [SetPropertiesRule]{mbeans-descriptors/mbean/attribute} Setting property 'type' to '[Ljava.lang.String;'
2019-12-06 11:18:41.549 DEBUG 7503 --- [kground-preinit] o.apache.tomcat.util.IntrospectionUtils  : IntrospectionUtils: setProperty(class org.apache.tomcat.util.modeler.AttributeInfo type=[Ljava.lang.String;)
2019-12-06 11:18:41.549 DEBUG 7503 --- [kground-preinit] o.apache.tomcat.util.digester.Digester   :   Fire begin() for SetNextRule[methodName=addAttribute, paramType=org.apache.tomcat.util.modeler.AttributeInfo]
2019-12-06 11:18:41.549 DEBUG 7503 --- [kground-preinit] o.a.tomcat.util.digester.Digester.sax    : endElement(,,attribute)
2019-12-06 11:18:41.549 DEBUG 7503 --- [kground-preinit] o.apache.tomcat.util.digester.Digester   :   match='mbeans-descriptors/mbean/attribute'
2019-12-06 11:18:41.549 DEBUG 7503 --- [kground-preinit] o.apache.tomcat.util.digester.Digester   :   bodyText=''
2019-12-06 11:18:41.549 DEBUG 7503 --- [kground-preinit] o.apache.tomcat.util.digester.Digester   :   Fire body() for ObjectCreateRule[className=org.apache.tomcat.util.modeler.AttributeInfo, attributeName=null]
2019-12-06 11:18:41.549 DEBUG 7503 --- [kground-preinit] o.apache.tomcat.util.digester.Digester   :   Fire body() for SetPropertiesRule[]
2019-12-06 11:18:41.549 DEBUG 7503 --- [kground-preinit] o.apache.tomcat.util.digester.Digester   :   Fire body() for SetNextRule[methodName=addAttribute, paramType=org.apache.tomcat.util.modeler.AttributeInfo]
2019-12-06 11:18:41.549 DEBUG 7503 --- [kground-preinit] o.apache.tomcat.util.digester.Digester   :   Fire end() for SetNextRule[methodName=addAttribute, paramType=org.apache.tomcat.util.modeler.AttributeInfo]
2019-12-06 11:18:41.550 DEBUG 7503 --- [kground-preinit] o.apache.tomcat.util.digester.Digester   : [SetNextRule]{mbeans-descriptors/mbean/attribute} Call org.apache.tomcat.util.modeler.ManagedBean.addAttribute(org.apache.tomcat.util.modeler.AttributeInfo@2dc69392)
2019-12-06 11:18:41.550 DEBUG 7503 --- [kground-preinit] o.apache.tomcat.util.IntrospectionUtils  : IntrospectionUtils: callMethod1 org.apache.tomcat.util.modeler.ManagedBean org.apache.tomcat.util.modeler.AttributeInfo org.apache.tomcat.util.modeler.AttributeInfo
2019-12-06 11:18:41.550 DEBUG 7503 --- [kground-preinit] o.apache.tomcat.util.digester.Digester   :   Fire end() for SetPropertiesRule[]
2019-12-06 11:18:41.550 DEBUG 7503 --- [kground-preinit] o.apache.tomcat.util.digester.Digester   :   Fire end() for ObjectCreateRule[className=org.apache.tomcat.util.modeler.AttributeInfo, attributeName=null]
2019-12-06 11:18:41.550 DEBUG 7503 --- [kground-preinit] o.apache.tomcat.util.digester.Digester   : [ObjectCreateRule]{mbeans-descriptors/mbean/attribute} Pop org.apache.tomcat.util.modeler.AttributeInfo
2019-12-06 11:18:41.550 DEBUG 7503 --- [kground-preinit] o.a.tomcat.util.digester.Digester.sax    : characters(

    )
2019-12-06 11:18:41.550 DEBUG 7503 --- [kground-preinit] o.a.tomcat.util.digester.Digester.sax    : startElement(,,attribute)
2019-12-06 11:18:41.550 DEBUG 7503 --- [kground-preinit] o.apache.tomcat.util.digester.Digester   :   New match='mbeans-descriptors/mbean/attribute'
2019-12-06 11:18:41.550 DEBUG 7503 --- [kground-preinit] o.apache.tomcat.util.digester.Digester   :   Fire begin() for ObjectCreateRule[className=org.apache.tomcat.util.modeler.AttributeInfo, attributeName=null]
2019-12-06 11:18:41.550 DEBUG 7503 --- [kground-preinit] o.apache.tomcat.util.digester.Digester   :   Fire begin() for SetPropertiesRule[]
2019-12-06 11:18:41.550 DEBUG 7503 --- [kground-preinit] o.apache.tomcat.util.digester.Digester   : [SetPropertiesRule]{mbeans-descriptors/mbean/attribute} Set org.apache.tomcat.util.modeler.AttributeInfo properties
2019-12-06 11:18:41.551 DEBUG 7503 --- [kground-preinit] o.apache.tomcat.util.digester.Digester   : [SetPropertiesRule]{mbeans-descriptors/mbean/attribute} Setting property 'name' to 'appBase'
2019-12-06 11:18:41.551 DEBUG 7503 --- [kground-preinit] o.apache.tomcat.util.IntrospectionUtils  : IntrospectionUtils: setProperty(class org.apache.tomcat.util.modeler.AttributeInfo name=appBase)
2019-12-06 11:18:41.551 DEBUG 7503 --- [kground-preinit] o.apache.tomcat.util.digester.Digester   : [SetPropertiesRule]{mbeans-descriptors/mbean/attribute} Setting property 'description' to 'The application root for this Host'
2019-12-06 11:18:41.551 DEBUG 7503 --- [kground-preinit] o.apache.tomcat.util.IntrospectionUtils  : IntrospectionUtils: setProperty(class org.apache.tomcat.util.modeler.AttributeInfo description=The application root for this Host)
2019-12-06 11:18:41.551 DEBUG 7503 --- [kground-preinit] o.apache.tomcat.util.digester.Digester   : [SetPropertiesRule]{mbeans-descriptors/mbean/attribute} Setting property 'type' to 'java.lang.String'
2019-12-06 11:18:41.551 DEBUG 7503 --- [kground-preinit] o.apache.tomcat.util.IntrospectionUtils  : IntrospectionUtils: setProperty(class org.apache.tomcat.util.modeler.AttributeInfo type=java.lang.String)
2019-12-06 11:18:41.551 DEBUG 7503 --- [kground-preinit] o.apache.tomcat.util.digester.Digester   :   Fire begin() for SetNextRule[methodName=addAttribute, paramType=org.apache.tomcat.util.modeler.AttributeInfo]
2019-12-06 11:18:41.551 DEBUG 7503 --- [kground-preinit] o.a.tomcat.util.digester.Digester.sax    : endElement(,,attribute)
2019-12-06 11:18:41.551 DEBUG 7503 --- [    Test worker] o.s.b.f.s.DefaultListableBeanFactory     : Creating shared instance of singleton bean 'indexController'
2019-12-06 11:18:41.551 DEBUG 7503 --- [kground-preinit] o.apache.tomcat.util.digester.Digester   :   match='mbeans-descriptors/mbean/attribute'
2019-12-06 11:18:41.551 DEBUG 7503 --- [kground-preinit] o.apache.tomcat.util.digester.Digester   :   bodyText=''
2019-12-06 11:18:41.551 DEBUG 7503 --- [kground-preinit] o.apache.tomcat.util.digester.Digester   :   Fire body() for ObjectCreateRule[className=org.apache.tomcat.util.modeler.AttributeInfo, attributeName=null]
2019-12-06 11:18:41.551 DEBUG 7503 --- [kground-preinit] o.apache.tomcat.util.digester.Digester   :   Fire body() for SetPropertiesRule[]
2019-12-06 11:18:41.551 DEBUG 7503 --- [kground-preinit] o.apache.tomcat.util.digester.Digester   :   Fire body() for SetNextRule[methodName=addAttribute, paramType=org.apache.tomcat.util.modeler.AttributeInfo]
2019-12-06 11:18:41.551 DEBUG 7503 --- [kground-preinit] o.apache.tomcat.util.digester.Digester   :   Fire end() for SetNextRule[methodName=addAttribute, paramType=org.apache.tomcat.util.modeler.AttributeInfo]
2019-12-06 11:18:41.552 DEBUG 7503 --- [kground-preinit] o.apache.tomcat.util.digester.Digester   : [SetNextRule]{mbeans-descriptors/mbean/attribute} Call org.apache.tomcat.util.modeler.ManagedBean.addAttribute(org.apache.tomcat.util.modeler.AttributeInfo@2170d025)
2019-12-06 11:18:41.552 DEBUG 7503 --- [kground-preinit] o.apache.tomcat.util.IntrospectionUtils  : IntrospectionUtils: callMethod1 org.apache.tomcat.util.modeler.ManagedBean org.apache.tomcat.util.modeler.AttributeInfo org.apache.tomcat.util.modeler.AttributeInfo
2019-12-06 11:18:41.552 DEBUG 7503 --- [kground-preinit] o.apache.tomcat.util.digester.Digester   :   Fire end() for SetPropertiesRule[]
2019-12-06 11:18:41.552 DEBUG 7503 --- [kground-preinit] o.apache.tomcat.util.digester.Digester   :   Fire end() for ObjectCreateRule[className=org.apache.tomcat.util.modeler.AttributeInfo, attributeName=null]
2019-12-06 11:18:41.552 DEBUG 7503 --- [kground-preinit] o.apache.tomcat.util.digester.Digester   : [ObjectCreateRule]{mbeans-descriptors/mbean/attribute} Pop org.apache.tomcat.util.modeler.AttributeInfo
2019-12-06 11:18:41.552 DEBUG 7503 --- [kground-preinit] o.a.tomcat.util.digester.Digester.sax    : characters(

    )
2019-12-06 11:18:41.552 DEBUG 7503 --- [kground-preinit] o.a.tomcat.util.digester.Digester.sax    : startElement(,,attribute)
2019-12-06 11:18:41.552 DEBUG 7503 --- [kground-preinit] o.apache.tomcat.util.digester.Digester   :   New match='mbeans-descriptors/mbean/attribute'
2019-12-06 11:18:41.552 DEBUG 7503 --- [kground-preinit] o.apache.tomcat.util.digester.Digester   :   Fire begin() for ObjectCreateRule[className=org.apache.tomcat.util.modeler.AttributeInfo, attributeName=null]
2019-12-06 11:18:41.552 DEBUG 7503 --- [kground-preinit] o.apache.tomcat.util.digester.Digester   :   Fire begin() for SetPropertiesRule[]
2019-12-06 11:18:41.552 DEBUG 7503 --- [kground-preinit] o.apache.tomcat.util.digester.Digester   : [SetPropertiesRule]{mbeans-descriptors/mbean/attribute} Set org.apache.tomcat.util.modeler.AttributeInfo properties
2019-12-06 11:18:41.552 DEBUG 7503 --- [kground-preinit] o.apache.tomcat.util.digester.Digester   : [SetPropertiesRule]{mbeans-descriptors/mbean/attribute} Setting property 'name' to 'autoDeploy'
2019-12-06 11:18:41.552 DEBUG 7503 --- [kground-preinit] o.apache.tomcat.util.IntrospectionUtils  : IntrospectionUtils: setProperty(class org.apache.tomcat.util.modeler.AttributeInfo name=autoDeploy)
2019-12-06 11:18:41.552 DEBUG 7503 --- [kground-preinit] o.apache.tomcat.util.digester.Digester   : [SetPropertiesRule]{mbeans-descriptors/mbean/attribute} Setting property 'description' to 'The auto deploy flag for this Host'
2019-12-06 11:18:41.553 DEBUG 7503 --- [kground-preinit] o.apache.tomcat.util.IntrospectionUtils  : IntrospectionUtils: setProperty(class org.apache.tomcat.util.modeler.AttributeInfo description=The auto deploy flag for this Host)
2019-12-06 11:18:41.553 DEBUG 7503 --- [kground-preinit] o.apache.tomcat.util.digester.Digester   : [SetPropertiesRule]{mbeans-descriptors/mbean/attribute} Setting property 'type' to 'boolean'
2019-12-06 11:18:41.553 DEBUG 7503 --- [kground-preinit] o.apache.tomcat.util.IntrospectionUtils  : IntrospectionUtils: setProperty(class org.apache.tomcat.util.modeler.AttributeInfo type=boolean)
2019-12-06 11:18:41.553 DEBUG 7503 --- [kground-preinit] o.apache.tomcat.util.digester.Digester   :   Fire begin() for SetNextRule[methodName=addAttribute, paramType=org.apache.tomcat.util.modeler.AttributeInfo]
2019-12-06 11:18:41.553 DEBUG 7503 --- [kground-preinit] o.a.tomcat.util.digester.Digester.sax    : endElement(,,attribute)
2019-12-06 11:18:41.553 DEBUG 7503 --- [kground-preinit] o.apache.tomcat.util.digester.Digester   :   match='mbeans-descriptors/mbean/attribute'
2019-12-06 11:18:41.553 DEBUG 7503 --- [kground-preinit] o.apache.tomcat.util.digester.Digester   :   bodyText=''
2019-12-06 11:18:41.553 DEBUG 7503 --- [    Test worker] o.s.b.f.s.DefaultListableBeanFactory     : Creating shared instance of singleton bean 'postsApiController'
2019-12-06 11:18:41.553 DEBUG 7503 --- [kground-preinit] o.apache.tomcat.util.digester.Digester   :   Fire body() for ObjectCreateRule[className=org.apache.tomcat.util.modeler.AttributeInfo, attributeName=null]
2019-12-06 11:18:41.553 DEBUG 7503 --- [kground-preinit] o.apache.tomcat.util.digester.Digester   :   Fire body() for SetPropertiesRule[]
2019-12-06 11:18:41.553 DEBUG 7503 --- [kground-preinit] o.apache.tomcat.util.digester.Digester   :   Fire body() for SetNextRule[methodName=addAttribute, paramType=org.apache.tomcat.util.modeler.AttributeInfo]
2019-12-06 11:18:41.553 DEBUG 7503 --- [kground-preinit] o.apache.tomcat.util.digester.Digester   :   Fire end() for SetNextRule[methodName=addAttribute, paramType=org.apache.tomcat.util.modeler.AttributeInfo]
2019-12-06 11:18:41.553 DEBUG 7503 --- [kground-preinit] o.apache.tomcat.util.digester.Digester   : [SetNextRule]{mbeans-descriptors/mbean/attribute} Call org.apache.tomcat.util.modeler.ManagedBean.addAttribute(org.apache.tomcat.util.modeler.AttributeInfo@2514bd5e)
2019-12-06 11:18:41.553 DEBUG 7503 --- [kground-preinit] o.apache.tomcat.util.IntrospectionUtils  : IntrospectionUtils: callMethod1 org.apache.tomcat.util.modeler.ManagedBean org.apache.tomcat.util.modeler.AttributeInfo org.apache.tomcat.util.modeler.AttributeInfo
2019-12-06 11:18:41.553 DEBUG 7503 --- [kground-preinit] o.apache.tomcat.util.digester.Digester   :   Fire end() for SetPropertiesRule[]
2019-12-06 11:18:41.553 DEBUG 7503 --- [kground-preinit] o.apache.tomcat.util.digester.Digester   :   Fire end() for ObjectCreateRule[className=org.apache.tomcat.util.modeler.AttributeInfo, attributeName=null]
2019-12-06 11:18:41.554 DEBUG 7503 --- [kground-preinit] o.apache.tomcat.util.digester.Digester   : [ObjectCreateRule]{mbeans-descriptors/mbean/attribute} Pop org.apache.tomcat.util.modeler.AttributeInfo
2019-12-06 11:18:41.554 DEBUG 7503 --- [kground-preinit] o.a.tomcat.util.digester.Digester.sax    : characters(

    )
2019-12-06 11:18:41.554 DEBUG 7503 --- [kground-preinit] o.a.tomcat.util.digester.Digester.sax    : startElement(,,attribute)
2019-12-06 11:18:41.554 DEBUG 7503 --- [kground-preinit] o.apache.tomcat.util.digester.Digester   :   New match='mbeans-descriptors/mbean/attribute'
2019-12-06 11:18:41.554 DEBUG 7503 --- [kground-preinit] o.apache.tomcat.util.digester.Digester   :   Fire begin() for ObjectCreateRule[className=org.apache.tomcat.util.modeler.AttributeInfo, attributeName=null]
2019-12-06 11:18:41.554 DEBUG 7503 --- [kground-preinit] o.apache.tomcat.util.digester.Digester   :   Fire begin() for SetPropertiesRule[]
2019-12-06 11:18:41.554 DEBUG 7503 --- [kground-preinit] o.apache.tomcat.util.digester.Digester   : [SetPropertiesRule]{mbeans-descriptors/mbean/attribute} Set org.apache.tomcat.util.modeler.AttributeInfo properties
2019-12-06 11:18:41.554 DEBUG 7503 --- [kground-preinit] o.apache.tomcat.util.digester.Digester   : [SetPropertiesRule]{mbeans-descriptors/mbean/attribute} Setting property 'name' to 'backgroundProcessorDelay'
2019-12-06 11:18:41.554 DEBUG 7503 --- [kground-preinit] o.apache.tomcat.util.IntrospectionUtils  : IntrospectionUtils: setProperty(class org.apache.tomcat.util.modeler.AttributeInfo name=backgroundProcessorDelay)
2019-12-06 11:18:41.554 DEBUG 7503 --- [kground-preinit] o.apache.tomcat.util.digester.Digester   : [SetPropertiesRule]{mbeans-descriptors/mbean/attribute} Setting property 'description' to 'The processor delay for this component.'
2019-12-06 11:18:41.554 DEBUG 7503 --- [kground-preinit] o.apache.tomcat.util.IntrospectionUtils  : IntrospectionUtils: setProperty(class org.apache.tomcat.util.modeler.AttributeInfo description=The processor delay for this component.)
2019-12-06 11:18:41.554 DEBUG 7503 --- [kground-preinit] o.apache.tomcat.util.digester.Digester   : [SetPropertiesRule]{mbeans-descriptors/mbean/attribute} Setting property 'type' to 'int'
2019-12-06 11:18:41.554 DEBUG 7503 --- [kground-preinit] o.apache.tomcat.util.IntrospectionUtils  : IntrospectionUtils: setProperty(class org.apache.tomcat.util.modeler.AttributeInfo type=int)
2019-12-06 11:18:41.554 DEBUG 7503 --- [kground-preinit] o.apache.tomcat.util.digester.Digester   :   Fire begin() for SetNextRule[methodName=addAttribute, paramType=org.apache.tomcat.util.modeler.AttributeInfo]
2019-12-06 11:18:41.554 DEBUG 7503 --- [kground-preinit] o.a.tomcat.util.digester.Digester.sax    : endElement(,,attribute)
2019-12-06 11:18:41.554 DEBUG 7503 --- [kground-preinit] o.apache.tomcat.util.digester.Digester   :   match='mbeans-descriptors/mbean/attribute'
2019-12-06 11:18:41.555 DEBUG 7503 --- [kground-preinit] o.apache.tomcat.util.digester.Digester   :   bodyText=''
2019-12-06 11:18:41.555 DEBUG 7503 --- [kground-preinit] o.apache.tomcat.util.digester.Digester   :   Fire body() for ObjectCreateRule[className=org.apache.tomcat.util.modeler.AttributeInfo, attributeName=null]
2019-12-06 11:18:41.555 DEBUG 7503 --- [kground-preinit] o.apache.tomcat.util.digester.Digester   :   Fire body() for SetPropertiesRule[]
2019-12-06 11:18:41.555 DEBUG 7503 --- [kground-preinit] o.apache.tomcat.util.digester.Digester   :   Fire body() for SetNextRule[methodName=addAttribute, paramType=org.apache.tomcat.util.modeler.AttributeInfo]
2019-12-06 11:18:41.555 DEBUG 7503 --- [kground-preinit] o.apache.tomcat.util.digester.Digester   :   Fire end() for SetNextRule[methodName=addAttribute, paramType=org.apache.tomcat.util.modeler.AttributeInfo]
2019-12-06 11:18:41.555 DEBUG 7503 --- [kground-preinit] o.apache.tomcat.util.digester.Digester   : [SetNextRule]{mbeans-descriptors/mbean/attribute} Call org.apache.tomcat.util.modeler.ManagedBean.addAttribute(org.apache.tomcat.util.modeler.AttributeInfo@83dc848)
2019-12-06 11:18:41.555 DEBUG 7503 --- [kground-preinit] o.apache.tomcat.util.IntrospectionUtils  : IntrospectionUtils: callMethod1 org.apache.tomcat.util.modeler.ManagedBean org.apache.tomcat.util.modeler.AttributeInfo org.apache.tomcat.util.modeler.AttributeInfo
2019-12-06 11:18:41.555 DEBUG 7503 --- [kground-preinit] o.apache.tomcat.util.digester.Digester   :   Fire end() for SetPropertiesRule[]
2019-12-06 11:18:41.555 DEBUG 7503 --- [kground-preinit] o.apache.tomcat.util.digester.Digester   :   Fire end() for ObjectCreateRule[className=org.apache.tomcat.util.modeler.AttributeInfo, attributeName=null]
2019-12-06 11:18:41.555 DEBUG 7503 --- [kground-preinit] o.apache.tomcat.util.digester.Digester   : [ObjectCreateRule]{mbeans-descriptors/mbean/attribute} Pop org.apache.tomcat.util.modeler.AttributeInfo
2019-12-06 11:18:41.555 DEBUG 7503 --- [kground-preinit] o.a.tomcat.util.digester.Digester.sax    : characters(

    )
2019-12-06 11:18:41.555 DEBUG 7503 --- [kground-preinit] o.a.tomcat.util.digester.Digester.sax    : startElement(,,attribute)
2019-12-06 11:18:41.555 DEBUG 7503 --- [kground-preinit] o.apache.tomcat.util.digester.Digester   :   New match='mbeans-descriptors/mbean/attribute'
2019-12-06 11:18:41.555 DEBUG 7503 --- [kground-preinit] o.apache.tomcat.util.digester.Digester   :   Fire begin() for ObjectCreateRule[className=org.apache.tomcat.util.modeler.AttributeInfo, attributeName=null]
2019-12-06 11:18:41.555 DEBUG 7503 --- [kground-preinit] o.apache.tomcat.util.digester.Digester   :   Fire begin() for SetPropertiesRule[]
2019-12-06 11:18:41.556 DEBUG 7503 --- [kground-preinit] o.apache.tomcat.util.digester.Digester   : [SetPropertiesRule]{mbeans-descriptors/mbean/attribute} Set org.apache.tomcat.util.modeler.AttributeInfo properties
2019-12-06 11:18:41.556 DEBUG 7503 --- [kground-preinit] o.apache.tomcat.util.digester.Digester   : [SetPropertiesRule]{mbeans-descriptors/mbean/attribute} Setting property 'name' to 'children'
2019-12-06 11:18:41.556 DEBUG 7503 --- [kground-preinit] o.apache.tomcat.util.IntrospectionUtils  : IntrospectionUtils: setProperty(class org.apache.tomcat.util.modeler.AttributeInfo name=children)
2019-12-06 11:18:41.556 DEBUG 7503 --- [kground-preinit] o.apache.tomcat.util.digester.Digester   : [SetPropertiesRule]{mbeans-descriptors/mbean/attribute} Setting property 'description' to 'Object names of all children'
2019-12-06 11:18:41.556 DEBUG 7503 --- [kground-preinit] o.apache.tomcat.util.IntrospectionUtils  : IntrospectionUtils: setProperty(class org.apache.tomcat.util.modeler.AttributeInfo description=Object names of all children)
2019-12-06 11:18:41.556 DEBUG 7503 --- [kground-preinit] o.apache.tomcat.util.digester.Digester   : [SetPropertiesRule]{mbeans-descriptors/mbean/attribute} Setting property 'type' to '[Ljavax.management.ObjectName;'
2019-12-06 11:18:41.556 DEBUG 7503 --- [kground-preinit] o.apache.tomcat.util.IntrospectionUtils  : IntrospectionUtils: setProperty(class org.apache.tomcat.util.modeler.AttributeInfo type=[Ljavax.management.ObjectName;)
2019-12-06 11:18:41.556 DEBUG 7503 --- [kground-preinit] o.apache.tomcat.util.digester.Digester   :   Fire begin() for SetNextRule[methodName=addAttribute, paramType=org.apache.tomcat.util.modeler.AttributeInfo]
2019-12-06 11:18:41.556 DEBUG 7503 --- [kground-preinit] o.a.tomcat.util.digester.Digester.sax    : endElement(,,attribute)
2019-12-06 11:18:41.556 DEBUG 7503 --- [kground-preinit] o.apache.tomcat.util.digester.Digester   :   match='mbeans-descriptors/mbean/attribute'
2019-12-06 11:18:41.556 DEBUG 7503 --- [kground-preinit] o.apache.tomcat.util.digester.Digester   :   bodyText=''
2019-12-06 11:18:41.556 DEBUG 7503 --- [kground-preinit] o.apache.tomcat.util.digester.Digester   :   Fire body() for ObjectCreateRule[className=org.apache.tomcat.util.modeler.AttributeInfo, attributeName=null]
2019-12-06 11:18:41.556 DEBUG 7503 --- [kground-preinit] o.apache.tomcat.util.digester.Digester   :   Fire body() for SetPropertiesRule[]
2019-12-06 11:18:41.556 DEBUG 7503 --- [kground-preinit] o.apache.tomcat.util.digester.Digester   :   Fire body() for SetNextRule[methodName=addAttribute, paramType=org.apache.tomcat.util.modeler.AttributeInfo]
2019-12-06 11:18:41.557 DEBUG 7503 --- [kground-preinit] o.apache.tomcat.util.digester.Digester   :   Fire end() for SetNextRule[methodName=addAttribute, paramType=org.apache.tomcat.util.modeler.AttributeInfo]
2019-12-06 11:18:41.557 DEBUG 7503 --- [kground-preinit] o.apache.tomcat.util.digester.Digester   : [SetNextRule]{mbeans-descriptors/mbean/attribute} Call org.apache.tomcat.util.modeler.ManagedBean.addAttribute(org.apache.tomcat.util.modeler.AttributeInfo@117e90de)
2019-12-06 11:18:41.557 DEBUG 7503 --- [kground-preinit] o.apache.tomcat.util.IntrospectionUtils  : IntrospectionUtils: callMethod1 org.apache.tomcat.util.modeler.ManagedBean org.apache.tomcat.util.modeler.AttributeInfo org.apache.tomcat.util.modeler.AttributeInfo
2019-12-06 11:18:41.557 DEBUG 7503 --- [kground-preinit] o.apache.tomcat.util.digester.Digester   :   Fire end() for SetPropertiesRule[]
2019-12-06 11:18:41.557 DEBUG 7503 --- [kground-preinit] o.apache.tomcat.util.digester.Digester   :   Fire end() for ObjectCreateRule[className=org.apache.tomcat.util.modeler.AttributeInfo, attributeName=null]
2019-12-06 11:18:41.557 DEBUG 7503 --- [kground-preinit] o.apache.tomcat.util.digester.Digester   : [ObjectCreateRule]{mbeans-descriptors/mbean/attribute} Pop org.apache.tomcat.util.modeler.AttributeInfo
2019-12-06 11:18:41.557 DEBUG 7503 --- [kground-preinit] o.a.tomcat.util.digester.Digester.sax    : characters(

    )
2019-12-06 11:18:41.557 DEBUG 7503 --- [kground-preinit] o.a.tomcat.util.digester.Digester.sax    : startElement(,,attribute)
2019-12-06 11:18:41.558 DEBUG 7503 --- [kground-preinit] o.apache.tomcat.util.digester.Digester   :   New match='mbeans-descriptors/mbean/attribute'
2019-12-06 11:18:41.558 DEBUG 7503 --- [kground-preinit] o.apache.tomcat.util.digester.Digester   :   Fire begin() for ObjectCreateRule[className=org.apache.tomcat.util.modeler.AttributeInfo, attributeName=null]
2019-12-06 11:18:41.558 DEBUG 7503 --- [kground-preinit] o.apache.tomcat.util.digester.Digester   :   Fire begin() for SetPropertiesRule[]
2019-12-06 11:18:41.558 DEBUG 7503 --- [kground-preinit] o.apache.tomcat.util.digester.Digester   : [SetPropertiesRule]{mbeans-descriptors/mbean/attribute} Set org.apache.tomcat.util.modeler.AttributeInfo properties
2019-12-06 11:18:41.558 DEBUG 7503 --- [kground-preinit] o.apache.tomcat.util.digester.Digester   : [SetPropertiesRule]{mbeans-descriptors/mbean/attribute} Setting property 'name' to 'configClass'
2019-12-06 11:18:41.558 DEBUG 7503 --- [kground-preinit] o.apache.tomcat.util.IntrospectionUtils  : IntrospectionUtils: setProperty(class org.apache.tomcat.util.modeler.AttributeInfo name=configClass)
2019-12-06 11:18:41.558 DEBUG 7503 --- [kground-preinit] o.apache.tomcat.util.digester.Digester   : [SetPropertiesRule]{mbeans-descriptors/mbean/attribute} Setting property 'description' to 'The configuration class for contexts'
2019-12-06 11:18:41.558 DEBUG 7503 --- [kground-preinit] o.apache.tomcat.util.IntrospectionUtils  : IntrospectionUtils: setProperty(class org.apache.tomcat.util.modeler.AttributeInfo description=The configuration class for contexts)
2019-12-06 11:18:41.558 DEBUG 7503 --- [kground-preinit] o.apache.tomcat.util.digester.Digester   : [SetPropertiesRule]{mbeans-descriptors/mbean/attribute} Setting property 'type' to 'java.lang.String'
2019-12-06 11:18:41.558 DEBUG 7503 --- [kground-preinit] o.apache.tomcat.util.IntrospectionUtils  : IntrospectionUtils: setProperty(class org.apache.tomcat.util.modeler.AttributeInfo type=java.lang.String)
2019-12-06 11:18:41.558 DEBUG 7503 --- [kground-preinit] o.apache.tomcat.util.digester.Digester   :   Fire begin() for SetNextRule[methodName=addAttribute, paramType=org.apache.tomcat.util.modeler.AttributeInfo]
2019-12-06 11:18:41.558 DEBUG 7503 --- [kground-preinit] o.a.tomcat.util.digester.Digester.sax    : endElement(,,attribute)
2019-12-06 11:18:41.558 DEBUG 7503 --- [kground-preinit] o.apache.tomcat.util.digester.Digester   :   match='mbeans-descriptors/mbean/attribute'
2019-12-06 11:18:41.558 DEBUG 7503 --- [kground-preinit] o.apache.tomcat.util.digester.Digester   :   bodyText=''
2019-12-06 11:18:41.558 DEBUG 7503 --- [kground-preinit] o.apache.tomcat.util.digester.Digester   :   Fire body() for ObjectCreateRule[className=org.apache.tomcat.util.modeler.AttributeInfo, attributeName=null]
2019-12-06 11:18:41.558  WARN 7503 --- [    Test worker] o.s.w.c.s.GenericWebApplicationContext   : Exception encountered during context initialization - cancelling refresh attempt: org.springframework.beans.factory.UnsatisfiedDependencyException: Error creating bean with name 'postsApiController' defined in file [/Users/govlmo91/IdeaProjects/jojoldubook/build/classes/java/main/kr/gracelove/jojoldu/springboot/web/PostsApiController.class]: Unsatisfied dependency expressed through constructor parameter 0; nested exception is org.springframework.beans.factory.NoSuchBeanDefinitionException: No qualifying bean of type 'kr.gracelove.jojoldu.springboot.service.posts.PostsService' available: expected at least 1 bean which qualifies as autowire candidate. Dependency annotations: {}
2019-12-06 11:18:41.558 DEBUG 7503 --- [kground-preinit] o.apache.tomcat.util.digester.Digester   :   Fire body() for SetPropertiesRule[]
2019-12-06 11:18:41.558 DEBUG 7503 --- [kground-preinit] o.apache.tomcat.util.digester.Digester   :   Fire body() for SetNextRule[methodName=addAttribute, paramType=org.apache.tomcat.util.modeler.AttributeInfo]
2019-12-06 11:18:41.558 DEBUG 7503 --- [kground-preinit] o.apache.tomcat.util.digester.Digester   :   Fire end() for SetNextRule[methodName=addAttribute, paramType=org.apache.tomcat.util.modeler.AttributeInfo]
2019-12-06 11:18:41.559 DEBUG 7503 --- [kground-preinit] o.apache.tomcat.util.digester.Digester   : [SetNextRule]{mbeans-descriptors/mbean/attribute} Call org.apache.tomcat.util.modeler.ManagedBean.addAttribute(org.apache.tomcat.util.modeler.AttributeInfo@504fcff0)
2019-12-06 11:18:41.559 DEBUG 7503 --- [kground-preinit] o.apache.tomcat.util.IntrospectionUtils  : IntrospectionUtils: callMethod1 org.apache.tomcat.util.modeler.ManagedBean org.apache.tomcat.util.modeler.AttributeInfo org.apache.tomcat.util.modeler.AttributeInfo
2019-12-06 11:18:41.559 DEBUG 7503 --- [kground-preinit] o.apache.tomcat.util.digester.Digester   :   Fire end() for SetPropertiesRule[]
2019-12-06 11:18:41.559 DEBUG 7503 --- [kground-preinit] o.apache.tomcat.util.digester.Digester   :   Fire end() for ObjectCreateRule[className=org.apache.tomcat.util.modeler.AttributeInfo, attributeName=null]
2019-12-06 11:18:41.559 DEBUG 7503 --- [kground-preinit] o.apache.tomcat.util.digester.Digester   : [ObjectCreateRule]{mbeans-descriptors/mbean/attribute} Pop org.apache.tomcat.util.modeler.AttributeInfo
2019-12-06 11:18:41.559 DEBUG 7503 --- [kground-preinit] o.a.tomcat.util.digester.Digester.sax    : characters(

    )
2019-12-06 11:18:41.559 DEBUG 7503 --- [kground-preinit] o.a.tomcat.util.digester.Digester.sax    : startElement(,,attribute)
2019-12-06 11:18:41.559 DEBUG 7503 --- [kground-preinit] o.apache.tomcat.util.digester.Digester   :   New match='mbeans-descriptors/mbean/attribute'
2019-12-06 11:18:41.559 DEBUG 7503 --- [kground-preinit] o.apache.tomcat.util.digester.Digester   :   Fire begin() for ObjectCreateRule[className=org.apache.tomcat.util.modeler.AttributeInfo, attributeName=null]
2019-12-06 11:18:41.559 DEBUG 7503 --- [kground-preinit] o.apache.tomcat.util.digester.Digester   :   Fire begin() for SetPropertiesRule[]
2019-12-06 11:18:41.559 DEBUG 7503 --- [kground-preinit] o.apache.tomcat.util.digester.Digester   : [SetPropertiesRule]{mbeans-descriptors/mbean/attribute} Set org.apache.tomcat.util.modeler.AttributeInfo properties
2019-12-06 11:18:41.559 DEBUG 7503 --- [kground-preinit] o.apache.tomcat.util.digester.Digester   : [SetPropertiesRule]{mbeans-descriptors/mbean/attribute} Setting property 'name' to 'contextClass'
2019-12-06 11:18:41.559 DEBUG 7503 --- [kground-preinit] o.apache.tomcat.util.IntrospectionUtils  : IntrospectionUtils: setProperty(class org.apache.tomcat.util.modeler.AttributeInfo name=contextClass)
2019-12-06 11:18:41.559 DEBUG 7503 --- [kground-preinit] o.apache.tomcat.util.digester.Digester   : [SetPropertiesRule]{mbeans-descriptors/mbean/attribute} Setting property 'description' to 'The Java class name of the default Context implementation class for deployed web applications.'
2019-12-06 11:18:41.559 DEBUG 7503 --- [kground-preinit] o.apache.tomcat.util.IntrospectionUtils  : IntrospectionUtils: setProperty(class org.apache.tomcat.util.modeler.AttributeInfo description=The Java class name of the default Context implementation class for deployed web applications.)
2019-12-06 11:18:41.559 DEBUG 7503 --- [kground-preinit] o.apache.tomcat.util.digester.Digester   : [SetPropertiesRule]{mbeans-descriptors/mbean/attribute} Setting property 'type' to 'java.lang.String'
2019-12-06 11:18:41.560 DEBUG 7503 --- [kground-preinit] o.apache.tomcat.util.IntrospectionUtils  : IntrospectionUtils: setProperty(class org.apache.tomcat.util.modeler.AttributeInfo type=java.lang.String)
2019-12-06 11:18:41.560 DEBUG 7503 --- [kground-preinit] o.apache.tomcat.util.digester.Digester   : [SetPropertiesRule]{mbeans-descriptors/mbean/attribute} Setting property 'writeable' to 'false'
2019-12-06 11:18:41.560 DEBUG 7503 --- [kground-preinit] o.apache.tomcat.util.IntrospectionUtils  : IntrospectionUtils: setProperty(class org.apache.tomcat.util.modeler.AttributeInfo writeable=false)
2019-12-06 11:18:41.560 DEBUG 7503 --- [kground-preinit] o.apache.tomcat.util.digester.Digester   :   Fire begin() for SetNextRule[methodName=addAttribute, paramType=org.apache.tomcat.util.modeler.AttributeInfo]
2019-12-06 11:18:41.560 DEBUG 7503 --- [kground-preinit] o.a.tomcat.util.digester.Digester.sax    : endElement(,,attribute)
2019-12-06 11:18:41.560 DEBUG 7503 --- [kground-preinit] o.apache.tomcat.util.digester.Digester   :   match='mbeans-descriptors/mbean/attribute'
2019-12-06 11:18:41.560 DEBUG 7503 --- [kground-preinit] o.apache.tomcat.util.digester.Digester   :   bodyText=''
2019-12-06 11:18:41.560 DEBUG 7503 --- [kground-preinit] o.apache.tomcat.util.digester.Digester   :   Fire body() for ObjectCreateRule[className=org.apache.tomcat.util.modeler.AttributeInfo, attributeName=null]
2019-12-06 11:18:41.560 DEBUG 7503 --- [kground-preinit] o.apache.tomcat.util.digester.Digester   :   Fire body() for SetPropertiesRule[]
2019-12-06 11:18:41.560 DEBUG 7503 --- [kground-preinit] o.apache.tomcat.util.digester.Digester   :   Fire body() for SetNextRule[methodName=addAttribute, paramType=org.apache.tomcat.util.modeler.AttributeInfo]
2019-12-06 11:18:41.560 DEBUG 7503 --- [kground-preinit] o.apache.tomcat.util.digester.Digester   :   Fire end() for SetNextRule[methodName=addAttribute, paramType=org.apache.tomcat.util.modeler.AttributeInfo]
2019-12-06 11:18:41.560 DEBUG 7503 --- [kground-preinit] o.apache.tomcat.util.digester.Digester   : [SetNextRule]{mbeans-descriptors/mbean/attribute} Call org.apache.tomcat.util.modeler.ManagedBean.addAttribute(org.apache.tomcat.util.modeler.AttributeInfo@35525d47)
2019-12-06 11:18:41.560 DEBUG 7503 --- [kground-preinit] o.apache.tomcat.util.IntrospectionUtils  : IntrospectionUtils: callMethod1 org.apache.tomcat.util.modeler.ManagedBean org.apache.tomcat.util.modeler.AttributeInfo org.apache.tomcat.util.modeler.AttributeInfo
2019-12-06 11:18:41.560 DEBUG 7503 --- [kground-preinit] o.apache.tomcat.util.digester.Digester   :   Fire end() for SetPropertiesRule[]
2019-12-06 11:18:41.560 DEBUG 7503 --- [kground-preinit] o.apache.tomcat.util.digester.Digester   :   Fire end() for ObjectCreateRule[className=org.apache.tomcat.util.modeler.AttributeInfo, attributeName=null]
2019-12-06 11:18:41.560 DEBUG 7503 --- [kground-preinit] o.apache.tomcat.util.digester.Digester   : [ObjectCreateRule]{mbeans-descriptors/mbean/attribute} Pop org.apache.tomcat.util.modeler.AttributeInfo
2019-12-06 11:18:41.561 DEBUG 7503 --- [kground-preinit] o.a.tomcat.util.digester.Digester.sax    : characters(

    )
2019-12-06 11:18:41.561 DEBUG 7503 --- [kground-preinit] o.a.tomcat.util.digester.Digester.sax    : startElement(,,attribute)
2019-12-06 11:18:41.561 DEBUG 7503 --- [kground-preinit] o.apache.tomcat.util.digester.Digester   :   New match='mbeans-descriptors/mbean/attribute'
2019-12-06 11:18:41.561 DEBUG 7503 --- [kground-preinit] o.apache.tomcat.util.digester.Digester   :   Fire begin() for ObjectCreateRule[className=org.apache.tomcat.util.modeler.AttributeInfo, attributeName=null]
2019-12-06 11:18:41.561 DEBUG 7503 --- [kground-preinit] o.apache.tomcat.util.digester.Digester   :   Fire begin() for SetPropertiesRule[]
2019-12-06 11:18:41.561 DEBUG 7503 --- [kground-preinit] o.apache.tomcat.util.digester.Digester   : [SetPropertiesRule]{mbeans-descriptors/mbean/attribute} Set org.apache.tomcat.util.modeler.AttributeInfo properties
2019-12-06 11:18:41.561 DEBUG 7503 --- [kground-preinit] o.apache.tomcat.util.digester.Digester   : [SetPropertiesRule]{mbeans-descriptors/mbean/attribute} Setting property 'name' to 'copyXML'
2019-12-06 11:18:41.561 DEBUG 7503 --- [kground-preinit] o.apache.tomcat.util.IntrospectionUtils  : IntrospectionUtils: setProperty(class org.apache.tomcat.util.modeler.AttributeInfo name=copyXML)
2019-12-06 11:18:41.561 DEBUG 7503 --- [kground-preinit] o.apache.tomcat.util.digester.Digester   : [SetPropertiesRule]{mbeans-descriptors/mbean/attribute} Setting property 'description' to 'Should XML files be copied to $CATALINA_BASE/conf/{engine}/{host} by default when a web application is deployed?'
2019-12-06 11:18:41.561 DEBUG 7503 --- [kground-preinit] o.apache.tomcat.util.IntrospectionUtils  : IntrospectionUtils: setProperty(class org.apache.tomcat.util.modeler.AttributeInfo description=Should XML files be copied to $CATALINA_BASE/conf/{engine}/{host} by default when a web application is deployed?)
2019-12-06 11:18:41.561 DEBUG 7503 --- [kground-preinit] o.apache.tomcat.util.digester.Digester   : [SetPropertiesRule]{mbeans-descriptors/mbean/attribute} Setting property 'is' to 'true'
2019-12-06 11:18:41.561 DEBUG 7503 --- [kground-preinit] o.apache.tomcat.util.IntrospectionUtils  : IntrospectionUtils: setProperty(class org.apache.tomcat.util.modeler.AttributeInfo is=true)
2019-12-06 11:18:41.561 DEBUG 7503 --- [kground-preinit] o.apache.tomcat.util.digester.Digester   : [SetPropertiesRule]{mbeans-descriptors/mbean/attribute} Setting property 'type' to 'boolean'
2019-12-06 11:18:41.561 DEBUG 7503 --- [kground-preinit] o.apache.tomcat.util.IntrospectionUtils  : IntrospectionUtils: setProperty(class org.apache.tomcat.util.modeler.AttributeInfo type=boolean)
2019-12-06 11:18:41.561 DEBUG 7503 --- [kground-preinit] o.apache.tomcat.util.digester.Digester   :   Fire begin() for SetNextRule[methodName=addAttribute, paramType=org.apache.tomcat.util.modeler.AttributeInfo]
2019-12-06 11:18:41.562 DEBUG 7503 --- [kground-preinit] o.a.tomcat.util.digester.Digester.sax    : endElement(,,attribute)
2019-12-06 11:18:41.562 DEBUG 7503 --- [kground-preinit] o.apache.tomcat.util.digester.Digester   :   match='mbeans-descriptors/mbean/attribute'
2019-12-06 11:18:41.562 DEBUG 7503 --- [kground-preinit] o.apache.tomcat.util.digester.Digester   :   bodyText=''
2019-12-06 11:18:41.562 DEBUG 7503 --- [kground-preinit] o.apache.tomcat.util.digester.Digester   :   Fire body() for ObjectCreateRule[className=org.apache.tomcat.util.modeler.AttributeInfo, attributeName=null]
2019-12-06 11:18:41.562 DEBUG 7503 --- [kground-preinit] o.apache.tomcat.util.digester.Digester   :   Fire body() for SetPropertiesRule[]
2019-12-06 11:18:41.562 DEBUG 7503 --- [kground-preinit] o.apache.tomcat.util.digester.Digester   :   Fire body() for SetNextRule[methodName=addAttribute, paramType=org.apache.tomcat.util.modeler.AttributeInfo]
2019-12-06 11:18:41.562 DEBUG 7503 --- [kground-preinit] o.apache.tomcat.util.digester.Digester   :   Fire end() for SetNextRule[methodName=addAttribute, paramType=org.apache.tomcat.util.modeler.AttributeInfo]
2019-12-06 11:18:41.562 DEBUG 7503 --- [kground-preinit] o.apache.tomcat.util.digester.Digester   : [SetNextRule]{mbeans-descriptors/mbean/attribute} Call org.apache.tomcat.util.modeler.ManagedBean.addAttribute(org.apache.tomcat.util.modeler.AttributeInfo@4751c13a)
2019-12-06 11:18:41.562 DEBUG 7503 --- [kground-preinit] o.apache.tomcat.util.IntrospectionUtils  : IntrospectionUtils: callMethod1 org.apache.tomcat.util.modeler.ManagedBean org.apache.tomcat.util.modeler.AttributeInfo org.apache.tomcat.util.modeler.AttributeInfo
2019-12-06 11:18:41.562 DEBUG 7503 --- [kground-preinit] o.apache.tomcat.util.digester.Digester   :   Fire end() for SetPropertiesRule[]
2019-12-06 11:18:41.562 DEBUG 7503 --- [kground-preinit] o.apache.tomcat.util.digester.Digester   :   Fire end() for ObjectCreateRule[className=org.apache.tomcat.util.modeler.AttributeInfo, attributeName=null]
2019-12-06 11:18:41.562 DEBUG 7503 --- [kground-preinit] o.apache.tomcat.util.digester.Digester   : [ObjectCreateRule]{mbeans-descriptors/mbean/attribute} Pop org.apache.tomcat.util.modeler.AttributeInfo
2019-12-06 11:18:41.562 DEBUG 7503 --- [kground-preinit] o.a.tomcat.util.digester.Digester.sax    : characters(

    )
2019-12-06 11:18:41.562 DEBUG 7503 --- [kground-preinit] o.a.tomcat.util.digester.Digester.sax    : startElement(,,attribute)
2019-12-06 11:18:41.562 DEBUG 7503 --- [kground-preinit] o.apache.tomcat.util.digester.Digester   :   New match='mbeans-descriptors/mbean/attribute'
2019-12-06 11:18:41.562 DEBUG 7503 --- [kground-preinit] o.apache.tomcat.util.digester.Digester   :   Fire begin() for ObjectCreateRule[className=org.apache.tomcat.util.modeler.AttributeInfo, attributeName=null]
2019-12-06 11:18:41.562 DEBUG 7503 --- [kground-preinit] o.apache.tomcat.util.digester.Digester   :   Fire begin() for SetPropertiesRule[]
2019-12-06 11:18:41.562 DEBUG 7503 --- [kground-preinit] o.apache.tomcat.util.digester.Digester   : [SetPropertiesRule]{mbeans-descriptors/mbean/attribute} Set org.apache.tomcat.util.modeler.AttributeInfo properties
2019-12-06 11:18:41.562 DEBUG 7503 --- [kground-preinit] o.apache.tomcat.util.digester.Digester   : [SetPropertiesRule]{mbeans-descriptors/mbean/attribute} Setting property 'name' to 'createDirs'
2019-12-06 11:18:41.562 DEBUG 7503 --- [kground-preinit] o.apache.tomcat.util.IntrospectionUtils  : IntrospectionUtils: setProperty(class org.apache.tomcat.util.modeler.AttributeInfo name=createDirs)
2019-12-06 11:18:41.563 DEBUG 7503 --- [kground-preinit] o.apache.tomcat.util.digester.Digester   : [SetPropertiesRule]{mbeans-descriptors/mbean/attribute} Setting property 'description' to 'Should we create directories upon startup for appBase and xmlBase? '
2019-12-06 11:18:41.563 DEBUG 7503 --- [kground-preinit] o.apache.tomcat.util.IntrospectionUtils  : IntrospectionUtils: setProperty(class org.apache.tomcat.util.modeler.AttributeInfo description=Should we create directories upon startup for appBase and xmlBase? )
2019-12-06 11:18:41.563 DEBUG 7503 --- [kground-preinit] o.apache.tomcat.util.digester.Digester   : [SetPropertiesRule]{mbeans-descriptors/mbean/attribute} Setting property 'type' to 'boolean'
2019-12-06 11:18:41.563 DEBUG 7503 --- [kground-preinit] o.apache.tomcat.util.IntrospectionUtils  : IntrospectionUtils: setProperty(class org.apache.tomcat.util.modeler.AttributeInfo type=boolean)
2019-12-06 11:18:41.563 DEBUG 7503 --- [kground-preinit] o.apache.tomcat.util.digester.Digester   :   Fire begin() for SetNextRule[methodName=addAttribute, paramType=org.apache.tomcat.util.modeler.AttributeInfo]
2019-12-06 11:18:41.563 DEBUG 7503 --- [kground-preinit] o.a.tomcat.util.digester.Digester.sax    : endElement(,,attribute)
2019-12-06 11:18:41.563 DEBUG 7503 --- [kground-preinit] o.apache.tomcat.util.digester.Digester   :   match='mbeans-descriptors/mbean/attribute'
2019-12-06 11:18:41.563 DEBUG 7503 --- [kground-preinit] o.apache.tomcat.util.digester.Digester   :   bodyText=''
2019-12-06 11:18:41.563 DEBUG 7503 --- [kground-preinit] o.apache.tomcat.util.digester.Digester   :   Fire body() for ObjectCreateRule[className=org.apache.tomcat.util.modeler.AttributeInfo, attributeName=null]
2019-12-06 11:18:41.563 DEBUG 7503 --- [kground-preinit] o.apache.tomcat.util.digester.Digester   :   Fire body() for SetPropertiesRule[]
2019-12-06 11:18:41.563 DEBUG 7503 --- [kground-preinit] o.apache.tomcat.util.digester.Digester   :   Fire body() for SetNextRule[methodName=addAttribute, paramType=org.apache.tomcat.util.modeler.AttributeInfo]
2019-12-06 11:18:41.563 DEBUG 7503 --- [kground-preinit] o.apache.tomcat.util.digester.Digester   :   Fire end() for SetNextRule[methodName=addAttribute, paramType=org.apache.tomcat.util.modeler.AttributeInfo]
2019-12-06 11:18:41.563 DEBUG 7503 --- [kground-preinit] o.apache.tomcat.util.digester.Digester   : [SetNextRule]{mbeans-descriptors/mbean/attribute} Call org.apache.tomcat.util.modeler.ManagedBean.addAttribute(org.apache.tomcat.util.modeler.AttributeInfo@40f70644)
2019-12-06 11:18:42.140 DEBUG 7503 --- [    Test worker] .c.l.ClasspathLoggingApplicationListener : Application failed to start with classpath: [file:/Users/govlmo91/.gradle/caches/5.5.1/workerMain/gradle-worker.jar, file:/Users/govlmo91/IdeaProjects/jojoldubook/build/classes/java/test/, file:/Users/govlmo91/IdeaProjects/jojoldubook/build/resources/test, file:/Users/govlmo91/IdeaProjects/jojoldubook/build/classes/java/main/, file:/Users/govlmo91/IdeaProjects/jojoldubook/build/resources/main/, file:/Users/govlmo91/.gradle/caches/modules-2/files-2.1/org.springframework.boot/spring-boot-starter-mustache/2.1.7.RELEASE/c52b1725d81a61eac91af3196a65c17adef75357/spring-boot-starter-mustache-2.1.7.RELEASE.jar, file:/Users/govlmo91/.gradle/caches/modules-2/files-2.1/org.projectlombok/lombok/1.18.8/448003bc1b234aac04b58e27d7755c12c3ec4236/lombok-1.18.8.jar, file:/Users/govlmo91/.gradle/caches/modules-2/files-2.1/org.springframework.boot/spring-boot-starter-web/2.1.7.RELEASE/fa43baf40bde3ecdb93ac9c545dd39f82ab29c35/spring-boot-starter-web-2.1.7.RELEASE.jar, file:/Users/govlmo91/.gradle/caches/modules-2/files-2.1/org.springframework.boot/spring-boot-starter-data-jpa/2.1.7.RELEASE/5e4a5d5442f32f5e12b36674a620ec57b0b66c6e/spring-boot-starter-data-jpa-2.1.7.RELEASE.jar, file:/Users/govlmo91/.gradle/caches/modules-2/files-2.1/com.h2database/h2/1.4.199/7bf08152984ed8859740ae3f97fae6c72771ae45/h2-1.4.199.jar, file:/Users/govlmo91/.gradle/caches/modules-2/files-2.1/org.springframework.boot/spring-boot-starter-test/2.1.7.RELEASE/39e82379a28c217ab892eb00ef601dc0571f56a4/spring-boot-starter-test-2.1.7.RELEASE.jar, file:/Users/govlmo91/.gradle/caches/modules-2/files-2.1/org.springframework.boot/spring-boot-starter-json/2.1.7.RELEASE/9c12f046a7c4ae110d89163a491ad0d7cf036e79/spring-boot-starter-json-2.1.7.RELEASE.jar, file:/Users/govlmo91/.gradle/caches/modules-2/files-2.1/org.springframework.boot/spring-boot-starter-aop/2.1.7.RELEASE/4577d056af1f823bb7730c99f43c3268dd697310/spring-boot-starter-aop-2.1.7.RELEASE.jar, file:/Users/govlmo91/.gradle/caches/modules-2/files-2.1/org.springframework.boot/spring-boot-starter-jdbc/2.1.7.RELEASE/3ea97a134b44a886ff529215e7bec04bfd93fa5b/spring-boot-starter-jdbc-2.1.7.RELEASE.jar, file:/Users/govlmo91/.gradle/caches/modules-2/files-2.1/org.springframework.boot/spring-boot-starter/2.1.7.RELEASE/e23f4e9460e0e2220b444e40fc7fd6e95f66e0fe/spring-boot-starter-2.1.7.RELEASE.jar, file:/Users/govlmo91/.gradle/caches/modules-2/files-2.1/com.samskivert/jmustache/1.14/495441daa241e5f48d555597fffa2b1dfc8c60d1/jmustache-1.14.jar, file:/Users/govlmo91/.gradle/caches/modules-2/files-2.1/org.springframework.boot/spring-boot-starter-tomcat/2.1.7.RELEASE/11f2a86aefefba72a4efe5ff18f4165a4b4e78b/spring-boot-starter-tomcat-2.1.7.RELEASE.jar, file:/Users/govlmo91/.gradle/caches/modules-2/files-2.1/org.hibernate.validator/hibernate-validator/6.0.17.Final/af73055fc4a103ab347c56e7da5a143d68a0170/hibernate-validator-6.0.17.Final.jar, file:/Users/govlmo91/.gradle/caches/modules-2/files-2.1/org.springframework/spring-webmvc/5.1.9.RELEASE/b9d4a2140488f0e6f9aa231e7938ae18da77b637/spring-webmvc-5.1.9.RELEASE.jar, file:/Users/govlmo91/.gradle/caches/modules-2/files-2.1/org.springframework/spring-web/5.1.9.RELEASE/9fe4390420fdd0b63dc4ed90d9027dafa9f74f80/spring-web-5.1.9.RELEASE.jar, file:/Users/govlmo91/.gradle/caches/modules-2/files-2.1/javax.transaction/javax.transaction-api/1.3/e006adf5cf3cca2181d16bd640ecb80148ec0fce/javax.transaction-api-1.3.jar, file:/Users/govlmo91/.gradle/caches/modules-2/files-2.1/javax.xml.bind/jaxb-api/2.3.1/8531ad5ac454cc2deb9d4d32c40c4d7451939b5d/jaxb-api-2.3.1.jar, file:/Users/govlmo91/.gradle/caches/modules-2/files-2.1/org.hibernate/hibernate-core/5.3.10.Final/e608b854325005edbf43cb2b6041fdafd3f2eb57/hibernate-core-5.3.10.Final.jar, file:/Users/govlmo91/.gradle/caches/modules-2/files-2.1/org.springframework.data/spring-data-jpa/2.1.10.RELEASE/12639406aa28c3a5195a1a4c9077fe562f54bc31/spring-data-jpa-2.1.10.RELEASE.jar, file:/Users/govlmo91/.gradle/caches/modules-2/files-2.1/org.springframework/spring-aspects/5.1.9.RELEASE/a8aec853c345ed54a99627cee9f755ce7dbb734/spring-aspects-5.1.9.RELEASE.jar, file:/Users/govlmo91/.gradle/caches/modules-2/files-2.1/org.springframework.boot/spring-boot-test-autoconfigure/2.1.7.RELEASE/8c9847259e14419d2bcc4eed26bcf48dc56686ef/spring-boot-test-autoconfigure-2.1.7.RELEASE.jar, file:/Users/govlmo91/.gradle/caches/modules-2/files-2.1/org.springframework.boot/spring-boot-test/2.1.7.RELEASE/70ed88830a08e8baa0b562090168fdba0e92810/spring-boot-test-2.1.7.RELEASE.jar, file:/Users/govlmo91/.gradle/caches/modules-2/files-2.1/com.jayway.jsonpath/json-path/2.4.0/765a4401ceb2dc8d40553c2075eb80a8fa35c2ae/json-path-2.4.0.jar, file:/Users/govlmo91/.gradle/caches/modules-2/files-2.1/junit/junit/4.12/2973d150c0dc1fefe998f834810d68f278ea58ec/junit-4.12.jar, file:/Users/govlmo91/.gradle/caches/modules-2/files-2.1/org.assertj/assertj-core/3.11.1/fdac3217b804d6900fa3650f17b5cb48e620b140/assertj-core-3.11.1.jar, file:/Users/govlmo91/.gradle/caches/modules-2/files-2.1/org.mockito/mockito-core/2.23.4/a35b6f8ffcfa786771eac7d7d903429e790fdf3f/mockito-core-2.23.4.jar, file:/Users/govlmo91/.gradle/caches/modules-2/files-2.1/org.hamcrest/hamcrest-library/1.3/4785a3c21320980282f9f33d0d1264a69040538f/hamcrest-library-1.3.jar, file:/Users/govlmo91/.gradle/caches/modules-2/files-2.1/org.hamcrest/hamcrest-core/1.3/42a25dc3219429f0e5d060061f71acb49bf010a0/hamcrest-core-1.3.jar, file:/Users/govlmo91/.gradle/caches/modules-2/files-2.1/org.skyscreamer/jsonassert/1.5.0/6c9d5fe2f59da598d9aefc1cfc6528ff3cf32df3/jsonassert-1.5.0.jar, file:/Users/govlmo91/.gradle/caches/modules-2/files-2.1/org.springframework/spring-test/5.1.9.RELEASE/653fa9de816677b3318e7058af54e7ee56866b09/spring-test-5.1.9.RELEASE.jar, file:/Users/govlmo91/.gradle/caches/modules-2/files-2.1/org.springframework.boot/spring-boot-autoconfigure/2.1.7.RELEASE/2c9d3e2c6ea3cb435e99e2973009636b62a9d816/spring-boot-autoconfigure-2.1.7.RELEASE.jar, file:/Users/govlmo91/.gradle/caches/modules-2/files-2.1/org.springframework.boot/spring-boot/2.1.7.RELEASE/1599a2ad1fc6d36dbfc2a7c0dd5dab3a0bb27c61/spring-boot-2.1.7.RELEASE.jar, file:/Users/govlmo91/.gradle/caches/modules-2/files-2.1/org.springframework/spring-context/5.1.9.RELEASE/c37f8fe15a5ae4ea1f351bd46167fd492a84eefa/spring-context-5.1.9.RELEASE.jar, file:/Users/govlmo91/.gradle/caches/modules-2/files-2.1/org.springframework/spring-aop/5.1.9.RELEASE/bc2312ffad02251b9d472e4a7c0e472a58f50fbf/spring-aop-5.1.9.RELEASE.jar, file:/Users/govlmo91/.gradle/caches/modules-2/files-2.1/org.springframework/spring-orm/5.1.9.RELEASE/220169d217f7114706141fc0afba425a5b368dce/spring-orm-5.1.9.RELEASE.jar, file:/Users/govlmo91/.gradle/caches/modules-2/files-2.1/org.springframework/spring-jdbc/5.1.9.RELEASE/3fd70356ba8d7c00c4081c1a207766352624414e/spring-jdbc-5.1.9.RELEASE.jar, file:/Users/govlmo91/.gradle/caches/modules-2/files-2.1/org.springframework.data/spring-data-commons/2.1.10.RELEASE/c73a76070181b59b19df6893e1ca729263a69b47/spring-data-commons-2.1.10.RELEASE.jar, file:/Users/govlmo91/.gradle/caches/modules-2/files-2.1/org.springframework/spring-tx/5.1.9.RELEASE/a9125e2c8eeb193030f3972c6293616943c55ef2/spring-tx-5.1.9.RELEASE.jar, file:/Users/govlmo91/.gradle/caches/modules-2/files-2.1/org.springframework/spring-beans/5.1.9.RELEASE/5a03b3983108d73978aec2fa3e681aedad6782c/spring-beans-5.1.9.RELEASE.jar, file:/Users/govlmo91/.gradle/caches/modules-2/files-2.1/org.springframework/spring-expression/5.1.9.RELEASE/db3a2468c1b7d697ec3b3ec6e5652dc282994fe3/spring-expression-5.1.9.RELEASE.jar, file:/Users/govlmo91/.gradle/caches/modules-2/files-2.1/org.springframework/spring-core/5.1.9.RELEASE/dc3815439579b4fa0c19970e6b8e5d774af8d988/spring-core-5.1.9.RELEASE.jar, file:/Users/govlmo91/.gradle/caches/modules-2/files-2.1/org.xmlunit/xmlunit-core/2.6.3/cdb208320aed4a7b94fb236cfbf91aeb6d0ede14/xmlunit-core-2.6.3.jar, file:/Users/govlmo91/.gradle/caches/modules-2/files-2.1/org.springframework.boot/spring-boot-starter-logging/2.1.7.RELEASE/6e829f739992a7f368c0af44a08ed89ad2a1972f/spring-boot-starter-logging-2.1.7.RELEASE.jar, file:/Users/govlmo91/.gradle/caches/modules-2/files-2.1/javax.annotation/javax.annotation-api/1.3.2/934c04d3cfef185a8008e7bf34331b79730a9d43/javax.annotation-api-1.3.2.jar, file:/Users/govlmo91/.gradle/caches/modules-2/files-2.1/org.yaml/snakeyaml/1.23/ec62d74fe50689c28c0ff5b35d3aebcaa8b5be68/snakeyaml-1.23.jar, file:/Users/govlmo91/.gradle/caches/modules-2/files-2.1/com.fasterxml.jackson.datatype/jackson-datatype-jdk8/2.9.9/4b04126963103216c9c43b0f34bbc36315654204/jackson-datatype-jdk8-2.9.9.jar, file:/Users/govlmo91/.gradle/caches/modules-2/files-2.1/com.fasterxml.jackson.datatype/jackson-datatype-jsr310/2.9.9/a33df137557793b0404a486888dbe049f7abeeeb/jackson-datatype-jsr310-2.9.9.jar, file:/Users/govlmo91/.gradle/caches/modules-2/files-2.1/com.fasterxml.jackson.module/jackson-module-parameter-names/2.9.9/a92facb55a2538e7b2fe14294570a18b823ad431/jackson-module-parameter-names-2.9.9.jar, file:/Users/govlmo91/.gradle/caches/modules-2/files-2.1/com.fasterxml.jackson.core/jackson-databind/2.9.9/d6eb9817d9c7289a91f043ac5ee02a6b3cc86238/jackson-databind-2.9.9.jar, file:/Users/govlmo91/.gradle/caches/modules-2/files-2.1/org.apache.tomcat.embed/tomcat-embed-websocket/9.0.22/45974d3443cc15ad9d10239d762d5e15759e6364/tomcat-embed-websocket-9.0.22.jar, file:/Users/govlmo91/.gradle/caches/modules-2/files-2.1/org.apache.tomcat.embed/tomcat-embed-core/9.0.22/79f39903498b28adacb18fe2ea046edd306295a6/tomcat-embed-core-9.0.22.jar, file:/Users/govlmo91/.gradle/caches/modules-2/files-2.1/org.apache.tomcat.embed/tomcat-embed-el/9.0.22/4da4b778b635a7e78ca7cd7288253e2e47b88a9f/tomcat-embed-el-9.0.22.jar, file:/Users/govlmo91/.gradle/caches/modules-2/files-2.1/javax.validation/validation-api/2.0.1.Final/cb855558e6271b1b32e716d24cb85c7f583ce09e/validation-api-2.0.1.Final.jar, file:/Users/govlmo91/.gradle/caches/modules-2/files-2.1/org.hibernate.common/hibernate-commons-annotations/5.0.4.Final/965a18fdf939ee75e41f7918532d37b3a8350535/hibernate-commons-annotations-5.0.4.Final.jar, file:/Users/govlmo91/.gradle/caches/modules-2/files-2.1/org.jboss.logging/jboss-logging/3.3.2.Final/3789d00e859632e6c6206adc0c71625559e6e3b0/jboss-logging-3.3.2.Final.jar, file:/Users/govlmo91/.gradle/caches/modules-2/files-2.1/com.fasterxml/classmate/1.4.0/291658ac2ce2476256c7115943652c0accb5c857/classmate-1.4.0.jar, file:/Users/govlmo91/.gradle/caches/modules-2/files-2.1/org.aspectj/aspectjweaver/1.9.4/9205229878f3d62fbd3a32a0fb6be2d6ad8589a9/aspectjweaver-1.9.4.jar, file:/Users/govlmo91/.gradle/caches/modules-2/files-2.1/com.zaxxer/HikariCP/3.2.0/6c66db1c636ee90beb4c65fe34abd8ba9396bca6/HikariCP-3.2.0.jar, file:/Users/govlmo91/.gradle/caches/modules-2/files-2.1/javax.activation/javax.activation-api/1.2.0/85262acf3ca9816f9537ca47d5adeabaead7cb16/javax.activation-api-1.2.0.jar, file:/Users/govlmo91/.gradle/caches/modules-2/files-2.1/javax.persistence/javax.persistence-api/2.2/25665ac8c0b62f50e6488173233239120fc52c96/javax.persistence-api-2.2.jar, file:/Users/govlmo91/.gradle/caches/modules-2/files-2.1/org.javassist/javassist/3.23.2-GA/c5afe660a95e87ceb518e4f5cf02f5c56b547683/javassist-3.23.2-GA.jar, file:/Users/govlmo91/.gradle/caches/modules-2/files-2.1/net.bytebuddy/byte-buddy/1.9.16/e7d63009be7b87ff1f15b72e5b8c59c897a8d8bd/byte-buddy-1.9.16.jar, file:/Users/govlmo91/.gradle/caches/modules-2/files-2.1/antlr/antlr/2.7.7/83cd2cd674a217ade95a4bb83a8a14f351f48bd0/antlr-2.7.7.jar, file:/Users/govlmo91/.gradle/caches/modules-2/files-2.1/org.jboss/jandex/2.0.5.Final/7060f67764565b9ee9d467e3ed0cb8a9c601b23a/jandex-2.0.5.Final.jar, file:/Users/govlmo91/.gradle/caches/modules-2/files-2.1/org.dom4j/dom4j/2.1.1/3dce5dbb3571aa820c677fadd8349bfa8f00c199/dom4j-2.1.1.jar, file:/Users/govlmo91/.gradle/caches/modules-2/files-2.1/ch.qos.logback/logback-classic/1.2.3/7c4f3c474fb2c041d8028740440937705ebb473a/logback-classic-1.2.3.jar, file:/Users/govlmo91/.gradle/caches/modules-2/files-2.1/org.apache.logging.log4j/log4j-to-slf4j/2.11.2/6d37bf7b046c0ce2669f26b99365a2cfa45c4c18/log4j-to-slf4j-2.11.2.jar, file:/Users/govlmo91/.gradle/caches/modules-2/files-2.1/org.slf4j/jul-to-slf4j/1.7.26/8031352b2bb0a49e67818bf04c027aa92e645d5c/jul-to-slf4j-1.7.26.jar, file:/Users/govlmo91/.gradle/caches/modules-2/files-2.1/org.slf4j/slf4j-api/1.7.26/77100a62c2e6f04b53977b9f541044d7d722693d/slf4j-api-1.7.26.jar, file:/Users/govlmo91/.gradle/caches/modules-2/files-2.1/net.minidev/json-smart/2.3/7396407491352ce4fa30de92efb158adb76b5b/json-smart-2.3.jar, file:/Users/govlmo91/.gradle/caches/modules-2/files-2.1/net.bytebuddy/byte-buddy-agent/1.9.16/fd213511a0a845632456f636e576d24c2d6ac3bc/byte-buddy-agent-1.9.16.jar, file:/Users/govlmo91/.gradle/caches/modules-2/files-2.1/org.objenesis/objenesis/2.6/639033469776fd37c08358c6b92a4761feb2af4b/objenesis-2.6.jar, file:/Users/govlmo91/.gradle/caches/modules-2/files-2.1/com.vaadin.external.google/android-json/0.0.20131108.vaadin1/fa26d351fe62a6a17f5cda1287c1c6110dec413f/android-json-0.0.20131108.vaadin1.jar, file:/Users/govlmo91/.gradle/caches/modules-2/files-2.1/org.springframework/spring-jcl/5.1.9.RELEASE/7c372790c999777d20f364960cf557dd74f890cf/spring-jcl-5.1.9.RELEASE.jar, file:/Users/govlmo91/.gradle/caches/modules-2/files-2.1/com.fasterxml.jackson.core/jackson-annotations/2.9.0/7c10d545325e3a6e72e06381afe469fd40eb701/jackson-annotations-2.9.0.jar, file:/Users/govlmo91/.gradle/caches/modules-2/files-2.1/com.fasterxml.jackson.core/jackson-core/2.9.9/bfff5af9fb8347d26bbb7959cb9b4fe9a2b0ca5e/jackson-core-2.9.9.jar, file:/Users/govlmo91/.gradle/caches/modules-2/files-2.1/net.minidev/accessors-smart/1.2/c592b500269bfde36096641b01238a8350f8aa31/accessors-smart-1.2.jar, file:/Users/govlmo91/.gradle/caches/modules-2/files-2.1/ch.qos.logback/logback-core/1.2.3/864344400c3d4d92dfeb0a305dc87d953677c03c/logback-core-1.2.3.jar, file:/Users/govlmo91/.gradle/caches/modules-2/files-2.1/org.apache.logging.log4j/log4j-api/2.11.2/f5e9a2ffca496057d6891a3de65128efc636e26e/log4j-api-2.11.2.jar, file:/Users/govlmo91/.gradle/caches/modules-2/files-2.1/org.ow2.asm/asm/5.0.4/da08b8cce7bbf903602a25a3a163ae252435795/asm-5.0.4.jar]
2019-12-06 11:18:42.149 DEBUG 7503 --- [    Test worker] ConditionEvaluationReportLoggingListener : 


============================
CONDITIONS EVALUATION REPORT
============================


Positive matches:
-----------------

   ErrorMvcAutoConfiguration matched:
      - @ConditionalOnClass found required classes 'javax.servlet.Servlet', 'org.springframework.web.servlet.DispatcherServlet' (OnClassCondition)
      - found 'session' scope (OnWebApplicationCondition)

   ErrorMvcAutoConfiguration#basicErrorController matched:
      - @ConditionalOnMissingBean (types: org.springframework.boot.web.servlet.error.ErrorController; SearchStrategy: current) did not find any beans (OnBeanCondition)

   ErrorMvcAutoConfiguration#errorAttributes matched:
      - @ConditionalOnMissingBean (types: org.springframework.boot.web.servlet.error.ErrorAttributes; SearchStrategy: current) did not find any beans (OnBeanCondition)

   ErrorMvcAutoConfiguration.WhitelabelErrorViewConfiguration matched:
      - @ConditionalOnProperty (server.error.whitelabel.enabled) matched (OnPropertyCondition)
      - ErrorTemplate Missing did not find error template view (ErrorMvcAutoConfiguration.ErrorTemplateMissingCondition)

   ErrorMvcAutoConfiguration.WhitelabelErrorViewConfiguration#beanNameViewResolver matched:
      - @ConditionalOnMissingBean (types: org.springframework.web.servlet.view.BeanNameViewResolver; SearchStrategy: all) did not find any beans (OnBeanCondition)

   ErrorMvcAutoConfiguration.WhitelabelErrorViewConfiguration#defaultErrorView matched:
      - @ConditionalOnMissingBean (names: error; SearchStrategy: all) did not find any beans (OnBeanCondition)

   HttpMessageConvertersAutoConfiguration matched:
      - @ConditionalOnClass found required class 'org.springframework.http.converter.HttpMessageConverter' (OnClassCondition)

   HttpMessageConvertersAutoConfiguration#messageConverters matched:
      - @ConditionalOnMissingBean (types: org.springframework.boot.autoconfigure.http.HttpMessageConverters; SearchStrategy: all) did not find any beans (OnBeanCondition)

   HttpMessageConvertersAutoConfiguration.StringHttpMessageConverterConfiguration matched:
      - @ConditionalOnClass found required class 'org.springframework.http.converter.StringHttpMessageConverter' (OnClassCondition)

   HttpMessageConvertersAutoConfiguration.StringHttpMessageConverterConfiguration#stringHttpMessageConverter matched:
      - @ConditionalOnMissingBean (types: org.springframework.http.converter.StringHttpMessageConverter; SearchStrategy: all) did not find any beans (OnBeanCondition)

   JacksonAutoConfiguration matched:
      - @ConditionalOnClass found required class 'com.fasterxml.jackson.databind.ObjectMapper' (OnClassCondition)

   JacksonAutoConfiguration.Jackson2ObjectMapperBuilderCustomizerConfiguration matched:
      - @ConditionalOnClass found required class 'org.springframework.http.converter.json.Jackson2ObjectMapperBuilder' (OnClassCondition)

   JacksonAutoConfiguration.JacksonObjectMapperBuilderConfiguration matched:
      - @ConditionalOnClass found required class 'org.springframework.http.converter.json.Jackson2ObjectMapperBuilder' (OnClassCondition)

   JacksonAutoConfiguration.JacksonObjectMapperBuilderConfiguration#jacksonObjectMapperBuilder matched:
      - @ConditionalOnMissingBean (types: org.springframework.http.converter.json.Jackson2ObjectMapperBuilder; SearchStrategy: all) did not find any beans (OnBeanCondition)

   JacksonAutoConfiguration.JacksonObjectMapperConfiguration matched:
      - @ConditionalOnClass found required class 'org.springframework.http.converter.json.Jackson2ObjectMapperBuilder' (OnClassCondition)

   JacksonAutoConfiguration.JacksonObjectMapperConfiguration#jacksonObjectMapper matched:
      - @ConditionalOnMissingBean (types: com.fasterxml.jackson.databind.ObjectMapper; SearchStrategy: all) did not find any beans (OnBeanCondition)

   JacksonAutoConfiguration.ParameterNamesModuleConfiguration matched:
      - @ConditionalOnClass found required class 'com.fasterxml.jackson.module.paramnames.ParameterNamesModule' (OnClassCondition)

   JacksonAutoConfiguration.ParameterNamesModuleConfiguration#parameterNamesModule matched:
      - @ConditionalOnMissingBean (types: com.fasterxml.jackson.module.paramnames.ParameterNamesModule; SearchStrategy: all) did not find any beans (OnBeanCondition)

   JacksonHttpMessageConvertersConfiguration.MappingJackson2HttpMessageConverterConfiguration matched:
      - @ConditionalOnClass found required class 'com.fasterxml.jackson.databind.ObjectMapper' (OnClassCondition)
      - @ConditionalOnProperty (spring.http.converters.preferred-json-mapper=jackson) matched (OnPropertyCondition)
      - @ConditionalOnBean (types: com.fasterxml.jackson.databind.ObjectMapper; SearchStrategy: all) found bean 'jacksonObjectMapper' (OnBeanCondition)

   JacksonHttpMessageConvertersConfiguration.MappingJackson2HttpMessageConverterConfiguration#mappingJackson2HttpMessageConverter matched:
      - @ConditionalOnMissingBean (types: org.springframework.http.converter.json.MappingJackson2HttpMessageConverter; SearchStrategy: all) did not find any beans (OnBeanCondition)

   MockMvcAutoConfiguration matched:
      - found 'session' scope (OnWebApplicationCondition)

   MockMvcAutoConfiguration#dispatcherServlet matched:
      - @ConditionalOnMissingBean (types: org.springframework.web.servlet.DispatcherServlet; SearchStrategy: all) did not find any beans (OnBeanCondition)

   MockMvcAutoConfiguration#dispatcherServletPath matched:
      - @ConditionalOnMissingBean (types: org.springframework.boot.autoconfigure.web.servlet.DispatcherServletPath; SearchStrategy: all) did not find any beans (OnBeanCondition)

   MockMvcAutoConfiguration#mockMvc matched:
      - @ConditionalOnMissingBean (types: org.springframework.test.web.servlet.MockMvc; SearchStrategy: all) did not find any beans (OnBeanCondition)

   MockMvcAutoConfiguration#mockMvcBuilder matched:
      - @ConditionalOnMissingBean (types: org.springframework.test.web.servlet.MockMvcBuilder; SearchStrategy: all) did not find any beans (OnBeanCondition)

   MockMvcSecurityAutoConfiguration matched:
      - @ConditionalOnProperty (spring.test.mockmvc.secure=true) matched (OnPropertyCondition)

   MustacheAutoConfiguration matched:
      - @ConditionalOnClass found required class 'com.samskivert.mustache.Mustache' (OnClassCondition)

   MustacheAutoConfiguration#mustacheCompiler matched:
      - @ConditionalOnMissingBean (types: com.samskivert.mustache.Mustache$Compiler; SearchStrategy: all) did not find any beans (OnBeanCondition)

   MustacheAutoConfiguration#mustacheTemplateLoader matched:
      - @ConditionalOnMissingBean (types: com.samskivert.mustache.Mustache$TemplateLoader; SearchStrategy: all) did not find any beans (OnBeanCondition)

   MustacheServletWebConfiguration matched:
      - found 'session' scope (OnWebApplicationCondition)

   MustacheServletWebConfiguration#mustacheViewResolver matched:
      - @ConditionalOnMissingBean (types: org.springframework.boot.web.servlet.view.MustacheViewResolver; SearchStrategy: all) did not find any beans (OnBeanCondition)

   NoOpCacheConfiguration matched:
      - Cache org.springframework.boot.autoconfigure.cache.NoOpCacheConfiguration NONE cache type (CacheCondition)

   SpringDataWebAutoConfiguration matched:
      - @ConditionalOnClass found required classes 'org.springframework.data.web.PageableHandlerMethodArgumentResolver', 'org.springframework.web.servlet.config.annotation.WebMvcConfigurer' (OnClassCondition)
      - found 'session' scope (OnWebApplicationCondition)
      - @ConditionalOnMissingBean (types: org.springframework.data.web.PageableHandlerMethodArgumentResolver; SearchStrategy: all) did not find any beans (OnBeanCondition)

   SpringDataWebAutoConfiguration#pageableCustomizer matched:
      - @ConditionalOnMissingBean (types: org.springframework.data.web.config.PageableHandlerMethodArgumentResolverCustomizer; SearchStrategy: all) did not find any beans (OnBeanCondition)

   SpringDataWebAutoConfiguration#sortCustomizer matched:
      - @ConditionalOnMissingBean (types: org.springframework.data.web.config.SortHandlerMethodArgumentResolverCustomizer; SearchStrategy: all) did not find any beans (OnBeanCondition)

   TaskExecutionAutoConfiguration matched:
      - @ConditionalOnClass found required class 'org.springframework.scheduling.concurrent.ThreadPoolTaskExecutor' (OnClassCondition)

   TaskExecutionAutoConfiguration#applicationTaskExecutor matched:
      - @ConditionalOnMissingBean (types: java.util.concurrent.Executor; SearchStrategy: all) did not find any beans (OnBeanCondition)

   TaskExecutionAutoConfiguration#taskExecutorBuilder matched:
      - @ConditionalOnMissingBean (types: org.springframework.boot.task.TaskExecutorBuilder; SearchStrategy: all) did not find any beans (OnBeanCondition)

   ValidationAutoConfiguration matched:
      - @ConditionalOnClass found required class 'javax.validation.executable.ExecutableValidator' (OnClassCondition)
      - @ConditionalOnResource found location classpath:META-INF/services/javax.validation.spi.ValidationProvider (OnResourceCondition)

   ValidationAutoConfiguration#defaultValidator matched:
      - @ConditionalOnMissingBean (types: javax.validation.Validator; SearchStrategy: all) did not find any beans (OnBeanCondition)

   ValidationAutoConfiguration#methodValidationPostProcessor matched:
      - @ConditionalOnMissingBean (types: org.springframework.validation.beanvalidation.MethodValidationPostProcessor; SearchStrategy: all) did not find any beans (OnBeanCondition)

   WebMvcAutoConfiguration matched:
      - @ConditionalOnClass found required classes 'javax.servlet.Servlet', 'org.springframework.web.servlet.DispatcherServlet', 'org.springframework.web.servlet.config.annotation.WebMvcConfigurer' (OnClassCondition)
      - found 'session' scope (OnWebApplicationCondition)
      - @ConditionalOnMissingBean (types: org.springframework.web.servlet.config.annotation.WebMvcConfigurationSupport; SearchStrategy: all) did not find any beans (OnBeanCondition)

   WebMvcAutoConfiguration#formContentFilter matched:
      - @ConditionalOnProperty (spring.mvc.formcontent.filter.enabled) matched (OnPropertyCondition)
      - @ConditionalOnMissingBean (types: org.springframework.web.filter.FormContentFilter; SearchStrategy: all) did not find any beans (OnBeanCondition)

   WebMvcAutoConfiguration#hiddenHttpMethodFilter matched:
      - @ConditionalOnProperty (spring.mvc.hiddenmethod.filter.enabled) matched (OnPropertyCondition)
      - @ConditionalOnMissingBean (types: org.springframework.web.filter.HiddenHttpMethodFilter; SearchStrategy: all) did not find any beans (OnBeanCondition)

   WebMvcAutoConfiguration.WebMvcAutoConfigurationAdapter#defaultViewResolver matched:
      - @ConditionalOnMissingBean (types: org.springframework.web.servlet.view.InternalResourceViewResolver; SearchStrategy: all) did not find any beans (OnBeanCondition)

   WebMvcAutoConfiguration.WebMvcAutoConfigurationAdapter#requestContextFilter matched:
      - @ConditionalOnMissingBean (types: org.springframework.web.context.request.RequestContextListener,org.springframework.web.filter.RequestContextFilter; SearchStrategy: all) did not find any beans (OnBeanCondition)

   WebMvcAutoConfiguration.WebMvcAutoConfigurationAdapter#viewResolver matched:
      - @ConditionalOnBean (types: org.springframework.web.servlet.ViewResolver; SearchStrategy: all) found beans 'defaultViewResolver', 'beanNameViewResolver', 'mvcViewResolver'; @ConditionalOnMissingBean (names: viewResolver; types: org.springframework.web.servlet.view.ContentNegotiatingViewResolver; SearchStrategy: all) did not find any beans (OnBeanCondition)

   WebMvcAutoConfiguration.WebMvcAutoConfigurationAdapter.FaviconConfiguration matched:
      - @ConditionalOnProperty (spring.mvc.favicon.enabled) matched (OnPropertyCondition)


Negative matches:
-----------------

   CacheAutoConfiguration:
      Did not match:
         - @ConditionalOnBean (types: org.springframework.cache.interceptor.CacheAspectSupport; SearchStrategy: all) did not find any beans of type org.springframework.cache.interceptor.CacheAspectSupport (OnBeanCondition)
      Matched:
         - @ConditionalOnClass found required class 'org.springframework.cache.CacheManager' (OnClassCondition)

   CacheAutoConfiguration.CacheManagerJpaDependencyConfiguration:
      Did not match:
         - Ancestor org.springframework.boot.autoconfigure.cache.CacheAutoConfiguration did not match (ConditionEvaluationReport.AncestorsMatchedCondition)
      Matched:
         - @ConditionalOnClass found required class 'org.springframework.orm.jpa.LocalContainerEntityManagerFactoryBean' (OnClassCondition)

   CaffeineCacheConfiguration:
      Did not match:
         - @ConditionalOnClass did not find required classes 'com.github.benmanes.caffeine.cache.Caffeine', 'org.springframework.cache.caffeine.CaffeineCacheManager' (OnClassCondition)

   CouchbaseCacheConfiguration:
      Did not match:
         - @ConditionalOnClass did not find required classes 'com.couchbase.client.java.Bucket', 'com.couchbase.client.spring.cache.CouchbaseCacheManager' (OnClassCondition)

   EhCacheCacheConfiguration:
      Did not match:
         - @ConditionalOnClass did not find required classes 'net.sf.ehcache.Cache', 'org.springframework.cache.ehcache.EhCacheCacheManager' (OnClassCondition)

   ErrorMvcAutoConfiguration.DefaultErrorViewResolverConfiguration#conventionErrorViewResolver:
      Did not match:
         - @ConditionalOnBean (types: org.springframework.web.servlet.DispatcherServlet; SearchStrategy: all) did not find any beans of type org.springframework.web.servlet.DispatcherServlet (OnBeanCondition)

   FreeMarkerAutoConfiguration:
      Did not match:
         - @ConditionalOnClass did not find required class 'freemarker.template.Configuration' (OnClassCondition)

   GenericCacheConfiguration:
      Did not match:
         - Cache org.springframework.boot.autoconfigure.cache.GenericCacheConfiguration unknown cache type (CacheCondition)

   GroovyTemplateAutoConfiguration:
      Did not match:
         - @ConditionalOnClass did not find required class 'groovy.text.markup.MarkupTemplateEngine' (OnClassCondition)

   GsonAutoConfiguration:
      Did not match:
         - @ConditionalOnClass did not find required class 'com.google.gson.Gson' (OnClassCondition)

   GsonHttpMessageConvertersConfiguration:
      Did not match:
         - @ConditionalOnClass did not find required class 'com.google.gson.Gson' (OnClassCondition)

   HazelcastCacheConfiguration:
      Did not match:
         - @ConditionalOnClass did not find required classes 'com.hazelcast.core.HazelcastInstance', 'com.hazelcast.spring.cache.HazelcastCacheManager' (OnClassCondition)

   HypermediaAutoConfiguration:
      Did not match:
         - @ConditionalOnClass did not find required class 'org.springframework.hateoas.Resource' (OnClassCondition)

   InfinispanCacheConfiguration:
      Did not match:
         - @ConditionalOnClass did not find required class 'org.infinispan.spring.provider.SpringEmbeddedCacheManager' (OnClassCondition)

   JCacheCacheConfiguration:
      Did not match:
         - @ConditionalOnClass did not find required classes 'javax.cache.Caching', 'org.springframework.cache.jcache.JCacheCacheManager' (OnClassCondition)

   JacksonAutoConfiguration.JodaDateTimeJacksonConfiguration:
      Did not match:
         - @ConditionalOnClass did not find required classes 'org.joda.time.DateTime', 'com.fasterxml.jackson.datatype.joda.ser.DateTimeSerializer', 'com.fasterxml.jackson.datatype.joda.cfg.JacksonJodaDateFormat' (OnClassCondition)

   JacksonHttpMessageConvertersConfiguration.MappingJackson2XmlHttpMessageConverterConfiguration:
      Did not match:
         - @ConditionalOnClass did not find required class 'com.fasterxml.jackson.dataformat.xml.XmlMapper' (OnClassCondition)

   JsonbAutoConfiguration:
      Did not match:
         - @ConditionalOnClass did not find required class 'javax.json.bind.Jsonb' (OnClassCondition)

   JsonbHttpMessageConvertersConfiguration:
      Did not match:
         - @ConditionalOnClass did not find required class 'javax.json.bind.Jsonb' (OnClassCondition)

   MessageSourceAutoConfiguration:
      Did not match:
         - ResourceBundle did not find bundle with basename messages (MessageSourceAutoConfiguration.ResourceBundleCondition)

   MockMvcSecurityConfiguration:
      Did not match:
         - @ConditionalOnClass did not find required class 'org.springframework.security.test.web.servlet.request.SecurityMockMvcRequestPostProcessors' (OnClassCondition)

   MockMvcWebClientAutoConfiguration:
      Did not match:
         - @ConditionalOnClass did not find required class 'com.gargoylesoftware.htmlunit.WebClient' (OnClassCondition)

   MockMvcWebDriverAutoConfiguration:
      Did not match:
         - @ConditionalOnClass did not find required class 'org.openqa.selenium.htmlunit.HtmlUnitDriver' (OnClassCondition)

   MustacheReactiveWebConfiguration:
      Did not match:
         - did not find reactive web application classes (OnWebApplicationCondition)

   RedisCacheConfiguration:
      Did not match:
         - @ConditionalOnClass did not find required class 'org.springframework.data.redis.connection.RedisConnectionFactory' (OnClassCondition)

   SecurityAutoConfiguration:
      Did not match:
         - @ConditionalOnClass did not find required class 'org.springframework.security.authentication.DefaultAuthenticationEventPublisher' (OnClassCondition)

   SimpleCacheConfiguration:
      Did not match:
         - Cache org.springframework.boot.autoconfigure.cache.SimpleCacheConfiguration unknown cache type (CacheCondition)

   ThymeleafAutoConfiguration:
      Did not match:
         - @ConditionalOnClass did not find required class 'org.thymeleaf.spring5.SpringTemplateEngine' (OnClassCondition)

   UserDetailsServiceAutoConfiguration:
      Did not match:
         - @ConditionalOnClass did not find required class 'org.springframework.security.authentication.AuthenticationManager' (OnClassCondition)

   WebMvcAutoConfiguration.ResourceChainCustomizerConfiguration:
      Did not match:
         - @ConditionalOnEnabledResourceChain did not find class org.webjars.WebJarAssetLocator (OnEnabledResourceChainCondition)

   WebMvcAutoConfiguration.WebMvcAutoConfigurationAdapter#beanNameViewResolver:
      Did not match:
         - @ConditionalOnMissingBean (types: org.springframework.web.servlet.view.BeanNameViewResolver; SearchStrategy: all) found beans of type 'org.springframework.web.servlet.view.BeanNameViewResolver' beanNameViewResolver (OnBeanCondition)

   WebMvcAutoConfiguration.WebMvcAutoConfigurationAdapter#localeResolver:
      Did not match:
         - @ConditionalOnProperty (spring.mvc.locale) did not find property 'locale' (OnPropertyCondition)


Exclusions:
-----------

    None


Unconditional classes:
----------------------

    None



2019-12-06 11:18:42.175 DEBUG 7503 --- [    Test worker] o.s.b.d.LoggingFailureAnalysisReporter   : Application failed to start due to an exception

org.springframework.beans.factory.NoSuchBeanDefinitionException: No qualifying bean of type 'kr.gracelove.jojoldu.springboot.service.posts.PostsService' available: expected at least 1 bean which qualifies as autowire candidate. Dependency annotations: {}
	at org.springframework.beans.factory.support.DefaultListableBeanFactory.raiseNoMatchingBeanFound(DefaultListableBeanFactory.java:1658) ~[spring-beans-5.1.9.RELEASE.jar:5.1.9.RELEASE]
	at org.springframework.beans.factory.support.DefaultListableBeanFactory.doResolveDependency(DefaultListableBeanFactory.java:1217) ~[spring-beans-5.1.9.RELEASE.jar:5.1.9.RELEASE]
	at org.springframework.beans.factory.support.DefaultListableBeanFactory.resolveDependency(DefaultListableBeanFactory.java:1171) ~[spring-beans-5.1.9.RELEASE.jar:5.1.9.RELEASE]
	at org.springframework.beans.factory.support.ConstructorResolver.resolveAutowiredArgument(ConstructorResolver.java:857) ~[spring-beans-5.1.9.RELEASE.jar:5.1.9.RELEASE]
	at org.springframework.beans.factory.support.ConstructorResolver.createArgumentArray(ConstructorResolver.java:760) ~[spring-beans-5.1.9.RELEASE.jar:5.1.9.RELEASE]
	at org.springframework.beans.factory.support.ConstructorResolver.autowireConstructor(ConstructorResolver.java:218) ~[spring-beans-5.1.9.RELEASE.jar:5.1.9.RELEASE]
	at org.springframework.beans.factory.support.AbstractAutowireCapableBeanFactory.autowireConstructor(AbstractAutowireCapableBeanFactory.java:1341) ~[spring-beans-5.1.9.RELEASE.jar:5.1.9.RELEASE]
	at org.springframework.beans.factory.support.AbstractAutowireCapableBeanFactory.createBeanInstance(AbstractAutowireCapableBeanFactory.java:1187) ~[spring-beans-5.1.9.RELEASE.jar:5.1.9.RELEASE]
	at org.springframework.beans.factory.support.AbstractAutowireCapableBeanFactory.doCreateBean(AbstractAutowireCapableBeanFactory.java:555) ~[spring-beans-5.1.9.RELEASE.jar:5.1.9.RELEASE]
	at org.springframework.beans.factory.support.AbstractAutowireCapableBeanFactory.createBean(AbstractAutowireCapableBeanFactory.java:515) ~[spring-beans-5.1.9.RELEASE.jar:5.1.9.RELEASE]
	at org.springframework.beans.factory.support.AbstractBeanFactory.lambda$doGetBean$0(AbstractBeanFactory.java:320) ~[spring-beans-5.1.9.RELEASE.jar:5.1.9.RELEASE]
	at org.springframework.beans.factory.support.DefaultSingletonBeanRegistry.getSingleton(DefaultSingletonBeanRegistry.java:222) ~[spring-beans-5.1.9.RELEASE.jar:5.1.9.RELEASE]
	at org.springframework.beans.factory.support.AbstractBeanFactory.doGetBean(AbstractBeanFactory.java:318) ~[spring-beans-5.1.9.RELEASE.jar:5.1.9.RELEASE]
	at org.springframework.beans.factory.support.AbstractBeanFactory.getBean(AbstractBeanFactory.java:199) ~[spring-beans-5.1.9.RELEASE.jar:5.1.9.RELEASE]
	at org.springframework.beans.factory.support.DefaultListableBeanFactory.preInstantiateSingletons(DefaultListableBeanFactory.java:845) ~[spring-beans-5.1.9.RELEASE.jar:5.1.9.RELEASE]
	at org.springframework.context.support.AbstractApplicationContext.finishBeanFactoryInitialization(AbstractApplicationContext.java:877) ~[spring-context-5.1.9.RELEASE.jar:5.1.9.RELEASE]
	at org.springframework.context.support.AbstractApplicationContext.refresh(AbstractApplicationContext.java:549) ~[spring-context-5.1.9.RELEASE.jar:5.1.9.RELEASE]
	at org.springframework.boot.SpringApplication.refresh(SpringApplication.java:743) ~[spring-boot-2.1.7.RELEASE.jar:2.1.7.RELEASE]
	at org.springframework.boot.SpringApplication.refreshContext(SpringApplication.java:390) ~[spring-boot-2.1.7.RELEASE.jar:2.1.7.RELEASE]
	at org.springframework.boot.SpringApplication.run(SpringApplication.java:312) ~[spring-boot-2.1.7.RELEASE.jar:2.1.7.RELEASE]
	at org.springframework.boot.test.context.SpringBootContextLoader.loadContext(SpringBootContextLoader.java:120) [spring-boot-test-2.1.7.RELEASE.jar:2.1.7.RELEASE]
	at org.springframework.test.context.cache.DefaultCacheAwareContextLoaderDelegate.loadContextInternal(DefaultCacheAwareContextLoaderDelegate.java:99) [spring-test-5.1.9.RELEASE.jar:5.1.9.RELEASE]
	at org.springframework.test.context.cache.DefaultCacheAwareContextLoaderDelegate.loadContext(DefaultCacheAwareContextLoaderDelegate.java:117) [spring-test-5.1.9.RELEASE.jar:5.1.9.RELEASE]
	at org.springframework.test.context.support.DefaultTestContext.getApplicationContext(DefaultTestContext.java:108) [spring-test-5.1.9.RELEASE.jar:5.1.9.RELEASE]
	at org.springframework.test.context.support.DependencyInjectionTestExecutionListener.injectDependencies(DependencyInjectionTestExecutionListener.java:118) [spring-test-5.1.9.RELEASE.jar:5.1.9.RELEASE]
	at org.springframework.test.context.support.DependencyInjectionTestExecutionListener.prepareTestInstance(DependencyInjectionTestExecutionListener.java:83) [spring-test-5.1.9.RELEASE.jar:5.1.9.RELEASE]
	at org.springframework.boot.test.autoconfigure.SpringBootDependencyInjectionTestExecutionListener.prepareTestInstance(SpringBootDependencyInjectionTestExecutionListener.java:43) [spring-boot-test-autoconfigure-2.1.7.RELEASE.jar:2.1.7.RELEASE]
	at org.springframework.test.context.TestContextManager.prepareTestInstance(TestContextManager.java:246) [spring-test-5.1.9.RELEASE.jar:5.1.9.RELEASE]
	at org.springframework.test.context.junit4.SpringJUnit4ClassRunner.createTest(SpringJUnit4ClassRunner.java:227) [spring-test-5.1.9.RELEASE.jar:5.1.9.RELEASE]
	at org.springframework.test.context.junit4.SpringJUnit4ClassRunner$1.runReflectiveCall(SpringJUnit4ClassRunner.java:289) [spring-test-5.1.9.RELEASE.jar:5.1.9.RELEASE]
	at org.junit.internal.runners.model.ReflectiveCallable.run(ReflectiveCallable.java:12) [junit-4.12.jar:4.12]
	at org.springframework.test.context.junit4.SpringJUnit4ClassRunner.methodBlock(SpringJUnit4ClassRunner.java:291) [spring-test-5.1.9.RELEASE.jar:5.1.9.RELEASE]
	at org.springframework.test.context.junit4.SpringJUnit4ClassRunner.runChild(SpringJUnit4ClassRunner.java:246) [spring-test-5.1.9.RELEASE.jar:5.1.9.RELEASE]
	at org.springframework.test.context.junit4.SpringJUnit4ClassRunner.runChild(SpringJUnit4ClassRunner.java:97) [spring-test-5.1.9.RELEASE.jar:5.1.9.RELEASE]
	at org.junit.runners.ParentRunner$3.run(ParentRunner.java:290) [junit-4.12.jar:4.12]
	at org.junit.runners.ParentRunner$1.schedule(ParentRunner.java:71) [junit-4.12.jar:4.12]
	at org.junit.runners.ParentRunner.runChildren(ParentRunner.java:288) [junit-4.12.jar:4.12]
	at org.junit.runners.ParentRunner.access$000(ParentRunner.java:58) [junit-4.12.jar:4.12]
	at org.junit.runners.ParentRunner$2.evaluate(ParentRunner.java:268) [junit-4.12.jar:4.12]
	at org.springframework.test.context.junit4.statements.RunBeforeTestClassCallbacks.evaluate(RunBeforeTestClassCallbacks.java:61) [spring-test-5.1.9.RELEASE.jar:5.1.9.RELEASE]
	at org.springframework.test.context.junit4.statements.RunAfterTestClassCallbacks.evaluate(RunAfterTestClassCallbacks.java:70) [spring-test-5.1.9.RELEASE.jar:5.1.9.RELEASE]
	at org.junit.runners.ParentRunner.run(ParentRunner.java:363) [junit-4.12.jar:4.12]
	at org.springframework.test.context.junit4.SpringJUnit4ClassRunner.run(SpringJUnit4ClassRunner.java:190) [spring-test-5.1.9.RELEASE.jar:5.1.9.RELEASE]
	at org.gradle.api.internal.tasks.testing.junit.JUnitTestClassExecutor.runTestClass(JUnitTestClassExecutor.java:110) [gradle-testing-jvm-5.5.1.jar:5.5.1]
	at org.gradle.api.internal.tasks.testing.junit.JUnitTestClassExecutor.execute(JUnitTestClassExecutor.java:58) [gradle-testing-jvm-5.5.1.jar:5.5.1]
	at org.gradle.api.internal.tasks.testing.junit.JUnitTestClassExecutor.execute(JUnitTestClassExecutor.java:38) [gradle-testing-jvm-5.5.1.jar:5.5.1]
	at org.gradle.api.internal.tasks.testing.junit.AbstractJUnitTestClassProcessor.processTestClass(AbstractJUnitTestClassProcessor.java:62) [gradle-testing-jvm-5.5.1.jar:5.5.1]
	at org.gradle.api.internal.tasks.testing.SuiteTestClassProcessor.processTestClass(SuiteTestClassProcessor.java:51) [gradle-testing-base-5.5.1.jar:5.5.1]
	at sun.reflect.NativeMethodAccessorImpl.invoke0(Native Method) ~[na:1.8.0_222]
	at sun.reflect.NativeMethodAccessorImpl.invoke(NativeMethodAccessorImpl.java:62) ~[na:1.8.0_222]
	at sun.reflect.DelegatingMethodAccessorImpl.invoke(DelegatingMethodAccessorImpl.java:43) ~[na:1.8.0_222]
	at java.lang.reflect.Method.invoke(Method.java:498) ~[na:1.8.0_222]
	at org.gradle.internal.dispatch.ReflectionDispatch.dispatch(ReflectionDispatch.java:35) [gradle-messaging-5.5.1.jar:5.5.1]
	at org.gradle.internal.dispatch.ReflectionDispatch.dispatch(ReflectionDispatch.java:24) [gradle-messaging-5.5.1.jar:5.5.1]
	at org.gradle.internal.dispatch.ContextClassLoaderDispatch.dispatch(ContextClassLoaderDispatch.java:32) [gradle-messaging-5.5.1.jar:5.5.1]
	at org.gradle.internal.dispatch.ProxyDispatchAdapter$DispatchingInvocationHandler.invoke(ProxyDispatchAdapter.java:93) [gradle-messaging-5.5.1.jar:5.5.1]
	at com.sun.proxy.$Proxy2.processTestClass(Unknown Source) [na:na]
	at org.gradle.api.internal.tasks.testing.worker.TestWorker.processTestClass(TestWorker.java:118) [gradle-testing-base-5.5.1.jar:5.5.1]
	at sun.reflect.NativeMethodAccessorImpl.invoke0(Native Method) ~[na:1.8.0_222]
	at sun.reflect.NativeMethodAccessorImpl.invoke(NativeMethodAccessorImpl.java:62) ~[na:1.8.0_222]
	at sun.reflect.DelegatingMethodAccessorImpl.invoke(DelegatingMethodAccessorImpl.java:43) ~[na:1.8.0_222]
	at java.lang.reflect.Method.invoke(Method.java:498) ~[na:1.8.0_222]
	at org.gradle.internal.dispatch.ReflectionDispatch.dispatch(ReflectionDispatch.java:35) [gradle-messaging-5.5.1.jar:5.5.1]
	at org.gradle.internal.dispatch.ReflectionDispatch.dispatch(ReflectionDispatch.java:24) [gradle-messaging-5.5.1.jar:5.5.1]
	at org.gradle.internal.remote.internal.hub.MessageHubBackedObjectConnection$DispatchWrapper.dispatch(MessageHubBackedObjectConnection.java:175) [gradle-messaging-5.5.1.jar:5.5.1]
	at org.gradle.internal.remote.internal.hub.MessageHubBackedObjectConnection$DispatchWrapper.dispatch(MessageHubBackedObjectConnection.java:157) [gradle-messaging-5.5.1.jar:5.5.1]
	at org.gradle.internal.remote.internal.hub.MessageHub$Handler.run(MessageHub.java:404) [gradle-messaging-5.5.1.jar:5.5.1]
	at org.gradle.internal.concurrent.ExecutorPolicy$CatchAndRecordFailures.onExecute(ExecutorPolicy.java:63) [gradle-base-services-5.5.1.jar:5.5.1]
	at org.gradle.internal.concurrent.ManagedExecutorImpl$1.run(ManagedExecutorImpl.java:46) [gradle-base-services-5.5.1.jar:5.5.1]
	at java.util.concurrent.ThreadPoolExecutor.runWorker(ThreadPoolExecutor.java:1149) [na:1.8.0_222]
	at java.util.concurrent.ThreadPoolExecutor$Worker.run(ThreadPoolExecutor.java:624) [na:1.8.0_222]
	at org.gradle.internal.concurrent.ThreadFactoryImpl$ManagedThreadRunnable.run(ThreadFactoryImpl.java:55) [gradle-base-services-5.5.1.jar:5.5.1]
	at java.lang.Thread.run(Thread.java:748) [na:1.8.0_222]

2019-12-06 11:18:42.176 ERROR 7503 --- [    Test worker] o.s.b.d.LoggingFailureAnalysisReporter   : 

***************************
APPLICATION FAILED TO START
***************************

Description:

Parameter 0 of constructor in kr.gracelove.jojoldu.springboot.web.PostsApiController required a bean of type 'kr.gracelove.jojoldu.springboot.service.posts.PostsService' that could not be found.


Action:

Consider defining a bean of type 'kr.gracelove.jojoldu.springboot.service.posts.PostsService' in your configuration.

2019-12-06 11:18:42.177 DEBUG 7503 --- [    Test worker] o.s.t.c.support.TestPropertySourceUtils  : Adding inlined properties to environment: {spring.jmx.enabled=false, org.springframework.boot.test.autoconfigure.web.servlet.WebMvcTestContextBootstrapper=true, server.port=-1}
2019-12-06 11:18:42.192 DEBUG 7503 --- [    Test worker] .c.l.ClasspathLoggingApplicationListener : Application started with classpath: [file:/Users/govlmo91/.gradle/caches/5.5.1/workerMain/gradle-worker.jar, file:/Users/govlmo91/IdeaProjects/jojoldubook/build/classes/java/test/, file:/Users/govlmo91/IdeaProjects/jojoldubook/build/resources/test, file:/Users/govlmo91/IdeaProjects/jojoldubook/build/classes/java/main/, file:/Users/govlmo91/IdeaProjects/jojoldubook/build/resources/main/, file:/Users/govlmo91/.gradle/caches/modules-2/files-2.1/org.springframework.boot/spring-boot-starter-mustache/2.1.7.RELEASE/c52b1725d81a61eac91af3196a65c17adef75357/spring-boot-starter-mustache-2.1.7.RELEASE.jar, file:/Users/govlmo91/.gradle/caches/modules-2/files-2.1/org.projectlombok/lombok/1.18.8/448003bc1b234aac04b58e27d7755c12c3ec4236/lombok-1.18.8.jar, file:/Users/govlmo91/.gradle/caches/modules-2/files-2.1/org.springframework.boot/spring-boot-starter-web/2.1.7.RELEASE/fa43baf40bde3ecdb93ac9c545dd39f82ab29c35/spring-boot-starter-web-2.1.7.RELEASE.jar, file:/Users/govlmo91/.gradle/caches/modules-2/files-2.1/org.springframework.boot/spring-boot-starter-data-jpa/2.1.7.RELEASE/5e4a5d5442f32f5e12b36674a620ec57b0b66c6e/spring-boot-starter-data-jpa-2.1.7.RELEASE.jar, file:/Users/govlmo91/.gradle/caches/modules-2/files-2.1/com.h2database/h2/1.4.199/7bf08152984ed8859740ae3f97fae6c72771ae45/h2-1.4.199.jar, file:/Users/govlmo91/.gradle/caches/modules-2/files-2.1/org.springframework.boot/spring-boot-starter-test/2.1.7.RELEASE/39e82379a28c217ab892eb00ef601dc0571f56a4/spring-boot-starter-test-2.1.7.RELEASE.jar, file:/Users/govlmo91/.gradle/caches/modules-2/files-2.1/org.springframework.boot/spring-boot-starter-json/2.1.7.RELEASE/9c12f046a7c4ae110d89163a491ad0d7cf036e79/spring-boot-starter-json-2.1.7.RELEASE.jar, file:/Users/govlmo91/.gradle/caches/modules-2/files-2.1/org.springframework.boot/spring-boot-starter-aop/2.1.7.RELEASE/4577d056af1f823bb7730c99f43c3268dd697310/spring-boot-starter-aop-2.1.7.RELEASE.jar, file:/Users/govlmo91/.gradle/caches/modules-2/files-2.1/org.springframework.boot/spring-boot-starter-jdbc/2.1.7.RELEASE/3ea97a134b44a886ff529215e7bec04bfd93fa5b/spring-boot-starter-jdbc-2.1.7.RELEASE.jar, file:/Users/govlmo91/.gradle/caches/modules-2/files-2.1/org.springframework.boot/spring-boot-starter/2.1.7.RELEASE/e23f4e9460e0e2220b444e40fc7fd6e95f66e0fe/spring-boot-starter-2.1.7.RELEASE.jar, file:/Users/govlmo91/.gradle/caches/modules-2/files-2.1/com.samskivert/jmustache/1.14/495441daa241e5f48d555597fffa2b1dfc8c60d1/jmustache-1.14.jar, file:/Users/govlmo91/.gradle/caches/modules-2/files-2.1/org.springframework.boot/spring-boot-starter-tomcat/2.1.7.RELEASE/11f2a86aefefba72a4efe5ff18f4165a4b4e78b/spring-boot-starter-tomcat-2.1.7.RELEASE.jar, file:/Users/govlmo91/.gradle/caches/modules-2/files-2.1/org.hibernate.validator/hibernate-validator/6.0.17.Final/af73055fc4a103ab347c56e7da5a143d68a0170/hibernate-validator-6.0.17.Final.jar, file:/Users/govlmo91/.gradle/caches/modules-2/files-2.1/org.springframework/spring-webmvc/5.1.9.RELEASE/b9d4a2140488f0e6f9aa231e7938ae18da77b637/spring-webmvc-5.1.9.RELEASE.jar, file:/Users/govlmo91/.gradle/caches/modules-2/files-2.1/org.springframework/spring-web/5.1.9.RELEASE/9fe4390420fdd0b63dc4ed90d9027dafa9f74f80/spring-web-5.1.9.RELEASE.jar, file:/Users/govlmo91/.gradle/caches/modules-2/files-2.1/javax.transaction/javax.transaction-api/1.3/e006adf5cf3cca2181d16bd640ecb80148ec0fce/javax.transaction-api-1.3.jar, file:/Users/govlmo91/.gradle/caches/modules-2/files-2.1/javax.xml.bind/jaxb-api/2.3.1/8531ad5ac454cc2deb9d4d32c40c4d7451939b5d/jaxb-api-2.3.1.jar, file:/Users/govlmo91/.gradle/caches/modules-2/files-2.1/org.hibernate/hibernate-core/5.3.10.Final/e608b854325005edbf43cb2b6041fdafd3f2eb57/hibernate-core-5.3.10.Final.jar, file:/Users/govlmo91/.gradle/caches/modules-2/files-2.1/org.springframework.data/spring-data-jpa/2.1.10.RELEASE/12639406aa28c3a5195a1a4c9077fe562f54bc31/spring-data-jpa-2.1.10.RELEASE.jar, file:/Users/govlmo91/.gradle/caches/modules-2/files-2.1/org.springframework/spring-aspects/5.1.9.RELEASE/a8aec853c345ed54a99627cee9f755ce7dbb734/spring-aspects-5.1.9.RELEASE.jar, file:/Users/govlmo91/.gradle/caches/modules-2/files-2.1/org.springframework.boot/spring-boot-test-autoconfigure/2.1.7.RELEASE/8c9847259e14419d2bcc4eed26bcf48dc56686ef/spring-boot-test-autoconfigure-2.1.7.RELEASE.jar, file:/Users/govlmo91/.gradle/caches/modules-2/files-2.1/org.springframework.boot/spring-boot-test/2.1.7.RELEASE/70ed88830a08e8baa0b562090168fdba0e92810/spring-boot-test-2.1.7.RELEASE.jar, file:/Users/govlmo91/.gradle/caches/modules-2/files-2.1/com.jayway.jsonpath/json-path/2.4.0/765a4401ceb2dc8d40553c2075eb80a8fa35c2ae/json-path-2.4.0.jar, file:/Users/govlmo91/.gradle/caches/modules-2/files-2.1/junit/junit/4.12/2973d150c0dc1fefe998f834810d68f278ea58ec/junit-4.12.jar, file:/Users/govlmo91/.gradle/caches/modules-2/files-2.1/org.assertj/assertj-core/3.11.1/fdac3217b804d6900fa3650f17b5cb48e620b140/assertj-core-3.11.1.jar, file:/Users/govlmo91/.gradle/caches/modules-2/files-2.1/org.mockito/mockito-core/2.23.4/a35b6f8ffcfa786771eac7d7d903429e790fdf3f/mockito-core-2.23.4.jar, file:/Users/govlmo91/.gradle/caches/modules-2/files-2.1/org.hamcrest/hamcrest-library/1.3/4785a3c21320980282f9f33d0d1264a69040538f/hamcrest-library-1.3.jar, file:/Users/govlmo91/.gradle/caches/modules-2/files-2.1/org.hamcrest/hamcrest-core/1.3/42a25dc3219429f0e5d060061f71acb49bf010a0/hamcrest-core-1.3.jar, file:/Users/govlmo91/.gradle/caches/modules-2/files-2.1/org.skyscreamer/jsonassert/1.5.0/6c9d5fe2f59da598d9aefc1cfc6528ff3cf32df3/jsonassert-1.5.0.jar, file:/Users/govlmo91/.gradle/caches/modules-2/files-2.1/org.springframework/spring-test/5.1.9.RELEASE/653fa9de816677b3318e7058af54e7ee56866b09/spring-test-5.1.9.RELEASE.jar, file:/Users/govlmo91/.gradle/caches/modules-2/files-2.1/org.springframework.boot/spring-boot-autoconfigure/2.1.7.RELEASE/2c9d3e2c6ea3cb435e99e2973009636b62a9d816/spring-boot-autoconfigure-2.1.7.RELEASE.jar, file:/Users/govlmo91/.gradle/caches/modules-2/files-2.1/org.springframework.boot/spring-boot/2.1.7.RELEASE/1599a2ad1fc6d36dbfc2a7c0dd5dab3a0bb27c61/spring-boot-2.1.7.RELEASE.jar, file:/Users/govlmo91/.gradle/caches/modules-2/files-2.1/org.springframework/spring-context/5.1.9.RELEASE/c37f8fe15a5ae4ea1f351bd46167fd492a84eefa/spring-context-5.1.9.RELEASE.jar, file:/Users/govlmo91/.gradle/caches/modules-2/files-2.1/org.springframework/spring-aop/5.1.9.RELEASE/bc2312ffad02251b9d472e4a7c0e472a58f50fbf/spring-aop-5.1.9.RELEASE.jar, file:/Users/govlmo91/.gradle/caches/modules-2/files-2.1/org.springframework/spring-orm/5.1.9.RELEASE/220169d217f7114706141fc0afba425a5b368dce/spring-orm-5.1.9.RELEASE.jar, file:/Users/govlmo91/.gradle/caches/modules-2/files-2.1/org.springframework/spring-jdbc/5.1.9.RELEASE/3fd70356ba8d7c00c4081c1a207766352624414e/spring-jdbc-5.1.9.RELEASE.jar, file:/Users/govlmo91/.gradle/caches/modules-2/files-2.1/org.springframework.data/spring-data-commons/2.1.10.RELEASE/c73a76070181b59b19df6893e1ca729263a69b47/spring-data-commons-2.1.10.RELEASE.jar, file:/Users/govlmo91/.gradle/caches/modules-2/files-2.1/org.springframework/spring-tx/5.1.9.RELEASE/a9125e2c8eeb193030f3972c6293616943c55ef2/spring-tx-5.1.9.RELEASE.jar, file:/Users/govlmo91/.gradle/caches/modules-2/files-2.1/org.springframework/spring-beans/5.1.9.RELEASE/5a03b3983108d73978aec2fa3e681aedad6782c/spring-beans-5.1.9.RELEASE.jar, file:/Users/govlmo91/.gradle/caches/modules-2/files-2.1/org.springframework/spring-expression/5.1.9.RELEASE/db3a2468c1b7d697ec3b3ec6e5652dc282994fe3/spring-expression-5.1.9.RELEASE.jar, file:/Users/govlmo91/.gradle/caches/modules-2/files-2.1/org.springframework/spring-core/5.1.9.RELEASE/dc3815439579b4fa0c19970e6b8e5d774af8d988/spring-core-5.1.9.RELEASE.jar, file:/Users/govlmo91/.gradle/caches/modules-2/files-2.1/org.xmlunit/xmlunit-core/2.6.3/cdb208320aed4a7b94fb236cfbf91aeb6d0ede14/xmlunit-core-2.6.3.jar, file:/Users/govlmo91/.gradle/caches/modules-2/files-2.1/org.springframework.boot/spring-boot-starter-logging/2.1.7.RELEASE/6e829f739992a7f368c0af44a08ed89ad2a1972f/spring-boot-starter-logging-2.1.7.RELEASE.jar, file:/Users/govlmo91/.gradle/caches/modules-2/files-2.1/javax.annotation/javax.annotation-api/1.3.2/934c04d3cfef185a8008e7bf34331b79730a9d43/javax.annotation-api-1.3.2.jar, file:/Users/govlmo91/.gradle/caches/modules-2/files-2.1/org.yaml/snakeyaml/1.23/ec62d74fe50689c28c0ff5b35d3aebcaa8b5be68/snakeyaml-1.23.jar, file:/Users/govlmo91/.gradle/caches/modules-2/files-2.1/com.fasterxml.jackson.datatype/jackson-datatype-jdk8/2.9.9/4b04126963103216c9c43b0f34bbc36315654204/jackson-datatype-jdk8-2.9.9.jar, file:/Users/govlmo91/.gradle/caches/modules-2/files-2.1/com.fasterxml.jackson.datatype/jackson-datatype-jsr310/2.9.9/a33df137557793b0404a486888dbe049f7abeeeb/jackson-datatype-jsr310-2.9.9.jar, file:/Users/govlmo91/.gradle/caches/modules-2/files-2.1/com.fasterxml.jackson.module/jackson-module-parameter-names/2.9.9/a92facb55a2538e7b2fe14294570a18b823ad431/jackson-module-parameter-names-2.9.9.jar, file:/Users/govlmo91/.gradle/caches/modules-2/files-2.1/com.fasterxml.jackson.core/jackson-databind/2.9.9/d6eb9817d9c7289a91f043ac5ee02a6b3cc86238/jackson-databind-2.9.9.jar, file:/Users/govlmo91/.gradle/caches/modules-2/files-2.1/org.apache.tomcat.embed/tomcat-embed-websocket/9.0.22/45974d3443cc15ad9d10239d762d5e15759e6364/tomcat-embed-websocket-9.0.22.jar, file:/Users/govlmo91/.gradle/caches/modules-2/files-2.1/org.apache.tomcat.embed/tomcat-embed-core/9.0.22/79f39903498b28adacb18fe2ea046edd306295a6/tomcat-embed-core-9.0.22.jar, file:/Users/govlmo91/.gradle/caches/modules-2/files-2.1/org.apache.tomcat.embed/tomcat-embed-el/9.0.22/4da4b778b635a7e78ca7cd7288253e2e47b88a9f/tomcat-embed-el-9.0.22.jar, file:/Users/govlmo91/.gradle/caches/modules-2/files-2.1/javax.validation/validation-api/2.0.1.Final/cb855558e6271b1b32e716d24cb85c7f583ce09e/validation-api-2.0.1.Final.jar, file:/Users/govlmo91/.gradle/caches/modules-2/files-2.1/org.hibernate.common/hibernate-commons-annotations/5.0.4.Final/965a18fdf939ee75e41f7918532d37b3a8350535/hibernate-commons-annotations-5.0.4.Final.jar, file:/Users/govlmo91/.gradle/caches/modules-2/files-2.1/org.jboss.logging/jboss-logging/3.3.2.Final/3789d00e859632e6c6206adc0c71625559e6e3b0/jboss-logging-3.3.2.Final.jar, file:/Users/govlmo91/.gradle/caches/modules-2/files-2.1/com.fasterxml/classmate/1.4.0/291658ac2ce2476256c7115943652c0accb5c857/classmate-1.4.0.jar, file:/Users/govlmo91/.gradle/caches/modules-2/files-2.1/org.aspectj/aspectjweaver/1.9.4/9205229878f3d62fbd3a32a0fb6be2d6ad8589a9/aspectjweaver-1.9.4.jar, file:/Users/govlmo91/.gradle/caches/modules-2/files-2.1/com.zaxxer/HikariCP/3.2.0/6c66db1c636ee90beb4c65fe34abd8ba9396bca6/HikariCP-3.2.0.jar, file:/Users/govlmo91/.gradle/caches/modules-2/files-2.1/javax.activation/javax.activation-api/1.2.0/85262acf3ca9816f9537ca47d5adeabaead7cb16/javax.activation-api-1.2.0.jar, file:/Users/govlmo91/.gradle/caches/modules-2/files-2.1/javax.persistence/javax.persistence-api/2.2/25665ac8c0b62f50e6488173233239120fc52c96/javax.persistence-api-2.2.jar, file:/Users/govlmo91/.gradle/caches/modules-2/files-2.1/org.javassist/javassist/3.23.2-GA/c5afe660a95e87ceb518e4f5cf02f5c56b547683/javassist-3.23.2-GA.jar, file:/Users/govlmo91/.gradle/caches/modules-2/files-2.1/net.bytebuddy/byte-buddy/1.9.16/e7d63009be7b87ff1f15b72e5b8c59c897a8d8bd/byte-buddy-1.9.16.jar, file:/Users/govlmo91/.gradle/caches/modules-2/files-2.1/antlr/antlr/2.7.7/83cd2cd674a217ade95a4bb83a8a14f351f48bd0/antlr-2.7.7.jar, file:/Users/govlmo91/.gradle/caches/modules-2/files-2.1/org.jboss/jandex/2.0.5.Final/7060f67764565b9ee9d467e3ed0cb8a9c601b23a/jandex-2.0.5.Final.jar, file:/Users/govlmo91/.gradle/caches/modules-2/files-2.1/org.dom4j/dom4j/2.1.1/3dce5dbb3571aa820c677fadd8349bfa8f00c199/dom4j-2.1.1.jar, file:/Users/govlmo91/.gradle/caches/modules-2/files-2.1/ch.qos.logback/logback-classic/1.2.3/7c4f3c474fb2c041d8028740440937705ebb473a/logback-classic-1.2.3.jar, file:/Users/govlmo91/.gradle/caches/modules-2/files-2.1/org.apache.logging.log4j/log4j-to-slf4j/2.11.2/6d37bf7b046c0ce2669f26b99365a2cfa45c4c18/log4j-to-slf4j-2.11.2.jar, file:/Users/govlmo91/.gradle/caches/modules-2/files-2.1/org.slf4j/jul-to-slf4j/1.7.26/8031352b2bb0a49e67818bf04c027aa92e645d5c/jul-to-slf4j-1.7.26.jar, file:/Users/govlmo91/.gradle/caches/modules-2/files-2.1/org.slf4j/slf4j-api/1.7.26/77100a62c2e6f04b53977b9f541044d7d722693d/slf4j-api-1.7.26.jar, file:/Users/govlmo91/.gradle/caches/modules-2/files-2.1/net.minidev/json-smart/2.3/7396407491352ce4fa30de92efb158adb76b5b/json-smart-2.3.jar, file:/Users/govlmo91/.gradle/caches/modules-2/files-2.1/net.bytebuddy/byte-buddy-agent/1.9.16/fd213511a0a845632456f636e576d24c2d6ac3bc/byte-buddy-agent-1.9.16.jar, file:/Users/govlmo91/.gradle/caches/modules-2/files-2.1/org.objenesis/objenesis/2.6/639033469776fd37c08358c6b92a4761feb2af4b/objenesis-2.6.jar, file:/Users/govlmo91/.gradle/caches/modules-2/files-2.1/com.vaadin.external.google/android-json/0.0.20131108.vaadin1/fa26d351fe62a6a17f5cda1287c1c6110dec413f/android-json-0.0.20131108.vaadin1.jar, file:/Users/govlmo91/.gradle/caches/modules-2/files-2.1/org.springframework/spring-jcl/5.1.9.RELEASE/7c372790c999777d20f364960cf557dd74f890cf/spring-jcl-5.1.9.RELEASE.jar, file:/Users/govlmo91/.gradle/caches/modules-2/files-2.1/com.fasterxml.jackson.core/jackson-annotations/2.9.0/7c10d545325e3a6e72e06381afe469fd40eb701/jackson-annotations-2.9.0.jar, file:/Users/govlmo91/.gradle/caches/modules-2/files-2.1/com.fasterxml.jackson.core/jackson-core/2.9.9/bfff5af9fb8347d26bbb7959cb9b4fe9a2b0ca5e/jackson-core-2.9.9.jar, file:/Users/govlmo91/.gradle/caches/modules-2/files-2.1/net.minidev/accessors-smart/1.2/c592b500269bfde36096641b01238a8350f8aa31/accessors-smart-1.2.jar, file:/Users/govlmo91/.gradle/caches/modules-2/files-2.1/ch.qos.logback/logback-core/1.2.3/864344400c3d4d92dfeb0a305dc87d953677c03c/logback-core-1.2.3.jar, file:/Users/govlmo91/.gradle/caches/modules-2/files-2.1/org.apache.logging.log4j/log4j-api/2.11.2/f5e9a2ffca496057d6891a3de65128efc636e26e/log4j-api-2.11.2.jar, file:/Users/govlmo91/.gradle/caches/modules-2/files-2.1/org.ow2.asm/asm/5.0.4/da08b8cce7bbf903602a25a3a163ae252435795/asm-5.0.4.jar]

  .   ____          _            __ _ _
 /\\ / ___'_ __ _ _(_)_ __  __ _ \ \ \ \
( ( )\___ | '_ | '_| | '_ \/ _` | \ \ \ \
 \\/  ___)| |_)| | | | | || (_| |  ) ) ) )
  '  |____| .__|_| |_|_| |_\__, | / / / /
 =========|_|==============|___/=/_/_/_/
 :: Spring Boot ::        (v2.1.7.RELEASE)

2019-12-06 11:18:42.198  INFO 7503 --- [    Test worker] k.g.j.s.web.HelloControllerTest          : Starting HelloControllerTest on govlmo91ui-MacBookPro.local with PID 7503 (started by govlmo91 in /Users/govlmo91/IdeaProjects/jojoldubook)
2019-12-06 11:18:42.198 DEBUG 7503 --- [    Test worker] k.g.j.s.web.HelloControllerTest          : Running with Spring Boot v2.1.7.RELEASE, Spring v5.1.9.RELEASE
2019-12-06 11:18:42.199  INFO 7503 --- [    Test worker] k.g.j.s.web.HelloControllerTest          : No active profile set, falling back to default profiles: default
2019-12-06 11:18:42.199 DEBUG 7503 --- [    Test worker] o.s.boot.SpringApplication               : Loading source class kr.gracelove.jojoldu.springboot.Application
2019-12-06 11:18:42.201 DEBUG 7503 --- [    Test worker] o.s.b.c.c.ConfigFileApplicationListener  : Loaded config file 'file:/Users/govlmo91/IdeaProjects/jojoldubook/build/resources/main/application.properties' (classpath:/application.properties)
2019-12-06 11:18:42.201 DEBUG 7503 --- [    Test worker] o.s.w.c.s.GenericWebApplicationContext   : Refreshing org.springframework.web.context.support.GenericWebApplicationContext@19d97fc
2019-12-06 11:18:42.202 DEBUG 7503 --- [    Test worker] o.s.b.f.s.DefaultListableBeanFactory     : Creating shared instance of singleton bean 'org.springframework.context.annotation.internalConfigurationAnnotationProcessor'
2019-12-06 11:18:42.202 DEBUG 7503 --- [    Test worker] o.s.b.f.s.DefaultListableBeanFactory     : Creating shared instance of singleton bean 'org.springframework.boot.autoconfigure.internalCachingMetadataReaderFactory'
2019-12-06 11:18:42.221 DEBUG 7503 --- [    Test worker] o.s.c.a.ClassPathBeanDefinitionScanner   : Identified candidate component class: file [/Users/govlmo91/IdeaProjects/jojoldubook/build/classes/java/main/kr/gracelove/jojoldu/springboot/web/HelloController.class]
2019-12-06 11:18:42.221 DEBUG 7503 --- [    Test worker] o.s.c.a.ClassPathBeanDefinitionScanner   : Identified candidate component class: file [/Users/govlmo91/IdeaProjects/jojoldubook/build/classes/java/main/kr/gracelove/jojoldu/springboot/web/IndexController.class]
2019-12-06 11:18:42.222 DEBUG 7503 --- [    Test worker] o.s.c.a.ClassPathBeanDefinitionScanner   : Identified candidate component class: file [/Users/govlmo91/IdeaProjects/jojoldubook/build/classes/java/main/kr/gracelove/jojoldu/springboot/web/PostsApiController.class]
2019-12-06 11:18:42.231 DEBUG 7503 --- [    Test worker] o.s.c.e.PropertySourcesPropertyResolver  : Found key 'spring.boot.enableautoconfiguration' in PropertySource 'configurationProperties' with value of type String
2019-12-06 11:18:42.274 DEBUG 7503 --- [    Test worker] o.s.c.e.PropertySourcesPropertyResolver  : Found key 'spring.test.mockmvc.secure' in PropertySource 'Annotations' with value of type Boolean
2019-12-06 11:18:42.276 DEBUG 7503 --- [    Test worker] o.s.b.f.s.DefaultListableBeanFactory     : Creating shared instance of singleton bean 'org.springframework.boot.autoconfigure.condition.BeanTypeRegistry'
2019-12-06 11:18:42.296 DEBUG 7503 --- [    Test worker] o.s.c.e.PropertySourcesPropertyResolver  : Found key 'spring.test.mockmvc.secure' in PropertySource 'Annotations' with value of type Boolean
2019-12-06 11:18:42.297 DEBUG 7503 --- [    Test worker] o.s.b.f.s.DefaultListableBeanFactory     : Creating shared instance of singleton bean 'org.springframework.boot.test.context.ImportsContextCustomizer$ImportsCleanupPostProcessor'
2019-12-06 11:18:42.299 DEBUG 7503 --- [    Test worker] o.s.b.f.s.DefaultListableBeanFactory     : Creating shared instance of singleton bean 'org.springframework.boot.test.mock.mockito.MockitoPostProcessor'
2019-12-06 11:18:42.300 DEBUG 7503 --- [    Test worker] o.s.b.f.s.DefaultListableBeanFactory     : Creating shared instance of singleton bean 'org.springframework.context.event.internalEventListenerProcessor'
2019-12-06 11:18:42.301 DEBUG 7503 --- [    Test worker] o.s.b.f.s.DefaultListableBeanFactory     : Creating shared instance of singleton bean 'org.springframework.data.jpa.domain.support.AuditingBeanFactoryPostProcessor'
2019-12-06 11:18:42.301 DEBUG 7503 --- [    Test worker] o.s.b.f.s.DefaultListableBeanFactory     : Creating shared instance of singleton bean 'org.springframework.boot.context.properties.ConfigurationBeanFactoryMetadata'
2019-12-06 11:18:42.301 DEBUG 7503 --- [    Test worker] o.s.b.f.s.DefaultListableBeanFactory     : Creating shared instance of singleton bean 'preserveErrorControllerTargetClassPostProcessor'
2019-12-06 11:18:42.301 DEBUG 7503 --- [    Test worker] o.s.b.f.s.DefaultListableBeanFactory     : Creating shared instance of singleton bean 'org.springframework.context.event.internalEventListenerFactory'
2019-12-06 11:18:42.304 DEBUG 7503 --- [    Test worker] o.s.b.f.s.DefaultListableBeanFactory     : Creating shared instance of singleton bean 'org.springframework.context.annotation.internalAutowiredAnnotationProcessor'
2019-12-06 11:18:42.305 DEBUG 7503 --- [    Test worker] o.s.b.f.s.DefaultListableBeanFactory     : Creating shared instance of singleton bean 'org.springframework.context.annotation.internalCommonAnnotationProcessor'
2019-12-06 11:18:42.305 DEBUG 7503 --- [    Test worker] o.s.b.f.s.DefaultListableBeanFactory     : Creating shared instance of singleton bean 'org.springframework.context.annotation.internalPersistenceAnnotationProcessor'
2019-12-06 11:18:42.305 DEBUG 7503 --- [    Test worker] o.s.b.f.s.DefaultListableBeanFactory     : Creating shared instance of singleton bean 'org.springframework.boot.test.mock.mockito.MockitoPostProcessor$SpyPostProcessor'
2019-12-06 11:18:42.305 DEBUG 7503 --- [    Test worker] o.s.b.f.s.DefaultListableBeanFactory     : Creating shared instance of singleton bean 'org.springframework.boot.context.properties.ConfigurationPropertiesBindingPostProcessor'
2019-12-06 11:18:42.306 DEBUG 7503 --- [    Test worker] o.s.b.f.s.DefaultListableBeanFactory     : Creating shared instance of singleton bean 'methodValidationPostProcessor'
2019-12-06 11:18:42.306 DEBUG 7503 --- [    Test worker] o.s.b.f.s.DefaultListableBeanFactory     : Autowiring by type from bean name 'methodValidationPostProcessor' via factory method to bean named 'environment'
2019-12-06 11:18:42.312 DEBUG 7503 --- [    Test worker] o.s.b.f.s.DefaultListableBeanFactory     : Creating shared instance of singleton bean 'projectingArgumentResolverBeanPostProcessor'
2019-12-06 11:18:42.316 DEBUG 7503 --- [    Test worker] o.s.u.c.s.UiApplicationContextUtils      : Unable to locate ThemeSource with name 'themeSource': using default [org.springframework.ui.context.support.ResourceBundleThemeSource@1635c20d]
2019-12-06 11:18:42.317 DEBUG 7503 --- [    Test worker] o.s.b.f.s.DefaultListableBeanFactory     : Creating shared instance of singleton bean 'application'
2019-12-06 11:18:42.320 DEBUG 7503 --- [    Test worker] o.s.b.f.s.DefaultListableBeanFactory     : Creating shared instance of singleton bean 'helloController'
2019-12-06 11:18:42.321 DEBUG 7503 --- [    Test worker] o.s.b.f.s.DefaultListableBeanFactory     : Creating shared instance of singleton bean 'indexController'
2019-12-06 11:18:42.322 DEBUG 7503 --- [    Test worker] o.s.b.f.s.DefaultListableBeanFactory     : Creating shared instance of singleton bean 'postsApiController'
2019-12-06 11:18:42.323  WARN 7503 --- [    Test worker] o.s.w.c.s.GenericWebApplicationContext   : Exception encountered during context initialization - cancelling refresh attempt: org.springframework.beans.factory.UnsatisfiedDependencyException: Error creating bean with name 'postsApiController' defined in file [/Users/govlmo91/IdeaProjects/jojoldubook/build/classes/java/main/kr/gracelove/jojoldu/springboot/web/PostsApiController.class]: Unsatisfied dependency expressed through constructor parameter 0; nested exception is org.springframework.beans.factory.NoSuchBeanDefinitionException: No qualifying bean of type 'kr.gracelove.jojoldu.springboot.service.posts.PostsService' available: expected at least 1 bean which qualifies as autowire candidate. Dependency annotations: {}
2019-12-06 11:18:42.323 DEBUG 7503 --- [    Test worker] .c.l.ClasspathLoggingApplicationListener : Application failed to start with classpath: [file:/Users/govlmo91/.gradle/caches/5.5.1/workerMain/gradle-worker.jar, file:/Users/govlmo91/IdeaProjects/jojoldubook/build/classes/java/test/, file:/Users/govlmo91/IdeaProjects/jojoldubook/build/resources/test, file:/Users/govlmo91/IdeaProjects/jojoldubook/build/classes/java/main/, file:/Users/govlmo91/IdeaProjects/jojoldubook/build/resources/main/, file:/Users/govlmo91/.gradle/caches/modules-2/files-2.1/org.springframework.boot/spring-boot-starter-mustache/2.1.7.RELEASE/c52b1725d81a61eac91af3196a65c17adef75357/spring-boot-starter-mustache-2.1.7.RELEASE.jar, file:/Users/govlmo91/.gradle/caches/modules-2/files-2.1/org.projectlombok/lombok/1.18.8/448003bc1b234aac04b58e27d7755c12c3ec4236/lombok-1.18.8.jar, file:/Users/govlmo91/.gradle/caches/modules-2/files-2.1/org.springframework.boot/spring-boot-starter-web/2.1.7.RELEASE/fa43baf40bde3ecdb93ac9c545dd39f82ab29c35/spring-boot-starter-web-2.1.7.RELEASE.jar, file:/Users/govlmo91/.gradle/caches/modules-2/files-2.1/org.springframework.boot/spring-boot-starter-data-jpa/2.1.7.RELEASE/5e4a5d5442f32f5e12b36674a620ec57b0b66c6e/spring-boot-starter-data-jpa-2.1.7.RELEASE.jar, file:/Users/govlmo91/.gradle/caches/modules-2/files-2.1/com.h2database/h2/1.4.199/7bf08152984ed8859740ae3f97fae6c72771ae45/h2-1.4.199.jar, file:/Users/govlmo91/.gradle/caches/modules-2/files-2.1/org.springframework.boot/spring-boot-starter-test/2.1.7.RELEASE/39e82379a28c217ab892eb00ef601dc0571f56a4/spring-boot-starter-test-2.1.7.RELEASE.jar, file:/Users/govlmo91/.gradle/caches/modules-2/files-2.1/org.springframework.boot/spring-boot-starter-json/2.1.7.RELEASE/9c12f046a7c4ae110d89163a491ad0d7cf036e79/spring-boot-starter-json-2.1.7.RELEASE.jar, file:/Users/govlmo91/.gradle/caches/modules-2/files-2.1/org.springframework.boot/spring-boot-starter-aop/2.1.7.RELEASE/4577d056af1f823bb7730c99f43c3268dd697310/spring-boot-starter-aop-2.1.7.RELEASE.jar, file:/Users/govlmo91/.gradle/caches/modules-2/files-2.1/org.springframework.boot/spring-boot-starter-jdbc/2.1.7.RELEASE/3ea97a134b44a886ff529215e7bec04bfd93fa5b/spring-boot-starter-jdbc-2.1.7.RELEASE.jar, file:/Users/govlmo91/.gradle/caches/modules-2/files-2.1/org.springframework.boot/spring-boot-starter/2.1.7.RELEASE/e23f4e9460e0e2220b444e40fc7fd6e95f66e0fe/spring-boot-starter-2.1.7.RELEASE.jar, file:/Users/govlmo91/.gradle/caches/modules-2/files-2.1/com.samskivert/jmustache/1.14/495441daa241e5f48d555597fffa2b1dfc8c60d1/jmustache-1.14.jar, file:/Users/govlmo91/.gradle/caches/modules-2/files-2.1/org.springframework.boot/spring-boot-starter-tomcat/2.1.7.RELEASE/11f2a86aefefba72a4efe5ff18f4165a4b4e78b/spring-boot-starter-tomcat-2.1.7.RELEASE.jar, file:/Users/govlmo91/.gradle/caches/modules-2/files-2.1/org.hibernate.validator/hibernate-validator/6.0.17.Final/af73055fc4a103ab347c56e7da5a143d68a0170/hibernate-validator-6.0.17.Final.jar, file:/Users/govlmo91/.gradle/caches/modules-2/files-2.1/org.springframework/spring-webmvc/5.1.9.RELEASE/b9d4a2140488f0e6f9aa231e7938ae18da77b637/spring-webmvc-5.1.9.RELEASE.jar, file:/Users/govlmo91/.gradle/caches/modules-2/files-2.1/org.springframework/spring-web/5.1.9.RELEASE/9fe4390420fdd0b63dc4ed90d9027dafa9f74f80/spring-web-5.1.9.RELEASE.jar, file:/Users/govlmo91/.gradle/caches/modules-2/files-2.1/javax.transaction/javax.transaction-api/1.3/e006adf5cf3cca2181d16bd640ecb80148ec0fce/javax.transaction-api-1.3.jar, file:/Users/govlmo91/.gradle/caches/modules-2/files-2.1/javax.xml.bind/jaxb-api/2.3.1/8531ad5ac454cc2deb9d4d32c40c4d7451939b5d/jaxb-api-2.3.1.jar, file:/Users/govlmo91/.gradle/caches/modules-2/files-2.1/org.hibernate/hibernate-core/5.3.10.Final/e608b854325005edbf43cb2b6041fdafd3f2eb57/hibernate-core-5.3.10.Final.jar, file:/Users/govlmo91/.gradle/caches/modules-2/files-2.1/org.springframework.data/spring-data-jpa/2.1.10.RELEASE/12639406aa28c3a5195a1a4c9077fe562f54bc31/spring-data-jpa-2.1.10.RELEASE.jar, file:/Users/govlmo91/.gradle/caches/modules-2/files-2.1/org.springframework/spring-aspects/5.1.9.RELEASE/a8aec853c345ed54a99627cee9f755ce7dbb734/spring-aspects-5.1.9.RELEASE.jar, file:/Users/govlmo91/.gradle/caches/modules-2/files-2.1/org.springframework.boot/spring-boot-test-autoconfigure/2.1.7.RELEASE/8c9847259e14419d2bcc4eed26bcf48dc56686ef/spring-boot-test-autoconfigure-2.1.7.RELEASE.jar, file:/Users/govlmo91/.gradle/caches/modules-2/files-2.1/org.springframework.boot/spring-boot-test/2.1.7.RELEASE/70ed88830a08e8baa0b562090168fdba0e92810/spring-boot-test-2.1.7.RELEASE.jar, file:/Users/govlmo91/.gradle/caches/modules-2/files-2.1/com.jayway.jsonpath/json-path/2.4.0/765a4401ceb2dc8d40553c2075eb80a8fa35c2ae/json-path-2.4.0.jar, file:/Users/govlmo91/.gradle/caches/modules-2/files-2.1/junit/junit/4.12/2973d150c0dc1fefe998f834810d68f278ea58ec/junit-4.12.jar, file:/Users/govlmo91/.gradle/caches/modules-2/files-2.1/org.assertj/assertj-core/3.11.1/fdac3217b804d6900fa3650f17b5cb48e620b140/assertj-core-3.11.1.jar, file:/Users/govlmo91/.gradle/caches/modules-2/files-2.1/org.mockito/mockito-core/2.23.4/a35b6f8ffcfa786771eac7d7d903429e790fdf3f/mockito-core-2.23.4.jar, file:/Users/govlmo91/.gradle/caches/modules-2/files-2.1/org.hamcrest/hamcrest-library/1.3/4785a3c21320980282f9f33d0d1264a69040538f/hamcrest-library-1.3.jar, file:/Users/govlmo91/.gradle/caches/modules-2/files-2.1/org.hamcrest/hamcrest-core/1.3/42a25dc3219429f0e5d060061f71acb49bf010a0/hamcrest-core-1.3.jar, file:/Users/govlmo91/.gradle/caches/modules-2/files-2.1/org.skyscreamer/jsonassert/1.5.0/6c9d5fe2f59da598d9aefc1cfc6528ff3cf32df3/jsonassert-1.5.0.jar, file:/Users/govlmo91/.gradle/caches/modules-2/files-2.1/org.springframework/spring-test/5.1.9.RELEASE/653fa9de816677b3318e7058af54e7ee56866b09/spring-test-5.1.9.RELEASE.jar, file:/Users/govlmo91/.gradle/caches/modules-2/files-2.1/org.springframework.boot/spring-boot-autoconfigure/2.1.7.RELEASE/2c9d3e2c6ea3cb435e99e2973009636b62a9d816/spring-boot-autoconfigure-2.1.7.RELEASE.jar, file:/Users/govlmo91/.gradle/caches/modules-2/files-2.1/org.springframework.boot/spring-boot/2.1.7.RELEASE/1599a2ad1fc6d36dbfc2a7c0dd5dab3a0bb27c61/spring-boot-2.1.7.RELEASE.jar, file:/Users/govlmo91/.gradle/caches/modules-2/files-2.1/org.springframework/spring-context/5.1.9.RELEASE/c37f8fe15a5ae4ea1f351bd46167fd492a84eefa/spring-context-5.1.9.RELEASE.jar, file:/Users/govlmo91/.gradle/caches/modules-2/files-2.1/org.springframework/spring-aop/5.1.9.RELEASE/bc2312ffad02251b9d472e4a7c0e472a58f50fbf/spring-aop-5.1.9.RELEASE.jar, file:/Users/govlmo91/.gradle/caches/modules-2/files-2.1/org.springframework/spring-orm/5.1.9.RELEASE/220169d217f7114706141fc0afba425a5b368dce/spring-orm-5.1.9.RELEASE.jar, file:/Users/govlmo91/.gradle/caches/modules-2/files-2.1/org.springframework/spring-jdbc/5.1.9.RELEASE/3fd70356ba8d7c00c4081c1a207766352624414e/spring-jdbc-5.1.9.RELEASE.jar, file:/Users/govlmo91/.gradle/caches/modules-2/files-2.1/org.springframework.data/spring-data-commons/2.1.10.RELEASE/c73a76070181b59b19df6893e1ca729263a69b47/spring-data-commons-2.1.10.RELEASE.jar, file:/Users/govlmo91/.gradle/caches/modules-2/files-2.1/org.springframework/spring-tx/5.1.9.RELEASE/a9125e2c8eeb193030f3972c6293616943c55ef2/spring-tx-5.1.9.RELEASE.jar, file:/Users/govlmo91/.gradle/caches/modules-2/files-2.1/org.springframework/spring-beans/5.1.9.RELEASE/5a03b3983108d73978aec2fa3e681aedad6782c/spring-beans-5.1.9.RELEASE.jar, file:/Users/govlmo91/.gradle/caches/modules-2/files-2.1/org.springframework/spring-expression/5.1.9.RELEASE/db3a2468c1b7d697ec3b3ec6e5652dc282994fe3/spring-expression-5.1.9.RELEASE.jar, file:/Users/govlmo91/.gradle/caches/modules-2/files-2.1/org.springframework/spring-core/5.1.9.RELEASE/dc3815439579b4fa0c19970e6b8e5d774af8d988/spring-core-5.1.9.RELEASE.jar, file:/Users/govlmo91/.gradle/caches/modules-2/files-2.1/org.xmlunit/xmlunit-core/2.6.3/cdb208320aed4a7b94fb236cfbf91aeb6d0ede14/xmlunit-core-2.6.3.jar, file:/Users/govlmo91/.gradle/caches/modules-2/files-2.1/org.springframework.boot/spring-boot-starter-logging/2.1.7.RELEASE/6e829f739992a7f368c0af44a08ed89ad2a1972f/spring-boot-starter-logging-2.1.7.RELEASE.jar, file:/Users/govlmo91/.gradle/caches/modules-2/files-2.1/javax.annotation/javax.annotation-api/1.3.2/934c04d3cfef185a8008e7bf34331b79730a9d43/javax.annotation-api-1.3.2.jar, file:/Users/govlmo91/.gradle/caches/modules-2/files-2.1/org.yaml/snakeyaml/1.23/ec62d74fe50689c28c0ff5b35d3aebcaa8b5be68/snakeyaml-1.23.jar, file:/Users/govlmo91/.gradle/caches/modules-2/files-2.1/com.fasterxml.jackson.datatype/jackson-datatype-jdk8/2.9.9/4b04126963103216c9c43b0f34bbc36315654204/jackson-datatype-jdk8-2.9.9.jar, file:/Users/govlmo91/.gradle/caches/modules-2/files-2.1/com.fasterxml.jackson.datatype/jackson-datatype-jsr310/2.9.9/a33df137557793b0404a486888dbe049f7abeeeb/jackson-datatype-jsr310-2.9.9.jar, file:/Users/govlmo91/.gradle/caches/modules-2/files-2.1/com.fasterxml.jackson.module/jackson-module-parameter-names/2.9.9/a92facb55a2538e7b2fe14294570a18b823ad431/jackson-module-parameter-names-2.9.9.jar, file:/Users/govlmo91/.gradle/caches/modules-2/files-2.1/com.fasterxml.jackson.core/jackson-databind/2.9.9/d6eb9817d9c7289a91f043ac5ee02a6b3cc86238/jackson-databind-2.9.9.jar, file:/Users/govlmo91/.gradle/caches/modules-2/files-2.1/org.apache.tomcat.embed/tomcat-embed-websocket/9.0.22/45974d3443cc15ad9d10239d762d5e15759e6364/tomcat-embed-websocket-9.0.22.jar, file:/Users/govlmo91/.gradle/caches/modules-2/files-2.1/org.apache.tomcat.embed/tomcat-embed-core/9.0.22/79f39903498b28adacb18fe2ea046edd306295a6/tomcat-embed-core-9.0.22.jar, file:/Users/govlmo91/.gradle/caches/modules-2/files-2.1/org.apache.tomcat.embed/tomcat-embed-el/9.0.22/4da4b778b635a7e78ca7cd7288253e2e47b88a9f/tomcat-embed-el-9.0.22.jar, file:/Users/govlmo91/.gradle/caches/modules-2/files-2.1/javax.validation/validation-api/2.0.1.Final/cb855558e6271b1b32e716d24cb85c7f583ce09e/validation-api-2.0.1.Final.jar, file:/Users/govlmo91/.gradle/caches/modules-2/files-2.1/org.hibernate.common/hibernate-commons-annotations/5.0.4.Final/965a18fdf939ee75e41f7918532d37b3a8350535/hibernate-commons-annotations-5.0.4.Final.jar, file:/Users/govlmo91/.gradle/caches/modules-2/files-2.1/org.jboss.logging/jboss-logging/3.3.2.Final/3789d00e859632e6c6206adc0c71625559e6e3b0/jboss-logging-3.3.2.Final.jar, file:/Users/govlmo91/.gradle/caches/modules-2/files-2.1/com.fasterxml/classmate/1.4.0/291658ac2ce2476256c7115943652c0accb5c857/classmate-1.4.0.jar, file:/Users/govlmo91/.gradle/caches/modules-2/files-2.1/org.aspectj/aspectjweaver/1.9.4/9205229878f3d62fbd3a32a0fb6be2d6ad8589a9/aspectjweaver-1.9.4.jar, file:/Users/govlmo91/.gradle/caches/modules-2/files-2.1/com.zaxxer/HikariCP/3.2.0/6c66db1c636ee90beb4c65fe34abd8ba9396bca6/HikariCP-3.2.0.jar, file:/Users/govlmo91/.gradle/caches/modules-2/files-2.1/javax.activation/javax.activation-api/1.2.0/85262acf3ca9816f9537ca47d5adeabaead7cb16/javax.activation-api-1.2.0.jar, file:/Users/govlmo91/.gradle/caches/modules-2/files-2.1/javax.persistence/javax.persistence-api/2.2/25665ac8c0b62f50e6488173233239120fc52c96/javax.persistence-api-2.2.jar, file:/Users/govlmo91/.gradle/caches/modules-2/files-2.1/org.javassist/javassist/3.23.2-GA/c5afe660a95e87ceb518e4f5cf02f5c56b547683/javassist-3.23.2-GA.jar, file:/Users/govlmo91/.gradle/caches/modules-2/files-2.1/net.bytebuddy/byte-buddy/1.9.16/e7d63009be7b87ff1f15b72e5b8c59c897a8d8bd/byte-buddy-1.9.16.jar, file:/Users/govlmo91/.gradle/caches/modules-2/files-2.1/antlr/antlr/2.7.7/83cd2cd674a217ade95a4bb83a8a14f351f48bd0/antlr-2.7.7.jar, file:/Users/govlmo91/.gradle/caches/modules-2/files-2.1/org.jboss/jandex/2.0.5.Final/7060f67764565b9ee9d467e3ed0cb8a9c601b23a/jandex-2.0.5.Final.jar, file:/Users/govlmo91/.gradle/caches/modules-2/files-2.1/org.dom4j/dom4j/2.1.1/3dce5dbb3571aa820c677fadd8349bfa8f00c199/dom4j-2.1.1.jar, file:/Users/govlmo91/.gradle/caches/modules-2/files-2.1/ch.qos.logback/logback-classic/1.2.3/7c4f3c474fb2c041d8028740440937705ebb473a/logback-classic-1.2.3.jar, file:/Users/govlmo91/.gradle/caches/modules-2/files-2.1/org.apache.logging.log4j/log4j-to-slf4j/2.11.2/6d37bf7b046c0ce2669f26b99365a2cfa45c4c18/log4j-to-slf4j-2.11.2.jar, file:/Users/govlmo91/.gradle/caches/modules-2/files-2.1/org.slf4j/jul-to-slf4j/1.7.26/8031352b2bb0a49e67818bf04c027aa92e645d5c/jul-to-slf4j-1.7.26.jar, file:/Users/govlmo91/.gradle/caches/modules-2/files-2.1/org.slf4j/slf4j-api/1.7.26/77100a62c2e6f04b53977b9f541044d7d722693d/slf4j-api-1.7.26.jar, file:/Users/govlmo91/.gradle/caches/modules-2/files-2.1/net.minidev/json-smart/2.3/7396407491352ce4fa30de92efb158adb76b5b/json-smart-2.3.jar, file:/Users/govlmo91/.gradle/caches/modules-2/files-2.1/net.bytebuddy/byte-buddy-agent/1.9.16/fd213511a0a845632456f636e576d24c2d6ac3bc/byte-buddy-agent-1.9.16.jar, file:/Users/govlmo91/.gradle/caches/modules-2/files-2.1/org.objenesis/objenesis/2.6/639033469776fd37c08358c6b92a4761feb2af4b/objenesis-2.6.jar, file:/Users/govlmo91/.gradle/caches/modules-2/files-2.1/com.vaadin.external.google/android-json/0.0.20131108.vaadin1/fa26d351fe62a6a17f5cda1287c1c6110dec413f/android-json-0.0.20131108.vaadin1.jar, file:/Users/govlmo91/.gradle/caches/modules-2/files-2.1/org.springframework/spring-jcl/5.1.9.RELEASE/7c372790c999777d20f364960cf557dd74f890cf/spring-jcl-5.1.9.RELEASE.jar, file:/Users/govlmo91/.gradle/caches/modules-2/files-2.1/com.fasterxml.jackson.core/jackson-annotations/2.9.0/7c10d545325e3a6e72e06381afe469fd40eb701/jackson-annotations-2.9.0.jar, file:/Users/govlmo91/.gradle/caches/modules-2/files-2.1/com.fasterxml.jackson.core/jackson-core/2.9.9/bfff5af9fb8347d26bbb7959cb9b4fe9a2b0ca5e/jackson-core-2.9.9.jar, file:/Users/govlmo91/.gradle/caches/modules-2/files-2.1/net.minidev/accessors-smart/1.2/c592b500269bfde36096641b01238a8350f8aa31/accessors-smart-1.2.jar, file:/Users/govlmo91/.gradle/caches/modules-2/files-2.1/ch.qos.logback/logback-core/1.2.3/864344400c3d4d92dfeb0a305dc87d953677c03c/logback-core-1.2.3.jar, file:/Users/govlmo91/.gradle/caches/modules-2/files-2.1/org.apache.logging.log4j/log4j-api/2.11.2/f5e9a2ffca496057d6891a3de65128efc636e26e/log4j-api-2.11.2.jar, file:/Users/govlmo91/.gradle/caches/modules-2/files-2.1/org.ow2.asm/asm/5.0.4/da08b8cce7bbf903602a25a3a163ae252435795/asm-5.0.4.jar]
2019-12-06 11:18:42.328 DEBUG 7503 --- [    Test worker] ConditionEvaluationReportLoggingListener : 


============================
CONDITIONS EVALUATION REPORT
============================


Positive matches:
-----------------

   ErrorMvcAutoConfiguration matched:
      - @ConditionalOnClass found required classes 'javax.servlet.Servlet', 'org.springframework.web.servlet.DispatcherServlet' (OnClassCondition)
      - found 'session' scope (OnWebApplicationCondition)

   ErrorMvcAutoConfiguration#basicErrorController matched:
      - @ConditionalOnMissingBean (types: org.springframework.boot.web.servlet.error.ErrorController; SearchStrategy: current) did not find any beans (OnBeanCondition)

   ErrorMvcAutoConfiguration#errorAttributes matched:
      - @ConditionalOnMissingBean (types: org.springframework.boot.web.servlet.error.ErrorAttributes; SearchStrategy: current) did not find any beans (OnBeanCondition)

   ErrorMvcAutoConfiguration.WhitelabelErrorViewConfiguration matched:
      - @ConditionalOnProperty (server.error.whitelabel.enabled) matched (OnPropertyCondition)
      - ErrorTemplate Missing did not find error template view (ErrorMvcAutoConfiguration.ErrorTemplateMissingCondition)

   ErrorMvcAutoConfiguration.WhitelabelErrorViewConfiguration#beanNameViewResolver matched:
      - @ConditionalOnMissingBean (types: org.springframework.web.servlet.view.BeanNameViewResolver; SearchStrategy: all) did not find any beans (OnBeanCondition)

   ErrorMvcAutoConfiguration.WhitelabelErrorViewConfiguration#defaultErrorView matched:
      - @ConditionalOnMissingBean (names: error; SearchStrategy: all) did not find any beans (OnBeanCondition)

   HttpMessageConvertersAutoConfiguration matched:
      - @ConditionalOnClass found required class 'org.springframework.http.converter.HttpMessageConverter' (OnClassCondition)

   HttpMessageConvertersAutoConfiguration#messageConverters matched:
      - @ConditionalOnMissingBean (types: org.springframework.boot.autoconfigure.http.HttpMessageConverters; SearchStrategy: all) did not find any beans (OnBeanCondition)

   HttpMessageConvertersAutoConfiguration.StringHttpMessageConverterConfiguration matched:
      - @ConditionalOnClass found required class 'org.springframework.http.converter.StringHttpMessageConverter' (OnClassCondition)

   HttpMessageConvertersAutoConfiguration.StringHttpMessageConverterConfiguration#stringHttpMessageConverter matched:
      - @ConditionalOnMissingBean (types: org.springframework.http.converter.StringHttpMessageConverter; SearchStrategy: all) did not find any beans (OnBeanCondition)

   JacksonAutoConfiguration matched:
      - @ConditionalOnClass found required class 'com.fasterxml.jackson.databind.ObjectMapper' (OnClassCondition)

   JacksonAutoConfiguration.Jackson2ObjectMapperBuilderCustomizerConfiguration matched:
      - @ConditionalOnClass found required class 'org.springframework.http.converter.json.Jackson2ObjectMapperBuilder' (OnClassCondition)

   JacksonAutoConfiguration.JacksonObjectMapperBuilderConfiguration matched:
      - @ConditionalOnClass found required class 'org.springframework.http.converter.json.Jackson2ObjectMapperBuilder' (OnClassCondition)

   JacksonAutoConfiguration.JacksonObjectMapperBuilderConfiguration#jacksonObjectMapperBuilder matched:
      - @ConditionalOnMissingBean (types: org.springframework.http.converter.json.Jackson2ObjectMapperBuilder; SearchStrategy: all) did not find any beans (OnBeanCondition)

   JacksonAutoConfiguration.JacksonObjectMapperConfiguration matched:
      - @ConditionalOnClass found required class 'org.springframework.http.converter.json.Jackson2ObjectMapperBuilder' (OnClassCondition)

   JacksonAutoConfiguration.JacksonObjectMapperConfiguration#jacksonObjectMapper matched:
      - @ConditionalOnMissingBean (types: com.fasterxml.jackson.databind.ObjectMapper; SearchStrategy: all) did not find any beans (OnBeanCondition)

   JacksonAutoConfiguration.ParameterNamesModuleConfiguration matched:
      - @ConditionalOnClass found required class 'com.fasterxml.jackson.module.paramnames.ParameterNamesModule' (OnClassCondition)

   JacksonAutoConfiguration.ParameterNamesModuleConfiguration#parameterNamesModule matched:
      - @ConditionalOnMissingBean (types: com.fasterxml.jackson.module.paramnames.ParameterNamesModule; SearchStrategy: all) did not find any beans (OnBeanCondition)

   JacksonHttpMessageConvertersConfiguration.MappingJackson2HttpMessageConverterConfiguration matched:
      - @ConditionalOnClass found required class 'com.fasterxml.jackson.databind.ObjectMapper' (OnClassCondition)
      - @ConditionalOnProperty (spring.http.converters.preferred-json-mapper=jackson) matched (OnPropertyCondition)
      - @ConditionalOnBean (types: com.fasterxml.jackson.databind.ObjectMapper; SearchStrategy: all) found bean 'jacksonObjectMapper' (OnBeanCondition)

   JacksonHttpMessageConvertersConfiguration.MappingJackson2HttpMessageConverterConfiguration#mappingJackson2HttpMessageConverter matched:
      - @ConditionalOnMissingBean (types: org.springframework.http.converter.json.MappingJackson2HttpMessageConverter; SearchStrategy: all) did not find any beans (OnBeanCondition)

   MockMvcAutoConfiguration matched:
      - found 'session' scope (OnWebApplicationCondition)

   MockMvcAutoConfiguration#dispatcherServlet matched:
      - @ConditionalOnMissingBean (types: org.springframework.web.servlet.DispatcherServlet; SearchStrategy: all) did not find any beans (OnBeanCondition)

   MockMvcAutoConfiguration#dispatcherServletPath matched:
      - @ConditionalOnMissingBean (types: org.springframework.boot.autoconfigure.web.servlet.DispatcherServletPath; SearchStrategy: all) did not find any beans (OnBeanCondition)

   MockMvcAutoConfiguration#mockMvc matched:
      - @ConditionalOnMissingBean (types: org.springframework.test.web.servlet.MockMvc; SearchStrategy: all) did not find any beans (OnBeanCondition)

   MockMvcAutoConfiguration#mockMvcBuilder matched:
      - @ConditionalOnMissingBean (types: org.springframework.test.web.servlet.MockMvcBuilder; SearchStrategy: all) did not find any beans (OnBeanCondition)

   MockMvcSecurityAutoConfiguration matched:
      - @ConditionalOnProperty (spring.test.mockmvc.secure=true) matched (OnPropertyCondition)

   MustacheAutoConfiguration matched:
      - @ConditionalOnClass found required class 'com.samskivert.mustache.Mustache' (OnClassCondition)

   MustacheAutoConfiguration#mustacheCompiler matched:
      - @ConditionalOnMissingBean (types: com.samskivert.mustache.Mustache$Compiler; SearchStrategy: all) did not find any beans (OnBeanCondition)

   MustacheAutoConfiguration#mustacheTemplateLoader matched:
      - @ConditionalOnMissingBean (types: com.samskivert.mustache.Mustache$TemplateLoader; SearchStrategy: all) did not find any beans (OnBeanCondition)

   MustacheServletWebConfiguration matched:
      - found 'session' scope (OnWebApplicationCondition)

   MustacheServletWebConfiguration#mustacheViewResolver matched:
      - @ConditionalOnMissingBean (types: org.springframework.boot.web.servlet.view.MustacheViewResolver; SearchStrategy: all) did not find any beans (OnBeanCondition)

   NoOpCacheConfiguration matched:
      - Cache org.springframework.boot.autoconfigure.cache.NoOpCacheConfiguration NONE cache type (CacheCondition)

   SpringDataWebAutoConfiguration matched:
      - @ConditionalOnClass found required classes 'org.springframework.data.web.PageableHandlerMethodArgumentResolver', 'org.springframework.web.servlet.config.annotation.WebMvcConfigurer' (OnClassCondition)
      - found 'session' scope (OnWebApplicationCondition)
      - @ConditionalOnMissingBean (types: org.springframework.data.web.PageableHandlerMethodArgumentResolver; SearchStrategy: all) did not find any beans (OnBeanCondition)

   SpringDataWebAutoConfiguration#pageableCustomizer matched:
      - @ConditionalOnMissingBean (types: org.springframework.data.web.config.PageableHandlerMethodArgumentResolverCustomizer; SearchStrategy: all) did not find any beans (OnBeanCondition)

   SpringDataWebAutoConfiguration#sortCustomizer matched:
      - @ConditionalOnMissingBean (types: org.springframework.data.web.config.SortHandlerMethodArgumentResolverCustomizer; SearchStrategy: all) did not find any beans (OnBeanCondition)

   TaskExecutionAutoConfiguration matched:
      - @ConditionalOnClass found required class 'org.springframework.scheduling.concurrent.ThreadPoolTaskExecutor' (OnClassCondition)

   TaskExecutionAutoConfiguration#applicationTaskExecutor matched:
      - @ConditionalOnMissingBean (types: java.util.concurrent.Executor; SearchStrategy: all) did not find any beans (OnBeanCondition)

   TaskExecutionAutoConfiguration#taskExecutorBuilder matched:
      - @ConditionalOnMissingBean (types: org.springframework.boot.task.TaskExecutorBuilder; SearchStrategy: all) did not find any beans (OnBeanCondition)

   ValidationAutoConfiguration matched:
      - @ConditionalOnClass found required class 'javax.validation.executable.ExecutableValidator' (OnClassCondition)
      - @ConditionalOnResource found location classpath:META-INF/services/javax.validation.spi.ValidationProvider (OnResourceCondition)

   ValidationAutoConfiguration#defaultValidator matched:
      - @ConditionalOnMissingBean (types: javax.validation.Validator; SearchStrategy: all) did not find any beans (OnBeanCondition)

   ValidationAutoConfiguration#methodValidationPostProcessor matched:
      - @ConditionalOnMissingBean (types: org.springframework.validation.beanvalidation.MethodValidationPostProcessor; SearchStrategy: all) did not find any beans (OnBeanCondition)

   WebMvcAutoConfiguration matched:
      - @ConditionalOnClass found required classes 'javax.servlet.Servlet', 'org.springframework.web.servlet.DispatcherServlet', 'org.springframework.web.servlet.config.annotation.WebMvcConfigurer' (OnClassCondition)
      - found 'session' scope (OnWebApplicationCondition)
      - @ConditionalOnMissingBean (types: org.springframework.web.servlet.config.annotation.WebMvcConfigurationSupport; SearchStrategy: all) did not find any beans (OnBeanCondition)

   WebMvcAutoConfiguration#formContentFilter matched:
      - @ConditionalOnProperty (spring.mvc.formcontent.filter.enabled) matched (OnPropertyCondition)
      - @ConditionalOnMissingBean (types: org.springframework.web.filter.FormContentFilter; SearchStrategy: all) did not find any beans (OnBeanCondition)

   WebMvcAutoConfiguration#hiddenHttpMethodFilter matched:
      - @ConditionalOnProperty (spring.mvc.hiddenmethod.filter.enabled) matched (OnPropertyCondition)
      - @ConditionalOnMissingBean (types: org.springframework.web.filter.HiddenHttpMethodFilter; SearchStrategy: all) did not find any beans (OnBeanCondition)

   WebMvcAutoConfiguration.WebMvcAutoConfigurationAdapter#defaultViewResolver matched:
      - @ConditionalOnMissingBean (types: org.springframework.web.servlet.view.InternalResourceViewResolver; SearchStrategy: all) did not find any beans (OnBeanCondition)

   WebMvcAutoConfiguration.WebMvcAutoConfigurationAdapter#requestContextFilter matched:
      - @ConditionalOnMissingBean (types: org.springframework.web.context.request.RequestContextListener,org.springframework.web.filter.RequestContextFilter; SearchStrategy: all) did not find any beans (OnBeanCondition)

   WebMvcAutoConfiguration.WebMvcAutoConfigurationAdapter#viewResolver matched:
      - @ConditionalOnBean (types: org.springframework.web.servlet.ViewResolver; SearchStrategy: all) found beans 'defaultViewResolver', 'beanNameViewResolver', 'mvcViewResolver'; @ConditionalOnMissingBean (names: viewResolver; types: org.springframework.web.servlet.view.ContentNegotiatingViewResolver; SearchStrategy: all) did not find any beans (OnBeanCondition)

   WebMvcAutoConfiguration.WebMvcAutoConfigurationAdapter.FaviconConfiguration matched:
      - @ConditionalOnProperty (spring.mvc.favicon.enabled) matched (OnPropertyCondition)


Negative matches:
-----------------

   CacheAutoConfiguration:
      Did not match:
         - @ConditionalOnBean (types: org.springframework.cache.interceptor.CacheAspectSupport; SearchStrategy: all) did not find any beans of type org.springframework.cache.interceptor.CacheAspectSupport (OnBeanCondition)
      Matched:
         - @ConditionalOnClass found required class 'org.springframework.cache.CacheManager' (OnClassCondition)

   CacheAutoConfiguration.CacheManagerJpaDependencyConfiguration:
      Did not match:
         - Ancestor org.springframework.boot.autoconfigure.cache.CacheAutoConfiguration did not match (ConditionEvaluationReport.AncestorsMatchedCondition)
      Matched:
         - @ConditionalOnClass found required class 'org.springframework.orm.jpa.LocalContainerEntityManagerFactoryBean' (OnClassCondition)

   CaffeineCacheConfiguration:
      Did not match:
         - @ConditionalOnClass did not find required classes 'com.github.benmanes.caffeine.cache.Caffeine', 'org.springframework.cache.caffeine.CaffeineCacheManager' (OnClassCondition)

   CouchbaseCacheConfiguration:
      Did not match:
         - @ConditionalOnClass did not find required classes 'com.couchbase.client.java.Bucket', 'com.couchbase.client.spring.cache.CouchbaseCacheManager' (OnClassCondition)

   EhCacheCacheConfiguration:
      Did not match:
         - @ConditionalOnClass did not find required classes 'net.sf.ehcache.Cache', 'org.springframework.cache.ehcache.EhCacheCacheManager' (OnClassCondition)

   ErrorMvcAutoConfiguration.DefaultErrorViewResolverConfiguration#conventionErrorViewResolver:
      Did not match:
         - @ConditionalOnBean (types: org.springframework.web.servlet.DispatcherServlet; SearchStrategy: all) did not find any beans of type org.springframework.web.servlet.DispatcherServlet (OnBeanCondition)

   FreeMarkerAutoConfiguration:
      Did not match:
         - @ConditionalOnClass did not find required class 'freemarker.template.Configuration' (OnClassCondition)

   GenericCacheConfiguration:
      Did not match:
         - Cache org.springframework.boot.autoconfigure.cache.GenericCacheConfiguration unknown cache type (CacheCondition)

   GroovyTemplateAutoConfiguration:
      Did not match:
         - @ConditionalOnClass did not find required class 'groovy.text.markup.MarkupTemplateEngine' (OnClassCondition)

   GsonAutoConfiguration:
      Did not match:
         - @ConditionalOnClass did not find required class 'com.google.gson.Gson' (OnClassCondition)

   GsonHttpMessageConvertersConfiguration:
      Did not match:
         - @ConditionalOnClass did not find required class 'com.google.gson.Gson' (OnClassCondition)

   HazelcastCacheConfiguration:
      Did not match:
         - @ConditionalOnClass did not find required classes 'com.hazelcast.core.HazelcastInstance', 'com.hazelcast.spring.cache.HazelcastCacheManager' (OnClassCondition)

   HypermediaAutoConfiguration:
      Did not match:
         - @ConditionalOnClass did not find required class 'org.springframework.hateoas.Resource' (OnClassCondition)

   InfinispanCacheConfiguration:
      Did not match:
         - @ConditionalOnClass did not find required class 'org.infinispan.spring.provider.SpringEmbeddedCacheManager' (OnClassCondition)

   JCacheCacheConfiguration:
      Did not match:
         - @ConditionalOnClass did not find required classes 'javax.cache.Caching', 'org.springframework.cache.jcache.JCacheCacheManager' (OnClassCondition)

   JacksonAutoConfiguration.JodaDateTimeJacksonConfiguration:
      Did not match:
         - @ConditionalOnClass did not find required classes 'org.joda.time.DateTime', 'com.fasterxml.jackson.datatype.joda.ser.DateTimeSerializer', 'com.fasterxml.jackson.datatype.joda.cfg.JacksonJodaDateFormat' (OnClassCondition)

   JacksonHttpMessageConvertersConfiguration.MappingJackson2XmlHttpMessageConverterConfiguration:
      Did not match:
         - @ConditionalOnClass did not find required class 'com.fasterxml.jackson.dataformat.xml.XmlMapper' (OnClassCondition)

   JsonbAutoConfiguration:
      Did not match:
         - @ConditionalOnClass did not find required class 'javax.json.bind.Jsonb' (OnClassCondition)

   JsonbHttpMessageConvertersConfiguration:
      Did not match:
         - @ConditionalOnClass did not find required class 'javax.json.bind.Jsonb' (OnClassCondition)

   MessageSourceAutoConfiguration:
      Did not match:
         - ResourceBundle did not find bundle with basename messages (MessageSourceAutoConfiguration.ResourceBundleCondition)

   MockMvcSecurityConfiguration:
      Did not match:
         - @ConditionalOnClass did not find required class 'org.springframework.security.test.web.servlet.request.SecurityMockMvcRequestPostProcessors' (OnClassCondition)

   MockMvcWebClientAutoConfiguration:
      Did not match:
         - @ConditionalOnClass did not find required class 'com.gargoylesoftware.htmlunit.WebClient' (OnClassCondition)

   MockMvcWebDriverAutoConfiguration:
      Did not match:
         - @ConditionalOnClass did not find required class 'org.openqa.selenium.htmlunit.HtmlUnitDriver' (OnClassCondition)

   MustacheReactiveWebConfiguration:
      Did not match:
         - did not find reactive web application classes (OnWebApplicationCondition)

   RedisCacheConfiguration:
      Did not match:
         - @ConditionalOnClass did not find required class 'org.springframework.data.redis.connection.RedisConnectionFactory' (OnClassCondition)

   SecurityAutoConfiguration:
      Did not match:
         - @ConditionalOnClass did not find required class 'org.springframework.security.authentication.DefaultAuthenticationEventPublisher' (OnClassCondition)

   SimpleCacheConfiguration:
      Did not match:
         - Cache org.springframework.boot.autoconfigure.cache.SimpleCacheConfiguration unknown cache type (CacheCondition)

   ThymeleafAutoConfiguration:
      Did not match:
         - @ConditionalOnClass did not find required class 'org.thymeleaf.spring5.SpringTemplateEngine' (OnClassCondition)

   UserDetailsServiceAutoConfiguration:
      Did not match:
         - @ConditionalOnClass did not find required class 'org.springframework.security.authentication.AuthenticationManager' (OnClassCondition)

   WebMvcAutoConfiguration.ResourceChainCustomizerConfiguration:
      Did not match:
         - @ConditionalOnEnabledResourceChain did not find class org.webjars.WebJarAssetLocator (OnEnabledResourceChainCondition)

   WebMvcAutoConfiguration.WebMvcAutoConfigurationAdapter#beanNameViewResolver:
      Did not match:
         - @ConditionalOnMissingBean (types: org.springframework.web.servlet.view.BeanNameViewResolver; SearchStrategy: all) found beans of type 'org.springframework.web.servlet.view.BeanNameViewResolver' beanNameViewResolver (OnBeanCondition)

   WebMvcAutoConfiguration.WebMvcAutoConfigurationAdapter#localeResolver:
      Did not match:
         - @ConditionalOnProperty (spring.mvc.locale) did not find property 'locale' (OnPropertyCondition)


Exclusions:
-----------

    None


Unconditional classes:
----------------------

    None



2019-12-06 11:18:42.344 DEBUG 7503 --- [    Test worker] o.s.b.d.LoggingFailureAnalysisReporter   : Application failed to start due to an exception

org.springframework.beans.factory.NoSuchBeanDefinitionException: No qualifying bean of type 'kr.gracelove.jojoldu.springboot.service.posts.PostsService' available: expected at least 1 bean which qualifies as autowire candidate. Dependency annotations: {}
	at org.springframework.beans.factory.support.DefaultListableBeanFactory.raiseNoMatchingBeanFound(DefaultListableBeanFactory.java:1658) ~[spring-beans-5.1.9.RELEASE.jar:5.1.9.RELEASE]
	at org.springframework.beans.factory.support.DefaultListableBeanFactory.doResolveDependency(DefaultListableBeanFactory.java:1217) ~[spring-beans-5.1.9.RELEASE.jar:5.1.9.RELEASE]
	at org.springframework.beans.factory.support.DefaultListableBeanFactory.resolveDependency(DefaultListableBeanFactory.java:1171) ~[spring-beans-5.1.9.RELEASE.jar:5.1.9.RELEASE]
	at org.springframework.beans.factory.support.ConstructorResolver.resolveAutowiredArgument(ConstructorResolver.java:857) ~[spring-beans-5.1.9.RELEASE.jar:5.1.9.RELEASE]
	at org.springframework.beans.factory.support.ConstructorResolver.createArgumentArray(ConstructorResolver.java:760) ~[spring-beans-5.1.9.RELEASE.jar:5.1.9.RELEASE]
	at org.springframework.beans.factory.support.ConstructorResolver.autowireConstructor(ConstructorResolver.java:218) ~[spring-beans-5.1.9.RELEASE.jar:5.1.9.RELEASE]
	at org.springframework.beans.factory.support.AbstractAutowireCapableBeanFactory.autowireConstructor(AbstractAutowireCapableBeanFactory.java:1341) ~[spring-beans-5.1.9.RELEASE.jar:5.1.9.RELEASE]
	at org.springframework.beans.factory.support.AbstractAutowireCapableBeanFactory.createBeanInstance(AbstractAutowireCapableBeanFactory.java:1187) ~[spring-beans-5.1.9.RELEASE.jar:5.1.9.RELEASE]
	at org.springframework.beans.factory.support.AbstractAutowireCapableBeanFactory.doCreateBean(AbstractAutowireCapableBeanFactory.java:555) ~[spring-beans-5.1.9.RELEASE.jar:5.1.9.RELEASE]
	at org.springframework.beans.factory.support.AbstractAutowireCapableBeanFactory.createBean(AbstractAutowireCapableBeanFactory.java:515) ~[spring-beans-5.1.9.RELEASE.jar:5.1.9.RELEASE]
	at org.springframework.beans.factory.support.AbstractBeanFactory.lambda$doGetBean$0(AbstractBeanFactory.java:320) ~[spring-beans-5.1.9.RELEASE.jar:5.1.9.RELEASE]
	at org.springframework.beans.factory.support.DefaultSingletonBeanRegistry.getSingleton(DefaultSingletonBeanRegistry.java:222) ~[spring-beans-5.1.9.RELEASE.jar:5.1.9.RELEASE]
	at org.springframework.beans.factory.support.AbstractBeanFactory.doGetBean(AbstractBeanFactory.java:318) ~[spring-beans-5.1.9.RELEASE.jar:5.1.9.RELEASE]
	at org.springframework.beans.factory.support.AbstractBeanFactory.getBean(AbstractBeanFactory.java:199) ~[spring-beans-5.1.9.RELEASE.jar:5.1.9.RELEASE]
	at org.springframework.beans.factory.support.DefaultListableBeanFactory.preInstantiateSingletons(DefaultListableBeanFactory.java:845) ~[spring-beans-5.1.9.RELEASE.jar:5.1.9.RELEASE]
	at org.springframework.context.support.AbstractApplicationContext.finishBeanFactoryInitialization(AbstractApplicationContext.java:877) ~[spring-context-5.1.9.RELEASE.jar:5.1.9.RELEASE]
	at org.springframework.context.support.AbstractApplicationContext.refresh(AbstractApplicationContext.java:549) ~[spring-context-5.1.9.RELEASE.jar:5.1.9.RELEASE]
	at org.springframework.boot.SpringApplication.refresh(SpringApplication.java:743) ~[spring-boot-2.1.7.RELEASE.jar:2.1.7.RELEASE]
	at org.springframework.boot.SpringApplication.refreshContext(SpringApplication.java:390) ~[spring-boot-2.1.7.RELEASE.jar:2.1.7.RELEASE]
	at org.springframework.boot.SpringApplication.run(SpringApplication.java:312) ~[spring-boot-2.1.7.RELEASE.jar:2.1.7.RELEASE]
	at org.springframework.boot.test.context.SpringBootContextLoader.loadContext(SpringBootContextLoader.java:120) [spring-boot-test-2.1.7.RELEASE.jar:2.1.7.RELEASE]
	at org.springframework.test.context.cache.DefaultCacheAwareContextLoaderDelegate.loadContextInternal(DefaultCacheAwareContextLoaderDelegate.java:99) [spring-test-5.1.9.RELEASE.jar:5.1.9.RELEASE]
	at org.springframework.test.context.cache.DefaultCacheAwareContextLoaderDelegate.loadContext(DefaultCacheAwareContextLoaderDelegate.java:117) [spring-test-5.1.9.RELEASE.jar:5.1.9.RELEASE]
	at org.springframework.test.context.support.DefaultTestContext.getApplicationContext(DefaultTestContext.java:108) [spring-test-5.1.9.RELEASE.jar:5.1.9.RELEASE]
	at org.springframework.boot.test.autoconfigure.SpringBootDependencyInjectionTestExecutionListener.outputConditionEvaluationReport(SpringBootDependencyInjectionTestExecutionListener.java:53) [spring-boot-test-autoconfigure-2.1.7.RELEASE.jar:2.1.7.RELEASE]
	at org.springframework.boot.test.autoconfigure.SpringBootDependencyInjectionTestExecutionListener.prepareTestInstance(SpringBootDependencyInjectionTestExecutionListener.java:46) [spring-boot-test-autoconfigure-2.1.7.RELEASE.jar:2.1.7.RELEASE]
	at org.springframework.test.context.TestContextManager.prepareTestInstance(TestContextManager.java:246) [spring-test-5.1.9.RELEASE.jar:5.1.9.RELEASE]
	at org.springframework.test.context.junit4.SpringJUnit4ClassRunner.createTest(SpringJUnit4ClassRunner.java:227) [spring-test-5.1.9.RELEASE.jar:5.1.9.RELEASE]
	at org.springframework.test.context.junit4.SpringJUnit4ClassRunner$1.runReflectiveCall(SpringJUnit4ClassRunner.java:289) [spring-test-5.1.9.RELEASE.jar:5.1.9.RELEASE]
	at org.junit.internal.runners.model.ReflectiveCallable.run(ReflectiveCallable.java:12) [junit-4.12.jar:4.12]
	at org.springframework.test.context.junit4.SpringJUnit4ClassRunner.methodBlock(SpringJUnit4ClassRunner.java:291) [spring-test-5.1.9.RELEASE.jar:5.1.9.RELEASE]
	at org.springframework.test.context.junit4.SpringJUnit4ClassRunner.runChild(SpringJUnit4ClassRunner.java:246) [spring-test-5.1.9.RELEASE.jar:5.1.9.RELEASE]
	at org.springframework.test.context.junit4.SpringJUnit4ClassRunner.runChild(SpringJUnit4ClassRunner.java:97) [spring-test-5.1.9.RELEASE.jar:5.1.9.RELEASE]
	at org.junit.runners.ParentRunner$3.run(ParentRunner.java:290) [junit-4.12.jar:4.12]
	at org.junit.runners.ParentRunner$1.schedule(ParentRunner.java:71) [junit-4.12.jar:4.12]
	at org.junit.runners.ParentRunner.runChildren(ParentRunner.java:288) [junit-4.12.jar:4.12]
	at org.junit.runners.ParentRunner.access$000(ParentRunner.java:58) [junit-4.12.jar:4.12]
	at org.junit.runners.ParentRunner$2.evaluate(ParentRunner.java:268) [junit-4.12.jar:4.12]
	at org.springframework.test.context.junit4.statements.RunBeforeTestClassCallbacks.evaluate(RunBeforeTestClassCallbacks.java:61) [spring-test-5.1.9.RELEASE.jar:5.1.9.RELEASE]
	at org.springframework.test.context.junit4.statements.RunAfterTestClassCallbacks.evaluate(RunAfterTestClassCallbacks.java:70) [spring-test-5.1.9.RELEASE.jar:5.1.9.RELEASE]
	at org.junit.runners.ParentRunner.run(ParentRunner.java:363) [junit-4.12.jar:4.12]
	at org.springframework.test.context.junit4.SpringJUnit4ClassRunner.run(SpringJUnit4ClassRunner.java:190) [spring-test-5.1.9.RELEASE.jar:5.1.9.RELEASE]
	at org.gradle.api.internal.tasks.testing.junit.JUnitTestClassExecutor.runTestClass(JUnitTestClassExecutor.java:110) [gradle-testing-jvm-5.5.1.jar:5.5.1]
	at org.gradle.api.internal.tasks.testing.junit.JUnitTestClassExecutor.execute(JUnitTestClassExecutor.java:58) [gradle-testing-jvm-5.5.1.jar:5.5.1]
	at org.gradle.api.internal.tasks.testing.junit.JUnitTestClassExecutor.execute(JUnitTestClassExecutor.java:38) [gradle-testing-jvm-5.5.1.jar:5.5.1]
	at org.gradle.api.internal.tasks.testing.junit.AbstractJUnitTestClassProcessor.processTestClass(AbstractJUnitTestClassProcessor.java:62) [gradle-testing-jvm-5.5.1.jar:5.5.1]
	at org.gradle.api.internal.tasks.testing.SuiteTestClassProcessor.processTestClass(SuiteTestClassProcessor.java:51) [gradle-testing-base-5.5.1.jar:5.5.1]
	at sun.reflect.NativeMethodAccessorImpl.invoke0(Native Method) ~[na:1.8.0_222]
	at sun.reflect.NativeMethodAccessorImpl.invoke(NativeMethodAccessorImpl.java:62) ~[na:1.8.0_222]
	at sun.reflect.DelegatingMethodAccessorImpl.invoke(DelegatingMethodAccessorImpl.java:43) ~[na:1.8.0_222]
	at java.lang.reflect.Method.invoke(Method.java:498) ~[na:1.8.0_222]
	at org.gradle.internal.dispatch.ReflectionDispatch.dispatch(ReflectionDispatch.java:35) [gradle-messaging-5.5.1.jar:5.5.1]
	at org.gradle.internal.dispatch.ReflectionDispatch.dispatch(ReflectionDispatch.java:24) [gradle-messaging-5.5.1.jar:5.5.1]
	at org.gradle.internal.dispatch.ContextClassLoaderDispatch.dispatch(ContextClassLoaderDispatch.java:32) [gradle-messaging-5.5.1.jar:5.5.1]
	at org.gradle.internal.dispatch.ProxyDispatchAdapter$DispatchingInvocationHandler.invoke(ProxyDispatchAdapter.java:93) [gradle-messaging-5.5.1.jar:5.5.1]
	at com.sun.proxy.$Proxy2.processTestClass(Unknown Source) [na:na]
	at org.gradle.api.internal.tasks.testing.worker.TestWorker.processTestClass(TestWorker.java:118) [gradle-testing-base-5.5.1.jar:5.5.1]
	at sun.reflect.NativeMethodAccessorImpl.invoke0(Native Method) ~[na:1.8.0_222]
	at sun.reflect.NativeMethodAccessorImpl.invoke(NativeMethodAccessorImpl.java:62) ~[na:1.8.0_222]
	at sun.reflect.DelegatingMethodAccessorImpl.invoke(DelegatingMethodAccessorImpl.java:43) ~[na:1.8.0_222]
	at java.lang.reflect.Method.invoke(Method.java:498) ~[na:1.8.0_222]
	at org.gradle.internal.dispatch.ReflectionDispatch.dispatch(ReflectionDispatch.java:35) [gradle-messaging-5.5.1.jar:5.5.1]
	at org.gradle.internal.dispatch.ReflectionDispatch.dispatch(ReflectionDispatch.java:24) [gradle-messaging-5.5.1.jar:5.5.1]
	at org.gradle.internal.remote.internal.hub.MessageHubBackedObjectConnection$DispatchWrapper.dispatch(MessageHubBackedObjectConnection.java:175) [gradle-messaging-5.5.1.jar:5.5.1]
	at org.gradle.internal.remote.internal.hub.MessageHubBackedObjectConnection$DispatchWrapper.dispatch(MessageHubBackedObjectConnection.java:157) [gradle-messaging-5.5.1.jar:5.5.1]
	at org.gradle.internal.remote.internal.hub.MessageHub$Handler.run(MessageHub.java:404) [gradle-messaging-5.5.1.jar:5.5.1]
	at org.gradle.internal.concurrent.ExecutorPolicy$CatchAndRecordFailures.onExecute(ExecutorPolicy.java:63) [gradle-base-services-5.5.1.jar:5.5.1]
	at org.gradle.internal.concurrent.ManagedExecutorImpl$1.run(ManagedExecutorImpl.java:46) [gradle-base-services-5.5.1.jar:5.5.1]
	at java.util.concurrent.ThreadPoolExecutor.runWorker(ThreadPoolExecutor.java:1149) [na:1.8.0_222]
	at java.util.concurrent.ThreadPoolExecutor$Worker.run(ThreadPoolExecutor.java:624) [na:1.8.0_222]
	at org.gradle.internal.concurrent.ThreadFactoryImpl$ManagedThreadRunnable.run(ThreadFactoryImpl.java:55) [gradle-base-services-5.5.1.jar:5.5.1]
	at java.lang.Thread.run(Thread.java:748) [na:1.8.0_222]

2019-12-06 11:18:42.345 ERROR 7503 --- [    Test worker] o.s.b.d.LoggingFailureAnalysisReporter   : 

***************************
APPLICATION FAILED TO START
***************************

Description:

Parameter 0 of constructor in kr.gracelove.jojoldu.springboot.web.PostsApiController required a bean of type 'kr.gracelove.jojoldu.springboot.service.posts.PostsService' that could not be found.


Action:

Consider defining a bean of type 'kr.gracelove.jojoldu.springboot.service.posts.PostsService' in your configuration.

2019-12-06 11:18:42.346 ERROR 7503 --- [    Test worker] o.s.test.context.TestContextManager      : Caught exception while allowing TestExecutionListener [org.springframework.boot.test.autoconfigure.SpringBootDependencyInjectionTestExecutionListener@74ed181f] to prepare test instance [kr.gracelove.jojoldu.springboot.web.HelloControllerTest@647fe57]

java.lang.IllegalStateException: Failed to load ApplicationContext
	at org.springframework.test.context.cache.DefaultCacheAwareContextLoaderDelegate.loadContext(DefaultCacheAwareContextLoaderDelegate.java:125) ~[spring-test-5.1.9.RELEASE.jar:5.1.9.RELEASE]
	at org.springframework.test.context.support.DefaultTestContext.getApplicationContext(DefaultTestContext.java:108) ~[spring-test-5.1.9.RELEASE.jar:5.1.9.RELEASE]
	at org.springframework.test.context.support.DependencyInjectionTestExecutionListener.injectDependencies(DependencyInjectionTestExecutionListener.java:118) ~[spring-test-5.1.9.RELEASE.jar:5.1.9.RELEASE]
	at org.springframework.test.context.support.DependencyInjectionTestExecutionListener.prepareTestInstance(DependencyInjectionTestExecutionListener.java:83) ~[spring-test-5.1.9.RELEASE.jar:5.1.9.RELEASE]
	at org.springframework.boot.test.autoconfigure.SpringBootDependencyInjectionTestExecutionListener.prepareTestInstance(SpringBootDependencyInjectionTestExecutionListener.java:43) ~[spring-boot-test-autoconfigure-2.1.7.RELEASE.jar:2.1.7.RELEASE]
	at org.springframework.test.context.TestContextManager.prepareTestInstance(TestContextManager.java:246) ~[spring-test-5.1.9.RELEASE.jar:5.1.9.RELEASE]
	at org.springframework.test.context.junit4.SpringJUnit4ClassRunner.createTest(SpringJUnit4ClassRunner.java:227) [spring-test-5.1.9.RELEASE.jar:5.1.9.RELEASE]
	at org.springframework.test.context.junit4.SpringJUnit4ClassRunner$1.runReflectiveCall(SpringJUnit4ClassRunner.java:289) [spring-test-5.1.9.RELEASE.jar:5.1.9.RELEASE]
	at org.junit.internal.runners.model.ReflectiveCallable.run(ReflectiveCallable.java:12) [junit-4.12.jar:4.12]
	at org.springframework.test.context.junit4.SpringJUnit4ClassRunner.methodBlock(SpringJUnit4ClassRunner.java:291) [spring-test-5.1.9.RELEASE.jar:5.1.9.RELEASE]
	at org.springframework.test.context.junit4.SpringJUnit4ClassRunner.runChild(SpringJUnit4ClassRunner.java:246) [spring-test-5.1.9.RELEASE.jar:5.1.9.RELEASE]
	at org.springframework.test.context.junit4.SpringJUnit4ClassRunner.runChild(SpringJUnit4ClassRunner.java:97) [spring-test-5.1.9.RELEASE.jar:5.1.9.RELEASE]
	at org.junit.runners.ParentRunner$3.run(ParentRunner.java:290) [junit-4.12.jar:4.12]
	at org.junit.runners.ParentRunner$1.schedule(ParentRunner.java:71) [junit-4.12.jar:4.12]
	at org.junit.runners.ParentRunner.runChildren(ParentRunner.java:288) [junit-4.12.jar:4.12]
	at org.junit.runners.ParentRunner.access$000(ParentRunner.java:58) [junit-4.12.jar:4.12]
	at org.junit.runners.ParentRunner$2.evaluate(ParentRunner.java:268) [junit-4.12.jar:4.12]
	at org.springframework.test.context.junit4.statements.RunBeforeTestClassCallbacks.evaluate(RunBeforeTestClassCallbacks.java:61) [spring-test-5.1.9.RELEASE.jar:5.1.9.RELEASE]
	at org.springframework.test.context.junit4.statements.RunAfterTestClassCallbacks.evaluate(RunAfterTestClassCallbacks.java:70) [spring-test-5.1.9.RELEASE.jar:5.1.9.RELEASE]
	at org.junit.runners.ParentRunner.run(ParentRunner.java:363) [junit-4.12.jar:4.12]
	at org.springframework.test.context.junit4.SpringJUnit4ClassRunner.run(SpringJUnit4ClassRunner.java:190) [spring-test-5.1.9.RELEASE.jar:5.1.9.RELEASE]
	at org.gradle.api.internal.tasks.testing.junit.JUnitTestClassExecutor.runTestClass(JUnitTestClassExecutor.java:110) [gradle-testing-jvm-5.5.1.jar:5.5.1]
	at org.gradle.api.internal.tasks.testing.junit.JUnitTestClassExecutor.execute(JUnitTestClassExecutor.java:58) [gradle-testing-jvm-5.5.1.jar:5.5.1]
	at org.gradle.api.internal.tasks.testing.junit.JUnitTestClassExecutor.execute(JUnitTestClassExecutor.java:38) [gradle-testing-jvm-5.5.1.jar:5.5.1]
	at org.gradle.api.internal.tasks.testing.junit.AbstractJUnitTestClassProcessor.processTestClass(AbstractJUnitTestClassProcessor.java:62) [gradle-testing-jvm-5.5.1.jar:5.5.1]
	at org.gradle.api.internal.tasks.testing.SuiteTestClassProcessor.processTestClass(SuiteTestClassProcessor.java:51) [gradle-testing-base-5.5.1.jar:5.5.1]
	at sun.reflect.NativeMethodAccessorImpl.invoke0(Native Method) ~[na:1.8.0_222]
	at sun.reflect.NativeMethodAccessorImpl.invoke(NativeMethodAccessorImpl.java:62) ~[na:1.8.0_222]
	at sun.reflect.DelegatingMethodAccessorImpl.invoke(DelegatingMethodAccessorImpl.java:43) ~[na:1.8.0_222]
	at java.lang.reflect.Method.invoke(Method.java:498) ~[na:1.8.0_222]
	at org.gradle.internal.dispatch.ReflectionDispatch.dispatch(ReflectionDispatch.java:35) [gradle-messaging-5.5.1.jar:5.5.1]
	at org.gradle.internal.dispatch.ReflectionDispatch.dispatch(ReflectionDispatch.java:24) [gradle-messaging-5.5.1.jar:5.5.1]
	at org.gradle.internal.dispatch.ContextClassLoaderDispatch.dispatch(ContextClassLoaderDispatch.java:32) [gradle-messaging-5.5.1.jar:5.5.1]
	at org.gradle.internal.dispatch.ProxyDispatchAdapter$DispatchingInvocationHandler.invoke(ProxyDispatchAdapter.java:93) [gradle-messaging-5.5.1.jar:5.5.1]
	at com.sun.proxy.$Proxy2.processTestClass(Unknown Source) [na:na]
	at org.gradle.api.internal.tasks.testing.worker.TestWorker.processTestClass(TestWorker.java:118) [gradle-testing-base-5.5.1.jar:5.5.1]
	at sun.reflect.NativeMethodAccessorImpl.invoke0(Native Method) ~[na:1.8.0_222]
	at sun.reflect.NativeMethodAccessorImpl.invoke(NativeMethodAccessorImpl.java:62) ~[na:1.8.0_222]
	at sun.reflect.DelegatingMethodAccessorImpl.invoke(DelegatingMethodAccessorImpl.java:43) ~[na:1.8.0_222]
	at java.lang.reflect.Method.invoke(Method.java:498) ~[na:1.8.0_222]
	at org.gradle.internal.dispatch.ReflectionDispatch.dispatch(ReflectionDispatch.java:35) [gradle-messaging-5.5.1.jar:5.5.1]
	at org.gradle.internal.dispatch.ReflectionDispatch.dispatch(ReflectionDispatch.java:24) [gradle-messaging-5.5.1.jar:5.5.1]
	at org.gradle.internal.remote.internal.hub.MessageHubBackedObjectConnection$DispatchWrapper.dispatch(MessageHubBackedObjectConnection.java:175) [gradle-messaging-5.5.1.jar:5.5.1]
	at org.gradle.internal.remote.internal.hub.MessageHubBackedObjectConnection$DispatchWrapper.dispatch(MessageHubBackedObjectConnection.java:157) [gradle-messaging-5.5.1.jar:5.5.1]
	at org.gradle.internal.remote.internal.hub.MessageHub$Handler.run(MessageHub.java:404) [gradle-messaging-5.5.1.jar:5.5.1]
	at org.gradle.internal.concurrent.ExecutorPolicy$CatchAndRecordFailures.onExecute(ExecutorPolicy.java:63) [gradle-base-services-5.5.1.jar:5.5.1]
	at org.gradle.internal.concurrent.ManagedExecutorImpl$1.run(ManagedExecutorImpl.java:46) [gradle-base-services-5.5.1.jar:5.5.1]
	at java.util.concurrent.ThreadPoolExecutor.runWorker(ThreadPoolExecutor.java:1149) [na:1.8.0_222]
	at java.util.concurrent.ThreadPoolExecutor$Worker.run(ThreadPoolExecutor.java:624) [na:1.8.0_222]
	at org.gradle.internal.concurrent.ThreadFactoryImpl$ManagedThreadRunnable.run(ThreadFactoryImpl.java:55) [gradle-base-services-5.5.1.jar:5.5.1]
	at java.lang.Thread.run(Thread.java:748) [na:1.8.0_222]
Caused by: org.springframework.beans.factory.UnsatisfiedDependencyException: Error creating bean with name 'postsApiController' defined in file [/Users/govlmo91/IdeaProjects/jojoldubook/build/classes/java/main/kr/gracelove/jojoldu/springboot/web/PostsApiController.class]: Unsatisfied dependency expressed through constructor parameter 0; nested exception is org.springframework.beans.factory.NoSuchBeanDefinitionException: No qualifying bean of type 'kr.gracelove.jojoldu.springboot.service.posts.PostsService' available: expected at least 1 bean which qualifies as autowire candidate. Dependency annotations: {}
	at org.springframework.beans.factory.support.ConstructorResolver.createArgumentArray(ConstructorResolver.java:769) ~[spring-beans-5.1.9.RELEASE.jar:5.1.9.RELEASE]
	at org.springframework.beans.factory.support.ConstructorResolver.autowireConstructor(ConstructorResolver.java:218) ~[spring-beans-5.1.9.RELEASE.jar:5.1.9.RELEASE]
	at org.springframework.beans.factory.support.AbstractAutowireCapableBeanFactory.autowireConstructor(AbstractAutowireCapableBeanFactory.java:1341) ~[spring-beans-5.1.9.RELEASE.jar:5.1.9.RELEASE]
	at org.springframework.beans.factory.support.AbstractAutowireCapableBeanFactory.createBeanInstance(AbstractAutowireCapableBeanFactory.java:1187) ~[spring-beans-5.1.9.RELEASE.jar:5.1.9.RELEASE]
	at org.springframework.beans.factory.support.AbstractAutowireCapableBeanFactory.doCreateBean(AbstractAutowireCapableBeanFactory.java:555) ~[spring-beans-5.1.9.RELEASE.jar:5.1.9.RELEASE]
	at org.springframework.beans.factory.support.AbstractAutowireCapableBeanFactory.createBean(AbstractAutowireCapableBeanFactory.java:515) ~[spring-beans-5.1.9.RELEASE.jar:5.1.9.RELEASE]
	at org.springframework.beans.factory.support.AbstractBeanFactory.lambda$doGetBean$0(AbstractBeanFactory.java:320) ~[spring-beans-5.1.9.RELEASE.jar:5.1.9.RELEASE]
	at org.springframework.beans.factory.support.DefaultSingletonBeanRegistry.getSingleton(DefaultSingletonBeanRegistry.java:222) ~[spring-beans-5.1.9.RELEASE.jar:5.1.9.RELEASE]
	at org.springframework.beans.factory.support.AbstractBeanFactory.doGetBean(AbstractBeanFactory.java:318) ~[spring-beans-5.1.9.RELEASE.jar:5.1.9.RELEASE]
	at org.springframework.beans.factory.support.AbstractBeanFactory.getBean(AbstractBeanFactory.java:199) ~[spring-beans-5.1.9.RELEASE.jar:5.1.9.RELEASE]
	at org.springframework.beans.factory.support.DefaultListableBeanFactory.preInstantiateSingletons(DefaultListableBeanFactory.java:845) ~[spring-beans-5.1.9.RELEASE.jar:5.1.9.RELEASE]
	at org.springframework.context.support.AbstractApplicationContext.finishBeanFactoryInitialization(AbstractApplicationContext.java:877) ~[spring-context-5.1.9.RELEASE.jar:5.1.9.RELEASE]
	at org.springframework.context.support.AbstractApplicationContext.refresh(AbstractApplicationContext.java:549) ~[spring-context-5.1.9.RELEASE.jar:5.1.9.RELEASE]
	at org.springframework.boot.SpringApplication.refresh(SpringApplication.java:743) ~[spring-boot-2.1.7.RELEASE.jar:2.1.7.RELEASE]
	at org.springframework.boot.SpringApplication.refreshContext(SpringApplication.java:390) ~[spring-boot-2.1.7.RELEASE.jar:2.1.7.RELEASE]
	at org.springframework.boot.SpringApplication.run(SpringApplication.java:312) ~[spring-boot-2.1.7.RELEASE.jar:2.1.7.RELEASE]
	at org.springframework.boot.test.context.SpringBootContextLoader.loadContext(SpringBootContextLoader.java:120) ~[spring-boot-test-2.1.7.RELEASE.jar:2.1.7.RELEASE]
	at org.springframework.test.context.cache.DefaultCacheAwareContextLoaderDelegate.loadContextInternal(DefaultCacheAwareContextLoaderDelegate.java:99) ~[spring-test-5.1.9.RELEASE.jar:5.1.9.RELEASE]
	at org.springframework.test.context.cache.DefaultCacheAwareContextLoaderDelegate.loadContext(DefaultCacheAwareContextLoaderDelegate.java:117) ~[spring-test-5.1.9.RELEASE.jar:5.1.9.RELEASE]
	... 50 common frames omitted
Caused by: org.springframework.beans.factory.NoSuchBeanDefinitionException: No qualifying bean of type 'kr.gracelove.jojoldu.springboot.service.posts.PostsService' available: expected at least 1 bean which qualifies as autowire candidate. Dependency annotations: {}
	at org.springframework.beans.factory.support.DefaultListableBeanFactory.raiseNoMatchingBeanFound(DefaultListableBeanFactory.java:1658) ~[spring-beans-5.1.9.RELEASE.jar:5.1.9.RELEASE]
	at org.springframework.beans.factory.support.DefaultListableBeanFactory.doResolveDependency(DefaultListableBeanFactory.java:1217) ~[spring-beans-5.1.9.RELEASE.jar:5.1.9.RELEASE]
	at org.springframework.beans.factory.support.DefaultListableBeanFactory.resolveDependency(DefaultListableBeanFactory.java:1171) ~[spring-beans-5.1.9.RELEASE.jar:5.1.9.RELEASE]
	at org.springframework.beans.factory.support.ConstructorResolver.resolveAutowiredArgument(ConstructorResolver.java:857) ~[spring-beans-5.1.9.RELEASE.jar:5.1.9.RELEASE]
	at org.springframework.beans.factory.support.ConstructorResolver.createArgumentArray(ConstructorResolver.java:760) ~[spring-beans-5.1.9.RELEASE.jar:5.1.9.RELEASE]
	... 68 common frames omitted

2019-12-06 11:18:42.348 DEBUG 7503 --- [    Test worker] o.s.test.annotation.ProfileValueUtils    : Retrieved @ProfileValueSourceConfiguration [null] for test class [kr.gracelove.jojoldu.springboot.web.HelloControllerTest]
2019-12-06 11:18:42.348 DEBUG 7503 --- [    Test worker] o.s.test.annotation.ProfileValueUtils    : Retrieved ProfileValueSource type [class org.springframework.test.annotation.SystemProfileValueSource] for class [kr.gracelove.jojoldu.springboot.web.HelloControllerTest]
2019-12-06 11:18:42.348 DEBUG 7503 --- [    Test worker] DependencyInjectionTestExecutionListener : Performing dependency injection for test context [[DefaultTestContext@4034db71 testClass = HelloControllerTest, testInstance = kr.gracelove.jojoldu.springboot.web.HelloControllerTest@73a88593, testMethod = [null], testException = [null], mergedContextConfiguration = [WebMergedContextConfiguration@67d86efd testClass = HelloControllerTest, locations = '{}', classes = '{class kr.gracelove.jojoldu.springboot.Application}', contextInitializerClasses = '[]', activeProfiles = '{}', propertySourceLocations = '{}', propertySourceProperties = '{org.springframework.boot.test.autoconfigure.web.servlet.WebMvcTestContextBootstrapper=true}', contextCustomizers = set[org.springframework.boot.test.autoconfigure.OverrideAutoConfigurationContextCustomizerFactory$DisableAutoConfigurationContextCustomizer@23ff335c, org.springframework.boot.test.autoconfigure.filter.TypeExcludeFiltersContextCustomizer@a0ac8b39, org.springframework.boot.test.autoconfigure.properties.PropertyMappingContextCustomizer@b09c47ab, org.springframework.boot.test.autoconfigure.web.servlet.WebDriverContextCustomizerFactory$Customizer@18c1dfe6, [ImportsContextCustomizer@2877fff4 key = [org.springframework.boot.autoconfigure.cache.CacheAutoConfiguration, org.springframework.boot.autoconfigure.context.MessageSourceAutoConfiguration, org.springframework.boot.autoconfigure.data.web.SpringDataWebAutoConfiguration, org.springframework.boot.autoconfigure.freemarker.FreeMarkerAutoConfiguration, org.springframework.boot.autoconfigure.groovy.template.GroovyTemplateAutoConfiguration, org.springframework.boot.autoconfigure.gson.GsonAutoConfiguration, org.springframework.boot.autoconfigure.hateoas.HypermediaAutoConfiguration, org.springframework.boot.autoconfigure.http.HttpMessageConvertersAutoConfiguration, org.springframework.boot.autoconfigure.jackson.JacksonAutoConfiguration, org.springframework.boot.autoconfigure.jsonb.JsonbAutoConfiguration, org.springframework.boot.autoconfigure.mustache.MustacheAutoConfiguration, org.springframework.boot.autoconfigure.task.TaskExecutionAutoConfiguration, org.springframework.boot.autoconfigure.thymeleaf.ThymeleafAutoConfiguration, org.springframework.boot.autoconfigure.validation.ValidationAutoConfiguration, org.springframework.boot.autoconfigure.web.servlet.error.ErrorMvcAutoConfiguration, org.springframework.boot.autoconfigure.web.servlet.WebMvcAutoConfiguration, org.springframework.boot.test.autoconfigure.web.servlet.MockMvcAutoConfiguration, org.springframework.boot.test.autoconfigure.web.servlet.MockMvcSecurityAutoConfiguration, org.springframework.boot.test.autoconfigure.web.servlet.MockMvcWebClientAutoConfiguration, org.springframework.boot.test.autoconfigure.web.servlet.MockMvcWebDriverAutoConfiguration]], org.springframework.boot.test.context.filter.ExcludeFilterContextCustomizer@4ca9ea9c, org.springframework.boot.test.json.DuplicateJsonObjectContextCustomizerFactory$DuplicateJsonObjectContextCustomizer@939cf91, org.springframework.boot.test.mock.mockito.MockitoContextCustomizer@0], resourceBasePath = 'src/main/webapp', contextLoader = 'org.springframework.boot.test.context.SpringBootContextLoader', parent = [null]], attributes = map[[empty]]]].
2019-12-06 11:18:42.349 DEBUG 7503 --- [    Test worker] o.s.t.c.support.TestPropertySourceUtils  : Adding inlined properties to environment: {spring.jmx.enabled=false, org.springframework.boot.test.autoconfigure.web.servlet.WebMvcTestContextBootstrapper=true, server.port=-1}
2019-12-06 11:18:42.361 DEBUG 7503 --- [    Test worker] .c.l.ClasspathLoggingApplicationListener : Application started with classpath: [file:/Users/govlmo91/.gradle/caches/5.5.1/workerMain/gradle-worker.jar, file:/Users/govlmo91/IdeaProjects/jojoldubook/build/classes/java/test/, file:/Users/govlmo91/IdeaProjects/jojoldubook/build/resources/test, file:/Users/govlmo91/IdeaProjects/jojoldubook/build/classes/java/main/, file:/Users/govlmo91/IdeaProjects/jojoldubook/build/resources/main/, file:/Users/govlmo91/.gradle/caches/modules-2/files-2.1/org.springframework.boot/spring-boot-starter-mustache/2.1.7.RELEASE/c52b1725d81a61eac91af3196a65c17adef75357/spring-boot-starter-mustache-2.1.7.RELEASE.jar, file:/Users/govlmo91/.gradle/caches/modules-2/files-2.1/org.projectlombok/lombok/1.18.8/448003bc1b234aac04b58e27d7755c12c3ec4236/lombok-1.18.8.jar, file:/Users/govlmo91/.gradle/caches/modules-2/files-2.1/org.springframework.boot/spring-boot-starter-web/2.1.7.RELEASE/fa43baf40bde3ecdb93ac9c545dd39f82ab29c35/spring-boot-starter-web-2.1.7.RELEASE.jar, file:/Users/govlmo91/.gradle/caches/modules-2/files-2.1/org.springframework.boot/spring-boot-starter-data-jpa/2.1.7.RELEASE/5e4a5d5442f32f5e12b36674a620ec57b0b66c6e/spring-boot-starter-data-jpa-2.1.7.RELEASE.jar, file:/Users/govlmo91/.gradle/caches/modules-2/files-2.1/com.h2database/h2/1.4.199/7bf08152984ed8859740ae3f97fae6c72771ae45/h2-1.4.199.jar, file:/Users/govlmo91/.gradle/caches/modules-2/files-2.1/org.springframework.boot/spring-boot-starter-test/2.1.7.RELEASE/39e82379a28c217ab892eb00ef601dc0571f56a4/spring-boot-starter-test-2.1.7.RELEASE.jar, file:/Users/govlmo91/.gradle/caches/modules-2/files-2.1/org.springframework.boot/spring-boot-starter-json/2.1.7.RELEASE/9c12f046a7c4ae110d89163a491ad0d7cf036e79/spring-boot-starter-json-2.1.7.RELEASE.jar, file:/Users/govlmo91/.gradle/caches/modules-2/files-2.1/org.springframework.boot/spring-boot-starter-aop/2.1.7.RELEASE/4577d056af1f823bb7730c99f43c3268dd697310/spring-boot-starter-aop-2.1.7.RELEASE.jar, file:/Users/govlmo91/.gradle/caches/modules-2/files-2.1/org.springframework.boot/spring-boot-starter-jdbc/2.1.7.RELEASE/3ea97a134b44a886ff529215e7bec04bfd93fa5b/spring-boot-starter-jdbc-2.1.7.RELEASE.jar, file:/Users/govlmo91/.gradle/caches/modules-2/files-2.1/org.springframework.boot/spring-boot-starter/2.1.7.RELEASE/e23f4e9460e0e2220b444e40fc7fd6e95f66e0fe/spring-boot-starter-2.1.7.RELEASE.jar, file:/Users/govlmo91/.gradle/caches/modules-2/files-2.1/com.samskivert/jmustache/1.14/495441daa241e5f48d555597fffa2b1dfc8c60d1/jmustache-1.14.jar, file:/Users/govlmo91/.gradle/caches/modules-2/files-2.1/org.springframework.boot/spring-boot-starter-tomcat/2.1.7.RELEASE/11f2a86aefefba72a4efe5ff18f4165a4b4e78b/spring-boot-starter-tomcat-2.1.7.RELEASE.jar, file:/Users/govlmo91/.gradle/caches/modules-2/files-2.1/org.hibernate.validator/hibernate-validator/6.0.17.Final/af73055fc4a103ab347c56e7da5a143d68a0170/hibernate-validator-6.0.17.Final.jar, file:/Users/govlmo91/.gradle/caches/modules-2/files-2.1/org.springframework/spring-webmvc/5.1.9.RELEASE/b9d4a2140488f0e6f9aa231e7938ae18da77b637/spring-webmvc-5.1.9.RELEASE.jar, file:/Users/govlmo91/.gradle/caches/modules-2/files-2.1/org.springframework/spring-web/5.1.9.RELEASE/9fe4390420fdd0b63dc4ed90d9027dafa9f74f80/spring-web-5.1.9.RELEASE.jar, file:/Users/govlmo91/.gradle/caches/modules-2/files-2.1/javax.transaction/javax.transaction-api/1.3/e006adf5cf3cca2181d16bd640ecb80148ec0fce/javax.transaction-api-1.3.jar, file:/Users/govlmo91/.gradle/caches/modules-2/files-2.1/javax.xml.bind/jaxb-api/2.3.1/8531ad5ac454cc2deb9d4d32c40c4d7451939b5d/jaxb-api-2.3.1.jar, file:/Users/govlmo91/.gradle/caches/modules-2/files-2.1/org.hibernate/hibernate-core/5.3.10.Final/e608b854325005edbf43cb2b6041fdafd3f2eb57/hibernate-core-5.3.10.Final.jar, file:/Users/govlmo91/.gradle/caches/modules-2/files-2.1/org.springframework.data/spring-data-jpa/2.1.10.RELEASE/12639406aa28c3a5195a1a4c9077fe562f54bc31/spring-data-jpa-2.1.10.RELEASE.jar, file:/Users/govlmo91/.gradle/caches/modules-2/files-2.1/org.springframework/spring-aspects/5.1.9.RELEASE/a8aec853c345ed54a99627cee9f755ce7dbb734/spring-aspects-5.1.9.RELEASE.jar, file:/Users/govlmo91/.gradle/caches/modules-2/files-2.1/org.springframework.boot/spring-boot-test-autoconfigure/2.1.7.RELEASE/8c9847259e14419d2bcc4eed26bcf48dc56686ef/spring-boot-test-autoconfigure-2.1.7.RELEASE.jar, file:/Users/govlmo91/.gradle/caches/modules-2/files-2.1/org.springframework.boot/spring-boot-test/2.1.7.RELEASE/70ed88830a08e8baa0b562090168fdba0e92810/spring-boot-test-2.1.7.RELEASE.jar, file:/Users/govlmo91/.gradle/caches/modules-2/files-2.1/com.jayway.jsonpath/json-path/2.4.0/765a4401ceb2dc8d40553c2075eb80a8fa35c2ae/json-path-2.4.0.jar, file:/Users/govlmo91/.gradle/caches/modules-2/files-2.1/junit/junit/4.12/2973d150c0dc1fefe998f834810d68f278ea58ec/junit-4.12.jar, file:/Users/govlmo91/.gradle/caches/modules-2/files-2.1/org.assertj/assertj-core/3.11.1/fdac3217b804d6900fa3650f17b5cb48e620b140/assertj-core-3.11.1.jar, file:/Users/govlmo91/.gradle/caches/modules-2/files-2.1/org.mockito/mockito-core/2.23.4/a35b6f8ffcfa786771eac7d7d903429e790fdf3f/mockito-core-2.23.4.jar, file:/Users/govlmo91/.gradle/caches/modules-2/files-2.1/org.hamcrest/hamcrest-library/1.3/4785a3c21320980282f9f33d0d1264a69040538f/hamcrest-library-1.3.jar, file:/Users/govlmo91/.gradle/caches/modules-2/files-2.1/org.hamcrest/hamcrest-core/1.3/42a25dc3219429f0e5d060061f71acb49bf010a0/hamcrest-core-1.3.jar, file:/Users/govlmo91/.gradle/caches/modules-2/files-2.1/org.skyscreamer/jsonassert/1.5.0/6c9d5fe2f59da598d9aefc1cfc6528ff3cf32df3/jsonassert-1.5.0.jar, file:/Users/govlmo91/.gradle/caches/modules-2/files-2.1/org.springframework/spring-test/5.1.9.RELEASE/653fa9de816677b3318e7058af54e7ee56866b09/spring-test-5.1.9.RELEASE.jar, file:/Users/govlmo91/.gradle/caches/modules-2/files-2.1/org.springframework.boot/spring-boot-autoconfigure/2.1.7.RELEASE/2c9d3e2c6ea3cb435e99e2973009636b62a9d816/spring-boot-autoconfigure-2.1.7.RELEASE.jar, file:/Users/govlmo91/.gradle/caches/modules-2/files-2.1/org.springframework.boot/spring-boot/2.1.7.RELEASE/1599a2ad1fc6d36dbfc2a7c0dd5dab3a0bb27c61/spring-boot-2.1.7.RELEASE.jar, file:/Users/govlmo91/.gradle/caches/modules-2/files-2.1/org.springframework/spring-context/5.1.9.RELEASE/c37f8fe15a5ae4ea1f351bd46167fd492a84eefa/spring-context-5.1.9.RELEASE.jar, file:/Users/govlmo91/.gradle/caches/modules-2/files-2.1/org.springframework/spring-aop/5.1.9.RELEASE/bc2312ffad02251b9d472e4a7c0e472a58f50fbf/spring-aop-5.1.9.RELEASE.jar, file:/Users/govlmo91/.gradle/caches/modules-2/files-2.1/org.springframework/spring-orm/5.1.9.RELEASE/220169d217f7114706141fc0afba425a5b368dce/spring-orm-5.1.9.RELEASE.jar, file:/Users/govlmo91/.gradle/caches/modules-2/files-2.1/org.springframework/spring-jdbc/5.1.9.RELEASE/3fd70356ba8d7c00c4081c1a207766352624414e/spring-jdbc-5.1.9.RELEASE.jar, file:/Users/govlmo91/.gradle/caches/modules-2/files-2.1/org.springframework.data/spring-data-commons/2.1.10.RELEASE/c73a76070181b59b19df6893e1ca729263a69b47/spring-data-commons-2.1.10.RELEASE.jar, file:/Users/govlmo91/.gradle/caches/modules-2/files-2.1/org.springframework/spring-tx/5.1.9.RELEASE/a9125e2c8eeb193030f3972c6293616943c55ef2/spring-tx-5.1.9.RELEASE.jar, file:/Users/govlmo91/.gradle/caches/modules-2/files-2.1/org.springframework/spring-beans/5.1.9.RELEASE/5a03b3983108d73978aec2fa3e681aedad6782c/spring-beans-5.1.9.RELEASE.jar, file:/Users/govlmo91/.gradle/caches/modules-2/files-2.1/org.springframework/spring-expression/5.1.9.RELEASE/db3a2468c1b7d697ec3b3ec6e5652dc282994fe3/spring-expression-5.1.9.RELEASE.jar, file:/Users/govlmo91/.gradle/caches/modules-2/files-2.1/org.springframework/spring-core/5.1.9.RELEASE/dc3815439579b4fa0c19970e6b8e5d774af8d988/spring-core-5.1.9.RELEASE.jar, file:/Users/govlmo91/.gradle/caches/modules-2/files-2.1/org.xmlunit/xmlunit-core/2.6.3/cdb208320aed4a7b94fb236cfbf91aeb6d0ede14/xmlunit-core-2.6.3.jar, file:/Users/govlmo91/.gradle/caches/modules-2/files-2.1/org.springframework.boot/spring-boot-starter-logging/2.1.7.RELEASE/6e829f739992a7f368c0af44a08ed89ad2a1972f/spring-boot-starter-logging-2.1.7.RELEASE.jar, file:/Users/govlmo91/.gradle/caches/modules-2/files-2.1/javax.annotation/javax.annotation-api/1.3.2/934c04d3cfef185a8008e7bf34331b79730a9d43/javax.annotation-api-1.3.2.jar, file:/Users/govlmo91/.gradle/caches/modules-2/files-2.1/org.yaml/snakeyaml/1.23/ec62d74fe50689c28c0ff5b35d3aebcaa8b5be68/snakeyaml-1.23.jar, file:/Users/govlmo91/.gradle/caches/modules-2/files-2.1/com.fasterxml.jackson.datatype/jackson-datatype-jdk8/2.9.9/4b04126963103216c9c43b0f34bbc36315654204/jackson-datatype-jdk8-2.9.9.jar, file:/Users/govlmo91/.gradle/caches/modules-2/files-2.1/com.fasterxml.jackson.datatype/jackson-datatype-jsr310/2.9.9/a33df137557793b0404a486888dbe049f7abeeeb/jackson-datatype-jsr310-2.9.9.jar, file:/Users/govlmo91/.gradle/caches/modules-2/files-2.1/com.fasterxml.jackson.module/jackson-module-parameter-names/2.9.9/a92facb55a2538e7b2fe14294570a18b823ad431/jackson-module-parameter-names-2.9.9.jar, file:/Users/govlmo91/.gradle/caches/modules-2/files-2.1/com.fasterxml.jackson.core/jackson-databind/2.9.9/d6eb9817d9c7289a91f043ac5ee02a6b3cc86238/jackson-databind-2.9.9.jar, file:/Users/govlmo91/.gradle/caches/modules-2/files-2.1/org.apache.tomcat.embed/tomcat-embed-websocket/9.0.22/45974d3443cc15ad9d10239d762d5e15759e6364/tomcat-embed-websocket-9.0.22.jar, file:/Users/govlmo91/.gradle/caches/modules-2/files-2.1/org.apache.tomcat.embed/tomcat-embed-core/9.0.22/79f39903498b28adacb18fe2ea046edd306295a6/tomcat-embed-core-9.0.22.jar, file:/Users/govlmo91/.gradle/caches/modules-2/files-2.1/org.apache.tomcat.embed/tomcat-embed-el/9.0.22/4da4b778b635a7e78ca7cd7288253e2e47b88a9f/tomcat-embed-el-9.0.22.jar, file:/Users/govlmo91/.gradle/caches/modules-2/files-2.1/javax.validation/validation-api/2.0.1.Final/cb855558e6271b1b32e716d24cb85c7f583ce09e/validation-api-2.0.1.Final.jar, file:/Users/govlmo91/.gradle/caches/modules-2/files-2.1/org.hibernate.common/hibernate-commons-annotations/5.0.4.Final/965a18fdf939ee75e41f7918532d37b3a8350535/hibernate-commons-annotations-5.0.4.Final.jar, file:/Users/govlmo91/.gradle/caches/modules-2/files-2.1/org.jboss.logging/jboss-logging/3.3.2.Final/3789d00e859632e6c6206adc0c71625559e6e3b0/jboss-logging-3.3.2.Final.jar, file:/Users/govlmo91/.gradle/caches/modules-2/files-2.1/com.fasterxml/classmate/1.4.0/291658ac2ce2476256c7115943652c0accb5c857/classmate-1.4.0.jar, file:/Users/govlmo91/.gradle/caches/modules-2/files-2.1/org.aspectj/aspectjweaver/1.9.4/9205229878f3d62fbd3a32a0fb6be2d6ad8589a9/aspectjweaver-1.9.4.jar, file:/Users/govlmo91/.gradle/caches/modules-2/files-2.1/com.zaxxer/HikariCP/3.2.0/6c66db1c636ee90beb4c65fe34abd8ba9396bca6/HikariCP-3.2.0.jar, file:/Users/govlmo91/.gradle/caches/modules-2/files-2.1/javax.activation/javax.activation-api/1.2.0/85262acf3ca9816f9537ca47d5adeabaead7cb16/javax.activation-api-1.2.0.jar, file:/Users/govlmo91/.gradle/caches/modules-2/files-2.1/javax.persistence/javax.persistence-api/2.2/25665ac8c0b62f50e6488173233239120fc52c96/javax.persistence-api-2.2.jar, file:/Users/govlmo91/.gradle/caches/modules-2/files-2.1/org.javassist/javassist/3.23.2-GA/c5afe660a95e87ceb518e4f5cf02f5c56b547683/javassist-3.23.2-GA.jar, file:/Users/govlmo91/.gradle/caches/modules-2/files-2.1/net.bytebuddy/byte-buddy/1.9.16/e7d63009be7b87ff1f15b72e5b8c59c897a8d8bd/byte-buddy-1.9.16.jar, file:/Users/govlmo91/.gradle/caches/modules-2/files-2.1/antlr/antlr/2.7.7/83cd2cd674a217ade95a4bb83a8a14f351f48bd0/antlr-2.7.7.jar, file:/Users/govlmo91/.gradle/caches/modules-2/files-2.1/org.jboss/jandex/2.0.5.Final/7060f67764565b9ee9d467e3ed0cb8a9c601b23a/jandex-2.0.5.Final.jar, file:/Users/govlmo91/.gradle/caches/modules-2/files-2.1/org.dom4j/dom4j/2.1.1/3dce5dbb3571aa820c677fadd8349bfa8f00c199/dom4j-2.1.1.jar, file:/Users/govlmo91/.gradle/caches/modules-2/files-2.1/ch.qos.logback/logback-classic/1.2.3/7c4f3c474fb2c041d8028740440937705ebb473a/logback-classic-1.2.3.jar, file:/Users/govlmo91/.gradle/caches/modules-2/files-2.1/org.apache.logging.log4j/log4j-to-slf4j/2.11.2/6d37bf7b046c0ce2669f26b99365a2cfa45c4c18/log4j-to-slf4j-2.11.2.jar, file:/Users/govlmo91/.gradle/caches/modules-2/files-2.1/org.slf4j/jul-to-slf4j/1.7.26/8031352b2bb0a49e67818bf04c027aa92e645d5c/jul-to-slf4j-1.7.26.jar, file:/Users/govlmo91/.gradle/caches/modules-2/files-2.1/org.slf4j/slf4j-api/1.7.26/77100a62c2e6f04b53977b9f541044d7d722693d/slf4j-api-1.7.26.jar, file:/Users/govlmo91/.gradle/caches/modules-2/files-2.1/net.minidev/json-smart/2.3/7396407491352ce4fa30de92efb158adb76b5b/json-smart-2.3.jar, file:/Users/govlmo91/.gradle/caches/modules-2/files-2.1/net.bytebuddy/byte-buddy-agent/1.9.16/fd213511a0a845632456f636e576d24c2d6ac3bc/byte-buddy-agent-1.9.16.jar, file:/Users/govlmo91/.gradle/caches/modules-2/files-2.1/org.objenesis/objenesis/2.6/639033469776fd37c08358c6b92a4761feb2af4b/objenesis-2.6.jar, file:/Users/govlmo91/.gradle/caches/modules-2/files-2.1/com.vaadin.external.google/android-json/0.0.20131108.vaadin1/fa26d351fe62a6a17f5cda1287c1c6110dec413f/android-json-0.0.20131108.vaadin1.jar, file:/Users/govlmo91/.gradle/caches/modules-2/files-2.1/org.springframework/spring-jcl/5.1.9.RELEASE/7c372790c999777d20f364960cf557dd74f890cf/spring-jcl-5.1.9.RELEASE.jar, file:/Users/govlmo91/.gradle/caches/modules-2/files-2.1/com.fasterxml.jackson.core/jackson-annotations/2.9.0/7c10d545325e3a6e72e06381afe469fd40eb701/jackson-annotations-2.9.0.jar, file:/Users/govlmo91/.gradle/caches/modules-2/files-2.1/com.fasterxml.jackson.core/jackson-core/2.9.9/bfff5af9fb8347d26bbb7959cb9b4fe9a2b0ca5e/jackson-core-2.9.9.jar, file:/Users/govlmo91/.gradle/caches/modules-2/files-2.1/net.minidev/accessors-smart/1.2/c592b500269bfde36096641b01238a8350f8aa31/accessors-smart-1.2.jar, file:/Users/govlmo91/.gradle/caches/modules-2/files-2.1/ch.qos.logback/logback-core/1.2.3/864344400c3d4d92dfeb0a305dc87d953677c03c/logback-core-1.2.3.jar, file:/Users/govlmo91/.gradle/caches/modules-2/files-2.1/org.apache.logging.log4j/log4j-api/2.11.2/f5e9a2ffca496057d6891a3de65128efc636e26e/log4j-api-2.11.2.jar, file:/Users/govlmo91/.gradle/caches/modules-2/files-2.1/org.ow2.asm/asm/5.0.4/da08b8cce7bbf903602a25a3a163ae252435795/asm-5.0.4.jar]

  .   ____          _            __ _ _
 /\\ / ___'_ __ _ _(_)_ __  __ _ \ \ \ \
( ( )\___ | '_ | '_| | '_ \/ _` | \ \ \ \
 \\/  ___)| |_)| | | | | || (_| |  ) ) ) )
  '  |____| .__|_| |_|_| |_\__, | / / / /
 =========|_|==============|___/=/_/_/_/
 :: Spring Boot ::        (v2.1.7.RELEASE)

2019-12-06 11:18:42.364  INFO 7503 --- [    Test worker] k.g.j.s.web.HelloControllerTest          : Starting HelloControllerTest on govlmo91ui-MacBookPro.local with PID 7503 (started by govlmo91 in /Users/govlmo91/IdeaProjects/jojoldubook)
2019-12-06 11:18:42.364 DEBUG 7503 --- [    Test worker] k.g.j.s.web.HelloControllerTest          : Running with Spring Boot v2.1.7.RELEASE, Spring v5.1.9.RELEASE
2019-12-06 11:18:42.365  INFO 7503 --- [    Test worker] k.g.j.s.web.HelloControllerTest          : No active profile set, falling back to default profiles: default
2019-12-06 11:18:42.365 DEBUG 7503 --- [    Test worker] o.s.boot.SpringApplication               : Loading source class kr.gracelove.jojoldu.springboot.Application
2019-12-06 11:18:42.366 DEBUG 7503 --- [    Test worker] o.s.b.c.c.ConfigFileApplicationListener  : Loaded config file 'file:/Users/govlmo91/IdeaProjects/jojoldubook/build/resources/main/application.properties' (classpath:/application.properties)
2019-12-06 11:18:42.366 DEBUG 7503 --- [    Test worker] o.s.w.c.s.GenericWebApplicationContext   : Refreshing org.springframework.web.context.support.GenericWebApplicationContext@512bd1b2
2019-12-06 11:18:42.368 DEBUG 7503 --- [    Test worker] o.s.b.f.s.DefaultListableBeanFactory     : Creating shared instance of singleton bean 'org.springframework.context.annotation.internalConfigurationAnnotationProcessor'
2019-12-06 11:18:42.368 DEBUG 7503 --- [    Test worker] o.s.b.f.s.DefaultListableBeanFactory     : Creating shared instance of singleton bean 'org.springframework.boot.autoconfigure.internalCachingMetadataReaderFactory'
2019-12-06 11:18:42.387 DEBUG 7503 --- [    Test worker] o.s.c.a.ClassPathBeanDefinitionScanner   : Identified candidate component class: file [/Users/govlmo91/IdeaProjects/jojoldubook/build/classes/java/main/kr/gracelove/jojoldu/springboot/web/HelloController.class]
2019-12-06 11:18:42.388 DEBUG 7503 --- [    Test worker] o.s.c.a.ClassPathBeanDefinitionScanner   : Identified candidate component class: file [/Users/govlmo91/IdeaProjects/jojoldubook/build/classes/java/main/kr/gracelove/jojoldu/springboot/web/IndexController.class]
2019-12-06 11:18:42.388 DEBUG 7503 --- [    Test worker] o.s.c.a.ClassPathBeanDefinitionScanner   : Identified candidate component class: file [/Users/govlmo91/IdeaProjects/jojoldubook/build/classes/java/main/kr/gracelove/jojoldu/springboot/web/PostsApiController.class]
2019-12-06 11:18:42.396 DEBUG 7503 --- [    Test worker] o.s.c.e.PropertySourcesPropertyResolver  : Found key 'spring.boot.enableautoconfiguration' in PropertySource 'configurationProperties' with value of type String
2019-12-06 11:18:42.431 DEBUG 7503 --- [    Test worker] o.s.c.e.PropertySourcesPropertyResolver  : Found key 'spring.test.mockmvc.secure' in PropertySource 'Annotations' with value of type Boolean
2019-12-06 11:18:42.433 DEBUG 7503 --- [    Test worker] o.s.b.f.s.DefaultListableBeanFactory     : Creating shared instance of singleton bean 'org.springframework.boot.autoconfigure.condition.BeanTypeRegistry'
2019-12-06 11:18:42.450 DEBUG 7503 --- [    Test worker] o.s.c.e.PropertySourcesPropertyResolver  : Found key 'spring.test.mockmvc.secure' in PropertySource 'Annotations' with value of type Boolean
2019-12-06 11:18:42.451 DEBUG 7503 --- [    Test worker] o.s.b.f.s.DefaultListableBeanFactory     : Creating shared instance of singleton bean 'org.springframework.boot.test.context.ImportsContextCustomizer$ImportsCleanupPostProcessor'
2019-12-06 11:18:42.453 DEBUG 7503 --- [    Test worker] o.s.b.f.s.DefaultListableBeanFactory     : Creating shared instance of singleton bean 'org.springframework.boot.test.mock.mockito.MockitoPostProcessor'
2019-12-06 11:18:42.454 DEBUG 7503 --- [    Test worker] o.s.b.f.s.DefaultListableBeanFactory     : Creating shared instance of singleton bean 'org.springframework.context.event.internalEventListenerProcessor'
2019-12-06 11:18:42.454 DEBUG 7503 --- [    Test worker] o.s.b.f.s.DefaultListableBeanFactory     : Creating shared instance of singleton bean 'org.springframework.data.jpa.domain.support.AuditingBeanFactoryPostProcessor'
2019-12-06 11:18:42.454 DEBUG 7503 --- [    Test worker] o.s.b.f.s.DefaultListableBeanFactory     : Creating shared instance of singleton bean 'org.springframework.boot.context.properties.ConfigurationBeanFactoryMetadata'
2019-12-06 11:18:42.454 DEBUG 7503 --- [    Test worker] o.s.b.f.s.DefaultListableBeanFactory     : Creating shared instance of singleton bean 'preserveErrorControllerTargetClassPostProcessor'
2019-12-06 11:18:42.455 DEBUG 7503 --- [    Test worker] o.s.b.f.s.DefaultListableBeanFactory     : Creating shared instance of singleton bean 'org.springframework.context.event.internalEventListenerFactory'
2019-12-06 11:18:42.457 DEBUG 7503 --- [    Test worker] o.s.b.f.s.DefaultListableBeanFactory     : Creating shared instance of singleton bean 'org.springframework.context.annotation.internalAutowiredAnnotationProcessor'
2019-12-06 11:18:42.457 DEBUG 7503 --- [    Test worker] o.s.b.f.s.DefaultListableBeanFactory     : Creating shared instance of singleton bean 'org.springframework.context.annotation.internalCommonAnnotationProcessor'
2019-12-06 11:18:42.457 DEBUG 7503 --- [    Test worker] o.s.b.f.s.DefaultListableBeanFactory     : Creating shared instance of singleton bean 'org.springframework.context.annotation.internalPersistenceAnnotationProcessor'
2019-12-06 11:18:42.458 DEBUG 7503 --- [    Test worker] o.s.b.f.s.DefaultListableBeanFactory     : Creating shared instance of singleton bean 'org.springframework.boot.test.mock.mockito.MockitoPostProcessor$SpyPostProcessor'
2019-12-06 11:18:42.458 DEBUG 7503 --- [    Test worker] o.s.b.f.s.DefaultListableBeanFactory     : Creating shared instance of singleton bean 'org.springframework.boot.context.properties.ConfigurationPropertiesBindingPostProcessor'
2019-12-06 11:18:42.459 DEBUG 7503 --- [    Test worker] o.s.b.f.s.DefaultListableBeanFactory     : Creating shared instance of singleton bean 'methodValidationPostProcessor'
2019-12-06 11:18:42.460 DEBUG 7503 --- [    Test worker] o.s.b.f.s.DefaultListableBeanFactory     : Autowiring by type from bean name 'methodValidationPostProcessor' via factory method to bean named 'environment'
2019-12-06 11:18:42.466 DEBUG 7503 --- [    Test worker] o.s.b.f.s.DefaultListableBeanFactory     : Creating shared instance of singleton bean 'projectingArgumentResolverBeanPostProcessor'
2019-12-06 11:18:42.469 DEBUG 7503 --- [    Test worker] o.s.u.c.s.UiApplicationContextUtils      : Unable to locate ThemeSource with name 'themeSource': using default [org.springframework.ui.context.support.ResourceBundleThemeSource@7db6791a]
2019-12-06 11:18:42.470 DEBUG 7503 --- [    Test worker] o.s.b.f.s.DefaultListableBeanFactory     : Creating shared instance of singleton bean 'application'
2019-12-06 11:18:42.473 DEBUG 7503 --- [    Test worker] o.s.b.f.s.DefaultListableBeanFactory     : Creating shared instance of singleton bean 'helloController'
2019-12-06 11:18:42.474 DEBUG 7503 --- [    Test worker] o.s.b.f.s.DefaultListableBeanFactory     : Creating shared instance of singleton bean 'indexController'
2019-12-06 11:18:42.475 DEBUG 7503 --- [    Test worker] o.s.b.f.s.DefaultListableBeanFactory     : Creating shared instance of singleton bean 'postsApiController'
2019-12-06 11:18:42.476  WARN 7503 --- [    Test worker] o.s.w.c.s.GenericWebApplicationContext   : Exception encountered during context initialization - cancelling refresh attempt: org.springframework.beans.factory.UnsatisfiedDependencyException: Error creating bean with name 'postsApiController' defined in file [/Users/govlmo91/IdeaProjects/jojoldubook/build/classes/java/main/kr/gracelove/jojoldu/springboot/web/PostsApiController.class]: Unsatisfied dependency expressed through constructor parameter 0; nested exception is org.springframework.beans.factory.NoSuchBeanDefinitionException: No qualifying bean of type 'kr.gracelove.jojoldu.springboot.service.posts.PostsService' available: expected at least 1 bean which qualifies as autowire candidate. Dependency annotations: {}
2019-12-06 11:18:42.476 DEBUG 7503 --- [    Test worker] .c.l.ClasspathLoggingApplicationListener : Application failed to start with classpath: [file:/Users/govlmo91/.gradle/caches/5.5.1/workerMain/gradle-worker.jar, file:/Users/govlmo91/IdeaProjects/jojoldubook/build/classes/java/test/, file:/Users/govlmo91/IdeaProjects/jojoldubook/build/resources/test, file:/Users/govlmo91/IdeaProjects/jojoldubook/build/classes/java/main/, file:/Users/govlmo91/IdeaProjects/jojoldubook/build/resources/main/, file:/Users/govlmo91/.gradle/caches/modules-2/files-2.1/org.springframework.boot/spring-boot-starter-mustache/2.1.7.RELEASE/c52b1725d81a61eac91af3196a65c17adef75357/spring-boot-starter-mustache-2.1.7.RELEASE.jar, file:/Users/govlmo91/.gradle/caches/modules-2/files-2.1/org.projectlombok/lombok/1.18.8/448003bc1b234aac04b58e27d7755c12c3ec4236/lombok-1.18.8.jar, file:/Users/govlmo91/.gradle/caches/modules-2/files-2.1/org.springframework.boot/spring-boot-starter-web/2.1.7.RELEASE/fa43baf40bde3ecdb93ac9c545dd39f82ab29c35/spring-boot-starter-web-2.1.7.RELEASE.jar, file:/Users/govlmo91/.gradle/caches/modules-2/files-2.1/org.springframework.boot/spring-boot-starter-data-jpa/2.1.7.RELEASE/5e4a5d5442f32f5e12b36674a620ec57b0b66c6e/spring-boot-starter-data-jpa-2.1.7.RELEASE.jar, file:/Users/govlmo91/.gradle/caches/modules-2/files-2.1/com.h2database/h2/1.4.199/7bf08152984ed8859740ae3f97fae6c72771ae45/h2-1.4.199.jar, file:/Users/govlmo91/.gradle/caches/modules-2/files-2.1/org.springframework.boot/spring-boot-starter-test/2.1.7.RELEASE/39e82379a28c217ab892eb00ef601dc0571f56a4/spring-boot-starter-test-2.1.7.RELEASE.jar, file:/Users/govlmo91/.gradle/caches/modules-2/files-2.1/org.springframework.boot/spring-boot-starter-json/2.1.7.RELEASE/9c12f046a7c4ae110d89163a491ad0d7cf036e79/spring-boot-starter-json-2.1.7.RELEASE.jar, file:/Users/govlmo91/.gradle/caches/modules-2/files-2.1/org.springframework.boot/spring-boot-starter-aop/2.1.7.RELEASE/4577d056af1f823bb7730c99f43c3268dd697310/spring-boot-starter-aop-2.1.7.RELEASE.jar, file:/Users/govlmo91/.gradle/caches/modules-2/files-2.1/org.springframework.boot/spring-boot-starter-jdbc/2.1.7.RELEASE/3ea97a134b44a886ff529215e7bec04bfd93fa5b/spring-boot-starter-jdbc-2.1.7.RELEASE.jar, file:/Users/govlmo91/.gradle/caches/modules-2/files-2.1/org.springframework.boot/spring-boot-starter/2.1.7.RELEASE/e23f4e9460e0e2220b444e40fc7fd6e95f66e0fe/spring-boot-starter-2.1.7.RELEASE.jar, file:/Users/govlmo91/.gradle/caches/modules-2/files-2.1/com.samskivert/jmustache/1.14/495441daa241e5f48d555597fffa2b1dfc8c60d1/jmustache-1.14.jar, file:/Users/govlmo91/.gradle/caches/modules-2/files-2.1/org.springframework.boot/spring-boot-starter-tomcat/2.1.7.RELEASE/11f2a86aefefba72a4efe5ff18f4165a4b4e78b/spring-boot-starter-tomcat-2.1.7.RELEASE.jar, file:/Users/govlmo91/.gradle/caches/modules-2/files-2.1/org.hibernate.validator/hibernate-validator/6.0.17.Final/af73055fc4a103ab347c56e7da5a143d68a0170/hibernate-validator-6.0.17.Final.jar, file:/Users/govlmo91/.gradle/caches/modules-2/files-2.1/org.springframework/spring-webmvc/5.1.9.RELEASE/b9d4a2140488f0e6f9aa231e7938ae18da77b637/spring-webmvc-5.1.9.RELEASE.jar, file:/Users/govlmo91/.gradle/caches/modules-2/files-2.1/org.springframework/spring-web/5.1.9.RELEASE/9fe4390420fdd0b63dc4ed90d9027dafa9f74f80/spring-web-5.1.9.RELEASE.jar, file:/Users/govlmo91/.gradle/caches/modules-2/files-2.1/javax.transaction/javax.transaction-api/1.3/e006adf5cf3cca2181d16bd640ecb80148ec0fce/javax.transaction-api-1.3.jar, file:/Users/govlmo91/.gradle/caches/modules-2/files-2.1/javax.xml.bind/jaxb-api/2.3.1/8531ad5ac454cc2deb9d4d32c40c4d7451939b5d/jaxb-api-2.3.1.jar, file:/Users/govlmo91/.gradle/caches/modules-2/files-2.1/org.hibernate/hibernate-core/5.3.10.Final/e608b854325005edbf43cb2b6041fdafd3f2eb57/hibernate-core-5.3.10.Final.jar, file:/Users/govlmo91/.gradle/caches/modules-2/files-2.1/org.springframework.data/spring-data-jpa/2.1.10.RELEASE/12639406aa28c3a5195a1a4c9077fe562f54bc31/spring-data-jpa-2.1.10.RELEASE.jar, file:/Users/govlmo91/.gradle/caches/modules-2/files-2.1/org.springframework/spring-aspects/5.1.9.RELEASE/a8aec853c345ed54a99627cee9f755ce7dbb734/spring-aspects-5.1.9.RELEASE.jar, file:/Users/govlmo91/.gradle/caches/modules-2/files-2.1/org.springframework.boot/spring-boot-test-autoconfigure/2.1.7.RELEASE/8c9847259e14419d2bcc4eed26bcf48dc56686ef/spring-boot-test-autoconfigure-2.1.7.RELEASE.jar, file:/Users/govlmo91/.gradle/caches/modules-2/files-2.1/org.springframework.boot/spring-boot-test/2.1.7.RELEASE/70ed88830a08e8baa0b562090168fdba0e92810/spring-boot-test-2.1.7.RELEASE.jar, file:/Users/govlmo91/.gradle/caches/modules-2/files-2.1/com.jayway.jsonpath/json-path/2.4.0/765a4401ceb2dc8d40553c2075eb80a8fa35c2ae/json-path-2.4.0.jar, file:/Users/govlmo91/.gradle/caches/modules-2/files-2.1/junit/junit/4.12/2973d150c0dc1fefe998f834810d68f278ea58ec/junit-4.12.jar, file:/Users/govlmo91/.gradle/caches/modules-2/files-2.1/org.assertj/assertj-core/3.11.1/fdac3217b804d6900fa3650f17b5cb48e620b140/assertj-core-3.11.1.jar, file:/Users/govlmo91/.gradle/caches/modules-2/files-2.1/org.mockito/mockito-core/2.23.4/a35b6f8ffcfa786771eac7d7d903429e790fdf3f/mockito-core-2.23.4.jar, file:/Users/govlmo91/.gradle/caches/modules-2/files-2.1/org.hamcrest/hamcrest-library/1.3/4785a3c21320980282f9f33d0d1264a69040538f/hamcrest-library-1.3.jar, file:/Users/govlmo91/.gradle/caches/modules-2/files-2.1/org.hamcrest/hamcrest-core/1.3/42a25dc3219429f0e5d060061f71acb49bf010a0/hamcrest-core-1.3.jar, file:/Users/govlmo91/.gradle/caches/modules-2/files-2.1/org.skyscreamer/jsonassert/1.5.0/6c9d5fe2f59da598d9aefc1cfc6528ff3cf32df3/jsonassert-1.5.0.jar, file:/Users/govlmo91/.gradle/caches/modules-2/files-2.1/org.springframework/spring-test/5.1.9.RELEASE/653fa9de816677b3318e7058af54e7ee56866b09/spring-test-5.1.9.RELEASE.jar, file:/Users/govlmo91/.gradle/caches/modules-2/files-2.1/org.springframework.boot/spring-boot-autoconfigure/2.1.7.RELEASE/2c9d3e2c6ea3cb435e99e2973009636b62a9d816/spring-boot-autoconfigure-2.1.7.RELEASE.jar, file:/Users/govlmo91/.gradle/caches/modules-2/files-2.1/org.springframework.boot/spring-boot/2.1.7.RELEASE/1599a2ad1fc6d36dbfc2a7c0dd5dab3a0bb27c61/spring-boot-2.1.7.RELEASE.jar, file:/Users/govlmo91/.gradle/caches/modules-2/files-2.1/org.springframework/spring-context/5.1.9.RELEASE/c37f8fe15a5ae4ea1f351bd46167fd492a84eefa/spring-context-5.1.9.RELEASE.jar, file:/Users/govlmo91/.gradle/caches/modules-2/files-2.1/org.springframework/spring-aop/5.1.9.RELEASE/bc2312ffad02251b9d472e4a7c0e472a58f50fbf/spring-aop-5.1.9.RELEASE.jar, file:/Users/govlmo91/.gradle/caches/modules-2/files-2.1/org.springframework/spring-orm/5.1.9.RELEASE/220169d217f7114706141fc0afba425a5b368dce/spring-orm-5.1.9.RELEASE.jar, file:/Users/govlmo91/.gradle/caches/modules-2/files-2.1/org.springframework/spring-jdbc/5.1.9.RELEASE/3fd70356ba8d7c00c4081c1a207766352624414e/spring-jdbc-5.1.9.RELEASE.jar, file:/Users/govlmo91/.gradle/caches/modules-2/files-2.1/org.springframework.data/spring-data-commons/2.1.10.RELEASE/c73a76070181b59b19df6893e1ca729263a69b47/spring-data-commons-2.1.10.RELEASE.jar, file:/Users/govlmo91/.gradle/caches/modules-2/files-2.1/org.springframework/spring-tx/5.1.9.RELEASE/a9125e2c8eeb193030f3972c6293616943c55ef2/spring-tx-5.1.9.RELEASE.jar, file:/Users/govlmo91/.gradle/caches/modules-2/files-2.1/org.springframework/spring-beans/5.1.9.RELEASE/5a03b3983108d73978aec2fa3e681aedad6782c/spring-beans-5.1.9.RELEASE.jar, file:/Users/govlmo91/.gradle/caches/modules-2/files-2.1/org.springframework/spring-expression/5.1.9.RELEASE/db3a2468c1b7d697ec3b3ec6e5652dc282994fe3/spring-expression-5.1.9.RELEASE.jar, file:/Users/govlmo91/.gradle/caches/modules-2/files-2.1/org.springframework/spring-core/5.1.9.RELEASE/dc3815439579b4fa0c19970e6b8e5d774af8d988/spring-core-5.1.9.RELEASE.jar, file:/Users/govlmo91/.gradle/caches/modules-2/files-2.1/org.xmlunit/xmlunit-core/2.6.3/cdb208320aed4a7b94fb236cfbf91aeb6d0ede14/xmlunit-core-2.6.3.jar, file:/Users/govlmo91/.gradle/caches/modules-2/files-2.1/org.springframework.boot/spring-boot-starter-logging/2.1.7.RELEASE/6e829f739992a7f368c0af44a08ed89ad2a1972f/spring-boot-starter-logging-2.1.7.RELEASE.jar, file:/Users/govlmo91/.gradle/caches/modules-2/files-2.1/javax.annotation/javax.annotation-api/1.3.2/934c04d3cfef185a8008e7bf34331b79730a9d43/javax.annotation-api-1.3.2.jar, file:/Users/govlmo91/.gradle/caches/modules-2/files-2.1/org.yaml/snakeyaml/1.23/ec62d74fe50689c28c0ff5b35d3aebcaa8b5be68/snakeyaml-1.23.jar, file:/Users/govlmo91/.gradle/caches/modules-2/files-2.1/com.fasterxml.jackson.datatype/jackson-datatype-jdk8/2.9.9/4b04126963103216c9c43b0f34bbc36315654204/jackson-datatype-jdk8-2.9.9.jar, file:/Users/govlmo91/.gradle/caches/modules-2/files-2.1/com.fasterxml.jackson.datatype/jackson-datatype-jsr310/2.9.9/a33df137557793b0404a486888dbe049f7abeeeb/jackson-datatype-jsr310-2.9.9.jar, file:/Users/govlmo91/.gradle/caches/modules-2/files-2.1/com.fasterxml.jackson.module/jackson-module-parameter-names/2.9.9/a92facb55a2538e7b2fe14294570a18b823ad431/jackson-module-parameter-names-2.9.9.jar, file:/Users/govlmo91/.gradle/caches/modules-2/files-2.1/com.fasterxml.jackson.core/jackson-databind/2.9.9/d6eb9817d9c7289a91f043ac5ee02a6b3cc86238/jackson-databind-2.9.9.jar, file:/Users/govlmo91/.gradle/caches/modules-2/files-2.1/org.apache.tomcat.embed/tomcat-embed-websocket/9.0.22/45974d3443cc15ad9d10239d762d5e15759e6364/tomcat-embed-websocket-9.0.22.jar, file:/Users/govlmo91/.gradle/caches/modules-2/files-2.1/org.apache.tomcat.embed/tomcat-embed-core/9.0.22/79f39903498b28adacb18fe2ea046edd306295a6/tomcat-embed-core-9.0.22.jar, file:/Users/govlmo91/.gradle/caches/modules-2/files-2.1/org.apache.tomcat.embed/tomcat-embed-el/9.0.22/4da4b778b635a7e78ca7cd7288253e2e47b88a9f/tomcat-embed-el-9.0.22.jar, file:/Users/govlmo91/.gradle/caches/modules-2/files-2.1/javax.validation/validation-api/2.0.1.Final/cb855558e6271b1b32e716d24cb85c7f583ce09e/validation-api-2.0.1.Final.jar, file:/Users/govlmo91/.gradle/caches/modules-2/files-2.1/org.hibernate.common/hibernate-commons-annotations/5.0.4.Final/965a18fdf939ee75e41f7918532d37b3a8350535/hibernate-commons-annotations-5.0.4.Final.jar, file:/Users/govlmo91/.gradle/caches/modules-2/files-2.1/org.jboss.logging/jboss-logging/3.3.2.Final/3789d00e859632e6c6206adc0c71625559e6e3b0/jboss-logging-3.3.2.Final.jar, file:/Users/govlmo91/.gradle/caches/modules-2/files-2.1/com.fasterxml/classmate/1.4.0/291658ac2ce2476256c7115943652c0accb5c857/classmate-1.4.0.jar, file:/Users/govlmo91/.gradle/caches/modules-2/files-2.1/org.aspectj/aspectjweaver/1.9.4/9205229878f3d62fbd3a32a0fb6be2d6ad8589a9/aspectjweaver-1.9.4.jar, file:/Users/govlmo91/.gradle/caches/modules-2/files-2.1/com.zaxxer/HikariCP/3.2.0/6c66db1c636ee90beb4c65fe34abd8ba9396bca6/HikariCP-3.2.0.jar, file:/Users/govlmo91/.gradle/caches/modules-2/files-2.1/javax.activation/javax.activation-api/1.2.0/85262acf3ca9816f9537ca47d5adeabaead7cb16/javax.activation-api-1.2.0.jar, file:/Users/govlmo91/.gradle/caches/modules-2/files-2.1/javax.persistence/javax.persistence-api/2.2/25665ac8c0b62f50e6488173233239120fc52c96/javax.persistence-api-2.2.jar, file:/Users/govlmo91/.gradle/caches/modules-2/files-2.1/org.javassist/javassist/3.23.2-GA/c5afe660a95e87ceb518e4f5cf02f5c56b547683/javassist-3.23.2-GA.jar, file:/Users/govlmo91/.gradle/caches/modules-2/files-2.1/net.bytebuddy/byte-buddy/1.9.16/e7d63009be7b87ff1f15b72e5b8c59c897a8d8bd/byte-buddy-1.9.16.jar, file:/Users/govlmo91/.gradle/caches/modules-2/files-2.1/antlr/antlr/2.7.7/83cd2cd674a217ade95a4bb83a8a14f351f48bd0/antlr-2.7.7.jar, file:/Users/govlmo91/.gradle/caches/modules-2/files-2.1/org.jboss/jandex/2.0.5.Final/7060f67764565b9ee9d467e3ed0cb8a9c601b23a/jandex-2.0.5.Final.jar, file:/Users/govlmo91/.gradle/caches/modules-2/files-2.1/org.dom4j/dom4j/2.1.1/3dce5dbb3571aa820c677fadd8349bfa8f00c199/dom4j-2.1.1.jar, file:/Users/govlmo91/.gradle/caches/modules-2/files-2.1/ch.qos.logback/logback-classic/1.2.3/7c4f3c474fb2c041d8028740440937705ebb473a/logback-classic-1.2.3.jar, file:/Users/govlmo91/.gradle/caches/modules-2/files-2.1/org.apache.logging.log4j/log4j-to-slf4j/2.11.2/6d37bf7b046c0ce2669f26b99365a2cfa45c4c18/log4j-to-slf4j-2.11.2.jar, file:/Users/govlmo91/.gradle/caches/modules-2/files-2.1/org.slf4j/jul-to-slf4j/1.7.26/8031352b2bb0a49e67818bf04c027aa92e645d5c/jul-to-slf4j-1.7.26.jar, file:/Users/govlmo91/.gradle/caches/modules-2/files-2.1/org.slf4j/slf4j-api/1.7.26/77100a62c2e6f04b53977b9f541044d7d722693d/slf4j-api-1.7.26.jar, file:/Users/govlmo91/.gradle/caches/modules-2/files-2.1/net.minidev/json-smart/2.3/7396407491352ce4fa30de92efb158adb76b5b/json-smart-2.3.jar, file:/Users/govlmo91/.gradle/caches/modules-2/files-2.1/net.bytebuddy/byte-buddy-agent/1.9.16/fd213511a0a845632456f636e576d24c2d6ac3bc/byte-buddy-agent-1.9.16.jar, file:/Users/govlmo91/.gradle/caches/modules-2/files-2.1/org.objenesis/objenesis/2.6/639033469776fd37c08358c6b92a4761feb2af4b/objenesis-2.6.jar, file:/Users/govlmo91/.gradle/caches/modules-2/files-2.1/com.vaadin.external.google/android-json/0.0.20131108.vaadin1/fa26d351fe62a6a17f5cda1287c1c6110dec413f/android-json-0.0.20131108.vaadin1.jar, file:/Users/govlmo91/.gradle/caches/modules-2/files-2.1/org.springframework/spring-jcl/5.1.9.RELEASE/7c372790c999777d20f364960cf557dd74f890cf/spring-jcl-5.1.9.RELEASE.jar, file:/Users/govlmo91/.gradle/caches/modules-2/files-2.1/com.fasterxml.jackson.core/jackson-annotations/2.9.0/7c10d545325e3a6e72e06381afe469fd40eb701/jackson-annotations-2.9.0.jar, file:/Users/govlmo91/.gradle/caches/modules-2/files-2.1/com.fasterxml.jackson.core/jackson-core/2.9.9/bfff5af9fb8347d26bbb7959cb9b4fe9a2b0ca5e/jackson-core-2.9.9.jar, file:/Users/govlmo91/.gradle/caches/modules-2/files-2.1/net.minidev/accessors-smart/1.2/c592b500269bfde36096641b01238a8350f8aa31/accessors-smart-1.2.jar, file:/Users/govlmo91/.gradle/caches/modules-2/files-2.1/ch.qos.logback/logback-core/1.2.3/864344400c3d4d92dfeb0a305dc87d953677c03c/logback-core-1.2.3.jar, file:/Users/govlmo91/.gradle/caches/modules-2/files-2.1/org.apache.logging.log4j/log4j-api/2.11.2/f5e9a2ffca496057d6891a3de65128efc636e26e/log4j-api-2.11.2.jar, file:/Users/govlmo91/.gradle/caches/modules-2/files-2.1/org.ow2.asm/asm/5.0.4/da08b8cce7bbf903602a25a3a163ae252435795/asm-5.0.4.jar]
2019-12-06 11:18:42.479 DEBUG 7503 --- [    Test worker] ConditionEvaluationReportLoggingListener : 


============================
CONDITIONS EVALUATION REPORT
============================


Positive matches:
-----------------

   ErrorMvcAutoConfiguration matched:
      - @ConditionalOnClass found required classes 'javax.servlet.Servlet', 'org.springframework.web.servlet.DispatcherServlet' (OnClassCondition)
      - found 'session' scope (OnWebApplicationCondition)

   ErrorMvcAutoConfiguration#basicErrorController matched:
      - @ConditionalOnMissingBean (types: org.springframework.boot.web.servlet.error.ErrorController; SearchStrategy: current) did not find any beans (OnBeanCondition)

   ErrorMvcAutoConfiguration#errorAttributes matched:
      - @ConditionalOnMissingBean (types: org.springframework.boot.web.servlet.error.ErrorAttributes; SearchStrategy: current) did not find any beans (OnBeanCondition)

   ErrorMvcAutoConfiguration.WhitelabelErrorViewConfiguration matched:
      - @ConditionalOnProperty (server.error.whitelabel.enabled) matched (OnPropertyCondition)
      - ErrorTemplate Missing did not find error template view (ErrorMvcAutoConfiguration.ErrorTemplateMissingCondition)

   ErrorMvcAutoConfiguration.WhitelabelErrorViewConfiguration#beanNameViewResolver matched:
      - @ConditionalOnMissingBean (types: org.springframework.web.servlet.view.BeanNameViewResolver; SearchStrategy: all) did not find any beans (OnBeanCondition)

   ErrorMvcAutoConfiguration.WhitelabelErrorViewConfiguration#defaultErrorView matched:
      - @ConditionalOnMissingBean (names: error; SearchStrategy: all) did not find any beans (OnBeanCondition)

   HttpMessageConvertersAutoConfiguration matched:
      - @ConditionalOnClass found required class 'org.springframework.http.converter.HttpMessageConverter' (OnClassCondition)

   HttpMessageConvertersAutoConfiguration#messageConverters matched:
      - @ConditionalOnMissingBean (types: org.springframework.boot.autoconfigure.http.HttpMessageConverters; SearchStrategy: all) did not find any beans (OnBeanCondition)

   HttpMessageConvertersAutoConfiguration.StringHttpMessageConverterConfiguration matched:
      - @ConditionalOnClass found required class 'org.springframework.http.converter.StringHttpMessageConverter' (OnClassCondition)

   HttpMessageConvertersAutoConfiguration.StringHttpMessageConverterConfiguration#stringHttpMessageConverter matched:
      - @ConditionalOnMissingBean (types: org.springframework.http.converter.StringHttpMessageConverter; SearchStrategy: all) did not find any beans (OnBeanCondition)

   JacksonAutoConfiguration matched:
      - @ConditionalOnClass found required class 'com.fasterxml.jackson.databind.ObjectMapper' (OnClassCondition)

   JacksonAutoConfiguration.Jackson2ObjectMapperBuilderCustomizerConfiguration matched:
      - @ConditionalOnClass found required class 'org.springframework.http.converter.json.Jackson2ObjectMapperBuilder' (OnClassCondition)

   JacksonAutoConfiguration.JacksonObjectMapperBuilderConfiguration matched:
      - @ConditionalOnClass found required class 'org.springframework.http.converter.json.Jackson2ObjectMapperBuilder' (OnClassCondition)

   JacksonAutoConfiguration.JacksonObjectMapperBuilderConfiguration#jacksonObjectMapperBuilder matched:
      - @ConditionalOnMissingBean (types: org.springframework.http.converter.json.Jackson2ObjectMapperBuilder; SearchStrategy: all) did not find any beans (OnBeanCondition)

   JacksonAutoConfiguration.JacksonObjectMapperConfiguration matched:
      - @ConditionalOnClass found required class 'org.springframework.http.converter.json.Jackson2ObjectMapperBuilder' (OnClassCondition)

   JacksonAutoConfiguration.JacksonObjectMapperConfiguration#jacksonObjectMapper matched:
      - @ConditionalOnMissingBean (types: com.fasterxml.jackson.databind.ObjectMapper; SearchStrategy: all) did not find any beans (OnBeanCondition)

   JacksonAutoConfiguration.ParameterNamesModuleConfiguration matched:
      - @ConditionalOnClass found required class 'com.fasterxml.jackson.module.paramnames.ParameterNamesModule' (OnClassCondition)

   JacksonAutoConfiguration.ParameterNamesModuleConfiguration#parameterNamesModule matched:
      - @ConditionalOnMissingBean (types: com.fasterxml.jackson.module.paramnames.ParameterNamesModule; SearchStrategy: all) did not find any beans (OnBeanCondition)

   JacksonHttpMessageConvertersConfiguration.MappingJackson2HttpMessageConverterConfiguration matched:
      - @ConditionalOnClass found required class 'com.fasterxml.jackson.databind.ObjectMapper' (OnClassCondition)
      - @ConditionalOnProperty (spring.http.converters.preferred-json-mapper=jackson) matched (OnPropertyCondition)
      - @ConditionalOnBean (types: com.fasterxml.jackson.databind.ObjectMapper; SearchStrategy: all) found bean 'jacksonObjectMapper' (OnBeanCondition)

   JacksonHttpMessageConvertersConfiguration.MappingJackson2HttpMessageConverterConfiguration#mappingJackson2HttpMessageConverter matched:
      - @ConditionalOnMissingBean (types: org.springframework.http.converter.json.MappingJackson2HttpMessageConverter; SearchStrategy: all) did not find any beans (OnBeanCondition)

   MockMvcAutoConfiguration matched:
      - found 'session' scope (OnWebApplicationCondition)

   MockMvcAutoConfiguration#dispatcherServlet matched:
      - @ConditionalOnMissingBean (types: org.springframework.web.servlet.DispatcherServlet; SearchStrategy: all) did not find any beans (OnBeanCondition)

   MockMvcAutoConfiguration#dispatcherServletPath matched:
      - @ConditionalOnMissingBean (types: org.springframework.boot.autoconfigure.web.servlet.DispatcherServletPath; SearchStrategy: all) did not find any beans (OnBeanCondition)

   MockMvcAutoConfiguration#mockMvc matched:
      - @ConditionalOnMissingBean (types: org.springframework.test.web.servlet.MockMvc; SearchStrategy: all) did not find any beans (OnBeanCondition)

   MockMvcAutoConfiguration#mockMvcBuilder matched:
      - @ConditionalOnMissingBean (types: org.springframework.test.web.servlet.MockMvcBuilder; SearchStrategy: all) did not find any beans (OnBeanCondition)

   MockMvcSecurityAutoConfiguration matched:
      - @ConditionalOnProperty (spring.test.mockmvc.secure=true) matched (OnPropertyCondition)

   MustacheAutoConfiguration matched:
      - @ConditionalOnClass found required class 'com.samskivert.mustache.Mustache' (OnClassCondition)

   MustacheAutoConfiguration#mustacheCompiler matched:
      - @ConditionalOnMissingBean (types: com.samskivert.mustache.Mustache$Compiler; SearchStrategy: all) did not find any beans (OnBeanCondition)

   MustacheAutoConfiguration#mustacheTemplateLoader matched:
      - @ConditionalOnMissingBean (types: com.samskivert.mustache.Mustache$TemplateLoader; SearchStrategy: all) did not find any beans (OnBeanCondition)

   MustacheServletWebConfiguration matched:
      - found 'session' scope (OnWebApplicationCondition)

   MustacheServletWebConfiguration#mustacheViewResolver matched:
      - @ConditionalOnMissingBean (types: org.springframework.boot.web.servlet.view.MustacheViewResolver; SearchStrategy: all) did not find any beans (OnBeanCondition)

   NoOpCacheConfiguration matched:
      - Cache org.springframework.boot.autoconfigure.cache.NoOpCacheConfiguration NONE cache type (CacheCondition)

   SpringDataWebAutoConfiguration matched:
      - @ConditionalOnClass found required classes 'org.springframework.data.web.PageableHandlerMethodArgumentResolver', 'org.springframework.web.servlet.config.annotation.WebMvcConfigurer' (OnClassCondition)
      - found 'session' scope (OnWebApplicationCondition)
      - @ConditionalOnMissingBean (types: org.springframework.data.web.PageableHandlerMethodArgumentResolver; SearchStrategy: all) did not find any beans (OnBeanCondition)

   SpringDataWebAutoConfiguration#pageableCustomizer matched:
      - @ConditionalOnMissingBean (types: org.springframework.data.web.config.PageableHandlerMethodArgumentResolverCustomizer; SearchStrategy: all) did not find any beans (OnBeanCondition)

   SpringDataWebAutoConfiguration#sortCustomizer matched:
      - @ConditionalOnMissingBean (types: org.springframework.data.web.config.SortHandlerMethodArgumentResolverCustomizer; SearchStrategy: all) did not find any beans (OnBeanCondition)

   TaskExecutionAutoConfiguration matched:
      - @ConditionalOnClass found required class 'org.springframework.scheduling.concurrent.ThreadPoolTaskExecutor' (OnClassCondition)

   TaskExecutionAutoConfiguration#applicationTaskExecutor matched:
      - @ConditionalOnMissingBean (types: java.util.concurrent.Executor; SearchStrategy: all) did not find any beans (OnBeanCondition)

   TaskExecutionAutoConfiguration#taskExecutorBuilder matched:
      - @ConditionalOnMissingBean (types: org.springframework.boot.task.TaskExecutorBuilder; SearchStrategy: all) did not find any beans (OnBeanCondition)

   ValidationAutoConfiguration matched:
      - @ConditionalOnClass found required class 'javax.validation.executable.ExecutableValidator' (OnClassCondition)
      - @ConditionalOnResource found location classpath:META-INF/services/javax.validation.spi.ValidationProvider (OnResourceCondition)

   ValidationAutoConfiguration#defaultValidator matched:
      - @ConditionalOnMissingBean (types: javax.validation.Validator; SearchStrategy: all) did not find any beans (OnBeanCondition)

   ValidationAutoConfiguration#methodValidationPostProcessor matched:
      - @ConditionalOnMissingBean (types: org.springframework.validation.beanvalidation.MethodValidationPostProcessor; SearchStrategy: all) did not find any beans (OnBeanCondition)

   WebMvcAutoConfiguration matched:
      - @ConditionalOnClass found required classes 'javax.servlet.Servlet', 'org.springframework.web.servlet.DispatcherServlet', 'org.springframework.web.servlet.config.annotation.WebMvcConfigurer' (OnClassCondition)
      - found 'session' scope (OnWebApplicationCondition)
      - @ConditionalOnMissingBean (types: org.springframework.web.servlet.config.annotation.WebMvcConfigurationSupport; SearchStrategy: all) did not find any beans (OnBeanCondition)

   WebMvcAutoConfiguration#formContentFilter matched:
      - @ConditionalOnProperty (spring.mvc.formcontent.filter.enabled) matched (OnPropertyCondition)
      - @ConditionalOnMissingBean (types: org.springframework.web.filter.FormContentFilter; SearchStrategy: all) did not find any beans (OnBeanCondition)

   WebMvcAutoConfiguration#hiddenHttpMethodFilter matched:
      - @ConditionalOnProperty (spring.mvc.hiddenmethod.filter.enabled) matched (OnPropertyCondition)
      - @ConditionalOnMissingBean (types: org.springframework.web.filter.HiddenHttpMethodFilter; SearchStrategy: all) did not find any beans (OnBeanCondition)

   WebMvcAutoConfiguration.WebMvcAutoConfigurationAdapter#defaultViewResolver matched:
      - @ConditionalOnMissingBean (types: org.springframework.web.servlet.view.InternalResourceViewResolver; SearchStrategy: all) did not find any beans (OnBeanCondition)

   WebMvcAutoConfiguration.WebMvcAutoConfigurationAdapter#requestContextFilter matched:
      - @ConditionalOnMissingBean (types: org.springframework.web.context.request.RequestContextListener,org.springframework.web.filter.RequestContextFilter; SearchStrategy: all) did not find any beans (OnBeanCondition)

   WebMvcAutoConfiguration.WebMvcAutoConfigurationAdapter#viewResolver matched:
      - @ConditionalOnBean (types: org.springframework.web.servlet.ViewResolver; SearchStrategy: all) found beans 'defaultViewResolver', 'beanNameViewResolver', 'mvcViewResolver'; @ConditionalOnMissingBean (names: viewResolver; types: org.springframework.web.servlet.view.ContentNegotiatingViewResolver; SearchStrategy: all) did not find any beans (OnBeanCondition)

   WebMvcAutoConfiguration.WebMvcAutoConfigurationAdapter.FaviconConfiguration matched:
      - @ConditionalOnProperty (spring.mvc.favicon.enabled) matched (OnPropertyCondition)


Negative matches:
-----------------

   CacheAutoConfiguration:
      Did not match:
         - @ConditionalOnBean (types: org.springframework.cache.interceptor.CacheAspectSupport; SearchStrategy: all) did not find any beans of type org.springframework.cache.interceptor.CacheAspectSupport (OnBeanCondition)
      Matched:
         - @ConditionalOnClass found required class 'org.springframework.cache.CacheManager' (OnClassCondition)

   CacheAutoConfiguration.CacheManagerJpaDependencyConfiguration:
      Did not match:
         - Ancestor org.springframework.boot.autoconfigure.cache.CacheAutoConfiguration did not match (ConditionEvaluationReport.AncestorsMatchedCondition)
      Matched:
         - @ConditionalOnClass found required class 'org.springframework.orm.jpa.LocalContainerEntityManagerFactoryBean' (OnClassCondition)

   CaffeineCacheConfiguration:
      Did not match:
         - @ConditionalOnClass did not find required classes 'com.github.benmanes.caffeine.cache.Caffeine', 'org.springframework.cache.caffeine.CaffeineCacheManager' (OnClassCondition)

   CouchbaseCacheConfiguration:
      Did not match:
         - @ConditionalOnClass did not find required classes 'com.couchbase.client.java.Bucket', 'com.couchbase.client.spring.cache.CouchbaseCacheManager' (OnClassCondition)

   EhCacheCacheConfiguration:
      Did not match:
         - @ConditionalOnClass did not find required classes 'net.sf.ehcache.Cache', 'org.springframework.cache.ehcache.EhCacheCacheManager' (OnClassCondition)

   ErrorMvcAutoConfiguration.DefaultErrorViewResolverConfiguration#conventionErrorViewResolver:
      Did not match:
         - @ConditionalOnBean (types: org.springframework.web.servlet.DispatcherServlet; SearchStrategy: all) did not find any beans of type org.springframework.web.servlet.DispatcherServlet (OnBeanCondition)

   FreeMarkerAutoConfiguration:
      Did not match:
         - @ConditionalOnClass did not find required class 'freemarker.template.Configuration' (OnClassCondition)

   GenericCacheConfiguration:
      Did not match:
         - Cache org.springframework.boot.autoconfigure.cache.GenericCacheConfiguration unknown cache type (CacheCondition)

   GroovyTemplateAutoConfiguration:
      Did not match:
         - @ConditionalOnClass did not find required class 'groovy.text.markup.MarkupTemplateEngine' (OnClassCondition)

   GsonAutoConfiguration:
      Did not match:
         - @ConditionalOnClass did not find required class 'com.google.gson.Gson' (OnClassCondition)

   GsonHttpMessageConvertersConfiguration:
      Did not match:
         - @ConditionalOnClass did not find required class 'com.google.gson.Gson' (OnClassCondition)

   HazelcastCacheConfiguration:
      Did not match:
         - @ConditionalOnClass did not find required classes 'com.hazelcast.core.HazelcastInstance', 'com.hazelcast.spring.cache.HazelcastCacheManager' (OnClassCondition)

   HypermediaAutoConfiguration:
      Did not match:
         - @ConditionalOnClass did not find required class 'org.springframework.hateoas.Resource' (OnClassCondition)

   InfinispanCacheConfiguration:
      Did not match:
         - @ConditionalOnClass did not find required class 'org.infinispan.spring.provider.SpringEmbeddedCacheManager' (OnClassCondition)

   JCacheCacheConfiguration:
      Did not match:
         - @ConditionalOnClass did not find required classes 'javax.cache.Caching', 'org.springframework.cache.jcache.JCacheCacheManager' (OnClassCondition)

   JacksonAutoConfiguration.JodaDateTimeJacksonConfiguration:
      Did not match:
         - @ConditionalOnClass did not find required classes 'org.joda.time.DateTime', 'com.fasterxml.jackson.datatype.joda.ser.DateTimeSerializer', 'com.fasterxml.jackson.datatype.joda.cfg.JacksonJodaDateFormat' (OnClassCondition)

   JacksonHttpMessageConvertersConfiguration.MappingJackson2XmlHttpMessageConverterConfiguration:
      Did not match:
         - @ConditionalOnClass did not find required class 'com.fasterxml.jackson.dataformat.xml.XmlMapper' (OnClassCondition)

   JsonbAutoConfiguration:
      Did not match:
         - @ConditionalOnClass did not find required class 'javax.json.bind.Jsonb' (OnClassCondition)

   JsonbHttpMessageConvertersConfiguration:
      Did not match:
         - @ConditionalOnClass did not find required class 'javax.json.bind.Jsonb' (OnClassCondition)

   MessageSourceAutoConfiguration:
      Did not match:
         - ResourceBundle did not find bundle with basename messages (MessageSourceAutoConfiguration.ResourceBundleCondition)

   MockMvcSecurityConfiguration:
      Did not match:
         - @ConditionalOnClass did not find required class 'org.springframework.security.test.web.servlet.request.SecurityMockMvcRequestPostProcessors' (OnClassCondition)

   MockMvcWebClientAutoConfiguration:
      Did not match:
         - @ConditionalOnClass did not find required class 'com.gargoylesoftware.htmlunit.WebClient' (OnClassCondition)

   MockMvcWebDriverAutoConfiguration:
      Did not match:
         - @ConditionalOnClass did not find required class 'org.openqa.selenium.htmlunit.HtmlUnitDriver' (OnClassCondition)

   MustacheReactiveWebConfiguration:
      Did not match:
         - did not find reactive web application classes (OnWebApplicationCondition)

   RedisCacheConfiguration:
      Did not match:
         - @ConditionalOnClass did not find required class 'org.springframework.data.redis.connection.RedisConnectionFactory' (OnClassCondition)

   SecurityAutoConfiguration:
      Did not match:
         - @ConditionalOnClass did not find required class 'org.springframework.security.authentication.DefaultAuthenticationEventPublisher' (OnClassCondition)

   SimpleCacheConfiguration:
      Did not match:
         - Cache org.springframework.boot.autoconfigure.cache.SimpleCacheConfiguration unknown cache type (CacheCondition)

   ThymeleafAutoConfiguration:
      Did not match:
         - @ConditionalOnClass did not find required class 'org.thymeleaf.spring5.SpringTemplateEngine' (OnClassCondition)

   UserDetailsServiceAutoConfiguration:
      Did not match:
         - @ConditionalOnClass did not find required class 'org.springframework.security.authentication.AuthenticationManager' (OnClassCondition)

   WebMvcAutoConfiguration.ResourceChainCustomizerConfiguration:
      Did not match:
         - @ConditionalOnEnabledResourceChain did not find class org.webjars.WebJarAssetLocator (OnEnabledResourceChainCondition)

   WebMvcAutoConfiguration.WebMvcAutoConfigurationAdapter#beanNameViewResolver:
      Did not match:
         - @ConditionalOnMissingBean (types: org.springframework.web.servlet.view.BeanNameViewResolver; SearchStrategy: all) found beans of type 'org.springframework.web.servlet.view.BeanNameViewResolver' beanNameViewResolver (OnBeanCondition)

   WebMvcAutoConfiguration.WebMvcAutoConfigurationAdapter#localeResolver:
      Did not match:
         - @ConditionalOnProperty (spring.mvc.locale) did not find property 'locale' (OnPropertyCondition)


Exclusions:
-----------

    None


Unconditional classes:
----------------------

    None



2019-12-06 11:18:42.500 DEBUG 7503 --- [    Test worker] o.s.b.d.LoggingFailureAnalysisReporter   : Application failed to start due to an exception

org.springframework.beans.factory.NoSuchBeanDefinitionException: No qualifying bean of type 'kr.gracelove.jojoldu.springboot.service.posts.PostsService' available: expected at least 1 bean which qualifies as autowire candidate. Dependency annotations: {}
	at org.springframework.beans.factory.support.DefaultListableBeanFactory.raiseNoMatchingBeanFound(DefaultListableBeanFactory.java:1658) ~[spring-beans-5.1.9.RELEASE.jar:5.1.9.RELEASE]
	at org.springframework.beans.factory.support.DefaultListableBeanFactory.doResolveDependency(DefaultListableBeanFactory.java:1217) ~[spring-beans-5.1.9.RELEASE.jar:5.1.9.RELEASE]
	at org.springframework.beans.factory.support.DefaultListableBeanFactory.resolveDependency(DefaultListableBeanFactory.java:1171) ~[spring-beans-5.1.9.RELEASE.jar:5.1.9.RELEASE]
	at org.springframework.beans.factory.support.ConstructorResolver.resolveAutowiredArgument(ConstructorResolver.java:857) ~[spring-beans-5.1.9.RELEASE.jar:5.1.9.RELEASE]
	at org.springframework.beans.factory.support.ConstructorResolver.createArgumentArray(ConstructorResolver.java:760) ~[spring-beans-5.1.9.RELEASE.jar:5.1.9.RELEASE]
	at org.springframework.beans.factory.support.ConstructorResolver.autowireConstructor(ConstructorResolver.java:218) ~[spring-beans-5.1.9.RELEASE.jar:5.1.9.RELEASE]
	at org.springframework.beans.factory.support.AbstractAutowireCapableBeanFactory.autowireConstructor(AbstractAutowireCapableBeanFactory.java:1341) ~[spring-beans-5.1.9.RELEASE.jar:5.1.9.RELEASE]
	at org.springframework.beans.factory.support.AbstractAutowireCapableBeanFactory.createBeanInstance(AbstractAutowireCapableBeanFactory.java:1187) ~[spring-beans-5.1.9.RELEASE.jar:5.1.9.RELEASE]
	at org.springframework.beans.factory.support.AbstractAutowireCapableBeanFactory.doCreateBean(AbstractAutowireCapableBeanFactory.java:555) ~[spring-beans-5.1.9.RELEASE.jar:5.1.9.RELEASE]
	at org.springframework.beans.factory.support.AbstractAutowireCapableBeanFactory.createBean(AbstractAutowireCapableBeanFactory.java:515) ~[spring-beans-5.1.9.RELEASE.jar:5.1.9.RELEASE]
	at org.springframework.beans.factory.support.AbstractBeanFactory.lambda$doGetBean$0(AbstractBeanFactory.java:320) ~[spring-beans-5.1.9.RELEASE.jar:5.1.9.RELEASE]
	at org.springframework.beans.factory.support.DefaultSingletonBeanRegistry.getSingleton(DefaultSingletonBeanRegistry.java:222) ~[spring-beans-5.1.9.RELEASE.jar:5.1.9.RELEASE]
	at org.springframework.beans.factory.support.AbstractBeanFactory.doGetBean(AbstractBeanFactory.java:318) ~[spring-beans-5.1.9.RELEASE.jar:5.1.9.RELEASE]
	at org.springframework.beans.factory.support.AbstractBeanFactory.getBean(AbstractBeanFactory.java:199) ~[spring-beans-5.1.9.RELEASE.jar:5.1.9.RELEASE]
	at org.springframework.beans.factory.support.DefaultListableBeanFactory.preInstantiateSingletons(DefaultListableBeanFactory.java:845) ~[spring-beans-5.1.9.RELEASE.jar:5.1.9.RELEASE]
	at org.springframework.context.support.AbstractApplicationContext.finishBeanFactoryInitialization(AbstractApplicationContext.java:877) ~[spring-context-5.1.9.RELEASE.jar:5.1.9.RELEASE]
	at org.springframework.context.support.AbstractApplicationContext.refresh(AbstractApplicationContext.java:549) ~[spring-context-5.1.9.RELEASE.jar:5.1.9.RELEASE]
	at org.springframework.boot.SpringApplication.refresh(SpringApplication.java:743) ~[spring-boot-2.1.7.RELEASE.jar:2.1.7.RELEASE]
	at org.springframework.boot.SpringApplication.refreshContext(SpringApplication.java:390) ~[spring-boot-2.1.7.RELEASE.jar:2.1.7.RELEASE]
	at org.springframework.boot.SpringApplication.run(SpringApplication.java:312) ~[spring-boot-2.1.7.RELEASE.jar:2.1.7.RELEASE]
	at org.springframework.boot.test.context.SpringBootContextLoader.loadContext(SpringBootContextLoader.java:120) [spring-boot-test-2.1.7.RELEASE.jar:2.1.7.RELEASE]
	at org.springframework.test.context.cache.DefaultCacheAwareContextLoaderDelegate.loadContextInternal(DefaultCacheAwareContextLoaderDelegate.java:99) [spring-test-5.1.9.RELEASE.jar:5.1.9.RELEASE]
	at org.springframework.test.context.cache.DefaultCacheAwareContextLoaderDelegate.loadContext(DefaultCacheAwareContextLoaderDelegate.java:117) [spring-test-5.1.9.RELEASE.jar:5.1.9.RELEASE]
	at org.springframework.test.context.support.DefaultTestContext.getApplicationContext(DefaultTestContext.java:108) [spring-test-5.1.9.RELEASE.jar:5.1.9.RELEASE]
	at org.springframework.test.context.support.DependencyInjectionTestExecutionListener.injectDependencies(DependencyInjectionTestExecutionListener.java:118) [spring-test-5.1.9.RELEASE.jar:5.1.9.RELEASE]
	at org.springframework.test.context.support.DependencyInjectionTestExecutionListener.prepareTestInstance(DependencyInjectionTestExecutionListener.java:83) [spring-test-5.1.9.RELEASE.jar:5.1.9.RELEASE]
	at org.springframework.boot.test.autoconfigure.SpringBootDependencyInjectionTestExecutionListener.prepareTestInstance(SpringBootDependencyInjectionTestExecutionListener.java:43) [spring-boot-test-autoconfigure-2.1.7.RELEASE.jar:2.1.7.RELEASE]
	at org.springframework.test.context.TestContextManager.prepareTestInstance(TestContextManager.java:246) [spring-test-5.1.9.RELEASE.jar:5.1.9.RELEASE]
	at org.springframework.test.context.junit4.SpringJUnit4ClassRunner.createTest(SpringJUnit4ClassRunner.java:227) [spring-test-5.1.9.RELEASE.jar:5.1.9.RELEASE]
	at org.springframework.test.context.junit4.SpringJUnit4ClassRunner$1.runReflectiveCall(SpringJUnit4ClassRunner.java:289) [spring-test-5.1.9.RELEASE.jar:5.1.9.RELEASE]
	at org.junit.internal.runners.model.ReflectiveCallable.run(ReflectiveCallable.java:12) [junit-4.12.jar:4.12]
	at org.springframework.test.context.junit4.SpringJUnit4ClassRunner.methodBlock(SpringJUnit4ClassRunner.java:291) [spring-test-5.1.9.RELEASE.jar:5.1.9.RELEASE]
	at org.springframework.test.context.junit4.SpringJUnit4ClassRunner.runChild(SpringJUnit4ClassRunner.java:246) [spring-test-5.1.9.RELEASE.jar:5.1.9.RELEASE]
	at org.springframework.test.context.junit4.SpringJUnit4ClassRunner.runChild(SpringJUnit4ClassRunner.java:97) [spring-test-5.1.9.RELEASE.jar:5.1.9.RELEASE]
	at org.junit.runners.ParentRunner$3.run(ParentRunner.java:290) [junit-4.12.jar:4.12]
	at org.junit.runners.ParentRunner$1.schedule(ParentRunner.java:71) [junit-4.12.jar:4.12]
	at org.junit.runners.ParentRunner.runChildren(ParentRunner.java:288) [junit-4.12.jar:4.12]
	at org.junit.runners.ParentRunner.access$000(ParentRunner.java:58) [junit-4.12.jar:4.12]
	at org.junit.runners.ParentRunner$2.evaluate(ParentRunner.java:268) [junit-4.12.jar:4.12]
	at org.springframework.test.context.junit4.statements.RunBeforeTestClassCallbacks.evaluate(RunBeforeTestClassCallbacks.java:61) [spring-test-5.1.9.RELEASE.jar:5.1.9.RELEASE]
	at org.springframework.test.context.junit4.statements.RunAfterTestClassCallbacks.evaluate(RunAfterTestClassCallbacks.java:70) [spring-test-5.1.9.RELEASE.jar:5.1.9.RELEASE]
	at org.junit.runners.ParentRunner.run(ParentRunner.java:363) [junit-4.12.jar:4.12]
	at org.springframework.test.context.junit4.SpringJUnit4ClassRunner.run(SpringJUnit4ClassRunner.java:190) [spring-test-5.1.9.RELEASE.jar:5.1.9.RELEASE]
	at org.gradle.api.internal.tasks.testing.junit.JUnitTestClassExecutor.runTestClass(JUnitTestClassExecutor.java:110) [gradle-testing-jvm-5.5.1.jar:5.5.1]
	at org.gradle.api.internal.tasks.testing.junit.JUnitTestClassExecutor.execute(JUnitTestClassExecutor.java:58) [gradle-testing-jvm-5.5.1.jar:5.5.1]
	at org.gradle.api.internal.tasks.testing.junit.JUnitTestClassExecutor.execute(JUnitTestClassExecutor.java:38) [gradle-testing-jvm-5.5.1.jar:5.5.1]
	at org.gradle.api.internal.tasks.testing.junit.AbstractJUnitTestClassProcessor.processTestClass(AbstractJUnitTestClassProcessor.java:62) [gradle-testing-jvm-5.5.1.jar:5.5.1]
	at org.gradle.api.internal.tasks.testing.SuiteTestClassProcessor.processTestClass(SuiteTestClassProcessor.java:51) [gradle-testing-base-5.5.1.jar:5.5.1]
	at sun.reflect.NativeMethodAccessorImpl.invoke0(Native Method) ~[na:1.8.0_222]
	at sun.reflect.NativeMethodAccessorImpl.invoke(NativeMethodAccessorImpl.java:62) ~[na:1.8.0_222]
	at sun.reflect.DelegatingMethodAccessorImpl.invoke(DelegatingMethodAccessorImpl.java:43) ~[na:1.8.0_222]
	at java.lang.reflect.Method.invoke(Method.java:498) ~[na:1.8.0_222]
	at org.gradle.internal.dispatch.ReflectionDispatch.dispatch(ReflectionDispatch.java:35) [gradle-messaging-5.5.1.jar:5.5.1]
	at org.gradle.internal.dispatch.ReflectionDispatch.dispatch(ReflectionDispatch.java:24) [gradle-messaging-5.5.1.jar:5.5.1]
	at org.gradle.internal.dispatch.ContextClassLoaderDispatch.dispatch(ContextClassLoaderDispatch.java:32) [gradle-messaging-5.5.1.jar:5.5.1]
	at org.gradle.internal.dispatch.ProxyDispatchAdapter$DispatchingInvocationHandler.invoke(ProxyDispatchAdapter.java:93) [gradle-messaging-5.5.1.jar:5.5.1]
	at com.sun.proxy.$Proxy2.processTestClass(Unknown Source) [na:na]
	at org.gradle.api.internal.tasks.testing.worker.TestWorker.processTestClass(TestWorker.java:118) [gradle-testing-base-5.5.1.jar:5.5.1]
	at sun.reflect.NativeMethodAccessorImpl.invoke0(Native Method) ~[na:1.8.0_222]
	at sun.reflect.NativeMethodAccessorImpl.invoke(NativeMethodAccessorImpl.java:62) ~[na:1.8.0_222]
	at sun.reflect.DelegatingMethodAccessorImpl.invoke(DelegatingMethodAccessorImpl.java:43) ~[na:1.8.0_222]
	at java.lang.reflect.Method.invoke(Method.java:498) ~[na:1.8.0_222]
	at org.gradle.internal.dispatch.ReflectionDispatch.dispatch(ReflectionDispatch.java:35) [gradle-messaging-5.5.1.jar:5.5.1]
	at org.gradle.internal.dispatch.ReflectionDispatch.dispatch(ReflectionDispatch.java:24) [gradle-messaging-5.5.1.jar:5.5.1]
	at org.gradle.internal.remote.internal.hub.MessageHubBackedObjectConnection$DispatchWrapper.dispatch(MessageHubBackedObjectConnection.java:175) [gradle-messaging-5.5.1.jar:5.5.1]
	at org.gradle.internal.remote.internal.hub.MessageHubBackedObjectConnection$DispatchWrapper.dispatch(MessageHubBackedObjectConnection.java:157) [gradle-messaging-5.5.1.jar:5.5.1]
	at org.gradle.internal.remote.internal.hub.MessageHub$Handler.run(MessageHub.java:404) [gradle-messaging-5.5.1.jar:5.5.1]
	at org.gradle.internal.concurrent.ExecutorPolicy$CatchAndRecordFailures.onExecute(ExecutorPolicy.java:63) [gradle-base-services-5.5.1.jar:5.5.1]
	at org.gradle.internal.concurrent.ManagedExecutorImpl$1.run(ManagedExecutorImpl.java:46) [gradle-base-services-5.5.1.jar:5.5.1]
	at java.util.concurrent.ThreadPoolExecutor.runWorker(ThreadPoolExecutor.java:1149) [na:1.8.0_222]
	at java.util.concurrent.ThreadPoolExecutor$Worker.run(ThreadPoolExecutor.java:624) [na:1.8.0_222]
	at org.gradle.internal.concurrent.ThreadFactoryImpl$ManagedThreadRunnable.run(ThreadFactoryImpl.java:55) [gradle-base-services-5.5.1.jar:5.5.1]
	at java.lang.Thread.run(Thread.java:748) [na:1.8.0_222]

2019-12-06 11:18:42.501 ERROR 7503 --- [    Test worker] o.s.b.d.LoggingFailureAnalysisReporter   : 

***************************
APPLICATION FAILED TO START
***************************

Description:

Parameter 0 of constructor in kr.gracelove.jojoldu.springboot.web.PostsApiController required a bean of type 'kr.gracelove.jojoldu.springboot.service.posts.PostsService' that could not be found.


Action:

Consider defining a bean of type 'kr.gracelove.jojoldu.springboot.service.posts.PostsService' in your configuration.

2019-12-06 11:18:42.502 DEBUG 7503 --- [    Test worker] o.s.t.c.support.TestPropertySourceUtils  : Adding inlined properties to environment: {spring.jmx.enabled=false, org.springframework.boot.test.autoconfigure.web.servlet.WebMvcTestContextBootstrapper=true, server.port=-1}
2019-12-06 11:18:42.516 DEBUG 7503 --- [    Test worker] .c.l.ClasspathLoggingApplicationListener : Application started with classpath: [file:/Users/govlmo91/.gradle/caches/5.5.1/workerMain/gradle-worker.jar, file:/Users/govlmo91/IdeaProjects/jojoldubook/build/classes/java/test/, file:/Users/govlmo91/IdeaProjects/jojoldubook/build/resources/test, file:/Users/govlmo91/IdeaProjects/jojoldubook/build/classes/java/main/, file:/Users/govlmo91/IdeaProjects/jojoldubook/build/resources/main/, file:/Users/govlmo91/.gradle/caches/modules-2/files-2.1/org.springframework.boot/spring-boot-starter-mustache/2.1.7.RELEASE/c52b1725d81a61eac91af3196a65c17adef75357/spring-boot-starter-mustache-2.1.7.RELEASE.jar, file:/Users/govlmo91/.gradle/caches/modules-2/files-2.1/org.projectlombok/lombok/1.18.8/448003bc1b234aac04b58e27d7755c12c3ec4236/lombok-1.18.8.jar, file:/Users/govlmo91/.gradle/caches/modules-2/files-2.1/org.springframework.boot/spring-boot-starter-web/2.1.7.RELEASE/fa43baf40bde3ecdb93ac9c545dd39f82ab29c35/spring-boot-starter-web-2.1.7.RELEASE.jar, file:/Users/govlmo91/.gradle/caches/modules-2/files-2.1/org.springframework.boot/spring-boot-starter-data-jpa/2.1.7.RELEASE/5e4a5d5442f32f5e12b36674a620ec57b0b66c6e/spring-boot-starter-data-jpa-2.1.7.RELEASE.jar, file:/Users/govlmo91/.gradle/caches/modules-2/files-2.1/com.h2database/h2/1.4.199/7bf08152984ed8859740ae3f97fae6c72771ae45/h2-1.4.199.jar, file:/Users/govlmo91/.gradle/caches/modules-2/files-2.1/org.springframework.boot/spring-boot-starter-test/2.1.7.RELEASE/39e82379a28c217ab892eb00ef601dc0571f56a4/spring-boot-starter-test-2.1.7.RELEASE.jar, file:/Users/govlmo91/.gradle/caches/modules-2/files-2.1/org.springframework.boot/spring-boot-starter-json/2.1.7.RELEASE/9c12f046a7c4ae110d89163a491ad0d7cf036e79/spring-boot-starter-json-2.1.7.RELEASE.jar, file:/Users/govlmo91/.gradle/caches/modules-2/files-2.1/org.springframework.boot/spring-boot-starter-aop/2.1.7.RELEASE/4577d056af1f823bb7730c99f43c3268dd697310/spring-boot-starter-aop-2.1.7.RELEASE.jar, file:/Users/govlmo91/.gradle/caches/modules-2/files-2.1/org.springframework.boot/spring-boot-starter-jdbc/2.1.7.RELEASE/3ea97a134b44a886ff529215e7bec04bfd93fa5b/spring-boot-starter-jdbc-2.1.7.RELEASE.jar, file:/Users/govlmo91/.gradle/caches/modules-2/files-2.1/org.springframework.boot/spring-boot-starter/2.1.7.RELEASE/e23f4e9460e0e2220b444e40fc7fd6e95f66e0fe/spring-boot-starter-2.1.7.RELEASE.jar, file:/Users/govlmo91/.gradle/caches/modules-2/files-2.1/com.samskivert/jmustache/1.14/495441daa241e5f48d555597fffa2b1dfc8c60d1/jmustache-1.14.jar, file:/Users/govlmo91/.gradle/caches/modules-2/files-2.1/org.springframework.boot/spring-boot-starter-tomcat/2.1.7.RELEASE/11f2a86aefefba72a4efe5ff18f4165a4b4e78b/spring-boot-starter-tomcat-2.1.7.RELEASE.jar, file:/Users/govlmo91/.gradle/caches/modules-2/files-2.1/org.hibernate.validator/hibernate-validator/6.0.17.Final/af73055fc4a103ab347c56e7da5a143d68a0170/hibernate-validator-6.0.17.Final.jar, file:/Users/govlmo91/.gradle/caches/modules-2/files-2.1/org.springframework/spring-webmvc/5.1.9.RELEASE/b9d4a2140488f0e6f9aa231e7938ae18da77b637/spring-webmvc-5.1.9.RELEASE.jar, file:/Users/govlmo91/.gradle/caches/modules-2/files-2.1/org.springframework/spring-web/5.1.9.RELEASE/9fe4390420fdd0b63dc4ed90d9027dafa9f74f80/spring-web-5.1.9.RELEASE.jar, file:/Users/govlmo91/.gradle/caches/modules-2/files-2.1/javax.transaction/javax.transaction-api/1.3/e006adf5cf3cca2181d16bd640ecb80148ec0fce/javax.transaction-api-1.3.jar, file:/Users/govlmo91/.gradle/caches/modules-2/files-2.1/javax.xml.bind/jaxb-api/2.3.1/8531ad5ac454cc2deb9d4d32c40c4d7451939b5d/jaxb-api-2.3.1.jar, file:/Users/govlmo91/.gradle/caches/modules-2/files-2.1/org.hibernate/hibernate-core/5.3.10.Final/e608b854325005edbf43cb2b6041fdafd3f2eb57/hibernate-core-5.3.10.Final.jar, file:/Users/govlmo91/.gradle/caches/modules-2/files-2.1/org.springframework.data/spring-data-jpa/2.1.10.RELEASE/12639406aa28c3a5195a1a4c9077fe562f54bc31/spring-data-jpa-2.1.10.RELEASE.jar, file:/Users/govlmo91/.gradle/caches/modules-2/files-2.1/org.springframework/spring-aspects/5.1.9.RELEASE/a8aec853c345ed54a99627cee9f755ce7dbb734/spring-aspects-5.1.9.RELEASE.jar, file:/Users/govlmo91/.gradle/caches/modules-2/files-2.1/org.springframework.boot/spring-boot-test-autoconfigure/2.1.7.RELEASE/8c9847259e14419d2bcc4eed26bcf48dc56686ef/spring-boot-test-autoconfigure-2.1.7.RELEASE.jar, file:/Users/govlmo91/.gradle/caches/modules-2/files-2.1/org.springframework.boot/spring-boot-test/2.1.7.RELEASE/70ed88830a08e8baa0b562090168fdba0e92810/spring-boot-test-2.1.7.RELEASE.jar, file:/Users/govlmo91/.gradle/caches/modules-2/files-2.1/com.jayway.jsonpath/json-path/2.4.0/765a4401ceb2dc8d40553c2075eb80a8fa35c2ae/json-path-2.4.0.jar, file:/Users/govlmo91/.gradle/caches/modules-2/files-2.1/junit/junit/4.12/2973d150c0dc1fefe998f834810d68f278ea58ec/junit-4.12.jar, file:/Users/govlmo91/.gradle/caches/modules-2/files-2.1/org.assertj/assertj-core/3.11.1/fdac3217b804d6900fa3650f17b5cb48e620b140/assertj-core-3.11.1.jar, file:/Users/govlmo91/.gradle/caches/modules-2/files-2.1/org.mockito/mockito-core/2.23.4/a35b6f8ffcfa786771eac7d7d903429e790fdf3f/mockito-core-2.23.4.jar, file:/Users/govlmo91/.gradle/caches/modules-2/files-2.1/org.hamcrest/hamcrest-library/1.3/4785a3c21320980282f9f33d0d1264a69040538f/hamcrest-library-1.3.jar, file:/Users/govlmo91/.gradle/caches/modules-2/files-2.1/org.hamcrest/hamcrest-core/1.3/42a25dc3219429f0e5d060061f71acb49bf010a0/hamcrest-core-1.3.jar, file:/Users/govlmo91/.gradle/caches/modules-2/files-2.1/org.skyscreamer/jsonassert/1.5.0/6c9d5fe2f59da598d9aefc1cfc6528ff3cf32df3/jsonassert-1.5.0.jar, file:/Users/govlmo91/.gradle/caches/modules-2/files-2.1/org.springframework/spring-test/5.1.9.RELEASE/653fa9de816677b3318e7058af54e7ee56866b09/spring-test-5.1.9.RELEASE.jar, file:/Users/govlmo91/.gradle/caches/modules-2/files-2.1/org.springframework.boot/spring-boot-autoconfigure/2.1.7.RELEASE/2c9d3e2c6ea3cb435e99e2973009636b62a9d816/spring-boot-autoconfigure-2.1.7.RELEASE.jar, file:/Users/govlmo91/.gradle/caches/modules-2/files-2.1/org.springframework.boot/spring-boot/2.1.7.RELEASE/1599a2ad1fc6d36dbfc2a7c0dd5dab3a0bb27c61/spring-boot-2.1.7.RELEASE.jar, file:/Users/govlmo91/.gradle/caches/modules-2/files-2.1/org.springframework/spring-context/5.1.9.RELEASE/c37f8fe15a5ae4ea1f351bd46167fd492a84eefa/spring-context-5.1.9.RELEASE.jar, file:/Users/govlmo91/.gradle/caches/modules-2/files-2.1/org.springframework/spring-aop/5.1.9.RELEASE/bc2312ffad02251b9d472e4a7c0e472a58f50fbf/spring-aop-5.1.9.RELEASE.jar, file:/Users/govlmo91/.gradle/caches/modules-2/files-2.1/org.springframework/spring-orm/5.1.9.RELEASE/220169d217f7114706141fc0afba425a5b368dce/spring-orm-5.1.9.RELEASE.jar, file:/Users/govlmo91/.gradle/caches/modules-2/files-2.1/org.springframework/spring-jdbc/5.1.9.RELEASE/3fd70356ba8d7c00c4081c1a207766352624414e/spring-jdbc-5.1.9.RELEASE.jar, file:/Users/govlmo91/.gradle/caches/modules-2/files-2.1/org.springframework.data/spring-data-commons/2.1.10.RELEASE/c73a76070181b59b19df6893e1ca729263a69b47/spring-data-commons-2.1.10.RELEASE.jar, file:/Users/govlmo91/.gradle/caches/modules-2/files-2.1/org.springframework/spring-tx/5.1.9.RELEASE/a9125e2c8eeb193030f3972c6293616943c55ef2/spring-tx-5.1.9.RELEASE.jar, file:/Users/govlmo91/.gradle/caches/modules-2/files-2.1/org.springframework/spring-beans/5.1.9.RELEASE/5a03b3983108d73978aec2fa3e681aedad6782c/spring-beans-5.1.9.RELEASE.jar, file:/Users/govlmo91/.gradle/caches/modules-2/files-2.1/org.springframework/spring-expression/5.1.9.RELEASE/db3a2468c1b7d697ec3b3ec6e5652dc282994fe3/spring-expression-5.1.9.RELEASE.jar, file:/Users/govlmo91/.gradle/caches/modules-2/files-2.1/org.springframework/spring-core/5.1.9.RELEASE/dc3815439579b4fa0c19970e6b8e5d774af8d988/spring-core-5.1.9.RELEASE.jar, file:/Users/govlmo91/.gradle/caches/modules-2/files-2.1/org.xmlunit/xmlunit-core/2.6.3/cdb208320aed4a7b94fb236cfbf91aeb6d0ede14/xmlunit-core-2.6.3.jar, file:/Users/govlmo91/.gradle/caches/modules-2/files-2.1/org.springframework.boot/spring-boot-starter-logging/2.1.7.RELEASE/6e829f739992a7f368c0af44a08ed89ad2a1972f/spring-boot-starter-logging-2.1.7.RELEASE.jar, file:/Users/govlmo91/.gradle/caches/modules-2/files-2.1/javax.annotation/javax.annotation-api/1.3.2/934c04d3cfef185a8008e7bf34331b79730a9d43/javax.annotation-api-1.3.2.jar, file:/Users/govlmo91/.gradle/caches/modules-2/files-2.1/org.yaml/snakeyaml/1.23/ec62d74fe50689c28c0ff5b35d3aebcaa8b5be68/snakeyaml-1.23.jar, file:/Users/govlmo91/.gradle/caches/modules-2/files-2.1/com.fasterxml.jackson.datatype/jackson-datatype-jdk8/2.9.9/4b04126963103216c9c43b0f34bbc36315654204/jackson-datatype-jdk8-2.9.9.jar, file:/Users/govlmo91/.gradle/caches/modules-2/files-2.1/com.fasterxml.jackson.datatype/jackson-datatype-jsr310/2.9.9/a33df137557793b0404a486888dbe049f7abeeeb/jackson-datatype-jsr310-2.9.9.jar, file:/Users/govlmo91/.gradle/caches/modules-2/files-2.1/com.fasterxml.jackson.module/jackson-module-parameter-names/2.9.9/a92facb55a2538e7b2fe14294570a18b823ad431/jackson-module-parameter-names-2.9.9.jar, file:/Users/govlmo91/.gradle/caches/modules-2/files-2.1/com.fasterxml.jackson.core/jackson-databind/2.9.9/d6eb9817d9c7289a91f043ac5ee02a6b3cc86238/jackson-databind-2.9.9.jar, file:/Users/govlmo91/.gradle/caches/modules-2/files-2.1/org.apache.tomcat.embed/tomcat-embed-websocket/9.0.22/45974d3443cc15ad9d10239d762d5e15759e6364/tomcat-embed-websocket-9.0.22.jar, file:/Users/govlmo91/.gradle/caches/modules-2/files-2.1/org.apache.tomcat.embed/tomcat-embed-core/9.0.22/79f39903498b28adacb18fe2ea046edd306295a6/tomcat-embed-core-9.0.22.jar, file:/Users/govlmo91/.gradle/caches/modules-2/files-2.1/org.apache.tomcat.embed/tomcat-embed-el/9.0.22/4da4b778b635a7e78ca7cd7288253e2e47b88a9f/tomcat-embed-el-9.0.22.jar, file:/Users/govlmo91/.gradle/caches/modules-2/files-2.1/javax.validation/validation-api/2.0.1.Final/cb855558e6271b1b32e716d24cb85c7f583ce09e/validation-api-2.0.1.Final.jar, file:/Users/govlmo91/.gradle/caches/modules-2/files-2.1/org.hibernate.common/hibernate-commons-annotations/5.0.4.Final/965a18fdf939ee75e41f7918532d37b3a8350535/hibernate-commons-annotations-5.0.4.Final.jar, file:/Users/govlmo91/.gradle/caches/modules-2/files-2.1/org.jboss.logging/jboss-logging/3.3.2.Final/3789d00e859632e6c6206adc0c71625559e6e3b0/jboss-logging-3.3.2.Final.jar, file:/Users/govlmo91/.gradle/caches/modules-2/files-2.1/com.fasterxml/classmate/1.4.0/291658ac2ce2476256c7115943652c0accb5c857/classmate-1.4.0.jar, file:/Users/govlmo91/.gradle/caches/modules-2/files-2.1/org.aspectj/aspectjweaver/1.9.4/9205229878f3d62fbd3a32a0fb6be2d6ad8589a9/aspectjweaver-1.9.4.jar, file:/Users/govlmo91/.gradle/caches/modules-2/files-2.1/com.zaxxer/HikariCP/3.2.0/6c66db1c636ee90beb4c65fe34abd8ba9396bca6/HikariCP-3.2.0.jar, file:/Users/govlmo91/.gradle/caches/modules-2/files-2.1/javax.activation/javax.activation-api/1.2.0/85262acf3ca9816f9537ca47d5adeabaead7cb16/javax.activation-api-1.2.0.jar, file:/Users/govlmo91/.gradle/caches/modules-2/files-2.1/javax.persistence/javax.persistence-api/2.2/25665ac8c0b62f50e6488173233239120fc52c96/javax.persistence-api-2.2.jar, file:/Users/govlmo91/.gradle/caches/modules-2/files-2.1/org.javassist/javassist/3.23.2-GA/c5afe660a95e87ceb518e4f5cf02f5c56b547683/javassist-3.23.2-GA.jar, file:/Users/govlmo91/.gradle/caches/modules-2/files-2.1/net.bytebuddy/byte-buddy/1.9.16/e7d63009be7b87ff1f15b72e5b8c59c897a8d8bd/byte-buddy-1.9.16.jar, file:/Users/govlmo91/.gradle/caches/modules-2/files-2.1/antlr/antlr/2.7.7/83cd2cd674a217ade95a4bb83a8a14f351f48bd0/antlr-2.7.7.jar, file:/Users/govlmo91/.gradle/caches/modules-2/files-2.1/org.jboss/jandex/2.0.5.Final/7060f67764565b9ee9d467e3ed0cb8a9c601b23a/jandex-2.0.5.Final.jar, file:/Users/govlmo91/.gradle/caches/modules-2/files-2.1/org.dom4j/dom4j/2.1.1/3dce5dbb3571aa820c677fadd8349bfa8f00c199/dom4j-2.1.1.jar, file:/Users/govlmo91/.gradle/caches/modules-2/files-2.1/ch.qos.logback/logback-classic/1.2.3/7c4f3c474fb2c041d8028740440937705ebb473a/logback-classic-1.2.3.jar, file:/Users/govlmo91/.gradle/caches/modules-2/files-2.1/org.apache.logging.log4j/log4j-to-slf4j/2.11.2/6d37bf7b046c0ce2669f26b99365a2cfa45c4c18/log4j-to-slf4j-2.11.2.jar, file:/Users/govlmo91/.gradle/caches/modules-2/files-2.1/org.slf4j/jul-to-slf4j/1.7.26/8031352b2bb0a49e67818bf04c027aa92e645d5c/jul-to-slf4j-1.7.26.jar, file:/Users/govlmo91/.gradle/caches/modules-2/files-2.1/org.slf4j/slf4j-api/1.7.26/77100a62c2e6f04b53977b9f541044d7d722693d/slf4j-api-1.7.26.jar, file:/Users/govlmo91/.gradle/caches/modules-2/files-2.1/net.minidev/json-smart/2.3/7396407491352ce4fa30de92efb158adb76b5b/json-smart-2.3.jar, file:/Users/govlmo91/.gradle/caches/modules-2/files-2.1/net.bytebuddy/byte-buddy-agent/1.9.16/fd213511a0a845632456f636e576d24c2d6ac3bc/byte-buddy-agent-1.9.16.jar, file:/Users/govlmo91/.gradle/caches/modules-2/files-2.1/org.objenesis/objenesis/2.6/639033469776fd37c08358c6b92a4761feb2af4b/objenesis-2.6.jar, file:/Users/govlmo91/.gradle/caches/modules-2/files-2.1/com.vaadin.external.google/android-json/0.0.20131108.vaadin1/fa26d351fe62a6a17f5cda1287c1c6110dec413f/android-json-0.0.20131108.vaadin1.jar, file:/Users/govlmo91/.gradle/caches/modules-2/files-2.1/org.springframework/spring-jcl/5.1.9.RELEASE/7c372790c999777d20f364960cf557dd74f890cf/spring-jcl-5.1.9.RELEASE.jar, file:/Users/govlmo91/.gradle/caches/modules-2/files-2.1/com.fasterxml.jackson.core/jackson-annotations/2.9.0/7c10d545325e3a6e72e06381afe469fd40eb701/jackson-annotations-2.9.0.jar, file:/Users/govlmo91/.gradle/caches/modules-2/files-2.1/com.fasterxml.jackson.core/jackson-core/2.9.9/bfff5af9fb8347d26bbb7959cb9b4fe9a2b0ca5e/jackson-core-2.9.9.jar, file:/Users/govlmo91/.gradle/caches/modules-2/files-2.1/net.minidev/accessors-smart/1.2/c592b500269bfde36096641b01238a8350f8aa31/accessors-smart-1.2.jar, file:/Users/govlmo91/.gradle/caches/modules-2/files-2.1/ch.qos.logback/logback-core/1.2.3/864344400c3d4d92dfeb0a305dc87d953677c03c/logback-core-1.2.3.jar, file:/Users/govlmo91/.gradle/caches/modules-2/files-2.1/org.apache.logging.log4j/log4j-api/2.11.2/f5e9a2ffca496057d6891a3de65128efc636e26e/log4j-api-2.11.2.jar, file:/Users/govlmo91/.gradle/caches/modules-2/files-2.1/org.ow2.asm/asm/5.0.4/da08b8cce7bbf903602a25a3a163ae252435795/asm-5.0.4.jar]

  .   ____          _            __ _ _
 /\\ / ___'_ __ _ _(_)_ __  __ _ \ \ \ \
( ( )\___ | '_ | '_| | '_ \/ _` | \ \ \ \
 \\/  ___)| |_)| | | | | || (_| |  ) ) ) )
  '  |____| .__|_| |_|_| |_\__, | / / / /
 =========|_|==============|___/=/_/_/_/
 :: Spring Boot ::        (v2.1.7.RELEASE)

2019-12-06 11:18:42.521  INFO 7503 --- [    Test worker] k.g.j.s.web.HelloControllerTest          : Starting HelloControllerTest on govlmo91ui-MacBookPro.local with PID 7503 (started by govlmo91 in /Users/govlmo91/IdeaProjects/jojoldubook)
2019-12-06 11:18:42.521 DEBUG 7503 --- [    Test worker] k.g.j.s.web.HelloControllerTest          : Running with Spring Boot v2.1.7.RELEASE, Spring v5.1.9.RELEASE
2019-12-06 11:18:42.522  INFO 7503 --- [    Test worker] k.g.j.s.web.HelloControllerTest          : No active profile set, falling back to default profiles: default
2019-12-06 11:18:42.522 DEBUG 7503 --- [    Test worker] o.s.boot.SpringApplication               : Loading source class kr.gracelove.jojoldu.springboot.Application
2019-12-06 11:18:42.524 DEBUG 7503 --- [    Test worker] o.s.b.c.c.ConfigFileApplicationListener  : Loaded config file 'file:/Users/govlmo91/IdeaProjects/jojoldubook/build/resources/main/application.properties' (classpath:/application.properties)
2019-12-06 11:18:42.524 DEBUG 7503 --- [    Test worker] o.s.w.c.s.GenericWebApplicationContext   : Refreshing org.springframework.web.context.support.GenericWebApplicationContext@7d45c624
2019-12-06 11:18:42.525 DEBUG 7503 --- [    Test worker] o.s.b.f.s.DefaultListableBeanFactory     : Creating shared instance of singleton bean 'org.springframework.context.annotation.internalConfigurationAnnotationProcessor'
2019-12-06 11:18:42.526 DEBUG 7503 --- [    Test worker] o.s.b.f.s.DefaultListableBeanFactory     : Creating shared instance of singleton bean 'org.springframework.boot.autoconfigure.internalCachingMetadataReaderFactory'
2019-12-06 11:18:42.548 DEBUG 7503 --- [    Test worker] o.s.c.a.ClassPathBeanDefinitionScanner   : Identified candidate component class: file [/Users/govlmo91/IdeaProjects/jojoldubook/build/classes/java/main/kr/gracelove/jojoldu/springboot/web/HelloController.class]
2019-12-06 11:18:42.548 DEBUG 7503 --- [    Test worker] o.s.c.a.ClassPathBeanDefinitionScanner   : Identified candidate component class: file [/Users/govlmo91/IdeaProjects/jojoldubook/build/classes/java/main/kr/gracelove/jojoldu/springboot/web/IndexController.class]
2019-12-06 11:18:42.549 DEBUG 7503 --- [    Test worker] o.s.c.a.ClassPathBeanDefinitionScanner   : Identified candidate component class: file [/Users/govlmo91/IdeaProjects/jojoldubook/build/classes/java/main/kr/gracelove/jojoldu/springboot/web/PostsApiController.class]
2019-12-06 11:18:42.557 DEBUG 7503 --- [    Test worker] o.s.c.e.PropertySourcesPropertyResolver  : Found key 'spring.boot.enableautoconfiguration' in PropertySource 'configurationProperties' with value of type String
2019-12-06 11:18:42.590 DEBUG 7503 --- [    Test worker] o.s.c.e.PropertySourcesPropertyResolver  : Found key 'spring.test.mockmvc.secure' in PropertySource 'Annotations' with value of type Boolean
2019-12-06 11:18:42.592 DEBUG 7503 --- [    Test worker] o.s.b.f.s.DefaultListableBeanFactory     : Creating shared instance of singleton bean 'org.springframework.boot.autoconfigure.condition.BeanTypeRegistry'
2019-12-06 11:18:42.608 DEBUG 7503 --- [    Test worker] o.s.c.e.PropertySourcesPropertyResolver  : Found key 'spring.test.mockmvc.secure' in PropertySource 'Annotations' with value of type Boolean
2019-12-06 11:18:42.609 DEBUG 7503 --- [    Test worker] o.s.b.f.s.DefaultListableBeanFactory     : Creating shared instance of singleton bean 'org.springframework.boot.test.context.ImportsContextCustomizer$ImportsCleanupPostProcessor'
2019-12-06 11:18:42.610 DEBUG 7503 --- [    Test worker] o.s.b.f.s.DefaultListableBeanFactory     : Creating shared instance of singleton bean 'org.springframework.boot.test.mock.mockito.MockitoPostProcessor'
2019-12-06 11:18:42.611 DEBUG 7503 --- [    Test worker] o.s.b.f.s.DefaultListableBeanFactory     : Creating shared instance of singleton bean 'org.springframework.context.event.internalEventListenerProcessor'
2019-12-06 11:18:42.612 DEBUG 7503 --- [    Test worker] o.s.b.f.s.DefaultListableBeanFactory     : Creating shared instance of singleton bean 'org.springframework.data.jpa.domain.support.AuditingBeanFactoryPostProcessor'
2019-12-06 11:18:42.612 DEBUG 7503 --- [    Test worker] o.s.b.f.s.DefaultListableBeanFactory     : Creating shared instance of singleton bean 'org.springframework.boot.context.properties.ConfigurationBeanFactoryMetadata'
2019-12-06 11:18:42.612 DEBUG 7503 --- [    Test worker] o.s.b.f.s.DefaultListableBeanFactory     : Creating shared instance of singleton bean 'preserveErrorControllerTargetClassPostProcessor'
2019-12-06 11:18:42.612 DEBUG 7503 --- [    Test worker] o.s.b.f.s.DefaultListableBeanFactory     : Creating shared instance of singleton bean 'org.springframework.context.event.internalEventListenerFactory'
2019-12-06 11:18:42.613 DEBUG 7503 --- [    Test worker] o.s.b.f.s.DefaultListableBeanFactory     : Creating shared instance of singleton bean 'org.springframework.context.annotation.internalAutowiredAnnotationProcessor'
2019-12-06 11:18:42.614 DEBUG 7503 --- [    Test worker] o.s.b.f.s.DefaultListableBeanFactory     : Creating shared instance of singleton bean 'org.springframework.context.annotation.internalCommonAnnotationProcessor'
2019-12-06 11:18:42.614 DEBUG 7503 --- [    Test worker] o.s.b.f.s.DefaultListableBeanFactory     : Creating shared instance of singleton bean 'org.springframework.context.annotation.internalPersistenceAnnotationProcessor'
2019-12-06 11:18:42.614 DEBUG 7503 --- [    Test worker] o.s.b.f.s.DefaultListableBeanFactory     : Creating shared instance of singleton bean 'org.springframework.boot.test.mock.mockito.MockitoPostProcessor$SpyPostProcessor'
2019-12-06 11:18:42.614 DEBUG 7503 --- [    Test worker] o.s.b.f.s.DefaultListableBeanFactory     : Creating shared instance of singleton bean 'org.springframework.boot.context.properties.ConfigurationPropertiesBindingPostProcessor'
2019-12-06 11:18:42.615 DEBUG 7503 --- [    Test worker] o.s.b.f.s.DefaultListableBeanFactory     : Creating shared instance of singleton bean 'methodValidationPostProcessor'
2019-12-06 11:18:42.615 DEBUG 7503 --- [    Test worker] o.s.b.f.s.DefaultListableBeanFactory     : Autowiring by type from bean name 'methodValidationPostProcessor' via factory method to bean named 'environment'
2019-12-06 11:18:42.621 DEBUG 7503 --- [    Test worker] o.s.b.f.s.DefaultListableBeanFactory     : Creating shared instance of singleton bean 'projectingArgumentResolverBeanPostProcessor'
2019-12-06 11:18:42.623 DEBUG 7503 --- [    Test worker] o.s.u.c.s.UiApplicationContextUtils      : Unable to locate ThemeSource with name 'themeSource': using default [org.springframework.ui.context.support.ResourceBundleThemeSource@678aef21]
2019-12-06 11:18:42.624 DEBUG 7503 --- [    Test worker] o.s.b.f.s.DefaultListableBeanFactory     : Creating shared instance of singleton bean 'application'
2019-12-06 11:18:42.626 DEBUG 7503 --- [    Test worker] o.s.b.f.s.DefaultListableBeanFactory     : Creating shared instance of singleton bean 'helloController'
2019-12-06 11:18:42.627 DEBUG 7503 --- [    Test worker] o.s.b.f.s.DefaultListableBeanFactory     : Creating shared instance of singleton bean 'indexController'
2019-12-06 11:18:42.628 DEBUG 7503 --- [    Test worker] o.s.b.f.s.DefaultListableBeanFactory     : Creating shared instance of singleton bean 'postsApiController'
2019-12-06 11:18:42.629  WARN 7503 --- [    Test worker] o.s.w.c.s.GenericWebApplicationContext   : Exception encountered during context initialization - cancelling refresh attempt: org.springframework.beans.factory.UnsatisfiedDependencyException: Error creating bean with name 'postsApiController' defined in file [/Users/govlmo91/IdeaProjects/jojoldubook/build/classes/java/main/kr/gracelove/jojoldu/springboot/web/PostsApiController.class]: Unsatisfied dependency expressed through constructor parameter 0; nested exception is org.springframework.beans.factory.NoSuchBeanDefinitionException: No qualifying bean of type 'kr.gracelove.jojoldu.springboot.service.posts.PostsService' available: expected at least 1 bean which qualifies as autowire candidate. Dependency annotations: {}
2019-12-06 11:18:42.629 DEBUG 7503 --- [    Test worker] .c.l.ClasspathLoggingApplicationListener : Application failed to start with classpath: [file:/Users/govlmo91/.gradle/caches/5.5.1/workerMain/gradle-worker.jar, file:/Users/govlmo91/IdeaProjects/jojoldubook/build/classes/java/test/, file:/Users/govlmo91/IdeaProjects/jojoldubook/build/resources/test, file:/Users/govlmo91/IdeaProjects/jojoldubook/build/classes/java/main/, file:/Users/govlmo91/IdeaProjects/jojoldubook/build/resources/main/, file:/Users/govlmo91/.gradle/caches/modules-2/files-2.1/org.springframework.boot/spring-boot-starter-mustache/2.1.7.RELEASE/c52b1725d81a61eac91af3196a65c17adef75357/spring-boot-starter-mustache-2.1.7.RELEASE.jar, file:/Users/govlmo91/.gradle/caches/modules-2/files-2.1/org.projectlombok/lombok/1.18.8/448003bc1b234aac04b58e27d7755c12c3ec4236/lombok-1.18.8.jar, file:/Users/govlmo91/.gradle/caches/modules-2/files-2.1/org.springframework.boot/spring-boot-starter-web/2.1.7.RELEASE/fa43baf40bde3ecdb93ac9c545dd39f82ab29c35/spring-boot-starter-web-2.1.7.RELEASE.jar, file:/Users/govlmo91/.gradle/caches/modules-2/files-2.1/org.springframework.boot/spring-boot-starter-data-jpa/2.1.7.RELEASE/5e4a5d5442f32f5e12b36674a620ec57b0b66c6e/spring-boot-starter-data-jpa-2.1.7.RELEASE.jar, file:/Users/govlmo91/.gradle/caches/modules-2/files-2.1/com.h2database/h2/1.4.199/7bf08152984ed8859740ae3f97fae6c72771ae45/h2-1.4.199.jar, file:/Users/govlmo91/.gradle/caches/modules-2/files-2.1/org.springframework.boot/spring-boot-starter-test/2.1.7.RELEASE/39e82379a28c217ab892eb00ef601dc0571f56a4/spring-boot-starter-test-2.1.7.RELEASE.jar, file:/Users/govlmo91/.gradle/caches/modules-2/files-2.1/org.springframework.boot/spring-boot-starter-json/2.1.7.RELEASE/9c12f046a7c4ae110d89163a491ad0d7cf036e79/spring-boot-starter-json-2.1.7.RELEASE.jar, file:/Users/govlmo91/.gradle/caches/modules-2/files-2.1/org.springframework.boot/spring-boot-starter-aop/2.1.7.RELEASE/4577d056af1f823bb7730c99f43c3268dd697310/spring-boot-starter-aop-2.1.7.RELEASE.jar, file:/Users/govlmo91/.gradle/caches/modules-2/files-2.1/org.springframework.boot/spring-boot-starter-jdbc/2.1.7.RELEASE/3ea97a134b44a886ff529215e7bec04bfd93fa5b/spring-boot-starter-jdbc-2.1.7.RELEASE.jar, file:/Users/govlmo91/.gradle/caches/modules-2/files-2.1/org.springframework.boot/spring-boot-starter/2.1.7.RELEASE/e23f4e9460e0e2220b444e40fc7fd6e95f66e0fe/spring-boot-starter-2.1.7.RELEASE.jar, file:/Users/govlmo91/.gradle/caches/modules-2/files-2.1/com.samskivert/jmustache/1.14/495441daa241e5f48d555597fffa2b1dfc8c60d1/jmustache-1.14.jar, file:/Users/govlmo91/.gradle/caches/modules-2/files-2.1/org.springframework.boot/spring-boot-starter-tomcat/2.1.7.RELEASE/11f2a86aefefba72a4efe5ff18f4165a4b4e78b/spring-boot-starter-tomcat-2.1.7.RELEASE.jar, file:/Users/govlmo91/.gradle/caches/modules-2/files-2.1/org.hibernate.validator/hibernate-validator/6.0.17.Final/af73055fc4a103ab347c56e7da5a143d68a0170/hibernate-validator-6.0.17.Final.jar, file:/Users/govlmo91/.gradle/caches/modules-2/files-2.1/org.springframework/spring-webmvc/5.1.9.RELEASE/b9d4a2140488f0e6f9aa231e7938ae18da77b637/spring-webmvc-5.1.9.RELEASE.jar, file:/Users/govlmo91/.gradle/caches/modules-2/files-2.1/org.springframework/spring-web/5.1.9.RELEASE/9fe4390420fdd0b63dc4ed90d9027dafa9f74f80/spring-web-5.1.9.RELEASE.jar, file:/Users/govlmo91/.gradle/caches/modules-2/files-2.1/javax.transaction/javax.transaction-api/1.3/e006adf5cf3cca2181d16bd640ecb80148ec0fce/javax.transaction-api-1.3.jar, file:/Users/govlmo91/.gradle/caches/modules-2/files-2.1/javax.xml.bind/jaxb-api/2.3.1/8531ad5ac454cc2deb9d4d32c40c4d7451939b5d/jaxb-api-2.3.1.jar, file:/Users/govlmo91/.gradle/caches/modules-2/files-2.1/org.hibernate/hibernate-core/5.3.10.Final/e608b854325005edbf43cb2b6041fdafd3f2eb57/hibernate-core-5.3.10.Final.jar, file:/Users/govlmo91/.gradle/caches/modules-2/files-2.1/org.springframework.data/spring-data-jpa/2.1.10.RELEASE/12639406aa28c3a5195a1a4c9077fe562f54bc31/spring-data-jpa-2.1.10.RELEASE.jar, file:/Users/govlmo91/.gradle/caches/modules-2/files-2.1/org.springframework/spring-aspects/5.1.9.RELEASE/a8aec853c345ed54a99627cee9f755ce7dbb734/spring-aspects-5.1.9.RELEASE.jar, file:/Users/govlmo91/.gradle/caches/modules-2/files-2.1/org.springframework.boot/spring-boot-test-autoconfigure/2.1.7.RELEASE/8c9847259e14419d2bcc4eed26bcf48dc56686ef/spring-boot-test-autoconfigure-2.1.7.RELEASE.jar, file:/Users/govlmo91/.gradle/caches/modules-2/files-2.1/org.springframework.boot/spring-boot-test/2.1.7.RELEASE/70ed88830a08e8baa0b562090168fdba0e92810/spring-boot-test-2.1.7.RELEASE.jar, file:/Users/govlmo91/.gradle/caches/modules-2/files-2.1/com.jayway.jsonpath/json-path/2.4.0/765a4401ceb2dc8d40553c2075eb80a8fa35c2ae/json-path-2.4.0.jar, file:/Users/govlmo91/.gradle/caches/modules-2/files-2.1/junit/junit/4.12/2973d150c0dc1fefe998f834810d68f278ea58ec/junit-4.12.jar, file:/Users/govlmo91/.gradle/caches/modules-2/files-2.1/org.assertj/assertj-core/3.11.1/fdac3217b804d6900fa3650f17b5cb48e620b140/assertj-core-3.11.1.jar, file:/Users/govlmo91/.gradle/caches/modules-2/files-2.1/org.mockito/mockito-core/2.23.4/a35b6f8ffcfa786771eac7d7d903429e790fdf3f/mockito-core-2.23.4.jar, file:/Users/govlmo91/.gradle/caches/modules-2/files-2.1/org.hamcrest/hamcrest-library/1.3/4785a3c21320980282f9f33d0d1264a69040538f/hamcrest-library-1.3.jar, file:/Users/govlmo91/.gradle/caches/modules-2/files-2.1/org.hamcrest/hamcrest-core/1.3/42a25dc3219429f0e5d060061f71acb49bf010a0/hamcrest-core-1.3.jar, file:/Users/govlmo91/.gradle/caches/modules-2/files-2.1/org.skyscreamer/jsonassert/1.5.0/6c9d5fe2f59da598d9aefc1cfc6528ff3cf32df3/jsonassert-1.5.0.jar, file:/Users/govlmo91/.gradle/caches/modules-2/files-2.1/org.springframework/spring-test/5.1.9.RELEASE/653fa9de816677b3318e7058af54e7ee56866b09/spring-test-5.1.9.RELEASE.jar, file:/Users/govlmo91/.gradle/caches/modules-2/files-2.1/org.springframework.boot/spring-boot-autoconfigure/2.1.7.RELEASE/2c9d3e2c6ea3cb435e99e2973009636b62a9d816/spring-boot-autoconfigure-2.1.7.RELEASE.jar, file:/Users/govlmo91/.gradle/caches/modules-2/files-2.1/org.springframework.boot/spring-boot/2.1.7.RELEASE/1599a2ad1fc6d36dbfc2a7c0dd5dab3a0bb27c61/spring-boot-2.1.7.RELEASE.jar, file:/Users/govlmo91/.gradle/caches/modules-2/files-2.1/org.springframework/spring-context/5.1.9.RELEASE/c37f8fe15a5ae4ea1f351bd46167fd492a84eefa/spring-context-5.1.9.RELEASE.jar, file:/Users/govlmo91/.gradle/caches/modules-2/files-2.1/org.springframework/spring-aop/5.1.9.RELEASE/bc2312ffad02251b9d472e4a7c0e472a58f50fbf/spring-aop-5.1.9.RELEASE.jar, file:/Users/govlmo91/.gradle/caches/modules-2/files-2.1/org.springframework/spring-orm/5.1.9.RELEASE/220169d217f7114706141fc0afba425a5b368dce/spring-orm-5.1.9.RELEASE.jar, file:/Users/govlmo91/.gradle/caches/modules-2/files-2.1/org.springframework/spring-jdbc/5.1.9.RELEASE/3fd70356ba8d7c00c4081c1a207766352624414e/spring-jdbc-5.1.9.RELEASE.jar, file:/Users/govlmo91/.gradle/caches/modules-2/files-2.1/org.springframework.data/spring-data-commons/2.1.10.RELEASE/c73a76070181b59b19df6893e1ca729263a69b47/spring-data-commons-2.1.10.RELEASE.jar, file:/Users/govlmo91/.gradle/caches/modules-2/files-2.1/org.springframework/spring-tx/5.1.9.RELEASE/a9125e2c8eeb193030f3972c6293616943c55ef2/spring-tx-5.1.9.RELEASE.jar, file:/Users/govlmo91/.gradle/caches/modules-2/files-2.1/org.springframework/spring-beans/5.1.9.RELEASE/5a03b3983108d73978aec2fa3e681aedad6782c/spring-beans-5.1.9.RELEASE.jar, file:/Users/govlmo91/.gradle/caches/modules-2/files-2.1/org.springframework/spring-expression/5.1.9.RELEASE/db3a2468c1b7d697ec3b3ec6e5652dc282994fe3/spring-expression-5.1.9.RELEASE.jar, file:/Users/govlmo91/.gradle/caches/modules-2/files-2.1/org.springframework/spring-core/5.1.9.RELEASE/dc3815439579b4fa0c19970e6b8e5d774af8d988/spring-core-5.1.9.RELEASE.jar, file:/Users/govlmo91/.gradle/caches/modules-2/files-2.1/org.xmlunit/xmlunit-core/2.6.3/cdb208320aed4a7b94fb236cfbf91aeb6d0ede14/xmlunit-core-2.6.3.jar, file:/Users/govlmo91/.gradle/caches/modules-2/files-2.1/org.springframework.boot/spring-boot-starter-logging/2.1.7.RELEASE/6e829f739992a7f368c0af44a08ed89ad2a1972f/spring-boot-starter-logging-2.1.7.RELEASE.jar, file:/Users/govlmo91/.gradle/caches/modules-2/files-2.1/javax.annotation/javax.annotation-api/1.3.2/934c04d3cfef185a8008e7bf34331b79730a9d43/javax.annotation-api-1.3.2.jar, file:/Users/govlmo91/.gradle/caches/modules-2/files-2.1/org.yaml/snakeyaml/1.23/ec62d74fe50689c28c0ff5b35d3aebcaa8b5be68/snakeyaml-1.23.jar, file:/Users/govlmo91/.gradle/caches/modules-2/files-2.1/com.fasterxml.jackson.datatype/jackson-datatype-jdk8/2.9.9/4b04126963103216c9c43b0f34bbc36315654204/jackson-datatype-jdk8-2.9.9.jar, file:/Users/govlmo91/.gradle/caches/modules-2/files-2.1/com.fasterxml.jackson.datatype/jackson-datatype-jsr310/2.9.9/a33df137557793b0404a486888dbe049f7abeeeb/jackson-datatype-jsr310-2.9.9.jar, file:/Users/govlmo91/.gradle/caches/modules-2/files-2.1/com.fasterxml.jackson.module/jackson-module-parameter-names/2.9.9/a92facb55a2538e7b2fe14294570a18b823ad431/jackson-module-parameter-names-2.9.9.jar, file:/Users/govlmo91/.gradle/caches/modules-2/files-2.1/com.fasterxml.jackson.core/jackson-databind/2.9.9/d6eb9817d9c7289a91f043ac5ee02a6b3cc86238/jackson-databind-2.9.9.jar, file:/Users/govlmo91/.gradle/caches/modules-2/files-2.1/org.apache.tomcat.embed/tomcat-embed-websocket/9.0.22/45974d3443cc15ad9d10239d762d5e15759e6364/tomcat-embed-websocket-9.0.22.jar, file:/Users/govlmo91/.gradle/caches/modules-2/files-2.1/org.apache.tomcat.embed/tomcat-embed-core/9.0.22/79f39903498b28adacb18fe2ea046edd306295a6/tomcat-embed-core-9.0.22.jar, file:/Users/govlmo91/.gradle/caches/modules-2/files-2.1/org.apache.tomcat.embed/tomcat-embed-el/9.0.22/4da4b778b635a7e78ca7cd7288253e2e47b88a9f/tomcat-embed-el-9.0.22.jar, file:/Users/govlmo91/.gradle/caches/modules-2/files-2.1/javax.validation/validation-api/2.0.1.Final/cb855558e6271b1b32e716d24cb85c7f583ce09e/validation-api-2.0.1.Final.jar, file:/Users/govlmo91/.gradle/caches/modules-2/files-2.1/org.hibernate.common/hibernate-commons-annotations/5.0.4.Final/965a18fdf939ee75e41f7918532d37b3a8350535/hibernate-commons-annotations-5.0.4.Final.jar, file:/Users/govlmo91/.gradle/caches/modules-2/files-2.1/org.jboss.logging/jboss-logging/3.3.2.Final/3789d00e859632e6c6206adc0c71625559e6e3b0/jboss-logging-3.3.2.Final.jar, file:/Users/govlmo91/.gradle/caches/modules-2/files-2.1/com.fasterxml/classmate/1.4.0/291658ac2ce2476256c7115943652c0accb5c857/classmate-1.4.0.jar, file:/Users/govlmo91/.gradle/caches/modules-2/files-2.1/org.aspectj/aspectjweaver/1.9.4/9205229878f3d62fbd3a32a0fb6be2d6ad8589a9/aspectjweaver-1.9.4.jar, file:/Users/govlmo91/.gradle/caches/modules-2/files-2.1/com.zaxxer/HikariCP/3.2.0/6c66db1c636ee90beb4c65fe34abd8ba9396bca6/HikariCP-3.2.0.jar, file:/Users/govlmo91/.gradle/caches/modules-2/files-2.1/javax.activation/javax.activation-api/1.2.0/85262acf3ca9816f9537ca47d5adeabaead7cb16/javax.activation-api-1.2.0.jar, file:/Users/govlmo91/.gradle/caches/modules-2/files-2.1/javax.persistence/javax.persistence-api/2.2/25665ac8c0b62f50e6488173233239120fc52c96/javax.persistence-api-2.2.jar, file:/Users/govlmo91/.gradle/caches/modules-2/files-2.1/org.javassist/javassist/3.23.2-GA/c5afe660a95e87ceb518e4f5cf02f5c56b547683/javassist-3.23.2-GA.jar, file:/Users/govlmo91/.gradle/caches/modules-2/files-2.1/net.bytebuddy/byte-buddy/1.9.16/e7d63009be7b87ff1f15b72e5b8c59c897a8d8bd/byte-buddy-1.9.16.jar, file:/Users/govlmo91/.gradle/caches/modules-2/files-2.1/antlr/antlr/2.7.7/83cd2cd674a217ade95a4bb83a8a14f351f48bd0/antlr-2.7.7.jar, file:/Users/govlmo91/.gradle/caches/modules-2/files-2.1/org.jboss/jandex/2.0.5.Final/7060f67764565b9ee9d467e3ed0cb8a9c601b23a/jandex-2.0.5.Final.jar, file:/Users/govlmo91/.gradle/caches/modules-2/files-2.1/org.dom4j/dom4j/2.1.1/3dce5dbb3571aa820c677fadd8349bfa8f00c199/dom4j-2.1.1.jar, file:/Users/govlmo91/.gradle/caches/modules-2/files-2.1/ch.qos.logback/logback-classic/1.2.3/7c4f3c474fb2c041d8028740440937705ebb473a/logback-classic-1.2.3.jar, file:/Users/govlmo91/.gradle/caches/modules-2/files-2.1/org.apache.logging.log4j/log4j-to-slf4j/2.11.2/6d37bf7b046c0ce2669f26b99365a2cfa45c4c18/log4j-to-slf4j-2.11.2.jar, file:/Users/govlmo91/.gradle/caches/modules-2/files-2.1/org.slf4j/jul-to-slf4j/1.7.26/8031352b2bb0a49e67818bf04c027aa92e645d5c/jul-to-slf4j-1.7.26.jar, file:/Users/govlmo91/.gradle/caches/modules-2/files-2.1/org.slf4j/slf4j-api/1.7.26/77100a62c2e6f04b53977b9f541044d7d722693d/slf4j-api-1.7.26.jar, file:/Users/govlmo91/.gradle/caches/modules-2/files-2.1/net.minidev/json-smart/2.3/7396407491352ce4fa30de92efb158adb76b5b/json-smart-2.3.jar, file:/Users/govlmo91/.gradle/caches/modules-2/files-2.1/net.bytebuddy/byte-buddy-agent/1.9.16/fd213511a0a845632456f636e576d24c2d6ac3bc/byte-buddy-agent-1.9.16.jar, file:/Users/govlmo91/.gradle/caches/modules-2/files-2.1/org.objenesis/objenesis/2.6/639033469776fd37c08358c6b92a4761feb2af4b/objenesis-2.6.jar, file:/Users/govlmo91/.gradle/caches/modules-2/files-2.1/com.vaadin.external.google/android-json/0.0.20131108.vaadin1/fa26d351fe62a6a17f5cda1287c1c6110dec413f/android-json-0.0.20131108.vaadin1.jar, file:/Users/govlmo91/.gradle/caches/modules-2/files-2.1/org.springframework/spring-jcl/5.1.9.RELEASE/7c372790c999777d20f364960cf557dd74f890cf/spring-jcl-5.1.9.RELEASE.jar, file:/Users/govlmo91/.gradle/caches/modules-2/files-2.1/com.fasterxml.jackson.core/jackson-annotations/2.9.0/7c10d545325e3a6e72e06381afe469fd40eb701/jackson-annotations-2.9.0.jar, file:/Users/govlmo91/.gradle/caches/modules-2/files-2.1/com.fasterxml.jackson.core/jackson-core/2.9.9/bfff5af9fb8347d26bbb7959cb9b4fe9a2b0ca5e/jackson-core-2.9.9.jar, file:/Users/govlmo91/.gradle/caches/modules-2/files-2.1/net.minidev/accessors-smart/1.2/c592b500269bfde36096641b01238a8350f8aa31/accessors-smart-1.2.jar, file:/Users/govlmo91/.gradle/caches/modules-2/files-2.1/ch.qos.logback/logback-core/1.2.3/864344400c3d4d92dfeb0a305dc87d953677c03c/logback-core-1.2.3.jar, file:/Users/govlmo91/.gradle/caches/modules-2/files-2.1/org.apache.logging.log4j/log4j-api/2.11.2/f5e9a2ffca496057d6891a3de65128efc636e26e/log4j-api-2.11.2.jar, file:/Users/govlmo91/.gradle/caches/modules-2/files-2.1/org.ow2.asm/asm/5.0.4/da08b8cce7bbf903602a25a3a163ae252435795/asm-5.0.4.jar]
2019-12-06 11:18:42.631 DEBUG 7503 --- [    Test worker] ConditionEvaluationReportLoggingListener : 


============================
CONDITIONS EVALUATION REPORT
============================


Positive matches:
-----------------

   ErrorMvcAutoConfiguration matched:
      - @ConditionalOnClass found required classes 'javax.servlet.Servlet', 'org.springframework.web.servlet.DispatcherServlet' (OnClassCondition)
      - found 'session' scope (OnWebApplicationCondition)

   ErrorMvcAutoConfiguration#basicErrorController matched:
      - @ConditionalOnMissingBean (types: org.springframework.boot.web.servlet.error.ErrorController; SearchStrategy: current) did not find any beans (OnBeanCondition)

   ErrorMvcAutoConfiguration#errorAttributes matched:
      - @ConditionalOnMissingBean (types: org.springframework.boot.web.servlet.error.ErrorAttributes; SearchStrategy: current) did not find any beans (OnBeanCondition)

   ErrorMvcAutoConfiguration.WhitelabelErrorViewConfiguration matched:
      - @ConditionalOnProperty (server.error.whitelabel.enabled) matched (OnPropertyCondition)
      - ErrorTemplate Missing did not find error template view (ErrorMvcAutoConfiguration.ErrorTemplateMissingCondition)

   ErrorMvcAutoConfiguration.WhitelabelErrorViewConfiguration#beanNameViewResolver matched:
      - @ConditionalOnMissingBean (types: org.springframework.web.servlet.view.BeanNameViewResolver; SearchStrategy: all) did not find any beans (OnBeanCondition)

   ErrorMvcAutoConfiguration.WhitelabelErrorViewConfiguration#defaultErrorView matched:
      - @ConditionalOnMissingBean (names: error; SearchStrategy: all) did not find any beans (OnBeanCondition)

   HttpMessageConvertersAutoConfiguration matched:
      - @ConditionalOnClass found required class 'org.springframework.http.converter.HttpMessageConverter' (OnClassCondition)

   HttpMessageConvertersAutoConfiguration#messageConverters matched:
      - @ConditionalOnMissingBean (types: org.springframework.boot.autoconfigure.http.HttpMessageConverters; SearchStrategy: all) did not find any beans (OnBeanCondition)

   HttpMessageConvertersAutoConfiguration.StringHttpMessageConverterConfiguration matched:
      - @ConditionalOnClass found required class 'org.springframework.http.converter.StringHttpMessageConverter' (OnClassCondition)

   HttpMessageConvertersAutoConfiguration.StringHttpMessageConverterConfiguration#stringHttpMessageConverter matched:
      - @ConditionalOnMissingBean (types: org.springframework.http.converter.StringHttpMessageConverter; SearchStrategy: all) did not find any beans (OnBeanCondition)

   JacksonAutoConfiguration matched:
      - @ConditionalOnClass found required class 'com.fasterxml.jackson.databind.ObjectMapper' (OnClassCondition)

   JacksonAutoConfiguration.Jackson2ObjectMapperBuilderCustomizerConfiguration matched:
      - @ConditionalOnClass found required class 'org.springframework.http.converter.json.Jackson2ObjectMapperBuilder' (OnClassCondition)

   JacksonAutoConfiguration.JacksonObjectMapperBuilderConfiguration matched:
      - @ConditionalOnClass found required class 'org.springframework.http.converter.json.Jackson2ObjectMapperBuilder' (OnClassCondition)

   JacksonAutoConfiguration.JacksonObjectMapperBuilderConfiguration#jacksonObjectMapperBuilder matched:
      - @ConditionalOnMissingBean (types: org.springframework.http.converter.json.Jackson2ObjectMapperBuilder; SearchStrategy: all) did not find any beans (OnBeanCondition)

   JacksonAutoConfiguration.JacksonObjectMapperConfiguration matched:
      - @ConditionalOnClass found required class 'org.springframework.http.converter.json.Jackson2ObjectMapperBuilder' (OnClassCondition)

   JacksonAutoConfiguration.JacksonObjectMapperConfiguration#jacksonObjectMapper matched:
      - @ConditionalOnMissingBean (types: com.fasterxml.jackson.databind.ObjectMapper; SearchStrategy: all) did not find any beans (OnBeanCondition)

   JacksonAutoConfiguration.ParameterNamesModuleConfiguration matched:
      - @ConditionalOnClass found required class 'com.fasterxml.jackson.module.paramnames.ParameterNamesModule' (OnClassCondition)

   JacksonAutoConfiguration.ParameterNamesModuleConfiguration#parameterNamesModule matched:
      - @ConditionalOnMissingBean (types: com.fasterxml.jackson.module.paramnames.ParameterNamesModule; SearchStrategy: all) did not find any beans (OnBeanCondition)

   JacksonHttpMessageConvertersConfiguration.MappingJackson2HttpMessageConverterConfiguration matched:
      - @ConditionalOnClass found required class 'com.fasterxml.jackson.databind.ObjectMapper' (OnClassCondition)
      - @ConditionalOnProperty (spring.http.converters.preferred-json-mapper=jackson) matched (OnPropertyCondition)
      - @ConditionalOnBean (types: com.fasterxml.jackson.databind.ObjectMapper; SearchStrategy: all) found bean 'jacksonObjectMapper' (OnBeanCondition)

   JacksonHttpMessageConvertersConfiguration.MappingJackson2HttpMessageConverterConfiguration#mappingJackson2HttpMessageConverter matched:
      - @ConditionalOnMissingBean (types: org.springframework.http.converter.json.MappingJackson2HttpMessageConverter; SearchStrategy: all) did not find any beans (OnBeanCondition)

   MockMvcAutoConfiguration matched:
      - found 'session' scope (OnWebApplicationCondition)

   MockMvcAutoConfiguration#dispatcherServlet matched:
      - @ConditionalOnMissingBean (types: org.springframework.web.servlet.DispatcherServlet; SearchStrategy: all) did not find any beans (OnBeanCondition)

   MockMvcAutoConfiguration#dispatcherServletPath matched:
      - @ConditionalOnMissingBean (types: org.springframework.boot.autoconfigure.web.servlet.DispatcherServletPath; SearchStrategy: all) did not find any beans (OnBeanCondition)

   MockMvcAutoConfiguration#mockMvc matched:
      - @ConditionalOnMissingBean (types: org.springframework.test.web.servlet.MockMvc; SearchStrategy: all) did not find any beans (OnBeanCondition)

   MockMvcAutoConfiguration#mockMvcBuilder matched:
      - @ConditionalOnMissingBean (types: org.springframework.test.web.servlet.MockMvcBuilder; SearchStrategy: all) did not find any beans (OnBeanCondition)

   MockMvcSecurityAutoConfiguration matched:
      - @ConditionalOnProperty (spring.test.mockmvc.secure=true) matched (OnPropertyCondition)

   MustacheAutoConfiguration matched:
      - @ConditionalOnClass found required class 'com.samskivert.mustache.Mustache' (OnClassCondition)

   MustacheAutoConfiguration#mustacheCompiler matched:
      - @ConditionalOnMissingBean (types: com.samskivert.mustache.Mustache$Compiler; SearchStrategy: all) did not find any beans (OnBeanCondition)

   MustacheAutoConfiguration#mustacheTemplateLoader matched:
      - @ConditionalOnMissingBean (types: com.samskivert.mustache.Mustache$TemplateLoader; SearchStrategy: all) did not find any beans (OnBeanCondition)

   MustacheServletWebConfiguration matched:
      - found 'session' scope (OnWebApplicationCondition)

   MustacheServletWebConfiguration#mustacheViewResolver matched:
      - @ConditionalOnMissingBean (types: org.springframework.boot.web.servlet.view.MustacheViewResolver; SearchStrategy: all) did not find any beans (OnBeanCondition)

   NoOpCacheConfiguration matched:
      - Cache org.springframework.boot.autoconfigure.cache.NoOpCacheConfiguration NONE cache type (CacheCondition)

   SpringDataWebAutoConfiguration matched:
      - @ConditionalOnClass found required classes 'org.springframework.data.web.PageableHandlerMethodArgumentResolver', 'org.springframework.web.servlet.config.annotation.WebMvcConfigurer' (OnClassCondition)
      - found 'session' scope (OnWebApplicationCondition)
      - @ConditionalOnMissingBean (types: org.springframework.data.web.PageableHandlerMethodArgumentResolver; SearchStrategy: all) did not find any beans (OnBeanCondition)

   SpringDataWebAutoConfiguration#pageableCustomizer matched:
      - @ConditionalOnMissingBean (types: org.springframework.data.web.config.PageableHandlerMethodArgumentResolverCustomizer; SearchStrategy: all) did not find any beans (OnBeanCondition)

   SpringDataWebAutoConfiguration#sortCustomizer matched:
      - @ConditionalOnMissingBean (types: org.springframework.data.web.config.SortHandlerMethodArgumentResolverCustomizer; SearchStrategy: all) did not find any beans (OnBeanCondition)

   TaskExecutionAutoConfiguration matched:
      - @ConditionalOnClass found required class 'org.springframework.scheduling.concurrent.ThreadPoolTaskExecutor' (OnClassCondition)

   TaskExecutionAutoConfiguration#applicationTaskExecutor matched:
      - @ConditionalOnMissingBean (types: java.util.concurrent.Executor; SearchStrategy: all) did not find any beans (OnBeanCondition)

   TaskExecutionAutoConfiguration#taskExecutorBuilder matched:
      - @ConditionalOnMissingBean (types: org.springframework.boot.task.TaskExecutorBuilder; SearchStrategy: all) did not find any beans (OnBeanCondition)

   ValidationAutoConfiguration matched:
      - @ConditionalOnClass found required class 'javax.validation.executable.ExecutableValidator' (OnClassCondition)
      - @ConditionalOnResource found location classpath:META-INF/services/javax.validation.spi.ValidationProvider (OnResourceCondition)

   ValidationAutoConfiguration#defaultValidator matched:
      - @ConditionalOnMissingBean (types: javax.validation.Validator; SearchStrategy: all) did not find any beans (OnBeanCondition)

   ValidationAutoConfiguration#methodValidationPostProcessor matched:
      - @ConditionalOnMissingBean (types: org.springframework.validation.beanvalidation.MethodValidationPostProcessor; SearchStrategy: all) did not find any beans (OnBeanCondition)

   WebMvcAutoConfiguration matched:
      - @ConditionalOnClass found required classes 'javax.servlet.Servlet', 'org.springframework.web.servlet.DispatcherServlet', 'org.springframework.web.servlet.config.annotation.WebMvcConfigurer' (OnClassCondition)
      - found 'session' scope (OnWebApplicationCondition)
      - @ConditionalOnMissingBean (types: org.springframework.web.servlet.config.annotation.WebMvcConfigurationSupport; SearchStrategy: all) did not find any beans (OnBeanCondition)

   WebMvcAutoConfiguration#formContentFilter matched:
      - @ConditionalOnProperty (spring.mvc.formcontent.filter.enabled) matched (OnPropertyCondition)
      - @ConditionalOnMissingBean (types: org.springframework.web.filter.FormContentFilter; SearchStrategy: all) did not find any beans (OnBeanCondition)

   WebMvcAutoConfiguration#hiddenHttpMethodFilter matched:
      - @ConditionalOnProperty (spring.mvc.hiddenmethod.filter.enabled) matched (OnPropertyCondition)
      - @ConditionalOnMissingBean (types: org.springframework.web.filter.HiddenHttpMethodFilter; SearchStrategy: all) did not find any beans (OnBeanCondition)

   WebMvcAutoConfiguration.WebMvcAutoConfigurationAdapter#defaultViewResolver matched:
      - @ConditionalOnMissingBean (types: org.springframework.web.servlet.view.InternalResourceViewResolver; SearchStrategy: all) did not find any beans (OnBeanCondition)

   WebMvcAutoConfiguration.WebMvcAutoConfigurationAdapter#requestContextFilter matched:
      - @ConditionalOnMissingBean (types: org.springframework.web.context.request.RequestContextListener,org.springframework.web.filter.RequestContextFilter; SearchStrategy: all) did not find any beans (OnBeanCondition)

   WebMvcAutoConfiguration.WebMvcAutoConfigurationAdapter#viewResolver matched:
      - @ConditionalOnBean (types: org.springframework.web.servlet.ViewResolver; SearchStrategy: all) found beans 'defaultViewResolver', 'beanNameViewResolver', 'mvcViewResolver'; @ConditionalOnMissingBean (names: viewResolver; types: org.springframework.web.servlet.view.ContentNegotiatingViewResolver; SearchStrategy: all) did not find any beans (OnBeanCondition)

   WebMvcAutoConfiguration.WebMvcAutoConfigurationAdapter.FaviconConfiguration matched:
      - @ConditionalOnProperty (spring.mvc.favicon.enabled) matched (OnPropertyCondition)


Negative matches:
-----------------

   CacheAutoConfiguration:
      Did not match:
         - @ConditionalOnBean (types: org.springframework.cache.interceptor.CacheAspectSupport; SearchStrategy: all) did not find any beans of type org.springframework.cache.interceptor.CacheAspectSupport (OnBeanCondition)
      Matched:
         - @ConditionalOnClass found required class 'org.springframework.cache.CacheManager' (OnClassCondition)

   CacheAutoConfiguration.CacheManagerJpaDependencyConfiguration:
      Did not match:
         - Ancestor org.springframework.boot.autoconfigure.cache.CacheAutoConfiguration did not match (ConditionEvaluationReport.AncestorsMatchedCondition)
      Matched:
         - @ConditionalOnClass found required class 'org.springframework.orm.jpa.LocalContainerEntityManagerFactoryBean' (OnClassCondition)

   CaffeineCacheConfiguration:
      Did not match:
         - @ConditionalOnClass did not find required classes 'com.github.benmanes.caffeine.cache.Caffeine', 'org.springframework.cache.caffeine.CaffeineCacheManager' (OnClassCondition)

   CouchbaseCacheConfiguration:
      Did not match:
         - @ConditionalOnClass did not find required classes 'com.couchbase.client.java.Bucket', 'com.couchbase.client.spring.cache.CouchbaseCacheManager' (OnClassCondition)

   EhCacheCacheConfiguration:
      Did not match:
         - @ConditionalOnClass did not find required classes 'net.sf.ehcache.Cache', 'org.springframework.cache.ehcache.EhCacheCacheManager' (OnClassCondition)

   ErrorMvcAutoConfiguration.DefaultErrorViewResolverConfiguration#conventionErrorViewResolver:
      Did not match:
         - @ConditionalOnBean (types: org.springframework.web.servlet.DispatcherServlet; SearchStrategy: all) did not find any beans of type org.springframework.web.servlet.DispatcherServlet (OnBeanCondition)

   FreeMarkerAutoConfiguration:
      Did not match:
         - @ConditionalOnClass did not find required class 'freemarker.template.Configuration' (OnClassCondition)

   GenericCacheConfiguration:
      Did not match:
         - Cache org.springframework.boot.autoconfigure.cache.GenericCacheConfiguration unknown cache type (CacheCondition)

   GroovyTemplateAutoConfiguration:
      Did not match:
         - @ConditionalOnClass did not find required class 'groovy.text.markup.MarkupTemplateEngine' (OnClassCondition)

   GsonAutoConfiguration:
      Did not match:
         - @ConditionalOnClass did not find required class 'com.google.gson.Gson' (OnClassCondition)

   GsonHttpMessageConvertersConfiguration:
      Did not match:
         - @ConditionalOnClass did not find required class 'com.google.gson.Gson' (OnClassCondition)

   HazelcastCacheConfiguration:
      Did not match:
         - @ConditionalOnClass did not find required classes 'com.hazelcast.core.HazelcastInstance', 'com.hazelcast.spring.cache.HazelcastCacheManager' (OnClassCondition)

   HypermediaAutoConfiguration:
      Did not match:
         - @ConditionalOnClass did not find required class 'org.springframework.hateoas.Resource' (OnClassCondition)

   InfinispanCacheConfiguration:
      Did not match:
         - @ConditionalOnClass did not find required class 'org.infinispan.spring.provider.SpringEmbeddedCacheManager' (OnClassCondition)

   JCacheCacheConfiguration:
      Did not match:
         - @ConditionalOnClass did not find required classes 'javax.cache.Caching', 'org.springframework.cache.jcache.JCacheCacheManager' (OnClassCondition)

   JacksonAutoConfiguration.JodaDateTimeJacksonConfiguration:
      Did not match:
         - @ConditionalOnClass did not find required classes 'org.joda.time.DateTime', 'com.fasterxml.jackson.datatype.joda.ser.DateTimeSerializer', 'com.fasterxml.jackson.datatype.joda.cfg.JacksonJodaDateFormat' (OnClassCondition)

   JacksonHttpMessageConvertersConfiguration.MappingJackson2XmlHttpMessageConverterConfiguration:
      Did not match:
         - @ConditionalOnClass did not find required class 'com.fasterxml.jackson.dataformat.xml.XmlMapper' (OnClassCondition)

   JsonbAutoConfiguration:
      Did not match:
         - @ConditionalOnClass did not find required class 'javax.json.bind.Jsonb' (OnClassCondition)

   JsonbHttpMessageConvertersConfiguration:
      Did not match:
         - @ConditionalOnClass did not find required class 'javax.json.bind.Jsonb' (OnClassCondition)

   MessageSourceAutoConfiguration:
      Did not match:
         - ResourceBundle did not find bundle with basename messages (MessageSourceAutoConfiguration.ResourceBundleCondition)

   MockMvcSecurityConfiguration:
      Did not match:
         - @ConditionalOnClass did not find required class 'org.springframework.security.test.web.servlet.request.SecurityMockMvcRequestPostProcessors' (OnClassCondition)

   MockMvcWebClientAutoConfiguration:
      Did not match:
         - @ConditionalOnClass did not find required class 'com.gargoylesoftware.htmlunit.WebClient' (OnClassCondition)

   MockMvcWebDriverAutoConfiguration:
      Did not match:
         - @ConditionalOnClass did not find required class 'org.openqa.selenium.htmlunit.HtmlUnitDriver' (OnClassCondition)

   MustacheReactiveWebConfiguration:
      Did not match:
         - did not find reactive web application classes (OnWebApplicationCondition)

   RedisCacheConfiguration:
      Did not match:
         - @ConditionalOnClass did not find required class 'org.springframework.data.redis.connection.RedisConnectionFactory' (OnClassCondition)

   SecurityAutoConfiguration:
      Did not match:
         - @ConditionalOnClass did not find required class 'org.springframework.security.authentication.DefaultAuthenticationEventPublisher' (OnClassCondition)

   SimpleCacheConfiguration:
      Did not match:
         - Cache org.springframework.boot.autoconfigure.cache.SimpleCacheConfiguration unknown cache type (CacheCondition)

   ThymeleafAutoConfiguration:
      Did not match:
         - @ConditionalOnClass did not find required class 'org.thymeleaf.spring5.SpringTemplateEngine' (OnClassCondition)

   UserDetailsServiceAutoConfiguration:
      Did not match:
         - @ConditionalOnClass did not find required class 'org.springframework.security.authentication.AuthenticationManager' (OnClassCondition)

   WebMvcAutoConfiguration.ResourceChainCustomizerConfiguration:
      Did not match:
         - @ConditionalOnEnabledResourceChain did not find class org.webjars.WebJarAssetLocator (OnEnabledResourceChainCondition)

   WebMvcAutoConfiguration.WebMvcAutoConfigurationAdapter#beanNameViewResolver:
      Did not match:
         - @ConditionalOnMissingBean (types: org.springframework.web.servlet.view.BeanNameViewResolver; SearchStrategy: all) found beans of type 'org.springframework.web.servlet.view.BeanNameViewResolver' beanNameViewResolver (OnBeanCondition)

   WebMvcAutoConfiguration.WebMvcAutoConfigurationAdapter#localeResolver:
      Did not match:
         - @ConditionalOnProperty (spring.mvc.locale) did not find property 'locale' (OnPropertyCondition)


Exclusions:
-----------

    None


Unconditional classes:
----------------------

    None



2019-12-06 11:18:42.645 DEBUG 7503 --- [    Test worker] o.s.b.d.LoggingFailureAnalysisReporter   : Application failed to start due to an exception

org.springframework.beans.factory.NoSuchBeanDefinitionException: No qualifying bean of type 'kr.gracelove.jojoldu.springboot.service.posts.PostsService' available: expected at least 1 bean which qualifies as autowire candidate. Dependency annotations: {}
	at org.springframework.beans.factory.support.DefaultListableBeanFactory.raiseNoMatchingBeanFound(DefaultListableBeanFactory.java:1658) ~[spring-beans-5.1.9.RELEASE.jar:5.1.9.RELEASE]
	at org.springframework.beans.factory.support.DefaultListableBeanFactory.doResolveDependency(DefaultListableBeanFactory.java:1217) ~[spring-beans-5.1.9.RELEASE.jar:5.1.9.RELEASE]
	at org.springframework.beans.factory.support.DefaultListableBeanFactory.resolveDependency(DefaultListableBeanFactory.java:1171) ~[spring-beans-5.1.9.RELEASE.jar:5.1.9.RELEASE]
	at org.springframework.beans.factory.support.ConstructorResolver.resolveAutowiredArgument(ConstructorResolver.java:857) ~[spring-beans-5.1.9.RELEASE.jar:5.1.9.RELEASE]
	at org.springframework.beans.factory.support.ConstructorResolver.createArgumentArray(ConstructorResolver.java:760) ~[spring-beans-5.1.9.RELEASE.jar:5.1.9.RELEASE]
	at org.springframework.beans.factory.support.ConstructorResolver.autowireConstructor(ConstructorResolver.java:218) ~[spring-beans-5.1.9.RELEASE.jar:5.1.9.RELEASE]
	at org.springframework.beans.factory.support.AbstractAutowireCapableBeanFactory.autowireConstructor(AbstractAutowireCapableBeanFactory.java:1341) ~[spring-beans-5.1.9.RELEASE.jar:5.1.9.RELEASE]
	at org.springframework.beans.factory.support.AbstractAutowireCapableBeanFactory.createBeanInstance(AbstractAutowireCapableBeanFactory.java:1187) ~[spring-beans-5.1.9.RELEASE.jar:5.1.9.RELEASE]
	at org.springframework.beans.factory.support.AbstractAutowireCapableBeanFactory.doCreateBean(AbstractAutowireCapableBeanFactory.java:555) ~[spring-beans-5.1.9.RELEASE.jar:5.1.9.RELEASE]
	at org.springframework.beans.factory.support.AbstractAutowireCapableBeanFactory.createBean(AbstractAutowireCapableBeanFactory.java:515) ~[spring-beans-5.1.9.RELEASE.jar:5.1.9.RELEASE]
	at org.springframework.beans.factory.support.AbstractBeanFactory.lambda$doGetBean$0(AbstractBeanFactory.java:320) ~[spring-beans-5.1.9.RELEASE.jar:5.1.9.RELEASE]
	at org.springframework.beans.factory.support.DefaultSingletonBeanRegistry.getSingleton(DefaultSingletonBeanRegistry.java:222) ~[spring-beans-5.1.9.RELEASE.jar:5.1.9.RELEASE]
	at org.springframework.beans.factory.support.AbstractBeanFactory.doGetBean(AbstractBeanFactory.java:318) ~[spring-beans-5.1.9.RELEASE.jar:5.1.9.RELEASE]
	at org.springframework.beans.factory.support.AbstractBeanFactory.getBean(AbstractBeanFactory.java:199) ~[spring-beans-5.1.9.RELEASE.jar:5.1.9.RELEASE]
	at org.springframework.beans.factory.support.DefaultListableBeanFactory.preInstantiateSingletons(DefaultListableBeanFactory.java:845) ~[spring-beans-5.1.9.RELEASE.jar:5.1.9.RELEASE]
	at org.springframework.context.support.AbstractApplicationContext.finishBeanFactoryInitialization(AbstractApplicationContext.java:877) ~[spring-context-5.1.9.RELEASE.jar:5.1.9.RELEASE]
	at org.springframework.context.support.AbstractApplicationContext.refresh(AbstractApplicationContext.java:549) ~[spring-context-5.1.9.RELEASE.jar:5.1.9.RELEASE]
	at org.springframework.boot.SpringApplication.refresh(SpringApplication.java:743) ~[spring-boot-2.1.7.RELEASE.jar:2.1.7.RELEASE]
	at org.springframework.boot.SpringApplication.refreshContext(SpringApplication.java:390) ~[spring-boot-2.1.7.RELEASE.jar:2.1.7.RELEASE]
	at org.springframework.boot.SpringApplication.run(SpringApplication.java:312) ~[spring-boot-2.1.7.RELEASE.jar:2.1.7.RELEASE]
	at org.springframework.boot.test.context.SpringBootContextLoader.loadContext(SpringBootContextLoader.java:120) [spring-boot-test-2.1.7.RELEASE.jar:2.1.7.RELEASE]
	at org.springframework.test.context.cache.DefaultCacheAwareContextLoaderDelegate.loadContextInternal(DefaultCacheAwareContextLoaderDelegate.java:99) [spring-test-5.1.9.RELEASE.jar:5.1.9.RELEASE]
	at org.springframework.test.context.cache.DefaultCacheAwareContextLoaderDelegate.loadContext(DefaultCacheAwareContextLoaderDelegate.java:117) [spring-test-5.1.9.RELEASE.jar:5.1.9.RELEASE]
	at org.springframework.test.context.support.DefaultTestContext.getApplicationContext(DefaultTestContext.java:108) [spring-test-5.1.9.RELEASE.jar:5.1.9.RELEASE]
	at org.springframework.boot.test.autoconfigure.SpringBootDependencyInjectionTestExecutionListener.outputConditionEvaluationReport(SpringBootDependencyInjectionTestExecutionListener.java:53) [spring-boot-test-autoconfigure-2.1.7.RELEASE.jar:2.1.7.RELEASE]
	at org.springframework.boot.test.autoconfigure.SpringBootDependencyInjectionTestExecutionListener.prepareTestInstance(SpringBootDependencyInjectionTestExecutionListener.java:46) [spring-boot-test-autoconfigure-2.1.7.RELEASE.jar:2.1.7.RELEASE]
	at org.springframework.test.context.TestContextManager.prepareTestInstance(TestContextManager.java:246) [spring-test-5.1.9.RELEASE.jar:5.1.9.RELEASE]
	at org.springframework.test.context.junit4.SpringJUnit4ClassRunner.createTest(SpringJUnit4ClassRunner.java:227) [spring-test-5.1.9.RELEASE.jar:5.1.9.RELEASE]
	at org.springframework.test.context.junit4.SpringJUnit4ClassRunner$1.runReflectiveCall(SpringJUnit4ClassRunner.java:289) [spring-test-5.1.9.RELEASE.jar:5.1.9.RELEASE]
	at org.junit.internal.runners.model.ReflectiveCallable.run(ReflectiveCallable.java:12) [junit-4.12.jar:4.12]
	at org.springframework.test.context.junit4.SpringJUnit4ClassRunner.methodBlock(SpringJUnit4ClassRunner.java:291) [spring-test-5.1.9.RELEASE.jar:5.1.9.RELEASE]
	at org.springframework.test.context.junit4.SpringJUnit4ClassRunner.runChild(SpringJUnit4ClassRunner.java:246) [spring-test-5.1.9.RELEASE.jar:5.1.9.RELEASE]
	at org.springframework.test.context.junit4.SpringJUnit4ClassRunner.runChild(SpringJUnit4ClassRunner.java:97) [spring-test-5.1.9.RELEASE.jar:5.1.9.RELEASE]
	at org.junit.runners.ParentRunner$3.run(ParentRunner.java:290) [junit-4.12.jar:4.12]
	at org.junit.runners.ParentRunner$1.schedule(ParentRunner.java:71) [junit-4.12.jar:4.12]
	at org.junit.runners.ParentRunner.runChildren(ParentRunner.java:288) [junit-4.12.jar:4.12]
	at org.junit.runners.ParentRunner.access$000(ParentRunner.java:58) [junit-4.12.jar:4.12]
	at org.junit.runners.ParentRunner$2.evaluate(ParentRunner.java:268) [junit-4.12.jar:4.12]
	at org.springframework.test.context.junit4.statements.RunBeforeTestClassCallbacks.evaluate(RunBeforeTestClassCallbacks.java:61) [spring-test-5.1.9.RELEASE.jar:5.1.9.RELEASE]
	at org.springframework.test.context.junit4.statements.RunAfterTestClassCallbacks.evaluate(RunAfterTestClassCallbacks.java:70) [spring-test-5.1.9.RELEASE.jar:5.1.9.RELEASE]
	at org.junit.runners.ParentRunner.run(ParentRunner.java:363) [junit-4.12.jar:4.12]
	at org.springframework.test.context.junit4.SpringJUnit4ClassRunner.run(SpringJUnit4ClassRunner.java:190) [spring-test-5.1.9.RELEASE.jar:5.1.9.RELEASE]
	at org.gradle.api.internal.tasks.testing.junit.JUnitTestClassExecutor.runTestClass(JUnitTestClassExecutor.java:110) [gradle-testing-jvm-5.5.1.jar:5.5.1]
	at org.gradle.api.internal.tasks.testing.junit.JUnitTestClassExecutor.execute(JUnitTestClassExecutor.java:58) [gradle-testing-jvm-5.5.1.jar:5.5.1]
	at org.gradle.api.internal.tasks.testing.junit.JUnitTestClassExecutor.execute(JUnitTestClassExecutor.java:38) [gradle-testing-jvm-5.5.1.jar:5.5.1]
	at org.gradle.api.internal.tasks.testing.junit.AbstractJUnitTestClassProcessor.processTestClass(AbstractJUnitTestClassProcessor.java:62) [gradle-testing-jvm-5.5.1.jar:5.5.1]
	at org.gradle.api.internal.tasks.testing.SuiteTestClassProcessor.processTestClass(SuiteTestClassProcessor.java:51) [gradle-testing-base-5.5.1.jar:5.5.1]
	at sun.reflect.NativeMethodAccessorImpl.invoke0(Native Method) ~[na:1.8.0_222]
	at sun.reflect.NativeMethodAccessorImpl.invoke(NativeMethodAccessorImpl.java:62) ~[na:1.8.0_222]
	at sun.reflect.DelegatingMethodAccessorImpl.invoke(DelegatingMethodAccessorImpl.java:43) ~[na:1.8.0_222]
	at java.lang.reflect.Method.invoke(Method.java:498) ~[na:1.8.0_222]
	at org.gradle.internal.dispatch.ReflectionDispatch.dispatch(ReflectionDispatch.java:35) [gradle-messaging-5.5.1.jar:5.5.1]
	at org.gradle.internal.dispatch.ReflectionDispatch.dispatch(ReflectionDispatch.java:24) [gradle-messaging-5.5.1.jar:5.5.1]
	at org.gradle.internal.dispatch.ContextClassLoaderDispatch.dispatch(ContextClassLoaderDispatch.java:32) [gradle-messaging-5.5.1.jar:5.5.1]
	at org.gradle.internal.dispatch.ProxyDispatchAdapter$DispatchingInvocationHandler.invoke(ProxyDispatchAdapter.java:93) [gradle-messaging-5.5.1.jar:5.5.1]
	at com.sun.proxy.$Proxy2.processTestClass(Unknown Source) [na:na]
	at org.gradle.api.internal.tasks.testing.worker.TestWorker.processTestClass(TestWorker.java:118) [gradle-testing-base-5.5.1.jar:5.5.1]
	at sun.reflect.NativeMethodAccessorImpl.invoke0(Native Method) ~[na:1.8.0_222]
	at sun.reflect.NativeMethodAccessorImpl.invoke(NativeMethodAccessorImpl.java:62) ~[na:1.8.0_222]
	at sun.reflect.DelegatingMethodAccessorImpl.invoke(DelegatingMethodAccessorImpl.java:43) ~[na:1.8.0_222]
	at java.lang.reflect.Method.invoke(Method.java:498) ~[na:1.8.0_222]
	at org.gradle.internal.dispatch.ReflectionDispatch.dispatch(ReflectionDispatch.java:35) [gradle-messaging-5.5.1.jar:5.5.1]
	at org.gradle.internal.dispatch.ReflectionDispatch.dispatch(ReflectionDispatch.java:24) [gradle-messaging-5.5.1.jar:5.5.1]
	at org.gradle.internal.remote.internal.hub.MessageHubBackedObjectConnection$DispatchWrapper.dispatch(MessageHubBackedObjectConnection.java:175) [gradle-messaging-5.5.1.jar:5.5.1]
	at org.gradle.internal.remote.internal.hub.MessageHubBackedObjectConnection$DispatchWrapper.dispatch(MessageHubBackedObjectConnection.java:157) [gradle-messaging-5.5.1.jar:5.5.1]
	at org.gradle.internal.remote.internal.hub.MessageHub$Handler.run(MessageHub.java:404) [gradle-messaging-5.5.1.jar:5.5.1]
	at org.gradle.internal.concurrent.ExecutorPolicy$CatchAndRecordFailures.onExecute(ExecutorPolicy.java:63) [gradle-base-services-5.5.1.jar:5.5.1]
	at org.gradle.internal.concurrent.ManagedExecutorImpl$1.run(ManagedExecutorImpl.java:46) [gradle-base-services-5.5.1.jar:5.5.1]
	at java.util.concurrent.ThreadPoolExecutor.runWorker(ThreadPoolExecutor.java:1149) [na:1.8.0_222]
	at java.util.concurrent.ThreadPoolExecutor$Worker.run(ThreadPoolExecutor.java:624) [na:1.8.0_222]
	at org.gradle.internal.concurrent.ThreadFactoryImpl$ManagedThreadRunnable.run(ThreadFactoryImpl.java:55) [gradle-base-services-5.5.1.jar:5.5.1]
	at java.lang.Thread.run(Thread.java:748) [na:1.8.0_222]

2019-12-06 11:18:42.646 ERROR 7503 --- [    Test worker] o.s.b.d.LoggingFailureAnalysisReporter   : 

***************************
APPLICATION FAILED TO START
***************************

Description:

Parameter 0 of constructor in kr.gracelove.jojoldu.springboot.web.PostsApiController required a bean of type 'kr.gracelove.jojoldu.springboot.service.posts.PostsService' that could not be found.


Action:

Consider defining a bean of type 'kr.gracelove.jojoldu.springboot.service.posts.PostsService' in your configuration.

2019-12-06 11:18:42.647 ERROR 7503 --- [    Test worker] o.s.test.context.TestContextManager      : Caught exception while allowing TestExecutionListener [org.springframework.boot.test.autoconfigure.SpringBootDependencyInjectionTestExecutionListener@74ed181f] to prepare test instance [kr.gracelove.jojoldu.springboot.web.HelloControllerTest@73a88593]

java.lang.IllegalStateException: Failed to load ApplicationContext
	at org.springframework.test.context.cache.DefaultCacheAwareContextLoaderDelegate.loadContext(DefaultCacheAwareContextLoaderDelegate.java:125) ~[spring-test-5.1.9.RELEASE.jar:5.1.9.RELEASE]
	at org.springframework.test.context.support.DefaultTestContext.getApplicationContext(DefaultTestContext.java:108) ~[spring-test-5.1.9.RELEASE.jar:5.1.9.RELEASE]
	at org.springframework.test.context.support.DependencyInjectionTestExecutionListener.injectDependencies(DependencyInjectionTestExecutionListener.java:118) ~[spring-test-5.1.9.RELEASE.jar:5.1.9.RELEASE]
	at org.springframework.test.context.support.DependencyInjectionTestExecutionListener.prepareTestInstance(DependencyInjectionTestExecutionListener.java:83) ~[spring-test-5.1.9.RELEASE.jar:5.1.9.RELEASE]
	at org.springframework.boot.test.autoconfigure.SpringBootDependencyInjectionTestExecutionListener.prepareTestInstance(SpringBootDependencyInjectionTestExecutionListener.java:43) ~[spring-boot-test-autoconfigure-2.1.7.RELEASE.jar:2.1.7.RELEASE]
	at org.springframework.test.context.TestContextManager.prepareTestInstance(TestContextManager.java:246) ~[spring-test-5.1.9.RELEASE.jar:5.1.9.RELEASE]
	at org.springframework.test.context.junit4.SpringJUnit4ClassRunner.createTest(SpringJUnit4ClassRunner.java:227) [spring-test-5.1.9.RELEASE.jar:5.1.9.RELEASE]
	at org.springframework.test.context.junit4.SpringJUnit4ClassRunner$1.runReflectiveCall(SpringJUnit4ClassRunner.java:289) [spring-test-5.1.9.RELEASE.jar:5.1.9.RELEASE]
	at org.junit.internal.runners.model.ReflectiveCallable.run(ReflectiveCallable.java:12) [junit-4.12.jar:4.12]
	at org.springframework.test.context.junit4.SpringJUnit4ClassRunner.methodBlock(SpringJUnit4ClassRunner.java:291) [spring-test-5.1.9.RELEASE.jar:5.1.9.RELEASE]
	at org.springframework.test.context.junit4.SpringJUnit4ClassRunner.runChild(SpringJUnit4ClassRunner.java:246) [spring-test-5.1.9.RELEASE.jar:5.1.9.RELEASE]
	at org.springframework.test.context.junit4.SpringJUnit4ClassRunner.runChild(SpringJUnit4ClassRunner.java:97) [spring-test-5.1.9.RELEASE.jar:5.1.9.RELEASE]
	at org.junit.runners.ParentRunner$3.run(ParentRunner.java:290) [junit-4.12.jar:4.12]
	at org.junit.runners.ParentRunner$1.schedule(ParentRunner.java:71) [junit-4.12.jar:4.12]
	at org.junit.runners.ParentRunner.runChildren(ParentRunner.java:288) [junit-4.12.jar:4.12]
	at org.junit.runners.ParentRunner.access$000(ParentRunner.java:58) [junit-4.12.jar:4.12]
	at org.junit.runners.ParentRunner$2.evaluate(ParentRunner.java:268) [junit-4.12.jar:4.12]
	at org.springframework.test.context.junit4.statements.RunBeforeTestClassCallbacks.evaluate(RunBeforeTestClassCallbacks.java:61) [spring-test-5.1.9.RELEASE.jar:5.1.9.RELEASE]
	at org.springframework.test.context.junit4.statements.RunAfterTestClassCallbacks.evaluate(RunAfterTestClassCallbacks.java:70) [spring-test-5.1.9.RELEASE.jar:5.1.9.RELEASE]
	at org.junit.runners.ParentRunner.run(ParentRunner.java:363) [junit-4.12.jar:4.12]
	at org.springframework.test.context.junit4.SpringJUnit4ClassRunner.run(SpringJUnit4ClassRunner.java:190) [spring-test-5.1.9.RELEASE.jar:5.1.9.RELEASE]
	at org.gradle.api.internal.tasks.testing.junit.JUnitTestClassExecutor.runTestClass(JUnitTestClassExecutor.java:110) [gradle-testing-jvm-5.5.1.jar:5.5.1]
	at org.gradle.api.internal.tasks.testing.junit.JUnitTestClassExecutor.execute(JUnitTestClassExecutor.java:58) [gradle-testing-jvm-5.5.1.jar:5.5.1]
	at org.gradle.api.internal.tasks.testing.junit.JUnitTestClassExecutor.execute(JUnitTestClassExecutor.java:38) [gradle-testing-jvm-5.5.1.jar:5.5.1]
	at org.gradle.api.internal.tasks.testing.junit.AbstractJUnitTestClassProcessor.processTestClass(AbstractJUnitTestClassProcessor.java:62) [gradle-testing-jvm-5.5.1.jar:5.5.1]
	at org.gradle.api.internal.tasks.testing.SuiteTestClassProcessor.processTestClass(SuiteTestClassProcessor.java:51) [gradle-testing-base-5.5.1.jar:5.5.1]
	at sun.reflect.NativeMethodAccessorImpl.invoke0(Native Method) ~[na:1.8.0_222]
	at sun.reflect.NativeMethodAccessorImpl.invoke(NativeMethodAccessorImpl.java:62) ~[na:1.8.0_222]
	at sun.reflect.DelegatingMethodAccessorImpl.invoke(DelegatingMethodAccessorImpl.java:43) ~[na:1.8.0_222]
	at java.lang.reflect.Method.invoke(Method.java:498) ~[na:1.8.0_222]
	at org.gradle.internal.dispatch.ReflectionDispatch.dispatch(ReflectionDispatch.java:35) [gradle-messaging-5.5.1.jar:5.5.1]
	at org.gradle.internal.dispatch.ReflectionDispatch.dispatch(ReflectionDispatch.java:24) [gradle-messaging-5.5.1.jar:5.5.1]
	at org.gradle.internal.dispatch.ContextClassLoaderDispatch.dispatch(ContextClassLoaderDispatch.java:32) [gradle-messaging-5.5.1.jar:5.5.1]
	at org.gradle.internal.dispatch.ProxyDispatchAdapter$DispatchingInvocationHandler.invoke(ProxyDispatchAdapter.java:93) [gradle-messaging-5.5.1.jar:5.5.1]
	at com.sun.proxy.$Proxy2.processTestClass(Unknown Source) [na:na]
	at org.gradle.api.internal.tasks.testing.worker.TestWorker.processTestClass(TestWorker.java:118) [gradle-testing-base-5.5.1.jar:5.5.1]
	at sun.reflect.NativeMethodAccessorImpl.invoke0(Native Method) ~[na:1.8.0_222]
	at sun.reflect.NativeMethodAccessorImpl.invoke(NativeMethodAccessorImpl.java:62) ~[na:1.8.0_222]
	at sun.reflect.DelegatingMethodAccessorImpl.invoke(DelegatingMethodAccessorImpl.java:43) ~[na:1.8.0_222]
	at java.lang.reflect.Method.invoke(Method.java:498) ~[na:1.8.0_222]
	at org.gradle.internal.dispatch.ReflectionDispatch.dispatch(ReflectionDispatch.java:35) [gradle-messaging-5.5.1.jar:5.5.1]
	at org.gradle.internal.dispatch.ReflectionDispatch.dispatch(ReflectionDispatch.java:24) [gradle-messaging-5.5.1.jar:5.5.1]
	at org.gradle.internal.remote.internal.hub.MessageHubBackedObjectConnection$DispatchWrapper.dispatch(MessageHubBackedObjectConnection.java:175) [gradle-messaging-5.5.1.jar:5.5.1]
	at org.gradle.internal.remote.internal.hub.MessageHubBackedObjectConnection$DispatchWrapper.dispatch(MessageHubBackedObjectConnection.java:157) [gradle-messaging-5.5.1.jar:5.5.1]
	at org.gradle.internal.remote.internal.hub.MessageHub$Handler.run(MessageHub.java:404) [gradle-messaging-5.5.1.jar:5.5.1]
	at org.gradle.internal.concurrent.ExecutorPolicy$CatchAndRecordFailures.onExecute(ExecutorPolicy.java:63) [gradle-base-services-5.5.1.jar:5.5.1]
	at org.gradle.internal.concurrent.ManagedExecutorImpl$1.run(ManagedExecutorImpl.java:46) [gradle-base-services-5.5.1.jar:5.5.1]
	at java.util.concurrent.ThreadPoolExecutor.runWorker(ThreadPoolExecutor.java:1149) [na:1.8.0_222]
	at java.util.concurrent.ThreadPoolExecutor$Worker.run(ThreadPoolExecutor.java:624) [na:1.8.0_222]
	at org.gradle.internal.concurrent.ThreadFactoryImpl$ManagedThreadRunnable.run(ThreadFactoryImpl.java:55) [gradle-base-services-5.5.1.jar:5.5.1]
	at java.lang.Thread.run(Thread.java:748) [na:1.8.0_222]
Caused by: org.springframework.beans.factory.UnsatisfiedDependencyException: Error creating bean with name 'postsApiController' defined in file [/Users/govlmo91/IdeaProjects/jojoldubook/build/classes/java/main/kr/gracelove/jojoldu/springboot/web/PostsApiController.class]: Unsatisfied dependency expressed through constructor parameter 0; nested exception is org.springframework.beans.factory.NoSuchBeanDefinitionException: No qualifying bean of type 'kr.gracelove.jojoldu.springboot.service.posts.PostsService' available: expected at least 1 bean which qualifies as autowire candidate. Dependency annotations: {}
	at org.springframework.beans.factory.support.ConstructorResolver.createArgumentArray(ConstructorResolver.java:769) ~[spring-beans-5.1.9.RELEASE.jar:5.1.9.RELEASE]
	at org.springframework.beans.factory.support.ConstructorResolver.autowireConstructor(ConstructorResolver.java:218) ~[spring-beans-5.1.9.RELEASE.jar:5.1.9.RELEASE]
	at org.springframework.beans.factory.support.AbstractAutowireCapableBeanFactory.autowireConstructor(AbstractAutowireCapableBeanFactory.java:1341) ~[spring-beans-5.1.9.RELEASE.jar:5.1.9.RELEASE]
	at org.springframework.beans.factory.support.AbstractAutowireCapableBeanFactory.createBeanInstance(AbstractAutowireCapableBeanFactory.java:1187) ~[spring-beans-5.1.9.RELEASE.jar:5.1.9.RELEASE]
	at org.springframework.beans.factory.support.AbstractAutowireCapableBeanFactory.doCreateBean(AbstractAutowireCapableBeanFactory.java:555) ~[spring-beans-5.1.9.RELEASE.jar:5.1.9.RELEASE]
	at org.springframework.beans.factory.support.AbstractAutowireCapableBeanFactory.createBean(AbstractAutowireCapableBeanFactory.java:515) ~[spring-beans-5.1.9.RELEASE.jar:5.1.9.RELEASE]
	at org.springframework.beans.factory.support.AbstractBeanFactory.lambda$doGetBean$0(AbstractBeanFactory.java:320) ~[spring-beans-5.1.9.RELEASE.jar:5.1.9.RELEASE]
	at org.springframework.beans.factory.support.DefaultSingletonBeanRegistry.getSingleton(DefaultSingletonBeanRegistry.java:222) ~[spring-beans-5.1.9.RELEASE.jar:5.1.9.RELEASE]
	at org.springframework.beans.factory.support.AbstractBeanFactory.doGetBean(AbstractBeanFactory.java:318) ~[spring-beans-5.1.9.RELEASE.jar:5.1.9.RELEASE]
	at org.springframework.beans.factory.support.AbstractBeanFactory.getBean(AbstractBeanFactory.java:199) ~[spring-beans-5.1.9.RELEASE.jar:5.1.9.RELEASE]
	at org.springframework.beans.factory.support.DefaultListableBeanFactory.preInstantiateSingletons(DefaultListableBeanFactory.java:845) ~[spring-beans-5.1.9.RELEASE.jar:5.1.9.RELEASE]
	at org.springframework.context.support.AbstractApplicationContext.finishBeanFactoryInitialization(AbstractApplicationContext.java:877) ~[spring-context-5.1.9.RELEASE.jar:5.1.9.RELEASE]
	at org.springframework.context.support.AbstractApplicationContext.refresh(AbstractApplicationContext.java:549) ~[spring-context-5.1.9.RELEASE.jar:5.1.9.RELEASE]
	at org.springframework.boot.SpringApplication.refresh(SpringApplication.java:743) ~[spring-boot-2.1.7.RELEASE.jar:2.1.7.RELEASE]
	at org.springframework.boot.SpringApplication.refreshContext(SpringApplication.java:390) ~[spring-boot-2.1.7.RELEASE.jar:2.1.7.RELEASE]
	at org.springframework.boot.SpringApplication.run(SpringApplication.java:312) ~[spring-boot-2.1.7.RELEASE.jar:2.1.7.RELEASE]
	at org.springframework.boot.test.context.SpringBootContextLoader.loadContext(SpringBootContextLoader.java:120) ~[spring-boot-test-2.1.7.RELEASE.jar:2.1.7.RELEASE]
	at org.springframework.test.context.cache.DefaultCacheAwareContextLoaderDelegate.loadContextInternal(DefaultCacheAwareContextLoaderDelegate.java:99) ~[spring-test-5.1.9.RELEASE.jar:5.1.9.RELEASE]
	at org.springframework.test.context.cache.DefaultCacheAwareContextLoaderDelegate.loadContext(DefaultCacheAwareContextLoaderDelegate.java:117) ~[spring-test-5.1.9.RELEASE.jar:5.1.9.RELEASE]
	... 50 common frames omitted
Caused by: org.springframework.beans.factory.NoSuchBeanDefinitionException: No qualifying bean of type 'kr.gracelove.jojoldu.springboot.service.posts.PostsService' available: expected at least 1 bean which qualifies as autowire candidate. Dependency annotations: {}
	at org.springframework.beans.factory.support.DefaultListableBeanFactory.raiseNoMatchingBeanFound(DefaultListableBeanFactory.java:1658) ~[spring-beans-5.1.9.RELEASE.jar:5.1.9.RELEASE]
	at org.springframework.beans.factory.support.DefaultListableBeanFactory.doResolveDependency(DefaultListableBeanFactory.java:1217) ~[spring-beans-5.1.9.RELEASE.jar:5.1.9.RELEASE]
	at org.springframework.beans.factory.support.DefaultListableBeanFactory.resolveDependency(DefaultListableBeanFactory.java:1171) ~[spring-beans-5.1.9.RELEASE.jar:5.1.9.RELEASE]
	at org.springframework.beans.factory.support.ConstructorResolver.resolveAutowiredArgument(ConstructorResolver.java:857) ~[spring-beans-5.1.9.RELEASE.jar:5.1.9.RELEASE]
	at org.springframework.beans.factory.support.ConstructorResolver.createArgumentArray(ConstructorResolver.java:760) ~[spring-beans-5.1.9.RELEASE.jar:5.1.9.RELEASE]
	... 68 common frames omitted

2019-12-06 11:18:42.648 DEBUG 7503 --- [    Test worker] tractDirtiesContextTestExecutionListener : After test class: context [DefaultTestContext@4034db71 testClass = HelloControllerTest, testInstance = [null], testMethod = [null], testException = [null], mergedContextConfiguration = [WebMergedContextConfiguration@67d86efd testClass = HelloControllerTest, locations = '{}', classes = '{class kr.gracelove.jojoldu.springboot.Application}', contextInitializerClasses = '[]', activeProfiles = '{}', propertySourceLocations = '{}', propertySourceProperties = '{org.springframework.boot.test.autoconfigure.web.servlet.WebMvcTestContextBootstrapper=true}', contextCustomizers = set[org.springframework.boot.test.autoconfigure.OverrideAutoConfigurationContextCustomizerFactory$DisableAutoConfigurationContextCustomizer@23ff335c, org.springframework.boot.test.autoconfigure.filter.TypeExcludeFiltersContextCustomizer@a0ac8b39, org.springframework.boot.test.autoconfigure.properties.PropertyMappingContextCustomizer@b09c47ab, org.springframework.boot.test.autoconfigure.web.servlet.WebDriverContextCustomizerFactory$Customizer@18c1dfe6, [ImportsContextCustomizer@2877fff4 key = [org.springframework.boot.autoconfigure.cache.CacheAutoConfiguration, org.springframework.boot.autoconfigure.context.MessageSourceAutoConfiguration, org.springframework.boot.autoconfigure.data.web.SpringDataWebAutoConfiguration, org.springframework.boot.autoconfigure.freemarker.FreeMarkerAutoConfiguration, org.springframework.boot.autoconfigure.groovy.template.GroovyTemplateAutoConfiguration, org.springframework.boot.autoconfigure.gson.GsonAutoConfiguration, org.springframework.boot.autoconfigure.hateoas.HypermediaAutoConfiguration, org.springframework.boot.autoconfigure.http.HttpMessageConvertersAutoConfiguration, org.springframework.boot.autoconfigure.jackson.JacksonAutoConfiguration, org.springframework.boot.autoconfigure.jsonb.JsonbAutoConfiguration, org.springframework.boot.autoconfigure.mustache.MustacheAutoConfiguration, org.springframework.boot.autoconfigure.task.TaskExecutionAutoConfiguration, org.springframework.boot.autoconfigure.thymeleaf.ThymeleafAutoConfiguration, org.springframework.boot.autoconfigure.validation.ValidationAutoConfiguration, org.springframework.boot.autoconfigure.web.servlet.error.ErrorMvcAutoConfiguration, org.springframework.boot.autoconfigure.web.servlet.WebMvcAutoConfiguration, org.springframework.boot.test.autoconfigure.web.servlet.MockMvcAutoConfiguration, org.springframework.boot.test.autoconfigure.web.servlet.MockMvcSecurityAutoConfiguration, org.springframework.boot.test.autoconfigure.web.servlet.MockMvcWebClientAutoConfiguration, org.springframework.boot.test.autoconfigure.web.servlet.MockMvcWebDriverAutoConfiguration]], org.springframework.boot.test.context.filter.ExcludeFilterContextCustomizer@4ca9ea9c, org.springframework.boot.test.json.DuplicateJsonObjectContextCustomizerFactory$DuplicateJsonObjectContextCustomizer@939cf91, org.springframework.boot.test.mock.mockito.MockitoContextCustomizer@0], resourceBasePath = 'src/main/webapp', contextLoader = 'org.springframework.boot.test.context.SpringBootContextLoader', parent = [null]], attributes = map[[empty]]], class annotated with @DirtiesContext [false] with mode [null].
]]></system-out>
  <system-err><![CDATA[]]></system-err>
</testsuite>
