<?xml version="1.0" encoding="UTF-8"?>
<testsuite name="kr.gracelove.jojoldu.springboot.web.dto.HelloResponseDtoTest" tests="1" skipped="0" failures="0" errors="0" timestamp="2019-12-06T02:18:39" hostname="govlmo91ui-MacBookPro.local" time="0.041">
  <properties/>
  <testcase name="롬복_기능_테스트" classname="kr.gracelove.jojoldu.springboot.web.dto.HelloResponseDtoTest" time="0.041"/>
  <system-out><![CDATA[]]></system-out>
  <system-err><![CDATA[]]></system-err>
</testsuite>
