<?xml version="1.0" encoding="UTF-8"?>
<testsuite name="kr.gracelove.jojoldu.springboot.web.IndexControllerTest" tests="1" skipped="0" failures="0" errors="0" timestamp="2019-12-06T02:18:46" hostname="govlmo91ui-MacBookPro.local" time="0.208">
  <properties/>
  <testcase name="메인페이지_로딩" classname="kr.gracelove.jojoldu.springboot.web.IndexControllerTest" time="0.208"/>
  <system-out><![CDATA[2019-12-06 11:18:42.651 DEBUG 7503 --- [    Test worker] o.s.t.c.junit4.SpringJUnit4ClassRunner   : SpringJUnit4ClassRunner constructor called with [class kr.gracelove.jojoldu.springboot.web.IndexControllerTest]
2019-12-06 11:18:42.651 DEBUG 7503 --- [    Test worker] o.s.test.context.BootstrapUtils          : Instantiating CacheAwareContextLoaderDelegate from class [org.springframework.test.context.cache.DefaultCacheAwareContextLoaderDelegate]
2019-12-06 11:18:42.651 DEBUG 7503 --- [    Test worker] o.s.test.context.BootstrapUtils          : Instantiating BootstrapContext using constructor [public org.springframework.test.context.support.DefaultBootstrapContext(java.lang.Class,org.springframework.test.context.CacheAwareContextLoaderDelegate)]
2019-12-06 11:18:42.652 DEBUG 7503 --- [    Test worker] o.s.test.context.BootstrapUtils          : Instantiating TestContextBootstrapper for test class [kr.gracelove.jojoldu.springboot.web.IndexControllerTest] from class [org.springframework.boot.test.context.SpringBootTestContextBootstrapper]
2019-12-06 11:18:42.652  INFO 7503 --- [    Test worker] .b.t.c.SpringBootTestContextBootstrapper : Neither @ContextConfiguration nor @ContextHierarchy found for test class [kr.gracelove.jojoldu.springboot.web.IndexControllerTest], using SpringBootContextLoader
2019-12-06 11:18:42.652 DEBUG 7503 --- [    Test worker] o.s.t.c.support.AbstractContextLoader    : Did not detect default resource location for test class [kr.gracelove.jojoldu.springboot.web.IndexControllerTest]: class path resource [kr/gracelove/jojoldu/springboot/web/IndexControllerTest-context.xml] does not exist
2019-12-06 11:18:42.652 DEBUG 7503 --- [    Test worker] o.s.t.c.support.AbstractContextLoader    : Did not detect default resource location for test class [kr.gracelove.jojoldu.springboot.web.IndexControllerTest]: class path resource [kr/gracelove/jojoldu/springboot/web/IndexControllerTestContext.groovy] does not exist
2019-12-06 11:18:42.653  INFO 7503 --- [    Test worker] o.s.t.c.support.AbstractContextLoader    : Could not detect default resource locations for test class [kr.gracelove.jojoldu.springboot.web.IndexControllerTest]: no resource found for suffixes {-context.xml, Context.groovy}.
2019-12-06 11:18:42.653  INFO 7503 --- [    Test worker] t.c.s.AnnotationConfigContextLoaderUtils : Could not detect default configuration classes for test class [kr.gracelove.jojoldu.springboot.web.IndexControllerTest]: IndexControllerTest does not declare any static, non-private, non-final, nested classes annotated with @Configuration.
2019-12-06 11:18:42.654 DEBUG 7503 --- [    Test worker] o.s.t.c.support.ActiveProfilesUtils      : Could not find an 'annotation declaring class' for annotation type [org.springframework.test.context.ActiveProfiles] and class [kr.gracelove.jojoldu.springboot.web.IndexControllerTest]
2019-12-06 11:18:42.654  INFO 7503 --- [    Test worker] .b.t.c.SpringBootTestContextBootstrapper : Found @SpringBootConfiguration kr.gracelove.jojoldu.springboot.Application for test class kr.gracelove.jojoldu.springboot.web.IndexControllerTest
2019-12-06 11:18:42.655 DEBUG 7503 --- [    Test worker] .b.t.c.SpringBootTestContextBootstrapper : @TestExecutionListeners is not present for class [kr.gracelove.jojoldu.springboot.web.IndexControllerTest]: using defaults.
2019-12-06 11:18:42.655  INFO 7503 --- [    Test worker] .b.t.c.SpringBootTestContextBootstrapper : Loaded default TestExecutionListener class names from location [META-INF/spring.factories]: [org.springframework.boot.test.autoconfigure.restdocs.RestDocsTestExecutionListener, org.springframework.boot.test.autoconfigure.web.client.MockRestServiceServerResetTestExecutionListener, org.springframework.boot.test.autoconfigure.web.servlet.MockMvcPrintOnlyOnFailureTestExecutionListener, org.springframework.boot.test.autoconfigure.web.servlet.WebDriverTestExecutionListener, org.springframework.boot.test.mock.mockito.MockitoTestExecutionListener, org.springframework.boot.test.mock.mockito.ResetMocksTestExecutionListener, org.springframework.test.context.web.ServletTestExecutionListener, org.springframework.test.context.support.DirtiesContextBeforeModesTestExecutionListener, org.springframework.test.context.support.DependencyInjectionTestExecutionListener, org.springframework.test.context.support.DirtiesContextTestExecutionListener, org.springframework.test.context.transaction.TransactionalTestExecutionListener, org.springframework.test.context.jdbc.SqlScriptsTestExecutionListener]
2019-12-06 11:18:42.655  INFO 7503 --- [    Test worker] .b.t.c.SpringBootTestContextBootstrapper : Using TestExecutionListeners: [org.springframework.test.context.web.ServletTestExecutionListener@63bbc9d7, org.springframework.test.context.support.DirtiesContextBeforeModesTestExecutionListener@7b8a4c81, org.springframework.boot.test.mock.mockito.MockitoTestExecutionListener@84237b1, org.springframework.boot.test.autoconfigure.SpringBootDependencyInjectionTestExecutionListener@4b2f93f3, org.springframework.test.context.support.DirtiesContextTestExecutionListener@76671e30, org.springframework.test.context.transaction.TransactionalTestExecutionListener@5f20aa39, org.springframework.test.context.jdbc.SqlScriptsTestExecutionListener@4646e1d3, org.springframework.boot.test.autoconfigure.restdocs.RestDocsTestExecutionListener@71c142e3, org.springframework.boot.test.autoconfigure.web.client.MockRestServiceServerResetTestExecutionListener@3f995475, org.springframework.boot.test.autoconfigure.web.servlet.MockMvcPrintOnlyOnFailureTestExecutionListener@65b240dd, org.springframework.boot.test.autoconfigure.web.servlet.WebDriverTestExecutionListener@140b7dc1, org.springframework.boot.test.mock.mockito.ResetMocksTestExecutionListener@6f26e3f9]
2019-12-06 11:18:42.655 DEBUG 7503 --- [    Test worker] o.s.test.annotation.ProfileValueUtils    : Retrieved @ProfileValueSourceConfiguration [null] for test class [kr.gracelove.jojoldu.springboot.web.IndexControllerTest]
2019-12-06 11:18:42.656 DEBUG 7503 --- [    Test worker] o.s.test.annotation.ProfileValueUtils    : Retrieved ProfileValueSource type [class org.springframework.test.annotation.SystemProfileValueSource] for class [kr.gracelove.jojoldu.springboot.web.IndexControllerTest]
2019-12-06 11:18:42.656 DEBUG 7503 --- [    Test worker] o.s.test.annotation.ProfileValueUtils    : Retrieved @ProfileValueSourceConfiguration [null] for test class [kr.gracelove.jojoldu.springboot.web.IndexControllerTest]
2019-12-06 11:18:42.656 DEBUG 7503 --- [    Test worker] o.s.test.annotation.ProfileValueUtils    : Retrieved ProfileValueSource type [class org.springframework.test.annotation.SystemProfileValueSource] for class [kr.gracelove.jojoldu.springboot.web.IndexControllerTest]
2019-12-06 11:18:42.656 DEBUG 7503 --- [    Test worker] tractDirtiesContextTestExecutionListener : Before test class: context [DefaultTestContext@1ae92894 testClass = IndexControllerTest, testInstance = [null], testMethod = [null], testException = [null], mergedContextConfiguration = [WebMergedContextConfiguration@6daa27bc testClass = IndexControllerTest, locations = '{}', classes = '{class kr.gracelove.jojoldu.springboot.Application}', contextInitializerClasses = '[]', activeProfiles = '{}', propertySourceLocations = '{}', propertySourceProperties = '{org.springframework.boot.test.context.SpringBootTestContextBootstrapper=true, server.port=0}', contextCustomizers = set[org.springframework.boot.test.autoconfigure.properties.PropertyMappingContextCustomizer@0, org.springframework.boot.test.autoconfigure.web.servlet.WebDriverContextCustomizerFactory$Customizer@18c1dfe6, org.springframework.boot.test.context.filter.ExcludeFilterContextCustomizer@4ca9ea9c, org.springframework.boot.test.json.DuplicateJsonObjectContextCustomizerFactory$DuplicateJsonObjectContextCustomizer@939cf91, org.springframework.boot.test.mock.mockito.MockitoContextCustomizer@0, org.springframework.boot.test.web.client.TestRestTemplateContextCustomizer@51e92801], resourceBasePath = 'src/main/webapp', contextLoader = 'org.springframework.boot.test.context.SpringBootContextLoader', parent = [null]], attributes = map['org.springframework.test.context.web.ServletTestExecutionListener.activateListener' -> false]], class annotated with @DirtiesContext [false] with mode [null].
2019-12-06 11:18:42.656 DEBUG 7503 --- [    Test worker] o.s.test.annotation.ProfileValueUtils    : Retrieved @ProfileValueSourceConfiguration [null] for test class [kr.gracelove.jojoldu.springboot.web.IndexControllerTest]
2019-12-06 11:18:42.656 DEBUG 7503 --- [    Test worker] o.s.test.annotation.ProfileValueUtils    : Retrieved ProfileValueSource type [class org.springframework.test.annotation.SystemProfileValueSource] for class [kr.gracelove.jojoldu.springboot.web.IndexControllerTest]
2019-12-06 11:18:42.656 DEBUG 7503 --- [    Test worker] DependencyInjectionTestExecutionListener : Performing dependency injection for test context [[DefaultTestContext@1ae92894 testClass = IndexControllerTest, testInstance = kr.gracelove.jojoldu.springboot.web.IndexControllerTest@2280babd, testMethod = [null], testException = [null], mergedContextConfiguration = [WebMergedContextConfiguration@6daa27bc testClass = IndexControllerTest, locations = '{}', classes = '{class kr.gracelove.jojoldu.springboot.Application}', contextInitializerClasses = '[]', activeProfiles = '{}', propertySourceLocations = '{}', propertySourceProperties = '{org.springframework.boot.test.context.SpringBootTestContextBootstrapper=true, server.port=0}', contextCustomizers = set[org.springframework.boot.test.autoconfigure.properties.PropertyMappingContextCustomizer@0, org.springframework.boot.test.autoconfigure.web.servlet.WebDriverContextCustomizerFactory$Customizer@18c1dfe6, org.springframework.boot.test.context.filter.ExcludeFilterContextCustomizer@4ca9ea9c, org.springframework.boot.test.json.DuplicateJsonObjectContextCustomizerFactory$DuplicateJsonObjectContextCustomizer@939cf91, org.springframework.boot.test.mock.mockito.MockitoContextCustomizer@0, org.springframework.boot.test.web.client.TestRestTemplateContextCustomizer@51e92801], resourceBasePath = 'src/main/webapp', contextLoader = 'org.springframework.boot.test.context.SpringBootContextLoader', parent = [null]], attributes = map['org.springframework.test.context.web.ServletTestExecutionListener.activateListener' -> false]]].
2019-12-06 11:18:42.657 DEBUG 7503 --- [    Test worker] o.s.t.c.support.TestPropertySourceUtils  : Adding inlined properties to environment: {spring.jmx.enabled=false, org.springframework.boot.test.context.SpringBootTestContextBootstrapper=true, server.port=0}
2019-12-06 11:18:42.668 DEBUG 7503 --- [    Test worker] .c.l.ClasspathLoggingApplicationListener : Application started with classpath: [file:/Users/govlmo91/.gradle/caches/5.5.1/workerMain/gradle-worker.jar, file:/Users/govlmo91/IdeaProjects/jojoldubook/build/classes/java/test/, file:/Users/govlmo91/IdeaProjects/jojoldubook/build/resources/test, file:/Users/govlmo91/IdeaProjects/jojoldubook/build/classes/java/main/, file:/Users/govlmo91/IdeaProjects/jojoldubook/build/resources/main/, file:/Users/govlmo91/.gradle/caches/modules-2/files-2.1/org.springframework.boot/spring-boot-starter-mustache/2.1.7.RELEASE/c52b1725d81a61eac91af3196a65c17adef75357/spring-boot-starter-mustache-2.1.7.RELEASE.jar, file:/Users/govlmo91/.gradle/caches/modules-2/files-2.1/org.projectlombok/lombok/1.18.8/448003bc1b234aac04b58e27d7755c12c3ec4236/lombok-1.18.8.jar, file:/Users/govlmo91/.gradle/caches/modules-2/files-2.1/org.springframework.boot/spring-boot-starter-web/2.1.7.RELEASE/fa43baf40bde3ecdb93ac9c545dd39f82ab29c35/spring-boot-starter-web-2.1.7.RELEASE.jar, file:/Users/govlmo91/.gradle/caches/modules-2/files-2.1/org.springframework.boot/spring-boot-starter-data-jpa/2.1.7.RELEASE/5e4a5d5442f32f5e12b36674a620ec57b0b66c6e/spring-boot-starter-data-jpa-2.1.7.RELEASE.jar, file:/Users/govlmo91/.gradle/caches/modules-2/files-2.1/com.h2database/h2/1.4.199/7bf08152984ed8859740ae3f97fae6c72771ae45/h2-1.4.199.jar, file:/Users/govlmo91/.gradle/caches/modules-2/files-2.1/org.springframework.boot/spring-boot-starter-test/2.1.7.RELEASE/39e82379a28c217ab892eb00ef601dc0571f56a4/spring-boot-starter-test-2.1.7.RELEASE.jar, file:/Users/govlmo91/.gradle/caches/modules-2/files-2.1/org.springframework.boot/spring-boot-starter-json/2.1.7.RELEASE/9c12f046a7c4ae110d89163a491ad0d7cf036e79/spring-boot-starter-json-2.1.7.RELEASE.jar, file:/Users/govlmo91/.gradle/caches/modules-2/files-2.1/org.springframework.boot/spring-boot-starter-aop/2.1.7.RELEASE/4577d056af1f823bb7730c99f43c3268dd697310/spring-boot-starter-aop-2.1.7.RELEASE.jar, file:/Users/govlmo91/.gradle/caches/modules-2/files-2.1/org.springframework.boot/spring-boot-starter-jdbc/2.1.7.RELEASE/3ea97a134b44a886ff529215e7bec04bfd93fa5b/spring-boot-starter-jdbc-2.1.7.RELEASE.jar, file:/Users/govlmo91/.gradle/caches/modules-2/files-2.1/org.springframework.boot/spring-boot-starter/2.1.7.RELEASE/e23f4e9460e0e2220b444e40fc7fd6e95f66e0fe/spring-boot-starter-2.1.7.RELEASE.jar, file:/Users/govlmo91/.gradle/caches/modules-2/files-2.1/com.samskivert/jmustache/1.14/495441daa241e5f48d555597fffa2b1dfc8c60d1/jmustache-1.14.jar, file:/Users/govlmo91/.gradle/caches/modules-2/files-2.1/org.springframework.boot/spring-boot-starter-tomcat/2.1.7.RELEASE/11f2a86aefefba72a4efe5ff18f4165a4b4e78b/spring-boot-starter-tomcat-2.1.7.RELEASE.jar, file:/Users/govlmo91/.gradle/caches/modules-2/files-2.1/org.hibernate.validator/hibernate-validator/6.0.17.Final/af73055fc4a103ab347c56e7da5a143d68a0170/hibernate-validator-6.0.17.Final.jar, file:/Users/govlmo91/.gradle/caches/modules-2/files-2.1/org.springframework/spring-webmvc/5.1.9.RELEASE/b9d4a2140488f0e6f9aa231e7938ae18da77b637/spring-webmvc-5.1.9.RELEASE.jar, file:/Users/govlmo91/.gradle/caches/modules-2/files-2.1/org.springframework/spring-web/5.1.9.RELEASE/9fe4390420fdd0b63dc4ed90d9027dafa9f74f80/spring-web-5.1.9.RELEASE.jar, file:/Users/govlmo91/.gradle/caches/modules-2/files-2.1/javax.transaction/javax.transaction-api/1.3/e006adf5cf3cca2181d16bd640ecb80148ec0fce/javax.transaction-api-1.3.jar, file:/Users/govlmo91/.gradle/caches/modules-2/files-2.1/javax.xml.bind/jaxb-api/2.3.1/8531ad5ac454cc2deb9d4d32c40c4d7451939b5d/jaxb-api-2.3.1.jar, file:/Users/govlmo91/.gradle/caches/modules-2/files-2.1/org.hibernate/hibernate-core/5.3.10.Final/e608b854325005edbf43cb2b6041fdafd3f2eb57/hibernate-core-5.3.10.Final.jar, file:/Users/govlmo91/.gradle/caches/modules-2/files-2.1/org.springframework.data/spring-data-jpa/2.1.10.RELEASE/12639406aa28c3a5195a1a4c9077fe562f54bc31/spring-data-jpa-2.1.10.RELEASE.jar, file:/Users/govlmo91/.gradle/caches/modules-2/files-2.1/org.springframework/spring-aspects/5.1.9.RELEASE/a8aec853c345ed54a99627cee9f755ce7dbb734/spring-aspects-5.1.9.RELEASE.jar, file:/Users/govlmo91/.gradle/caches/modules-2/files-2.1/org.springframework.boot/spring-boot-test-autoconfigure/2.1.7.RELEASE/8c9847259e14419d2bcc4eed26bcf48dc56686ef/spring-boot-test-autoconfigure-2.1.7.RELEASE.jar, file:/Users/govlmo91/.gradle/caches/modules-2/files-2.1/org.springframework.boot/spring-boot-test/2.1.7.RELEASE/70ed88830a08e8baa0b562090168fdba0e92810/spring-boot-test-2.1.7.RELEASE.jar, file:/Users/govlmo91/.gradle/caches/modules-2/files-2.1/com.jayway.jsonpath/json-path/2.4.0/765a4401ceb2dc8d40553c2075eb80a8fa35c2ae/json-path-2.4.0.jar, file:/Users/govlmo91/.gradle/caches/modules-2/files-2.1/junit/junit/4.12/2973d150c0dc1fefe998f834810d68f278ea58ec/junit-4.12.jar, file:/Users/govlmo91/.gradle/caches/modules-2/files-2.1/org.assertj/assertj-core/3.11.1/fdac3217b804d6900fa3650f17b5cb48e620b140/assertj-core-3.11.1.jar, file:/Users/govlmo91/.gradle/caches/modules-2/files-2.1/org.mockito/mockito-core/2.23.4/a35b6f8ffcfa786771eac7d7d903429e790fdf3f/mockito-core-2.23.4.jar, file:/Users/govlmo91/.gradle/caches/modules-2/files-2.1/org.hamcrest/hamcrest-library/1.3/4785a3c21320980282f9f33d0d1264a69040538f/hamcrest-library-1.3.jar, file:/Users/govlmo91/.gradle/caches/modules-2/files-2.1/org.hamcrest/hamcrest-core/1.3/42a25dc3219429f0e5d060061f71acb49bf010a0/hamcrest-core-1.3.jar, file:/Users/govlmo91/.gradle/caches/modules-2/files-2.1/org.skyscreamer/jsonassert/1.5.0/6c9d5fe2f59da598d9aefc1cfc6528ff3cf32df3/jsonassert-1.5.0.jar, file:/Users/govlmo91/.gradle/caches/modules-2/files-2.1/org.springframework/spring-test/5.1.9.RELEASE/653fa9de816677b3318e7058af54e7ee56866b09/spring-test-5.1.9.RELEASE.jar, file:/Users/govlmo91/.gradle/caches/modules-2/files-2.1/org.springframework.boot/spring-boot-autoconfigure/2.1.7.RELEASE/2c9d3e2c6ea3cb435e99e2973009636b62a9d816/spring-boot-autoconfigure-2.1.7.RELEASE.jar, file:/Users/govlmo91/.gradle/caches/modules-2/files-2.1/org.springframework.boot/spring-boot/2.1.7.RELEASE/1599a2ad1fc6d36dbfc2a7c0dd5dab3a0bb27c61/spring-boot-2.1.7.RELEASE.jar, file:/Users/govlmo91/.gradle/caches/modules-2/files-2.1/org.springframework/spring-context/5.1.9.RELEASE/c37f8fe15a5ae4ea1f351bd46167fd492a84eefa/spring-context-5.1.9.RELEASE.jar, file:/Users/govlmo91/.gradle/caches/modules-2/files-2.1/org.springframework/spring-aop/5.1.9.RELEASE/bc2312ffad02251b9d472e4a7c0e472a58f50fbf/spring-aop-5.1.9.RELEASE.jar, file:/Users/govlmo91/.gradle/caches/modules-2/files-2.1/org.springframework/spring-orm/5.1.9.RELEASE/220169d217f7114706141fc0afba425a5b368dce/spring-orm-5.1.9.RELEASE.jar, file:/Users/govlmo91/.gradle/caches/modules-2/files-2.1/org.springframework/spring-jdbc/5.1.9.RELEASE/3fd70356ba8d7c00c4081c1a207766352624414e/spring-jdbc-5.1.9.RELEASE.jar, file:/Users/govlmo91/.gradle/caches/modules-2/files-2.1/org.springframework.data/spring-data-commons/2.1.10.RELEASE/c73a76070181b59b19df6893e1ca729263a69b47/spring-data-commons-2.1.10.RELEASE.jar, file:/Users/govlmo91/.gradle/caches/modules-2/files-2.1/org.springframework/spring-tx/5.1.9.RELEASE/a9125e2c8eeb193030f3972c6293616943c55ef2/spring-tx-5.1.9.RELEASE.jar, file:/Users/govlmo91/.gradle/caches/modules-2/files-2.1/org.springframework/spring-beans/5.1.9.RELEASE/5a03b3983108d73978aec2fa3e681aedad6782c/spring-beans-5.1.9.RELEASE.jar, file:/Users/govlmo91/.gradle/caches/modules-2/files-2.1/org.springframework/spring-expression/5.1.9.RELEASE/db3a2468c1b7d697ec3b3ec6e5652dc282994fe3/spring-expression-5.1.9.RELEASE.jar, file:/Users/govlmo91/.gradle/caches/modules-2/files-2.1/org.springframework/spring-core/5.1.9.RELEASE/dc3815439579b4fa0c19970e6b8e5d774af8d988/spring-core-5.1.9.RELEASE.jar, file:/Users/govlmo91/.gradle/caches/modules-2/files-2.1/org.xmlunit/xmlunit-core/2.6.3/cdb208320aed4a7b94fb236cfbf91aeb6d0ede14/xmlunit-core-2.6.3.jar, file:/Users/govlmo91/.gradle/caches/modules-2/files-2.1/org.springframework.boot/spring-boot-starter-logging/2.1.7.RELEASE/6e829f739992a7f368c0af44a08ed89ad2a1972f/spring-boot-starter-logging-2.1.7.RELEASE.jar, file:/Users/govlmo91/.gradle/caches/modules-2/files-2.1/javax.annotation/javax.annotation-api/1.3.2/934c04d3cfef185a8008e7bf34331b79730a9d43/javax.annotation-api-1.3.2.jar, file:/Users/govlmo91/.gradle/caches/modules-2/files-2.1/org.yaml/snakeyaml/1.23/ec62d74fe50689c28c0ff5b35d3aebcaa8b5be68/snakeyaml-1.23.jar, file:/Users/govlmo91/.gradle/caches/modules-2/files-2.1/com.fasterxml.jackson.datatype/jackson-datatype-jdk8/2.9.9/4b04126963103216c9c43b0f34bbc36315654204/jackson-datatype-jdk8-2.9.9.jar, file:/Users/govlmo91/.gradle/caches/modules-2/files-2.1/com.fasterxml.jackson.datatype/jackson-datatype-jsr310/2.9.9/a33df137557793b0404a486888dbe049f7abeeeb/jackson-datatype-jsr310-2.9.9.jar, file:/Users/govlmo91/.gradle/caches/modules-2/files-2.1/com.fasterxml.jackson.module/jackson-module-parameter-names/2.9.9/a92facb55a2538e7b2fe14294570a18b823ad431/jackson-module-parameter-names-2.9.9.jar, file:/Users/govlmo91/.gradle/caches/modules-2/files-2.1/com.fasterxml.jackson.core/jackson-databind/2.9.9/d6eb9817d9c7289a91f043ac5ee02a6b3cc86238/jackson-databind-2.9.9.jar, file:/Users/govlmo91/.gradle/caches/modules-2/files-2.1/org.apache.tomcat.embed/tomcat-embed-websocket/9.0.22/45974d3443cc15ad9d10239d762d5e15759e6364/tomcat-embed-websocket-9.0.22.jar, file:/Users/govlmo91/.gradle/caches/modules-2/files-2.1/org.apache.tomcat.embed/tomcat-embed-core/9.0.22/79f39903498b28adacb18fe2ea046edd306295a6/tomcat-embed-core-9.0.22.jar, file:/Users/govlmo91/.gradle/caches/modules-2/files-2.1/org.apache.tomcat.embed/tomcat-embed-el/9.0.22/4da4b778b635a7e78ca7cd7288253e2e47b88a9f/tomcat-embed-el-9.0.22.jar, file:/Users/govlmo91/.gradle/caches/modules-2/files-2.1/javax.validation/validation-api/2.0.1.Final/cb855558e6271b1b32e716d24cb85c7f583ce09e/validation-api-2.0.1.Final.jar, file:/Users/govlmo91/.gradle/caches/modules-2/files-2.1/org.hibernate.common/hibernate-commons-annotations/5.0.4.Final/965a18fdf939ee75e41f7918532d37b3a8350535/hibernate-commons-annotations-5.0.4.Final.jar, file:/Users/govlmo91/.gradle/caches/modules-2/files-2.1/org.jboss.logging/jboss-logging/3.3.2.Final/3789d00e859632e6c6206adc0c71625559e6e3b0/jboss-logging-3.3.2.Final.jar, file:/Users/govlmo91/.gradle/caches/modules-2/files-2.1/com.fasterxml/classmate/1.4.0/291658ac2ce2476256c7115943652c0accb5c857/classmate-1.4.0.jar, file:/Users/govlmo91/.gradle/caches/modules-2/files-2.1/org.aspectj/aspectjweaver/1.9.4/9205229878f3d62fbd3a32a0fb6be2d6ad8589a9/aspectjweaver-1.9.4.jar, file:/Users/govlmo91/.gradle/caches/modules-2/files-2.1/com.zaxxer/HikariCP/3.2.0/6c66db1c636ee90beb4c65fe34abd8ba9396bca6/HikariCP-3.2.0.jar, file:/Users/govlmo91/.gradle/caches/modules-2/files-2.1/javax.activation/javax.activation-api/1.2.0/85262acf3ca9816f9537ca47d5adeabaead7cb16/javax.activation-api-1.2.0.jar, file:/Users/govlmo91/.gradle/caches/modules-2/files-2.1/javax.persistence/javax.persistence-api/2.2/25665ac8c0b62f50e6488173233239120fc52c96/javax.persistence-api-2.2.jar, file:/Users/govlmo91/.gradle/caches/modules-2/files-2.1/org.javassist/javassist/3.23.2-GA/c5afe660a95e87ceb518e4f5cf02f5c56b547683/javassist-3.23.2-GA.jar, file:/Users/govlmo91/.gradle/caches/modules-2/files-2.1/net.bytebuddy/byte-buddy/1.9.16/e7d63009be7b87ff1f15b72e5b8c59c897a8d8bd/byte-buddy-1.9.16.jar, file:/Users/govlmo91/.gradle/caches/modules-2/files-2.1/antlr/antlr/2.7.7/83cd2cd674a217ade95a4bb83a8a14f351f48bd0/antlr-2.7.7.jar, file:/Users/govlmo91/.gradle/caches/modules-2/files-2.1/org.jboss/jandex/2.0.5.Final/7060f67764565b9ee9d467e3ed0cb8a9c601b23a/jandex-2.0.5.Final.jar, file:/Users/govlmo91/.gradle/caches/modules-2/files-2.1/org.dom4j/dom4j/2.1.1/3dce5dbb3571aa820c677fadd8349bfa8f00c199/dom4j-2.1.1.jar, file:/Users/govlmo91/.gradle/caches/modules-2/files-2.1/ch.qos.logback/logback-classic/1.2.3/7c4f3c474fb2c041d8028740440937705ebb473a/logback-classic-1.2.3.jar, file:/Users/govlmo91/.gradle/caches/modules-2/files-2.1/org.apache.logging.log4j/log4j-to-slf4j/2.11.2/6d37bf7b046c0ce2669f26b99365a2cfa45c4c18/log4j-to-slf4j-2.11.2.jar, file:/Users/govlmo91/.gradle/caches/modules-2/files-2.1/org.slf4j/jul-to-slf4j/1.7.26/8031352b2bb0a49e67818bf04c027aa92e645d5c/jul-to-slf4j-1.7.26.jar, file:/Users/govlmo91/.gradle/caches/modules-2/files-2.1/org.slf4j/slf4j-api/1.7.26/77100a62c2e6f04b53977b9f541044d7d722693d/slf4j-api-1.7.26.jar, file:/Users/govlmo91/.gradle/caches/modules-2/files-2.1/net.minidev/json-smart/2.3/7396407491352ce4fa30de92efb158adb76b5b/json-smart-2.3.jar, file:/Users/govlmo91/.gradle/caches/modules-2/files-2.1/net.bytebuddy/byte-buddy-agent/1.9.16/fd213511a0a845632456f636e576d24c2d6ac3bc/byte-buddy-agent-1.9.16.jar, file:/Users/govlmo91/.gradle/caches/modules-2/files-2.1/org.objenesis/objenesis/2.6/639033469776fd37c08358c6b92a4761feb2af4b/objenesis-2.6.jar, file:/Users/govlmo91/.gradle/caches/modules-2/files-2.1/com.vaadin.external.google/android-json/0.0.20131108.vaadin1/fa26d351fe62a6a17f5cda1287c1c6110dec413f/android-json-0.0.20131108.vaadin1.jar, file:/Users/govlmo91/.gradle/caches/modules-2/files-2.1/org.springframework/spring-jcl/5.1.9.RELEASE/7c372790c999777d20f364960cf557dd74f890cf/spring-jcl-5.1.9.RELEASE.jar, file:/Users/govlmo91/.gradle/caches/modules-2/files-2.1/com.fasterxml.jackson.core/jackson-annotations/2.9.0/7c10d545325e3a6e72e06381afe469fd40eb701/jackson-annotations-2.9.0.jar, file:/Users/govlmo91/.gradle/caches/modules-2/files-2.1/com.fasterxml.jackson.core/jackson-core/2.9.9/bfff5af9fb8347d26bbb7959cb9b4fe9a2b0ca5e/jackson-core-2.9.9.jar, file:/Users/govlmo91/.gradle/caches/modules-2/files-2.1/net.minidev/accessors-smart/1.2/c592b500269bfde36096641b01238a8350f8aa31/accessors-smart-1.2.jar, file:/Users/govlmo91/.gradle/caches/modules-2/files-2.1/ch.qos.logback/logback-core/1.2.3/864344400c3d4d92dfeb0a305dc87d953677c03c/logback-core-1.2.3.jar, file:/Users/govlmo91/.gradle/caches/modules-2/files-2.1/org.apache.logging.log4j/log4j-api/2.11.2/f5e9a2ffca496057d6891a3de65128efc636e26e/log4j-api-2.11.2.jar, file:/Users/govlmo91/.gradle/caches/modules-2/files-2.1/org.ow2.asm/asm/5.0.4/da08b8cce7bbf903602a25a3a163ae252435795/asm-5.0.4.jar]

  .   ____          _            __ _ _
 /\\ / ___'_ __ _ _(_)_ __  __ _ \ \ \ \
( ( )\___ | '_ | '_| | '_ \/ _` | \ \ \ \
 \\/  ___)| |_)| | | | | || (_| |  ) ) ) )
  '  |____| .__|_| |_|_| |_\__, | / / / /
 =========|_|==============|___/=/_/_/_/
 :: Spring Boot ::        (v2.1.7.RELEASE)

2019-12-06 11:18:42.675  INFO 7503 --- [    Test worker] k.g.j.s.web.IndexControllerTest          : Starting IndexControllerTest on govlmo91ui-MacBookPro.local with PID 7503 (started by govlmo91 in /Users/govlmo91/IdeaProjects/jojoldubook)
2019-12-06 11:18:42.675 DEBUG 7503 --- [    Test worker] k.g.j.s.web.IndexControllerTest          : Running with Spring Boot v2.1.7.RELEASE, Spring v5.1.9.RELEASE
2019-12-06 11:18:42.676  INFO 7503 --- [    Test worker] k.g.j.s.web.IndexControllerTest          : No active profile set, falling back to default profiles: default
2019-12-06 11:18:42.676 DEBUG 7503 --- [    Test worker] o.s.boot.SpringApplication               : Loading source class kr.gracelove.jojoldu.springboot.Application
2019-12-06 11:18:42.677 DEBUG 7503 --- [    Test worker] o.s.b.c.c.ConfigFileApplicationListener  : Loaded config file 'file:/Users/govlmo91/IdeaProjects/jojoldubook/build/resources/main/application.properties' (classpath:/application.properties)
2019-12-06 11:18:42.677 DEBUG 7503 --- [    Test worker] ConfigServletWebServerApplicationContext : Refreshing org.springframework.boot.web.servlet.context.AnnotationConfigServletWebServerApplicationContext@3302270e
2019-12-06 11:18:42.679 DEBUG 7503 --- [    Test worker] o.s.b.f.s.DefaultListableBeanFactory     : Creating shared instance of singleton bean 'org.springframework.context.annotation.internalConfigurationAnnotationProcessor'
2019-12-06 11:18:42.679 DEBUG 7503 --- [    Test worker] o.s.b.f.s.DefaultListableBeanFactory     : Creating shared instance of singleton bean 'org.springframework.boot.autoconfigure.internalCachingMetadataReaderFactory'
2019-12-06 11:18:42.692 DEBUG 7503 --- [    Test worker] o.s.c.a.ClassPathBeanDefinitionScanner   : Identified candidate component class: file [/Users/govlmo91/IdeaProjects/jojoldubook/build/classes/java/main/kr/gracelove/jojoldu/springboot/service/posts/PostsService.class]
2019-12-06 11:18:42.693 DEBUG 7503 --- [    Test worker] o.s.c.a.ClassPathBeanDefinitionScanner   : Identified candidate component class: file [/Users/govlmo91/IdeaProjects/jojoldubook/build/classes/java/main/kr/gracelove/jojoldu/springboot/web/HelloController.class]
2019-12-06 11:18:42.693 DEBUG 7503 --- [    Test worker] o.s.c.a.ClassPathBeanDefinitionScanner   : Identified candidate component class: file [/Users/govlmo91/IdeaProjects/jojoldubook/build/classes/java/main/kr/gracelove/jojoldu/springboot/web/IndexController.class]
2019-12-06 11:18:42.693 DEBUG 7503 --- [    Test worker] o.s.c.a.ClassPathBeanDefinitionScanner   : Identified candidate component class: file [/Users/govlmo91/IdeaProjects/jojoldubook/build/classes/java/main/kr/gracelove/jojoldu/springboot/web/PostsApiController.class]
2019-12-06 11:18:42.757 DEBUG 7503 --- [    Test worker] o.s.c.e.PropertySourcesPropertyResolver  : Found key 'spring.jmx.enabled' in PropertySource 'configurationProperties' with value of type String
2019-12-06 11:18:42.774 DEBUG 7503 --- [    Test worker] o.s.c.e.PropertySourcesPropertyResolver  : Found key 'spring.jmx.enabled' in PropertySource 'configurationProperties' with value of type String
2019-12-06 11:18:42.799 DEBUG 7503 --- [    Test worker] o.s.c.e.PropertySourcesPropertyResolver  : Found key 'spring.h2.console.enabled' in PropertySource 'configurationProperties' with value of type String
2019-12-06 11:18:42.813 DEBUG 7503 --- [    Test worker] o.s.b.f.s.DefaultListableBeanFactory     : Creating shared instance of singleton bean 'org.springframework.boot.autoconfigure.condition.BeanTypeRegistry'
2019-12-06 11:18:42.864  INFO 7503 --- [    Test worker] .s.d.r.c.RepositoryConfigurationDelegate : Bootstrapping Spring Data repositories in DEFAULT mode.
2019-12-06 11:18:42.872 DEBUG 7503 --- [    Test worker] o.s.b.f.s.DefaultListableBeanFactory     : Creating shared instance of singleton bean 'org.springframework.boot.autoconfigure.AutoConfigurationPackages'
2019-12-06 11:18:42.872 DEBUG 7503 --- [    Test worker] o.s.b.a.AutoConfigurationPackages        : @EnableAutoConfiguration was declared on a class in the package 'kr.gracelove.jojoldu.springboot'. Automatic @Repository and @Entity scanning is enabled.
2019-12-06 11:18:42.874 DEBUG 7503 --- [    Test worker] .s.d.r.c.RepositoryConfigurationDelegate : Scanning for repositories in packages kr.gracelove.jojoldu.springboot.
2019-12-06 11:18:42.882 DEBUG 7503 --- [    Test worker] o.s.d.r.c.RepositoryComponentProvider    : Identified candidate component class: file [/Users/govlmo91/IdeaProjects/jojoldubook/build/classes/java/main/kr/gracelove/jojoldu/springboot/domain/posts/PostsRepository.class]
2019-12-06 11:18:42.919  INFO 7503 --- [    Test worker] .s.d.r.c.RepositoryConfigurationDelegate : Finished Spring Data repository scanning in 45ms. Found 1 repository interfaces.
2019-12-06 11:18:42.925 DEBUG 7503 --- [    Test worker] o.s.c.e.PropertySourcesPropertyResolver  : Found key 'spring.h2.console.enabled' in PropertySource 'configurationProperties' with value of type String
2019-12-06 11:18:42.962 DEBUG 7503 --- [    Test worker] o.s.b.f.s.DefaultListableBeanFactory     : Creating shared instance of singleton bean 'org.springframework.boot.test.web.client.TestRestTemplateContextCustomizer$TestRestTemplateRegistrar'
2019-12-06 11:18:43.091 DEBUG 7503 --- [    Test worker] o.s.b.f.s.DefaultListableBeanFactory     : Creating shared instance of singleton bean 'propertySourcesPlaceholderConfigurer'
2019-12-06 11:18:43.095 DEBUG 7503 --- [    Test worker] o.s.b.f.s.DefaultListableBeanFactory     : Creating shared instance of singleton bean 'org.springframework.boot.test.mock.mockito.MockitoPostProcessor'
2019-12-06 11:18:43.095 DEBUG 7503 --- [    Test worker] o.s.b.f.s.DefaultListableBeanFactory     : Creating shared instance of singleton bean 'emBeanDefinitionRegistrarPostProcessor'
2019-12-06 11:18:43.107 DEBUG 7503 --- [    Test worker] o.s.b.f.s.DefaultListableBeanFactory     : Creating shared instance of singleton bean 'org.springframework.context.event.internalEventListenerProcessor'
2019-12-06 11:18:43.107 DEBUG 7503 --- [    Test worker] o.s.b.f.s.DefaultListableBeanFactory     : Creating shared instance of singleton bean 'org.springframework.data.jpa.domain.support.AuditingBeanFactoryPostProcessor'
2019-12-06 11:18:43.107 DEBUG 7503 --- [    Test worker] o.s.b.f.s.DefaultListableBeanFactory     : Creating shared instance of singleton bean 'org.springframework.boot.context.properties.ConfigurationBeanFactoryMetadata'
2019-12-06 11:18:43.107 DEBUG 7503 --- [    Test worker] o.s.b.f.s.DefaultListableBeanFactory     : Creating shared instance of singleton bean 'preserveErrorControllerTargetClassPostProcessor'
2019-12-06 11:18:43.109 DEBUG 7503 --- [    Test worker] o.s.b.f.s.DefaultListableBeanFactory     : Creating shared instance of singleton bean 'org.springframework.context.event.internalEventListenerFactory'
2019-12-06 11:18:43.109 DEBUG 7503 --- [    Test worker] o.s.b.f.s.DefaultListableBeanFactory     : Creating shared instance of singleton bean 'org.springframework.transaction.config.internalTransactionalEventListenerFactory'
2019-12-06 11:18:43.111 DEBUG 7503 --- [    Test worker] o.s.b.f.s.DefaultListableBeanFactory     : Creating shared instance of singleton bean 'org.springframework.context.annotation.internalAutowiredAnnotationProcessor'
2019-12-06 11:18:43.112 DEBUG 7503 --- [    Test worker] o.s.b.f.s.DefaultListableBeanFactory     : Creating shared instance of singleton bean 'org.springframework.context.annotation.internalCommonAnnotationProcessor'
2019-12-06 11:18:43.112 DEBUG 7503 --- [    Test worker] o.s.b.f.s.DefaultListableBeanFactory     : Creating shared instance of singleton bean 'org.springframework.context.annotation.internalPersistenceAnnotationProcessor'
2019-12-06 11:18:43.112 DEBUG 7503 --- [    Test worker] o.s.b.f.s.DefaultListableBeanFactory     : Creating shared instance of singleton bean 'org.springframework.boot.test.mock.mockito.MockitoPostProcessor$SpyPostProcessor'
2019-12-06 11:18:43.112 DEBUG 7503 --- [    Test worker] o.s.b.f.s.DefaultListableBeanFactory     : Creating shared instance of singleton bean 'org.springframework.boot.context.properties.ConfigurationPropertiesBindingPostProcessor'
2019-12-06 11:18:43.113 DEBUG 7503 --- [    Test worker] o.s.b.f.s.DefaultListableBeanFactory     : Creating shared instance of singleton bean 'methodValidationPostProcessor'
2019-12-06 11:18:43.121 DEBUG 7503 --- [    Test worker] o.s.b.f.s.DefaultListableBeanFactory     : Autowiring by type from bean name 'methodValidationPostProcessor' via factory method to bean named 'environment'
2019-12-06 11:18:43.127 DEBUG 7503 --- [    Test worker] o.s.b.f.s.DefaultListableBeanFactory     : Creating shared instance of singleton bean 'org.springframework.aop.config.internalAutoProxyCreator'
2019-12-06 11:18:43.146 DEBUG 7503 --- [    Test worker] o.s.b.f.s.DefaultListableBeanFactory     : Creating shared instance of singleton bean 'dataSourceInitializerPostProcessor'
2019-12-06 11:18:43.149 DEBUG 7503 --- [    Test worker] o.s.b.f.s.DefaultListableBeanFactory     : Creating shared instance of singleton bean 'persistenceExceptionTranslationPostProcessor'
2019-12-06 11:18:43.150 DEBUG 7503 --- [    Test worker] o.s.b.f.s.DefaultListableBeanFactory     : Autowiring by type from bean name 'persistenceExceptionTranslationPostProcessor' via factory method to bean named 'environment'
2019-12-06 11:18:43.156 DEBUG 7503 --- [    Test worker] o.s.b.f.s.DefaultListableBeanFactory     : Creating shared instance of singleton bean 'webServerFactoryCustomizerBeanPostProcessor'
2019-12-06 11:18:43.158 DEBUG 7503 --- [    Test worker] o.s.b.f.s.DefaultListableBeanFactory     : Creating shared instance of singleton bean 'errorPageRegistrarBeanPostProcessor'
2019-12-06 11:18:43.160 DEBUG 7503 --- [    Test worker] o.s.b.f.s.DefaultListableBeanFactory     : Creating shared instance of singleton bean 'dataSourceInitializedPublisher'
2019-12-06 11:18:43.163 DEBUG 7503 --- [    Test worker] o.s.b.f.s.DefaultListableBeanFactory     : Creating shared instance of singleton bean 'projectingArgumentResolverBeanPostProcessor'
2019-12-06 11:18:43.164 DEBUG 7503 --- [    Test worker] o.s.b.f.s.DefaultListableBeanFactory     : Creating shared instance of singleton bean 'org.springframework.transaction.config.internalTransactionAdvisor'
2019-12-06 11:18:43.164 DEBUG 7503 --- [    Test worker] o.s.b.f.s.DefaultListableBeanFactory     : Creating shared instance of singleton bean 'org.springframework.transaction.annotation.ProxyTransactionManagementConfiguration'
2019-12-06 11:18:43.177  INFO 7503 --- [    Test worker] trationDelegate$BeanPostProcessorChecker : Bean 'org.springframework.transaction.annotation.ProxyTransactionManagementConfiguration' of type [org.springframework.transaction.annotation.ProxyTransactionManagementConfiguration$$EnhancerBySpringCGLIB$$43265187] is not eligible for getting processed by all BeanPostProcessors (for example: not eligible for auto-proxying)
2019-12-06 11:18:43.187 DEBUG 7503 --- [    Test worker] o.s.b.f.s.DefaultListableBeanFactory     : Creating shared instance of singleton bean 'transactionAttributeSource'
2019-12-06 11:18:43.191 DEBUG 7503 --- [    Test worker] o.s.b.f.s.DefaultListableBeanFactory     : Creating shared instance of singleton bean 'transactionInterceptor'
2019-12-06 11:18:43.206 DEBUG 7503 --- [    Test worker] o.s.u.c.s.UiApplicationContextUtils      : Unable to locate ThemeSource with name 'themeSource': using default [org.springframework.ui.context.support.ResourceBundleThemeSource@76c498af]
2019-12-06 11:18:43.206 DEBUG 7503 --- [    Test worker] o.s.b.f.s.DefaultListableBeanFactory     : Creating shared instance of singleton bean 'tomcatServletWebServerFactory'
2019-12-06 11:18:43.207 DEBUG 7503 --- [    Test worker] o.s.b.f.s.DefaultListableBeanFactory     : Creating shared instance of singleton bean 'org.springframework.boot.autoconfigure.web.servlet.ServletWebServerFactoryConfiguration$EmbeddedTomcat'
2019-12-06 11:18:43.226 DEBUG 7503 --- [    Test worker] o.a.catalina.core.AprLifecycleListener   : The APR based Apache Tomcat Native library could not be found using names [tcnative-1, libtcnative-1] on the java.library.path [/Users/govlmo91/Library/Java/Extensions:/Library/Java/Extensions:/Network/Library/Java/Extensions:/System/Library/Java/Extensions:/usr/lib/java:.]. The errors reported were [Can't load library: /Users/govlmo91/IdeaProjects/jojoldubook/bin/libtcnative-1.dylib, Can't load library: /Users/govlmo91/IdeaProjects/jojoldubook/bin/liblibtcnative-1.dylib, no tcnative-1 in java.library.path, no libtcnative-1 in java.library.path]

org.apache.tomcat.jni.LibraryNotFoundError: Can't load library: /Users/govlmo91/IdeaProjects/jojoldubook/bin/libtcnative-1.dylib, Can't load library: /Users/govlmo91/IdeaProjects/jojoldubook/bin/liblibtcnative-1.dylib, no tcnative-1 in java.library.path, no libtcnative-1 in java.library.path
	at org.apache.tomcat.jni.Library.<init>(Library.java:102) ~[tomcat-embed-core-9.0.22.jar:9.0.22]
	at org.apache.tomcat.jni.Library.initialize(Library.java:206) ~[tomcat-embed-core-9.0.22.jar:9.0.22]
	at org.apache.catalina.core.AprLifecycleListener.init(AprLifecycleListener.java:198) [tomcat-embed-core-9.0.22.jar:9.0.22]
	at org.apache.catalina.core.AprLifecycleListener.isAprAvailable(AprLifecycleListener.java:107) [tomcat-embed-core-9.0.22.jar:9.0.22]
	at org.springframework.boot.web.embedded.tomcat.TomcatServletWebServerFactory.getDefaultLifecycleListeners(TomcatServletWebServerFactory.java:161) [spring-boot-2.1.7.RELEASE.jar:2.1.7.RELEASE]
	at org.springframework.boot.web.embedded.tomcat.TomcatServletWebServerFactory.<init>(TomcatServletWebServerFactory.java:116) [spring-boot-2.1.7.RELEASE.jar:2.1.7.RELEASE]
	at org.springframework.boot.autoconfigure.web.servlet.ServletWebServerFactoryConfiguration$EmbeddedTomcat.tomcatServletWebServerFactory(ServletWebServerFactoryConfiguration.java:61) [spring-boot-autoconfigure-2.1.7.RELEASE.jar:2.1.7.RELEASE]
	at org.springframework.boot.autoconfigure.web.servlet.ServletWebServerFactoryConfiguration$EmbeddedTomcat$$EnhancerBySpringCGLIB$$ada8c371.CGLIB$tomcatServletWebServerFactory$0(<generated>) [spring-boot-autoconfigure-2.1.7.RELEASE.jar:2.1.7.RELEASE]
	at org.springframework.boot.autoconfigure.web.servlet.ServletWebServerFactoryConfiguration$EmbeddedTomcat$$EnhancerBySpringCGLIB$$ada8c371$$FastClassBySpringCGLIB$$7b622f58.invoke(<generated>) [spring-boot-autoconfigure-2.1.7.RELEASE.jar:2.1.7.RELEASE]
	at org.springframework.cglib.proxy.MethodProxy.invokeSuper(MethodProxy.java:244) [spring-core-5.1.9.RELEASE.jar:5.1.9.RELEASE]
	at org.springframework.context.annotation.ConfigurationClassEnhancer$BeanMethodInterceptor.intercept(ConfigurationClassEnhancer.java:363) [spring-context-5.1.9.RELEASE.jar:5.1.9.RELEASE]
	at org.springframework.boot.autoconfigure.web.servlet.ServletWebServerFactoryConfiguration$EmbeddedTomcat$$EnhancerBySpringCGLIB$$ada8c371.tomcatServletWebServerFactory(<generated>) [spring-boot-autoconfigure-2.1.7.RELEASE.jar:2.1.7.RELEASE]
	at sun.reflect.NativeMethodAccessorImpl.invoke0(Native Method) ~[na:1.8.0_222]
	at sun.reflect.NativeMethodAccessorImpl.invoke(NativeMethodAccessorImpl.java:62) ~[na:1.8.0_222]
	at sun.reflect.DelegatingMethodAccessorImpl.invoke(DelegatingMethodAccessorImpl.java:43) ~[na:1.8.0_222]
	at java.lang.reflect.Method.invoke(Method.java:498) ~[na:1.8.0_222]
	at org.springframework.beans.factory.support.SimpleInstantiationStrategy.instantiate(SimpleInstantiationStrategy.java:154) [spring-beans-5.1.9.RELEASE.jar:5.1.9.RELEASE]
	at org.springframework.beans.factory.support.ConstructorResolver.instantiate(ConstructorResolver.java:622) [spring-beans-5.1.9.RELEASE.jar:5.1.9.RELEASE]
	at org.springframework.beans.factory.support.ConstructorResolver.instantiateUsingFactoryMethod(ConstructorResolver.java:456) [spring-beans-5.1.9.RELEASE.jar:5.1.9.RELEASE]
	at org.springframework.beans.factory.support.AbstractAutowireCapableBeanFactory.instantiateUsingFactoryMethod(AbstractAutowireCapableBeanFactory.java:1321) [spring-beans-5.1.9.RELEASE.jar:5.1.9.RELEASE]
	at org.springframework.beans.factory.support.AbstractAutowireCapableBeanFactory.createBeanInstance(AbstractAutowireCapableBeanFactory.java:1160) [spring-beans-5.1.9.RELEASE.jar:5.1.9.RELEASE]
	at org.springframework.beans.factory.support.AbstractAutowireCapableBeanFactory.doCreateBean(AbstractAutowireCapableBeanFactory.java:555) [spring-beans-5.1.9.RELEASE.jar:5.1.9.RELEASE]
	at org.springframework.beans.factory.support.AbstractAutowireCapableBeanFactory.createBean(AbstractAutowireCapableBeanFactory.java:515) [spring-beans-5.1.9.RELEASE.jar:5.1.9.RELEASE]
	at org.springframework.beans.factory.support.AbstractBeanFactory.lambda$doGetBean$0(AbstractBeanFactory.java:320) [spring-beans-5.1.9.RELEASE.jar:5.1.9.RELEASE]
	at org.springframework.beans.factory.support.DefaultSingletonBeanRegistry.getSingleton(DefaultSingletonBeanRegistry.java:222) ~[spring-beans-5.1.9.RELEASE.jar:5.1.9.RELEASE]
	at org.springframework.beans.factory.support.AbstractBeanFactory.doGetBean(AbstractBeanFactory.java:318) [spring-beans-5.1.9.RELEASE.jar:5.1.9.RELEASE]
	at org.springframework.beans.factory.support.AbstractBeanFactory.getBean(AbstractBeanFactory.java:204) [spring-beans-5.1.9.RELEASE.jar:5.1.9.RELEASE]
	at org.springframework.boot.web.servlet.context.ServletWebServerApplicationContext.getWebServerFactory(ServletWebServerApplicationContext.java:210) ~[spring-boot-2.1.7.RELEASE.jar:2.1.7.RELEASE]
	at org.springframework.boot.web.servlet.context.ServletWebServerApplicationContext.createWebServer(ServletWebServerApplicationContext.java:179) ~[spring-boot-2.1.7.RELEASE.jar:2.1.7.RELEASE]
	at org.springframework.boot.web.servlet.context.ServletWebServerApplicationContext.onRefresh(ServletWebServerApplicationContext.java:153) ~[spring-boot-2.1.7.RELEASE.jar:2.1.7.RELEASE]
	at org.springframework.context.support.AbstractApplicationContext.refresh(AbstractApplicationContext.java:543) ~[spring-context-5.1.9.RELEASE.jar:5.1.9.RELEASE]
	at org.springframework.boot.web.servlet.context.ServletWebServerApplicationContext.refresh(ServletWebServerApplicationContext.java:141) ~[spring-boot-2.1.7.RELEASE.jar:2.1.7.RELEASE]
	at org.springframework.boot.SpringApplication.refresh(SpringApplication.java:743) ~[spring-boot-2.1.7.RELEASE.jar:2.1.7.RELEASE]
	at org.springframework.boot.SpringApplication.refreshContext(SpringApplication.java:390) ~[spring-boot-2.1.7.RELEASE.jar:2.1.7.RELEASE]
	at org.springframework.boot.SpringApplication.run(SpringApplication.java:312) ~[spring-boot-2.1.7.RELEASE.jar:2.1.7.RELEASE]
	at org.springframework.boot.test.context.SpringBootContextLoader.loadContext(SpringBootContextLoader.java:120) ~[spring-boot-test-2.1.7.RELEASE.jar:2.1.7.RELEASE]
	at org.springframework.test.context.cache.DefaultCacheAwareContextLoaderDelegate.loadContextInternal(DefaultCacheAwareContextLoaderDelegate.java:99) ~[spring-test-5.1.9.RELEASE.jar:5.1.9.RELEASE]
	at org.springframework.test.context.cache.DefaultCacheAwareContextLoaderDelegate.loadContext(DefaultCacheAwareContextLoaderDelegate.java:117) ~[spring-test-5.1.9.RELEASE.jar:5.1.9.RELEASE]
	at org.springframework.test.context.support.DefaultTestContext.getApplicationContext(DefaultTestContext.java:108) ~[spring-test-5.1.9.RELEASE.jar:5.1.9.RELEASE]
	at org.springframework.test.context.support.DependencyInjectionTestExecutionListener.injectDependencies(DependencyInjectionTestExecutionListener.java:118) ~[spring-test-5.1.9.RELEASE.jar:5.1.9.RELEASE]
	at org.springframework.test.context.support.DependencyInjectionTestExecutionListener.prepareTestInstance(DependencyInjectionTestExecutionListener.java:83) ~[spring-test-5.1.9.RELEASE.jar:5.1.9.RELEASE]
	at org.springframework.boot.test.autoconfigure.SpringBootDependencyInjectionTestExecutionListener.prepareTestInstance(SpringBootDependencyInjectionTestExecutionListener.java:43) ~[spring-boot-test-autoconfigure-2.1.7.RELEASE.jar:2.1.7.RELEASE]
	at org.springframework.test.context.TestContextManager.prepareTestInstance(TestContextManager.java:246) ~[spring-test-5.1.9.RELEASE.jar:5.1.9.RELEASE]
	at org.springframework.test.context.junit4.SpringJUnit4ClassRunner.createTest(SpringJUnit4ClassRunner.java:227) ~[spring-test-5.1.9.RELEASE.jar:5.1.9.RELEASE]
	at org.springframework.test.context.junit4.SpringJUnit4ClassRunner$1.runReflectiveCall(SpringJUnit4ClassRunner.java:289) ~[spring-test-5.1.9.RELEASE.jar:5.1.9.RELEASE]
	at org.junit.internal.runners.model.ReflectiveCallable.run(ReflectiveCallable.java:12) ~[junit-4.12.jar:4.12]
	at org.springframework.test.context.junit4.SpringJUnit4ClassRunner.methodBlock(SpringJUnit4ClassRunner.java:291) ~[spring-test-5.1.9.RELEASE.jar:5.1.9.RELEASE]
	at org.springframework.test.context.junit4.SpringJUnit4ClassRunner.runChild(SpringJUnit4ClassRunner.java:246) ~[spring-test-5.1.9.RELEASE.jar:5.1.9.RELEASE]
	at org.springframework.test.context.junit4.SpringJUnit4ClassRunner.runChild(SpringJUnit4ClassRunner.java:97) ~[spring-test-5.1.9.RELEASE.jar:5.1.9.RELEASE]
	at org.junit.runners.ParentRunner$3.run(ParentRunner.java:290) ~[junit-4.12.jar:4.12]
	at org.junit.runners.ParentRunner$1.schedule(ParentRunner.java:71) ~[junit-4.12.jar:4.12]
	at org.junit.runners.ParentRunner.runChildren(ParentRunner.java:288) ~[junit-4.12.jar:4.12]
	at org.junit.runners.ParentRunner.access$000(ParentRunner.java:58) ~[junit-4.12.jar:4.12]
	at org.junit.runners.ParentRunner$2.evaluate(ParentRunner.java:268) ~[junit-4.12.jar:4.12]
	at org.springframework.test.context.junit4.statements.RunBeforeTestClassCallbacks.evaluate(RunBeforeTestClassCallbacks.java:61) ~[spring-test-5.1.9.RELEASE.jar:5.1.9.RELEASE]
	at org.springframework.test.context.junit4.statements.RunAfterTestClassCallbacks.evaluate(RunAfterTestClassCallbacks.java:70) ~[spring-test-5.1.9.RELEASE.jar:5.1.9.RELEASE]
	at org.junit.runners.ParentRunner.run(ParentRunner.java:363) ~[junit-4.12.jar:4.12]
	at org.springframework.test.context.junit4.SpringJUnit4ClassRunner.run(SpringJUnit4ClassRunner.java:190) ~[spring-test-5.1.9.RELEASE.jar:5.1.9.RELEASE]
	at org.gradle.api.internal.tasks.testing.junit.JUnitTestClassExecutor.runTestClass(JUnitTestClassExecutor.java:110) ~[na:na]
	at org.gradle.api.internal.tasks.testing.junit.JUnitTestClassExecutor.execute(JUnitTestClassExecutor.java:58) ~[na:na]
	at org.gradle.api.internal.tasks.testing.junit.JUnitTestClassExecutor.execute(JUnitTestClassExecutor.java:38) ~[na:na]
	at org.gradle.api.internal.tasks.testing.junit.AbstractJUnitTestClassProcessor.processTestClass(AbstractJUnitTestClassProcessor.java:62) ~[na:na]
	at org.gradle.api.internal.tasks.testing.SuiteTestClassProcessor.processTestClass(SuiteTestClassProcessor.java:51) ~[na:na]
	at sun.reflect.NativeMethodAccessorImpl.invoke0(Native Method) ~[na:1.8.0_222]
	at sun.reflect.NativeMethodAccessorImpl.invoke(NativeMethodAccessorImpl.java:62) ~[na:1.8.0_222]
	at sun.reflect.DelegatingMethodAccessorImpl.invoke(DelegatingMethodAccessorImpl.java:43) ~[na:1.8.0_222]
	at java.lang.reflect.Method.invoke(Method.java:498) ~[na:1.8.0_222]
	at org.gradle.internal.dispatch.ReflectionDispatch.dispatch(ReflectionDispatch.java:35) ~[na:na]
	at org.gradle.internal.dispatch.ReflectionDispatch.dispatch(ReflectionDispatch.java:24) ~[na:na]
	at org.gradle.internal.dispatch.ContextClassLoaderDispatch.dispatch(ContextClassLoaderDispatch.java:32) ~[na:na]
	at org.gradle.internal.dispatch.ProxyDispatchAdapter$DispatchingInvocationHandler.invoke(ProxyDispatchAdapter.java:93) ~[na:na]
	at com.sun.proxy.$Proxy2.processTestClass(Unknown Source) ~[na:na]
	at org.gradle.api.internal.tasks.testing.worker.TestWorker.processTestClass(TestWorker.java:118) ~[na:na]
	at sun.reflect.NativeMethodAccessorImpl.invoke0(Native Method) ~[na:1.8.0_222]
	at sun.reflect.NativeMethodAccessorImpl.invoke(NativeMethodAccessorImpl.java:62) ~[na:1.8.0_222]
	at sun.reflect.DelegatingMethodAccessorImpl.invoke(DelegatingMethodAccessorImpl.java:43) ~[na:1.8.0_222]
	at java.lang.reflect.Method.invoke(Method.java:498) ~[na:1.8.0_222]
	at org.gradle.internal.dispatch.ReflectionDispatch.dispatch(ReflectionDispatch.java:35) ~[na:na]
	at org.gradle.internal.dispatch.ReflectionDispatch.dispatch(ReflectionDispatch.java:24) ~[na:na]
	at org.gradle.internal.remote.internal.hub.MessageHubBackedObjectConnection$DispatchWrapper.dispatch(MessageHubBackedObjectConnection.java:175) ~[na:na]
	at org.gradle.internal.remote.internal.hub.MessageHubBackedObjectConnection$DispatchWrapper.dispatch(MessageHubBackedObjectConnection.java:157) ~[na:na]
	at org.gradle.internal.remote.internal.hub.MessageHub$Handler.run(MessageHub.java:404) ~[na:na]
	at org.gradle.internal.concurrent.ExecutorPolicy$CatchAndRecordFailures.onExecute(ExecutorPolicy.java:63) ~[na:na]
	at org.gradle.internal.concurrent.ManagedExecutorImpl$1.run(ManagedExecutorImpl.java:46) ~[na:na]
	at java.util.concurrent.ThreadPoolExecutor.runWorker(ThreadPoolExecutor.java:1149) ~[na:1.8.0_222]
	at java.util.concurrent.ThreadPoolExecutor$Worker.run(ThreadPoolExecutor.java:624) ~[na:1.8.0_222]
	at org.gradle.internal.concurrent.ThreadFactoryImpl$ManagedThreadRunnable.run(ThreadFactoryImpl.java:55) ~[na:na]
	at java.lang.Thread.run(Thread.java:748) ~[na:1.8.0_222]

2019-12-06 11:18:43.246 DEBUG 7503 --- [    Test worker] o.s.b.f.s.DefaultListableBeanFactory     : Creating shared instance of singleton bean 'websocketServletWebServerCustomizer'
2019-12-06 11:18:43.246 DEBUG 7503 --- [    Test worker] o.s.b.f.s.DefaultListableBeanFactory     : Creating shared instance of singleton bean 'org.springframework.boot.autoconfigure.websocket.servlet.WebSocketServletAutoConfiguration$TomcatWebSocketConfiguration'
2019-12-06 11:18:43.253 DEBUG 7503 --- [    Test worker] o.s.b.f.s.DefaultListableBeanFactory     : Creating shared instance of singleton bean 'servletWebServerFactoryCustomizer'
2019-12-06 11:18:43.253 DEBUG 7503 --- [    Test worker] o.s.b.f.s.DefaultListableBeanFactory     : Creating shared instance of singleton bean 'org.springframework.boot.autoconfigure.web.servlet.ServletWebServerFactoryAutoConfiguration'
2019-12-06 11:18:43.257 DEBUG 7503 --- [    Test worker] o.s.b.f.s.DefaultListableBeanFactory     : Creating shared instance of singleton bean 'server-org.springframework.boot.autoconfigure.web.ServerProperties'
2019-12-06 11:18:43.277 DEBUG 7503 --- [    Test worker] o.s.b.f.s.DefaultListableBeanFactory     : Autowiring by type from bean name 'servletWebServerFactoryCustomizer' via factory method to bean named 'server-org.springframework.boot.autoconfigure.web.ServerProperties'
2019-12-06 11:18:43.282 DEBUG 7503 --- [    Test worker] o.s.b.f.s.DefaultListableBeanFactory     : Creating shared instance of singleton bean 'tomcatServletWebServerFactoryCustomizer'
2019-12-06 11:18:43.283 DEBUG 7503 --- [    Test worker] o.s.b.f.s.DefaultListableBeanFactory     : Autowiring by type from bean name 'tomcatServletWebServerFactoryCustomizer' via factory method to bean named 'server-org.springframework.boot.autoconfigure.web.ServerProperties'
2019-12-06 11:18:43.286 DEBUG 7503 --- [    Test worker] o.s.b.f.s.DefaultListableBeanFactory     : Creating shared instance of singleton bean 'tomcatWebServerFactoryCustomizer'
2019-12-06 11:18:43.286 DEBUG 7503 --- [    Test worker] o.s.b.f.s.DefaultListableBeanFactory     : Creating shared instance of singleton bean 'org.springframework.boot.autoconfigure.web.embedded.EmbeddedWebServerFactoryCustomizerAutoConfiguration$TomcatWebServerFactoryCustomizerConfiguration'
2019-12-06 11:18:43.290 DEBUG 7503 --- [    Test worker] o.s.b.f.s.DefaultListableBeanFactory     : Autowiring by type from bean name 'tomcatWebServerFactoryCustomizer' via factory method to bean named 'environment'
2019-12-06 11:18:43.290 DEBUG 7503 --- [    Test worker] o.s.b.f.s.DefaultListableBeanFactory     : Autowiring by type from bean name 'tomcatWebServerFactoryCustomizer' via factory method to bean named 'server-org.springframework.boot.autoconfigure.web.ServerProperties'
2019-12-06 11:18:43.295 DEBUG 7503 --- [    Test worker] o.s.b.f.s.DefaultListableBeanFactory     : Creating shared instance of singleton bean 'localeCharsetMappingsCustomizer'
2019-12-06 11:18:43.295 DEBUG 7503 --- [    Test worker] o.s.b.f.s.DefaultListableBeanFactory     : Creating shared instance of singleton bean 'org.springframework.boot.autoconfigure.web.servlet.HttpEncodingAutoConfiguration'
2019-12-06 11:18:43.296 DEBUG 7503 --- [    Test worker] ocalVariableTableParameterNameDiscoverer : Cannot find '.class' file for class [class org.springframework.boot.autoconfigure.web.servlet.HttpEncodingAutoConfiguration$$EnhancerBySpringCGLIB$$167b0829] - unable to determine constructor/method parameter names
2019-12-06 11:18:43.297 DEBUG 7503 --- [    Test worker] o.s.b.f.s.DefaultListableBeanFactory     : Creating shared instance of singleton bean 'spring.http-org.springframework.boot.autoconfigure.http.HttpProperties'
2019-12-06 11:18:43.299 DEBUG 7503 --- [    Test worker] o.s.b.f.s.DefaultListableBeanFactory     : Autowiring by type from bean name 'org.springframework.boot.autoconfigure.web.servlet.HttpEncodingAutoConfiguration' via constructor to bean named 'spring.http-org.springframework.boot.autoconfigure.http.HttpProperties'
2019-12-06 11:18:43.329 DEBUG 7503 --- [    Test worker] o.s.b.f.s.DefaultListableBeanFactory     : Creating shared instance of singleton bean 'errorPageCustomizer'
2019-12-06 11:18:43.329 DEBUG 7503 --- [    Test worker] o.s.b.f.s.DefaultListableBeanFactory     : Creating shared instance of singleton bean 'org.springframework.boot.autoconfigure.web.servlet.error.ErrorMvcAutoConfiguration'
2019-12-06 11:18:43.330 DEBUG 7503 --- [    Test worker] ocalVariableTableParameterNameDiscoverer : Cannot find '.class' file for class [class org.springframework.boot.autoconfigure.web.servlet.error.ErrorMvcAutoConfiguration$$EnhancerBySpringCGLIB$$6ed2570c] - unable to determine constructor/method parameter names
2019-12-06 11:18:43.332 DEBUG 7503 --- [    Test worker] o.s.b.f.s.DefaultListableBeanFactory     : Creating shared instance of singleton bean 'dispatcherServletRegistration'
2019-12-06 11:18:43.332 DEBUG 7503 --- [    Test worker] o.s.b.f.s.DefaultListableBeanFactory     : Creating shared instance of singleton bean 'org.springframework.boot.autoconfigure.web.servlet.DispatcherServletAutoConfiguration$DispatcherServletRegistrationConfiguration'
2019-12-06 11:18:43.332 DEBUG 7503 --- [    Test worker] ocalVariableTableParameterNameDiscoverer : Cannot find '.class' file for class [class org.springframework.boot.autoconfigure.web.servlet.DispatcherServletAutoConfiguration$DispatcherServletRegistrationConfiguration$$EnhancerBySpringCGLIB$$f52d75f7] - unable to determine constructor/method parameter names
2019-12-06 11:18:43.333 DEBUG 7503 --- [    Test worker] o.s.b.f.s.DefaultListableBeanFactory     : Creating shared instance of singleton bean 'spring.mvc-org.springframework.boot.autoconfigure.web.servlet.WebMvcProperties'
2019-12-06 11:18:43.336 DEBUG 7503 --- [    Test worker] o.s.b.f.s.DefaultListableBeanFactory     : Autowiring by type from bean name 'org.springframework.boot.autoconfigure.web.servlet.DispatcherServletAutoConfiguration$DispatcherServletRegistrationConfiguration' via constructor to bean named 'spring.mvc-org.springframework.boot.autoconfigure.web.servlet.WebMvcProperties'
2019-12-06 11:18:43.337 DEBUG 7503 --- [    Test worker] o.s.b.f.s.DefaultListableBeanFactory     : Creating shared instance of singleton bean 'multipartConfigElement'
2019-12-06 11:18:43.337 DEBUG 7503 --- [    Test worker] o.s.b.f.s.DefaultListableBeanFactory     : Creating shared instance of singleton bean 'org.springframework.boot.autoconfigure.web.servlet.MultipartAutoConfiguration'
2019-12-06 11:18:43.337 DEBUG 7503 --- [    Test worker] ocalVariableTableParameterNameDiscoverer : Cannot find '.class' file for class [class org.springframework.boot.autoconfigure.web.servlet.MultipartAutoConfiguration$$EnhancerBySpringCGLIB$$856b9036] - unable to determine constructor/method parameter names
2019-12-06 11:18:43.338 DEBUG 7503 --- [    Test worker] o.s.b.f.s.DefaultListableBeanFactory     : Creating shared instance of singleton bean 'spring.servlet.multipart-org.springframework.boot.autoconfigure.web.servlet.MultipartProperties'
2019-12-06 11:18:43.342 DEBUG 7503 --- [    Test worker] o.s.b.f.s.DefaultListableBeanFactory     : Autowiring by type from bean name 'org.springframework.boot.autoconfigure.web.servlet.MultipartAutoConfiguration' via constructor to bean named 'spring.servlet.multipart-org.springframework.boot.autoconfigure.web.servlet.MultipartProperties'
2019-12-06 11:18:43.355 DEBUG 7503 --- [    Test worker] o.s.b.f.s.DefaultListableBeanFactory     : Creating shared instance of singleton bean 'dispatcherServlet'
2019-12-06 11:18:43.355 DEBUG 7503 --- [    Test worker] o.s.b.f.s.DefaultListableBeanFactory     : Creating shared instance of singleton bean 'org.springframework.boot.autoconfigure.web.servlet.DispatcherServletAutoConfiguration$DispatcherServletConfiguration'
2019-12-06 11:18:43.356 DEBUG 7503 --- [    Test worker] ocalVariableTableParameterNameDiscoverer : Cannot find '.class' file for class [class org.springframework.boot.autoconfigure.web.servlet.DispatcherServletAutoConfiguration$DispatcherServletConfiguration$$EnhancerBySpringCGLIB$$9325e150] - unable to determine constructor/method parameter names
2019-12-06 11:18:43.357 DEBUG 7503 --- [    Test worker] o.s.b.f.s.DefaultListableBeanFactory     : Autowiring by type from bean name 'org.springframework.boot.autoconfigure.web.servlet.DispatcherServletAutoConfiguration$DispatcherServletConfiguration' via constructor to bean named 'spring.http-org.springframework.boot.autoconfigure.http.HttpProperties'
2019-12-06 11:18:43.357 DEBUG 7503 --- [    Test worker] o.s.b.f.s.DefaultListableBeanFactory     : Autowiring by type from bean name 'org.springframework.boot.autoconfigure.web.servlet.DispatcherServletAutoConfiguration$DispatcherServletConfiguration' via constructor to bean named 'spring.mvc-org.springframework.boot.autoconfigure.web.servlet.WebMvcProperties'
2019-12-06 11:18:43.382 DEBUG 7503 --- [    Test worker] o.s.b.f.s.DefaultListableBeanFactory     : Autowiring by type from bean name 'dispatcherServletRegistration' via factory method to bean named 'dispatcherServlet'
2019-12-06 11:18:43.393 DEBUG 7503 --- [    Test worker] o.s.b.f.s.DefaultListableBeanFactory     : Autowiring by type from bean name 'org.springframework.boot.autoconfigure.web.servlet.error.ErrorMvcAutoConfiguration' via constructor to bean named 'server-org.springframework.boot.autoconfigure.web.ServerProperties'
2019-12-06 11:18:43.393 DEBUG 7503 --- [    Test worker] o.s.b.f.s.DefaultListableBeanFactory     : Autowiring by type from bean name 'org.springframework.boot.autoconfigure.web.servlet.error.ErrorMvcAutoConfiguration' via constructor to bean named 'dispatcherServletRegistration'
2019-12-06 11:18:43.394 DEBUG 7503 --- [    Test worker] o.s.b.f.s.DefaultListableBeanFactory     : Creating shared instance of singleton bean 'conventionErrorViewResolver'
2019-12-06 11:18:43.394 DEBUG 7503 --- [    Test worker] o.s.b.f.s.DefaultListableBeanFactory     : Creating shared instance of singleton bean 'org.springframework.boot.autoconfigure.web.servlet.error.ErrorMvcAutoConfiguration$DefaultErrorViewResolverConfiguration'
2019-12-06 11:18:43.394 DEBUG 7503 --- [    Test worker] ocalVariableTableParameterNameDiscoverer : Cannot find '.class' file for class [class org.springframework.boot.autoconfigure.web.servlet.error.ErrorMvcAutoConfiguration$DefaultErrorViewResolverConfiguration$$EnhancerBySpringCGLIB$$83672bac] - unable to determine constructor/method parameter names
2019-12-06 11:18:43.396 DEBUG 7503 --- [    Test worker] o.s.b.f.s.DefaultListableBeanFactory     : Creating shared instance of singleton bean 'spring.resources-org.springframework.boot.autoconfigure.web.ResourceProperties'
2019-12-06 11:18:43.399 DEBUG 7503 --- [    Test worker] o.s.b.f.s.DefaultListableBeanFactory     : Autowiring by type from bean name 'org.springframework.boot.autoconfigure.web.servlet.error.ErrorMvcAutoConfiguration$DefaultErrorViewResolverConfiguration' via constructor to bean named 'org.springframework.boot.web.servlet.context.AnnotationConfigServletWebServerApplicationContext@3302270e'
2019-12-06 11:18:43.400 DEBUG 7503 --- [    Test worker] o.s.b.f.s.DefaultListableBeanFactory     : Autowiring by type from bean name 'org.springframework.boot.autoconfigure.web.servlet.error.ErrorMvcAutoConfiguration$DefaultErrorViewResolverConfiguration' via constructor to bean named 'spring.resources-org.springframework.boot.autoconfigure.web.ResourceProperties'
2019-12-06 11:18:43.456 DEBUG 7503 --- [    Test worker] o.apache.tomcat.util.IntrospectionUtils  : IntrospectionUtils: setProperty(class org.apache.coyote.http11.Http11NioProtocol port=0)
2019-12-06 11:18:43.464 DEBUG 7503 --- [    Test worker] o.apache.tomcat.util.IntrospectionUtils  : IntrospectionUtils: setProperty(class org.apache.coyote.http11.Http11NioProtocol bindOnInit=false)
2019-12-06 11:18:43.464 DEBUG 7503 --- [    Test worker] o.apache.tomcat.util.IntrospectionUtils  : IntrospectionUtils: setProperty(class org.apache.tomcat.util.net.NioEndpoint bindOnInit=false)
2019-12-06 11:18:43.467 DEBUG 7503 --- [    Test worker] o.apache.tomcat.util.IntrospectionUtils  : IntrospectionUtils: setProperty(class org.apache.coyote.http11.Http11NioProtocol maxPostSize=2097152)
2019-12-06 11:18:43.467 DEBUG 7503 --- [    Test worker] o.apache.tomcat.util.IntrospectionUtils  : IntrospectionUtils: setProperty(class org.apache.tomcat.util.net.NioEndpoint maxPostSize=2097152)
2019-12-06 11:18:43.483 DEBUG 7503 --- [    Test worker] org.apache.catalina.core.ContainerBase   : Add child StandardHost[localhost] StandardEngine[Tomcat]
2019-12-06 11:18:43.484 DEBUG 7503 --- [    Test worker] .s.b.w.e.t.TomcatServletWebServerFactory : Code archive: /Users/govlmo91/.gradle/caches/modules-2/files-2.1/org.springframework.boot/spring-boot/2.1.7.RELEASE/1599a2ad1fc6d36dbfc2a7c0dd5dab3a0bb27c61/spring-boot-2.1.7.RELEASE.jar
2019-12-06 11:18:43.484 DEBUG 7503 --- [    Test worker] .s.b.w.e.t.TomcatServletWebServerFactory : Code archive: /Users/govlmo91/.gradle/caches/modules-2/files-2.1/org.springframework.boot/spring-boot/2.1.7.RELEASE/1599a2ad1fc6d36dbfc2a7c0dd5dab3a0bb27c61/spring-boot-2.1.7.RELEASE.jar
2019-12-06 11:18:43.484 DEBUG 7503 --- [    Test worker] .s.b.w.e.t.TomcatServletWebServerFactory : None of the document roots [src/main/webapp, public, static] point to a directory and will be ignored.
2019-12-06 11:18:43.516 DEBUG 7503 --- [    Test worker] org.apache.catalina.core.ContainerBase   : Add child StandardWrapper[default] TomcatEmbeddedContext[]
2019-12-06 11:18:43.519 DEBUG 7503 --- [    Test worker] org.apache.catalina.core.ContainerBase   : Add child TomcatEmbeddedContext[] StandardEngine[Tomcat].StandardHost[localhost]
2019-12-06 11:18:43.524  INFO 7503 --- [    Test worker] o.s.b.w.embedded.tomcat.TomcatWebServer  : Tomcat initialized with port(s): 0 (http)
2019-12-06 11:18:43.525 DEBUG 7503 --- [    Test worker] org.apache.tomcat.util.modeler.Registry  : Managed= Tomcat:type=Server
2019-12-06 11:18:43.526 DEBUG 7503 --- [    Test worker] o.a.tomcat.util.modeler.BaseModelMBean   : preRegister StandardServer[-1] Tomcat:type=Server
2019-12-06 11:18:43.528 DEBUG 7503 --- [    Test worker] org.apache.tomcat.util.modeler.Registry  : Managed= Tomcat:type=UtilityExecutor
2019-12-06 11:18:43.528 DEBUG 7503 --- [    Test worker] org.apache.tomcat.util.modeler.Registry  : Looking for descriptor 
2019-12-06 11:18:43.528 DEBUG 7503 --- [    Test worker] org.apache.tomcat.util.modeler.Registry  : Introspecting 
2019-12-06 11:18:43.530 DEBUG 7503 --- [    Test worker] m.m.MbeansDescriptorsIntrospectionSource : Unsupported type public java.util.concurrent.BlockingQueue java.util.concurrent.ScheduledThreadPoolExecutor.getQueue()
2019-12-06 11:18:43.530 DEBUG 7503 --- [    Test worker] m.m.MbeansDescriptorsIntrospectionSource : Unsupported type public void java.util.concurrent.ThreadPoolExecutor.setThreadFactory(java.util.concurrent.ThreadFactory) interface java.util.concurrent.ThreadFactory
2019-12-06 11:18:43.531 DEBUG 7503 --- [    Test worker] m.m.MbeansDescriptorsIntrospectionSource : Unsupported type public java.util.concurrent.ThreadFactory java.util.concurrent.ThreadPoolExecutor.getThreadFactory()
2019-12-06 11:18:43.531 DEBUG 7503 --- [    Test worker] m.m.MbeansDescriptorsIntrospectionSource : Unsupported type public void java.util.concurrent.ThreadPoolExecutor.setRejectedExecutionHandler(java.util.concurrent.RejectedExecutionHandler) interface java.util.concurrent.RejectedExecutionHandler
2019-12-06 11:18:43.531 DEBUG 7503 --- [    Test worker] m.m.MbeansDescriptorsIntrospectionSource : Unsupported type public java.util.concurrent.RejectedExecutionHandler java.util.concurrent.ThreadPoolExecutor.getRejectedExecutionHandler()
2019-12-06 11:18:43.531 DEBUG 7503 --- [    Test worker] m.m.MbeansDescriptorsIntrospectionSource : Introspected attribute largestPoolSize public int java.util.concurrent.ThreadPoolExecutor.getLargestPoolSize() null
2019-12-06 11:18:43.531 DEBUG 7503 --- [    Test worker] m.m.MbeansDescriptorsIntrospectionSource : Introspected attribute terminating public boolean java.util.concurrent.ThreadPoolExecutor.isTerminating() null
2019-12-06 11:18:43.532 DEBUG 7503 --- [    Test worker] m.m.MbeansDescriptorsIntrospectionSource : Introspected attribute terminated public boolean java.util.concurrent.ThreadPoolExecutor.isTerminated() null
2019-12-06 11:18:43.532 DEBUG 7503 --- [    Test worker] m.m.MbeansDescriptorsIntrospectionSource : Introspected attribute poolSize public int java.util.concurrent.ThreadPoolExecutor.getPoolSize() null
2019-12-06 11:18:43.532 DEBUG 7503 --- [    Test worker] m.m.MbeansDescriptorsIntrospectionSource : Introspected attribute completedTaskCount public long java.util.concurrent.ThreadPoolExecutor.getCompletedTaskCount() null
2019-12-06 11:18:43.532 DEBUG 7503 --- [    Test worker] m.m.MbeansDescriptorsIntrospectionSource : Introspected attribute executeExistingDelayedTasksAfterShutdownPolicy public boolean java.util.concurrent.ScheduledThreadPoolExecutor.getExecuteExistingDelayedTasksAfterShutdownPolicy() public void java.util.concurrent.ScheduledThreadPoolExecutor.setExecuteExistingDelayedTasksAfterShutdownPolicy(boolean)
2019-12-06 11:18:43.532 DEBUG 7503 --- [    Test worker] m.m.MbeansDescriptorsIntrospectionSource : Introspected attribute shutdown public boolean java.util.concurrent.ThreadPoolExecutor.isShutdown() null
2019-12-06 11:18:43.533 DEBUG 7503 --- [    Test worker] m.m.MbeansDescriptorsIntrospectionSource : Introspected attribute taskCount public long java.util.concurrent.ThreadPoolExecutor.getTaskCount() null
2019-12-06 11:18:43.533 DEBUG 7503 --- [    Test worker] m.m.MbeansDescriptorsIntrospectionSource : Introspected attribute continueExistingPeriodicTasksAfterShutdownPolicy public boolean java.util.concurrent.ScheduledThreadPoolExecutor.getContinueExistingPeriodicTasksAfterShutdownPolicy() public void java.util.concurrent.ScheduledThreadPoolExecutor.setContinueExistingPeriodicTasksAfterShutdownPolicy(boolean)
2019-12-06 11:18:43.533 DEBUG 7503 --- [    Test worker] m.m.MbeansDescriptorsIntrospectionSource : Introspected attribute removeOnCancelPolicy public boolean java.util.concurrent.ScheduledThreadPoolExecutor.getRemoveOnCancelPolicy() public void java.util.concurrent.ScheduledThreadPoolExecutor.setRemoveOnCancelPolicy(boolean)
2019-12-06 11:18:43.533 DEBUG 7503 --- [    Test worker] m.m.MbeansDescriptorsIntrospectionSource : Introspected attribute maximumPoolSize public int java.util.concurrent.ThreadPoolExecutor.getMaximumPoolSize() public void java.util.concurrent.ThreadPoolExecutor.setMaximumPoolSize(int)
2019-12-06 11:18:43.533 DEBUG 7503 --- [    Test worker] m.m.MbeansDescriptorsIntrospectionSource : Introspected attribute corePoolSize public int java.util.concurrent.ThreadPoolExecutor.getCorePoolSize() public void java.util.concurrent.ThreadPoolExecutor.setCorePoolSize(int)
2019-12-06 11:18:43.533 DEBUG 7503 --- [    Test worker] m.m.MbeansDescriptorsIntrospectionSource : Introspected attribute activeCount public int java.util.concurrent.ThreadPoolExecutor.getActiveCount() null
2019-12-06 11:18:43.533 DEBUG 7503 --- [    Test worker] m.m.MbeansDescriptorsIntrospectionSource : Setting name: java.util.concurrent.ScheduledThreadPoolExecutor
2019-12-06 11:18:43.534 DEBUG 7503 --- [    Test worker] o.a.tomcat.util.modeler.BaseModelMBean   : preRegister java.util.concurrent.ScheduledThreadPoolExecutor@3f77217e[Running, pool size = 0, active threads = 0, queued tasks = 0, completed tasks = 0] Tomcat:type=UtilityExecutor
2019-12-06 11:18:43.535 DEBUG 7503 --- [    Test worker] org.apache.tomcat.util.modeler.Registry  : Managed= Tomcat:type=StringCache
2019-12-06 11:18:43.535 DEBUG 7503 --- [    Test worker] org.apache.tomcat.util.modeler.Registry  : Looking for descriptor 
2019-12-06 11:18:43.536 DEBUG 7503 --- [    Test worker] org.apache.tomcat.util.modeler.Registry  : Introspecting 
2019-12-06 11:18:43.538 DEBUG 7503 --- [    Test worker] m.m.MbeansDescriptorsIntrospectionSource : Introspected attribute trainThreshold public int org.apache.tomcat.util.buf.StringCache.getTrainThreshold() public void org.apache.tomcat.util.buf.StringCache.setTrainThreshold(int)
2019-12-06 11:18:43.538 DEBUG 7503 --- [    Test worker] m.m.MbeansDescriptorsIntrospectionSource : Introspected attribute byteEnabled public boolean org.apache.tomcat.util.buf.StringCache.getByteEnabled() public void org.apache.tomcat.util.buf.StringCache.setByteEnabled(boolean)
2019-12-06 11:18:43.538 DEBUG 7503 --- [    Test worker] m.m.MbeansDescriptorsIntrospectionSource : Introspected attribute hitCount public int org.apache.tomcat.util.buf.StringCache.getHitCount() null
2019-12-06 11:18:43.538 DEBUG 7503 --- [    Test worker] m.m.MbeansDescriptorsIntrospectionSource : Introspected attribute accessCount public int org.apache.tomcat.util.buf.StringCache.getAccessCount() null
2019-12-06 11:18:43.538 DEBUG 7503 --- [    Test worker] m.m.MbeansDescriptorsIntrospectionSource : Introspected attribute charEnabled public boolean org.apache.tomcat.util.buf.StringCache.getCharEnabled() public void org.apache.tomcat.util.buf.StringCache.setCharEnabled(boolean)
2019-12-06 11:18:43.539 DEBUG 7503 --- [    Test worker] m.m.MbeansDescriptorsIntrospectionSource : Introspected attribute cacheSize public int org.apache.tomcat.util.buf.StringCache.getCacheSize() public void org.apache.tomcat.util.buf.StringCache.setCacheSize(int)
2019-12-06 11:18:43.539 DEBUG 7503 --- [    Test worker] m.m.MbeansDescriptorsIntrospectionSource : Setting name: org.apache.tomcat.util.buf.StringCache
2019-12-06 11:18:43.539 DEBUG 7503 --- [    Test worker] o.a.tomcat.util.modeler.BaseModelMBean   : preRegister org.apache.tomcat.util.buf.StringCache@1e1293c5 Tomcat:type=StringCache
2019-12-06 11:18:43.539 DEBUG 7503 --- [    Test worker] org.apache.tomcat.util.modeler.Registry  : Managed= Tomcat:type=MBeanFactory
2019-12-06 11:18:43.539 DEBUG 7503 --- [    Test worker] o.a.tomcat.util.modeler.BaseModelMBean   : preRegister org.apache.catalina.mbeans.MBeanFactory@e375bd6 Tomcat:type=MBeanFactory
2019-12-06 11:18:43.540 DEBUG 7503 --- [    Test worker] org.apache.tomcat.util.modeler.Registry  : Managed= Tomcat:type=NamingResources
2019-12-06 11:18:43.541 DEBUG 7503 --- [    Test worker] o.a.tomcat.util.modeler.BaseModelMBean   : preRegister org.apache.catalina.deploy.NamingResourcesImpl@3e926cf5 Tomcat:type=NamingResources
2019-12-06 11:18:43.541 DEBUG 7503 --- [    Test worker] org.apache.tomcat.util.modeler.Registry  : Managed= Tomcat:type=Service
2019-12-06 11:18:43.542 DEBUG 7503 --- [    Test worker] o.a.tomcat.util.modeler.BaseModelMBean   : preRegister StandardService[Tomcat] Tomcat:type=Service
2019-12-06 11:18:43.543 DEBUG 7503 --- [    Test worker] org.apache.tomcat.util.modeler.Registry  : Managed= Tomcat:type=Engine
2019-12-06 11:18:43.543 DEBUG 7503 --- [    Test worker] o.a.tomcat.util.modeler.BaseModelMBean   : preRegister StandardEngine[Tomcat] Tomcat:type=Engine
2019-12-06 11:18:43.544 DEBUG 7503 --- [    Test worker] org.apache.tomcat.util.modeler.Registry  : Managed= Tomcat:type=Mapper
2019-12-06 11:18:43.544 DEBUG 7503 --- [    Test worker] org.apache.tomcat.util.modeler.Registry  : Looking for descriptor 
2019-12-06 11:18:43.544 DEBUG 7503 --- [    Test worker] org.apache.tomcat.util.modeler.Registry  : Found jar:file:/Users/govlmo91/.gradle/caches/modules-2/files-2.1/org.apache.tomcat.embed/tomcat-embed-core/9.0.22/79f39903498b28adacb18fe2ea046edd306295a6/tomcat-embed-core-9.0.22.jar!/org/apache/catalina/mapper/mbeans-descriptors.xml
2019-12-06 11:18:43.545 DEBUG 7503 --- [    Test worker] o.a.tomcat.util.digester.Digester.sax    : setDocumentLocator(com.sun.org.apache.xerces.internal.parsers.AbstractSAXParser$LocatorProxy@32e2337f)
2019-12-06 11:18:43.545 DEBUG 7503 --- [    Test worker] o.a.tomcat.util.digester.Digester.sax    : startDocument()
2019-12-06 11:18:43.545 DEBUG 7503 --- [    Test worker] o.a.tomcat.util.digester.Digester.sax    : startElement(,,mbeans-descriptors)
2019-12-06 11:18:43.545 DEBUG 7503 --- [    Test worker] o.apache.tomcat.util.digester.Digester   :   New match='mbeans-descriptors'
2019-12-06 11:18:43.545 DEBUG 7503 --- [    Test worker] o.apache.tomcat.util.digester.Digester   : No rules found matching [mbeans-descriptors]
2019-12-06 11:18:43.546 DEBUG 7503 --- [    Test worker] o.a.tomcat.util.digester.Digester.sax    : characters(

  )
2019-12-06 11:18:43.546 DEBUG 7503 --- [    Test worker] o.a.tomcat.util.digester.Digester.sax    : startElement(,,mbean)
2019-12-06 11:18:43.546 DEBUG 7503 --- [    Test worker] o.apache.tomcat.util.digester.Digester   :   New match='mbeans-descriptors/mbean'
2019-12-06 11:18:43.546 DEBUG 7503 --- [    Test worker] o.apache.tomcat.util.digester.Digester   :   Fire begin() for ObjectCreateRule[className=org.apache.tomcat.util.modeler.ManagedBean, attributeName=null]
2019-12-06 11:18:43.546 DEBUG 7503 --- [    Test worker] o.apache.tomcat.util.digester.Digester   :   Fire begin() for SetPropertiesRule[]
2019-12-06 11:18:43.546 DEBUG 7503 --- [    Test worker] o.apache.tomcat.util.digester.Digester   : [SetPropertiesRule]{mbeans-descriptors/mbean} Set org.apache.tomcat.util.modeler.ManagedBean properties
2019-12-06 11:18:43.547 DEBUG 7503 --- [    Test worker] o.apache.tomcat.util.digester.Digester   : [SetPropertiesRule]{mbeans-descriptors/mbean} Setting property 'name' to 'Mapper'
2019-12-06 11:18:43.547 DEBUG 7503 --- [    Test worker] o.apache.tomcat.util.IntrospectionUtils  : IntrospectionUtils: setProperty(class org.apache.tomcat.util.modeler.ManagedBean name=Mapper)
2019-12-06 11:18:43.547 DEBUG 7503 --- [    Test worker] o.apache.tomcat.util.digester.Digester   : [SetPropertiesRule]{mbeans-descriptors/mbean} Setting property 'description' to 'Maps requests received by the associated connector to Hosts, Contexts and Wrappers'
2019-12-06 11:18:43.547 DEBUG 7503 --- [    Test worker] o.apache.tomcat.util.IntrospectionUtils  : IntrospectionUtils: setProperty(class org.apache.tomcat.util.modeler.ManagedBean description=Maps requests received by the associated connector to Hosts, Contexts and Wrappers)
2019-12-06 11:18:43.547 DEBUG 7503 --- [    Test worker] o.apache.tomcat.util.digester.Digester   : [SetPropertiesRule]{mbeans-descriptors/mbean} Setting property 'domain' to 'Catalina'
2019-12-06 11:18:43.547 DEBUG 7503 --- [    Test worker] o.apache.tomcat.util.IntrospectionUtils  : IntrospectionUtils: setProperty(class org.apache.tomcat.util.modeler.ManagedBean domain=Catalina)
2019-12-06 11:18:43.547 DEBUG 7503 --- [    Test worker] o.apache.tomcat.util.digester.Digester   : [SetPropertiesRule]{mbeans-descriptors/mbean} Setting property 'group' to 'Mapper'
2019-12-06 11:18:43.548 DEBUG 7503 --- [    Test worker] o.apache.tomcat.util.IntrospectionUtils  : IntrospectionUtils: setProperty(class org.apache.tomcat.util.modeler.ManagedBean group=Mapper)
2019-12-06 11:18:43.548 DEBUG 7503 --- [    Test worker] o.apache.tomcat.util.digester.Digester   : [SetPropertiesRule]{mbeans-descriptors/mbean} Setting property 'type' to 'org.apache.catalina.mapper.MapperListener'
2019-12-06 11:18:43.548 DEBUG 7503 --- [    Test worker] o.apache.tomcat.util.IntrospectionUtils  : IntrospectionUtils: setProperty(class org.apache.tomcat.util.modeler.ManagedBean type=org.apache.catalina.mapper.MapperListener)
2019-12-06 11:18:43.548 DEBUG 7503 --- [    Test worker] o.apache.tomcat.util.digester.Digester   :   Fire begin() for SetNextRule[methodName=add, paramType=java.lang.Object]
2019-12-06 11:18:43.548 DEBUG 7503 --- [    Test worker] o.a.tomcat.util.digester.Digester.sax    : characters(

    )
2019-12-06 11:18:43.548 DEBUG 7503 --- [    Test worker] o.a.tomcat.util.digester.Digester.sax    : startElement(,,attribute)
2019-12-06 11:18:43.549 DEBUG 7503 --- [    Test worker] o.apache.tomcat.util.digester.Digester   :   New match='mbeans-descriptors/mbean/attribute'
2019-12-06 11:18:43.549 DEBUG 7503 --- [    Test worker] o.apache.tomcat.util.digester.Digester   :   Fire begin() for ObjectCreateRule[className=org.apache.tomcat.util.modeler.AttributeInfo, attributeName=null]
2019-12-06 11:18:43.549 DEBUG 7503 --- [    Test worker] o.apache.tomcat.util.digester.Digester   :   Fire begin() for SetPropertiesRule[]
2019-12-06 11:18:43.549 DEBUG 7503 --- [    Test worker] o.apache.tomcat.util.digester.Digester   : [SetPropertiesRule]{mbeans-descriptors/mbean/attribute} Set org.apache.tomcat.util.modeler.AttributeInfo properties
2019-12-06 11:18:43.549 DEBUG 7503 --- [    Test worker] o.apache.tomcat.util.digester.Digester   : [SetPropertiesRule]{mbeans-descriptors/mbean/attribute} Setting property 'name' to 'stateName'
2019-12-06 11:18:43.549 DEBUG 7503 --- [    Test worker] o.apache.tomcat.util.IntrospectionUtils  : IntrospectionUtils: setProperty(class org.apache.tomcat.util.modeler.AttributeInfo name=stateName)
2019-12-06 11:18:43.549 DEBUG 7503 --- [    Test worker] o.apache.tomcat.util.digester.Digester   : [SetPropertiesRule]{mbeans-descriptors/mbean/attribute} Setting property 'description' to 'The name of the LifecycleState that this component is currently in'
2019-12-06 11:18:43.550 DEBUG 7503 --- [    Test worker] o.apache.tomcat.util.IntrospectionUtils  : IntrospectionUtils: setProperty(class org.apache.tomcat.util.modeler.AttributeInfo description=The name of the LifecycleState that this component is currently in)
2019-12-06 11:18:43.550 DEBUG 7503 --- [    Test worker] o.apache.tomcat.util.digester.Digester   : [SetPropertiesRule]{mbeans-descriptors/mbean/attribute} Setting property 'type' to 'java.lang.String'
2019-12-06 11:18:43.550 DEBUG 7503 --- [    Test worker] o.apache.tomcat.util.IntrospectionUtils  : IntrospectionUtils: setProperty(class org.apache.tomcat.util.modeler.AttributeInfo type=java.lang.String)
2019-12-06 11:18:43.550 DEBUG 7503 --- [    Test worker] o.apache.tomcat.util.digester.Digester   : [SetPropertiesRule]{mbeans-descriptors/mbean/attribute} Setting property 'writeable' to 'false'
2019-12-06 11:18:43.550 DEBUG 7503 --- [    Test worker] o.apache.tomcat.util.IntrospectionUtils  : IntrospectionUtils: setProperty(class org.apache.tomcat.util.modeler.AttributeInfo writeable=false)
2019-12-06 11:18:43.550 DEBUG 7503 --- [    Test worker] o.apache.tomcat.util.digester.Digester   :   Fire begin() for SetNextRule[methodName=addAttribute, paramType=org.apache.tomcat.util.modeler.AttributeInfo]
2019-12-06 11:18:43.551 DEBUG 7503 --- [    Test worker] o.a.tomcat.util.digester.Digester.sax    : endElement(,,attribute)
2019-12-06 11:18:43.551 DEBUG 7503 --- [    Test worker] o.apache.tomcat.util.digester.Digester   :   match='mbeans-descriptors/mbean/attribute'
2019-12-06 11:18:43.551 DEBUG 7503 --- [    Test worker] o.apache.tomcat.util.digester.Digester   :   bodyText=''
2019-12-06 11:18:43.551 DEBUG 7503 --- [    Test worker] o.apache.tomcat.util.digester.Digester   :   Fire body() for ObjectCreateRule[className=org.apache.tomcat.util.modeler.AttributeInfo, attributeName=null]
2019-12-06 11:18:43.551 DEBUG 7503 --- [    Test worker] o.apache.tomcat.util.digester.Digester   :   Fire body() for SetPropertiesRule[]
2019-12-06 11:18:43.551 DEBUG 7503 --- [    Test worker] o.apache.tomcat.util.digester.Digester   :   Fire body() for SetNextRule[methodName=addAttribute, paramType=org.apache.tomcat.util.modeler.AttributeInfo]
2019-12-06 11:18:43.551 DEBUG 7503 --- [    Test worker] o.apache.tomcat.util.digester.Digester   :   Fire end() for SetNextRule[methodName=addAttribute, paramType=org.apache.tomcat.util.modeler.AttributeInfo]
2019-12-06 11:18:43.552 DEBUG 7503 --- [    Test worker] o.apache.tomcat.util.digester.Digester   : [SetNextRule]{mbeans-descriptors/mbean/attribute} Call org.apache.tomcat.util.modeler.ManagedBean.addAttribute(org.apache.tomcat.util.modeler.AttributeInfo@58dc8d04)
2019-12-06 11:18:43.552 DEBUG 7503 --- [    Test worker] o.apache.tomcat.util.IntrospectionUtils  : IntrospectionUtils: callMethod1 org.apache.tomcat.util.modeler.ManagedBean org.apache.tomcat.util.modeler.AttributeInfo org.apache.tomcat.util.modeler.AttributeInfo
2019-12-06 11:18:43.552 DEBUG 7503 --- [    Test worker] o.apache.tomcat.util.digester.Digester   :   Fire end() for SetPropertiesRule[]
2019-12-06 11:18:43.552 DEBUG 7503 --- [    Test worker] o.apache.tomcat.util.digester.Digester   :   Fire end() for ObjectCreateRule[className=org.apache.tomcat.util.modeler.AttributeInfo, attributeName=null]
2019-12-06 11:18:43.552 DEBUG 7503 --- [    Test worker] o.apache.tomcat.util.digester.Digester   : [ObjectCreateRule]{mbeans-descriptors/mbean/attribute} Pop org.apache.tomcat.util.modeler.AttributeInfo
2019-12-06 11:18:43.552 DEBUG 7503 --- [    Test worker] o.a.tomcat.util.digester.Digester.sax    : characters(

    )
2019-12-06 11:18:43.553 DEBUG 7503 --- [    Test worker] o.a.tomcat.util.digester.Digester.sax    : startElement(,,operation)
2019-12-06 11:18:43.553 DEBUG 7503 --- [    Test worker] o.apache.tomcat.util.digester.Digester   :   New match='mbeans-descriptors/mbean/operation'
2019-12-06 11:18:43.553 DEBUG 7503 --- [    Test worker] o.apache.tomcat.util.digester.Digester   :   Fire begin() for ObjectCreateRule[className=org.apache.tomcat.util.modeler.OperationInfo, attributeName=null]
2019-12-06 11:18:43.553 DEBUG 7503 --- [    Test worker] o.apache.tomcat.util.digester.Digester   :   Fire begin() for SetPropertiesRule[]
2019-12-06 11:18:43.553 DEBUG 7503 --- [    Test worker] o.apache.tomcat.util.digester.Digester   : [SetPropertiesRule]{mbeans-descriptors/mbean/operation} Set org.apache.tomcat.util.modeler.OperationInfo properties
2019-12-06 11:18:43.553 DEBUG 7503 --- [    Test worker] o.apache.tomcat.util.digester.Digester   : [SetPropertiesRule]{mbeans-descriptors/mbean/operation} Setting property 'name' to 'start'
2019-12-06 11:18:43.554 DEBUG 7503 --- [    Test worker] o.apache.tomcat.util.IntrospectionUtils  : IntrospectionUtils: setProperty(class org.apache.tomcat.util.modeler.OperationInfo name=start)
2019-12-06 11:18:43.554 DEBUG 7503 --- [    Test worker] o.apache.tomcat.util.digester.Digester   : [SetPropertiesRule]{mbeans-descriptors/mbean/operation} Setting property 'description' to 'Start'
2019-12-06 11:18:43.554 DEBUG 7503 --- [    Test worker] o.apache.tomcat.util.IntrospectionUtils  : IntrospectionUtils: setProperty(class org.apache.tomcat.util.modeler.OperationInfo description=Start)
2019-12-06 11:18:43.554 DEBUG 7503 --- [    Test worker] o.apache.tomcat.util.digester.Digester   : [SetPropertiesRule]{mbeans-descriptors/mbean/operation} Setting property 'impact' to 'ACTION'
2019-12-06 11:18:43.554 DEBUG 7503 --- [    Test worker] o.apache.tomcat.util.IntrospectionUtils  : IntrospectionUtils: setProperty(class org.apache.tomcat.util.modeler.OperationInfo impact=ACTION)
2019-12-06 11:18:43.554 DEBUG 7503 --- [    Test worker] o.apache.tomcat.util.digester.Digester   : [SetPropertiesRule]{mbeans-descriptors/mbean/operation} Setting property 'returnType' to 'void'
2019-12-06 11:18:43.555 DEBUG 7503 --- [    Test worker] o.apache.tomcat.util.IntrospectionUtils  : IntrospectionUtils: setProperty(class org.apache.tomcat.util.modeler.OperationInfo returnType=void)
2019-12-06 11:18:43.555 DEBUG 7503 --- [    Test worker] o.apache.tomcat.util.digester.Digester   :   Fire begin() for SetNextRule[methodName=addOperation, paramType=org.apache.tomcat.util.modeler.OperationInfo]
2019-12-06 11:18:43.555 DEBUG 7503 --- [    Test worker] o.a.tomcat.util.digester.Digester.sax    : endElement(,,operation)
2019-12-06 11:18:43.555 DEBUG 7503 --- [    Test worker] o.apache.tomcat.util.digester.Digester   :   match='mbeans-descriptors/mbean/operation'
2019-12-06 11:18:43.555 DEBUG 7503 --- [    Test worker] o.apache.tomcat.util.digester.Digester   :   bodyText=''
2019-12-06 11:18:43.555 DEBUG 7503 --- [    Test worker] o.apache.tomcat.util.digester.Digester   :   Fire body() for ObjectCreateRule[className=org.apache.tomcat.util.modeler.OperationInfo, attributeName=null]
2019-12-06 11:18:43.555 DEBUG 7503 --- [    Test worker] o.apache.tomcat.util.digester.Digester   :   Fire body() for SetPropertiesRule[]
2019-12-06 11:18:43.556 DEBUG 7503 --- [    Test worker] o.apache.tomcat.util.digester.Digester   :   Fire body() for SetNextRule[methodName=addOperation, paramType=org.apache.tomcat.util.modeler.OperationInfo]
2019-12-06 11:18:43.556 DEBUG 7503 --- [    Test worker] o.apache.tomcat.util.digester.Digester   :   Fire end() for SetNextRule[methodName=addOperation, paramType=org.apache.tomcat.util.modeler.OperationInfo]
2019-12-06 11:18:43.556 DEBUG 7503 --- [    Test worker] o.apache.tomcat.util.digester.Digester   : [SetNextRule]{mbeans-descriptors/mbean/operation} Call org.apache.tomcat.util.modeler.ManagedBean.addOperation(org.apache.tomcat.util.modeler.OperationInfo@7187d0c0)
2019-12-06 11:18:43.556 DEBUG 7503 --- [    Test worker] o.apache.tomcat.util.IntrospectionUtils  : IntrospectionUtils: callMethod1 org.apache.tomcat.util.modeler.ManagedBean org.apache.tomcat.util.modeler.OperationInfo org.apache.tomcat.util.modeler.OperationInfo
2019-12-06 11:18:43.556 DEBUG 7503 --- [    Test worker] o.apache.tomcat.util.digester.Digester   :   Fire end() for SetPropertiesRule[]
2019-12-06 11:18:43.556 DEBUG 7503 --- [    Test worker] o.apache.tomcat.util.digester.Digester   :   Fire end() for ObjectCreateRule[className=org.apache.tomcat.util.modeler.OperationInfo, attributeName=null]
2019-12-06 11:18:43.556 DEBUG 7503 --- [    Test worker] o.apache.tomcat.util.digester.Digester   : [ObjectCreateRule]{mbeans-descriptors/mbean/operation} Pop org.apache.tomcat.util.modeler.OperationInfo
2019-12-06 11:18:43.557 DEBUG 7503 --- [    Test worker] o.a.tomcat.util.digester.Digester.sax    : characters(
    )
2019-12-06 11:18:43.557 DEBUG 7503 --- [    Test worker] o.a.tomcat.util.digester.Digester.sax    : startElement(,,operation)
2019-12-06 11:18:43.557 DEBUG 7503 --- [    Test worker] o.apache.tomcat.util.digester.Digester   :   New match='mbeans-descriptors/mbean/operation'
2019-12-06 11:18:43.557 DEBUG 7503 --- [    Test worker] o.apache.tomcat.util.digester.Digester   :   Fire begin() for ObjectCreateRule[className=org.apache.tomcat.util.modeler.OperationInfo, attributeName=null]
2019-12-06 11:18:43.557 DEBUG 7503 --- [    Test worker] o.apache.tomcat.util.digester.Digester   :   Fire begin() for SetPropertiesRule[]
2019-12-06 11:18:43.557 DEBUG 7503 --- [    Test worker] o.apache.tomcat.util.digester.Digester   : [SetPropertiesRule]{mbeans-descriptors/mbean/operation} Set org.apache.tomcat.util.modeler.OperationInfo properties
2019-12-06 11:18:43.557 DEBUG 7503 --- [    Test worker] o.apache.tomcat.util.digester.Digester   : [SetPropertiesRule]{mbeans-descriptors/mbean/operation} Setting property 'name' to 'stop'
2019-12-06 11:18:43.558 DEBUG 7503 --- [    Test worker] o.apache.tomcat.util.IntrospectionUtils  : IntrospectionUtils: setProperty(class org.apache.tomcat.util.modeler.OperationInfo name=stop)
2019-12-06 11:18:43.558 DEBUG 7503 --- [    Test worker] o.apache.tomcat.util.digester.Digester   : [SetPropertiesRule]{mbeans-descriptors/mbean/operation} Setting property 'description' to 'Stop'
2019-12-06 11:18:43.558 DEBUG 7503 --- [    Test worker] o.apache.tomcat.util.IntrospectionUtils  : IntrospectionUtils: setProperty(class org.apache.tomcat.util.modeler.OperationInfo description=Stop)
2019-12-06 11:18:43.558 DEBUG 7503 --- [    Test worker] o.apache.tomcat.util.digester.Digester   : [SetPropertiesRule]{mbeans-descriptors/mbean/operation} Setting property 'impact' to 'ACTION'
2019-12-06 11:18:43.558 DEBUG 7503 --- [    Test worker] o.apache.tomcat.util.IntrospectionUtils  : IntrospectionUtils: setProperty(class org.apache.tomcat.util.modeler.OperationInfo impact=ACTION)
2019-12-06 11:18:43.558 DEBUG 7503 --- [    Test worker] o.apache.tomcat.util.digester.Digester   : [SetPropertiesRule]{mbeans-descriptors/mbean/operation} Setting property 'returnType' to 'void'
2019-12-06 11:18:43.558 DEBUG 7503 --- [    Test worker] o.apache.tomcat.util.IntrospectionUtils  : IntrospectionUtils: setProperty(class org.apache.tomcat.util.modeler.OperationInfo returnType=void)
2019-12-06 11:18:43.559 DEBUG 7503 --- [    Test worker] o.apache.tomcat.util.digester.Digester   :   Fire begin() for SetNextRule[methodName=addOperation, paramType=org.apache.tomcat.util.modeler.OperationInfo]
2019-12-06 11:18:43.559 DEBUG 7503 --- [    Test worker] o.a.tomcat.util.digester.Digester.sax    : endElement(,,operation)
2019-12-06 11:18:43.559 DEBUG 7503 --- [    Test worker] o.apache.tomcat.util.digester.Digester   :   match='mbeans-descriptors/mbean/operation'
2019-12-06 11:18:43.559 DEBUG 7503 --- [    Test worker] o.apache.tomcat.util.digester.Digester   :   bodyText=''
2019-12-06 11:18:43.559 DEBUG 7503 --- [    Test worker] o.apache.tomcat.util.digester.Digester   :   Fire body() for ObjectCreateRule[className=org.apache.tomcat.util.modeler.OperationInfo, attributeName=null]
2019-12-06 11:18:43.559 DEBUG 7503 --- [    Test worker] o.apache.tomcat.util.digester.Digester   :   Fire body() for SetPropertiesRule[]
2019-12-06 11:18:43.559 DEBUG 7503 --- [    Test worker] o.apache.tomcat.util.digester.Digester   :   Fire body() for SetNextRule[methodName=addOperation, paramType=org.apache.tomcat.util.modeler.OperationInfo]
2019-12-06 11:18:43.560 DEBUG 7503 --- [    Test worker] o.apache.tomcat.util.digester.Digester   :   Fire end() for SetNextRule[methodName=addOperation, paramType=org.apache.tomcat.util.modeler.OperationInfo]
2019-12-06 11:18:43.560 DEBUG 7503 --- [    Test worker] o.apache.tomcat.util.digester.Digester   : [SetNextRule]{mbeans-descriptors/mbean/operation} Call org.apache.tomcat.util.modeler.ManagedBean.addOperation(org.apache.tomcat.util.modeler.OperationInfo@753594ea)
2019-12-06 11:18:43.560 DEBUG 7503 --- [    Test worker] o.apache.tomcat.util.IntrospectionUtils  : IntrospectionUtils: callMethod1 org.apache.tomcat.util.modeler.ManagedBean org.apache.tomcat.util.modeler.OperationInfo org.apache.tomcat.util.modeler.OperationInfo
2019-12-06 11:18:43.560 DEBUG 7503 --- [    Test worker] o.apache.tomcat.util.digester.Digester   :   Fire end() for SetPropertiesRule[]
2019-12-06 11:18:43.561 DEBUG 7503 --- [    Test worker] o.apache.tomcat.util.digester.Digester   :   Fire end() for ObjectCreateRule[className=org.apache.tomcat.util.modeler.OperationInfo, attributeName=null]
2019-12-06 11:18:43.561 DEBUG 7503 --- [    Test worker] o.apache.tomcat.util.digester.Digester   : [ObjectCreateRule]{mbeans-descriptors/mbean/operation} Pop org.apache.tomcat.util.modeler.OperationInfo
2019-12-06 11:18:43.561 DEBUG 7503 --- [    Test worker] o.a.tomcat.util.digester.Digester.sax    : characters(
    )
2019-12-06 11:18:43.561 DEBUG 7503 --- [    Test worker] o.a.tomcat.util.digester.Digester.sax    : startElement(,,operation)
2019-12-06 11:18:43.561 DEBUG 7503 --- [    Test worker] o.apache.tomcat.util.digester.Digester   :   New match='mbeans-descriptors/mbean/operation'
2019-12-06 11:18:43.562 DEBUG 7503 --- [    Test worker] o.apache.tomcat.util.digester.Digester   :   Fire begin() for ObjectCreateRule[className=org.apache.tomcat.util.modeler.OperationInfo, attributeName=null]
2019-12-06 11:18:43.562 DEBUG 7503 --- [    Test worker] o.apache.tomcat.util.digester.Digester   :   Fire begin() for SetPropertiesRule[]
2019-12-06 11:18:43.562 DEBUG 7503 --- [    Test worker] o.apache.tomcat.util.digester.Digester   : [SetPropertiesRule]{mbeans-descriptors/mbean/operation} Set org.apache.tomcat.util.modeler.OperationInfo properties
2019-12-06 11:18:43.562 DEBUG 7503 --- [    Test worker] o.apache.tomcat.util.digester.Digester   : [SetPropertiesRule]{mbeans-descriptors/mbean/operation} Setting property 'name' to 'init'
2019-12-06 11:18:43.562 DEBUG 7503 --- [    Test worker] o.apache.tomcat.util.IntrospectionUtils  : IntrospectionUtils: setProperty(class org.apache.tomcat.util.modeler.OperationInfo name=init)
2019-12-06 11:18:43.563 DEBUG 7503 --- [    Test worker] o.apache.tomcat.util.digester.Digester   : [SetPropertiesRule]{mbeans-descriptors/mbean/operation} Setting property 'description' to 'Init'
2019-12-06 11:18:43.563 DEBUG 7503 --- [    Test worker] o.apache.tomcat.util.IntrospectionUtils  : IntrospectionUtils: setProperty(class org.apache.tomcat.util.modeler.OperationInfo description=Init)
2019-12-06 11:18:43.563 DEBUG 7503 --- [    Test worker] o.apache.tomcat.util.digester.Digester   : [SetPropertiesRule]{mbeans-descriptors/mbean/operation} Setting property 'impact' to 'ACTION'
2019-12-06 11:18:43.563 DEBUG 7503 --- [    Test worker] o.apache.tomcat.util.IntrospectionUtils  : IntrospectionUtils: setProperty(class org.apache.tomcat.util.modeler.OperationInfo impact=ACTION)
2019-12-06 11:18:43.563 DEBUG 7503 --- [    Test worker] o.apache.tomcat.util.digester.Digester   : [SetPropertiesRule]{mbeans-descriptors/mbean/operation} Setting property 'returnType' to 'void'
2019-12-06 11:18:43.564 DEBUG 7503 --- [    Test worker] o.apache.tomcat.util.IntrospectionUtils  : IntrospectionUtils: setProperty(class org.apache.tomcat.util.modeler.OperationInfo returnType=void)
2019-12-06 11:18:43.564 DEBUG 7503 --- [    Test worker] o.apache.tomcat.util.digester.Digester   :   Fire begin() for SetNextRule[methodName=addOperation, paramType=org.apache.tomcat.util.modeler.OperationInfo]
2019-12-06 11:18:43.564 DEBUG 7503 --- [    Test worker] o.a.tomcat.util.digester.Digester.sax    : endElement(,,operation)
2019-12-06 11:18:43.564 DEBUG 7503 --- [    Test worker] o.apache.tomcat.util.digester.Digester   :   match='mbeans-descriptors/mbean/operation'
2019-12-06 11:18:43.564 DEBUG 7503 --- [    Test worker] o.apache.tomcat.util.digester.Digester   :   bodyText=''
2019-12-06 11:18:43.565 DEBUG 7503 --- [    Test worker] o.apache.tomcat.util.digester.Digester   :   Fire body() for ObjectCreateRule[className=org.apache.tomcat.util.modeler.OperationInfo, attributeName=null]
2019-12-06 11:18:43.565 DEBUG 7503 --- [    Test worker] o.apache.tomcat.util.digester.Digester   :   Fire body() for SetPropertiesRule[]
2019-12-06 11:18:43.565 DEBUG 7503 --- [    Test worker] o.apache.tomcat.util.digester.Digester   :   Fire body() for SetNextRule[methodName=addOperation, paramType=org.apache.tomcat.util.modeler.OperationInfo]
2019-12-06 11:18:43.565 DEBUG 7503 --- [    Test worker] o.apache.tomcat.util.digester.Digester   :   Fire end() for SetNextRule[methodName=addOperation, paramType=org.apache.tomcat.util.modeler.OperationInfo]
2019-12-06 11:18:43.565 DEBUG 7503 --- [    Test worker] o.apache.tomcat.util.digester.Digester   : [SetNextRule]{mbeans-descriptors/mbean/operation} Call org.apache.tomcat.util.modeler.ManagedBean.addOperation(org.apache.tomcat.util.modeler.OperationInfo@566f28f8)
2019-12-06 11:18:43.565 DEBUG 7503 --- [    Test worker] o.apache.tomcat.util.IntrospectionUtils  : IntrospectionUtils: callMethod1 org.apache.tomcat.util.modeler.ManagedBean org.apache.tomcat.util.modeler.OperationInfo org.apache.tomcat.util.modeler.OperationInfo
2019-12-06 11:18:43.566 DEBUG 7503 --- [    Test worker] o.apache.tomcat.util.digester.Digester   :   Fire end() for SetPropertiesRule[]
2019-12-06 11:18:43.566 DEBUG 7503 --- [    Test worker] o.apache.tomcat.util.digester.Digester   :   Fire end() for ObjectCreateRule[className=org.apache.tomcat.util.modeler.OperationInfo, attributeName=null]
2019-12-06 11:18:43.566 DEBUG 7503 --- [    Test worker] o.apache.tomcat.util.digester.Digester   : [ObjectCreateRule]{mbeans-descriptors/mbean/operation} Pop org.apache.tomcat.util.modeler.OperationInfo
2019-12-06 11:18:43.566 DEBUG 7503 --- [    Test worker] o.a.tomcat.util.digester.Digester.sax    : characters(
    )
2019-12-06 11:18:43.566 DEBUG 7503 --- [    Test worker] o.a.tomcat.util.digester.Digester.sax    : startElement(,,operation)
2019-12-06 11:18:43.566 DEBUG 7503 --- [    Test worker] o.apache.tomcat.util.digester.Digester   :   New match='mbeans-descriptors/mbean/operation'
2019-12-06 11:18:43.567 DEBUG 7503 --- [    Test worker] o.apache.tomcat.util.digester.Digester   :   Fire begin() for ObjectCreateRule[className=org.apache.tomcat.util.modeler.OperationInfo, attributeName=null]
2019-12-06 11:18:43.567 DEBUG 7503 --- [    Test worker] o.apache.tomcat.util.digester.Digester   :   Fire begin() for SetPropertiesRule[]
2019-12-06 11:18:43.567 DEBUG 7503 --- [    Test worker] o.apache.tomcat.util.digester.Digester   : [SetPropertiesRule]{mbeans-descriptors/mbean/operation} Set org.apache.tomcat.util.modeler.OperationInfo properties
2019-12-06 11:18:43.567 DEBUG 7503 --- [    Test worker] o.apache.tomcat.util.digester.Digester   : [SetPropertiesRule]{mbeans-descriptors/mbean/operation} Setting property 'name' to 'destroy'
2019-12-06 11:18:43.567 DEBUG 7503 --- [    Test worker] o.apache.tomcat.util.IntrospectionUtils  : IntrospectionUtils: setProperty(class org.apache.tomcat.util.modeler.OperationInfo name=destroy)
2019-12-06 11:18:43.567 DEBUG 7503 --- [    Test worker] o.apache.tomcat.util.digester.Digester   : [SetPropertiesRule]{mbeans-descriptors/mbean/operation} Setting property 'description' to 'Destroy'
2019-12-06 11:18:43.568 DEBUG 7503 --- [    Test worker] o.apache.tomcat.util.IntrospectionUtils  : IntrospectionUtils: setProperty(class org.apache.tomcat.util.modeler.OperationInfo description=Destroy)
2019-12-06 11:18:43.568 DEBUG 7503 --- [    Test worker] o.apache.tomcat.util.digester.Digester   : [SetPropertiesRule]{mbeans-descriptors/mbean/operation} Setting property 'impact' to 'ACTION'
2019-12-06 11:18:43.568 DEBUG 7503 --- [    Test worker] o.apache.tomcat.util.IntrospectionUtils  : IntrospectionUtils: setProperty(class org.apache.tomcat.util.modeler.OperationInfo impact=ACTION)
2019-12-06 11:18:43.568 DEBUG 7503 --- [    Test worker] o.apache.tomcat.util.digester.Digester   : [SetPropertiesRule]{mbeans-descriptors/mbean/operation} Setting property 'returnType' to 'void'
2019-12-06 11:18:43.568 DEBUG 7503 --- [    Test worker] o.apache.tomcat.util.IntrospectionUtils  : IntrospectionUtils: setProperty(class org.apache.tomcat.util.modeler.OperationInfo returnType=void)
2019-12-06 11:18:43.568 DEBUG 7503 --- [    Test worker] o.apache.tomcat.util.digester.Digester   :   Fire begin() for SetNextRule[methodName=addOperation, paramType=org.apache.tomcat.util.modeler.OperationInfo]
2019-12-06 11:18:43.569 DEBUG 7503 --- [    Test worker] o.a.tomcat.util.digester.Digester.sax    : endElement(,,operation)
2019-12-06 11:18:43.569 DEBUG 7503 --- [    Test worker] o.apache.tomcat.util.digester.Digester   :   match='mbeans-descriptors/mbean/operation'
2019-12-06 11:18:43.569 DEBUG 7503 --- [    Test worker] o.apache.tomcat.util.digester.Digester   :   bodyText=''
2019-12-06 11:18:43.569 DEBUG 7503 --- [    Test worker] o.apache.tomcat.util.digester.Digester   :   Fire body() for ObjectCreateRule[className=org.apache.tomcat.util.modeler.OperationInfo, attributeName=null]
2019-12-06 11:18:43.569 DEBUG 7503 --- [    Test worker] o.apache.tomcat.util.digester.Digester   :   Fire body() for SetPropertiesRule[]
2019-12-06 11:18:43.569 DEBUG 7503 --- [    Test worker] o.apache.tomcat.util.digester.Digester   :   Fire body() for SetNextRule[methodName=addOperation, paramType=org.apache.tomcat.util.modeler.OperationInfo]
2019-12-06 11:18:43.569 DEBUG 7503 --- [    Test worker] o.apache.tomcat.util.digester.Digester   :   Fire end() for SetNextRule[methodName=addOperation, paramType=org.apache.tomcat.util.modeler.OperationInfo]
2019-12-06 11:18:43.570 DEBUG 7503 --- [    Test worker] o.apache.tomcat.util.digester.Digester   : [SetNextRule]{mbeans-descriptors/mbean/operation} Call org.apache.tomcat.util.modeler.ManagedBean.addOperation(org.apache.tomcat.util.modeler.OperationInfo@6a673b9c)
2019-12-06 11:18:43.570 DEBUG 7503 --- [    Test worker] o.apache.tomcat.util.IntrospectionUtils  : IntrospectionUtils: callMethod1 org.apache.tomcat.util.modeler.ManagedBean org.apache.tomcat.util.modeler.OperationInfo org.apache.tomcat.util.modeler.OperationInfo
2019-12-06 11:18:43.570 DEBUG 7503 --- [    Test worker] o.apache.tomcat.util.digester.Digester   :   Fire end() for SetPropertiesRule[]
2019-12-06 11:18:43.570 DEBUG 7503 --- [    Test worker] o.apache.tomcat.util.digester.Digester   :   Fire end() for ObjectCreateRule[className=org.apache.tomcat.util.modeler.OperationInfo, attributeName=null]
2019-12-06 11:18:43.570 DEBUG 7503 --- [    Test worker] o.apache.tomcat.util.digester.Digester   : [ObjectCreateRule]{mbeans-descriptors/mbean/operation} Pop org.apache.tomcat.util.modeler.OperationInfo
2019-12-06 11:18:43.571 DEBUG 7503 --- [    Test worker] o.a.tomcat.util.digester.Digester.sax    : characters(

  )
2019-12-06 11:18:43.571 DEBUG 7503 --- [    Test worker] o.a.tomcat.util.digester.Digester.sax    : endElement(,,mbean)
2019-12-06 11:18:43.571 DEBUG 7503 --- [    Test worker] o.apache.tomcat.util.digester.Digester   :   match='mbeans-descriptors/mbean'
2019-12-06 11:18:43.571 DEBUG 7503 --- [    Test worker] o.apache.tomcat.util.digester.Digester   :   bodyText='

    

    
    
    
    

  '
2019-12-06 11:18:43.571 DEBUG 7503 --- [    Test worker] o.apache.tomcat.util.digester.Digester   :   Fire body() for ObjectCreateRule[className=org.apache.tomcat.util.modeler.ManagedBean, attributeName=null]
2019-12-06 11:18:43.572 DEBUG 7503 --- [    Test worker] o.apache.tomcat.util.digester.Digester   :   Fire body() for SetPropertiesRule[]
2019-12-06 11:18:43.572 DEBUG 7503 --- [    Test worker] o.apache.tomcat.util.digester.Digester   :   Fire body() for SetNextRule[methodName=add, paramType=java.lang.Object]
2019-12-06 11:18:43.572 DEBUG 7503 --- [    Test worker] o.apache.tomcat.util.digester.Digester   :   Fire end() for SetNextRule[methodName=add, paramType=java.lang.Object]
2019-12-06 11:18:43.572 DEBUG 7503 --- [    Test worker] o.apache.tomcat.util.digester.Digester   : [SetNextRule]{mbeans-descriptors/mbean} Call java.util.ArrayList.add(ManagedBean[name=Mapper, className=org.apache.tomcat.util.modeler.BaseModelMBean, description=Maps requests received by the associated connector to Hosts, Contexts and Wrappers, group=Mapper, type=org.apache.catalina.mapper.MapperListener])
2019-12-06 11:18:43.572 DEBUG 7503 --- [    Test worker] o.apache.tomcat.util.IntrospectionUtils  : IntrospectionUtils: callMethod1 java.util.ArrayList org.apache.tomcat.util.modeler.ManagedBean java.lang.Object
2019-12-06 11:18:43.573 DEBUG 7503 --- [    Test worker] o.apache.tomcat.util.digester.Digester   :   Fire end() for SetPropertiesRule[]
2019-12-06 11:18:43.573 DEBUG 7503 --- [    Test worker] o.apache.tomcat.util.digester.Digester   :   Fire end() for ObjectCreateRule[className=org.apache.tomcat.util.modeler.ManagedBean, attributeName=null]
2019-12-06 11:18:43.573 DEBUG 7503 --- [    Test worker] o.apache.tomcat.util.digester.Digester   : [ObjectCreateRule]{mbeans-descriptors/mbean} Pop org.apache.tomcat.util.modeler.ManagedBean
2019-12-06 11:18:43.573 DEBUG 7503 --- [    Test worker] o.a.tomcat.util.digester.Digester.sax    : characters(
)
2019-12-06 11:18:43.573 DEBUG 7503 --- [    Test worker] o.a.tomcat.util.digester.Digester.sax    : endElement(,,mbeans-descriptors)
2019-12-06 11:18:43.573 DEBUG 7503 --- [    Test worker] o.apache.tomcat.util.digester.Digester   :   match='mbeans-descriptors'
2019-12-06 11:18:43.574 DEBUG 7503 --- [    Test worker] o.apache.tomcat.util.digester.Digester   :   bodyText='

  
'
2019-12-06 11:18:43.574 DEBUG 7503 --- [    Test worker] o.apache.tomcat.util.digester.Digester   : No rules found matching [mbeans-descriptors]
2019-12-06 11:18:43.574 DEBUG 7503 --- [    Test worker] o.a.tomcat.util.digester.Digester.sax    : endDocument()
2019-12-06 11:18:43.574 DEBUG 7503 --- [    Test worker] o.a.tomcat.util.modeler.BaseModelMBean   : preRegister org.apache.catalina.mapper.MapperListener@25a9f7c0 Tomcat:type=Mapper
2019-12-06 11:18:43.574 DEBUG 7503 --- [    Test worker] org.apache.tomcat.util.modeler.Registry  : Managed= Tomcat:type=Connector,port=auto-1
2019-12-06 11:18:43.576 DEBUG 7503 --- [    Test worker] o.a.tomcat.util.modeler.BaseModelMBean   : preRegister Connector[HTTP/1.1-auto-1] Tomcat:type=Connector,port=auto-1
2019-12-06 11:18:43.579 DEBUG 7503 --- [    Test worker] o.apache.tomcat.util.IntrospectionUtils  : IntrospectionUtils: setProperty(class org.apache.coyote.http11.Http11NioProtocol parseBodyMethods=POST)
2019-12-06 11:18:43.580 DEBUG 7503 --- [    Test worker] o.apache.tomcat.util.IntrospectionUtils  : IntrospectionUtils: setProperty(class org.apache.tomcat.util.net.NioEndpoint parseBodyMethods=POST)
2019-12-06 11:18:43.580 DEBUG 7503 --- [    Test worker] org.apache.tomcat.util.modeler.Registry  : Managed= Tomcat:type=ProtocolHandler,port=auto-1
2019-12-06 11:18:43.580 DEBUG 7503 --- [    Test worker] org.apache.tomcat.util.modeler.Registry  : Looking for descriptor 
2019-12-06 11:18:43.580 DEBUG 7503 --- [    Test worker] org.apache.tomcat.util.modeler.Registry  : Found jar:file:/Users/govlmo91/.gradle/caches/modules-2/files-2.1/org.apache.tomcat.embed/tomcat-embed-core/9.0.22/79f39903498b28adacb18fe2ea046edd306295a6/tomcat-embed-core-9.0.22.jar!/org/apache/coyote/mbeans-descriptors.xml
2019-12-06 11:18:43.581 DEBUG 7503 --- [    Test worker] o.a.tomcat.util.digester.Digester.sax    : setDocumentLocator(com.sun.org.apache.xerces.internal.parsers.AbstractSAXParser$LocatorProxy@6b7e63b2)
2019-12-06 11:18:43.581 DEBUG 7503 --- [    Test worker] o.a.tomcat.util.digester.Digester.sax    : startDocument()
2019-12-06 11:18:43.581 DEBUG 7503 --- [    Test worker] o.a.tomcat.util.digester.Digester.sax    : startElement(,,mbeans-descriptors)
2019-12-06 11:18:43.581 DEBUG 7503 --- [    Test worker] o.apache.tomcat.util.digester.Digester   :   New match='mbeans-descriptors'
2019-12-06 11:18:43.582 DEBUG 7503 --- [    Test worker] o.apache.tomcat.util.digester.Digester   : No rules found matching [mbeans-descriptors]
2019-12-06 11:18:43.582 DEBUG 7503 --- [    Test worker] o.a.tomcat.util.digester.Digester.sax    : characters(

    )
2019-12-06 11:18:43.582 DEBUG 7503 --- [    Test worker] o.a.tomcat.util.digester.Digester.sax    : startElement(,,mbean)
2019-12-06 11:18:43.582 DEBUG 7503 --- [    Test worker] o.apache.tomcat.util.digester.Digester   :   New match='mbeans-descriptors/mbean'
2019-12-06 11:18:43.582 DEBUG 7503 --- [    Test worker] o.apache.tomcat.util.digester.Digester   :   Fire begin() for ObjectCreateRule[className=org.apache.tomcat.util.modeler.ManagedBean, attributeName=null]
2019-12-06 11:18:43.582 DEBUG 7503 --- [    Test worker] o.apache.tomcat.util.digester.Digester   :   Fire begin() for SetPropertiesRule[]
2019-12-06 11:18:43.582 DEBUG 7503 --- [    Test worker] o.apache.tomcat.util.digester.Digester   : [SetPropertiesRule]{mbeans-descriptors/mbean} Set org.apache.tomcat.util.modeler.ManagedBean properties
2019-12-06 11:18:43.583 DEBUG 7503 --- [    Test worker] o.apache.tomcat.util.digester.Digester   : [SetPropertiesRule]{mbeans-descriptors/mbean} Setting property 'name' to 'RequestGroupInfo'
2019-12-06 11:18:43.583 DEBUG 7503 --- [    Test worker] o.apache.tomcat.util.IntrospectionUtils  : IntrospectionUtils: setProperty(class org.apache.tomcat.util.modeler.ManagedBean name=RequestGroupInfo)
2019-12-06 11:18:43.583 DEBUG 7503 --- [    Test worker] o.apache.tomcat.util.digester.Digester   : [SetPropertiesRule]{mbeans-descriptors/mbean} Setting property 'description' to 'Runtime information of a group of requests'
2019-12-06 11:18:43.583 DEBUG 7503 --- [    Test worker] o.apache.tomcat.util.IntrospectionUtils  : IntrospectionUtils: setProperty(class org.apache.tomcat.util.modeler.ManagedBean description=Runtime information of a group of requests)
2019-12-06 11:18:43.583 DEBUG 7503 --- [    Test worker] o.apache.tomcat.util.digester.Digester   : [SetPropertiesRule]{mbeans-descriptors/mbean} Setting property 'domain' to 'Catalina'
2019-12-06 11:18:43.583 DEBUG 7503 --- [    Test worker] o.apache.tomcat.util.IntrospectionUtils  : IntrospectionUtils: setProperty(class org.apache.tomcat.util.modeler.ManagedBean domain=Catalina)
2019-12-06 11:18:43.583 DEBUG 7503 --- [    Test worker] o.apache.tomcat.util.digester.Digester   : [SetPropertiesRule]{mbeans-descriptors/mbean} Setting property 'group' to 'Connector'
2019-12-06 11:18:43.583 DEBUG 7503 --- [    Test worker] o.apache.tomcat.util.IntrospectionUtils  : IntrospectionUtils: setProperty(class org.apache.tomcat.util.modeler.ManagedBean group=Connector)
2019-12-06 11:18:43.584 DEBUG 7503 --- [    Test worker] o.apache.tomcat.util.digester.Digester   : [SetPropertiesRule]{mbeans-descriptors/mbean} Setting property 'type' to 'org.apache.coyote.RequestGroupInfo'
2019-12-06 11:18:43.584 DEBUG 7503 --- [    Test worker] o.apache.tomcat.util.IntrospectionUtils  : IntrospectionUtils: setProperty(class org.apache.tomcat.util.modeler.ManagedBean type=org.apache.coyote.RequestGroupInfo)
2019-12-06 11:18:43.584 DEBUG 7503 --- [    Test worker] o.apache.tomcat.util.digester.Digester   :   Fire begin() for SetNextRule[methodName=add, paramType=java.lang.Object]
2019-12-06 11:18:43.584 DEBUG 7503 --- [    Test worker] o.a.tomcat.util.digester.Digester.sax    : characters(

        )
2019-12-06 11:18:43.584 DEBUG 7503 --- [    Test worker] o.a.tomcat.util.digester.Digester.sax    : startElement(,,attribute)
2019-12-06 11:18:43.585 DEBUG 7503 --- [    Test worker] o.apache.tomcat.util.digester.Digester   :   New match='mbeans-descriptors/mbean/attribute'
2019-12-06 11:18:43.585 DEBUG 7503 --- [    Test worker] o.apache.tomcat.util.digester.Digester   :   Fire begin() for ObjectCreateRule[className=org.apache.tomcat.util.modeler.AttributeInfo, attributeName=null]
2019-12-06 11:18:43.585 DEBUG 7503 --- [    Test worker] o.apache.tomcat.util.digester.Digester   :   Fire begin() for SetPropertiesRule[]
2019-12-06 11:18:43.585 DEBUG 7503 --- [    Test worker] o.apache.tomcat.util.digester.Digester   : [SetPropertiesRule]{mbeans-descriptors/mbean/attribute} Set org.apache.tomcat.util.modeler.AttributeInfo properties
2019-12-06 11:18:43.585 DEBUG 7503 --- [    Test worker] o.apache.tomcat.util.digester.Digester   : [SetPropertiesRule]{mbeans-descriptors/mbean/attribute} Setting property 'name' to 'maxTime'
2019-12-06 11:18:43.585 DEBUG 7503 --- [    Test worker] o.apache.tomcat.util.IntrospectionUtils  : IntrospectionUtils: setProperty(class org.apache.tomcat.util.modeler.AttributeInfo name=maxTime)
2019-12-06 11:18:43.586 DEBUG 7503 --- [    Test worker] o.apache.tomcat.util.digester.Digester   : [SetPropertiesRule]{mbeans-descriptors/mbean/attribute} Setting property 'description' to 'Maximum time to process a request'
2019-12-06 11:18:43.586 DEBUG 7503 --- [    Test worker] o.apache.tomcat.util.IntrospectionUtils  : IntrospectionUtils: setProperty(class org.apache.tomcat.util.modeler.AttributeInfo description=Maximum time to process a request)
2019-12-06 11:18:43.586 DEBUG 7503 --- [    Test worker] o.apache.tomcat.util.digester.Digester   : [SetPropertiesRule]{mbeans-descriptors/mbean/attribute} Setting property 'type' to 'long'
2019-12-06 11:18:43.586 DEBUG 7503 --- [    Test worker] o.apache.tomcat.util.IntrospectionUtils  : IntrospectionUtils: setProperty(class org.apache.tomcat.util.modeler.AttributeInfo type=long)
2019-12-06 11:18:43.586 DEBUG 7503 --- [    Test worker] o.apache.tomcat.util.digester.Digester   : [SetPropertiesRule]{mbeans-descriptors/mbean/attribute} Setting property 'writeable' to 'false'
2019-12-06 11:18:43.586 DEBUG 7503 --- [    Test worker] o.apache.tomcat.util.IntrospectionUtils  : IntrospectionUtils: setProperty(class org.apache.tomcat.util.modeler.AttributeInfo writeable=false)
2019-12-06 11:18:43.586 DEBUG 7503 --- [    Test worker] o.apache.tomcat.util.digester.Digester   :   Fire begin() for SetNextRule[methodName=addAttribute, paramType=org.apache.tomcat.util.modeler.AttributeInfo]
2019-12-06 11:18:43.587 DEBUG 7503 --- [    Test worker] o.a.tomcat.util.digester.Digester.sax    : endElement(,,attribute)
2019-12-06 11:18:43.587 DEBUG 7503 --- [    Test worker] o.apache.tomcat.util.digester.Digester   :   match='mbeans-descriptors/mbean/attribute'
2019-12-06 11:18:43.587 DEBUG 7503 --- [    Test worker] o.apache.tomcat.util.digester.Digester   :   bodyText=''
2019-12-06 11:18:43.587 DEBUG 7503 --- [    Test worker] o.apache.tomcat.util.digester.Digester   :   Fire body() for ObjectCreateRule[className=org.apache.tomcat.util.modeler.AttributeInfo, attributeName=null]
2019-12-06 11:18:43.587 DEBUG 7503 --- [    Test worker] o.apache.tomcat.util.digester.Digester   :   Fire body() for SetPropertiesRule[]
2019-12-06 11:18:43.587 DEBUG 7503 --- [    Test worker] o.apache.tomcat.util.digester.Digester   :   Fire body() for SetNextRule[methodName=addAttribute, paramType=org.apache.tomcat.util.modeler.AttributeInfo]
2019-12-06 11:18:43.587 DEBUG 7503 --- [    Test worker] o.apache.tomcat.util.digester.Digester   :   Fire end() for SetNextRule[methodName=addAttribute, paramType=org.apache.tomcat.util.modeler.AttributeInfo]
2019-12-06 11:18:43.588 DEBUG 7503 --- [    Test worker] o.apache.tomcat.util.digester.Digester   : [SetNextRule]{mbeans-descriptors/mbean/attribute} Call org.apache.tomcat.util.modeler.ManagedBean.addAttribute(org.apache.tomcat.util.modeler.AttributeInfo@4e6077d)
2019-12-06 11:18:43.588 DEBUG 7503 --- [    Test worker] o.apache.tomcat.util.IntrospectionUtils  : IntrospectionUtils: callMethod1 org.apache.tomcat.util.modeler.ManagedBean org.apache.tomcat.util.modeler.AttributeInfo org.apache.tomcat.util.modeler.AttributeInfo
2019-12-06 11:18:43.588 DEBUG 7503 --- [    Test worker] o.apache.tomcat.util.digester.Digester   :   Fire end() for SetPropertiesRule[]
2019-12-06 11:18:43.588 DEBUG 7503 --- [    Test worker] o.apache.tomcat.util.digester.Digester   :   Fire end() for ObjectCreateRule[className=org.apache.tomcat.util.modeler.AttributeInfo, attributeName=null]
2019-12-06 11:18:43.588 DEBUG 7503 --- [    Test worker] o.apache.tomcat.util.digester.Digester   : [ObjectCreateRule]{mbeans-descriptors/mbean/attribute} Pop org.apache.tomcat.util.modeler.AttributeInfo
2019-12-06 11:18:43.588 DEBUG 7503 --- [    Test worker] o.a.tomcat.util.digester.Digester.sax    : characters(

        )
2019-12-06 11:18:43.588 DEBUG 7503 --- [    Test worker] o.a.tomcat.util.digester.Digester.sax    : startElement(,,attribute)
2019-12-06 11:18:43.589 DEBUG 7503 --- [    Test worker] o.apache.tomcat.util.digester.Digester   :   New match='mbeans-descriptors/mbean/attribute'
2019-12-06 11:18:43.589 DEBUG 7503 --- [    Test worker] o.apache.tomcat.util.digester.Digester   :   Fire begin() for ObjectCreateRule[className=org.apache.tomcat.util.modeler.AttributeInfo, attributeName=null]
2019-12-06 11:18:43.589 DEBUG 7503 --- [    Test worker] o.apache.tomcat.util.digester.Digester   :   Fire begin() for SetPropertiesRule[]
2019-12-06 11:18:43.589 DEBUG 7503 --- [    Test worker] o.apache.tomcat.util.digester.Digester   : [SetPropertiesRule]{mbeans-descriptors/mbean/attribute} Set org.apache.tomcat.util.modeler.AttributeInfo properties
2019-12-06 11:18:43.589 DEBUG 7503 --- [    Test worker] o.apache.tomcat.util.digester.Digester   : [SetPropertiesRule]{mbeans-descriptors/mbean/attribute} Setting property 'name' to 'processingTime'
2019-12-06 11:18:43.589 DEBUG 7503 --- [    Test worker] o.apache.tomcat.util.IntrospectionUtils  : IntrospectionUtils: setProperty(class org.apache.tomcat.util.modeler.AttributeInfo name=processingTime)
2019-12-06 11:18:43.589 DEBUG 7503 --- [    Test worker] o.apache.tomcat.util.digester.Digester   : [SetPropertiesRule]{mbeans-descriptors/mbean/attribute} Setting property 'description' to 'Total time to process the requests'
2019-12-06 11:18:43.590 DEBUG 7503 --- [    Test worker] o.apache.tomcat.util.IntrospectionUtils  : IntrospectionUtils: setProperty(class org.apache.tomcat.util.modeler.AttributeInfo description=Total time to process the requests)
2019-12-06 11:18:43.590 DEBUG 7503 --- [    Test worker] o.apache.tomcat.util.digester.Digester   : [SetPropertiesRule]{mbeans-descriptors/mbean/attribute} Setting property 'type' to 'long'
2019-12-06 11:18:43.590 DEBUG 7503 --- [    Test worker] o.apache.tomcat.util.IntrospectionUtils  : IntrospectionUtils: setProperty(class org.apache.tomcat.util.modeler.AttributeInfo type=long)
2019-12-06 11:18:43.590 DEBUG 7503 --- [    Test worker] o.apache.tomcat.util.digester.Digester   : [SetPropertiesRule]{mbeans-descriptors/mbean/attribute} Setting property 'writeable' to 'false'
2019-12-06 11:18:43.590 DEBUG 7503 --- [    Test worker] o.apache.tomcat.util.IntrospectionUtils  : IntrospectionUtils: setProperty(class org.apache.tomcat.util.modeler.AttributeInfo writeable=false)
2019-12-06 11:18:43.590 DEBUG 7503 --- [    Test worker] o.apache.tomcat.util.digester.Digester   :   Fire begin() for SetNextRule[methodName=addAttribute, paramType=org.apache.tomcat.util.modeler.AttributeInfo]
2019-12-06 11:18:43.590 DEBUG 7503 --- [    Test worker] o.a.tomcat.util.digester.Digester.sax    : endElement(,,attribute)
2019-12-06 11:18:43.591 DEBUG 7503 --- [    Test worker] o.apache.tomcat.util.digester.Digester   :   match='mbeans-descriptors/mbean/attribute'
2019-12-06 11:18:43.591 DEBUG 7503 --- [    Test worker] o.apache.tomcat.util.digester.Digester   :   bodyText=''
2019-12-06 11:18:43.591 DEBUG 7503 --- [    Test worker] o.apache.tomcat.util.digester.Digester   :   Fire body() for ObjectCreateRule[className=org.apache.tomcat.util.modeler.AttributeInfo, attributeName=null]
2019-12-06 11:18:43.591 DEBUG 7503 --- [    Test worker] o.apache.tomcat.util.digester.Digester   :   Fire body() for SetPropertiesRule[]
2019-12-06 11:18:43.591 DEBUG 7503 --- [    Test worker] o.apache.tomcat.util.digester.Digester   :   Fire body() for SetNextRule[methodName=addAttribute, paramType=org.apache.tomcat.util.modeler.AttributeInfo]
2019-12-06 11:18:43.591 DEBUG 7503 --- [    Test worker] o.apache.tomcat.util.digester.Digester   :   Fire end() for SetNextRule[methodName=addAttribute, paramType=org.apache.tomcat.util.modeler.AttributeInfo]
2019-12-06 11:18:43.591 DEBUG 7503 --- [    Test worker] o.apache.tomcat.util.digester.Digester   : [SetNextRule]{mbeans-descriptors/mbean/attribute} Call org.apache.tomcat.util.modeler.ManagedBean.addAttribute(org.apache.tomcat.util.modeler.AttributeInfo@1ef99371)
2019-12-06 11:18:43.592 DEBUG 7503 --- [    Test worker] o.apache.tomcat.util.IntrospectionUtils  : IntrospectionUtils: callMethod1 org.apache.tomcat.util.modeler.ManagedBean org.apache.tomcat.util.modeler.AttributeInfo org.apache.tomcat.util.modeler.AttributeInfo
2019-12-06 11:18:43.592 DEBUG 7503 --- [    Test worker] o.apache.tomcat.util.digester.Digester   :   Fire end() for SetPropertiesRule[]
2019-12-06 11:18:43.592 DEBUG 7503 --- [    Test worker] o.apache.tomcat.util.digester.Digester   :   Fire end() for ObjectCreateRule[className=org.apache.tomcat.util.modeler.AttributeInfo, attributeName=null]
2019-12-06 11:18:43.592 DEBUG 7503 --- [    Test worker] o.apache.tomcat.util.digester.Digester   : [ObjectCreateRule]{mbeans-descriptors/mbean/attribute} Pop org.apache.tomcat.util.modeler.AttributeInfo
2019-12-06 11:18:43.592 DEBUG 7503 --- [    Test worker] o.a.tomcat.util.digester.Digester.sax    : characters(

        )
2019-12-06 11:18:43.592 DEBUG 7503 --- [    Test worker] o.a.tomcat.util.digester.Digester.sax    : startElement(,,attribute)
2019-12-06 11:18:43.592 DEBUG 7503 --- [    Test worker] o.apache.tomcat.util.digester.Digester   :   New match='mbeans-descriptors/mbean/attribute'
2019-12-06 11:18:43.592 DEBUG 7503 --- [    Test worker] o.apache.tomcat.util.digester.Digester   :   Fire begin() for ObjectCreateRule[className=org.apache.tomcat.util.modeler.AttributeInfo, attributeName=null]
2019-12-06 11:18:43.593 DEBUG 7503 --- [    Test worker] o.apache.tomcat.util.digester.Digester   :   Fire begin() for SetPropertiesRule[]
2019-12-06 11:18:43.593 DEBUG 7503 --- [    Test worker] o.apache.tomcat.util.digester.Digester   : [SetPropertiesRule]{mbeans-descriptors/mbean/attribute} Set org.apache.tomcat.util.modeler.AttributeInfo properties
2019-12-06 11:18:43.593 DEBUG 7503 --- [    Test worker] o.apache.tomcat.util.digester.Digester   : [SetPropertiesRule]{mbeans-descriptors/mbean/attribute} Setting property 'name' to 'requestCount'
2019-12-06 11:18:43.593 DEBUG 7503 --- [    Test worker] o.apache.tomcat.util.IntrospectionUtils  : IntrospectionUtils: setProperty(class org.apache.tomcat.util.modeler.AttributeInfo name=requestCount)
2019-12-06 11:18:43.593 DEBUG 7503 --- [    Test worker] o.apache.tomcat.util.digester.Digester   : [SetPropertiesRule]{mbeans-descriptors/mbean/attribute} Setting property 'description' to 'Number of requests processed'
2019-12-06 11:18:43.593 DEBUG 7503 --- [    Test worker] o.apache.tomcat.util.IntrospectionUtils  : IntrospectionUtils: setProperty(class org.apache.tomcat.util.modeler.AttributeInfo description=Number of requests processed)
2019-12-06 11:18:43.594 DEBUG 7503 --- [    Test worker] o.apache.tomcat.util.digester.Digester   : [SetPropertiesRule]{mbeans-descriptors/mbean/attribute} Setting property 'type' to 'int'
2019-12-06 11:18:43.594 DEBUG 7503 --- [    Test worker] o.apache.tomcat.util.IntrospectionUtils  : IntrospectionUtils: setProperty(class org.apache.tomcat.util.modeler.AttributeInfo type=int)
2019-12-06 11:18:43.594 DEBUG 7503 --- [    Test worker] o.apache.tomcat.util.digester.Digester   : [SetPropertiesRule]{mbeans-descriptors/mbean/attribute} Setting property 'writeable' to 'false'
2019-12-06 11:18:43.594 DEBUG 7503 --- [    Test worker] o.apache.tomcat.util.IntrospectionUtils  : IntrospectionUtils: setProperty(class org.apache.tomcat.util.modeler.AttributeInfo writeable=false)
2019-12-06 11:18:43.594 DEBUG 7503 --- [    Test worker] o.apache.tomcat.util.digester.Digester   :   Fire begin() for SetNextRule[methodName=addAttribute, paramType=org.apache.tomcat.util.modeler.AttributeInfo]
2019-12-06 11:18:43.594 DEBUG 7503 --- [    Test worker] o.a.tomcat.util.digester.Digester.sax    : endElement(,,attribute)
2019-12-06 11:18:43.594 DEBUG 7503 --- [    Test worker] o.apache.tomcat.util.digester.Digester   :   match='mbeans-descriptors/mbean/attribute'
2019-12-06 11:18:43.595 DEBUG 7503 --- [    Test worker] o.apache.tomcat.util.digester.Digester   :   bodyText=''
2019-12-06 11:18:43.595 DEBUG 7503 --- [    Test worker] o.apache.tomcat.util.digester.Digester   :   Fire body() for ObjectCreateRule[className=org.apache.tomcat.util.modeler.AttributeInfo, attributeName=null]
2019-12-06 11:18:43.595 DEBUG 7503 --- [    Test worker] o.apache.tomcat.util.digester.Digester   :   Fire body() for SetPropertiesRule[]
2019-12-06 11:18:43.595 DEBUG 7503 --- [    Test worker] o.apache.tomcat.util.digester.Digester   :   Fire body() for SetNextRule[methodName=addAttribute, paramType=org.apache.tomcat.util.modeler.AttributeInfo]
2019-12-06 11:18:43.595 DEBUG 7503 --- [    Test worker] o.apache.tomcat.util.digester.Digester   :   Fire end() for SetNextRule[methodName=addAttribute, paramType=org.apache.tomcat.util.modeler.AttributeInfo]
2019-12-06 11:18:43.595 DEBUG 7503 --- [    Test worker] o.apache.tomcat.util.digester.Digester   : [SetNextRule]{mbeans-descriptors/mbean/attribute} Call org.apache.tomcat.util.modeler.ManagedBean.addAttribute(org.apache.tomcat.util.modeler.AttributeInfo@227a6372)
2019-12-06 11:18:43.595 DEBUG 7503 --- [    Test worker] o.apache.tomcat.util.IntrospectionUtils  : IntrospectionUtils: callMethod1 org.apache.tomcat.util.modeler.ManagedBean org.apache.tomcat.util.modeler.AttributeInfo org.apache.tomcat.util.modeler.AttributeInfo
2019-12-06 11:18:43.595 DEBUG 7503 --- [    Test worker] o.apache.tomcat.util.digester.Digester   :   Fire end() for SetPropertiesRule[]
2019-12-06 11:18:43.596 DEBUG 7503 --- [    Test worker] o.apache.tomcat.util.digester.Digester   :   Fire end() for ObjectCreateRule[className=org.apache.tomcat.util.modeler.AttributeInfo, attributeName=null]
2019-12-06 11:18:43.596 DEBUG 7503 --- [    Test worker] o.apache.tomcat.util.digester.Digester   : [ObjectCreateRule]{mbeans-descriptors/mbean/attribute} Pop org.apache.tomcat.util.modeler.AttributeInfo
2019-12-06 11:18:43.596 DEBUG 7503 --- [    Test worker] o.a.tomcat.util.digester.Digester.sax    : characters(

        )
2019-12-06 11:18:43.596 DEBUG 7503 --- [    Test worker] o.a.tomcat.util.digester.Digester.sax    : startElement(,,attribute)
2019-12-06 11:18:43.596 DEBUG 7503 --- [    Test worker] o.apache.tomcat.util.digester.Digester   :   New match='mbeans-descriptors/mbean/attribute'
2019-12-06 11:18:43.596 DEBUG 7503 --- [    Test worker] o.apache.tomcat.util.digester.Digester   :   Fire begin() for ObjectCreateRule[className=org.apache.tomcat.util.modeler.AttributeInfo, attributeName=null]
2019-12-06 11:18:43.597 DEBUG 7503 --- [    Test worker] o.apache.tomcat.util.digester.Digester   :   Fire begin() for SetPropertiesRule[]
2019-12-06 11:18:43.597 DEBUG 7503 --- [    Test worker] o.apache.tomcat.util.digester.Digester   : [SetPropertiesRule]{mbeans-descriptors/mbean/attribute} Set org.apache.tomcat.util.modeler.AttributeInfo properties
2019-12-06 11:18:43.597 DEBUG 7503 --- [    Test worker] o.apache.tomcat.util.digester.Digester   : [SetPropertiesRule]{mbeans-descriptors/mbean/attribute} Setting property 'name' to 'errorCount'
2019-12-06 11:18:43.597 DEBUG 7503 --- [    Test worker] o.apache.tomcat.util.IntrospectionUtils  : IntrospectionUtils: setProperty(class org.apache.tomcat.util.modeler.AttributeInfo name=errorCount)
2019-12-06 11:18:43.597 DEBUG 7503 --- [    Test worker] o.apache.tomcat.util.digester.Digester   : [SetPropertiesRule]{mbeans-descriptors/mbean/attribute} Setting property 'description' to 'Number of errors'
2019-12-06 11:18:43.597 DEBUG 7503 --- [    Test worker] o.apache.tomcat.util.IntrospectionUtils  : IntrospectionUtils: setProperty(class org.apache.tomcat.util.modeler.AttributeInfo description=Number of errors)
2019-12-06 11:18:43.597 DEBUG 7503 --- [    Test worker] o.apache.tomcat.util.digester.Digester   : [SetPropertiesRule]{mbeans-descriptors/mbean/attribute} Setting property 'type' to 'int'
2019-12-06 11:18:43.597 DEBUG 7503 --- [    Test worker] o.apache.tomcat.util.IntrospectionUtils  : IntrospectionUtils: setProperty(class org.apache.tomcat.util.modeler.AttributeInfo type=int)
2019-12-06 11:18:43.598 DEBUG 7503 --- [    Test worker] o.apache.tomcat.util.digester.Digester   : [SetPropertiesRule]{mbeans-descriptors/mbean/attribute} Setting property 'writeable' to 'false'
2019-12-06 11:18:43.598 DEBUG 7503 --- [    Test worker] o.apache.tomcat.util.IntrospectionUtils  : IntrospectionUtils: setProperty(class org.apache.tomcat.util.modeler.AttributeInfo writeable=false)
2019-12-06 11:18:43.598 DEBUG 7503 --- [    Test worker] o.apache.tomcat.util.digester.Digester   :   Fire begin() for SetNextRule[methodName=addAttribute, paramType=org.apache.tomcat.util.modeler.AttributeInfo]
2019-12-06 11:18:43.598 DEBUG 7503 --- [    Test worker] o.a.tomcat.util.digester.Digester.sax    : endElement(,,attribute)
2019-12-06 11:18:43.598 DEBUG 7503 --- [    Test worker] o.apache.tomcat.util.digester.Digester   :   match='mbeans-descriptors/mbean/attribute'
2019-12-06 11:18:43.598 DEBUG 7503 --- [    Test worker] o.apache.tomcat.util.digester.Digester   :   bodyText=''
2019-12-06 11:18:43.598 DEBUG 7503 --- [    Test worker] o.apache.tomcat.util.digester.Digester   :   Fire body() for ObjectCreateRule[className=org.apache.tomcat.util.modeler.AttributeInfo, attributeName=null]
2019-12-06 11:18:43.599 DEBUG 7503 --- [    Test worker] o.apache.tomcat.util.digester.Digester   :   Fire body() for SetPropertiesRule[]
2019-12-06 11:18:43.599 DEBUG 7503 --- [    Test worker] o.apache.tomcat.util.digester.Digester   :   Fire body() for SetNextRule[methodName=addAttribute, paramType=org.apache.tomcat.util.modeler.AttributeInfo]
2019-12-06 11:18:43.599 DEBUG 7503 --- [    Test worker] o.apache.tomcat.util.digester.Digester   :   Fire end() for SetNextRule[methodName=addAttribute, paramType=org.apache.tomcat.util.modeler.AttributeInfo]
2019-12-06 11:18:43.599 DEBUG 7503 --- [    Test worker] o.apache.tomcat.util.digester.Digester   : [SetNextRule]{mbeans-descriptors/mbean/attribute} Call org.apache.tomcat.util.modeler.ManagedBean.addAttribute(org.apache.tomcat.util.modeler.AttributeInfo@3a81f77c)
2019-12-06 11:18:43.599 DEBUG 7503 --- [    Test worker] o.apache.tomcat.util.IntrospectionUtils  : IntrospectionUtils: callMethod1 org.apache.tomcat.util.modeler.ManagedBean org.apache.tomcat.util.modeler.AttributeInfo org.apache.tomcat.util.modeler.AttributeInfo
2019-12-06 11:18:43.599 DEBUG 7503 --- [    Test worker] o.apache.tomcat.util.digester.Digester   :   Fire end() for SetPropertiesRule[]
2019-12-06 11:18:43.599 DEBUG 7503 --- [    Test worker] o.apache.tomcat.util.digester.Digester   :   Fire end() for ObjectCreateRule[className=org.apache.tomcat.util.modeler.AttributeInfo, attributeName=null]
2019-12-06 11:18:43.600 DEBUG 7503 --- [    Test worker] o.apache.tomcat.util.digester.Digester   : [ObjectCreateRule]{mbeans-descriptors/mbean/attribute} Pop org.apache.tomcat.util.modeler.AttributeInfo
2019-12-06 11:18:43.600 DEBUG 7503 --- [    Test worker] o.a.tomcat.util.digester.Digester.sax    : characters(

        )
2019-12-06 11:18:43.600 DEBUG 7503 --- [    Test worker] o.a.tomcat.util.digester.Digester.sax    : startElement(,,attribute)
2019-12-06 11:18:43.600 DEBUG 7503 --- [    Test worker] o.apache.tomcat.util.digester.Digester   :   New match='mbeans-descriptors/mbean/attribute'
2019-12-06 11:18:43.600 DEBUG 7503 --- [    Test worker] o.apache.tomcat.util.digester.Digester   :   Fire begin() for ObjectCreateRule[className=org.apache.tomcat.util.modeler.AttributeInfo, attributeName=null]
2019-12-06 11:18:43.600 DEBUG 7503 --- [    Test worker] o.apache.tomcat.util.digester.Digester   :   Fire begin() for SetPropertiesRule[]
2019-12-06 11:18:43.600 DEBUG 7503 --- [    Test worker] o.apache.tomcat.util.digester.Digester   : [SetPropertiesRule]{mbeans-descriptors/mbean/attribute} Set org.apache.tomcat.util.modeler.AttributeInfo properties
2019-12-06 11:18:43.601 DEBUG 7503 --- [    Test worker] o.apache.tomcat.util.digester.Digester   : [SetPropertiesRule]{mbeans-descriptors/mbean/attribute} Setting property 'name' to 'bytesReceived'
2019-12-06 11:18:43.601 DEBUG 7503 --- [    Test worker] o.apache.tomcat.util.IntrospectionUtils  : IntrospectionUtils: setProperty(class org.apache.tomcat.util.modeler.AttributeInfo name=bytesReceived)
2019-12-06 11:18:43.601 DEBUG 7503 --- [    Test worker] o.apache.tomcat.util.digester.Digester   : [SetPropertiesRule]{mbeans-descriptors/mbean/attribute} Setting property 'description' to 'Amount of data received, in bytes'
2019-12-06 11:18:43.601 DEBUG 7503 --- [    Test worker] o.apache.tomcat.util.IntrospectionUtils  : IntrospectionUtils: setProperty(class org.apache.tomcat.util.modeler.AttributeInfo description=Amount of data received, in bytes)
2019-12-06 11:18:43.601 DEBUG 7503 --- [    Test worker] o.apache.tomcat.util.digester.Digester   : [SetPropertiesRule]{mbeans-descriptors/mbean/attribute} Setting property 'type' to 'long'
2019-12-06 11:18:43.601 DEBUG 7503 --- [    Test worker] o.apache.tomcat.util.IntrospectionUtils  : IntrospectionUtils: setProperty(class org.apache.tomcat.util.modeler.AttributeInfo type=long)
2019-12-06 11:18:43.601 DEBUG 7503 --- [    Test worker] o.apache.tomcat.util.digester.Digester   : [SetPropertiesRule]{mbeans-descriptors/mbean/attribute} Setting property 'writeable' to 'false'
2019-12-06 11:18:43.602 DEBUG 7503 --- [    Test worker] o.apache.tomcat.util.IntrospectionUtils  : IntrospectionUtils: setProperty(class org.apache.tomcat.util.modeler.AttributeInfo writeable=false)
2019-12-06 11:18:43.602 DEBUG 7503 --- [    Test worker] o.apache.tomcat.util.digester.Digester   :   Fire begin() for SetNextRule[methodName=addAttribute, paramType=org.apache.tomcat.util.modeler.AttributeInfo]
2019-12-06 11:18:43.602 DEBUG 7503 --- [    Test worker] o.a.tomcat.util.digester.Digester.sax    : endElement(,,attribute)
2019-12-06 11:18:43.602 DEBUG 7503 --- [    Test worker] o.apache.tomcat.util.digester.Digester   :   match='mbeans-descriptors/mbean/attribute'
2019-12-06 11:18:43.602 DEBUG 7503 --- [    Test worker] o.apache.tomcat.util.digester.Digester   :   bodyText=''
2019-12-06 11:18:43.603 DEBUG 7503 --- [    Test worker] o.apache.tomcat.util.digester.Digester   :   Fire body() for ObjectCreateRule[className=org.apache.tomcat.util.modeler.AttributeInfo, attributeName=null]
2019-12-06 11:18:43.603 DEBUG 7503 --- [    Test worker] o.apache.tomcat.util.digester.Digester   :   Fire body() for SetPropertiesRule[]
2019-12-06 11:18:43.603 DEBUG 7503 --- [    Test worker] o.apache.tomcat.util.digester.Digester   :   Fire body() for SetNextRule[methodName=addAttribute, paramType=org.apache.tomcat.util.modeler.AttributeInfo]
2019-12-06 11:18:43.603 DEBUG 7503 --- [    Test worker] o.apache.tomcat.util.digester.Digester   :   Fire end() for SetNextRule[methodName=addAttribute, paramType=org.apache.tomcat.util.modeler.AttributeInfo]
2019-12-06 11:18:43.603 DEBUG 7503 --- [    Test worker] o.apache.tomcat.util.digester.Digester   : [SetNextRule]{mbeans-descriptors/mbean/attribute} Call org.apache.tomcat.util.modeler.ManagedBean.addAttribute(org.apache.tomcat.util.modeler.AttributeInfo@ee8d2be)
2019-12-06 11:18:43.603 DEBUG 7503 --- [    Test worker] o.apache.tomcat.util.IntrospectionUtils  : IntrospectionUtils: callMethod1 org.apache.tomcat.util.modeler.ManagedBean org.apache.tomcat.util.modeler.AttributeInfo org.apache.tomcat.util.modeler.AttributeInfo
2019-12-06 11:18:43.604 DEBUG 7503 --- [    Test worker] o.apache.tomcat.util.digester.Digester   :   Fire end() for SetPropertiesRule[]
2019-12-06 11:18:43.604 DEBUG 7503 --- [    Test worker] o.apache.tomcat.util.digester.Digester   :   Fire end() for ObjectCreateRule[className=org.apache.tomcat.util.modeler.AttributeInfo, attributeName=null]
2019-12-06 11:18:43.604 DEBUG 7503 --- [    Test worker] o.apache.tomcat.util.digester.Digester   : [ObjectCreateRule]{mbeans-descriptors/mbean/attribute} Pop org.apache.tomcat.util.modeler.AttributeInfo
2019-12-06 11:18:43.604 DEBUG 7503 --- [    Test worker] o.a.tomcat.util.digester.Digester.sax    : characters(

        )
2019-12-06 11:18:43.604 DEBUG 7503 --- [    Test worker] o.a.tomcat.util.digester.Digester.sax    : startElement(,,attribute)
2019-12-06 11:18:43.604 DEBUG 7503 --- [    Test worker] o.apache.tomcat.util.digester.Digester   :   New match='mbeans-descriptors/mbean/attribute'
2019-12-06 11:18:43.604 DEBUG 7503 --- [    Test worker] o.apache.tomcat.util.digester.Digester   :   Fire begin() for ObjectCreateRule[className=org.apache.tomcat.util.modeler.AttributeInfo, attributeName=null]
2019-12-06 11:18:43.605 DEBUG 7503 --- [    Test worker] o.apache.tomcat.util.digester.Digester   :   Fire begin() for SetPropertiesRule[]
2019-12-06 11:18:43.605 DEBUG 7503 --- [    Test worker] o.apache.tomcat.util.digester.Digester   : [SetPropertiesRule]{mbeans-descriptors/mbean/attribute} Set org.apache.tomcat.util.modeler.AttributeInfo properties
2019-12-06 11:18:43.605 DEBUG 7503 --- [    Test worker] o.apache.tomcat.util.digester.Digester   : [SetPropertiesRule]{mbeans-descriptors/mbean/attribute} Setting property 'name' to 'bytesSent'
2019-12-06 11:18:43.605 DEBUG 7503 --- [    Test worker] o.apache.tomcat.util.IntrospectionUtils  : IntrospectionUtils: setProperty(class org.apache.tomcat.util.modeler.AttributeInfo name=bytesSent)
2019-12-06 11:18:43.605 DEBUG 7503 --- [    Test worker] o.apache.tomcat.util.digester.Digester   : [SetPropertiesRule]{mbeans-descriptors/mbean/attribute} Setting property 'description' to 'Amount of data sent, in bytes'
2019-12-06 11:18:43.605 DEBUG 7503 --- [    Test worker] o.apache.tomcat.util.IntrospectionUtils  : IntrospectionUtils: setProperty(class org.apache.tomcat.util.modeler.AttributeInfo description=Amount of data sent, in bytes)
2019-12-06 11:18:43.606 DEBUG 7503 --- [    Test worker] o.apache.tomcat.util.digester.Digester   : [SetPropertiesRule]{mbeans-descriptors/mbean/attribute} Setting property 'type' to 'long'
2019-12-06 11:18:43.606 DEBUG 7503 --- [    Test worker] o.apache.tomcat.util.IntrospectionUtils  : IntrospectionUtils: setProperty(class org.apache.tomcat.util.modeler.AttributeInfo type=long)
2019-12-06 11:18:43.606 DEBUG 7503 --- [    Test worker] o.apache.tomcat.util.digester.Digester   : [SetPropertiesRule]{mbeans-descriptors/mbean/attribute} Setting property 'writeable' to 'false'
2019-12-06 11:18:43.606 DEBUG 7503 --- [    Test worker] o.apache.tomcat.util.IntrospectionUtils  : IntrospectionUtils: setProperty(class org.apache.tomcat.util.modeler.AttributeInfo writeable=false)
2019-12-06 11:18:43.606 DEBUG 7503 --- [    Test worker] o.apache.tomcat.util.digester.Digester   :   Fire begin() for SetNextRule[methodName=addAttribute, paramType=org.apache.tomcat.util.modeler.AttributeInfo]
2019-12-06 11:18:43.606 DEBUG 7503 --- [    Test worker] o.a.tomcat.util.digester.Digester.sax    : endElement(,,attribute)
2019-12-06 11:18:43.606 DEBUG 7503 --- [    Test worker] o.apache.tomcat.util.digester.Digester   :   match='mbeans-descriptors/mbean/attribute'
2019-12-06 11:18:43.606 DEBUG 7503 --- [    Test worker] o.apache.tomcat.util.digester.Digester   :   bodyText=''
2019-12-06 11:18:43.607 DEBUG 7503 --- [    Test worker] o.apache.tomcat.util.digester.Digester   :   Fire body() for ObjectCreateRule[className=org.apache.tomcat.util.modeler.AttributeInfo, attributeName=null]
2019-12-06 11:18:43.607 DEBUG 7503 --- [    Test worker] o.apache.tomcat.util.digester.Digester   :   Fire body() for SetPropertiesRule[]
2019-12-06 11:18:43.607 DEBUG 7503 --- [    Test worker] o.apache.tomcat.util.digester.Digester   :   Fire body() for SetNextRule[methodName=addAttribute, paramType=org.apache.tomcat.util.modeler.AttributeInfo]
2019-12-06 11:18:43.607 DEBUG 7503 --- [    Test worker] o.apache.tomcat.util.digester.Digester   :   Fire end() for SetNextRule[methodName=addAttribute, paramType=org.apache.tomcat.util.modeler.AttributeInfo]
2019-12-06 11:18:43.607 DEBUG 7503 --- [    Test worker] o.apache.tomcat.util.digester.Digester   : [SetNextRule]{mbeans-descriptors/mbean/attribute} Call org.apache.tomcat.util.modeler.ManagedBean.addAttribute(org.apache.tomcat.util.modeler.AttributeInfo@5c58aa09)
2019-12-06 11:18:43.608 DEBUG 7503 --- [    Test worker] o.apache.tomcat.util.IntrospectionUtils  : IntrospectionUtils: callMethod1 org.apache.tomcat.util.modeler.ManagedBean org.apache.tomcat.util.modeler.AttributeInfo org.apache.tomcat.util.modeler.AttributeInfo
2019-12-06 11:18:43.608 DEBUG 7503 --- [    Test worker] o.apache.tomcat.util.digester.Digester   :   Fire end() for SetPropertiesRule[]
2019-12-06 11:18:43.608 DEBUG 7503 --- [    Test worker] o.apache.tomcat.util.digester.Digester   :   Fire end() for ObjectCreateRule[className=org.apache.tomcat.util.modeler.AttributeInfo, attributeName=null]
2019-12-06 11:18:43.608 DEBUG 7503 --- [    Test worker] o.apache.tomcat.util.digester.Digester   : [ObjectCreateRule]{mbeans-descriptors/mbean/attribute} Pop org.apache.tomcat.util.modeler.AttributeInfo
2019-12-06 11:18:43.608 DEBUG 7503 --- [    Test worker] o.a.tomcat.util.digester.Digester.sax    : characters(

        )
2019-12-06 11:18:43.608 DEBUG 7503 --- [    Test worker] o.a.tomcat.util.digester.Digester.sax    : startElement(,,operation)
2019-12-06 11:18:43.609 DEBUG 7503 --- [    Test worker] o.apache.tomcat.util.digester.Digester   :   New match='mbeans-descriptors/mbean/operation'
2019-12-06 11:18:43.609 DEBUG 7503 --- [    Test worker] o.apache.tomcat.util.digester.Digester   :   Fire begin() for ObjectCreateRule[className=org.apache.tomcat.util.modeler.OperationInfo, attributeName=null]
2019-12-06 11:18:43.609 DEBUG 7503 --- [    Test worker] o.apache.tomcat.util.digester.Digester   :   Fire begin() for SetPropertiesRule[]
2019-12-06 11:18:43.609 DEBUG 7503 --- [    Test worker] o.apache.tomcat.util.digester.Digester   : [SetPropertiesRule]{mbeans-descriptors/mbean/operation} Set org.apache.tomcat.util.modeler.OperationInfo properties
2019-12-06 11:18:43.609 DEBUG 7503 --- [    Test worker] o.apache.tomcat.util.digester.Digester   : [SetPropertiesRule]{mbeans-descriptors/mbean/operation} Setting property 'name' to 'resetCounters'
2019-12-06 11:18:43.609 DEBUG 7503 --- [    Test worker] o.apache.tomcat.util.IntrospectionUtils  : IntrospectionUtils: setProperty(class org.apache.tomcat.util.modeler.OperationInfo name=resetCounters)
2019-12-06 11:18:43.610 DEBUG 7503 --- [    Test worker] o.apache.tomcat.util.digester.Digester   : [SetPropertiesRule]{mbeans-descriptors/mbean/operation} Setting property 'description' to 'Reset counters'
2019-12-06 11:18:43.610 DEBUG 7503 --- [    Test worker] o.apache.tomcat.util.IntrospectionUtils  : IntrospectionUtils: setProperty(class org.apache.tomcat.util.modeler.OperationInfo description=Reset counters)
2019-12-06 11:18:43.610 DEBUG 7503 --- [    Test worker] o.apache.tomcat.util.digester.Digester   : [SetPropertiesRule]{mbeans-descriptors/mbean/operation} Setting property 'impact' to 'ACTION'
2019-12-06 11:18:43.610 DEBUG 7503 --- [    Test worker] o.apache.tomcat.util.IntrospectionUtils  : IntrospectionUtils: setProperty(class org.apache.tomcat.util.modeler.OperationInfo impact=ACTION)
2019-12-06 11:18:43.610 DEBUG 7503 --- [    Test worker] o.apache.tomcat.util.digester.Digester   : [SetPropertiesRule]{mbeans-descriptors/mbean/operation} Setting property 'returnType' to 'void'
2019-12-06 11:18:43.610 DEBUG 7503 --- [    Test worker] o.apache.tomcat.util.IntrospectionUtils  : IntrospectionUtils: setProperty(class org.apache.tomcat.util.modeler.OperationInfo returnType=void)
2019-12-06 11:18:43.610 DEBUG 7503 --- [    Test worker] o.apache.tomcat.util.digester.Digester   :   Fire begin() for SetNextRule[methodName=addOperation, paramType=org.apache.tomcat.util.modeler.OperationInfo]
2019-12-06 11:18:43.611 DEBUG 7503 --- [    Test worker] o.a.tomcat.util.digester.Digester.sax    : endElement(,,operation)
2019-12-06 11:18:43.611 DEBUG 7503 --- [    Test worker] o.apache.tomcat.util.digester.Digester   :   match='mbeans-descriptors/mbean/operation'
2019-12-06 11:18:43.611 DEBUG 7503 --- [    Test worker] o.apache.tomcat.util.digester.Digester   :   bodyText=''
2019-12-06 11:18:43.611 DEBUG 7503 --- [    Test worker] o.apache.tomcat.util.digester.Digester   :   Fire body() for ObjectCreateRule[className=org.apache.tomcat.util.modeler.OperationInfo, attributeName=null]
2019-12-06 11:18:43.611 DEBUG 7503 --- [    Test worker] o.apache.tomcat.util.digester.Digester   :   Fire body() for SetPropertiesRule[]
2019-12-06 11:18:43.611 DEBUG 7503 --- [    Test worker] o.apache.tomcat.util.digester.Digester   :   Fire body() for SetNextRule[methodName=addOperation, paramType=org.apache.tomcat.util.modeler.OperationInfo]
2019-12-06 11:18:43.611 DEBUG 7503 --- [    Test worker] o.apache.tomcat.util.digester.Digester   :   Fire end() for SetNextRule[methodName=addOperation, paramType=org.apache.tomcat.util.modeler.OperationInfo]
2019-12-06 11:18:43.611 DEBUG 7503 --- [    Test worker] o.apache.tomcat.util.digester.Digester   : [SetNextRule]{mbeans-descriptors/mbean/operation} Call org.apache.tomcat.util.modeler.ManagedBean.addOperation(org.apache.tomcat.util.modeler.OperationInfo@2dc82303)
2019-12-06 11:18:43.612 DEBUG 7503 --- [    Test worker] o.apache.tomcat.util.IntrospectionUtils  : IntrospectionUtils: callMethod1 org.apache.tomcat.util.modeler.ManagedBean org.apache.tomcat.util.modeler.OperationInfo org.apache.tomcat.util.modeler.OperationInfo
2019-12-06 11:18:43.612 DEBUG 7503 --- [    Test worker] o.apache.tomcat.util.digester.Digester   :   Fire end() for SetPropertiesRule[]
2019-12-06 11:18:43.612 DEBUG 7503 --- [    Test worker] o.apache.tomcat.util.digester.Digester   :   Fire end() for ObjectCreateRule[className=org.apache.tomcat.util.modeler.OperationInfo, attributeName=null]
2019-12-06 11:18:43.612 DEBUG 7503 --- [    Test worker] o.apache.tomcat.util.digester.Digester   : [ObjectCreateRule]{mbeans-descriptors/mbean/operation} Pop org.apache.tomcat.util.modeler.OperationInfo
2019-12-06 11:18:43.612 DEBUG 7503 --- [    Test worker] o.a.tomcat.util.digester.Digester.sax    : characters(

    )
2019-12-06 11:18:43.612 DEBUG 7503 --- [    Test worker] o.a.tomcat.util.digester.Digester.sax    : endElement(,,mbean)
2019-12-06 11:18:43.612 DEBUG 7503 --- [    Test worker] o.apache.tomcat.util.digester.Digester   :   match='mbeans-descriptors/mbean'
2019-12-06 11:18:43.613 DEBUG 7503 --- [    Test worker] o.apache.tomcat.util.digester.Digester   :   bodyText='

        

        

        

        

        

        

        

    '
2019-12-06 11:18:43.613 DEBUG 7503 --- [    Test worker] o.apache.tomcat.util.digester.Digester   :   Fire body() for ObjectCreateRule[className=org.apache.tomcat.util.modeler.ManagedBean, attributeName=null]
2019-12-06 11:18:43.613 DEBUG 7503 --- [    Test worker] o.apache.tomcat.util.digester.Digester   :   Fire body() for SetPropertiesRule[]
2019-12-06 11:18:43.613 DEBUG 7503 --- [    Test worker] o.apache.tomcat.util.digester.Digester   :   Fire body() for SetNextRule[methodName=add, paramType=java.lang.Object]
2019-12-06 11:18:43.613 DEBUG 7503 --- [    Test worker] o.apache.tomcat.util.digester.Digester   :   Fire end() for SetNextRule[methodName=add, paramType=java.lang.Object]
2019-12-06 11:18:43.613 DEBUG 7503 --- [    Test worker] o.apache.tomcat.util.digester.Digester   : [SetNextRule]{mbeans-descriptors/mbean} Call java.util.ArrayList.add(ManagedBean[name=RequestGroupInfo, className=org.apache.tomcat.util.modeler.BaseModelMBean, description=Runtime information of a group of requests, group=Connector, type=org.apache.coyote.RequestGroupInfo])
2019-12-06 11:18:43.613 DEBUG 7503 --- [    Test worker] o.apache.tomcat.util.IntrospectionUtils  : IntrospectionUtils: callMethod1 java.util.ArrayList org.apache.tomcat.util.modeler.ManagedBean java.lang.Object
2019-12-06 11:18:43.614 DEBUG 7503 --- [    Test worker] o.apache.tomcat.util.digester.Digester   :   Fire end() for SetPropertiesRule[]
2019-12-06 11:18:43.614 DEBUG 7503 --- [    Test worker] o.apache.tomcat.util.digester.Digester   :   Fire end() for ObjectCreateRule[className=org.apache.tomcat.util.modeler.ManagedBean, attributeName=null]
2019-12-06 11:18:43.614 DEBUG 7503 --- [    Test worker] o.apache.tomcat.util.digester.Digester   : [ObjectCreateRule]{mbeans-descriptors/mbean} Pop org.apache.tomcat.util.modeler.ManagedBean
2019-12-06 11:18:43.614 DEBUG 7503 --- [    Test worker] o.a.tomcat.util.digester.Digester.sax    : characters(
)
2019-12-06 11:18:43.614 DEBUG 7503 --- [    Test worker] o.a.tomcat.util.digester.Digester.sax    : endElement(,,mbeans-descriptors)
2019-12-06 11:18:43.614 DEBUG 7503 --- [    Test worker] o.apache.tomcat.util.digester.Digester   :   match='mbeans-descriptors'
2019-12-06 11:18:43.614 DEBUG 7503 --- [    Test worker] o.apache.tomcat.util.digester.Digester   :   bodyText='

    
'
2019-12-06 11:18:43.614 DEBUG 7503 --- [    Test worker] o.apache.tomcat.util.digester.Digester   : No rules found matching [mbeans-descriptors]
2019-12-06 11:18:43.615 DEBUG 7503 --- [    Test worker] o.a.tomcat.util.digester.Digester.sax    : endDocument()
2019-12-06 11:18:43.615 DEBUG 7503 --- [    Test worker] org.apache.tomcat.util.modeler.Registry  : Introspecting 
2019-12-06 11:18:43.617 DEBUG 7503 --- [    Test worker] m.m.MbeansDescriptorsIntrospectionSource : Unsupported type public java.net.InetAddress org.apache.coyote.AbstractProtocol.getAddress()
2019-12-06 11:18:43.617 DEBUG 7503 --- [    Test worker] m.m.MbeansDescriptorsIntrospectionSource : Unsupported type public java.util.concurrent.Executor org.apache.coyote.AbstractProtocol.getExecutor()
2019-12-06 11:18:43.617 DEBUG 7503 --- [    Test worker] m.m.MbeansDescriptorsIntrospectionSource : Unsupported type public org.apache.coyote.Adapter org.apache.coyote.AbstractProtocol.getAdapter()
2019-12-06 11:18:43.617 DEBUG 7503 --- [    Test worker] m.m.MbeansDescriptorsIntrospectionSource : Unsupported type public void org.apache.coyote.AbstractProtocol.setAddress(java.net.InetAddress) class java.net.InetAddress
2019-12-06 11:18:43.617 DEBUG 7503 --- [    Test worker] m.m.MbeansDescriptorsIntrospectionSource : Unsupported type public java.util.concurrent.ScheduledExecutorService org.apache.coyote.AbstractProtocol.getUtilityExecutor()
2019-12-06 11:18:43.618 DEBUG 7503 --- [    Test worker] m.m.MbeansDescriptorsIntrospectionSource : Unsupported type public void org.apache.coyote.AbstractProtocol.setAdapter(org.apache.coyote.Adapter) interface org.apache.coyote.Adapter
2019-12-06 11:18:43.618 DEBUG 7503 --- [    Test worker] m.m.MbeansDescriptorsIntrospectionSource : Unsupported type public void org.apache.coyote.AbstractProtocol.setUtilityExecutor(java.util.concurrent.ScheduledExecutorService) interface java.util.concurrent.ScheduledExecutorService
2019-12-06 11:18:43.618 DEBUG 7503 --- [    Test worker] m.m.MbeansDescriptorsIntrospectionSource : Unsupported type public void org.apache.coyote.AbstractProtocol.setExecutor(java.util.concurrent.Executor) interface java.util.concurrent.Executor
2019-12-06 11:18:43.618 DEBUG 7503 --- [    Test worker] m.m.MbeansDescriptorsIntrospectionSource : Introspected attribute minSpareThreads public int org.apache.coyote.AbstractProtocol.getMinSpareThreads() public void org.apache.coyote.AbstractProtocol.setMinSpareThreads(int)
2019-12-06 11:18:43.618 DEBUG 7503 --- [    Test worker] m.m.MbeansDescriptorsIntrospectionSource : Introspected attribute sSLCACertificateFile public java.lang.String org.apache.coyote.http11.AbstractHttp11Protocol.getSSLCACertificateFile() public void org.apache.coyote.http11.AbstractHttp11Protocol.setSSLCACertificateFile(java.lang.String)
2019-12-06 11:18:43.618 DEBUG 7503 --- [    Test worker] m.m.MbeansDescriptorsIntrospectionSource : Introspected attribute aprRequired public boolean org.apache.coyote.AbstractProtocol.isAprRequired() null
2019-12-06 11:18:43.618 DEBUG 7503 --- [    Test worker] m.m.MbeansDescriptorsIntrospectionSource : Introspected attribute localPort public int org.apache.coyote.AbstractProtocol.getLocalPort() null
2019-12-06 11:18:43.618 DEBUG 7503 --- [    Test worker] m.m.MbeansDescriptorsIntrospectionSource : Introspected attribute compression public java.lang.String org.apache.coyote.http11.AbstractHttp11Protocol.getCompression() public void org.apache.coyote.http11.AbstractHttp11Protocol.setCompression(java.lang.String)
2019-12-06 11:18:43.619 DEBUG 7503 --- [    Test worker] m.m.MbeansDescriptorsIntrospectionSource : Introspected attribute sSLDisableCompression public boolean org.apache.coyote.http11.AbstractHttp11Protocol.getSSLDisableCompression() public void org.apache.coyote.http11.AbstractHttp11Protocol.setSSLDisableCompression(boolean)
2019-12-06 11:18:43.619 DEBUG 7503 --- [    Test worker] m.m.MbeansDescriptorsIntrospectionSource : Introspected attribute ciphers public java.lang.String org.apache.coyote.http11.AbstractHttp11Protocol.getCiphers() public void org.apache.coyote.http11.AbstractHttp11Protocol.setCiphers(java.lang.String)
2019-12-06 11:18:43.619 DEBUG 7503 --- [    Test worker] m.m.MbeansDescriptorsIntrospectionSource : Introspected attribute truststorePass public java.lang.String org.apache.coyote.http11.AbstractHttp11Protocol.getTruststorePass() public void org.apache.coyote.http11.AbstractHttp11Protocol.setTruststorePass(java.lang.String)
2019-12-06 11:18:43.619 DEBUG 7503 --- [    Test worker] m.m.MbeansDescriptorsIntrospectionSource : Introspected attribute truststoreProvider public java.lang.String org.apache.coyote.http11.AbstractHttp11Protocol.getTruststoreProvider() public void org.apache.coyote.http11.AbstractHttp11Protocol.setTruststoreProvider(java.lang.String)
2019-12-06 11:18:43.619 DEBUG 7503 --- [    Test worker] m.m.MbeansDescriptorsIntrospectionSource : Introspected attribute portWithOffset public int org.apache.coyote.AbstractProtocol.getPortWithOffset() null
2019-12-06 11:18:43.619 DEBUG 7503 --- [    Test worker] m.m.MbeansDescriptorsIntrospectionSource : Introspected attribute nameIndex public synchronized int org.apache.coyote.AbstractProtocol.getNameIndex() null
2019-12-06 11:18:43.619 DEBUG 7503 --- [    Test worker] m.m.MbeansDescriptorsIntrospectionSource : Introspected attribute clientCertProvider public java.lang.String org.apache.coyote.AbstractProtocol.getClientCertProvider() public void org.apache.coyote.AbstractProtocol.setClientCertProvider(java.lang.String)
2019-12-06 11:18:43.619 DEBUG 7503 --- [    Test worker] m.m.MbeansDescriptorsIntrospectionSource : Introspected attribute sSLCertificateKeyFile public java.lang.String org.apache.coyote.http11.AbstractHttp11Protocol.getSSLCertificateKeyFile() public void org.apache.coyote.http11.AbstractHttp11Protocol.setSSLCertificateKeyFile(java.lang.String)
2019-12-06 11:18:43.619 DEBUG 7503 --- [    Test worker] m.m.MbeansDescriptorsIntrospectionSource : Introspected attribute keystoreType public java.lang.String org.apache.coyote.http11.AbstractHttp11Protocol.getKeystoreType() public void org.apache.coyote.http11.AbstractHttp11Protocol.setKeystoreType(java.lang.String)
2019-12-06 11:18:43.620 DEBUG 7503 --- [    Test worker] m.m.MbeansDescriptorsIntrospectionSource : Introspected attribute disableUploadTimeout public boolean org.apache.coyote.http11.AbstractHttp11Protocol.getDisableUploadTimeout() public void org.apache.coyote.http11.AbstractHttp11Protocol.setDisableUploadTimeout(boolean)
2019-12-06 11:18:43.620 DEBUG 7503 --- [    Test worker] m.m.MbeansDescriptorsIntrospectionSource : Introspected attribute serverRemoveAppProvidedValues public boolean org.apache.coyote.http11.AbstractHttp11Protocol.getServerRemoveAppProvidedValues() public void org.apache.coyote.http11.AbstractHttp11Protocol.setServerRemoveAppProvidedValues(boolean)
2019-12-06 11:18:43.620 DEBUG 7503 --- [    Test worker] m.m.MbeansDescriptorsIntrospectionSource : Introspected attribute sslImplementationName public java.lang.String org.apache.coyote.http11.AbstractHttp11JsseProtocol.getSslImplementationName() public void org.apache.coyote.http11.AbstractHttp11JsseProtocol.setSslImplementationName(java.lang.String)
2019-12-06 11:18:43.620 DEBUG 7503 --- [    Test worker] m.m.MbeansDescriptorsIntrospectionSource : Introspected attribute maxExtensionSize public int org.apache.coyote.http11.AbstractHttp11Protocol.getMaxExtensionSize() public void org.apache.coyote.http11.AbstractHttp11Protocol.setMaxExtensionSize(int)
2019-12-06 11:18:43.620 DEBUG 7503 --- [    Test worker] m.m.MbeansDescriptorsIntrospectionSource : Introspected attribute restrictedUserAgents public java.lang.String org.apache.coyote.http11.AbstractHttp11Protocol.getRestrictedUserAgents() public void org.apache.coyote.http11.AbstractHttp11Protocol.setRestrictedUserAgents(java.lang.String)
2019-12-06 11:18:43.620 DEBUG 7503 --- [    Test worker] m.m.MbeansDescriptorsIntrospectionSource : Introspected attribute maxSavePostSize public int org.apache.coyote.http11.AbstractHttp11Protocol.getMaxSavePostSize() public void org.apache.coyote.http11.AbstractHttp11Protocol.setMaxSavePostSize(int)
2019-12-06 11:18:43.620 DEBUG 7503 --- [    Test worker] m.m.MbeansDescriptorsIntrospectionSource : Introspected attribute server public java.lang.String org.apache.coyote.http11.AbstractHttp11Protocol.getServer() public void org.apache.coyote.http11.AbstractHttp11Protocol.setServer(java.lang.String)
2019-12-06 11:18:43.620 DEBUG 7503 --- [    Test worker] m.m.MbeansDescriptorsIntrospectionSource : Introspected attribute maxSwallowSize public int org.apache.coyote.http11.AbstractHttp11Protocol.getMaxSwallowSize() public void org.apache.coyote.http11.AbstractHttp11Protocol.setMaxSwallowSize(int)
2019-12-06 11:18:43.621 DEBUG 7503 --- [    Test worker] m.m.MbeansDescriptorsIntrospectionSource : Introspected attribute sSLCACertificatePath public java.lang.String org.apache.coyote.http11.AbstractHttp11Protocol.getSSLCACertificatePath() public void org.apache.coyote.http11.AbstractHttp11Protocol.setSSLCACertificatePath(java.lang.String)
2019-12-06 11:18:43.621 DEBUG 7503 --- [    Test worker] m.m.MbeansDescriptorsIntrospectionSource : Introspected attribute keystorePass public java.lang.String org.apache.coyote.http11.AbstractHttp11Protocol.getKeystorePass() public void org.apache.coyote.http11.AbstractHttp11Protocol.setKeystorePass(java.lang.String)
2019-12-06 11:18:43.621 DEBUG 7503 --- [    Test worker] m.m.MbeansDescriptorsIntrospectionSource : Introspected attribute crlFile public java.lang.String org.apache.coyote.http11.AbstractHttp11Protocol.getCrlFile() public void org.apache.coyote.http11.AbstractHttp11Protocol.setCrlFile(java.lang.String)
2019-12-06 11:18:43.621 DEBUG 7503 --- [    Test worker] m.m.MbeansDescriptorsIntrospectionSource : Introspected attribute rejectIllegalHeaderName public boolean org.apache.coyote.http11.AbstractHttp11Protocol.getRejectIllegalHeaderName() public void org.apache.coyote.http11.AbstractHttp11Protocol.setRejectIllegalHeaderName(boolean)
2019-12-06 11:18:43.621 DEBUG 7503 --- [    Test worker] m.m.MbeansDescriptorsIntrospectionSource : Introspected attribute sSLHonorCipherOrder public boolean org.apache.coyote.http11.AbstractHttp11Protocol.getSSLHonorCipherOrder() public void org.apache.coyote.http11.AbstractHttp11Protocol.setSSLHonorCipherOrder(boolean)
2019-12-06 11:18:43.621 DEBUG 7503 --- [    Test worker] m.m.MbeansDescriptorsIntrospectionSource : Introspected attribute pollerThreadCount public int org.apache.coyote.http11.Http11NioProtocol.getPollerThreadCount() public void org.apache.coyote.http11.Http11NioProtocol.setPollerThreadCount(int)
2019-12-06 11:18:43.621 DEBUG 7503 --- [    Test worker] m.m.MbeansDescriptorsIntrospectionSource : Introspected attribute sSLCertificateFile public java.lang.String org.apache.coyote.http11.AbstractHttp11Protocol.getSSLCertificateFile() public void org.apache.coyote.http11.AbstractHttp11Protocol.setSSLCertificateFile(java.lang.String)
2019-12-06 11:18:43.621 DEBUG 7503 --- [    Test worker] m.m.MbeansDescriptorsIntrospectionSource : Introspected attribute relaxedPathChars public java.lang.String org.apache.coyote.http11.AbstractHttp11Protocol.getRelaxedPathChars() public void org.apache.coyote.http11.AbstractHttp11Protocol.setRelaxedPathChars(java.lang.String)
2019-12-06 11:18:43.621 DEBUG 7503 --- [    Test worker] m.m.MbeansDescriptorsIntrospectionSource : Introspected attribute processorCache public int org.apache.coyote.AbstractProtocol.getProcessorCache() public void org.apache.coyote.AbstractProtocol.setProcessorCache(int)
2019-12-06 11:18:43.622 DEBUG 7503 --- [    Test worker] m.m.MbeansDescriptorsIntrospectionSource : Introspected attribute port public int org.apache.coyote.AbstractProtocol.getPort() public void org.apache.coyote.AbstractProtocol.setPort(int)
2019-12-06 11:18:43.622 DEBUG 7503 --- [    Test worker] m.m.MbeansDescriptorsIntrospectionSource : Introspected attribute connectionTimeout public int org.apache.coyote.AbstractProtocol.getConnectionTimeout() public void org.apache.coyote.AbstractProtocol.setConnectionTimeout(int)
2019-12-06 11:18:43.622 DEBUG 7503 --- [    Test worker] m.m.MbeansDescriptorsIntrospectionSource : Introspected attribute maxHeaderCount public int org.apache.coyote.AbstractProtocol.getMaxHeaderCount() public void org.apache.coyote.AbstractProtocol.setMaxHeaderCount(int)
2019-12-06 11:18:43.622 DEBUG 7503 --- [    Test worker] m.m.MbeansDescriptorsIntrospectionSource : Introspected attribute acceptCount public int org.apache.coyote.AbstractProtocol.getAcceptCount() public void org.apache.coyote.AbstractProtocol.setAcceptCount(int)
2019-12-06 11:18:43.622 DEBUG 7503 --- [    Test worker] m.m.MbeansDescriptorsIntrospectionSource : Introspected attribute threadPriority public int org.apache.coyote.AbstractProtocol.getThreadPriority() public void org.apache.coyote.AbstractProtocol.setThreadPriority(int)
2019-12-06 11:18:43.622 DEBUG 7503 --- [    Test worker] m.m.MbeansDescriptorsIntrospectionSource : Introspected attribute objectName public javax.management.ObjectName org.apache.coyote.AbstractProtocol.getObjectName() null
2019-12-06 11:18:43.622 DEBUG 7503 --- [    Test worker] m.m.MbeansDescriptorsIntrospectionSource : Introspected attribute compressibleMimeType public java.lang.String org.apache.coyote.http11.AbstractHttp11Protocol.getCompressibleMimeType() public void org.apache.coyote.http11.AbstractHttp11Protocol.setCompressibleMimeType(java.lang.String)
2019-12-06 11:18:43.622 DEBUG 7503 --- [    Test worker] m.m.MbeansDescriptorsIntrospectionSource : Introspected attribute pollerThreadPriority public int org.apache.coyote.http11.Http11NioProtocol.getPollerThreadPriority() public void org.apache.coyote.http11.Http11NioProtocol.setPollerThreadPriority(int)
2019-12-06 11:18:43.622 DEBUG 7503 --- [    Test worker] m.m.MbeansDescriptorsIntrospectionSource : Introspected attribute tcpNoDelay public boolean org.apache.coyote.AbstractProtocol.getTcpNoDelay() public void org.apache.coyote.AbstractProtocol.setTcpNoDelay(boolean)
2019-12-06 11:18:43.623 DEBUG 7503 --- [    Test worker] m.m.MbeansDescriptorsIntrospectionSource : Introspected attribute sSLVerifyDepth public int org.apache.coyote.http11.AbstractHttp11Protocol.getSSLVerifyDepth() public void org.apache.coyote.http11.AbstractHttp11Protocol.setSSLVerifyDepth(int)
2019-12-06 11:18:43.623 DEBUG 7503 --- [    Test worker] m.m.MbeansDescriptorsIntrospectionSource : Introspected attribute trustMaxCertLength public int org.apache.coyote.http11.AbstractHttp11Protocol.getTrustMaxCertLength() public void org.apache.coyote.http11.AbstractHttp11Protocol.setTrustMaxCertLength(int)
2019-12-06 11:18:43.623 DEBUG 7503 --- [    Test worker] m.m.MbeansDescriptorsIntrospectionSource : Introspected attribute acceptorThreadPriority public int org.apache.coyote.AbstractProtocol.getAcceptorThreadPriority() public void org.apache.coyote.AbstractProtocol.setAcceptorThreadPriority(int)
2019-12-06 11:18:43.623 DEBUG 7503 --- [    Test worker] m.m.MbeansDescriptorsIntrospectionSource : Introspected attribute sslProtocol public java.lang.String org.apache.coyote.http11.AbstractHttp11Protocol.getSslProtocol() public void org.apache.coyote.http11.AbstractHttp11Protocol.setSslProtocol(java.lang.String)
2019-12-06 11:18:43.623 DEBUG 7503 --- [    Test worker] m.m.MbeansDescriptorsIntrospectionSource : Introspected attribute sessionCacheSize public int org.apache.coyote.http11.AbstractHttp11Protocol.getSessionCacheSize() public void org.apache.coyote.http11.AbstractHttp11Protocol.setSessionCacheSize(int)
2019-12-06 11:18:43.623 DEBUG 7503 --- [    Test worker] m.m.MbeansDescriptorsIntrospectionSource : Introspected attribute sendfileSupported public boolean org.apache.coyote.AbstractProtocol.isSendfileSupported() null
2019-12-06 11:18:43.623 DEBUG 7503 --- [    Test worker] m.m.MbeansDescriptorsIntrospectionSource : Introspected attribute useServerCipherSuitesOrder public boolean org.apache.coyote.http11.AbstractHttp11Protocol.getUseServerCipherSuitesOrder() public void org.apache.coyote.http11.AbstractHttp11Protocol.setUseServerCipherSuitesOrder(boolean)
2019-12-06 11:18:43.623 DEBUG 7503 --- [    Test worker] m.m.MbeansDescriptorsIntrospectionSource : Introspected attribute sessionTimeout public int org.apache.coyote.http11.AbstractHttp11Protocol.getSessionTimeout() public void org.apache.coyote.http11.AbstractHttp11Protocol.setSessionTimeout(int)
2019-12-06 11:18:43.623 DEBUG 7503 --- [    Test worker] m.m.MbeansDescriptorsIntrospectionSource : Introspected attribute defaultSSLHostConfigName public java.lang.String org.apache.coyote.http11.AbstractHttp11Protocol.getDefaultSSLHostConfigName() public void org.apache.coyote.http11.AbstractHttp11Protocol.setDefaultSSLHostConfigName(java.lang.String)
2019-12-06 11:18:43.624 DEBUG 7503 --- [    Test worker] m.m.MbeansDescriptorsIntrospectionSource : Introspected attribute sSLProtocol public java.lang.String org.apache.coyote.http11.AbstractHttp11Protocol.getSSLProtocol() public void org.apache.coyote.http11.AbstractHttp11Protocol.setSSLProtocol(java.lang.String)
2019-12-06 11:18:43.624 DEBUG 7503 --- [    Test worker] m.m.MbeansDescriptorsIntrospectionSource : Introspected attribute name public java.lang.String org.apache.coyote.AbstractProtocol.getName() null
2019-12-06 11:18:43.624 DEBUG 7503 --- [    Test worker] m.m.MbeansDescriptorsIntrospectionSource : Introspected attribute compressibleMimeTypes public java.lang.String[] org.apache.coyote.http11.AbstractHttp11Protocol.getCompressibleMimeTypes() null
2019-12-06 11:18:43.624 DEBUG 7503 --- [    Test worker] m.m.MbeansDescriptorsIntrospectionSource : Introspected attribute sSLVerifyClient public java.lang.String org.apache.coyote.http11.AbstractHttp11Protocol.getSSLVerifyClient() public void org.apache.coyote.http11.AbstractHttp11Protocol.setSSLVerifyClient(java.lang.String)
2019-12-06 11:18:43.624 DEBUG 7503 --- [    Test worker] m.m.MbeansDescriptorsIntrospectionSource : Introspected attribute useSendfile public boolean org.apache.coyote.http11.AbstractHttp11Protocol.getUseSendfile() public void org.apache.coyote.http11.AbstractHttp11Protocol.setUseSendfile(boolean)
2019-12-06 11:18:43.624 DEBUG 7503 --- [    Test worker] m.m.MbeansDescriptorsIntrospectionSource : Introspected attribute keyPass public java.lang.String org.apache.coyote.http11.AbstractHttp11Protocol.getKeyPass() public void org.apache.coyote.http11.AbstractHttp11Protocol.setKeyPass(java.lang.String)
2019-12-06 11:18:43.624 DEBUG 7503 --- [    Test worker] m.m.MbeansDescriptorsIntrospectionSource : Introspected attribute maxThreads public int org.apache.coyote.AbstractProtocol.getMaxThreads() public void org.apache.coyote.AbstractProtocol.setMaxThreads(int)
2019-12-06 11:18:43.624 DEBUG 7503 --- [    Test worker] m.m.MbeansDescriptorsIntrospectionSource : Introspected attribute compressionMinSize public int org.apache.coyote.http11.AbstractHttp11Protocol.getCompressionMinSize() public void org.apache.coyote.http11.AbstractHttp11Protocol.setCompressionMinSize(int)
2019-12-06 11:18:43.625 DEBUG 7503 --- [    Test worker] m.m.MbeansDescriptorsIntrospectionSource : Introspected attribute keyAlias public java.lang.String org.apache.coyote.http11.AbstractHttp11Protocol.getKeyAlias() public void org.apache.coyote.http11.AbstractHttp11Protocol.setKeyAlias(java.lang.String)
2019-12-06 11:18:43.625 DEBUG 7503 --- [    Test worker] m.m.MbeansDescriptorsIntrospectionSource : Introspected attribute sslEnabledProtocols public java.lang.String org.apache.coyote.http11.AbstractHttp11Protocol.getSslEnabledProtocols() public void org.apache.coyote.http11.AbstractHttp11Protocol.setSslEnabledProtocols(java.lang.String)
2019-12-06 11:18:43.625 DEBUG 7503 --- [    Test worker] m.m.MbeansDescriptorsIntrospectionSource : Introspected attribute noCompressionUserAgents public java.lang.String org.apache.coyote.http11.AbstractHttp11Protocol.getNoCompressionUserAgents() public void org.apache.coyote.http11.AbstractHttp11Protocol.setNoCompressionUserAgents(java.lang.String)
2019-12-06 11:18:43.625 DEBUG 7503 --- [    Test worker] m.m.MbeansDescriptorsIntrospectionSource : Introspected attribute selectorTimeout public long org.apache.coyote.http11.Http11NioProtocol.getSelectorTimeout() public void org.apache.coyote.http11.Http11NioProtocol.setSelectorTimeout(long)
2019-12-06 11:18:43.625 DEBUG 7503 --- [    Test worker] m.m.MbeansDescriptorsIntrospectionSource : Introspected attribute trustManagerClassName public java.lang.String org.apache.coyote.http11.AbstractHttp11Protocol.getTrustManagerClassName() public void org.apache.coyote.http11.AbstractHttp11Protocol.setTrustManagerClassName(java.lang.String)
2019-12-06 11:18:43.625 DEBUG 7503 --- [    Test worker] m.m.MbeansDescriptorsIntrospectionSource : Introspected attribute sSLCARevocationFile public java.lang.String org.apache.coyote.http11.AbstractHttp11Protocol.getSSLCARevocationFile() public void org.apache.coyote.http11.AbstractHttp11Protocol.setSSLCARevocationFile(java.lang.String)
2019-12-06 11:18:43.625 DEBUG 7503 --- [    Test worker] m.m.MbeansDescriptorsIntrospectionSource : Introspected attribute paused public boolean org.apache.coyote.AbstractProtocol.isPaused() null
2019-12-06 11:18:43.625 DEBUG 7503 --- [    Test worker] m.m.MbeansDescriptorsIntrospectionSource : Introspected attribute sSLCipherSuite public java.lang.String org.apache.coyote.http11.AbstractHttp11Protocol.getSSLCipherSuite() public void org.apache.coyote.http11.AbstractHttp11Protocol.setSSLCipherSuite(java.lang.String)
2019-12-06 11:18:43.626 DEBUG 7503 --- [    Test worker] m.m.MbeansDescriptorsIntrospectionSource : Introspected attribute truststoreFile public java.lang.String org.apache.coyote.http11.AbstractHttp11Protocol.getTruststoreFile() public void org.apache.coyote.http11.AbstractHttp11Protocol.setTruststoreFile(java.lang.String)
2019-12-06 11:18:43.626 DEBUG 7503 --- [    Test worker] m.m.MbeansDescriptorsIntrospectionSource : Introspected attribute keepAliveTimeout public int org.apache.coyote.AbstractProtocol.getKeepAliveTimeout() public void org.apache.coyote.AbstractProtocol.setKeepAliveTimeout(int)
2019-12-06 11:18:43.626 DEBUG 7503 --- [    Test worker] m.m.MbeansDescriptorsIntrospectionSource : Introspected attribute allowedTrailerHeaders public java.lang.String org.apache.coyote.http11.AbstractHttp11Protocol.getAllowedTrailerHeaders() public void org.apache.coyote.http11.AbstractHttp11Protocol.setAllowedTrailerHeaders(java.lang.String)
2019-12-06 11:18:43.626 DEBUG 7503 --- [    Test worker] m.m.MbeansDescriptorsIntrospectionSource : Introspected attribute connectionCount public long org.apache.coyote.AbstractProtocol.getConnectionCount() null
2019-12-06 11:18:43.626 DEBUG 7503 --- [    Test worker] m.m.MbeansDescriptorsIntrospectionSource : Introspected attribute secure public boolean org.apache.coyote.http11.AbstractHttp11Protocol.getSecure() public void org.apache.coyote.http11.AbstractHttp11Protocol.setSecure(boolean)
2019-12-06 11:18:43.626 DEBUG 7503 --- [    Test worker] m.m.MbeansDescriptorsIntrospectionSource : Introspected attribute keystoreProvider public java.lang.String org.apache.coyote.http11.AbstractHttp11Protocol.getKeystoreProvider() public void org.apache.coyote.http11.AbstractHttp11Protocol.setKeystoreProvider(java.lang.String)
2019-12-06 11:18:43.626 DEBUG 7503 --- [    Test worker] m.m.MbeansDescriptorsIntrospectionSource : Introspected attribute connectionUploadTimeout public int org.apache.coyote.http11.AbstractHttp11Protocol.getConnectionUploadTimeout() public void org.apache.coyote.http11.AbstractHttp11Protocol.setConnectionUploadTimeout(int)
2019-12-06 11:18:43.626 DEBUG 7503 --- [    Test worker] m.m.MbeansDescriptorsIntrospectionSource : Introspected attribute sSLPassword public java.lang.String org.apache.coyote.http11.AbstractHttp11Protocol.getSSLPassword() public void org.apache.coyote.http11.AbstractHttp11Protocol.setSSLPassword(java.lang.String)
2019-12-06 11:18:43.626 DEBUG 7503 --- [    Test worker] m.m.MbeansDescriptorsIntrospectionSource : Introspected attribute truststoreAlgorithm public java.lang.String org.apache.coyote.http11.AbstractHttp11Protocol.getTruststoreAlgorithm() public void org.apache.coyote.http11.AbstractHttp11Protocol.setTruststoreAlgorithm(java.lang.String)
2019-12-06 11:18:43.627 DEBUG 7503 --- [    Test worker] m.m.MbeansDescriptorsIntrospectionSource : Introspected attribute domain public java.lang.String org.apache.coyote.AbstractProtocol.getDomain() null
2019-12-06 11:18:43.627 DEBUG 7503 --- [    Test worker] m.m.MbeansDescriptorsIntrospectionSource : Introspected attribute acceptorThreadCount public int org.apache.coyote.AbstractProtocol.getAcceptorThreadCount() public void org.apache.coyote.AbstractProtocol.setAcceptorThreadCount(int)
2019-12-06 11:18:43.627 DEBUG 7503 --- [    Test worker] m.m.MbeansDescriptorsIntrospectionSource : Introspected attribute maxKeepAliveRequests public int org.apache.coyote.http11.AbstractHttp11Protocol.getMaxKeepAliveRequests() public void org.apache.coyote.http11.AbstractHttp11Protocol.setMaxKeepAliveRequests(int)
2019-12-06 11:18:43.627 DEBUG 7503 --- [    Test worker] m.m.MbeansDescriptorsIntrospectionSource : Introspected attribute sSLCertificateChainFile public java.lang.String org.apache.coyote.http11.AbstractHttp11Protocol.getSSLCertificateChainFile() public void org.apache.coyote.http11.AbstractHttp11Protocol.setSSLCertificateChainFile(java.lang.String)
2019-12-06 11:18:43.627 DEBUG 7503 --- [    Test worker] m.m.MbeansDescriptorsIntrospectionSource : Introspected attribute sniParseLimit public int org.apache.coyote.http11.AbstractHttp11JsseProtocol.getSniParseLimit() public void org.apache.coyote.http11.AbstractHttp11JsseProtocol.setSniParseLimit(int)
2019-12-06 11:18:43.627 DEBUG 7503 --- [    Test worker] m.m.MbeansDescriptorsIntrospectionSource : Introspected attribute allowHostHeaderMismatch public boolean org.apache.coyote.http11.AbstractHttp11Protocol.getAllowHostHeaderMismatch() public void org.apache.coyote.http11.AbstractHttp11Protocol.setAllowHostHeaderMismatch(boolean)
2019-12-06 11:18:43.627 DEBUG 7503 --- [    Test worker] m.m.MbeansDescriptorsIntrospectionSource : Introspected attribute clientAuth public java.lang.String org.apache.coyote.http11.AbstractHttp11Protocol.getClientAuth() public void org.apache.coyote.http11.AbstractHttp11Protocol.setClientAuth(java.lang.String)
2019-12-06 11:18:43.627 DEBUG 7503 --- [    Test worker] m.m.MbeansDescriptorsIntrospectionSource : Introspected attribute sSLCARevocationPath public java.lang.String org.apache.coyote.http11.AbstractHttp11Protocol.getSSLCARevocationPath() public void org.apache.coyote.http11.AbstractHttp11Protocol.setSSLCARevocationPath(java.lang.String)
2019-12-06 11:18:43.627 DEBUG 7503 --- [    Test worker] m.m.MbeansDescriptorsIntrospectionSource : Introspected attribute algorithm public java.lang.String org.apache.coyote.http11.AbstractHttp11Protocol.getAlgorithm() public void org.apache.coyote.http11.AbstractHttp11Protocol.setAlgorithm(java.lang.String)
2019-12-06 11:18:43.628 DEBUG 7503 --- [    Test worker] m.m.MbeansDescriptorsIntrospectionSource : Introspected attribute keystoreFile public java.lang.String org.apache.coyote.http11.AbstractHttp11Protocol.getKeystoreFile() public void org.apache.coyote.http11.AbstractHttp11Protocol.setKeystoreFile(java.lang.String)
2019-12-06 11:18:43.628 DEBUG 7503 --- [    Test worker] m.m.MbeansDescriptorsIntrospectionSource : Introspected attribute maxHttpHeaderSize public int org.apache.coyote.http11.AbstractHttp11Protocol.getMaxHttpHeaderSize() public void org.apache.coyote.http11.AbstractHttp11Protocol.setMaxHttpHeaderSize(int)
2019-12-06 11:18:43.628 DEBUG 7503 --- [    Test worker] m.m.MbeansDescriptorsIntrospectionSource : Introspected attribute relaxedQueryChars public java.lang.String org.apache.coyote.http11.AbstractHttp11Protocol.getRelaxedQueryChars() public void org.apache.coyote.http11.AbstractHttp11Protocol.setRelaxedQueryChars(java.lang.String)
2019-12-06 11:18:43.628 DEBUG 7503 --- [    Test worker] m.m.MbeansDescriptorsIntrospectionSource : Introspected attribute connectionLinger public int org.apache.coyote.AbstractProtocol.getConnectionLinger() public void org.apache.coyote.AbstractProtocol.setConnectionLinger(int)
2019-12-06 11:18:43.628 DEBUG 7503 --- [    Test worker] m.m.MbeansDescriptorsIntrospectionSource : Introspected attribute sSLDisableSessionTickets public boolean org.apache.coyote.http11.AbstractHttp11Protocol.getSSLDisableSessionTickets() public void org.apache.coyote.http11.AbstractHttp11Protocol.setSSLDisableSessionTickets(boolean)
2019-12-06 11:18:43.628 DEBUG 7503 --- [    Test worker] m.m.MbeansDescriptorsIntrospectionSource : Introspected attribute maxTrailerSize public int org.apache.coyote.http11.AbstractHttp11Protocol.getMaxTrailerSize() public void org.apache.coyote.http11.AbstractHttp11Protocol.setMaxTrailerSize(int)
2019-12-06 11:18:43.628 DEBUG 7503 --- [    Test worker] m.m.MbeansDescriptorsIntrospectionSource : Introspected attribute truststoreType public java.lang.String org.apache.coyote.http11.AbstractHttp11Protocol.getTruststoreType() public void org.apache.coyote.http11.AbstractHttp11Protocol.setTruststoreType(java.lang.String)
2019-12-06 11:18:43.628 DEBUG 7503 --- [    Test worker] m.m.MbeansDescriptorsIntrospectionSource : Introspected attribute portOffset public int org.apache.coyote.AbstractProtocol.getPortOffset() public void org.apache.coyote.AbstractProtocol.setPortOffset(int)
2019-12-06 11:18:43.629 DEBUG 7503 --- [    Test worker] m.m.MbeansDescriptorsIntrospectionSource : Introspected attribute maxConnections public int org.apache.coyote.AbstractProtocol.getMaxConnections() public void org.apache.coyote.AbstractProtocol.setMaxConnections(int)
2019-12-06 11:18:43.629 DEBUG 7503 --- [    Test worker] m.m.MbeansDescriptorsIntrospectionSource : Introspected attribute sSLEnabled public boolean org.apache.coyote.http11.AbstractHttp11Protocol.isSSLEnabled() public void org.apache.coyote.http11.AbstractHttp11Protocol.setSSLEnabled(boolean)
2019-12-06 11:18:43.629 DEBUG 7503 --- [    Test worker] m.m.MbeansDescriptorsIntrospectionSource : Setting name: org.apache.coyote.http11.Http11NioProtocol
2019-12-06 11:18:43.629 DEBUG 7503 --- [    Test worker] o.a.tomcat.util.modeler.BaseModelMBean   : preRegister org.apache.coyote.http11.Http11NioProtocol@18470bd1 Tomcat:type=ProtocolHandler,port=auto-1
2019-12-06 11:18:43.630 DEBUG 7503 --- [    Test worker] org.apache.tomcat.util.modeler.Registry  : Managed= Tomcat:type=GlobalRequestProcessor,name="http-nio-auto-1"
2019-12-06 11:18:43.630 DEBUG 7503 --- [    Test worker] o.a.tomcat.util.modeler.BaseModelMBean   : preRegister BaseModelMbean[null] Tomcat:type=GlobalRequestProcessor,name="http-nio-auto-1"
2019-12-06 11:18:43.630 DEBUG 7503 --- [    Test worker] o.a.tomcat.util.modeler.BaseModelMBean   : preRegister null Tomcat:type=GlobalRequestProcessor,name="http-nio-auto-1"
2019-12-06 11:18:43.630 DEBUG 7503 --- [    Test worker] org.apache.tomcat.util.modeler.Registry  : Managed= Tomcat:type=ThreadPool,name="http-nio-auto-1"
2019-12-06 11:18:43.630 DEBUG 7503 --- [    Test worker] org.apache.tomcat.util.modeler.Registry  : Looking for descriptor 
2019-12-06 11:18:43.630 DEBUG 7503 --- [    Test worker] org.apache.tomcat.util.modeler.Registry  : Found jar:file:/Users/govlmo91/.gradle/caches/modules-2/files-2.1/org.apache.tomcat.embed/tomcat-embed-core/9.0.22/79f39903498b28adacb18fe2ea046edd306295a6/tomcat-embed-core-9.0.22.jar!/org/apache/tomcat/util/net/mbeans-descriptors.xml
2019-12-06 11:18:43.631 DEBUG 7503 --- [    Test worker] o.a.tomcat.util.digester.Digester.sax    : setDocumentLocator(com.sun.org.apache.xerces.internal.parsers.AbstractSAXParser$LocatorProxy@566cb5d)
2019-12-06 11:18:43.631 DEBUG 7503 --- [    Test worker] o.a.tomcat.util.digester.Digester.sax    : startDocument()
2019-12-06 11:18:43.632 DEBUG 7503 --- [    Test worker] o.a.tomcat.util.digester.Digester.sax    : startElement(,,mbeans-descriptors)
2019-12-06 11:18:43.632 DEBUG 7503 --- [    Test worker] o.apache.tomcat.util.digester.Digester   :   New match='mbeans-descriptors'
2019-12-06 11:18:43.632 DEBUG 7503 --- [    Test worker] o.apache.tomcat.util.digester.Digester   : No rules found matching [mbeans-descriptors]
2019-12-06 11:18:43.632 DEBUG 7503 --- [    Test worker] o.a.tomcat.util.digester.Digester.sax    : characters(

  )
2019-12-06 11:18:43.632 DEBUG 7503 --- [    Test worker] o.a.tomcat.util.digester.Digester.sax    : startElement(,,mbean)
2019-12-06 11:18:43.632 DEBUG 7503 --- [    Test worker] o.apache.tomcat.util.digester.Digester   :   New match='mbeans-descriptors/mbean'
2019-12-06 11:18:43.633 DEBUG 7503 --- [    Test worker] o.apache.tomcat.util.digester.Digester   :   Fire begin() for ObjectCreateRule[className=org.apache.tomcat.util.modeler.ManagedBean, attributeName=null]
2019-12-06 11:18:43.633 DEBUG 7503 --- [    Test worker] o.apache.tomcat.util.digester.Digester   :   Fire begin() for SetPropertiesRule[]
2019-12-06 11:18:43.633 DEBUG 7503 --- [    Test worker] o.apache.tomcat.util.digester.Digester   : [SetPropertiesRule]{mbeans-descriptors/mbean} Set org.apache.tomcat.util.modeler.ManagedBean properties
2019-12-06 11:18:43.633 DEBUG 7503 --- [    Test worker] o.apache.tomcat.util.digester.Digester   : [SetPropertiesRule]{mbeans-descriptors/mbean} Setting property 'name' to 'NioEndpoint'
2019-12-06 11:18:43.633 DEBUG 7503 --- [    Test worker] o.apache.tomcat.util.IntrospectionUtils  : IntrospectionUtils: setProperty(class org.apache.tomcat.util.modeler.ManagedBean name=NioEndpoint)
2019-12-06 11:18:43.633 DEBUG 7503 --- [    Test worker] o.apache.tomcat.util.digester.Digester   : [SetPropertiesRule]{mbeans-descriptors/mbean} Setting property 'className' to 'org.apache.catalina.mbeans.ClassNameMBean'
2019-12-06 11:18:43.633 DEBUG 7503 --- [    Test worker] o.apache.tomcat.util.IntrospectionUtils  : IntrospectionUtils: setProperty(class org.apache.tomcat.util.modeler.ManagedBean className=org.apache.catalina.mbeans.ClassNameMBean)
2019-12-06 11:18:43.634 DEBUG 7503 --- [    Test worker] o.apache.tomcat.util.digester.Digester   : [SetPropertiesRule]{mbeans-descriptors/mbean} Setting property 'domain' to 'Catalina'
2019-12-06 11:18:43.634 DEBUG 7503 --- [    Test worker] o.apache.tomcat.util.IntrospectionUtils  : IntrospectionUtils: setProperty(class org.apache.tomcat.util.modeler.ManagedBean domain=Catalina)
2019-12-06 11:18:43.634 DEBUG 7503 --- [    Test worker] o.apache.tomcat.util.digester.Digester   : [SetPropertiesRule]{mbeans-descriptors/mbean} Setting property 'group' to 'ThreadPool'
2019-12-06 11:18:43.634 DEBUG 7503 --- [    Test worker] o.apache.tomcat.util.IntrospectionUtils  : IntrospectionUtils: setProperty(class org.apache.tomcat.util.modeler.ManagedBean group=ThreadPool)
2019-12-06 11:18:43.634 DEBUG 7503 --- [    Test worker] o.apache.tomcat.util.digester.Digester   : [SetPropertiesRule]{mbeans-descriptors/mbean} Setting property 'type' to 'org.apache.tomcat.util.net.NioEndpoint'
2019-12-06 11:18:43.635 DEBUG 7503 --- [    Test worker] o.apache.tomcat.util.IntrospectionUtils  : IntrospectionUtils: setProperty(class org.apache.tomcat.util.modeler.ManagedBean type=org.apache.tomcat.util.net.NioEndpoint)
2019-12-06 11:18:43.635 DEBUG 7503 --- [    Test worker] o.apache.tomcat.util.digester.Digester   :   Fire begin() for SetNextRule[methodName=add, paramType=java.lang.Object]
2019-12-06 11:18:43.635 DEBUG 7503 --- [    Test worker] o.a.tomcat.util.digester.Digester.sax    : characters(

    )
2019-12-06 11:18:43.635 DEBUG 7503 --- [    Test worker] o.a.tomcat.util.digester.Digester.sax    : startElement(,,attribute)
2019-12-06 11:18:43.635 DEBUG 7503 --- [    Test worker] o.apache.tomcat.util.digester.Digester   :   New match='mbeans-descriptors/mbean/attribute'
2019-12-06 11:18:43.635 DEBUG 7503 --- [    Test worker] o.apache.tomcat.util.digester.Digester   :   Fire begin() for ObjectCreateRule[className=org.apache.tomcat.util.modeler.AttributeInfo, attributeName=null]
2019-12-06 11:18:43.635 DEBUG 7503 --- [    Test worker] o.apache.tomcat.util.digester.Digester   :   Fire begin() for SetPropertiesRule[]
2019-12-06 11:18:43.636 DEBUG 7503 --- [    Test worker] o.apache.tomcat.util.digester.Digester   : [SetPropertiesRule]{mbeans-descriptors/mbean/attribute} Set org.apache.tomcat.util.modeler.AttributeInfo properties
2019-12-06 11:18:43.636 DEBUG 7503 --- [    Test worker] o.apache.tomcat.util.digester.Digester   : [SetPropertiesRule]{mbeans-descriptors/mbean/attribute} Setting property 'name' to 'acceptCount'
2019-12-06 11:18:43.636 DEBUG 7503 --- [    Test worker] o.apache.tomcat.util.IntrospectionUtils  : IntrospectionUtils: setProperty(class org.apache.tomcat.util.modeler.AttributeInfo name=acceptCount)
2019-12-06 11:18:43.636 DEBUG 7503 --- [    Test worker] o.apache.tomcat.util.digester.Digester   : [SetPropertiesRule]{mbeans-descriptors/mbean/attribute} Setting property 'type' to 'int'
2019-12-06 11:18:43.636 DEBUG 7503 --- [    Test worker] o.apache.tomcat.util.IntrospectionUtils  : IntrospectionUtils: setProperty(class org.apache.tomcat.util.modeler.AttributeInfo type=int)
2019-12-06 11:18:43.636 DEBUG 7503 --- [    Test worker] o.apache.tomcat.util.digester.Digester   :   Fire begin() for SetNextRule[methodName=addAttribute, paramType=org.apache.tomcat.util.modeler.AttributeInfo]
2019-12-06 11:18:43.636 DEBUG 7503 --- [    Test worker] o.a.tomcat.util.digester.Digester.sax    : endElement(,,attribute)
2019-12-06 11:18:43.637 DEBUG 7503 --- [    Test worker] o.apache.tomcat.util.digester.Digester   :   match='mbeans-descriptors/mbean/attribute'
2019-12-06 11:18:43.637 DEBUG 7503 --- [    Test worker] o.apache.tomcat.util.digester.Digester   :   bodyText=''
2019-12-06 11:18:43.637 DEBUG 7503 --- [    Test worker] o.apache.tomcat.util.digester.Digester   :   Fire body() for ObjectCreateRule[className=org.apache.tomcat.util.modeler.AttributeInfo, attributeName=null]
2019-12-06 11:18:43.637 DEBUG 7503 --- [    Test worker] o.apache.tomcat.util.digester.Digester   :   Fire body() for SetPropertiesRule[]
2019-12-06 11:18:43.637 DEBUG 7503 --- [    Test worker] o.apache.tomcat.util.digester.Digester   :   Fire body() for SetNextRule[methodName=addAttribute, paramType=org.apache.tomcat.util.modeler.AttributeInfo]
2019-12-06 11:18:43.637 DEBUG 7503 --- [    Test worker] o.apache.tomcat.util.digester.Digester   :   Fire end() for SetNextRule[methodName=addAttribute, paramType=org.apache.tomcat.util.modeler.AttributeInfo]
2019-12-06 11:18:43.637 DEBUG 7503 --- [    Test worker] o.apache.tomcat.util.digester.Digester   : [SetNextRule]{mbeans-descriptors/mbean/attribute} Call org.apache.tomcat.util.modeler.ManagedBean.addAttribute(org.apache.tomcat.util.modeler.AttributeInfo@13668d21)
2019-12-06 11:18:43.637 DEBUG 7503 --- [    Test worker] o.apache.tomcat.util.IntrospectionUtils  : IntrospectionUtils: callMethod1 org.apache.tomcat.util.modeler.ManagedBean org.apache.tomcat.util.modeler.AttributeInfo org.apache.tomcat.util.modeler.AttributeInfo
2019-12-06 11:18:43.638 DEBUG 7503 --- [    Test worker] o.apache.tomcat.util.digester.Digester   :   Fire end() for SetPropertiesRule[]
2019-12-06 11:18:43.638 DEBUG 7503 --- [    Test worker] o.apache.tomcat.util.digester.Digester   :   Fire end() for ObjectCreateRule[className=org.apache.tomcat.util.modeler.AttributeInfo, attributeName=null]
2019-12-06 11:18:43.638 DEBUG 7503 --- [    Test worker] o.apache.tomcat.util.digester.Digester   : [ObjectCreateRule]{mbeans-descriptors/mbean/attribute} Pop org.apache.tomcat.util.modeler.AttributeInfo
2019-12-06 11:18:43.638 DEBUG 7503 --- [    Test worker] o.a.tomcat.util.digester.Digester.sax    : characters(

    )
2019-12-06 11:18:43.638 DEBUG 7503 --- [    Test worker] o.a.tomcat.util.digester.Digester.sax    : startElement(,,attribute)
2019-12-06 11:18:43.638 DEBUG 7503 --- [    Test worker] o.apache.tomcat.util.digester.Digester   :   New match='mbeans-descriptors/mbean/attribute'
2019-12-06 11:18:43.638 DEBUG 7503 --- [    Test worker] o.apache.tomcat.util.digester.Digester   :   Fire begin() for ObjectCreateRule[className=org.apache.tomcat.util.modeler.AttributeInfo, attributeName=null]
2019-12-06 11:18:43.639 DEBUG 7503 --- [    Test worker] o.apache.tomcat.util.digester.Digester   :   Fire begin() for SetPropertiesRule[]
2019-12-06 11:18:43.639 DEBUG 7503 --- [    Test worker] o.apache.tomcat.util.digester.Digester   : [SetPropertiesRule]{mbeans-descriptors/mbean/attribute} Set org.apache.tomcat.util.modeler.AttributeInfo properties
2019-12-06 11:18:43.639 DEBUG 7503 --- [    Test worker] o.apache.tomcat.util.digester.Digester   : [SetPropertiesRule]{mbeans-descriptors/mbean/attribute} Setting property 'name' to 'acceptorThreadCount'
2019-12-06 11:18:43.639 DEBUG 7503 --- [    Test worker] o.apache.tomcat.util.IntrospectionUtils  : IntrospectionUtils: setProperty(class org.apache.tomcat.util.modeler.AttributeInfo name=acceptorThreadCount)
2019-12-06 11:18:43.639 DEBUG 7503 --- [    Test worker] o.apache.tomcat.util.digester.Digester   : [SetPropertiesRule]{mbeans-descriptors/mbean/attribute} Setting property 'type' to 'int'
2019-12-06 11:18:43.639 DEBUG 7503 --- [    Test worker] o.apache.tomcat.util.IntrospectionUtils  : IntrospectionUtils: setProperty(class org.apache.tomcat.util.modeler.AttributeInfo type=int)
2019-12-06 11:18:43.639 DEBUG 7503 --- [    Test worker] o.apache.tomcat.util.digester.Digester   :   Fire begin() for SetNextRule[methodName=addAttribute, paramType=org.apache.tomcat.util.modeler.AttributeInfo]
2019-12-06 11:18:43.640 DEBUG 7503 --- [    Test worker] o.a.tomcat.util.digester.Digester.sax    : endElement(,,attribute)
2019-12-06 11:18:43.640 DEBUG 7503 --- [    Test worker] o.apache.tomcat.util.digester.Digester   :   match='mbeans-descriptors/mbean/attribute'
2019-12-06 11:18:43.640 DEBUG 7503 --- [    Test worker] o.apache.tomcat.util.digester.Digester   :   bodyText=''
2019-12-06 11:18:43.640 DEBUG 7503 --- [    Test worker] o.apache.tomcat.util.digester.Digester   :   Fire body() for ObjectCreateRule[className=org.apache.tomcat.util.modeler.AttributeInfo, attributeName=null]
2019-12-06 11:18:43.640 DEBUG 7503 --- [    Test worker] o.apache.tomcat.util.digester.Digester   :   Fire body() for SetPropertiesRule[]
2019-12-06 11:18:43.640 DEBUG 7503 --- [    Test worker] o.apache.tomcat.util.digester.Digester   :   Fire body() for SetNextRule[methodName=addAttribute, paramType=org.apache.tomcat.util.modeler.AttributeInfo]
2019-12-06 11:18:43.640 DEBUG 7503 --- [    Test worker] o.apache.tomcat.util.digester.Digester   :   Fire end() for SetNextRule[methodName=addAttribute, paramType=org.apache.tomcat.util.modeler.AttributeInfo]
2019-12-06 11:18:43.640 DEBUG 7503 --- [    Test worker] o.apache.tomcat.util.digester.Digester   : [SetNextRule]{mbeans-descriptors/mbean/attribute} Call org.apache.tomcat.util.modeler.ManagedBean.addAttribute(org.apache.tomcat.util.modeler.AttributeInfo@4ccb881c)
2019-12-06 11:18:43.641 DEBUG 7503 --- [    Test worker] o.apache.tomcat.util.IntrospectionUtils  : IntrospectionUtils: callMethod1 org.apache.tomcat.util.modeler.ManagedBean org.apache.tomcat.util.modeler.AttributeInfo org.apache.tomcat.util.modeler.AttributeInfo
2019-12-06 11:18:43.641 DEBUG 7503 --- [    Test worker] o.apache.tomcat.util.digester.Digester   :   Fire end() for SetPropertiesRule[]
2019-12-06 11:18:43.641 DEBUG 7503 --- [    Test worker] o.apache.tomcat.util.digester.Digester   :   Fire end() for ObjectCreateRule[className=org.apache.tomcat.util.modeler.AttributeInfo, attributeName=null]
2019-12-06 11:18:43.641 DEBUG 7503 --- [    Test worker] o.apache.tomcat.util.digester.Digester   : [ObjectCreateRule]{mbeans-descriptors/mbean/attribute} Pop org.apache.tomcat.util.modeler.AttributeInfo
2019-12-06 11:18:43.641 DEBUG 7503 --- [    Test worker] o.a.tomcat.util.digester.Digester.sax    : characters(

    )
2019-12-06 11:18:43.641 DEBUG 7503 --- [    Test worker] o.a.tomcat.util.digester.Digester.sax    : startElement(,,attribute)
2019-12-06 11:18:43.641 DEBUG 7503 --- [    Test worker] o.apache.tomcat.util.digester.Digester   :   New match='mbeans-descriptors/mbean/attribute'
2019-12-06 11:18:43.642 DEBUG 7503 --- [    Test worker] o.apache.tomcat.util.digester.Digester   :   Fire begin() for ObjectCreateRule[className=org.apache.tomcat.util.modeler.AttributeInfo, attributeName=null]
2019-12-06 11:18:43.642 DEBUG 7503 --- [    Test worker] o.apache.tomcat.util.digester.Digester   :   Fire begin() for SetPropertiesRule[]
2019-12-06 11:18:43.642 DEBUG 7503 --- [    Test worker] o.apache.tomcat.util.digester.Digester   : [SetPropertiesRule]{mbeans-descriptors/mbean/attribute} Set org.apache.tomcat.util.modeler.AttributeInfo properties
2019-12-06 11:18:43.642 DEBUG 7503 --- [    Test worker] o.apache.tomcat.util.digester.Digester   : [SetPropertiesRule]{mbeans-descriptors/mbean/attribute} Setting property 'name' to 'acceptorThreadPriority'
2019-12-06 11:18:43.642 DEBUG 7503 --- [    Test worker] o.apache.tomcat.util.IntrospectionUtils  : IntrospectionUtils: setProperty(class org.apache.tomcat.util.modeler.AttributeInfo name=acceptorThreadPriority)
2019-12-06 11:18:43.642 DEBUG 7503 --- [    Test worker] o.apache.tomcat.util.digester.Digester   : [SetPropertiesRule]{mbeans-descriptors/mbean/attribute} Setting property 'type' to 'int'
2019-12-06 11:18:43.642 DEBUG 7503 --- [    Test worker] o.apache.tomcat.util.IntrospectionUtils  : IntrospectionUtils: setProperty(class org.apache.tomcat.util.modeler.AttributeInfo type=int)
2019-12-06 11:18:43.643 DEBUG 7503 --- [    Test worker] o.apache.tomcat.util.digester.Digester   :   Fire begin() for SetNextRule[methodName=addAttribute, paramType=org.apache.tomcat.util.modeler.AttributeInfo]
2019-12-06 11:18:43.643 DEBUG 7503 --- [    Test worker] o.a.tomcat.util.digester.Digester.sax    : endElement(,,attribute)
2019-12-06 11:18:43.643 DEBUG 7503 --- [    Test worker] o.apache.tomcat.util.digester.Digester   :   match='mbeans-descriptors/mbean/attribute'
2019-12-06 11:18:43.643 DEBUG 7503 --- [    Test worker] o.apache.tomcat.util.digester.Digester   :   bodyText=''
2019-12-06 11:18:43.643 DEBUG 7503 --- [    Test worker] o.apache.tomcat.util.digester.Digester   :   Fire body() for ObjectCreateRule[className=org.apache.tomcat.util.modeler.AttributeInfo, attributeName=null]
2019-12-06 11:18:43.643 DEBUG 7503 --- [    Test worker] o.apache.tomcat.util.digester.Digester   :   Fire body() for SetPropertiesRule[]
2019-12-06 11:18:43.643 DEBUG 7503 --- [    Test worker] o.apache.tomcat.util.digester.Digester   :   Fire body() for SetNextRule[methodName=addAttribute, paramType=org.apache.tomcat.util.modeler.AttributeInfo]
2019-12-06 11:18:43.643 DEBUG 7503 --- [    Test worker] o.apache.tomcat.util.digester.Digester   :   Fire end() for SetNextRule[methodName=addAttribute, paramType=org.apache.tomcat.util.modeler.AttributeInfo]
2019-12-06 11:18:43.644 DEBUG 7503 --- [    Test worker] o.apache.tomcat.util.digester.Digester   : [SetNextRule]{mbeans-descriptors/mbean/attribute} Call org.apache.tomcat.util.modeler.ManagedBean.addAttribute(org.apache.tomcat.util.modeler.AttributeInfo@7fc48efb)
2019-12-06 11:18:43.644 DEBUG 7503 --- [    Test worker] o.apache.tomcat.util.IntrospectionUtils  : IntrospectionUtils: callMethod1 org.apache.tomcat.util.modeler.ManagedBean org.apache.tomcat.util.modeler.AttributeInfo org.apache.tomcat.util.modeler.AttributeInfo
2019-12-06 11:18:43.644 DEBUG 7503 --- [    Test worker] o.apache.tomcat.util.digester.Digester   :   Fire end() for SetPropertiesRule[]
2019-12-06 11:18:43.644 DEBUG 7503 --- [    Test worker] o.apache.tomcat.util.digester.Digester   :   Fire end() for ObjectCreateRule[className=org.apache.tomcat.util.modeler.AttributeInfo, attributeName=null]
2019-12-06 11:18:43.644 DEBUG 7503 --- [    Test worker] o.apache.tomcat.util.digester.Digester   : [ObjectCreateRule]{mbeans-descriptors/mbean/attribute} Pop org.apache.tomcat.util.modeler.AttributeInfo
2019-12-06 11:18:43.644 DEBUG 7503 --- [    Test worker] o.a.tomcat.util.digester.Digester.sax    : characters(

    )
2019-12-06 11:18:43.644 DEBUG 7503 --- [    Test worker] o.a.tomcat.util.digester.Digester.sax    : startElement(,,attribute)
2019-12-06 11:18:43.645 DEBUG 7503 --- [    Test worker] o.apache.tomcat.util.digester.Digester   :   New match='mbeans-descriptors/mbean/attribute'
2019-12-06 11:18:43.645 DEBUG 7503 --- [    Test worker] o.apache.tomcat.util.digester.Digester   :   Fire begin() for ObjectCreateRule[className=org.apache.tomcat.util.modeler.AttributeInfo, attributeName=null]
2019-12-06 11:18:43.645 DEBUG 7503 --- [    Test worker] o.apache.tomcat.util.digester.Digester   :   Fire begin() for SetPropertiesRule[]
2019-12-06 11:18:43.645 DEBUG 7503 --- [    Test worker] o.apache.tomcat.util.digester.Digester   : [SetPropertiesRule]{mbeans-descriptors/mbean/attribute} Set org.apache.tomcat.util.modeler.AttributeInfo properties
2019-12-06 11:18:43.645 DEBUG 7503 --- [    Test worker] o.apache.tomcat.util.digester.Digester   : [SetPropertiesRule]{mbeans-descriptors/mbean/attribute} Setting property 'name' to 'alpnSupported'
2019-12-06 11:18:43.645 DEBUG 7503 --- [    Test worker] o.apache.tomcat.util.IntrospectionUtils  : IntrospectionUtils: setProperty(class org.apache.tomcat.util.modeler.AttributeInfo name=alpnSupported)
2019-12-06 11:18:43.646 DEBUG 7503 --- [    Test worker] o.apache.tomcat.util.digester.Digester   : [SetPropertiesRule]{mbeans-descriptors/mbean/attribute} Setting property 'type' to 'boolean'
2019-12-06 11:18:43.646 DEBUG 7503 --- [    Test worker] o.apache.tomcat.util.IntrospectionUtils  : IntrospectionUtils: setProperty(class org.apache.tomcat.util.modeler.AttributeInfo type=boolean)
2019-12-06 11:18:43.646 DEBUG 7503 --- [    Test worker] o.apache.tomcat.util.digester.Digester   : [SetPropertiesRule]{mbeans-descriptors/mbean/attribute} Setting property 'writeable' to 'false'
2019-12-06 11:18:43.646 DEBUG 7503 --- [    Test worker] o.apache.tomcat.util.IntrospectionUtils  : IntrospectionUtils: setProperty(class org.apache.tomcat.util.modeler.AttributeInfo writeable=false)
2019-12-06 11:18:43.646 DEBUG 7503 --- [    Test worker] o.apache.tomcat.util.digester.Digester   : [SetPropertiesRule]{mbeans-descriptors/mbean/attribute} Setting property 'is' to 'true'
2019-12-06 11:18:43.646 DEBUG 7503 --- [    Test worker] o.apache.tomcat.util.IntrospectionUtils  : IntrospectionUtils: setProperty(class org.apache.tomcat.util.modeler.AttributeInfo is=true)
2019-12-06 11:18:43.646 DEBUG 7503 --- [    Test worker] o.apache.tomcat.util.digester.Digester   :   Fire begin() for SetNextRule[methodName=addAttribute, paramType=org.apache.tomcat.util.modeler.AttributeInfo]
2019-12-06 11:18:43.647 DEBUG 7503 --- [    Test worker] o.a.tomcat.util.digester.Digester.sax    : endElement(,,attribute)
2019-12-06 11:18:43.647 DEBUG 7503 --- [    Test worker] o.apache.tomcat.util.digester.Digester   :   match='mbeans-descriptors/mbean/attribute'
2019-12-06 11:18:43.647 DEBUG 7503 --- [    Test worker] o.apache.tomcat.util.digester.Digester   :   bodyText=''
2019-12-06 11:18:43.647 DEBUG 7503 --- [    Test worker] o.apache.tomcat.util.digester.Digester   :   Fire body() for ObjectCreateRule[className=org.apache.tomcat.util.modeler.AttributeInfo, attributeName=null]
2019-12-06 11:18:43.647 DEBUG 7503 --- [    Test worker] o.apache.tomcat.util.digester.Digester   :   Fire body() for SetPropertiesRule[]
2019-12-06 11:18:43.647 DEBUG 7503 --- [    Test worker] o.apache.tomcat.util.digester.Digester   :   Fire body() for SetNextRule[methodName=addAttribute, paramType=org.apache.tomcat.util.modeler.AttributeInfo]
2019-12-06 11:18:43.647 DEBUG 7503 --- [    Test worker] o.apache.tomcat.util.digester.Digester   :   Fire end() for SetNextRule[methodName=addAttribute, paramType=org.apache.tomcat.util.modeler.AttributeInfo]
2019-12-06 11:18:43.647 DEBUG 7503 --- [    Test worker] o.apache.tomcat.util.digester.Digester   : [SetNextRule]{mbeans-descriptors/mbean/attribute} Call org.apache.tomcat.util.modeler.ManagedBean.addAttribute(org.apache.tomcat.util.modeler.AttributeInfo@5feeafec)
2019-12-06 11:18:43.648 DEBUG 7503 --- [    Test worker] o.apache.tomcat.util.IntrospectionUtils  : IntrospectionUtils: callMethod1 org.apache.tomcat.util.modeler.ManagedBean org.apache.tomcat.util.modeler.AttributeInfo org.apache.tomcat.util.modeler.AttributeInfo
2019-12-06 11:18:43.648 DEBUG 7503 --- [    Test worker] o.apache.tomcat.util.digester.Digester   :   Fire end() for SetPropertiesRule[]
2019-12-06 11:18:43.648 DEBUG 7503 --- [    Test worker] o.apache.tomcat.util.digester.Digester   :   Fire end() for ObjectCreateRule[className=org.apache.tomcat.util.modeler.AttributeInfo, attributeName=null]
2019-12-06 11:18:43.648 DEBUG 7503 --- [    Test worker] o.apache.tomcat.util.digester.Digester   : [ObjectCreateRule]{mbeans-descriptors/mbean/attribute} Pop org.apache.tomcat.util.modeler.AttributeInfo
2019-12-06 11:18:43.648 DEBUG 7503 --- [    Test worker] o.a.tomcat.util.digester.Digester.sax    : characters(

    )
2019-12-06 11:18:43.648 DEBUG 7503 --- [    Test worker] o.a.tomcat.util.digester.Digester.sax    : startElement(,,attribute)
2019-12-06 11:18:43.648 DEBUG 7503 --- [    Test worker] o.apache.tomcat.util.digester.Digester   :   New match='mbeans-descriptors/mbean/attribute'
2019-12-06 11:18:43.649 DEBUG 7503 --- [    Test worker] o.apache.tomcat.util.digester.Digester   :   Fire begin() for ObjectCreateRule[className=org.apache.tomcat.util.modeler.AttributeInfo, attributeName=null]
2019-12-06 11:18:43.649 DEBUG 7503 --- [    Test worker] o.apache.tomcat.util.digester.Digester   :   Fire begin() for SetPropertiesRule[]
2019-12-06 11:18:43.649 DEBUG 7503 --- [    Test worker] o.apache.tomcat.util.digester.Digester   : [SetPropertiesRule]{mbeans-descriptors/mbean/attribute} Set org.apache.tomcat.util.modeler.AttributeInfo properties
2019-12-06 11:18:43.649 DEBUG 7503 --- [    Test worker] o.apache.tomcat.util.digester.Digester   : [SetPropertiesRule]{mbeans-descriptors/mbean/attribute} Setting property 'name' to 'bindOnInit'
2019-12-06 11:18:43.649 DEBUG 7503 --- [    Test worker] o.apache.tomcat.util.IntrospectionUtils  : IntrospectionUtils: setProperty(class org.apache.tomcat.util.modeler.AttributeInfo name=bindOnInit)
2019-12-06 11:18:43.649 DEBUG 7503 --- [    Test worker] o.apache.tomcat.util.digester.Digester   : [SetPropertiesRule]{mbeans-descriptors/mbean/attribute} Setting property 'type' to 'boolean'
2019-12-06 11:18:43.649 DEBUG 7503 --- [    Test worker] o.apache.tomcat.util.IntrospectionUtils  : IntrospectionUtils: setProperty(class org.apache.tomcat.util.modeler.AttributeInfo type=boolean)
2019-12-06 11:18:43.650 DEBUG 7503 --- [    Test worker] o.apache.tomcat.util.digester.Digester   :   Fire begin() for SetNextRule[methodName=addAttribute, paramType=org.apache.tomcat.util.modeler.AttributeInfo]
2019-12-06 11:18:43.650 DEBUG 7503 --- [    Test worker] o.a.tomcat.util.digester.Digester.sax    : endElement(,,attribute)
2019-12-06 11:18:43.650 DEBUG 7503 --- [    Test worker] o.apache.tomcat.util.digester.Digester   :   match='mbeans-descriptors/mbean/attribute'
2019-12-06 11:18:43.650 DEBUG 7503 --- [    Test worker] o.apache.tomcat.util.digester.Digester   :   bodyText=''
2019-12-06 11:18:43.650 DEBUG 7503 --- [    Test worker] o.apache.tomcat.util.digester.Digester   :   Fire body() for ObjectCreateRule[className=org.apache.tomcat.util.modeler.AttributeInfo, attributeName=null]
2019-12-06 11:18:43.650 DEBUG 7503 --- [    Test worker] o.apache.tomcat.util.digester.Digester   :   Fire body() for SetPropertiesRule[]
2019-12-06 11:18:43.650 DEBUG 7503 --- [    Test worker] o.apache.tomcat.util.digester.Digester   :   Fire body() for SetNextRule[methodName=addAttribute, paramType=org.apache.tomcat.util.modeler.AttributeInfo]
2019-12-06 11:18:43.651 DEBUG 7503 --- [    Test worker] o.apache.tomcat.util.digester.Digester   :   Fire end() for SetNextRule[methodName=addAttribute, paramType=org.apache.tomcat.util.modeler.AttributeInfo]
2019-12-06 11:18:43.651 DEBUG 7503 --- [    Test worker] o.apache.tomcat.util.digester.Digester   : [SetNextRule]{mbeans-descriptors/mbean/attribute} Call org.apache.tomcat.util.modeler.ManagedBean.addAttribute(org.apache.tomcat.util.modeler.AttributeInfo@78463eb5)
2019-12-06 11:18:43.651 DEBUG 7503 --- [    Test worker] o.apache.tomcat.util.IntrospectionUtils  : IntrospectionUtils: callMethod1 org.apache.tomcat.util.modeler.ManagedBean org.apache.tomcat.util.modeler.AttributeInfo org.apache.tomcat.util.modeler.AttributeInfo
2019-12-06 11:18:43.651 DEBUG 7503 --- [    Test worker] o.apache.tomcat.util.digester.Digester   :   Fire end() for SetPropertiesRule[]
2019-12-06 11:18:43.651 DEBUG 7503 --- [    Test worker] o.apache.tomcat.util.digester.Digester   :   Fire end() for ObjectCreateRule[className=org.apache.tomcat.util.modeler.AttributeInfo, attributeName=null]
2019-12-06 11:18:43.651 DEBUG 7503 --- [    Test worker] o.apache.tomcat.util.digester.Digester   : [ObjectCreateRule]{mbeans-descriptors/mbean/attribute} Pop org.apache.tomcat.util.modeler.AttributeInfo
2019-12-06 11:18:43.651 DEBUG 7503 --- [    Test worker] o.a.tomcat.util.digester.Digester.sax    : characters(

    )
2019-12-06 11:18:43.651 DEBUG 7503 --- [    Test worker] o.a.tomcat.util.digester.Digester.sax    : startElement(,,attribute)
2019-12-06 11:18:43.652 DEBUG 7503 --- [    Test worker] o.apache.tomcat.util.digester.Digester   :   New match='mbeans-descriptors/mbean/attribute'
2019-12-06 11:18:43.652 DEBUG 7503 --- [    Test worker] o.apache.tomcat.util.digester.Digester   :   Fire begin() for ObjectCreateRule[className=org.apache.tomcat.util.modeler.AttributeInfo, attributeName=null]
2019-12-06 11:18:43.652 DEBUG 7503 --- [    Test worker] o.apache.tomcat.util.digester.Digester   :   Fire begin() for SetPropertiesRule[]
2019-12-06 11:18:43.652 DEBUG 7503 --- [    Test worker] o.apache.tomcat.util.digester.Digester   : [SetPropertiesRule]{mbeans-descriptors/mbean/attribute} Set org.apache.tomcat.util.modeler.AttributeInfo properties
2019-12-06 11:18:43.652 DEBUG 7503 --- [    Test worker] o.apache.tomcat.util.digester.Digester   : [SetPropertiesRule]{mbeans-descriptors/mbean/attribute} Setting property 'name' to 'connectionCount'
2019-12-06 11:18:43.652 DEBUG 7503 --- [    Test worker] o.apache.tomcat.util.IntrospectionUtils  : IntrospectionUtils: setProperty(class org.apache.tomcat.util.modeler.AttributeInfo name=connectionCount)
2019-12-06 11:18:43.653 DEBUG 7503 --- [    Test worker] o.apache.tomcat.util.digester.Digester   : [SetPropertiesRule]{mbeans-descriptors/mbean/attribute} Setting property 'type' to 'long'
2019-12-06 11:18:43.653 DEBUG 7503 --- [    Test worker] o.apache.tomcat.util.IntrospectionUtils  : IntrospectionUtils: setProperty(class org.apache.tomcat.util.modeler.AttributeInfo type=long)
2019-12-06 11:18:43.653 DEBUG 7503 --- [    Test worker] o.apache.tomcat.util.digester.Digester   : [SetPropertiesRule]{mbeans-descriptors/mbean/attribute} Setting property 'writeable' to 'false'
2019-12-06 11:18:43.653 DEBUG 7503 --- [    Test worker] o.apache.tomcat.util.IntrospectionUtils  : IntrospectionUtils: setProperty(class org.apache.tomcat.util.modeler.AttributeInfo writeable=false)
2019-12-06 11:18:43.653 DEBUG 7503 --- [    Test worker] o.apache.tomcat.util.digester.Digester   :   Fire begin() for SetNextRule[methodName=addAttribute, paramType=org.apache.tomcat.util.modeler.AttributeInfo]
2019-12-06 11:18:43.653 DEBUG 7503 --- [    Test worker] o.a.tomcat.util.digester.Digester.sax    : endElement(,,attribute)
2019-12-06 11:18:43.653 DEBUG 7503 --- [    Test worker] o.apache.tomcat.util.digester.Digester   :   match='mbeans-descriptors/mbean/attribute'
2019-12-06 11:18:43.653 DEBUG 7503 --- [    Test worker] o.apache.tomcat.util.digester.Digester   :   bodyText=''
2019-12-06 11:18:43.654 DEBUG 7503 --- [    Test worker] o.apache.tomcat.util.digester.Digester   :   Fire body() for ObjectCreateRule[className=org.apache.tomcat.util.modeler.AttributeInfo, attributeName=null]
2019-12-06 11:18:43.654 DEBUG 7503 --- [    Test worker] o.apache.tomcat.util.digester.Digester   :   Fire body() for SetPropertiesRule[]
2019-12-06 11:18:43.654 DEBUG 7503 --- [    Test worker] o.apache.tomcat.util.digester.Digester   :   Fire body() for SetNextRule[methodName=addAttribute, paramType=org.apache.tomcat.util.modeler.AttributeInfo]
2019-12-06 11:18:43.654 DEBUG 7503 --- [    Test worker] o.apache.tomcat.util.digester.Digester   :   Fire end() for SetNextRule[methodName=addAttribute, paramType=org.apache.tomcat.util.modeler.AttributeInfo]
2019-12-06 11:18:43.654 DEBUG 7503 --- [    Test worker] o.apache.tomcat.util.digester.Digester   : [SetNextRule]{mbeans-descriptors/mbean/attribute} Call org.apache.tomcat.util.modeler.ManagedBean.addAttribute(org.apache.tomcat.util.modeler.AttributeInfo@685dd2c9)
2019-12-06 11:18:43.654 DEBUG 7503 --- [    Test worker] o.apache.tomcat.util.IntrospectionUtils  : IntrospectionUtils: callMethod1 org.apache.tomcat.util.modeler.ManagedBean org.apache.tomcat.util.modeler.AttributeInfo org.apache.tomcat.util.modeler.AttributeInfo
2019-12-06 11:18:43.655 DEBUG 7503 --- [    Test worker] o.apache.tomcat.util.digester.Digester   :   Fire end() for SetPropertiesRule[]
2019-12-06 11:18:43.655 DEBUG 7503 --- [    Test worker] o.apache.tomcat.util.digester.Digester   :   Fire end() for ObjectCreateRule[className=org.apache.tomcat.util.modeler.AttributeInfo, attributeName=null]
2019-12-06 11:18:43.655 DEBUG 7503 --- [    Test worker] o.apache.tomcat.util.digester.Digester   : [ObjectCreateRule]{mbeans-descriptors/mbean/attribute} Pop org.apache.tomcat.util.modeler.AttributeInfo
2019-12-06 11:18:43.655 DEBUG 7503 --- [    Test worker] o.a.tomcat.util.digester.Digester.sax    : characters(

    )
2019-12-06 11:18:43.655 DEBUG 7503 --- [    Test worker] o.a.tomcat.util.digester.Digester.sax    : startElement(,,attribute)
2019-12-06 11:18:43.655 DEBUG 7503 --- [    Test worker] o.apache.tomcat.util.digester.Digester   :   New match='mbeans-descriptors/mbean/attribute'
2019-12-06 11:18:43.656 DEBUG 7503 --- [    Test worker] o.apache.tomcat.util.digester.Digester   :   Fire begin() for ObjectCreateRule[className=org.apache.tomcat.util.modeler.AttributeInfo, attributeName=null]
2019-12-06 11:18:43.656 DEBUG 7503 --- [    Test worker] o.apache.tomcat.util.digester.Digester   :   Fire begin() for SetPropertiesRule[]
2019-12-06 11:18:43.656 DEBUG 7503 --- [    Test worker] o.apache.tomcat.util.digester.Digester   : [SetPropertiesRule]{mbeans-descriptors/mbean/attribute} Set org.apache.tomcat.util.modeler.AttributeInfo properties
2019-12-06 11:18:43.656 DEBUG 7503 --- [    Test worker] o.apache.tomcat.util.digester.Digester   : [SetPropertiesRule]{mbeans-descriptors/mbean/attribute} Setting property 'name' to 'connectionLinger'
2019-12-06 11:18:43.656 DEBUG 7503 --- [    Test worker] o.apache.tomcat.util.IntrospectionUtils  : IntrospectionUtils: setProperty(class org.apache.tomcat.util.modeler.AttributeInfo name=connectionLinger)
2019-12-06 11:18:43.656 DEBUG 7503 --- [    Test worker] o.apache.tomcat.util.digester.Digester   : [SetPropertiesRule]{mbeans-descriptors/mbean/attribute} Setting property 'type' to 'int'
2019-12-06 11:18:43.656 DEBUG 7503 --- [    Test worker] o.apache.tomcat.util.IntrospectionUtils  : IntrospectionUtils: setProperty(class org.apache.tomcat.util.modeler.AttributeInfo type=int)
2019-12-06 11:18:43.657 DEBUG 7503 --- [    Test worker] o.apache.tomcat.util.digester.Digester   :   Fire begin() for SetNextRule[methodName=addAttribute, paramType=org.apache.tomcat.util.modeler.AttributeInfo]
2019-12-06 11:18:43.657 DEBUG 7503 --- [    Test worker] o.a.tomcat.util.digester.Digester.sax    : endElement(,,attribute)
2019-12-06 11:18:43.657 DEBUG 7503 --- [    Test worker] o.apache.tomcat.util.digester.Digester   :   match='mbeans-descriptors/mbean/attribute'
2019-12-06 11:18:43.657 DEBUG 7503 --- [    Test worker] o.apache.tomcat.util.digester.Digester   :   bodyText=''
2019-12-06 11:18:43.657 DEBUG 7503 --- [    Test worker] o.apache.tomcat.util.digester.Digester   :   Fire body() for ObjectCreateRule[className=org.apache.tomcat.util.modeler.AttributeInfo, attributeName=null]
2019-12-06 11:18:43.657 DEBUG 7503 --- [    Test worker] o.apache.tomcat.util.digester.Digester   :   Fire body() for SetPropertiesRule[]
2019-12-06 11:18:43.657 DEBUG 7503 --- [    Test worker] o.apache.tomcat.util.digester.Digester   :   Fire body() for SetNextRule[methodName=addAttribute, paramType=org.apache.tomcat.util.modeler.AttributeInfo]
2019-12-06 11:18:43.657 DEBUG 7503 --- [    Test worker] o.apache.tomcat.util.digester.Digester   :   Fire end() for SetNextRule[methodName=addAttribute, paramType=org.apache.tomcat.util.modeler.AttributeInfo]
2019-12-06 11:18:43.658 DEBUG 7503 --- [    Test worker] o.apache.tomcat.util.digester.Digester   : [SetNextRule]{mbeans-descriptors/mbean/attribute} Call org.apache.tomcat.util.modeler.ManagedBean.addAttribute(org.apache.tomcat.util.modeler.AttributeInfo@33352a6f)
2019-12-06 11:18:43.658 DEBUG 7503 --- [    Test worker] o.apache.tomcat.util.IntrospectionUtils  : IntrospectionUtils: callMethod1 org.apache.tomcat.util.modeler.ManagedBean org.apache.tomcat.util.modeler.AttributeInfo org.apache.tomcat.util.modeler.AttributeInfo
2019-12-06 11:18:43.658 DEBUG 7503 --- [    Test worker] o.apache.tomcat.util.digester.Digester   :   Fire end() for SetPropertiesRule[]
2019-12-06 11:18:43.658 DEBUG 7503 --- [    Test worker] o.apache.tomcat.util.digester.Digester   :   Fire end() for ObjectCreateRule[className=org.apache.tomcat.util.modeler.AttributeInfo, attributeName=null]
2019-12-06 11:18:43.658 DEBUG 7503 --- [    Test worker] o.apache.tomcat.util.digester.Digester   : [ObjectCreateRule]{mbeans-descriptors/mbean/attribute} Pop org.apache.tomcat.util.modeler.AttributeInfo
2019-12-06 11:18:43.658 DEBUG 7503 --- [    Test worker] o.a.tomcat.util.digester.Digester.sax    : characters(

    )
2019-12-06 11:18:43.658 DEBUG 7503 --- [    Test worker] o.a.tomcat.util.digester.Digester.sax    : startElement(,,attribute)
2019-12-06 11:18:43.659 DEBUG 7503 --- [    Test worker] o.apache.tomcat.util.digester.Digester   :   New match='mbeans-descriptors/mbean/attribute'
2019-12-06 11:18:43.659 DEBUG 7503 --- [    Test worker] o.apache.tomcat.util.digester.Digester   :   Fire begin() for ObjectCreateRule[className=org.apache.tomcat.util.modeler.AttributeInfo, attributeName=null]
2019-12-06 11:18:43.659 DEBUG 7503 --- [    Test worker] o.apache.tomcat.util.digester.Digester   :   Fire begin() for SetPropertiesRule[]
2019-12-06 11:18:43.659 DEBUG 7503 --- [    Test worker] o.apache.tomcat.util.digester.Digester   : [SetPropertiesRule]{mbeans-descriptors/mbean/attribute} Set org.apache.tomcat.util.modeler.AttributeInfo properties
2019-12-06 11:18:43.659 DEBUG 7503 --- [    Test worker] o.apache.tomcat.util.digester.Digester   : [SetPropertiesRule]{mbeans-descriptors/mbean/attribute} Setting property 'name' to 'connectionTimeout'
2019-12-06 11:18:43.659 DEBUG 7503 --- [    Test worker] o.apache.tomcat.util.IntrospectionUtils  : IntrospectionUtils: setProperty(class org.apache.tomcat.util.modeler.AttributeInfo name=connectionTimeout)
2019-12-06 11:18:43.659 DEBUG 7503 --- [    Test worker] o.apache.tomcat.util.digester.Digester   : [SetPropertiesRule]{mbeans-descriptors/mbean/attribute} Setting property 'type' to 'int'
2019-12-06 11:18:43.659 DEBUG 7503 --- [    Test worker] o.apache.tomcat.util.IntrospectionUtils  : IntrospectionUtils: setProperty(class org.apache.tomcat.util.modeler.AttributeInfo type=int)
2019-12-06 11:18:43.660 DEBUG 7503 --- [    Test worker] o.apache.tomcat.util.digester.Digester   :   Fire begin() for SetNextRule[methodName=addAttribute, paramType=org.apache.tomcat.util.modeler.AttributeInfo]
2019-12-06 11:18:43.660 DEBUG 7503 --- [    Test worker] o.a.tomcat.util.digester.Digester.sax    : endElement(,,attribute)
2019-12-06 11:18:43.660 DEBUG 7503 --- [    Test worker] o.apache.tomcat.util.digester.Digester   :   match='mbeans-descriptors/mbean/attribute'
2019-12-06 11:18:43.660 DEBUG 7503 --- [    Test worker] o.apache.tomcat.util.digester.Digester   :   bodyText=''
2019-12-06 11:18:43.660 DEBUG 7503 --- [    Test worker] o.apache.tomcat.util.digester.Digester   :   Fire body() for ObjectCreateRule[className=org.apache.tomcat.util.modeler.AttributeInfo, attributeName=null]
2019-12-06 11:18:43.660 DEBUG 7503 --- [    Test worker] o.apache.tomcat.util.digester.Digester   :   Fire body() for SetPropertiesRule[]
2019-12-06 11:18:43.660 DEBUG 7503 --- [    Test worker] o.apache.tomcat.util.digester.Digester   :   Fire body() for SetNextRule[methodName=addAttribute, paramType=org.apache.tomcat.util.modeler.AttributeInfo]
2019-12-06 11:18:43.661 DEBUG 7503 --- [    Test worker] o.apache.tomcat.util.digester.Digester   :   Fire end() for SetNextRule[methodName=addAttribute, paramType=org.apache.tomcat.util.modeler.AttributeInfo]
2019-12-06 11:18:43.661 DEBUG 7503 --- [    Test worker] o.apache.tomcat.util.digester.Digester   : [SetNextRule]{mbeans-descriptors/mbean/attribute} Call org.apache.tomcat.util.modeler.ManagedBean.addAttribute(org.apache.tomcat.util.modeler.AttributeInfo@190e722a)
2019-12-06 11:18:43.661 DEBUG 7503 --- [    Test worker] o.apache.tomcat.util.IntrospectionUtils  : IntrospectionUtils: callMethod1 org.apache.tomcat.util.modeler.ManagedBean org.apache.tomcat.util.modeler.AttributeInfo org.apache.tomcat.util.modeler.AttributeInfo
2019-12-06 11:18:43.661 DEBUG 7503 --- [    Test worker] o.apache.tomcat.util.digester.Digester   :   Fire end() for SetPropertiesRule[]
2019-12-06 11:18:43.661 DEBUG 7503 --- [    Test worker] o.apache.tomcat.util.digester.Digester   :   Fire end() for ObjectCreateRule[className=org.apache.tomcat.util.modeler.AttributeInfo, attributeName=null]
2019-12-06 11:18:43.661 DEBUG 7503 --- [    Test worker] o.apache.tomcat.util.digester.Digester   : [ObjectCreateRule]{mbeans-descriptors/mbean/attribute} Pop org.apache.tomcat.util.modeler.AttributeInfo
2019-12-06 11:18:43.661 DEBUG 7503 --- [    Test worker] o.a.tomcat.util.digester.Digester.sax    : characters(

    )
2019-12-06 11:18:43.662 DEBUG 7503 --- [    Test worker] o.a.tomcat.util.digester.Digester.sax    : startElement(,,attribute)
2019-12-06 11:18:43.662 DEBUG 7503 --- [    Test worker] o.apache.tomcat.util.digester.Digester   :   New match='mbeans-descriptors/mbean/attribute'
2019-12-06 11:18:43.662 DEBUG 7503 --- [    Test worker] o.apache.tomcat.util.digester.Digester   :   Fire begin() for ObjectCreateRule[className=org.apache.tomcat.util.modeler.AttributeInfo, attributeName=null]
2019-12-06 11:18:43.662 DEBUG 7503 --- [    Test worker] o.apache.tomcat.util.digester.Digester   :   Fire begin() for SetPropertiesRule[]
2019-12-06 11:18:43.662 DEBUG 7503 --- [    Test worker] o.apache.tomcat.util.digester.Digester   : [SetPropertiesRule]{mbeans-descriptors/mbean/attribute} Set org.apache.tomcat.util.modeler.AttributeInfo properties
2019-12-06 11:18:43.662 DEBUG 7503 --- [    Test worker] o.apache.tomcat.util.digester.Digester   : [SetPropertiesRule]{mbeans-descriptors/mbean/attribute} Setting property 'name' to 'currentThreadCount'
2019-12-06 11:18:43.662 DEBUG 7503 --- [    Test worker] o.apache.tomcat.util.IntrospectionUtils  : IntrospectionUtils: setProperty(class org.apache.tomcat.util.modeler.AttributeInfo name=currentThreadCount)
2019-12-06 11:18:43.663 DEBUG 7503 --- [    Test worker] o.apache.tomcat.util.digester.Digester   : [SetPropertiesRule]{mbeans-descriptors/mbean/attribute} Setting property 'type' to 'int'
2019-12-06 11:18:43.663 DEBUG 7503 --- [    Test worker] o.apache.tomcat.util.IntrospectionUtils  : IntrospectionUtils: setProperty(class org.apache.tomcat.util.modeler.AttributeInfo type=int)
2019-12-06 11:18:43.663 DEBUG 7503 --- [    Test worker] o.apache.tomcat.util.digester.Digester   : [SetPropertiesRule]{mbeans-descriptors/mbean/attribute} Setting property 'writeable' to 'false'
2019-12-06 11:18:43.663 DEBUG 7503 --- [    Test worker] o.apache.tomcat.util.IntrospectionUtils  : IntrospectionUtils: setProperty(class org.apache.tomcat.util.modeler.AttributeInfo writeable=false)
2019-12-06 11:18:43.663 DEBUG 7503 --- [    Test worker] o.apache.tomcat.util.digester.Digester   :   Fire begin() for SetNextRule[methodName=addAttribute, paramType=org.apache.tomcat.util.modeler.AttributeInfo]
2019-12-06 11:18:43.663 DEBUG 7503 --- [    Test worker] o.a.tomcat.util.digester.Digester.sax    : endElement(,,attribute)
2019-12-06 11:18:43.663 DEBUG 7503 --- [    Test worker] o.apache.tomcat.util.digester.Digester   :   match='mbeans-descriptors/mbean/attribute'
2019-12-06 11:18:43.663 DEBUG 7503 --- [    Test worker] o.apache.tomcat.util.digester.Digester   :   bodyText=''
2019-12-06 11:18:43.664 DEBUG 7503 --- [    Test worker] o.apache.tomcat.util.digester.Digester   :   Fire body() for ObjectCreateRule[className=org.apache.tomcat.util.modeler.AttributeInfo, attributeName=null]
2019-12-06 11:18:43.664 DEBUG 7503 --- [    Test worker] o.apache.tomcat.util.digester.Digester   :   Fire body() for SetPropertiesRule[]
2019-12-06 11:18:43.664 DEBUG 7503 --- [    Test worker] o.apache.tomcat.util.digester.Digester   :   Fire body() for SetNextRule[methodName=addAttribute, paramType=org.apache.tomcat.util.modeler.AttributeInfo]
2019-12-06 11:18:43.664 DEBUG 7503 --- [    Test worker] o.apache.tomcat.util.digester.Digester   :   Fire end() for SetNextRule[methodName=addAttribute, paramType=org.apache.tomcat.util.modeler.AttributeInfo]
2019-12-06 11:18:43.664 DEBUG 7503 --- [    Test worker] o.apache.tomcat.util.digester.Digester   : [SetNextRule]{mbeans-descriptors/mbean/attribute} Call org.apache.tomcat.util.modeler.ManagedBean.addAttribute(org.apache.tomcat.util.modeler.AttributeInfo@50f44428)
2019-12-06 11:18:43.664 DEBUG 7503 --- [    Test worker] o.apache.tomcat.util.IntrospectionUtils  : IntrospectionUtils: callMethod1 org.apache.tomcat.util.modeler.ManagedBean org.apache.tomcat.util.modeler.AttributeInfo org.apache.tomcat.util.modeler.AttributeInfo
2019-12-06 11:18:43.665 DEBUG 7503 --- [    Test worker] o.apache.tomcat.util.digester.Digester   :   Fire end() for SetPropertiesRule[]
2019-12-06 11:18:43.665 DEBUG 7503 --- [    Test worker] o.apache.tomcat.util.digester.Digester   :   Fire end() for ObjectCreateRule[className=org.apache.tomcat.util.modeler.AttributeInfo, attributeName=null]
2019-12-06 11:18:43.665 DEBUG 7503 --- [    Test worker] o.apache.tomcat.util.digester.Digester   : [ObjectCreateRule]{mbeans-descriptors/mbean/attribute} Pop org.apache.tomcat.util.modeler.AttributeInfo
2019-12-06 11:18:43.665 DEBUG 7503 --- [    Test worker] o.a.tomcat.util.digester.Digester.sax    : characters(

    )
2019-12-06 11:18:43.665 DEBUG 7503 --- [    Test worker] o.a.tomcat.util.digester.Digester.sax    : startElement(,,attribute)
2019-12-06 11:18:43.665 DEBUG 7503 --- [    Test worker] o.apache.tomcat.util.digester.Digester   :   New match='mbeans-descriptors/mbean/attribute'
2019-12-06 11:18:43.665 DEBUG 7503 --- [    Test worker] o.apache.tomcat.util.digester.Digester   :   Fire begin() for ObjectCreateRule[className=org.apache.tomcat.util.modeler.AttributeInfo, attributeName=null]
2019-12-06 11:18:43.666 DEBUG 7503 --- [    Test worker] o.apache.tomcat.util.digester.Digester   :   Fire begin() for SetPropertiesRule[]
2019-12-06 11:18:43.666 DEBUG 7503 --- [    Test worker] o.apache.tomcat.util.digester.Digester   : [SetPropertiesRule]{mbeans-descriptors/mbean/attribute} Set org.apache.tomcat.util.modeler.AttributeInfo properties
2019-12-06 11:18:43.666 DEBUG 7503 --- [    Test worker] o.apache.tomcat.util.digester.Digester   : [SetPropertiesRule]{mbeans-descriptors/mbean/attribute} Setting property 'name' to 'currentThreadsBusy'
2019-12-06 11:18:43.666 DEBUG 7503 --- [    Test worker] o.apache.tomcat.util.IntrospectionUtils  : IntrospectionUtils: setProperty(class org.apache.tomcat.util.modeler.AttributeInfo name=currentThreadsBusy)
2019-12-06 11:18:43.666 DEBUG 7503 --- [    Test worker] o.apache.tomcat.util.digester.Digester   : [SetPropertiesRule]{mbeans-descriptors/mbean/attribute} Setting property 'type' to 'int'
2019-12-06 11:18:43.666 DEBUG 7503 --- [    Test worker] o.apache.tomcat.util.IntrospectionUtils  : IntrospectionUtils: setProperty(class org.apache.tomcat.util.modeler.AttributeInfo type=int)
2019-12-06 11:18:43.666 DEBUG 7503 --- [    Test worker] o.apache.tomcat.util.digester.Digester   : [SetPropertiesRule]{mbeans-descriptors/mbean/attribute} Setting property 'writeable' to 'false'
2019-12-06 11:18:43.667 DEBUG 7503 --- [    Test worker] o.apache.tomcat.util.IntrospectionUtils  : IntrospectionUtils: setProperty(class org.apache.tomcat.util.modeler.AttributeInfo writeable=false)
2019-12-06 11:18:43.667 DEBUG 7503 --- [    Test worker] o.apache.tomcat.util.digester.Digester   :   Fire begin() for SetNextRule[methodName=addAttribute, paramType=org.apache.tomcat.util.modeler.AttributeInfo]
2019-12-06 11:18:43.667 DEBUG 7503 --- [    Test worker] o.a.tomcat.util.digester.Digester.sax    : endElement(,,attribute)
2019-12-06 11:18:43.667 DEBUG 7503 --- [    Test worker] o.apache.tomcat.util.digester.Digester   :   match='mbeans-descriptors/mbean/attribute'
2019-12-06 11:18:43.667 DEBUG 7503 --- [    Test worker] o.apache.tomcat.util.digester.Digester   :   bodyText=''
2019-12-06 11:18:43.667 DEBUG 7503 --- [    Test worker] o.apache.tomcat.util.digester.Digester   :   Fire body() for ObjectCreateRule[className=org.apache.tomcat.util.modeler.AttributeInfo, attributeName=null]
2019-12-06 11:18:43.667 DEBUG 7503 --- [    Test worker] o.apache.tomcat.util.digester.Digester   :   Fire body() for SetPropertiesRule[]
2019-12-06 11:18:43.668 DEBUG 7503 --- [    Test worker] o.apache.tomcat.util.digester.Digester   :   Fire body() for SetNextRule[methodName=addAttribute, paramType=org.apache.tomcat.util.modeler.AttributeInfo]
2019-12-06 11:18:43.668 DEBUG 7503 --- [    Test worker] o.apache.tomcat.util.digester.Digester   :   Fire end() for SetNextRule[methodName=addAttribute, paramType=org.apache.tomcat.util.modeler.AttributeInfo]
2019-12-06 11:18:43.668 DEBUG 7503 --- [    Test worker] o.apache.tomcat.util.digester.Digester   : [SetNextRule]{mbeans-descriptors/mbean/attribute} Call org.apache.tomcat.util.modeler.ManagedBean.addAttribute(org.apache.tomcat.util.modeler.AttributeInfo@56390f65)
2019-12-06 11:18:43.668 DEBUG 7503 --- [    Test worker] o.apache.tomcat.util.IntrospectionUtils  : IntrospectionUtils: callMethod1 org.apache.tomcat.util.modeler.ManagedBean org.apache.tomcat.util.modeler.AttributeInfo org.apache.tomcat.util.modeler.AttributeInfo
2019-12-06 11:18:43.668 DEBUG 7503 --- [    Test worker] o.apache.tomcat.util.digester.Digester   :   Fire end() for SetPropertiesRule[]
2019-12-06 11:18:43.668 DEBUG 7503 --- [    Test worker] o.apache.tomcat.util.digester.Digester   :   Fire end() for ObjectCreateRule[className=org.apache.tomcat.util.modeler.AttributeInfo, attributeName=null]
2019-12-06 11:18:43.668 DEBUG 7503 --- [    Test worker] o.apache.tomcat.util.digester.Digester   : [ObjectCreateRule]{mbeans-descriptors/mbean/attribute} Pop org.apache.tomcat.util.modeler.AttributeInfo
2019-12-06 11:18:43.669 DEBUG 7503 --- [    Test worker] o.a.tomcat.util.digester.Digester.sax    : characters(

    )
2019-12-06 11:18:43.669 DEBUG 7503 --- [    Test worker] o.a.tomcat.util.digester.Digester.sax    : startElement(,,attribute)
2019-12-06 11:18:43.669 DEBUG 7503 --- [    Test worker] o.apache.tomcat.util.digester.Digester   :   New match='mbeans-descriptors/mbean/attribute'
2019-12-06 11:18:43.669 DEBUG 7503 --- [    Test worker] o.apache.tomcat.util.digester.Digester   :   Fire begin() for ObjectCreateRule[className=org.apache.tomcat.util.modeler.AttributeInfo, attributeName=null]
2019-12-06 11:18:43.669 DEBUG 7503 --- [    Test worker] o.apache.tomcat.util.digester.Digester   :   Fire begin() for SetPropertiesRule[]
2019-12-06 11:18:43.669 DEBUG 7503 --- [    Test worker] o.apache.tomcat.util.digester.Digester   : [SetPropertiesRule]{mbeans-descriptors/mbean/attribute} Set org.apache.tomcat.util.modeler.AttributeInfo properties
2019-12-06 11:18:43.669 DEBUG 7503 --- [    Test worker] o.apache.tomcat.util.digester.Digester   : [SetPropertiesRule]{mbeans-descriptors/mbean/attribute} Setting property 'name' to 'daemon'
2019-12-06 11:18:43.670 DEBUG 7503 --- [    Test worker] o.apache.tomcat.util.IntrospectionUtils  : IntrospectionUtils: setProperty(class org.apache.tomcat.util.modeler.AttributeInfo name=daemon)
2019-12-06 11:18:43.670 DEBUG 7503 --- [    Test worker] o.apache.tomcat.util.digester.Digester   : [SetPropertiesRule]{mbeans-descriptors/mbean/attribute} Setting property 'type' to 'boolean'
2019-12-06 11:18:43.670 DEBUG 7503 --- [    Test worker] o.apache.tomcat.util.IntrospectionUtils  : IntrospectionUtils: setProperty(class org.apache.tomcat.util.modeler.AttributeInfo type=boolean)
2019-12-06 11:18:43.670 DEBUG 7503 --- [    Test worker] o.apache.tomcat.util.digester.Digester   :   Fire begin() for SetNextRule[methodName=addAttribute, paramType=org.apache.tomcat.util.modeler.AttributeInfo]
2019-12-06 11:18:43.670 DEBUG 7503 --- [    Test worker] o.a.tomcat.util.digester.Digester.sax    : endElement(,,attribute)
2019-12-06 11:18:43.670 DEBUG 7503 --- [    Test worker] o.apache.tomcat.util.digester.Digester   :   match='mbeans-descriptors/mbean/attribute'
2019-12-06 11:18:43.670 DEBUG 7503 --- [    Test worker] o.apache.tomcat.util.digester.Digester   :   bodyText=''
2019-12-06 11:18:43.670 DEBUG 7503 --- [    Test worker] o.apache.tomcat.util.digester.Digester   :   Fire body() for ObjectCreateRule[className=org.apache.tomcat.util.modeler.AttributeInfo, attributeName=null]
2019-12-06 11:18:43.671 DEBUG 7503 --- [    Test worker] o.apache.tomcat.util.digester.Digester   :   Fire body() for SetPropertiesRule[]
2019-12-06 11:18:43.671 DEBUG 7503 --- [    Test worker] o.apache.tomcat.util.digester.Digester   :   Fire body() for SetNextRule[methodName=addAttribute, paramType=org.apache.tomcat.util.modeler.AttributeInfo]
2019-12-06 11:18:43.671 DEBUG 7503 --- [    Test worker] o.apache.tomcat.util.digester.Digester   :   Fire end() for SetNextRule[methodName=addAttribute, paramType=org.apache.tomcat.util.modeler.AttributeInfo]
2019-12-06 11:18:43.671 DEBUG 7503 --- [    Test worker] o.apache.tomcat.util.digester.Digester   : [SetNextRule]{mbeans-descriptors/mbean/attribute} Call org.apache.tomcat.util.modeler.ManagedBean.addAttribute(org.apache.tomcat.util.modeler.AttributeInfo@4cc5219f)
2019-12-06 11:18:43.671 DEBUG 7503 --- [    Test worker] o.apache.tomcat.util.IntrospectionUtils  : IntrospectionUtils: callMethod1 org.apache.tomcat.util.modeler.ManagedBean org.apache.tomcat.util.modeler.AttributeInfo org.apache.tomcat.util.modeler.AttributeInfo
2019-12-06 11:18:43.671 DEBUG 7503 --- [    Test worker] o.apache.tomcat.util.digester.Digester   :   Fire end() for SetPropertiesRule[]
2019-12-06 11:18:43.671 DEBUG 7503 --- [    Test worker] o.apache.tomcat.util.digester.Digester   :   Fire end() for ObjectCreateRule[className=org.apache.tomcat.util.modeler.AttributeInfo, attributeName=null]
2019-12-06 11:18:43.672 DEBUG 7503 --- [    Test worker] o.apache.tomcat.util.digester.Digester   : [ObjectCreateRule]{mbeans-descriptors/mbean/attribute} Pop org.apache.tomcat.util.modeler.AttributeInfo
2019-12-06 11:18:43.672 DEBUG 7503 --- [    Test worker] o.a.tomcat.util.digester.Digester.sax    : characters(

    )
2019-12-06 11:18:43.672 DEBUG 7503 --- [    Test worker] o.a.tomcat.util.digester.Digester.sax    : startElement(,,attribute)
2019-12-06 11:18:43.672 DEBUG 7503 --- [    Test worker] o.apache.tomcat.util.digester.Digester   :   New match='mbeans-descriptors/mbean/attribute'
2019-12-06 11:18:43.672 DEBUG 7503 --- [    Test worker] o.apache.tomcat.util.digester.Digester   :   Fire begin() for ObjectCreateRule[className=org.apache.tomcat.util.modeler.AttributeInfo, attributeName=null]
2019-12-06 11:18:43.672 DEBUG 7503 --- [    Test worker] o.apache.tomcat.util.digester.Digester   :   Fire begin() for SetPropertiesRule[]
2019-12-06 11:18:43.672 DEBUG 7503 --- [    Test worker] o.apache.tomcat.util.digester.Digester   : [SetPropertiesRule]{mbeans-descriptors/mbean/attribute} Set org.apache.tomcat.util.modeler.AttributeInfo properties
2019-12-06 11:18:43.673 DEBUG 7503 --- [    Test worker] o.apache.tomcat.util.digester.Digester   : [SetPropertiesRule]{mbeans-descriptors/mbean/attribute} Setting property 'name' to 'defaultSSLHostConfigName'
2019-12-06 11:18:43.673 DEBUG 7503 --- [    Test worker] o.apache.tomcat.util.IntrospectionUtils  : IntrospectionUtils: setProperty(class org.apache.tomcat.util.modeler.AttributeInfo name=defaultSSLHostConfigName)
2019-12-06 11:18:43.673 DEBUG 7503 --- [    Test worker] o.apache.tomcat.util.digester.Digester   : [SetPropertiesRule]{mbeans-descriptors/mbean/attribute} Setting property 'type' to 'java.lang.String'
2019-12-06 11:18:43.673 DEBUG 7503 --- [    Test worker] o.apache.tomcat.util.IntrospectionUtils  : IntrospectionUtils: setProperty(class org.apache.tomcat.util.modeler.AttributeInfo type=java.lang.String)
2019-12-06 11:18:43.673 DEBUG 7503 --- [    Test worker] o.apache.tomcat.util.digester.Digester   :   Fire begin() for SetNextRule[methodName=addAttribute, paramType=org.apache.tomcat.util.modeler.AttributeInfo]
2019-12-06 11:18:43.673 DEBUG 7503 --- [    Test worker] o.a.tomcat.util.digester.Digester.sax    : endElement(,,attribute)
2019-12-06 11:18:43.673 DEBUG 7503 --- [    Test worker] o.apache.tomcat.util.digester.Digester   :   match='mbeans-descriptors/mbean/attribute'
2019-12-06 11:18:43.674 DEBUG 7503 --- [    Test worker] o.apache.tomcat.util.digester.Digester   :   bodyText=''
2019-12-06 11:18:43.674 DEBUG 7503 --- [    Test worker] o.apache.tomcat.util.digester.Digester   :   Fire body() for ObjectCreateRule[className=org.apache.tomcat.util.modeler.AttributeInfo, attributeName=null]
2019-12-06 11:18:43.674 DEBUG 7503 --- [    Test worker] o.apache.tomcat.util.digester.Digester   :   Fire body() for SetPropertiesRule[]
2019-12-06 11:18:43.674 DEBUG 7503 --- [    Test worker] o.apache.tomcat.util.digester.Digester   :   Fire body() for SetNextRule[methodName=addAttribute, paramType=org.apache.tomcat.util.modeler.AttributeInfo]
2019-12-06 11:18:43.674 DEBUG 7503 --- [    Test worker] o.apache.tomcat.util.digester.Digester   :   Fire end() for SetNextRule[methodName=addAttribute, paramType=org.apache.tomcat.util.modeler.AttributeInfo]
2019-12-06 11:18:43.674 DEBUG 7503 --- [    Test worker] o.apache.tomcat.util.digester.Digester   : [SetNextRule]{mbeans-descriptors/mbean/attribute} Call org.apache.tomcat.util.modeler.ManagedBean.addAttribute(org.apache.tomcat.util.modeler.AttributeInfo@26b0950f)
2019-12-06 11:18:43.674 DEBUG 7503 --- [    Test worker] o.apache.tomcat.util.IntrospectionUtils  : IntrospectionUtils: callMethod1 org.apache.tomcat.util.modeler.ManagedBean org.apache.tomcat.util.modeler.AttributeInfo org.apache.tomcat.util.modeler.AttributeInfo
2019-12-06 11:18:43.674 DEBUG 7503 --- [    Test worker] o.apache.tomcat.util.digester.Digester   :   Fire end() for SetPropertiesRule[]
2019-12-06 11:18:43.675 DEBUG 7503 --- [    Test worker] o.apache.tomcat.util.digester.Digester   :   Fire end() for ObjectCreateRule[className=org.apache.tomcat.util.modeler.AttributeInfo, attributeName=null]
2019-12-06 11:18:43.675 DEBUG 7503 --- [    Test worker] o.apache.tomcat.util.digester.Digester   : [ObjectCreateRule]{mbeans-descriptors/mbean/attribute} Pop org.apache.tomcat.util.modeler.AttributeInfo
2019-12-06 11:18:43.675 DEBUG 7503 --- [    Test worker] o.a.tomcat.util.digester.Digester.sax    : characters(

    )
2019-12-06 11:18:43.675 DEBUG 7503 --- [    Test worker] o.a.tomcat.util.digester.Digester.sax    : startElement(,,attribute)
2019-12-06 11:18:43.675 DEBUG 7503 --- [    Test worker] o.apache.tomcat.util.digester.Digester   :   New match='mbeans-descriptors/mbean/attribute'
2019-12-06 11:18:43.675 DEBUG 7503 --- [    Test worker] o.apache.tomcat.util.digester.Digester   :   Fire begin() for ObjectCreateRule[className=org.apache.tomcat.util.modeler.AttributeInfo, attributeName=null]
2019-12-06 11:18:43.675 DEBUG 7503 --- [    Test worker] o.apache.tomcat.util.digester.Digester   :   Fire begin() for SetPropertiesRule[]
2019-12-06 11:18:43.676 DEBUG 7503 --- [    Test worker] o.apache.tomcat.util.digester.Digester   : [SetPropertiesRule]{mbeans-descriptors/mbean/attribute} Set org.apache.tomcat.util.modeler.AttributeInfo properties
2019-12-06 11:18:43.676 DEBUG 7503 --- [    Test worker] o.apache.tomcat.util.digester.Digester   : [SetPropertiesRule]{mbeans-descriptors/mbean/attribute} Setting property 'name' to 'deferAccept'
2019-12-06 11:18:43.676 DEBUG 7503 --- [    Test worker] o.apache.tomcat.util.IntrospectionUtils  : IntrospectionUtils: setProperty(class org.apache.tomcat.util.modeler.AttributeInfo name=deferAccept)
2019-12-06 11:18:43.676 DEBUG 7503 --- [    Test worker] o.apache.tomcat.util.digester.Digester   : [SetPropertiesRule]{mbeans-descriptors/mbean/attribute} Setting property 'type' to 'boolean'
2019-12-06 11:18:43.676 DEBUG 7503 --- [    Test worker] o.apache.tomcat.util.IntrospectionUtils  : IntrospectionUtils: setProperty(class org.apache.tomcat.util.modeler.AttributeInfo type=boolean)
2019-12-06 11:18:43.676 DEBUG 7503 --- [    Test worker] o.apache.tomcat.util.digester.Digester   : [SetPropertiesRule]{mbeans-descriptors/mbean/attribute} Setting property 'writeable' to 'false'
2019-12-06 11:18:43.676 DEBUG 7503 --- [    Test worker] o.apache.tomcat.util.IntrospectionUtils  : IntrospectionUtils: setProperty(class org.apache.tomcat.util.modeler.AttributeInfo writeable=false)
2019-12-06 11:18:43.677 DEBUG 7503 --- [    Test worker] o.apache.tomcat.util.digester.Digester   :   Fire begin() for SetNextRule[methodName=addAttribute, paramType=org.apache.tomcat.util.modeler.AttributeInfo]
2019-12-06 11:18:43.677 DEBUG 7503 --- [    Test worker] o.a.tomcat.util.digester.Digester.sax    : endElement(,,attribute)
2019-12-06 11:18:43.677 DEBUG 7503 --- [    Test worker] o.apache.tomcat.util.digester.Digester   :   match='mbeans-descriptors/mbean/attribute'
2019-12-06 11:18:43.677 DEBUG 7503 --- [    Test worker] o.apache.tomcat.util.digester.Digester   :   bodyText=''
2019-12-06 11:18:43.677 DEBUG 7503 --- [    Test worker] o.apache.tomcat.util.digester.Digester   :   Fire body() for ObjectCreateRule[className=org.apache.tomcat.util.modeler.AttributeInfo, attributeName=null]
2019-12-06 11:18:43.677 DEBUG 7503 --- [    Test worker] o.apache.tomcat.util.digester.Digester   :   Fire body() for SetPropertiesRule[]
2019-12-06 11:18:43.677 DEBUG 7503 --- [    Test worker] o.apache.tomcat.util.digester.Digester   :   Fire body() for SetNextRule[methodName=addAttribute, paramType=org.apache.tomcat.util.modeler.AttributeInfo]
2019-12-06 11:18:43.678 DEBUG 7503 --- [    Test worker] o.apache.tomcat.util.digester.Digester   :   Fire end() for SetNextRule[methodName=addAttribute, paramType=org.apache.tomcat.util.modeler.AttributeInfo]
2019-12-06 11:18:43.678 DEBUG 7503 --- [    Test worker] o.apache.tomcat.util.digester.Digester   : [SetNextRule]{mbeans-descriptors/mbean/attribute} Call org.apache.tomcat.util.modeler.ManagedBean.addAttribute(org.apache.tomcat.util.modeler.AttributeInfo@541750f5)
2019-12-06 11:18:43.678 DEBUG 7503 --- [    Test worker] o.apache.tomcat.util.IntrospectionUtils  : IntrospectionUtils: callMethod1 org.apache.tomcat.util.modeler.ManagedBean org.apache.tomcat.util.modeler.AttributeInfo org.apache.tomcat.util.modeler.AttributeInfo
2019-12-06 11:18:43.678 DEBUG 7503 --- [    Test worker] o.apache.tomcat.util.digester.Digester   :   Fire end() for SetPropertiesRule[]
2019-12-06 11:18:43.678 DEBUG 7503 --- [    Test worker] o.apache.tomcat.util.digester.Digester   :   Fire end() for ObjectCreateRule[className=org.apache.tomcat.util.modeler.AttributeInfo, attributeName=null]
2019-12-06 11:18:43.678 DEBUG 7503 --- [    Test worker] o.apache.tomcat.util.digester.Digester   : [ObjectCreateRule]{mbeans-descriptors/mbean/attribute} Pop org.apache.tomcat.util.modeler.AttributeInfo
2019-12-06 11:18:43.678 DEBUG 7503 --- [    Test worker] o.a.tomcat.util.digester.Digester.sax    : characters(

    )
2019-12-06 11:18:43.679 DEBUG 7503 --- [    Test worker] o.a.tomcat.util.digester.Digester.sax    : startElement(,,attribute)
2019-12-06 11:18:43.679 DEBUG 7503 --- [    Test worker] o.apache.tomcat.util.digester.Digester   :   New match='mbeans-descriptors/mbean/attribute'
2019-12-06 11:18:43.679 DEBUG 7503 --- [    Test worker] o.apache.tomcat.util.digester.Digester   :   Fire begin() for ObjectCreateRule[className=org.apache.tomcat.util.modeler.AttributeInfo, attributeName=null]
2019-12-06 11:18:43.679 DEBUG 7503 --- [    Test worker] o.apache.tomcat.util.digester.Digester   :   Fire begin() for SetPropertiesRule[]
2019-12-06 11:18:43.679 DEBUG 7503 --- [    Test worker] o.apache.tomcat.util.digester.Digester   : [SetPropertiesRule]{mbeans-descriptors/mbean/attribute} Set org.apache.tomcat.util.modeler.AttributeInfo properties
2019-12-06 11:18:43.679 DEBUG 7503 --- [    Test worker] o.apache.tomcat.util.digester.Digester   : [SetPropertiesRule]{mbeans-descriptors/mbean/attribute} Setting property 'name' to 'domain'
2019-12-06 11:18:43.679 DEBUG 7503 --- [    Test worker] o.apache.tomcat.util.IntrospectionUtils  : IntrospectionUtils: setProperty(class org.apache.tomcat.util.modeler.AttributeInfo name=domain)
2019-12-06 11:18:43.679 DEBUG 7503 --- [    Test worker] o.apache.tomcat.util.digester.Digester   : [SetPropertiesRule]{mbeans-descriptors/mbean/attribute} Setting property 'type' to 'java.lang.String'
2019-12-06 11:18:43.680 DEBUG 7503 --- [    Test worker] o.apache.tomcat.util.IntrospectionUtils  : IntrospectionUtils: setProperty(class org.apache.tomcat.util.modeler.AttributeInfo type=java.lang.String)
2019-12-06 11:18:43.680 DEBUG 7503 --- [    Test worker] o.apache.tomcat.util.digester.Digester   :   Fire begin() for SetNextRule[methodName=addAttribute, paramType=org.apache.tomcat.util.modeler.AttributeInfo]
2019-12-06 11:18:43.680 DEBUG 7503 --- [    Test worker] o.a.tomcat.util.digester.Digester.sax    : endElement(,,attribute)
2019-12-06 11:18:43.680 DEBUG 7503 --- [    Test worker] o.apache.tomcat.util.digester.Digester   :   match='mbeans-descriptors/mbean/attribute'
2019-12-06 11:18:43.680 DEBUG 7503 --- [    Test worker] o.apache.tomcat.util.digester.Digester   :   bodyText=''
2019-12-06 11:18:43.680 DEBUG 7503 --- [    Test worker] o.apache.tomcat.util.digester.Digester   :   Fire body() for ObjectCreateRule[className=org.apache.tomcat.util.modeler.AttributeInfo, attributeName=null]
2019-12-06 11:18:43.680 DEBUG 7503 --- [    Test worker] o.apache.tomcat.util.digester.Digester   :   Fire body() for SetPropertiesRule[]
2019-12-06 11:18:43.681 DEBUG 7503 --- [    Test worker] o.apache.tomcat.util.digester.Digester   :   Fire body() for SetNextRule[methodName=addAttribute, paramType=org.apache.tomcat.util.modeler.AttributeInfo]
2019-12-06 11:18:43.681 DEBUG 7503 --- [    Test worker] o.apache.tomcat.util.digester.Digester   :   Fire end() for SetNextRule[methodName=addAttribute, paramType=org.apache.tomcat.util.modeler.AttributeInfo]
2019-12-06 11:18:43.681 DEBUG 7503 --- [    Test worker] o.apache.tomcat.util.digester.Digester   : [SetNextRule]{mbeans-descriptors/mbean/attribute} Call org.apache.tomcat.util.modeler.ManagedBean.addAttribute(org.apache.tomcat.util.modeler.AttributeInfo@4a4b2f35)
2019-12-06 11:18:43.681 DEBUG 7503 --- [    Test worker] o.apache.tomcat.util.IntrospectionUtils  : IntrospectionUtils: callMethod1 org.apache.tomcat.util.modeler.ManagedBean org.apache.tomcat.util.modeler.AttributeInfo org.apache.tomcat.util.modeler.AttributeInfo
2019-12-06 11:18:43.681 DEBUG 7503 --- [    Test worker] o.apache.tomcat.util.digester.Digester   :   Fire end() for SetPropertiesRule[]
2019-12-06 11:18:43.681 DEBUG 7503 --- [    Test worker] o.apache.tomcat.util.digester.Digester   :   Fire end() for ObjectCreateRule[className=org.apache.tomcat.util.modeler.AttributeInfo, attributeName=null]
2019-12-06 11:18:43.681 DEBUG 7503 --- [    Test worker] o.apache.tomcat.util.digester.Digester   : [ObjectCreateRule]{mbeans-descriptors/mbean/attribute} Pop org.apache.tomcat.util.modeler.AttributeInfo
2019-12-06 11:18:43.681 DEBUG 7503 --- [    Test worker] o.a.tomcat.util.digester.Digester.sax    : characters(

    )
2019-12-06 11:18:43.682 DEBUG 7503 --- [    Test worker] o.a.tomcat.util.digester.Digester.sax    : startElement(,,attribute)
2019-12-06 11:18:43.682 DEBUG 7503 --- [    Test worker] o.apache.tomcat.util.digester.Digester   :   New match='mbeans-descriptors/mbean/attribute'
2019-12-06 11:18:43.682 DEBUG 7503 --- [    Test worker] o.apache.tomcat.util.digester.Digester   :   Fire begin() for ObjectCreateRule[className=org.apache.tomcat.util.modeler.AttributeInfo, attributeName=null]
2019-12-06 11:18:43.682 DEBUG 7503 --- [    Test worker] o.apache.tomcat.util.digester.Digester   :   Fire begin() for SetPropertiesRule[]
2019-12-06 11:18:43.682 DEBUG 7503 --- [    Test worker] o.apache.tomcat.util.digester.Digester   : [SetPropertiesRule]{mbeans-descriptors/mbean/attribute} Set org.apache.tomcat.util.modeler.AttributeInfo properties
2019-12-06 11:18:43.682 DEBUG 7503 --- [    Test worker] o.apache.tomcat.util.digester.Digester   : [SetPropertiesRule]{mbeans-descriptors/mbean/attribute} Setting property 'name' to 'executorTerminationTimeoutMillis'
2019-12-06 11:18:43.682 DEBUG 7503 --- [    Test worker] o.apache.tomcat.util.IntrospectionUtils  : IntrospectionUtils: setProperty(class org.apache.tomcat.util.modeler.AttributeInfo name=executorTerminationTimeoutMillis)
2019-12-06 11:18:43.683 DEBUG 7503 --- [    Test worker] o.apache.tomcat.util.digester.Digester   : [SetPropertiesRule]{mbeans-descriptors/mbean/attribute} Setting property 'type' to 'long'
2019-12-06 11:18:43.683 DEBUG 7503 --- [    Test worker] o.apache.tomcat.util.IntrospectionUtils  : IntrospectionUtils: setProperty(class org.apache.tomcat.util.modeler.AttributeInfo type=long)
2019-12-06 11:18:43.683 DEBUG 7503 --- [    Test worker] o.apache.tomcat.util.digester.Digester   :   Fire begin() for SetNextRule[methodName=addAttribute, paramType=org.apache.tomcat.util.modeler.AttributeInfo]
2019-12-06 11:18:43.683 DEBUG 7503 --- [    Test worker] o.a.tomcat.util.digester.Digester.sax    : endElement(,,attribute)
2019-12-06 11:18:43.683 DEBUG 7503 --- [    Test worker] o.apache.tomcat.util.digester.Digester   :   match='mbeans-descriptors/mbean/attribute'
2019-12-06 11:18:43.683 DEBUG 7503 --- [    Test worker] o.apache.tomcat.util.digester.Digester   :   bodyText=''
2019-12-06 11:18:43.683 DEBUG 7503 --- [    Test worker] o.apache.tomcat.util.digester.Digester   :   Fire body() for ObjectCreateRule[className=org.apache.tomcat.util.modeler.AttributeInfo, attributeName=null]
2019-12-06 11:18:43.683 DEBUG 7503 --- [    Test worker] o.apache.tomcat.util.digester.Digester   :   Fire body() for SetPropertiesRule[]
2019-12-06 11:18:43.684 DEBUG 7503 --- [    Test worker] o.apache.tomcat.util.digester.Digester   :   Fire body() for SetNextRule[methodName=addAttribute, paramType=org.apache.tomcat.util.modeler.AttributeInfo]
2019-12-06 11:18:43.684 DEBUG 7503 --- [    Test worker] o.apache.tomcat.util.digester.Digester   :   Fire end() for SetNextRule[methodName=addAttribute, paramType=org.apache.tomcat.util.modeler.AttributeInfo]
2019-12-06 11:18:43.684 DEBUG 7503 --- [    Test worker] o.apache.tomcat.util.digester.Digester   : [SetNextRule]{mbeans-descriptors/mbean/attribute} Call org.apache.tomcat.util.modeler.ManagedBean.addAttribute(org.apache.tomcat.util.modeler.AttributeInfo@2fe7263a)
2019-12-06 11:18:43.684 DEBUG 7503 --- [    Test worker] o.apache.tomcat.util.IntrospectionUtils  : IntrospectionUtils: callMethod1 org.apache.tomcat.util.modeler.ManagedBean org.apache.tomcat.util.modeler.AttributeInfo org.apache.tomcat.util.modeler.AttributeInfo
2019-12-06 11:18:43.684 DEBUG 7503 --- [    Test worker] o.apache.tomcat.util.digester.Digester   :   Fire end() for SetPropertiesRule[]
2019-12-06 11:18:43.684 DEBUG 7503 --- [    Test worker] o.apache.tomcat.util.digester.Digester   :   Fire end() for ObjectCreateRule[className=org.apache.tomcat.util.modeler.AttributeInfo, attributeName=null]
2019-12-06 11:18:43.684 DEBUG 7503 --- [    Test worker] o.apache.tomcat.util.digester.Digester   : [ObjectCreateRule]{mbeans-descriptors/mbean/attribute} Pop org.apache.tomcat.util.modeler.AttributeInfo
2019-12-06 11:18:43.685 DEBUG 7503 --- [    Test worker] o.a.tomcat.util.digester.Digester.sax    : characters(

    )
2019-12-06 11:18:43.685 DEBUG 7503 --- [    Test worker] o.a.tomcat.util.digester.Digester.sax    : startElement(,,attribute)
2019-12-06 11:18:43.685 DEBUG 7503 --- [    Test worker] o.apache.tomcat.util.digester.Digester   :   New match='mbeans-descriptors/mbean/attribute'
2019-12-06 11:18:43.685 DEBUG 7503 --- [    Test worker] o.apache.tomcat.util.digester.Digester   :   Fire begin() for ObjectCreateRule[className=org.apache.tomcat.util.modeler.AttributeInfo, attributeName=null]
2019-12-06 11:18:43.685 DEBUG 7503 --- [    Test worker] o.apache.tomcat.util.digester.Digester   :   Fire begin() for SetPropertiesRule[]
2019-12-06 11:18:43.685 DEBUG 7503 --- [    Test worker] o.apache.tomcat.util.digester.Digester   : [SetPropertiesRule]{mbeans-descriptors/mbean/attribute} Set org.apache.tomcat.util.modeler.AttributeInfo properties
2019-12-06 11:18:43.685 DEBUG 7503 --- [    Test worker] o.apache.tomcat.util.digester.Digester   : [SetPropertiesRule]{mbeans-descriptors/mbean/attribute} Setting property 'name' to 'keepAliveCount'
2019-12-06 11:18:43.686 DEBUG 7503 --- [    Test worker] o.apache.tomcat.util.IntrospectionUtils  : IntrospectionUtils: setProperty(class org.apache.tomcat.util.modeler.AttributeInfo name=keepAliveCount)
2019-12-06 11:18:43.686 DEBUG 7503 --- [    Test worker] o.apache.tomcat.util.digester.Digester   : [SetPropertiesRule]{mbeans-descriptors/mbean/attribute} Setting property 'type' to 'int'
2019-12-06 11:18:43.686 DEBUG 7503 --- [    Test worker] o.apache.tomcat.util.IntrospectionUtils  : IntrospectionUtils: setProperty(class org.apache.tomcat.util.modeler.AttributeInfo type=int)
2019-12-06 11:18:43.686 DEBUG 7503 --- [    Test worker] o.apache.tomcat.util.digester.Digester   : [SetPropertiesRule]{mbeans-descriptors/mbean/attribute} Setting property 'writeable' to 'false'
2019-12-06 11:18:43.686 DEBUG 7503 --- [    Test worker] o.apache.tomcat.util.IntrospectionUtils  : IntrospectionUtils: setProperty(class org.apache.tomcat.util.modeler.AttributeInfo writeable=false)
2019-12-06 11:18:43.686 DEBUG 7503 --- [    Test worker] o.apache.tomcat.util.digester.Digester   :   Fire begin() for SetNextRule[methodName=addAttribute, paramType=org.apache.tomcat.util.modeler.AttributeInfo]
2019-12-06 11:18:43.686 DEBUG 7503 --- [    Test worker] o.a.tomcat.util.digester.Digester.sax    : endElement(,,attribute)
2019-12-06 11:18:43.686 DEBUG 7503 --- [    Test worker] o.apache.tomcat.util.digester.Digester   :   match='mbeans-descriptors/mbean/attribute'
2019-12-06 11:18:43.687 DEBUG 7503 --- [    Test worker] o.apache.tomcat.util.digester.Digester   :   bodyText=''
2019-12-06 11:18:43.687 DEBUG 7503 --- [    Test worker] o.apache.tomcat.util.digester.Digester   :   Fire body() for ObjectCreateRule[className=org.apache.tomcat.util.modeler.AttributeInfo, attributeName=null]
2019-12-06 11:18:43.687 DEBUG 7503 --- [    Test worker] o.apache.tomcat.util.digester.Digester   :   Fire body() for SetPropertiesRule[]
2019-12-06 11:18:43.687 DEBUG 7503 --- [    Test worker] o.apache.tomcat.util.digester.Digester   :   Fire body() for SetNextRule[methodName=addAttribute, paramType=org.apache.tomcat.util.modeler.AttributeInfo]
2019-12-06 11:18:43.687 DEBUG 7503 --- [    Test worker] o.apache.tomcat.util.digester.Digester   :   Fire end() for SetNextRule[methodName=addAttribute, paramType=org.apache.tomcat.util.modeler.AttributeInfo]
2019-12-06 11:18:43.687 DEBUG 7503 --- [    Test worker] o.apache.tomcat.util.digester.Digester   : [SetNextRule]{mbeans-descriptors/mbean/attribute} Call org.apache.tomcat.util.modeler.ManagedBean.addAttribute(org.apache.tomcat.util.modeler.AttributeInfo@dddc624)
2019-12-06 11:18:43.687 DEBUG 7503 --- [    Test worker] o.apache.tomcat.util.IntrospectionUtils  : IntrospectionUtils: callMethod1 org.apache.tomcat.util.modeler.ManagedBean org.apache.tomcat.util.modeler.AttributeInfo org.apache.tomcat.util.modeler.AttributeInfo
2019-12-06 11:18:43.688 DEBUG 7503 --- [    Test worker] o.apache.tomcat.util.digester.Digester   :   Fire end() for SetPropertiesRule[]
2019-12-06 11:18:43.688 DEBUG 7503 --- [    Test worker] o.apache.tomcat.util.digester.Digester   :   Fire end() for ObjectCreateRule[className=org.apache.tomcat.util.modeler.AttributeInfo, attributeName=null]
2019-12-06 11:18:43.688 DEBUG 7503 --- [    Test worker] o.apache.tomcat.util.digester.Digester   : [ObjectCreateRule]{mbeans-descriptors/mbean/attribute} Pop org.apache.tomcat.util.modeler.AttributeInfo
2019-12-06 11:18:43.688 DEBUG 7503 --- [    Test worker] o.a.tomcat.util.digester.Digester.sax    : characters(

    )
2019-12-06 11:18:43.688 DEBUG 7503 --- [    Test worker] o.a.tomcat.util.digester.Digester.sax    : startElement(,,attribute)
2019-12-06 11:18:43.688 DEBUG 7503 --- [    Test worker] o.apache.tomcat.util.digester.Digester   :   New match='mbeans-descriptors/mbean/attribute'
2019-12-06 11:18:43.688 DEBUG 7503 --- [    Test worker] o.apache.tomcat.util.digester.Digester   :   Fire begin() for ObjectCreateRule[className=org.apache.tomcat.util.modeler.AttributeInfo, attributeName=null]
2019-12-06 11:18:43.689 DEBUG 7503 --- [    Test worker] o.apache.tomcat.util.digester.Digester   :   Fire begin() for SetPropertiesRule[]
2019-12-06 11:18:43.689 DEBUG 7503 --- [    Test worker] o.apache.tomcat.util.digester.Digester   : [SetPropertiesRule]{mbeans-descriptors/mbean/attribute} Set org.apache.tomcat.util.modeler.AttributeInfo properties
2019-12-06 11:18:43.689 DEBUG 7503 --- [    Test worker] o.apache.tomcat.util.digester.Digester   : [SetPropertiesRule]{mbeans-descriptors/mbean/attribute} Setting property 'name' to 'keepAliveTimeout'
2019-12-06 11:18:43.689 DEBUG 7503 --- [    Test worker] o.apache.tomcat.util.IntrospectionUtils  : IntrospectionUtils: setProperty(class org.apache.tomcat.util.modeler.AttributeInfo name=keepAliveTimeout)
2019-12-06 11:18:43.689 DEBUG 7503 --- [    Test worker] o.apache.tomcat.util.digester.Digester   : [SetPropertiesRule]{mbeans-descriptors/mbean/attribute} Setting property 'type' to 'int'
2019-12-06 11:18:43.689 DEBUG 7503 --- [    Test worker] o.apache.tomcat.util.IntrospectionUtils  : IntrospectionUtils: setProperty(class org.apache.tomcat.util.modeler.AttributeInfo type=int)
2019-12-06 11:18:43.689 DEBUG 7503 --- [    Test worker] o.apache.tomcat.util.digester.Digester   :   Fire begin() for SetNextRule[methodName=addAttribute, paramType=org.apache.tomcat.util.modeler.AttributeInfo]
2019-12-06 11:18:43.689 DEBUG 7503 --- [    Test worker] o.a.tomcat.util.digester.Digester.sax    : endElement(,,attribute)
2019-12-06 11:18:43.690 DEBUG 7503 --- [    Test worker] o.apache.tomcat.util.digester.Digester   :   match='mbeans-descriptors/mbean/attribute'
2019-12-06 11:18:43.690 DEBUG 7503 --- [    Test worker] o.apache.tomcat.util.digester.Digester   :   bodyText=''
2019-12-06 11:18:43.690 DEBUG 7503 --- [    Test worker] o.apache.tomcat.util.digester.Digester   :   Fire body() for ObjectCreateRule[className=org.apache.tomcat.util.modeler.AttributeInfo, attributeName=null]
2019-12-06 11:18:43.690 DEBUG 7503 --- [    Test worker] o.apache.tomcat.util.digester.Digester   :   Fire body() for SetPropertiesRule[]
2019-12-06 11:18:43.690 DEBUG 7503 --- [    Test worker] o.apache.tomcat.util.digester.Digester   :   Fire body() for SetNextRule[methodName=addAttribute, paramType=org.apache.tomcat.util.modeler.AttributeInfo]
2019-12-06 11:18:43.690 DEBUG 7503 --- [    Test worker] o.apache.tomcat.util.digester.Digester   :   Fire end() for SetNextRule[methodName=addAttribute, paramType=org.apache.tomcat.util.modeler.AttributeInfo]
2019-12-06 11:18:43.690 DEBUG 7503 --- [    Test worker] o.apache.tomcat.util.digester.Digester   : [SetNextRule]{mbeans-descriptors/mbean/attribute} Call org.apache.tomcat.util.modeler.ManagedBean.addAttribute(org.apache.tomcat.util.modeler.AttributeInfo@6323bf92)
2019-12-06 11:18:43.691 DEBUG 7503 --- [    Test worker] o.apache.tomcat.util.IntrospectionUtils  : IntrospectionUtils: callMethod1 org.apache.tomcat.util.modeler.ManagedBean org.apache.tomcat.util.modeler.AttributeInfo org.apache.tomcat.util.modeler.AttributeInfo
2019-12-06 11:18:43.691 DEBUG 7503 --- [    Test worker] o.apache.tomcat.util.digester.Digester   :   Fire end() for SetPropertiesRule[]
2019-12-06 11:18:43.691 DEBUG 7503 --- [    Test worker] o.apache.tomcat.util.digester.Digester   :   Fire end() for ObjectCreateRule[className=org.apache.tomcat.util.modeler.AttributeInfo, attributeName=null]
2019-12-06 11:18:43.691 DEBUG 7503 --- [    Test worker] o.apache.tomcat.util.digester.Digester   : [ObjectCreateRule]{mbeans-descriptors/mbean/attribute} Pop org.apache.tomcat.util.modeler.AttributeInfo
2019-12-06 11:18:43.691 DEBUG 7503 --- [    Test worker] o.a.tomcat.util.digester.Digester.sax    : characters(

    )
2019-12-06 11:18:43.691 DEBUG 7503 --- [    Test worker] o.a.tomcat.util.digester.Digester.sax    : startElement(,,attribute)
2019-12-06 11:18:43.691 DEBUG 7503 --- [    Test worker] o.apache.tomcat.util.digester.Digester   :   New match='mbeans-descriptors/mbean/attribute'
2019-12-06 11:18:43.692 DEBUG 7503 --- [    Test worker] o.apache.tomcat.util.digester.Digester   :   Fire begin() for ObjectCreateRule[className=org.apache.tomcat.util.modeler.AttributeInfo, attributeName=null]
2019-12-06 11:18:43.692 DEBUG 7503 --- [    Test worker] o.apache.tomcat.util.digester.Digester   :   Fire begin() for SetPropertiesRule[]
2019-12-06 11:18:43.692 DEBUG 7503 --- [    Test worker] o.apache.tomcat.util.digester.Digester   : [SetPropertiesRule]{mbeans-descriptors/mbean/attribute} Set org.apache.tomcat.util.modeler.AttributeInfo properties
2019-12-06 11:18:43.692 DEBUG 7503 --- [    Test worker] o.apache.tomcat.util.digester.Digester   : [SetPropertiesRule]{mbeans-descriptors/mbean/attribute} Setting property 'name' to 'localPort'
2019-12-06 11:18:43.692 DEBUG 7503 --- [    Test worker] o.apache.tomcat.util.IntrospectionUtils  : IntrospectionUtils: setProperty(class org.apache.tomcat.util.modeler.AttributeInfo name=localPort)
2019-12-06 11:18:43.692 DEBUG 7503 --- [    Test worker] o.apache.tomcat.util.digester.Digester   : [SetPropertiesRule]{mbeans-descriptors/mbean/attribute} Setting property 'type' to 'int'
2019-12-06 11:18:43.692 DEBUG 7503 --- [    Test worker] o.apache.tomcat.util.IntrospectionUtils  : IntrospectionUtils: setProperty(class org.apache.tomcat.util.modeler.AttributeInfo type=int)
2019-12-06 11:18:43.692 DEBUG 7503 --- [    Test worker] o.apache.tomcat.util.digester.Digester   : [SetPropertiesRule]{mbeans-descriptors/mbean/attribute} Setting property 'writeable' to 'false'
2019-12-06 11:18:43.693 DEBUG 7503 --- [    Test worker] o.apache.tomcat.util.IntrospectionUtils  : IntrospectionUtils: setProperty(class org.apache.tomcat.util.modeler.AttributeInfo writeable=false)
2019-12-06 11:18:43.693 DEBUG 7503 --- [    Test worker] o.apache.tomcat.util.digester.Digester   :   Fire begin() for SetNextRule[methodName=addAttribute, paramType=org.apache.tomcat.util.modeler.AttributeInfo]
2019-12-06 11:18:43.693 DEBUG 7503 --- [    Test worker] o.a.tomcat.util.digester.Digester.sax    : endElement(,,attribute)
2019-12-06 11:18:43.693 DEBUG 7503 --- [    Test worker] o.apache.tomcat.util.digester.Digester   :   match='mbeans-descriptors/mbean/attribute'
2019-12-06 11:18:43.693 DEBUG 7503 --- [    Test worker] o.apache.tomcat.util.digester.Digester   :   bodyText=''
2019-12-06 11:18:43.693 DEBUG 7503 --- [    Test worker] o.apache.tomcat.util.digester.Digester   :   Fire body() for ObjectCreateRule[className=org.apache.tomcat.util.modeler.AttributeInfo, attributeName=null]
2019-12-06 11:18:43.693 DEBUG 7503 --- [    Test worker] o.apache.tomcat.util.digester.Digester   :   Fire body() for SetPropertiesRule[]
2019-12-06 11:18:43.694 DEBUG 7503 --- [    Test worker] o.apache.tomcat.util.digester.Digester   :   Fire body() for SetNextRule[methodName=addAttribute, paramType=org.apache.tomcat.util.modeler.AttributeInfo]
2019-12-06 11:18:43.694 DEBUG 7503 --- [    Test worker] o.apache.tomcat.util.digester.Digester   :   Fire end() for SetNextRule[methodName=addAttribute, paramType=org.apache.tomcat.util.modeler.AttributeInfo]
2019-12-06 11:18:43.694 DEBUG 7503 --- [    Test worker] o.apache.tomcat.util.digester.Digester   : [SetNextRule]{mbeans-descriptors/mbean/attribute} Call org.apache.tomcat.util.modeler.ManagedBean.addAttribute(org.apache.tomcat.util.modeler.AttributeInfo@70821644)
2019-12-06 11:18:43.694 DEBUG 7503 --- [    Test worker] o.apache.tomcat.util.IntrospectionUtils  : IntrospectionUtils: callMethod1 org.apache.tomcat.util.modeler.ManagedBean org.apache.tomcat.util.modeler.AttributeInfo org.apache.tomcat.util.modeler.AttributeInfo
2019-12-06 11:18:43.694 DEBUG 7503 --- [    Test worker] o.apache.tomcat.util.digester.Digester   :   Fire end() for SetPropertiesRule[]
2019-12-06 11:18:43.694 DEBUG 7503 --- [    Test worker] o.apache.tomcat.util.digester.Digester   :   Fire end() for ObjectCreateRule[className=org.apache.tomcat.util.modeler.AttributeInfo, attributeName=null]
2019-12-06 11:18:43.694 DEBUG 7503 --- [    Test worker] o.apache.tomcat.util.digester.Digester   : [ObjectCreateRule]{mbeans-descriptors/mbean/attribute} Pop org.apache.tomcat.util.modeler.AttributeInfo
2019-12-06 11:18:43.694 DEBUG 7503 --- [    Test worker] o.a.tomcat.util.digester.Digester.sax    : characters(

    )
2019-12-06 11:18:43.695 DEBUG 7503 --- [    Test worker] o.a.tomcat.util.digester.Digester.sax    : startElement(,,attribute)
2019-12-06 11:18:43.695 DEBUG 7503 --- [    Test worker] o.apache.tomcat.util.digester.Digester   :   New match='mbeans-descriptors/mbean/attribute'
2019-12-06 11:18:43.695 DEBUG 7503 --- [    Test worker] o.apache.tomcat.util.digester.Digester   :   Fire begin() for ObjectCreateRule[className=org.apache.tomcat.util.modeler.AttributeInfo, attributeName=null]
2019-12-06 11:18:43.695 DEBUG 7503 --- [    Test worker] o.apache.tomcat.util.digester.Digester   :   Fire begin() for SetPropertiesRule[]
2019-12-06 11:18:43.695 DEBUG 7503 --- [    Test worker] o.apache.tomcat.util.digester.Digester   : [SetPropertiesRule]{mbeans-descriptors/mbean/attribute} Set org.apache.tomcat.util.modeler.AttributeInfo properties
2019-12-06 11:18:43.695 DEBUG 7503 --- [    Test worker] o.apache.tomcat.util.digester.Digester   : [SetPropertiesRule]{mbeans-descriptors/mbean/attribute} Setting property 'name' to 'maxConnections'
2019-12-06 11:18:43.695 DEBUG 7503 --- [    Test worker] o.apache.tomcat.util.IntrospectionUtils  : IntrospectionUtils: setProperty(class org.apache.tomcat.util.modeler.AttributeInfo name=maxConnections)
2019-12-06 11:18:43.696 DEBUG 7503 --- [    Test worker] o.apache.tomcat.util.digester.Digester   : [SetPropertiesRule]{mbeans-descriptors/mbean/attribute} Setting property 'type' to 'int'
2019-12-06 11:18:43.696 DEBUG 7503 --- [    Test worker] o.apache.tomcat.util.IntrospectionUtils  : IntrospectionUtils: setProperty(class org.apache.tomcat.util.modeler.AttributeInfo type=int)
2019-12-06 11:18:43.696 DEBUG 7503 --- [    Test worker] o.apache.tomcat.util.digester.Digester   :   Fire begin() for SetNextRule[methodName=addAttribute, paramType=org.apache.tomcat.util.modeler.AttributeInfo]
2019-12-06 11:18:43.696 DEBUG 7503 --- [    Test worker] o.a.tomcat.util.digester.Digester.sax    : endElement(,,attribute)
2019-12-06 11:18:43.696 DEBUG 7503 --- [    Test worker] o.apache.tomcat.util.digester.Digester   :   match='mbeans-descriptors/mbean/attribute'
2019-12-06 11:18:43.696 DEBUG 7503 --- [    Test worker] o.apache.tomcat.util.digester.Digester   :   bodyText=''
2019-12-06 11:18:43.696 DEBUG 7503 --- [    Test worker] o.apache.tomcat.util.digester.Digester   :   Fire body() for ObjectCreateRule[className=org.apache.tomcat.util.modeler.AttributeInfo, attributeName=null]
2019-12-06 11:18:43.697 DEBUG 7503 --- [    Test worker] o.apache.tomcat.util.digester.Digester   :   Fire body() for SetPropertiesRule[]
2019-12-06 11:18:43.697 DEBUG 7503 --- [    Test worker] o.apache.tomcat.util.digester.Digester   :   Fire body() for SetNextRule[methodName=addAttribute, paramType=org.apache.tomcat.util.modeler.AttributeInfo]
2019-12-06 11:18:43.697 DEBUG 7503 --- [    Test worker] o.apache.tomcat.util.digester.Digester   :   Fire end() for SetNextRule[methodName=addAttribute, paramType=org.apache.tomcat.util.modeler.AttributeInfo]
2019-12-06 11:18:43.697 DEBUG 7503 --- [    Test worker] o.apache.tomcat.util.digester.Digester   : [SetNextRule]{mbeans-descriptors/mbean/attribute} Call org.apache.tomcat.util.modeler.ManagedBean.addAttribute(org.apache.tomcat.util.modeler.AttributeInfo@66c23898)
2019-12-06 11:18:43.697 DEBUG 7503 --- [    Test worker] o.apache.tomcat.util.IntrospectionUtils  : IntrospectionUtils: callMethod1 org.apache.tomcat.util.modeler.ManagedBean org.apache.tomcat.util.modeler.AttributeInfo org.apache.tomcat.util.modeler.AttributeInfo
2019-12-06 11:18:43.697 DEBUG 7503 --- [    Test worker] o.apache.tomcat.util.digester.Digester   :   Fire end() for SetPropertiesRule[]
2019-12-06 11:18:43.697 DEBUG 7503 --- [    Test worker] o.apache.tomcat.util.digester.Digester   :   Fire end() for ObjectCreateRule[className=org.apache.tomcat.util.modeler.AttributeInfo, attributeName=null]
2019-12-06 11:18:43.697 DEBUG 7503 --- [    Test worker] o.apache.tomcat.util.digester.Digester   : [ObjectCreateRule]{mbeans-descriptors/mbean/attribute} Pop org.apache.tomcat.util.modeler.AttributeInfo
2019-12-06 11:18:43.698 DEBUG 7503 --- [    Test worker] o.a.tomcat.util.digester.Digester.sax    : characters(

    )
2019-12-06 11:18:43.698 DEBUG 7503 --- [    Test worker] o.a.tomcat.util.digester.Digester.sax    : startElement(,,attribute)
2019-12-06 11:18:43.698 DEBUG 7503 --- [    Test worker] o.apache.tomcat.util.digester.Digester   :   New match='mbeans-descriptors/mbean/attribute'
2019-12-06 11:18:43.698 DEBUG 7503 --- [    Test worker] o.apache.tomcat.util.digester.Digester   :   Fire begin() for ObjectCreateRule[className=org.apache.tomcat.util.modeler.AttributeInfo, attributeName=null]
2019-12-06 11:18:43.698 DEBUG 7503 --- [    Test worker] o.apache.tomcat.util.digester.Digester   :   Fire begin() for SetPropertiesRule[]
2019-12-06 11:18:43.698 DEBUG 7503 --- [    Test worker] o.apache.tomcat.util.digester.Digester   : [SetPropertiesRule]{mbeans-descriptors/mbean/attribute} Set org.apache.tomcat.util.modeler.AttributeInfo properties
2019-12-06 11:18:43.698 DEBUG 7503 --- [    Test worker] o.apache.tomcat.util.digester.Digester   : [SetPropertiesRule]{mbeans-descriptors/mbean/attribute} Setting property 'name' to 'maxKeepAliveRequests'
2019-12-06 11:18:43.699 DEBUG 7503 --- [    Test worker] o.apache.tomcat.util.IntrospectionUtils  : IntrospectionUtils: setProperty(class org.apache.tomcat.util.modeler.AttributeInfo name=maxKeepAliveRequests)
2019-12-06 11:18:43.699 DEBUG 7503 --- [    Test worker] o.apache.tomcat.util.digester.Digester   : [SetPropertiesRule]{mbeans-descriptors/mbean/attribute} Setting property 'type' to 'int'
2019-12-06 11:18:43.699 DEBUG 7503 --- [    Test worker] o.apache.tomcat.util.IntrospectionUtils  : IntrospectionUtils: setProperty(class org.apache.tomcat.util.modeler.AttributeInfo type=int)
2019-12-06 11:18:43.699 DEBUG 7503 --- [    Test worker] o.apache.tomcat.util.digester.Digester   :   Fire begin() for SetNextRule[methodName=addAttribute, paramType=org.apache.tomcat.util.modeler.AttributeInfo]
2019-12-06 11:18:43.699 DEBUG 7503 --- [    Test worker] o.a.tomcat.util.digester.Digester.sax    : endElement(,,attribute)
2019-12-06 11:18:43.699 DEBUG 7503 --- [    Test worker] o.apache.tomcat.util.digester.Digester   :   match='mbeans-descriptors/mbean/attribute'
2019-12-06 11:18:43.699 DEBUG 7503 --- [    Test worker] o.apache.tomcat.util.digester.Digester   :   bodyText=''
2019-12-06 11:18:43.699 DEBUG 7503 --- [    Test worker] o.apache.tomcat.util.digester.Digester   :   Fire body() for ObjectCreateRule[className=org.apache.tomcat.util.modeler.AttributeInfo, attributeName=null]
2019-12-06 11:18:43.700 DEBUG 7503 --- [    Test worker] o.apache.tomcat.util.digester.Digester   :   Fire body() for SetPropertiesRule[]
2019-12-06 11:18:43.700 DEBUG 7503 --- [    Test worker] o.apache.tomcat.util.digester.Digester   :   Fire body() for SetNextRule[methodName=addAttribute, paramType=org.apache.tomcat.util.modeler.AttributeInfo]
2019-12-06 11:18:43.700 DEBUG 7503 --- [    Test worker] o.apache.tomcat.util.digester.Digester   :   Fire end() for SetNextRule[methodName=addAttribute, paramType=org.apache.tomcat.util.modeler.AttributeInfo]
2019-12-06 11:18:43.700 DEBUG 7503 --- [    Test worker] o.apache.tomcat.util.digester.Digester   : [SetNextRule]{mbeans-descriptors/mbean/attribute} Call org.apache.tomcat.util.modeler.ManagedBean.addAttribute(org.apache.tomcat.util.modeler.AttributeInfo@54d2e82)
2019-12-06 11:18:43.700 DEBUG 7503 --- [    Test worker] o.apache.tomcat.util.IntrospectionUtils  : IntrospectionUtils: callMethod1 org.apache.tomcat.util.modeler.ManagedBean org.apache.tomcat.util.modeler.AttributeInfo org.apache.tomcat.util.modeler.AttributeInfo
2019-12-06 11:18:43.700 DEBUG 7503 --- [    Test worker] o.apache.tomcat.util.digester.Digester   :   Fire end() for SetPropertiesRule[]
2019-12-06 11:18:43.700 DEBUG 7503 --- [    Test worker] o.apache.tomcat.util.digester.Digester   :   Fire end() for ObjectCreateRule[className=org.apache.tomcat.util.modeler.AttributeInfo, attributeName=null]
2019-12-06 11:18:43.701 DEBUG 7503 --- [    Test worker] o.apache.tomcat.util.digester.Digester   : [ObjectCreateRule]{mbeans-descriptors/mbean/attribute} Pop org.apache.tomcat.util.modeler.AttributeInfo
2019-12-06 11:18:43.701 DEBUG 7503 --- [    Test worker] o.a.tomcat.util.digester.Digester.sax    : characters(

    )
2019-12-06 11:18:43.701 DEBUG 7503 --- [    Test worker] o.a.tomcat.util.digester.Digester.sax    : startElement(,,attribute)
2019-12-06 11:18:43.701 DEBUG 7503 --- [    Test worker] o.apache.tomcat.util.digester.Digester   :   New match='mbeans-descriptors/mbean/attribute'
2019-12-06 11:18:43.701 DEBUG 7503 --- [    Test worker] o.apache.tomcat.util.digester.Digester   :   Fire begin() for ObjectCreateRule[className=org.apache.tomcat.util.modeler.AttributeInfo, attributeName=null]
2019-12-06 11:18:43.701 DEBUG 7503 --- [    Test worker] o.apache.tomcat.util.digester.Digester   :   Fire begin() for SetPropertiesRule[]
2019-12-06 11:18:43.701 DEBUG 7503 --- [    Test worker] o.apache.tomcat.util.digester.Digester   : [SetPropertiesRule]{mbeans-descriptors/mbean/attribute} Set org.apache.tomcat.util.modeler.AttributeInfo properties
2019-12-06 11:18:43.702 DEBUG 7503 --- [    Test worker] o.apache.tomcat.util.digester.Digester   : [SetPropertiesRule]{mbeans-descriptors/mbean/attribute} Setting property 'name' to 'maxThreads'
2019-12-06 11:18:43.702 DEBUG 7503 --- [    Test worker] o.apache.tomcat.util.IntrospectionUtils  : IntrospectionUtils: setProperty(class org.apache.tomcat.util.modeler.AttributeInfo name=maxThreads)
2019-12-06 11:18:43.702 DEBUG 7503 --- [    Test worker] o.apache.tomcat.util.digester.Digester   : [SetPropertiesRule]{mbeans-descriptors/mbean/attribute} Setting property 'type' to 'int'
2019-12-06 11:18:43.702 DEBUG 7503 --- [    Test worker] o.apache.tomcat.util.IntrospectionUtils  : IntrospectionUtils: setProperty(class org.apache.tomcat.util.modeler.AttributeInfo type=int)
2019-12-06 11:18:43.702 DEBUG 7503 --- [    Test worker] o.apache.tomcat.util.digester.Digester   :   Fire begin() for SetNextRule[methodName=addAttribute, paramType=org.apache.tomcat.util.modeler.AttributeInfo]
2019-12-06 11:18:43.702 DEBUG 7503 --- [    Test worker] o.a.tomcat.util.digester.Digester.sax    : endElement(,,attribute)
2019-12-06 11:18:43.702 DEBUG 7503 --- [    Test worker] o.apache.tomcat.util.digester.Digester   :   match='mbeans-descriptors/mbean/attribute'
2019-12-06 11:18:43.703 DEBUG 7503 --- [    Test worker] o.apache.tomcat.util.digester.Digester   :   bodyText=''
2019-12-06 11:18:43.703 DEBUG 7503 --- [    Test worker] o.apache.tomcat.util.digester.Digester   :   Fire body() for ObjectCreateRule[className=org.apache.tomcat.util.modeler.AttributeInfo, attributeName=null]
2019-12-06 11:18:43.703 DEBUG 7503 --- [    Test worker] o.apache.tomcat.util.digester.Digester   :   Fire body() for SetPropertiesRule[]
2019-12-06 11:18:43.703 DEBUG 7503 --- [    Test worker] o.apache.tomcat.util.digester.Digester   :   Fire body() for SetNextRule[methodName=addAttribute, paramType=org.apache.tomcat.util.modeler.AttributeInfo]
2019-12-06 11:18:43.703 DEBUG 7503 --- [    Test worker] o.apache.tomcat.util.digester.Digester   :   Fire end() for SetNextRule[methodName=addAttribute, paramType=org.apache.tomcat.util.modeler.AttributeInfo]
2019-12-06 11:18:43.703 DEBUG 7503 --- [    Test worker] o.apache.tomcat.util.digester.Digester   : [SetNextRule]{mbeans-descriptors/mbean/attribute} Call org.apache.tomcat.util.modeler.ManagedBean.addAttribute(org.apache.tomcat.util.modeler.AttributeInfo@7b6cce96)
2019-12-06 11:18:43.703 DEBUG 7503 --- [    Test worker] o.apache.tomcat.util.IntrospectionUtils  : IntrospectionUtils: callMethod1 org.apache.tomcat.util.modeler.ManagedBean org.apache.tomcat.util.modeler.AttributeInfo org.apache.tomcat.util.modeler.AttributeInfo
2019-12-06 11:18:43.703 DEBUG 7503 --- [    Test worker] o.apache.tomcat.util.digester.Digester   :   Fire end() for SetPropertiesRule[]
2019-12-06 11:18:43.704 DEBUG 7503 --- [    Test worker] o.apache.tomcat.util.digester.Digester   :   Fire end() for ObjectCreateRule[className=org.apache.tomcat.util.modeler.AttributeInfo, attributeName=null]
2019-12-06 11:18:43.704 DEBUG 7503 --- [    Test worker] o.apache.tomcat.util.digester.Digester   : [ObjectCreateRule]{mbeans-descriptors/mbean/attribute} Pop org.apache.tomcat.util.modeler.AttributeInfo
2019-12-06 11:18:43.704 DEBUG 7503 --- [    Test worker] o.a.tomcat.util.digester.Digester.sax    : characters(

    )
2019-12-06 11:18:43.704 DEBUG 7503 --- [    Test worker] o.a.tomcat.util.digester.Digester.sax    : startElement(,,attribute)
2019-12-06 11:18:43.704 DEBUG 7503 --- [    Test worker] o.apache.tomcat.util.digester.Digester   :   New match='mbeans-descriptors/mbean/attribute'
2019-12-06 11:18:43.704 DEBUG 7503 --- [    Test worker] o.apache.tomcat.util.digester.Digester   :   Fire begin() for ObjectCreateRule[className=org.apache.tomcat.util.modeler.AttributeInfo, attributeName=null]
2019-12-06 11:18:43.704 DEBUG 7503 --- [    Test worker] o.apache.tomcat.util.digester.Digester   :   Fire begin() for SetPropertiesRule[]
2019-12-06 11:18:43.705 DEBUG 7503 --- [    Test worker] o.apache.tomcat.util.digester.Digester   : [SetPropertiesRule]{mbeans-descriptors/mbean/attribute} Set org.apache.tomcat.util.modeler.AttributeInfo properties
2019-12-06 11:18:43.705 DEBUG 7503 --- [    Test worker] o.apache.tomcat.util.digester.Digester   : [SetPropertiesRule]{mbeans-descriptors/mbean/attribute} Setting property 'name' to 'minSpareThreads'
2019-12-06 11:18:43.705 DEBUG 7503 --- [    Test worker] o.apache.tomcat.util.IntrospectionUtils  : IntrospectionUtils: setProperty(class org.apache.tomcat.util.modeler.AttributeInfo name=minSpareThreads)
2019-12-06 11:18:43.705 DEBUG 7503 --- [    Test worker] o.apache.tomcat.util.digester.Digester   : [SetPropertiesRule]{mbeans-descriptors/mbean/attribute} Setting property 'type' to 'int'
2019-12-06 11:18:43.705 DEBUG 7503 --- [    Test worker] o.apache.tomcat.util.IntrospectionUtils  : IntrospectionUtils: setProperty(class org.apache.tomcat.util.modeler.AttributeInfo type=int)
2019-12-06 11:18:43.705 DEBUG 7503 --- [    Test worker] o.apache.tomcat.util.digester.Digester   :   Fire begin() for SetNextRule[methodName=addAttribute, paramType=org.apache.tomcat.util.modeler.AttributeInfo]
2019-12-06 11:18:43.705 DEBUG 7503 --- [    Test worker] o.a.tomcat.util.digester.Digester.sax    : endElement(,,attribute)
2019-12-06 11:18:43.706 DEBUG 7503 --- [    Test worker] o.apache.tomcat.util.digester.Digester   :   match='mbeans-descriptors/mbean/attribute'
2019-12-06 11:18:43.706 DEBUG 7503 --- [    Test worker] o.apache.tomcat.util.digester.Digester   :   bodyText=''
2019-12-06 11:18:43.706 DEBUG 7503 --- [    Test worker] o.apache.tomcat.util.digester.Digester   :   Fire body() for ObjectCreateRule[className=org.apache.tomcat.util.modeler.AttributeInfo, attributeName=null]
2019-12-06 11:18:43.706 DEBUG 7503 --- [    Test worker] o.apache.tomcat.util.digester.Digester   :   Fire body() for SetPropertiesRule[]
2019-12-06 11:18:43.706 DEBUG 7503 --- [    Test worker] o.apache.tomcat.util.digester.Digester   :   Fire body() for SetNextRule[methodName=addAttribute, paramType=org.apache.tomcat.util.modeler.AttributeInfo]
2019-12-06 11:18:43.706 DEBUG 7503 --- [    Test worker] o.apache.tomcat.util.digester.Digester   :   Fire end() for SetNextRule[methodName=addAttribute, paramType=org.apache.tomcat.util.modeler.AttributeInfo]
2019-12-06 11:18:43.706 DEBUG 7503 --- [    Test worker] o.apache.tomcat.util.digester.Digester   : [SetNextRule]{mbeans-descriptors/mbean/attribute} Call org.apache.tomcat.util.modeler.ManagedBean.addAttribute(org.apache.tomcat.util.modeler.AttributeInfo@1b3cc789)
2019-12-06 11:18:43.706 DEBUG 7503 --- [    Test worker] o.apache.tomcat.util.IntrospectionUtils  : IntrospectionUtils: callMethod1 org.apache.tomcat.util.modeler.ManagedBean org.apache.tomcat.util.modeler.AttributeInfo org.apache.tomcat.util.modeler.AttributeInfo
2019-12-06 11:18:43.707 DEBUG 7503 --- [    Test worker] o.apache.tomcat.util.digester.Digester   :   Fire end() for SetPropertiesRule[]
2019-12-06 11:18:43.707 DEBUG 7503 --- [    Test worker] o.apache.tomcat.util.digester.Digester   :   Fire end() for ObjectCreateRule[className=org.apache.tomcat.util.modeler.AttributeInfo, attributeName=null]
2019-12-06 11:18:43.707 DEBUG 7503 --- [    Test worker] o.apache.tomcat.util.digester.Digester   : [ObjectCreateRule]{mbeans-descriptors/mbean/attribute} Pop org.apache.tomcat.util.modeler.AttributeInfo
2019-12-06 11:18:43.707 DEBUG 7503 --- [    Test worker] o.a.tomcat.util.digester.Digester.sax    : characters(

    )
2019-12-06 11:18:43.707 DEBUG 7503 --- [    Test worker] o.a.tomcat.util.digester.Digester.sax    : startElement(,,attribute)
2019-12-06 11:18:43.707 DEBUG 7503 --- [    Test worker] o.apache.tomcat.util.digester.Digester   :   New match='mbeans-descriptors/mbean/attribute'
2019-12-06 11:18:43.707 DEBUG 7503 --- [    Test worker] o.apache.tomcat.util.digester.Digester   :   Fire begin() for ObjectCreateRule[className=org.apache.tomcat.util.modeler.AttributeInfo, attributeName=null]
2019-12-06 11:18:43.708 DEBUG 7503 --- [    Test worker] o.apache.tomcat.util.digester.Digester   :   Fire begin() for SetPropertiesRule[]
2019-12-06 11:18:43.708 DEBUG 7503 --- [    Test worker] o.apache.tomcat.util.digester.Digester   : [SetPropertiesRule]{mbeans-descriptors/mbean/attribute} Set org.apache.tomcat.util.modeler.AttributeInfo properties
2019-12-06 11:18:43.708 DEBUG 7503 --- [    Test worker] o.apache.tomcat.util.digester.Digester   : [SetPropertiesRule]{mbeans-descriptors/mbean/attribute} Setting property 'name' to 'modelerType'
2019-12-06 11:18:43.708 DEBUG 7503 --- [    Test worker] o.apache.tomcat.util.IntrospectionUtils  : IntrospectionUtils: setProperty(class org.apache.tomcat.util.modeler.AttributeInfo name=modelerType)
2019-12-06 11:18:43.708 DEBUG 7503 --- [    Test worker] o.apache.tomcat.util.digester.Digester   : [SetPropertiesRule]{mbeans-descriptors/mbean/attribute} Setting property 'type' to 'java.lang.String'
2019-12-06 11:18:43.708 DEBUG 7503 --- [    Test worker] o.apache.tomcat.util.IntrospectionUtils  : IntrospectionUtils: setProperty(class org.apache.tomcat.util.modeler.AttributeInfo type=java.lang.String)
2019-12-06 11:18:43.708 DEBUG 7503 --- [    Test worker] o.apache.tomcat.util.digester.Digester   : [SetPropertiesRule]{mbeans-descriptors/mbean/attribute} Setting property 'writeable' to 'false'
2019-12-06 11:18:43.708 DEBUG 7503 --- [    Test worker] o.apache.tomcat.util.IntrospectionUtils  : IntrospectionUtils: setProperty(class org.apache.tomcat.util.modeler.AttributeInfo writeable=false)
2019-12-06 11:18:43.709 DEBUG 7503 --- [    Test worker] o.apache.tomcat.util.digester.Digester   :   Fire begin() for SetNextRule[methodName=addAttribute, paramType=org.apache.tomcat.util.modeler.AttributeInfo]
2019-12-06 11:18:43.709 DEBUG 7503 --- [    Test worker] o.a.tomcat.util.digester.Digester.sax    : endElement(,,attribute)
2019-12-06 11:18:43.709 DEBUG 7503 --- [    Test worker] o.apache.tomcat.util.digester.Digester   :   match='mbeans-descriptors/mbean/attribute'
2019-12-06 11:18:43.709 DEBUG 7503 --- [    Test worker] o.apache.tomcat.util.digester.Digester   :   bodyText=''
2019-12-06 11:18:43.709 DEBUG 7503 --- [    Test worker] o.apache.tomcat.util.digester.Digester   :   Fire body() for ObjectCreateRule[className=org.apache.tomcat.util.modeler.AttributeInfo, attributeName=null]
2019-12-06 11:18:43.709 DEBUG 7503 --- [    Test worker] o.apache.tomcat.util.digester.Digester   :   Fire body() for SetPropertiesRule[]
2019-12-06 11:18:43.709 DEBUG 7503 --- [    Test worker] o.apache.tomcat.util.digester.Digester   :   Fire body() for SetNextRule[methodName=addAttribute, paramType=org.apache.tomcat.util.modeler.AttributeInfo]
2019-12-06 11:18:43.710 DEBUG 7503 --- [    Test worker] o.apache.tomcat.util.digester.Digester   :   Fire end() for SetNextRule[methodName=addAttribute, paramType=org.apache.tomcat.util.modeler.AttributeInfo]
2019-12-06 11:18:43.710 DEBUG 7503 --- [    Test worker] o.apache.tomcat.util.digester.Digester   : [SetNextRule]{mbeans-descriptors/mbean/attribute} Call org.apache.tomcat.util.modeler.ManagedBean.addAttribute(org.apache.tomcat.util.modeler.AttributeInfo@6ccd3a8e)
2019-12-06 11:18:43.710 DEBUG 7503 --- [    Test worker] o.apache.tomcat.util.IntrospectionUtils  : IntrospectionUtils: callMethod1 org.apache.tomcat.util.modeler.ManagedBean org.apache.tomcat.util.modeler.AttributeInfo org.apache.tomcat.util.modeler.AttributeInfo
2019-12-06 11:18:43.710 DEBUG 7503 --- [    Test worker] o.apache.tomcat.util.digester.Digester   :   Fire end() for SetPropertiesRule[]
2019-12-06 11:18:43.710 DEBUG 7503 --- [    Test worker] o.apache.tomcat.util.digester.Digester   :   Fire end() for ObjectCreateRule[className=org.apache.tomcat.util.modeler.AttributeInfo, attributeName=null]
2019-12-06 11:18:43.710 DEBUG 7503 --- [    Test worker] o.apache.tomcat.util.digester.Digester   : [ObjectCreateRule]{mbeans-descriptors/mbean/attribute} Pop org.apache.tomcat.util.modeler.AttributeInfo
2019-12-06 11:18:43.710 DEBUG 7503 --- [    Test worker] o.a.tomcat.util.digester.Digester.sax    : characters(

    )
2019-12-06 11:18:43.711 DEBUG 7503 --- [    Test worker] o.a.tomcat.util.digester.Digester.sax    : startElement(,,attribute)
2019-12-06 11:18:43.711 DEBUG 7503 --- [    Test worker] o.apache.tomcat.util.digester.Digester   :   New match='mbeans-descriptors/mbean/attribute'
2019-12-06 11:18:43.711 DEBUG 7503 --- [    Test worker] o.apache.tomcat.util.digester.Digester   :   Fire begin() for ObjectCreateRule[className=org.apache.tomcat.util.modeler.AttributeInfo, attributeName=null]
2019-12-06 11:18:43.711 DEBUG 7503 --- [    Test worker] o.apache.tomcat.util.digester.Digester   :   Fire begin() for SetPropertiesRule[]
2019-12-06 11:18:43.711 DEBUG 7503 --- [    Test worker] o.apache.tomcat.util.digester.Digester   : [SetPropertiesRule]{mbeans-descriptors/mbean/attribute} Set org.apache.tomcat.util.modeler.AttributeInfo properties
2019-12-06 11:18:43.711 DEBUG 7503 --- [    Test worker] o.apache.tomcat.util.digester.Digester   : [SetPropertiesRule]{mbeans-descriptors/mbean/attribute} Setting property 'name' to 'name'
2019-12-06 11:18:43.711 DEBUG 7503 --- [    Test worker] o.apache.tomcat.util.IntrospectionUtils  : IntrospectionUtils: setProperty(class org.apache.tomcat.util.modeler.AttributeInfo name=name)
2019-12-06 11:18:43.712 DEBUG 7503 --- [    Test worker] o.apache.tomcat.util.digester.Digester   : [SetPropertiesRule]{mbeans-descriptors/mbean/attribute} Setting property 'type' to 'java.lang.String'
2019-12-06 11:18:43.712 DEBUG 7503 --- [    Test worker] o.apache.tomcat.util.IntrospectionUtils  : IntrospectionUtils: setProperty(class org.apache.tomcat.util.modeler.AttributeInfo type=java.lang.String)
2019-12-06 11:18:43.712 DEBUG 7503 --- [    Test worker] o.apache.tomcat.util.digester.Digester   :   Fire begin() for SetNextRule[methodName=addAttribute, paramType=org.apache.tomcat.util.modeler.AttributeInfo]
2019-12-06 11:18:43.712 DEBUG 7503 --- [    Test worker] o.a.tomcat.util.digester.Digester.sax    : endElement(,,attribute)
2019-12-06 11:18:43.712 DEBUG 7503 --- [    Test worker] o.apache.tomcat.util.digester.Digester   :   match='mbeans-descriptors/mbean/attribute'
2019-12-06 11:18:43.712 DEBUG 7503 --- [    Test worker] o.apache.tomcat.util.digester.Digester   :   bodyText=''
2019-12-06 11:18:43.712 DEBUG 7503 --- [    Test worker] o.apache.tomcat.util.digester.Digester   :   Fire body() for ObjectCreateRule[className=org.apache.tomcat.util.modeler.AttributeInfo, attributeName=null]
2019-12-06 11:18:43.712 DEBUG 7503 --- [    Test worker] o.apache.tomcat.util.digester.Digester   :   Fire body() for SetPropertiesRule[]
2019-12-06 11:18:43.713 DEBUG 7503 --- [    Test worker] o.apache.tomcat.util.digester.Digester   :   Fire body() for SetNextRule[methodName=addAttribute, paramType=org.apache.tomcat.util.modeler.AttributeInfo]
2019-12-06 11:18:43.713 DEBUG 7503 --- [    Test worker] o.apache.tomcat.util.digester.Digester   :   Fire end() for SetNextRule[methodName=addAttribute, paramType=org.apache.tomcat.util.modeler.AttributeInfo]
2019-12-06 11:18:43.713 DEBUG 7503 --- [    Test worker] o.apache.tomcat.util.digester.Digester   : [SetNextRule]{mbeans-descriptors/mbean/attribute} Call org.apache.tomcat.util.modeler.ManagedBean.addAttribute(org.apache.tomcat.util.modeler.AttributeInfo@1820ab)
2019-12-06 11:18:43.713 DEBUG 7503 --- [    Test worker] o.apache.tomcat.util.IntrospectionUtils  : IntrospectionUtils: callMethod1 org.apache.tomcat.util.modeler.ManagedBean org.apache.tomcat.util.modeler.AttributeInfo org.apache.tomcat.util.modeler.AttributeInfo
2019-12-06 11:18:43.713 DEBUG 7503 --- [    Test worker] o.apache.tomcat.util.digester.Digester   :   Fire end() for SetPropertiesRule[]
2019-12-06 11:18:43.713 DEBUG 7503 --- [    Test worker] o.apache.tomcat.util.digester.Digester   :   Fire end() for ObjectCreateRule[className=org.apache.tomcat.util.modeler.AttributeInfo, attributeName=null]
2019-12-06 11:18:43.713 DEBUG 7503 --- [    Test worker] o.apache.tomcat.util.digester.Digester   : [ObjectCreateRule]{mbeans-descriptors/mbean/attribute} Pop org.apache.tomcat.util.modeler.AttributeInfo
2019-12-06 11:18:43.714 DEBUG 7503 --- [    Test worker] o.a.tomcat.util.digester.Digester.sax    : characters(

    )
2019-12-06 11:18:43.714 DEBUG 7503 --- [    Test worker] o.a.tomcat.util.digester.Digester.sax    : startElement(,,attribute)
2019-12-06 11:18:43.714 DEBUG 7503 --- [    Test worker] o.apache.tomcat.util.digester.Digester   :   New match='mbeans-descriptors/mbean/attribute'
2019-12-06 11:18:43.714 DEBUG 7503 --- [    Test worker] o.apache.tomcat.util.digester.Digester   :   Fire begin() for ObjectCreateRule[className=org.apache.tomcat.util.modeler.AttributeInfo, attributeName=null]
2019-12-06 11:18:43.714 DEBUG 7503 --- [    Test worker] o.apache.tomcat.util.digester.Digester   :   Fire begin() for SetPropertiesRule[]
2019-12-06 11:18:43.714 DEBUG 7503 --- [    Test worker] o.apache.tomcat.util.digester.Digester   : [SetPropertiesRule]{mbeans-descriptors/mbean/attribute} Set org.apache.tomcat.util.modeler.AttributeInfo properties
2019-12-06 11:18:43.714 DEBUG 7503 --- [    Test worker] o.apache.tomcat.util.digester.Digester   : [SetPropertiesRule]{mbeans-descriptors/mbean/attribute} Setting property 'name' to 'paused'
2019-12-06 11:18:43.715 DEBUG 7503 --- [    Test worker] o.apache.tomcat.util.IntrospectionUtils  : IntrospectionUtils: setProperty(class org.apache.tomcat.util.modeler.AttributeInfo name=paused)
2019-12-06 11:18:43.715 DEBUG 7503 --- [    Test worker] o.apache.tomcat.util.digester.Digester   : [SetPropertiesRule]{mbeans-descriptors/mbean/attribute} Setting property 'type' to 'boolean'
2019-12-06 11:18:43.715 DEBUG 7503 --- [    Test worker] o.apache.tomcat.util.IntrospectionUtils  : IntrospectionUtils: setProperty(class org.apache.tomcat.util.modeler.AttributeInfo type=boolean)
2019-12-06 11:18:43.715 DEBUG 7503 --- [    Test worker] o.apache.tomcat.util.digester.Digester   : [SetPropertiesRule]{mbeans-descriptors/mbean/attribute} Setting property 'writeable' to 'false'
2019-12-06 11:18:43.715 DEBUG 7503 --- [    Test worker] o.apache.tomcat.util.IntrospectionUtils  : IntrospectionUtils: setProperty(class org.apache.tomcat.util.modeler.AttributeInfo writeable=false)
2019-12-06 11:18:43.715 DEBUG 7503 --- [    Test worker] o.apache.tomcat.util.digester.Digester   : [SetPropertiesRule]{mbeans-descriptors/mbean/attribute} Setting property 'is' to 'true'
2019-12-06 11:18:43.715 DEBUG 7503 --- [    Test worker] o.apache.tomcat.util.IntrospectionUtils  : IntrospectionUtils: setProperty(class org.apache.tomcat.util.modeler.AttributeInfo is=true)
2019-12-06 11:18:43.715 DEBUG 7503 --- [    Test worker] o.apache.tomcat.util.digester.Digester   :   Fire begin() for SetNextRule[methodName=addAttribute, paramType=org.apache.tomcat.util.modeler.AttributeInfo]
2019-12-06 11:18:43.716 DEBUG 7503 --- [    Test worker] o.a.tomcat.util.digester.Digester.sax    : endElement(,,attribute)
2019-12-06 11:18:43.716 DEBUG 7503 --- [    Test worker] o.apache.tomcat.util.digester.Digester   :   match='mbeans-descriptors/mbean/attribute'
2019-12-06 11:18:43.716 DEBUG 7503 --- [    Test worker] o.apache.tomcat.util.digester.Digester   :   bodyText=''
2019-12-06 11:18:43.716 DEBUG 7503 --- [    Test worker] o.apache.tomcat.util.digester.Digester   :   Fire body() for ObjectCreateRule[className=org.apache.tomcat.util.modeler.AttributeInfo, attributeName=null]
2019-12-06 11:18:43.716 DEBUG 7503 --- [    Test worker] o.apache.tomcat.util.digester.Digester   :   Fire body() for SetPropertiesRule[]
2019-12-06 11:18:43.716 DEBUG 7503 --- [    Test worker] o.apache.tomcat.util.digester.Digester   :   Fire body() for SetNextRule[methodName=addAttribute, paramType=org.apache.tomcat.util.modeler.AttributeInfo]
2019-12-06 11:18:43.716 DEBUG 7503 --- [    Test worker] o.apache.tomcat.util.digester.Digester   :   Fire end() for SetNextRule[methodName=addAttribute, paramType=org.apache.tomcat.util.modeler.AttributeInfo]
2019-12-06 11:18:43.717 DEBUG 7503 --- [    Test worker] o.apache.tomcat.util.digester.Digester   : [SetNextRule]{mbeans-descriptors/mbean/attribute} Call org.apache.tomcat.util.modeler.ManagedBean.addAttribute(org.apache.tomcat.util.modeler.AttributeInfo@1d1d4640)
2019-12-06 11:18:43.717 DEBUG 7503 --- [    Test worker] o.apache.tomcat.util.IntrospectionUtils  : IntrospectionUtils: callMethod1 org.apache.tomcat.util.modeler.ManagedBean org.apache.tomcat.util.modeler.AttributeInfo org.apache.tomcat.util.modeler.AttributeInfo
2019-12-06 11:18:43.717 DEBUG 7503 --- [    Test worker] o.apache.tomcat.util.digester.Digester   :   Fire end() for SetPropertiesRule[]
2019-12-06 11:18:43.717 DEBUG 7503 --- [    Test worker] o.apache.tomcat.util.digester.Digester   :   Fire end() for ObjectCreateRule[className=org.apache.tomcat.util.modeler.AttributeInfo, attributeName=null]
2019-12-06 11:18:43.717 DEBUG 7503 --- [    Test worker] o.apache.tomcat.util.digester.Digester   : [ObjectCreateRule]{mbeans-descriptors/mbean/attribute} Pop org.apache.tomcat.util.modeler.AttributeInfo
2019-12-06 11:18:43.717 DEBUG 7503 --- [    Test worker] o.a.tomcat.util.digester.Digester.sax    : characters(

    )
2019-12-06 11:18:43.717 DEBUG 7503 --- [    Test worker] o.a.tomcat.util.digester.Digester.sax    : startElement(,,attribute)
2019-12-06 11:18:43.718 DEBUG 7503 --- [    Test worker] o.apache.tomcat.util.digester.Digester   :   New match='mbeans-descriptors/mbean/attribute'
2019-12-06 11:18:43.718 DEBUG 7503 --- [    Test worker] o.apache.tomcat.util.digester.Digester   :   Fire begin() for ObjectCreateRule[className=org.apache.tomcat.util.modeler.AttributeInfo, attributeName=null]
2019-12-06 11:18:43.718 DEBUG 7503 --- [    Test worker] o.apache.tomcat.util.digester.Digester   :   Fire begin() for SetPropertiesRule[]
2019-12-06 11:18:43.718 DEBUG 7503 --- [    Test worker] o.apache.tomcat.util.digester.Digester   : [SetPropertiesRule]{mbeans-descriptors/mbean/attribute} Set org.apache.tomcat.util.modeler.AttributeInfo properties
2019-12-06 11:18:43.718 DEBUG 7503 --- [    Test worker] o.apache.tomcat.util.digester.Digester   : [SetPropertiesRule]{mbeans-descriptors/mbean/attribute} Setting property 'name' to 'pollerThreadCount'
2019-12-06 11:18:43.718 DEBUG 7503 --- [    Test worker] o.apache.tomcat.util.IntrospectionUtils  : IntrospectionUtils: setProperty(class org.apache.tomcat.util.modeler.AttributeInfo name=pollerThreadCount)
2019-12-06 11:18:43.718 DEBUG 7503 --- [    Test worker] o.apache.tomcat.util.digester.Digester   : [SetPropertiesRule]{mbeans-descriptors/mbean/attribute} Setting property 'type' to 'int'
2019-12-06 11:18:43.718 DEBUG 7503 --- [    Test worker] o.apache.tomcat.util.IntrospectionUtils  : IntrospectionUtils: setProperty(class org.apache.tomcat.util.modeler.AttributeInfo type=int)
2019-12-06 11:18:43.719 DEBUG 7503 --- [    Test worker] o.apache.tomcat.util.digester.Digester   :   Fire begin() for SetNextRule[methodName=addAttribute, paramType=org.apache.tomcat.util.modeler.AttributeInfo]
2019-12-06 11:18:43.719 DEBUG 7503 --- [    Test worker] o.a.tomcat.util.digester.Digester.sax    : endElement(,,attribute)
2019-12-06 11:18:43.719 DEBUG 7503 --- [    Test worker] o.apache.tomcat.util.digester.Digester   :   match='mbeans-descriptors/mbean/attribute'
2019-12-06 11:18:43.719 DEBUG 7503 --- [    Test worker] o.apache.tomcat.util.digester.Digester   :   bodyText=''
2019-12-06 11:18:43.719 DEBUG 7503 --- [    Test worker] o.apache.tomcat.util.digester.Digester   :   Fire body() for ObjectCreateRule[className=org.apache.tomcat.util.modeler.AttributeInfo, attributeName=null]
2019-12-06 11:18:43.719 DEBUG 7503 --- [    Test worker] o.apache.tomcat.util.digester.Digester   :   Fire body() for SetPropertiesRule[]
2019-12-06 11:18:43.719 DEBUG 7503 --- [    Test worker] o.apache.tomcat.util.digester.Digester   :   Fire body() for SetNextRule[methodName=addAttribute, paramType=org.apache.tomcat.util.modeler.AttributeInfo]
2019-12-06 11:18:43.720 DEBUG 7503 --- [    Test worker] o.apache.tomcat.util.digester.Digester   :   Fire end() for SetNextRule[methodName=addAttribute, paramType=org.apache.tomcat.util.modeler.AttributeInfo]
2019-12-06 11:18:43.720 DEBUG 7503 --- [    Test worker] o.apache.tomcat.util.digester.Digester   : [SetNextRule]{mbeans-descriptors/mbean/attribute} Call org.apache.tomcat.util.modeler.ManagedBean.addAttribute(org.apache.tomcat.util.modeler.AttributeInfo@60e0cae5)
2019-12-06 11:18:43.720 DEBUG 7503 --- [    Test worker] o.apache.tomcat.util.IntrospectionUtils  : IntrospectionUtils: callMethod1 org.apache.tomcat.util.modeler.ManagedBean org.apache.tomcat.util.modeler.AttributeInfo org.apache.tomcat.util.modeler.AttributeInfo
2019-12-06 11:18:43.720 DEBUG 7503 --- [    Test worker] o.apache.tomcat.util.digester.Digester   :   Fire end() for SetPropertiesRule[]
2019-12-06 11:18:43.720 DEBUG 7503 --- [    Test worker] o.apache.tomcat.util.digester.Digester   :   Fire end() for ObjectCreateRule[className=org.apache.tomcat.util.modeler.AttributeInfo, attributeName=null]
2019-12-06 11:18:43.721 DEBUG 7503 --- [    Test worker] o.apache.tomcat.util.digester.Digester   : [ObjectCreateRule]{mbeans-descriptors/mbean/attribute} Pop org.apache.tomcat.util.modeler.AttributeInfo
2019-12-06 11:18:43.721 DEBUG 7503 --- [    Test worker] o.a.tomcat.util.digester.Digester.sax    : characters(

    )
2019-12-06 11:18:43.721 DEBUG 7503 --- [    Test worker] o.a.tomcat.util.digester.Digester.sax    : startElement(,,attribute)
2019-12-06 11:18:43.721 DEBUG 7503 --- [    Test worker] o.apache.tomcat.util.digester.Digester   :   New match='mbeans-descriptors/mbean/attribute'
2019-12-06 11:18:43.721 DEBUG 7503 --- [    Test worker] o.apache.tomcat.util.digester.Digester   :   Fire begin() for ObjectCreateRule[className=org.apache.tomcat.util.modeler.AttributeInfo, attributeName=null]
2019-12-06 11:18:43.721 DEBUG 7503 --- [    Test worker] o.apache.tomcat.util.digester.Digester   :   Fire begin() for SetPropertiesRule[]
2019-12-06 11:18:43.721 DEBUG 7503 --- [    Test worker] o.apache.tomcat.util.digester.Digester   : [SetPropertiesRule]{mbeans-descriptors/mbean/attribute} Set org.apache.tomcat.util.modeler.AttributeInfo properties
2019-12-06 11:18:43.722 DEBUG 7503 --- [    Test worker] o.apache.tomcat.util.digester.Digester   : [SetPropertiesRule]{mbeans-descriptors/mbean/attribute} Setting property 'name' to 'pollerThreadPriority'
2019-12-06 11:18:43.722 DEBUG 7503 --- [    Test worker] o.apache.tomcat.util.IntrospectionUtils  : IntrospectionUtils: setProperty(class org.apache.tomcat.util.modeler.AttributeInfo name=pollerThreadPriority)
2019-12-06 11:18:43.722 DEBUG 7503 --- [    Test worker] o.apache.tomcat.util.digester.Digester   : [SetPropertiesRule]{mbeans-descriptors/mbean/attribute} Setting property 'type' to 'int'
2019-12-06 11:18:43.722 DEBUG 7503 --- [    Test worker] o.apache.tomcat.util.IntrospectionUtils  : IntrospectionUtils: setProperty(class org.apache.tomcat.util.modeler.AttributeInfo type=int)
2019-12-06 11:18:43.722 DEBUG 7503 --- [    Test worker] o.apache.tomcat.util.digester.Digester   :   Fire begin() for SetNextRule[methodName=addAttribute, paramType=org.apache.tomcat.util.modeler.AttributeInfo]
2019-12-06 11:18:43.722 DEBUG 7503 --- [    Test worker] o.a.tomcat.util.digester.Digester.sax    : endElement(,,attribute)
2019-12-06 11:18:43.722 DEBUG 7503 --- [    Test worker] o.apache.tomcat.util.digester.Digester   :   match='mbeans-descriptors/mbean/attribute'
2019-12-06 11:18:43.722 DEBUG 7503 --- [    Test worker] o.apache.tomcat.util.digester.Digester   :   bodyText=''
2019-12-06 11:18:43.723 DEBUG 7503 --- [    Test worker] o.apache.tomcat.util.digester.Digester   :   Fire body() for ObjectCreateRule[className=org.apache.tomcat.util.modeler.AttributeInfo, attributeName=null]
2019-12-06 11:18:43.723 DEBUG 7503 --- [    Test worker] o.apache.tomcat.util.digester.Digester   :   Fire body() for SetPropertiesRule[]
2019-12-06 11:18:43.723 DEBUG 7503 --- [    Test worker] o.apache.tomcat.util.digester.Digester   :   Fire body() for SetNextRule[methodName=addAttribute, paramType=org.apache.tomcat.util.modeler.AttributeInfo]
2019-12-06 11:18:43.723 DEBUG 7503 --- [    Test worker] o.apache.tomcat.util.digester.Digester   :   Fire end() for SetNextRule[methodName=addAttribute, paramType=org.apache.tomcat.util.modeler.AttributeInfo]
2019-12-06 11:18:43.723 DEBUG 7503 --- [    Test worker] o.apache.tomcat.util.digester.Digester   : [SetNextRule]{mbeans-descriptors/mbean/attribute} Call org.apache.tomcat.util.modeler.ManagedBean.addAttribute(org.apache.tomcat.util.modeler.AttributeInfo@657c853d)
2019-12-06 11:18:43.723 DEBUG 7503 --- [    Test worker] o.apache.tomcat.util.IntrospectionUtils  : IntrospectionUtils: callMethod1 org.apache.tomcat.util.modeler.ManagedBean org.apache.tomcat.util.modeler.AttributeInfo org.apache.tomcat.util.modeler.AttributeInfo
2019-12-06 11:18:43.723 DEBUG 7503 --- [    Test worker] o.apache.tomcat.util.digester.Digester   :   Fire end() for SetPropertiesRule[]
2019-12-06 11:18:43.724 DEBUG 7503 --- [    Test worker] o.apache.tomcat.util.digester.Digester   :   Fire end() for ObjectCreateRule[className=org.apache.tomcat.util.modeler.AttributeInfo, attributeName=null]
2019-12-06 11:18:43.724 DEBUG 7503 --- [    Test worker] o.apache.tomcat.util.digester.Digester   : [ObjectCreateRule]{mbeans-descriptors/mbean/attribute} Pop org.apache.tomcat.util.modeler.AttributeInfo
2019-12-06 11:18:43.724 DEBUG 7503 --- [    Test worker] o.a.tomcat.util.digester.Digester.sax    : characters(

    )
2019-12-06 11:18:43.724 DEBUG 7503 --- [    Test worker] o.a.tomcat.util.digester.Digester.sax    : startElement(,,attribute)
2019-12-06 11:18:43.724 DEBUG 7503 --- [    Test worker] o.apache.tomcat.util.digester.Digester   :   New match='mbeans-descriptors/mbean/attribute'
2019-12-06 11:18:43.724 DEBUG 7503 --- [    Test worker] o.apache.tomcat.util.digester.Digester   :   Fire begin() for ObjectCreateRule[className=org.apache.tomcat.util.modeler.AttributeInfo, attributeName=null]
2019-12-06 11:18:43.725 DEBUG 7503 --- [    Test worker] o.apache.tomcat.util.digester.Digester   :   Fire begin() for SetPropertiesRule[]
2019-12-06 11:18:43.725 DEBUG 7503 --- [    Test worker] o.apache.tomcat.util.digester.Digester   : [SetPropertiesRule]{mbeans-descriptors/mbean/attribute} Set org.apache.tomcat.util.modeler.AttributeInfo properties
2019-12-06 11:18:43.725 DEBUG 7503 --- [    Test worker] o.apache.tomcat.util.digester.Digester   : [SetPropertiesRule]{mbeans-descriptors/mbean/attribute} Setting property 'name' to 'port'
2019-12-06 11:18:43.725 DEBUG 7503 --- [    Test worker] o.apache.tomcat.util.IntrospectionUtils  : IntrospectionUtils: setProperty(class org.apache.tomcat.util.modeler.AttributeInfo name=port)
2019-12-06 11:18:43.725 DEBUG 7503 --- [    Test worker] o.apache.tomcat.util.digester.Digester   : [SetPropertiesRule]{mbeans-descriptors/mbean/attribute} Setting property 'type' to 'int'
2019-12-06 11:18:43.725 DEBUG 7503 --- [    Test worker] o.apache.tomcat.util.IntrospectionUtils  : IntrospectionUtils: setProperty(class org.apache.tomcat.util.modeler.AttributeInfo type=int)
2019-12-06 11:18:43.725 DEBUG 7503 --- [    Test worker] o.apache.tomcat.util.digester.Digester   :   Fire begin() for SetNextRule[methodName=addAttribute, paramType=org.apache.tomcat.util.modeler.AttributeInfo]
2019-12-06 11:18:43.726 DEBUG 7503 --- [    Test worker] o.a.tomcat.util.digester.Digester.sax    : endElement(,,attribute)
2019-12-06 11:18:43.726 DEBUG 7503 --- [    Test worker] o.apache.tomcat.util.digester.Digester   :   match='mbeans-descriptors/mbean/attribute'
2019-12-06 11:18:43.726 DEBUG 7503 --- [    Test worker] o.apache.tomcat.util.digester.Digester   :   bodyText=''
2019-12-06 11:18:43.726 DEBUG 7503 --- [    Test worker] o.apache.tomcat.util.digester.Digester   :   Fire body() for ObjectCreateRule[className=org.apache.tomcat.util.modeler.AttributeInfo, attributeName=null]
2019-12-06 11:18:43.726 DEBUG 7503 --- [    Test worker] o.apache.tomcat.util.digester.Digester   :   Fire body() for SetPropertiesRule[]
2019-12-06 11:18:43.726 DEBUG 7503 --- [    Test worker] o.apache.tomcat.util.digester.Digester   :   Fire body() for SetNextRule[methodName=addAttribute, paramType=org.apache.tomcat.util.modeler.AttributeInfo]
2019-12-06 11:18:43.726 DEBUG 7503 --- [    Test worker] o.apache.tomcat.util.digester.Digester   :   Fire end() for SetNextRule[methodName=addAttribute, paramType=org.apache.tomcat.util.modeler.AttributeInfo]
2019-12-06 11:18:43.726 DEBUG 7503 --- [    Test worker] o.apache.tomcat.util.digester.Digester   : [SetNextRule]{mbeans-descriptors/mbean/attribute} Call org.apache.tomcat.util.modeler.ManagedBean.addAttribute(org.apache.tomcat.util.modeler.AttributeInfo@24a0ec41)
2019-12-06 11:18:43.727 DEBUG 7503 --- [    Test worker] o.apache.tomcat.util.IntrospectionUtils  : IntrospectionUtils: callMethod1 org.apache.tomcat.util.modeler.ManagedBean org.apache.tomcat.util.modeler.AttributeInfo org.apache.tomcat.util.modeler.AttributeInfo
2019-12-06 11:18:43.727 DEBUG 7503 --- [    Test worker] o.apache.tomcat.util.digester.Digester   :   Fire end() for SetPropertiesRule[]
2019-12-06 11:18:43.727 DEBUG 7503 --- [    Test worker] o.apache.tomcat.util.digester.Digester   :   Fire end() for ObjectCreateRule[className=org.apache.tomcat.util.modeler.AttributeInfo, attributeName=null]
2019-12-06 11:18:43.727 DEBUG 7503 --- [    Test worker] o.apache.tomcat.util.digester.Digester   : [ObjectCreateRule]{mbeans-descriptors/mbean/attribute} Pop org.apache.tomcat.util.modeler.AttributeInfo
2019-12-06 11:18:43.727 DEBUG 7503 --- [    Test worker] o.a.tomcat.util.digester.Digester.sax    : characters(

    )
2019-12-06 11:18:43.727 DEBUG 7503 --- [    Test worker] o.a.tomcat.util.digester.Digester.sax    : startElement(,,attribute)
2019-12-06 11:18:43.728 DEBUG 7503 --- [    Test worker] o.apache.tomcat.util.digester.Digester   :   New match='mbeans-descriptors/mbean/attribute'
2019-12-06 11:18:43.728 DEBUG 7503 --- [    Test worker] o.apache.tomcat.util.digester.Digester   :   Fire begin() for ObjectCreateRule[className=org.apache.tomcat.util.modeler.AttributeInfo, attributeName=null]
2019-12-06 11:18:43.728 DEBUG 7503 --- [    Test worker] o.apache.tomcat.util.digester.Digester   :   Fire begin() for SetPropertiesRule[]
2019-12-06 11:18:43.728 DEBUG 7503 --- [    Test worker] o.apache.tomcat.util.digester.Digester   : [SetPropertiesRule]{mbeans-descriptors/mbean/attribute} Set org.apache.tomcat.util.modeler.AttributeInfo properties
2019-12-06 11:18:43.728 DEBUG 7503 --- [    Test worker] o.apache.tomcat.util.digester.Digester   : [SetPropertiesRule]{mbeans-descriptors/mbean/attribute} Setting property 'name' to 'portOffset'
2019-12-06 11:18:43.728 DEBUG 7503 --- [    Test worker] o.apache.tomcat.util.IntrospectionUtils  : IntrospectionUtils: setProperty(class org.apache.tomcat.util.modeler.AttributeInfo name=portOffset)
2019-12-06 11:18:43.728 DEBUG 7503 --- [    Test worker] o.apache.tomcat.util.digester.Digester   : [SetPropertiesRule]{mbeans-descriptors/mbean/attribute} Setting property 'type' to 'int'
2019-12-06 11:18:43.728 DEBUG 7503 --- [    Test worker] o.apache.tomcat.util.IntrospectionUtils  : IntrospectionUtils: setProperty(class org.apache.tomcat.util.modeler.AttributeInfo type=int)
2019-12-06 11:18:43.729 DEBUG 7503 --- [    Test worker] o.apache.tomcat.util.digester.Digester   :   Fire begin() for SetNextRule[methodName=addAttribute, paramType=org.apache.tomcat.util.modeler.AttributeInfo]
2019-12-06 11:18:43.729 DEBUG 7503 --- [    Test worker] o.a.tomcat.util.digester.Digester.sax    : endElement(,,attribute)
2019-12-06 11:18:43.729 DEBUG 7503 --- [    Test worker] o.apache.tomcat.util.digester.Digester   :   match='mbeans-descriptors/mbean/attribute'
2019-12-06 11:18:43.729 DEBUG 7503 --- [    Test worker] o.apache.tomcat.util.digester.Digester   :   bodyText=''
2019-12-06 11:18:43.729 DEBUG 7503 --- [    Test worker] o.apache.tomcat.util.digester.Digester   :   Fire body() for ObjectCreateRule[className=org.apache.tomcat.util.modeler.AttributeInfo, attributeName=null]
2019-12-06 11:18:43.729 DEBUG 7503 --- [    Test worker] o.apache.tomcat.util.digester.Digester   :   Fire body() for SetPropertiesRule[]
2019-12-06 11:18:43.729 DEBUG 7503 --- [    Test worker] o.apache.tomcat.util.digester.Digester   :   Fire body() for SetNextRule[methodName=addAttribute, paramType=org.apache.tomcat.util.modeler.AttributeInfo]
2019-12-06 11:18:43.730 DEBUG 7503 --- [    Test worker] o.apache.tomcat.util.digester.Digester   :   Fire end() for SetNextRule[methodName=addAttribute, paramType=org.apache.tomcat.util.modeler.AttributeInfo]
2019-12-06 11:18:43.730 DEBUG 7503 --- [    Test worker] o.apache.tomcat.util.digester.Digester   : [SetNextRule]{mbeans-descriptors/mbean/attribute} Call org.apache.tomcat.util.modeler.ManagedBean.addAttribute(org.apache.tomcat.util.modeler.AttributeInfo@537891d3)
2019-12-06 11:18:43.730 DEBUG 7503 --- [    Test worker] o.apache.tomcat.util.IntrospectionUtils  : IntrospectionUtils: callMethod1 org.apache.tomcat.util.modeler.ManagedBean org.apache.tomcat.util.modeler.AttributeInfo org.apache.tomcat.util.modeler.AttributeInfo
2019-12-06 11:18:43.730 DEBUG 7503 --- [    Test worker] o.apache.tomcat.util.digester.Digester   :   Fire end() for SetPropertiesRule[]
2019-12-06 11:18:43.730 DEBUG 7503 --- [    Test worker] o.apache.tomcat.util.digester.Digester   :   Fire end() for ObjectCreateRule[className=org.apache.tomcat.util.modeler.AttributeInfo, attributeName=null]
2019-12-06 11:18:43.730 DEBUG 7503 --- [    Test worker] o.apache.tomcat.util.digester.Digester   : [ObjectCreateRule]{mbeans-descriptors/mbean/attribute} Pop org.apache.tomcat.util.modeler.AttributeInfo
2019-12-06 11:18:43.730 DEBUG 7503 --- [    Test worker] o.a.tomcat.util.digester.Digester.sax    : characters(

    )
2019-12-06 11:18:43.730 DEBUG 7503 --- [    Test worker] o.a.tomcat.util.digester.Digester.sax    : startElement(,,attribute)
2019-12-06 11:18:43.731 DEBUG 7503 --- [    Test worker] o.apache.tomcat.util.digester.Digester   :   New match='mbeans-descriptors/mbean/attribute'
2019-12-06 11:18:43.731 DEBUG 7503 --- [    Test worker] o.apache.tomcat.util.digester.Digester   :   Fire begin() for ObjectCreateRule[className=org.apache.tomcat.util.modeler.AttributeInfo, attributeName=null]
2019-12-06 11:18:43.731 DEBUG 7503 --- [    Test worker] o.apache.tomcat.util.digester.Digester   :   Fire begin() for SetPropertiesRule[]
2019-12-06 11:18:43.731 DEBUG 7503 --- [    Test worker] o.apache.tomcat.util.digester.Digester   : [SetPropertiesRule]{mbeans-descriptors/mbean/attribute} Set org.apache.tomcat.util.modeler.AttributeInfo properties
2019-12-06 11:18:43.731 DEBUG 7503 --- [    Test worker] o.apache.tomcat.util.digester.Digester   : [SetPropertiesRule]{mbeans-descriptors/mbean/attribute} Setting property 'name' to 'portWithOffset'
2019-12-06 11:18:43.731 DEBUG 7503 --- [    Test worker] o.apache.tomcat.util.IntrospectionUtils  : IntrospectionUtils: setProperty(class org.apache.tomcat.util.modeler.AttributeInfo name=portWithOffset)
2019-12-06 11:18:43.731 DEBUG 7503 --- [    Test worker] o.apache.tomcat.util.digester.Digester   : [SetPropertiesRule]{mbeans-descriptors/mbean/attribute} Setting property 'type' to 'int'
2019-12-06 11:18:43.732 DEBUG 7503 --- [    Test worker] o.apache.tomcat.util.IntrospectionUtils  : IntrospectionUtils: setProperty(class org.apache.tomcat.util.modeler.AttributeInfo type=int)
2019-12-06 11:18:43.732 DEBUG 7503 --- [    Test worker] o.apache.tomcat.util.digester.Digester   : [SetPropertiesRule]{mbeans-descriptors/mbean/attribute} Setting property 'writeable' to 'false'
2019-12-06 11:18:43.732 DEBUG 7503 --- [    Test worker] o.apache.tomcat.util.IntrospectionUtils  : IntrospectionUtils: setProperty(class org.apache.tomcat.util.modeler.AttributeInfo writeable=false)
2019-12-06 11:18:43.732 DEBUG 7503 --- [    Test worker] o.apache.tomcat.util.digester.Digester   :   Fire begin() for SetNextRule[methodName=addAttribute, paramType=org.apache.tomcat.util.modeler.AttributeInfo]
2019-12-06 11:18:43.732 DEBUG 7503 --- [    Test worker] o.a.tomcat.util.digester.Digester.sax    : endElement(,,attribute)
2019-12-06 11:18:43.732 DEBUG 7503 --- [    Test worker] o.apache.tomcat.util.digester.Digester   :   match='mbeans-descriptors/mbean/attribute'
2019-12-06 11:18:43.732 DEBUG 7503 --- [    Test worker] o.apache.tomcat.util.digester.Digester   :   bodyText=''
2019-12-06 11:18:43.733 DEBUG 7503 --- [    Test worker] o.apache.tomcat.util.digester.Digester   :   Fire body() for ObjectCreateRule[className=org.apache.tomcat.util.modeler.AttributeInfo, attributeName=null]
2019-12-06 11:18:43.733 DEBUG 7503 --- [    Test worker] o.apache.tomcat.util.digester.Digester   :   Fire body() for SetPropertiesRule[]
2019-12-06 11:18:43.733 DEBUG 7503 --- [    Test worker] o.apache.tomcat.util.digester.Digester   :   Fire body() for SetNextRule[methodName=addAttribute, paramType=org.apache.tomcat.util.modeler.AttributeInfo]
2019-12-06 11:18:43.733 DEBUG 7503 --- [    Test worker] o.apache.tomcat.util.digester.Digester   :   Fire end() for SetNextRule[methodName=addAttribute, paramType=org.apache.tomcat.util.modeler.AttributeInfo]
2019-12-06 11:18:43.733 DEBUG 7503 --- [    Test worker] o.apache.tomcat.util.digester.Digester   : [SetNextRule]{mbeans-descriptors/mbean/attribute} Call org.apache.tomcat.util.modeler.ManagedBean.addAttribute(org.apache.tomcat.util.modeler.AttributeInfo@3529cebb)
2019-12-06 11:18:43.733 DEBUG 7503 --- [    Test worker] o.apache.tomcat.util.IntrospectionUtils  : IntrospectionUtils: callMethod1 org.apache.tomcat.util.modeler.ManagedBean org.apache.tomcat.util.modeler.AttributeInfo org.apache.tomcat.util.modeler.AttributeInfo
2019-12-06 11:18:43.733 DEBUG 7503 --- [    Test worker] o.apache.tomcat.util.digester.Digester   :   Fire end() for SetPropertiesRule[]
2019-12-06 11:18:43.734 DEBUG 7503 --- [    Test worker] o.apache.tomcat.util.digester.Digester   :   Fire end() for ObjectCreateRule[className=org.apache.tomcat.util.modeler.AttributeInfo, attributeName=null]
2019-12-06 11:18:43.734 DEBUG 7503 --- [    Test worker] o.apache.tomcat.util.digester.Digester   : [ObjectCreateRule]{mbeans-descriptors/mbean/attribute} Pop org.apache.tomcat.util.modeler.AttributeInfo
2019-12-06 11:18:43.734 DEBUG 7503 --- [    Test worker] o.a.tomcat.util.digester.Digester.sax    : characters(

    )
2019-12-06 11:18:43.734 DEBUG 7503 --- [    Test worker] o.a.tomcat.util.digester.Digester.sax    : startElement(,,attribute)
2019-12-06 11:18:43.734 DEBUG 7503 --- [    Test worker] o.apache.tomcat.util.digester.Digester   :   New match='mbeans-descriptors/mbean/attribute'
2019-12-06 11:18:43.734 DEBUG 7503 --- [    Test worker] o.apache.tomcat.util.digester.Digester   :   Fire begin() for ObjectCreateRule[className=org.apache.tomcat.util.modeler.AttributeInfo, attributeName=null]
2019-12-06 11:18:43.734 DEBUG 7503 --- [    Test worker] o.apache.tomcat.util.digester.Digester   :   Fire begin() for SetPropertiesRule[]
2019-12-06 11:18:43.735 DEBUG 7503 --- [    Test worker] o.apache.tomcat.util.digester.Digester   : [SetPropertiesRule]{mbeans-descriptors/mbean/attribute} Set org.apache.tomcat.util.modeler.AttributeInfo properties
2019-12-06 11:18:43.735 DEBUG 7503 --- [    Test worker] o.apache.tomcat.util.digester.Digester   : [SetPropertiesRule]{mbeans-descriptors/mbean/attribute} Setting property 'name' to 'running'
2019-12-06 11:18:43.735 DEBUG 7503 --- [    Test worker] o.apache.tomcat.util.IntrospectionUtils  : IntrospectionUtils: setProperty(class org.apache.tomcat.util.modeler.AttributeInfo name=running)
2019-12-06 11:18:43.735 DEBUG 7503 --- [    Test worker] o.apache.tomcat.util.digester.Digester   : [SetPropertiesRule]{mbeans-descriptors/mbean/attribute} Setting property 'type' to 'boolean'
2019-12-06 11:18:43.735 DEBUG 7503 --- [    Test worker] o.apache.tomcat.util.IntrospectionUtils  : IntrospectionUtils: setProperty(class org.apache.tomcat.util.modeler.AttributeInfo type=boolean)
2019-12-06 11:18:43.735 DEBUG 7503 --- [    Test worker] o.apache.tomcat.util.digester.Digester   : [SetPropertiesRule]{mbeans-descriptors/mbean/attribute} Setting property 'writeable' to 'false'
2019-12-06 11:18:43.735 DEBUG 7503 --- [    Test worker] o.apache.tomcat.util.IntrospectionUtils  : IntrospectionUtils: setProperty(class org.apache.tomcat.util.modeler.AttributeInfo writeable=false)
2019-12-06 11:18:43.736 DEBUG 7503 --- [    Test worker] o.apache.tomcat.util.digester.Digester   : [SetPropertiesRule]{mbeans-descriptors/mbean/attribute} Setting property 'is' to 'true'
2019-12-06 11:18:43.736 DEBUG 7503 --- [    Test worker] o.apache.tomcat.util.IntrospectionUtils  : IntrospectionUtils: setProperty(class org.apache.tomcat.util.modeler.AttributeInfo is=true)
2019-12-06 11:18:43.736 DEBUG 7503 --- [    Test worker] o.apache.tomcat.util.digester.Digester   :   Fire begin() for SetNextRule[methodName=addAttribute, paramType=org.apache.tomcat.util.modeler.AttributeInfo]
2019-12-06 11:18:43.736 DEBUG 7503 --- [    Test worker] o.a.tomcat.util.digester.Digester.sax    : endElement(,,attribute)
2019-12-06 11:18:43.736 DEBUG 7503 --- [    Test worker] o.apache.tomcat.util.digester.Digester   :   match='mbeans-descriptors/mbean/attribute'
2019-12-06 11:18:43.736 DEBUG 7503 --- [    Test worker] o.apache.tomcat.util.digester.Digester   :   bodyText=''
2019-12-06 11:18:43.736 DEBUG 7503 --- [    Test worker] o.apache.tomcat.util.digester.Digester   :   Fire body() for ObjectCreateRule[className=org.apache.tomcat.util.modeler.AttributeInfo, attributeName=null]
2019-12-06 11:18:43.737 DEBUG 7503 --- [    Test worker] o.apache.tomcat.util.digester.Digester   :   Fire body() for SetPropertiesRule[]
2019-12-06 11:18:43.737 DEBUG 7503 --- [    Test worker] o.apache.tomcat.util.digester.Digester   :   Fire body() for SetNextRule[methodName=addAttribute, paramType=org.apache.tomcat.util.modeler.AttributeInfo]
2019-12-06 11:18:43.737 DEBUG 7503 --- [    Test worker] o.apache.tomcat.util.digester.Digester   :   Fire end() for SetNextRule[methodName=addAttribute, paramType=org.apache.tomcat.util.modeler.AttributeInfo]
2019-12-06 11:18:43.737 DEBUG 7503 --- [    Test worker] o.apache.tomcat.util.digester.Digester   : [SetNextRule]{mbeans-descriptors/mbean/attribute} Call org.apache.tomcat.util.modeler.ManagedBean.addAttribute(org.apache.tomcat.util.modeler.AttributeInfo@34fde04e)
2019-12-06 11:18:43.737 DEBUG 7503 --- [    Test worker] o.apache.tomcat.util.IntrospectionUtils  : IntrospectionUtils: callMethod1 org.apache.tomcat.util.modeler.ManagedBean org.apache.tomcat.util.modeler.AttributeInfo org.apache.tomcat.util.modeler.AttributeInfo
2019-12-06 11:18:43.737 DEBUG 7503 --- [    Test worker] o.apache.tomcat.util.digester.Digester   :   Fire end() for SetPropertiesRule[]
2019-12-06 11:18:43.737 DEBUG 7503 --- [    Test worker] o.apache.tomcat.util.digester.Digester   :   Fire end() for ObjectCreateRule[className=org.apache.tomcat.util.modeler.AttributeInfo, attributeName=null]
2019-12-06 11:18:43.738 DEBUG 7503 --- [    Test worker] o.apache.tomcat.util.digester.Digester   : [ObjectCreateRule]{mbeans-descriptors/mbean/attribute} Pop org.apache.tomcat.util.modeler.AttributeInfo
2019-12-06 11:18:43.738 DEBUG 7503 --- [    Test worker] o.a.tomcat.util.digester.Digester.sax    : characters(

    )
2019-12-06 11:18:43.738 DEBUG 7503 --- [    Test worker] o.a.tomcat.util.digester.Digester.sax    : startElement(,,attribute)
2019-12-06 11:18:43.738 DEBUG 7503 --- [    Test worker] o.apache.tomcat.util.digester.Digester   :   New match='mbeans-descriptors/mbean/attribute'
2019-12-06 11:18:43.738 DEBUG 7503 --- [    Test worker] o.apache.tomcat.util.digester.Digester   :   Fire begin() for ObjectCreateRule[className=org.apache.tomcat.util.modeler.AttributeInfo, attributeName=null]
2019-12-06 11:18:43.738 DEBUG 7503 --- [    Test worker] o.apache.tomcat.util.digester.Digester   :   Fire begin() for SetPropertiesRule[]
2019-12-06 11:18:43.738 DEBUG 7503 --- [    Test worker] o.apache.tomcat.util.digester.Digester   : [SetPropertiesRule]{mbeans-descriptors/mbean/attribute} Set org.apache.tomcat.util.modeler.AttributeInfo properties
2019-12-06 11:18:43.739 DEBUG 7503 --- [    Test worker] o.apache.tomcat.util.digester.Digester   : [SetPropertiesRule]{mbeans-descriptors/mbean/attribute} Setting property 'name' to 'sSLEnabled'
2019-12-06 11:18:43.739 DEBUG 7503 --- [    Test worker] o.apache.tomcat.util.IntrospectionUtils  : IntrospectionUtils: setProperty(class org.apache.tomcat.util.modeler.AttributeInfo name=sSLEnabled)
2019-12-06 11:18:43.739 DEBUG 7503 --- [    Test worker] o.apache.tomcat.util.digester.Digester   : [SetPropertiesRule]{mbeans-descriptors/mbean/attribute} Setting property 'type' to 'boolean'
2019-12-06 11:18:43.739 DEBUG 7503 --- [    Test worker] o.apache.tomcat.util.IntrospectionUtils  : IntrospectionUtils: setProperty(class org.apache.tomcat.util.modeler.AttributeInfo type=boolean)
2019-12-06 11:18:43.739 DEBUG 7503 --- [    Test worker] o.apache.tomcat.util.digester.Digester   : [SetPropertiesRule]{mbeans-descriptors/mbean/attribute} Setting property 'is' to 'true'
2019-12-06 11:18:43.739 DEBUG 7503 --- [    Test worker] o.apache.tomcat.util.IntrospectionUtils  : IntrospectionUtils: setProperty(class org.apache.tomcat.util.modeler.AttributeInfo is=true)
2019-12-06 11:18:43.739 DEBUG 7503 --- [    Test worker] o.apache.tomcat.util.digester.Digester   :   Fire begin() for SetNextRule[methodName=addAttribute, paramType=org.apache.tomcat.util.modeler.AttributeInfo]
2019-12-06 11:18:43.740 DEBUG 7503 --- [    Test worker] o.a.tomcat.util.digester.Digester.sax    : endElement(,,attribute)
2019-12-06 11:18:43.740 DEBUG 7503 --- [    Test worker] o.apache.tomcat.util.digester.Digester   :   match='mbeans-descriptors/mbean/attribute'
2019-12-06 11:18:43.740 DEBUG 7503 --- [    Test worker] o.apache.tomcat.util.digester.Digester   :   bodyText=''
2019-12-06 11:18:43.740 DEBUG 7503 --- [    Test worker] o.apache.tomcat.util.digester.Digester   :   Fire body() for ObjectCreateRule[className=org.apache.tomcat.util.modeler.AttributeInfo, attributeName=null]
2019-12-06 11:18:43.740 DEBUG 7503 --- [    Test worker] o.apache.tomcat.util.digester.Digester   :   Fire body() for SetPropertiesRule[]
2019-12-06 11:18:43.740 DEBUG 7503 --- [    Test worker] o.apache.tomcat.util.digester.Digester   :   Fire body() for SetNextRule[methodName=addAttribute, paramType=org.apache.tomcat.util.modeler.AttributeInfo]
2019-12-06 11:18:43.740 DEBUG 7503 --- [    Test worker] o.apache.tomcat.util.digester.Digester   :   Fire end() for SetNextRule[methodName=addAttribute, paramType=org.apache.tomcat.util.modeler.AttributeInfo]
2019-12-06 11:18:43.740 DEBUG 7503 --- [    Test worker] o.apache.tomcat.util.digester.Digester   : [SetNextRule]{mbeans-descriptors/mbean/attribute} Call org.apache.tomcat.util.modeler.ManagedBean.addAttribute(org.apache.tomcat.util.modeler.AttributeInfo@179cc074)
2019-12-06 11:18:43.741 DEBUG 7503 --- [    Test worker] o.apache.tomcat.util.IntrospectionUtils  : IntrospectionUtils: callMethod1 org.apache.tomcat.util.modeler.ManagedBean org.apache.tomcat.util.modeler.AttributeInfo org.apache.tomcat.util.modeler.AttributeInfo
2019-12-06 11:18:43.741 DEBUG 7503 --- [    Test worker] o.apache.tomcat.util.digester.Digester   :   Fire end() for SetPropertiesRule[]
2019-12-06 11:18:43.741 DEBUG 7503 --- [    Test worker] o.apache.tomcat.util.digester.Digester   :   Fire end() for ObjectCreateRule[className=org.apache.tomcat.util.modeler.AttributeInfo, attributeName=null]
2019-12-06 11:18:43.741 DEBUG 7503 --- [    Test worker] o.apache.tomcat.util.digester.Digester   : [ObjectCreateRule]{mbeans-descriptors/mbean/attribute} Pop org.apache.tomcat.util.modeler.AttributeInfo
2019-12-06 11:18:43.741 DEBUG 7503 --- [    Test worker] o.a.tomcat.util.digester.Digester.sax    : characters(

    )
2019-12-06 11:18:43.741 DEBUG 7503 --- [    Test worker] o.a.tomcat.util.digester.Digester.sax    : startElement(,,attribute)
2019-12-06 11:18:43.741 DEBUG 7503 --- [    Test worker] o.apache.tomcat.util.digester.Digester   :   New match='mbeans-descriptors/mbean/attribute'
2019-12-06 11:18:43.742 DEBUG 7503 --- [    Test worker] o.apache.tomcat.util.digester.Digester   :   Fire begin() for ObjectCreateRule[className=org.apache.tomcat.util.modeler.AttributeInfo, attributeName=null]
2019-12-06 11:18:43.742 DEBUG 7503 --- [    Test worker] o.apache.tomcat.util.digester.Digester   :   Fire begin() for SetPropertiesRule[]
2019-12-06 11:18:43.742 DEBUG 7503 --- [    Test worker] o.apache.tomcat.util.digester.Digester   : [SetPropertiesRule]{mbeans-descriptors/mbean/attribute} Set org.apache.tomcat.util.modeler.AttributeInfo properties
2019-12-06 11:18:43.742 DEBUG 7503 --- [    Test worker] o.apache.tomcat.util.digester.Digester   : [SetPropertiesRule]{mbeans-descriptors/mbean/attribute} Setting property 'name' to 'selectorTimeout'
2019-12-06 11:18:43.742 DEBUG 7503 --- [    Test worker] o.apache.tomcat.util.IntrospectionUtils  : IntrospectionUtils: setProperty(class org.apache.tomcat.util.modeler.AttributeInfo name=selectorTimeout)
2019-12-06 11:18:43.742 DEBUG 7503 --- [    Test worker] o.apache.tomcat.util.digester.Digester   : [SetPropertiesRule]{mbeans-descriptors/mbean/attribute} Setting property 'type' to 'long'
2019-12-06 11:18:43.743 DEBUG 7503 --- [    Test worker] o.apache.tomcat.util.IntrospectionUtils  : IntrospectionUtils: setProperty(class org.apache.tomcat.util.modeler.AttributeInfo type=long)
2019-12-06 11:18:43.743 DEBUG 7503 --- [    Test worker] o.apache.tomcat.util.digester.Digester   :   Fire begin() for SetNextRule[methodName=addAttribute, paramType=org.apache.tomcat.util.modeler.AttributeInfo]
2019-12-06 11:18:43.743 DEBUG 7503 --- [    Test worker] o.a.tomcat.util.digester.Digester.sax    : endElement(,,attribute)
2019-12-06 11:18:43.743 DEBUG 7503 --- [    Test worker] o.apache.tomcat.util.digester.Digester   :   match='mbeans-descriptors/mbean/attribute'
2019-12-06 11:18:43.743 DEBUG 7503 --- [    Test worker] o.apache.tomcat.util.digester.Digester   :   bodyText=''
2019-12-06 11:18:43.743 DEBUG 7503 --- [    Test worker] o.apache.tomcat.util.digester.Digester   :   Fire body() for ObjectCreateRule[className=org.apache.tomcat.util.modeler.AttributeInfo, attributeName=null]
2019-12-06 11:18:43.743 DEBUG 7503 --- [    Test worker] o.apache.tomcat.util.digester.Digester   :   Fire body() for SetPropertiesRule[]
2019-12-06 11:18:43.743 DEBUG 7503 --- [    Test worker] o.apache.tomcat.util.digester.Digester   :   Fire body() for SetNextRule[methodName=addAttribute, paramType=org.apache.tomcat.util.modeler.AttributeInfo]
2019-12-06 11:18:43.744 DEBUG 7503 --- [    Test worker] o.apache.tomcat.util.digester.Digester   :   Fire end() for SetNextRule[methodName=addAttribute, paramType=org.apache.tomcat.util.modeler.AttributeInfo]
2019-12-06 11:18:43.744 DEBUG 7503 --- [    Test worker] o.apache.tomcat.util.digester.Digester   : [SetNextRule]{mbeans-descriptors/mbean/attribute} Call org.apache.tomcat.util.modeler.ManagedBean.addAttribute(org.apache.tomcat.util.modeler.AttributeInfo@fd2d5d)
2019-12-06 11:18:43.744 DEBUG 7503 --- [    Test worker] o.apache.tomcat.util.IntrospectionUtils  : IntrospectionUtils: callMethod1 org.apache.tomcat.util.modeler.ManagedBean org.apache.tomcat.util.modeler.AttributeInfo org.apache.tomcat.util.modeler.AttributeInfo
2019-12-06 11:18:43.744 DEBUG 7503 --- [    Test worker] o.apache.tomcat.util.digester.Digester   :   Fire end() for SetPropertiesRule[]
2019-12-06 11:18:43.744 DEBUG 7503 --- [    Test worker] o.apache.tomcat.util.digester.Digester   :   Fire end() for ObjectCreateRule[className=org.apache.tomcat.util.modeler.AttributeInfo, attributeName=null]
2019-12-06 11:18:43.744 DEBUG 7503 --- [    Test worker] o.apache.tomcat.util.digester.Digester   : [ObjectCreateRule]{mbeans-descriptors/mbean/attribute} Pop org.apache.tomcat.util.modeler.AttributeInfo
2019-12-06 11:18:43.744 DEBUG 7503 --- [    Test worker] o.a.tomcat.util.digester.Digester.sax    : characters(

    )
2019-12-06 11:18:43.745 DEBUG 7503 --- [    Test worker] o.a.tomcat.util.digester.Digester.sax    : startElement(,,attribute)
2019-12-06 11:18:43.745 DEBUG 7503 --- [    Test worker] o.apache.tomcat.util.digester.Digester   :   New match='mbeans-descriptors/mbean/attribute'
2019-12-06 11:18:43.745 DEBUG 7503 --- [    Test worker] o.apache.tomcat.util.digester.Digester   :   Fire begin() for ObjectCreateRule[className=org.apache.tomcat.util.modeler.AttributeInfo, attributeName=null]
2019-12-06 11:18:43.745 DEBUG 7503 --- [    Test worker] o.apache.tomcat.util.digester.Digester   :   Fire begin() for SetPropertiesRule[]
2019-12-06 11:18:43.745 DEBUG 7503 --- [    Test worker] o.apache.tomcat.util.digester.Digester   : [SetPropertiesRule]{mbeans-descriptors/mbean/attribute} Set org.apache.tomcat.util.modeler.AttributeInfo properties
2019-12-06 11:18:43.745 DEBUG 7503 --- [    Test worker] o.apache.tomcat.util.digester.Digester   : [SetPropertiesRule]{mbeans-descriptors/mbean/attribute} Setting property 'name' to 'sniParseLimit'
2019-12-06 11:18:43.745 DEBUG 7503 --- [    Test worker] o.apache.tomcat.util.IntrospectionUtils  : IntrospectionUtils: setProperty(class org.apache.tomcat.util.modeler.AttributeInfo name=sniParseLimit)
2019-12-06 11:18:43.746 DEBUG 7503 --- [    Test worker] o.apache.tomcat.util.digester.Digester   : [SetPropertiesRule]{mbeans-descriptors/mbean/attribute} Setting property 'type' to 'int'
2019-12-06 11:18:43.746 DEBUG 7503 --- [    Test worker] o.apache.tomcat.util.IntrospectionUtils  : IntrospectionUtils: setProperty(class org.apache.tomcat.util.modeler.AttributeInfo type=int)
2019-12-06 11:18:43.746 DEBUG 7503 --- [    Test worker] o.apache.tomcat.util.digester.Digester   :   Fire begin() for SetNextRule[methodName=addAttribute, paramType=org.apache.tomcat.util.modeler.AttributeInfo]
2019-12-06 11:18:43.746 DEBUG 7503 --- [    Test worker] o.a.tomcat.util.digester.Digester.sax    : endElement(,,attribute)
2019-12-06 11:18:43.746 DEBUG 7503 --- [    Test worker] o.apache.tomcat.util.digester.Digester   :   match='mbeans-descriptors/mbean/attribute'
2019-12-06 11:18:43.746 DEBUG 7503 --- [    Test worker] o.apache.tomcat.util.digester.Digester   :   bodyText=''
2019-12-06 11:18:43.746 DEBUG 7503 --- [    Test worker] o.apache.tomcat.util.digester.Digester   :   Fire body() for ObjectCreateRule[className=org.apache.tomcat.util.modeler.AttributeInfo, attributeName=null]
2019-12-06 11:18:43.746 DEBUG 7503 --- [    Test worker] o.apache.tomcat.util.digester.Digester   :   Fire body() for SetPropertiesRule[]
2019-12-06 11:18:43.747 DEBUG 7503 --- [    Test worker] o.apache.tomcat.util.digester.Digester   :   Fire body() for SetNextRule[methodName=addAttribute, paramType=org.apache.tomcat.util.modeler.AttributeInfo]
2019-12-06 11:18:43.747 DEBUG 7503 --- [    Test worker] o.apache.tomcat.util.digester.Digester   :   Fire end() for SetNextRule[methodName=addAttribute, paramType=org.apache.tomcat.util.modeler.AttributeInfo]
2019-12-06 11:18:43.747 DEBUG 7503 --- [    Test worker] o.apache.tomcat.util.digester.Digester   : [SetNextRule]{mbeans-descriptors/mbean/attribute} Call org.apache.tomcat.util.modeler.ManagedBean.addAttribute(org.apache.tomcat.util.modeler.AttributeInfo@7b5a67ef)
2019-12-06 11:18:43.747 DEBUG 7503 --- [    Test worker] o.apache.tomcat.util.IntrospectionUtils  : IntrospectionUtils: callMethod1 org.apache.tomcat.util.modeler.ManagedBean org.apache.tomcat.util.modeler.AttributeInfo org.apache.tomcat.util.modeler.AttributeInfo
2019-12-06 11:18:43.747 DEBUG 7503 --- [    Test worker] o.apache.tomcat.util.digester.Digester   :   Fire end() for SetPropertiesRule[]
2019-12-06 11:18:43.748 DEBUG 7503 --- [    Test worker] o.apache.tomcat.util.digester.Digester   :   Fire end() for ObjectCreateRule[className=org.apache.tomcat.util.modeler.AttributeInfo, attributeName=null]
2019-12-06 11:18:43.748 DEBUG 7503 --- [    Test worker] o.apache.tomcat.util.digester.Digester   : [ObjectCreateRule]{mbeans-descriptors/mbean/attribute} Pop org.apache.tomcat.util.modeler.AttributeInfo
2019-12-06 11:18:43.748 DEBUG 7503 --- [    Test worker] o.a.tomcat.util.digester.Digester.sax    : characters(

    )
2019-12-06 11:18:43.748 DEBUG 7503 --- [    Test worker] o.a.tomcat.util.digester.Digester.sax    : startElement(,,attribute)
2019-12-06 11:18:43.748 DEBUG 7503 --- [    Test worker] o.apache.tomcat.util.digester.Digester   :   New match='mbeans-descriptors/mbean/attribute'
2019-12-06 11:18:43.748 DEBUG 7503 --- [    Test worker] o.apache.tomcat.util.digester.Digester   :   Fire begin() for ObjectCreateRule[className=org.apache.tomcat.util.modeler.AttributeInfo, attributeName=null]
2019-12-06 11:18:43.748 DEBUG 7503 --- [    Test worker] o.apache.tomcat.util.digester.Digester   :   Fire begin() for SetPropertiesRule[]
2019-12-06 11:18:43.749 DEBUG 7503 --- [    Test worker] o.apache.tomcat.util.digester.Digester   : [SetPropertiesRule]{mbeans-descriptors/mbean/attribute} Set org.apache.tomcat.util.modeler.AttributeInfo properties
2019-12-06 11:18:43.749 DEBUG 7503 --- [    Test worker] o.apache.tomcat.util.digester.Digester   : [SetPropertiesRule]{mbeans-descriptors/mbean/attribute} Setting property 'name' to 'sslImplementation'
2019-12-06 11:18:43.749 DEBUG 7503 --- [    Test worker] o.apache.tomcat.util.IntrospectionUtils  : IntrospectionUtils: setProperty(class org.apache.tomcat.util.modeler.AttributeInfo name=sslImplementation)
2019-12-06 11:18:43.749 DEBUG 7503 --- [    Test worker] o.apache.tomcat.util.digester.Digester   : [SetPropertiesRule]{mbeans-descriptors/mbean/attribute} Setting property 'type' to 'org.apache.tomcat.util.net.SSLImplementation'
2019-12-06 11:18:43.749 DEBUG 7503 --- [    Test worker] o.apache.tomcat.util.IntrospectionUtils  : IntrospectionUtils: setProperty(class org.apache.tomcat.util.modeler.AttributeInfo type=org.apache.tomcat.util.net.SSLImplementation)
2019-12-06 11:18:43.749 DEBUG 7503 --- [    Test worker] o.apache.tomcat.util.digester.Digester   : [SetPropertiesRule]{mbeans-descriptors/mbean/attribute} Setting property 'writeable' to 'false'
2019-12-06 11:18:43.749 DEBUG 7503 --- [    Test worker] o.apache.tomcat.util.IntrospectionUtils  : IntrospectionUtils: setProperty(class org.apache.tomcat.util.modeler.AttributeInfo writeable=false)
2019-12-06 11:18:43.750 DEBUG 7503 --- [    Test worker] o.apache.tomcat.util.digester.Digester   :   Fire begin() for SetNextRule[methodName=addAttribute, paramType=org.apache.tomcat.util.modeler.AttributeInfo]
2019-12-06 11:18:43.750 DEBUG 7503 --- [    Test worker] o.a.tomcat.util.digester.Digester.sax    : endElement(,,attribute)
2019-12-06 11:18:43.750 DEBUG 7503 --- [    Test worker] o.apache.tomcat.util.digester.Digester   :   match='mbeans-descriptors/mbean/attribute'
2019-12-06 11:18:43.750 DEBUG 7503 --- [    Test worker] o.apache.tomcat.util.digester.Digester   :   bodyText=''
2019-12-06 11:18:43.750 DEBUG 7503 --- [    Test worker] o.apache.tomcat.util.digester.Digester   :   Fire body() for ObjectCreateRule[className=org.apache.tomcat.util.modeler.AttributeInfo, attributeName=null]
2019-12-06 11:18:43.750 DEBUG 7503 --- [    Test worker] o.apache.tomcat.util.digester.Digester   :   Fire body() for SetPropertiesRule[]
2019-12-06 11:18:43.750 DEBUG 7503 --- [    Test worker] o.apache.tomcat.util.digester.Digester   :   Fire body() for SetNextRule[methodName=addAttribute, paramType=org.apache.tomcat.util.modeler.AttributeInfo]
2019-12-06 11:18:43.751 DEBUG 7503 --- [    Test worker] o.apache.tomcat.util.digester.Digester   :   Fire end() for SetNextRule[methodName=addAttribute, paramType=org.apache.tomcat.util.modeler.AttributeInfo]
2019-12-06 11:18:43.751 DEBUG 7503 --- [    Test worker] o.apache.tomcat.util.digester.Digester   : [SetNextRule]{mbeans-descriptors/mbean/attribute} Call org.apache.tomcat.util.modeler.ManagedBean.addAttribute(org.apache.tomcat.util.modeler.AttributeInfo@207e175a)
2019-12-06 11:18:43.751 DEBUG 7503 --- [    Test worker] o.apache.tomcat.util.IntrospectionUtils  : IntrospectionUtils: callMethod1 org.apache.tomcat.util.modeler.ManagedBean org.apache.tomcat.util.modeler.AttributeInfo org.apache.tomcat.util.modeler.AttributeInfo
2019-12-06 11:18:43.751 DEBUG 7503 --- [    Test worker] o.apache.tomcat.util.digester.Digester   :   Fire end() for SetPropertiesRule[]
2019-12-06 11:18:43.751 DEBUG 7503 --- [    Test worker] o.apache.tomcat.util.digester.Digester   :   Fire end() for ObjectCreateRule[className=org.apache.tomcat.util.modeler.AttributeInfo, attributeName=null]
2019-12-06 11:18:43.751 DEBUG 7503 --- [    Test worker] o.apache.tomcat.util.digester.Digester   : [ObjectCreateRule]{mbeans-descriptors/mbean/attribute} Pop org.apache.tomcat.util.modeler.AttributeInfo
2019-12-06 11:18:43.751 DEBUG 7503 --- [    Test worker] o.a.tomcat.util.digester.Digester.sax    : characters(

    )
2019-12-06 11:18:43.751 DEBUG 7503 --- [    Test worker] o.a.tomcat.util.digester.Digester.sax    : startElement(,,attribute)
2019-12-06 11:18:43.752 DEBUG 7503 --- [    Test worker] o.apache.tomcat.util.digester.Digester   :   New match='mbeans-descriptors/mbean/attribute'
2019-12-06 11:18:43.752 DEBUG 7503 --- [    Test worker] o.apache.tomcat.util.digester.Digester   :   Fire begin() for ObjectCreateRule[className=org.apache.tomcat.util.modeler.AttributeInfo, attributeName=null]
2019-12-06 11:18:43.752 DEBUG 7503 --- [    Test worker] o.apache.tomcat.util.digester.Digester   :   Fire begin() for SetPropertiesRule[]
2019-12-06 11:18:43.752 DEBUG 7503 --- [    Test worker] o.apache.tomcat.util.digester.Digester   : [SetPropertiesRule]{mbeans-descriptors/mbean/attribute} Set org.apache.tomcat.util.modeler.AttributeInfo properties
2019-12-06 11:18:43.752 DEBUG 7503 --- [    Test worker] o.apache.tomcat.util.digester.Digester   : [SetPropertiesRule]{mbeans-descriptors/mbean/attribute} Setting property 'name' to 'sslImplementationName'
2019-12-06 11:18:43.752 DEBUG 7503 --- [    Test worker] o.apache.tomcat.util.IntrospectionUtils  : IntrospectionUtils: setProperty(class org.apache.tomcat.util.modeler.AttributeInfo name=sslImplementationName)
2019-12-06 11:18:43.752 DEBUG 7503 --- [    Test worker] o.apache.tomcat.util.digester.Digester   : [SetPropertiesRule]{mbeans-descriptors/mbean/attribute} Setting property 'type' to 'java.lang.String'
2019-12-06 11:18:43.753 DEBUG 7503 --- [    Test worker] o.apache.tomcat.util.IntrospectionUtils  : IntrospectionUtils: setProperty(class org.apache.tomcat.util.modeler.AttributeInfo type=java.lang.String)
2019-12-06 11:18:43.753 DEBUG 7503 --- [    Test worker] o.apache.tomcat.util.digester.Digester   :   Fire begin() for SetNextRule[methodName=addAttribute, paramType=org.apache.tomcat.util.modeler.AttributeInfo]
2019-12-06 11:18:43.753 DEBUG 7503 --- [    Test worker] o.a.tomcat.util.digester.Digester.sax    : endElement(,,attribute)
2019-12-06 11:18:43.753 DEBUG 7503 --- [    Test worker] o.apache.tomcat.util.digester.Digester   :   match='mbeans-descriptors/mbean/attribute'
2019-12-06 11:18:43.753 DEBUG 7503 --- [    Test worker] o.apache.tomcat.util.digester.Digester   :   bodyText=''
2019-12-06 11:18:43.753 DEBUG 7503 --- [    Test worker] o.apache.tomcat.util.digester.Digester   :   Fire body() for ObjectCreateRule[className=org.apache.tomcat.util.modeler.AttributeInfo, attributeName=null]
2019-12-06 11:18:43.753 DEBUG 7503 --- [    Test worker] o.apache.tomcat.util.digester.Digester   :   Fire body() for SetPropertiesRule[]
2019-12-06 11:18:43.753 DEBUG 7503 --- [    Test worker] o.apache.tomcat.util.digester.Digester   :   Fire body() for SetNextRule[methodName=addAttribute, paramType=org.apache.tomcat.util.modeler.AttributeInfo]
2019-12-06 11:18:43.754 DEBUG 7503 --- [    Test worker] o.apache.tomcat.util.digester.Digester   :   Fire end() for SetNextRule[methodName=addAttribute, paramType=org.apache.tomcat.util.modeler.AttributeInfo]
2019-12-06 11:18:43.754 DEBUG 7503 --- [    Test worker] o.apache.tomcat.util.digester.Digester   : [SetNextRule]{mbeans-descriptors/mbean/attribute} Call org.apache.tomcat.util.modeler.ManagedBean.addAttribute(org.apache.tomcat.util.modeler.AttributeInfo@5190ec41)
2019-12-06 11:18:43.754 DEBUG 7503 --- [    Test worker] o.apache.tomcat.util.IntrospectionUtils  : IntrospectionUtils: callMethod1 org.apache.tomcat.util.modeler.ManagedBean org.apache.tomcat.util.modeler.AttributeInfo org.apache.tomcat.util.modeler.AttributeInfo
2019-12-06 11:18:43.754 DEBUG 7503 --- [    Test worker] o.apache.tomcat.util.digester.Digester   :   Fire end() for SetPropertiesRule[]
2019-12-06 11:18:43.754 DEBUG 7503 --- [    Test worker] o.apache.tomcat.util.digester.Digester   :   Fire end() for ObjectCreateRule[className=org.apache.tomcat.util.modeler.AttributeInfo, attributeName=null]
2019-12-06 11:18:43.754 DEBUG 7503 --- [    Test worker] o.apache.tomcat.util.digester.Digester   : [ObjectCreateRule]{mbeans-descriptors/mbean/attribute} Pop org.apache.tomcat.util.modeler.AttributeInfo
2019-12-06 11:18:43.754 DEBUG 7503 --- [    Test worker] o.a.tomcat.util.digester.Digester.sax    : characters(

    )
2019-12-06 11:18:43.755 DEBUG 7503 --- [    Test worker] o.a.tomcat.util.digester.Digester.sax    : startElement(,,attribute)
2019-12-06 11:18:43.755 DEBUG 7503 --- [    Test worker] o.apache.tomcat.util.digester.Digester   :   New match='mbeans-descriptors/mbean/attribute'
2019-12-06 11:18:43.755 DEBUG 7503 --- [    Test worker] o.apache.tomcat.util.digester.Digester   :   Fire begin() for ObjectCreateRule[className=org.apache.tomcat.util.modeler.AttributeInfo, attributeName=null]
2019-12-06 11:18:43.755 DEBUG 7503 --- [    Test worker] o.apache.tomcat.util.digester.Digester   :   Fire begin() for SetPropertiesRule[]
2019-12-06 11:18:43.755 DEBUG 7503 --- [    Test worker] o.apache.tomcat.util.digester.Digester   : [SetPropertiesRule]{mbeans-descriptors/mbean/attribute} Set org.apache.tomcat.util.modeler.AttributeInfo properties
2019-12-06 11:18:43.755 DEBUG 7503 --- [    Test worker] o.apache.tomcat.util.digester.Digester   : [SetPropertiesRule]{mbeans-descriptors/mbean/attribute} Setting property 'name' to 'tcpNoDelay'
2019-12-06 11:18:43.755 DEBUG 7503 --- [    Test worker] o.apache.tomcat.util.IntrospectionUtils  : IntrospectionUtils: setProperty(class org.apache.tomcat.util.modeler.AttributeInfo name=tcpNoDelay)
2019-12-06 11:18:43.756 DEBUG 7503 --- [    Test worker] o.apache.tomcat.util.digester.Digester   : [SetPropertiesRule]{mbeans-descriptors/mbean/attribute} Setting property 'type' to 'boolean'
2019-12-06 11:18:43.756 DEBUG 7503 --- [    Test worker] o.apache.tomcat.util.IntrospectionUtils  : IntrospectionUtils: setProperty(class org.apache.tomcat.util.modeler.AttributeInfo type=boolean)
2019-12-06 11:18:43.756 DEBUG 7503 --- [    Test worker] o.apache.tomcat.util.digester.Digester   :   Fire begin() for SetNextRule[methodName=addAttribute, paramType=org.apache.tomcat.util.modeler.AttributeInfo]
2019-12-06 11:18:43.756 DEBUG 7503 --- [    Test worker] o.a.tomcat.util.digester.Digester.sax    : endElement(,,attribute)
2019-12-06 11:18:43.756 DEBUG 7503 --- [    Test worker] o.apache.tomcat.util.digester.Digester   :   match='mbeans-descriptors/mbean/attribute'
2019-12-06 11:18:43.756 DEBUG 7503 --- [    Test worker] o.apache.tomcat.util.digester.Digester   :   bodyText=''
2019-12-06 11:18:43.756 DEBUG 7503 --- [    Test worker] o.apache.tomcat.util.digester.Digester   :   Fire body() for ObjectCreateRule[className=org.apache.tomcat.util.modeler.AttributeInfo, attributeName=null]
2019-12-06 11:18:43.757 DEBUG 7503 --- [    Test worker] o.apache.tomcat.util.digester.Digester   :   Fire body() for SetPropertiesRule[]
2019-12-06 11:18:43.757 DEBUG 7503 --- [    Test worker] o.apache.tomcat.util.digester.Digester   :   Fire body() for SetNextRule[methodName=addAttribute, paramType=org.apache.tomcat.util.modeler.AttributeInfo]
2019-12-06 11:18:43.757 DEBUG 7503 --- [    Test worker] o.apache.tomcat.util.digester.Digester   :   Fire end() for SetNextRule[methodName=addAttribute, paramType=org.apache.tomcat.util.modeler.AttributeInfo]
2019-12-06 11:18:43.757 DEBUG 7503 --- [    Test worker] o.apache.tomcat.util.digester.Digester   : [SetNextRule]{mbeans-descriptors/mbean/attribute} Call org.apache.tomcat.util.modeler.ManagedBean.addAttribute(org.apache.tomcat.util.modeler.AttributeInfo@38eeb4eb)
2019-12-06 11:18:43.757 DEBUG 7503 --- [    Test worker] o.apache.tomcat.util.IntrospectionUtils  : IntrospectionUtils: callMethod1 org.apache.tomcat.util.modeler.ManagedBean org.apache.tomcat.util.modeler.AttributeInfo org.apache.tomcat.util.modeler.AttributeInfo
2019-12-06 11:18:43.757 DEBUG 7503 --- [    Test worker] o.apache.tomcat.util.digester.Digester   :   Fire end() for SetPropertiesRule[]
2019-12-06 11:18:43.757 DEBUG 7503 --- [    Test worker] o.apache.tomcat.util.digester.Digester   :   Fire end() for ObjectCreateRule[className=org.apache.tomcat.util.modeler.AttributeInfo, attributeName=null]
2019-12-06 11:18:43.758 DEBUG 7503 --- [    Test worker] o.apache.tomcat.util.digester.Digester   : [ObjectCreateRule]{mbeans-descriptors/mbean/attribute} Pop org.apache.tomcat.util.modeler.AttributeInfo
2019-12-06 11:18:43.758 DEBUG 7503 --- [    Test worker] o.a.tomcat.util.digester.Digester.sax    : characters(

    )
2019-12-06 11:18:43.758 DEBUG 7503 --- [    Test worker] o.a.tomcat.util.digester.Digester.sax    : startElement(,,attribute)
2019-12-06 11:18:43.758 DEBUG 7503 --- [    Test worker] o.apache.tomcat.util.digester.Digester   :   New match='mbeans-descriptors/mbean/attribute'
2019-12-06 11:18:43.758 DEBUG 7503 --- [    Test worker] o.apache.tomcat.util.digester.Digester   :   Fire begin() for ObjectCreateRule[className=org.apache.tomcat.util.modeler.AttributeInfo, attributeName=null]
2019-12-06 11:18:43.758 DEBUG 7503 --- [    Test worker] o.apache.tomcat.util.digester.Digester   :   Fire begin() for SetPropertiesRule[]
2019-12-06 11:18:43.759 DEBUG 7503 --- [    Test worker] o.apache.tomcat.util.digester.Digester   : [SetPropertiesRule]{mbeans-descriptors/mbean/attribute} Set org.apache.tomcat.util.modeler.AttributeInfo properties
2019-12-06 11:18:43.759 DEBUG 7503 --- [    Test worker] o.apache.tomcat.util.digester.Digester   : [SetPropertiesRule]{mbeans-descriptors/mbean/attribute} Setting property 'name' to 'threadPriority'
2019-12-06 11:18:43.759 DEBUG 7503 --- [    Test worker] o.apache.tomcat.util.IntrospectionUtils  : IntrospectionUtils: setProperty(class org.apache.tomcat.util.modeler.AttributeInfo name=threadPriority)
2019-12-06 11:18:43.759 DEBUG 7503 --- [    Test worker] o.apache.tomcat.util.digester.Digester   : [SetPropertiesRule]{mbeans-descriptors/mbean/attribute} Setting property 'type' to 'int'
2019-12-06 11:18:43.759 DEBUG 7503 --- [    Test worker] o.apache.tomcat.util.IntrospectionUtils  : IntrospectionUtils: setProperty(class org.apache.tomcat.util.modeler.AttributeInfo type=int)
2019-12-06 11:18:43.760 DEBUG 7503 --- [    Test worker] o.apache.tomcat.util.digester.Digester   :   Fire begin() for SetNextRule[methodName=addAttribute, paramType=org.apache.tomcat.util.modeler.AttributeInfo]
2019-12-06 11:18:43.760 DEBUG 7503 --- [    Test worker] o.a.tomcat.util.digester.Digester.sax    : endElement(,,attribute)
2019-12-06 11:18:43.760 DEBUG 7503 --- [    Test worker] o.apache.tomcat.util.digester.Digester   :   match='mbeans-descriptors/mbean/attribute'
2019-12-06 11:18:43.760 DEBUG 7503 --- [    Test worker] o.apache.tomcat.util.digester.Digester   :   bodyText=''
2019-12-06 11:18:43.760 DEBUG 7503 --- [    Test worker] o.apache.tomcat.util.digester.Digester   :   Fire body() for ObjectCreateRule[className=org.apache.tomcat.util.modeler.AttributeInfo, attributeName=null]
2019-12-06 11:18:43.760 DEBUG 7503 --- [    Test worker] o.apache.tomcat.util.digester.Digester   :   Fire body() for SetPropertiesRule[]
2019-12-06 11:18:43.760 DEBUG 7503 --- [    Test worker] o.apache.tomcat.util.digester.Digester   :   Fire body() for SetNextRule[methodName=addAttribute, paramType=org.apache.tomcat.util.modeler.AttributeInfo]
2019-12-06 11:18:43.761 DEBUG 7503 --- [    Test worker] o.apache.tomcat.util.digester.Digester   :   Fire end() for SetNextRule[methodName=addAttribute, paramType=org.apache.tomcat.util.modeler.AttributeInfo]
2019-12-06 11:18:43.761 DEBUG 7503 --- [    Test worker] o.apache.tomcat.util.digester.Digester   : [SetNextRule]{mbeans-descriptors/mbean/attribute} Call org.apache.tomcat.util.modeler.ManagedBean.addAttribute(org.apache.tomcat.util.modeler.AttributeInfo@10a3d906)
2019-12-06 11:18:43.761 DEBUG 7503 --- [    Test worker] o.apache.tomcat.util.IntrospectionUtils  : IntrospectionUtils: callMethod1 org.apache.tomcat.util.modeler.ManagedBean org.apache.tomcat.util.modeler.AttributeInfo org.apache.tomcat.util.modeler.AttributeInfo
2019-12-06 11:18:43.761 DEBUG 7503 --- [    Test worker] o.apache.tomcat.util.digester.Digester   :   Fire end() for SetPropertiesRule[]
2019-12-06 11:18:43.761 DEBUG 7503 --- [    Test worker] o.apache.tomcat.util.digester.Digester   :   Fire end() for ObjectCreateRule[className=org.apache.tomcat.util.modeler.AttributeInfo, attributeName=null]
2019-12-06 11:18:43.761 DEBUG 7503 --- [    Test worker] o.apache.tomcat.util.digester.Digester   : [ObjectCreateRule]{mbeans-descriptors/mbean/attribute} Pop org.apache.tomcat.util.modeler.AttributeInfo
2019-12-06 11:18:43.761 DEBUG 7503 --- [    Test worker] o.a.tomcat.util.digester.Digester.sax    : characters(

    )
2019-12-06 11:18:43.761 DEBUG 7503 --- [    Test worker] o.a.tomcat.util.digester.Digester.sax    : startElement(,,attribute)
2019-12-06 11:18:43.762 DEBUG 7503 --- [    Test worker] o.apache.tomcat.util.digester.Digester   :   New match='mbeans-descriptors/mbean/attribute'
2019-12-06 11:18:43.762 DEBUG 7503 --- [    Test worker] o.apache.tomcat.util.digester.Digester   :   Fire begin() for ObjectCreateRule[className=org.apache.tomcat.util.modeler.AttributeInfo, attributeName=null]
2019-12-06 11:18:43.762 DEBUG 7503 --- [    Test worker] o.apache.tomcat.util.digester.Digester   :   Fire begin() for SetPropertiesRule[]
2019-12-06 11:18:43.762 DEBUG 7503 --- [    Test worker] o.apache.tomcat.util.digester.Digester   : [SetPropertiesRule]{mbeans-descriptors/mbean/attribute} Set org.apache.tomcat.util.modeler.AttributeInfo properties
2019-12-06 11:18:43.762 DEBUG 7503 --- [    Test worker] o.apache.tomcat.util.digester.Digester   : [SetPropertiesRule]{mbeans-descriptors/mbean/attribute} Setting property 'name' to 'useInheritedChannel'
2019-12-06 11:18:43.762 DEBUG 7503 --- [    Test worker] o.apache.tomcat.util.IntrospectionUtils  : IntrospectionUtils: setProperty(class org.apache.tomcat.util.modeler.AttributeInfo name=useInheritedChannel)
2019-12-06 11:18:43.762 DEBUG 7503 --- [    Test worker] o.apache.tomcat.util.digester.Digester   : [SetPropertiesRule]{mbeans-descriptors/mbean/attribute} Setting property 'type' to 'boolean'
2019-12-06 11:18:43.763 DEBUG 7503 --- [    Test worker] o.apache.tomcat.util.IntrospectionUtils  : IntrospectionUtils: setProperty(class org.apache.tomcat.util.modeler.AttributeInfo type=boolean)
2019-12-06 11:18:43.763 DEBUG 7503 --- [    Test worker] o.apache.tomcat.util.digester.Digester   :   Fire begin() for SetNextRule[methodName=addAttribute, paramType=org.apache.tomcat.util.modeler.AttributeInfo]
2019-12-06 11:18:43.763 DEBUG 7503 --- [    Test worker] o.a.tomcat.util.digester.Digester.sax    : endElement(,,attribute)
2019-12-06 11:18:43.763 DEBUG 7503 --- [    Test worker] o.apache.tomcat.util.digester.Digester   :   match='mbeans-descriptors/mbean/attribute'
2019-12-06 11:18:43.763 DEBUG 7503 --- [    Test worker] o.apache.tomcat.util.digester.Digester   :   bodyText=''
2019-12-06 11:18:43.763 DEBUG 7503 --- [    Test worker] o.apache.tomcat.util.digester.Digester   :   Fire body() for ObjectCreateRule[className=org.apache.tomcat.util.modeler.AttributeInfo, attributeName=null]
2019-12-06 11:18:43.763 DEBUG 7503 --- [    Test worker] o.apache.tomcat.util.digester.Digester   :   Fire body() for SetPropertiesRule[]
2019-12-06 11:18:43.764 DEBUG 7503 --- [    Test worker] o.apache.tomcat.util.digester.Digester   :   Fire body() for SetNextRule[methodName=addAttribute, paramType=org.apache.tomcat.util.modeler.AttributeInfo]
2019-12-06 11:18:43.764 DEBUG 7503 --- [    Test worker] o.apache.tomcat.util.digester.Digester   :   Fire end() for SetNextRule[methodName=addAttribute, paramType=org.apache.tomcat.util.modeler.AttributeInfo]
2019-12-06 11:18:43.764 DEBUG 7503 --- [    Test worker] o.apache.tomcat.util.digester.Digester   : [SetNextRule]{mbeans-descriptors/mbean/attribute} Call org.apache.tomcat.util.modeler.ManagedBean.addAttribute(org.apache.tomcat.util.modeler.AttributeInfo@40b7c88f)
2019-12-06 11:18:43.764 DEBUG 7503 --- [    Test worker] o.apache.tomcat.util.IntrospectionUtils  : IntrospectionUtils: callMethod1 org.apache.tomcat.util.modeler.ManagedBean org.apache.tomcat.util.modeler.AttributeInfo org.apache.tomcat.util.modeler.AttributeInfo
2019-12-06 11:18:43.764 DEBUG 7503 --- [    Test worker] o.apache.tomcat.util.digester.Digester   :   Fire end() for SetPropertiesRule[]
2019-12-06 11:18:43.764 DEBUG 7503 --- [    Test worker] o.apache.tomcat.util.digester.Digester   :   Fire end() for ObjectCreateRule[className=org.apache.tomcat.util.modeler.AttributeInfo, attributeName=null]
2019-12-06 11:18:43.764 DEBUG 7503 --- [    Test worker] o.apache.tomcat.util.digester.Digester   : [ObjectCreateRule]{mbeans-descriptors/mbean/attribute} Pop org.apache.tomcat.util.modeler.AttributeInfo
2019-12-06 11:18:43.764 DEBUG 7503 --- [    Test worker] o.a.tomcat.util.digester.Digester.sax    : characters(

    )
2019-12-06 11:18:43.765 DEBUG 7503 --- [    Test worker] o.a.tomcat.util.digester.Digester.sax    : startElement(,,attribute)
2019-12-06 11:18:43.765 DEBUG 7503 --- [    Test worker] o.apache.tomcat.util.digester.Digester   :   New match='mbeans-descriptors/mbean/attribute'
2019-12-06 11:18:43.765 DEBUG 7503 --- [    Test worker] o.apache.tomcat.util.digester.Digester   :   Fire begin() for ObjectCreateRule[className=org.apache.tomcat.util.modeler.AttributeInfo, attributeName=null]
2019-12-06 11:18:43.765 DEBUG 7503 --- [    Test worker] o.apache.tomcat.util.digester.Digester   :   Fire begin() for SetPropertiesRule[]
2019-12-06 11:18:43.765 DEBUG 7503 --- [    Test worker] o.apache.tomcat.util.digester.Digester   : [SetPropertiesRule]{mbeans-descriptors/mbean/attribute} Set org.apache.tomcat.util.modeler.AttributeInfo properties
2019-12-06 11:18:43.765 DEBUG 7503 --- [    Test worker] o.apache.tomcat.util.digester.Digester   : [SetPropertiesRule]{mbeans-descriptors/mbean/attribute} Setting property 'name' to 'useSendfile'
2019-12-06 11:18:43.765 DEBUG 7503 --- [    Test worker] o.apache.tomcat.util.IntrospectionUtils  : IntrospectionUtils: setProperty(class org.apache.tomcat.util.modeler.AttributeInfo name=useSendfile)
2019-12-06 11:18:43.766 DEBUG 7503 --- [    Test worker] o.apache.tomcat.util.digester.Digester   : [SetPropertiesRule]{mbeans-descriptors/mbean/attribute} Setting property 'type' to 'boolean'
2019-12-06 11:18:43.766 DEBUG 7503 --- [    Test worker] o.apache.tomcat.util.IntrospectionUtils  : IntrospectionUtils: setProperty(class org.apache.tomcat.util.modeler.AttributeInfo type=boolean)
2019-12-06 11:18:43.766 DEBUG 7503 --- [    Test worker] o.apache.tomcat.util.digester.Digester   :   Fire begin() for SetNextRule[methodName=addAttribute, paramType=org.apache.tomcat.util.modeler.AttributeInfo]
2019-12-06 11:18:43.766 DEBUG 7503 --- [    Test worker] o.a.tomcat.util.digester.Digester.sax    : endElement(,,attribute)
2019-12-06 11:18:43.766 DEBUG 7503 --- [    Test worker] o.apache.tomcat.util.digester.Digester   :   match='mbeans-descriptors/mbean/attribute'
2019-12-06 11:18:43.766 DEBUG 7503 --- [    Test worker] o.apache.tomcat.util.digester.Digester   :   bodyText=''
2019-12-06 11:18:43.766 DEBUG 7503 --- [    Test worker] o.apache.tomcat.util.digester.Digester   :   Fire body() for ObjectCreateRule[className=org.apache.tomcat.util.modeler.AttributeInfo, attributeName=null]
2019-12-06 11:18:43.766 DEBUG 7503 --- [    Test worker] o.apache.tomcat.util.digester.Digester   :   Fire body() for SetPropertiesRule[]
2019-12-06 11:18:43.767 DEBUG 7503 --- [    Test worker] o.apache.tomcat.util.digester.Digester   :   Fire body() for SetNextRule[methodName=addAttribute, paramType=org.apache.tomcat.util.modeler.AttributeInfo]
2019-12-06 11:18:43.767 DEBUG 7503 --- [    Test worker] o.apache.tomcat.util.digester.Digester   :   Fire end() for SetNextRule[methodName=addAttribute, paramType=org.apache.tomcat.util.modeler.AttributeInfo]
2019-12-06 11:18:43.767 DEBUG 7503 --- [    Test worker] o.apache.tomcat.util.digester.Digester   : [SetNextRule]{mbeans-descriptors/mbean/attribute} Call org.apache.tomcat.util.modeler.ManagedBean.addAttribute(org.apache.tomcat.util.modeler.AttributeInfo@1693d63c)
2019-12-06 11:18:43.767 DEBUG 7503 --- [    Test worker] o.apache.tomcat.util.IntrospectionUtils  : IntrospectionUtils: callMethod1 org.apache.tomcat.util.modeler.ManagedBean org.apache.tomcat.util.modeler.AttributeInfo org.apache.tomcat.util.modeler.AttributeInfo
2019-12-06 11:18:43.767 DEBUG 7503 --- [    Test worker] o.apache.tomcat.util.digester.Digester   :   Fire end() for SetPropertiesRule[]
2019-12-06 11:18:43.767 DEBUG 7503 --- [    Test worker] o.apache.tomcat.util.digester.Digester   :   Fire end() for ObjectCreateRule[className=org.apache.tomcat.util.modeler.AttributeInfo, attributeName=null]
2019-12-06 11:18:43.767 DEBUG 7503 --- [    Test worker] o.apache.tomcat.util.digester.Digester   : [ObjectCreateRule]{mbeans-descriptors/mbean/attribute} Pop org.apache.tomcat.util.modeler.AttributeInfo
2019-12-06 11:18:43.768 DEBUG 7503 --- [    Test worker] o.a.tomcat.util.digester.Digester.sax    : characters(

    )
2019-12-06 11:18:43.768 DEBUG 7503 --- [    Test worker] o.a.tomcat.util.digester.Digester.sax    : startElement(,,operation)
2019-12-06 11:18:43.768 DEBUG 7503 --- [    Test worker] o.apache.tomcat.util.digester.Digester   :   New match='mbeans-descriptors/mbean/operation'
2019-12-06 11:18:43.768 DEBUG 7503 --- [    Test worker] o.apache.tomcat.util.digester.Digester   :   Fire begin() for ObjectCreateRule[className=org.apache.tomcat.util.modeler.OperationInfo, attributeName=null]
2019-12-06 11:18:43.768 DEBUG 7503 --- [    Test worker] o.apache.tomcat.util.digester.Digester   :   Fire begin() for SetPropertiesRule[]
2019-12-06 11:18:43.768 DEBUG 7503 --- [    Test worker] o.apache.tomcat.util.digester.Digester   : [SetPropertiesRule]{mbeans-descriptors/mbean/operation} Set org.apache.tomcat.util.modeler.OperationInfo properties
2019-12-06 11:18:43.768 DEBUG 7503 --- [    Test worker] o.apache.tomcat.util.digester.Digester   : [SetPropertiesRule]{mbeans-descriptors/mbean/operation} Setting property 'name' to 'addNegotiatedProtocol'
2019-12-06 11:18:43.768 DEBUG 7503 --- [    Test worker] o.apache.tomcat.util.IntrospectionUtils  : IntrospectionUtils: setProperty(class org.apache.tomcat.util.modeler.OperationInfo name=addNegotiatedProtocol)
2019-12-06 11:18:43.769 DEBUG 7503 --- [    Test worker] o.apache.tomcat.util.digester.Digester   : [SetPropertiesRule]{mbeans-descriptors/mbean/operation} Setting property 'returnType' to 'void'
2019-12-06 11:18:43.769 DEBUG 7503 --- [    Test worker] o.apache.tomcat.util.IntrospectionUtils  : IntrospectionUtils: setProperty(class org.apache.tomcat.util.modeler.OperationInfo returnType=void)
2019-12-06 11:18:43.769 DEBUG 7503 --- [    Test worker] o.apache.tomcat.util.digester.Digester   :   Fire begin() for SetNextRule[methodName=addOperation, paramType=org.apache.tomcat.util.modeler.OperationInfo]
2019-12-06 11:18:43.769 DEBUG 7503 --- [    Test worker] o.a.tomcat.util.digester.Digester.sax    : characters(
      )
2019-12-06 11:18:43.769 DEBUG 7503 --- [    Test worker] o.a.tomcat.util.digester.Digester.sax    : startElement(,,parameter)
2019-12-06 11:18:43.769 DEBUG 7503 --- [    Test worker] o.apache.tomcat.util.digester.Digester   :   New match='mbeans-descriptors/mbean/operation/parameter'
2019-12-06 11:18:43.769 DEBUG 7503 --- [    Test worker] o.apache.tomcat.util.digester.Digester   :   Fire begin() for ObjectCreateRule[className=org.apache.tomcat.util.modeler.ParameterInfo, attributeName=null]
2019-12-06 11:18:43.770 DEBUG 7503 --- [    Test worker] o.apache.tomcat.util.digester.Digester   :   Fire begin() for SetPropertiesRule[]
2019-12-06 11:18:43.770 DEBUG 7503 --- [    Test worker] o.apache.tomcat.util.digester.Digester   : [SetPropertiesRule]{mbeans-descriptors/mbean/operation/parameter} Set org.apache.tomcat.util.modeler.ParameterInfo properties
2019-12-06 11:18:43.770 DEBUG 7503 --- [    Test worker] o.apache.tomcat.util.digester.Digester   : [SetPropertiesRule]{mbeans-descriptors/mbean/operation/parameter} Setting property 'name' to 'param0'
2019-12-06 11:18:43.770 DEBUG 7503 --- [    Test worker] o.apache.tomcat.util.IntrospectionUtils  : IntrospectionUtils: setProperty(class org.apache.tomcat.util.modeler.ParameterInfo name=param0)
2019-12-06 11:18:43.770 DEBUG 7503 --- [    Test worker] o.apache.tomcat.util.digester.Digester   : [SetPropertiesRule]{mbeans-descriptors/mbean/operation/parameter} Setting property 'type' to 'java.lang.String'
2019-12-06 11:18:43.770 DEBUG 7503 --- [    Test worker] o.apache.tomcat.util.IntrospectionUtils  : IntrospectionUtils: setProperty(class org.apache.tomcat.util.modeler.ParameterInfo type=java.lang.String)
2019-12-06 11:18:43.771 DEBUG 7503 --- [    Test worker] o.apache.tomcat.util.digester.Digester   :   Fire begin() for SetNextRule[methodName=addParameter, paramType=org.apache.tomcat.util.modeler.ParameterInfo]
2019-12-06 11:18:43.771 DEBUG 7503 --- [    Test worker] o.a.tomcat.util.digester.Digester.sax    : endElement(,,parameter)
2019-12-06 11:18:43.771 DEBUG 7503 --- [    Test worker] o.apache.tomcat.util.digester.Digester   :   match='mbeans-descriptors/mbean/operation/parameter'
2019-12-06 11:18:43.771 DEBUG 7503 --- [    Test worker] o.apache.tomcat.util.digester.Digester   :   bodyText=''
2019-12-06 11:18:43.771 DEBUG 7503 --- [    Test worker] o.apache.tomcat.util.digester.Digester   :   Fire body() for ObjectCreateRule[className=org.apache.tomcat.util.modeler.ParameterInfo, attributeName=null]
2019-12-06 11:18:43.771 DEBUG 7503 --- [    Test worker] o.apache.tomcat.util.digester.Digester   :   Fire body() for SetPropertiesRule[]
2019-12-06 11:18:43.771 DEBUG 7503 --- [    Test worker] o.apache.tomcat.util.digester.Digester   :   Fire body() for SetNextRule[methodName=addParameter, paramType=org.apache.tomcat.util.modeler.ParameterInfo]
2019-12-06 11:18:43.772 DEBUG 7503 --- [    Test worker] o.apache.tomcat.util.digester.Digester   :   Fire end() for SetNextRule[methodName=addParameter, paramType=org.apache.tomcat.util.modeler.ParameterInfo]
2019-12-06 11:18:43.772 DEBUG 7503 --- [    Test worker] o.apache.tomcat.util.digester.Digester   : [SetNextRule]{mbeans-descriptors/mbean/operation/parameter} Call org.apache.tomcat.util.modeler.OperationInfo.addParameter(org.apache.tomcat.util.modeler.ParameterInfo@5b1761e9)
2019-12-06 11:18:43.772 DEBUG 7503 --- [    Test worker] o.apache.tomcat.util.IntrospectionUtils  : IntrospectionUtils: callMethod1 org.apache.tomcat.util.modeler.OperationInfo org.apache.tomcat.util.modeler.ParameterInfo org.apache.tomcat.util.modeler.ParameterInfo
2019-12-06 11:18:43.772 DEBUG 7503 --- [    Test worker] o.apache.tomcat.util.digester.Digester   :   Fire end() for SetPropertiesRule[]
2019-12-06 11:18:43.772 DEBUG 7503 --- [    Test worker] o.apache.tomcat.util.digester.Digester   :   Fire end() for ObjectCreateRule[className=org.apache.tomcat.util.modeler.ParameterInfo, attributeName=null]
2019-12-06 11:18:43.772 DEBUG 7503 --- [    Test worker] o.apache.tomcat.util.digester.Digester   : [ObjectCreateRule]{mbeans-descriptors/mbean/operation/parameter} Pop org.apache.tomcat.util.modeler.ParameterInfo
2019-12-06 11:18:43.772 DEBUG 7503 --- [    Test worker] o.a.tomcat.util.digester.Digester.sax    : characters(
    )
2019-12-06 11:18:43.773 DEBUG 7503 --- [    Test worker] o.a.tomcat.util.digester.Digester.sax    : endElement(,,operation)
2019-12-06 11:18:43.773 DEBUG 7503 --- [    Test worker] o.apache.tomcat.util.digester.Digester   :   match='mbeans-descriptors/mbean/operation'
2019-12-06 11:18:43.773 DEBUG 7503 --- [    Test worker] o.apache.tomcat.util.digester.Digester   :   bodyText='
      
    '
2019-12-06 11:18:43.773 DEBUG 7503 --- [    Test worker] o.apache.tomcat.util.digester.Digester   :   Fire body() for ObjectCreateRule[className=org.apache.tomcat.util.modeler.OperationInfo, attributeName=null]
2019-12-06 11:18:43.773 DEBUG 7503 --- [    Test worker] o.apache.tomcat.util.digester.Digester   :   Fire body() for SetPropertiesRule[]
2019-12-06 11:18:43.773 DEBUG 7503 --- [    Test worker] o.apache.tomcat.util.digester.Digester   :   Fire body() for SetNextRule[methodName=addOperation, paramType=org.apache.tomcat.util.modeler.OperationInfo]
2019-12-06 11:18:43.773 DEBUG 7503 --- [    Test worker] o.apache.tomcat.util.digester.Digester   :   Fire end() for SetNextRule[methodName=addOperation, paramType=org.apache.tomcat.util.modeler.OperationInfo]
2019-12-06 11:18:43.773 DEBUG 7503 --- [    Test worker] o.apache.tomcat.util.digester.Digester   : [SetNextRule]{mbeans-descriptors/mbean/operation} Call org.apache.tomcat.util.modeler.ManagedBean.addOperation(org.apache.tomcat.util.modeler.OperationInfo@55f2e864)
2019-12-06 11:18:43.774 DEBUG 7503 --- [    Test worker] o.apache.tomcat.util.IntrospectionUtils  : IntrospectionUtils: callMethod1 org.apache.tomcat.util.modeler.ManagedBean org.apache.tomcat.util.modeler.OperationInfo org.apache.tomcat.util.modeler.OperationInfo
2019-12-06 11:18:43.774 DEBUG 7503 --- [    Test worker] o.apache.tomcat.util.digester.Digester   :   Fire end() for SetPropertiesRule[]
2019-12-06 11:18:43.774 DEBUG 7503 --- [    Test worker] o.apache.tomcat.util.digester.Digester   :   Fire end() for ObjectCreateRule[className=org.apache.tomcat.util.modeler.OperationInfo, attributeName=null]
2019-12-06 11:18:43.774 DEBUG 7503 --- [    Test worker] o.apache.tomcat.util.digester.Digester   : [ObjectCreateRule]{mbeans-descriptors/mbean/operation} Pop org.apache.tomcat.util.modeler.OperationInfo
2019-12-06 11:18:43.774 DEBUG 7503 --- [    Test worker] o.a.tomcat.util.digester.Digester.sax    : characters(

    )
2019-12-06 11:18:43.774 DEBUG 7503 --- [    Test worker] o.a.tomcat.util.digester.Digester.sax    : startElement(,,operation)
2019-12-06 11:18:43.774 DEBUG 7503 --- [    Test worker] o.apache.tomcat.util.digester.Digester   :   New match='mbeans-descriptors/mbean/operation'
2019-12-06 11:18:43.775 DEBUG 7503 --- [    Test worker] o.apache.tomcat.util.digester.Digester   :   Fire begin() for ObjectCreateRule[className=org.apache.tomcat.util.modeler.OperationInfo, attributeName=null]
2019-12-06 11:18:43.775 DEBUG 7503 --- [    Test worker] o.apache.tomcat.util.digester.Digester   :   Fire begin() for SetPropertiesRule[]
2019-12-06 11:18:43.775 DEBUG 7503 --- [    Test worker] o.apache.tomcat.util.digester.Digester   : [SetPropertiesRule]{mbeans-descriptors/mbean/operation} Set org.apache.tomcat.util.modeler.OperationInfo properties
2019-12-06 11:18:43.775 DEBUG 7503 --- [    Test worker] o.apache.tomcat.util.digester.Digester   : [SetPropertiesRule]{mbeans-descriptors/mbean/operation} Setting property 'name' to 'bind'
2019-12-06 11:18:43.775 DEBUG 7503 --- [    Test worker] o.apache.tomcat.util.IntrospectionUtils  : IntrospectionUtils: setProperty(class org.apache.tomcat.util.modeler.OperationInfo name=bind)
2019-12-06 11:18:43.775 DEBUG 7503 --- [    Test worker] o.apache.tomcat.util.digester.Digester   : [SetPropertiesRule]{mbeans-descriptors/mbean/operation} Setting property 'returnType' to 'void'
2019-12-06 11:18:43.775 DEBUG 7503 --- [    Test worker] o.apache.tomcat.util.IntrospectionUtils  : IntrospectionUtils: setProperty(class org.apache.tomcat.util.modeler.OperationInfo returnType=void)
2019-12-06 11:18:43.776 DEBUG 7503 --- [    Test worker] o.apache.tomcat.util.digester.Digester   :   Fire begin() for SetNextRule[methodName=addOperation, paramType=org.apache.tomcat.util.modeler.OperationInfo]
2019-12-06 11:18:43.776 DEBUG 7503 --- [    Test worker] o.a.tomcat.util.digester.Digester.sax    : endElement(,,operation)
2019-12-06 11:18:43.776 DEBUG 7503 --- [    Test worker] o.apache.tomcat.util.digester.Digester   :   match='mbeans-descriptors/mbean/operation'
2019-12-06 11:18:43.776 DEBUG 7503 --- [    Test worker] o.apache.tomcat.util.digester.Digester   :   bodyText=''
2019-12-06 11:18:43.776 DEBUG 7503 --- [    Test worker] o.apache.tomcat.util.digester.Digester   :   Fire body() for ObjectCreateRule[className=org.apache.tomcat.util.modeler.OperationInfo, attributeName=null]
2019-12-06 11:18:43.776 DEBUG 7503 --- [    Test worker] o.apache.tomcat.util.digester.Digester   :   Fire body() for SetPropertiesRule[]
2019-12-06 11:18:43.776 DEBUG 7503 --- [    Test worker] o.apache.tomcat.util.digester.Digester   :   Fire body() for SetNextRule[methodName=addOperation, paramType=org.apache.tomcat.util.modeler.OperationInfo]
2019-12-06 11:18:43.776 DEBUG 7503 --- [    Test worker] o.apache.tomcat.util.digester.Digester   :   Fire end() for SetNextRule[methodName=addOperation, paramType=org.apache.tomcat.util.modeler.OperationInfo]
2019-12-06 11:18:43.777 DEBUG 7503 --- [    Test worker] o.apache.tomcat.util.digester.Digester   : [SetNextRule]{mbeans-descriptors/mbean/operation} Call org.apache.tomcat.util.modeler.ManagedBean.addOperation(org.apache.tomcat.util.modeler.OperationInfo@2bffb1e5)
2019-12-06 11:18:43.777 DEBUG 7503 --- [    Test worker] o.apache.tomcat.util.IntrospectionUtils  : IntrospectionUtils: callMethod1 org.apache.tomcat.util.modeler.ManagedBean org.apache.tomcat.util.modeler.OperationInfo org.apache.tomcat.util.modeler.OperationInfo
2019-12-06 11:18:43.777 DEBUG 7503 --- [    Test worker] o.apache.tomcat.util.digester.Digester   :   Fire end() for SetPropertiesRule[]
2019-12-06 11:18:43.777 DEBUG 7503 --- [    Test worker] o.apache.tomcat.util.digester.Digester   :   Fire end() for ObjectCreateRule[className=org.apache.tomcat.util.modeler.OperationInfo, attributeName=null]
2019-12-06 11:18:43.777 DEBUG 7503 --- [    Test worker] o.apache.tomcat.util.digester.Digester   : [ObjectCreateRule]{mbeans-descriptors/mbean/operation} Pop org.apache.tomcat.util.modeler.OperationInfo
2019-12-06 11:18:43.777 DEBUG 7503 --- [    Test worker] o.a.tomcat.util.digester.Digester.sax    : characters(

    )
2019-12-06 11:18:43.777 DEBUG 7503 --- [    Test worker] o.a.tomcat.util.digester.Digester.sax    : startElement(,,operation)
2019-12-06 11:18:43.778 DEBUG 7503 --- [    Test worker] o.apache.tomcat.util.digester.Digester   :   New match='mbeans-descriptors/mbean/operation'
2019-12-06 11:18:43.778 DEBUG 7503 --- [    Test worker] o.apache.tomcat.util.digester.Digester   :   Fire begin() for ObjectCreateRule[className=org.apache.tomcat.util.modeler.OperationInfo, attributeName=null]
2019-12-06 11:18:43.778 DEBUG 7503 --- [    Test worker] o.apache.tomcat.util.digester.Digester   :   Fire begin() for SetPropertiesRule[]
2019-12-06 11:18:43.778 DEBUG 7503 --- [    Test worker] o.apache.tomcat.util.digester.Digester   : [SetPropertiesRule]{mbeans-descriptors/mbean/operation} Set org.apache.tomcat.util.modeler.OperationInfo properties
2019-12-06 11:18:43.778 DEBUG 7503 --- [    Test worker] o.apache.tomcat.util.digester.Digester   : [SetPropertiesRule]{mbeans-descriptors/mbean/operation} Setting property 'name' to 'closeServerSocketGraceful'
2019-12-06 11:18:43.778 DEBUG 7503 --- [    Test worker] o.apache.tomcat.util.IntrospectionUtils  : IntrospectionUtils: setProperty(class org.apache.tomcat.util.modeler.OperationInfo name=closeServerSocketGraceful)
2019-12-06 11:18:43.778 DEBUG 7503 --- [    Test worker] o.apache.tomcat.util.digester.Digester   : [SetPropertiesRule]{mbeans-descriptors/mbean/operation} Setting property 'returnType' to 'void'
2019-12-06 11:18:43.778 DEBUG 7503 --- [    Test worker] o.apache.tomcat.util.IntrospectionUtils  : IntrospectionUtils: setProperty(class org.apache.tomcat.util.modeler.OperationInfo returnType=void)
2019-12-06 11:18:43.779 DEBUG 7503 --- [    Test worker] o.apache.tomcat.util.digester.Digester   :   Fire begin() for SetNextRule[methodName=addOperation, paramType=org.apache.tomcat.util.modeler.OperationInfo]
2019-12-06 11:18:43.779 DEBUG 7503 --- [    Test worker] o.a.tomcat.util.digester.Digester.sax    : endElement(,,operation)
2019-12-06 11:18:43.779 DEBUG 7503 --- [    Test worker] o.apache.tomcat.util.digester.Digester   :   match='mbeans-descriptors/mbean/operation'
2019-12-06 11:18:43.779 DEBUG 7503 --- [    Test worker] o.apache.tomcat.util.digester.Digester   :   bodyText=''
2019-12-06 11:18:43.779 DEBUG 7503 --- [    Test worker] o.apache.tomcat.util.digester.Digester   :   Fire body() for ObjectCreateRule[className=org.apache.tomcat.util.modeler.OperationInfo, attributeName=null]
2019-12-06 11:18:43.779 DEBUG 7503 --- [    Test worker] o.apache.tomcat.util.digester.Digester   :   Fire body() for SetPropertiesRule[]
2019-12-06 11:18:43.779 DEBUG 7503 --- [    Test worker] o.apache.tomcat.util.digester.Digester   :   Fire body() for SetNextRule[methodName=addOperation, paramType=org.apache.tomcat.util.modeler.OperationInfo]
2019-12-06 11:18:43.780 DEBUG 7503 --- [    Test worker] o.apache.tomcat.util.digester.Digester   :   Fire end() for SetNextRule[methodName=addOperation, paramType=org.apache.tomcat.util.modeler.OperationInfo]
2019-12-06 11:18:43.780 DEBUG 7503 --- [    Test worker] o.apache.tomcat.util.digester.Digester   : [SetNextRule]{mbeans-descriptors/mbean/operation} Call org.apache.tomcat.util.modeler.ManagedBean.addOperation(org.apache.tomcat.util.modeler.OperationInfo@23d5a090)
2019-12-06 11:18:43.780 DEBUG 7503 --- [    Test worker] o.apache.tomcat.util.IntrospectionUtils  : IntrospectionUtils: callMethod1 org.apache.tomcat.util.modeler.ManagedBean org.apache.tomcat.util.modeler.OperationInfo org.apache.tomcat.util.modeler.OperationInfo
2019-12-06 11:18:43.780 DEBUG 7503 --- [    Test worker] o.apache.tomcat.util.digester.Digester   :   Fire end() for SetPropertiesRule[]
2019-12-06 11:18:43.780 DEBUG 7503 --- [    Test worker] o.apache.tomcat.util.digester.Digester   :   Fire end() for ObjectCreateRule[className=org.apache.tomcat.util.modeler.OperationInfo, attributeName=null]
2019-12-06 11:18:43.780 DEBUG 7503 --- [    Test worker] o.apache.tomcat.util.digester.Digester   : [ObjectCreateRule]{mbeans-descriptors/mbean/operation} Pop org.apache.tomcat.util.modeler.OperationInfo
2019-12-06 11:18:43.780 DEBUG 7503 --- [    Test worker] o.a.tomcat.util.digester.Digester.sax    : characters(

    )
2019-12-06 11:18:43.781 DEBUG 7503 --- [    Test worker] o.a.tomcat.util.digester.Digester.sax    : startElement(,,operation)
2019-12-06 11:18:43.781 DEBUG 7503 --- [    Test worker] o.apache.tomcat.util.digester.Digester   :   New match='mbeans-descriptors/mbean/operation'
2019-12-06 11:18:43.781 DEBUG 7503 --- [    Test worker] o.apache.tomcat.util.digester.Digester   :   Fire begin() for ObjectCreateRule[className=org.apache.tomcat.util.modeler.OperationInfo, attributeName=null]
2019-12-06 11:18:43.781 DEBUG 7503 --- [    Test worker] o.apache.tomcat.util.digester.Digester   :   Fire begin() for SetPropertiesRule[]
2019-12-06 11:18:43.781 DEBUG 7503 --- [    Test worker] o.apache.tomcat.util.digester.Digester   : [SetPropertiesRule]{mbeans-descriptors/mbean/operation} Set org.apache.tomcat.util.modeler.OperationInfo properties
2019-12-06 11:18:43.781 DEBUG 7503 --- [    Test worker] o.apache.tomcat.util.digester.Digester   : [SetPropertiesRule]{mbeans-descriptors/mbean/operation} Setting property 'name' to 'createExecutor'
2019-12-06 11:18:43.781 DEBUG 7503 --- [    Test worker] o.apache.tomcat.util.IntrospectionUtils  : IntrospectionUtils: setProperty(class org.apache.tomcat.util.modeler.OperationInfo name=createExecutor)
2019-12-06 11:18:43.781 DEBUG 7503 --- [    Test worker] o.apache.tomcat.util.digester.Digester   : [SetPropertiesRule]{mbeans-descriptors/mbean/operation} Setting property 'returnType' to 'void'
2019-12-06 11:18:43.782 DEBUG 7503 --- [    Test worker] o.apache.tomcat.util.IntrospectionUtils  : IntrospectionUtils: setProperty(class org.apache.tomcat.util.modeler.OperationInfo returnType=void)
2019-12-06 11:18:43.782 DEBUG 7503 --- [    Test worker] o.apache.tomcat.util.digester.Digester   :   Fire begin() for SetNextRule[methodName=addOperation, paramType=org.apache.tomcat.util.modeler.OperationInfo]
2019-12-06 11:18:43.782 DEBUG 7503 --- [    Test worker] o.a.tomcat.util.digester.Digester.sax    : endElement(,,operation)
2019-12-06 11:18:43.782 DEBUG 7503 --- [    Test worker] o.apache.tomcat.util.digester.Digester   :   match='mbeans-descriptors/mbean/operation'
2019-12-06 11:18:43.782 DEBUG 7503 --- [    Test worker] o.apache.tomcat.util.digester.Digester   :   bodyText=''
2019-12-06 11:18:43.782 DEBUG 7503 --- [    Test worker] o.apache.tomcat.util.digester.Digester   :   Fire body() for ObjectCreateRule[className=org.apache.tomcat.util.modeler.OperationInfo, attributeName=null]
2019-12-06 11:18:43.782 DEBUG 7503 --- [    Test worker] o.apache.tomcat.util.digester.Digester   :   Fire body() for SetPropertiesRule[]
2019-12-06 11:18:43.783 DEBUG 7503 --- [    Test worker] o.apache.tomcat.util.digester.Digester   :   Fire body() for SetNextRule[methodName=addOperation, paramType=org.apache.tomcat.util.modeler.OperationInfo]
2019-12-06 11:18:43.783 DEBUG 7503 --- [    Test worker] o.apache.tomcat.util.digester.Digester   :   Fire end() for SetNextRule[methodName=addOperation, paramType=org.apache.tomcat.util.modeler.OperationInfo]
2019-12-06 11:18:43.783 DEBUG 7503 --- [    Test worker] o.apache.tomcat.util.digester.Digester   : [SetNextRule]{mbeans-descriptors/mbean/operation} Call org.apache.tomcat.util.modeler.ManagedBean.addOperation(org.apache.tomcat.util.modeler.OperationInfo@432d952a)
2019-12-06 11:18:43.783 DEBUG 7503 --- [    Test worker] o.apache.tomcat.util.IntrospectionUtils  : IntrospectionUtils: callMethod1 org.apache.tomcat.util.modeler.ManagedBean org.apache.tomcat.util.modeler.OperationInfo org.apache.tomcat.util.modeler.OperationInfo
2019-12-06 11:18:43.783 DEBUG 7503 --- [    Test worker] o.apache.tomcat.util.digester.Digester   :   Fire end() for SetPropertiesRule[]
2019-12-06 11:18:43.783 DEBUG 7503 --- [    Test worker] o.apache.tomcat.util.digester.Digester   :   Fire end() for ObjectCreateRule[className=org.apache.tomcat.util.modeler.OperationInfo, attributeName=null]
2019-12-06 11:18:43.783 DEBUG 7503 --- [    Test worker] o.apache.tomcat.util.digester.Digester   : [ObjectCreateRule]{mbeans-descriptors/mbean/operation} Pop org.apache.tomcat.util.modeler.OperationInfo
2019-12-06 11:18:43.783 DEBUG 7503 --- [    Test worker] o.a.tomcat.util.digester.Digester.sax    : characters(

    )
2019-12-06 11:18:43.784 DEBUG 7503 --- [    Test worker] o.a.tomcat.util.digester.Digester.sax    : startElement(,,operation)
2019-12-06 11:18:43.784 DEBUG 7503 --- [    Test worker] o.apache.tomcat.util.digester.Digester   :   New match='mbeans-descriptors/mbean/operation'
2019-12-06 11:18:43.784 DEBUG 7503 --- [    Test worker] o.apache.tomcat.util.digester.Digester   :   Fire begin() for ObjectCreateRule[className=org.apache.tomcat.util.modeler.OperationInfo, attributeName=null]
2019-12-06 11:18:43.784 DEBUG 7503 --- [    Test worker] o.apache.tomcat.util.digester.Digester   :   Fire begin() for SetPropertiesRule[]
2019-12-06 11:18:43.784 DEBUG 7503 --- [    Test worker] o.apache.tomcat.util.digester.Digester   : [SetPropertiesRule]{mbeans-descriptors/mbean/operation} Set org.apache.tomcat.util.modeler.OperationInfo properties
2019-12-06 11:18:43.784 DEBUG 7503 --- [    Test worker] o.apache.tomcat.util.digester.Digester   : [SetPropertiesRule]{mbeans-descriptors/mbean/operation} Setting property 'name' to 'destroy'
2019-12-06 11:18:43.785 DEBUG 7503 --- [    Test worker] o.apache.tomcat.util.IntrospectionUtils  : IntrospectionUtils: setProperty(class org.apache.tomcat.util.modeler.OperationInfo name=destroy)
2019-12-06 11:18:43.785 DEBUG 7503 --- [    Test worker] o.apache.tomcat.util.digester.Digester   : [SetPropertiesRule]{mbeans-descriptors/mbean/operation} Setting property 'returnType' to 'void'
2019-12-06 11:18:43.785 DEBUG 7503 --- [    Test worker] o.apache.tomcat.util.IntrospectionUtils  : IntrospectionUtils: setProperty(class org.apache.tomcat.util.modeler.OperationInfo returnType=void)
2019-12-06 11:18:43.785 DEBUG 7503 --- [    Test worker] o.apache.tomcat.util.digester.Digester   :   Fire begin() for SetNextRule[methodName=addOperation, paramType=org.apache.tomcat.util.modeler.OperationInfo]
2019-12-06 11:18:43.785 DEBUG 7503 --- [    Test worker] o.a.tomcat.util.digester.Digester.sax    : endElement(,,operation)
2019-12-06 11:18:43.785 DEBUG 7503 --- [    Test worker] o.apache.tomcat.util.digester.Digester   :   match='mbeans-descriptors/mbean/operation'
2019-12-06 11:18:43.785 DEBUG 7503 --- [    Test worker] o.apache.tomcat.util.digester.Digester   :   bodyText=''
2019-12-06 11:18:43.786 DEBUG 7503 --- [    Test worker] o.apache.tomcat.util.digester.Digester   :   Fire body() for ObjectCreateRule[className=org.apache.tomcat.util.modeler.OperationInfo, attributeName=null]
2019-12-06 11:18:43.786 DEBUG 7503 --- [    Test worker] o.apache.tomcat.util.digester.Digester   :   Fire body() for SetPropertiesRule[]
2019-12-06 11:18:43.786 DEBUG 7503 --- [    Test worker] o.apache.tomcat.util.digester.Digester   :   Fire body() for SetNextRule[methodName=addOperation, paramType=org.apache.tomcat.util.modeler.OperationInfo]
2019-12-06 11:18:43.786 DEBUG 7503 --- [    Test worker] o.apache.tomcat.util.digester.Digester   :   Fire end() for SetNextRule[methodName=addOperation, paramType=org.apache.tomcat.util.modeler.OperationInfo]
2019-12-06 11:18:43.786 DEBUG 7503 --- [    Test worker] o.apache.tomcat.util.digester.Digester   : [SetNextRule]{mbeans-descriptors/mbean/operation} Call org.apache.tomcat.util.modeler.ManagedBean.addOperation(org.apache.tomcat.util.modeler.OperationInfo@1def4e3)
2019-12-06 11:18:43.786 DEBUG 7503 --- [    Test worker] o.apache.tomcat.util.IntrospectionUtils  : IntrospectionUtils: callMethod1 org.apache.tomcat.util.modeler.ManagedBean org.apache.tomcat.util.modeler.OperationInfo org.apache.tomcat.util.modeler.OperationInfo
2019-12-06 11:18:43.786 DEBUG 7503 --- [    Test worker] o.apache.tomcat.util.digester.Digester   :   Fire end() for SetPropertiesRule[]
2019-12-06 11:18:43.786 DEBUG 7503 --- [    Test worker] o.apache.tomcat.util.digester.Digester   :   Fire end() for ObjectCreateRule[className=org.apache.tomcat.util.modeler.OperationInfo, attributeName=null]
2019-12-06 11:18:43.787 DEBUG 7503 --- [    Test worker] o.apache.tomcat.util.digester.Digester   : [ObjectCreateRule]{mbeans-descriptors/mbean/operation} Pop org.apache.tomcat.util.modeler.OperationInfo
2019-12-06 11:18:43.787 DEBUG 7503 --- [    Test worker] o.a.tomcat.util.digester.Digester.sax    : characters(

    )
2019-12-06 11:18:43.787 DEBUG 7503 --- [    Test worker] o.a.tomcat.util.digester.Digester.sax    : startElement(,,operation)
2019-12-06 11:18:43.787 DEBUG 7503 --- [    Test worker] o.apache.tomcat.util.digester.Digester   :   New match='mbeans-descriptors/mbean/operation'
2019-12-06 11:18:43.787 DEBUG 7503 --- [    Test worker] o.apache.tomcat.util.digester.Digester   :   Fire begin() for ObjectCreateRule[className=org.apache.tomcat.util.modeler.OperationInfo, attributeName=null]
2019-12-06 11:18:43.787 DEBUG 7503 --- [    Test worker] o.apache.tomcat.util.digester.Digester   :   Fire begin() for SetPropertiesRule[]
2019-12-06 11:18:43.787 DEBUG 7503 --- [    Test worker] o.apache.tomcat.util.digester.Digester   : [SetPropertiesRule]{mbeans-descriptors/mbean/operation} Set org.apache.tomcat.util.modeler.OperationInfo properties
2019-12-06 11:18:43.788 DEBUG 7503 --- [    Test worker] o.apache.tomcat.util.digester.Digester   : [SetPropertiesRule]{mbeans-descriptors/mbean/operation} Setting property 'name' to 'findSslHostConfigs'
2019-12-06 11:18:43.788 DEBUG 7503 --- [    Test worker] o.apache.tomcat.util.IntrospectionUtils  : IntrospectionUtils: setProperty(class org.apache.tomcat.util.modeler.OperationInfo name=findSslHostConfigs)
2019-12-06 11:18:43.788 DEBUG 7503 --- [    Test worker] o.apache.tomcat.util.digester.Digester   : [SetPropertiesRule]{mbeans-descriptors/mbean/operation} Setting property 'returnType' to '[Lorg.apache.tomcat.util.net.SSLHostConfig;'
2019-12-06 11:18:43.788 DEBUG 7503 --- [    Test worker] o.apache.tomcat.util.IntrospectionUtils  : IntrospectionUtils: setProperty(class org.apache.tomcat.util.modeler.OperationInfo returnType=[Lorg.apache.tomcat.util.net.SSLHostConfig;)
2019-12-06 11:18:43.788 DEBUG 7503 --- [    Test worker] o.apache.tomcat.util.digester.Digester   :   Fire begin() for SetNextRule[methodName=addOperation, paramType=org.apache.tomcat.util.modeler.OperationInfo]
2019-12-06 11:18:43.788 DEBUG 7503 --- [    Test worker] o.a.tomcat.util.digester.Digester.sax    : endElement(,,operation)
2019-12-06 11:18:43.788 DEBUG 7503 --- [    Test worker] o.apache.tomcat.util.digester.Digester   :   match='mbeans-descriptors/mbean/operation'
2019-12-06 11:18:43.789 DEBUG 7503 --- [    Test worker] o.apache.tomcat.util.digester.Digester   :   bodyText=''
2019-12-06 11:18:43.789 DEBUG 7503 --- [    Test worker] o.apache.tomcat.util.digester.Digester   :   Fire body() for ObjectCreateRule[className=org.apache.tomcat.util.modeler.OperationInfo, attributeName=null]
2019-12-06 11:18:43.789 DEBUG 7503 --- [    Test worker] o.apache.tomcat.util.digester.Digester   :   Fire body() for SetPropertiesRule[]
2019-12-06 11:18:43.789 DEBUG 7503 --- [    Test worker] o.apache.tomcat.util.digester.Digester   :   Fire body() for SetNextRule[methodName=addOperation, paramType=org.apache.tomcat.util.modeler.OperationInfo]
2019-12-06 11:18:43.789 DEBUG 7503 --- [    Test worker] o.apache.tomcat.util.digester.Digester   :   Fire end() for SetNextRule[methodName=addOperation, paramType=org.apache.tomcat.util.modeler.OperationInfo]
2019-12-06 11:18:43.789 DEBUG 7503 --- [    Test worker] o.apache.tomcat.util.digester.Digester   : [SetNextRule]{mbeans-descriptors/mbean/operation} Call org.apache.tomcat.util.modeler.ManagedBean.addOperation(org.apache.tomcat.util.modeler.OperationInfo@57780da4)
2019-12-06 11:18:43.789 DEBUG 7503 --- [    Test worker] o.apache.tomcat.util.IntrospectionUtils  : IntrospectionUtils: callMethod1 org.apache.tomcat.util.modeler.ManagedBean org.apache.tomcat.util.modeler.OperationInfo org.apache.tomcat.util.modeler.OperationInfo
2019-12-06 11:18:43.790 DEBUG 7503 --- [    Test worker] o.apache.tomcat.util.digester.Digester   :   Fire end() for SetPropertiesRule[]
2019-12-06 11:18:43.790 DEBUG 7503 --- [    Test worker] o.apache.tomcat.util.digester.Digester   :   Fire end() for ObjectCreateRule[className=org.apache.tomcat.util.modeler.OperationInfo, attributeName=null]
2019-12-06 11:18:43.790 DEBUG 7503 --- [    Test worker] o.apache.tomcat.util.digester.Digester   : [ObjectCreateRule]{mbeans-descriptors/mbean/operation} Pop org.apache.tomcat.util.modeler.OperationInfo
2019-12-06 11:18:43.790 DEBUG 7503 --- [    Test worker] o.a.tomcat.util.digester.Digester.sax    : characters(

    )
2019-12-06 11:18:43.790 DEBUG 7503 --- [    Test worker] o.a.tomcat.util.digester.Digester.sax    : startElement(,,operation)
2019-12-06 11:18:43.790 DEBUG 7503 --- [    Test worker] o.apache.tomcat.util.digester.Digester   :   New match='mbeans-descriptors/mbean/operation'
2019-12-06 11:18:43.790 DEBUG 7503 --- [    Test worker] o.apache.tomcat.util.digester.Digester   :   Fire begin() for ObjectCreateRule[className=org.apache.tomcat.util.modeler.OperationInfo, attributeName=null]
2019-12-06 11:18:43.791 DEBUG 7503 --- [    Test worker] o.apache.tomcat.util.digester.Digester   :   Fire begin() for SetPropertiesRule[]
2019-12-06 11:18:43.791 DEBUG 7503 --- [    Test worker] o.apache.tomcat.util.digester.Digester   : [SetPropertiesRule]{mbeans-descriptors/mbean/operation} Set org.apache.tomcat.util.modeler.OperationInfo properties
2019-12-06 11:18:43.791 DEBUG 7503 --- [    Test worker] o.apache.tomcat.util.digester.Digester   : [SetPropertiesRule]{mbeans-descriptors/mbean/operation} Setting property 'name' to 'getAttribute'
2019-12-06 11:18:43.791 DEBUG 7503 --- [    Test worker] o.apache.tomcat.util.IntrospectionUtils  : IntrospectionUtils: setProperty(class org.apache.tomcat.util.modeler.OperationInfo name=getAttribute)
2019-12-06 11:18:43.791 DEBUG 7503 --- [    Test worker] o.apache.tomcat.util.digester.Digester   : [SetPropertiesRule]{mbeans-descriptors/mbean/operation} Setting property 'returnType' to 'java.lang.Object'
2019-12-06 11:18:43.791 DEBUG 7503 --- [    Test worker] o.apache.tomcat.util.IntrospectionUtils  : IntrospectionUtils: setProperty(class org.apache.tomcat.util.modeler.OperationInfo returnType=java.lang.Object)
2019-12-06 11:18:43.791 DEBUG 7503 --- [    Test worker] o.apache.tomcat.util.digester.Digester   :   Fire begin() for SetNextRule[methodName=addOperation, paramType=org.apache.tomcat.util.modeler.OperationInfo]
2019-12-06 11:18:43.791 DEBUG 7503 --- [    Test worker] o.a.tomcat.util.digester.Digester.sax    : characters(
      )
2019-12-06 11:18:43.792 DEBUG 7503 --- [    Test worker] o.a.tomcat.util.digester.Digester.sax    : startElement(,,parameter)
2019-12-06 11:18:43.792 DEBUG 7503 --- [    Test worker] o.apache.tomcat.util.digester.Digester   :   New match='mbeans-descriptors/mbean/operation/parameter'
2019-12-06 11:18:43.792 DEBUG 7503 --- [    Test worker] o.apache.tomcat.util.digester.Digester   :   Fire begin() for ObjectCreateRule[className=org.apache.tomcat.util.modeler.ParameterInfo, attributeName=null]
2019-12-06 11:18:43.792 DEBUG 7503 --- [    Test worker] o.apache.tomcat.util.digester.Digester   :   Fire begin() for SetPropertiesRule[]
2019-12-06 11:18:43.792 DEBUG 7503 --- [    Test worker] o.apache.tomcat.util.digester.Digester   : [SetPropertiesRule]{mbeans-descriptors/mbean/operation/parameter} Set org.apache.tomcat.util.modeler.ParameterInfo properties
2019-12-06 11:18:43.792 DEBUG 7503 --- [    Test worker] o.apache.tomcat.util.digester.Digester   : [SetPropertiesRule]{mbeans-descriptors/mbean/operation/parameter} Setting property 'name' to 'param0'
2019-12-06 11:18:43.792 DEBUG 7503 --- [    Test worker] o.apache.tomcat.util.IntrospectionUtils  : IntrospectionUtils: setProperty(class org.apache.tomcat.util.modeler.ParameterInfo name=param0)
2019-12-06 11:18:43.793 DEBUG 7503 --- [    Test worker] o.apache.tomcat.util.digester.Digester   : [SetPropertiesRule]{mbeans-descriptors/mbean/operation/parameter} Setting property 'type' to 'java.lang.String'
2019-12-06 11:18:43.793 DEBUG 7503 --- [    Test worker] o.apache.tomcat.util.IntrospectionUtils  : IntrospectionUtils: setProperty(class org.apache.tomcat.util.modeler.ParameterInfo type=java.lang.String)
2019-12-06 11:18:43.793 DEBUG 7503 --- [    Test worker] o.apache.tomcat.util.digester.Digester   :   Fire begin() for SetNextRule[methodName=addParameter, paramType=org.apache.tomcat.util.modeler.ParameterInfo]
2019-12-06 11:18:43.793 DEBUG 7503 --- [    Test worker] o.a.tomcat.util.digester.Digester.sax    : endElement(,,parameter)
2019-12-06 11:18:43.793 DEBUG 7503 --- [    Test worker] o.apache.tomcat.util.digester.Digester   :   match='mbeans-descriptors/mbean/operation/parameter'
2019-12-06 11:18:43.793 DEBUG 7503 --- [    Test worker] o.apache.tomcat.util.digester.Digester   :   bodyText=''
2019-12-06 11:18:43.794 DEBUG 7503 --- [    Test worker] o.apache.tomcat.util.digester.Digester   :   Fire body() for ObjectCreateRule[className=org.apache.tomcat.util.modeler.ParameterInfo, attributeName=null]
2019-12-06 11:18:43.794 DEBUG 7503 --- [    Test worker] o.apache.tomcat.util.digester.Digester   :   Fire body() for SetPropertiesRule[]
2019-12-06 11:18:43.794 DEBUG 7503 --- [    Test worker] o.apache.tomcat.util.digester.Digester   :   Fire body() for SetNextRule[methodName=addParameter, paramType=org.apache.tomcat.util.modeler.ParameterInfo]
2019-12-06 11:18:43.794 DEBUG 7503 --- [    Test worker] o.apache.tomcat.util.digester.Digester   :   Fire end() for SetNextRule[methodName=addParameter, paramType=org.apache.tomcat.util.modeler.ParameterInfo]
2019-12-06 11:18:43.794 DEBUG 7503 --- [    Test worker] o.apache.tomcat.util.digester.Digester   : [SetNextRule]{mbeans-descriptors/mbean/operation/parameter} Call org.apache.tomcat.util.modeler.OperationInfo.addParameter(org.apache.tomcat.util.modeler.ParameterInfo@5927f6fb)
2019-12-06 11:18:43.794 DEBUG 7503 --- [    Test worker] o.apache.tomcat.util.IntrospectionUtils  : IntrospectionUtils: callMethod1 org.apache.tomcat.util.modeler.OperationInfo org.apache.tomcat.util.modeler.ParameterInfo org.apache.tomcat.util.modeler.ParameterInfo
2019-12-06 11:18:43.795 DEBUG 7503 --- [    Test worker] o.apache.tomcat.util.digester.Digester   :   Fire end() for SetPropertiesRule[]
2019-12-06 11:18:43.795 DEBUG 7503 --- [    Test worker] o.apache.tomcat.util.digester.Digester   :   Fire end() for ObjectCreateRule[className=org.apache.tomcat.util.modeler.ParameterInfo, attributeName=null]
2019-12-06 11:18:43.795 DEBUG 7503 --- [    Test worker] o.apache.tomcat.util.digester.Digester   : [ObjectCreateRule]{mbeans-descriptors/mbean/operation/parameter} Pop org.apache.tomcat.util.modeler.ParameterInfo
2019-12-06 11:18:43.795 DEBUG 7503 --- [    Test worker] o.a.tomcat.util.digester.Digester.sax    : characters(
    )
2019-12-06 11:18:43.795 DEBUG 7503 --- [    Test worker] o.a.tomcat.util.digester.Digester.sax    : endElement(,,operation)
2019-12-06 11:18:43.795 DEBUG 7503 --- [    Test worker] o.apache.tomcat.util.digester.Digester   :   match='mbeans-descriptors/mbean/operation'
2019-12-06 11:18:43.795 DEBUG 7503 --- [    Test worker] o.apache.tomcat.util.digester.Digester   :   bodyText='
      
    '
2019-12-06 11:18:43.796 DEBUG 7503 --- [    Test worker] o.apache.tomcat.util.digester.Digester   :   Fire body() for ObjectCreateRule[className=org.apache.tomcat.util.modeler.OperationInfo, attributeName=null]
2019-12-06 11:18:43.796 DEBUG 7503 --- [    Test worker] o.apache.tomcat.util.digester.Digester   :   Fire body() for SetPropertiesRule[]
2019-12-06 11:18:43.796 DEBUG 7503 --- [    Test worker] o.apache.tomcat.util.digester.Digester   :   Fire body() for SetNextRule[methodName=addOperation, paramType=org.apache.tomcat.util.modeler.OperationInfo]
2019-12-06 11:18:43.796 DEBUG 7503 --- [    Test worker] o.apache.tomcat.util.digester.Digester   :   Fire end() for SetNextRule[methodName=addOperation, paramType=org.apache.tomcat.util.modeler.OperationInfo]
2019-12-06 11:18:43.796 DEBUG 7503 --- [    Test worker] o.apache.tomcat.util.digester.Digester   : [SetNextRule]{mbeans-descriptors/mbean/operation} Call org.apache.tomcat.util.modeler.ManagedBean.addOperation(org.apache.tomcat.util.modeler.OperationInfo@760cac30)
2019-12-06 11:18:43.796 DEBUG 7503 --- [    Test worker] o.apache.tomcat.util.IntrospectionUtils  : IntrospectionUtils: callMethod1 org.apache.tomcat.util.modeler.ManagedBean org.apache.tomcat.util.modeler.OperationInfo org.apache.tomcat.util.modeler.OperationInfo
2019-12-06 11:18:43.796 DEBUG 7503 --- [    Test worker] o.apache.tomcat.util.digester.Digester   :   Fire end() for SetPropertiesRule[]
2019-12-06 11:18:43.797 DEBUG 7503 --- [    Test worker] o.apache.tomcat.util.digester.Digester   :   Fire end() for ObjectCreateRule[className=org.apache.tomcat.util.modeler.OperationInfo, attributeName=null]
2019-12-06 11:18:43.797 DEBUG 7503 --- [    Test worker] o.apache.tomcat.util.digester.Digester   : [ObjectCreateRule]{mbeans-descriptors/mbean/operation} Pop org.apache.tomcat.util.modeler.OperationInfo
2019-12-06 11:18:43.797 DEBUG 7503 --- [    Test worker] o.a.tomcat.util.digester.Digester.sax    : characters(

    )
2019-12-06 11:18:43.797 DEBUG 7503 --- [    Test worker] o.a.tomcat.util.digester.Digester.sax    : startElement(,,operation)
2019-12-06 11:18:43.797 DEBUG 7503 --- [    Test worker] o.apache.tomcat.util.digester.Digester   :   New match='mbeans-descriptors/mbean/operation'
2019-12-06 11:18:43.797 DEBUG 7503 --- [    Test worker] o.apache.tomcat.util.digester.Digester   :   Fire begin() for ObjectCreateRule[className=org.apache.tomcat.util.modeler.OperationInfo, attributeName=null]
2019-12-06 11:18:43.797 DEBUG 7503 --- [    Test worker] o.apache.tomcat.util.digester.Digester   :   Fire begin() for SetPropertiesRule[]
2019-12-06 11:18:43.798 DEBUG 7503 --- [    Test worker] o.apache.tomcat.util.digester.Digester   : [SetPropertiesRule]{mbeans-descriptors/mbean/operation} Set org.apache.tomcat.util.modeler.OperationInfo properties
2019-12-06 11:18:43.798 DEBUG 7503 --- [    Test worker] o.apache.tomcat.util.digester.Digester   : [SetPropertiesRule]{mbeans-descriptors/mbean/operation} Setting property 'name' to 'getProperty'
2019-12-06 11:18:43.798 DEBUG 7503 --- [    Test worker] o.apache.tomcat.util.IntrospectionUtils  : IntrospectionUtils: setProperty(class org.apache.tomcat.util.modeler.OperationInfo name=getProperty)
2019-12-06 11:18:43.798 DEBUG 7503 --- [    Test worker] o.apache.tomcat.util.digester.Digester   : [SetPropertiesRule]{mbeans-descriptors/mbean/operation} Setting property 'returnType' to 'java.lang.String'
2019-12-06 11:18:43.798 DEBUG 7503 --- [    Test worker] o.apache.tomcat.util.IntrospectionUtils  : IntrospectionUtils: setProperty(class org.apache.tomcat.util.modeler.OperationInfo returnType=java.lang.String)
2019-12-06 11:18:43.798 DEBUG 7503 --- [    Test worker] o.apache.tomcat.util.digester.Digester   :   Fire begin() for SetNextRule[methodName=addOperation, paramType=org.apache.tomcat.util.modeler.OperationInfo]
2019-12-06 11:18:43.798 DEBUG 7503 --- [    Test worker] o.a.tomcat.util.digester.Digester.sax    : characters(
      )
2019-12-06 11:18:43.798 DEBUG 7503 --- [    Test worker] o.a.tomcat.util.digester.Digester.sax    : startElement(,,parameter)
2019-12-06 11:18:43.799 DEBUG 7503 --- [    Test worker] o.apache.tomcat.util.digester.Digester   :   New match='mbeans-descriptors/mbean/operation/parameter'
2019-12-06 11:18:43.799 DEBUG 7503 --- [    Test worker] o.apache.tomcat.util.digester.Digester   :   Fire begin() for ObjectCreateRule[className=org.apache.tomcat.util.modeler.ParameterInfo, attributeName=null]
2019-12-06 11:18:43.799 DEBUG 7503 --- [    Test worker] o.apache.tomcat.util.digester.Digester   :   Fire begin() for SetPropertiesRule[]
2019-12-06 11:18:43.799 DEBUG 7503 --- [    Test worker] o.apache.tomcat.util.digester.Digester   : [SetPropertiesRule]{mbeans-descriptors/mbean/operation/parameter} Set org.apache.tomcat.util.modeler.ParameterInfo properties
2019-12-06 11:18:43.799 DEBUG 7503 --- [    Test worker] o.apache.tomcat.util.digester.Digester   : [SetPropertiesRule]{mbeans-descriptors/mbean/operation/parameter} Setting property 'name' to 'param0'
2019-12-06 11:18:43.799 DEBUG 7503 --- [    Test worker] o.apache.tomcat.util.IntrospectionUtils  : IntrospectionUtils: setProperty(class org.apache.tomcat.util.modeler.ParameterInfo name=param0)
2019-12-06 11:18:43.800 DEBUG 7503 --- [    Test worker] o.apache.tomcat.util.digester.Digester   : [SetPropertiesRule]{mbeans-descriptors/mbean/operation/parameter} Setting property 'type' to 'java.lang.String'
2019-12-06 11:18:43.800 DEBUG 7503 --- [    Test worker] o.apache.tomcat.util.IntrospectionUtils  : IntrospectionUtils: setProperty(class org.apache.tomcat.util.modeler.ParameterInfo type=java.lang.String)
2019-12-06 11:18:43.800 DEBUG 7503 --- [    Test worker] o.apache.tomcat.util.digester.Digester   :   Fire begin() for SetNextRule[methodName=addParameter, paramType=org.apache.tomcat.util.modeler.ParameterInfo]
2019-12-06 11:18:43.800 DEBUG 7503 --- [    Test worker] o.a.tomcat.util.digester.Digester.sax    : endElement(,,parameter)
2019-12-06 11:18:43.800 DEBUG 7503 --- [    Test worker] o.apache.tomcat.util.digester.Digester   :   match='mbeans-descriptors/mbean/operation/parameter'
2019-12-06 11:18:43.800 DEBUG 7503 --- [    Test worker] o.apache.tomcat.util.digester.Digester   :   bodyText=''
2019-12-06 11:18:43.800 DEBUG 7503 --- [    Test worker] o.apache.tomcat.util.digester.Digester   :   Fire body() for ObjectCreateRule[className=org.apache.tomcat.util.modeler.ParameterInfo, attributeName=null]
2019-12-06 11:18:43.801 DEBUG 7503 --- [    Test worker] o.apache.tomcat.util.digester.Digester   :   Fire body() for SetPropertiesRule[]
2019-12-06 11:18:43.801 DEBUG 7503 --- [    Test worker] o.apache.tomcat.util.digester.Digester   :   Fire body() for SetNextRule[methodName=addParameter, paramType=org.apache.tomcat.util.modeler.ParameterInfo]
2019-12-06 11:18:43.801 DEBUG 7503 --- [    Test worker] o.apache.tomcat.util.digester.Digester   :   Fire end() for SetNextRule[methodName=addParameter, paramType=org.apache.tomcat.util.modeler.ParameterInfo]
2019-12-06 11:18:43.801 DEBUG 7503 --- [    Test worker] o.apache.tomcat.util.digester.Digester   : [SetNextRule]{mbeans-descriptors/mbean/operation/parameter} Call org.apache.tomcat.util.modeler.OperationInfo.addParameter(org.apache.tomcat.util.modeler.ParameterInfo@337fe)
2019-12-06 11:18:43.801 DEBUG 7503 --- [    Test worker] o.apache.tomcat.util.IntrospectionUtils  : IntrospectionUtils: callMethod1 org.apache.tomcat.util.modeler.OperationInfo org.apache.tomcat.util.modeler.ParameterInfo org.apache.tomcat.util.modeler.ParameterInfo
2019-12-06 11:18:43.801 DEBUG 7503 --- [    Test worker] o.apache.tomcat.util.digester.Digester   :   Fire end() for SetPropertiesRule[]
2019-12-06 11:18:43.801 DEBUG 7503 --- [    Test worker] o.apache.tomcat.util.digester.Digester   :   Fire end() for ObjectCreateRule[className=org.apache.tomcat.util.modeler.ParameterInfo, attributeName=null]
2019-12-06 11:18:43.801 DEBUG 7503 --- [    Test worker] o.apache.tomcat.util.digester.Digester   : [ObjectCreateRule]{mbeans-descriptors/mbean/operation/parameter} Pop org.apache.tomcat.util.modeler.ParameterInfo
2019-12-06 11:18:43.802 DEBUG 7503 --- [    Test worker] o.a.tomcat.util.digester.Digester.sax    : characters(
    )
2019-12-06 11:18:43.802 DEBUG 7503 --- [    Test worker] o.a.tomcat.util.digester.Digester.sax    : endElement(,,operation)
2019-12-06 11:18:43.802 DEBUG 7503 --- [    Test worker] o.apache.tomcat.util.digester.Digester   :   match='mbeans-descriptors/mbean/operation'
2019-12-06 11:18:43.802 DEBUG 7503 --- [    Test worker] o.apache.tomcat.util.digester.Digester   :   bodyText='
      
    '
2019-12-06 11:18:43.802 DEBUG 7503 --- [    Test worker] o.apache.tomcat.util.digester.Digester   :   Fire body() for ObjectCreateRule[className=org.apache.tomcat.util.modeler.OperationInfo, attributeName=null]
2019-12-06 11:18:43.802 DEBUG 7503 --- [    Test worker] o.apache.tomcat.util.digester.Digester   :   Fire body() for SetPropertiesRule[]
2019-12-06 11:18:43.802 DEBUG 7503 --- [    Test worker] o.apache.tomcat.util.digester.Digester   :   Fire body() for SetNextRule[methodName=addOperation, paramType=org.apache.tomcat.util.modeler.OperationInfo]
2019-12-06 11:18:43.803 DEBUG 7503 --- [    Test worker] o.apache.tomcat.util.digester.Digester   :   Fire end() for SetNextRule[methodName=addOperation, paramType=org.apache.tomcat.util.modeler.OperationInfo]
2019-12-06 11:18:43.803 DEBUG 7503 --- [    Test worker] o.apache.tomcat.util.digester.Digester   : [SetNextRule]{mbeans-descriptors/mbean/operation} Call org.apache.tomcat.util.modeler.ManagedBean.addOperation(org.apache.tomcat.util.modeler.OperationInfo@17810f77)
2019-12-06 11:18:43.803 DEBUG 7503 --- [    Test worker] o.apache.tomcat.util.IntrospectionUtils  : IntrospectionUtils: callMethod1 org.apache.tomcat.util.modeler.ManagedBean org.apache.tomcat.util.modeler.OperationInfo org.apache.tomcat.util.modeler.OperationInfo
2019-12-06 11:18:43.803 DEBUG 7503 --- [    Test worker] o.apache.tomcat.util.digester.Digester   :   Fire end() for SetPropertiesRule[]
2019-12-06 11:18:43.803 DEBUG 7503 --- [    Test worker] o.apache.tomcat.util.digester.Digester   :   Fire end() for ObjectCreateRule[className=org.apache.tomcat.util.modeler.OperationInfo, attributeName=null]
2019-12-06 11:18:43.803 DEBUG 7503 --- [    Test worker] o.apache.tomcat.util.digester.Digester   : [ObjectCreateRule]{mbeans-descriptors/mbean/operation} Pop org.apache.tomcat.util.modeler.OperationInfo
2019-12-06 11:18:43.803 DEBUG 7503 --- [    Test worker] o.a.tomcat.util.digester.Digester.sax    : characters(

    )
2019-12-06 11:18:43.803 DEBUG 7503 --- [    Test worker] o.a.tomcat.util.digester.Digester.sax    : startElement(,,operation)
2019-12-06 11:18:43.804 DEBUG 7503 --- [    Test worker] o.apache.tomcat.util.digester.Digester   :   New match='mbeans-descriptors/mbean/operation'
2019-12-06 11:18:43.804 DEBUG 7503 --- [    Test worker] o.apache.tomcat.util.digester.Digester   :   Fire begin() for ObjectCreateRule[className=org.apache.tomcat.util.modeler.OperationInfo, attributeName=null]
2019-12-06 11:18:43.804 DEBUG 7503 --- [    Test worker] o.apache.tomcat.util.digester.Digester   :   Fire begin() for SetPropertiesRule[]
2019-12-06 11:18:43.804 DEBUG 7503 --- [    Test worker] o.apache.tomcat.util.digester.Digester   : [SetPropertiesRule]{mbeans-descriptors/mbean/operation} Set org.apache.tomcat.util.modeler.OperationInfo properties
2019-12-06 11:18:43.804 DEBUG 7503 --- [    Test worker] o.apache.tomcat.util.digester.Digester   : [SetPropertiesRule]{mbeans-descriptors/mbean/operation} Setting property 'name' to 'hasNegotiableProtocols'
2019-12-06 11:18:43.804 DEBUG 7503 --- [    Test worker] o.apache.tomcat.util.IntrospectionUtils  : IntrospectionUtils: setProperty(class org.apache.tomcat.util.modeler.OperationInfo name=hasNegotiableProtocols)
2019-12-06 11:18:43.804 DEBUG 7503 --- [    Test worker] o.apache.tomcat.util.digester.Digester   : [SetPropertiesRule]{mbeans-descriptors/mbean/operation} Setting property 'returnType' to 'boolean'
2019-12-06 11:18:43.805 DEBUG 7503 --- [    Test worker] o.apache.tomcat.util.IntrospectionUtils  : IntrospectionUtils: setProperty(class org.apache.tomcat.util.modeler.OperationInfo returnType=boolean)
2019-12-06 11:18:43.805 DEBUG 7503 --- [    Test worker] o.apache.tomcat.util.digester.Digester   :   Fire begin() for SetNextRule[methodName=addOperation, paramType=org.apache.tomcat.util.modeler.OperationInfo]
2019-12-06 11:18:43.805 DEBUG 7503 --- [    Test worker] o.a.tomcat.util.digester.Digester.sax    : endElement(,,operation)
2019-12-06 11:18:43.805 DEBUG 7503 --- [    Test worker] o.apache.tomcat.util.digester.Digester   :   match='mbeans-descriptors/mbean/operation'
2019-12-06 11:18:43.805 DEBUG 7503 --- [    Test worker] o.apache.tomcat.util.digester.Digester   :   bodyText=''
2019-12-06 11:18:43.805 DEBUG 7503 --- [    Test worker] o.apache.tomcat.util.digester.Digester   :   Fire body() for ObjectCreateRule[className=org.apache.tomcat.util.modeler.OperationInfo, attributeName=null]
2019-12-06 11:18:43.805 DEBUG 7503 --- [    Test worker] o.apache.tomcat.util.digester.Digester   :   Fire body() for SetPropertiesRule[]
2019-12-06 11:18:43.805 DEBUG 7503 --- [    Test worker] o.apache.tomcat.util.digester.Digester   :   Fire body() for SetNextRule[methodName=addOperation, paramType=org.apache.tomcat.util.modeler.OperationInfo]
2019-12-06 11:18:43.806 DEBUG 7503 --- [    Test worker] o.apache.tomcat.util.digester.Digester   :   Fire end() for SetNextRule[methodName=addOperation, paramType=org.apache.tomcat.util.modeler.OperationInfo]
2019-12-06 11:18:43.806 DEBUG 7503 --- [    Test worker] o.apache.tomcat.util.digester.Digester   : [SetNextRule]{mbeans-descriptors/mbean/operation} Call org.apache.tomcat.util.modeler.ManagedBean.addOperation(org.apache.tomcat.util.modeler.OperationInfo@71f7a352)
2019-12-06 11:18:43.806 DEBUG 7503 --- [    Test worker] o.apache.tomcat.util.IntrospectionUtils  : IntrospectionUtils: callMethod1 org.apache.tomcat.util.modeler.ManagedBean org.apache.tomcat.util.modeler.OperationInfo org.apache.tomcat.util.modeler.OperationInfo
2019-12-06 11:18:43.806 DEBUG 7503 --- [    Test worker] o.apache.tomcat.util.digester.Digester   :   Fire end() for SetPropertiesRule[]
2019-12-06 11:18:43.806 DEBUG 7503 --- [    Test worker] o.apache.tomcat.util.digester.Digester   :   Fire end() for ObjectCreateRule[className=org.apache.tomcat.util.modeler.OperationInfo, attributeName=null]
2019-12-06 11:18:43.806 DEBUG 7503 --- [    Test worker] o.apache.tomcat.util.digester.Digester   : [ObjectCreateRule]{mbeans-descriptors/mbean/operation} Pop org.apache.tomcat.util.modeler.OperationInfo
2019-12-06 11:18:43.806 DEBUG 7503 --- [    Test worker] o.a.tomcat.util.digester.Digester.sax    : characters(

    )
2019-12-06 11:18:43.807 DEBUG 7503 --- [    Test worker] o.a.tomcat.util.digester.Digester.sax    : startElement(,,operation)
2019-12-06 11:18:43.807 DEBUG 7503 --- [    Test worker] o.apache.tomcat.util.digester.Digester   :   New match='mbeans-descriptors/mbean/operation'
2019-12-06 11:18:43.807 DEBUG 7503 --- [    Test worker] o.apache.tomcat.util.digester.Digester   :   Fire begin() for ObjectCreateRule[className=org.apache.tomcat.util.modeler.OperationInfo, attributeName=null]
2019-12-06 11:18:43.807 DEBUG 7503 --- [    Test worker] o.apache.tomcat.util.digester.Digester   :   Fire begin() for SetPropertiesRule[]
2019-12-06 11:18:43.807 DEBUG 7503 --- [    Test worker] o.apache.tomcat.util.digester.Digester   : [SetPropertiesRule]{mbeans-descriptors/mbean/operation} Set org.apache.tomcat.util.modeler.OperationInfo properties
2019-12-06 11:18:43.807 DEBUG 7503 --- [    Test worker] o.apache.tomcat.util.digester.Digester   : [SetPropertiesRule]{mbeans-descriptors/mbean/operation} Setting property 'name' to 'init'
2019-12-06 11:18:43.807 DEBUG 7503 --- [    Test worker] o.apache.tomcat.util.IntrospectionUtils  : IntrospectionUtils: setProperty(class org.apache.tomcat.util.modeler.OperationInfo name=init)
2019-12-06 11:18:43.808 DEBUG 7503 --- [    Test worker] o.apache.tomcat.util.digester.Digester   : [SetPropertiesRule]{mbeans-descriptors/mbean/operation} Setting property 'returnType' to 'void'
2019-12-06 11:18:43.808 DEBUG 7503 --- [    Test worker] o.apache.tomcat.util.IntrospectionUtils  : IntrospectionUtils: setProperty(class org.apache.tomcat.util.modeler.OperationInfo returnType=void)
2019-12-06 11:18:43.808 DEBUG 7503 --- [    Test worker] o.apache.tomcat.util.digester.Digester   :   Fire begin() for SetNextRule[methodName=addOperation, paramType=org.apache.tomcat.util.modeler.OperationInfo]
2019-12-06 11:18:43.808 DEBUG 7503 --- [    Test worker] o.a.tomcat.util.digester.Digester.sax    : endElement(,,operation)
2019-12-06 11:18:43.808 DEBUG 7503 --- [    Test worker] o.apache.tomcat.util.digester.Digester   :   match='mbeans-descriptors/mbean/operation'
2019-12-06 11:18:43.808 DEBUG 7503 --- [    Test worker] o.apache.tomcat.util.digester.Digester   :   bodyText=''
2019-12-06 11:18:43.809 DEBUG 7503 --- [    Test worker] o.apache.tomcat.util.digester.Digester   :   Fire body() for ObjectCreateRule[className=org.apache.tomcat.util.modeler.OperationInfo, attributeName=null]
2019-12-06 11:18:43.809 DEBUG 7503 --- [    Test worker] o.apache.tomcat.util.digester.Digester   :   Fire body() for SetPropertiesRule[]
2019-12-06 11:18:43.809 DEBUG 7503 --- [    Test worker] o.apache.tomcat.util.digester.Digester   :   Fire body() for SetNextRule[methodName=addOperation, paramType=org.apache.tomcat.util.modeler.OperationInfo]
2019-12-06 11:18:43.809 DEBUG 7503 --- [    Test worker] o.apache.tomcat.util.digester.Digester   :   Fire end() for SetNextRule[methodName=addOperation, paramType=org.apache.tomcat.util.modeler.OperationInfo]
2019-12-06 11:18:43.809 DEBUG 7503 --- [    Test worker] o.apache.tomcat.util.digester.Digester   : [SetNextRule]{mbeans-descriptors/mbean/operation} Call org.apache.tomcat.util.modeler.ManagedBean.addOperation(org.apache.tomcat.util.modeler.OperationInfo@6289ec70)
2019-12-06 11:18:43.809 DEBUG 7503 --- [    Test worker] o.apache.tomcat.util.IntrospectionUtils  : IntrospectionUtils: callMethod1 org.apache.tomcat.util.modeler.ManagedBean org.apache.tomcat.util.modeler.OperationInfo org.apache.tomcat.util.modeler.OperationInfo
2019-12-06 11:18:43.809 DEBUG 7503 --- [    Test worker] o.apache.tomcat.util.digester.Digester   :   Fire end() for SetPropertiesRule[]
2019-12-06 11:18:43.810 DEBUG 7503 --- [    Test worker] o.apache.tomcat.util.digester.Digester   :   Fire end() for ObjectCreateRule[className=org.apache.tomcat.util.modeler.OperationInfo, attributeName=null]
2019-12-06 11:18:43.810 DEBUG 7503 --- [    Test worker] o.apache.tomcat.util.digester.Digester   : [ObjectCreateRule]{mbeans-descriptors/mbean/operation} Pop org.apache.tomcat.util.modeler.OperationInfo
2019-12-06 11:18:43.810 DEBUG 7503 --- [    Test worker] o.a.tomcat.util.digester.Digester.sax    : characters(

    )
2019-12-06 11:18:43.810 DEBUG 7503 --- [    Test worker] o.a.tomcat.util.digester.Digester.sax    : startElement(,,operation)
2019-12-06 11:18:43.810 DEBUG 7503 --- [    Test worker] o.apache.tomcat.util.digester.Digester   :   New match='mbeans-descriptors/mbean/operation'
2019-12-06 11:18:43.810 DEBUG 7503 --- [    Test worker] o.apache.tomcat.util.digester.Digester   :   Fire begin() for ObjectCreateRule[className=org.apache.tomcat.util.modeler.OperationInfo, attributeName=null]
2019-12-06 11:18:43.810 DEBUG 7503 --- [    Test worker] o.apache.tomcat.util.digester.Digester   :   Fire begin() for SetPropertiesRule[]
2019-12-06 11:18:43.811 DEBUG 7503 --- [    Test worker] o.apache.tomcat.util.digester.Digester   : [SetPropertiesRule]{mbeans-descriptors/mbean/operation} Set org.apache.tomcat.util.modeler.OperationInfo properties
2019-12-06 11:18:43.811 DEBUG 7503 --- [    Test worker] o.apache.tomcat.util.digester.Digester   : [SetPropertiesRule]{mbeans-descriptors/mbean/operation} Setting property 'name' to 'pause'
2019-12-06 11:18:43.811 DEBUG 7503 --- [    Test worker] o.apache.tomcat.util.IntrospectionUtils  : IntrospectionUtils: setProperty(class org.apache.tomcat.util.modeler.OperationInfo name=pause)
2019-12-06 11:18:43.811 DEBUG 7503 --- [    Test worker] o.apache.tomcat.util.digester.Digester   : [SetPropertiesRule]{mbeans-descriptors/mbean/operation} Setting property 'returnType' to 'void'
2019-12-06 11:18:43.811 DEBUG 7503 --- [    Test worker] o.apache.tomcat.util.IntrospectionUtils  : IntrospectionUtils: setProperty(class org.apache.tomcat.util.modeler.OperationInfo returnType=void)
2019-12-06 11:18:43.811 DEBUG 7503 --- [    Test worker] o.apache.tomcat.util.digester.Digester   :   Fire begin() for SetNextRule[methodName=addOperation, paramType=org.apache.tomcat.util.modeler.OperationInfo]
2019-12-06 11:18:43.811 DEBUG 7503 --- [    Test worker] o.a.tomcat.util.digester.Digester.sax    : endElement(,,operation)
2019-12-06 11:18:43.812 DEBUG 7503 --- [    Test worker] o.apache.tomcat.util.digester.Digester   :   match='mbeans-descriptors/mbean/operation'
2019-12-06 11:18:43.812 DEBUG 7503 --- [    Test worker] o.apache.tomcat.util.digester.Digester   :   bodyText=''
2019-12-06 11:18:43.812 DEBUG 7503 --- [    Test worker] o.apache.tomcat.util.digester.Digester   :   Fire body() for ObjectCreateRule[className=org.apache.tomcat.util.modeler.OperationInfo, attributeName=null]
2019-12-06 11:18:43.812 DEBUG 7503 --- [    Test worker] o.apache.tomcat.util.digester.Digester   :   Fire body() for SetPropertiesRule[]
2019-12-06 11:18:43.812 DEBUG 7503 --- [    Test worker] o.apache.tomcat.util.digester.Digester   :   Fire body() for SetNextRule[methodName=addOperation, paramType=org.apache.tomcat.util.modeler.OperationInfo]
2019-12-06 11:18:43.812 DEBUG 7503 --- [    Test worker] o.apache.tomcat.util.digester.Digester   :   Fire end() for SetNextRule[methodName=addOperation, paramType=org.apache.tomcat.util.modeler.OperationInfo]
2019-12-06 11:18:43.812 DEBUG 7503 --- [    Test worker] o.apache.tomcat.util.digester.Digester   : [SetNextRule]{mbeans-descriptors/mbean/operation} Call org.apache.tomcat.util.modeler.ManagedBean.addOperation(org.apache.tomcat.util.modeler.OperationInfo@7b2c9b18)
2019-12-06 11:18:43.812 DEBUG 7503 --- [    Test worker] o.apache.tomcat.util.IntrospectionUtils  : IntrospectionUtils: callMethod1 org.apache.tomcat.util.modeler.ManagedBean org.apache.tomcat.util.modeler.OperationInfo org.apache.tomcat.util.modeler.OperationInfo
2019-12-06 11:18:43.813 DEBUG 7503 --- [    Test worker] o.apache.tomcat.util.digester.Digester   :   Fire end() for SetPropertiesRule[]
2019-12-06 11:18:43.813 DEBUG 7503 --- [    Test worker] o.apache.tomcat.util.digester.Digester   :   Fire end() for ObjectCreateRule[className=org.apache.tomcat.util.modeler.OperationInfo, attributeName=null]
2019-12-06 11:18:43.813 DEBUG 7503 --- [    Test worker] o.apache.tomcat.util.digester.Digester   : [ObjectCreateRule]{mbeans-descriptors/mbean/operation} Pop org.apache.tomcat.util.modeler.OperationInfo
2019-12-06 11:18:43.813 DEBUG 7503 --- [    Test worker] o.a.tomcat.util.digester.Digester.sax    : characters(

    )
2019-12-06 11:18:43.813 DEBUG 7503 --- [    Test worker] o.a.tomcat.util.digester.Digester.sax    : startElement(,,operation)
2019-12-06 11:18:43.813 DEBUG 7503 --- [    Test worker] o.apache.tomcat.util.digester.Digester   :   New match='mbeans-descriptors/mbean/operation'
2019-12-06 11:18:43.814 DEBUG 7503 --- [    Test worker] o.apache.tomcat.util.digester.Digester   :   Fire begin() for ObjectCreateRule[className=org.apache.tomcat.util.modeler.OperationInfo, attributeName=null]
2019-12-06 11:18:43.814 DEBUG 7503 --- [    Test worker] o.apache.tomcat.util.digester.Digester   :   Fire begin() for SetPropertiesRule[]
2019-12-06 11:18:43.814 DEBUG 7503 --- [    Test worker] o.apache.tomcat.util.digester.Digester   : [SetPropertiesRule]{mbeans-descriptors/mbean/operation} Set org.apache.tomcat.util.modeler.OperationInfo properties
2019-12-06 11:18:43.814 DEBUG 7503 --- [    Test worker] o.apache.tomcat.util.digester.Digester   : [SetPropertiesRule]{mbeans-descriptors/mbean/operation} Setting property 'name' to 'reloadSslHostConfig'
2019-12-06 11:18:43.814 DEBUG 7503 --- [    Test worker] o.apache.tomcat.util.IntrospectionUtils  : IntrospectionUtils: setProperty(class org.apache.tomcat.util.modeler.OperationInfo name=reloadSslHostConfig)
2019-12-06 11:18:43.814 DEBUG 7503 --- [    Test worker] o.apache.tomcat.util.digester.Digester   : [SetPropertiesRule]{mbeans-descriptors/mbean/operation} Setting property 'returnType' to 'void'
2019-12-06 11:18:43.814 DEBUG 7503 --- [    Test worker] o.apache.tomcat.util.IntrospectionUtils  : IntrospectionUtils: setProperty(class org.apache.tomcat.util.modeler.OperationInfo returnType=void)
2019-12-06 11:18:43.815 DEBUG 7503 --- [    Test worker] o.apache.tomcat.util.digester.Digester   :   Fire begin() for SetNextRule[methodName=addOperation, paramType=org.apache.tomcat.util.modeler.OperationInfo]
2019-12-06 11:18:43.815 DEBUG 7503 --- [    Test worker] o.a.tomcat.util.digester.Digester.sax    : characters(
      )
2019-12-06 11:18:43.815 DEBUG 7503 --- [    Test worker] o.a.tomcat.util.digester.Digester.sax    : startElement(,,parameter)
2019-12-06 11:18:43.815 DEBUG 7503 --- [    Test worker] o.apache.tomcat.util.digester.Digester   :   New match='mbeans-descriptors/mbean/operation/parameter'
2019-12-06 11:18:43.815 DEBUG 7503 --- [    Test worker] o.apache.tomcat.util.digester.Digester   :   Fire begin() for ObjectCreateRule[className=org.apache.tomcat.util.modeler.ParameterInfo, attributeName=null]
2019-12-06 11:18:43.815 DEBUG 7503 --- [    Test worker] o.apache.tomcat.util.digester.Digester   :   Fire begin() for SetPropertiesRule[]
2019-12-06 11:18:43.815 DEBUG 7503 --- [    Test worker] o.apache.tomcat.util.digester.Digester   : [SetPropertiesRule]{mbeans-descriptors/mbean/operation/parameter} Set org.apache.tomcat.util.modeler.ParameterInfo properties
2019-12-06 11:18:43.815 DEBUG 7503 --- [    Test worker] o.apache.tomcat.util.digester.Digester   : [SetPropertiesRule]{mbeans-descriptors/mbean/operation/parameter} Setting property 'name' to 'param0'
2019-12-06 11:18:43.816 DEBUG 7503 --- [    Test worker] o.apache.tomcat.util.IntrospectionUtils  : IntrospectionUtils: setProperty(class org.apache.tomcat.util.modeler.ParameterInfo name=param0)
2019-12-06 11:18:43.816 DEBUG 7503 --- [    Test worker] o.apache.tomcat.util.digester.Digester   : [SetPropertiesRule]{mbeans-descriptors/mbean/operation/parameter} Setting property 'type' to 'java.lang.String'
2019-12-06 11:18:43.816 DEBUG 7503 --- [    Test worker] o.apache.tomcat.util.IntrospectionUtils  : IntrospectionUtils: setProperty(class org.apache.tomcat.util.modeler.ParameterInfo type=java.lang.String)
2019-12-06 11:18:43.816 DEBUG 7503 --- [    Test worker] o.apache.tomcat.util.digester.Digester   :   Fire begin() for SetNextRule[methodName=addParameter, paramType=org.apache.tomcat.util.modeler.ParameterInfo]
2019-12-06 11:18:43.816 DEBUG 7503 --- [    Test worker] o.a.tomcat.util.digester.Digester.sax    : endElement(,,parameter)
2019-12-06 11:18:43.816 DEBUG 7503 --- [    Test worker] o.apache.tomcat.util.digester.Digester   :   match='mbeans-descriptors/mbean/operation/parameter'
2019-12-06 11:18:43.816 DEBUG 7503 --- [    Test worker] o.apache.tomcat.util.digester.Digester   :   bodyText=''
2019-12-06 11:18:43.817 DEBUG 7503 --- [    Test worker] o.apache.tomcat.util.digester.Digester   :   Fire body() for ObjectCreateRule[className=org.apache.tomcat.util.modeler.ParameterInfo, attributeName=null]
2019-12-06 11:18:43.817 DEBUG 7503 --- [    Test worker] o.apache.tomcat.util.digester.Digester   :   Fire body() for SetPropertiesRule[]
2019-12-06 11:18:43.817 DEBUG 7503 --- [    Test worker] o.apache.tomcat.util.digester.Digester   :   Fire body() for SetNextRule[methodName=addParameter, paramType=org.apache.tomcat.util.modeler.ParameterInfo]
2019-12-06 11:18:43.817 DEBUG 7503 --- [    Test worker] o.apache.tomcat.util.digester.Digester   :   Fire end() for SetNextRule[methodName=addParameter, paramType=org.apache.tomcat.util.modeler.ParameterInfo]
2019-12-06 11:18:43.817 DEBUG 7503 --- [    Test worker] o.apache.tomcat.util.digester.Digester   : [SetNextRule]{mbeans-descriptors/mbean/operation/parameter} Call org.apache.tomcat.util.modeler.OperationInfo.addParameter(org.apache.tomcat.util.modeler.ParameterInfo@6449d9bd)
2019-12-06 11:18:43.817 DEBUG 7503 --- [    Test worker] o.apache.tomcat.util.IntrospectionUtils  : IntrospectionUtils: callMethod1 org.apache.tomcat.util.modeler.OperationInfo org.apache.tomcat.util.modeler.ParameterInfo org.apache.tomcat.util.modeler.ParameterInfo
2019-12-06 11:18:43.817 DEBUG 7503 --- [    Test worker] o.apache.tomcat.util.digester.Digester   :   Fire end() for SetPropertiesRule[]
2019-12-06 11:18:43.818 DEBUG 7503 --- [    Test worker] o.apache.tomcat.util.digester.Digester   :   Fire end() for ObjectCreateRule[className=org.apache.tomcat.util.modeler.ParameterInfo, attributeName=null]
2019-12-06 11:18:43.818 DEBUG 7503 --- [    Test worker] o.apache.tomcat.util.digester.Digester   : [ObjectCreateRule]{mbeans-descriptors/mbean/operation/parameter} Pop org.apache.tomcat.util.modeler.ParameterInfo
2019-12-06 11:18:43.818 DEBUG 7503 --- [    Test worker] o.a.tomcat.util.digester.Digester.sax    : characters(
    )
2019-12-06 11:18:43.818 DEBUG 7503 --- [    Test worker] o.a.tomcat.util.digester.Digester.sax    : endElement(,,operation)
2019-12-06 11:18:43.818 DEBUG 7503 --- [    Test worker] o.apache.tomcat.util.digester.Digester   :   match='mbeans-descriptors/mbean/operation'
2019-12-06 11:18:43.818 DEBUG 7503 --- [    Test worker] o.apache.tomcat.util.digester.Digester   :   bodyText='
      
    '
2019-12-06 11:18:43.818 DEBUG 7503 --- [    Test worker] o.apache.tomcat.util.digester.Digester   :   Fire body() for ObjectCreateRule[className=org.apache.tomcat.util.modeler.OperationInfo, attributeName=null]
2019-12-06 11:18:43.818 DEBUG 7503 --- [    Test worker] o.apache.tomcat.util.digester.Digester   :   Fire body() for SetPropertiesRule[]
2019-12-06 11:18:43.819 DEBUG 7503 --- [    Test worker] o.apache.tomcat.util.digester.Digester   :   Fire body() for SetNextRule[methodName=addOperation, paramType=org.apache.tomcat.util.modeler.OperationInfo]
2019-12-06 11:18:43.819 DEBUG 7503 --- [    Test worker] o.apache.tomcat.util.digester.Digester   :   Fire end() for SetNextRule[methodName=addOperation, paramType=org.apache.tomcat.util.modeler.OperationInfo]
2019-12-06 11:18:43.819 DEBUG 7503 --- [    Test worker] o.apache.tomcat.util.digester.Digester   : [SetNextRule]{mbeans-descriptors/mbean/operation} Call org.apache.tomcat.util.modeler.ManagedBean.addOperation(org.apache.tomcat.util.modeler.OperationInfo@28681b55)
2019-12-06 11:18:43.819 DEBUG 7503 --- [    Test worker] o.apache.tomcat.util.IntrospectionUtils  : IntrospectionUtils: callMethod1 org.apache.tomcat.util.modeler.ManagedBean org.apache.tomcat.util.modeler.OperationInfo org.apache.tomcat.util.modeler.OperationInfo
2019-12-06 11:18:43.819 DEBUG 7503 --- [    Test worker] o.apache.tomcat.util.digester.Digester   :   Fire end() for SetPropertiesRule[]
2019-12-06 11:18:43.819 DEBUG 7503 --- [    Test worker] o.apache.tomcat.util.digester.Digester   :   Fire end() for ObjectCreateRule[className=org.apache.tomcat.util.modeler.OperationInfo, attributeName=null]
2019-12-06 11:18:43.819 DEBUG 7503 --- [    Test worker] o.apache.tomcat.util.digester.Digester   : [ObjectCreateRule]{mbeans-descriptors/mbean/operation} Pop org.apache.tomcat.util.modeler.OperationInfo
2019-12-06 11:18:43.820 DEBUG 7503 --- [    Test worker] o.a.tomcat.util.digester.Digester.sax    : characters(

    )
2019-12-06 11:18:43.820 DEBUG 7503 --- [    Test worker] o.a.tomcat.util.digester.Digester.sax    : startElement(,,operation)
2019-12-06 11:18:43.820 DEBUG 7503 --- [    Test worker] o.apache.tomcat.util.digester.Digester   :   New match='mbeans-descriptors/mbean/operation'
2019-12-06 11:18:43.820 DEBUG 7503 --- [    Test worker] o.apache.tomcat.util.digester.Digester   :   Fire begin() for ObjectCreateRule[className=org.apache.tomcat.util.modeler.OperationInfo, attributeName=null]
2019-12-06 11:18:43.820 DEBUG 7503 --- [    Test worker] o.apache.tomcat.util.digester.Digester   :   Fire begin() for SetPropertiesRule[]
2019-12-06 11:18:43.820 DEBUG 7503 --- [    Test worker] o.apache.tomcat.util.digester.Digester   : [SetPropertiesRule]{mbeans-descriptors/mbean/operation} Set org.apache.tomcat.util.modeler.OperationInfo properties
2019-12-06 11:18:43.820 DEBUG 7503 --- [    Test worker] o.apache.tomcat.util.digester.Digester   : [SetPropertiesRule]{mbeans-descriptors/mbean/operation} Setting property 'name' to 'reloadSslHostConfigs'
2019-12-06 11:18:43.821 DEBUG 7503 --- [    Test worker] o.apache.tomcat.util.IntrospectionUtils  : IntrospectionUtils: setProperty(class org.apache.tomcat.util.modeler.OperationInfo name=reloadSslHostConfigs)
2019-12-06 11:18:43.821 DEBUG 7503 --- [    Test worker] o.apache.tomcat.util.digester.Digester   : [SetPropertiesRule]{mbeans-descriptors/mbean/operation} Setting property 'returnType' to 'void'
2019-12-06 11:18:43.821 DEBUG 7503 --- [    Test worker] o.apache.tomcat.util.IntrospectionUtils  : IntrospectionUtils: setProperty(class org.apache.tomcat.util.modeler.OperationInfo returnType=void)
2019-12-06 11:18:43.821 DEBUG 7503 --- [    Test worker] o.apache.tomcat.util.digester.Digester   :   Fire begin() for SetNextRule[methodName=addOperation, paramType=org.apache.tomcat.util.modeler.OperationInfo]
2019-12-06 11:18:43.821 DEBUG 7503 --- [    Test worker] o.a.tomcat.util.digester.Digester.sax    : endElement(,,operation)
2019-12-06 11:18:43.821 DEBUG 7503 --- [    Test worker] o.apache.tomcat.util.digester.Digester   :   match='mbeans-descriptors/mbean/operation'
2019-12-06 11:18:43.821 DEBUG 7503 --- [    Test worker] o.apache.tomcat.util.digester.Digester   :   bodyText=''
2019-12-06 11:18:43.821 DEBUG 7503 --- [    Test worker] o.apache.tomcat.util.digester.Digester   :   Fire body() for ObjectCreateRule[className=org.apache.tomcat.util.modeler.OperationInfo, attributeName=null]
2019-12-06 11:18:43.822 DEBUG 7503 --- [    Test worker] o.apache.tomcat.util.digester.Digester   :   Fire body() for SetPropertiesRule[]
2019-12-06 11:18:43.822 DEBUG 7503 --- [    Test worker] o.apache.tomcat.util.digester.Digester   :   Fire body() for SetNextRule[methodName=addOperation, paramType=org.apache.tomcat.util.modeler.OperationInfo]
2019-12-06 11:18:43.822 DEBUG 7503 --- [    Test worker] o.apache.tomcat.util.digester.Digester   :   Fire end() for SetNextRule[methodName=addOperation, paramType=org.apache.tomcat.util.modeler.OperationInfo]
2019-12-06 11:18:43.822 DEBUG 7503 --- [    Test worker] o.apache.tomcat.util.digester.Digester   : [SetNextRule]{mbeans-descriptors/mbean/operation} Call org.apache.tomcat.util.modeler.ManagedBean.addOperation(org.apache.tomcat.util.modeler.OperationInfo@5af9844)
2019-12-06 11:18:43.822 DEBUG 7503 --- [    Test worker] o.apache.tomcat.util.IntrospectionUtils  : IntrospectionUtils: callMethod1 org.apache.tomcat.util.modeler.ManagedBean org.apache.tomcat.util.modeler.OperationInfo org.apache.tomcat.util.modeler.OperationInfo
2019-12-06 11:18:43.822 DEBUG 7503 --- [    Test worker] o.apache.tomcat.util.digester.Digester   :   Fire end() for SetPropertiesRule[]
2019-12-06 11:18:43.822 DEBUG 7503 --- [    Test worker] o.apache.tomcat.util.digester.Digester   :   Fire end() for ObjectCreateRule[className=org.apache.tomcat.util.modeler.OperationInfo, attributeName=null]
2019-12-06 11:18:43.823 DEBUG 7503 --- [    Test worker] o.apache.tomcat.util.digester.Digester   : [ObjectCreateRule]{mbeans-descriptors/mbean/operation} Pop org.apache.tomcat.util.modeler.OperationInfo
2019-12-06 11:18:43.823 DEBUG 7503 --- [    Test worker] o.a.tomcat.util.digester.Digester.sax    : characters(

    )
2019-12-06 11:18:43.823 DEBUG 7503 --- [    Test worker] o.a.tomcat.util.digester.Digester.sax    : startElement(,,operation)
2019-12-06 11:18:43.823 DEBUG 7503 --- [    Test worker] o.apache.tomcat.util.digester.Digester   :   New match='mbeans-descriptors/mbean/operation'
2019-12-06 11:18:43.823 DEBUG 7503 --- [    Test worker] o.apache.tomcat.util.digester.Digester   :   Fire begin() for ObjectCreateRule[className=org.apache.tomcat.util.modeler.OperationInfo, attributeName=null]
2019-12-06 11:18:43.823 DEBUG 7503 --- [    Test worker] o.apache.tomcat.util.digester.Digester   :   Fire begin() for SetPropertiesRule[]
2019-12-06 11:18:43.823 DEBUG 7503 --- [    Test worker] o.apache.tomcat.util.digester.Digester   : [SetPropertiesRule]{mbeans-descriptors/mbean/operation} Set org.apache.tomcat.util.modeler.OperationInfo properties
2019-12-06 11:18:43.824 DEBUG 7503 --- [    Test worker] o.apache.tomcat.util.digester.Digester   : [SetPropertiesRule]{mbeans-descriptors/mbean/operation} Setting property 'name' to 'removeSslHostConfig'
2019-12-06 11:18:43.824 DEBUG 7503 --- [    Test worker] o.apache.tomcat.util.IntrospectionUtils  : IntrospectionUtils: setProperty(class org.apache.tomcat.util.modeler.OperationInfo name=removeSslHostConfig)
2019-12-06 11:18:43.824 DEBUG 7503 --- [    Test worker] o.apache.tomcat.util.digester.Digester   : [SetPropertiesRule]{mbeans-descriptors/mbean/operation} Setting property 'returnType' to 'org.apache.tomcat.util.net.SSLHostConfig'
2019-12-06 11:18:43.824 DEBUG 7503 --- [    Test worker] o.apache.tomcat.util.IntrospectionUtils  : IntrospectionUtils: setProperty(class org.apache.tomcat.util.modeler.OperationInfo returnType=org.apache.tomcat.util.net.SSLHostConfig)
2019-12-06 11:18:43.824 DEBUG 7503 --- [    Test worker] o.apache.tomcat.util.digester.Digester   :   Fire begin() for SetNextRule[methodName=addOperation, paramType=org.apache.tomcat.util.modeler.OperationInfo]
2019-12-06 11:18:43.824 DEBUG 7503 --- [    Test worker] o.a.tomcat.util.digester.Digester.sax    : characters(
      )
2019-12-06 11:18:43.824 DEBUG 7503 --- [    Test worker] o.a.tomcat.util.digester.Digester.sax    : startElement(,,parameter)
2019-12-06 11:18:43.825 DEBUG 7503 --- [    Test worker] o.apache.tomcat.util.digester.Digester   :   New match='mbeans-descriptors/mbean/operation/parameter'
2019-12-06 11:18:43.825 DEBUG 7503 --- [    Test worker] o.apache.tomcat.util.digester.Digester   :   Fire begin() for ObjectCreateRule[className=org.apache.tomcat.util.modeler.ParameterInfo, attributeName=null]
2019-12-06 11:18:43.825 DEBUG 7503 --- [    Test worker] o.apache.tomcat.util.digester.Digester   :   Fire begin() for SetPropertiesRule[]
2019-12-06 11:18:43.825 DEBUG 7503 --- [    Test worker] o.apache.tomcat.util.digester.Digester   : [SetPropertiesRule]{mbeans-descriptors/mbean/operation/parameter} Set org.apache.tomcat.util.modeler.ParameterInfo properties
2019-12-06 11:18:43.825 DEBUG 7503 --- [    Test worker] o.apache.tomcat.util.digester.Digester   : [SetPropertiesRule]{mbeans-descriptors/mbean/operation/parameter} Setting property 'name' to 'param0'
2019-12-06 11:18:43.825 DEBUG 7503 --- [    Test worker] o.apache.tomcat.util.IntrospectionUtils  : IntrospectionUtils: setProperty(class org.apache.tomcat.util.modeler.ParameterInfo name=param0)
2019-12-06 11:18:43.825 DEBUG 7503 --- [    Test worker] o.apache.tomcat.util.digester.Digester   : [SetPropertiesRule]{mbeans-descriptors/mbean/operation/parameter} Setting property 'type' to 'java.lang.String'
2019-12-06 11:18:43.825 DEBUG 7503 --- [    Test worker] o.apache.tomcat.util.IntrospectionUtils  : IntrospectionUtils: setProperty(class org.apache.tomcat.util.modeler.ParameterInfo type=java.lang.String)
2019-12-06 11:18:43.826 DEBUG 7503 --- [    Test worker] o.apache.tomcat.util.digester.Digester   :   Fire begin() for SetNextRule[methodName=addParameter, paramType=org.apache.tomcat.util.modeler.ParameterInfo]
2019-12-06 11:18:43.826 DEBUG 7503 --- [    Test worker] o.a.tomcat.util.digester.Digester.sax    : endElement(,,parameter)
2019-12-06 11:18:43.826 DEBUG 7503 --- [    Test worker] o.apache.tomcat.util.digester.Digester   :   match='mbeans-descriptors/mbean/operation/parameter'
2019-12-06 11:18:43.826 DEBUG 7503 --- [    Test worker] o.apache.tomcat.util.digester.Digester   :   bodyText=''
2019-12-06 11:18:43.826 DEBUG 7503 --- [    Test worker] o.apache.tomcat.util.digester.Digester   :   Fire body() for ObjectCreateRule[className=org.apache.tomcat.util.modeler.ParameterInfo, attributeName=null]
2019-12-06 11:18:43.826 DEBUG 7503 --- [    Test worker] o.apache.tomcat.util.digester.Digester   :   Fire body() for SetPropertiesRule[]
2019-12-06 11:18:43.826 DEBUG 7503 --- [    Test worker] o.apache.tomcat.util.digester.Digester   :   Fire body() for SetNextRule[methodName=addParameter, paramType=org.apache.tomcat.util.modeler.ParameterInfo]
2019-12-06 11:18:43.827 DEBUG 7503 --- [    Test worker] o.apache.tomcat.util.digester.Digester   :   Fire end() for SetNextRule[methodName=addParameter, paramType=org.apache.tomcat.util.modeler.ParameterInfo]
2019-12-06 11:18:43.827 DEBUG 7503 --- [    Test worker] o.apache.tomcat.util.digester.Digester   : [SetNextRule]{mbeans-descriptors/mbean/operation/parameter} Call org.apache.tomcat.util.modeler.OperationInfo.addParameter(org.apache.tomcat.util.modeler.ParameterInfo@1a4437b2)
2019-12-06 11:18:43.827 DEBUG 7503 --- [    Test worker] o.apache.tomcat.util.IntrospectionUtils  : IntrospectionUtils: callMethod1 org.apache.tomcat.util.modeler.OperationInfo org.apache.tomcat.util.modeler.ParameterInfo org.apache.tomcat.util.modeler.ParameterInfo
2019-12-06 11:18:43.827 DEBUG 7503 --- [    Test worker] o.apache.tomcat.util.digester.Digester   :   Fire end() for SetPropertiesRule[]
2019-12-06 11:18:43.827 DEBUG 7503 --- [    Test worker] o.apache.tomcat.util.digester.Digester   :   Fire end() for ObjectCreateRule[className=org.apache.tomcat.util.modeler.ParameterInfo, attributeName=null]
2019-12-06 11:18:43.827 DEBUG 7503 --- [    Test worker] o.apache.tomcat.util.digester.Digester   : [ObjectCreateRule]{mbeans-descriptors/mbean/operation/parameter} Pop org.apache.tomcat.util.modeler.ParameterInfo
2019-12-06 11:18:43.827 DEBUG 7503 --- [    Test worker] o.a.tomcat.util.digester.Digester.sax    : characters(
    )
2019-12-06 11:18:43.827 DEBUG 7503 --- [    Test worker] o.a.tomcat.util.digester.Digester.sax    : endElement(,,operation)
2019-12-06 11:18:43.828 DEBUG 7503 --- [    Test worker] o.apache.tomcat.util.digester.Digester   :   match='mbeans-descriptors/mbean/operation'
2019-12-06 11:18:43.828 DEBUG 7503 --- [    Test worker] o.apache.tomcat.util.digester.Digester   :   bodyText='
      
    '
2019-12-06 11:18:43.828 DEBUG 7503 --- [    Test worker] o.apache.tomcat.util.digester.Digester   :   Fire body() for ObjectCreateRule[className=org.apache.tomcat.util.modeler.OperationInfo, attributeName=null]
2019-12-06 11:18:43.828 DEBUG 7503 --- [    Test worker] o.apache.tomcat.util.digester.Digester   :   Fire body() for SetPropertiesRule[]
2019-12-06 11:18:43.828 DEBUG 7503 --- [    Test worker] o.apache.tomcat.util.digester.Digester   :   Fire body() for SetNextRule[methodName=addOperation, paramType=org.apache.tomcat.util.modeler.OperationInfo]
2019-12-06 11:18:43.828 DEBUG 7503 --- [    Test worker] o.apache.tomcat.util.digester.Digester   :   Fire end() for SetNextRule[methodName=addOperation, paramType=org.apache.tomcat.util.modeler.OperationInfo]
2019-12-06 11:18:43.828 DEBUG 7503 --- [    Test worker] o.apache.tomcat.util.digester.Digester   : [SetNextRule]{mbeans-descriptors/mbean/operation} Call org.apache.tomcat.util.modeler.ManagedBean.addOperation(org.apache.tomcat.util.modeler.OperationInfo@306a8176)
2019-12-06 11:18:43.828 DEBUG 7503 --- [    Test worker] o.apache.tomcat.util.IntrospectionUtils  : IntrospectionUtils: callMethod1 org.apache.tomcat.util.modeler.ManagedBean org.apache.tomcat.util.modeler.OperationInfo org.apache.tomcat.util.modeler.OperationInfo
2019-12-06 11:18:43.829 DEBUG 7503 --- [    Test worker] o.apache.tomcat.util.digester.Digester   :   Fire end() for SetPropertiesRule[]
2019-12-06 11:18:43.829 DEBUG 7503 --- [    Test worker] o.apache.tomcat.util.digester.Digester   :   Fire end() for ObjectCreateRule[className=org.apache.tomcat.util.modeler.OperationInfo, attributeName=null]
2019-12-06 11:18:43.829 DEBUG 7503 --- [    Test worker] o.apache.tomcat.util.digester.Digester   : [ObjectCreateRule]{mbeans-descriptors/mbean/operation} Pop org.apache.tomcat.util.modeler.OperationInfo
2019-12-06 11:18:43.829 DEBUG 7503 --- [    Test worker] o.a.tomcat.util.digester.Digester.sax    : characters(

    )
2019-12-06 11:18:43.829 DEBUG 7503 --- [    Test worker] o.a.tomcat.util.digester.Digester.sax    : startElement(,,operation)
2019-12-06 11:18:43.829 DEBUG 7503 --- [    Test worker] o.apache.tomcat.util.digester.Digester   :   New match='mbeans-descriptors/mbean/operation'
2019-12-06 11:18:43.830 DEBUG 7503 --- [    Test worker] o.apache.tomcat.util.digester.Digester   :   Fire begin() for ObjectCreateRule[className=org.apache.tomcat.util.modeler.OperationInfo, attributeName=null]
2019-12-06 11:18:43.830 DEBUG 7503 --- [    Test worker] o.apache.tomcat.util.digester.Digester   :   Fire begin() for SetPropertiesRule[]
2019-12-06 11:18:43.830 DEBUG 7503 --- [    Test worker] o.apache.tomcat.util.digester.Digester   : [SetPropertiesRule]{mbeans-descriptors/mbean/operation} Set org.apache.tomcat.util.modeler.OperationInfo properties
2019-12-06 11:18:43.830 DEBUG 7503 --- [    Test worker] o.apache.tomcat.util.digester.Digester   : [SetPropertiesRule]{mbeans-descriptors/mbean/operation} Setting property 'name' to 'resume'
2019-12-06 11:18:43.830 DEBUG 7503 --- [    Test worker] o.apache.tomcat.util.IntrospectionUtils  : IntrospectionUtils: setProperty(class org.apache.tomcat.util.modeler.OperationInfo name=resume)
2019-12-06 11:18:43.830 DEBUG 7503 --- [    Test worker] o.apache.tomcat.util.digester.Digester   : [SetPropertiesRule]{mbeans-descriptors/mbean/operation} Setting property 'returnType' to 'void'
2019-12-06 11:18:43.830 DEBUG 7503 --- [    Test worker] o.apache.tomcat.util.IntrospectionUtils  : IntrospectionUtils: setProperty(class org.apache.tomcat.util.modeler.OperationInfo returnType=void)
2019-12-06 11:18:43.831 DEBUG 7503 --- [    Test worker] o.apache.tomcat.util.digester.Digester   :   Fire begin() for SetNextRule[methodName=addOperation, paramType=org.apache.tomcat.util.modeler.OperationInfo]
2019-12-06 11:18:43.831 DEBUG 7503 --- [    Test worker] o.a.tomcat.util.digester.Digester.sax    : endElement(,,operation)
2019-12-06 11:18:43.831 DEBUG 7503 --- [    Test worker] o.apache.tomcat.util.digester.Digester   :   match='mbeans-descriptors/mbean/operation'
2019-12-06 11:18:43.831 DEBUG 7503 --- [    Test worker] o.apache.tomcat.util.digester.Digester   :   bodyText=''
2019-12-06 11:18:43.831 DEBUG 7503 --- [    Test worker] o.apache.tomcat.util.digester.Digester   :   Fire body() for ObjectCreateRule[className=org.apache.tomcat.util.modeler.OperationInfo, attributeName=null]
2019-12-06 11:18:43.831 DEBUG 7503 --- [    Test worker] o.apache.tomcat.util.digester.Digester   :   Fire body() for SetPropertiesRule[]
2019-12-06 11:18:43.831 DEBUG 7503 --- [    Test worker] o.apache.tomcat.util.digester.Digester   :   Fire body() for SetNextRule[methodName=addOperation, paramType=org.apache.tomcat.util.modeler.OperationInfo]
2019-12-06 11:18:43.832 DEBUG 7503 --- [    Test worker] o.apache.tomcat.util.digester.Digester   :   Fire end() for SetNextRule[methodName=addOperation, paramType=org.apache.tomcat.util.modeler.OperationInfo]
2019-12-06 11:18:43.832 DEBUG 7503 --- [    Test worker] o.apache.tomcat.util.digester.Digester   : [SetNextRule]{mbeans-descriptors/mbean/operation} Call org.apache.tomcat.util.modeler.ManagedBean.addOperation(org.apache.tomcat.util.modeler.OperationInfo@58b0969d)
2019-12-06 11:18:43.832 DEBUG 7503 --- [    Test worker] o.apache.tomcat.util.IntrospectionUtils  : IntrospectionUtils: callMethod1 org.apache.tomcat.util.modeler.ManagedBean org.apache.tomcat.util.modeler.OperationInfo org.apache.tomcat.util.modeler.OperationInfo
2019-12-06 11:18:43.832 DEBUG 7503 --- [    Test worker] o.apache.tomcat.util.digester.Digester   :   Fire end() for SetPropertiesRule[]
2019-12-06 11:18:43.832 DEBUG 7503 --- [    Test worker] o.apache.tomcat.util.digester.Digester   :   Fire end() for ObjectCreateRule[className=org.apache.tomcat.util.modeler.OperationInfo, attributeName=null]
2019-12-06 11:18:43.832 DEBUG 7503 --- [    Test worker] o.apache.tomcat.util.digester.Digester   : [ObjectCreateRule]{mbeans-descriptors/mbean/operation} Pop org.apache.tomcat.util.modeler.OperationInfo
2019-12-06 11:18:43.832 DEBUG 7503 --- [    Test worker] o.a.tomcat.util.digester.Digester.sax    : characters(

    )
2019-12-06 11:18:43.833 DEBUG 7503 --- [    Test worker] o.a.tomcat.util.digester.Digester.sax    : startElement(,,operation)
2019-12-06 11:18:43.833 DEBUG 7503 --- [    Test worker] o.apache.tomcat.util.digester.Digester   :   New match='mbeans-descriptors/mbean/operation'
2019-12-06 11:18:43.833 DEBUG 7503 --- [    Test worker] o.apache.tomcat.util.digester.Digester   :   Fire begin() for ObjectCreateRule[className=org.apache.tomcat.util.modeler.OperationInfo, attributeName=null]
2019-12-06 11:18:43.833 DEBUG 7503 --- [    Test worker] o.apache.tomcat.util.digester.Digester   :   Fire begin() for SetPropertiesRule[]
2019-12-06 11:18:43.833 DEBUG 7503 --- [    Test worker] o.apache.tomcat.util.digester.Digester   : [SetPropertiesRule]{mbeans-descriptors/mbean/operation} Set org.apache.tomcat.util.modeler.OperationInfo properties
2019-12-06 11:18:43.833 DEBUG 7503 --- [    Test worker] o.apache.tomcat.util.digester.Digester   : [SetPropertiesRule]{mbeans-descriptors/mbean/operation} Setting property 'name' to 'setProperty'
2019-12-06 11:18:43.833 DEBUG 7503 --- [    Test worker] o.apache.tomcat.util.IntrospectionUtils  : IntrospectionUtils: setProperty(class org.apache.tomcat.util.modeler.OperationInfo name=setProperty)
2019-12-06 11:18:43.833 DEBUG 7503 --- [    Test worker] o.apache.tomcat.util.digester.Digester   : [SetPropertiesRule]{mbeans-descriptors/mbean/operation} Setting property 'returnType' to 'boolean'
2019-12-06 11:18:43.834 DEBUG 7503 --- [    Test worker] o.apache.tomcat.util.IntrospectionUtils  : IntrospectionUtils: setProperty(class org.apache.tomcat.util.modeler.OperationInfo returnType=boolean)
2019-12-06 11:18:43.834 DEBUG 7503 --- [    Test worker] o.apache.tomcat.util.digester.Digester   :   Fire begin() for SetNextRule[methodName=addOperation, paramType=org.apache.tomcat.util.modeler.OperationInfo]
2019-12-06 11:18:43.834 DEBUG 7503 --- [    Test worker] o.a.tomcat.util.digester.Digester.sax    : characters(
      )
2019-12-06 11:18:43.834 DEBUG 7503 --- [    Test worker] o.a.tomcat.util.digester.Digester.sax    : startElement(,,parameter)
2019-12-06 11:18:43.834 DEBUG 7503 --- [    Test worker] o.apache.tomcat.util.digester.Digester   :   New match='mbeans-descriptors/mbean/operation/parameter'
2019-12-06 11:18:43.834 DEBUG 7503 --- [    Test worker] o.apache.tomcat.util.digester.Digester   :   Fire begin() for ObjectCreateRule[className=org.apache.tomcat.util.modeler.ParameterInfo, attributeName=null]
2019-12-06 11:18:43.834 DEBUG 7503 --- [    Test worker] o.apache.tomcat.util.digester.Digester   :   Fire begin() for SetPropertiesRule[]
2019-12-06 11:18:43.835 DEBUG 7503 --- [    Test worker] o.apache.tomcat.util.digester.Digester   : [SetPropertiesRule]{mbeans-descriptors/mbean/operation/parameter} Set org.apache.tomcat.util.modeler.ParameterInfo properties
2019-12-06 11:18:43.835 DEBUG 7503 --- [    Test worker] o.apache.tomcat.util.digester.Digester   : [SetPropertiesRule]{mbeans-descriptors/mbean/operation/parameter} Setting property 'name' to 'param0'
2019-12-06 11:18:43.835 DEBUG 7503 --- [    Test worker] o.apache.tomcat.util.IntrospectionUtils  : IntrospectionUtils: setProperty(class org.apache.tomcat.util.modeler.ParameterInfo name=param0)
2019-12-06 11:18:43.835 DEBUG 7503 --- [    Test worker] o.apache.tomcat.util.digester.Digester   : [SetPropertiesRule]{mbeans-descriptors/mbean/operation/parameter} Setting property 'type' to 'java.lang.String'
2019-12-06 11:18:43.835 DEBUG 7503 --- [    Test worker] o.apache.tomcat.util.IntrospectionUtils  : IntrospectionUtils: setProperty(class org.apache.tomcat.util.modeler.ParameterInfo type=java.lang.String)
2019-12-06 11:18:43.835 DEBUG 7503 --- [    Test worker] o.apache.tomcat.util.digester.Digester   :   Fire begin() for SetNextRule[methodName=addParameter, paramType=org.apache.tomcat.util.modeler.ParameterInfo]
2019-12-06 11:18:43.835 DEBUG 7503 --- [    Test worker] o.a.tomcat.util.digester.Digester.sax    : endElement(,,parameter)
2019-12-06 11:18:43.835 DEBUG 7503 --- [    Test worker] o.apache.tomcat.util.digester.Digester   :   match='mbeans-descriptors/mbean/operation/parameter'
2019-12-06 11:18:43.836 DEBUG 7503 --- [    Test worker] o.apache.tomcat.util.digester.Digester   :   bodyText=''
2019-12-06 11:18:43.836 DEBUG 7503 --- [    Test worker] o.apache.tomcat.util.digester.Digester   :   Fire body() for ObjectCreateRule[className=org.apache.tomcat.util.modeler.ParameterInfo, attributeName=null]
2019-12-06 11:18:43.836 DEBUG 7503 --- [    Test worker] o.apache.tomcat.util.digester.Digester   :   Fire body() for SetPropertiesRule[]
2019-12-06 11:18:43.836 DEBUG 7503 --- [    Test worker] o.apache.tomcat.util.digester.Digester   :   Fire body() for SetNextRule[methodName=addParameter, paramType=org.apache.tomcat.util.modeler.ParameterInfo]
2019-12-06 11:18:43.836 DEBUG 7503 --- [    Test worker] o.apache.tomcat.util.digester.Digester   :   Fire end() for SetNextRule[methodName=addParameter, paramType=org.apache.tomcat.util.modeler.ParameterInfo]
2019-12-06 11:18:43.836 DEBUG 7503 --- [    Test worker] o.apache.tomcat.util.digester.Digester   : [SetNextRule]{mbeans-descriptors/mbean/operation/parameter} Call org.apache.tomcat.util.modeler.OperationInfo.addParameter(org.apache.tomcat.util.modeler.ParameterInfo@21a45877)
2019-12-06 11:18:43.836 DEBUG 7503 --- [    Test worker] o.apache.tomcat.util.IntrospectionUtils  : IntrospectionUtils: callMethod1 org.apache.tomcat.util.modeler.OperationInfo org.apache.tomcat.util.modeler.ParameterInfo org.apache.tomcat.util.modeler.ParameterInfo
2019-12-06 11:18:43.837 DEBUG 7503 --- [    Test worker] o.apache.tomcat.util.digester.Digester   :   Fire end() for SetPropertiesRule[]
2019-12-06 11:18:43.837 DEBUG 7503 --- [    Test worker] o.apache.tomcat.util.digester.Digester   :   Fire end() for ObjectCreateRule[className=org.apache.tomcat.util.modeler.ParameterInfo, attributeName=null]
2019-12-06 11:18:43.837 DEBUG 7503 --- [    Test worker] o.apache.tomcat.util.digester.Digester   : [ObjectCreateRule]{mbeans-descriptors/mbean/operation/parameter} Pop org.apache.tomcat.util.modeler.ParameterInfo
2019-12-06 11:18:43.837 DEBUG 7503 --- [    Test worker] o.a.tomcat.util.digester.Digester.sax    : characters(
      )
2019-12-06 11:18:43.837 DEBUG 7503 --- [    Test worker] o.a.tomcat.util.digester.Digester.sax    : startElement(,,parameter)
2019-12-06 11:18:43.837 DEBUG 7503 --- [    Test worker] o.apache.tomcat.util.digester.Digester   :   New match='mbeans-descriptors/mbean/operation/parameter'
2019-12-06 11:18:43.837 DEBUG 7503 --- [    Test worker] o.apache.tomcat.util.digester.Digester   :   Fire begin() for ObjectCreateRule[className=org.apache.tomcat.util.modeler.ParameterInfo, attributeName=null]
2019-12-06 11:18:43.837 DEBUG 7503 --- [    Test worker] o.apache.tomcat.util.digester.Digester   :   Fire begin() for SetPropertiesRule[]
2019-12-06 11:18:43.838 DEBUG 7503 --- [    Test worker] o.apache.tomcat.util.digester.Digester   : [SetPropertiesRule]{mbeans-descriptors/mbean/operation/parameter} Set org.apache.tomcat.util.modeler.ParameterInfo properties
2019-12-06 11:18:43.838 DEBUG 7503 --- [    Test worker] o.apache.tomcat.util.digester.Digester   : [SetPropertiesRule]{mbeans-descriptors/mbean/operation/parameter} Setting property 'name' to 'param1'
2019-12-06 11:18:43.838 DEBUG 7503 --- [    Test worker] o.apache.tomcat.util.IntrospectionUtils  : IntrospectionUtils: setProperty(class org.apache.tomcat.util.modeler.ParameterInfo name=param1)
2019-12-06 11:18:43.838 DEBUG 7503 --- [    Test worker] o.apache.tomcat.util.digester.Digester   : [SetPropertiesRule]{mbeans-descriptors/mbean/operation/parameter} Setting property 'type' to 'java.lang.String'
2019-12-06 11:18:43.838 DEBUG 7503 --- [    Test worker] o.apache.tomcat.util.IntrospectionUtils  : IntrospectionUtils: setProperty(class org.apache.tomcat.util.modeler.ParameterInfo type=java.lang.String)
2019-12-06 11:18:43.838 DEBUG 7503 --- [    Test worker] o.apache.tomcat.util.digester.Digester   :   Fire begin() for SetNextRule[methodName=addParameter, paramType=org.apache.tomcat.util.modeler.ParameterInfo]
2019-12-06 11:18:43.838 DEBUG 7503 --- [    Test worker] o.a.tomcat.util.digester.Digester.sax    : endElement(,,parameter)
2019-12-06 11:18:43.838 DEBUG 7503 --- [    Test worker] o.apache.tomcat.util.digester.Digester   :   match='mbeans-descriptors/mbean/operation/parameter'
2019-12-06 11:18:43.839 DEBUG 7503 --- [    Test worker] o.apache.tomcat.util.digester.Digester   :   bodyText=''
2019-12-06 11:18:43.839 DEBUG 7503 --- [    Test worker] o.apache.tomcat.util.digester.Digester   :   Fire body() for ObjectCreateRule[className=org.apache.tomcat.util.modeler.ParameterInfo, attributeName=null]
2019-12-06 11:18:43.839 DEBUG 7503 --- [    Test worker] o.apache.tomcat.util.digester.Digester   :   Fire body() for SetPropertiesRule[]
2019-12-06 11:18:43.839 DEBUG 7503 --- [    Test worker] o.apache.tomcat.util.digester.Digester   :   Fire body() for SetNextRule[methodName=addParameter, paramType=org.apache.tomcat.util.modeler.ParameterInfo]
2019-12-06 11:18:43.839 DEBUG 7503 --- [    Test worker] o.apache.tomcat.util.digester.Digester   :   Fire end() for SetNextRule[methodName=addParameter, paramType=org.apache.tomcat.util.modeler.ParameterInfo]
2019-12-06 11:18:43.839 DEBUG 7503 --- [    Test worker] o.apache.tomcat.util.digester.Digester   : [SetNextRule]{mbeans-descriptors/mbean/operation/parameter} Call org.apache.tomcat.util.modeler.OperationInfo.addParameter(org.apache.tomcat.util.modeler.ParameterInfo@1a661256)
2019-12-06 11:18:43.839 DEBUG 7503 --- [    Test worker] o.apache.tomcat.util.IntrospectionUtils  : IntrospectionUtils: callMethod1 org.apache.tomcat.util.modeler.OperationInfo org.apache.tomcat.util.modeler.ParameterInfo org.apache.tomcat.util.modeler.ParameterInfo
2019-12-06 11:18:43.840 DEBUG 7503 --- [    Test worker] o.apache.tomcat.util.digester.Digester   :   Fire end() for SetPropertiesRule[]
2019-12-06 11:18:43.840 DEBUG 7503 --- [    Test worker] o.apache.tomcat.util.digester.Digester   :   Fire end() for ObjectCreateRule[className=org.apache.tomcat.util.modeler.ParameterInfo, attributeName=null]
2019-12-06 11:18:43.840 DEBUG 7503 --- [    Test worker] o.apache.tomcat.util.digester.Digester   : [ObjectCreateRule]{mbeans-descriptors/mbean/operation/parameter} Pop org.apache.tomcat.util.modeler.ParameterInfo
2019-12-06 11:18:43.840 DEBUG 7503 --- [    Test worker] o.a.tomcat.util.digester.Digester.sax    : characters(
    )
2019-12-06 11:18:43.840 DEBUG 7503 --- [    Test worker] o.a.tomcat.util.digester.Digester.sax    : endElement(,,operation)
2019-12-06 11:18:43.840 DEBUG 7503 --- [    Test worker] o.apache.tomcat.util.digester.Digester   :   match='mbeans-descriptors/mbean/operation'
2019-12-06 11:18:43.840 DEBUG 7503 --- [    Test worker] o.apache.tomcat.util.digester.Digester   :   bodyText='
      
      
    '
2019-12-06 11:18:43.840 DEBUG 7503 --- [    Test worker] o.apache.tomcat.util.digester.Digester   :   Fire body() for ObjectCreateRule[className=org.apache.tomcat.util.modeler.OperationInfo, attributeName=null]
2019-12-06 11:18:43.841 DEBUG 7503 --- [    Test worker] o.apache.tomcat.util.digester.Digester   :   Fire body() for SetPropertiesRule[]
2019-12-06 11:18:43.841 DEBUG 7503 --- [    Test worker] o.apache.tomcat.util.digester.Digester   :   Fire body() for SetNextRule[methodName=addOperation, paramType=org.apache.tomcat.util.modeler.OperationInfo]
2019-12-06 11:18:43.841 DEBUG 7503 --- [    Test worker] o.apache.tomcat.util.digester.Digester   :   Fire end() for SetNextRule[methodName=addOperation, paramType=org.apache.tomcat.util.modeler.OperationInfo]
2019-12-06 11:18:43.841 DEBUG 7503 --- [    Test worker] o.apache.tomcat.util.digester.Digester   : [SetNextRule]{mbeans-descriptors/mbean/operation} Call org.apache.tomcat.util.modeler.ManagedBean.addOperation(org.apache.tomcat.util.modeler.OperationInfo@7ee3515d)
2019-12-06 11:18:43.841 DEBUG 7503 --- [    Test worker] o.apache.tomcat.util.IntrospectionUtils  : IntrospectionUtils: callMethod1 org.apache.tomcat.util.modeler.ManagedBean org.apache.tomcat.util.modeler.OperationInfo org.apache.tomcat.util.modeler.OperationInfo
2019-12-06 11:18:43.841 DEBUG 7503 --- [    Test worker] o.apache.tomcat.util.digester.Digester   :   Fire end() for SetPropertiesRule[]
2019-12-06 11:18:43.841 DEBUG 7503 --- [    Test worker] o.apache.tomcat.util.digester.Digester   :   Fire end() for ObjectCreateRule[className=org.apache.tomcat.util.modeler.OperationInfo, attributeName=null]
2019-12-06 11:18:43.842 DEBUG 7503 --- [    Test worker] o.apache.tomcat.util.digester.Digester   : [ObjectCreateRule]{mbeans-descriptors/mbean/operation} Pop org.apache.tomcat.util.modeler.OperationInfo
2019-12-06 11:18:43.842 DEBUG 7503 --- [    Test worker] o.a.tomcat.util.digester.Digester.sax    : characters(

    )
2019-12-06 11:18:43.842 DEBUG 7503 --- [    Test worker] o.a.tomcat.util.digester.Digester.sax    : startElement(,,operation)
2019-12-06 11:18:43.842 DEBUG 7503 --- [    Test worker] o.apache.tomcat.util.digester.Digester   :   New match='mbeans-descriptors/mbean/operation'
2019-12-06 11:18:43.842 DEBUG 7503 --- [    Test worker] o.apache.tomcat.util.digester.Digester   :   Fire begin() for ObjectCreateRule[className=org.apache.tomcat.util.modeler.OperationInfo, attributeName=null]
2019-12-06 11:18:43.842 DEBUG 7503 --- [    Test worker] o.apache.tomcat.util.digester.Digester   :   Fire begin() for SetPropertiesRule[]
2019-12-06 11:18:43.842 DEBUG 7503 --- [    Test worker] o.apache.tomcat.util.digester.Digester   : [SetPropertiesRule]{mbeans-descriptors/mbean/operation} Set org.apache.tomcat.util.modeler.OperationInfo properties
2019-12-06 11:18:43.842 DEBUG 7503 --- [    Test worker] o.apache.tomcat.util.digester.Digester   : [SetPropertiesRule]{mbeans-descriptors/mbean/operation} Setting property 'name' to 'shutdownExecutor'
2019-12-06 11:18:43.843 DEBUG 7503 --- [    Test worker] o.apache.tomcat.util.IntrospectionUtils  : IntrospectionUtils: setProperty(class org.apache.tomcat.util.modeler.OperationInfo name=shutdownExecutor)
2019-12-06 11:18:43.843 DEBUG 7503 --- [    Test worker] o.apache.tomcat.util.digester.Digester   : [SetPropertiesRule]{mbeans-descriptors/mbean/operation} Setting property 'returnType' to 'void'
2019-12-06 11:18:43.843 DEBUG 7503 --- [    Test worker] o.apache.tomcat.util.IntrospectionUtils  : IntrospectionUtils: setProperty(class org.apache.tomcat.util.modeler.OperationInfo returnType=void)
2019-12-06 11:18:43.843 DEBUG 7503 --- [    Test worker] o.apache.tomcat.util.digester.Digester   :   Fire begin() for SetNextRule[methodName=addOperation, paramType=org.apache.tomcat.util.modeler.OperationInfo]
2019-12-06 11:18:43.843 DEBUG 7503 --- [    Test worker] o.a.tomcat.util.digester.Digester.sax    : endElement(,,operation)
2019-12-06 11:18:43.843 DEBUG 7503 --- [    Test worker] o.apache.tomcat.util.digester.Digester   :   match='mbeans-descriptors/mbean/operation'
2019-12-06 11:18:43.843 DEBUG 7503 --- [    Test worker] o.apache.tomcat.util.digester.Digester   :   bodyText=''
2019-12-06 11:18:43.844 DEBUG 7503 --- [    Test worker] o.apache.tomcat.util.digester.Digester   :   Fire body() for ObjectCreateRule[className=org.apache.tomcat.util.modeler.OperationInfo, attributeName=null]
2019-12-06 11:18:43.844 DEBUG 7503 --- [    Test worker] o.apache.tomcat.util.digester.Digester   :   Fire body() for SetPropertiesRule[]
2019-12-06 11:18:43.844 DEBUG 7503 --- [    Test worker] o.apache.tomcat.util.digester.Digester   :   Fire body() for SetNextRule[methodName=addOperation, paramType=org.apache.tomcat.util.modeler.OperationInfo]
2019-12-06 11:18:43.844 DEBUG 7503 --- [    Test worker] o.apache.tomcat.util.digester.Digester   :   Fire end() for SetNextRule[methodName=addOperation, paramType=org.apache.tomcat.util.modeler.OperationInfo]
2019-12-06 11:18:43.844 DEBUG 7503 --- [    Test worker] o.apache.tomcat.util.digester.Digester   : [SetNextRule]{mbeans-descriptors/mbean/operation} Call org.apache.tomcat.util.modeler.ManagedBean.addOperation(org.apache.tomcat.util.modeler.OperationInfo@22bb2462)
2019-12-06 11:18:43.844 DEBUG 7503 --- [    Test worker] o.apache.tomcat.util.IntrospectionUtils  : IntrospectionUtils: callMethod1 org.apache.tomcat.util.modeler.ManagedBean org.apache.tomcat.util.modeler.OperationInfo org.apache.tomcat.util.modeler.OperationInfo
2019-12-06 11:18:43.844 DEBUG 7503 --- [    Test worker] o.apache.tomcat.util.digester.Digester   :   Fire end() for SetPropertiesRule[]
2019-12-06 11:18:43.844 DEBUG 7503 --- [    Test worker] o.apache.tomcat.util.digester.Digester   :   Fire end() for ObjectCreateRule[className=org.apache.tomcat.util.modeler.OperationInfo, attributeName=null]
2019-12-06 11:18:43.845 DEBUG 7503 --- [    Test worker] o.apache.tomcat.util.digester.Digester   : [ObjectCreateRule]{mbeans-descriptors/mbean/operation} Pop org.apache.tomcat.util.modeler.OperationInfo
2019-12-06 11:18:43.845 DEBUG 7503 --- [    Test worker] o.a.tomcat.util.digester.Digester.sax    : characters(

    )
2019-12-06 11:18:43.845 DEBUG 7503 --- [    Test worker] o.a.tomcat.util.digester.Digester.sax    : startElement(,,operation)
2019-12-06 11:18:43.845 DEBUG 7503 --- [    Test worker] o.apache.tomcat.util.digester.Digester   :   New match='mbeans-descriptors/mbean/operation'
2019-12-06 11:18:43.845 DEBUG 7503 --- [    Test worker] o.apache.tomcat.util.digester.Digester   :   Fire begin() for ObjectCreateRule[className=org.apache.tomcat.util.modeler.OperationInfo, attributeName=null]
2019-12-06 11:18:43.845 DEBUG 7503 --- [    Test worker] o.apache.tomcat.util.digester.Digester   :   Fire begin() for SetPropertiesRule[]
2019-12-06 11:18:43.845 DEBUG 7503 --- [    Test worker] o.apache.tomcat.util.digester.Digester   : [SetPropertiesRule]{mbeans-descriptors/mbean/operation} Set org.apache.tomcat.util.modeler.OperationInfo properties
2019-12-06 11:18:43.846 DEBUG 7503 --- [    Test worker] o.apache.tomcat.util.digester.Digester   : [SetPropertiesRule]{mbeans-descriptors/mbean/operation} Setting property 'name' to 'start'
2019-12-06 11:18:43.846 DEBUG 7503 --- [    Test worker] o.apache.tomcat.util.IntrospectionUtils  : IntrospectionUtils: setProperty(class org.apache.tomcat.util.modeler.OperationInfo name=start)
2019-12-06 11:18:43.846 DEBUG 7503 --- [    Test worker] o.apache.tomcat.util.digester.Digester   : [SetPropertiesRule]{mbeans-descriptors/mbean/operation} Setting property 'returnType' to 'void'
2019-12-06 11:18:43.846 DEBUG 7503 --- [    Test worker] o.apache.tomcat.util.IntrospectionUtils  : IntrospectionUtils: setProperty(class org.apache.tomcat.util.modeler.OperationInfo returnType=void)
2019-12-06 11:18:43.846 DEBUG 7503 --- [    Test worker] o.apache.tomcat.util.digester.Digester   :   Fire begin() for SetNextRule[methodName=addOperation, paramType=org.apache.tomcat.util.modeler.OperationInfo]
2019-12-06 11:18:43.846 DEBUG 7503 --- [    Test worker] o.a.tomcat.util.digester.Digester.sax    : endElement(,,operation)
2019-12-06 11:18:43.846 DEBUG 7503 --- [    Test worker] o.apache.tomcat.util.digester.Digester   :   match='mbeans-descriptors/mbean/operation'
2019-12-06 11:18:43.846 DEBUG 7503 --- [    Test worker] o.apache.tomcat.util.digester.Digester   :   bodyText=''
2019-12-06 11:18:43.846 DEBUG 7503 --- [    Test worker] o.apache.tomcat.util.digester.Digester   :   Fire body() for ObjectCreateRule[className=org.apache.tomcat.util.modeler.OperationInfo, attributeName=null]
2019-12-06 11:18:43.847 DEBUG 7503 --- [    Test worker] o.apache.tomcat.util.digester.Digester   :   Fire body() for SetPropertiesRule[]
2019-12-06 11:18:43.847 DEBUG 7503 --- [    Test worker] o.apache.tomcat.util.digester.Digester   :   Fire body() for SetNextRule[methodName=addOperation, paramType=org.apache.tomcat.util.modeler.OperationInfo]
2019-12-06 11:18:43.847 DEBUG 7503 --- [    Test worker] o.apache.tomcat.util.digester.Digester   :   Fire end() for SetNextRule[methodName=addOperation, paramType=org.apache.tomcat.util.modeler.OperationInfo]
2019-12-06 11:18:43.847 DEBUG 7503 --- [    Test worker] o.apache.tomcat.util.digester.Digester   : [SetNextRule]{mbeans-descriptors/mbean/operation} Call org.apache.tomcat.util.modeler.ManagedBean.addOperation(org.apache.tomcat.util.modeler.OperationInfo@215fa7a2)
2019-12-06 11:18:43.847 DEBUG 7503 --- [    Test worker] o.apache.tomcat.util.IntrospectionUtils  : IntrospectionUtils: callMethod1 org.apache.tomcat.util.modeler.ManagedBean org.apache.tomcat.util.modeler.OperationInfo org.apache.tomcat.util.modeler.OperationInfo
2019-12-06 11:18:43.847 DEBUG 7503 --- [    Test worker] o.apache.tomcat.util.digester.Digester   :   Fire end() for SetPropertiesRule[]
2019-12-06 11:18:43.847 DEBUG 7503 --- [    Test worker] o.apache.tomcat.util.digester.Digester   :   Fire end() for ObjectCreateRule[className=org.apache.tomcat.util.modeler.OperationInfo, attributeName=null]
2019-12-06 11:18:43.848 DEBUG 7503 --- [    Test worker] o.apache.tomcat.util.digester.Digester   : [ObjectCreateRule]{mbeans-descriptors/mbean/operation} Pop org.apache.tomcat.util.modeler.OperationInfo
2019-12-06 11:18:43.848 DEBUG 7503 --- [    Test worker] o.a.tomcat.util.digester.Digester.sax    : characters(

    )
2019-12-06 11:18:43.848 DEBUG 7503 --- [    Test worker] o.a.tomcat.util.digester.Digester.sax    : startElement(,,operation)
2019-12-06 11:18:43.848 DEBUG 7503 --- [    Test worker] o.apache.tomcat.util.digester.Digester   :   New match='mbeans-descriptors/mbean/operation'
2019-12-06 11:18:43.848 DEBUG 7503 --- [    Test worker] o.apache.tomcat.util.digester.Digester   :   Fire begin() for ObjectCreateRule[className=org.apache.tomcat.util.modeler.OperationInfo, attributeName=null]
2019-12-06 11:18:43.848 DEBUG 7503 --- [    Test worker] o.apache.tomcat.util.digester.Digester   :   Fire begin() for SetPropertiesRule[]
2019-12-06 11:18:43.848 DEBUG 7503 --- [    Test worker] o.apache.tomcat.util.digester.Digester   : [SetPropertiesRule]{mbeans-descriptors/mbean/operation} Set org.apache.tomcat.util.modeler.OperationInfo properties
2019-12-06 11:18:43.848 DEBUG 7503 --- [    Test worker] o.apache.tomcat.util.digester.Digester   : [SetPropertiesRule]{mbeans-descriptors/mbean/operation} Setting property 'name' to 'startInternal'
2019-12-06 11:18:43.849 DEBUG 7503 --- [    Test worker] o.apache.tomcat.util.IntrospectionUtils  : IntrospectionUtils: setProperty(class org.apache.tomcat.util.modeler.OperationInfo name=startInternal)
2019-12-06 11:18:43.849 DEBUG 7503 --- [    Test worker] o.apache.tomcat.util.digester.Digester   : [SetPropertiesRule]{mbeans-descriptors/mbean/operation} Setting property 'returnType' to 'void'
2019-12-06 11:18:43.849 DEBUG 7503 --- [    Test worker] o.apache.tomcat.util.IntrospectionUtils  : IntrospectionUtils: setProperty(class org.apache.tomcat.util.modeler.OperationInfo returnType=void)
2019-12-06 11:18:43.849 DEBUG 7503 --- [    Test worker] o.apache.tomcat.util.digester.Digester   :   Fire begin() for SetNextRule[methodName=addOperation, paramType=org.apache.tomcat.util.modeler.OperationInfo]
2019-12-06 11:18:43.849 DEBUG 7503 --- [    Test worker] o.a.tomcat.util.digester.Digester.sax    : endElement(,,operation)
2019-12-06 11:18:43.849 DEBUG 7503 --- [    Test worker] o.apache.tomcat.util.digester.Digester   :   match='mbeans-descriptors/mbean/operation'
2019-12-06 11:18:43.849 DEBUG 7503 --- [    Test worker] o.apache.tomcat.util.digester.Digester   :   bodyText=''
2019-12-06 11:18:43.849 DEBUG 7503 --- [    Test worker] o.apache.tomcat.util.digester.Digester   :   Fire body() for ObjectCreateRule[className=org.apache.tomcat.util.modeler.OperationInfo, attributeName=null]
2019-12-06 11:18:43.850 DEBUG 7503 --- [    Test worker] o.apache.tomcat.util.digester.Digester   :   Fire body() for SetPropertiesRule[]
2019-12-06 11:18:43.850 DEBUG 7503 --- [    Test worker] o.apache.tomcat.util.digester.Digester   :   Fire body() for SetNextRule[methodName=addOperation, paramType=org.apache.tomcat.util.modeler.OperationInfo]
2019-12-06 11:18:43.850 DEBUG 7503 --- [    Test worker] o.apache.tomcat.util.digester.Digester   :   Fire end() for SetNextRule[methodName=addOperation, paramType=org.apache.tomcat.util.modeler.OperationInfo]
2019-12-06 11:18:43.850 DEBUG 7503 --- [    Test worker] o.apache.tomcat.util.digester.Digester   : [SetNextRule]{mbeans-descriptors/mbean/operation} Call org.apache.tomcat.util.modeler.ManagedBean.addOperation(org.apache.tomcat.util.modeler.OperationInfo@b01e57d)
2019-12-06 11:18:43.850 DEBUG 7503 --- [    Test worker] o.apache.tomcat.util.IntrospectionUtils  : IntrospectionUtils: callMethod1 org.apache.tomcat.util.modeler.ManagedBean org.apache.tomcat.util.modeler.OperationInfo org.apache.tomcat.util.modeler.OperationInfo
2019-12-06 11:18:43.850 DEBUG 7503 --- [    Test worker] o.apache.tomcat.util.digester.Digester   :   Fire end() for SetPropertiesRule[]
2019-12-06 11:18:43.850 DEBUG 7503 --- [    Test worker] o.apache.tomcat.util.digester.Digester   :   Fire end() for ObjectCreateRule[className=org.apache.tomcat.util.modeler.OperationInfo, attributeName=null]
2019-12-06 11:18:43.851 DEBUG 7503 --- [    Test worker] o.apache.tomcat.util.digester.Digester   : [ObjectCreateRule]{mbeans-descriptors/mbean/operation} Pop org.apache.tomcat.util.modeler.OperationInfo
2019-12-06 11:18:43.851 DEBUG 7503 --- [    Test worker] o.a.tomcat.util.digester.Digester.sax    : characters(

    )
2019-12-06 11:18:43.851 DEBUG 7503 --- [    Test worker] o.a.tomcat.util.digester.Digester.sax    : startElement(,,operation)
2019-12-06 11:18:43.851 DEBUG 7503 --- [    Test worker] o.apache.tomcat.util.digester.Digester   :   New match='mbeans-descriptors/mbean/operation'
2019-12-06 11:18:43.851 DEBUG 7503 --- [    Test worker] o.apache.tomcat.util.digester.Digester   :   Fire begin() for ObjectCreateRule[className=org.apache.tomcat.util.modeler.OperationInfo, attributeName=null]
2019-12-06 11:18:43.851 DEBUG 7503 --- [    Test worker] o.apache.tomcat.util.digester.Digester   :   Fire begin() for SetPropertiesRule[]
2019-12-06 11:18:43.852 DEBUG 7503 --- [    Test worker] o.apache.tomcat.util.digester.Digester   : [SetPropertiesRule]{mbeans-descriptors/mbean/operation} Set org.apache.tomcat.util.modeler.OperationInfo properties
2019-12-06 11:18:43.852 DEBUG 7503 --- [    Test worker] o.apache.tomcat.util.digester.Digester   : [SetPropertiesRule]{mbeans-descriptors/mbean/operation} Setting property 'name' to 'stop'
2019-12-06 11:18:43.852 DEBUG 7503 --- [    Test worker] o.apache.tomcat.util.IntrospectionUtils  : IntrospectionUtils: setProperty(class org.apache.tomcat.util.modeler.OperationInfo name=stop)
2019-12-06 11:18:43.852 DEBUG 7503 --- [    Test worker] o.apache.tomcat.util.digester.Digester   : [SetPropertiesRule]{mbeans-descriptors/mbean/operation} Setting property 'returnType' to 'void'
2019-12-06 11:18:43.852 DEBUG 7503 --- [    Test worker] o.apache.tomcat.util.IntrospectionUtils  : IntrospectionUtils: setProperty(class org.apache.tomcat.util.modeler.OperationInfo returnType=void)
2019-12-06 11:18:43.852 DEBUG 7503 --- [    Test worker] o.apache.tomcat.util.digester.Digester   :   Fire begin() for SetNextRule[methodName=addOperation, paramType=org.apache.tomcat.util.modeler.OperationInfo]
2019-12-06 11:18:43.852 DEBUG 7503 --- [    Test worker] o.a.tomcat.util.digester.Digester.sax    : endElement(,,operation)
2019-12-06 11:18:43.853 DEBUG 7503 --- [    Test worker] o.apache.tomcat.util.digester.Digester   :   match='mbeans-descriptors/mbean/operation'
2019-12-06 11:18:43.853 DEBUG 7503 --- [    Test worker] o.apache.tomcat.util.digester.Digester   :   bodyText=''
2019-12-06 11:18:43.853 DEBUG 7503 --- [    Test worker] o.apache.tomcat.util.digester.Digester   :   Fire body() for ObjectCreateRule[className=org.apache.tomcat.util.modeler.OperationInfo, attributeName=null]
2019-12-06 11:18:43.853 DEBUG 7503 --- [    Test worker] o.apache.tomcat.util.digester.Digester   :   Fire body() for SetPropertiesRule[]
2019-12-06 11:18:43.853 DEBUG 7503 --- [    Test worker] o.apache.tomcat.util.digester.Digester   :   Fire body() for SetNextRule[methodName=addOperation, paramType=org.apache.tomcat.util.modeler.OperationInfo]
2019-12-06 11:18:43.853 DEBUG 7503 --- [    Test worker] o.apache.tomcat.util.digester.Digester   :   Fire end() for SetNextRule[methodName=addOperation, paramType=org.apache.tomcat.util.modeler.OperationInfo]
2019-12-06 11:18:43.853 DEBUG 7503 --- [    Test worker] o.apache.tomcat.util.digester.Digester   : [SetNextRule]{mbeans-descriptors/mbean/operation} Call org.apache.tomcat.util.modeler.ManagedBean.addOperation(org.apache.tomcat.util.modeler.OperationInfo@6f0c34f9)
2019-12-06 11:18:43.853 DEBUG 7503 --- [    Test worker] o.apache.tomcat.util.IntrospectionUtils  : IntrospectionUtils: callMethod1 org.apache.tomcat.util.modeler.ManagedBean org.apache.tomcat.util.modeler.OperationInfo org.apache.tomcat.util.modeler.OperationInfo
2019-12-06 11:18:43.854 DEBUG 7503 --- [    Test worker] o.apache.tomcat.util.digester.Digester   :   Fire end() for SetPropertiesRule[]
2019-12-06 11:18:43.854 DEBUG 7503 --- [    Test worker] o.apache.tomcat.util.digester.Digester   :   Fire end() for ObjectCreateRule[className=org.apache.tomcat.util.modeler.OperationInfo, attributeName=null]
2019-12-06 11:18:43.854 DEBUG 7503 --- [    Test worker] o.apache.tomcat.util.digester.Digester   : [ObjectCreateRule]{mbeans-descriptors/mbean/operation} Pop org.apache.tomcat.util.modeler.OperationInfo
2019-12-06 11:18:43.854 DEBUG 7503 --- [    Test worker] o.a.tomcat.util.digester.Digester.sax    : characters(

    )
2019-12-06 11:18:43.854 DEBUG 7503 --- [    Test worker] o.a.tomcat.util.digester.Digester.sax    : startElement(,,operation)
2019-12-06 11:18:43.854 DEBUG 7503 --- [    Test worker] o.apache.tomcat.util.digester.Digester   :   New match='mbeans-descriptors/mbean/operation'
2019-12-06 11:18:43.854 DEBUG 7503 --- [    Test worker] o.apache.tomcat.util.digester.Digester   :   Fire begin() for ObjectCreateRule[className=org.apache.tomcat.util.modeler.OperationInfo, attributeName=null]
2019-12-06 11:18:43.855 DEBUG 7503 --- [    Test worker] o.apache.tomcat.util.digester.Digester   :   Fire begin() for SetPropertiesRule[]
2019-12-06 11:18:43.855 DEBUG 7503 --- [    Test worker] o.apache.tomcat.util.digester.Digester   : [SetPropertiesRule]{mbeans-descriptors/mbean/operation} Set org.apache.tomcat.util.modeler.OperationInfo properties
2019-12-06 11:18:43.855 DEBUG 7503 --- [    Test worker] o.apache.tomcat.util.digester.Digester   : [SetPropertiesRule]{mbeans-descriptors/mbean/operation} Setting property 'name' to 'stopInternal'
2019-12-06 11:18:43.855 DEBUG 7503 --- [    Test worker] o.apache.tomcat.util.IntrospectionUtils  : IntrospectionUtils: setProperty(class org.apache.tomcat.util.modeler.OperationInfo name=stopInternal)
2019-12-06 11:18:43.855 DEBUG 7503 --- [    Test worker] o.apache.tomcat.util.digester.Digester   : [SetPropertiesRule]{mbeans-descriptors/mbean/operation} Setting property 'returnType' to 'void'
2019-12-06 11:18:43.855 DEBUG 7503 --- [    Test worker] o.apache.tomcat.util.IntrospectionUtils  : IntrospectionUtils: setProperty(class org.apache.tomcat.util.modeler.OperationInfo returnType=void)
2019-12-06 11:18:43.855 DEBUG 7503 --- [    Test worker] o.apache.tomcat.util.digester.Digester   :   Fire begin() for SetNextRule[methodName=addOperation, paramType=org.apache.tomcat.util.modeler.OperationInfo]
2019-12-06 11:18:43.855 DEBUG 7503 --- [    Test worker] o.a.tomcat.util.digester.Digester.sax    : endElement(,,operation)
2019-12-06 11:18:43.855 DEBUG 7503 --- [    Test worker] o.apache.tomcat.util.digester.Digester   :   match='mbeans-descriptors/mbean/operation'
2019-12-06 11:18:43.856 DEBUG 7503 --- [    Test worker] o.apache.tomcat.util.digester.Digester   :   bodyText=''
2019-12-06 11:18:43.856 DEBUG 7503 --- [    Test worker] o.apache.tomcat.util.digester.Digester   :   Fire body() for ObjectCreateRule[className=org.apache.tomcat.util.modeler.OperationInfo, attributeName=null]
2019-12-06 11:18:43.856 DEBUG 7503 --- [    Test worker] o.apache.tomcat.util.digester.Digester   :   Fire body() for SetPropertiesRule[]
2019-12-06 11:18:43.856 DEBUG 7503 --- [    Test worker] o.apache.tomcat.util.digester.Digester   :   Fire body() for SetNextRule[methodName=addOperation, paramType=org.apache.tomcat.util.modeler.OperationInfo]
2019-12-06 11:18:43.856 DEBUG 7503 --- [    Test worker] o.apache.tomcat.util.digester.Digester   :   Fire end() for SetNextRule[methodName=addOperation, paramType=org.apache.tomcat.util.modeler.OperationInfo]
2019-12-06 11:18:43.856 DEBUG 7503 --- [    Test worker] o.apache.tomcat.util.digester.Digester   : [SetNextRule]{mbeans-descriptors/mbean/operation} Call org.apache.tomcat.util.modeler.ManagedBean.addOperation(org.apache.tomcat.util.modeler.OperationInfo@146f954e)
2019-12-06 11:18:43.856 DEBUG 7503 --- [    Test worker] o.apache.tomcat.util.IntrospectionUtils  : IntrospectionUtils: callMethod1 org.apache.tomcat.util.modeler.ManagedBean org.apache.tomcat.util.modeler.OperationInfo org.apache.tomcat.util.modeler.OperationInfo
2019-12-06 11:18:43.856 DEBUG 7503 --- [    Test worker] o.apache.tomcat.util.digester.Digester   :   Fire end() for SetPropertiesRule[]
2019-12-06 11:18:43.857 DEBUG 7503 --- [    Test worker] o.apache.tomcat.util.digester.Digester   :   Fire end() for ObjectCreateRule[className=org.apache.tomcat.util.modeler.OperationInfo, attributeName=null]
2019-12-06 11:18:43.857 DEBUG 7503 --- [    Test worker] o.apache.tomcat.util.digester.Digester   : [ObjectCreateRule]{mbeans-descriptors/mbean/operation} Pop org.apache.tomcat.util.modeler.OperationInfo
2019-12-06 11:18:43.857 DEBUG 7503 --- [    Test worker] o.a.tomcat.util.digester.Digester.sax    : characters(

    )
2019-12-06 11:18:43.857 DEBUG 7503 --- [    Test worker] o.a.tomcat.util.digester.Digester.sax    : startElement(,,operation)
2019-12-06 11:18:43.857 DEBUG 7503 --- [    Test worker] o.apache.tomcat.util.digester.Digester   :   New match='mbeans-descriptors/mbean/operation'
2019-12-06 11:18:43.857 DEBUG 7503 --- [    Test worker] o.apache.tomcat.util.digester.Digester   :   Fire begin() for ObjectCreateRule[className=org.apache.tomcat.util.modeler.OperationInfo, attributeName=null]
2019-12-06 11:18:43.857 DEBUG 7503 --- [    Test worker] o.apache.tomcat.util.digester.Digester   :   Fire begin() for SetPropertiesRule[]
2019-12-06 11:18:43.857 DEBUG 7503 --- [    Test worker] o.apache.tomcat.util.digester.Digester   : [SetPropertiesRule]{mbeans-descriptors/mbean/operation} Set org.apache.tomcat.util.modeler.OperationInfo properties
2019-12-06 11:18:43.858 DEBUG 7503 --- [    Test worker] o.apache.tomcat.util.digester.Digester   : [SetPropertiesRule]{mbeans-descriptors/mbean/operation} Setting property 'name' to 'unbind'
2019-12-06 11:18:43.858 DEBUG 7503 --- [    Test worker] o.apache.tomcat.util.IntrospectionUtils  : IntrospectionUtils: setProperty(class org.apache.tomcat.util.modeler.OperationInfo name=unbind)
2019-12-06 11:18:43.858 DEBUG 7503 --- [    Test worker] o.apache.tomcat.util.digester.Digester   : [SetPropertiesRule]{mbeans-descriptors/mbean/operation} Setting property 'returnType' to 'void'
2019-12-06 11:18:43.858 DEBUG 7503 --- [    Test worker] o.apache.tomcat.util.IntrospectionUtils  : IntrospectionUtils: setProperty(class org.apache.tomcat.util.modeler.OperationInfo returnType=void)
2019-12-06 11:18:43.858 DEBUG 7503 --- [    Test worker] o.apache.tomcat.util.digester.Digester   :   Fire begin() for SetNextRule[methodName=addOperation, paramType=org.apache.tomcat.util.modeler.OperationInfo]
2019-12-06 11:18:43.858 DEBUG 7503 --- [    Test worker] o.a.tomcat.util.digester.Digester.sax    : endElement(,,operation)
2019-12-06 11:18:43.858 DEBUG 7503 --- [    Test worker] o.apache.tomcat.util.digester.Digester   :   match='mbeans-descriptors/mbean/operation'
2019-12-06 11:18:43.859 DEBUG 7503 --- [    Test worker] o.apache.tomcat.util.digester.Digester   :   bodyText=''
2019-12-06 11:18:43.859 DEBUG 7503 --- [    Test worker] o.apache.tomcat.util.digester.Digester   :   Fire body() for ObjectCreateRule[className=org.apache.tomcat.util.modeler.OperationInfo, attributeName=null]
2019-12-06 11:18:43.859 DEBUG 7503 --- [    Test worker] o.apache.tomcat.util.digester.Digester   :   Fire body() for SetPropertiesRule[]
2019-12-06 11:18:43.859 DEBUG 7503 --- [    Test worker] o.apache.tomcat.util.digester.Digester   :   Fire body() for SetNextRule[methodName=addOperation, paramType=org.apache.tomcat.util.modeler.OperationInfo]
2019-12-06 11:18:43.859 DEBUG 7503 --- [    Test worker] o.apache.tomcat.util.digester.Digester   :   Fire end() for SetNextRule[methodName=addOperation, paramType=org.apache.tomcat.util.modeler.OperationInfo]
2019-12-06 11:18:43.859 DEBUG 7503 --- [    Test worker] o.apache.tomcat.util.digester.Digester   : [SetNextRule]{mbeans-descriptors/mbean/operation} Call org.apache.tomcat.util.modeler.ManagedBean.addOperation(org.apache.tomcat.util.modeler.OperationInfo@485152d6)
2019-12-06 11:18:43.859 DEBUG 7503 --- [    Test worker] o.apache.tomcat.util.IntrospectionUtils  : IntrospectionUtils: callMethod1 org.apache.tomcat.util.modeler.ManagedBean org.apache.tomcat.util.modeler.OperationInfo org.apache.tomcat.util.modeler.OperationInfo
2019-12-06 11:18:43.859 DEBUG 7503 --- [    Test worker] o.apache.tomcat.util.digester.Digester   :   Fire end() for SetPropertiesRule[]
2019-12-06 11:18:43.860 DEBUG 7503 --- [    Test worker] o.apache.tomcat.util.digester.Digester   :   Fire end() for ObjectCreateRule[className=org.apache.tomcat.util.modeler.OperationInfo, attributeName=null]
2019-12-06 11:18:43.860 DEBUG 7503 --- [    Test worker] o.apache.tomcat.util.digester.Digester   : [ObjectCreateRule]{mbeans-descriptors/mbean/operation} Pop org.apache.tomcat.util.modeler.OperationInfo
2019-12-06 11:18:43.860 DEBUG 7503 --- [    Test worker] o.a.tomcat.util.digester.Digester.sax    : characters(

  )
2019-12-06 11:18:43.860 DEBUG 7503 --- [    Test worker] o.a.tomcat.util.digester.Digester.sax    : endElement(,,mbean)
2019-12-06 11:18:43.860 DEBUG 7503 --- [    Test worker] o.apache.tomcat.util.digester.Digester   :   match='mbeans-descriptors/mbean'
2019-12-06 11:18:43.860 DEBUG 7503 --- [    Test worker] o.apache.tomcat.util.digester.Digester   :   bodyText='

    

    

    

    

    

    

    

    

    

    

    

    

    

    

    

    

    

    

    

    

    

    

    

    

    

    

    

    

    

    

    

    

    

    

    

    

    

    

    

    

    

    

    

    

    

    

    

    

    

    

    

    

    

    

    

    

    

    

    

    

    

    

  '
2019-12-06 11:18:43.860 DEBUG 7503 --- [    Test worker] o.apache.tomcat.util.digester.Digester   :   Fire body() for ObjectCreateRule[className=org.apache.tomcat.util.modeler.ManagedBean, attributeName=null]
2019-12-06 11:18:43.861 DEBUG 7503 --- [    Test worker] o.apache.tomcat.util.digester.Digester   :   Fire body() for SetPropertiesRule[]
2019-12-06 11:18:43.861 DEBUG 7503 --- [    Test worker] o.apache.tomcat.util.digester.Digester   :   Fire body() for SetNextRule[methodName=add, paramType=java.lang.Object]
2019-12-06 11:18:43.861 DEBUG 7503 --- [    Test worker] o.apache.tomcat.util.digester.Digester   :   Fire end() for SetNextRule[methodName=add, paramType=java.lang.Object]
2019-12-06 11:18:43.861 DEBUG 7503 --- [    Test worker] o.apache.tomcat.util.digester.Digester   : [SetNextRule]{mbeans-descriptors/mbean} Call java.util.ArrayList.add(ManagedBean[name=NioEndpoint, className=org.apache.catalina.mbeans.ClassNameMBean, description=null, group=ThreadPool, type=org.apache.tomcat.util.net.NioEndpoint])
2019-12-06 11:18:43.861 DEBUG 7503 --- [    Test worker] o.apache.tomcat.util.IntrospectionUtils  : IntrospectionUtils: callMethod1 java.util.ArrayList org.apache.tomcat.util.modeler.ManagedBean java.lang.Object
2019-12-06 11:18:43.861 DEBUG 7503 --- [    Test worker] o.apache.tomcat.util.digester.Digester   :   Fire end() for SetPropertiesRule[]
2019-12-06 11:18:43.861 DEBUG 7503 --- [    Test worker] o.apache.tomcat.util.digester.Digester   :   Fire end() for ObjectCreateRule[className=org.apache.tomcat.util.modeler.ManagedBean, attributeName=null]
2019-12-06 11:18:43.862 DEBUG 7503 --- [    Test worker] o.apache.tomcat.util.digester.Digester   : [ObjectCreateRule]{mbeans-descriptors/mbean} Pop org.apache.tomcat.util.modeler.ManagedBean
2019-12-06 11:18:43.862 DEBUG 7503 --- [    Test worker] o.a.tomcat.util.digester.Digester.sax    : characters(

  )
2019-12-06 11:18:43.862 DEBUG 7503 --- [    Test worker] o.a.tomcat.util.digester.Digester.sax    : startElement(,,mbean)
2019-12-06 11:18:43.862 DEBUG 7503 --- [    Test worker] o.apache.tomcat.util.digester.Digester   :   New match='mbeans-descriptors/mbean'
2019-12-06 11:18:43.862 DEBUG 7503 --- [    Test worker] o.apache.tomcat.util.digester.Digester   :   Fire begin() for ObjectCreateRule[className=org.apache.tomcat.util.modeler.ManagedBean, attributeName=null]
2019-12-06 11:18:43.862 DEBUG 7503 --- [    Test worker] o.apache.tomcat.util.digester.Digester   :   Fire begin() for SetPropertiesRule[]
2019-12-06 11:18:43.862 DEBUG 7503 --- [    Test worker] o.apache.tomcat.util.digester.Digester   : [SetPropertiesRule]{mbeans-descriptors/mbean} Set org.apache.tomcat.util.modeler.ManagedBean properties
2019-12-06 11:18:43.862 DEBUG 7503 --- [    Test worker] o.apache.tomcat.util.digester.Digester   : [SetPropertiesRule]{mbeans-descriptors/mbean} Setting property 'name' to 'Nio2Endpoint'
2019-12-06 11:18:43.863 DEBUG 7503 --- [    Test worker] o.apache.tomcat.util.IntrospectionUtils  : IntrospectionUtils: setProperty(class org.apache.tomcat.util.modeler.ManagedBean name=Nio2Endpoint)
2019-12-06 11:18:43.863 DEBUG 7503 --- [    Test worker] o.apache.tomcat.util.digester.Digester   : [SetPropertiesRule]{mbeans-descriptors/mbean} Setting property 'className' to 'org.apache.catalina.mbeans.ClassNameMBean'
2019-12-06 11:18:43.863 DEBUG 7503 --- [    Test worker] o.apache.tomcat.util.IntrospectionUtils  : IntrospectionUtils: setProperty(class org.apache.tomcat.util.modeler.ManagedBean className=org.apache.catalina.mbeans.ClassNameMBean)
2019-12-06 11:18:43.863 DEBUG 7503 --- [    Test worker] o.apache.tomcat.util.digester.Digester   : [SetPropertiesRule]{mbeans-descriptors/mbean} Setting property 'domain' to 'Catalina'
2019-12-06 11:18:43.863 DEBUG 7503 --- [    Test worker] o.apache.tomcat.util.IntrospectionUtils  : IntrospectionUtils: setProperty(class org.apache.tomcat.util.modeler.ManagedBean domain=Catalina)
2019-12-06 11:18:43.863 DEBUG 7503 --- [    Test worker] o.apache.tomcat.util.digester.Digester   : [SetPropertiesRule]{mbeans-descriptors/mbean} Setting property 'group' to 'ThreadPool'
2019-12-06 11:18:43.863 DEBUG 7503 --- [    Test worker] o.apache.tomcat.util.IntrospectionUtils  : IntrospectionUtils: setProperty(class org.apache.tomcat.util.modeler.ManagedBean group=ThreadPool)
2019-12-06 11:18:43.863 DEBUG 7503 --- [    Test worker] o.apache.tomcat.util.digester.Digester   : [SetPropertiesRule]{mbeans-descriptors/mbean} Setting property 'type' to 'org.apache.tomcat.util.net.Nio2Endpoint'
2019-12-06 11:18:43.864 DEBUG 7503 --- [    Test worker] o.apache.tomcat.util.IntrospectionUtils  : IntrospectionUtils: setProperty(class org.apache.tomcat.util.modeler.ManagedBean type=org.apache.tomcat.util.net.Nio2Endpoint)
2019-12-06 11:18:43.864 DEBUG 7503 --- [    Test worker] o.apache.tomcat.util.digester.Digester   :   Fire begin() for SetNextRule[methodName=add, paramType=java.lang.Object]
2019-12-06 11:18:43.864 DEBUG 7503 --- [    Test worker] o.a.tomcat.util.digester.Digester.sax    : characters(

    )
2019-12-06 11:18:43.864 DEBUG 7503 --- [    Test worker] o.a.tomcat.util.digester.Digester.sax    : startElement(,,attribute)
2019-12-06 11:18:43.864 DEBUG 7503 --- [    Test worker] o.apache.tomcat.util.digester.Digester   :   New match='mbeans-descriptors/mbean/attribute'
2019-12-06 11:18:43.864 DEBUG 7503 --- [    Test worker] o.apache.tomcat.util.digester.Digester   :   Fire begin() for ObjectCreateRule[className=org.apache.tomcat.util.modeler.AttributeInfo, attributeName=null]
2019-12-06 11:18:43.864 DEBUG 7503 --- [    Test worker] o.apache.tomcat.util.digester.Digester   :   Fire begin() for SetPropertiesRule[]
2019-12-06 11:18:43.865 DEBUG 7503 --- [    Test worker] o.apache.tomcat.util.digester.Digester   : [SetPropertiesRule]{mbeans-descriptors/mbean/attribute} Set org.apache.tomcat.util.modeler.AttributeInfo properties
2019-12-06 11:18:43.865 DEBUG 7503 --- [    Test worker] o.apache.tomcat.util.digester.Digester   : [SetPropertiesRule]{mbeans-descriptors/mbean/attribute} Setting property 'name' to 'acceptCount'
2019-12-06 11:18:43.865 DEBUG 7503 --- [    Test worker] o.apache.tomcat.util.IntrospectionUtils  : IntrospectionUtils: setProperty(class org.apache.tomcat.util.modeler.AttributeInfo name=acceptCount)
2019-12-06 11:18:43.865 DEBUG 7503 --- [    Test worker] o.apache.tomcat.util.digester.Digester   : [SetPropertiesRule]{mbeans-descriptors/mbean/attribute} Setting property 'type' to 'int'
2019-12-06 11:18:43.865 DEBUG 7503 --- [    Test worker] o.apache.tomcat.util.IntrospectionUtils  : IntrospectionUtils: setProperty(class org.apache.tomcat.util.modeler.AttributeInfo type=int)
2019-12-06 11:18:43.865 DEBUG 7503 --- [    Test worker] o.apache.tomcat.util.digester.Digester   :   Fire begin() for SetNextRule[methodName=addAttribute, paramType=org.apache.tomcat.util.modeler.AttributeInfo]
2019-12-06 11:18:43.865 DEBUG 7503 --- [    Test worker] o.a.tomcat.util.digester.Digester.sax    : endElement(,,attribute)
2019-12-06 11:18:43.865 DEBUG 7503 --- [    Test worker] o.apache.tomcat.util.digester.Digester   :   match='mbeans-descriptors/mbean/attribute'
2019-12-06 11:18:43.866 DEBUG 7503 --- [    Test worker] o.apache.tomcat.util.digester.Digester   :   bodyText=''
2019-12-06 11:18:43.866 DEBUG 7503 --- [    Test worker] o.apache.tomcat.util.digester.Digester   :   Fire body() for ObjectCreateRule[className=org.apache.tomcat.util.modeler.AttributeInfo, attributeName=null]
2019-12-06 11:18:43.866 DEBUG 7503 --- [    Test worker] o.apache.tomcat.util.digester.Digester   :   Fire body() for SetPropertiesRule[]
2019-12-06 11:18:43.866 DEBUG 7503 --- [    Test worker] o.apache.tomcat.util.digester.Digester   :   Fire body() for SetNextRule[methodName=addAttribute, paramType=org.apache.tomcat.util.modeler.AttributeInfo]
2019-12-06 11:18:43.866 DEBUG 7503 --- [    Test worker] o.apache.tomcat.util.digester.Digester   :   Fire end() for SetNextRule[methodName=addAttribute, paramType=org.apache.tomcat.util.modeler.AttributeInfo]
2019-12-06 11:18:43.866 DEBUG 7503 --- [    Test worker] o.apache.tomcat.util.digester.Digester   : [SetNextRule]{mbeans-descriptors/mbean/attribute} Call org.apache.tomcat.util.modeler.ManagedBean.addAttribute(org.apache.tomcat.util.modeler.AttributeInfo@4c7f6cac)
2019-12-06 11:18:43.866 DEBUG 7503 --- [    Test worker] o.apache.tomcat.util.IntrospectionUtils  : IntrospectionUtils: callMethod1 org.apache.tomcat.util.modeler.ManagedBean org.apache.tomcat.util.modeler.AttributeInfo org.apache.tomcat.util.modeler.AttributeInfo
2019-12-06 11:18:43.866 DEBUG 7503 --- [    Test worker] o.apache.tomcat.util.digester.Digester   :   Fire end() for SetPropertiesRule[]
2019-12-06 11:18:43.866 DEBUG 7503 --- [    Test worker] o.apache.tomcat.util.digester.Digester   :   Fire end() for ObjectCreateRule[className=org.apache.tomcat.util.modeler.AttributeInfo, attributeName=null]
2019-12-06 11:18:43.867 DEBUG 7503 --- [    Test worker] o.apache.tomcat.util.digester.Digester   : [ObjectCreateRule]{mbeans-descriptors/mbean/attribute} Pop org.apache.tomcat.util.modeler.AttributeInfo
2019-12-06 11:18:43.867 DEBUG 7503 --- [    Test worker] o.a.tomcat.util.digester.Digester.sax    : characters(

    )
2019-12-06 11:18:43.867 DEBUG 7503 --- [    Test worker] o.a.tomcat.util.digester.Digester.sax    : startElement(,,attribute)
2019-12-06 11:18:43.867 DEBUG 7503 --- [    Test worker] o.apache.tomcat.util.digester.Digester   :   New match='mbeans-descriptors/mbean/attribute'
2019-12-06 11:18:43.867 DEBUG 7503 --- [    Test worker] o.apache.tomcat.util.digester.Digester   :   Fire begin() for ObjectCreateRule[className=org.apache.tomcat.util.modeler.AttributeInfo, attributeName=null]
2019-12-06 11:18:43.867 DEBUG 7503 --- [    Test worker] o.apache.tomcat.util.digester.Digester   :   Fire begin() for SetPropertiesRule[]
2019-12-06 11:18:43.867 DEBUG 7503 --- [    Test worker] o.apache.tomcat.util.digester.Digester   : [SetPropertiesRule]{mbeans-descriptors/mbean/attribute} Set org.apache.tomcat.util.modeler.AttributeInfo properties
2019-12-06 11:18:43.867 DEBUG 7503 --- [    Test worker] o.apache.tomcat.util.digester.Digester   : [SetPropertiesRule]{mbeans-descriptors/mbean/attribute} Setting property 'name' to 'acceptorThreadCount'
2019-12-06 11:18:43.868 DEBUG 7503 --- [    Test worker] o.apache.tomcat.util.IntrospectionUtils  : IntrospectionUtils: setProperty(class org.apache.tomcat.util.modeler.AttributeInfo name=acceptorThreadCount)
2019-12-06 11:18:43.868 DEBUG 7503 --- [    Test worker] o.apache.tomcat.util.digester.Digester   : [SetPropertiesRule]{mbeans-descriptors/mbean/attribute} Setting property 'type' to 'int'
2019-12-06 11:18:43.868 DEBUG 7503 --- [    Test worker] o.apache.tomcat.util.IntrospectionUtils  : IntrospectionUtils: setProperty(class org.apache.tomcat.util.modeler.AttributeInfo type=int)
2019-12-06 11:18:43.868 DEBUG 7503 --- [    Test worker] o.apache.tomcat.util.digester.Digester   :   Fire begin() for SetNextRule[methodName=addAttribute, paramType=org.apache.tomcat.util.modeler.AttributeInfo]
2019-12-06 11:18:43.868 DEBUG 7503 --- [    Test worker] o.a.tomcat.util.digester.Digester.sax    : endElement(,,attribute)
2019-12-06 11:18:43.868 DEBUG 7503 --- [    Test worker] o.apache.tomcat.util.digester.Digester   :   match='mbeans-descriptors/mbean/attribute'
2019-12-06 11:18:43.868 DEBUG 7503 --- [    Test worker] o.apache.tomcat.util.digester.Digester   :   bodyText=''
2019-12-06 11:18:43.868 DEBUG 7503 --- [    Test worker] o.apache.tomcat.util.digester.Digester   :   Fire body() for ObjectCreateRule[className=org.apache.tomcat.util.modeler.AttributeInfo, attributeName=null]
2019-12-06 11:18:43.869 DEBUG 7503 --- [    Test worker] o.apache.tomcat.util.digester.Digester   :   Fire body() for SetPropertiesRule[]
2019-12-06 11:18:43.869 DEBUG 7503 --- [    Test worker] o.apache.tomcat.util.digester.Digester   :   Fire body() for SetNextRule[methodName=addAttribute, paramType=org.apache.tomcat.util.modeler.AttributeInfo]
2019-12-06 11:18:43.869 DEBUG 7503 --- [    Test worker] o.apache.tomcat.util.digester.Digester   :   Fire end() for SetNextRule[methodName=addAttribute, paramType=org.apache.tomcat.util.modeler.AttributeInfo]
2019-12-06 11:18:43.869 DEBUG 7503 --- [    Test worker] o.apache.tomcat.util.digester.Digester   : [SetNextRule]{mbeans-descriptors/mbean/attribute} Call org.apache.tomcat.util.modeler.ManagedBean.addAttribute(org.apache.tomcat.util.modeler.AttributeInfo@42da2226)
2019-12-06 11:18:43.869 DEBUG 7503 --- [    Test worker] o.apache.tomcat.util.IntrospectionUtils  : IntrospectionUtils: callMethod1 org.apache.tomcat.util.modeler.ManagedBean org.apache.tomcat.util.modeler.AttributeInfo org.apache.tomcat.util.modeler.AttributeInfo
2019-12-06 11:18:43.869 DEBUG 7503 --- [    Test worker] o.apache.tomcat.util.digester.Digester   :   Fire end() for SetPropertiesRule[]
2019-12-06 11:18:43.869 DEBUG 7503 --- [    Test worker] o.apache.tomcat.util.digester.Digester   :   Fire end() for ObjectCreateRule[className=org.apache.tomcat.util.modeler.AttributeInfo, attributeName=null]
2019-12-06 11:18:43.869 DEBUG 7503 --- [    Test worker] o.apache.tomcat.util.digester.Digester   : [ObjectCreateRule]{mbeans-descriptors/mbean/attribute} Pop org.apache.tomcat.util.modeler.AttributeInfo
2019-12-06 11:18:43.869 DEBUG 7503 --- [    Test worker] o.a.tomcat.util.digester.Digester.sax    : characters(

    )
2019-12-06 11:18:43.870 DEBUG 7503 --- [    Test worker] o.a.tomcat.util.digester.Digester.sax    : startElement(,,attribute)
2019-12-06 11:18:43.870 DEBUG 7503 --- [    Test worker] o.apache.tomcat.util.digester.Digester   :   New match='mbeans-descriptors/mbean/attribute'
2019-12-06 11:18:43.870 DEBUG 7503 --- [    Test worker] o.apache.tomcat.util.digester.Digester   :   Fire begin() for ObjectCreateRule[className=org.apache.tomcat.util.modeler.AttributeInfo, attributeName=null]
2019-12-06 11:18:43.870 DEBUG 7503 --- [    Test worker] o.apache.tomcat.util.digester.Digester   :   Fire begin() for SetPropertiesRule[]
2019-12-06 11:18:43.870 DEBUG 7503 --- [    Test worker] o.apache.tomcat.util.digester.Digester   : [SetPropertiesRule]{mbeans-descriptors/mbean/attribute} Set org.apache.tomcat.util.modeler.AttributeInfo properties
2019-12-06 11:18:43.870 DEBUG 7503 --- [    Test worker] o.apache.tomcat.util.digester.Digester   : [SetPropertiesRule]{mbeans-descriptors/mbean/attribute} Setting property 'name' to 'acceptorThreadPriority'
2019-12-06 11:18:43.870 DEBUG 7503 --- [    Test worker] o.apache.tomcat.util.IntrospectionUtils  : IntrospectionUtils: setProperty(class org.apache.tomcat.util.modeler.AttributeInfo name=acceptorThreadPriority)
2019-12-06 11:18:43.870 DEBUG 7503 --- [    Test worker] o.apache.tomcat.util.digester.Digester   : [SetPropertiesRule]{mbeans-descriptors/mbean/attribute} Setting property 'type' to 'int'
2019-12-06 11:18:43.871 DEBUG 7503 --- [    Test worker] o.apache.tomcat.util.IntrospectionUtils  : IntrospectionUtils: setProperty(class org.apache.tomcat.util.modeler.AttributeInfo type=int)
2019-12-06 11:18:43.871 DEBUG 7503 --- [    Test worker] o.apache.tomcat.util.digester.Digester   :   Fire begin() for SetNextRule[methodName=addAttribute, paramType=org.apache.tomcat.util.modeler.AttributeInfo]
2019-12-06 11:18:43.871 DEBUG 7503 --- [    Test worker] o.a.tomcat.util.digester.Digester.sax    : endElement(,,attribute)
2019-12-06 11:18:43.871 DEBUG 7503 --- [    Test worker] o.apache.tomcat.util.digester.Digester   :   match='mbeans-descriptors/mbean/attribute'
2019-12-06 11:18:43.871 DEBUG 7503 --- [    Test worker] o.apache.tomcat.util.digester.Digester   :   bodyText=''
2019-12-06 11:18:43.871 DEBUG 7503 --- [    Test worker] o.apache.tomcat.util.digester.Digester   :   Fire body() for ObjectCreateRule[className=org.apache.tomcat.util.modeler.AttributeInfo, attributeName=null]
2019-12-06 11:18:43.871 DEBUG 7503 --- [    Test worker] o.apache.tomcat.util.digester.Digester   :   Fire body() for SetPropertiesRule[]
2019-12-06 11:18:43.871 DEBUG 7503 --- [    Test worker] o.apache.tomcat.util.digester.Digester   :   Fire body() for SetNextRule[methodName=addAttribute, paramType=org.apache.tomcat.util.modeler.AttributeInfo]
2019-12-06 11:18:43.872 DEBUG 7503 --- [    Test worker] o.apache.tomcat.util.digester.Digester   :   Fire end() for SetNextRule[methodName=addAttribute, paramType=org.apache.tomcat.util.modeler.AttributeInfo]
2019-12-06 11:18:43.872 DEBUG 7503 --- [    Test worker] o.apache.tomcat.util.digester.Digester   : [SetNextRule]{mbeans-descriptors/mbean/attribute} Call org.apache.tomcat.util.modeler.ManagedBean.addAttribute(org.apache.tomcat.util.modeler.AttributeInfo@2af71ad6)
2019-12-06 11:18:43.872 DEBUG 7503 --- [    Test worker] o.apache.tomcat.util.IntrospectionUtils  : IntrospectionUtils: callMethod1 org.apache.tomcat.util.modeler.ManagedBean org.apache.tomcat.util.modeler.AttributeInfo org.apache.tomcat.util.modeler.AttributeInfo
2019-12-06 11:18:43.872 DEBUG 7503 --- [    Test worker] o.apache.tomcat.util.digester.Digester   :   Fire end() for SetPropertiesRule[]
2019-12-06 11:18:43.872 DEBUG 7503 --- [    Test worker] o.apache.tomcat.util.digester.Digester   :   Fire end() for ObjectCreateRule[className=org.apache.tomcat.util.modeler.AttributeInfo, attributeName=null]
2019-12-06 11:18:43.872 DEBUG 7503 --- [    Test worker] o.apache.tomcat.util.digester.Digester   : [ObjectCreateRule]{mbeans-descriptors/mbean/attribute} Pop org.apache.tomcat.util.modeler.AttributeInfo
2019-12-06 11:18:43.872 DEBUG 7503 --- [    Test worker] o.a.tomcat.util.digester.Digester.sax    : characters(

    )
2019-12-06 11:18:43.872 DEBUG 7503 --- [    Test worker] o.a.tomcat.util.digester.Digester.sax    : startElement(,,attribute)
2019-12-06 11:18:43.873 DEBUG 7503 --- [    Test worker] o.apache.tomcat.util.digester.Digester   :   New match='mbeans-descriptors/mbean/attribute'
2019-12-06 11:18:43.873 DEBUG 7503 --- [    Test worker] o.apache.tomcat.util.digester.Digester   :   Fire begin() for ObjectCreateRule[className=org.apache.tomcat.util.modeler.AttributeInfo, attributeName=null]
2019-12-06 11:18:43.873 DEBUG 7503 --- [    Test worker] o.apache.tomcat.util.digester.Digester   :   Fire begin() for SetPropertiesRule[]
2019-12-06 11:18:43.873 DEBUG 7503 --- [    Test worker] o.apache.tomcat.util.digester.Digester   : [SetPropertiesRule]{mbeans-descriptors/mbean/attribute} Set org.apache.tomcat.util.modeler.AttributeInfo properties
2019-12-06 11:18:43.873 DEBUG 7503 --- [    Test worker] o.apache.tomcat.util.digester.Digester   : [SetPropertiesRule]{mbeans-descriptors/mbean/attribute} Setting property 'name' to 'alpnSupported'
2019-12-06 11:18:43.873 DEBUG 7503 --- [    Test worker] o.apache.tomcat.util.IntrospectionUtils  : IntrospectionUtils: setProperty(class org.apache.tomcat.util.modeler.AttributeInfo name=alpnSupported)
2019-12-06 11:18:43.873 DEBUG 7503 --- [    Test worker] o.apache.tomcat.util.digester.Digester   : [SetPropertiesRule]{mbeans-descriptors/mbean/attribute} Setting property 'type' to 'boolean'
2019-12-06 11:18:43.873 DEBUG 7503 --- [    Test worker] o.apache.tomcat.util.IntrospectionUtils  : IntrospectionUtils: setProperty(class org.apache.tomcat.util.modeler.AttributeInfo type=boolean)
2019-12-06 11:18:43.874 DEBUG 7503 --- [    Test worker] o.apache.tomcat.util.digester.Digester   : [SetPropertiesRule]{mbeans-descriptors/mbean/attribute} Setting property 'writeable' to 'false'
2019-12-06 11:18:43.874 DEBUG 7503 --- [    Test worker] o.apache.tomcat.util.IntrospectionUtils  : IntrospectionUtils: setProperty(class org.apache.tomcat.util.modeler.AttributeInfo writeable=false)
2019-12-06 11:18:43.874 DEBUG 7503 --- [    Test worker] o.apache.tomcat.util.digester.Digester   : [SetPropertiesRule]{mbeans-descriptors/mbean/attribute} Setting property 'is' to 'true'
2019-12-06 11:18:43.874 DEBUG 7503 --- [    Test worker] o.apache.tomcat.util.IntrospectionUtils  : IntrospectionUtils: setProperty(class org.apache.tomcat.util.modeler.AttributeInfo is=true)
2019-12-06 11:18:43.874 DEBUG 7503 --- [    Test worker] o.apache.tomcat.util.digester.Digester   :   Fire begin() for SetNextRule[methodName=addAttribute, paramType=org.apache.tomcat.util.modeler.AttributeInfo]
2019-12-06 11:18:43.874 DEBUG 7503 --- [    Test worker] o.a.tomcat.util.digester.Digester.sax    : endElement(,,attribute)
2019-12-06 11:18:43.874 DEBUG 7503 --- [    Test worker] o.apache.tomcat.util.digester.Digester   :   match='mbeans-descriptors/mbean/attribute'
2019-12-06 11:18:43.874 DEBUG 7503 --- [    Test worker] o.apache.tomcat.util.digester.Digester   :   bodyText=''
2019-12-06 11:18:43.874 DEBUG 7503 --- [    Test worker] o.apache.tomcat.util.digester.Digester   :   Fire body() for ObjectCreateRule[className=org.apache.tomcat.util.modeler.AttributeInfo, attributeName=null]
2019-12-06 11:18:43.875 DEBUG 7503 --- [    Test worker] o.apache.tomcat.util.digester.Digester   :   Fire body() for SetPropertiesRule[]
2019-12-06 11:18:43.875 DEBUG 7503 --- [    Test worker] o.apache.tomcat.util.digester.Digester   :   Fire body() for SetNextRule[methodName=addAttribute, paramType=org.apache.tomcat.util.modeler.AttributeInfo]
2019-12-06 11:18:43.875 DEBUG 7503 --- [    Test worker] o.apache.tomcat.util.digester.Digester   :   Fire end() for SetNextRule[methodName=addAttribute, paramType=org.apache.tomcat.util.modeler.AttributeInfo]
2019-12-06 11:18:43.875 DEBUG 7503 --- [    Test worker] o.apache.tomcat.util.digester.Digester   : [SetNextRule]{mbeans-descriptors/mbean/attribute} Call org.apache.tomcat.util.modeler.ManagedBean.addAttribute(org.apache.tomcat.util.modeler.AttributeInfo@68723abc)
2019-12-06 11:18:43.875 DEBUG 7503 --- [    Test worker] o.apache.tomcat.util.IntrospectionUtils  : IntrospectionUtils: callMethod1 org.apache.tomcat.util.modeler.ManagedBean org.apache.tomcat.util.modeler.AttributeInfo org.apache.tomcat.util.modeler.AttributeInfo
2019-12-06 11:18:43.875 DEBUG 7503 --- [    Test worker] o.apache.tomcat.util.digester.Digester   :   Fire end() for SetPropertiesRule[]
2019-12-06 11:18:43.875 DEBUG 7503 --- [    Test worker] o.apache.tomcat.util.digester.Digester   :   Fire end() for ObjectCreateRule[className=org.apache.tomcat.util.modeler.AttributeInfo, attributeName=null]
2019-12-06 11:18:43.875 DEBUG 7503 --- [    Test worker] o.apache.tomcat.util.digester.Digester   : [ObjectCreateRule]{mbeans-descriptors/mbean/attribute} Pop org.apache.tomcat.util.modeler.AttributeInfo
2019-12-06 11:18:43.875 DEBUG 7503 --- [    Test worker] o.a.tomcat.util.digester.Digester.sax    : characters(

    )
2019-12-06 11:18:43.876 DEBUG 7503 --- [    Test worker] o.a.tomcat.util.digester.Digester.sax    : startElement(,,attribute)
2019-12-06 11:18:43.876 DEBUG 7503 --- [    Test worker] o.apache.tomcat.util.digester.Digester   :   New match='mbeans-descriptors/mbean/attribute'
2019-12-06 11:18:43.876 DEBUG 7503 --- [    Test worker] o.apache.tomcat.util.digester.Digester   :   Fire begin() for ObjectCreateRule[className=org.apache.tomcat.util.modeler.AttributeInfo, attributeName=null]
2019-12-06 11:18:43.876 DEBUG 7503 --- [    Test worker] o.apache.tomcat.util.digester.Digester   :   Fire begin() for SetPropertiesRule[]
2019-12-06 11:18:43.876 DEBUG 7503 --- [    Test worker] o.apache.tomcat.util.digester.Digester   : [SetPropertiesRule]{mbeans-descriptors/mbean/attribute} Set org.apache.tomcat.util.modeler.AttributeInfo properties
2019-12-06 11:18:43.876 DEBUG 7503 --- [    Test worker] o.apache.tomcat.util.digester.Digester   : [SetPropertiesRule]{mbeans-descriptors/mbean/attribute} Setting property 'name' to 'bindOnInit'
2019-12-06 11:18:43.876 DEBUG 7503 --- [    Test worker] o.apache.tomcat.util.IntrospectionUtils  : IntrospectionUtils: setProperty(class org.apache.tomcat.util.modeler.AttributeInfo name=bindOnInit)
2019-12-06 11:18:43.876 DEBUG 7503 --- [    Test worker] o.apache.tomcat.util.digester.Digester   : [SetPropertiesRule]{mbeans-descriptors/mbean/attribute} Setting property 'type' to 'boolean'
2019-12-06 11:18:43.877 DEBUG 7503 --- [    Test worker] o.apache.tomcat.util.IntrospectionUtils  : IntrospectionUtils: setProperty(class org.apache.tomcat.util.modeler.AttributeInfo type=boolean)
2019-12-06 11:18:43.877 DEBUG 7503 --- [    Test worker] o.apache.tomcat.util.digester.Digester   :   Fire begin() for SetNextRule[methodName=addAttribute, paramType=org.apache.tomcat.util.modeler.AttributeInfo]
2019-12-06 11:18:43.877 DEBUG 7503 --- [    Test worker] o.a.tomcat.util.digester.Digester.sax    : endElement(,,attribute)
2019-12-06 11:18:43.877 DEBUG 7503 --- [    Test worker] o.apache.tomcat.util.digester.Digester   :   match='mbeans-descriptors/mbean/attribute'
2019-12-06 11:18:43.877 DEBUG 7503 --- [    Test worker] o.apache.tomcat.util.digester.Digester   :   bodyText=''
2019-12-06 11:18:43.877 DEBUG 7503 --- [    Test worker] o.apache.tomcat.util.digester.Digester   :   Fire body() for ObjectCreateRule[className=org.apache.tomcat.util.modeler.AttributeInfo, attributeName=null]
2019-12-06 11:18:43.877 DEBUG 7503 --- [    Test worker] o.apache.tomcat.util.digester.Digester   :   Fire body() for SetPropertiesRule[]
2019-12-06 11:18:43.877 DEBUG 7503 --- [    Test worker] o.apache.tomcat.util.digester.Digester   :   Fire body() for SetNextRule[methodName=addAttribute, paramType=org.apache.tomcat.util.modeler.AttributeInfo]
2019-12-06 11:18:43.877 DEBUG 7503 --- [    Test worker] o.apache.tomcat.util.digester.Digester   :   Fire end() for SetNextRule[methodName=addAttribute, paramType=org.apache.tomcat.util.modeler.AttributeInfo]
2019-12-06 11:18:43.878 DEBUG 7503 --- [    Test worker] o.apache.tomcat.util.digester.Digester   : [SetNextRule]{mbeans-descriptors/mbean/attribute} Call org.apache.tomcat.util.modeler.ManagedBean.addAttribute(org.apache.tomcat.util.modeler.AttributeInfo@5f5f2112)
2019-12-06 11:18:43.878 DEBUG 7503 --- [    Test worker] o.apache.tomcat.util.IntrospectionUtils  : IntrospectionUtils: callMethod1 org.apache.tomcat.util.modeler.ManagedBean org.apache.tomcat.util.modeler.AttributeInfo org.apache.tomcat.util.modeler.AttributeInfo
2019-12-06 11:18:43.878 DEBUG 7503 --- [    Test worker] o.apache.tomcat.util.digester.Digester   :   Fire end() for SetPropertiesRule[]
2019-12-06 11:18:43.878 DEBUG 7503 --- [    Test worker] o.apache.tomcat.util.digester.Digester   :   Fire end() for ObjectCreateRule[className=org.apache.tomcat.util.modeler.AttributeInfo, attributeName=null]
2019-12-06 11:18:43.878 DEBUG 7503 --- [    Test worker] o.apache.tomcat.util.digester.Digester   : [ObjectCreateRule]{mbeans-descriptors/mbean/attribute} Pop org.apache.tomcat.util.modeler.AttributeInfo
2019-12-06 11:18:43.878 DEBUG 7503 --- [    Test worker] o.a.tomcat.util.digester.Digester.sax    : characters(

    )
2019-12-06 11:18:43.878 DEBUG 7503 --- [    Test worker] o.a.tomcat.util.digester.Digester.sax    : startElement(,,attribute)
2019-12-06 11:18:43.878 DEBUG 7503 --- [    Test worker] o.apache.tomcat.util.digester.Digester   :   New match='mbeans-descriptors/mbean/attribute'
2019-12-06 11:18:43.879 DEBUG 7503 --- [    Test worker] o.apache.tomcat.util.digester.Digester   :   Fire begin() for ObjectCreateRule[className=org.apache.tomcat.util.modeler.AttributeInfo, attributeName=null]
2019-12-06 11:18:43.879 DEBUG 7503 --- [    Test worker] o.apache.tomcat.util.digester.Digester   :   Fire begin() for SetPropertiesRule[]
2019-12-06 11:18:43.879 DEBUG 7503 --- [    Test worker] o.apache.tomcat.util.digester.Digester   : [SetPropertiesRule]{mbeans-descriptors/mbean/attribute} Set org.apache.tomcat.util.modeler.AttributeInfo properties
2019-12-06 11:18:43.879 DEBUG 7503 --- [    Test worker] o.apache.tomcat.util.digester.Digester   : [SetPropertiesRule]{mbeans-descriptors/mbean/attribute} Setting property 'name' to 'connectionCount'
2019-12-06 11:18:43.879 DEBUG 7503 --- [    Test worker] o.apache.tomcat.util.IntrospectionUtils  : IntrospectionUtils: setProperty(class org.apache.tomcat.util.modeler.AttributeInfo name=connectionCount)
2019-12-06 11:18:43.879 DEBUG 7503 --- [    Test worker] o.apache.tomcat.util.digester.Digester   : [SetPropertiesRule]{mbeans-descriptors/mbean/attribute} Setting property 'type' to 'long'
2019-12-06 11:18:43.879 DEBUG 7503 --- [    Test worker] o.apache.tomcat.util.IntrospectionUtils  : IntrospectionUtils: setProperty(class org.apache.tomcat.util.modeler.AttributeInfo type=long)
2019-12-06 11:18:43.879 DEBUG 7503 --- [    Test worker] o.apache.tomcat.util.digester.Digester   : [SetPropertiesRule]{mbeans-descriptors/mbean/attribute} Setting property 'writeable' to 'false'
2019-12-06 11:18:43.879 DEBUG 7503 --- [    Test worker] o.apache.tomcat.util.IntrospectionUtils  : IntrospectionUtils: setProperty(class org.apache.tomcat.util.modeler.AttributeInfo writeable=false)
2019-12-06 11:18:43.880 DEBUG 7503 --- [    Test worker] o.apache.tomcat.util.digester.Digester   :   Fire begin() for SetNextRule[methodName=addAttribute, paramType=org.apache.tomcat.util.modeler.AttributeInfo]
2019-12-06 11:18:43.880 DEBUG 7503 --- [    Test worker] o.a.tomcat.util.digester.Digester.sax    : endElement(,,attribute)
2019-12-06 11:18:43.880 DEBUG 7503 --- [    Test worker] o.apache.tomcat.util.digester.Digester   :   match='mbeans-descriptors/mbean/attribute'
2019-12-06 11:18:43.880 DEBUG 7503 --- [    Test worker] o.apache.tomcat.util.digester.Digester   :   bodyText=''
2019-12-06 11:18:43.880 DEBUG 7503 --- [    Test worker] o.apache.tomcat.util.digester.Digester   :   Fire body() for ObjectCreateRule[className=org.apache.tomcat.util.modeler.AttributeInfo, attributeName=null]
2019-12-06 11:18:43.880 DEBUG 7503 --- [    Test worker] o.apache.tomcat.util.digester.Digester   :   Fire body() for SetPropertiesRule[]
2019-12-06 11:18:43.880 DEBUG 7503 --- [    Test worker] o.apache.tomcat.util.digester.Digester   :   Fire body() for SetNextRule[methodName=addAttribute, paramType=org.apache.tomcat.util.modeler.AttributeInfo]
2019-12-06 11:18:43.880 DEBUG 7503 --- [    Test worker] o.apache.tomcat.util.digester.Digester   :   Fire end() for SetNextRule[methodName=addAttribute, paramType=org.apache.tomcat.util.modeler.AttributeInfo]
2019-12-06 11:18:43.881 DEBUG 7503 --- [    Test worker] o.apache.tomcat.util.digester.Digester   : [SetNextRule]{mbeans-descriptors/mbean/attribute} Call org.apache.tomcat.util.modeler.ManagedBean.addAttribute(org.apache.tomcat.util.modeler.AttributeInfo@4c87f3cd)
2019-12-06 11:18:43.881 DEBUG 7503 --- [    Test worker] o.apache.tomcat.util.IntrospectionUtils  : IntrospectionUtils: callMethod1 org.apache.tomcat.util.modeler.ManagedBean org.apache.tomcat.util.modeler.AttributeInfo org.apache.tomcat.util.modeler.AttributeInfo
2019-12-06 11:18:43.881 DEBUG 7503 --- [    Test worker] o.apache.tomcat.util.digester.Digester   :   Fire end() for SetPropertiesRule[]
2019-12-06 11:18:43.881 DEBUG 7503 --- [    Test worker] o.apache.tomcat.util.digester.Digester   :   Fire end() for ObjectCreateRule[className=org.apache.tomcat.util.modeler.AttributeInfo, attributeName=null]
2019-12-06 11:18:43.881 DEBUG 7503 --- [    Test worker] o.apache.tomcat.util.digester.Digester   : [ObjectCreateRule]{mbeans-descriptors/mbean/attribute} Pop org.apache.tomcat.util.modeler.AttributeInfo
2019-12-06 11:18:43.881 DEBUG 7503 --- [    Test worker] o.a.tomcat.util.digester.Digester.sax    : characters(

    )
2019-12-06 11:18:43.881 DEBUG 7503 --- [    Test worker] o.a.tomcat.util.digester.Digester.sax    : startElement(,,attribute)
2019-12-06 11:18:43.881 DEBUG 7503 --- [    Test worker] o.apache.tomcat.util.digester.Digester   :   New match='mbeans-descriptors/mbean/attribute'
2019-12-06 11:18:43.881 DEBUG 7503 --- [    Test worker] o.apache.tomcat.util.digester.Digester   :   Fire begin() for ObjectCreateRule[className=org.apache.tomcat.util.modeler.AttributeInfo, attributeName=null]
2019-12-06 11:18:43.882 DEBUG 7503 --- [    Test worker] o.apache.tomcat.util.digester.Digester   :   Fire begin() for SetPropertiesRule[]
2019-12-06 11:18:43.882 DEBUG 7503 --- [    Test worker] o.apache.tomcat.util.digester.Digester   : [SetPropertiesRule]{mbeans-descriptors/mbean/attribute} Set org.apache.tomcat.util.modeler.AttributeInfo properties
2019-12-06 11:18:43.882 DEBUG 7503 --- [    Test worker] o.apache.tomcat.util.digester.Digester   : [SetPropertiesRule]{mbeans-descriptors/mbean/attribute} Setting property 'name' to 'connectionLinger'
2019-12-06 11:18:43.882 DEBUG 7503 --- [    Test worker] o.apache.tomcat.util.IntrospectionUtils  : IntrospectionUtils: setProperty(class org.apache.tomcat.util.modeler.AttributeInfo name=connectionLinger)
2019-12-06 11:18:43.882 DEBUG 7503 --- [    Test worker] o.apache.tomcat.util.digester.Digester   : [SetPropertiesRule]{mbeans-descriptors/mbean/attribute} Setting property 'type' to 'int'
2019-12-06 11:18:43.882 DEBUG 7503 --- [    Test worker] o.apache.tomcat.util.IntrospectionUtils  : IntrospectionUtils: setProperty(class org.apache.tomcat.util.modeler.AttributeInfo type=int)
2019-12-06 11:18:43.882 DEBUG 7503 --- [    Test worker] o.apache.tomcat.util.digester.Digester   :   Fire begin() for SetNextRule[methodName=addAttribute, paramType=org.apache.tomcat.util.modeler.AttributeInfo]
2019-12-06 11:18:43.882 DEBUG 7503 --- [    Test worker] o.a.tomcat.util.digester.Digester.sax    : endElement(,,attribute)
2019-12-06 11:18:43.882 DEBUG 7503 --- [    Test worker] o.apache.tomcat.util.digester.Digester   :   match='mbeans-descriptors/mbean/attribute'
2019-12-06 11:18:43.883 DEBUG 7503 --- [    Test worker] o.apache.tomcat.util.digester.Digester   :   bodyText=''
2019-12-06 11:18:43.883 DEBUG 7503 --- [    Test worker] o.apache.tomcat.util.digester.Digester   :   Fire body() for ObjectCreateRule[className=org.apache.tomcat.util.modeler.AttributeInfo, attributeName=null]
2019-12-06 11:18:43.883 DEBUG 7503 --- [    Test worker] o.apache.tomcat.util.digester.Digester   :   Fire body() for SetPropertiesRule[]
2019-12-06 11:18:43.883 DEBUG 7503 --- [    Test worker] o.apache.tomcat.util.digester.Digester   :   Fire body() for SetNextRule[methodName=addAttribute, paramType=org.apache.tomcat.util.modeler.AttributeInfo]
2019-12-06 11:18:43.883 DEBUG 7503 --- [    Test worker] o.apache.tomcat.util.digester.Digester   :   Fire end() for SetNextRule[methodName=addAttribute, paramType=org.apache.tomcat.util.modeler.AttributeInfo]
2019-12-06 11:18:43.883 DEBUG 7503 --- [    Test worker] o.apache.tomcat.util.digester.Digester   : [SetNextRule]{mbeans-descriptors/mbean/attribute} Call org.apache.tomcat.util.modeler.ManagedBean.addAttribute(org.apache.tomcat.util.modeler.AttributeInfo@5e347121)
2019-12-06 11:18:43.883 DEBUG 7503 --- [    Test worker] o.apache.tomcat.util.IntrospectionUtils  : IntrospectionUtils: callMethod1 org.apache.tomcat.util.modeler.ManagedBean org.apache.tomcat.util.modeler.AttributeInfo org.apache.tomcat.util.modeler.AttributeInfo
2019-12-06 11:18:43.883 DEBUG 7503 --- [    Test worker] o.apache.tomcat.util.digester.Digester   :   Fire end() for SetPropertiesRule[]
2019-12-06 11:18:43.883 DEBUG 7503 --- [    Test worker] o.apache.tomcat.util.digester.Digester   :   Fire end() for ObjectCreateRule[className=org.apache.tomcat.util.modeler.AttributeInfo, attributeName=null]
2019-12-06 11:18:43.884 DEBUG 7503 --- [    Test worker] o.apache.tomcat.util.digester.Digester   : [ObjectCreateRule]{mbeans-descriptors/mbean/attribute} Pop org.apache.tomcat.util.modeler.AttributeInfo
2019-12-06 11:18:43.884 DEBUG 7503 --- [    Test worker] o.a.tomcat.util.digester.Digester.sax    : characters(

    )
2019-12-06 11:18:43.884 DEBUG 7503 --- [    Test worker] o.a.tomcat.util.digester.Digester.sax    : startElement(,,attribute)
2019-12-06 11:18:43.884 DEBUG 7503 --- [    Test worker] o.apache.tomcat.util.digester.Digester   :   New match='mbeans-descriptors/mbean/attribute'
2019-12-06 11:18:43.884 DEBUG 7503 --- [    Test worker] o.apache.tomcat.util.digester.Digester   :   Fire begin() for ObjectCreateRule[className=org.apache.tomcat.util.modeler.AttributeInfo, attributeName=null]
2019-12-06 11:18:43.884 DEBUG 7503 --- [    Test worker] o.apache.tomcat.util.digester.Digester   :   Fire begin() for SetPropertiesRule[]
2019-12-06 11:18:43.884 DEBUG 7503 --- [    Test worker] o.apache.tomcat.util.digester.Digester   : [SetPropertiesRule]{mbeans-descriptors/mbean/attribute} Set org.apache.tomcat.util.modeler.AttributeInfo properties
2019-12-06 11:18:43.884 DEBUG 7503 --- [    Test worker] o.apache.tomcat.util.digester.Digester   : [SetPropertiesRule]{mbeans-descriptors/mbean/attribute} Setting property 'name' to 'connectionTimeout'
2019-12-06 11:18:43.885 DEBUG 7503 --- [    Test worker] o.apache.tomcat.util.IntrospectionUtils  : IntrospectionUtils: setProperty(class org.apache.tomcat.util.modeler.AttributeInfo name=connectionTimeout)
2019-12-06 11:18:43.885 DEBUG 7503 --- [    Test worker] o.apache.tomcat.util.digester.Digester   : [SetPropertiesRule]{mbeans-descriptors/mbean/attribute} Setting property 'type' to 'int'
2019-12-06 11:18:43.885 DEBUG 7503 --- [    Test worker] o.apache.tomcat.util.IntrospectionUtils  : IntrospectionUtils: setProperty(class org.apache.tomcat.util.modeler.AttributeInfo type=int)
2019-12-06 11:18:43.885 DEBUG 7503 --- [    Test worker] o.apache.tomcat.util.digester.Digester   :   Fire begin() for SetNextRule[methodName=addAttribute, paramType=org.apache.tomcat.util.modeler.AttributeInfo]
2019-12-06 11:18:43.885 DEBUG 7503 --- [    Test worker] o.a.tomcat.util.digester.Digester.sax    : endElement(,,attribute)
2019-12-06 11:18:43.885 DEBUG 7503 --- [    Test worker] o.apache.tomcat.util.digester.Digester   :   match='mbeans-descriptors/mbean/attribute'
2019-12-06 11:18:43.885 DEBUG 7503 --- [    Test worker] o.apache.tomcat.util.digester.Digester   :   bodyText=''
2019-12-06 11:18:43.885 DEBUG 7503 --- [    Test worker] o.apache.tomcat.util.digester.Digester   :   Fire body() for ObjectCreateRule[className=org.apache.tomcat.util.modeler.AttributeInfo, attributeName=null]
2019-12-06 11:18:43.885 DEBUG 7503 --- [    Test worker] o.apache.tomcat.util.digester.Digester   :   Fire body() for SetPropertiesRule[]
2019-12-06 11:18:43.886 DEBUG 7503 --- [    Test worker] o.apache.tomcat.util.digester.Digester   :   Fire body() for SetNextRule[methodName=addAttribute, paramType=org.apache.tomcat.util.modeler.AttributeInfo]
2019-12-06 11:18:43.886 DEBUG 7503 --- [    Test worker] o.apache.tomcat.util.digester.Digester   :   Fire end() for SetNextRule[methodName=addAttribute, paramType=org.apache.tomcat.util.modeler.AttributeInfo]
2019-12-06 11:18:43.886 DEBUG 7503 --- [    Test worker] o.apache.tomcat.util.digester.Digester   : [SetNextRule]{mbeans-descriptors/mbean/attribute} Call org.apache.tomcat.util.modeler.ManagedBean.addAttribute(org.apache.tomcat.util.modeler.AttributeInfo@276a1781)
2019-12-06 11:18:43.886 DEBUG 7503 --- [    Test worker] o.apache.tomcat.util.IntrospectionUtils  : IntrospectionUtils: callMethod1 org.apache.tomcat.util.modeler.ManagedBean org.apache.tomcat.util.modeler.AttributeInfo org.apache.tomcat.util.modeler.AttributeInfo
2019-12-06 11:18:43.886 DEBUG 7503 --- [    Test worker] o.apache.tomcat.util.digester.Digester   :   Fire end() for SetPropertiesRule[]
2019-12-06 11:18:43.886 DEBUG 7503 --- [    Test worker] o.apache.tomcat.util.digester.Digester   :   Fire end() for ObjectCreateRule[className=org.apache.tomcat.util.modeler.AttributeInfo, attributeName=null]
2019-12-06 11:18:43.886 DEBUG 7503 --- [    Test worker] o.apache.tomcat.util.digester.Digester   : [ObjectCreateRule]{mbeans-descriptors/mbean/attribute} Pop org.apache.tomcat.util.modeler.AttributeInfo
2019-12-06 11:18:43.886 DEBUG 7503 --- [    Test worker] o.a.tomcat.util.digester.Digester.sax    : characters(

    )
2019-12-06 11:18:43.887 DEBUG 7503 --- [    Test worker] o.a.tomcat.util.digester.Digester.sax    : startElement(,,attribute)
2019-12-06 11:18:43.887 DEBUG 7503 --- [    Test worker] o.apache.tomcat.util.digester.Digester   :   New match='mbeans-descriptors/mbean/attribute'
2019-12-06 11:18:43.887 DEBUG 7503 --- [    Test worker] o.apache.tomcat.util.digester.Digester   :   Fire begin() for ObjectCreateRule[className=org.apache.tomcat.util.modeler.AttributeInfo, attributeName=null]
2019-12-06 11:18:43.887 DEBUG 7503 --- [    Test worker] o.apache.tomcat.util.digester.Digester   :   Fire begin() for SetPropertiesRule[]
2019-12-06 11:18:43.887 DEBUG 7503 --- [    Test worker] o.apache.tomcat.util.digester.Digester   : [SetPropertiesRule]{mbeans-descriptors/mbean/attribute} Set org.apache.tomcat.util.modeler.AttributeInfo properties
2019-12-06 11:18:43.887 DEBUG 7503 --- [    Test worker] o.apache.tomcat.util.digester.Digester   : [SetPropertiesRule]{mbeans-descriptors/mbean/attribute} Setting property 'name' to 'currentThreadCount'
2019-12-06 11:18:43.887 DEBUG 7503 --- [    Test worker] o.apache.tomcat.util.IntrospectionUtils  : IntrospectionUtils: setProperty(class org.apache.tomcat.util.modeler.AttributeInfo name=currentThreadCount)
2019-12-06 11:18:43.887 DEBUG 7503 --- [    Test worker] o.apache.tomcat.util.digester.Digester   : [SetPropertiesRule]{mbeans-descriptors/mbean/attribute} Setting property 'type' to 'int'
2019-12-06 11:18:43.888 DEBUG 7503 --- [    Test worker] o.apache.tomcat.util.IntrospectionUtils  : IntrospectionUtils: setProperty(class org.apache.tomcat.util.modeler.AttributeInfo type=int)
2019-12-06 11:18:43.888 DEBUG 7503 --- [    Test worker] o.apache.tomcat.util.digester.Digester   : [SetPropertiesRule]{mbeans-descriptors/mbean/attribute} Setting property 'writeable' to 'false'
2019-12-06 11:18:43.888 DEBUG 7503 --- [    Test worker] o.apache.tomcat.util.IntrospectionUtils  : IntrospectionUtils: setProperty(class org.apache.tomcat.util.modeler.AttributeInfo writeable=false)
2019-12-06 11:18:43.888 DEBUG 7503 --- [    Test worker] o.apache.tomcat.util.digester.Digester   :   Fire begin() for SetNextRule[methodName=addAttribute, paramType=org.apache.tomcat.util.modeler.AttributeInfo]
2019-12-06 11:18:43.888 DEBUG 7503 --- [    Test worker] o.a.tomcat.util.digester.Digester.sax    : endElement(,,attribute)
2019-12-06 11:18:43.888 DEBUG 7503 --- [    Test worker] o.apache.tomcat.util.digester.Digester   :   match='mbeans-descriptors/mbean/attribute'
2019-12-06 11:18:43.888 DEBUG 7503 --- [    Test worker] o.apache.tomcat.util.digester.Digester   :   bodyText=''
2019-12-06 11:18:43.888 DEBUG 7503 --- [    Test worker] o.apache.tomcat.util.digester.Digester   :   Fire body() for ObjectCreateRule[className=org.apache.tomcat.util.modeler.AttributeInfo, attributeName=null]
2019-12-06 11:18:43.888 DEBUG 7503 --- [    Test worker] o.apache.tomcat.util.digester.Digester   :   Fire body() for SetPropertiesRule[]
2019-12-06 11:18:43.889 DEBUG 7503 --- [    Test worker] o.apache.tomcat.util.digester.Digester   :   Fire body() for SetNextRule[methodName=addAttribute, paramType=org.apache.tomcat.util.modeler.AttributeInfo]
2019-12-06 11:18:43.889 DEBUG 7503 --- [    Test worker] o.apache.tomcat.util.digester.Digester   :   Fire end() for SetNextRule[methodName=addAttribute, paramType=org.apache.tomcat.util.modeler.AttributeInfo]
2019-12-06 11:18:43.889 DEBUG 7503 --- [    Test worker] o.apache.tomcat.util.digester.Digester   : [SetNextRule]{mbeans-descriptors/mbean/attribute} Call org.apache.tomcat.util.modeler.ManagedBean.addAttribute(org.apache.tomcat.util.modeler.AttributeInfo@19bf5cf)
2019-12-06 11:18:43.889 DEBUG 7503 --- [    Test worker] o.apache.tomcat.util.IntrospectionUtils  : IntrospectionUtils: callMethod1 org.apache.tomcat.util.modeler.ManagedBean org.apache.tomcat.util.modeler.AttributeInfo org.apache.tomcat.util.modeler.AttributeInfo
2019-12-06 11:18:43.889 DEBUG 7503 --- [    Test worker] o.apache.tomcat.util.digester.Digester   :   Fire end() for SetPropertiesRule[]
2019-12-06 11:18:43.889 DEBUG 7503 --- [    Test worker] o.apache.tomcat.util.digester.Digester   :   Fire end() for ObjectCreateRule[className=org.apache.tomcat.util.modeler.AttributeInfo, attributeName=null]
2019-12-06 11:18:43.889 DEBUG 7503 --- [    Test worker] o.apache.tomcat.util.digester.Digester   : [ObjectCreateRule]{mbeans-descriptors/mbean/attribute} Pop org.apache.tomcat.util.modeler.AttributeInfo
2019-12-06 11:18:43.889 DEBUG 7503 --- [    Test worker] o.a.tomcat.util.digester.Digester.sax    : characters(

    )
2019-12-06 11:18:43.889 DEBUG 7503 --- [    Test worker] o.a.tomcat.util.digester.Digester.sax    : startElement(,,attribute)
2019-12-06 11:18:43.890 DEBUG 7503 --- [    Test worker] o.apache.tomcat.util.digester.Digester   :   New match='mbeans-descriptors/mbean/attribute'
2019-12-06 11:18:43.890 DEBUG 7503 --- [    Test worker] o.apache.tomcat.util.digester.Digester   :   Fire begin() for ObjectCreateRule[className=org.apache.tomcat.util.modeler.AttributeInfo, attributeName=null]
2019-12-06 11:18:43.890 DEBUG 7503 --- [    Test worker] o.apache.tomcat.util.digester.Digester   :   Fire begin() for SetPropertiesRule[]
2019-12-06 11:18:43.890 DEBUG 7503 --- [    Test worker] o.apache.tomcat.util.digester.Digester   : [SetPropertiesRule]{mbeans-descriptors/mbean/attribute} Set org.apache.tomcat.util.modeler.AttributeInfo properties
2019-12-06 11:18:43.890 DEBUG 7503 --- [    Test worker] o.apache.tomcat.util.digester.Digester   : [SetPropertiesRule]{mbeans-descriptors/mbean/attribute} Setting property 'name' to 'currentThreadsBusy'
2019-12-06 11:18:43.890 DEBUG 7503 --- [    Test worker] o.apache.tomcat.util.IntrospectionUtils  : IntrospectionUtils: setProperty(class org.apache.tomcat.util.modeler.AttributeInfo name=currentThreadsBusy)
2019-12-06 11:18:43.890 DEBUG 7503 --- [    Test worker] o.apache.tomcat.util.digester.Digester   : [SetPropertiesRule]{mbeans-descriptors/mbean/attribute} Setting property 'type' to 'int'
2019-12-06 11:18:43.890 DEBUG 7503 --- [    Test worker] o.apache.tomcat.util.IntrospectionUtils  : IntrospectionUtils: setProperty(class org.apache.tomcat.util.modeler.AttributeInfo type=int)
2019-12-06 11:18:43.891 DEBUG 7503 --- [    Test worker] o.apache.tomcat.util.digester.Digester   : [SetPropertiesRule]{mbeans-descriptors/mbean/attribute} Setting property 'writeable' to 'false'
2019-12-06 11:18:43.891 DEBUG 7503 --- [    Test worker] o.apache.tomcat.util.IntrospectionUtils  : IntrospectionUtils: setProperty(class org.apache.tomcat.util.modeler.AttributeInfo writeable=false)
2019-12-06 11:18:43.891 DEBUG 7503 --- [    Test worker] o.apache.tomcat.util.digester.Digester   :   Fire begin() for SetNextRule[methodName=addAttribute, paramType=org.apache.tomcat.util.modeler.AttributeInfo]
2019-12-06 11:18:43.891 DEBUG 7503 --- [    Test worker] o.a.tomcat.util.digester.Digester.sax    : endElement(,,attribute)
2019-12-06 11:18:43.891 DEBUG 7503 --- [    Test worker] o.apache.tomcat.util.digester.Digester   :   match='mbeans-descriptors/mbean/attribute'
2019-12-06 11:18:43.891 DEBUG 7503 --- [    Test worker] o.apache.tomcat.util.digester.Digester   :   bodyText=''
2019-12-06 11:18:43.891 DEBUG 7503 --- [    Test worker] o.apache.tomcat.util.digester.Digester   :   Fire body() for ObjectCreateRule[className=org.apache.tomcat.util.modeler.AttributeInfo, attributeName=null]
2019-12-06 11:18:43.891 DEBUG 7503 --- [    Test worker] o.apache.tomcat.util.digester.Digester   :   Fire body() for SetPropertiesRule[]
2019-12-06 11:18:43.891 DEBUG 7503 --- [    Test worker] o.apache.tomcat.util.digester.Digester   :   Fire body() for SetNextRule[methodName=addAttribute, paramType=org.apache.tomcat.util.modeler.AttributeInfo]
2019-12-06 11:18:43.892 DEBUG 7503 --- [    Test worker] o.apache.tomcat.util.digester.Digester   :   Fire end() for SetNextRule[methodName=addAttribute, paramType=org.apache.tomcat.util.modeler.AttributeInfo]
2019-12-06 11:18:43.892 DEBUG 7503 --- [    Test worker] o.apache.tomcat.util.digester.Digester   : [SetNextRule]{mbeans-descriptors/mbean/attribute} Call org.apache.tomcat.util.modeler.ManagedBean.addAttribute(org.apache.tomcat.util.modeler.AttributeInfo@72f167aa)
2019-12-06 11:18:43.892 DEBUG 7503 --- [    Test worker] o.apache.tomcat.util.IntrospectionUtils  : IntrospectionUtils: callMethod1 org.apache.tomcat.util.modeler.ManagedBean org.apache.tomcat.util.modeler.AttributeInfo org.apache.tomcat.util.modeler.AttributeInfo
2019-12-06 11:18:43.892 DEBUG 7503 --- [    Test worker] o.apache.tomcat.util.digester.Digester   :   Fire end() for SetPropertiesRule[]
2019-12-06 11:18:43.892 DEBUG 7503 --- [    Test worker] o.apache.tomcat.util.digester.Digester   :   Fire end() for ObjectCreateRule[className=org.apache.tomcat.util.modeler.AttributeInfo, attributeName=null]
2019-12-06 11:18:43.892 DEBUG 7503 --- [    Test worker] o.apache.tomcat.util.digester.Digester   : [ObjectCreateRule]{mbeans-descriptors/mbean/attribute} Pop org.apache.tomcat.util.modeler.AttributeInfo
2019-12-06 11:18:43.892 DEBUG 7503 --- [    Test worker] o.a.tomcat.util.digester.Digester.sax    : characters(

    )
2019-12-06 11:18:43.892 DEBUG 7503 --- [    Test worker] o.a.tomcat.util.digester.Digester.sax    : startElement(,,attribute)
2019-12-06 11:18:43.892 DEBUG 7503 --- [    Test worker] o.apache.tomcat.util.digester.Digester   :   New match='mbeans-descriptors/mbean/attribute'
2019-12-06 11:18:43.893 DEBUG 7503 --- [    Test worker] o.apache.tomcat.util.digester.Digester   :   Fire begin() for ObjectCreateRule[className=org.apache.tomcat.util.modeler.AttributeInfo, attributeName=null]
2019-12-06 11:18:43.893 DEBUG 7503 --- [    Test worker] o.apache.tomcat.util.digester.Digester   :   Fire begin() for SetPropertiesRule[]
2019-12-06 11:18:43.893 DEBUG 7503 --- [    Test worker] o.apache.tomcat.util.digester.Digester   : [SetPropertiesRule]{mbeans-descriptors/mbean/attribute} Set org.apache.tomcat.util.modeler.AttributeInfo properties
2019-12-06 11:18:43.893 DEBUG 7503 --- [    Test worker] o.apache.tomcat.util.digester.Digester   : [SetPropertiesRule]{mbeans-descriptors/mbean/attribute} Setting property 'name' to 'daemon'
2019-12-06 11:18:43.893 DEBUG 7503 --- [    Test worker] o.apache.tomcat.util.IntrospectionUtils  : IntrospectionUtils: setProperty(class org.apache.tomcat.util.modeler.AttributeInfo name=daemon)
2019-12-06 11:18:43.893 DEBUG 7503 --- [    Test worker] o.apache.tomcat.util.digester.Digester   : [SetPropertiesRule]{mbeans-descriptors/mbean/attribute} Setting property 'type' to 'boolean'
2019-12-06 11:18:43.893 DEBUG 7503 --- [    Test worker] o.apache.tomcat.util.IntrospectionUtils  : IntrospectionUtils: setProperty(class org.apache.tomcat.util.modeler.AttributeInfo type=boolean)
2019-12-06 11:18:43.893 DEBUG 7503 --- [    Test worker] o.apache.tomcat.util.digester.Digester   :   Fire begin() for SetNextRule[methodName=addAttribute, paramType=org.apache.tomcat.util.modeler.AttributeInfo]
2019-12-06 11:18:43.894 DEBUG 7503 --- [    Test worker] o.a.tomcat.util.digester.Digester.sax    : endElement(,,attribute)
2019-12-06 11:18:43.894 DEBUG 7503 --- [    Test worker] o.apache.tomcat.util.digester.Digester   :   match='mbeans-descriptors/mbean/attribute'
2019-12-06 11:18:43.894 DEBUG 7503 --- [    Test worker] o.apache.tomcat.util.digester.Digester   :   bodyText=''
2019-12-06 11:18:43.894 DEBUG 7503 --- [    Test worker] o.apache.tomcat.util.digester.Digester   :   Fire body() for ObjectCreateRule[className=org.apache.tomcat.util.modeler.AttributeInfo, attributeName=null]
2019-12-06 11:18:43.894 DEBUG 7503 --- [    Test worker] o.apache.tomcat.util.digester.Digester   :   Fire body() for SetPropertiesRule[]
2019-12-06 11:18:43.894 DEBUG 7503 --- [    Test worker] o.apache.tomcat.util.digester.Digester   :   Fire body() for SetNextRule[methodName=addAttribute, paramType=org.apache.tomcat.util.modeler.AttributeInfo]
2019-12-06 11:18:43.894 DEBUG 7503 --- [    Test worker] o.apache.tomcat.util.digester.Digester   :   Fire end() for SetNextRule[methodName=addAttribute, paramType=org.apache.tomcat.util.modeler.AttributeInfo]
2019-12-06 11:18:43.894 DEBUG 7503 --- [    Test worker] o.apache.tomcat.util.digester.Digester   : [SetNextRule]{mbeans-descriptors/mbean/attribute} Call org.apache.tomcat.util.modeler.ManagedBean.addAttribute(org.apache.tomcat.util.modeler.AttributeInfo@f31bdac)
2019-12-06 11:18:43.894 DEBUG 7503 --- [    Test worker] o.apache.tomcat.util.IntrospectionUtils  : IntrospectionUtils: callMethod1 org.apache.tomcat.util.modeler.ManagedBean org.apache.tomcat.util.modeler.AttributeInfo org.apache.tomcat.util.modeler.AttributeInfo
2019-12-06 11:18:43.895 DEBUG 7503 --- [    Test worker] o.apache.tomcat.util.digester.Digester   :   Fire end() for SetPropertiesRule[]
2019-12-06 11:18:43.895 DEBUG 7503 --- [    Test worker] o.apache.tomcat.util.digester.Digester   :   Fire end() for ObjectCreateRule[className=org.apache.tomcat.util.modeler.AttributeInfo, attributeName=null]
2019-12-06 11:18:43.895 DEBUG 7503 --- [    Test worker] o.apache.tomcat.util.digester.Digester   : [ObjectCreateRule]{mbeans-descriptors/mbean/attribute} Pop org.apache.tomcat.util.modeler.AttributeInfo
2019-12-06 11:18:43.895 DEBUG 7503 --- [    Test worker] o.a.tomcat.util.digester.Digester.sax    : characters(

    )
2019-12-06 11:18:43.895 DEBUG 7503 --- [    Test worker] o.a.tomcat.util.digester.Digester.sax    : startElement(,,attribute)
2019-12-06 11:18:43.895 DEBUG 7503 --- [    Test worker] o.apache.tomcat.util.digester.Digester   :   New match='mbeans-descriptors/mbean/attribute'
2019-12-06 11:18:43.895 DEBUG 7503 --- [    Test worker] o.apache.tomcat.util.digester.Digester   :   Fire begin() for ObjectCreateRule[className=org.apache.tomcat.util.modeler.AttributeInfo, attributeName=null]
2019-12-06 11:18:43.895 DEBUG 7503 --- [    Test worker] o.apache.tomcat.util.digester.Digester   :   Fire begin() for SetPropertiesRule[]
2019-12-06 11:18:43.895 DEBUG 7503 --- [    Test worker] o.apache.tomcat.util.digester.Digester   : [SetPropertiesRule]{mbeans-descriptors/mbean/attribute} Set org.apache.tomcat.util.modeler.AttributeInfo properties
2019-12-06 11:18:43.896 DEBUG 7503 --- [    Test worker] o.apache.tomcat.util.digester.Digester   : [SetPropertiesRule]{mbeans-descriptors/mbean/attribute} Setting property 'name' to 'defaultSSLHostConfigName'
2019-12-06 11:18:43.896 DEBUG 7503 --- [    Test worker] o.apache.tomcat.util.IntrospectionUtils  : IntrospectionUtils: setProperty(class org.apache.tomcat.util.modeler.AttributeInfo name=defaultSSLHostConfigName)
2019-12-06 11:18:43.896 DEBUG 7503 --- [    Test worker] o.apache.tomcat.util.digester.Digester   : [SetPropertiesRule]{mbeans-descriptors/mbean/attribute} Setting property 'type' to 'java.lang.String'
2019-12-06 11:18:43.896 DEBUG 7503 --- [    Test worker] o.apache.tomcat.util.IntrospectionUtils  : IntrospectionUtils: setProperty(class org.apache.tomcat.util.modeler.AttributeInfo type=java.lang.String)
2019-12-06 11:18:43.896 DEBUG 7503 --- [    Test worker] o.apache.tomcat.util.digester.Digester   :   Fire begin() for SetNextRule[methodName=addAttribute, paramType=org.apache.tomcat.util.modeler.AttributeInfo]
2019-12-06 11:18:43.896 DEBUG 7503 --- [    Test worker] o.a.tomcat.util.digester.Digester.sax    : endElement(,,attribute)
2019-12-06 11:18:43.896 DEBUG 7503 --- [    Test worker] o.apache.tomcat.util.digester.Digester   :   match='mbeans-descriptors/mbean/attribute'
2019-12-06 11:18:43.896 DEBUG 7503 --- [    Test worker] o.apache.tomcat.util.digester.Digester   :   bodyText=''
2019-12-06 11:18:43.896 DEBUG 7503 --- [    Test worker] o.apache.tomcat.util.digester.Digester   :   Fire body() for ObjectCreateRule[className=org.apache.tomcat.util.modeler.AttributeInfo, attributeName=null]
2019-12-06 11:18:43.897 DEBUG 7503 --- [    Test worker] o.apache.tomcat.util.digester.Digester   :   Fire body() for SetPropertiesRule[]
2019-12-06 11:18:43.897 DEBUG 7503 --- [    Test worker] o.apache.tomcat.util.digester.Digester   :   Fire body() for SetNextRule[methodName=addAttribute, paramType=org.apache.tomcat.util.modeler.AttributeInfo]
2019-12-06 11:18:43.897 DEBUG 7503 --- [    Test worker] o.apache.tomcat.util.digester.Digester   :   Fire end() for SetNextRule[methodName=addAttribute, paramType=org.apache.tomcat.util.modeler.AttributeInfo]
2019-12-06 11:18:43.897 DEBUG 7503 --- [    Test worker] o.apache.tomcat.util.digester.Digester   : [SetNextRule]{mbeans-descriptors/mbean/attribute} Call org.apache.tomcat.util.modeler.ManagedBean.addAttribute(org.apache.tomcat.util.modeler.AttributeInfo@789065d4)
2019-12-06 11:18:43.897 DEBUG 7503 --- [    Test worker] o.apache.tomcat.util.IntrospectionUtils  : IntrospectionUtils: callMethod1 org.apache.tomcat.util.modeler.ManagedBean org.apache.tomcat.util.modeler.AttributeInfo org.apache.tomcat.util.modeler.AttributeInfo
2019-12-06 11:18:43.897 DEBUG 7503 --- [    Test worker] o.apache.tomcat.util.digester.Digester   :   Fire end() for SetPropertiesRule[]
2019-12-06 11:18:43.897 DEBUG 7503 --- [    Test worker] o.apache.tomcat.util.digester.Digester   :   Fire end() for ObjectCreateRule[className=org.apache.tomcat.util.modeler.AttributeInfo, attributeName=null]
2019-12-06 11:18:43.897 DEBUG 7503 --- [    Test worker] o.apache.tomcat.util.digester.Digester   : [ObjectCreateRule]{mbeans-descriptors/mbean/attribute} Pop org.apache.tomcat.util.modeler.AttributeInfo
2019-12-06 11:18:43.898 DEBUG 7503 --- [    Test worker] o.a.tomcat.util.digester.Digester.sax    : characters(

    )
2019-12-06 11:18:43.898 DEBUG 7503 --- [    Test worker] o.a.tomcat.util.digester.Digester.sax    : startElement(,,attribute)
2019-12-06 11:18:43.898 DEBUG 7503 --- [    Test worker] o.apache.tomcat.util.digester.Digester   :   New match='mbeans-descriptors/mbean/attribute'
2019-12-06 11:18:43.898 DEBUG 7503 --- [    Test worker] o.apache.tomcat.util.digester.Digester   :   Fire begin() for ObjectCreateRule[className=org.apache.tomcat.util.modeler.AttributeInfo, attributeName=null]
2019-12-06 11:18:43.898 DEBUG 7503 --- [    Test worker] o.apache.tomcat.util.digester.Digester   :   Fire begin() for SetPropertiesRule[]
2019-12-06 11:18:43.898 DEBUG 7503 --- [    Test worker] o.apache.tomcat.util.digester.Digester   : [SetPropertiesRule]{mbeans-descriptors/mbean/attribute} Set org.apache.tomcat.util.modeler.AttributeInfo properties
2019-12-06 11:18:43.898 DEBUG 7503 --- [    Test worker] o.apache.tomcat.util.digester.Digester   : [SetPropertiesRule]{mbeans-descriptors/mbean/attribute} Setting property 'name' to 'deferAccept'
2019-12-06 11:18:43.898 DEBUG 7503 --- [    Test worker] o.apache.tomcat.util.IntrospectionUtils  : IntrospectionUtils: setProperty(class org.apache.tomcat.util.modeler.AttributeInfo name=deferAccept)
2019-12-06 11:18:43.898 DEBUG 7503 --- [    Test worker] o.apache.tomcat.util.digester.Digester   : [SetPropertiesRule]{mbeans-descriptors/mbean/attribute} Setting property 'type' to 'boolean'
2019-12-06 11:18:43.899 DEBUG 7503 --- [    Test worker] o.apache.tomcat.util.IntrospectionUtils  : IntrospectionUtils: setProperty(class org.apache.tomcat.util.modeler.AttributeInfo type=boolean)
2019-12-06 11:18:43.899 DEBUG 7503 --- [    Test worker] o.apache.tomcat.util.digester.Digester   : [SetPropertiesRule]{mbeans-descriptors/mbean/attribute} Setting property 'writeable' to 'false'
2019-12-06 11:18:43.899 DEBUG 7503 --- [    Test worker] o.apache.tomcat.util.IntrospectionUtils  : IntrospectionUtils: setProperty(class org.apache.tomcat.util.modeler.AttributeInfo writeable=false)
2019-12-06 11:18:43.899 DEBUG 7503 --- [    Test worker] o.apache.tomcat.util.digester.Digester   :   Fire begin() for SetNextRule[methodName=addAttribute, paramType=org.apache.tomcat.util.modeler.AttributeInfo]
2019-12-06 11:18:43.899 DEBUG 7503 --- [    Test worker] o.a.tomcat.util.digester.Digester.sax    : endElement(,,attribute)
2019-12-06 11:18:43.899 DEBUG 7503 --- [    Test worker] o.apache.tomcat.util.digester.Digester   :   match='mbeans-descriptors/mbean/attribute'
2019-12-06 11:18:43.899 DEBUG 7503 --- [    Test worker] o.apache.tomcat.util.digester.Digester   :   bodyText=''
2019-12-06 11:18:43.899 DEBUG 7503 --- [    Test worker] o.apache.tomcat.util.digester.Digester   :   Fire body() for ObjectCreateRule[className=org.apache.tomcat.util.modeler.AttributeInfo, attributeName=null]
2019-12-06 11:18:43.899 DEBUG 7503 --- [    Test worker] o.apache.tomcat.util.digester.Digester   :   Fire body() for SetPropertiesRule[]
2019-12-06 11:18:43.900 DEBUG 7503 --- [    Test worker] o.apache.tomcat.util.digester.Digester   :   Fire body() for SetNextRule[methodName=addAttribute, paramType=org.apache.tomcat.util.modeler.AttributeInfo]
2019-12-06 11:18:43.900 DEBUG 7503 --- [    Test worker] o.apache.tomcat.util.digester.Digester   :   Fire end() for SetNextRule[methodName=addAttribute, paramType=org.apache.tomcat.util.modeler.AttributeInfo]
2019-12-06 11:18:43.900 DEBUG 7503 --- [    Test worker] o.apache.tomcat.util.digester.Digester   : [SetNextRule]{mbeans-descriptors/mbean/attribute} Call org.apache.tomcat.util.modeler.ManagedBean.addAttribute(org.apache.tomcat.util.modeler.AttributeInfo@26fbc284)
2019-12-06 11:18:43.900 DEBUG 7503 --- [    Test worker] o.apache.tomcat.util.IntrospectionUtils  : IntrospectionUtils: callMethod1 org.apache.tomcat.util.modeler.ManagedBean org.apache.tomcat.util.modeler.AttributeInfo org.apache.tomcat.util.modeler.AttributeInfo
2019-12-06 11:18:43.900 DEBUG 7503 --- [    Test worker] o.apache.tomcat.util.digester.Digester   :   Fire end() for SetPropertiesRule[]
2019-12-06 11:18:43.900 DEBUG 7503 --- [    Test worker] o.apache.tomcat.util.digester.Digester   :   Fire end() for ObjectCreateRule[className=org.apache.tomcat.util.modeler.AttributeInfo, attributeName=null]
2019-12-06 11:18:43.900 DEBUG 7503 --- [    Test worker] o.apache.tomcat.util.digester.Digester   : [ObjectCreateRule]{mbeans-descriptors/mbean/attribute} Pop org.apache.tomcat.util.modeler.AttributeInfo
2019-12-06 11:18:43.900 DEBUG 7503 --- [    Test worker] o.a.tomcat.util.digester.Digester.sax    : characters(

    )
2019-12-06 11:18:43.901 DEBUG 7503 --- [    Test worker] o.a.tomcat.util.digester.Digester.sax    : startElement(,,attribute)
2019-12-06 11:18:43.901 DEBUG 7503 --- [    Test worker] o.apache.tomcat.util.digester.Digester   :   New match='mbeans-descriptors/mbean/attribute'
2019-12-06 11:18:43.901 DEBUG 7503 --- [    Test worker] o.apache.tomcat.util.digester.Digester   :   Fire begin() for ObjectCreateRule[className=org.apache.tomcat.util.modeler.AttributeInfo, attributeName=null]
2019-12-06 11:18:43.901 DEBUG 7503 --- [    Test worker] o.apache.tomcat.util.digester.Digester   :   Fire begin() for SetPropertiesRule[]
2019-12-06 11:18:43.901 DEBUG 7503 --- [    Test worker] o.apache.tomcat.util.digester.Digester   : [SetPropertiesRule]{mbeans-descriptors/mbean/attribute} Set org.apache.tomcat.util.modeler.AttributeInfo properties
2019-12-06 11:18:43.901 DEBUG 7503 --- [    Test worker] o.apache.tomcat.util.digester.Digester   : [SetPropertiesRule]{mbeans-descriptors/mbean/attribute} Setting property 'name' to 'domain'
2019-12-06 11:18:43.901 DEBUG 7503 --- [    Test worker] o.apache.tomcat.util.IntrospectionUtils  : IntrospectionUtils: setProperty(class org.apache.tomcat.util.modeler.AttributeInfo name=domain)
2019-12-06 11:18:43.901 DEBUG 7503 --- [    Test worker] o.apache.tomcat.util.digester.Digester   : [SetPropertiesRule]{mbeans-descriptors/mbean/attribute} Setting property 'type' to 'java.lang.String'
2019-12-06 11:18:43.901 DEBUG 7503 --- [    Test worker] o.apache.tomcat.util.IntrospectionUtils  : IntrospectionUtils: setProperty(class org.apache.tomcat.util.modeler.AttributeInfo type=java.lang.String)
2019-12-06 11:18:43.902 DEBUG 7503 --- [    Test worker] o.apache.tomcat.util.digester.Digester   :   Fire begin() for SetNextRule[methodName=addAttribute, paramType=org.apache.tomcat.util.modeler.AttributeInfo]
2019-12-06 11:18:43.902 DEBUG 7503 --- [    Test worker] o.a.tomcat.util.digester.Digester.sax    : endElement(,,attribute)
2019-12-06 11:18:43.902 DEBUG 7503 --- [    Test worker] o.apache.tomcat.util.digester.Digester   :   match='mbeans-descriptors/mbean/attribute'
2019-12-06 11:18:43.902 DEBUG 7503 --- [    Test worker] o.apache.tomcat.util.digester.Digester   :   bodyText=''
2019-12-06 11:18:43.902 DEBUG 7503 --- [    Test worker] o.apache.tomcat.util.digester.Digester   :   Fire body() for ObjectCreateRule[className=org.apache.tomcat.util.modeler.AttributeInfo, attributeName=null]
2019-12-06 11:18:43.902 DEBUG 7503 --- [    Test worker] o.apache.tomcat.util.digester.Digester   :   Fire body() for SetPropertiesRule[]
2019-12-06 11:18:43.902 DEBUG 7503 --- [    Test worker] o.apache.tomcat.util.digester.Digester   :   Fire body() for SetNextRule[methodName=addAttribute, paramType=org.apache.tomcat.util.modeler.AttributeInfo]
2019-12-06 11:18:43.902 DEBUG 7503 --- [    Test worker] o.apache.tomcat.util.digester.Digester   :   Fire end() for SetNextRule[methodName=addAttribute, paramType=org.apache.tomcat.util.modeler.AttributeInfo]
2019-12-06 11:18:43.902 DEBUG 7503 --- [    Test worker] o.apache.tomcat.util.digester.Digester   : [SetNextRule]{mbeans-descriptors/mbean/attribute} Call org.apache.tomcat.util.modeler.ManagedBean.addAttribute(org.apache.tomcat.util.modeler.AttributeInfo@5f4e2dc6)
2019-12-06 11:18:43.903 DEBUG 7503 --- [    Test worker] o.apache.tomcat.util.IntrospectionUtils  : IntrospectionUtils: callMethod1 org.apache.tomcat.util.modeler.ManagedBean org.apache.tomcat.util.modeler.AttributeInfo org.apache.tomcat.util.modeler.AttributeInfo
2019-12-06 11:18:43.903 DEBUG 7503 --- [    Test worker] o.apache.tomcat.util.digester.Digester   :   Fire end() for SetPropertiesRule[]
2019-12-06 11:18:43.903 DEBUG 7503 --- [    Test worker] o.apache.tomcat.util.digester.Digester   :   Fire end() for ObjectCreateRule[className=org.apache.tomcat.util.modeler.AttributeInfo, attributeName=null]
2019-12-06 11:18:43.903 DEBUG 7503 --- [    Test worker] o.apache.tomcat.util.digester.Digester   : [ObjectCreateRule]{mbeans-descriptors/mbean/attribute} Pop org.apache.tomcat.util.modeler.AttributeInfo
2019-12-06 11:18:43.903 DEBUG 7503 --- [    Test worker] o.a.tomcat.util.digester.Digester.sax    : characters(

    )
2019-12-06 11:18:43.903 DEBUG 7503 --- [    Test worker] o.a.tomcat.util.digester.Digester.sax    : startElement(,,attribute)
2019-12-06 11:18:43.903 DEBUG 7503 --- [    Test worker] o.apache.tomcat.util.digester.Digester   :   New match='mbeans-descriptors/mbean/attribute'
2019-12-06 11:18:43.903 DEBUG 7503 --- [    Test worker] o.apache.tomcat.util.digester.Digester   :   Fire begin() for ObjectCreateRule[className=org.apache.tomcat.util.modeler.AttributeInfo, attributeName=null]
2019-12-06 11:18:43.903 DEBUG 7503 --- [    Test worker] o.apache.tomcat.util.digester.Digester   :   Fire begin() for SetPropertiesRule[]
2019-12-06 11:18:43.904 DEBUG 7503 --- [    Test worker] o.apache.tomcat.util.digester.Digester   : [SetPropertiesRule]{mbeans-descriptors/mbean/attribute} Set org.apache.tomcat.util.modeler.AttributeInfo properties
2019-12-06 11:18:43.904 DEBUG 7503 --- [    Test worker] o.apache.tomcat.util.digester.Digester   : [SetPropertiesRule]{mbeans-descriptors/mbean/attribute} Setting property 'name' to 'executorTerminationTimeoutMillis'
2019-12-06 11:18:43.904 DEBUG 7503 --- [    Test worker] o.apache.tomcat.util.IntrospectionUtils  : IntrospectionUtils: setProperty(class org.apache.tomcat.util.modeler.AttributeInfo name=executorTerminationTimeoutMillis)
2019-12-06 11:18:43.904 DEBUG 7503 --- [    Test worker] o.apache.tomcat.util.digester.Digester   : [SetPropertiesRule]{mbeans-descriptors/mbean/attribute} Setting property 'type' to 'long'
2019-12-06 11:18:43.904 DEBUG 7503 --- [    Test worker] o.apache.tomcat.util.IntrospectionUtils  : IntrospectionUtils: setProperty(class org.apache.tomcat.util.modeler.AttributeInfo type=long)
2019-12-06 11:18:43.904 DEBUG 7503 --- [    Test worker] o.apache.tomcat.util.digester.Digester   :   Fire begin() for SetNextRule[methodName=addAttribute, paramType=org.apache.tomcat.util.modeler.AttributeInfo]
2019-12-06 11:18:43.904 DEBUG 7503 --- [    Test worker] o.a.tomcat.util.digester.Digester.sax    : endElement(,,attribute)
2019-12-06 11:18:43.904 DEBUG 7503 --- [    Test worker] o.apache.tomcat.util.digester.Digester   :   match='mbeans-descriptors/mbean/attribute'
2019-12-06 11:18:43.905 DEBUG 7503 --- [    Test worker] o.apache.tomcat.util.digester.Digester   :   bodyText=''
2019-12-06 11:18:43.905 DEBUG 7503 --- [    Test worker] o.apache.tomcat.util.digester.Digester   :   Fire body() for ObjectCreateRule[className=org.apache.tomcat.util.modeler.AttributeInfo, attributeName=null]
2019-12-06 11:18:43.905 DEBUG 7503 --- [    Test worker] o.apache.tomcat.util.digester.Digester   :   Fire body() for SetPropertiesRule[]
2019-12-06 11:18:43.905 DEBUG 7503 --- [    Test worker] o.apache.tomcat.util.digester.Digester   :   Fire body() for SetNextRule[methodName=addAttribute, paramType=org.apache.tomcat.util.modeler.AttributeInfo]
2019-12-06 11:18:43.905 DEBUG 7503 --- [    Test worker] o.apache.tomcat.util.digester.Digester   :   Fire end() for SetNextRule[methodName=addAttribute, paramType=org.apache.tomcat.util.modeler.AttributeInfo]
2019-12-06 11:18:43.905 DEBUG 7503 --- [    Test worker] o.apache.tomcat.util.digester.Digester   : [SetNextRule]{mbeans-descriptors/mbean/attribute} Call org.apache.tomcat.util.modeler.ManagedBean.addAttribute(org.apache.tomcat.util.modeler.AttributeInfo@5d90375e)
2019-12-06 11:18:43.905 DEBUG 7503 --- [    Test worker] o.apache.tomcat.util.IntrospectionUtils  : IntrospectionUtils: callMethod1 org.apache.tomcat.util.modeler.ManagedBean org.apache.tomcat.util.modeler.AttributeInfo org.apache.tomcat.util.modeler.AttributeInfo
2019-12-06 11:18:43.905 DEBUG 7503 --- [    Test worker] o.apache.tomcat.util.digester.Digester   :   Fire end() for SetPropertiesRule[]
2019-12-06 11:18:43.905 DEBUG 7503 --- [    Test worker] o.apache.tomcat.util.digester.Digester   :   Fire end() for ObjectCreateRule[className=org.apache.tomcat.util.modeler.AttributeInfo, attributeName=null]
2019-12-06 11:18:43.906 DEBUG 7503 --- [    Test worker] o.apache.tomcat.util.digester.Digester   : [ObjectCreateRule]{mbeans-descriptors/mbean/attribute} Pop org.apache.tomcat.util.modeler.AttributeInfo
2019-12-06 11:18:43.906 DEBUG 7503 --- [    Test worker] o.a.tomcat.util.digester.Digester.sax    : characters(

    )
2019-12-06 11:18:43.906 DEBUG 7503 --- [    Test worker] o.a.tomcat.util.digester.Digester.sax    : startElement(,,attribute)
2019-12-06 11:18:43.906 DEBUG 7503 --- [    Test worker] o.apache.tomcat.util.digester.Digester   :   New match='mbeans-descriptors/mbean/attribute'
2019-12-06 11:18:43.906 DEBUG 7503 --- [    Test worker] o.apache.tomcat.util.digester.Digester   :   Fire begin() for ObjectCreateRule[className=org.apache.tomcat.util.modeler.AttributeInfo, attributeName=null]
2019-12-06 11:18:43.906 DEBUG 7503 --- [    Test worker] o.apache.tomcat.util.digester.Digester   :   Fire begin() for SetPropertiesRule[]
2019-12-06 11:18:43.906 DEBUG 7503 --- [    Test worker] o.apache.tomcat.util.digester.Digester   : [SetPropertiesRule]{mbeans-descriptors/mbean/attribute} Set org.apache.tomcat.util.modeler.AttributeInfo properties
2019-12-06 11:18:43.906 DEBUG 7503 --- [    Test worker] o.apache.tomcat.util.digester.Digester   : [SetPropertiesRule]{mbeans-descriptors/mbean/attribute} Setting property 'name' to 'keepAliveCount'
2019-12-06 11:18:43.906 DEBUG 7503 --- [    Test worker] o.apache.tomcat.util.IntrospectionUtils  : IntrospectionUtils: setProperty(class org.apache.tomcat.util.modeler.AttributeInfo name=keepAliveCount)
2019-12-06 11:18:43.907 DEBUG 7503 --- [    Test worker] o.apache.tomcat.util.digester.Digester   : [SetPropertiesRule]{mbeans-descriptors/mbean/attribute} Setting property 'type' to 'int'
2019-12-06 11:18:43.907 DEBUG 7503 --- [    Test worker] o.apache.tomcat.util.IntrospectionUtils  : IntrospectionUtils: setProperty(class org.apache.tomcat.util.modeler.AttributeInfo type=int)
2019-12-06 11:18:43.907 DEBUG 7503 --- [    Test worker] o.apache.tomcat.util.digester.Digester   : [SetPropertiesRule]{mbeans-descriptors/mbean/attribute} Setting property 'writeable' to 'false'
2019-12-06 11:18:43.907 DEBUG 7503 --- [    Test worker] o.apache.tomcat.util.IntrospectionUtils  : IntrospectionUtils: setProperty(class org.apache.tomcat.util.modeler.AttributeInfo writeable=false)
2019-12-06 11:18:43.907 DEBUG 7503 --- [    Test worker] o.apache.tomcat.util.digester.Digester   :   Fire begin() for SetNextRule[methodName=addAttribute, paramType=org.apache.tomcat.util.modeler.AttributeInfo]
2019-12-06 11:18:43.907 DEBUG 7503 --- [    Test worker] o.a.tomcat.util.digester.Digester.sax    : endElement(,,attribute)
2019-12-06 11:18:43.907 DEBUG 7503 --- [    Test worker] o.apache.tomcat.util.digester.Digester   :   match='mbeans-descriptors/mbean/attribute'
2019-12-06 11:18:43.907 DEBUG 7503 --- [    Test worker] o.apache.tomcat.util.digester.Digester   :   bodyText=''
2019-12-06 11:18:43.908 DEBUG 7503 --- [    Test worker] o.apache.tomcat.util.digester.Digester   :   Fire body() for ObjectCreateRule[className=org.apache.tomcat.util.modeler.AttributeInfo, attributeName=null]
2019-12-06 11:18:43.908 DEBUG 7503 --- [    Test worker] o.apache.tomcat.util.digester.Digester   :   Fire body() for SetPropertiesRule[]
2019-12-06 11:18:43.908 DEBUG 7503 --- [    Test worker] o.apache.tomcat.util.digester.Digester   :   Fire body() for SetNextRule[methodName=addAttribute, paramType=org.apache.tomcat.util.modeler.AttributeInfo]
2019-12-06 11:18:43.908 DEBUG 7503 --- [    Test worker] o.apache.tomcat.util.digester.Digester   :   Fire end() for SetNextRule[methodName=addAttribute, paramType=org.apache.tomcat.util.modeler.AttributeInfo]
2019-12-06 11:18:43.908 DEBUG 7503 --- [    Test worker] o.apache.tomcat.util.digester.Digester   : [SetNextRule]{mbeans-descriptors/mbean/attribute} Call org.apache.tomcat.util.modeler.ManagedBean.addAttribute(org.apache.tomcat.util.modeler.AttributeInfo@265557fd)
2019-12-06 11:18:43.908 DEBUG 7503 --- [    Test worker] o.apache.tomcat.util.IntrospectionUtils  : IntrospectionUtils: callMethod1 org.apache.tomcat.util.modeler.ManagedBean org.apache.tomcat.util.modeler.AttributeInfo org.apache.tomcat.util.modeler.AttributeInfo
2019-12-06 11:18:43.908 DEBUG 7503 --- [    Test worker] o.apache.tomcat.util.digester.Digester   :   Fire end() for SetPropertiesRule[]
2019-12-06 11:18:43.908 DEBUG 7503 --- [    Test worker] o.apache.tomcat.util.digester.Digester   :   Fire end() for ObjectCreateRule[className=org.apache.tomcat.util.modeler.AttributeInfo, attributeName=null]
2019-12-06 11:18:43.909 DEBUG 7503 --- [    Test worker] o.apache.tomcat.util.digester.Digester   : [ObjectCreateRule]{mbeans-descriptors/mbean/attribute} Pop org.apache.tomcat.util.modeler.AttributeInfo
2019-12-06 11:18:43.909 DEBUG 7503 --- [    Test worker] o.a.tomcat.util.digester.Digester.sax    : characters(

    )
2019-12-06 11:18:43.909 DEBUG 7503 --- [    Test worker] o.a.tomcat.util.digester.Digester.sax    : startElement(,,attribute)
2019-12-06 11:18:43.909 DEBUG 7503 --- [    Test worker] o.apache.tomcat.util.digester.Digester   :   New match='mbeans-descriptors/mbean/attribute'
2019-12-06 11:18:43.909 DEBUG 7503 --- [    Test worker] o.apache.tomcat.util.digester.Digester   :   Fire begin() for ObjectCreateRule[className=org.apache.tomcat.util.modeler.AttributeInfo, attributeName=null]
2019-12-06 11:18:43.909 DEBUG 7503 --- [    Test worker] o.apache.tomcat.util.digester.Digester   :   Fire begin() for SetPropertiesRule[]
2019-12-06 11:18:43.909 DEBUG 7503 --- [    Test worker] o.apache.tomcat.util.digester.Digester   : [SetPropertiesRule]{mbeans-descriptors/mbean/attribute} Set org.apache.tomcat.util.modeler.AttributeInfo properties
2019-12-06 11:18:43.909 DEBUG 7503 --- [    Test worker] o.apache.tomcat.util.digester.Digester   : [SetPropertiesRule]{mbeans-descriptors/mbean/attribute} Setting property 'name' to 'keepAliveTimeout'
2019-12-06 11:18:43.910 DEBUG 7503 --- [    Test worker] o.apache.tomcat.util.IntrospectionUtils  : IntrospectionUtils: setProperty(class org.apache.tomcat.util.modeler.AttributeInfo name=keepAliveTimeout)
2019-12-06 11:18:43.910 DEBUG 7503 --- [    Test worker] o.apache.tomcat.util.digester.Digester   : [SetPropertiesRule]{mbeans-descriptors/mbean/attribute} Setting property 'type' to 'int'
2019-12-06 11:18:43.910 DEBUG 7503 --- [    Test worker] o.apache.tomcat.util.IntrospectionUtils  : IntrospectionUtils: setProperty(class org.apache.tomcat.util.modeler.AttributeInfo type=int)
2019-12-06 11:18:43.910 DEBUG 7503 --- [    Test worker] o.apache.tomcat.util.digester.Digester   :   Fire begin() for SetNextRule[methodName=addAttribute, paramType=org.apache.tomcat.util.modeler.AttributeInfo]
2019-12-06 11:18:43.910 DEBUG 7503 --- [    Test worker] o.a.tomcat.util.digester.Digester.sax    : endElement(,,attribute)
2019-12-06 11:18:43.910 DEBUG 7503 --- [    Test worker] o.apache.tomcat.util.digester.Digester   :   match='mbeans-descriptors/mbean/attribute'
2019-12-06 11:18:43.910 DEBUG 7503 --- [    Test worker] o.apache.tomcat.util.digester.Digester   :   bodyText=''
2019-12-06 11:18:43.910 DEBUG 7503 --- [    Test worker] o.apache.tomcat.util.digester.Digester   :   Fire body() for ObjectCreateRule[className=org.apache.tomcat.util.modeler.AttributeInfo, attributeName=null]
2019-12-06 11:18:43.911 DEBUG 7503 --- [    Test worker] o.apache.tomcat.util.digester.Digester   :   Fire body() for SetPropertiesRule[]
2019-12-06 11:18:43.911 DEBUG 7503 --- [    Test worker] o.apache.tomcat.util.digester.Digester   :   Fire body() for SetNextRule[methodName=addAttribute, paramType=org.apache.tomcat.util.modeler.AttributeInfo]
2019-12-06 11:18:43.911 DEBUG 7503 --- [    Test worker] o.apache.tomcat.util.digester.Digester   :   Fire end() for SetNextRule[methodName=addAttribute, paramType=org.apache.tomcat.util.modeler.AttributeInfo]
2019-12-06 11:18:43.911 DEBUG 7503 --- [    Test worker] o.apache.tomcat.util.digester.Digester   : [SetNextRule]{mbeans-descriptors/mbean/attribute} Call org.apache.tomcat.util.modeler.ManagedBean.addAttribute(org.apache.tomcat.util.modeler.AttributeInfo@5ec24e51)
2019-12-06 11:18:43.911 DEBUG 7503 --- [    Test worker] o.apache.tomcat.util.IntrospectionUtils  : IntrospectionUtils: callMethod1 org.apache.tomcat.util.modeler.ManagedBean org.apache.tomcat.util.modeler.AttributeInfo org.apache.tomcat.util.modeler.AttributeInfo
2019-12-06 11:18:43.911 DEBUG 7503 --- [    Test worker] o.apache.tomcat.util.digester.Digester   :   Fire end() for SetPropertiesRule[]
2019-12-06 11:18:43.911 DEBUG 7503 --- [    Test worker] o.apache.tomcat.util.digester.Digester   :   Fire end() for ObjectCreateRule[className=org.apache.tomcat.util.modeler.AttributeInfo, attributeName=null]
2019-12-06 11:18:43.911 DEBUG 7503 --- [    Test worker] o.apache.tomcat.util.digester.Digester   : [ObjectCreateRule]{mbeans-descriptors/mbean/attribute} Pop org.apache.tomcat.util.modeler.AttributeInfo
2019-12-06 11:18:43.912 DEBUG 7503 --- [    Test worker] o.a.tomcat.util.digester.Digester.sax    : characters(

    )
2019-12-06 11:18:43.912 DEBUG 7503 --- [    Test worker] o.a.tomcat.util.digester.Digester.sax    : startElement(,,attribute)
2019-12-06 11:18:43.912 DEBUG 7503 --- [    Test worker] o.apache.tomcat.util.digester.Digester   :   New match='mbeans-descriptors/mbean/attribute'
2019-12-06 11:18:43.912 DEBUG 7503 --- [    Test worker] o.apache.tomcat.util.digester.Digester   :   Fire begin() for ObjectCreateRule[className=org.apache.tomcat.util.modeler.AttributeInfo, attributeName=null]
2019-12-06 11:18:43.912 DEBUG 7503 --- [    Test worker] o.apache.tomcat.util.digester.Digester   :   Fire begin() for SetPropertiesRule[]
2019-12-06 11:18:43.912 DEBUG 7503 --- [    Test worker] o.apache.tomcat.util.digester.Digester   : [SetPropertiesRule]{mbeans-descriptors/mbean/attribute} Set org.apache.tomcat.util.modeler.AttributeInfo properties
2019-12-06 11:18:43.912 DEBUG 7503 --- [    Test worker] o.apache.tomcat.util.digester.Digester   : [SetPropertiesRule]{mbeans-descriptors/mbean/attribute} Setting property 'name' to 'localPort'
2019-12-06 11:18:43.912 DEBUG 7503 --- [    Test worker] o.apache.tomcat.util.IntrospectionUtils  : IntrospectionUtils: setProperty(class org.apache.tomcat.util.modeler.AttributeInfo name=localPort)
2019-12-06 11:18:43.913 DEBUG 7503 --- [    Test worker] o.apache.tomcat.util.digester.Digester   : [SetPropertiesRule]{mbeans-descriptors/mbean/attribute} Setting property 'type' to 'int'
2019-12-06 11:18:43.913 DEBUG 7503 --- [    Test worker] o.apache.tomcat.util.IntrospectionUtils  : IntrospectionUtils: setProperty(class org.apache.tomcat.util.modeler.AttributeInfo type=int)
2019-12-06 11:18:43.913 DEBUG 7503 --- [    Test worker] o.apache.tomcat.util.digester.Digester   : [SetPropertiesRule]{mbeans-descriptors/mbean/attribute} Setting property 'writeable' to 'false'
2019-12-06 11:18:43.913 DEBUG 7503 --- [    Test worker] o.apache.tomcat.util.IntrospectionUtils  : IntrospectionUtils: setProperty(class org.apache.tomcat.util.modeler.AttributeInfo writeable=false)
2019-12-06 11:18:43.913 DEBUG 7503 --- [    Test worker] o.apache.tomcat.util.digester.Digester   :   Fire begin() for SetNextRule[methodName=addAttribute, paramType=org.apache.tomcat.util.modeler.AttributeInfo]
2019-12-06 11:18:43.913 DEBUG 7503 --- [    Test worker] o.a.tomcat.util.digester.Digester.sax    : endElement(,,attribute)
2019-12-06 11:18:43.913 DEBUG 7503 --- [    Test worker] o.apache.tomcat.util.digester.Digester   :   match='mbeans-descriptors/mbean/attribute'
2019-12-06 11:18:43.913 DEBUG 7503 --- [    Test worker] o.apache.tomcat.util.digester.Digester   :   bodyText=''
2019-12-06 11:18:43.913 DEBUG 7503 --- [    Test worker] o.apache.tomcat.util.digester.Digester   :   Fire body() for ObjectCreateRule[className=org.apache.tomcat.util.modeler.AttributeInfo, attributeName=null]
2019-12-06 11:18:43.914 DEBUG 7503 --- [    Test worker] o.apache.tomcat.util.digester.Digester   :   Fire body() for SetPropertiesRule[]
2019-12-06 11:18:43.914 DEBUG 7503 --- [    Test worker] o.apache.tomcat.util.digester.Digester   :   Fire body() for SetNextRule[methodName=addAttribute, paramType=org.apache.tomcat.util.modeler.AttributeInfo]
2019-12-06 11:18:43.914 DEBUG 7503 --- [    Test worker] o.apache.tomcat.util.digester.Digester   :   Fire end() for SetNextRule[methodName=addAttribute, paramType=org.apache.tomcat.util.modeler.AttributeInfo]
2019-12-06 11:18:43.914 DEBUG 7503 --- [    Test worker] o.apache.tomcat.util.digester.Digester   : [SetNextRule]{mbeans-descriptors/mbean/attribute} Call org.apache.tomcat.util.modeler.ManagedBean.addAttribute(org.apache.tomcat.util.modeler.AttributeInfo@704c6852)
2019-12-06 11:18:43.914 DEBUG 7503 --- [    Test worker] o.apache.tomcat.util.IntrospectionUtils  : IntrospectionUtils: callMethod1 org.apache.tomcat.util.modeler.ManagedBean org.apache.tomcat.util.modeler.AttributeInfo org.apache.tomcat.util.modeler.AttributeInfo
2019-12-06 11:18:43.914 DEBUG 7503 --- [    Test worker] o.apache.tomcat.util.digester.Digester   :   Fire end() for SetPropertiesRule[]
2019-12-06 11:18:43.914 DEBUG 7503 --- [    Test worker] o.apache.tomcat.util.digester.Digester   :   Fire end() for ObjectCreateRule[className=org.apache.tomcat.util.modeler.AttributeInfo, attributeName=null]
2019-12-06 11:18:43.914 DEBUG 7503 --- [    Test worker] o.apache.tomcat.util.digester.Digester   : [ObjectCreateRule]{mbeans-descriptors/mbean/attribute} Pop org.apache.tomcat.util.modeler.AttributeInfo
2019-12-06 11:18:43.915 DEBUG 7503 --- [    Test worker] o.a.tomcat.util.digester.Digester.sax    : characters(

    )
2019-12-06 11:18:43.915 DEBUG 7503 --- [    Test worker] o.a.tomcat.util.digester.Digester.sax    : startElement(,,attribute)
2019-12-06 11:18:43.915 DEBUG 7503 --- [    Test worker] o.apache.tomcat.util.digester.Digester   :   New match='mbeans-descriptors/mbean/attribute'
2019-12-06 11:18:43.915 DEBUG 7503 --- [    Test worker] o.apache.tomcat.util.digester.Digester   :   Fire begin() for ObjectCreateRule[className=org.apache.tomcat.util.modeler.AttributeInfo, attributeName=null]
2019-12-06 11:18:43.915 DEBUG 7503 --- [    Test worker] o.apache.tomcat.util.digester.Digester   :   Fire begin() for SetPropertiesRule[]
2019-12-06 11:18:43.915 DEBUG 7503 --- [    Test worker] o.apache.tomcat.util.digester.Digester   : [SetPropertiesRule]{mbeans-descriptors/mbean/attribute} Set org.apache.tomcat.util.modeler.AttributeInfo properties
2019-12-06 11:18:43.915 DEBUG 7503 --- [    Test worker] o.apache.tomcat.util.digester.Digester   : [SetPropertiesRule]{mbeans-descriptors/mbean/attribute} Setting property 'name' to 'maxConnections'
2019-12-06 11:18:43.915 DEBUG 7503 --- [    Test worker] o.apache.tomcat.util.IntrospectionUtils  : IntrospectionUtils: setProperty(class org.apache.tomcat.util.modeler.AttributeInfo name=maxConnections)
2019-12-06 11:18:43.915 DEBUG 7503 --- [    Test worker] o.apache.tomcat.util.digester.Digester   : [SetPropertiesRule]{mbeans-descriptors/mbean/attribute} Setting property 'type' to 'int'
2019-12-06 11:18:43.916 DEBUG 7503 --- [    Test worker] o.apache.tomcat.util.IntrospectionUtils  : IntrospectionUtils: setProperty(class org.apache.tomcat.util.modeler.AttributeInfo type=int)
2019-12-06 11:18:43.916 DEBUG 7503 --- [    Test worker] o.apache.tomcat.util.digester.Digester   :   Fire begin() for SetNextRule[methodName=addAttribute, paramType=org.apache.tomcat.util.modeler.AttributeInfo]
2019-12-06 11:18:43.916 DEBUG 7503 --- [    Test worker] o.a.tomcat.util.digester.Digester.sax    : endElement(,,attribute)
2019-12-06 11:18:43.916 DEBUG 7503 --- [    Test worker] o.apache.tomcat.util.digester.Digester   :   match='mbeans-descriptors/mbean/attribute'
2019-12-06 11:18:43.916 DEBUG 7503 --- [    Test worker] o.apache.tomcat.util.digester.Digester   :   bodyText=''
2019-12-06 11:18:43.916 DEBUG 7503 --- [    Test worker] o.apache.tomcat.util.digester.Digester   :   Fire body() for ObjectCreateRule[className=org.apache.tomcat.util.modeler.AttributeInfo, attributeName=null]
2019-12-06 11:18:43.916 DEBUG 7503 --- [    Test worker] o.apache.tomcat.util.digester.Digester   :   Fire body() for SetPropertiesRule[]
2019-12-06 11:18:43.916 DEBUG 7503 --- [    Test worker] o.apache.tomcat.util.digester.Digester   :   Fire body() for SetNextRule[methodName=addAttribute, paramType=org.apache.tomcat.util.modeler.AttributeInfo]
2019-12-06 11:18:43.917 DEBUG 7503 --- [    Test worker] o.apache.tomcat.util.digester.Digester   :   Fire end() for SetNextRule[methodName=addAttribute, paramType=org.apache.tomcat.util.modeler.AttributeInfo]
2019-12-06 11:18:43.917 DEBUG 7503 --- [    Test worker] o.apache.tomcat.util.digester.Digester   : [SetNextRule]{mbeans-descriptors/mbean/attribute} Call org.apache.tomcat.util.modeler.ManagedBean.addAttribute(org.apache.tomcat.util.modeler.AttributeInfo@2c3a8bc2)
2019-12-06 11:18:43.917 DEBUG 7503 --- [    Test worker] o.apache.tomcat.util.IntrospectionUtils  : IntrospectionUtils: callMethod1 org.apache.tomcat.util.modeler.ManagedBean org.apache.tomcat.util.modeler.AttributeInfo org.apache.tomcat.util.modeler.AttributeInfo
2019-12-06 11:18:43.917 DEBUG 7503 --- [    Test worker] o.apache.tomcat.util.digester.Digester   :   Fire end() for SetPropertiesRule[]
2019-12-06 11:18:43.917 DEBUG 7503 --- [    Test worker] o.apache.tomcat.util.digester.Digester   :   Fire end() for ObjectCreateRule[className=org.apache.tomcat.util.modeler.AttributeInfo, attributeName=null]
2019-12-06 11:18:43.917 DEBUG 7503 --- [    Test worker] o.apache.tomcat.util.digester.Digester   : [ObjectCreateRule]{mbeans-descriptors/mbean/attribute} Pop org.apache.tomcat.util.modeler.AttributeInfo
2019-12-06 11:18:43.917 DEBUG 7503 --- [    Test worker] o.a.tomcat.util.digester.Digester.sax    : characters(

    )
2019-12-06 11:18:43.917 DEBUG 7503 --- [    Test worker] o.a.tomcat.util.digester.Digester.sax    : startElement(,,attribute)
2019-12-06 11:18:43.917 DEBUG 7503 --- [    Test worker] o.apache.tomcat.util.digester.Digester   :   New match='mbeans-descriptors/mbean/attribute'
2019-12-06 11:18:43.918 DEBUG 7503 --- [    Test worker] o.apache.tomcat.util.digester.Digester   :   Fire begin() for ObjectCreateRule[className=org.apache.tomcat.util.modeler.AttributeInfo, attributeName=null]
2019-12-06 11:18:43.918 DEBUG 7503 --- [    Test worker] o.apache.tomcat.util.digester.Digester   :   Fire begin() for SetPropertiesRule[]
2019-12-06 11:18:43.918 DEBUG 7503 --- [    Test worker] o.apache.tomcat.util.digester.Digester   : [SetPropertiesRule]{mbeans-descriptors/mbean/attribute} Set org.apache.tomcat.util.modeler.AttributeInfo properties
2019-12-06 11:18:43.918 DEBUG 7503 --- [    Test worker] o.apache.tomcat.util.digester.Digester   : [SetPropertiesRule]{mbeans-descriptors/mbean/attribute} Setting property 'name' to 'maxKeepAliveRequests'
2019-12-06 11:18:43.918 DEBUG 7503 --- [    Test worker] o.apache.tomcat.util.IntrospectionUtils  : IntrospectionUtils: setProperty(class org.apache.tomcat.util.modeler.AttributeInfo name=maxKeepAliveRequests)
2019-12-06 11:18:43.918 DEBUG 7503 --- [    Test worker] o.apache.tomcat.util.digester.Digester   : [SetPropertiesRule]{mbeans-descriptors/mbean/attribute} Setting property 'type' to 'int'
2019-12-06 11:18:43.918 DEBUG 7503 --- [    Test worker] o.apache.tomcat.util.IntrospectionUtils  : IntrospectionUtils: setProperty(class org.apache.tomcat.util.modeler.AttributeInfo type=int)
2019-12-06 11:18:43.918 DEBUG 7503 --- [    Test worker] o.apache.tomcat.util.digester.Digester   :   Fire begin() for SetNextRule[methodName=addAttribute, paramType=org.apache.tomcat.util.modeler.AttributeInfo]
2019-12-06 11:18:43.918 DEBUG 7503 --- [    Test worker] o.a.tomcat.util.digester.Digester.sax    : endElement(,,attribute)
2019-12-06 11:18:43.919 DEBUG 7503 --- [    Test worker] o.apache.tomcat.util.digester.Digester   :   match='mbeans-descriptors/mbean/attribute'
2019-12-06 11:18:43.919 DEBUG 7503 --- [    Test worker] o.apache.tomcat.util.digester.Digester   :   bodyText=''
2019-12-06 11:18:43.919 DEBUG 7503 --- [    Test worker] o.apache.tomcat.util.digester.Digester   :   Fire body() for ObjectCreateRule[className=org.apache.tomcat.util.modeler.AttributeInfo, attributeName=null]
2019-12-06 11:18:43.919 DEBUG 7503 --- [    Test worker] o.apache.tomcat.util.digester.Digester   :   Fire body() for SetPropertiesRule[]
2019-12-06 11:18:43.919 DEBUG 7503 --- [    Test worker] o.apache.tomcat.util.digester.Digester   :   Fire body() for SetNextRule[methodName=addAttribute, paramType=org.apache.tomcat.util.modeler.AttributeInfo]
2019-12-06 11:18:43.919 DEBUG 7503 --- [    Test worker] o.apache.tomcat.util.digester.Digester   :   Fire end() for SetNextRule[methodName=addAttribute, paramType=org.apache.tomcat.util.modeler.AttributeInfo]
2019-12-06 11:18:43.919 DEBUG 7503 --- [    Test worker] o.apache.tomcat.util.digester.Digester   : [SetNextRule]{mbeans-descriptors/mbean/attribute} Call org.apache.tomcat.util.modeler.ManagedBean.addAttribute(org.apache.tomcat.util.modeler.AttributeInfo@20dcdb07)
2019-12-06 11:18:43.919 DEBUG 7503 --- [    Test worker] o.apache.tomcat.util.IntrospectionUtils  : IntrospectionUtils: callMethod1 org.apache.tomcat.util.modeler.ManagedBean org.apache.tomcat.util.modeler.AttributeInfo org.apache.tomcat.util.modeler.AttributeInfo
2019-12-06 11:18:43.920 DEBUG 7503 --- [    Test worker] o.apache.tomcat.util.digester.Digester   :   Fire end() for SetPropertiesRule[]
2019-12-06 11:18:43.920 DEBUG 7503 --- [    Test worker] o.apache.tomcat.util.digester.Digester   :   Fire end() for ObjectCreateRule[className=org.apache.tomcat.util.modeler.AttributeInfo, attributeName=null]
2019-12-06 11:18:43.920 DEBUG 7503 --- [    Test worker] o.apache.tomcat.util.digester.Digester   : [ObjectCreateRule]{mbeans-descriptors/mbean/attribute} Pop org.apache.tomcat.util.modeler.AttributeInfo
2019-12-06 11:18:43.920 DEBUG 7503 --- [    Test worker] o.a.tomcat.util.digester.Digester.sax    : characters(

    )
2019-12-06 11:18:43.920 DEBUG 7503 --- [    Test worker] o.a.tomcat.util.digester.Digester.sax    : startElement(,,attribute)
2019-12-06 11:18:43.920 DEBUG 7503 --- [    Test worker] o.apache.tomcat.util.digester.Digester   :   New match='mbeans-descriptors/mbean/attribute'
2019-12-06 11:18:43.920 DEBUG 7503 --- [    Test worker] o.apache.tomcat.util.digester.Digester   :   Fire begin() for ObjectCreateRule[className=org.apache.tomcat.util.modeler.AttributeInfo, attributeName=null]
2019-12-06 11:18:43.920 DEBUG 7503 --- [    Test worker] o.apache.tomcat.util.digester.Digester   :   Fire begin() for SetPropertiesRule[]
2019-12-06 11:18:43.920 DEBUG 7503 --- [    Test worker] o.apache.tomcat.util.digester.Digester   : [SetPropertiesRule]{mbeans-descriptors/mbean/attribute} Set org.apache.tomcat.util.modeler.AttributeInfo properties
2019-12-06 11:18:43.921 DEBUG 7503 --- [    Test worker] o.apache.tomcat.util.digester.Digester   : [SetPropertiesRule]{mbeans-descriptors/mbean/attribute} Setting property 'name' to 'maxThreads'
2019-12-06 11:18:43.921 DEBUG 7503 --- [    Test worker] o.apache.tomcat.util.IntrospectionUtils  : IntrospectionUtils: setProperty(class org.apache.tomcat.util.modeler.AttributeInfo name=maxThreads)
2019-12-06 11:18:43.921 DEBUG 7503 --- [    Test worker] o.apache.tomcat.util.digester.Digester   : [SetPropertiesRule]{mbeans-descriptors/mbean/attribute} Setting property 'type' to 'int'
2019-12-06 11:18:43.921 DEBUG 7503 --- [    Test worker] o.apache.tomcat.util.IntrospectionUtils  : IntrospectionUtils: setProperty(class org.apache.tomcat.util.modeler.AttributeInfo type=int)
2019-12-06 11:18:43.921 DEBUG 7503 --- [    Test worker] o.apache.tomcat.util.digester.Digester   :   Fire begin() for SetNextRule[methodName=addAttribute, paramType=org.apache.tomcat.util.modeler.AttributeInfo]
2019-12-06 11:18:43.921 DEBUG 7503 --- [    Test worker] o.a.tomcat.util.digester.Digester.sax    : endElement(,,attribute)
2019-12-06 11:18:43.921 DEBUG 7503 --- [    Test worker] o.apache.tomcat.util.digester.Digester   :   match='mbeans-descriptors/mbean/attribute'
2019-12-06 11:18:43.921 DEBUG 7503 --- [    Test worker] o.apache.tomcat.util.digester.Digester   :   bodyText=''
2019-12-06 11:18:43.921 DEBUG 7503 --- [    Test worker] o.apache.tomcat.util.digester.Digester   :   Fire body() for ObjectCreateRule[className=org.apache.tomcat.util.modeler.AttributeInfo, attributeName=null]
2019-12-06 11:18:43.922 DEBUG 7503 --- [    Test worker] o.apache.tomcat.util.digester.Digester   :   Fire body() for SetPropertiesRule[]
2019-12-06 11:18:43.922 DEBUG 7503 --- [    Test worker] o.apache.tomcat.util.digester.Digester   :   Fire body() for SetNextRule[methodName=addAttribute, paramType=org.apache.tomcat.util.modeler.AttributeInfo]
2019-12-06 11:18:43.922 DEBUG 7503 --- [    Test worker] o.apache.tomcat.util.digester.Digester   :   Fire end() for SetNextRule[methodName=addAttribute, paramType=org.apache.tomcat.util.modeler.AttributeInfo]
2019-12-06 11:18:43.922 DEBUG 7503 --- [    Test worker] o.apache.tomcat.util.digester.Digester   : [SetNextRule]{mbeans-descriptors/mbean/attribute} Call org.apache.tomcat.util.modeler.ManagedBean.addAttribute(org.apache.tomcat.util.modeler.AttributeInfo@6ca0a98b)
2019-12-06 11:18:43.922 DEBUG 7503 --- [    Test worker] o.apache.tomcat.util.IntrospectionUtils  : IntrospectionUtils: callMethod1 org.apache.tomcat.util.modeler.ManagedBean org.apache.tomcat.util.modeler.AttributeInfo org.apache.tomcat.util.modeler.AttributeInfo
2019-12-06 11:18:43.922 DEBUG 7503 --- [    Test worker] o.apache.tomcat.util.digester.Digester   :   Fire end() for SetPropertiesRule[]
2019-12-06 11:18:43.922 DEBUG 7503 --- [    Test worker] o.apache.tomcat.util.digester.Digester   :   Fire end() for ObjectCreateRule[className=org.apache.tomcat.util.modeler.AttributeInfo, attributeName=null]
2019-12-06 11:18:43.922 DEBUG 7503 --- [    Test worker] o.apache.tomcat.util.digester.Digester   : [ObjectCreateRule]{mbeans-descriptors/mbean/attribute} Pop org.apache.tomcat.util.modeler.AttributeInfo
2019-12-06 11:18:43.922 DEBUG 7503 --- [    Test worker] o.a.tomcat.util.digester.Digester.sax    : characters(

    )
2019-12-06 11:18:43.923 DEBUG 7503 --- [    Test worker] o.a.tomcat.util.digester.Digester.sax    : startElement(,,attribute)
2019-12-06 11:18:43.923 DEBUG 7503 --- [    Test worker] o.apache.tomcat.util.digester.Digester   :   New match='mbeans-descriptors/mbean/attribute'
2019-12-06 11:18:43.923 DEBUG 7503 --- [    Test worker] o.apache.tomcat.util.digester.Digester   :   Fire begin() for ObjectCreateRule[className=org.apache.tomcat.util.modeler.AttributeInfo, attributeName=null]
2019-12-06 11:18:43.923 DEBUG 7503 --- [    Test worker] o.apache.tomcat.util.digester.Digester   :   Fire begin() for SetPropertiesRule[]
2019-12-06 11:18:43.923 DEBUG 7503 --- [    Test worker] o.apache.tomcat.util.digester.Digester   : [SetPropertiesRule]{mbeans-descriptors/mbean/attribute} Set org.apache.tomcat.util.modeler.AttributeInfo properties
2019-12-06 11:18:43.923 DEBUG 7503 --- [    Test worker] o.apache.tomcat.util.digester.Digester   : [SetPropertiesRule]{mbeans-descriptors/mbean/attribute} Setting property 'name' to 'minSpareThreads'
2019-12-06 11:18:43.923 DEBUG 7503 --- [    Test worker] o.apache.tomcat.util.IntrospectionUtils  : IntrospectionUtils: setProperty(class org.apache.tomcat.util.modeler.AttributeInfo name=minSpareThreads)
2019-12-06 11:18:43.923 DEBUG 7503 --- [    Test worker] o.apache.tomcat.util.digester.Digester   : [SetPropertiesRule]{mbeans-descriptors/mbean/attribute} Setting property 'type' to 'int'
2019-12-06 11:18:43.923 DEBUG 7503 --- [    Test worker] o.apache.tomcat.util.IntrospectionUtils  : IntrospectionUtils: setProperty(class org.apache.tomcat.util.modeler.AttributeInfo type=int)
2019-12-06 11:18:43.924 DEBUG 7503 --- [    Test worker] o.apache.tomcat.util.digester.Digester   :   Fire begin() for SetNextRule[methodName=addAttribute, paramType=org.apache.tomcat.util.modeler.AttributeInfo]
2019-12-06 11:18:43.924 DEBUG 7503 --- [    Test worker] o.a.tomcat.util.digester.Digester.sax    : endElement(,,attribute)
2019-12-06 11:18:43.924 DEBUG 7503 --- [    Test worker] o.apache.tomcat.util.digester.Digester   :   match='mbeans-descriptors/mbean/attribute'
2019-12-06 11:18:43.924 DEBUG 7503 --- [    Test worker] o.apache.tomcat.util.digester.Digester   :   bodyText=''
2019-12-06 11:18:43.924 DEBUG 7503 --- [    Test worker] o.apache.tomcat.util.digester.Digester   :   Fire body() for ObjectCreateRule[className=org.apache.tomcat.util.modeler.AttributeInfo, attributeName=null]
2019-12-06 11:18:43.924 DEBUG 7503 --- [    Test worker] o.apache.tomcat.util.digester.Digester   :   Fire body() for SetPropertiesRule[]
2019-12-06 11:18:43.924 DEBUG 7503 --- [    Test worker] o.apache.tomcat.util.digester.Digester   :   Fire body() for SetNextRule[methodName=addAttribute, paramType=org.apache.tomcat.util.modeler.AttributeInfo]
2019-12-06 11:18:43.924 DEBUG 7503 --- [    Test worker] o.apache.tomcat.util.digester.Digester   :   Fire end() for SetNextRule[methodName=addAttribute, paramType=org.apache.tomcat.util.modeler.AttributeInfo]
2019-12-06 11:18:43.924 DEBUG 7503 --- [    Test worker] o.apache.tomcat.util.digester.Digester   : [SetNextRule]{mbeans-descriptors/mbean/attribute} Call org.apache.tomcat.util.modeler.ManagedBean.addAttribute(org.apache.tomcat.util.modeler.AttributeInfo@7fbd42b5)
2019-12-06 11:18:43.924 DEBUG 7503 --- [    Test worker] o.apache.tomcat.util.IntrospectionUtils  : IntrospectionUtils: callMethod1 org.apache.tomcat.util.modeler.ManagedBean org.apache.tomcat.util.modeler.AttributeInfo org.apache.tomcat.util.modeler.AttributeInfo
2019-12-06 11:18:43.925 DEBUG 7503 --- [    Test worker] o.apache.tomcat.util.digester.Digester   :   Fire end() for SetPropertiesRule[]
2019-12-06 11:18:43.925 DEBUG 7503 --- [    Test worker] o.apache.tomcat.util.digester.Digester   :   Fire end() for ObjectCreateRule[className=org.apache.tomcat.util.modeler.AttributeInfo, attributeName=null]
2019-12-06 11:18:43.925 DEBUG 7503 --- [    Test worker] o.apache.tomcat.util.digester.Digester   : [ObjectCreateRule]{mbeans-descriptors/mbean/attribute} Pop org.apache.tomcat.util.modeler.AttributeInfo
2019-12-06 11:18:43.925 DEBUG 7503 --- [    Test worker] o.a.tomcat.util.digester.Digester.sax    : characters(

    )
2019-12-06 11:18:43.925 DEBUG 7503 --- [    Test worker] o.a.tomcat.util.digester.Digester.sax    : startElement(,,attribute)
2019-12-06 11:18:43.925 DEBUG 7503 --- [    Test worker] o.apache.tomcat.util.digester.Digester   :   New match='mbeans-descriptors/mbean/attribute'
2019-12-06 11:18:43.925 DEBUG 7503 --- [    Test worker] o.apache.tomcat.util.digester.Digester   :   Fire begin() for ObjectCreateRule[className=org.apache.tomcat.util.modeler.AttributeInfo, attributeName=null]
2019-12-06 11:18:43.925 DEBUG 7503 --- [    Test worker] o.apache.tomcat.util.digester.Digester   :   Fire begin() for SetPropertiesRule[]
2019-12-06 11:18:43.925 DEBUG 7503 --- [    Test worker] o.apache.tomcat.util.digester.Digester   : [SetPropertiesRule]{mbeans-descriptors/mbean/attribute} Set org.apache.tomcat.util.modeler.AttributeInfo properties
2019-12-06 11:18:43.925 DEBUG 7503 --- [    Test worker] o.apache.tomcat.util.digester.Digester   : [SetPropertiesRule]{mbeans-descriptors/mbean/attribute} Setting property 'name' to 'modelerType'
2019-12-06 11:18:43.926 DEBUG 7503 --- [    Test worker] o.apache.tomcat.util.IntrospectionUtils  : IntrospectionUtils: setProperty(class org.apache.tomcat.util.modeler.AttributeInfo name=modelerType)
2019-12-06 11:18:43.926 DEBUG 7503 --- [    Test worker] o.apache.tomcat.util.digester.Digester   : [SetPropertiesRule]{mbeans-descriptors/mbean/attribute} Setting property 'type' to 'java.lang.String'
2019-12-06 11:18:43.926 DEBUG 7503 --- [    Test worker] o.apache.tomcat.util.IntrospectionUtils  : IntrospectionUtils: setProperty(class org.apache.tomcat.util.modeler.AttributeInfo type=java.lang.String)
2019-12-06 11:18:43.926 DEBUG 7503 --- [    Test worker] o.apache.tomcat.util.digester.Digester   : [SetPropertiesRule]{mbeans-descriptors/mbean/attribute} Setting property 'writeable' to 'false'
2019-12-06 11:18:43.926 DEBUG 7503 --- [    Test worker] o.apache.tomcat.util.IntrospectionUtils  : IntrospectionUtils: setProperty(class org.apache.tomcat.util.modeler.AttributeInfo writeable=false)
2019-12-06 11:18:43.926 DEBUG 7503 --- [    Test worker] o.apache.tomcat.util.digester.Digester   :   Fire begin() for SetNextRule[methodName=addAttribute, paramType=org.apache.tomcat.util.modeler.AttributeInfo]
2019-12-06 11:18:43.926 DEBUG 7503 --- [    Test worker] o.a.tomcat.util.digester.Digester.sax    : endElement(,,attribute)
2019-12-06 11:18:43.926 DEBUG 7503 --- [    Test worker] o.apache.tomcat.util.digester.Digester   :   match='mbeans-descriptors/mbean/attribute'
2019-12-06 11:18:43.926 DEBUG 7503 --- [    Test worker] o.apache.tomcat.util.digester.Digester   :   bodyText=''
2019-12-06 11:18:43.927 DEBUG 7503 --- [    Test worker] o.apache.tomcat.util.digester.Digester   :   Fire body() for ObjectCreateRule[className=org.apache.tomcat.util.modeler.AttributeInfo, attributeName=null]
2019-12-06 11:18:43.927 DEBUG 7503 --- [    Test worker] o.apache.tomcat.util.digester.Digester   :   Fire body() for SetPropertiesRule[]
2019-12-06 11:18:43.927 DEBUG 7503 --- [    Test worker] o.apache.tomcat.util.digester.Digester   :   Fire body() for SetNextRule[methodName=addAttribute, paramType=org.apache.tomcat.util.modeler.AttributeInfo]
2019-12-06 11:18:43.927 DEBUG 7503 --- [    Test worker] o.apache.tomcat.util.digester.Digester   :   Fire end() for SetNextRule[methodName=addAttribute, paramType=org.apache.tomcat.util.modeler.AttributeInfo]
2019-12-06 11:18:43.927 DEBUG 7503 --- [    Test worker] o.apache.tomcat.util.digester.Digester   : [SetNextRule]{mbeans-descriptors/mbean/attribute} Call org.apache.tomcat.util.modeler.ManagedBean.addAttribute(org.apache.tomcat.util.modeler.AttributeInfo@721a21b)
2019-12-06 11:18:43.927 DEBUG 7503 --- [    Test worker] o.apache.tomcat.util.IntrospectionUtils  : IntrospectionUtils: callMethod1 org.apache.tomcat.util.modeler.ManagedBean org.apache.tomcat.util.modeler.AttributeInfo org.apache.tomcat.util.modeler.AttributeInfo
2019-12-06 11:18:43.927 DEBUG 7503 --- [    Test worker] o.apache.tomcat.util.digester.Digester   :   Fire end() for SetPropertiesRule[]
2019-12-06 11:18:43.927 DEBUG 7503 --- [    Test worker] o.apache.tomcat.util.digester.Digester   :   Fire end() for ObjectCreateRule[className=org.apache.tomcat.util.modeler.AttributeInfo, attributeName=null]
2019-12-06 11:18:43.927 DEBUG 7503 --- [    Test worker] o.apache.tomcat.util.digester.Digester   : [ObjectCreateRule]{mbeans-descriptors/mbean/attribute} Pop org.apache.tomcat.util.modeler.AttributeInfo
2019-12-06 11:18:43.927 DEBUG 7503 --- [    Test worker] o.a.tomcat.util.digester.Digester.sax    : characters(

    )
2019-12-06 11:18:43.928 DEBUG 7503 --- [    Test worker] o.a.tomcat.util.digester.Digester.sax    : startElement(,,attribute)
2019-12-06 11:18:43.928 DEBUG 7503 --- [    Test worker] o.apache.tomcat.util.digester.Digester   :   New match='mbeans-descriptors/mbean/attribute'
2019-12-06 11:18:43.928 DEBUG 7503 --- [    Test worker] o.apache.tomcat.util.digester.Digester   :   Fire begin() for ObjectCreateRule[className=org.apache.tomcat.util.modeler.AttributeInfo, attributeName=null]
2019-12-06 11:18:43.928 DEBUG 7503 --- [    Test worker] o.apache.tomcat.util.digester.Digester   :   Fire begin() for SetPropertiesRule[]
2019-12-06 11:18:43.928 DEBUG 7503 --- [    Test worker] o.apache.tomcat.util.digester.Digester   : [SetPropertiesRule]{mbeans-descriptors/mbean/attribute} Set org.apache.tomcat.util.modeler.AttributeInfo properties
2019-12-06 11:18:43.928 DEBUG 7503 --- [    Test worker] o.apache.tomcat.util.digester.Digester   : [SetPropertiesRule]{mbeans-descriptors/mbean/attribute} Setting property 'name' to 'name'
2019-12-06 11:18:43.928 DEBUG 7503 --- [    Test worker] o.apache.tomcat.util.IntrospectionUtils  : IntrospectionUtils: setProperty(class org.apache.tomcat.util.modeler.AttributeInfo name=name)
2019-12-06 11:18:43.928 DEBUG 7503 --- [    Test worker] o.apache.tomcat.util.digester.Digester   : [SetPropertiesRule]{mbeans-descriptors/mbean/attribute} Setting property 'type' to 'java.lang.String'
2019-12-06 11:18:43.928 DEBUG 7503 --- [    Test worker] o.apache.tomcat.util.IntrospectionUtils  : IntrospectionUtils: setProperty(class org.apache.tomcat.util.modeler.AttributeInfo type=java.lang.String)
2019-12-06 11:18:43.928 DEBUG 7503 --- [    Test worker] o.apache.tomcat.util.digester.Digester   :   Fire begin() for SetNextRule[methodName=addAttribute, paramType=org.apache.tomcat.util.modeler.AttributeInfo]
2019-12-06 11:18:43.929 DEBUG 7503 --- [    Test worker] o.a.tomcat.util.digester.Digester.sax    : endElement(,,attribute)
2019-12-06 11:18:43.929 DEBUG 7503 --- [    Test worker] o.apache.tomcat.util.digester.Digester   :   match='mbeans-descriptors/mbean/attribute'
2019-12-06 11:18:43.929 DEBUG 7503 --- [    Test worker] o.apache.tomcat.util.digester.Digester   :   bodyText=''
2019-12-06 11:18:43.929 DEBUG 7503 --- [    Test worker] o.apache.tomcat.util.digester.Digester   :   Fire body() for ObjectCreateRule[className=org.apache.tomcat.util.modeler.AttributeInfo, attributeName=null]
2019-12-06 11:18:43.929 DEBUG 7503 --- [    Test worker] o.apache.tomcat.util.digester.Digester   :   Fire body() for SetPropertiesRule[]
2019-12-06 11:18:43.929 DEBUG 7503 --- [    Test worker] o.apache.tomcat.util.digester.Digester   :   Fire body() for SetNextRule[methodName=addAttribute, paramType=org.apache.tomcat.util.modeler.AttributeInfo]
2019-12-06 11:18:43.929 DEBUG 7503 --- [    Test worker] o.apache.tomcat.util.digester.Digester   :   Fire end() for SetNextRule[methodName=addAttribute, paramType=org.apache.tomcat.util.modeler.AttributeInfo]
2019-12-06 11:18:43.929 DEBUG 7503 --- [    Test worker] o.apache.tomcat.util.digester.Digester   : [SetNextRule]{mbeans-descriptors/mbean/attribute} Call org.apache.tomcat.util.modeler.ManagedBean.addAttribute(org.apache.tomcat.util.modeler.AttributeInfo@41e3451b)
2019-12-06 11:18:43.929 DEBUG 7503 --- [    Test worker] o.apache.tomcat.util.IntrospectionUtils  : IntrospectionUtils: callMethod1 org.apache.tomcat.util.modeler.ManagedBean org.apache.tomcat.util.modeler.AttributeInfo org.apache.tomcat.util.modeler.AttributeInfo
2019-12-06 11:18:43.929 DEBUG 7503 --- [    Test worker] o.apache.tomcat.util.digester.Digester   :   Fire end() for SetPropertiesRule[]
2019-12-06 11:18:43.929 DEBUG 7503 --- [    Test worker] o.apache.tomcat.util.digester.Digester   :   Fire end() for ObjectCreateRule[className=org.apache.tomcat.util.modeler.AttributeInfo, attributeName=null]
2019-12-06 11:18:43.930 DEBUG 7503 --- [    Test worker] o.apache.tomcat.util.digester.Digester   : [ObjectCreateRule]{mbeans-descriptors/mbean/attribute} Pop org.apache.tomcat.util.modeler.AttributeInfo
2019-12-06 11:18:43.930 DEBUG 7503 --- [    Test worker] o.a.tomcat.util.digester.Digester.sax    : characters(

    )
2019-12-06 11:18:43.930 DEBUG 7503 --- [    Test worker] o.a.tomcat.util.digester.Digester.sax    : startElement(,,attribute)
2019-12-06 11:18:43.930 DEBUG 7503 --- [    Test worker] o.apache.tomcat.util.digester.Digester   :   New match='mbeans-descriptors/mbean/attribute'
2019-12-06 11:18:43.930 DEBUG 7503 --- [    Test worker] o.apache.tomcat.util.digester.Digester   :   Fire begin() for ObjectCreateRule[className=org.apache.tomcat.util.modeler.AttributeInfo, attributeName=null]
2019-12-06 11:18:43.930 DEBUG 7503 --- [    Test worker] o.apache.tomcat.util.digester.Digester   :   Fire begin() for SetPropertiesRule[]
2019-12-06 11:18:43.930 DEBUG 7503 --- [    Test worker] o.apache.tomcat.util.digester.Digester   : [SetPropertiesRule]{mbeans-descriptors/mbean/attribute} Set org.apache.tomcat.util.modeler.AttributeInfo properties
2019-12-06 11:18:43.930 DEBUG 7503 --- [    Test worker] o.apache.tomcat.util.digester.Digester   : [SetPropertiesRule]{mbeans-descriptors/mbean/attribute} Setting property 'name' to 'paused'
2019-12-06 11:18:43.930 DEBUG 7503 --- [    Test worker] o.apache.tomcat.util.IntrospectionUtils  : IntrospectionUtils: setProperty(class org.apache.tomcat.util.modeler.AttributeInfo name=paused)
2019-12-06 11:18:43.931 DEBUG 7503 --- [    Test worker] o.apache.tomcat.util.digester.Digester   : [SetPropertiesRule]{mbeans-descriptors/mbean/attribute} Setting property 'type' to 'boolean'
2019-12-06 11:18:43.931 DEBUG 7503 --- [    Test worker] o.apache.tomcat.util.IntrospectionUtils  : IntrospectionUtils: setProperty(class org.apache.tomcat.util.modeler.AttributeInfo type=boolean)
2019-12-06 11:18:43.931 DEBUG 7503 --- [    Test worker] o.apache.tomcat.util.digester.Digester   : [SetPropertiesRule]{mbeans-descriptors/mbean/attribute} Setting property 'writeable' to 'false'
2019-12-06 11:18:43.931 DEBUG 7503 --- [    Test worker] o.apache.tomcat.util.IntrospectionUtils  : IntrospectionUtils: setProperty(class org.apache.tomcat.util.modeler.AttributeInfo writeable=false)
2019-12-06 11:18:43.931 DEBUG 7503 --- [    Test worker] o.apache.tomcat.util.digester.Digester   : [SetPropertiesRule]{mbeans-descriptors/mbean/attribute} Setting property 'is' to 'true'
2019-12-06 11:18:43.931 DEBUG 7503 --- [    Test worker] o.apache.tomcat.util.IntrospectionUtils  : IntrospectionUtils: setProperty(class org.apache.tomcat.util.modeler.AttributeInfo is=true)
2019-12-06 11:18:43.931 DEBUG 7503 --- [    Test worker] o.apache.tomcat.util.digester.Digester   :   Fire begin() for SetNextRule[methodName=addAttribute, paramType=org.apache.tomcat.util.modeler.AttributeInfo]
2019-12-06 11:18:43.931 DEBUG 7503 --- [    Test worker] o.a.tomcat.util.digester.Digester.sax    : endElement(,,attribute)
2019-12-06 11:18:43.931 DEBUG 7503 --- [    Test worker] o.apache.tomcat.util.digester.Digester   :   match='mbeans-descriptors/mbean/attribute'
2019-12-06 11:18:43.931 DEBUG 7503 --- [    Test worker] o.apache.tomcat.util.digester.Digester   :   bodyText=''
2019-12-06 11:18:43.932 DEBUG 7503 --- [    Test worker] o.apache.tomcat.util.digester.Digester   :   Fire body() for ObjectCreateRule[className=org.apache.tomcat.util.modeler.AttributeInfo, attributeName=null]
2019-12-06 11:18:43.932 DEBUG 7503 --- [    Test worker] o.apache.tomcat.util.digester.Digester   :   Fire body() for SetPropertiesRule[]
2019-12-06 11:18:43.932 DEBUG 7503 --- [    Test worker] o.apache.tomcat.util.digester.Digester   :   Fire body() for SetNextRule[methodName=addAttribute, paramType=org.apache.tomcat.util.modeler.AttributeInfo]
2019-12-06 11:18:43.932 DEBUG 7503 --- [    Test worker] o.apache.tomcat.util.digester.Digester   :   Fire end() for SetNextRule[methodName=addAttribute, paramType=org.apache.tomcat.util.modeler.AttributeInfo]
2019-12-06 11:18:43.932 DEBUG 7503 --- [    Test worker] o.apache.tomcat.util.digester.Digester   : [SetNextRule]{mbeans-descriptors/mbean/attribute} Call org.apache.tomcat.util.modeler.ManagedBean.addAttribute(org.apache.tomcat.util.modeler.AttributeInfo@28e6405d)
2019-12-06 11:18:43.932 DEBUG 7503 --- [    Test worker] o.apache.tomcat.util.IntrospectionUtils  : IntrospectionUtils: callMethod1 org.apache.tomcat.util.modeler.ManagedBean org.apache.tomcat.util.modeler.AttributeInfo org.apache.tomcat.util.modeler.AttributeInfo
2019-12-06 11:18:43.932 DEBUG 7503 --- [    Test worker] o.apache.tomcat.util.digester.Digester   :   Fire end() for SetPropertiesRule[]
2019-12-06 11:18:43.932 DEBUG 7503 --- [    Test worker] o.apache.tomcat.util.digester.Digester   :   Fire end() for ObjectCreateRule[className=org.apache.tomcat.util.modeler.AttributeInfo, attributeName=null]
2019-12-06 11:18:43.932 DEBUG 7503 --- [    Test worker] o.apache.tomcat.util.digester.Digester   : [ObjectCreateRule]{mbeans-descriptors/mbean/attribute} Pop org.apache.tomcat.util.modeler.AttributeInfo
2019-12-06 11:18:43.933 DEBUG 7503 --- [    Test worker] o.a.tomcat.util.digester.Digester.sax    : characters(

    )
2019-12-06 11:18:43.933 DEBUG 7503 --- [    Test worker] o.a.tomcat.util.digester.Digester.sax    : startElement(,,attribute)
2019-12-06 11:18:43.933 DEBUG 7503 --- [    Test worker] o.apache.tomcat.util.digester.Digester   :   New match='mbeans-descriptors/mbean/attribute'
2019-12-06 11:18:43.933 DEBUG 7503 --- [    Test worker] o.apache.tomcat.util.digester.Digester   :   Fire begin() for ObjectCreateRule[className=org.apache.tomcat.util.modeler.AttributeInfo, attributeName=null]
2019-12-06 11:18:43.933 DEBUG 7503 --- [    Test worker] o.apache.tomcat.util.digester.Digester   :   Fire begin() for SetPropertiesRule[]
2019-12-06 11:18:43.933 DEBUG 7503 --- [    Test worker] o.apache.tomcat.util.digester.Digester   : [SetPropertiesRule]{mbeans-descriptors/mbean/attribute} Set org.apache.tomcat.util.modeler.AttributeInfo properties
2019-12-06 11:18:43.933 DEBUG 7503 --- [    Test worker] o.apache.tomcat.util.digester.Digester   : [SetPropertiesRule]{mbeans-descriptors/mbean/attribute} Setting property 'name' to 'port'
2019-12-06 11:18:43.933 DEBUG 7503 --- [    Test worker] o.apache.tomcat.util.IntrospectionUtils  : IntrospectionUtils: setProperty(class org.apache.tomcat.util.modeler.AttributeInfo name=port)
2019-12-06 11:18:43.934 DEBUG 7503 --- [    Test worker] o.apache.tomcat.util.digester.Digester   : [SetPropertiesRule]{mbeans-descriptors/mbean/attribute} Setting property 'type' to 'int'
2019-12-06 11:18:43.934 DEBUG 7503 --- [    Test worker] o.apache.tomcat.util.IntrospectionUtils  : IntrospectionUtils: setProperty(class org.apache.tomcat.util.modeler.AttributeInfo type=int)
2019-12-06 11:18:43.934 DEBUG 7503 --- [    Test worker] o.apache.tomcat.util.digester.Digester   :   Fire begin() for SetNextRule[methodName=addAttribute, paramType=org.apache.tomcat.util.modeler.AttributeInfo]
2019-12-06 11:18:43.934 DEBUG 7503 --- [    Test worker] o.a.tomcat.util.digester.Digester.sax    : endElement(,,attribute)
2019-12-06 11:18:43.934 DEBUG 7503 --- [    Test worker] o.apache.tomcat.util.digester.Digester   :   match='mbeans-descriptors/mbean/attribute'
2019-12-06 11:18:43.934 DEBUG 7503 --- [    Test worker] o.apache.tomcat.util.digester.Digester   :   bodyText=''
2019-12-06 11:18:43.934 DEBUG 7503 --- [    Test worker] o.apache.tomcat.util.digester.Digester   :   Fire body() for ObjectCreateRule[className=org.apache.tomcat.util.modeler.AttributeInfo, attributeName=null]
2019-12-06 11:18:43.934 DEBUG 7503 --- [    Test worker] o.apache.tomcat.util.digester.Digester   :   Fire body() for SetPropertiesRule[]
2019-12-06 11:18:43.934 DEBUG 7503 --- [    Test worker] o.apache.tomcat.util.digester.Digester   :   Fire body() for SetNextRule[methodName=addAttribute, paramType=org.apache.tomcat.util.modeler.AttributeInfo]
2019-12-06 11:18:43.935 DEBUG 7503 --- [    Test worker] o.apache.tomcat.util.digester.Digester   :   Fire end() for SetNextRule[methodName=addAttribute, paramType=org.apache.tomcat.util.modeler.AttributeInfo]
2019-12-06 11:18:43.935 DEBUG 7503 --- [    Test worker] o.apache.tomcat.util.digester.Digester   : [SetNextRule]{mbeans-descriptors/mbean/attribute} Call org.apache.tomcat.util.modeler.ManagedBean.addAttribute(org.apache.tomcat.util.modeler.AttributeInfo@3d5b071e)
2019-12-06 11:18:43.935 DEBUG 7503 --- [    Test worker] o.apache.tomcat.util.IntrospectionUtils  : IntrospectionUtils: callMethod1 org.apache.tomcat.util.modeler.ManagedBean org.apache.tomcat.util.modeler.AttributeInfo org.apache.tomcat.util.modeler.AttributeInfo
2019-12-06 11:18:43.935 DEBUG 7503 --- [    Test worker] o.apache.tomcat.util.digester.Digester   :   Fire end() for SetPropertiesRule[]
2019-12-06 11:18:43.935 DEBUG 7503 --- [    Test worker] o.apache.tomcat.util.digester.Digester   :   Fire end() for ObjectCreateRule[className=org.apache.tomcat.util.modeler.AttributeInfo, attributeName=null]
2019-12-06 11:18:43.935 DEBUG 7503 --- [    Test worker] o.apache.tomcat.util.digester.Digester   : [ObjectCreateRule]{mbeans-descriptors/mbean/attribute} Pop org.apache.tomcat.util.modeler.AttributeInfo
2019-12-06 11:18:43.935 DEBUG 7503 --- [    Test worker] o.a.tomcat.util.digester.Digester.sax    : characters(

    )
2019-12-06 11:18:43.935 DEBUG 7503 --- [    Test worker] o.a.tomcat.util.digester.Digester.sax    : startElement(,,attribute)
2019-12-06 11:18:43.935 DEBUG 7503 --- [    Test worker] o.apache.tomcat.util.digester.Digester   :   New match='mbeans-descriptors/mbean/attribute'
2019-12-06 11:18:43.936 DEBUG 7503 --- [    Test worker] o.apache.tomcat.util.digester.Digester   :   Fire begin() for ObjectCreateRule[className=org.apache.tomcat.util.modeler.AttributeInfo, attributeName=null]
2019-12-06 11:18:43.936 DEBUG 7503 --- [    Test worker] o.apache.tomcat.util.digester.Digester   :   Fire begin() for SetPropertiesRule[]
2019-12-06 11:18:43.936 DEBUG 7503 --- [    Test worker] o.apache.tomcat.util.digester.Digester   : [SetPropertiesRule]{mbeans-descriptors/mbean/attribute} Set org.apache.tomcat.util.modeler.AttributeInfo properties
2019-12-06 11:18:43.936 DEBUG 7503 --- [    Test worker] o.apache.tomcat.util.digester.Digester   : [SetPropertiesRule]{mbeans-descriptors/mbean/attribute} Setting property 'name' to 'portOffset'
2019-12-06 11:18:43.936 DEBUG 7503 --- [    Test worker] o.apache.tomcat.util.IntrospectionUtils  : IntrospectionUtils: setProperty(class org.apache.tomcat.util.modeler.AttributeInfo name=portOffset)
2019-12-06 11:18:43.936 DEBUG 7503 --- [    Test worker] o.apache.tomcat.util.digester.Digester   : [SetPropertiesRule]{mbeans-descriptors/mbean/attribute} Setting property 'type' to 'int'
2019-12-06 11:18:43.936 DEBUG 7503 --- [    Test worker] o.apache.tomcat.util.IntrospectionUtils  : IntrospectionUtils: setProperty(class org.apache.tomcat.util.modeler.AttributeInfo type=int)
2019-12-06 11:18:43.936 DEBUG 7503 --- [    Test worker] o.apache.tomcat.util.digester.Digester   :   Fire begin() for SetNextRule[methodName=addAttribute, paramType=org.apache.tomcat.util.modeler.AttributeInfo]
2019-12-06 11:18:43.936 DEBUG 7503 --- [    Test worker] o.a.tomcat.util.digester.Digester.sax    : endElement(,,attribute)
2019-12-06 11:18:43.937 DEBUG 7503 --- [    Test worker] o.apache.tomcat.util.digester.Digester   :   match='mbeans-descriptors/mbean/attribute'
2019-12-06 11:18:43.937 DEBUG 7503 --- [    Test worker] o.apache.tomcat.util.digester.Digester   :   bodyText=''
2019-12-06 11:18:43.937 DEBUG 7503 --- [    Test worker] o.apache.tomcat.util.digester.Digester   :   Fire body() for ObjectCreateRule[className=org.apache.tomcat.util.modeler.AttributeInfo, attributeName=null]
2019-12-06 11:18:43.937 DEBUG 7503 --- [    Test worker] o.apache.tomcat.util.digester.Digester   :   Fire body() for SetPropertiesRule[]
2019-12-06 11:18:43.937 DEBUG 7503 --- [    Test worker] o.apache.tomcat.util.digester.Digester   :   Fire body() for SetNextRule[methodName=addAttribute, paramType=org.apache.tomcat.util.modeler.AttributeInfo]
2019-12-06 11:18:43.937 DEBUG 7503 --- [    Test worker] o.apache.tomcat.util.digester.Digester   :   Fire end() for SetNextRule[methodName=addAttribute, paramType=org.apache.tomcat.util.modeler.AttributeInfo]
2019-12-06 11:18:43.937 DEBUG 7503 --- [    Test worker] o.apache.tomcat.util.digester.Digester   : [SetNextRule]{mbeans-descriptors/mbean/attribute} Call org.apache.tomcat.util.modeler.ManagedBean.addAttribute(org.apache.tomcat.util.modeler.AttributeInfo@37604bd4)
2019-12-06 11:18:43.937 DEBUG 7503 --- [    Test worker] o.apache.tomcat.util.IntrospectionUtils  : IntrospectionUtils: callMethod1 org.apache.tomcat.util.modeler.ManagedBean org.apache.tomcat.util.modeler.AttributeInfo org.apache.tomcat.util.modeler.AttributeInfo
2019-12-06 11:18:43.938 DEBUG 7503 --- [    Test worker] o.apache.tomcat.util.digester.Digester   :   Fire end() for SetPropertiesRule[]
2019-12-06 11:18:43.938 DEBUG 7503 --- [    Test worker] o.apache.tomcat.util.digester.Digester   :   Fire end() for ObjectCreateRule[className=org.apache.tomcat.util.modeler.AttributeInfo, attributeName=null]
2019-12-06 11:18:43.938 DEBUG 7503 --- [    Test worker] o.apache.tomcat.util.digester.Digester   : [ObjectCreateRule]{mbeans-descriptors/mbean/attribute} Pop org.apache.tomcat.util.modeler.AttributeInfo
2019-12-06 11:18:43.938 DEBUG 7503 --- [    Test worker] o.a.tomcat.util.digester.Digester.sax    : characters(

    )
2019-12-06 11:18:43.938 DEBUG 7503 --- [    Test worker] o.a.tomcat.util.digester.Digester.sax    : startElement(,,attribute)
2019-12-06 11:18:43.938 DEBUG 7503 --- [    Test worker] o.apache.tomcat.util.digester.Digester   :   New match='mbeans-descriptors/mbean/attribute'
2019-12-06 11:18:43.938 DEBUG 7503 --- [    Test worker] o.apache.tomcat.util.digester.Digester   :   Fire begin() for ObjectCreateRule[className=org.apache.tomcat.util.modeler.AttributeInfo, attributeName=null]
2019-12-06 11:18:43.938 DEBUG 7503 --- [    Test worker] o.apache.tomcat.util.digester.Digester   :   Fire begin() for SetPropertiesRule[]
2019-12-06 11:18:43.938 DEBUG 7503 --- [    Test worker] o.apache.tomcat.util.digester.Digester   : [SetPropertiesRule]{mbeans-descriptors/mbean/attribute} Set org.apache.tomcat.util.modeler.AttributeInfo properties
2019-12-06 11:18:43.939 DEBUG 7503 --- [    Test worker] o.apache.tomcat.util.digester.Digester   : [SetPropertiesRule]{mbeans-descriptors/mbean/attribute} Setting property 'name' to 'portWithOffset'
2019-12-06 11:18:43.939 DEBUG 7503 --- [    Test worker] o.apache.tomcat.util.IntrospectionUtils  : IntrospectionUtils: setProperty(class org.apache.tomcat.util.modeler.AttributeInfo name=portWithOffset)
2019-12-06 11:18:43.939 DEBUG 7503 --- [    Test worker] o.apache.tomcat.util.digester.Digester   : [SetPropertiesRule]{mbeans-descriptors/mbean/attribute} Setting property 'type' to 'int'
2019-12-06 11:18:43.939 DEBUG 7503 --- [    Test worker] o.apache.tomcat.util.IntrospectionUtils  : IntrospectionUtils: setProperty(class org.apache.tomcat.util.modeler.AttributeInfo type=int)
2019-12-06 11:18:43.939 DEBUG 7503 --- [    Test worker] o.apache.tomcat.util.digester.Digester   : [SetPropertiesRule]{mbeans-descriptors/mbean/attribute} Setting property 'writeable' to 'false'
2019-12-06 11:18:43.939 DEBUG 7503 --- [    Test worker] o.apache.tomcat.util.IntrospectionUtils  : IntrospectionUtils: setProperty(class org.apache.tomcat.util.modeler.AttributeInfo writeable=false)
2019-12-06 11:18:43.939 DEBUG 7503 --- [    Test worker] o.apache.tomcat.util.digester.Digester   :   Fire begin() for SetNextRule[methodName=addAttribute, paramType=org.apache.tomcat.util.modeler.AttributeInfo]
2019-12-06 11:18:43.939 DEBUG 7503 --- [    Test worker] o.a.tomcat.util.digester.Digester.sax    : endElement(,,attribute)
2019-12-06 11:18:43.939 DEBUG 7503 --- [    Test worker] o.apache.tomcat.util.digester.Digester   :   match='mbeans-descriptors/mbean/attribute'
2019-12-06 11:18:43.940 DEBUG 7503 --- [    Test worker] o.apache.tomcat.util.digester.Digester   :   bodyText=''
2019-12-06 11:18:43.940 DEBUG 7503 --- [    Test worker] o.apache.tomcat.util.digester.Digester   :   Fire body() for ObjectCreateRule[className=org.apache.tomcat.util.modeler.AttributeInfo, attributeName=null]
2019-12-06 11:18:43.940 DEBUG 7503 --- [    Test worker] o.apache.tomcat.util.digester.Digester   :   Fire body() for SetPropertiesRule[]
2019-12-06 11:18:43.940 DEBUG 7503 --- [    Test worker] o.apache.tomcat.util.digester.Digester   :   Fire body() for SetNextRule[methodName=addAttribute, paramType=org.apache.tomcat.util.modeler.AttributeInfo]
2019-12-06 11:18:43.940 DEBUG 7503 --- [    Test worker] o.apache.tomcat.util.digester.Digester   :   Fire end() for SetNextRule[methodName=addAttribute, paramType=org.apache.tomcat.util.modeler.AttributeInfo]
2019-12-06 11:18:43.940 DEBUG 7503 --- [    Test worker] o.apache.tomcat.util.digester.Digester   : [SetNextRule]{mbeans-descriptors/mbean/attribute} Call org.apache.tomcat.util.modeler.ManagedBean.addAttribute(org.apache.tomcat.util.modeler.AttributeInfo@6c701bbe)
2019-12-06 11:18:43.940 DEBUG 7503 --- [    Test worker] o.apache.tomcat.util.IntrospectionUtils  : IntrospectionUtils: callMethod1 org.apache.tomcat.util.modeler.ManagedBean org.apache.tomcat.util.modeler.AttributeInfo org.apache.tomcat.util.modeler.AttributeInfo
2019-12-06 11:18:43.940 DEBUG 7503 --- [    Test worker] o.apache.tomcat.util.digester.Digester   :   Fire end() for SetPropertiesRule[]
2019-12-06 11:18:43.941 DEBUG 7503 --- [    Test worker] o.apache.tomcat.util.digester.Digester   :   Fire end() for ObjectCreateRule[className=org.apache.tomcat.util.modeler.AttributeInfo, attributeName=null]
2019-12-06 11:18:43.941 DEBUG 7503 --- [    Test worker] o.apache.tomcat.util.digester.Digester   : [ObjectCreateRule]{mbeans-descriptors/mbean/attribute} Pop org.apache.tomcat.util.modeler.AttributeInfo
2019-12-06 11:18:43.941 DEBUG 7503 --- [    Test worker] o.a.tomcat.util.digester.Digester.sax    : characters(

    )
2019-12-06 11:18:43.941 DEBUG 7503 --- [    Test worker] o.a.tomcat.util.digester.Digester.sax    : startElement(,,attribute)
2019-12-06 11:18:43.941 DEBUG 7503 --- [    Test worker] o.apache.tomcat.util.digester.Digester   :   New match='mbeans-descriptors/mbean/attribute'
2019-12-06 11:18:43.941 DEBUG 7503 --- [    Test worker] o.apache.tomcat.util.digester.Digester   :   Fire begin() for ObjectCreateRule[className=org.apache.tomcat.util.modeler.AttributeInfo, attributeName=null]
2019-12-06 11:18:43.941 DEBUG 7503 --- [    Test worker] o.apache.tomcat.util.digester.Digester   :   Fire begin() for SetPropertiesRule[]
2019-12-06 11:18:43.941 DEBUG 7503 --- [    Test worker] o.apache.tomcat.util.digester.Digester   : [SetPropertiesRule]{mbeans-descriptors/mbean/attribute} Set org.apache.tomcat.util.modeler.AttributeInfo properties
2019-12-06 11:18:43.941 DEBUG 7503 --- [    Test worker] o.apache.tomcat.util.digester.Digester   : [SetPropertiesRule]{mbeans-descriptors/mbean/attribute} Setting property 'name' to 'running'
2019-12-06 11:18:43.942 DEBUG 7503 --- [    Test worker] o.apache.tomcat.util.IntrospectionUtils  : IntrospectionUtils: setProperty(class org.apache.tomcat.util.modeler.AttributeInfo name=running)
2019-12-06 11:18:43.942 DEBUG 7503 --- [    Test worker] o.apache.tomcat.util.digester.Digester   : [SetPropertiesRule]{mbeans-descriptors/mbean/attribute} Setting property 'type' to 'boolean'
2019-12-06 11:18:43.942 DEBUG 7503 --- [    Test worker] o.apache.tomcat.util.IntrospectionUtils  : IntrospectionUtils: setProperty(class org.apache.tomcat.util.modeler.AttributeInfo type=boolean)
2019-12-06 11:18:43.942 DEBUG 7503 --- [    Test worker] o.apache.tomcat.util.digester.Digester   : [SetPropertiesRule]{mbeans-descriptors/mbean/attribute} Setting property 'writeable' to 'false'
2019-12-06 11:18:43.942 DEBUG 7503 --- [    Test worker] o.apache.tomcat.util.IntrospectionUtils  : IntrospectionUtils: setProperty(class org.apache.tomcat.util.modeler.AttributeInfo writeable=false)
2019-12-06 11:18:43.942 DEBUG 7503 --- [    Test worker] o.apache.tomcat.util.digester.Digester   : [SetPropertiesRule]{mbeans-descriptors/mbean/attribute} Setting property 'is' to 'true'
2019-12-06 11:18:43.942 DEBUG 7503 --- [    Test worker] o.apache.tomcat.util.IntrospectionUtils  : IntrospectionUtils: setProperty(class org.apache.tomcat.util.modeler.AttributeInfo is=true)
2019-12-06 11:18:43.942 DEBUG 7503 --- [    Test worker] o.apache.tomcat.util.digester.Digester   :   Fire begin() for SetNextRule[methodName=addAttribute, paramType=org.apache.tomcat.util.modeler.AttributeInfo]
2019-12-06 11:18:43.942 DEBUG 7503 --- [    Test worker] o.a.tomcat.util.digester.Digester.sax    : endElement(,,attribute)
2019-12-06 11:18:43.943 DEBUG 7503 --- [    Test worker] o.apache.tomcat.util.digester.Digester   :   match='mbeans-descriptors/mbean/attribute'
2019-12-06 11:18:43.943 DEBUG 7503 --- [    Test worker] o.apache.tomcat.util.digester.Digester   :   bodyText=''
2019-12-06 11:18:43.943 DEBUG 7503 --- [    Test worker] o.apache.tomcat.util.digester.Digester   :   Fire body() for ObjectCreateRule[className=org.apache.tomcat.util.modeler.AttributeInfo, attributeName=null]
2019-12-06 11:18:43.943 DEBUG 7503 --- [    Test worker] o.apache.tomcat.util.digester.Digester   :   Fire body() for SetPropertiesRule[]
2019-12-06 11:18:43.943 DEBUG 7503 --- [    Test worker] o.apache.tomcat.util.digester.Digester   :   Fire body() for SetNextRule[methodName=addAttribute, paramType=org.apache.tomcat.util.modeler.AttributeInfo]
2019-12-06 11:18:43.943 DEBUG 7503 --- [    Test worker] o.apache.tomcat.util.digester.Digester   :   Fire end() for SetNextRule[methodName=addAttribute, paramType=org.apache.tomcat.util.modeler.AttributeInfo]
2019-12-06 11:18:43.943 DEBUG 7503 --- [    Test worker] o.apache.tomcat.util.digester.Digester   : [SetNextRule]{mbeans-descriptors/mbean/attribute} Call org.apache.tomcat.util.modeler.ManagedBean.addAttribute(org.apache.tomcat.util.modeler.AttributeInfo@768e4ac5)
2019-12-06 11:18:43.943 DEBUG 7503 --- [    Test worker] o.apache.tomcat.util.IntrospectionUtils  : IntrospectionUtils: callMethod1 org.apache.tomcat.util.modeler.ManagedBean org.apache.tomcat.util.modeler.AttributeInfo org.apache.tomcat.util.modeler.AttributeInfo
2019-12-06 11:18:43.944 DEBUG 7503 --- [    Test worker] o.apache.tomcat.util.digester.Digester   :   Fire end() for SetPropertiesRule[]
2019-12-06 11:18:43.944 DEBUG 7503 --- [    Test worker] o.apache.tomcat.util.digester.Digester   :   Fire end() for ObjectCreateRule[className=org.apache.tomcat.util.modeler.AttributeInfo, attributeName=null]
2019-12-06 11:18:43.944 DEBUG 7503 --- [    Test worker] o.apache.tomcat.util.digester.Digester   : [ObjectCreateRule]{mbeans-descriptors/mbean/attribute} Pop org.apache.tomcat.util.modeler.AttributeInfo
2019-12-06 11:18:43.944 DEBUG 7503 --- [    Test worker] o.a.tomcat.util.digester.Digester.sax    : characters(

    )
2019-12-06 11:18:43.944 DEBUG 7503 --- [    Test worker] o.a.tomcat.util.digester.Digester.sax    : startElement(,,attribute)
2019-12-06 11:18:43.944 DEBUG 7503 --- [    Test worker] o.apache.tomcat.util.digester.Digester   :   New match='mbeans-descriptors/mbean/attribute'
2019-12-06 11:18:43.944 DEBUG 7503 --- [    Test worker] o.apache.tomcat.util.digester.Digester   :   Fire begin() for ObjectCreateRule[className=org.apache.tomcat.util.modeler.AttributeInfo, attributeName=null]
2019-12-06 11:18:43.944 DEBUG 7503 --- [    Test worker] o.apache.tomcat.util.digester.Digester   :   Fire begin() for SetPropertiesRule[]
2019-12-06 11:18:43.944 DEBUG 7503 --- [    Test worker] o.apache.tomcat.util.digester.Digester   : [SetPropertiesRule]{mbeans-descriptors/mbean/attribute} Set org.apache.tomcat.util.modeler.AttributeInfo properties
2019-12-06 11:18:43.945 DEBUG 7503 --- [    Test worker] o.apache.tomcat.util.digester.Digester   : [SetPropertiesRule]{mbeans-descriptors/mbean/attribute} Setting property 'name' to 'sSLEnabled'
2019-12-06 11:18:43.945 DEBUG 7503 --- [    Test worker] o.apache.tomcat.util.IntrospectionUtils  : IntrospectionUtils: setProperty(class org.apache.tomcat.util.modeler.AttributeInfo name=sSLEnabled)
2019-12-06 11:18:43.945 DEBUG 7503 --- [    Test worker] o.apache.tomcat.util.digester.Digester   : [SetPropertiesRule]{mbeans-descriptors/mbean/attribute} Setting property 'type' to 'boolean'
2019-12-06 11:18:43.945 DEBUG 7503 --- [    Test worker] o.apache.tomcat.util.IntrospectionUtils  : IntrospectionUtils: setProperty(class org.apache.tomcat.util.modeler.AttributeInfo type=boolean)
2019-12-06 11:18:43.945 DEBUG 7503 --- [    Test worker] o.apache.tomcat.util.digester.Digester   : [SetPropertiesRule]{mbeans-descriptors/mbean/attribute} Setting property 'is' to 'true'
2019-12-06 11:18:43.945 DEBUG 7503 --- [    Test worker] o.apache.tomcat.util.IntrospectionUtils  : IntrospectionUtils: setProperty(class org.apache.tomcat.util.modeler.AttributeInfo is=true)
2019-12-06 11:18:43.945 DEBUG 7503 --- [    Test worker] o.apache.tomcat.util.digester.Digester   :   Fire begin() for SetNextRule[methodName=addAttribute, paramType=org.apache.tomcat.util.modeler.AttributeInfo]
2019-12-06 11:18:43.945 DEBUG 7503 --- [    Test worker] o.a.tomcat.util.digester.Digester.sax    : endElement(,,attribute)
2019-12-06 11:18:43.945 DEBUG 7503 --- [    Test worker] o.apache.tomcat.util.digester.Digester   :   match='mbeans-descriptors/mbean/attribute'
2019-12-06 11:18:43.946 DEBUG 7503 --- [    Test worker] o.apache.tomcat.util.digester.Digester   :   bodyText=''
2019-12-06 11:18:43.946 DEBUG 7503 --- [    Test worker] o.apache.tomcat.util.digester.Digester   :   Fire body() for ObjectCreateRule[className=org.apache.tomcat.util.modeler.AttributeInfo, attributeName=null]
2019-12-06 11:18:43.946 DEBUG 7503 --- [    Test worker] o.apache.tomcat.util.digester.Digester   :   Fire body() for SetPropertiesRule[]
2019-12-06 11:18:43.946 DEBUG 7503 --- [    Test worker] o.apache.tomcat.util.digester.Digester   :   Fire body() for SetNextRule[methodName=addAttribute, paramType=org.apache.tomcat.util.modeler.AttributeInfo]
2019-12-06 11:18:43.946 DEBUG 7503 --- [    Test worker] o.apache.tomcat.util.digester.Digester   :   Fire end() for SetNextRule[methodName=addAttribute, paramType=org.apache.tomcat.util.modeler.AttributeInfo]
2019-12-06 11:18:43.946 DEBUG 7503 --- [    Test worker] o.apache.tomcat.util.digester.Digester   : [SetNextRule]{mbeans-descriptors/mbean/attribute} Call org.apache.tomcat.util.modeler.ManagedBean.addAttribute(org.apache.tomcat.util.modeler.AttributeInfo@1308c0fd)
2019-12-06 11:18:43.946 DEBUG 7503 --- [    Test worker] o.apache.tomcat.util.IntrospectionUtils  : IntrospectionUtils: callMethod1 org.apache.tomcat.util.modeler.ManagedBean org.apache.tomcat.util.modeler.AttributeInfo org.apache.tomcat.util.modeler.AttributeInfo
2019-12-06 11:18:43.946 DEBUG 7503 --- [    Test worker] o.apache.tomcat.util.digester.Digester   :   Fire end() for SetPropertiesRule[]
2019-12-06 11:18:43.947 DEBUG 7503 --- [    Test worker] o.apache.tomcat.util.digester.Digester   :   Fire end() for ObjectCreateRule[className=org.apache.tomcat.util.modeler.AttributeInfo, attributeName=null]
2019-12-06 11:18:43.947 DEBUG 7503 --- [    Test worker] o.apache.tomcat.util.digester.Digester   : [ObjectCreateRule]{mbeans-descriptors/mbean/attribute} Pop org.apache.tomcat.util.modeler.AttributeInfo
2019-12-06 11:18:43.947 DEBUG 7503 --- [    Test worker] o.a.tomcat.util.digester.Digester.sax    : characters(

    )
2019-12-06 11:18:43.947 DEBUG 7503 --- [    Test worker] o.a.tomcat.util.digester.Digester.sax    : startElement(,,attribute)
2019-12-06 11:18:43.947 DEBUG 7503 --- [    Test worker] o.apache.tomcat.util.digester.Digester   :   New match='mbeans-descriptors/mbean/attribute'
2019-12-06 11:18:43.947 DEBUG 7503 --- [    Test worker] o.apache.tomcat.util.digester.Digester   :   Fire begin() for ObjectCreateRule[className=org.apache.tomcat.util.modeler.AttributeInfo, attributeName=null]
2019-12-06 11:18:43.947 DEBUG 7503 --- [    Test worker] o.apache.tomcat.util.digester.Digester   :   Fire begin() for SetPropertiesRule[]
2019-12-06 11:18:43.947 DEBUG 7503 --- [    Test worker] o.apache.tomcat.util.digester.Digester   : [SetPropertiesRule]{mbeans-descriptors/mbean/attribute} Set org.apache.tomcat.util.modeler.AttributeInfo properties
2019-12-06 11:18:43.947 DEBUG 7503 --- [    Test worker] o.apache.tomcat.util.digester.Digester   : [SetPropertiesRule]{mbeans-descriptors/mbean/attribute} Setting property 'name' to 'sniParseLimit'
2019-12-06 11:18:43.948 DEBUG 7503 --- [    Test worker] o.apache.tomcat.util.IntrospectionUtils  : IntrospectionUtils: setProperty(class org.apache.tomcat.util.modeler.AttributeInfo name=sniParseLimit)
2019-12-06 11:18:43.948 DEBUG 7503 --- [    Test worker] o.apache.tomcat.util.digester.Digester   : [SetPropertiesRule]{mbeans-descriptors/mbean/attribute} Setting property 'type' to 'int'
2019-12-06 11:18:43.948 DEBUG 7503 --- [    Test worker] o.apache.tomcat.util.IntrospectionUtils  : IntrospectionUtils: setProperty(class org.apache.tomcat.util.modeler.AttributeInfo type=int)
2019-12-06 11:18:43.948 DEBUG 7503 --- [    Test worker] o.apache.tomcat.util.digester.Digester   :   Fire begin() for SetNextRule[methodName=addAttribute, paramType=org.apache.tomcat.util.modeler.AttributeInfo]
2019-12-06 11:18:43.948 DEBUG 7503 --- [    Test worker] o.a.tomcat.util.digester.Digester.sax    : endElement(,,attribute)
2019-12-06 11:18:43.948 DEBUG 7503 --- [    Test worker] o.apache.tomcat.util.digester.Digester   :   match='mbeans-descriptors/mbean/attribute'
2019-12-06 11:18:43.948 DEBUG 7503 --- [    Test worker] o.apache.tomcat.util.digester.Digester   :   bodyText=''
2019-12-06 11:18:43.948 DEBUG 7503 --- [    Test worker] o.apache.tomcat.util.digester.Digester   :   Fire body() for ObjectCreateRule[className=org.apache.tomcat.util.modeler.AttributeInfo, attributeName=null]
2019-12-06 11:18:43.948 DEBUG 7503 --- [    Test worker] o.apache.tomcat.util.digester.Digester   :   Fire body() for SetPropertiesRule[]
2019-12-06 11:18:43.949 DEBUG 7503 --- [    Test worker] o.apache.tomcat.util.digester.Digester   :   Fire body() for SetNextRule[methodName=addAttribute, paramType=org.apache.tomcat.util.modeler.AttributeInfo]
2019-12-06 11:18:43.949 DEBUG 7503 --- [    Test worker] o.apache.tomcat.util.digester.Digester   :   Fire end() for SetNextRule[methodName=addAttribute, paramType=org.apache.tomcat.util.modeler.AttributeInfo]
2019-12-06 11:18:43.949 DEBUG 7503 --- [    Test worker] o.apache.tomcat.util.digester.Digester   : [SetNextRule]{mbeans-descriptors/mbean/attribute} Call org.apache.tomcat.util.modeler.ManagedBean.addAttribute(org.apache.tomcat.util.modeler.AttributeInfo@260317a3)
2019-12-06 11:18:43.949 DEBUG 7503 --- [    Test worker] o.apache.tomcat.util.IntrospectionUtils  : IntrospectionUtils: callMethod1 org.apache.tomcat.util.modeler.ManagedBean org.apache.tomcat.util.modeler.AttributeInfo org.apache.tomcat.util.modeler.AttributeInfo
2019-12-06 11:18:43.949 DEBUG 7503 --- [    Test worker] o.apache.tomcat.util.digester.Digester   :   Fire end() for SetPropertiesRule[]
2019-12-06 11:18:43.949 DEBUG 7503 --- [    Test worker] o.apache.tomcat.util.digester.Digester   :   Fire end() for ObjectCreateRule[className=org.apache.tomcat.util.modeler.AttributeInfo, attributeName=null]
2019-12-06 11:18:43.949 DEBUG 7503 --- [    Test worker] o.apache.tomcat.util.digester.Digester   : [ObjectCreateRule]{mbeans-descriptors/mbean/attribute} Pop org.apache.tomcat.util.modeler.AttributeInfo
2019-12-06 11:18:43.949 DEBUG 7503 --- [    Test worker] o.a.tomcat.util.digester.Digester.sax    : characters(

    )
2019-12-06 11:18:43.949 DEBUG 7503 --- [    Test worker] o.a.tomcat.util.digester.Digester.sax    : startElement(,,attribute)
2019-12-06 11:18:43.950 DEBUG 7503 --- [    Test worker] o.apache.tomcat.util.digester.Digester   :   New match='mbeans-descriptors/mbean/attribute'
2019-12-06 11:18:43.950 DEBUG 7503 --- [    Test worker] o.apache.tomcat.util.digester.Digester   :   Fire begin() for ObjectCreateRule[className=org.apache.tomcat.util.modeler.AttributeInfo, attributeName=null]
2019-12-06 11:18:43.950 DEBUG 7503 --- [    Test worker] o.apache.tomcat.util.digester.Digester   :   Fire begin() for SetPropertiesRule[]
2019-12-06 11:18:43.950 DEBUG 7503 --- [    Test worker] o.apache.tomcat.util.digester.Digester   : [SetPropertiesRule]{mbeans-descriptors/mbean/attribute} Set org.apache.tomcat.util.modeler.AttributeInfo properties
2019-12-06 11:18:43.950 DEBUG 7503 --- [    Test worker] o.apache.tomcat.util.digester.Digester   : [SetPropertiesRule]{mbeans-descriptors/mbean/attribute} Setting property 'name' to 'sslImplementation'
2019-12-06 11:18:43.950 DEBUG 7503 --- [    Test worker] o.apache.tomcat.util.IntrospectionUtils  : IntrospectionUtils: setProperty(class org.apache.tomcat.util.modeler.AttributeInfo name=sslImplementation)
2019-12-06 11:18:43.950 DEBUG 7503 --- [    Test worker] o.apache.tomcat.util.digester.Digester   : [SetPropertiesRule]{mbeans-descriptors/mbean/attribute} Setting property 'type' to 'org.apache.tomcat.util.net.SSLImplementation'
2019-12-06 11:18:43.950 DEBUG 7503 --- [    Test worker] o.apache.tomcat.util.IntrospectionUtils  : IntrospectionUtils: setProperty(class org.apache.tomcat.util.modeler.AttributeInfo type=org.apache.tomcat.util.net.SSLImplementation)
2019-12-06 11:18:43.951 DEBUG 7503 --- [    Test worker] o.apache.tomcat.util.digester.Digester   : [SetPropertiesRule]{mbeans-descriptors/mbean/attribute} Setting property 'writeable' to 'false'
2019-12-06 11:18:43.951 DEBUG 7503 --- [    Test worker] o.apache.tomcat.util.IntrospectionUtils  : IntrospectionUtils: setProperty(class org.apache.tomcat.util.modeler.AttributeInfo writeable=false)
2019-12-06 11:18:43.951 DEBUG 7503 --- [    Test worker] o.apache.tomcat.util.digester.Digester   :   Fire begin() for SetNextRule[methodName=addAttribute, paramType=org.apache.tomcat.util.modeler.AttributeInfo]
2019-12-06 11:18:43.951 DEBUG 7503 --- [    Test worker] o.a.tomcat.util.digester.Digester.sax    : endElement(,,attribute)
2019-12-06 11:18:43.951 DEBUG 7503 --- [    Test worker] o.apache.tomcat.util.digester.Digester   :   match='mbeans-descriptors/mbean/attribute'
2019-12-06 11:18:43.951 DEBUG 7503 --- [    Test worker] o.apache.tomcat.util.digester.Digester   :   bodyText=''
2019-12-06 11:18:43.951 DEBUG 7503 --- [    Test worker] o.apache.tomcat.util.digester.Digester   :   Fire body() for ObjectCreateRule[className=org.apache.tomcat.util.modeler.AttributeInfo, attributeName=null]
2019-12-06 11:18:43.951 DEBUG 7503 --- [    Test worker] o.apache.tomcat.util.digester.Digester   :   Fire body() for SetPropertiesRule[]
2019-12-06 11:18:43.951 DEBUG 7503 --- [    Test worker] o.apache.tomcat.util.digester.Digester   :   Fire body() for SetNextRule[methodName=addAttribute, paramType=org.apache.tomcat.util.modeler.AttributeInfo]
2019-12-06 11:18:43.952 DEBUG 7503 --- [    Test worker] o.apache.tomcat.util.digester.Digester   :   Fire end() for SetNextRule[methodName=addAttribute, paramType=org.apache.tomcat.util.modeler.AttributeInfo]
2019-12-06 11:18:43.952 DEBUG 7503 --- [    Test worker] o.apache.tomcat.util.digester.Digester   : [SetNextRule]{mbeans-descriptors/mbean/attribute} Call org.apache.tomcat.util.modeler.ManagedBean.addAttribute(org.apache.tomcat.util.modeler.AttributeInfo@4ac25536)
2019-12-06 11:18:43.952 DEBUG 7503 --- [    Test worker] o.apache.tomcat.util.IntrospectionUtils  : IntrospectionUtils: callMethod1 org.apache.tomcat.util.modeler.ManagedBean org.apache.tomcat.util.modeler.AttributeInfo org.apache.tomcat.util.modeler.AttributeInfo
2019-12-06 11:18:43.952 DEBUG 7503 --- [    Test worker] o.apache.tomcat.util.digester.Digester   :   Fire end() for SetPropertiesRule[]
2019-12-06 11:18:43.952 DEBUG 7503 --- [    Test worker] o.apache.tomcat.util.digester.Digester   :   Fire end() for ObjectCreateRule[className=org.apache.tomcat.util.modeler.AttributeInfo, attributeName=null]
2019-12-06 11:18:43.952 DEBUG 7503 --- [    Test worker] o.apache.tomcat.util.digester.Digester   : [ObjectCreateRule]{mbeans-descriptors/mbean/attribute} Pop org.apache.tomcat.util.modeler.AttributeInfo
2019-12-06 11:18:43.952 DEBUG 7503 --- [    Test worker] o.a.tomcat.util.digester.Digester.sax    : characters(

    )
2019-12-06 11:18:43.952 DEBUG 7503 --- [    Test worker] o.a.tomcat.util.digester.Digester.sax    : startElement(,,attribute)
2019-12-06 11:18:43.953 DEBUG 7503 --- [    Test worker] o.apache.tomcat.util.digester.Digester   :   New match='mbeans-descriptors/mbean/attribute'
2019-12-06 11:18:43.953 DEBUG 7503 --- [    Test worker] o.apache.tomcat.util.digester.Digester   :   Fire begin() for ObjectCreateRule[className=org.apache.tomcat.util.modeler.AttributeInfo, attributeName=null]
2019-12-06 11:18:43.953 DEBUG 7503 --- [    Test worker] o.apache.tomcat.util.digester.Digester   :   Fire begin() for SetPropertiesRule[]
2019-12-06 11:18:43.953 DEBUG 7503 --- [    Test worker] o.apache.tomcat.util.digester.Digester   : [SetPropertiesRule]{mbeans-descriptors/mbean/attribute} Set org.apache.tomcat.util.modeler.AttributeInfo properties
2019-12-06 11:18:43.953 DEBUG 7503 --- [    Test worker] o.apache.tomcat.util.digester.Digester   : [SetPropertiesRule]{mbeans-descriptors/mbean/attribute} Setting property 'name' to 'sslImplementationName'
2019-12-06 11:18:43.953 DEBUG 7503 --- [    Test worker] o.apache.tomcat.util.IntrospectionUtils  : IntrospectionUtils: setProperty(class org.apache.tomcat.util.modeler.AttributeInfo name=sslImplementationName)
2019-12-06 11:18:43.953 DEBUG 7503 --- [    Test worker] o.apache.tomcat.util.digester.Digester   : [SetPropertiesRule]{mbeans-descriptors/mbean/attribute} Setting property 'type' to 'java.lang.String'
2019-12-06 11:18:43.953 DEBUG 7503 --- [    Test worker] o.apache.tomcat.util.IntrospectionUtils  : IntrospectionUtils: setProperty(class org.apache.tomcat.util.modeler.AttributeInfo type=java.lang.String)
2019-12-06 11:18:43.953 DEBUG 7503 --- [    Test worker] o.apache.tomcat.util.digester.Digester   :   Fire begin() for SetNextRule[methodName=addAttribute, paramType=org.apache.tomcat.util.modeler.AttributeInfo]
2019-12-06 11:18:43.954 DEBUG 7503 --- [    Test worker] o.a.tomcat.util.digester.Digester.sax    : endElement(,,attribute)
2019-12-06 11:18:43.954 DEBUG 7503 --- [    Test worker] o.apache.tomcat.util.digester.Digester   :   match='mbeans-descriptors/mbean/attribute'
2019-12-06 11:18:43.954 DEBUG 7503 --- [    Test worker] o.apache.tomcat.util.digester.Digester   :   bodyText=''
2019-12-06 11:18:43.954 DEBUG 7503 --- [    Test worker] o.apache.tomcat.util.digester.Digester   :   Fire body() for ObjectCreateRule[className=org.apache.tomcat.util.modeler.AttributeInfo, attributeName=null]
2019-12-06 11:18:43.954 DEBUG 7503 --- [    Test worker] o.apache.tomcat.util.digester.Digester   :   Fire body() for SetPropertiesRule[]
2019-12-06 11:18:43.954 DEBUG 7503 --- [    Test worker] o.apache.tomcat.util.digester.Digester   :   Fire body() for SetNextRule[methodName=addAttribute, paramType=org.apache.tomcat.util.modeler.AttributeInfo]
2019-12-06 11:18:43.954 DEBUG 7503 --- [    Test worker] o.apache.tomcat.util.digester.Digester   :   Fire end() for SetNextRule[methodName=addAttribute, paramType=org.apache.tomcat.util.modeler.AttributeInfo]
2019-12-06 11:18:43.954 DEBUG 7503 --- [    Test worker] o.apache.tomcat.util.digester.Digester   : [SetNextRule]{mbeans-descriptors/mbean/attribute} Call org.apache.tomcat.util.modeler.ManagedBean.addAttribute(org.apache.tomcat.util.modeler.AttributeInfo@4e9ee6c9)
2019-12-06 11:18:43.954 DEBUG 7503 --- [    Test worker] o.apache.tomcat.util.IntrospectionUtils  : IntrospectionUtils: callMethod1 org.apache.tomcat.util.modeler.ManagedBean org.apache.tomcat.util.modeler.AttributeInfo org.apache.tomcat.util.modeler.AttributeInfo
2019-12-06 11:18:43.955 DEBUG 7503 --- [    Test worker] o.apache.tomcat.util.digester.Digester   :   Fire end() for SetPropertiesRule[]
2019-12-06 11:18:43.955 DEBUG 7503 --- [    Test worker] o.apache.tomcat.util.digester.Digester   :   Fire end() for ObjectCreateRule[className=org.apache.tomcat.util.modeler.AttributeInfo, attributeName=null]
2019-12-06 11:18:43.955 DEBUG 7503 --- [    Test worker] o.apache.tomcat.util.digester.Digester   : [ObjectCreateRule]{mbeans-descriptors/mbean/attribute} Pop org.apache.tomcat.util.modeler.AttributeInfo
2019-12-06 11:18:43.955 DEBUG 7503 --- [    Test worker] o.a.tomcat.util.digester.Digester.sax    : characters(

    )
2019-12-06 11:18:43.955 DEBUG 7503 --- [    Test worker] o.a.tomcat.util.digester.Digester.sax    : startElement(,,attribute)
2019-12-06 11:18:43.955 DEBUG 7503 --- [    Test worker] o.apache.tomcat.util.digester.Digester   :   New match='mbeans-descriptors/mbean/attribute'
2019-12-06 11:18:43.955 DEBUG 7503 --- [    Test worker] o.apache.tomcat.util.digester.Digester   :   Fire begin() for ObjectCreateRule[className=org.apache.tomcat.util.modeler.AttributeInfo, attributeName=null]
2019-12-06 11:18:43.955 DEBUG 7503 --- [    Test worker] o.apache.tomcat.util.digester.Digester   :   Fire begin() for SetPropertiesRule[]
2019-12-06 11:18:43.956 DEBUG 7503 --- [    Test worker] o.apache.tomcat.util.digester.Digester   : [SetPropertiesRule]{mbeans-descriptors/mbean/attribute} Set org.apache.tomcat.util.modeler.AttributeInfo properties
2019-12-06 11:18:43.956 DEBUG 7503 --- [    Test worker] o.apache.tomcat.util.digester.Digester   : [SetPropertiesRule]{mbeans-descriptors/mbean/attribute} Setting property 'name' to 'tcpNoDelay'
2019-12-06 11:18:43.956 DEBUG 7503 --- [    Test worker] o.apache.tomcat.util.IntrospectionUtils  : IntrospectionUtils: setProperty(class org.apache.tomcat.util.modeler.AttributeInfo name=tcpNoDelay)
2019-12-06 11:18:43.956 DEBUG 7503 --- [    Test worker] o.apache.tomcat.util.digester.Digester   : [SetPropertiesRule]{mbeans-descriptors/mbean/attribute} Setting property 'type' to 'boolean'
2019-12-06 11:18:43.956 DEBUG 7503 --- [    Test worker] o.apache.tomcat.util.IntrospectionUtils  : IntrospectionUtils: setProperty(class org.apache.tomcat.util.modeler.AttributeInfo type=boolean)
2019-12-06 11:18:43.956 DEBUG 7503 --- [    Test worker] o.apache.tomcat.util.digester.Digester   :   Fire begin() for SetNextRule[methodName=addAttribute, paramType=org.apache.tomcat.util.modeler.AttributeInfo]
2019-12-06 11:18:43.956 DEBUG 7503 --- [    Test worker] o.a.tomcat.util.digester.Digester.sax    : endElement(,,attribute)
2019-12-06 11:18:43.956 DEBUG 7503 --- [    Test worker] o.apache.tomcat.util.digester.Digester   :   match='mbeans-descriptors/mbean/attribute'
2019-12-06 11:18:43.956 DEBUG 7503 --- [    Test worker] o.apache.tomcat.util.digester.Digester   :   bodyText=''
2019-12-06 11:18:43.957 DEBUG 7503 --- [    Test worker] o.apache.tomcat.util.digester.Digester   :   Fire body() for ObjectCreateRule[className=org.apache.tomcat.util.modeler.AttributeInfo, attributeName=null]
2019-12-06 11:18:43.957 DEBUG 7503 --- [    Test worker] o.apache.tomcat.util.digester.Digester   :   Fire body() for SetPropertiesRule[]
2019-12-06 11:18:43.957 DEBUG 7503 --- [    Test worker] o.apache.tomcat.util.digester.Digester   :   Fire body() for SetNextRule[methodName=addAttribute, paramType=org.apache.tomcat.util.modeler.AttributeInfo]
2019-12-06 11:18:43.957 DEBUG 7503 --- [    Test worker] o.apache.tomcat.util.digester.Digester   :   Fire end() for SetNextRule[methodName=addAttribute, paramType=org.apache.tomcat.util.modeler.AttributeInfo]
2019-12-06 11:18:43.957 DEBUG 7503 --- [    Test worker] o.apache.tomcat.util.digester.Digester   : [SetNextRule]{mbeans-descriptors/mbean/attribute} Call org.apache.tomcat.util.modeler.ManagedBean.addAttribute(org.apache.tomcat.util.modeler.AttributeInfo@1bc4d8cf)
2019-12-06 11:18:43.957 DEBUG 7503 --- [    Test worker] o.apache.tomcat.util.IntrospectionUtils  : IntrospectionUtils: callMethod1 org.apache.tomcat.util.modeler.ManagedBean org.apache.tomcat.util.modeler.AttributeInfo org.apache.tomcat.util.modeler.AttributeInfo
2019-12-06 11:18:43.957 DEBUG 7503 --- [    Test worker] o.apache.tomcat.util.digester.Digester   :   Fire end() for SetPropertiesRule[]
2019-12-06 11:18:43.957 DEBUG 7503 --- [    Test worker] o.apache.tomcat.util.digester.Digester   :   Fire end() for ObjectCreateRule[className=org.apache.tomcat.util.modeler.AttributeInfo, attributeName=null]
2019-12-06 11:18:43.958 DEBUG 7503 --- [    Test worker] o.apache.tomcat.util.digester.Digester   : [ObjectCreateRule]{mbeans-descriptors/mbean/attribute} Pop org.apache.tomcat.util.modeler.AttributeInfo
2019-12-06 11:18:43.958 DEBUG 7503 --- [    Test worker] o.a.tomcat.util.digester.Digester.sax    : characters(

    )
2019-12-06 11:18:43.958 DEBUG 7503 --- [    Test worker] o.a.tomcat.util.digester.Digester.sax    : startElement(,,attribute)
2019-12-06 11:18:43.958 DEBUG 7503 --- [    Test worker] o.apache.tomcat.util.digester.Digester   :   New match='mbeans-descriptors/mbean/attribute'
2019-12-06 11:18:43.958 DEBUG 7503 --- [    Test worker] o.apache.tomcat.util.digester.Digester   :   Fire begin() for ObjectCreateRule[className=org.apache.tomcat.util.modeler.AttributeInfo, attributeName=null]
2019-12-06 11:18:43.958 DEBUG 7503 --- [    Test worker] o.apache.tomcat.util.digester.Digester   :   Fire begin() for SetPropertiesRule[]
2019-12-06 11:18:43.958 DEBUG 7503 --- [    Test worker] o.apache.tomcat.util.digester.Digester   : [SetPropertiesRule]{mbeans-descriptors/mbean/attribute} Set org.apache.tomcat.util.modeler.AttributeInfo properties
2019-12-06 11:18:43.958 DEBUG 7503 --- [    Test worker] o.apache.tomcat.util.digester.Digester   : [SetPropertiesRule]{mbeans-descriptors/mbean/attribute} Setting property 'name' to 'threadPriority'
2019-12-06 11:18:43.958 DEBUG 7503 --- [    Test worker] o.apache.tomcat.util.IntrospectionUtils  : IntrospectionUtils: setProperty(class org.apache.tomcat.util.modeler.AttributeInfo name=threadPriority)
2019-12-06 11:18:43.959 DEBUG 7503 --- [    Test worker] o.apache.tomcat.util.digester.Digester   : [SetPropertiesRule]{mbeans-descriptors/mbean/attribute} Setting property 'type' to 'int'
2019-12-06 11:18:43.959 DEBUG 7503 --- [    Test worker] o.apache.tomcat.util.IntrospectionUtils  : IntrospectionUtils: setProperty(class org.apache.tomcat.util.modeler.AttributeInfo type=int)
2019-12-06 11:18:43.959 DEBUG 7503 --- [    Test worker] o.apache.tomcat.util.digester.Digester   :   Fire begin() for SetNextRule[methodName=addAttribute, paramType=org.apache.tomcat.util.modeler.AttributeInfo]
2019-12-06 11:18:43.959 DEBUG 7503 --- [    Test worker] o.a.tomcat.util.digester.Digester.sax    : endElement(,,attribute)
2019-12-06 11:18:43.959 DEBUG 7503 --- [    Test worker] o.apache.tomcat.util.digester.Digester   :   match='mbeans-descriptors/mbean/attribute'
2019-12-06 11:18:43.959 DEBUG 7503 --- [    Test worker] o.apache.tomcat.util.digester.Digester   :   bodyText=''
2019-12-06 11:18:43.959 DEBUG 7503 --- [    Test worker] o.apache.tomcat.util.digester.Digester   :   Fire body() for ObjectCreateRule[className=org.apache.tomcat.util.modeler.AttributeInfo, attributeName=null]
2019-12-06 11:18:43.959 DEBUG 7503 --- [    Test worker] o.apache.tomcat.util.digester.Digester   :   Fire body() for SetPropertiesRule[]
2019-12-06 11:18:43.960 DEBUG 7503 --- [    Test worker] o.apache.tomcat.util.digester.Digester   :   Fire body() for SetNextRule[methodName=addAttribute, paramType=org.apache.tomcat.util.modeler.AttributeInfo]
2019-12-06 11:18:43.960 DEBUG 7503 --- [    Test worker] o.apache.tomcat.util.digester.Digester   :   Fire end() for SetNextRule[methodName=addAttribute, paramType=org.apache.tomcat.util.modeler.AttributeInfo]
2019-12-06 11:18:43.960 DEBUG 7503 --- [    Test worker] o.apache.tomcat.util.digester.Digester   : [SetNextRule]{mbeans-descriptors/mbean/attribute} Call org.apache.tomcat.util.modeler.ManagedBean.addAttribute(org.apache.tomcat.util.modeler.AttributeInfo@25447a1b)
2019-12-06 11:18:43.960 DEBUG 7503 --- [    Test worker] o.apache.tomcat.util.IntrospectionUtils  : IntrospectionUtils: callMethod1 org.apache.tomcat.util.modeler.ManagedBean org.apache.tomcat.util.modeler.AttributeInfo org.apache.tomcat.util.modeler.AttributeInfo
2019-12-06 11:18:43.960 DEBUG 7503 --- [    Test worker] o.apache.tomcat.util.digester.Digester   :   Fire end() for SetPropertiesRule[]
2019-12-06 11:18:43.960 DEBUG 7503 --- [    Test worker] o.apache.tomcat.util.digester.Digester   :   Fire end() for ObjectCreateRule[className=org.apache.tomcat.util.modeler.AttributeInfo, attributeName=null]
2019-12-06 11:18:43.960 DEBUG 7503 --- [    Test worker] o.apache.tomcat.util.digester.Digester   : [ObjectCreateRule]{mbeans-descriptors/mbean/attribute} Pop org.apache.tomcat.util.modeler.AttributeInfo
2019-12-06 11:18:43.960 DEBUG 7503 --- [    Test worker] o.a.tomcat.util.digester.Digester.sax    : characters(

    )
2019-12-06 11:18:43.960 DEBUG 7503 --- [    Test worker] o.a.tomcat.util.digester.Digester.sax    : startElement(,,attribute)
2019-12-06 11:18:43.961 DEBUG 7503 --- [    Test worker] o.apache.tomcat.util.digester.Digester   :   New match='mbeans-descriptors/mbean/attribute'
2019-12-06 11:18:43.961 DEBUG 7503 --- [    Test worker] o.apache.tomcat.util.digester.Digester   :   Fire begin() for ObjectCreateRule[className=org.apache.tomcat.util.modeler.AttributeInfo, attributeName=null]
2019-12-06 11:18:43.961 DEBUG 7503 --- [    Test worker] o.apache.tomcat.util.digester.Digester   :   Fire begin() for SetPropertiesRule[]
2019-12-06 11:18:43.961 DEBUG 7503 --- [    Test worker] o.apache.tomcat.util.digester.Digester   : [SetPropertiesRule]{mbeans-descriptors/mbean/attribute} Set org.apache.tomcat.util.modeler.AttributeInfo properties
2019-12-06 11:18:43.961 DEBUG 7503 --- [    Test worker] o.apache.tomcat.util.digester.Digester   : [SetPropertiesRule]{mbeans-descriptors/mbean/attribute} Setting property 'name' to 'useSendfile'
2019-12-06 11:18:43.961 DEBUG 7503 --- [    Test worker] o.apache.tomcat.util.IntrospectionUtils  : IntrospectionUtils: setProperty(class org.apache.tomcat.util.modeler.AttributeInfo name=useSendfile)
2019-12-06 11:18:43.961 DEBUG 7503 --- [    Test worker] o.apache.tomcat.util.digester.Digester   : [SetPropertiesRule]{mbeans-descriptors/mbean/attribute} Setting property 'type' to 'boolean'
2019-12-06 11:18:43.961 DEBUG 7503 --- [    Test worker] o.apache.tomcat.util.IntrospectionUtils  : IntrospectionUtils: setProperty(class org.apache.tomcat.util.modeler.AttributeInfo type=boolean)
2019-12-06 11:18:43.962 DEBUG 7503 --- [    Test worker] o.apache.tomcat.util.digester.Digester   :   Fire begin() for SetNextRule[methodName=addAttribute, paramType=org.apache.tomcat.util.modeler.AttributeInfo]
2019-12-06 11:18:43.962 DEBUG 7503 --- [    Test worker] o.a.tomcat.util.digester.Digester.sax    : endElement(,,attribute)
2019-12-06 11:18:43.962 DEBUG 7503 --- [    Test worker] o.apache.tomcat.util.digester.Digester   :   match='mbeans-descriptors/mbean/attribute'
2019-12-06 11:18:43.962 DEBUG 7503 --- [    Test worker] o.apache.tomcat.util.digester.Digester   :   bodyText=''
2019-12-06 11:18:43.962 DEBUG 7503 --- [    Test worker] o.apache.tomcat.util.digester.Digester   :   Fire body() for ObjectCreateRule[className=org.apache.tomcat.util.modeler.AttributeInfo, attributeName=null]
2019-12-06 11:18:43.962 DEBUG 7503 --- [    Test worker] o.apache.tomcat.util.digester.Digester   :   Fire body() for SetPropertiesRule[]
2019-12-06 11:18:43.962 DEBUG 7503 --- [    Test worker] o.apache.tomcat.util.digester.Digester   :   Fire body() for SetNextRule[methodName=addAttribute, paramType=org.apache.tomcat.util.modeler.AttributeInfo]
2019-12-06 11:18:43.962 DEBUG 7503 --- [    Test worker] o.apache.tomcat.util.digester.Digester   :   Fire end() for SetNextRule[methodName=addAttribute, paramType=org.apache.tomcat.util.modeler.AttributeInfo]
2019-12-06 11:18:43.962 DEBUG 7503 --- [    Test worker] o.apache.tomcat.util.digester.Digester   : [SetNextRule]{mbeans-descriptors/mbean/attribute} Call org.apache.tomcat.util.modeler.ManagedBean.addAttribute(org.apache.tomcat.util.modeler.AttributeInfo@7d77e060)
2019-12-06 11:18:43.963 DEBUG 7503 --- [    Test worker] o.apache.tomcat.util.IntrospectionUtils  : IntrospectionUtils: callMethod1 org.apache.tomcat.util.modeler.ManagedBean org.apache.tomcat.util.modeler.AttributeInfo org.apache.tomcat.util.modeler.AttributeInfo
2019-12-06 11:18:43.963 DEBUG 7503 --- [    Test worker] o.apache.tomcat.util.digester.Digester   :   Fire end() for SetPropertiesRule[]
2019-12-06 11:18:43.963 DEBUG 7503 --- [    Test worker] o.apache.tomcat.util.digester.Digester   :   Fire end() for ObjectCreateRule[className=org.apache.tomcat.util.modeler.AttributeInfo, attributeName=null]
2019-12-06 11:18:43.963 DEBUG 7503 --- [    Test worker] o.apache.tomcat.util.digester.Digester   : [ObjectCreateRule]{mbeans-descriptors/mbean/attribute} Pop org.apache.tomcat.util.modeler.AttributeInfo
2019-12-06 11:18:43.963 DEBUG 7503 --- [    Test worker] o.a.tomcat.util.digester.Digester.sax    : characters(

    )
2019-12-06 11:18:43.963 DEBUG 7503 --- [    Test worker] o.a.tomcat.util.digester.Digester.sax    : startElement(,,operation)
2019-12-06 11:18:43.963 DEBUG 7503 --- [    Test worker] o.apache.tomcat.util.digester.Digester   :   New match='mbeans-descriptors/mbean/operation'
2019-12-06 11:18:43.963 DEBUG 7503 --- [    Test worker] o.apache.tomcat.util.digester.Digester   :   Fire begin() for ObjectCreateRule[className=org.apache.tomcat.util.modeler.OperationInfo, attributeName=null]
2019-12-06 11:18:43.964 DEBUG 7503 --- [    Test worker] o.apache.tomcat.util.digester.Digester   :   Fire begin() for SetPropertiesRule[]
2019-12-06 11:18:43.964 DEBUG 7503 --- [    Test worker] o.apache.tomcat.util.digester.Digester   : [SetPropertiesRule]{mbeans-descriptors/mbean/operation} Set org.apache.tomcat.util.modeler.OperationInfo properties
2019-12-06 11:18:43.964 DEBUG 7503 --- [    Test worker] o.apache.tomcat.util.digester.Digester   : [SetPropertiesRule]{mbeans-descriptors/mbean/operation} Setting property 'name' to 'addNegotiatedProtocol'
2019-12-06 11:18:43.964 DEBUG 7503 --- [    Test worker] o.apache.tomcat.util.IntrospectionUtils  : IntrospectionUtils: setProperty(class org.apache.tomcat.util.modeler.OperationInfo name=addNegotiatedProtocol)
2019-12-06 11:18:43.964 DEBUG 7503 --- [    Test worker] o.apache.tomcat.util.digester.Digester   : [SetPropertiesRule]{mbeans-descriptors/mbean/operation} Setting property 'returnType' to 'void'
2019-12-06 11:18:43.964 DEBUG 7503 --- [    Test worker] o.apache.tomcat.util.IntrospectionUtils  : IntrospectionUtils: setProperty(class org.apache.tomcat.util.modeler.OperationInfo returnType=void)
2019-12-06 11:18:43.964 DEBUG 7503 --- [    Test worker] o.apache.tomcat.util.digester.Digester   :   Fire begin() for SetNextRule[methodName=addOperation, paramType=org.apache.tomcat.util.modeler.OperationInfo]
2019-12-06 11:18:43.964 DEBUG 7503 --- [    Test worker] o.a.tomcat.util.digester.Digester.sax    : characters(
      )
2019-12-06 11:18:43.964 DEBUG 7503 --- [    Test worker] o.a.tomcat.util.digester.Digester.sax    : startElement(,,parameter)
2019-12-06 11:18:43.965 DEBUG 7503 --- [    Test worker] o.apache.tomcat.util.digester.Digester   :   New match='mbeans-descriptors/mbean/operation/parameter'
2019-12-06 11:18:43.965 DEBUG 7503 --- [    Test worker] o.apache.tomcat.util.digester.Digester   :   Fire begin() for ObjectCreateRule[className=org.apache.tomcat.util.modeler.ParameterInfo, attributeName=null]
2019-12-06 11:18:43.965 DEBUG 7503 --- [    Test worker] o.apache.tomcat.util.digester.Digester   :   Fire begin() for SetPropertiesRule[]
2019-12-06 11:18:43.965 DEBUG 7503 --- [    Test worker] o.apache.tomcat.util.digester.Digester   : [SetPropertiesRule]{mbeans-descriptors/mbean/operation/parameter} Set org.apache.tomcat.util.modeler.ParameterInfo properties
2019-12-06 11:18:43.965 DEBUG 7503 --- [    Test worker] o.apache.tomcat.util.digester.Digester   : [SetPropertiesRule]{mbeans-descriptors/mbean/operation/parameter} Setting property 'name' to 'param0'
2019-12-06 11:18:43.965 DEBUG 7503 --- [    Test worker] o.apache.tomcat.util.IntrospectionUtils  : IntrospectionUtils: setProperty(class org.apache.tomcat.util.modeler.ParameterInfo name=param0)
2019-12-06 11:18:43.965 DEBUG 7503 --- [    Test worker] o.apache.tomcat.util.digester.Digester   : [SetPropertiesRule]{mbeans-descriptors/mbean/operation/parameter} Setting property 'type' to 'java.lang.String'
2019-12-06 11:18:43.965 DEBUG 7503 --- [    Test worker] o.apache.tomcat.util.IntrospectionUtils  : IntrospectionUtils: setProperty(class org.apache.tomcat.util.modeler.ParameterInfo type=java.lang.String)
2019-12-06 11:18:43.965 DEBUG 7503 --- [    Test worker] o.apache.tomcat.util.digester.Digester   :   Fire begin() for SetNextRule[methodName=addParameter, paramType=org.apache.tomcat.util.modeler.ParameterInfo]
2019-12-06 11:18:43.966 DEBUG 7503 --- [    Test worker] o.a.tomcat.util.digester.Digester.sax    : endElement(,,parameter)
2019-12-06 11:18:43.966 DEBUG 7503 --- [    Test worker] o.apache.tomcat.util.digester.Digester   :   match='mbeans-descriptors/mbean/operation/parameter'
2019-12-06 11:18:43.966 DEBUG 7503 --- [    Test worker] o.apache.tomcat.util.digester.Digester   :   bodyText=''
2019-12-06 11:18:43.966 DEBUG 7503 --- [    Test worker] o.apache.tomcat.util.digester.Digester   :   Fire body() for ObjectCreateRule[className=org.apache.tomcat.util.modeler.ParameterInfo, attributeName=null]
2019-12-06 11:18:43.966 DEBUG 7503 --- [    Test worker] o.apache.tomcat.util.digester.Digester   :   Fire body() for SetPropertiesRule[]
2019-12-06 11:18:43.966 DEBUG 7503 --- [    Test worker] o.apache.tomcat.util.digester.Digester   :   Fire body() for SetNextRule[methodName=addParameter, paramType=org.apache.tomcat.util.modeler.ParameterInfo]
2019-12-06 11:18:43.966 DEBUG 7503 --- [    Test worker] o.apache.tomcat.util.digester.Digester   :   Fire end() for SetNextRule[methodName=addParameter, paramType=org.apache.tomcat.util.modeler.ParameterInfo]
2019-12-06 11:18:43.966 DEBUG 7503 --- [    Test worker] o.apache.tomcat.util.digester.Digester   : [SetNextRule]{mbeans-descriptors/mbean/operation/parameter} Call org.apache.tomcat.util.modeler.OperationInfo.addParameter(org.apache.tomcat.util.modeler.ParameterInfo@44e6f9a9)
2019-12-06 11:18:43.967 DEBUG 7503 --- [    Test worker] o.apache.tomcat.util.IntrospectionUtils  : IntrospectionUtils: callMethod1 org.apache.tomcat.util.modeler.OperationInfo org.apache.tomcat.util.modeler.ParameterInfo org.apache.tomcat.util.modeler.ParameterInfo
2019-12-06 11:18:43.967 DEBUG 7503 --- [    Test worker] o.apache.tomcat.util.digester.Digester   :   Fire end() for SetPropertiesRule[]
2019-12-06 11:18:43.967 DEBUG 7503 --- [    Test worker] o.apache.tomcat.util.digester.Digester   :   Fire end() for ObjectCreateRule[className=org.apache.tomcat.util.modeler.ParameterInfo, attributeName=null]
2019-12-06 11:18:43.967 DEBUG 7503 --- [    Test worker] o.apache.tomcat.util.digester.Digester   : [ObjectCreateRule]{mbeans-descriptors/mbean/operation/parameter} Pop org.apache.tomcat.util.modeler.ParameterInfo
2019-12-06 11:18:43.967 DEBUG 7503 --- [    Test worker] o.a.tomcat.util.digester.Digester.sax    : characters(
    )
2019-12-06 11:18:43.967 DEBUG 7503 --- [    Test worker] o.a.tomcat.util.digester.Digester.sax    : endElement(,,operation)
2019-12-06 11:18:43.967 DEBUG 7503 --- [    Test worker] o.apache.tomcat.util.digester.Digester   :   match='mbeans-descriptors/mbean/operation'
2019-12-06 11:18:43.967 DEBUG 7503 --- [    Test worker] o.apache.tomcat.util.digester.Digester   :   bodyText='
      
    '
2019-12-06 11:18:43.967 DEBUG 7503 --- [    Test worker] o.apache.tomcat.util.digester.Digester   :   Fire body() for ObjectCreateRule[className=org.apache.tomcat.util.modeler.OperationInfo, attributeName=null]
2019-12-06 11:18:43.968 DEBUG 7503 --- [    Test worker] o.apache.tomcat.util.digester.Digester   :   Fire body() for SetPropertiesRule[]
2019-12-06 11:18:43.968 DEBUG 7503 --- [    Test worker] o.apache.tomcat.util.digester.Digester   :   Fire body() for SetNextRule[methodName=addOperation, paramType=org.apache.tomcat.util.modeler.OperationInfo]
2019-12-06 11:18:43.968 DEBUG 7503 --- [    Test worker] o.apache.tomcat.util.digester.Digester   :   Fire end() for SetNextRule[methodName=addOperation, paramType=org.apache.tomcat.util.modeler.OperationInfo]
2019-12-06 11:18:43.968 DEBUG 7503 --- [    Test worker] o.apache.tomcat.util.digester.Digester   : [SetNextRule]{mbeans-descriptors/mbean/operation} Call org.apache.tomcat.util.modeler.ManagedBean.addOperation(org.apache.tomcat.util.modeler.OperationInfo@7959435a)
2019-12-06 11:18:43.968 DEBUG 7503 --- [    Test worker] o.apache.tomcat.util.IntrospectionUtils  : IntrospectionUtils: callMethod1 org.apache.tomcat.util.modeler.ManagedBean org.apache.tomcat.util.modeler.OperationInfo org.apache.tomcat.util.modeler.OperationInfo
2019-12-06 11:18:43.968 DEBUG 7503 --- [    Test worker] o.apache.tomcat.util.digester.Digester   :   Fire end() for SetPropertiesRule[]
2019-12-06 11:18:43.968 DEBUG 7503 --- [    Test worker] o.apache.tomcat.util.digester.Digester   :   Fire end() for ObjectCreateRule[className=org.apache.tomcat.util.modeler.OperationInfo, attributeName=null]
2019-12-06 11:18:43.968 DEBUG 7503 --- [    Test worker] o.apache.tomcat.util.digester.Digester   : [ObjectCreateRule]{mbeans-descriptors/mbean/operation} Pop org.apache.tomcat.util.modeler.OperationInfo
2019-12-06 11:18:43.968 DEBUG 7503 --- [    Test worker] o.a.tomcat.util.digester.Digester.sax    : characters(

    )
2019-12-06 11:18:43.969 DEBUG 7503 --- [    Test worker] o.a.tomcat.util.digester.Digester.sax    : startElement(,,operation)
2019-12-06 11:18:43.969 DEBUG 7503 --- [    Test worker] o.apache.tomcat.util.digester.Digester   :   New match='mbeans-descriptors/mbean/operation'
2019-12-06 11:18:43.969 DEBUG 7503 --- [    Test worker] o.apache.tomcat.util.digester.Digester   :   Fire begin() for ObjectCreateRule[className=org.apache.tomcat.util.modeler.OperationInfo, attributeName=null]
2019-12-06 11:18:43.969 DEBUG 7503 --- [    Test worker] o.apache.tomcat.util.digester.Digester   :   Fire begin() for SetPropertiesRule[]
2019-12-06 11:18:43.969 DEBUG 7503 --- [    Test worker] o.apache.tomcat.util.digester.Digester   : [SetPropertiesRule]{mbeans-descriptors/mbean/operation} Set org.apache.tomcat.util.modeler.OperationInfo properties
2019-12-06 11:18:43.969 DEBUG 7503 --- [    Test worker] o.apache.tomcat.util.digester.Digester   : [SetPropertiesRule]{mbeans-descriptors/mbean/operation} Setting property 'name' to 'bind'
2019-12-06 11:18:43.969 DEBUG 7503 --- [    Test worker] o.apache.tomcat.util.IntrospectionUtils  : IntrospectionUtils: setProperty(class org.apache.tomcat.util.modeler.OperationInfo name=bind)
2019-12-06 11:18:43.969 DEBUG 7503 --- [    Test worker] o.apache.tomcat.util.digester.Digester   : [SetPropertiesRule]{mbeans-descriptors/mbean/operation} Setting property 'returnType' to 'void'
2019-12-06 11:18:43.970 DEBUG 7503 --- [    Test worker] o.apache.tomcat.util.IntrospectionUtils  : IntrospectionUtils: setProperty(class org.apache.tomcat.util.modeler.OperationInfo returnType=void)
2019-12-06 11:18:43.970 DEBUG 7503 --- [    Test worker] o.apache.tomcat.util.digester.Digester   :   Fire begin() for SetNextRule[methodName=addOperation, paramType=org.apache.tomcat.util.modeler.OperationInfo]
2019-12-06 11:18:43.970 DEBUG 7503 --- [    Test worker] o.a.tomcat.util.digester.Digester.sax    : endElement(,,operation)
2019-12-06 11:18:43.970 DEBUG 7503 --- [    Test worker] o.apache.tomcat.util.digester.Digester   :   match='mbeans-descriptors/mbean/operation'
2019-12-06 11:18:43.970 DEBUG 7503 --- [    Test worker] o.apache.tomcat.util.digester.Digester   :   bodyText=''
2019-12-06 11:18:43.970 DEBUG 7503 --- [    Test worker] o.apache.tomcat.util.digester.Digester   :   Fire body() for ObjectCreateRule[className=org.apache.tomcat.util.modeler.OperationInfo, attributeName=null]
2019-12-06 11:18:43.970 DEBUG 7503 --- [    Test worker] o.apache.tomcat.util.digester.Digester   :   Fire body() for SetPropertiesRule[]
2019-12-06 11:18:43.970 DEBUG 7503 --- [    Test worker] o.apache.tomcat.util.digester.Digester   :   Fire body() for SetNextRule[methodName=addOperation, paramType=org.apache.tomcat.util.modeler.OperationInfo]
2019-12-06 11:18:43.970 DEBUG 7503 --- [    Test worker] o.apache.tomcat.util.digester.Digester   :   Fire end() for SetNextRule[methodName=addOperation, paramType=org.apache.tomcat.util.modeler.OperationInfo]
2019-12-06 11:18:43.971 DEBUG 7503 --- [    Test worker] o.apache.tomcat.util.digester.Digester   : [SetNextRule]{mbeans-descriptors/mbean/operation} Call org.apache.tomcat.util.modeler.ManagedBean.addOperation(org.apache.tomcat.util.modeler.OperationInfo@7f4b7ac8)
2019-12-06 11:18:43.971 DEBUG 7503 --- [    Test worker] o.apache.tomcat.util.IntrospectionUtils  : IntrospectionUtils: callMethod1 org.apache.tomcat.util.modeler.ManagedBean org.apache.tomcat.util.modeler.OperationInfo org.apache.tomcat.util.modeler.OperationInfo
2019-12-06 11:18:43.971 DEBUG 7503 --- [    Test worker] o.apache.tomcat.util.digester.Digester   :   Fire end() for SetPropertiesRule[]
2019-12-06 11:18:43.971 DEBUG 7503 --- [    Test worker] o.apache.tomcat.util.digester.Digester   :   Fire end() for ObjectCreateRule[className=org.apache.tomcat.util.modeler.OperationInfo, attributeName=null]
2019-12-06 11:18:43.971 DEBUG 7503 --- [    Test worker] o.apache.tomcat.util.digester.Digester   : [ObjectCreateRule]{mbeans-descriptors/mbean/operation} Pop org.apache.tomcat.util.modeler.OperationInfo
2019-12-06 11:18:43.971 DEBUG 7503 --- [    Test worker] o.a.tomcat.util.digester.Digester.sax    : characters(

    )
2019-12-06 11:18:43.971 DEBUG 7503 --- [    Test worker] o.a.tomcat.util.digester.Digester.sax    : startElement(,,operation)
2019-12-06 11:18:43.971 DEBUG 7503 --- [    Test worker] o.apache.tomcat.util.digester.Digester   :   New match='mbeans-descriptors/mbean/operation'
2019-12-06 11:18:43.971 DEBUG 7503 --- [    Test worker] o.apache.tomcat.util.digester.Digester   :   Fire begin() for ObjectCreateRule[className=org.apache.tomcat.util.modeler.OperationInfo, attributeName=null]
2019-12-06 11:18:43.972 DEBUG 7503 --- [    Test worker] o.apache.tomcat.util.digester.Digester   :   Fire begin() for SetPropertiesRule[]
2019-12-06 11:18:43.972 DEBUG 7503 --- [    Test worker] o.apache.tomcat.util.digester.Digester   : [SetPropertiesRule]{mbeans-descriptors/mbean/operation} Set org.apache.tomcat.util.modeler.OperationInfo properties
2019-12-06 11:18:43.972 DEBUG 7503 --- [    Test worker] o.apache.tomcat.util.digester.Digester   : [SetPropertiesRule]{mbeans-descriptors/mbean/operation} Setting property 'name' to 'closeServerSocketGraceful'
2019-12-06 11:18:43.972 DEBUG 7503 --- [    Test worker] o.apache.tomcat.util.IntrospectionUtils  : IntrospectionUtils: setProperty(class org.apache.tomcat.util.modeler.OperationInfo name=closeServerSocketGraceful)
2019-12-06 11:18:43.972 DEBUG 7503 --- [    Test worker] o.apache.tomcat.util.digester.Digester   : [SetPropertiesRule]{mbeans-descriptors/mbean/operation} Setting property 'returnType' to 'void'
2019-12-06 11:18:43.972 DEBUG 7503 --- [    Test worker] o.apache.tomcat.util.IntrospectionUtils  : IntrospectionUtils: setProperty(class org.apache.tomcat.util.modeler.OperationInfo returnType=void)
2019-12-06 11:18:43.972 DEBUG 7503 --- [    Test worker] o.apache.tomcat.util.digester.Digester   :   Fire begin() for SetNextRule[methodName=addOperation, paramType=org.apache.tomcat.util.modeler.OperationInfo]
2019-12-06 11:18:43.972 DEBUG 7503 --- [    Test worker] o.a.tomcat.util.digester.Digester.sax    : endElement(,,operation)
2019-12-06 11:18:43.972 DEBUG 7503 --- [    Test worker] o.apache.tomcat.util.digester.Digester   :   match='mbeans-descriptors/mbean/operation'
2019-12-06 11:18:43.973 DEBUG 7503 --- [    Test worker] o.apache.tomcat.util.digester.Digester   :   bodyText=''
2019-12-06 11:18:43.973 DEBUG 7503 --- [    Test worker] o.apache.tomcat.util.digester.Digester   :   Fire body() for ObjectCreateRule[className=org.apache.tomcat.util.modeler.OperationInfo, attributeName=null]
2019-12-06 11:18:43.973 DEBUG 7503 --- [    Test worker] o.apache.tomcat.util.digester.Digester   :   Fire body() for SetPropertiesRule[]
2019-12-06 11:18:43.973 DEBUG 7503 --- [    Test worker] o.apache.tomcat.util.digester.Digester   :   Fire body() for SetNextRule[methodName=addOperation, paramType=org.apache.tomcat.util.modeler.OperationInfo]
2019-12-06 11:18:43.973 DEBUG 7503 --- [    Test worker] o.apache.tomcat.util.digester.Digester   :   Fire end() for SetNextRule[methodName=addOperation, paramType=org.apache.tomcat.util.modeler.OperationInfo]
2019-12-06 11:18:43.973 DEBUG 7503 --- [    Test worker] o.apache.tomcat.util.digester.Digester   : [SetNextRule]{mbeans-descriptors/mbean/operation} Call org.apache.tomcat.util.modeler.ManagedBean.addOperation(org.apache.tomcat.util.modeler.OperationInfo@3d7df1a1)
2019-12-06 11:18:43.973 DEBUG 7503 --- [    Test worker] o.apache.tomcat.util.IntrospectionUtils  : IntrospectionUtils: callMethod1 org.apache.tomcat.util.modeler.ManagedBean org.apache.tomcat.util.modeler.OperationInfo org.apache.tomcat.util.modeler.OperationInfo
2019-12-06 11:18:43.973 DEBUG 7503 --- [    Test worker] o.apache.tomcat.util.digester.Digester   :   Fire end() for SetPropertiesRule[]
2019-12-06 11:18:43.973 DEBUG 7503 --- [    Test worker] o.apache.tomcat.util.digester.Digester   :   Fire end() for ObjectCreateRule[className=org.apache.tomcat.util.modeler.OperationInfo, attributeName=null]
2019-12-06 11:18:43.974 DEBUG 7503 --- [    Test worker] o.apache.tomcat.util.digester.Digester   : [ObjectCreateRule]{mbeans-descriptors/mbean/operation} Pop org.apache.tomcat.util.modeler.OperationInfo
2019-12-06 11:18:43.974 DEBUG 7503 --- [    Test worker] o.a.tomcat.util.digester.Digester.sax    : characters(

    )
2019-12-06 11:18:43.974 DEBUG 7503 --- [    Test worker] o.a.tomcat.util.digester.Digester.sax    : startElement(,,operation)
2019-12-06 11:18:43.974 DEBUG 7503 --- [    Test worker] o.apache.tomcat.util.digester.Digester   :   New match='mbeans-descriptors/mbean/operation'
2019-12-06 11:18:43.974 DEBUG 7503 --- [    Test worker] o.apache.tomcat.util.digester.Digester   :   Fire begin() for ObjectCreateRule[className=org.apache.tomcat.util.modeler.OperationInfo, attributeName=null]
2019-12-06 11:18:43.974 DEBUG 7503 --- [    Test worker] o.apache.tomcat.util.digester.Digester   :   Fire begin() for SetPropertiesRule[]
2019-12-06 11:18:43.974 DEBUG 7503 --- [    Test worker] o.apache.tomcat.util.digester.Digester   : [SetPropertiesRule]{mbeans-descriptors/mbean/operation} Set org.apache.tomcat.util.modeler.OperationInfo properties
2019-12-06 11:18:43.974 DEBUG 7503 --- [    Test worker] o.apache.tomcat.util.digester.Digester   : [SetPropertiesRule]{mbeans-descriptors/mbean/operation} Setting property 'name' to 'createExecutor'
2019-12-06 11:18:43.974 DEBUG 7503 --- [    Test worker] o.apache.tomcat.util.IntrospectionUtils  : IntrospectionUtils: setProperty(class org.apache.tomcat.util.modeler.OperationInfo name=createExecutor)
2019-12-06 11:18:43.975 DEBUG 7503 --- [    Test worker] o.apache.tomcat.util.digester.Digester   : [SetPropertiesRule]{mbeans-descriptors/mbean/operation} Setting property 'returnType' to 'void'
2019-12-06 11:18:43.975 DEBUG 7503 --- [    Test worker] o.apache.tomcat.util.IntrospectionUtils  : IntrospectionUtils: setProperty(class org.apache.tomcat.util.modeler.OperationInfo returnType=void)
2019-12-06 11:18:43.975 DEBUG 7503 --- [    Test worker] o.apache.tomcat.util.digester.Digester   :   Fire begin() for SetNextRule[methodName=addOperation, paramType=org.apache.tomcat.util.modeler.OperationInfo]
2019-12-06 11:18:43.975 DEBUG 7503 --- [    Test worker] o.a.tomcat.util.digester.Digester.sax    : endElement(,,operation)
2019-12-06 11:18:43.975 DEBUG 7503 --- [    Test worker] o.apache.tomcat.util.digester.Digester   :   match='mbeans-descriptors/mbean/operation'
2019-12-06 11:18:43.975 DEBUG 7503 --- [    Test worker] o.apache.tomcat.util.digester.Digester   :   bodyText=''
2019-12-06 11:18:43.975 DEBUG 7503 --- [    Test worker] o.apache.tomcat.util.digester.Digester   :   Fire body() for ObjectCreateRule[className=org.apache.tomcat.util.modeler.OperationInfo, attributeName=null]
2019-12-06 11:18:43.975 DEBUG 7503 --- [    Test worker] o.apache.tomcat.util.digester.Digester   :   Fire body() for SetPropertiesRule[]
2019-12-06 11:18:43.976 DEBUG 7503 --- [    Test worker] o.apache.tomcat.util.digester.Digester   :   Fire body() for SetNextRule[methodName=addOperation, paramType=org.apache.tomcat.util.modeler.OperationInfo]
2019-12-06 11:18:43.976 DEBUG 7503 --- [    Test worker] o.apache.tomcat.util.digester.Digester   :   Fire end() for SetNextRule[methodName=addOperation, paramType=org.apache.tomcat.util.modeler.OperationInfo]
2019-12-06 11:18:43.976 DEBUG 7503 --- [    Test worker] o.apache.tomcat.util.digester.Digester   : [SetNextRule]{mbeans-descriptors/mbean/operation} Call org.apache.tomcat.util.modeler.ManagedBean.addOperation(org.apache.tomcat.util.modeler.OperationInfo@4ea57c16)
2019-12-06 11:18:43.976 DEBUG 7503 --- [    Test worker] o.apache.tomcat.util.IntrospectionUtils  : IntrospectionUtils: callMethod1 org.apache.tomcat.util.modeler.ManagedBean org.apache.tomcat.util.modeler.OperationInfo org.apache.tomcat.util.modeler.OperationInfo
2019-12-06 11:18:43.976 DEBUG 7503 --- [    Test worker] o.apache.tomcat.util.digester.Digester   :   Fire end() for SetPropertiesRule[]
2019-12-06 11:18:43.976 DEBUG 7503 --- [    Test worker] o.apache.tomcat.util.digester.Digester   :   Fire end() for ObjectCreateRule[className=org.apache.tomcat.util.modeler.OperationInfo, attributeName=null]
2019-12-06 11:18:43.976 DEBUG 7503 --- [    Test worker] o.apache.tomcat.util.digester.Digester   : [ObjectCreateRule]{mbeans-descriptors/mbean/operation} Pop org.apache.tomcat.util.modeler.OperationInfo
2019-12-06 11:18:43.976 DEBUG 7503 --- [    Test worker] o.a.tomcat.util.digester.Digester.sax    : characters(

    )
2019-12-06 11:18:43.976 DEBUG 7503 --- [    Test worker] o.a.tomcat.util.digester.Digester.sax    : startElement(,,operation)
2019-12-06 11:18:43.977 DEBUG 7503 --- [    Test worker] o.apache.tomcat.util.digester.Digester   :   New match='mbeans-descriptors/mbean/operation'
2019-12-06 11:18:43.977 DEBUG 7503 --- [    Test worker] o.apache.tomcat.util.digester.Digester   :   Fire begin() for ObjectCreateRule[className=org.apache.tomcat.util.modeler.OperationInfo, attributeName=null]
2019-12-06 11:18:43.977 DEBUG 7503 --- [    Test worker] o.apache.tomcat.util.digester.Digester   :   Fire begin() for SetPropertiesRule[]
2019-12-06 11:18:43.977 DEBUG 7503 --- [    Test worker] o.apache.tomcat.util.digester.Digester   : [SetPropertiesRule]{mbeans-descriptors/mbean/operation} Set org.apache.tomcat.util.modeler.OperationInfo properties
2019-12-06 11:18:43.977 DEBUG 7503 --- [    Test worker] o.apache.tomcat.util.digester.Digester   : [SetPropertiesRule]{mbeans-descriptors/mbean/operation} Setting property 'name' to 'destroy'
2019-12-06 11:18:43.977 DEBUG 7503 --- [    Test worker] o.apache.tomcat.util.IntrospectionUtils  : IntrospectionUtils: setProperty(class org.apache.tomcat.util.modeler.OperationInfo name=destroy)
2019-12-06 11:18:43.977 DEBUG 7503 --- [    Test worker] o.apache.tomcat.util.digester.Digester   : [SetPropertiesRule]{mbeans-descriptors/mbean/operation} Setting property 'returnType' to 'void'
2019-12-06 11:18:43.977 DEBUG 7503 --- [    Test worker] o.apache.tomcat.util.IntrospectionUtils  : IntrospectionUtils: setProperty(class org.apache.tomcat.util.modeler.OperationInfo returnType=void)
2019-12-06 11:18:43.977 DEBUG 7503 --- [    Test worker] o.apache.tomcat.util.digester.Digester   :   Fire begin() for SetNextRule[methodName=addOperation, paramType=org.apache.tomcat.util.modeler.OperationInfo]
2019-12-06 11:18:43.978 DEBUG 7503 --- [    Test worker] o.a.tomcat.util.digester.Digester.sax    : endElement(,,operation)
2019-12-06 11:18:43.978 DEBUG 7503 --- [    Test worker] o.apache.tomcat.util.digester.Digester   :   match='mbeans-descriptors/mbean/operation'
2019-12-06 11:18:43.978 DEBUG 7503 --- [    Test worker] o.apache.tomcat.util.digester.Digester   :   bodyText=''
2019-12-06 11:18:43.978 DEBUG 7503 --- [    Test worker] o.apache.tomcat.util.digester.Digester   :   Fire body() for ObjectCreateRule[className=org.apache.tomcat.util.modeler.OperationInfo, attributeName=null]
2019-12-06 11:18:43.978 DEBUG 7503 --- [    Test worker] o.apache.tomcat.util.digester.Digester   :   Fire body() for SetPropertiesRule[]
2019-12-06 11:18:43.978 DEBUG 7503 --- [    Test worker] o.apache.tomcat.util.digester.Digester   :   Fire body() for SetNextRule[methodName=addOperation, paramType=org.apache.tomcat.util.modeler.OperationInfo]
2019-12-06 11:18:43.978 DEBUG 7503 --- [    Test worker] o.apache.tomcat.util.digester.Digester   :   Fire end() for SetNextRule[methodName=addOperation, paramType=org.apache.tomcat.util.modeler.OperationInfo]
2019-12-06 11:18:43.978 DEBUG 7503 --- [    Test worker] o.apache.tomcat.util.digester.Digester   : [SetNextRule]{mbeans-descriptors/mbean/operation} Call org.apache.tomcat.util.modeler.ManagedBean.addOperation(org.apache.tomcat.util.modeler.OperationInfo@7d55a50b)
2019-12-06 11:18:43.979 DEBUG 7503 --- [    Test worker] o.apache.tomcat.util.IntrospectionUtils  : IntrospectionUtils: callMethod1 org.apache.tomcat.util.modeler.ManagedBean org.apache.tomcat.util.modeler.OperationInfo org.apache.tomcat.util.modeler.OperationInfo
2019-12-06 11:18:43.979 DEBUG 7503 --- [    Test worker] o.apache.tomcat.util.digester.Digester   :   Fire end() for SetPropertiesRule[]
2019-12-06 11:18:43.979 DEBUG 7503 --- [    Test worker] o.apache.tomcat.util.digester.Digester   :   Fire end() for ObjectCreateRule[className=org.apache.tomcat.util.modeler.OperationInfo, attributeName=null]
2019-12-06 11:18:43.979 DEBUG 7503 --- [    Test worker] o.apache.tomcat.util.digester.Digester   : [ObjectCreateRule]{mbeans-descriptors/mbean/operation} Pop org.apache.tomcat.util.modeler.OperationInfo
2019-12-06 11:18:43.979 DEBUG 7503 --- [    Test worker] o.a.tomcat.util.digester.Digester.sax    : characters(

    )
2019-12-06 11:18:43.979 DEBUG 7503 --- [    Test worker] o.a.tomcat.util.digester.Digester.sax    : startElement(,,operation)
2019-12-06 11:18:43.979 DEBUG 7503 --- [    Test worker] o.apache.tomcat.util.digester.Digester   :   New match='mbeans-descriptors/mbean/operation'
2019-12-06 11:18:43.979 DEBUG 7503 --- [    Test worker] o.apache.tomcat.util.digester.Digester   :   Fire begin() for ObjectCreateRule[className=org.apache.tomcat.util.modeler.OperationInfo, attributeName=null]
2019-12-06 11:18:43.979 DEBUG 7503 --- [    Test worker] o.apache.tomcat.util.digester.Digester   :   Fire begin() for SetPropertiesRule[]
2019-12-06 11:18:43.980 DEBUG 7503 --- [    Test worker] o.apache.tomcat.util.digester.Digester   : [SetPropertiesRule]{mbeans-descriptors/mbean/operation} Set org.apache.tomcat.util.modeler.OperationInfo properties
2019-12-06 11:18:43.980 DEBUG 7503 --- [    Test worker] o.apache.tomcat.util.digester.Digester   : [SetPropertiesRule]{mbeans-descriptors/mbean/operation} Setting property 'name' to 'findSslHostConfigs'
2019-12-06 11:18:43.980 DEBUG 7503 --- [    Test worker] o.apache.tomcat.util.IntrospectionUtils  : IntrospectionUtils: setProperty(class org.apache.tomcat.util.modeler.OperationInfo name=findSslHostConfigs)
2019-12-06 11:18:43.980 DEBUG 7503 --- [    Test worker] o.apache.tomcat.util.digester.Digester   : [SetPropertiesRule]{mbeans-descriptors/mbean/operation} Setting property 'returnType' to '[Lorg.apache.tomcat.util.net.SSLHostConfig;'
2019-12-06 11:18:43.980 DEBUG 7503 --- [    Test worker] o.apache.tomcat.util.IntrospectionUtils  : IntrospectionUtils: setProperty(class org.apache.tomcat.util.modeler.OperationInfo returnType=[Lorg.apache.tomcat.util.net.SSLHostConfig;)
2019-12-06 11:18:43.980 DEBUG 7503 --- [    Test worker] o.apache.tomcat.util.digester.Digester   :   Fire begin() for SetNextRule[methodName=addOperation, paramType=org.apache.tomcat.util.modeler.OperationInfo]
2019-12-06 11:18:43.980 DEBUG 7503 --- [    Test worker] o.a.tomcat.util.digester.Digester.sax    : endElement(,,operation)
2019-12-06 11:18:43.980 DEBUG 7503 --- [    Test worker] o.apache.tomcat.util.digester.Digester   :   match='mbeans-descriptors/mbean/operation'
2019-12-06 11:18:43.981 DEBUG 7503 --- [    Test worker] o.apache.tomcat.util.digester.Digester   :   bodyText=''
2019-12-06 11:18:43.981 DEBUG 7503 --- [    Test worker] o.apache.tomcat.util.digester.Digester   :   Fire body() for ObjectCreateRule[className=org.apache.tomcat.util.modeler.OperationInfo, attributeName=null]
2019-12-06 11:18:43.981 DEBUG 7503 --- [    Test worker] o.apache.tomcat.util.digester.Digester   :   Fire body() for SetPropertiesRule[]
2019-12-06 11:18:43.981 DEBUG 7503 --- [    Test worker] o.apache.tomcat.util.digester.Digester   :   Fire body() for SetNextRule[methodName=addOperation, paramType=org.apache.tomcat.util.modeler.OperationInfo]
2019-12-06 11:18:43.981 DEBUG 7503 --- [    Test worker] o.apache.tomcat.util.digester.Digester   :   Fire end() for SetNextRule[methodName=addOperation, paramType=org.apache.tomcat.util.modeler.OperationInfo]
2019-12-06 11:18:43.981 DEBUG 7503 --- [    Test worker] o.apache.tomcat.util.digester.Digester   : [SetNextRule]{mbeans-descriptors/mbean/operation} Call org.apache.tomcat.util.modeler.ManagedBean.addOperation(org.apache.tomcat.util.modeler.OperationInfo@596c1d53)
2019-12-06 11:18:43.981 DEBUG 7503 --- [    Test worker] o.apache.tomcat.util.IntrospectionUtils  : IntrospectionUtils: callMethod1 org.apache.tomcat.util.modeler.ManagedBean org.apache.tomcat.util.modeler.OperationInfo org.apache.tomcat.util.modeler.OperationInfo
2019-12-06 11:18:43.981 DEBUG 7503 --- [    Test worker] o.apache.tomcat.util.digester.Digester   :   Fire end() for SetPropertiesRule[]
2019-12-06 11:18:43.981 DEBUG 7503 --- [    Test worker] o.apache.tomcat.util.digester.Digester   :   Fire end() for ObjectCreateRule[className=org.apache.tomcat.util.modeler.OperationInfo, attributeName=null]
2019-12-06 11:18:43.982 DEBUG 7503 --- [    Test worker] o.apache.tomcat.util.digester.Digester   : [ObjectCreateRule]{mbeans-descriptors/mbean/operation} Pop org.apache.tomcat.util.modeler.OperationInfo
2019-12-06 11:18:43.982 DEBUG 7503 --- [    Test worker] o.a.tomcat.util.digester.Digester.sax    : characters(

    )
2019-12-06 11:18:43.982 DEBUG 7503 --- [    Test worker] o.a.tomcat.util.digester.Digester.sax    : startElement(,,operation)
2019-12-06 11:18:43.982 DEBUG 7503 --- [    Test worker] o.apache.tomcat.util.digester.Digester   :   New match='mbeans-descriptors/mbean/operation'
2019-12-06 11:18:43.982 DEBUG 7503 --- [    Test worker] o.apache.tomcat.util.digester.Digester   :   Fire begin() for ObjectCreateRule[className=org.apache.tomcat.util.modeler.OperationInfo, attributeName=null]
2019-12-06 11:18:43.982 DEBUG 7503 --- [    Test worker] o.apache.tomcat.util.digester.Digester   :   Fire begin() for SetPropertiesRule[]
2019-12-06 11:18:43.982 DEBUG 7503 --- [    Test worker] o.apache.tomcat.util.digester.Digester   : [SetPropertiesRule]{mbeans-descriptors/mbean/operation} Set org.apache.tomcat.util.modeler.OperationInfo properties
2019-12-06 11:18:43.982 DEBUG 7503 --- [    Test worker] o.apache.tomcat.util.digester.Digester   : [SetPropertiesRule]{mbeans-descriptors/mbean/operation} Setting property 'name' to 'getAttribute'
2019-12-06 11:18:43.983 DEBUG 7503 --- [    Test worker] o.apache.tomcat.util.IntrospectionUtils  : IntrospectionUtils: setProperty(class org.apache.tomcat.util.modeler.OperationInfo name=getAttribute)
2019-12-06 11:18:43.983 DEBUG 7503 --- [    Test worker] o.apache.tomcat.util.digester.Digester   : [SetPropertiesRule]{mbeans-descriptors/mbean/operation} Setting property 'returnType' to 'java.lang.Object'
2019-12-06 11:18:43.983 DEBUG 7503 --- [    Test worker] o.apache.tomcat.util.IntrospectionUtils  : IntrospectionUtils: setProperty(class org.apache.tomcat.util.modeler.OperationInfo returnType=java.lang.Object)
2019-12-06 11:18:43.983 DEBUG 7503 --- [    Test worker] o.apache.tomcat.util.digester.Digester   :   Fire begin() for SetNextRule[methodName=addOperation, paramType=org.apache.tomcat.util.modeler.OperationInfo]
2019-12-06 11:18:43.983 DEBUG 7503 --- [    Test worker] o.a.tomcat.util.digester.Digester.sax    : characters(
      )
2019-12-06 11:18:43.983 DEBUG 7503 --- [    Test worker] o.a.tomcat.util.digester.Digester.sax    : startElement(,,parameter)
2019-12-06 11:18:43.983 DEBUG 7503 --- [    Test worker] o.apache.tomcat.util.digester.Digester   :   New match='mbeans-descriptors/mbean/operation/parameter'
2019-12-06 11:18:43.983 DEBUG 7503 --- [    Test worker] o.apache.tomcat.util.digester.Digester   :   Fire begin() for ObjectCreateRule[className=org.apache.tomcat.util.modeler.ParameterInfo, attributeName=null]
2019-12-06 11:18:43.983 DEBUG 7503 --- [    Test worker] o.apache.tomcat.util.digester.Digester   :   Fire begin() for SetPropertiesRule[]
2019-12-06 11:18:43.984 DEBUG 7503 --- [    Test worker] o.apache.tomcat.util.digester.Digester   : [SetPropertiesRule]{mbeans-descriptors/mbean/operation/parameter} Set org.apache.tomcat.util.modeler.ParameterInfo properties
2019-12-06 11:18:43.984 DEBUG 7503 --- [    Test worker] o.apache.tomcat.util.digester.Digester   : [SetPropertiesRule]{mbeans-descriptors/mbean/operation/parameter} Setting property 'name' to 'param0'
2019-12-06 11:18:43.984 DEBUG 7503 --- [    Test worker] o.apache.tomcat.util.IntrospectionUtils  : IntrospectionUtils: setProperty(class org.apache.tomcat.util.modeler.ParameterInfo name=param0)
2019-12-06 11:18:43.984 DEBUG 7503 --- [    Test worker] o.apache.tomcat.util.digester.Digester   : [SetPropertiesRule]{mbeans-descriptors/mbean/operation/parameter} Setting property 'type' to 'java.lang.String'
2019-12-06 11:18:43.984 DEBUG 7503 --- [    Test worker] o.apache.tomcat.util.IntrospectionUtils  : IntrospectionUtils: setProperty(class org.apache.tomcat.util.modeler.ParameterInfo type=java.lang.String)
2019-12-06 11:18:43.984 DEBUG 7503 --- [    Test worker] o.apache.tomcat.util.digester.Digester   :   Fire begin() for SetNextRule[methodName=addParameter, paramType=org.apache.tomcat.util.modeler.ParameterInfo]
2019-12-06 11:18:43.984 DEBUG 7503 --- [    Test worker] o.a.tomcat.util.digester.Digester.sax    : endElement(,,parameter)
2019-12-06 11:18:43.984 DEBUG 7503 --- [    Test worker] o.apache.tomcat.util.digester.Digester   :   match='mbeans-descriptors/mbean/operation/parameter'
2019-12-06 11:18:43.985 DEBUG 7503 --- [    Test worker] o.apache.tomcat.util.digester.Digester   :   bodyText=''
2019-12-06 11:18:43.985 DEBUG 7503 --- [    Test worker] o.apache.tomcat.util.digester.Digester   :   Fire body() for ObjectCreateRule[className=org.apache.tomcat.util.modeler.ParameterInfo, attributeName=null]
2019-12-06 11:18:43.985 DEBUG 7503 --- [    Test worker] o.apache.tomcat.util.digester.Digester   :   Fire body() for SetPropertiesRule[]
2019-12-06 11:18:43.985 DEBUG 7503 --- [    Test worker] o.apache.tomcat.util.digester.Digester   :   Fire body() for SetNextRule[methodName=addParameter, paramType=org.apache.tomcat.util.modeler.ParameterInfo]
2019-12-06 11:18:43.985 DEBUG 7503 --- [    Test worker] o.apache.tomcat.util.digester.Digester   :   Fire end() for SetNextRule[methodName=addParameter, paramType=org.apache.tomcat.util.modeler.ParameterInfo]
2019-12-06 11:18:43.985 DEBUG 7503 --- [    Test worker] o.apache.tomcat.util.digester.Digester   : [SetNextRule]{mbeans-descriptors/mbean/operation/parameter} Call org.apache.tomcat.util.modeler.OperationInfo.addParameter(org.apache.tomcat.util.modeler.ParameterInfo@bce1f26)
2019-12-06 11:18:43.985 DEBUG 7503 --- [    Test worker] o.apache.tomcat.util.IntrospectionUtils  : IntrospectionUtils: callMethod1 org.apache.tomcat.util.modeler.OperationInfo org.apache.tomcat.util.modeler.ParameterInfo org.apache.tomcat.util.modeler.ParameterInfo
2019-12-06 11:18:43.985 DEBUG 7503 --- [    Test worker] o.apache.tomcat.util.digester.Digester   :   Fire end() for SetPropertiesRule[]
2019-12-06 11:18:43.985 DEBUG 7503 --- [    Test worker] o.apache.tomcat.util.digester.Digester   :   Fire end() for ObjectCreateRule[className=org.apache.tomcat.util.modeler.ParameterInfo, attributeName=null]
2019-12-06 11:18:43.986 DEBUG 7503 --- [    Test worker] o.apache.tomcat.util.digester.Digester   : [ObjectCreateRule]{mbeans-descriptors/mbean/operation/parameter} Pop org.apache.tomcat.util.modeler.ParameterInfo
2019-12-06 11:18:43.986 DEBUG 7503 --- [    Test worker] o.a.tomcat.util.digester.Digester.sax    : characters(
    )
2019-12-06 11:18:43.986 DEBUG 7503 --- [    Test worker] o.a.tomcat.util.digester.Digester.sax    : endElement(,,operation)
2019-12-06 11:18:43.986 DEBUG 7503 --- [    Test worker] o.apache.tomcat.util.digester.Digester   :   match='mbeans-descriptors/mbean/operation'
2019-12-06 11:18:43.986 DEBUG 7503 --- [    Test worker] o.apache.tomcat.util.digester.Digester   :   bodyText='
      
    '
2019-12-06 11:18:43.986 DEBUG 7503 --- [    Test worker] o.apache.tomcat.util.digester.Digester   :   Fire body() for ObjectCreateRule[className=org.apache.tomcat.util.modeler.OperationInfo, attributeName=null]
2019-12-06 11:18:43.986 DEBUG 7503 --- [    Test worker] o.apache.tomcat.util.digester.Digester   :   Fire body() for SetPropertiesRule[]
2019-12-06 11:18:43.986 DEBUG 7503 --- [    Test worker] o.apache.tomcat.util.digester.Digester   :   Fire body() for SetNextRule[methodName=addOperation, paramType=org.apache.tomcat.util.modeler.OperationInfo]
2019-12-06 11:18:43.986 DEBUG 7503 --- [    Test worker] o.apache.tomcat.util.digester.Digester   :   Fire end() for SetNextRule[methodName=addOperation, paramType=org.apache.tomcat.util.modeler.OperationInfo]
2019-12-06 11:18:43.987 DEBUG 7503 --- [    Test worker] o.apache.tomcat.util.digester.Digester   : [SetNextRule]{mbeans-descriptors/mbean/operation} Call org.apache.tomcat.util.modeler.ManagedBean.addOperation(org.apache.tomcat.util.modeler.OperationInfo@6eee9785)
2019-12-06 11:18:43.987 DEBUG 7503 --- [    Test worker] o.apache.tomcat.util.IntrospectionUtils  : IntrospectionUtils: callMethod1 org.apache.tomcat.util.modeler.ManagedBean org.apache.tomcat.util.modeler.OperationInfo org.apache.tomcat.util.modeler.OperationInfo
2019-12-06 11:18:43.987 DEBUG 7503 --- [    Test worker] o.apache.tomcat.util.digester.Digester   :   Fire end() for SetPropertiesRule[]
2019-12-06 11:18:43.987 DEBUG 7503 --- [    Test worker] o.apache.tomcat.util.digester.Digester   :   Fire end() for ObjectCreateRule[className=org.apache.tomcat.util.modeler.OperationInfo, attributeName=null]
2019-12-06 11:18:43.987 DEBUG 7503 --- [    Test worker] o.apache.tomcat.util.digester.Digester   : [ObjectCreateRule]{mbeans-descriptors/mbean/operation} Pop org.apache.tomcat.util.modeler.OperationInfo
2019-12-06 11:18:43.987 DEBUG 7503 --- [    Test worker] o.a.tomcat.util.digester.Digester.sax    : characters(

    )
2019-12-06 11:18:43.987 DEBUG 7503 --- [    Test worker] o.a.tomcat.util.digester.Digester.sax    : startElement(,,operation)
2019-12-06 11:18:43.987 DEBUG 7503 --- [    Test worker] o.apache.tomcat.util.digester.Digester   :   New match='mbeans-descriptors/mbean/operation'
2019-12-06 11:18:43.988 DEBUG 7503 --- [    Test worker] o.apache.tomcat.util.digester.Digester   :   Fire begin() for ObjectCreateRule[className=org.apache.tomcat.util.modeler.OperationInfo, attributeName=null]
2019-12-06 11:18:43.988 DEBUG 7503 --- [    Test worker] o.apache.tomcat.util.digester.Digester   :   Fire begin() for SetPropertiesRule[]
2019-12-06 11:18:43.988 DEBUG 7503 --- [    Test worker] o.apache.tomcat.util.digester.Digester   : [SetPropertiesRule]{mbeans-descriptors/mbean/operation} Set org.apache.tomcat.util.modeler.OperationInfo properties
2019-12-06 11:18:43.988 DEBUG 7503 --- [    Test worker] o.apache.tomcat.util.digester.Digester   : [SetPropertiesRule]{mbeans-descriptors/mbean/operation} Setting property 'name' to 'getProperty'
2019-12-06 11:18:43.988 DEBUG 7503 --- [    Test worker] o.apache.tomcat.util.IntrospectionUtils  : IntrospectionUtils: setProperty(class org.apache.tomcat.util.modeler.OperationInfo name=getProperty)
2019-12-06 11:18:43.988 DEBUG 7503 --- [    Test worker] o.apache.tomcat.util.digester.Digester   : [SetPropertiesRule]{mbeans-descriptors/mbean/operation} Setting property 'returnType' to 'java.lang.String'
2019-12-06 11:18:43.988 DEBUG 7503 --- [    Test worker] o.apache.tomcat.util.IntrospectionUtils  : IntrospectionUtils: setProperty(class org.apache.tomcat.util.modeler.OperationInfo returnType=java.lang.String)
2019-12-06 11:18:43.988 DEBUG 7503 --- [    Test worker] o.apache.tomcat.util.digester.Digester   :   Fire begin() for SetNextRule[methodName=addOperation, paramType=org.apache.tomcat.util.modeler.OperationInfo]
2019-12-06 11:18:43.989 DEBUG 7503 --- [    Test worker] o.a.tomcat.util.digester.Digester.sax    : characters(
      )
2019-12-06 11:18:43.989 DEBUG 7503 --- [    Test worker] o.a.tomcat.util.digester.Digester.sax    : startElement(,,parameter)
2019-12-06 11:18:43.989 DEBUG 7503 --- [    Test worker] o.apache.tomcat.util.digester.Digester   :   New match='mbeans-descriptors/mbean/operation/parameter'
2019-12-06 11:18:43.989 DEBUG 7503 --- [    Test worker] o.apache.tomcat.util.digester.Digester   :   Fire begin() for ObjectCreateRule[className=org.apache.tomcat.util.modeler.ParameterInfo, attributeName=null]
2019-12-06 11:18:43.989 DEBUG 7503 --- [    Test worker] o.apache.tomcat.util.digester.Digester   :   Fire begin() for SetPropertiesRule[]
2019-12-06 11:18:43.989 DEBUG 7503 --- [    Test worker] o.apache.tomcat.util.digester.Digester   : [SetPropertiesRule]{mbeans-descriptors/mbean/operation/parameter} Set org.apache.tomcat.util.modeler.ParameterInfo properties
2019-12-06 11:18:43.989 DEBUG 7503 --- [    Test worker] o.apache.tomcat.util.digester.Digester   : [SetPropertiesRule]{mbeans-descriptors/mbean/operation/parameter} Setting property 'name' to 'param0'
2019-12-06 11:18:43.989 DEBUG 7503 --- [    Test worker] o.apache.tomcat.util.IntrospectionUtils  : IntrospectionUtils: setProperty(class org.apache.tomcat.util.modeler.ParameterInfo name=param0)
2019-12-06 11:18:43.990 DEBUG 7503 --- [    Test worker] o.apache.tomcat.util.digester.Digester   : [SetPropertiesRule]{mbeans-descriptors/mbean/operation/parameter} Setting property 'type' to 'java.lang.String'
2019-12-06 11:18:43.990 DEBUG 7503 --- [    Test worker] o.apache.tomcat.util.IntrospectionUtils  : IntrospectionUtils: setProperty(class org.apache.tomcat.util.modeler.ParameterInfo type=java.lang.String)
2019-12-06 11:18:43.990 DEBUG 7503 --- [    Test worker] o.apache.tomcat.util.digester.Digester   :   Fire begin() for SetNextRule[methodName=addParameter, paramType=org.apache.tomcat.util.modeler.ParameterInfo]
2019-12-06 11:18:43.990 DEBUG 7503 --- [    Test worker] o.a.tomcat.util.digester.Digester.sax    : endElement(,,parameter)
2019-12-06 11:18:43.990 DEBUG 7503 --- [    Test worker] o.apache.tomcat.util.digester.Digester   :   match='mbeans-descriptors/mbean/operation/parameter'
2019-12-06 11:18:43.990 DEBUG 7503 --- [    Test worker] o.apache.tomcat.util.digester.Digester   :   bodyText=''
2019-12-06 11:18:43.990 DEBUG 7503 --- [    Test worker] o.apache.tomcat.util.digester.Digester   :   Fire body() for ObjectCreateRule[className=org.apache.tomcat.util.modeler.ParameterInfo, attributeName=null]
2019-12-06 11:18:43.990 DEBUG 7503 --- [    Test worker] o.apache.tomcat.util.digester.Digester   :   Fire body() for SetPropertiesRule[]
2019-12-06 11:18:43.991 DEBUG 7503 --- [    Test worker] o.apache.tomcat.util.digester.Digester   :   Fire body() for SetNextRule[methodName=addParameter, paramType=org.apache.tomcat.util.modeler.ParameterInfo]
2019-12-06 11:18:43.991 DEBUG 7503 --- [    Test worker] o.apache.tomcat.util.digester.Digester   :   Fire end() for SetNextRule[methodName=addParameter, paramType=org.apache.tomcat.util.modeler.ParameterInfo]
2019-12-06 11:18:43.991 DEBUG 7503 --- [    Test worker] o.apache.tomcat.util.digester.Digester   : [SetNextRule]{mbeans-descriptors/mbean/operation/parameter} Call org.apache.tomcat.util.modeler.OperationInfo.addParameter(org.apache.tomcat.util.modeler.ParameterInfo@3ec31aae)
2019-12-06 11:18:43.991 DEBUG 7503 --- [    Test worker] o.apache.tomcat.util.IntrospectionUtils  : IntrospectionUtils: callMethod1 org.apache.tomcat.util.modeler.OperationInfo org.apache.tomcat.util.modeler.ParameterInfo org.apache.tomcat.util.modeler.ParameterInfo
2019-12-06 11:18:43.991 DEBUG 7503 --- [    Test worker] o.apache.tomcat.util.digester.Digester   :   Fire end() for SetPropertiesRule[]
2019-12-06 11:18:43.991 DEBUG 7503 --- [    Test worker] o.apache.tomcat.util.digester.Digester   :   Fire end() for ObjectCreateRule[className=org.apache.tomcat.util.modeler.ParameterInfo, attributeName=null]
2019-12-06 11:18:43.991 DEBUG 7503 --- [    Test worker] o.apache.tomcat.util.digester.Digester   : [ObjectCreateRule]{mbeans-descriptors/mbean/operation/parameter} Pop org.apache.tomcat.util.modeler.ParameterInfo
2019-12-06 11:18:43.991 DEBUG 7503 --- [    Test worker] o.a.tomcat.util.digester.Digester.sax    : characters(
    )
2019-12-06 11:18:43.992 DEBUG 7503 --- [    Test worker] o.a.tomcat.util.digester.Digester.sax    : endElement(,,operation)
2019-12-06 11:18:43.992 DEBUG 7503 --- [    Test worker] o.apache.tomcat.util.digester.Digester   :   match='mbeans-descriptors/mbean/operation'
2019-12-06 11:18:43.992 DEBUG 7503 --- [    Test worker] o.apache.tomcat.util.digester.Digester   :   bodyText='
      
    '
2019-12-06 11:18:43.992 DEBUG 7503 --- [    Test worker] o.apache.tomcat.util.digester.Digester   :   Fire body() for ObjectCreateRule[className=org.apache.tomcat.util.modeler.OperationInfo, attributeName=null]
2019-12-06 11:18:43.992 DEBUG 7503 --- [    Test worker] o.apache.tomcat.util.digester.Digester   :   Fire body() for SetPropertiesRule[]
2019-12-06 11:18:43.992 DEBUG 7503 --- [    Test worker] o.apache.tomcat.util.digester.Digester   :   Fire body() for SetNextRule[methodName=addOperation, paramType=org.apache.tomcat.util.modeler.OperationInfo]
2019-12-06 11:18:43.992 DEBUG 7503 --- [    Test worker] o.apache.tomcat.util.digester.Digester   :   Fire end() for SetNextRule[methodName=addOperation, paramType=org.apache.tomcat.util.modeler.OperationInfo]
2019-12-06 11:18:43.992 DEBUG 7503 --- [    Test worker] o.apache.tomcat.util.digester.Digester   : [SetNextRule]{mbeans-descriptors/mbean/operation} Call org.apache.tomcat.util.modeler.ManagedBean.addOperation(org.apache.tomcat.util.modeler.OperationInfo@77c1ea0)
2019-12-06 11:18:43.992 DEBUG 7503 --- [    Test worker] o.apache.tomcat.util.IntrospectionUtils  : IntrospectionUtils: callMethod1 org.apache.tomcat.util.modeler.ManagedBean org.apache.tomcat.util.modeler.OperationInfo org.apache.tomcat.util.modeler.OperationInfo
2019-12-06 11:18:43.993 DEBUG 7503 --- [    Test worker] o.apache.tomcat.util.digester.Digester   :   Fire end() for SetPropertiesRule[]
2019-12-06 11:18:43.993 DEBUG 7503 --- [    Test worker] o.apache.tomcat.util.digester.Digester   :   Fire end() for ObjectCreateRule[className=org.apache.tomcat.util.modeler.OperationInfo, attributeName=null]
2019-12-06 11:18:43.993 DEBUG 7503 --- [    Test worker] o.apache.tomcat.util.digester.Digester   : [ObjectCreateRule]{mbeans-descriptors/mbean/operation} Pop org.apache.tomcat.util.modeler.OperationInfo
2019-12-06 11:18:43.993 DEBUG 7503 --- [    Test worker] o.a.tomcat.util.digester.Digester.sax    : characters(

    )
2019-12-06 11:18:43.993 DEBUG 7503 --- [    Test worker] o.a.tomcat.util.digester.Digester.sax    : startElement(,,operation)
2019-12-06 11:18:43.993 DEBUG 7503 --- [    Test worker] o.apache.tomcat.util.digester.Digester   :   New match='mbeans-descriptors/mbean/operation'
2019-12-06 11:18:43.993 DEBUG 7503 --- [    Test worker] o.apache.tomcat.util.digester.Digester   :   Fire begin() for ObjectCreateRule[className=org.apache.tomcat.util.modeler.OperationInfo, attributeName=null]
2019-12-06 11:18:43.993 DEBUG 7503 --- [    Test worker] o.apache.tomcat.util.digester.Digester   :   Fire begin() for SetPropertiesRule[]
2019-12-06 11:18:43.994 DEBUG 7503 --- [    Test worker] o.apache.tomcat.util.digester.Digester   : [SetPropertiesRule]{mbeans-descriptors/mbean/operation} Set org.apache.tomcat.util.modeler.OperationInfo properties
2019-12-06 11:18:43.994 DEBUG 7503 --- [    Test worker] o.apache.tomcat.util.digester.Digester   : [SetPropertiesRule]{mbeans-descriptors/mbean/operation} Setting property 'name' to 'hasNegotiableProtocols'
2019-12-06 11:18:43.994 DEBUG 7503 --- [    Test worker] o.apache.tomcat.util.IntrospectionUtils  : IntrospectionUtils: setProperty(class org.apache.tomcat.util.modeler.OperationInfo name=hasNegotiableProtocols)
2019-12-06 11:18:43.994 DEBUG 7503 --- [    Test worker] o.apache.tomcat.util.digester.Digester   : [SetPropertiesRule]{mbeans-descriptors/mbean/operation} Setting property 'returnType' to 'boolean'
2019-12-06 11:18:43.994 DEBUG 7503 --- [    Test worker] o.apache.tomcat.util.IntrospectionUtils  : IntrospectionUtils: setProperty(class org.apache.tomcat.util.modeler.OperationInfo returnType=boolean)
2019-12-06 11:18:43.994 DEBUG 7503 --- [    Test worker] o.apache.tomcat.util.digester.Digester   :   Fire begin() for SetNextRule[methodName=addOperation, paramType=org.apache.tomcat.util.modeler.OperationInfo]
2019-12-06 11:18:43.994 DEBUG 7503 --- [    Test worker] o.a.tomcat.util.digester.Digester.sax    : endElement(,,operation)
2019-12-06 11:18:43.995 DEBUG 7503 --- [    Test worker] o.apache.tomcat.util.digester.Digester   :   match='mbeans-descriptors/mbean/operation'
2019-12-06 11:18:43.995 DEBUG 7503 --- [    Test worker] o.apache.tomcat.util.digester.Digester   :   bodyText=''
2019-12-06 11:18:43.995 DEBUG 7503 --- [    Test worker] o.apache.tomcat.util.digester.Digester   :   Fire body() for ObjectCreateRule[className=org.apache.tomcat.util.modeler.OperationInfo, attributeName=null]
2019-12-06 11:18:43.995 DEBUG 7503 --- [    Test worker] o.apache.tomcat.util.digester.Digester   :   Fire body() for SetPropertiesRule[]
2019-12-06 11:18:43.995 DEBUG 7503 --- [    Test worker] o.apache.tomcat.util.digester.Digester   :   Fire body() for SetNextRule[methodName=addOperation, paramType=org.apache.tomcat.util.modeler.OperationInfo]
2019-12-06 11:18:43.995 DEBUG 7503 --- [    Test worker] o.apache.tomcat.util.digester.Digester   :   Fire end() for SetNextRule[methodName=addOperation, paramType=org.apache.tomcat.util.modeler.OperationInfo]
2019-12-06 11:18:43.995 DEBUG 7503 --- [    Test worker] o.apache.tomcat.util.digester.Digester   : [SetNextRule]{mbeans-descriptors/mbean/operation} Call org.apache.tomcat.util.modeler.ManagedBean.addOperation(org.apache.tomcat.util.modeler.OperationInfo@7c300646)
2019-12-06 11:18:43.995 DEBUG 7503 --- [    Test worker] o.apache.tomcat.util.IntrospectionUtils  : IntrospectionUtils: callMethod1 org.apache.tomcat.util.modeler.ManagedBean org.apache.tomcat.util.modeler.OperationInfo org.apache.tomcat.util.modeler.OperationInfo
2019-12-06 11:18:43.996 DEBUG 7503 --- [    Test worker] o.apache.tomcat.util.digester.Digester   :   Fire end() for SetPropertiesRule[]
2019-12-06 11:18:43.996 DEBUG 7503 --- [    Test worker] o.apache.tomcat.util.digester.Digester   :   Fire end() for ObjectCreateRule[className=org.apache.tomcat.util.modeler.OperationInfo, attributeName=null]
2019-12-06 11:18:43.996 DEBUG 7503 --- [    Test worker] o.apache.tomcat.util.digester.Digester   : [ObjectCreateRule]{mbeans-descriptors/mbean/operation} Pop org.apache.tomcat.util.modeler.OperationInfo
2019-12-06 11:18:43.996 DEBUG 7503 --- [    Test worker] o.a.tomcat.util.digester.Digester.sax    : characters(

    )
2019-12-06 11:18:43.996 DEBUG 7503 --- [    Test worker] o.a.tomcat.util.digester.Digester.sax    : startElement(,,operation)
2019-12-06 11:18:43.996 DEBUG 7503 --- [    Test worker] o.apache.tomcat.util.digester.Digester   :   New match='mbeans-descriptors/mbean/operation'
2019-12-06 11:18:43.996 DEBUG 7503 --- [    Test worker] o.apache.tomcat.util.digester.Digester   :   Fire begin() for ObjectCreateRule[className=org.apache.tomcat.util.modeler.OperationInfo, attributeName=null]
2019-12-06 11:18:43.997 DEBUG 7503 --- [    Test worker] o.apache.tomcat.util.digester.Digester   :   Fire begin() for SetPropertiesRule[]
2019-12-06 11:18:43.997 DEBUG 7503 --- [    Test worker] o.apache.tomcat.util.digester.Digester   : [SetPropertiesRule]{mbeans-descriptors/mbean/operation} Set org.apache.tomcat.util.modeler.OperationInfo properties
2019-12-06 11:18:43.997 DEBUG 7503 --- [    Test worker] o.apache.tomcat.util.digester.Digester   : [SetPropertiesRule]{mbeans-descriptors/mbean/operation} Setting property 'name' to 'init'
2019-12-06 11:18:43.997 DEBUG 7503 --- [    Test worker] o.apache.tomcat.util.IntrospectionUtils  : IntrospectionUtils: setProperty(class org.apache.tomcat.util.modeler.OperationInfo name=init)
2019-12-06 11:18:43.997 DEBUG 7503 --- [    Test worker] o.apache.tomcat.util.digester.Digester   : [SetPropertiesRule]{mbeans-descriptors/mbean/operation} Setting property 'returnType' to 'void'
2019-12-06 11:18:43.997 DEBUG 7503 --- [    Test worker] o.apache.tomcat.util.IntrospectionUtils  : IntrospectionUtils: setProperty(class org.apache.tomcat.util.modeler.OperationInfo returnType=void)
2019-12-06 11:18:43.997 DEBUG 7503 --- [    Test worker] o.apache.tomcat.util.digester.Digester   :   Fire begin() for SetNextRule[methodName=addOperation, paramType=org.apache.tomcat.util.modeler.OperationInfo]
2019-12-06 11:18:43.997 DEBUG 7503 --- [    Test worker] o.a.tomcat.util.digester.Digester.sax    : endElement(,,operation)
2019-12-06 11:18:43.997 DEBUG 7503 --- [    Test worker] o.apache.tomcat.util.digester.Digester   :   match='mbeans-descriptors/mbean/operation'
2019-12-06 11:18:43.998 DEBUG 7503 --- [    Test worker] o.apache.tomcat.util.digester.Digester   :   bodyText=''
2019-12-06 11:18:43.998 DEBUG 7503 --- [    Test worker] o.apache.tomcat.util.digester.Digester   :   Fire body() for ObjectCreateRule[className=org.apache.tomcat.util.modeler.OperationInfo, attributeName=null]
2019-12-06 11:18:43.998 DEBUG 7503 --- [    Test worker] o.apache.tomcat.util.digester.Digester   :   Fire body() for SetPropertiesRule[]
2019-12-06 11:18:43.998 DEBUG 7503 --- [    Test worker] o.apache.tomcat.util.digester.Digester   :   Fire body() for SetNextRule[methodName=addOperation, paramType=org.apache.tomcat.util.modeler.OperationInfo]
2019-12-06 11:18:43.998 DEBUG 7503 --- [    Test worker] o.apache.tomcat.util.digester.Digester   :   Fire end() for SetNextRule[methodName=addOperation, paramType=org.apache.tomcat.util.modeler.OperationInfo]
2019-12-06 11:18:43.998 DEBUG 7503 --- [    Test worker] o.apache.tomcat.util.digester.Digester   : [SetNextRule]{mbeans-descriptors/mbean/operation} Call org.apache.tomcat.util.modeler.ManagedBean.addOperation(org.apache.tomcat.util.modeler.OperationInfo@6678e4fa)
2019-12-06 11:18:43.998 DEBUG 7503 --- [    Test worker] o.apache.tomcat.util.IntrospectionUtils  : IntrospectionUtils: callMethod1 org.apache.tomcat.util.modeler.ManagedBean org.apache.tomcat.util.modeler.OperationInfo org.apache.tomcat.util.modeler.OperationInfo
2019-12-06 11:18:43.998 DEBUG 7503 --- [    Test worker] o.apache.tomcat.util.digester.Digester   :   Fire end() for SetPropertiesRule[]
2019-12-06 11:18:43.999 DEBUG 7503 --- [    Test worker] o.apache.tomcat.util.digester.Digester   :   Fire end() for ObjectCreateRule[className=org.apache.tomcat.util.modeler.OperationInfo, attributeName=null]
2019-12-06 11:18:43.999 DEBUG 7503 --- [    Test worker] o.apache.tomcat.util.digester.Digester   : [ObjectCreateRule]{mbeans-descriptors/mbean/operation} Pop org.apache.tomcat.util.modeler.OperationInfo
2019-12-06 11:18:43.999 DEBUG 7503 --- [    Test worker] o.a.tomcat.util.digester.Digester.sax    : characters(

    )
2019-12-06 11:18:43.999 DEBUG 7503 --- [    Test worker] o.a.tomcat.util.digester.Digester.sax    : startElement(,,operation)
2019-12-06 11:18:43.999 DEBUG 7503 --- [    Test worker] o.apache.tomcat.util.digester.Digester   :   New match='mbeans-descriptors/mbean/operation'
2019-12-06 11:18:43.999 DEBUG 7503 --- [    Test worker] o.apache.tomcat.util.digester.Digester   :   Fire begin() for ObjectCreateRule[className=org.apache.tomcat.util.modeler.OperationInfo, attributeName=null]
2019-12-06 11:18:43.999 DEBUG 7503 --- [    Test worker] o.apache.tomcat.util.digester.Digester   :   Fire begin() for SetPropertiesRule[]
2019-12-06 11:18:43.999 DEBUG 7503 --- [    Test worker] o.apache.tomcat.util.digester.Digester   : [SetPropertiesRule]{mbeans-descriptors/mbean/operation} Set org.apache.tomcat.util.modeler.OperationInfo properties
2019-12-06 11:18:43.999 DEBUG 7503 --- [    Test worker] o.apache.tomcat.util.digester.Digester   : [SetPropertiesRule]{mbeans-descriptors/mbean/operation} Setting property 'name' to 'pause'
2019-12-06 11:18:44.000 DEBUG 7503 --- [    Test worker] o.apache.tomcat.util.IntrospectionUtils  : IntrospectionUtils: setProperty(class org.apache.tomcat.util.modeler.OperationInfo name=pause)
2019-12-06 11:18:44.000 DEBUG 7503 --- [    Test worker] o.apache.tomcat.util.digester.Digester   : [SetPropertiesRule]{mbeans-descriptors/mbean/operation} Setting property 'returnType' to 'void'
2019-12-06 11:18:44.000 DEBUG 7503 --- [    Test worker] o.apache.tomcat.util.IntrospectionUtils  : IntrospectionUtils: setProperty(class org.apache.tomcat.util.modeler.OperationInfo returnType=void)
2019-12-06 11:18:44.000 DEBUG 7503 --- [    Test worker] o.apache.tomcat.util.digester.Digester   :   Fire begin() for SetNextRule[methodName=addOperation, paramType=org.apache.tomcat.util.modeler.OperationInfo]
2019-12-06 11:18:44.000 DEBUG 7503 --- [    Test worker] o.a.tomcat.util.digester.Digester.sax    : endElement(,,operation)
2019-12-06 11:18:44.000 DEBUG 7503 --- [    Test worker] o.apache.tomcat.util.digester.Digester   :   match='mbeans-descriptors/mbean/operation'
2019-12-06 11:18:44.000 DEBUG 7503 --- [    Test worker] o.apache.tomcat.util.digester.Digester   :   bodyText=''
2019-12-06 11:18:44.000 DEBUG 7503 --- [    Test worker] o.apache.tomcat.util.digester.Digester   :   Fire body() for ObjectCreateRule[className=org.apache.tomcat.util.modeler.OperationInfo, attributeName=null]
2019-12-06 11:18:44.001 DEBUG 7503 --- [    Test worker] o.apache.tomcat.util.digester.Digester   :   Fire body() for SetPropertiesRule[]
2019-12-06 11:18:44.001 DEBUG 7503 --- [    Test worker] o.apache.tomcat.util.digester.Digester   :   Fire body() for SetNextRule[methodName=addOperation, paramType=org.apache.tomcat.util.modeler.OperationInfo]
2019-12-06 11:18:44.001 DEBUG 7503 --- [    Test worker] o.apache.tomcat.util.digester.Digester   :   Fire end() for SetNextRule[methodName=addOperation, paramType=org.apache.tomcat.util.modeler.OperationInfo]
2019-12-06 11:18:44.001 DEBUG 7503 --- [    Test worker] o.apache.tomcat.util.digester.Digester   : [SetNextRule]{mbeans-descriptors/mbean/operation} Call org.apache.tomcat.util.modeler.ManagedBean.addOperation(org.apache.tomcat.util.modeler.OperationInfo@404894f1)
2019-12-06 11:18:44.001 DEBUG 7503 --- [    Test worker] o.apache.tomcat.util.IntrospectionUtils  : IntrospectionUtils: callMethod1 org.apache.tomcat.util.modeler.ManagedBean org.apache.tomcat.util.modeler.OperationInfo org.apache.tomcat.util.modeler.OperationInfo
2019-12-06 11:18:44.001 DEBUG 7503 --- [    Test worker] o.apache.tomcat.util.digester.Digester   :   Fire end() for SetPropertiesRule[]
2019-12-06 11:18:44.001 DEBUG 7503 --- [    Test worker] o.apache.tomcat.util.digester.Digester   :   Fire end() for ObjectCreateRule[className=org.apache.tomcat.util.modeler.OperationInfo, attributeName=null]
2019-12-06 11:18:44.001 DEBUG 7503 --- [    Test worker] o.apache.tomcat.util.digester.Digester   : [ObjectCreateRule]{mbeans-descriptors/mbean/operation} Pop org.apache.tomcat.util.modeler.OperationInfo
2019-12-06 11:18:44.001 DEBUG 7503 --- [    Test worker] o.a.tomcat.util.digester.Digester.sax    : characters(

    )
2019-12-06 11:18:44.002 DEBUG 7503 --- [    Test worker] o.a.tomcat.util.digester.Digester.sax    : startElement(,,operation)
2019-12-06 11:18:44.002 DEBUG 7503 --- [    Test worker] o.apache.tomcat.util.digester.Digester   :   New match='mbeans-descriptors/mbean/operation'
2019-12-06 11:18:44.002 DEBUG 7503 --- [    Test worker] o.apache.tomcat.util.digester.Digester   :   Fire begin() for ObjectCreateRule[className=org.apache.tomcat.util.modeler.OperationInfo, attributeName=null]
2019-12-06 11:18:44.002 DEBUG 7503 --- [    Test worker] o.apache.tomcat.util.digester.Digester   :   Fire begin() for SetPropertiesRule[]
2019-12-06 11:18:44.002 DEBUG 7503 --- [    Test worker] o.apache.tomcat.util.digester.Digester   : [SetPropertiesRule]{mbeans-descriptors/mbean/operation} Set org.apache.tomcat.util.modeler.OperationInfo properties
2019-12-06 11:18:44.002 DEBUG 7503 --- [    Test worker] o.apache.tomcat.util.digester.Digester   : [SetPropertiesRule]{mbeans-descriptors/mbean/operation} Setting property 'name' to 'reloadSslHostConfig'
2019-12-06 11:18:44.002 DEBUG 7503 --- [    Test worker] o.apache.tomcat.util.IntrospectionUtils  : IntrospectionUtils: setProperty(class org.apache.tomcat.util.modeler.OperationInfo name=reloadSslHostConfig)
2019-12-06 11:18:44.003 DEBUG 7503 --- [    Test worker] o.apache.tomcat.util.digester.Digester   : [SetPropertiesRule]{mbeans-descriptors/mbean/operation} Setting property 'returnType' to 'void'
2019-12-06 11:18:44.003 DEBUG 7503 --- [    Test worker] o.apache.tomcat.util.IntrospectionUtils  : IntrospectionUtils: setProperty(class org.apache.tomcat.util.modeler.OperationInfo returnType=void)
2019-12-06 11:18:44.003 DEBUG 7503 --- [    Test worker] o.apache.tomcat.util.digester.Digester   :   Fire begin() for SetNextRule[methodName=addOperation, paramType=org.apache.tomcat.util.modeler.OperationInfo]
2019-12-06 11:18:44.003 DEBUG 7503 --- [    Test worker] o.a.tomcat.util.digester.Digester.sax    : characters(
      )
2019-12-06 11:18:44.003 DEBUG 7503 --- [    Test worker] o.a.tomcat.util.digester.Digester.sax    : startElement(,,parameter)
2019-12-06 11:18:44.003 DEBUG 7503 --- [    Test worker] o.apache.tomcat.util.digester.Digester   :   New match='mbeans-descriptors/mbean/operation/parameter'
2019-12-06 11:18:44.003 DEBUG 7503 --- [    Test worker] o.apache.tomcat.util.digester.Digester   :   Fire begin() for ObjectCreateRule[className=org.apache.tomcat.util.modeler.ParameterInfo, attributeName=null]
2019-12-06 11:18:44.003 DEBUG 7503 --- [    Test worker] o.apache.tomcat.util.digester.Digester   :   Fire begin() for SetPropertiesRule[]
2019-12-06 11:18:44.003 DEBUG 7503 --- [    Test worker] o.apache.tomcat.util.digester.Digester   : [SetPropertiesRule]{mbeans-descriptors/mbean/operation/parameter} Set org.apache.tomcat.util.modeler.ParameterInfo properties
2019-12-06 11:18:44.004 DEBUG 7503 --- [    Test worker] o.apache.tomcat.util.digester.Digester   : [SetPropertiesRule]{mbeans-descriptors/mbean/operation/parameter} Setting property 'name' to 'param0'
2019-12-06 11:18:44.004 DEBUG 7503 --- [    Test worker] o.apache.tomcat.util.IntrospectionUtils  : IntrospectionUtils: setProperty(class org.apache.tomcat.util.modeler.ParameterInfo name=param0)
2019-12-06 11:18:44.004 DEBUG 7503 --- [    Test worker] o.apache.tomcat.util.digester.Digester   : [SetPropertiesRule]{mbeans-descriptors/mbean/operation/parameter} Setting property 'type' to 'java.lang.String'
2019-12-06 11:18:44.004 DEBUG 7503 --- [    Test worker] o.apache.tomcat.util.IntrospectionUtils  : IntrospectionUtils: setProperty(class org.apache.tomcat.util.modeler.ParameterInfo type=java.lang.String)
2019-12-06 11:18:44.004 DEBUG 7503 --- [    Test worker] o.apache.tomcat.util.digester.Digester   :   Fire begin() for SetNextRule[methodName=addParameter, paramType=org.apache.tomcat.util.modeler.ParameterInfo]
2019-12-06 11:18:44.004 DEBUG 7503 --- [    Test worker] o.a.tomcat.util.digester.Digester.sax    : endElement(,,parameter)
2019-12-06 11:18:44.004 DEBUG 7503 --- [    Test worker] o.apache.tomcat.util.digester.Digester   :   match='mbeans-descriptors/mbean/operation/parameter'
2019-12-06 11:18:44.004 DEBUG 7503 --- [    Test worker] o.apache.tomcat.util.digester.Digester   :   bodyText=''
2019-12-06 11:18:44.005 DEBUG 7503 --- [    Test worker] o.apache.tomcat.util.digester.Digester   :   Fire body() for ObjectCreateRule[className=org.apache.tomcat.util.modeler.ParameterInfo, attributeName=null]
2019-12-06 11:18:44.005 DEBUG 7503 --- [    Test worker] o.apache.tomcat.util.digester.Digester   :   Fire body() for SetPropertiesRule[]
2019-12-06 11:18:44.005 DEBUG 7503 --- [    Test worker] o.apache.tomcat.util.digester.Digester   :   Fire body() for SetNextRule[methodName=addParameter, paramType=org.apache.tomcat.util.modeler.ParameterInfo]
2019-12-06 11:18:44.005 DEBUG 7503 --- [    Test worker] o.apache.tomcat.util.digester.Digester   :   Fire end() for SetNextRule[methodName=addParameter, paramType=org.apache.tomcat.util.modeler.ParameterInfo]
2019-12-06 11:18:44.005 DEBUG 7503 --- [    Test worker] o.apache.tomcat.util.digester.Digester   : [SetNextRule]{mbeans-descriptors/mbean/operation/parameter} Call org.apache.tomcat.util.modeler.OperationInfo.addParameter(org.apache.tomcat.util.modeler.ParameterInfo@27260b46)
2019-12-06 11:18:44.005 DEBUG 7503 --- [    Test worker] o.apache.tomcat.util.IntrospectionUtils  : IntrospectionUtils: callMethod1 org.apache.tomcat.util.modeler.OperationInfo org.apache.tomcat.util.modeler.ParameterInfo org.apache.tomcat.util.modeler.ParameterInfo
2019-12-06 11:18:44.005 DEBUG 7503 --- [    Test worker] o.apache.tomcat.util.digester.Digester   :   Fire end() for SetPropertiesRule[]
2019-12-06 11:18:44.005 DEBUG 7503 --- [    Test worker] o.apache.tomcat.util.digester.Digester   :   Fire end() for ObjectCreateRule[className=org.apache.tomcat.util.modeler.ParameterInfo, attributeName=null]
2019-12-06 11:18:44.005 DEBUG 7503 --- [    Test worker] o.apache.tomcat.util.digester.Digester   : [ObjectCreateRule]{mbeans-descriptors/mbean/operation/parameter} Pop org.apache.tomcat.util.modeler.ParameterInfo
2019-12-06 11:18:44.006 DEBUG 7503 --- [    Test worker] o.a.tomcat.util.digester.Digester.sax    : characters(
    )
2019-12-06 11:18:44.006 DEBUG 7503 --- [    Test worker] o.a.tomcat.util.digester.Digester.sax    : endElement(,,operation)
2019-12-06 11:18:44.006 DEBUG 7503 --- [    Test worker] o.apache.tomcat.util.digester.Digester   :   match='mbeans-descriptors/mbean/operation'
2019-12-06 11:18:44.006 DEBUG 7503 --- [    Test worker] o.apache.tomcat.util.digester.Digester   :   bodyText='
      
    '
2019-12-06 11:18:44.006 DEBUG 7503 --- [    Test worker] o.apache.tomcat.util.digester.Digester   :   Fire body() for ObjectCreateRule[className=org.apache.tomcat.util.modeler.OperationInfo, attributeName=null]
2019-12-06 11:18:44.006 DEBUG 7503 --- [    Test worker] o.apache.tomcat.util.digester.Digester   :   Fire body() for SetPropertiesRule[]
2019-12-06 11:18:44.006 DEBUG 7503 --- [    Test worker] o.apache.tomcat.util.digester.Digester   :   Fire body() for SetNextRule[methodName=addOperation, paramType=org.apache.tomcat.util.modeler.OperationInfo]
2019-12-06 11:18:44.006 DEBUG 7503 --- [    Test worker] o.apache.tomcat.util.digester.Digester   :   Fire end() for SetNextRule[methodName=addOperation, paramType=org.apache.tomcat.util.modeler.OperationInfo]
2019-12-06 11:18:44.007 DEBUG 7503 --- [    Test worker] o.apache.tomcat.util.digester.Digester   : [SetNextRule]{mbeans-descriptors/mbean/operation} Call org.apache.tomcat.util.modeler.ManagedBean.addOperation(org.apache.tomcat.util.modeler.OperationInfo@5bd82bd2)
2019-12-06 11:18:44.007 DEBUG 7503 --- [    Test worker] o.apache.tomcat.util.IntrospectionUtils  : IntrospectionUtils: callMethod1 org.apache.tomcat.util.modeler.ManagedBean org.apache.tomcat.util.modeler.OperationInfo org.apache.tomcat.util.modeler.OperationInfo
2019-12-06 11:18:44.007 DEBUG 7503 --- [    Test worker] o.apache.tomcat.util.digester.Digester   :   Fire end() for SetPropertiesRule[]
2019-12-06 11:18:44.007 DEBUG 7503 --- [    Test worker] o.apache.tomcat.util.digester.Digester   :   Fire end() for ObjectCreateRule[className=org.apache.tomcat.util.modeler.OperationInfo, attributeName=null]
2019-12-06 11:18:44.007 DEBUG 7503 --- [    Test worker] o.apache.tomcat.util.digester.Digester   : [ObjectCreateRule]{mbeans-descriptors/mbean/operation} Pop org.apache.tomcat.util.modeler.OperationInfo
2019-12-06 11:18:44.007 DEBUG 7503 --- [    Test worker] o.a.tomcat.util.digester.Digester.sax    : characters(

    )
2019-12-06 11:18:44.007 DEBUG 7503 --- [    Test worker] o.a.tomcat.util.digester.Digester.sax    : startElement(,,operation)
2019-12-06 11:18:44.007 DEBUG 7503 --- [    Test worker] o.apache.tomcat.util.digester.Digester   :   New match='mbeans-descriptors/mbean/operation'
2019-12-06 11:18:44.007 DEBUG 7503 --- [    Test worker] o.apache.tomcat.util.digester.Digester   :   Fire begin() for ObjectCreateRule[className=org.apache.tomcat.util.modeler.OperationInfo, attributeName=null]
2019-12-06 11:18:44.008 DEBUG 7503 --- [    Test worker] o.apache.tomcat.util.digester.Digester   :   Fire begin() for SetPropertiesRule[]
2019-12-06 11:18:44.008 DEBUG 7503 --- [    Test worker] o.apache.tomcat.util.digester.Digester   : [SetPropertiesRule]{mbeans-descriptors/mbean/operation} Set org.apache.tomcat.util.modeler.OperationInfo properties
2019-12-06 11:18:44.008 DEBUG 7503 --- [    Test worker] o.apache.tomcat.util.digester.Digester   : [SetPropertiesRule]{mbeans-descriptors/mbean/operation} Setting property 'name' to 'reloadSslHostConfigs'
2019-12-06 11:18:44.008 DEBUG 7503 --- [    Test worker] o.apache.tomcat.util.IntrospectionUtils  : IntrospectionUtils: setProperty(class org.apache.tomcat.util.modeler.OperationInfo name=reloadSslHostConfigs)
2019-12-06 11:18:44.008 DEBUG 7503 --- [    Test worker] o.apache.tomcat.util.digester.Digester   : [SetPropertiesRule]{mbeans-descriptors/mbean/operation} Setting property 'returnType' to 'void'
2019-12-06 11:18:44.008 DEBUG 7503 --- [    Test worker] o.apache.tomcat.util.IntrospectionUtils  : IntrospectionUtils: setProperty(class org.apache.tomcat.util.modeler.OperationInfo returnType=void)
2019-12-06 11:18:44.008 DEBUG 7503 --- [    Test worker] o.apache.tomcat.util.digester.Digester   :   Fire begin() for SetNextRule[methodName=addOperation, paramType=org.apache.tomcat.util.modeler.OperationInfo]
2019-12-06 11:18:44.008 DEBUG 7503 --- [    Test worker] o.a.tomcat.util.digester.Digester.sax    : endElement(,,operation)
2019-12-06 11:18:44.009 DEBUG 7503 --- [    Test worker] o.apache.tomcat.util.digester.Digester   :   match='mbeans-descriptors/mbean/operation'
2019-12-06 11:18:44.009 DEBUG 7503 --- [    Test worker] o.apache.tomcat.util.digester.Digester   :   bodyText=''
2019-12-06 11:18:44.009 DEBUG 7503 --- [    Test worker] o.apache.tomcat.util.digester.Digester   :   Fire body() for ObjectCreateRule[className=org.apache.tomcat.util.modeler.OperationInfo, attributeName=null]
2019-12-06 11:18:44.009 DEBUG 7503 --- [    Test worker] o.apache.tomcat.util.digester.Digester   :   Fire body() for SetPropertiesRule[]
2019-12-06 11:18:44.009 DEBUG 7503 --- [    Test worker] o.apache.tomcat.util.digester.Digester   :   Fire body() for SetNextRule[methodName=addOperation, paramType=org.apache.tomcat.util.modeler.OperationInfo]
2019-12-06 11:18:44.009 DEBUG 7503 --- [    Test worker] o.apache.tomcat.util.digester.Digester   :   Fire end() for SetNextRule[methodName=addOperation, paramType=org.apache.tomcat.util.modeler.OperationInfo]
2019-12-06 11:18:44.009 DEBUG 7503 --- [    Test worker] o.apache.tomcat.util.digester.Digester   : [SetNextRule]{mbeans-descriptors/mbean/operation} Call org.apache.tomcat.util.modeler.ManagedBean.addOperation(org.apache.tomcat.util.modeler.OperationInfo@7a264b67)
2019-12-06 11:18:44.009 DEBUG 7503 --- [    Test worker] o.apache.tomcat.util.IntrospectionUtils  : IntrospectionUtils: callMethod1 org.apache.tomcat.util.modeler.ManagedBean org.apache.tomcat.util.modeler.OperationInfo org.apache.tomcat.util.modeler.OperationInfo
2019-12-06 11:18:44.010 DEBUG 7503 --- [    Test worker] o.apache.tomcat.util.digester.Digester   :   Fire end() for SetPropertiesRule[]
2019-12-06 11:18:44.010 DEBUG 7503 --- [    Test worker] o.apache.tomcat.util.digester.Digester   :   Fire end() for ObjectCreateRule[className=org.apache.tomcat.util.modeler.OperationInfo, attributeName=null]
2019-12-06 11:18:44.010 DEBUG 7503 --- [    Test worker] o.apache.tomcat.util.digester.Digester   : [ObjectCreateRule]{mbeans-descriptors/mbean/operation} Pop org.apache.tomcat.util.modeler.OperationInfo
2019-12-06 11:18:44.010 DEBUG 7503 --- [    Test worker] o.a.tomcat.util.digester.Digester.sax    : characters(

    )
2019-12-06 11:18:44.010 DEBUG 7503 --- [    Test worker] o.a.tomcat.util.digester.Digester.sax    : startElement(,,operation)
2019-12-06 11:18:44.010 DEBUG 7503 --- [    Test worker] o.apache.tomcat.util.digester.Digester   :   New match='mbeans-descriptors/mbean/operation'
2019-12-06 11:18:44.010 DEBUG 7503 --- [    Test worker] o.apache.tomcat.util.digester.Digester   :   Fire begin() for ObjectCreateRule[className=org.apache.tomcat.util.modeler.OperationInfo, attributeName=null]
2019-12-06 11:18:44.010 DEBUG 7503 --- [    Test worker] o.apache.tomcat.util.digester.Digester   :   Fire begin() for SetPropertiesRule[]
2019-12-06 11:18:44.010 DEBUG 7503 --- [    Test worker] o.apache.tomcat.util.digester.Digester   : [SetPropertiesRule]{mbeans-descriptors/mbean/operation} Set org.apache.tomcat.util.modeler.OperationInfo properties
2019-12-06 11:18:44.011 DEBUG 7503 --- [    Test worker] o.apache.tomcat.util.digester.Digester   : [SetPropertiesRule]{mbeans-descriptors/mbean/operation} Setting property 'name' to 'removeSslHostConfig'
2019-12-06 11:18:44.011 DEBUG 7503 --- [    Test worker] o.apache.tomcat.util.IntrospectionUtils  : IntrospectionUtils: setProperty(class org.apache.tomcat.util.modeler.OperationInfo name=removeSslHostConfig)
2019-12-06 11:18:44.011 DEBUG 7503 --- [    Test worker] o.apache.tomcat.util.digester.Digester   : [SetPropertiesRule]{mbeans-descriptors/mbean/operation} Setting property 'returnType' to 'org.apache.tomcat.util.net.SSLHostConfig'
2019-12-06 11:18:44.011 DEBUG 7503 --- [    Test worker] o.apache.tomcat.util.IntrospectionUtils  : IntrospectionUtils: setProperty(class org.apache.tomcat.util.modeler.OperationInfo returnType=org.apache.tomcat.util.net.SSLHostConfig)
2019-12-06 11:18:44.011 DEBUG 7503 --- [    Test worker] o.apache.tomcat.util.digester.Digester   :   Fire begin() for SetNextRule[methodName=addOperation, paramType=org.apache.tomcat.util.modeler.OperationInfo]
2019-12-06 11:18:44.011 DEBUG 7503 --- [    Test worker] o.a.tomcat.util.digester.Digester.sax    : characters(
      )
2019-12-06 11:18:44.011 DEBUG 7503 --- [    Test worker] o.a.tomcat.util.digester.Digester.sax    : startElement(,,parameter)
2019-12-06 11:18:44.011 DEBUG 7503 --- [    Test worker] o.apache.tomcat.util.digester.Digester   :   New match='mbeans-descriptors/mbean/operation/parameter'
2019-12-06 11:18:44.012 DEBUG 7503 --- [    Test worker] o.apache.tomcat.util.digester.Digester   :   Fire begin() for ObjectCreateRule[className=org.apache.tomcat.util.modeler.ParameterInfo, attributeName=null]
2019-12-06 11:18:44.012 DEBUG 7503 --- [    Test worker] o.apache.tomcat.util.digester.Digester   :   Fire begin() for SetPropertiesRule[]
2019-12-06 11:18:44.012 DEBUG 7503 --- [    Test worker] o.apache.tomcat.util.digester.Digester   : [SetPropertiesRule]{mbeans-descriptors/mbean/operation/parameter} Set org.apache.tomcat.util.modeler.ParameterInfo properties
2019-12-06 11:18:44.012 DEBUG 7503 --- [    Test worker] o.apache.tomcat.util.digester.Digester   : [SetPropertiesRule]{mbeans-descriptors/mbean/operation/parameter} Setting property 'name' to 'param0'
2019-12-06 11:18:44.012 DEBUG 7503 --- [    Test worker] o.apache.tomcat.util.IntrospectionUtils  : IntrospectionUtils: setProperty(class org.apache.tomcat.util.modeler.ParameterInfo name=param0)
2019-12-06 11:18:44.012 DEBUG 7503 --- [    Test worker] o.apache.tomcat.util.digester.Digester   : [SetPropertiesRule]{mbeans-descriptors/mbean/operation/parameter} Setting property 'type' to 'java.lang.String'
2019-12-06 11:18:44.012 DEBUG 7503 --- [    Test worker] o.apache.tomcat.util.IntrospectionUtils  : IntrospectionUtils: setProperty(class org.apache.tomcat.util.modeler.ParameterInfo type=java.lang.String)
2019-12-06 11:18:44.012 DEBUG 7503 --- [    Test worker] o.apache.tomcat.util.digester.Digester   :   Fire begin() for SetNextRule[methodName=addParameter, paramType=org.apache.tomcat.util.modeler.ParameterInfo]
2019-12-06 11:18:44.013 DEBUG 7503 --- [    Test worker] o.a.tomcat.util.digester.Digester.sax    : endElement(,,parameter)
2019-12-06 11:18:44.013 DEBUG 7503 --- [    Test worker] o.apache.tomcat.util.digester.Digester   :   match='mbeans-descriptors/mbean/operation/parameter'
2019-12-06 11:18:44.013 DEBUG 7503 --- [    Test worker] o.apache.tomcat.util.digester.Digester   :   bodyText=''
2019-12-06 11:18:44.013 DEBUG 7503 --- [    Test worker] o.apache.tomcat.util.digester.Digester   :   Fire body() for ObjectCreateRule[className=org.apache.tomcat.util.modeler.ParameterInfo, attributeName=null]
2019-12-06 11:18:44.013 DEBUG 7503 --- [    Test worker] o.apache.tomcat.util.digester.Digester   :   Fire body() for SetPropertiesRule[]
2019-12-06 11:18:44.013 DEBUG 7503 --- [    Test worker] o.apache.tomcat.util.digester.Digester   :   Fire body() for SetNextRule[methodName=addParameter, paramType=org.apache.tomcat.util.modeler.ParameterInfo]
2019-12-06 11:18:44.013 DEBUG 7503 --- [    Test worker] o.apache.tomcat.util.digester.Digester   :   Fire end() for SetNextRule[methodName=addParameter, paramType=org.apache.tomcat.util.modeler.ParameterInfo]
2019-12-06 11:18:44.013 DEBUG 7503 --- [    Test worker] o.apache.tomcat.util.digester.Digester   : [SetNextRule]{mbeans-descriptors/mbean/operation/parameter} Call org.apache.tomcat.util.modeler.OperationInfo.addParameter(org.apache.tomcat.util.modeler.ParameterInfo@7ecda7ce)
2019-12-06 11:18:44.013 DEBUG 7503 --- [    Test worker] o.apache.tomcat.util.IntrospectionUtils  : IntrospectionUtils: callMethod1 org.apache.tomcat.util.modeler.OperationInfo org.apache.tomcat.util.modeler.ParameterInfo org.apache.tomcat.util.modeler.ParameterInfo
2019-12-06 11:18:44.014 DEBUG 7503 --- [    Test worker] o.apache.tomcat.util.digester.Digester   :   Fire end() for SetPropertiesRule[]
2019-12-06 11:18:44.014 DEBUG 7503 --- [    Test worker] o.apache.tomcat.util.digester.Digester   :   Fire end() for ObjectCreateRule[className=org.apache.tomcat.util.modeler.ParameterInfo, attributeName=null]
2019-12-06 11:18:44.014 DEBUG 7503 --- [    Test worker] o.apache.tomcat.util.digester.Digester   : [ObjectCreateRule]{mbeans-descriptors/mbean/operation/parameter} Pop org.apache.tomcat.util.modeler.ParameterInfo
2019-12-06 11:18:44.014 DEBUG 7503 --- [    Test worker] o.a.tomcat.util.digester.Digester.sax    : characters(
    )
2019-12-06 11:18:44.014 DEBUG 7503 --- [    Test worker] o.a.tomcat.util.digester.Digester.sax    : endElement(,,operation)
2019-12-06 11:18:44.014 DEBUG 7503 --- [    Test worker] o.apache.tomcat.util.digester.Digester   :   match='mbeans-descriptors/mbean/operation'
2019-12-06 11:18:44.014 DEBUG 7503 --- [    Test worker] o.apache.tomcat.util.digester.Digester   :   bodyText='
      
    '
2019-12-06 11:18:44.015 DEBUG 7503 --- [    Test worker] o.apache.tomcat.util.digester.Digester   :   Fire body() for ObjectCreateRule[className=org.apache.tomcat.util.modeler.OperationInfo, attributeName=null]
2019-12-06 11:18:44.015 DEBUG 7503 --- [    Test worker] o.apache.tomcat.util.digester.Digester   :   Fire body() for SetPropertiesRule[]
2019-12-06 11:18:44.015 DEBUG 7503 --- [    Test worker] o.apache.tomcat.util.digester.Digester   :   Fire body() for SetNextRule[methodName=addOperation, paramType=org.apache.tomcat.util.modeler.OperationInfo]
2019-12-06 11:18:44.015 DEBUG 7503 --- [    Test worker] o.apache.tomcat.util.digester.Digester   :   Fire end() for SetNextRule[methodName=addOperation, paramType=org.apache.tomcat.util.modeler.OperationInfo]
2019-12-06 11:18:44.015 DEBUG 7503 --- [    Test worker] o.apache.tomcat.util.digester.Digester   : [SetNextRule]{mbeans-descriptors/mbean/operation} Call org.apache.tomcat.util.modeler.ManagedBean.addOperation(org.apache.tomcat.util.modeler.OperationInfo@6926ff6a)
2019-12-06 11:18:44.015 DEBUG 7503 --- [    Test worker] o.apache.tomcat.util.IntrospectionUtils  : IntrospectionUtils: callMethod1 org.apache.tomcat.util.modeler.ManagedBean org.apache.tomcat.util.modeler.OperationInfo org.apache.tomcat.util.modeler.OperationInfo
2019-12-06 11:18:44.015 DEBUG 7503 --- [    Test worker] o.apache.tomcat.util.digester.Digester   :   Fire end() for SetPropertiesRule[]
2019-12-06 11:18:44.015 DEBUG 7503 --- [    Test worker] o.apache.tomcat.util.digester.Digester   :   Fire end() for ObjectCreateRule[className=org.apache.tomcat.util.modeler.OperationInfo, attributeName=null]
2019-12-06 11:18:44.015 DEBUG 7503 --- [    Test worker] o.apache.tomcat.util.digester.Digester   : [ObjectCreateRule]{mbeans-descriptors/mbean/operation} Pop org.apache.tomcat.util.modeler.OperationInfo
2019-12-06 11:18:44.016 DEBUG 7503 --- [    Test worker] o.a.tomcat.util.digester.Digester.sax    : characters(

    )
2019-12-06 11:18:44.016 DEBUG 7503 --- [    Test worker] o.a.tomcat.util.digester.Digester.sax    : startElement(,,operation)
2019-12-06 11:18:44.016 DEBUG 7503 --- [    Test worker] o.apache.tomcat.util.digester.Digester   :   New match='mbeans-descriptors/mbean/operation'
2019-12-06 11:18:44.016 DEBUG 7503 --- [    Test worker] o.apache.tomcat.util.digester.Digester   :   Fire begin() for ObjectCreateRule[className=org.apache.tomcat.util.modeler.OperationInfo, attributeName=null]
2019-12-06 11:18:44.016 DEBUG 7503 --- [    Test worker] o.apache.tomcat.util.digester.Digester   :   Fire begin() for SetPropertiesRule[]
2019-12-06 11:18:44.016 DEBUG 7503 --- [    Test worker] o.apache.tomcat.util.digester.Digester   : [SetPropertiesRule]{mbeans-descriptors/mbean/operation} Set org.apache.tomcat.util.modeler.OperationInfo properties
2019-12-06 11:18:44.016 DEBUG 7503 --- [    Test worker] o.apache.tomcat.util.digester.Digester   : [SetPropertiesRule]{mbeans-descriptors/mbean/operation} Setting property 'name' to 'resume'
2019-12-06 11:18:44.016 DEBUG 7503 --- [    Test worker] o.apache.tomcat.util.IntrospectionUtils  : IntrospectionUtils: setProperty(class org.apache.tomcat.util.modeler.OperationInfo name=resume)
2019-12-06 11:18:44.017 DEBUG 7503 --- [    Test worker] o.apache.tomcat.util.digester.Digester   : [SetPropertiesRule]{mbeans-descriptors/mbean/operation} Setting property 'returnType' to 'void'
2019-12-06 11:18:44.017 DEBUG 7503 --- [    Test worker] o.apache.tomcat.util.IntrospectionUtils  : IntrospectionUtils: setProperty(class org.apache.tomcat.util.modeler.OperationInfo returnType=void)
2019-12-06 11:18:44.017 DEBUG 7503 --- [    Test worker] o.apache.tomcat.util.digester.Digester   :   Fire begin() for SetNextRule[methodName=addOperation, paramType=org.apache.tomcat.util.modeler.OperationInfo]
2019-12-06 11:18:44.017 DEBUG 7503 --- [    Test worker] o.a.tomcat.util.digester.Digester.sax    : endElement(,,operation)
2019-12-06 11:18:44.017 DEBUG 7503 --- [    Test worker] o.apache.tomcat.util.digester.Digester   :   match='mbeans-descriptors/mbean/operation'
2019-12-06 11:18:44.017 DEBUG 7503 --- [    Test worker] o.apache.tomcat.util.digester.Digester   :   bodyText=''
2019-12-06 11:18:44.017 DEBUG 7503 --- [    Test worker] o.apache.tomcat.util.digester.Digester   :   Fire body() for ObjectCreateRule[className=org.apache.tomcat.util.modeler.OperationInfo, attributeName=null]
2019-12-06 11:18:44.017 DEBUG 7503 --- [    Test worker] o.apache.tomcat.util.digester.Digester   :   Fire body() for SetPropertiesRule[]
2019-12-06 11:18:44.018 DEBUG 7503 --- [    Test worker] o.apache.tomcat.util.digester.Digester   :   Fire body() for SetNextRule[methodName=addOperation, paramType=org.apache.tomcat.util.modeler.OperationInfo]
2019-12-06 11:18:44.018 DEBUG 7503 --- [    Test worker] o.apache.tomcat.util.digester.Digester   :   Fire end() for SetNextRule[methodName=addOperation, paramType=org.apache.tomcat.util.modeler.OperationInfo]
2019-12-06 11:18:44.018 DEBUG 7503 --- [    Test worker] o.apache.tomcat.util.digester.Digester   : [SetNextRule]{mbeans-descriptors/mbean/operation} Call org.apache.tomcat.util.modeler.ManagedBean.addOperation(org.apache.tomcat.util.modeler.OperationInfo@733acf27)
2019-12-06 11:18:44.018 DEBUG 7503 --- [    Test worker] o.apache.tomcat.util.IntrospectionUtils  : IntrospectionUtils: callMethod1 org.apache.tomcat.util.modeler.ManagedBean org.apache.tomcat.util.modeler.OperationInfo org.apache.tomcat.util.modeler.OperationInfo
2019-12-06 11:18:44.018 DEBUG 7503 --- [    Test worker] o.apache.tomcat.util.digester.Digester   :   Fire end() for SetPropertiesRule[]
2019-12-06 11:18:44.018 DEBUG 7503 --- [    Test worker] o.apache.tomcat.util.digester.Digester   :   Fire end() for ObjectCreateRule[className=org.apache.tomcat.util.modeler.OperationInfo, attributeName=null]
2019-12-06 11:18:44.018 DEBUG 7503 --- [    Test worker] o.apache.tomcat.util.digester.Digester   : [ObjectCreateRule]{mbeans-descriptors/mbean/operation} Pop org.apache.tomcat.util.modeler.OperationInfo
2019-12-06 11:18:44.018 DEBUG 7503 --- [    Test worker] o.a.tomcat.util.digester.Digester.sax    : characters(

    )
2019-12-06 11:18:44.019 DEBUG 7503 --- [    Test worker] o.a.tomcat.util.digester.Digester.sax    : startElement(,,operation)
2019-12-06 11:18:44.019 DEBUG 7503 --- [    Test worker] o.apache.tomcat.util.digester.Digester   :   New match='mbeans-descriptors/mbean/operation'
2019-12-06 11:18:44.019 DEBUG 7503 --- [    Test worker] o.apache.tomcat.util.digester.Digester   :   Fire begin() for ObjectCreateRule[className=org.apache.tomcat.util.modeler.OperationInfo, attributeName=null]
2019-12-06 11:18:44.019 DEBUG 7503 --- [    Test worker] o.apache.tomcat.util.digester.Digester   :   Fire begin() for SetPropertiesRule[]
2019-12-06 11:18:44.019 DEBUG 7503 --- [    Test worker] o.apache.tomcat.util.digester.Digester   : [SetPropertiesRule]{mbeans-descriptors/mbean/operation} Set org.apache.tomcat.util.modeler.OperationInfo properties
2019-12-06 11:18:44.019 DEBUG 7503 --- [    Test worker] o.apache.tomcat.util.digester.Digester   : [SetPropertiesRule]{mbeans-descriptors/mbean/operation} Setting property 'name' to 'setProperty'
2019-12-06 11:18:44.019 DEBUG 7503 --- [    Test worker] o.apache.tomcat.util.IntrospectionUtils  : IntrospectionUtils: setProperty(class org.apache.tomcat.util.modeler.OperationInfo name=setProperty)
2019-12-06 11:18:44.019 DEBUG 7503 --- [    Test worker] o.apache.tomcat.util.digester.Digester   : [SetPropertiesRule]{mbeans-descriptors/mbean/operation} Setting property 'returnType' to 'boolean'
2019-12-06 11:18:44.019 DEBUG 7503 --- [    Test worker] o.apache.tomcat.util.IntrospectionUtils  : IntrospectionUtils: setProperty(class org.apache.tomcat.util.modeler.OperationInfo returnType=boolean)
2019-12-06 11:18:44.020 DEBUG 7503 --- [    Test worker] o.apache.tomcat.util.digester.Digester   :   Fire begin() for SetNextRule[methodName=addOperation, paramType=org.apache.tomcat.util.modeler.OperationInfo]
2019-12-06 11:18:44.020 DEBUG 7503 --- [    Test worker] o.a.tomcat.util.digester.Digester.sax    : characters(
      )
2019-12-06 11:18:44.020 DEBUG 7503 --- [    Test worker] o.a.tomcat.util.digester.Digester.sax    : startElement(,,parameter)
2019-12-06 11:18:44.020 DEBUG 7503 --- [    Test worker] o.apache.tomcat.util.digester.Digester   :   New match='mbeans-descriptors/mbean/operation/parameter'
2019-12-06 11:18:44.020 DEBUG 7503 --- [    Test worker] o.apache.tomcat.util.digester.Digester   :   Fire begin() for ObjectCreateRule[className=org.apache.tomcat.util.modeler.ParameterInfo, attributeName=null]
2019-12-06 11:18:44.020 DEBUG 7503 --- [    Test worker] o.apache.tomcat.util.digester.Digester   :   Fire begin() for SetPropertiesRule[]
2019-12-06 11:18:44.020 DEBUG 7503 --- [    Test worker] o.apache.tomcat.util.digester.Digester   : [SetPropertiesRule]{mbeans-descriptors/mbean/operation/parameter} Set org.apache.tomcat.util.modeler.ParameterInfo properties
2019-12-06 11:18:44.020 DEBUG 7503 --- [    Test worker] o.apache.tomcat.util.digester.Digester   : [SetPropertiesRule]{mbeans-descriptors/mbean/operation/parameter} Setting property 'name' to 'param0'
2019-12-06 11:18:44.021 DEBUG 7503 --- [    Test worker] o.apache.tomcat.util.IntrospectionUtils  : IntrospectionUtils: setProperty(class org.apache.tomcat.util.modeler.ParameterInfo name=param0)
2019-12-06 11:18:44.021 DEBUG 7503 --- [    Test worker] o.apache.tomcat.util.digester.Digester   : [SetPropertiesRule]{mbeans-descriptors/mbean/operation/parameter} Setting property 'type' to 'java.lang.String'
2019-12-06 11:18:44.021 DEBUG 7503 --- [    Test worker] o.apache.tomcat.util.IntrospectionUtils  : IntrospectionUtils: setProperty(class org.apache.tomcat.util.modeler.ParameterInfo type=java.lang.String)
2019-12-06 11:18:44.021 DEBUG 7503 --- [    Test worker] o.apache.tomcat.util.digester.Digester   :   Fire begin() for SetNextRule[methodName=addParameter, paramType=org.apache.tomcat.util.modeler.ParameterInfo]
2019-12-06 11:18:44.021 DEBUG 7503 --- [    Test worker] o.a.tomcat.util.digester.Digester.sax    : endElement(,,parameter)
2019-12-06 11:18:44.021 DEBUG 7503 --- [    Test worker] o.apache.tomcat.util.digester.Digester   :   match='mbeans-descriptors/mbean/operation/parameter'
2019-12-06 11:18:44.021 DEBUG 7503 --- [    Test worker] o.apache.tomcat.util.digester.Digester   :   bodyText=''
2019-12-06 11:18:44.021 DEBUG 7503 --- [    Test worker] o.apache.tomcat.util.digester.Digester   :   Fire body() for ObjectCreateRule[className=org.apache.tomcat.util.modeler.ParameterInfo, attributeName=null]
2019-12-06 11:18:44.022 DEBUG 7503 --- [    Test worker] o.apache.tomcat.util.digester.Digester   :   Fire body() for SetPropertiesRule[]
2019-12-06 11:18:44.022 DEBUG 7503 --- [    Test worker] o.apache.tomcat.util.digester.Digester   :   Fire body() for SetNextRule[methodName=addParameter, paramType=org.apache.tomcat.util.modeler.ParameterInfo]
2019-12-06 11:18:44.022 DEBUG 7503 --- [    Test worker] o.apache.tomcat.util.digester.Digester   :   Fire end() for SetNextRule[methodName=addParameter, paramType=org.apache.tomcat.util.modeler.ParameterInfo]
2019-12-06 11:18:44.022 DEBUG 7503 --- [    Test worker] o.apache.tomcat.util.digester.Digester   : [SetNextRule]{mbeans-descriptors/mbean/operation/parameter} Call org.apache.tomcat.util.modeler.OperationInfo.addParameter(org.apache.tomcat.util.modeler.ParameterInfo@3b8fdf54)
2019-12-06 11:18:44.022 DEBUG 7503 --- [    Test worker] o.apache.tomcat.util.IntrospectionUtils  : IntrospectionUtils: callMethod1 org.apache.tomcat.util.modeler.OperationInfo org.apache.tomcat.util.modeler.ParameterInfo org.apache.tomcat.util.modeler.ParameterInfo
2019-12-06 11:18:44.022 DEBUG 7503 --- [    Test worker] o.apache.tomcat.util.digester.Digester   :   Fire end() for SetPropertiesRule[]
2019-12-06 11:18:44.022 DEBUG 7503 --- [    Test worker] o.apache.tomcat.util.digester.Digester   :   Fire end() for ObjectCreateRule[className=org.apache.tomcat.util.modeler.ParameterInfo, attributeName=null]
2019-12-06 11:18:44.022 DEBUG 7503 --- [    Test worker] o.apache.tomcat.util.digester.Digester   : [ObjectCreateRule]{mbeans-descriptors/mbean/operation/parameter} Pop org.apache.tomcat.util.modeler.ParameterInfo
2019-12-06 11:18:44.023 DEBUG 7503 --- [    Test worker] o.a.tomcat.util.digester.Digester.sax    : characters(
      )
2019-12-06 11:18:44.023 DEBUG 7503 --- [    Test worker] o.a.tomcat.util.digester.Digester.sax    : startElement(,,parameter)
2019-12-06 11:18:44.023 DEBUG 7503 --- [    Test worker] o.apache.tomcat.util.digester.Digester   :   New match='mbeans-descriptors/mbean/operation/parameter'
2019-12-06 11:18:44.023 DEBUG 7503 --- [    Test worker] o.apache.tomcat.util.digester.Digester   :   Fire begin() for ObjectCreateRule[className=org.apache.tomcat.util.modeler.ParameterInfo, attributeName=null]
2019-12-06 11:18:44.023 DEBUG 7503 --- [    Test worker] o.apache.tomcat.util.digester.Digester   :   Fire begin() for SetPropertiesRule[]
2019-12-06 11:18:44.023 DEBUG 7503 --- [    Test worker] o.apache.tomcat.util.digester.Digester   : [SetPropertiesRule]{mbeans-descriptors/mbean/operation/parameter} Set org.apache.tomcat.util.modeler.ParameterInfo properties
2019-12-06 11:18:44.023 DEBUG 7503 --- [    Test worker] o.apache.tomcat.util.digester.Digester   : [SetPropertiesRule]{mbeans-descriptors/mbean/operation/parameter} Setting property 'name' to 'param1'
2019-12-06 11:18:44.023 DEBUG 7503 --- [    Test worker] o.apache.tomcat.util.IntrospectionUtils  : IntrospectionUtils: setProperty(class org.apache.tomcat.util.modeler.ParameterInfo name=param1)
2019-12-06 11:18:44.024 DEBUG 7503 --- [    Test worker] o.apache.tomcat.util.digester.Digester   : [SetPropertiesRule]{mbeans-descriptors/mbean/operation/parameter} Setting property 'type' to 'java.lang.String'
2019-12-06 11:18:44.024 DEBUG 7503 --- [    Test worker] o.apache.tomcat.util.IntrospectionUtils  : IntrospectionUtils: setProperty(class org.apache.tomcat.util.modeler.ParameterInfo type=java.lang.String)
2019-12-06 11:18:44.024 DEBUG 7503 --- [    Test worker] o.apache.tomcat.util.digester.Digester   :   Fire begin() for SetNextRule[methodName=addParameter, paramType=org.apache.tomcat.util.modeler.ParameterInfo]
2019-12-06 11:18:44.024 DEBUG 7503 --- [    Test worker] o.a.tomcat.util.digester.Digester.sax    : endElement(,,parameter)
2019-12-06 11:18:44.024 DEBUG 7503 --- [    Test worker] o.apache.tomcat.util.digester.Digester   :   match='mbeans-descriptors/mbean/operation/parameter'
2019-12-06 11:18:44.024 DEBUG 7503 --- [    Test worker] o.apache.tomcat.util.digester.Digester   :   bodyText=''
2019-12-06 11:18:44.024 DEBUG 7503 --- [    Test worker] o.apache.tomcat.util.digester.Digester   :   Fire body() for ObjectCreateRule[className=org.apache.tomcat.util.modeler.ParameterInfo, attributeName=null]
2019-12-06 11:18:44.024 DEBUG 7503 --- [    Test worker] o.apache.tomcat.util.digester.Digester   :   Fire body() for SetPropertiesRule[]
2019-12-06 11:18:44.025 DEBUG 7503 --- [    Test worker] o.apache.tomcat.util.digester.Digester   :   Fire body() for SetNextRule[methodName=addParameter, paramType=org.apache.tomcat.util.modeler.ParameterInfo]
2019-12-06 11:18:44.025 DEBUG 7503 --- [    Test worker] o.apache.tomcat.util.digester.Digester   :   Fire end() for SetNextRule[methodName=addParameter, paramType=org.apache.tomcat.util.modeler.ParameterInfo]
2019-12-06 11:18:44.025 DEBUG 7503 --- [    Test worker] o.apache.tomcat.util.digester.Digester   : [SetNextRule]{mbeans-descriptors/mbean/operation/parameter} Call org.apache.tomcat.util.modeler.OperationInfo.addParameter(org.apache.tomcat.util.modeler.ParameterInfo@28effc3c)
2019-12-06 11:18:44.025 DEBUG 7503 --- [    Test worker] o.apache.tomcat.util.IntrospectionUtils  : IntrospectionUtils: callMethod1 org.apache.tomcat.util.modeler.OperationInfo org.apache.tomcat.util.modeler.ParameterInfo org.apache.tomcat.util.modeler.ParameterInfo
2019-12-06 11:18:44.025 DEBUG 7503 --- [    Test worker] o.apache.tomcat.util.digester.Digester   :   Fire end() for SetPropertiesRule[]
2019-12-06 11:18:44.025 DEBUG 7503 --- [    Test worker] o.apache.tomcat.util.digester.Digester   :   Fire end() for ObjectCreateRule[className=org.apache.tomcat.util.modeler.ParameterInfo, attributeName=null]
2019-12-06 11:18:44.025 DEBUG 7503 --- [    Test worker] o.apache.tomcat.util.digester.Digester   : [ObjectCreateRule]{mbeans-descriptors/mbean/operation/parameter} Pop org.apache.tomcat.util.modeler.ParameterInfo
2019-12-06 11:18:44.025 DEBUG 7503 --- [    Test worker] o.a.tomcat.util.digester.Digester.sax    : characters(
    )
2019-12-06 11:18:44.026 DEBUG 7503 --- [    Test worker] o.a.tomcat.util.digester.Digester.sax    : endElement(,,operation)
2019-12-06 11:18:44.026 DEBUG 7503 --- [    Test worker] o.apache.tomcat.util.digester.Digester   :   match='mbeans-descriptors/mbean/operation'
2019-12-06 11:18:44.026 DEBUG 7503 --- [    Test worker] o.apache.tomcat.util.digester.Digester   :   bodyText='
      
      
    '
2019-12-06 11:18:44.026 DEBUG 7503 --- [    Test worker] o.apache.tomcat.util.digester.Digester   :   Fire body() for ObjectCreateRule[className=org.apache.tomcat.util.modeler.OperationInfo, attributeName=null]
2019-12-06 11:18:44.026 DEBUG 7503 --- [    Test worker] o.apache.tomcat.util.digester.Digester   :   Fire body() for SetPropertiesRule[]
2019-12-06 11:18:44.026 DEBUG 7503 --- [    Test worker] o.apache.tomcat.util.digester.Digester   :   Fire body() for SetNextRule[methodName=addOperation, paramType=org.apache.tomcat.util.modeler.OperationInfo]
2019-12-06 11:18:44.026 DEBUG 7503 --- [    Test worker] o.apache.tomcat.util.digester.Digester   :   Fire end() for SetNextRule[methodName=addOperation, paramType=org.apache.tomcat.util.modeler.OperationInfo]
2019-12-06 11:18:44.026 DEBUG 7503 --- [    Test worker] o.apache.tomcat.util.digester.Digester   : [SetNextRule]{mbeans-descriptors/mbean/operation} Call org.apache.tomcat.util.modeler.ManagedBean.addOperation(org.apache.tomcat.util.modeler.OperationInfo@766c9be4)
2019-12-06 11:18:44.027 DEBUG 7503 --- [    Test worker] o.apache.tomcat.util.IntrospectionUtils  : IntrospectionUtils: callMethod1 org.apache.tomcat.util.modeler.ManagedBean org.apache.tomcat.util.modeler.OperationInfo org.apache.tomcat.util.modeler.OperationInfo
2019-12-06 11:18:44.027 DEBUG 7503 --- [    Test worker] o.apache.tomcat.util.digester.Digester   :   Fire end() for SetPropertiesRule[]
2019-12-06 11:18:44.027 DEBUG 7503 --- [    Test worker] o.apache.tomcat.util.digester.Digester   :   Fire end() for ObjectCreateRule[className=org.apache.tomcat.util.modeler.OperationInfo, attributeName=null]
2019-12-06 11:18:44.027 DEBUG 7503 --- [    Test worker] o.apache.tomcat.util.digester.Digester   : [ObjectCreateRule]{mbeans-descriptors/mbean/operation} Pop org.apache.tomcat.util.modeler.OperationInfo
2019-12-06 11:18:44.027 DEBUG 7503 --- [    Test worker] o.a.tomcat.util.digester.Digester.sax    : characters(

    )
2019-12-06 11:18:44.027 DEBUG 7503 --- [    Test worker] o.a.tomcat.util.digester.Digester.sax    : startElement(,,operation)
2019-12-06 11:18:44.027 DEBUG 7503 --- [    Test worker] o.apache.tomcat.util.digester.Digester   :   New match='mbeans-descriptors/mbean/operation'
2019-12-06 11:18:44.027 DEBUG 7503 --- [    Test worker] o.apache.tomcat.util.digester.Digester   :   Fire begin() for ObjectCreateRule[className=org.apache.tomcat.util.modeler.OperationInfo, attributeName=null]
2019-12-06 11:18:44.028 DEBUG 7503 --- [    Test worker] o.apache.tomcat.util.digester.Digester   :   Fire begin() for SetPropertiesRule[]
2019-12-06 11:18:44.028 DEBUG 7503 --- [    Test worker] o.apache.tomcat.util.digester.Digester   : [SetPropertiesRule]{mbeans-descriptors/mbean/operation} Set org.apache.tomcat.util.modeler.OperationInfo properties
2019-12-06 11:18:44.028 DEBUG 7503 --- [    Test worker] o.apache.tomcat.util.digester.Digester   : [SetPropertiesRule]{mbeans-descriptors/mbean/operation} Setting property 'name' to 'shutdownExecutor'
2019-12-06 11:18:44.028 DEBUG 7503 --- [    Test worker] o.apache.tomcat.util.IntrospectionUtils  : IntrospectionUtils: setProperty(class org.apache.tomcat.util.modeler.OperationInfo name=shutdownExecutor)
2019-12-06 11:18:44.028 DEBUG 7503 --- [    Test worker] o.apache.tomcat.util.digester.Digester   : [SetPropertiesRule]{mbeans-descriptors/mbean/operation} Setting property 'returnType' to 'void'
2019-12-06 11:18:44.028 DEBUG 7503 --- [    Test worker] o.apache.tomcat.util.IntrospectionUtils  : IntrospectionUtils: setProperty(class org.apache.tomcat.util.modeler.OperationInfo returnType=void)
2019-12-06 11:18:44.028 DEBUG 7503 --- [    Test worker] o.apache.tomcat.util.digester.Digester   :   Fire begin() for SetNextRule[methodName=addOperation, paramType=org.apache.tomcat.util.modeler.OperationInfo]
2019-12-06 11:18:44.028 DEBUG 7503 --- [    Test worker] o.a.tomcat.util.digester.Digester.sax    : endElement(,,operation)
2019-12-06 11:18:44.029 DEBUG 7503 --- [    Test worker] o.apache.tomcat.util.digester.Digester   :   match='mbeans-descriptors/mbean/operation'
2019-12-06 11:18:44.029 DEBUG 7503 --- [    Test worker] o.apache.tomcat.util.digester.Digester   :   bodyText=''
2019-12-06 11:18:44.029 DEBUG 7503 --- [    Test worker] o.apache.tomcat.util.digester.Digester   :   Fire body() for ObjectCreateRule[className=org.apache.tomcat.util.modeler.OperationInfo, attributeName=null]
2019-12-06 11:18:44.029 DEBUG 7503 --- [    Test worker] o.apache.tomcat.util.digester.Digester   :   Fire body() for SetPropertiesRule[]
2019-12-06 11:18:44.029 DEBUG 7503 --- [    Test worker] o.apache.tomcat.util.digester.Digester   :   Fire body() for SetNextRule[methodName=addOperation, paramType=org.apache.tomcat.util.modeler.OperationInfo]
2019-12-06 11:18:44.029 DEBUG 7503 --- [    Test worker] o.apache.tomcat.util.digester.Digester   :   Fire end() for SetNextRule[methodName=addOperation, paramType=org.apache.tomcat.util.modeler.OperationInfo]
2019-12-06 11:18:44.029 DEBUG 7503 --- [    Test worker] o.apache.tomcat.util.digester.Digester   : [SetNextRule]{mbeans-descriptors/mbean/operation} Call org.apache.tomcat.util.modeler.ManagedBean.addOperation(org.apache.tomcat.util.modeler.OperationInfo@530a31f9)
2019-12-06 11:18:44.029 DEBUG 7503 --- [    Test worker] o.apache.tomcat.util.IntrospectionUtils  : IntrospectionUtils: callMethod1 org.apache.tomcat.util.modeler.ManagedBean org.apache.tomcat.util.modeler.OperationInfo org.apache.tomcat.util.modeler.OperationInfo
2019-12-06 11:18:44.030 DEBUG 7503 --- [    Test worker] o.apache.tomcat.util.digester.Digester   :   Fire end() for SetPropertiesRule[]
2019-12-06 11:18:44.030 DEBUG 7503 --- [    Test worker] o.apache.tomcat.util.digester.Digester   :   Fire end() for ObjectCreateRule[className=org.apache.tomcat.util.modeler.OperationInfo, attributeName=null]
2019-12-06 11:18:44.030 DEBUG 7503 --- [    Test worker] o.apache.tomcat.util.digester.Digester   : [ObjectCreateRule]{mbeans-descriptors/mbean/operation} Pop org.apache.tomcat.util.modeler.OperationInfo
2019-12-06 11:18:44.030 DEBUG 7503 --- [    Test worker] o.a.tomcat.util.digester.Digester.sax    : characters(

    )
2019-12-06 11:18:44.030 DEBUG 7503 --- [    Test worker] o.a.tomcat.util.digester.Digester.sax    : startElement(,,operation)
2019-12-06 11:18:44.030 DEBUG 7503 --- [    Test worker] o.apache.tomcat.util.digester.Digester   :   New match='mbeans-descriptors/mbean/operation'
2019-12-06 11:18:44.030 DEBUG 7503 --- [    Test worker] o.apache.tomcat.util.digester.Digester   :   Fire begin() for ObjectCreateRule[className=org.apache.tomcat.util.modeler.OperationInfo, attributeName=null]
2019-12-06 11:18:44.030 DEBUG 7503 --- [    Test worker] o.apache.tomcat.util.digester.Digester   :   Fire begin() for SetPropertiesRule[]
2019-12-06 11:18:44.031 DEBUG 7503 --- [    Test worker] o.apache.tomcat.util.digester.Digester   : [SetPropertiesRule]{mbeans-descriptors/mbean/operation} Set org.apache.tomcat.util.modeler.OperationInfo properties
2019-12-06 11:18:44.031 DEBUG 7503 --- [    Test worker] o.apache.tomcat.util.digester.Digester   : [SetPropertiesRule]{mbeans-descriptors/mbean/operation} Setting property 'name' to 'start'
2019-12-06 11:18:44.031 DEBUG 7503 --- [    Test worker] o.apache.tomcat.util.IntrospectionUtils  : IntrospectionUtils: setProperty(class org.apache.tomcat.util.modeler.OperationInfo name=start)
2019-12-06 11:18:44.031 DEBUG 7503 --- [    Test worker] o.apache.tomcat.util.digester.Digester   : [SetPropertiesRule]{mbeans-descriptors/mbean/operation} Setting property 'returnType' to 'void'
2019-12-06 11:18:44.031 DEBUG 7503 --- [    Test worker] o.apache.tomcat.util.IntrospectionUtils  : IntrospectionUtils: setProperty(class org.apache.tomcat.util.modeler.OperationInfo returnType=void)
2019-12-06 11:18:44.031 DEBUG 7503 --- [    Test worker] o.apache.tomcat.util.digester.Digester   :   Fire begin() for SetNextRule[methodName=addOperation, paramType=org.apache.tomcat.util.modeler.OperationInfo]
2019-12-06 11:18:44.031 DEBUG 7503 --- [    Test worker] o.a.tomcat.util.digester.Digester.sax    : endElement(,,operation)
2019-12-06 11:18:44.031 DEBUG 7503 --- [    Test worker] o.apache.tomcat.util.digester.Digester   :   match='mbeans-descriptors/mbean/operation'
2019-12-06 11:18:44.032 DEBUG 7503 --- [    Test worker] o.apache.tomcat.util.digester.Digester   :   bodyText=''
2019-12-06 11:18:44.032 DEBUG 7503 --- [    Test worker] o.apache.tomcat.util.digester.Digester   :   Fire body() for ObjectCreateRule[className=org.apache.tomcat.util.modeler.OperationInfo, attributeName=null]
2019-12-06 11:18:44.032 DEBUG 7503 --- [    Test worker] o.apache.tomcat.util.digester.Digester   :   Fire body() for SetPropertiesRule[]
2019-12-06 11:18:44.032 DEBUG 7503 --- [    Test worker] o.apache.tomcat.util.digester.Digester   :   Fire body() for SetNextRule[methodName=addOperation, paramType=org.apache.tomcat.util.modeler.OperationInfo]
2019-12-06 11:18:44.032 DEBUG 7503 --- [    Test worker] o.apache.tomcat.util.digester.Digester   :   Fire end() for SetNextRule[methodName=addOperation, paramType=org.apache.tomcat.util.modeler.OperationInfo]
2019-12-06 11:18:44.032 DEBUG 7503 --- [    Test worker] o.apache.tomcat.util.digester.Digester   : [SetNextRule]{mbeans-descriptors/mbean/operation} Call org.apache.tomcat.util.modeler.ManagedBean.addOperation(org.apache.tomcat.util.modeler.OperationInfo@163a21b3)
2019-12-06 11:18:44.032 DEBUG 7503 --- [    Test worker] o.apache.tomcat.util.IntrospectionUtils  : IntrospectionUtils: callMethod1 org.apache.tomcat.util.modeler.ManagedBean org.apache.tomcat.util.modeler.OperationInfo org.apache.tomcat.util.modeler.OperationInfo
2019-12-06 11:18:44.032 DEBUG 7503 --- [    Test worker] o.apache.tomcat.util.digester.Digester   :   Fire end() for SetPropertiesRule[]
2019-12-06 11:18:44.033 DEBUG 7503 --- [    Test worker] o.apache.tomcat.util.digester.Digester   :   Fire end() for ObjectCreateRule[className=org.apache.tomcat.util.modeler.OperationInfo, attributeName=null]
2019-12-06 11:18:44.033 DEBUG 7503 --- [    Test worker] o.apache.tomcat.util.digester.Digester   : [ObjectCreateRule]{mbeans-descriptors/mbean/operation} Pop org.apache.tomcat.util.modeler.OperationInfo
2019-12-06 11:18:44.033 DEBUG 7503 --- [    Test worker] o.a.tomcat.util.digester.Digester.sax    : characters(

    )
2019-12-06 11:18:44.033 DEBUG 7503 --- [    Test worker] o.a.tomcat.util.digester.Digester.sax    : startElement(,,operation)
2019-12-06 11:18:44.033 DEBUG 7503 --- [    Test worker] o.apache.tomcat.util.digester.Digester   :   New match='mbeans-descriptors/mbean/operation'
2019-12-06 11:18:44.033 DEBUG 7503 --- [    Test worker] o.apache.tomcat.util.digester.Digester   :   Fire begin() for ObjectCreateRule[className=org.apache.tomcat.util.modeler.OperationInfo, attributeName=null]
2019-12-06 11:18:44.033 DEBUG 7503 --- [    Test worker] o.apache.tomcat.util.digester.Digester   :   Fire begin() for SetPropertiesRule[]
2019-12-06 11:18:44.033 DEBUG 7503 --- [    Test worker] o.apache.tomcat.util.digester.Digester   : [SetPropertiesRule]{mbeans-descriptors/mbean/operation} Set org.apache.tomcat.util.modeler.OperationInfo properties
2019-12-06 11:18:44.034 DEBUG 7503 --- [    Test worker] o.apache.tomcat.util.digester.Digester   : [SetPropertiesRule]{mbeans-descriptors/mbean/operation} Setting property 'name' to 'startInternal'
2019-12-06 11:18:44.034 DEBUG 7503 --- [    Test worker] o.apache.tomcat.util.IntrospectionUtils  : IntrospectionUtils: setProperty(class org.apache.tomcat.util.modeler.OperationInfo name=startInternal)
2019-12-06 11:18:44.034 DEBUG 7503 --- [    Test worker] o.apache.tomcat.util.digester.Digester   : [SetPropertiesRule]{mbeans-descriptors/mbean/operation} Setting property 'returnType' to 'void'
2019-12-06 11:18:44.034 DEBUG 7503 --- [    Test worker] o.apache.tomcat.util.IntrospectionUtils  : IntrospectionUtils: setProperty(class org.apache.tomcat.util.modeler.OperationInfo returnType=void)
2019-12-06 11:18:44.034 DEBUG 7503 --- [    Test worker] o.apache.tomcat.util.digester.Digester   :   Fire begin() for SetNextRule[methodName=addOperation, paramType=org.apache.tomcat.util.modeler.OperationInfo]
2019-12-06 11:18:44.034 DEBUG 7503 --- [    Test worker] o.a.tomcat.util.digester.Digester.sax    : endElement(,,operation)
2019-12-06 11:18:44.034 DEBUG 7503 --- [    Test worker] o.apache.tomcat.util.digester.Digester   :   match='mbeans-descriptors/mbean/operation'
2019-12-06 11:18:44.034 DEBUG 7503 --- [    Test worker] o.apache.tomcat.util.digester.Digester   :   bodyText=''
2019-12-06 11:18:44.035 DEBUG 7503 --- [    Test worker] o.apache.tomcat.util.digester.Digester   :   Fire body() for ObjectCreateRule[className=org.apache.tomcat.util.modeler.OperationInfo, attributeName=null]
2019-12-06 11:18:44.035 DEBUG 7503 --- [    Test worker] o.apache.tomcat.util.digester.Digester   :   Fire body() for SetPropertiesRule[]
2019-12-06 11:18:44.035 DEBUG 7503 --- [    Test worker] o.apache.tomcat.util.digester.Digester   :   Fire body() for SetNextRule[methodName=addOperation, paramType=org.apache.tomcat.util.modeler.OperationInfo]
2019-12-06 11:18:44.035 DEBUG 7503 --- [    Test worker] o.apache.tomcat.util.digester.Digester   :   Fire end() for SetNextRule[methodName=addOperation, paramType=org.apache.tomcat.util.modeler.OperationInfo]
2019-12-06 11:18:44.035 DEBUG 7503 --- [    Test worker] o.apache.tomcat.util.digester.Digester   : [SetNextRule]{mbeans-descriptors/mbean/operation} Call org.apache.tomcat.util.modeler.ManagedBean.addOperation(org.apache.tomcat.util.modeler.OperationInfo@41e32154)
2019-12-06 11:18:44.035 DEBUG 7503 --- [    Test worker] o.apache.tomcat.util.IntrospectionUtils  : IntrospectionUtils: callMethod1 org.apache.tomcat.util.modeler.ManagedBean org.apache.tomcat.util.modeler.OperationInfo org.apache.tomcat.util.modeler.OperationInfo
2019-12-06 11:18:44.035 DEBUG 7503 --- [    Test worker] o.apache.tomcat.util.digester.Digester   :   Fire end() for SetPropertiesRule[]
2019-12-06 11:18:44.035 DEBUG 7503 --- [    Test worker] o.apache.tomcat.util.digester.Digester   :   Fire end() for ObjectCreateRule[className=org.apache.tomcat.util.modeler.OperationInfo, attributeName=null]
2019-12-06 11:18:44.036 DEBUG 7503 --- [    Test worker] o.apache.tomcat.util.digester.Digester   : [ObjectCreateRule]{mbeans-descriptors/mbean/operation} Pop org.apache.tomcat.util.modeler.OperationInfo
2019-12-06 11:18:44.036 DEBUG 7503 --- [    Test worker] o.a.tomcat.util.digester.Digester.sax    : characters(

    )
2019-12-06 11:18:44.036 DEBUG 7503 --- [    Test worker] o.a.tomcat.util.digester.Digester.sax    : startElement(,,operation)
2019-12-06 11:18:44.036 DEBUG 7503 --- [    Test worker] o.apache.tomcat.util.digester.Digester   :   New match='mbeans-descriptors/mbean/operation'
2019-12-06 11:18:44.036 DEBUG 7503 --- [    Test worker] o.apache.tomcat.util.digester.Digester   :   Fire begin() for ObjectCreateRule[className=org.apache.tomcat.util.modeler.OperationInfo, attributeName=null]
2019-12-06 11:18:44.036 DEBUG 7503 --- [    Test worker] o.apache.tomcat.util.digester.Digester   :   Fire begin() for SetPropertiesRule[]
2019-12-06 11:18:44.036 DEBUG 7503 --- [    Test worker] o.apache.tomcat.util.digester.Digester   : [SetPropertiesRule]{mbeans-descriptors/mbean/operation} Set org.apache.tomcat.util.modeler.OperationInfo properties
2019-12-06 11:18:44.036 DEBUG 7503 --- [    Test worker] o.apache.tomcat.util.digester.Digester   : [SetPropertiesRule]{mbeans-descriptors/mbean/operation} Setting property 'name' to 'stop'
2019-12-06 11:18:44.037 DEBUG 7503 --- [    Test worker] o.apache.tomcat.util.IntrospectionUtils  : IntrospectionUtils: setProperty(class org.apache.tomcat.util.modeler.OperationInfo name=stop)
2019-12-06 11:18:44.037 DEBUG 7503 --- [    Test worker] o.apache.tomcat.util.digester.Digester   : [SetPropertiesRule]{mbeans-descriptors/mbean/operation} Setting property 'returnType' to 'void'
2019-12-06 11:18:44.037 DEBUG 7503 --- [    Test worker] o.apache.tomcat.util.IntrospectionUtils  : IntrospectionUtils: setProperty(class org.apache.tomcat.util.modeler.OperationInfo returnType=void)
2019-12-06 11:18:44.037 DEBUG 7503 --- [    Test worker] o.apache.tomcat.util.digester.Digester   :   Fire begin() for SetNextRule[methodName=addOperation, paramType=org.apache.tomcat.util.modeler.OperationInfo]
2019-12-06 11:18:44.037 DEBUG 7503 --- [    Test worker] o.a.tomcat.util.digester.Digester.sax    : endElement(,,operation)
2019-12-06 11:18:44.037 DEBUG 7503 --- [    Test worker] o.apache.tomcat.util.digester.Digester   :   match='mbeans-descriptors/mbean/operation'
2019-12-06 11:18:44.037 DEBUG 7503 --- [    Test worker] o.apache.tomcat.util.digester.Digester   :   bodyText=''
2019-12-06 11:18:44.037 DEBUG 7503 --- [    Test worker] o.apache.tomcat.util.digester.Digester   :   Fire body() for ObjectCreateRule[className=org.apache.tomcat.util.modeler.OperationInfo, attributeName=null]
2019-12-06 11:18:44.038 DEBUG 7503 --- [    Test worker] o.apache.tomcat.util.digester.Digester   :   Fire body() for SetPropertiesRule[]
2019-12-06 11:18:44.038 DEBUG 7503 --- [    Test worker] o.apache.tomcat.util.digester.Digester   :   Fire body() for SetNextRule[methodName=addOperation, paramType=org.apache.tomcat.util.modeler.OperationInfo]
2019-12-06 11:18:44.038 DEBUG 7503 --- [    Test worker] o.apache.tomcat.util.digester.Digester   :   Fire end() for SetNextRule[methodName=addOperation, paramType=org.apache.tomcat.util.modeler.OperationInfo]
2019-12-06 11:18:44.038 DEBUG 7503 --- [    Test worker] o.apache.tomcat.util.digester.Digester   : [SetNextRule]{mbeans-descriptors/mbean/operation} Call org.apache.tomcat.util.modeler.ManagedBean.addOperation(org.apache.tomcat.util.modeler.OperationInfo@53c22137)
2019-12-06 11:18:44.038 DEBUG 7503 --- [    Test worker] o.apache.tomcat.util.IntrospectionUtils  : IntrospectionUtils: callMethod1 org.apache.tomcat.util.modeler.ManagedBean org.apache.tomcat.util.modeler.OperationInfo org.apache.tomcat.util.modeler.OperationInfo
2019-12-06 11:18:44.038 DEBUG 7503 --- [    Test worker] o.apache.tomcat.util.digester.Digester   :   Fire end() for SetPropertiesRule[]
2019-12-06 11:18:44.038 DEBUG 7503 --- [    Test worker] o.apache.tomcat.util.digester.Digester   :   Fire end() for ObjectCreateRule[className=org.apache.tomcat.util.modeler.OperationInfo, attributeName=null]
2019-12-06 11:18:44.039 DEBUG 7503 --- [    Test worker] o.apache.tomcat.util.digester.Digester   : [ObjectCreateRule]{mbeans-descriptors/mbean/operation} Pop org.apache.tomcat.util.modeler.OperationInfo
2019-12-06 11:18:44.039 DEBUG 7503 --- [    Test worker] o.a.tomcat.util.digester.Digester.sax    : characters(

    )
2019-12-06 11:18:44.039 DEBUG 7503 --- [    Test worker] o.a.tomcat.util.digester.Digester.sax    : startElement(,,operation)
2019-12-06 11:18:44.039 DEBUG 7503 --- [    Test worker] o.apache.tomcat.util.digester.Digester   :   New match='mbeans-descriptors/mbean/operation'
2019-12-06 11:18:44.039 DEBUG 7503 --- [    Test worker] o.apache.tomcat.util.digester.Digester   :   Fire begin() for ObjectCreateRule[className=org.apache.tomcat.util.modeler.OperationInfo, attributeName=null]
2019-12-06 11:18:44.039 DEBUG 7503 --- [    Test worker] o.apache.tomcat.util.digester.Digester   :   Fire begin() for SetPropertiesRule[]
2019-12-06 11:18:44.039 DEBUG 7503 --- [    Test worker] o.apache.tomcat.util.digester.Digester   : [SetPropertiesRule]{mbeans-descriptors/mbean/operation} Set org.apache.tomcat.util.modeler.OperationInfo properties
2019-12-06 11:18:44.039 DEBUG 7503 --- [    Test worker] o.apache.tomcat.util.digester.Digester   : [SetPropertiesRule]{mbeans-descriptors/mbean/operation} Setting property 'name' to 'stopInternal'
2019-12-06 11:18:44.040 DEBUG 7503 --- [    Test worker] o.apache.tomcat.util.IntrospectionUtils  : IntrospectionUtils: setProperty(class org.apache.tomcat.util.modeler.OperationInfo name=stopInternal)
2019-12-06 11:18:44.040 DEBUG 7503 --- [    Test worker] o.apache.tomcat.util.digester.Digester   : [SetPropertiesRule]{mbeans-descriptors/mbean/operation} Setting property 'returnType' to 'void'
2019-12-06 11:18:44.040 DEBUG 7503 --- [    Test worker] o.apache.tomcat.util.IntrospectionUtils  : IntrospectionUtils: setProperty(class org.apache.tomcat.util.modeler.OperationInfo returnType=void)
2019-12-06 11:18:44.040 DEBUG 7503 --- [    Test worker] o.apache.tomcat.util.digester.Digester   :   Fire begin() for SetNextRule[methodName=addOperation, paramType=org.apache.tomcat.util.modeler.OperationInfo]
2019-12-06 11:18:44.040 DEBUG 7503 --- [    Test worker] o.a.tomcat.util.digester.Digester.sax    : endElement(,,operation)
2019-12-06 11:18:44.040 DEBUG 7503 --- [    Test worker] o.apache.tomcat.util.digester.Digester   :   match='mbeans-descriptors/mbean/operation'
2019-12-06 11:18:44.040 DEBUG 7503 --- [    Test worker] o.apache.tomcat.util.digester.Digester   :   bodyText=''
2019-12-06 11:18:44.040 DEBUG 7503 --- [    Test worker] o.apache.tomcat.util.digester.Digester   :   Fire body() for ObjectCreateRule[className=org.apache.tomcat.util.modeler.OperationInfo, attributeName=null]
2019-12-06 11:18:44.041 DEBUG 7503 --- [    Test worker] o.apache.tomcat.util.digester.Digester   :   Fire body() for SetPropertiesRule[]
2019-12-06 11:18:44.041 DEBUG 7503 --- [    Test worker] o.apache.tomcat.util.digester.Digester   :   Fire body() for SetNextRule[methodName=addOperation, paramType=org.apache.tomcat.util.modeler.OperationInfo]
2019-12-06 11:18:44.041 DEBUG 7503 --- [    Test worker] o.apache.tomcat.util.digester.Digester   :   Fire end() for SetNextRule[methodName=addOperation, paramType=org.apache.tomcat.util.modeler.OperationInfo]
2019-12-06 11:18:44.041 DEBUG 7503 --- [    Test worker] o.apache.tomcat.util.digester.Digester   : [SetNextRule]{mbeans-descriptors/mbean/operation} Call org.apache.tomcat.util.modeler.ManagedBean.addOperation(org.apache.tomcat.util.modeler.OperationInfo@51c5474f)
2019-12-06 11:18:44.041 DEBUG 7503 --- [    Test worker] o.apache.tomcat.util.IntrospectionUtils  : IntrospectionUtils: callMethod1 org.apache.tomcat.util.modeler.ManagedBean org.apache.tomcat.util.modeler.OperationInfo org.apache.tomcat.util.modeler.OperationInfo
2019-12-06 11:18:44.041 DEBUG 7503 --- [    Test worker] o.apache.tomcat.util.digester.Digester   :   Fire end() for SetPropertiesRule[]
2019-12-06 11:18:44.041 DEBUG 7503 --- [    Test worker] o.apache.tomcat.util.digester.Digester   :   Fire end() for ObjectCreateRule[className=org.apache.tomcat.util.modeler.OperationInfo, attributeName=null]
2019-12-06 11:18:44.041 DEBUG 7503 --- [    Test worker] o.apache.tomcat.util.digester.Digester   : [ObjectCreateRule]{mbeans-descriptors/mbean/operation} Pop org.apache.tomcat.util.modeler.OperationInfo
2019-12-06 11:18:44.041 DEBUG 7503 --- [    Test worker] o.a.tomcat.util.digester.Digester.sax    : characters(

    )
2019-12-06 11:18:44.042 DEBUG 7503 --- [    Test worker] o.a.tomcat.util.digester.Digester.sax    : startElement(,,operation)
2019-12-06 11:18:44.042 DEBUG 7503 --- [    Test worker] o.apache.tomcat.util.digester.Digester   :   New match='mbeans-descriptors/mbean/operation'
2019-12-06 11:18:44.042 DEBUG 7503 --- [    Test worker] o.apache.tomcat.util.digester.Digester   :   Fire begin() for ObjectCreateRule[className=org.apache.tomcat.util.modeler.OperationInfo, attributeName=null]
2019-12-06 11:18:44.042 DEBUG 7503 --- [    Test worker] o.apache.tomcat.util.digester.Digester   :   Fire begin() for SetPropertiesRule[]
2019-12-06 11:18:44.042 DEBUG 7503 --- [    Test worker] o.apache.tomcat.util.digester.Digester   : [SetPropertiesRule]{mbeans-descriptors/mbean/operation} Set org.apache.tomcat.util.modeler.OperationInfo properties
2019-12-06 11:18:44.042 DEBUG 7503 --- [    Test worker] o.apache.tomcat.util.digester.Digester   : [SetPropertiesRule]{mbeans-descriptors/mbean/operation} Setting property 'name' to 'unbind'
2019-12-06 11:18:44.042 DEBUG 7503 --- [    Test worker] o.apache.tomcat.util.IntrospectionUtils  : IntrospectionUtils: setProperty(class org.apache.tomcat.util.modeler.OperationInfo name=unbind)
2019-12-06 11:18:44.042 DEBUG 7503 --- [    Test worker] o.apache.tomcat.util.digester.Digester   : [SetPropertiesRule]{mbeans-descriptors/mbean/operation} Setting property 'returnType' to 'void'
2019-12-06 11:18:44.043 DEBUG 7503 --- [    Test worker] o.apache.tomcat.util.IntrospectionUtils  : IntrospectionUtils: setProperty(class org.apache.tomcat.util.modeler.OperationInfo returnType=void)
2019-12-06 11:18:44.043 DEBUG 7503 --- [    Test worker] o.apache.tomcat.util.digester.Digester   :   Fire begin() for SetNextRule[methodName=addOperation, paramType=org.apache.tomcat.util.modeler.OperationInfo]
2019-12-06 11:18:44.043 DEBUG 7503 --- [    Test worker] o.a.tomcat.util.digester.Digester.sax    : endElement(,,operation)
2019-12-06 11:18:44.043 DEBUG 7503 --- [    Test worker] o.apache.tomcat.util.digester.Digester   :   match='mbeans-descriptors/mbean/operation'
2019-12-06 11:18:44.043 DEBUG 7503 --- [    Test worker] o.apache.tomcat.util.digester.Digester   :   bodyText=''
2019-12-06 11:18:44.043 DEBUG 7503 --- [    Test worker] o.apache.tomcat.util.digester.Digester   :   Fire body() for ObjectCreateRule[className=org.apache.tomcat.util.modeler.OperationInfo, attributeName=null]
2019-12-06 11:18:44.043 DEBUG 7503 --- [    Test worker] o.apache.tomcat.util.digester.Digester   :   Fire body() for SetPropertiesRule[]
2019-12-06 11:18:44.043 DEBUG 7503 --- [    Test worker] o.apache.tomcat.util.digester.Digester   :   Fire body() for SetNextRule[methodName=addOperation, paramType=org.apache.tomcat.util.modeler.OperationInfo]
2019-12-06 11:18:44.044 DEBUG 7503 --- [    Test worker] o.apache.tomcat.util.digester.Digester   :   Fire end() for SetNextRule[methodName=addOperation, paramType=org.apache.tomcat.util.modeler.OperationInfo]
2019-12-06 11:18:44.044 DEBUG 7503 --- [    Test worker] o.apache.tomcat.util.digester.Digester   : [SetNextRule]{mbeans-descriptors/mbean/operation} Call org.apache.tomcat.util.modeler.ManagedBean.addOperation(org.apache.tomcat.util.modeler.OperationInfo@16b5c37d)
2019-12-06 11:18:44.044 DEBUG 7503 --- [    Test worker] o.apache.tomcat.util.IntrospectionUtils  : IntrospectionUtils: callMethod1 org.apache.tomcat.util.modeler.ManagedBean org.apache.tomcat.util.modeler.OperationInfo org.apache.tomcat.util.modeler.OperationInfo
2019-12-06 11:18:44.044 DEBUG 7503 --- [    Test worker] o.apache.tomcat.util.digester.Digester   :   Fire end() for SetPropertiesRule[]
2019-12-06 11:18:44.044 DEBUG 7503 --- [    Test worker] o.apache.tomcat.util.digester.Digester   :   Fire end() for ObjectCreateRule[className=org.apache.tomcat.util.modeler.OperationInfo, attributeName=null]
2019-12-06 11:18:44.044 DEBUG 7503 --- [    Test worker] o.apache.tomcat.util.digester.Digester   : [ObjectCreateRule]{mbeans-descriptors/mbean/operation} Pop org.apache.tomcat.util.modeler.OperationInfo
2019-12-06 11:18:44.044 DEBUG 7503 --- [    Test worker] o.a.tomcat.util.digester.Digester.sax    : characters(

  )
2019-12-06 11:18:44.044 DEBUG 7503 --- [    Test worker] o.a.tomcat.util.digester.Digester.sax    : endElement(,,mbean)
2019-12-06 11:18:44.045 DEBUG 7503 --- [    Test worker] o.apache.tomcat.util.digester.Digester   :   match='mbeans-descriptors/mbean'
2019-12-06 11:18:44.045 DEBUG 7503 --- [    Test worker] o.apache.tomcat.util.digester.Digester   :   bodyText='

    

    

    

    

    

    

    

    

    

    

    

    

    

    

    

    

    

    

    

    

    

    

    

    

    

    

    

    

    

    

    

    

    

    

    

    

    

    

    

    

    

    

    

    

    

    

    

    

    

    

    

    

    

    

    

    

    

    

  '
2019-12-06 11:18:44.045 DEBUG 7503 --- [    Test worker] o.apache.tomcat.util.digester.Digester   :   Fire body() for ObjectCreateRule[className=org.apache.tomcat.util.modeler.ManagedBean, attributeName=null]
2019-12-06 11:18:44.045 DEBUG 7503 --- [    Test worker] o.apache.tomcat.util.digester.Digester   :   Fire body() for SetPropertiesRule[]
2019-12-06 11:18:44.045 DEBUG 7503 --- [    Test worker] o.apache.tomcat.util.digester.Digester   :   Fire body() for SetNextRule[methodName=add, paramType=java.lang.Object]
2019-12-06 11:18:44.045 DEBUG 7503 --- [    Test worker] o.apache.tomcat.util.digester.Digester   :   Fire end() for SetNextRule[methodName=add, paramType=java.lang.Object]
2019-12-06 11:18:44.045 DEBUG 7503 --- [    Test worker] o.apache.tomcat.util.digester.Digester   : [SetNextRule]{mbeans-descriptors/mbean} Call java.util.ArrayList.add(ManagedBean[name=Nio2Endpoint, className=org.apache.catalina.mbeans.ClassNameMBean, description=null, group=ThreadPool, type=org.apache.tomcat.util.net.Nio2Endpoint])
2019-12-06 11:18:44.046 DEBUG 7503 --- [    Test worker] o.apache.tomcat.util.IntrospectionUtils  : IntrospectionUtils: callMethod1 java.util.ArrayList org.apache.tomcat.util.modeler.ManagedBean java.lang.Object
2019-12-06 11:18:44.046 DEBUG 7503 --- [    Test worker] o.apache.tomcat.util.digester.Digester   :   Fire end() for SetPropertiesRule[]
2019-12-06 11:18:44.046 DEBUG 7503 --- [    Test worker] o.apache.tomcat.util.digester.Digester   :   Fire end() for ObjectCreateRule[className=org.apache.tomcat.util.modeler.ManagedBean, attributeName=null]
2019-12-06 11:18:44.046 DEBUG 7503 --- [    Test worker] o.apache.tomcat.util.digester.Digester   : [ObjectCreateRule]{mbeans-descriptors/mbean} Pop org.apache.tomcat.util.modeler.ManagedBean
2019-12-06 11:18:44.046 DEBUG 7503 --- [    Test worker] o.a.tomcat.util.digester.Digester.sax    : characters(

  )
2019-12-06 11:18:44.046 DEBUG 7503 --- [    Test worker] o.a.tomcat.util.digester.Digester.sax    : startElement(,,mbean)
2019-12-06 11:18:44.046 DEBUG 7503 --- [    Test worker] o.apache.tomcat.util.digester.Digester   :   New match='mbeans-descriptors/mbean'
2019-12-06 11:18:44.046 DEBUG 7503 --- [    Test worker] o.apache.tomcat.util.digester.Digester   :   Fire begin() for ObjectCreateRule[className=org.apache.tomcat.util.modeler.ManagedBean, attributeName=null]
2019-12-06 11:18:44.047 DEBUG 7503 --- [    Test worker] o.apache.tomcat.util.digester.Digester   :   Fire begin() for SetPropertiesRule[]
2019-12-06 11:18:44.047 DEBUG 7503 --- [    Test worker] o.apache.tomcat.util.digester.Digester   : [SetPropertiesRule]{mbeans-descriptors/mbean} Set org.apache.tomcat.util.modeler.ManagedBean properties
2019-12-06 11:18:44.047 DEBUG 7503 --- [    Test worker] o.apache.tomcat.util.digester.Digester   : [SetPropertiesRule]{mbeans-descriptors/mbean} Setting property 'name' to 'AprEndpoint'
2019-12-06 11:18:44.047 DEBUG 7503 --- [    Test worker] o.apache.tomcat.util.IntrospectionUtils  : IntrospectionUtils: setProperty(class org.apache.tomcat.util.modeler.ManagedBean name=AprEndpoint)
2019-12-06 11:18:44.047 DEBUG 7503 --- [    Test worker] o.apache.tomcat.util.digester.Digester   : [SetPropertiesRule]{mbeans-descriptors/mbean} Setting property 'className' to 'org.apache.catalina.mbeans.ClassNameMBean'
2019-12-06 11:18:44.047 DEBUG 7503 --- [    Test worker] o.apache.tomcat.util.IntrospectionUtils  : IntrospectionUtils: setProperty(class org.apache.tomcat.util.modeler.ManagedBean className=org.apache.catalina.mbeans.ClassNameMBean)
2019-12-06 11:18:44.047 DEBUG 7503 --- [    Test worker] o.apache.tomcat.util.digester.Digester   : [SetPropertiesRule]{mbeans-descriptors/mbean} Setting property 'domain' to 'Catalina'
2019-12-06 11:18:44.048 DEBUG 7503 --- [    Test worker] o.apache.tomcat.util.IntrospectionUtils  : IntrospectionUtils: setProperty(class org.apache.tomcat.util.modeler.ManagedBean domain=Catalina)
2019-12-06 11:18:44.048 DEBUG 7503 --- [    Test worker] o.apache.tomcat.util.digester.Digester   : [SetPropertiesRule]{mbeans-descriptors/mbean} Setting property 'group' to 'ThreadPool'
2019-12-06 11:18:44.048 DEBUG 7503 --- [    Test worker] o.apache.tomcat.util.IntrospectionUtils  : IntrospectionUtils: setProperty(class org.apache.tomcat.util.modeler.ManagedBean group=ThreadPool)
2019-12-06 11:18:44.048 DEBUG 7503 --- [    Test worker] o.apache.tomcat.util.digester.Digester   : [SetPropertiesRule]{mbeans-descriptors/mbean} Setting property 'type' to 'org.apache.tomcat.util.net.AprEndpoint'
2019-12-06 11:18:44.048 DEBUG 7503 --- [    Test worker] o.apache.tomcat.util.IntrospectionUtils  : IntrospectionUtils: setProperty(class org.apache.tomcat.util.modeler.ManagedBean type=org.apache.tomcat.util.net.AprEndpoint)
2019-12-06 11:18:44.048 DEBUG 7503 --- [    Test worker] o.apache.tomcat.util.digester.Digester   :   Fire begin() for SetNextRule[methodName=add, paramType=java.lang.Object]
2019-12-06 11:18:44.048 DEBUG 7503 --- [    Test worker] o.a.tomcat.util.digester.Digester.sax    : characters(

    )
2019-12-06 11:18:44.048 DEBUG 7503 --- [    Test worker] o.a.tomcat.util.digester.Digester.sax    : startElement(,,attribute)
2019-12-06 11:18:44.049 DEBUG 7503 --- [    Test worker] o.apache.tomcat.util.digester.Digester   :   New match='mbeans-descriptors/mbean/attribute'
2019-12-06 11:18:44.049 DEBUG 7503 --- [    Test worker] o.apache.tomcat.util.digester.Digester   :   Fire begin() for ObjectCreateRule[className=org.apache.tomcat.util.modeler.AttributeInfo, attributeName=null]
2019-12-06 11:18:44.049 DEBUG 7503 --- [    Test worker] o.apache.tomcat.util.digester.Digester   :   Fire begin() for SetPropertiesRule[]
2019-12-06 11:18:44.049 DEBUG 7503 --- [    Test worker] o.apache.tomcat.util.digester.Digester   : [SetPropertiesRule]{mbeans-descriptors/mbean/attribute} Set org.apache.tomcat.util.modeler.AttributeInfo properties
2019-12-06 11:18:44.049 DEBUG 7503 --- [    Test worker] o.apache.tomcat.util.digester.Digester   : [SetPropertiesRule]{mbeans-descriptors/mbean/attribute} Setting property 'name' to 'acceptCount'
2019-12-06 11:18:44.049 DEBUG 7503 --- [    Test worker] o.apache.tomcat.util.IntrospectionUtils  : IntrospectionUtils: setProperty(class org.apache.tomcat.util.modeler.AttributeInfo name=acceptCount)
2019-12-06 11:18:44.049 DEBUG 7503 --- [    Test worker] o.apache.tomcat.util.digester.Digester   : [SetPropertiesRule]{mbeans-descriptors/mbean/attribute} Setting property 'type' to 'int'
2019-12-06 11:18:44.049 DEBUG 7503 --- [    Test worker] o.apache.tomcat.util.IntrospectionUtils  : IntrospectionUtils: setProperty(class org.apache.tomcat.util.modeler.AttributeInfo type=int)
2019-12-06 11:18:44.050 DEBUG 7503 --- [    Test worker] o.apache.tomcat.util.digester.Digester   :   Fire begin() for SetNextRule[methodName=addAttribute, paramType=org.apache.tomcat.util.modeler.AttributeInfo]
2019-12-06 11:18:44.050 DEBUG 7503 --- [    Test worker] o.a.tomcat.util.digester.Digester.sax    : endElement(,,attribute)
2019-12-06 11:18:44.050 DEBUG 7503 --- [    Test worker] o.apache.tomcat.util.digester.Digester   :   match='mbeans-descriptors/mbean/attribute'
2019-12-06 11:18:44.050 DEBUG 7503 --- [    Test worker] o.apache.tomcat.util.digester.Digester   :   bodyText=''
2019-12-06 11:18:44.050 DEBUG 7503 --- [    Test worker] o.apache.tomcat.util.digester.Digester   :   Fire body() for ObjectCreateRule[className=org.apache.tomcat.util.modeler.AttributeInfo, attributeName=null]
2019-12-06 11:18:44.050 DEBUG 7503 --- [    Test worker] o.apache.tomcat.util.digester.Digester   :   Fire body() for SetPropertiesRule[]
2019-12-06 11:18:44.050 DEBUG 7503 --- [    Test worker] o.apache.tomcat.util.digester.Digester   :   Fire body() for SetNextRule[methodName=addAttribute, paramType=org.apache.tomcat.util.modeler.AttributeInfo]
2019-12-06 11:18:44.050 DEBUG 7503 --- [    Test worker] o.apache.tomcat.util.digester.Digester   :   Fire end() for SetNextRule[methodName=addAttribute, paramType=org.apache.tomcat.util.modeler.AttributeInfo]
2019-12-06 11:18:44.051 DEBUG 7503 --- [    Test worker] o.apache.tomcat.util.digester.Digester   : [SetNextRule]{mbeans-descriptors/mbean/attribute} Call org.apache.tomcat.util.modeler.ManagedBean.addAttribute(org.apache.tomcat.util.modeler.AttributeInfo@4e04a97e)
2019-12-06 11:18:44.051 DEBUG 7503 --- [    Test worker] o.apache.tomcat.util.IntrospectionUtils  : IntrospectionUtils: callMethod1 org.apache.tomcat.util.modeler.ManagedBean org.apache.tomcat.util.modeler.AttributeInfo org.apache.tomcat.util.modeler.AttributeInfo
2019-12-06 11:18:44.051 DEBUG 7503 --- [    Test worker] o.apache.tomcat.util.digester.Digester   :   Fire end() for SetPropertiesRule[]
2019-12-06 11:18:44.051 DEBUG 7503 --- [    Test worker] o.apache.tomcat.util.digester.Digester   :   Fire end() for ObjectCreateRule[className=org.apache.tomcat.util.modeler.AttributeInfo, attributeName=null]
2019-12-06 11:18:44.051 DEBUG 7503 --- [    Test worker] o.apache.tomcat.util.digester.Digester   : [ObjectCreateRule]{mbeans-descriptors/mbean/attribute} Pop org.apache.tomcat.util.modeler.AttributeInfo
2019-12-06 11:18:44.051 DEBUG 7503 --- [    Test worker] o.a.tomcat.util.digester.Digester.sax    : characters(

    )
2019-12-06 11:18:44.051 DEBUG 7503 --- [    Test worker] o.a.tomcat.util.digester.Digester.sax    : startElement(,,attribute)
2019-12-06 11:18:44.051 DEBUG 7503 --- [    Test worker] o.apache.tomcat.util.digester.Digester   :   New match='mbeans-descriptors/mbean/attribute'
2019-12-06 11:18:44.052 DEBUG 7503 --- [    Test worker] o.apache.tomcat.util.digester.Digester   :   Fire begin() for ObjectCreateRule[className=org.apache.tomcat.util.modeler.AttributeInfo, attributeName=null]
2019-12-06 11:18:44.052 DEBUG 7503 --- [    Test worker] o.apache.tomcat.util.digester.Digester   :   Fire begin() for SetPropertiesRule[]
2019-12-06 11:18:44.052 DEBUG 7503 --- [    Test worker] o.apache.tomcat.util.digester.Digester   : [SetPropertiesRule]{mbeans-descriptors/mbean/attribute} Set org.apache.tomcat.util.modeler.AttributeInfo properties
2019-12-06 11:18:44.052 DEBUG 7503 --- [    Test worker] o.apache.tomcat.util.digester.Digester   : [SetPropertiesRule]{mbeans-descriptors/mbean/attribute} Setting property 'name' to 'acceptorThreadCount'
2019-12-06 11:18:44.052 DEBUG 7503 --- [    Test worker] o.apache.tomcat.util.IntrospectionUtils  : IntrospectionUtils: setProperty(class org.apache.tomcat.util.modeler.AttributeInfo name=acceptorThreadCount)
2019-12-06 11:18:44.052 DEBUG 7503 --- [    Test worker] o.apache.tomcat.util.digester.Digester   : [SetPropertiesRule]{mbeans-descriptors/mbean/attribute} Setting property 'type' to 'int'
2019-12-06 11:18:44.052 DEBUG 7503 --- [    Test worker] o.apache.tomcat.util.IntrospectionUtils  : IntrospectionUtils: setProperty(class org.apache.tomcat.util.modeler.AttributeInfo type=int)
2019-12-06 11:18:44.052 DEBUG 7503 --- [    Test worker] o.apache.tomcat.util.digester.Digester   :   Fire begin() for SetNextRule[methodName=addAttribute, paramType=org.apache.tomcat.util.modeler.AttributeInfo]
2019-12-06 11:18:44.053 DEBUG 7503 --- [    Test worker] o.a.tomcat.util.digester.Digester.sax    : endElement(,,attribute)
2019-12-06 11:18:44.053 DEBUG 7503 --- [    Test worker] o.apache.tomcat.util.digester.Digester   :   match='mbeans-descriptors/mbean/attribute'
2019-12-06 11:18:44.053 DEBUG 7503 --- [    Test worker] o.apache.tomcat.util.digester.Digester   :   bodyText=''
2019-12-06 11:18:44.053 DEBUG 7503 --- [    Test worker] o.apache.tomcat.util.digester.Digester   :   Fire body() for ObjectCreateRule[className=org.apache.tomcat.util.modeler.AttributeInfo, attributeName=null]
2019-12-06 11:18:44.053 DEBUG 7503 --- [    Test worker] o.apache.tomcat.util.digester.Digester   :   Fire body() for SetPropertiesRule[]
2019-12-06 11:18:44.053 DEBUG 7503 --- [    Test worker] o.apache.tomcat.util.digester.Digester   :   Fire body() for SetNextRule[methodName=addAttribute, paramType=org.apache.tomcat.util.modeler.AttributeInfo]
2019-12-06 11:18:44.053 DEBUG 7503 --- [    Test worker] o.apache.tomcat.util.digester.Digester   :   Fire end() for SetNextRule[methodName=addAttribute, paramType=org.apache.tomcat.util.modeler.AttributeInfo]
2019-12-06 11:18:44.053 DEBUG 7503 --- [    Test worker] o.apache.tomcat.util.digester.Digester   : [SetNextRule]{mbeans-descriptors/mbean/attribute} Call org.apache.tomcat.util.modeler.ManagedBean.addAttribute(org.apache.tomcat.util.modeler.AttributeInfo@c0df210)
2019-12-06 11:18:44.054 DEBUG 7503 --- [    Test worker] o.apache.tomcat.util.IntrospectionUtils  : IntrospectionUtils: callMethod1 org.apache.tomcat.util.modeler.ManagedBean org.apache.tomcat.util.modeler.AttributeInfo org.apache.tomcat.util.modeler.AttributeInfo
2019-12-06 11:18:44.054 DEBUG 7503 --- [    Test worker] o.apache.tomcat.util.digester.Digester   :   Fire end() for SetPropertiesRule[]
2019-12-06 11:18:44.054 DEBUG 7503 --- [    Test worker] o.apache.tomcat.util.digester.Digester   :   Fire end() for ObjectCreateRule[className=org.apache.tomcat.util.modeler.AttributeInfo, attributeName=null]
2019-12-06 11:18:44.054 DEBUG 7503 --- [    Test worker] o.apache.tomcat.util.digester.Digester   : [ObjectCreateRule]{mbeans-descriptors/mbean/attribute} Pop org.apache.tomcat.util.modeler.AttributeInfo
2019-12-06 11:18:44.054 DEBUG 7503 --- [    Test worker] o.a.tomcat.util.digester.Digester.sax    : characters(

    )
2019-12-06 11:18:44.054 DEBUG 7503 --- [    Test worker] o.a.tomcat.util.digester.Digester.sax    : startElement(,,attribute)
2019-12-06 11:18:44.054 DEBUG 7503 --- [    Test worker] o.apache.tomcat.util.digester.Digester   :   New match='mbeans-descriptors/mbean/attribute'
2019-12-06 11:18:44.054 DEBUG 7503 --- [    Test worker] o.apache.tomcat.util.digester.Digester   :   Fire begin() for ObjectCreateRule[className=org.apache.tomcat.util.modeler.AttributeInfo, attributeName=null]
2019-12-06 11:18:44.055 DEBUG 7503 --- [    Test worker] o.apache.tomcat.util.digester.Digester   :   Fire begin() for SetPropertiesRule[]
2019-12-06 11:18:44.055 DEBUG 7503 --- [    Test worker] o.apache.tomcat.util.digester.Digester   : [SetPropertiesRule]{mbeans-descriptors/mbean/attribute} Set org.apache.tomcat.util.modeler.AttributeInfo properties
2019-12-06 11:18:44.055 DEBUG 7503 --- [    Test worker] o.apache.tomcat.util.digester.Digester   : [SetPropertiesRule]{mbeans-descriptors/mbean/attribute} Setting property 'name' to 'acceptorThreadPriority'
2019-12-06 11:18:44.055 DEBUG 7503 --- [    Test worker] o.apache.tomcat.util.IntrospectionUtils  : IntrospectionUtils: setProperty(class org.apache.tomcat.util.modeler.AttributeInfo name=acceptorThreadPriority)
2019-12-06 11:18:44.055 DEBUG 7503 --- [    Test worker] o.apache.tomcat.util.digester.Digester   : [SetPropertiesRule]{mbeans-descriptors/mbean/attribute} Setting property 'type' to 'int'
2019-12-06 11:18:44.055 DEBUG 7503 --- [    Test worker] o.apache.tomcat.util.IntrospectionUtils  : IntrospectionUtils: setProperty(class org.apache.tomcat.util.modeler.AttributeInfo type=int)
2019-12-06 11:18:44.055 DEBUG 7503 --- [    Test worker] o.apache.tomcat.util.digester.Digester   :   Fire begin() for SetNextRule[methodName=addAttribute, paramType=org.apache.tomcat.util.modeler.AttributeInfo]
2019-12-06 11:18:44.055 DEBUG 7503 --- [    Test worker] o.a.tomcat.util.digester.Digester.sax    : endElement(,,attribute)
2019-12-06 11:18:44.056 DEBUG 7503 --- [    Test worker] o.apache.tomcat.util.digester.Digester   :   match='mbeans-descriptors/mbean/attribute'
2019-12-06 11:18:44.056 DEBUG 7503 --- [    Test worker] o.apache.tomcat.util.digester.Digester   :   bodyText=''
2019-12-06 11:18:44.056 DEBUG 7503 --- [    Test worker] o.apache.tomcat.util.digester.Digester   :   Fire body() for ObjectCreateRule[className=org.apache.tomcat.util.modeler.AttributeInfo, attributeName=null]
2019-12-06 11:18:44.056 DEBUG 7503 --- [    Test worker] o.apache.tomcat.util.digester.Digester   :   Fire body() for SetPropertiesRule[]
2019-12-06 11:18:44.056 DEBUG 7503 --- [    Test worker] o.apache.tomcat.util.digester.Digester   :   Fire body() for SetNextRule[methodName=addAttribute, paramType=org.apache.tomcat.util.modeler.AttributeInfo]
2019-12-06 11:18:44.056 DEBUG 7503 --- [    Test worker] o.apache.tomcat.util.digester.Digester   :   Fire end() for SetNextRule[methodName=addAttribute, paramType=org.apache.tomcat.util.modeler.AttributeInfo]
2019-12-06 11:18:44.056 DEBUG 7503 --- [    Test worker] o.apache.tomcat.util.digester.Digester   : [SetNextRule]{mbeans-descriptors/mbean/attribute} Call org.apache.tomcat.util.modeler.ManagedBean.addAttribute(org.apache.tomcat.util.modeler.AttributeInfo@778923e1)
2019-12-06 11:18:44.056 DEBUG 7503 --- [    Test worker] o.apache.tomcat.util.IntrospectionUtils  : IntrospectionUtils: callMethod1 org.apache.tomcat.util.modeler.ManagedBean org.apache.tomcat.util.modeler.AttributeInfo org.apache.tomcat.util.modeler.AttributeInfo
2019-12-06 11:18:44.057 DEBUG 7503 --- [    Test worker] o.apache.tomcat.util.digester.Digester   :   Fire end() for SetPropertiesRule[]
2019-12-06 11:18:44.057 DEBUG 7503 --- [    Test worker] o.apache.tomcat.util.digester.Digester   :   Fire end() for ObjectCreateRule[className=org.apache.tomcat.util.modeler.AttributeInfo, attributeName=null]
2019-12-06 11:18:44.057 DEBUG 7503 --- [    Test worker] o.apache.tomcat.util.digester.Digester   : [ObjectCreateRule]{mbeans-descriptors/mbean/attribute} Pop org.apache.tomcat.util.modeler.AttributeInfo
2019-12-06 11:18:44.057 DEBUG 7503 --- [    Test worker] o.a.tomcat.util.digester.Digester.sax    : characters(

    )
2019-12-06 11:18:44.057 DEBUG 7503 --- [    Test worker] o.a.tomcat.util.digester.Digester.sax    : startElement(,,attribute)
2019-12-06 11:18:44.057 DEBUG 7503 --- [    Test worker] o.apache.tomcat.util.digester.Digester   :   New match='mbeans-descriptors/mbean/attribute'
2019-12-06 11:18:44.057 DEBUG 7503 --- [    Test worker] o.apache.tomcat.util.digester.Digester   :   Fire begin() for ObjectCreateRule[className=org.apache.tomcat.util.modeler.AttributeInfo, attributeName=null]
2019-12-06 11:18:44.057 DEBUG 7503 --- [    Test worker] o.apache.tomcat.util.digester.Digester   :   Fire begin() for SetPropertiesRule[]
2019-12-06 11:18:44.058 DEBUG 7503 --- [    Test worker] o.apache.tomcat.util.digester.Digester   : [SetPropertiesRule]{mbeans-descriptors/mbean/attribute} Set org.apache.tomcat.util.modeler.AttributeInfo properties
2019-12-06 11:18:44.058 DEBUG 7503 --- [    Test worker] o.apache.tomcat.util.digester.Digester   : [SetPropertiesRule]{mbeans-descriptors/mbean/attribute} Setting property 'name' to 'alpnSupported'
2019-12-06 11:18:44.058 DEBUG 7503 --- [    Test worker] o.apache.tomcat.util.IntrospectionUtils  : IntrospectionUtils: setProperty(class org.apache.tomcat.util.modeler.AttributeInfo name=alpnSupported)
2019-12-06 11:18:44.058 DEBUG 7503 --- [    Test worker] o.apache.tomcat.util.digester.Digester   : [SetPropertiesRule]{mbeans-descriptors/mbean/attribute} Setting property 'type' to 'boolean'
2019-12-06 11:18:44.058 DEBUG 7503 --- [    Test worker] o.apache.tomcat.util.IntrospectionUtils  : IntrospectionUtils: setProperty(class org.apache.tomcat.util.modeler.AttributeInfo type=boolean)
2019-12-06 11:18:44.058 DEBUG 7503 --- [    Test worker] o.apache.tomcat.util.digester.Digester   : [SetPropertiesRule]{mbeans-descriptors/mbean/attribute} Setting property 'writeable' to 'false'
2019-12-06 11:18:44.058 DEBUG 7503 --- [    Test worker] o.apache.tomcat.util.IntrospectionUtils  : IntrospectionUtils: setProperty(class org.apache.tomcat.util.modeler.AttributeInfo writeable=false)
2019-12-06 11:18:44.058 DEBUG 7503 --- [    Test worker] o.apache.tomcat.util.digester.Digester   : [SetPropertiesRule]{mbeans-descriptors/mbean/attribute} Setting property 'is' to 'true'
2019-12-06 11:18:44.059 DEBUG 7503 --- [    Test worker] o.apache.tomcat.util.IntrospectionUtils  : IntrospectionUtils: setProperty(class org.apache.tomcat.util.modeler.AttributeInfo is=true)
2019-12-06 11:18:44.059 DEBUG 7503 --- [    Test worker] o.apache.tomcat.util.digester.Digester   :   Fire begin() for SetNextRule[methodName=addAttribute, paramType=org.apache.tomcat.util.modeler.AttributeInfo]
2019-12-06 11:18:44.059 DEBUG 7503 --- [    Test worker] o.a.tomcat.util.digester.Digester.sax    : endElement(,,attribute)
2019-12-06 11:18:44.059 DEBUG 7503 --- [    Test worker] o.apache.tomcat.util.digester.Digester   :   match='mbeans-descriptors/mbean/attribute'
2019-12-06 11:18:44.059 DEBUG 7503 --- [    Test worker] o.apache.tomcat.util.digester.Digester   :   bodyText=''
2019-12-06 11:18:44.059 DEBUG 7503 --- [    Test worker] o.apache.tomcat.util.digester.Digester   :   Fire body() for ObjectCreateRule[className=org.apache.tomcat.util.modeler.AttributeInfo, attributeName=null]
2019-12-06 11:18:44.059 DEBUG 7503 --- [    Test worker] o.apache.tomcat.util.digester.Digester   :   Fire body() for SetPropertiesRule[]
2019-12-06 11:18:44.059 DEBUG 7503 --- [    Test worker] o.apache.tomcat.util.digester.Digester   :   Fire body() for SetNextRule[methodName=addAttribute, paramType=org.apache.tomcat.util.modeler.AttributeInfo]
2019-12-06 11:18:44.060 DEBUG 7503 --- [    Test worker] o.apache.tomcat.util.digester.Digester   :   Fire end() for SetNextRule[methodName=addAttribute, paramType=org.apache.tomcat.util.modeler.AttributeInfo]
2019-12-06 11:18:44.060 DEBUG 7503 --- [    Test worker] o.apache.tomcat.util.digester.Digester   : [SetNextRule]{mbeans-descriptors/mbean/attribute} Call org.apache.tomcat.util.modeler.ManagedBean.addAttribute(org.apache.tomcat.util.modeler.AttributeInfo@4f9fb846)
2019-12-06 11:18:44.060 DEBUG 7503 --- [    Test worker] o.apache.tomcat.util.IntrospectionUtils  : IntrospectionUtils: callMethod1 org.apache.tomcat.util.modeler.ManagedBean org.apache.tomcat.util.modeler.AttributeInfo org.apache.tomcat.util.modeler.AttributeInfo
2019-12-06 11:18:44.060 DEBUG 7503 --- [    Test worker] o.apache.tomcat.util.digester.Digester   :   Fire end() for SetPropertiesRule[]
2019-12-06 11:18:44.060 DEBUG 7503 --- [    Test worker] o.apache.tomcat.util.digester.Digester   :   Fire end() for ObjectCreateRule[className=org.apache.tomcat.util.modeler.AttributeInfo, attributeName=null]
2019-12-06 11:18:44.060 DEBUG 7503 --- [    Test worker] o.apache.tomcat.util.digester.Digester   : [ObjectCreateRule]{mbeans-descriptors/mbean/attribute} Pop org.apache.tomcat.util.modeler.AttributeInfo
2019-12-06 11:18:44.060 DEBUG 7503 --- [    Test worker] o.a.tomcat.util.digester.Digester.sax    : characters(

    )
2019-12-06 11:18:44.060 DEBUG 7503 --- [    Test worker] o.a.tomcat.util.digester.Digester.sax    : startElement(,,attribute)
2019-12-06 11:18:44.061 DEBUG 7503 --- [    Test worker] o.apache.tomcat.util.digester.Digester   :   New match='mbeans-descriptors/mbean/attribute'
2019-12-06 11:18:44.061 DEBUG 7503 --- [    Test worker] o.apache.tomcat.util.digester.Digester   :   Fire begin() for ObjectCreateRule[className=org.apache.tomcat.util.modeler.AttributeInfo, attributeName=null]
2019-12-06 11:18:44.061 DEBUG 7503 --- [    Test worker] o.apache.tomcat.util.digester.Digester   :   Fire begin() for SetPropertiesRule[]
2019-12-06 11:18:44.061 DEBUG 7503 --- [    Test worker] o.apache.tomcat.util.digester.Digester   : [SetPropertiesRule]{mbeans-descriptors/mbean/attribute} Set org.apache.tomcat.util.modeler.AttributeInfo properties
2019-12-06 11:18:44.061 DEBUG 7503 --- [    Test worker] o.apache.tomcat.util.digester.Digester   : [SetPropertiesRule]{mbeans-descriptors/mbean/attribute} Setting property 'name' to 'bindOnInit'
2019-12-06 11:18:44.061 DEBUG 7503 --- [    Test worker] o.apache.tomcat.util.IntrospectionUtils  : IntrospectionUtils: setProperty(class org.apache.tomcat.util.modeler.AttributeInfo name=bindOnInit)
2019-12-06 11:18:44.061 DEBUG 7503 --- [    Test worker] o.apache.tomcat.util.digester.Digester   : [SetPropertiesRule]{mbeans-descriptors/mbean/attribute} Setting property 'type' to 'boolean'
2019-12-06 11:18:44.061 DEBUG 7503 --- [    Test worker] o.apache.tomcat.util.IntrospectionUtils  : IntrospectionUtils: setProperty(class org.apache.tomcat.util.modeler.AttributeInfo type=boolean)
2019-12-06 11:18:44.062 DEBUG 7503 --- [    Test worker] o.apache.tomcat.util.digester.Digester   :   Fire begin() for SetNextRule[methodName=addAttribute, paramType=org.apache.tomcat.util.modeler.AttributeInfo]
2019-12-06 11:18:44.062 DEBUG 7503 --- [    Test worker] o.a.tomcat.util.digester.Digester.sax    : endElement(,,attribute)
2019-12-06 11:18:44.062 DEBUG 7503 --- [    Test worker] o.apache.tomcat.util.digester.Digester   :   match='mbeans-descriptors/mbean/attribute'
2019-12-06 11:18:44.062 DEBUG 7503 --- [    Test worker] o.apache.tomcat.util.digester.Digester   :   bodyText=''
2019-12-06 11:18:44.062 DEBUG 7503 --- [    Test worker] o.apache.tomcat.util.digester.Digester   :   Fire body() for ObjectCreateRule[className=org.apache.tomcat.util.modeler.AttributeInfo, attributeName=null]
2019-12-06 11:18:44.062 DEBUG 7503 --- [    Test worker] o.apache.tomcat.util.digester.Digester   :   Fire body() for SetPropertiesRule[]
2019-12-06 11:18:44.062 DEBUG 7503 --- [    Test worker] o.apache.tomcat.util.digester.Digester   :   Fire body() for SetNextRule[methodName=addAttribute, paramType=org.apache.tomcat.util.modeler.AttributeInfo]
2019-12-06 11:18:44.062 DEBUG 7503 --- [    Test worker] o.apache.tomcat.util.digester.Digester   :   Fire end() for SetNextRule[methodName=addAttribute, paramType=org.apache.tomcat.util.modeler.AttributeInfo]
2019-12-06 11:18:44.063 DEBUG 7503 --- [    Test worker] o.apache.tomcat.util.digester.Digester   : [SetNextRule]{mbeans-descriptors/mbean/attribute} Call org.apache.tomcat.util.modeler.ManagedBean.addAttribute(org.apache.tomcat.util.modeler.AttributeInfo@24bba792)
2019-12-06 11:18:44.063 DEBUG 7503 --- [    Test worker] o.apache.tomcat.util.IntrospectionUtils  : IntrospectionUtils: callMethod1 org.apache.tomcat.util.modeler.ManagedBean org.apache.tomcat.util.modeler.AttributeInfo org.apache.tomcat.util.modeler.AttributeInfo
2019-12-06 11:18:44.063 DEBUG 7503 --- [    Test worker] o.apache.tomcat.util.digester.Digester   :   Fire end() for SetPropertiesRule[]
2019-12-06 11:18:44.063 DEBUG 7503 --- [    Test worker] o.apache.tomcat.util.digester.Digester   :   Fire end() for ObjectCreateRule[className=org.apache.tomcat.util.modeler.AttributeInfo, attributeName=null]
2019-12-06 11:18:44.063 DEBUG 7503 --- [    Test worker] o.apache.tomcat.util.digester.Digester   : [ObjectCreateRule]{mbeans-descriptors/mbean/attribute} Pop org.apache.tomcat.util.modeler.AttributeInfo
2019-12-06 11:18:44.063 DEBUG 7503 --- [    Test worker] o.a.tomcat.util.digester.Digester.sax    : characters(

    )
2019-12-06 11:18:44.063 DEBUG 7503 --- [    Test worker] o.a.tomcat.util.digester.Digester.sax    : startElement(,,attribute)
2019-12-06 11:18:44.063 DEBUG 7503 --- [    Test worker] o.apache.tomcat.util.digester.Digester   :   New match='mbeans-descriptors/mbean/attribute'
2019-12-06 11:18:44.064 DEBUG 7503 --- [    Test worker] o.apache.tomcat.util.digester.Digester   :   Fire begin() for ObjectCreateRule[className=org.apache.tomcat.util.modeler.AttributeInfo, attributeName=null]
2019-12-06 11:18:44.064 DEBUG 7503 --- [    Test worker] o.apache.tomcat.util.digester.Digester   :   Fire begin() for SetPropertiesRule[]
2019-12-06 11:18:44.064 DEBUG 7503 --- [    Test worker] o.apache.tomcat.util.digester.Digester   : [SetPropertiesRule]{mbeans-descriptors/mbean/attribute} Set org.apache.tomcat.util.modeler.AttributeInfo properties
2019-12-06 11:18:44.064 DEBUG 7503 --- [    Test worker] o.apache.tomcat.util.digester.Digester   : [SetPropertiesRule]{mbeans-descriptors/mbean/attribute} Setting property 'name' to 'connectionCount'
2019-12-06 11:18:44.064 DEBUG 7503 --- [    Test worker] o.apache.tomcat.util.IntrospectionUtils  : IntrospectionUtils: setProperty(class org.apache.tomcat.util.modeler.AttributeInfo name=connectionCount)
2019-12-06 11:18:44.064 DEBUG 7503 --- [    Test worker] o.apache.tomcat.util.digester.Digester   : [SetPropertiesRule]{mbeans-descriptors/mbean/attribute} Setting property 'type' to 'long'
2019-12-06 11:18:44.064 DEBUG 7503 --- [    Test worker] o.apache.tomcat.util.IntrospectionUtils  : IntrospectionUtils: setProperty(class org.apache.tomcat.util.modeler.AttributeInfo type=long)
2019-12-06 11:18:44.064 DEBUG 7503 --- [    Test worker] o.apache.tomcat.util.digester.Digester   : [SetPropertiesRule]{mbeans-descriptors/mbean/attribute} Setting property 'writeable' to 'false'
2019-12-06 11:18:44.065 DEBUG 7503 --- [    Test worker] o.apache.tomcat.util.IntrospectionUtils  : IntrospectionUtils: setProperty(class org.apache.tomcat.util.modeler.AttributeInfo writeable=false)
2019-12-06 11:18:44.065 DEBUG 7503 --- [    Test worker] o.apache.tomcat.util.digester.Digester   :   Fire begin() for SetNextRule[methodName=addAttribute, paramType=org.apache.tomcat.util.modeler.AttributeInfo]
2019-12-06 11:18:44.065 DEBUG 7503 --- [    Test worker] o.a.tomcat.util.digester.Digester.sax    : endElement(,,attribute)
2019-12-06 11:18:44.065 DEBUG 7503 --- [    Test worker] o.apache.tomcat.util.digester.Digester   :   match='mbeans-descriptors/mbean/attribute'
2019-12-06 11:18:44.065 DEBUG 7503 --- [    Test worker] o.apache.tomcat.util.digester.Digester   :   bodyText=''
2019-12-06 11:18:44.065 DEBUG 7503 --- [    Test worker] o.apache.tomcat.util.digester.Digester   :   Fire body() for ObjectCreateRule[className=org.apache.tomcat.util.modeler.AttributeInfo, attributeName=null]
2019-12-06 11:18:44.065 DEBUG 7503 --- [    Test worker] o.apache.tomcat.util.digester.Digester   :   Fire body() for SetPropertiesRule[]
2019-12-06 11:18:44.065 DEBUG 7503 --- [    Test worker] o.apache.tomcat.util.digester.Digester   :   Fire body() for SetNextRule[methodName=addAttribute, paramType=org.apache.tomcat.util.modeler.AttributeInfo]
2019-12-06 11:18:44.066 DEBUG 7503 --- [    Test worker] o.apache.tomcat.util.digester.Digester   :   Fire end() for SetNextRule[methodName=addAttribute, paramType=org.apache.tomcat.util.modeler.AttributeInfo]
2019-12-06 11:18:44.066 DEBUG 7503 --- [    Test worker] o.apache.tomcat.util.digester.Digester   : [SetNextRule]{mbeans-descriptors/mbean/attribute} Call org.apache.tomcat.util.modeler.ManagedBean.addAttribute(org.apache.tomcat.util.modeler.AttributeInfo@47c54c67)
2019-12-06 11:18:44.066 DEBUG 7503 --- [    Test worker] o.apache.tomcat.util.IntrospectionUtils  : IntrospectionUtils: callMethod1 org.apache.tomcat.util.modeler.ManagedBean org.apache.tomcat.util.modeler.AttributeInfo org.apache.tomcat.util.modeler.AttributeInfo
2019-12-06 11:18:44.066 DEBUG 7503 --- [    Test worker] o.apache.tomcat.util.digester.Digester   :   Fire end() for SetPropertiesRule[]
2019-12-06 11:18:44.066 DEBUG 7503 --- [    Test worker] o.apache.tomcat.util.digester.Digester   :   Fire end() for ObjectCreateRule[className=org.apache.tomcat.util.modeler.AttributeInfo, attributeName=null]
2019-12-06 11:18:44.066 DEBUG 7503 --- [    Test worker] o.apache.tomcat.util.digester.Digester   : [ObjectCreateRule]{mbeans-descriptors/mbean/attribute} Pop org.apache.tomcat.util.modeler.AttributeInfo
2019-12-06 11:18:44.066 DEBUG 7503 --- [    Test worker] o.a.tomcat.util.digester.Digester.sax    : characters(

    )
2019-12-06 11:18:44.066 DEBUG 7503 --- [    Test worker] o.a.tomcat.util.digester.Digester.sax    : startElement(,,attribute)
2019-12-06 11:18:44.067 DEBUG 7503 --- [    Test worker] o.apache.tomcat.util.digester.Digester   :   New match='mbeans-descriptors/mbean/attribute'
2019-12-06 11:18:44.067 DEBUG 7503 --- [    Test worker] o.apache.tomcat.util.digester.Digester   :   Fire begin() for ObjectCreateRule[className=org.apache.tomcat.util.modeler.AttributeInfo, attributeName=null]
2019-12-06 11:18:44.067 DEBUG 7503 --- [    Test worker] o.apache.tomcat.util.digester.Digester   :   Fire begin() for SetPropertiesRule[]
2019-12-06 11:18:44.067 DEBUG 7503 --- [    Test worker] o.apache.tomcat.util.digester.Digester   : [SetPropertiesRule]{mbeans-descriptors/mbean/attribute} Set org.apache.tomcat.util.modeler.AttributeInfo properties
2019-12-06 11:18:44.067 DEBUG 7503 --- [    Test worker] o.apache.tomcat.util.digester.Digester   : [SetPropertiesRule]{mbeans-descriptors/mbean/attribute} Setting property 'name' to 'connectionLinger'
2019-12-06 11:18:44.067 DEBUG 7503 --- [    Test worker] o.apache.tomcat.util.IntrospectionUtils  : IntrospectionUtils: setProperty(class org.apache.tomcat.util.modeler.AttributeInfo name=connectionLinger)
2019-12-06 11:18:44.067 DEBUG 7503 --- [    Test worker] o.apache.tomcat.util.digester.Digester   : [SetPropertiesRule]{mbeans-descriptors/mbean/attribute} Setting property 'type' to 'int'
2019-12-06 11:18:44.067 DEBUG 7503 --- [    Test worker] o.apache.tomcat.util.IntrospectionUtils  : IntrospectionUtils: setProperty(class org.apache.tomcat.util.modeler.AttributeInfo type=int)
2019-12-06 11:18:44.068 DEBUG 7503 --- [    Test worker] o.apache.tomcat.util.digester.Digester   :   Fire begin() for SetNextRule[methodName=addAttribute, paramType=org.apache.tomcat.util.modeler.AttributeInfo]
2019-12-06 11:18:44.068 DEBUG 7503 --- [    Test worker] o.a.tomcat.util.digester.Digester.sax    : endElement(,,attribute)
2019-12-06 11:18:44.068 DEBUG 7503 --- [    Test worker] o.apache.tomcat.util.digester.Digester   :   match='mbeans-descriptors/mbean/attribute'
2019-12-06 11:18:44.068 DEBUG 7503 --- [    Test worker] o.apache.tomcat.util.digester.Digester   :   bodyText=''
2019-12-06 11:18:44.068 DEBUG 7503 --- [    Test worker] o.apache.tomcat.util.digester.Digester   :   Fire body() for ObjectCreateRule[className=org.apache.tomcat.util.modeler.AttributeInfo, attributeName=null]
2019-12-06 11:18:44.068 DEBUG 7503 --- [    Test worker] o.apache.tomcat.util.digester.Digester   :   Fire body() for SetPropertiesRule[]
2019-12-06 11:18:44.068 DEBUG 7503 --- [    Test worker] o.apache.tomcat.util.digester.Digester   :   Fire body() for SetNextRule[methodName=addAttribute, paramType=org.apache.tomcat.util.modeler.AttributeInfo]
2019-12-06 11:18:44.068 DEBUG 7503 --- [    Test worker] o.apache.tomcat.util.digester.Digester   :   Fire end() for SetNextRule[methodName=addAttribute, paramType=org.apache.tomcat.util.modeler.AttributeInfo]
2019-12-06 11:18:44.068 DEBUG 7503 --- [    Test worker] o.apache.tomcat.util.digester.Digester   : [SetNextRule]{mbeans-descriptors/mbean/attribute} Call org.apache.tomcat.util.modeler.ManagedBean.addAttribute(org.apache.tomcat.util.modeler.AttributeInfo@79ede955)
2019-12-06 11:18:44.069 DEBUG 7503 --- [    Test worker] o.apache.tomcat.util.IntrospectionUtils  : IntrospectionUtils: callMethod1 org.apache.tomcat.util.modeler.ManagedBean org.apache.tomcat.util.modeler.AttributeInfo org.apache.tomcat.util.modeler.AttributeInfo
2019-12-06 11:18:44.069 DEBUG 7503 --- [    Test worker] o.apache.tomcat.util.digester.Digester   :   Fire end() for SetPropertiesRule[]
2019-12-06 11:18:44.069 DEBUG 7503 --- [    Test worker] o.apache.tomcat.util.digester.Digester   :   Fire end() for ObjectCreateRule[className=org.apache.tomcat.util.modeler.AttributeInfo, attributeName=null]
2019-12-06 11:18:44.069 DEBUG 7503 --- [    Test worker] o.apache.tomcat.util.digester.Digester   : [ObjectCreateRule]{mbeans-descriptors/mbean/attribute} Pop org.apache.tomcat.util.modeler.AttributeInfo
2019-12-06 11:18:44.069 DEBUG 7503 --- [    Test worker] o.a.tomcat.util.digester.Digester.sax    : characters(

    )
2019-12-06 11:18:44.069 DEBUG 7503 --- [    Test worker] o.a.tomcat.util.digester.Digester.sax    : startElement(,,attribute)
2019-12-06 11:18:44.069 DEBUG 7503 --- [    Test worker] o.apache.tomcat.util.digester.Digester   :   New match='mbeans-descriptors/mbean/attribute'
2019-12-06 11:18:44.069 DEBUG 7503 --- [    Test worker] o.apache.tomcat.util.digester.Digester   :   Fire begin() for ObjectCreateRule[className=org.apache.tomcat.util.modeler.AttributeInfo, attributeName=null]
2019-12-06 11:18:44.070 DEBUG 7503 --- [    Test worker] o.apache.tomcat.util.digester.Digester   :   Fire begin() for SetPropertiesRule[]
2019-12-06 11:18:44.070 DEBUG 7503 --- [    Test worker] o.apache.tomcat.util.digester.Digester   : [SetPropertiesRule]{mbeans-descriptors/mbean/attribute} Set org.apache.tomcat.util.modeler.AttributeInfo properties
2019-12-06 11:18:44.070 DEBUG 7503 --- [    Test worker] o.apache.tomcat.util.digester.Digester   : [SetPropertiesRule]{mbeans-descriptors/mbean/attribute} Setting property 'name' to 'connectionTimeout'
2019-12-06 11:18:44.070 DEBUG 7503 --- [    Test worker] o.apache.tomcat.util.IntrospectionUtils  : IntrospectionUtils: setProperty(class org.apache.tomcat.util.modeler.AttributeInfo name=connectionTimeout)
2019-12-06 11:18:44.070 DEBUG 7503 --- [    Test worker] o.apache.tomcat.util.digester.Digester   : [SetPropertiesRule]{mbeans-descriptors/mbean/attribute} Setting property 'type' to 'int'
2019-12-06 11:18:44.070 DEBUG 7503 --- [    Test worker] o.apache.tomcat.util.IntrospectionUtils  : IntrospectionUtils: setProperty(class org.apache.tomcat.util.modeler.AttributeInfo type=int)
2019-12-06 11:18:44.070 DEBUG 7503 --- [    Test worker] o.apache.tomcat.util.digester.Digester   :   Fire begin() for SetNextRule[methodName=addAttribute, paramType=org.apache.tomcat.util.modeler.AttributeInfo]
2019-12-06 11:18:44.070 DEBUG 7503 --- [    Test worker] o.a.tomcat.util.digester.Digester.sax    : endElement(,,attribute)
2019-12-06 11:18:44.071 DEBUG 7503 --- [    Test worker] o.apache.tomcat.util.digester.Digester   :   match='mbeans-descriptors/mbean/attribute'
2019-12-06 11:18:44.071 DEBUG 7503 --- [    Test worker] o.apache.tomcat.util.digester.Digester   :   bodyText=''
2019-12-06 11:18:44.071 DEBUG 7503 --- [    Test worker] o.apache.tomcat.util.digester.Digester   :   Fire body() for ObjectCreateRule[className=org.apache.tomcat.util.modeler.AttributeInfo, attributeName=null]
2019-12-06 11:18:44.071 DEBUG 7503 --- [    Test worker] o.apache.tomcat.util.digester.Digester   :   Fire body() for SetPropertiesRule[]
2019-12-06 11:18:44.071 DEBUG 7503 --- [    Test worker] o.apache.tomcat.util.digester.Digester   :   Fire body() for SetNextRule[methodName=addAttribute, paramType=org.apache.tomcat.util.modeler.AttributeInfo]
2019-12-06 11:18:44.071 DEBUG 7503 --- [    Test worker] o.apache.tomcat.util.digester.Digester   :   Fire end() for SetNextRule[methodName=addAttribute, paramType=org.apache.tomcat.util.modeler.AttributeInfo]
2019-12-06 11:18:44.071 DEBUG 7503 --- [    Test worker] o.apache.tomcat.util.digester.Digester   : [SetNextRule]{mbeans-descriptors/mbean/attribute} Call org.apache.tomcat.util.modeler.ManagedBean.addAttribute(org.apache.tomcat.util.modeler.AttributeInfo@4b0233a6)
2019-12-06 11:18:44.071 DEBUG 7503 --- [    Test worker] o.apache.tomcat.util.IntrospectionUtils  : IntrospectionUtils: callMethod1 org.apache.tomcat.util.modeler.ManagedBean org.apache.tomcat.util.modeler.AttributeInfo org.apache.tomcat.util.modeler.AttributeInfo
2019-12-06 11:18:44.072 DEBUG 7503 --- [    Test worker] o.apache.tomcat.util.digester.Digester   :   Fire end() for SetPropertiesRule[]
2019-12-06 11:18:44.072 DEBUG 7503 --- [    Test worker] o.apache.tomcat.util.digester.Digester   :   Fire end() for ObjectCreateRule[className=org.apache.tomcat.util.modeler.AttributeInfo, attributeName=null]
2019-12-06 11:18:44.072 DEBUG 7503 --- [    Test worker] o.apache.tomcat.util.digester.Digester   : [ObjectCreateRule]{mbeans-descriptors/mbean/attribute} Pop org.apache.tomcat.util.modeler.AttributeInfo
2019-12-06 11:18:44.072 DEBUG 7503 --- [    Test worker] o.a.tomcat.util.digester.Digester.sax    : characters(

    )
2019-12-06 11:18:44.072 DEBUG 7503 --- [    Test worker] o.a.tomcat.util.digester.Digester.sax    : startElement(,,attribute)
2019-12-06 11:18:44.072 DEBUG 7503 --- [    Test worker] o.apache.tomcat.util.digester.Digester   :   New match='mbeans-descriptors/mbean/attribute'
2019-12-06 11:18:44.072 DEBUG 7503 --- [    Test worker] o.apache.tomcat.util.digester.Digester   :   Fire begin() for ObjectCreateRule[className=org.apache.tomcat.util.modeler.AttributeInfo, attributeName=null]
2019-12-06 11:18:44.073 DEBUG 7503 --- [    Test worker] o.apache.tomcat.util.digester.Digester   :   Fire begin() for SetPropertiesRule[]
2019-12-06 11:18:44.073 DEBUG 7503 --- [    Test worker] o.apache.tomcat.util.digester.Digester   : [SetPropertiesRule]{mbeans-descriptors/mbean/attribute} Set org.apache.tomcat.util.modeler.AttributeInfo properties
2019-12-06 11:18:44.073 DEBUG 7503 --- [    Test worker] o.apache.tomcat.util.digester.Digester   : [SetPropertiesRule]{mbeans-descriptors/mbean/attribute} Setting property 'name' to 'currentThreadCount'
2019-12-06 11:18:44.073 DEBUG 7503 --- [    Test worker] o.apache.tomcat.util.IntrospectionUtils  : IntrospectionUtils: setProperty(class org.apache.tomcat.util.modeler.AttributeInfo name=currentThreadCount)
2019-12-06 11:18:44.073 DEBUG 7503 --- [    Test worker] o.apache.tomcat.util.digester.Digester   : [SetPropertiesRule]{mbeans-descriptors/mbean/attribute} Setting property 'type' to 'int'
2019-12-06 11:18:44.073 DEBUG 7503 --- [    Test worker] o.apache.tomcat.util.IntrospectionUtils  : IntrospectionUtils: setProperty(class org.apache.tomcat.util.modeler.AttributeInfo type=int)
2019-12-06 11:18:44.073 DEBUG 7503 --- [    Test worker] o.apache.tomcat.util.digester.Digester   : [SetPropertiesRule]{mbeans-descriptors/mbean/attribute} Setting property 'writeable' to 'false'
2019-12-06 11:18:44.073 DEBUG 7503 --- [    Test worker] o.apache.tomcat.util.IntrospectionUtils  : IntrospectionUtils: setProperty(class org.apache.tomcat.util.modeler.AttributeInfo writeable=false)
2019-12-06 11:18:44.074 DEBUG 7503 --- [    Test worker] o.apache.tomcat.util.digester.Digester   :   Fire begin() for SetNextRule[methodName=addAttribute, paramType=org.apache.tomcat.util.modeler.AttributeInfo]
2019-12-06 11:18:44.074 DEBUG 7503 --- [    Test worker] o.a.tomcat.util.digester.Digester.sax    : endElement(,,attribute)
2019-12-06 11:18:44.074 DEBUG 7503 --- [    Test worker] o.apache.tomcat.util.digester.Digester   :   match='mbeans-descriptors/mbean/attribute'
2019-12-06 11:18:44.074 DEBUG 7503 --- [    Test worker] o.apache.tomcat.util.digester.Digester   :   bodyText=''
2019-12-06 11:18:44.074 DEBUG 7503 --- [    Test worker] o.apache.tomcat.util.digester.Digester   :   Fire body() for ObjectCreateRule[className=org.apache.tomcat.util.modeler.AttributeInfo, attributeName=null]
2019-12-06 11:18:44.074 DEBUG 7503 --- [    Test worker] o.apache.tomcat.util.digester.Digester   :   Fire body() for SetPropertiesRule[]
2019-12-06 11:18:44.074 DEBUG 7503 --- [    Test worker] o.apache.tomcat.util.digester.Digester   :   Fire body() for SetNextRule[methodName=addAttribute, paramType=org.apache.tomcat.util.modeler.AttributeInfo]
2019-12-06 11:18:44.074 DEBUG 7503 --- [    Test worker] o.apache.tomcat.util.digester.Digester   :   Fire end() for SetNextRule[methodName=addAttribute, paramType=org.apache.tomcat.util.modeler.AttributeInfo]
2019-12-06 11:18:44.074 DEBUG 7503 --- [    Test worker] o.apache.tomcat.util.digester.Digester   : [SetNextRule]{mbeans-descriptors/mbean/attribute} Call org.apache.tomcat.util.modeler.ManagedBean.addAttribute(org.apache.tomcat.util.modeler.AttributeInfo@327c9a63)
2019-12-06 11:18:44.075 DEBUG 7503 --- [    Test worker] o.apache.tomcat.util.IntrospectionUtils  : IntrospectionUtils: callMethod1 org.apache.tomcat.util.modeler.ManagedBean org.apache.tomcat.util.modeler.AttributeInfo org.apache.tomcat.util.modeler.AttributeInfo
2019-12-06 11:18:44.075 DEBUG 7503 --- [    Test worker] o.apache.tomcat.util.digester.Digester   :   Fire end() for SetPropertiesRule[]
2019-12-06 11:18:44.075 DEBUG 7503 --- [    Test worker] o.apache.tomcat.util.digester.Digester   :   Fire end() for ObjectCreateRule[className=org.apache.tomcat.util.modeler.AttributeInfo, attributeName=null]
2019-12-06 11:18:44.075 DEBUG 7503 --- [    Test worker] o.apache.tomcat.util.digester.Digester   : [ObjectCreateRule]{mbeans-descriptors/mbean/attribute} Pop org.apache.tomcat.util.modeler.AttributeInfo
2019-12-06 11:18:44.075 DEBUG 7503 --- [    Test worker] o.a.tomcat.util.digester.Digester.sax    : characters(

    )
2019-12-06 11:18:44.075 DEBUG 7503 --- [    Test worker] o.a.tomcat.util.digester.Digester.sax    : startElement(,,attribute)
2019-12-06 11:18:44.075 DEBUG 7503 --- [    Test worker] o.apache.tomcat.util.digester.Digester   :   New match='mbeans-descriptors/mbean/attribute'
2019-12-06 11:18:44.075 DEBUG 7503 --- [    Test worker] o.apache.tomcat.util.digester.Digester   :   Fire begin() for ObjectCreateRule[className=org.apache.tomcat.util.modeler.AttributeInfo, attributeName=null]
2019-12-06 11:18:44.076 DEBUG 7503 --- [    Test worker] o.apache.tomcat.util.digester.Digester   :   Fire begin() for SetPropertiesRule[]
2019-12-06 11:18:44.076 DEBUG 7503 --- [    Test worker] o.apache.tomcat.util.digester.Digester   : [SetPropertiesRule]{mbeans-descriptors/mbean/attribute} Set org.apache.tomcat.util.modeler.AttributeInfo properties
2019-12-06 11:18:44.076 DEBUG 7503 --- [    Test worker] o.apache.tomcat.util.digester.Digester   : [SetPropertiesRule]{mbeans-descriptors/mbean/attribute} Setting property 'name' to 'currentThreadsBusy'
2019-12-06 11:18:44.076 DEBUG 7503 --- [    Test worker] o.apache.tomcat.util.IntrospectionUtils  : IntrospectionUtils: setProperty(class org.apache.tomcat.util.modeler.AttributeInfo name=currentThreadsBusy)
2019-12-06 11:18:44.076 DEBUG 7503 --- [    Test worker] o.apache.tomcat.util.digester.Digester   : [SetPropertiesRule]{mbeans-descriptors/mbean/attribute} Setting property 'type' to 'int'
2019-12-06 11:18:44.076 DEBUG 7503 --- [    Test worker] o.apache.tomcat.util.IntrospectionUtils  : IntrospectionUtils: setProperty(class org.apache.tomcat.util.modeler.AttributeInfo type=int)
2019-12-06 11:18:44.076 DEBUG 7503 --- [    Test worker] o.apache.tomcat.util.digester.Digester   : [SetPropertiesRule]{mbeans-descriptors/mbean/attribute} Setting property 'writeable' to 'false'
2019-12-06 11:18:44.076 DEBUG 7503 --- [    Test worker] o.apache.tomcat.util.IntrospectionUtils  : IntrospectionUtils: setProperty(class org.apache.tomcat.util.modeler.AttributeInfo writeable=false)
2019-12-06 11:18:44.077 DEBUG 7503 --- [    Test worker] o.apache.tomcat.util.digester.Digester   :   Fire begin() for SetNextRule[methodName=addAttribute, paramType=org.apache.tomcat.util.modeler.AttributeInfo]
2019-12-06 11:18:44.077 DEBUG 7503 --- [    Test worker] o.a.tomcat.util.digester.Digester.sax    : endElement(,,attribute)
2019-12-06 11:18:44.077 DEBUG 7503 --- [    Test worker] o.apache.tomcat.util.digester.Digester   :   match='mbeans-descriptors/mbean/attribute'
2019-12-06 11:18:44.077 DEBUG 7503 --- [    Test worker] o.apache.tomcat.util.digester.Digester   :   bodyText=''
2019-12-06 11:18:44.077 DEBUG 7503 --- [    Test worker] o.apache.tomcat.util.digester.Digester   :   Fire body() for ObjectCreateRule[className=org.apache.tomcat.util.modeler.AttributeInfo, attributeName=null]
2019-12-06 11:18:44.077 DEBUG 7503 --- [    Test worker] o.apache.tomcat.util.digester.Digester   :   Fire body() for SetPropertiesRule[]
2019-12-06 11:18:44.077 DEBUG 7503 --- [    Test worker] o.apache.tomcat.util.digester.Digester   :   Fire body() for SetNextRule[methodName=addAttribute, paramType=org.apache.tomcat.util.modeler.AttributeInfo]
2019-12-06 11:18:44.077 DEBUG 7503 --- [    Test worker] o.apache.tomcat.util.digester.Digester   :   Fire end() for SetNextRule[methodName=addAttribute, paramType=org.apache.tomcat.util.modeler.AttributeInfo]
2019-12-06 11:18:44.078 DEBUG 7503 --- [    Test worker] o.apache.tomcat.util.digester.Digester   : [SetNextRule]{mbeans-descriptors/mbean/attribute} Call org.apache.tomcat.util.modeler.ManagedBean.addAttribute(org.apache.tomcat.util.modeler.AttributeInfo@5f374e3f)
2019-12-06 11:18:44.078 DEBUG 7503 --- [    Test worker] o.apache.tomcat.util.IntrospectionUtils  : IntrospectionUtils: callMethod1 org.apache.tomcat.util.modeler.ManagedBean org.apache.tomcat.util.modeler.AttributeInfo org.apache.tomcat.util.modeler.AttributeInfo
2019-12-06 11:18:44.078 DEBUG 7503 --- [    Test worker] o.apache.tomcat.util.digester.Digester   :   Fire end() for SetPropertiesRule[]
2019-12-06 11:18:44.078 DEBUG 7503 --- [    Test worker] o.apache.tomcat.util.digester.Digester   :   Fire end() for ObjectCreateRule[className=org.apache.tomcat.util.modeler.AttributeInfo, attributeName=null]
2019-12-06 11:18:44.078 DEBUG 7503 --- [    Test worker] o.apache.tomcat.util.digester.Digester   : [ObjectCreateRule]{mbeans-descriptors/mbean/attribute} Pop org.apache.tomcat.util.modeler.AttributeInfo
2019-12-06 11:18:44.078 DEBUG 7503 --- [    Test worker] o.a.tomcat.util.digester.Digester.sax    : characters(

    )
2019-12-06 11:18:44.078 DEBUG 7503 --- [    Test worker] o.a.tomcat.util.digester.Digester.sax    : startElement(,,attribute)
2019-12-06 11:18:44.078 DEBUG 7503 --- [    Test worker] o.apache.tomcat.util.digester.Digester   :   New match='mbeans-descriptors/mbean/attribute'
2019-12-06 11:18:44.079 DEBUG 7503 --- [    Test worker] o.apache.tomcat.util.digester.Digester   :   Fire begin() for ObjectCreateRule[className=org.apache.tomcat.util.modeler.AttributeInfo, attributeName=null]
2019-12-06 11:18:44.079 DEBUG 7503 --- [    Test worker] o.apache.tomcat.util.digester.Digester   :   Fire begin() for SetPropertiesRule[]
2019-12-06 11:18:44.079 DEBUG 7503 --- [    Test worker] o.apache.tomcat.util.digester.Digester   : [SetPropertiesRule]{mbeans-descriptors/mbean/attribute} Set org.apache.tomcat.util.modeler.AttributeInfo properties
2019-12-06 11:18:44.079 DEBUG 7503 --- [    Test worker] o.apache.tomcat.util.digester.Digester   : [SetPropertiesRule]{mbeans-descriptors/mbean/attribute} Setting property 'name' to 'daemon'
2019-12-06 11:18:44.079 DEBUG 7503 --- [    Test worker] o.apache.tomcat.util.IntrospectionUtils  : IntrospectionUtils: setProperty(class org.apache.tomcat.util.modeler.AttributeInfo name=daemon)
2019-12-06 11:18:44.079 DEBUG 7503 --- [    Test worker] o.apache.tomcat.util.digester.Digester   : [SetPropertiesRule]{mbeans-descriptors/mbean/attribute} Setting property 'type' to 'boolean'
2019-12-06 11:18:44.079 DEBUG 7503 --- [    Test worker] o.apache.tomcat.util.IntrospectionUtils  : IntrospectionUtils: setProperty(class org.apache.tomcat.util.modeler.AttributeInfo type=boolean)
2019-12-06 11:18:44.079 DEBUG 7503 --- [    Test worker] o.apache.tomcat.util.digester.Digester   :   Fire begin() for SetNextRule[methodName=addAttribute, paramType=org.apache.tomcat.util.modeler.AttributeInfo]
2019-12-06 11:18:44.080 DEBUG 7503 --- [    Test worker] o.a.tomcat.util.digester.Digester.sax    : endElement(,,attribute)
2019-12-06 11:18:44.080 DEBUG 7503 --- [    Test worker] o.apache.tomcat.util.digester.Digester   :   match='mbeans-descriptors/mbean/attribute'
2019-12-06 11:18:44.080 DEBUG 7503 --- [    Test worker] o.apache.tomcat.util.digester.Digester   :   bodyText=''
2019-12-06 11:18:44.080 DEBUG 7503 --- [    Test worker] o.apache.tomcat.util.digester.Digester   :   Fire body() for ObjectCreateRule[className=org.apache.tomcat.util.modeler.AttributeInfo, attributeName=null]
2019-12-06 11:18:44.080 DEBUG 7503 --- [    Test worker] o.apache.tomcat.util.digester.Digester   :   Fire body() for SetPropertiesRule[]
2019-12-06 11:18:44.080 DEBUG 7503 --- [    Test worker] o.apache.tomcat.util.digester.Digester   :   Fire body() for SetNextRule[methodName=addAttribute, paramType=org.apache.tomcat.util.modeler.AttributeInfo]
2019-12-06 11:18:44.080 DEBUG 7503 --- [    Test worker] o.apache.tomcat.util.digester.Digester   :   Fire end() for SetNextRule[methodName=addAttribute, paramType=org.apache.tomcat.util.modeler.AttributeInfo]
2019-12-06 11:18:44.080 DEBUG 7503 --- [    Test worker] o.apache.tomcat.util.digester.Digester   : [SetNextRule]{mbeans-descriptors/mbean/attribute} Call org.apache.tomcat.util.modeler.ManagedBean.addAttribute(org.apache.tomcat.util.modeler.AttributeInfo@4986b3cd)
2019-12-06 11:18:44.081 DEBUG 7503 --- [    Test worker] o.apache.tomcat.util.IntrospectionUtils  : IntrospectionUtils: callMethod1 org.apache.tomcat.util.modeler.ManagedBean org.apache.tomcat.util.modeler.AttributeInfo org.apache.tomcat.util.modeler.AttributeInfo
2019-12-06 11:18:44.081 DEBUG 7503 --- [    Test worker] o.apache.tomcat.util.digester.Digester   :   Fire end() for SetPropertiesRule[]
2019-12-06 11:18:44.081 DEBUG 7503 --- [    Test worker] o.apache.tomcat.util.digester.Digester   :   Fire end() for ObjectCreateRule[className=org.apache.tomcat.util.modeler.AttributeInfo, attributeName=null]
2019-12-06 11:18:44.081 DEBUG 7503 --- [    Test worker] o.apache.tomcat.util.digester.Digester   : [ObjectCreateRule]{mbeans-descriptors/mbean/attribute} Pop org.apache.tomcat.util.modeler.AttributeInfo
2019-12-06 11:18:44.081 DEBUG 7503 --- [    Test worker] o.a.tomcat.util.digester.Digester.sax    : characters(

    )
2019-12-06 11:18:44.081 DEBUG 7503 --- [    Test worker] o.a.tomcat.util.digester.Digester.sax    : startElement(,,attribute)
2019-12-06 11:18:44.081 DEBUG 7503 --- [    Test worker] o.apache.tomcat.util.digester.Digester   :   New match='mbeans-descriptors/mbean/attribute'
2019-12-06 11:18:44.081 DEBUG 7503 --- [    Test worker] o.apache.tomcat.util.digester.Digester   :   Fire begin() for ObjectCreateRule[className=org.apache.tomcat.util.modeler.AttributeInfo, attributeName=null]
2019-12-06 11:18:44.081 DEBUG 7503 --- [    Test worker] o.apache.tomcat.util.digester.Digester   :   Fire begin() for SetPropertiesRule[]
2019-12-06 11:18:44.082 DEBUG 7503 --- [    Test worker] o.apache.tomcat.util.digester.Digester   : [SetPropertiesRule]{mbeans-descriptors/mbean/attribute} Set org.apache.tomcat.util.modeler.AttributeInfo properties
2019-12-06 11:18:44.082 DEBUG 7503 --- [    Test worker] o.apache.tomcat.util.digester.Digester   : [SetPropertiesRule]{mbeans-descriptors/mbean/attribute} Setting property 'name' to 'defaultSSLHostConfigName'
2019-12-06 11:18:44.082 DEBUG 7503 --- [    Test worker] o.apache.tomcat.util.IntrospectionUtils  : IntrospectionUtils: setProperty(class org.apache.tomcat.util.modeler.AttributeInfo name=defaultSSLHostConfigName)
2019-12-06 11:18:44.082 DEBUG 7503 --- [    Test worker] o.apache.tomcat.util.digester.Digester   : [SetPropertiesRule]{mbeans-descriptors/mbean/attribute} Setting property 'type' to 'java.lang.String'
2019-12-06 11:18:44.082 DEBUG 7503 --- [    Test worker] o.apache.tomcat.util.IntrospectionUtils  : IntrospectionUtils: setProperty(class org.apache.tomcat.util.modeler.AttributeInfo type=java.lang.String)
2019-12-06 11:18:44.082 DEBUG 7503 --- [    Test worker] o.apache.tomcat.util.digester.Digester   :   Fire begin() for SetNextRule[methodName=addAttribute, paramType=org.apache.tomcat.util.modeler.AttributeInfo]
2019-12-06 11:18:44.082 DEBUG 7503 --- [    Test worker] o.a.tomcat.util.digester.Digester.sax    : endElement(,,attribute)
2019-12-06 11:18:44.082 DEBUG 7503 --- [    Test worker] o.apache.tomcat.util.digester.Digester   :   match='mbeans-descriptors/mbean/attribute'
2019-12-06 11:18:44.082 DEBUG 7503 --- [    Test worker] o.apache.tomcat.util.digester.Digester   :   bodyText=''
2019-12-06 11:18:44.083 DEBUG 7503 --- [    Test worker] o.apache.tomcat.util.digester.Digester   :   Fire body() for ObjectCreateRule[className=org.apache.tomcat.util.modeler.AttributeInfo, attributeName=null]
2019-12-06 11:18:44.083 DEBUG 7503 --- [    Test worker] o.apache.tomcat.util.digester.Digester   :   Fire body() for SetPropertiesRule[]
2019-12-06 11:18:44.083 DEBUG 7503 --- [    Test worker] o.apache.tomcat.util.digester.Digester   :   Fire body() for SetNextRule[methodName=addAttribute, paramType=org.apache.tomcat.util.modeler.AttributeInfo]
2019-12-06 11:18:44.083 DEBUG 7503 --- [    Test worker] o.apache.tomcat.util.digester.Digester   :   Fire end() for SetNextRule[methodName=addAttribute, paramType=org.apache.tomcat.util.modeler.AttributeInfo]
2019-12-06 11:18:44.083 DEBUG 7503 --- [    Test worker] o.apache.tomcat.util.digester.Digester   : [SetNextRule]{mbeans-descriptors/mbean/attribute} Call org.apache.tomcat.util.modeler.ManagedBean.addAttribute(org.apache.tomcat.util.modeler.AttributeInfo@13c33658)
2019-12-06 11:18:44.083 DEBUG 7503 --- [    Test worker] o.apache.tomcat.util.IntrospectionUtils  : IntrospectionUtils: callMethod1 org.apache.tomcat.util.modeler.ManagedBean org.apache.tomcat.util.modeler.AttributeInfo org.apache.tomcat.util.modeler.AttributeInfo
2019-12-06 11:18:44.083 DEBUG 7503 --- [    Test worker] o.apache.tomcat.util.digester.Digester   :   Fire end() for SetPropertiesRule[]
2019-12-06 11:18:44.083 DEBUG 7503 --- [    Test worker] o.apache.tomcat.util.digester.Digester   :   Fire end() for ObjectCreateRule[className=org.apache.tomcat.util.modeler.AttributeInfo, attributeName=null]
2019-12-06 11:18:44.084 DEBUG 7503 --- [    Test worker] o.apache.tomcat.util.digester.Digester   : [ObjectCreateRule]{mbeans-descriptors/mbean/attribute} Pop org.apache.tomcat.util.modeler.AttributeInfo
2019-12-06 11:18:44.084 DEBUG 7503 --- [    Test worker] o.a.tomcat.util.digester.Digester.sax    : characters(

    )
2019-12-06 11:18:44.084 DEBUG 7503 --- [    Test worker] o.a.tomcat.util.digester.Digester.sax    : startElement(,,attribute)
2019-12-06 11:18:44.084 DEBUG 7503 --- [    Test worker] o.apache.tomcat.util.digester.Digester   :   New match='mbeans-descriptors/mbean/attribute'
2019-12-06 11:18:44.084 DEBUG 7503 --- [    Test worker] o.apache.tomcat.util.digester.Digester   :   Fire begin() for ObjectCreateRule[className=org.apache.tomcat.util.modeler.AttributeInfo, attributeName=null]
2019-12-06 11:18:44.084 DEBUG 7503 --- [    Test worker] o.apache.tomcat.util.digester.Digester   :   Fire begin() for SetPropertiesRule[]
2019-12-06 11:18:44.084 DEBUG 7503 --- [    Test worker] o.apache.tomcat.util.digester.Digester   : [SetPropertiesRule]{mbeans-descriptors/mbean/attribute} Set org.apache.tomcat.util.modeler.AttributeInfo properties
2019-12-06 11:18:44.084 DEBUG 7503 --- [    Test worker] o.apache.tomcat.util.digester.Digester   : [SetPropertiesRule]{mbeans-descriptors/mbean/attribute} Setting property 'name' to 'deferAccept'
2019-12-06 11:18:44.084 DEBUG 7503 --- [    Test worker] o.apache.tomcat.util.IntrospectionUtils  : IntrospectionUtils: setProperty(class org.apache.tomcat.util.modeler.AttributeInfo name=deferAccept)
2019-12-06 11:18:44.085 DEBUG 7503 --- [    Test worker] o.apache.tomcat.util.digester.Digester   : [SetPropertiesRule]{mbeans-descriptors/mbean/attribute} Setting property 'type' to 'boolean'
2019-12-06 11:18:44.085 DEBUG 7503 --- [    Test worker] o.apache.tomcat.util.IntrospectionUtils  : IntrospectionUtils: setProperty(class org.apache.tomcat.util.modeler.AttributeInfo type=boolean)
2019-12-06 11:18:44.085 DEBUG 7503 --- [    Test worker] o.apache.tomcat.util.digester.Digester   :   Fire begin() for SetNextRule[methodName=addAttribute, paramType=org.apache.tomcat.util.modeler.AttributeInfo]
2019-12-06 11:18:44.085 DEBUG 7503 --- [    Test worker] o.a.tomcat.util.digester.Digester.sax    : endElement(,,attribute)
2019-12-06 11:18:44.085 DEBUG 7503 --- [    Test worker] o.apache.tomcat.util.digester.Digester   :   match='mbeans-descriptors/mbean/attribute'
2019-12-06 11:18:44.085 DEBUG 7503 --- [    Test worker] o.apache.tomcat.util.digester.Digester   :   bodyText=''
2019-12-06 11:18:44.085 DEBUG 7503 --- [    Test worker] o.apache.tomcat.util.digester.Digester   :   Fire body() for ObjectCreateRule[className=org.apache.tomcat.util.modeler.AttributeInfo, attributeName=null]
2019-12-06 11:18:44.085 DEBUG 7503 --- [    Test worker] o.apache.tomcat.util.digester.Digester   :   Fire body() for SetPropertiesRule[]
2019-12-06 11:18:44.085 DEBUG 7503 --- [    Test worker] o.apache.tomcat.util.digester.Digester   :   Fire body() for SetNextRule[methodName=addAttribute, paramType=org.apache.tomcat.util.modeler.AttributeInfo]
2019-12-06 11:18:44.086 DEBUG 7503 --- [    Test worker] o.apache.tomcat.util.digester.Digester   :   Fire end() for SetNextRule[methodName=addAttribute, paramType=org.apache.tomcat.util.modeler.AttributeInfo]
2019-12-06 11:18:44.086 DEBUG 7503 --- [    Test worker] o.apache.tomcat.util.digester.Digester   : [SetNextRule]{mbeans-descriptors/mbean/attribute} Call org.apache.tomcat.util.modeler.ManagedBean.addAttribute(org.apache.tomcat.util.modeler.AttributeInfo@45ba19c1)
2019-12-06 11:18:44.086 DEBUG 7503 --- [    Test worker] o.apache.tomcat.util.IntrospectionUtils  : IntrospectionUtils: callMethod1 org.apache.tomcat.util.modeler.ManagedBean org.apache.tomcat.util.modeler.AttributeInfo org.apache.tomcat.util.modeler.AttributeInfo
2019-12-06 11:18:44.086 DEBUG 7503 --- [    Test worker] o.apache.tomcat.util.digester.Digester   :   Fire end() for SetPropertiesRule[]
2019-12-06 11:18:44.086 DEBUG 7503 --- [    Test worker] o.apache.tomcat.util.digester.Digester   :   Fire end() for ObjectCreateRule[className=org.apache.tomcat.util.modeler.AttributeInfo, attributeName=null]
2019-12-06 11:18:44.086 DEBUG 7503 --- [    Test worker] o.apache.tomcat.util.digester.Digester   : [ObjectCreateRule]{mbeans-descriptors/mbean/attribute} Pop org.apache.tomcat.util.modeler.AttributeInfo
2019-12-06 11:18:44.086 DEBUG 7503 --- [    Test worker] o.a.tomcat.util.digester.Digester.sax    : characters(

    )
2019-12-06 11:18:44.086 DEBUG 7503 --- [    Test worker] o.a.tomcat.util.digester.Digester.sax    : startElement(,,attribute)
2019-12-06 11:18:44.087 DEBUG 7503 --- [    Test worker] o.apache.tomcat.util.digester.Digester   :   New match='mbeans-descriptors/mbean/attribute'
2019-12-06 11:18:44.087 DEBUG 7503 --- [    Test worker] o.apache.tomcat.util.digester.Digester   :   Fire begin() for ObjectCreateRule[className=org.apache.tomcat.util.modeler.AttributeInfo, attributeName=null]
2019-12-06 11:18:44.087 DEBUG 7503 --- [    Test worker] o.apache.tomcat.util.digester.Digester   :   Fire begin() for SetPropertiesRule[]
2019-12-06 11:18:44.087 DEBUG 7503 --- [    Test worker] o.apache.tomcat.util.digester.Digester   : [SetPropertiesRule]{mbeans-descriptors/mbean/attribute} Set org.apache.tomcat.util.modeler.AttributeInfo properties
2019-12-06 11:18:44.087 DEBUG 7503 --- [    Test worker] o.apache.tomcat.util.digester.Digester   : [SetPropertiesRule]{mbeans-descriptors/mbean/attribute} Setting property 'name' to 'domain'
2019-12-06 11:18:44.087 DEBUG 7503 --- [    Test worker] o.apache.tomcat.util.IntrospectionUtils  : IntrospectionUtils: setProperty(class org.apache.tomcat.util.modeler.AttributeInfo name=domain)
2019-12-06 11:18:44.087 DEBUG 7503 --- [    Test worker] o.apache.tomcat.util.digester.Digester   : [SetPropertiesRule]{mbeans-descriptors/mbean/attribute} Setting property 'type' to 'java.lang.String'
2019-12-06 11:18:44.087 DEBUG 7503 --- [    Test worker] o.apache.tomcat.util.IntrospectionUtils  : IntrospectionUtils: setProperty(class org.apache.tomcat.util.modeler.AttributeInfo type=java.lang.String)
2019-12-06 11:18:44.087 DEBUG 7503 --- [    Test worker] o.apache.tomcat.util.digester.Digester   :   Fire begin() for SetNextRule[methodName=addAttribute, paramType=org.apache.tomcat.util.modeler.AttributeInfo]
2019-12-06 11:18:44.088 DEBUG 7503 --- [    Test worker] o.a.tomcat.util.digester.Digester.sax    : endElement(,,attribute)
2019-12-06 11:18:44.088 DEBUG 7503 --- [    Test worker] o.apache.tomcat.util.digester.Digester   :   match='mbeans-descriptors/mbean/attribute'
2019-12-06 11:18:44.088 DEBUG 7503 --- [    Test worker] o.apache.tomcat.util.digester.Digester   :   bodyText=''
2019-12-06 11:18:44.088 DEBUG 7503 --- [    Test worker] o.apache.tomcat.util.digester.Digester   :   Fire body() for ObjectCreateRule[className=org.apache.tomcat.util.modeler.AttributeInfo, attributeName=null]
2019-12-06 11:18:44.088 DEBUG 7503 --- [    Test worker] o.apache.tomcat.util.digester.Digester   :   Fire body() for SetPropertiesRule[]
2019-12-06 11:18:44.088 DEBUG 7503 --- [    Test worker] o.apache.tomcat.util.digester.Digester   :   Fire body() for SetNextRule[methodName=addAttribute, paramType=org.apache.tomcat.util.modeler.AttributeInfo]
2019-12-06 11:18:44.088 DEBUG 7503 --- [    Test worker] o.apache.tomcat.util.digester.Digester   :   Fire end() for SetNextRule[methodName=addAttribute, paramType=org.apache.tomcat.util.modeler.AttributeInfo]
2019-12-06 11:18:44.088 DEBUG 7503 --- [    Test worker] o.apache.tomcat.util.digester.Digester   : [SetNextRule]{mbeans-descriptors/mbean/attribute} Call org.apache.tomcat.util.modeler.ManagedBean.addAttribute(org.apache.tomcat.util.modeler.AttributeInfo@2099f1ff)
2019-12-06 11:18:44.089 DEBUG 7503 --- [    Test worker] o.apache.tomcat.util.IntrospectionUtils  : IntrospectionUtils: callMethod1 org.apache.tomcat.util.modeler.ManagedBean org.apache.tomcat.util.modeler.AttributeInfo org.apache.tomcat.util.modeler.AttributeInfo
2019-12-06 11:18:44.089 DEBUG 7503 --- [    Test worker] o.apache.tomcat.util.digester.Digester   :   Fire end() for SetPropertiesRule[]
2019-12-06 11:18:44.089 DEBUG 7503 --- [    Test worker] o.apache.tomcat.util.digester.Digester   :   Fire end() for ObjectCreateRule[className=org.apache.tomcat.util.modeler.AttributeInfo, attributeName=null]
2019-12-06 11:18:44.089 DEBUG 7503 --- [    Test worker] o.apache.tomcat.util.digester.Digester   : [ObjectCreateRule]{mbeans-descriptors/mbean/attribute} Pop org.apache.tomcat.util.modeler.AttributeInfo
2019-12-06 11:18:44.089 DEBUG 7503 --- [    Test worker] o.a.tomcat.util.digester.Digester.sax    : characters(

    )
2019-12-06 11:18:44.089 DEBUG 7503 --- [    Test worker] o.a.tomcat.util.digester.Digester.sax    : startElement(,,attribute)
2019-12-06 11:18:44.089 DEBUG 7503 --- [    Test worker] o.apache.tomcat.util.digester.Digester   :   New match='mbeans-descriptors/mbean/attribute'
2019-12-06 11:18:44.089 DEBUG 7503 --- [    Test worker] o.apache.tomcat.util.digester.Digester   :   Fire begin() for ObjectCreateRule[className=org.apache.tomcat.util.modeler.AttributeInfo, attributeName=null]
2019-12-06 11:18:44.089 DEBUG 7503 --- [    Test worker] o.apache.tomcat.util.digester.Digester   :   Fire begin() for SetPropertiesRule[]
2019-12-06 11:18:44.090 DEBUG 7503 --- [    Test worker] o.apache.tomcat.util.digester.Digester   : [SetPropertiesRule]{mbeans-descriptors/mbean/attribute} Set org.apache.tomcat.util.modeler.AttributeInfo properties
2019-12-06 11:18:44.090 DEBUG 7503 --- [    Test worker] o.apache.tomcat.util.digester.Digester   : [SetPropertiesRule]{mbeans-descriptors/mbean/attribute} Setting property 'name' to 'executorTerminationTimeoutMillis'
2019-12-06 11:18:44.090 DEBUG 7503 --- [    Test worker] o.apache.tomcat.util.IntrospectionUtils  : IntrospectionUtils: setProperty(class org.apache.tomcat.util.modeler.AttributeInfo name=executorTerminationTimeoutMillis)
2019-12-06 11:18:44.090 DEBUG 7503 --- [    Test worker] o.apache.tomcat.util.digester.Digester   : [SetPropertiesRule]{mbeans-descriptors/mbean/attribute} Setting property 'type' to 'long'
2019-12-06 11:18:44.090 DEBUG 7503 --- [    Test worker] o.apache.tomcat.util.IntrospectionUtils  : IntrospectionUtils: setProperty(class org.apache.tomcat.util.modeler.AttributeInfo type=long)
2019-12-06 11:18:44.090 DEBUG 7503 --- [    Test worker] o.apache.tomcat.util.digester.Digester   :   Fire begin() for SetNextRule[methodName=addAttribute, paramType=org.apache.tomcat.util.modeler.AttributeInfo]
2019-12-06 11:18:44.090 DEBUG 7503 --- [    Test worker] o.a.tomcat.util.digester.Digester.sax    : endElement(,,attribute)
2019-12-06 11:18:44.090 DEBUG 7503 --- [    Test worker] o.apache.tomcat.util.digester.Digester   :   match='mbeans-descriptors/mbean/attribute'
2019-12-06 11:18:44.091 DEBUG 7503 --- [    Test worker] o.apache.tomcat.util.digester.Digester   :   bodyText=''
2019-12-06 11:18:44.091 DEBUG 7503 --- [    Test worker] o.apache.tomcat.util.digester.Digester   :   Fire body() for ObjectCreateRule[className=org.apache.tomcat.util.modeler.AttributeInfo, attributeName=null]
2019-12-06 11:18:44.091 DEBUG 7503 --- [    Test worker] o.apache.tomcat.util.digester.Digester   :   Fire body() for SetPropertiesRule[]
2019-12-06 11:18:44.091 DEBUG 7503 --- [    Test worker] o.apache.tomcat.util.digester.Digester   :   Fire body() for SetNextRule[methodName=addAttribute, paramType=org.apache.tomcat.util.modeler.AttributeInfo]
2019-12-06 11:18:44.091 DEBUG 7503 --- [    Test worker] o.apache.tomcat.util.digester.Digester   :   Fire end() for SetNextRule[methodName=addAttribute, paramType=org.apache.tomcat.util.modeler.AttributeInfo]
2019-12-06 11:18:44.091 DEBUG 7503 --- [    Test worker] o.apache.tomcat.util.digester.Digester   : [SetNextRule]{mbeans-descriptors/mbean/attribute} Call org.apache.tomcat.util.modeler.ManagedBean.addAttribute(org.apache.tomcat.util.modeler.AttributeInfo@5c7d26fa)
2019-12-06 11:18:44.091 DEBUG 7503 --- [    Test worker] o.apache.tomcat.util.IntrospectionUtils  : IntrospectionUtils: callMethod1 org.apache.tomcat.util.modeler.ManagedBean org.apache.tomcat.util.modeler.AttributeInfo org.apache.tomcat.util.modeler.AttributeInfo
2019-12-06 11:18:44.091 DEBUG 7503 --- [    Test worker] o.apache.tomcat.util.digester.Digester   :   Fire end() for SetPropertiesRule[]
2019-12-06 11:18:44.091 DEBUG 7503 --- [    Test worker] o.apache.tomcat.util.digester.Digester   :   Fire end() for ObjectCreateRule[className=org.apache.tomcat.util.modeler.AttributeInfo, attributeName=null]
2019-12-06 11:18:44.092 DEBUG 7503 --- [    Test worker] o.apache.tomcat.util.digester.Digester   : [ObjectCreateRule]{mbeans-descriptors/mbean/attribute} Pop org.apache.tomcat.util.modeler.AttributeInfo
2019-12-06 11:18:44.092 DEBUG 7503 --- [    Test worker] o.a.tomcat.util.digester.Digester.sax    : characters(

    )
2019-12-06 11:18:44.092 DEBUG 7503 --- [    Test worker] o.a.tomcat.util.digester.Digester.sax    : startElement(,,attribute)
2019-12-06 11:18:44.092 DEBUG 7503 --- [    Test worker] o.apache.tomcat.util.digester.Digester   :   New match='mbeans-descriptors/mbean/attribute'
2019-12-06 11:18:44.092 DEBUG 7503 --- [    Test worker] o.apache.tomcat.util.digester.Digester   :   Fire begin() for ObjectCreateRule[className=org.apache.tomcat.util.modeler.AttributeInfo, attributeName=null]
2019-12-06 11:18:44.092 DEBUG 7503 --- [    Test worker] o.apache.tomcat.util.digester.Digester   :   Fire begin() for SetPropertiesRule[]
2019-12-06 11:18:44.092 DEBUG 7503 --- [    Test worker] o.apache.tomcat.util.digester.Digester   : [SetPropertiesRule]{mbeans-descriptors/mbean/attribute} Set org.apache.tomcat.util.modeler.AttributeInfo properties
2019-12-06 11:18:44.092 DEBUG 7503 --- [    Test worker] o.apache.tomcat.util.digester.Digester   : [SetPropertiesRule]{mbeans-descriptors/mbean/attribute} Setting property 'name' to 'ipv6v6only'
2019-12-06 11:18:44.093 DEBUG 7503 --- [    Test worker] o.apache.tomcat.util.IntrospectionUtils  : IntrospectionUtils: setProperty(class org.apache.tomcat.util.modeler.AttributeInfo name=ipv6v6only)
2019-12-06 11:18:44.093 DEBUG 7503 --- [    Test worker] o.apache.tomcat.util.digester.Digester   : [SetPropertiesRule]{mbeans-descriptors/mbean/attribute} Setting property 'type' to 'boolean'
2019-12-06 11:18:44.093 DEBUG 7503 --- [    Test worker] o.apache.tomcat.util.IntrospectionUtils  : IntrospectionUtils: setProperty(class org.apache.tomcat.util.modeler.AttributeInfo type=boolean)
2019-12-06 11:18:44.093 DEBUG 7503 --- [    Test worker] o.apache.tomcat.util.digester.Digester   :   Fire begin() for SetNextRule[methodName=addAttribute, paramType=org.apache.tomcat.util.modeler.AttributeInfo]
2019-12-06 11:18:44.093 DEBUG 7503 --- [    Test worker] o.a.tomcat.util.digester.Digester.sax    : endElement(,,attribute)
2019-12-06 11:18:44.093 DEBUG 7503 --- [    Test worker] o.apache.tomcat.util.digester.Digester   :   match='mbeans-descriptors/mbean/attribute'
2019-12-06 11:18:44.093 DEBUG 7503 --- [    Test worker] o.apache.tomcat.util.digester.Digester   :   bodyText=''
2019-12-06 11:18:44.093 DEBUG 7503 --- [    Test worker] o.apache.tomcat.util.digester.Digester   :   Fire body() for ObjectCreateRule[className=org.apache.tomcat.util.modeler.AttributeInfo, attributeName=null]
2019-12-06 11:18:44.093 DEBUG 7503 --- [    Test worker] o.apache.tomcat.util.digester.Digester   :   Fire body() for SetPropertiesRule[]
2019-12-06 11:18:44.094 DEBUG 7503 --- [    Test worker] o.apache.tomcat.util.digester.Digester   :   Fire body() for SetNextRule[methodName=addAttribute, paramType=org.apache.tomcat.util.modeler.AttributeInfo]
2019-12-06 11:18:44.094 DEBUG 7503 --- [    Test worker] o.apache.tomcat.util.digester.Digester   :   Fire end() for SetNextRule[methodName=addAttribute, paramType=org.apache.tomcat.util.modeler.AttributeInfo]
2019-12-06 11:18:44.094 DEBUG 7503 --- [    Test worker] o.apache.tomcat.util.digester.Digester   : [SetNextRule]{mbeans-descriptors/mbean/attribute} Call org.apache.tomcat.util.modeler.ManagedBean.addAttribute(org.apache.tomcat.util.modeler.AttributeInfo@5606aadb)
2019-12-06 11:18:44.094 DEBUG 7503 --- [    Test worker] o.apache.tomcat.util.IntrospectionUtils  : IntrospectionUtils: callMethod1 org.apache.tomcat.util.modeler.ManagedBean org.apache.tomcat.util.modeler.AttributeInfo org.apache.tomcat.util.modeler.AttributeInfo
2019-12-06 11:18:44.094 DEBUG 7503 --- [    Test worker] o.apache.tomcat.util.digester.Digester   :   Fire end() for SetPropertiesRule[]
2019-12-06 11:18:44.094 DEBUG 7503 --- [    Test worker] o.apache.tomcat.util.digester.Digester   :   Fire end() for ObjectCreateRule[className=org.apache.tomcat.util.modeler.AttributeInfo, attributeName=null]
2019-12-06 11:18:44.094 DEBUG 7503 --- [    Test worker] o.apache.tomcat.util.digester.Digester   : [ObjectCreateRule]{mbeans-descriptors/mbean/attribute} Pop org.apache.tomcat.util.modeler.AttributeInfo
2019-12-06 11:18:44.094 DEBUG 7503 --- [    Test worker] o.a.tomcat.util.digester.Digester.sax    : characters(

    )
2019-12-06 11:18:44.095 DEBUG 7503 --- [    Test worker] o.a.tomcat.util.digester.Digester.sax    : startElement(,,attribute)
2019-12-06 11:18:44.095 DEBUG 7503 --- [    Test worker] o.apache.tomcat.util.digester.Digester   :   New match='mbeans-descriptors/mbean/attribute'
2019-12-06 11:18:44.095 DEBUG 7503 --- [    Test worker] o.apache.tomcat.util.digester.Digester   :   Fire begin() for ObjectCreateRule[className=org.apache.tomcat.util.modeler.AttributeInfo, attributeName=null]
2019-12-06 11:18:44.095 DEBUG 7503 --- [    Test worker] o.apache.tomcat.util.digester.Digester   :   Fire begin() for SetPropertiesRule[]
2019-12-06 11:18:44.095 DEBUG 7503 --- [    Test worker] o.apache.tomcat.util.digester.Digester   : [SetPropertiesRule]{mbeans-descriptors/mbean/attribute} Set org.apache.tomcat.util.modeler.AttributeInfo properties
2019-12-06 11:18:44.095 DEBUG 7503 --- [    Test worker] o.apache.tomcat.util.digester.Digester   : [SetPropertiesRule]{mbeans-descriptors/mbean/attribute} Setting property 'name' to 'keepAliveCount'
2019-12-06 11:18:44.095 DEBUG 7503 --- [    Test worker] o.apache.tomcat.util.IntrospectionUtils  : IntrospectionUtils: setProperty(class org.apache.tomcat.util.modeler.AttributeInfo name=keepAliveCount)
2019-12-06 11:18:44.095 DEBUG 7503 --- [    Test worker] o.apache.tomcat.util.digester.Digester   : [SetPropertiesRule]{mbeans-descriptors/mbean/attribute} Setting property 'type' to 'int'
2019-12-06 11:18:44.096 DEBUG 7503 --- [    Test worker] o.apache.tomcat.util.IntrospectionUtils  : IntrospectionUtils: setProperty(class org.apache.tomcat.util.modeler.AttributeInfo type=int)
2019-12-06 11:18:44.096 DEBUG 7503 --- [    Test worker] o.apache.tomcat.util.digester.Digester   : [SetPropertiesRule]{mbeans-descriptors/mbean/attribute} Setting property 'writeable' to 'false'
2019-12-06 11:18:44.096 DEBUG 7503 --- [    Test worker] o.apache.tomcat.util.IntrospectionUtils  : IntrospectionUtils: setProperty(class org.apache.tomcat.util.modeler.AttributeInfo writeable=false)
2019-12-06 11:18:44.096 DEBUG 7503 --- [    Test worker] o.apache.tomcat.util.digester.Digester   :   Fire begin() for SetNextRule[methodName=addAttribute, paramType=org.apache.tomcat.util.modeler.AttributeInfo]
2019-12-06 11:18:44.096 DEBUG 7503 --- [    Test worker] o.a.tomcat.util.digester.Digester.sax    : endElement(,,attribute)
2019-12-06 11:18:44.096 DEBUG 7503 --- [    Test worker] o.apache.tomcat.util.digester.Digester   :   match='mbeans-descriptors/mbean/attribute'
2019-12-06 11:18:44.096 DEBUG 7503 --- [    Test worker] o.apache.tomcat.util.digester.Digester   :   bodyText=''
2019-12-06 11:18:44.096 DEBUG 7503 --- [    Test worker] o.apache.tomcat.util.digester.Digester   :   Fire body() for ObjectCreateRule[className=org.apache.tomcat.util.modeler.AttributeInfo, attributeName=null]
2019-12-06 11:18:44.097 DEBUG 7503 --- [    Test worker] o.apache.tomcat.util.digester.Digester   :   Fire body() for SetPropertiesRule[]
2019-12-06 11:18:44.097 DEBUG 7503 --- [    Test worker] o.apache.tomcat.util.digester.Digester   :   Fire body() for SetNextRule[methodName=addAttribute, paramType=org.apache.tomcat.util.modeler.AttributeInfo]
2019-12-06 11:18:44.097 DEBUG 7503 --- [    Test worker] o.apache.tomcat.util.digester.Digester   :   Fire end() for SetNextRule[methodName=addAttribute, paramType=org.apache.tomcat.util.modeler.AttributeInfo]
2019-12-06 11:18:44.097 DEBUG 7503 --- [    Test worker] o.apache.tomcat.util.digester.Digester   : [SetNextRule]{mbeans-descriptors/mbean/attribute} Call org.apache.tomcat.util.modeler.ManagedBean.addAttribute(org.apache.tomcat.util.modeler.AttributeInfo@4367c5cb)
2019-12-06 11:18:44.097 DEBUG 7503 --- [    Test worker] o.apache.tomcat.util.IntrospectionUtils  : IntrospectionUtils: callMethod1 org.apache.tomcat.util.modeler.ManagedBean org.apache.tomcat.util.modeler.AttributeInfo org.apache.tomcat.util.modeler.AttributeInfo
2019-12-06 11:18:44.097 DEBUG 7503 --- [    Test worker] o.apache.tomcat.util.digester.Digester   :   Fire end() for SetPropertiesRule[]
2019-12-06 11:18:44.097 DEBUG 7503 --- [    Test worker] o.apache.tomcat.util.digester.Digester   :   Fire end() for ObjectCreateRule[className=org.apache.tomcat.util.modeler.AttributeInfo, attributeName=null]
2019-12-06 11:18:44.097 DEBUG 7503 --- [    Test worker] o.apache.tomcat.util.digester.Digester   : [ObjectCreateRule]{mbeans-descriptors/mbean/attribute} Pop org.apache.tomcat.util.modeler.AttributeInfo
2019-12-06 11:18:44.097 DEBUG 7503 --- [    Test worker] o.a.tomcat.util.digester.Digester.sax    : characters(

    )
2019-12-06 11:18:44.098 DEBUG 7503 --- [    Test worker] o.a.tomcat.util.digester.Digester.sax    : startElement(,,attribute)
2019-12-06 11:18:44.098 DEBUG 7503 --- [    Test worker] o.apache.tomcat.util.digester.Digester   :   New match='mbeans-descriptors/mbean/attribute'
2019-12-06 11:18:44.098 DEBUG 7503 --- [    Test worker] o.apache.tomcat.util.digester.Digester   :   Fire begin() for ObjectCreateRule[className=org.apache.tomcat.util.modeler.AttributeInfo, attributeName=null]
2019-12-06 11:18:44.098 DEBUG 7503 --- [    Test worker] o.apache.tomcat.util.digester.Digester   :   Fire begin() for SetPropertiesRule[]
2019-12-06 11:18:44.098 DEBUG 7503 --- [    Test worker] o.apache.tomcat.util.digester.Digester   : [SetPropertiesRule]{mbeans-descriptors/mbean/attribute} Set org.apache.tomcat.util.modeler.AttributeInfo properties
2019-12-06 11:18:44.098 DEBUG 7503 --- [    Test worker] o.apache.tomcat.util.digester.Digester   : [SetPropertiesRule]{mbeans-descriptors/mbean/attribute} Setting property 'name' to 'keepAliveTimeout'
2019-12-06 11:18:44.098 DEBUG 7503 --- [    Test worker] o.apache.tomcat.util.IntrospectionUtils  : IntrospectionUtils: setProperty(class org.apache.tomcat.util.modeler.AttributeInfo name=keepAliveTimeout)
2019-12-06 11:18:44.098 DEBUG 7503 --- [    Test worker] o.apache.tomcat.util.digester.Digester   : [SetPropertiesRule]{mbeans-descriptors/mbean/attribute} Setting property 'type' to 'int'
2019-12-06 11:18:44.099 DEBUG 7503 --- [    Test worker] o.apache.tomcat.util.IntrospectionUtils  : IntrospectionUtils: setProperty(class org.apache.tomcat.util.modeler.AttributeInfo type=int)
2019-12-06 11:18:44.099 DEBUG 7503 --- [    Test worker] o.apache.tomcat.util.digester.Digester   :   Fire begin() for SetNextRule[methodName=addAttribute, paramType=org.apache.tomcat.util.modeler.AttributeInfo]
2019-12-06 11:18:44.099 DEBUG 7503 --- [    Test worker] o.a.tomcat.util.digester.Digester.sax    : endElement(,,attribute)
2019-12-06 11:18:44.099 DEBUG 7503 --- [    Test worker] o.apache.tomcat.util.digester.Digester   :   match='mbeans-descriptors/mbean/attribute'
2019-12-06 11:18:44.099 DEBUG 7503 --- [    Test worker] o.apache.tomcat.util.digester.Digester   :   bodyText=''
2019-12-06 11:18:44.099 DEBUG 7503 --- [    Test worker] o.apache.tomcat.util.digester.Digester   :   Fire body() for ObjectCreateRule[className=org.apache.tomcat.util.modeler.AttributeInfo, attributeName=null]
2019-12-06 11:18:44.099 DEBUG 7503 --- [    Test worker] o.apache.tomcat.util.digester.Digester   :   Fire body() for SetPropertiesRule[]
2019-12-06 11:18:44.099 DEBUG 7503 --- [    Test worker] o.apache.tomcat.util.digester.Digester   :   Fire body() for SetNextRule[methodName=addAttribute, paramType=org.apache.tomcat.util.modeler.AttributeInfo]
2019-12-06 11:18:44.099 DEBUG 7503 --- [    Test worker] o.apache.tomcat.util.digester.Digester   :   Fire end() for SetNextRule[methodName=addAttribute, paramType=org.apache.tomcat.util.modeler.AttributeInfo]
2019-12-06 11:18:44.100 DEBUG 7503 --- [    Test worker] o.apache.tomcat.util.digester.Digester   : [SetNextRule]{mbeans-descriptors/mbean/attribute} Call org.apache.tomcat.util.modeler.ManagedBean.addAttribute(org.apache.tomcat.util.modeler.AttributeInfo@2c1ed251)
2019-12-06 11:18:44.100 DEBUG 7503 --- [    Test worker] o.apache.tomcat.util.IntrospectionUtils  : IntrospectionUtils: callMethod1 org.apache.tomcat.util.modeler.ManagedBean org.apache.tomcat.util.modeler.AttributeInfo org.apache.tomcat.util.modeler.AttributeInfo
2019-12-06 11:18:44.100 DEBUG 7503 --- [    Test worker] o.apache.tomcat.util.digester.Digester   :   Fire end() for SetPropertiesRule[]
2019-12-06 11:18:44.100 DEBUG 7503 --- [    Test worker] o.apache.tomcat.util.digester.Digester   :   Fire end() for ObjectCreateRule[className=org.apache.tomcat.util.modeler.AttributeInfo, attributeName=null]
2019-12-06 11:18:44.100 DEBUG 7503 --- [    Test worker] o.apache.tomcat.util.digester.Digester   : [ObjectCreateRule]{mbeans-descriptors/mbean/attribute} Pop org.apache.tomcat.util.modeler.AttributeInfo
2019-12-06 11:18:44.100 DEBUG 7503 --- [    Test worker] o.a.tomcat.util.digester.Digester.sax    : characters(

    )
2019-12-06 11:18:44.100 DEBUG 7503 --- [    Test worker] o.a.tomcat.util.digester.Digester.sax    : startElement(,,attribute)
2019-12-06 11:18:44.100 DEBUG 7503 --- [    Test worker] o.apache.tomcat.util.digester.Digester   :   New match='mbeans-descriptors/mbean/attribute'
2019-12-06 11:18:44.101 DEBUG 7503 --- [    Test worker] o.apache.tomcat.util.digester.Digester   :   Fire begin() for ObjectCreateRule[className=org.apache.tomcat.util.modeler.AttributeInfo, attributeName=null]
2019-12-06 11:18:44.101 DEBUG 7503 --- [    Test worker] o.apache.tomcat.util.digester.Digester   :   Fire begin() for SetPropertiesRule[]
2019-12-06 11:18:44.101 DEBUG 7503 --- [    Test worker] o.apache.tomcat.util.digester.Digester   : [SetPropertiesRule]{mbeans-descriptors/mbean/attribute} Set org.apache.tomcat.util.modeler.AttributeInfo properties
2019-12-06 11:18:44.101 DEBUG 7503 --- [    Test worker] o.apache.tomcat.util.digester.Digester   : [SetPropertiesRule]{mbeans-descriptors/mbean/attribute} Setting property 'name' to 'localPort'
2019-12-06 11:18:44.101 DEBUG 7503 --- [    Test worker] o.apache.tomcat.util.IntrospectionUtils  : IntrospectionUtils: setProperty(class org.apache.tomcat.util.modeler.AttributeInfo name=localPort)
2019-12-06 11:18:44.101 DEBUG 7503 --- [    Test worker] o.apache.tomcat.util.digester.Digester   : [SetPropertiesRule]{mbeans-descriptors/mbean/attribute} Setting property 'type' to 'int'
2019-12-06 11:18:44.101 DEBUG 7503 --- [    Test worker] o.apache.tomcat.util.IntrospectionUtils  : IntrospectionUtils: setProperty(class org.apache.tomcat.util.modeler.AttributeInfo type=int)
2019-12-06 11:18:44.101 DEBUG 7503 --- [    Test worker] o.apache.tomcat.util.digester.Digester   : [SetPropertiesRule]{mbeans-descriptors/mbean/attribute} Setting property 'writeable' to 'false'
2019-12-06 11:18:44.102 DEBUG 7503 --- [    Test worker] o.apache.tomcat.util.IntrospectionUtils  : IntrospectionUtils: setProperty(class org.apache.tomcat.util.modeler.AttributeInfo writeable=false)
2019-12-06 11:18:44.102 DEBUG 7503 --- [    Test worker] o.apache.tomcat.util.digester.Digester   :   Fire begin() for SetNextRule[methodName=addAttribute, paramType=org.apache.tomcat.util.modeler.AttributeInfo]
2019-12-06 11:18:44.102 DEBUG 7503 --- [    Test worker] o.a.tomcat.util.digester.Digester.sax    : endElement(,,attribute)
2019-12-06 11:18:44.102 DEBUG 7503 --- [    Test worker] o.apache.tomcat.util.digester.Digester   :   match='mbeans-descriptors/mbean/attribute'
2019-12-06 11:18:44.102 DEBUG 7503 --- [    Test worker] o.apache.tomcat.util.digester.Digester   :   bodyText=''
2019-12-06 11:18:44.102 DEBUG 7503 --- [    Test worker] o.apache.tomcat.util.digester.Digester   :   Fire body() for ObjectCreateRule[className=org.apache.tomcat.util.modeler.AttributeInfo, attributeName=null]
2019-12-06 11:18:44.102 DEBUG 7503 --- [    Test worker] o.apache.tomcat.util.digester.Digester   :   Fire body() for SetPropertiesRule[]
2019-12-06 11:18:44.102 DEBUG 7503 --- [    Test worker] o.apache.tomcat.util.digester.Digester   :   Fire body() for SetNextRule[methodName=addAttribute, paramType=org.apache.tomcat.util.modeler.AttributeInfo]
2019-12-06 11:18:44.102 DEBUG 7503 --- [    Test worker] o.apache.tomcat.util.digester.Digester   :   Fire end() for SetNextRule[methodName=addAttribute, paramType=org.apache.tomcat.util.modeler.AttributeInfo]
2019-12-06 11:18:44.103 DEBUG 7503 --- [    Test worker] o.apache.tomcat.util.digester.Digester   : [SetNextRule]{mbeans-descriptors/mbean/attribute} Call org.apache.tomcat.util.modeler.ManagedBean.addAttribute(org.apache.tomcat.util.modeler.AttributeInfo@19e16bde)
2019-12-06 11:18:44.103 DEBUG 7503 --- [    Test worker] o.apache.tomcat.util.IntrospectionUtils  : IntrospectionUtils: callMethod1 org.apache.tomcat.util.modeler.ManagedBean org.apache.tomcat.util.modeler.AttributeInfo org.apache.tomcat.util.modeler.AttributeInfo
2019-12-06 11:18:44.103 DEBUG 7503 --- [    Test worker] o.apache.tomcat.util.digester.Digester   :   Fire end() for SetPropertiesRule[]
2019-12-06 11:18:44.103 DEBUG 7503 --- [    Test worker] o.apache.tomcat.util.digester.Digester   :   Fire end() for ObjectCreateRule[className=org.apache.tomcat.util.modeler.AttributeInfo, attributeName=null]
2019-12-06 11:18:44.103 DEBUG 7503 --- [    Test worker] o.apache.tomcat.util.digester.Digester   : [ObjectCreateRule]{mbeans-descriptors/mbean/attribute} Pop org.apache.tomcat.util.modeler.AttributeInfo
2019-12-06 11:18:44.103 DEBUG 7503 --- [    Test worker] o.a.tomcat.util.digester.Digester.sax    : characters(

    )
2019-12-06 11:18:44.103 DEBUG 7503 --- [    Test worker] o.a.tomcat.util.digester.Digester.sax    : startElement(,,attribute)
2019-12-06 11:18:44.103 DEBUG 7503 --- [    Test worker] o.apache.tomcat.util.digester.Digester   :   New match='mbeans-descriptors/mbean/attribute'
2019-12-06 11:18:44.104 DEBUG 7503 --- [    Test worker] o.apache.tomcat.util.digester.Digester   :   Fire begin() for ObjectCreateRule[className=org.apache.tomcat.util.modeler.AttributeInfo, attributeName=null]
2019-12-06 11:18:44.104 DEBUG 7503 --- [    Test worker] o.apache.tomcat.util.digester.Digester   :   Fire begin() for SetPropertiesRule[]
2019-12-06 11:18:44.104 DEBUG 7503 --- [    Test worker] o.apache.tomcat.util.digester.Digester   : [SetPropertiesRule]{mbeans-descriptors/mbean/attribute} Set org.apache.tomcat.util.modeler.AttributeInfo properties
2019-12-06 11:18:44.104 DEBUG 7503 --- [    Test worker] o.apache.tomcat.util.digester.Digester   : [SetPropertiesRule]{mbeans-descriptors/mbean/attribute} Setting property 'name' to 'maxConnections'
2019-12-06 11:18:44.104 DEBUG 7503 --- [    Test worker] o.apache.tomcat.util.IntrospectionUtils  : IntrospectionUtils: setProperty(class org.apache.tomcat.util.modeler.AttributeInfo name=maxConnections)
2019-12-06 11:18:44.104 DEBUG 7503 --- [    Test worker] o.apache.tomcat.util.digester.Digester   : [SetPropertiesRule]{mbeans-descriptors/mbean/attribute} Setting property 'type' to 'int'
2019-12-06 11:18:44.104 DEBUG 7503 --- [    Test worker] o.apache.tomcat.util.IntrospectionUtils  : IntrospectionUtils: setProperty(class org.apache.tomcat.util.modeler.AttributeInfo type=int)
2019-12-06 11:18:44.104 DEBUG 7503 --- [    Test worker] o.apache.tomcat.util.digester.Digester   :   Fire begin() for SetNextRule[methodName=addAttribute, paramType=org.apache.tomcat.util.modeler.AttributeInfo]
2019-12-06 11:18:44.105 DEBUG 7503 --- [    Test worker] o.a.tomcat.util.digester.Digester.sax    : endElement(,,attribute)
2019-12-06 11:18:44.105 DEBUG 7503 --- [    Test worker] o.apache.tomcat.util.digester.Digester   :   match='mbeans-descriptors/mbean/attribute'
2019-12-06 11:18:44.105 DEBUG 7503 --- [    Test worker] o.apache.tomcat.util.digester.Digester   :   bodyText=''
2019-12-06 11:18:44.105 DEBUG 7503 --- [    Test worker] o.apache.tomcat.util.digester.Digester   :   Fire body() for ObjectCreateRule[className=org.apache.tomcat.util.modeler.AttributeInfo, attributeName=null]
2019-12-06 11:18:44.105 DEBUG 7503 --- [    Test worker] o.apache.tomcat.util.digester.Digester   :   Fire body() for SetPropertiesRule[]
2019-12-06 11:18:44.105 DEBUG 7503 --- [    Test worker] o.apache.tomcat.util.digester.Digester   :   Fire body() for SetNextRule[methodName=addAttribute, paramType=org.apache.tomcat.util.modeler.AttributeInfo]
2019-12-06 11:18:44.105 DEBUG 7503 --- [    Test worker] o.apache.tomcat.util.digester.Digester   :   Fire end() for SetNextRule[methodName=addAttribute, paramType=org.apache.tomcat.util.modeler.AttributeInfo]
2019-12-06 11:18:44.105 DEBUG 7503 --- [    Test worker] o.apache.tomcat.util.digester.Digester   : [SetNextRule]{mbeans-descriptors/mbean/attribute} Call org.apache.tomcat.util.modeler.ManagedBean.addAttribute(org.apache.tomcat.util.modeler.AttributeInfo@7ad25a4b)
2019-12-06 11:18:44.105 DEBUG 7503 --- [    Test worker] o.apache.tomcat.util.IntrospectionUtils  : IntrospectionUtils: callMethod1 org.apache.tomcat.util.modeler.ManagedBean org.apache.tomcat.util.modeler.AttributeInfo org.apache.tomcat.util.modeler.AttributeInfo
2019-12-06 11:18:44.106 DEBUG 7503 --- [    Test worker] o.apache.tomcat.util.digester.Digester   :   Fire end() for SetPropertiesRule[]
2019-12-06 11:18:44.106 DEBUG 7503 --- [    Test worker] o.apache.tomcat.util.digester.Digester   :   Fire end() for ObjectCreateRule[className=org.apache.tomcat.util.modeler.AttributeInfo, attributeName=null]
2019-12-06 11:18:44.106 DEBUG 7503 --- [    Test worker] o.apache.tomcat.util.digester.Digester   : [ObjectCreateRule]{mbeans-descriptors/mbean/attribute} Pop org.apache.tomcat.util.modeler.AttributeInfo
2019-12-06 11:18:44.106 DEBUG 7503 --- [    Test worker] o.a.tomcat.util.digester.Digester.sax    : characters(

    )
2019-12-06 11:18:44.106 DEBUG 7503 --- [    Test worker] o.a.tomcat.util.digester.Digester.sax    : startElement(,,attribute)
2019-12-06 11:18:44.106 DEBUG 7503 --- [    Test worker] o.apache.tomcat.util.digester.Digester   :   New match='mbeans-descriptors/mbean/attribute'
2019-12-06 11:18:44.106 DEBUG 7503 --- [    Test worker] o.apache.tomcat.util.digester.Digester   :   Fire begin() for ObjectCreateRule[className=org.apache.tomcat.util.modeler.AttributeInfo, attributeName=null]
2019-12-06 11:18:44.106 DEBUG 7503 --- [    Test worker] o.apache.tomcat.util.digester.Digester   :   Fire begin() for SetPropertiesRule[]
2019-12-06 11:18:44.107 DEBUG 7503 --- [    Test worker] o.apache.tomcat.util.digester.Digester   : [SetPropertiesRule]{mbeans-descriptors/mbean/attribute} Set org.apache.tomcat.util.modeler.AttributeInfo properties
2019-12-06 11:18:44.107 DEBUG 7503 --- [    Test worker] o.apache.tomcat.util.digester.Digester   : [SetPropertiesRule]{mbeans-descriptors/mbean/attribute} Setting property 'name' to 'maxKeepAliveRequests'
2019-12-06 11:18:44.107 DEBUG 7503 --- [    Test worker] o.apache.tomcat.util.IntrospectionUtils  : IntrospectionUtils: setProperty(class org.apache.tomcat.util.modeler.AttributeInfo name=maxKeepAliveRequests)
2019-12-06 11:18:44.107 DEBUG 7503 --- [    Test worker] o.apache.tomcat.util.digester.Digester   : [SetPropertiesRule]{mbeans-descriptors/mbean/attribute} Setting property 'type' to 'int'
2019-12-06 11:18:44.107 DEBUG 7503 --- [    Test worker] o.apache.tomcat.util.IntrospectionUtils  : IntrospectionUtils: setProperty(class org.apache.tomcat.util.modeler.AttributeInfo type=int)
2019-12-06 11:18:44.107 DEBUG 7503 --- [    Test worker] o.apache.tomcat.util.digester.Digester   :   Fire begin() for SetNextRule[methodName=addAttribute, paramType=org.apache.tomcat.util.modeler.AttributeInfo]
2019-12-06 11:18:44.107 DEBUG 7503 --- [    Test worker] o.a.tomcat.util.digester.Digester.sax    : endElement(,,attribute)
2019-12-06 11:18:44.107 DEBUG 7503 --- [    Test worker] o.apache.tomcat.util.digester.Digester   :   match='mbeans-descriptors/mbean/attribute'
2019-12-06 11:18:44.107 DEBUG 7503 --- [    Test worker] o.apache.tomcat.util.digester.Digester   :   bodyText=''
2019-12-06 11:18:44.108 DEBUG 7503 --- [    Test worker] o.apache.tomcat.util.digester.Digester   :   Fire body() for ObjectCreateRule[className=org.apache.tomcat.util.modeler.AttributeInfo, attributeName=null]
2019-12-06 11:18:44.108 DEBUG 7503 --- [    Test worker] o.apache.tomcat.util.digester.Digester   :   Fire body() for SetPropertiesRule[]
2019-12-06 11:18:44.108 DEBUG 7503 --- [    Test worker] o.apache.tomcat.util.digester.Digester   :   Fire body() for SetNextRule[methodName=addAttribute, paramType=org.apache.tomcat.util.modeler.AttributeInfo]
2019-12-06 11:18:44.108 DEBUG 7503 --- [    Test worker] o.apache.tomcat.util.digester.Digester   :   Fire end() for SetNextRule[methodName=addAttribute, paramType=org.apache.tomcat.util.modeler.AttributeInfo]
2019-12-06 11:18:44.108 DEBUG 7503 --- [    Test worker] o.apache.tomcat.util.digester.Digester   : [SetNextRule]{mbeans-descriptors/mbean/attribute} Call org.apache.tomcat.util.modeler.ManagedBean.addAttribute(org.apache.tomcat.util.modeler.AttributeInfo@7e69147)
2019-12-06 11:18:44.108 DEBUG 7503 --- [    Test worker] o.apache.tomcat.util.IntrospectionUtils  : IntrospectionUtils: callMethod1 org.apache.tomcat.util.modeler.ManagedBean org.apache.tomcat.util.modeler.AttributeInfo org.apache.tomcat.util.modeler.AttributeInfo
2019-12-06 11:18:44.108 DEBUG 7503 --- [    Test worker] o.apache.tomcat.util.digester.Digester   :   Fire end() for SetPropertiesRule[]
2019-12-06 11:18:44.108 DEBUG 7503 --- [    Test worker] o.apache.tomcat.util.digester.Digester   :   Fire end() for ObjectCreateRule[className=org.apache.tomcat.util.modeler.AttributeInfo, attributeName=null]
2019-12-06 11:18:44.109 DEBUG 7503 --- [    Test worker] o.apache.tomcat.util.digester.Digester   : [ObjectCreateRule]{mbeans-descriptors/mbean/attribute} Pop org.apache.tomcat.util.modeler.AttributeInfo
2019-12-06 11:18:44.109 DEBUG 7503 --- [    Test worker] o.a.tomcat.util.digester.Digester.sax    : characters(

    )
2019-12-06 11:18:44.109 DEBUG 7503 --- [    Test worker] o.a.tomcat.util.digester.Digester.sax    : startElement(,,attribute)
2019-12-06 11:18:44.109 DEBUG 7503 --- [    Test worker] o.apache.tomcat.util.digester.Digester   :   New match='mbeans-descriptors/mbean/attribute'
2019-12-06 11:18:44.109 DEBUG 7503 --- [    Test worker] o.apache.tomcat.util.digester.Digester   :   Fire begin() for ObjectCreateRule[className=org.apache.tomcat.util.modeler.AttributeInfo, attributeName=null]
2019-12-06 11:18:44.109 DEBUG 7503 --- [    Test worker] o.apache.tomcat.util.digester.Digester   :   Fire begin() for SetPropertiesRule[]
2019-12-06 11:18:44.109 DEBUG 7503 --- [    Test worker] o.apache.tomcat.util.digester.Digester   : [SetPropertiesRule]{mbeans-descriptors/mbean/attribute} Set org.apache.tomcat.util.modeler.AttributeInfo properties
2019-12-06 11:18:44.109 DEBUG 7503 --- [    Test worker] o.apache.tomcat.util.digester.Digester   : [SetPropertiesRule]{mbeans-descriptors/mbean/attribute} Setting property 'name' to 'maxThreads'
2019-12-06 11:18:44.110 DEBUG 7503 --- [    Test worker] o.apache.tomcat.util.IntrospectionUtils  : IntrospectionUtils: setProperty(class org.apache.tomcat.util.modeler.AttributeInfo name=maxThreads)
2019-12-06 11:18:44.110 DEBUG 7503 --- [    Test worker] o.apache.tomcat.util.digester.Digester   : [SetPropertiesRule]{mbeans-descriptors/mbean/attribute} Setting property 'type' to 'int'
2019-12-06 11:18:44.110 DEBUG 7503 --- [    Test worker] o.apache.tomcat.util.IntrospectionUtils  : IntrospectionUtils: setProperty(class org.apache.tomcat.util.modeler.AttributeInfo type=int)
2019-12-06 11:18:44.110 DEBUG 7503 --- [    Test worker] o.apache.tomcat.util.digester.Digester   :   Fire begin() for SetNextRule[methodName=addAttribute, paramType=org.apache.tomcat.util.modeler.AttributeInfo]
2019-12-06 11:18:44.110 DEBUG 7503 --- [    Test worker] o.a.tomcat.util.digester.Digester.sax    : endElement(,,attribute)
2019-12-06 11:18:44.110 DEBUG 7503 --- [    Test worker] o.apache.tomcat.util.digester.Digester   :   match='mbeans-descriptors/mbean/attribute'
2019-12-06 11:18:44.110 DEBUG 7503 --- [    Test worker] o.apache.tomcat.util.digester.Digester   :   bodyText=''
2019-12-06 11:18:44.110 DEBUG 7503 --- [    Test worker] o.apache.tomcat.util.digester.Digester   :   Fire body() for ObjectCreateRule[className=org.apache.tomcat.util.modeler.AttributeInfo, attributeName=null]
2019-12-06 11:18:44.110 DEBUG 7503 --- [    Test worker] o.apache.tomcat.util.digester.Digester   :   Fire body() for SetPropertiesRule[]
2019-12-06 11:18:44.111 DEBUG 7503 --- [    Test worker] o.apache.tomcat.util.digester.Digester   :   Fire body() for SetNextRule[methodName=addAttribute, paramType=org.apache.tomcat.util.modeler.AttributeInfo]
2019-12-06 11:18:44.111 DEBUG 7503 --- [    Test worker] o.apache.tomcat.util.digester.Digester   :   Fire end() for SetNextRule[methodName=addAttribute, paramType=org.apache.tomcat.util.modeler.AttributeInfo]
2019-12-06 11:18:44.111 DEBUG 7503 --- [    Test worker] o.apache.tomcat.util.digester.Digester   : [SetNextRule]{mbeans-descriptors/mbean/attribute} Call org.apache.tomcat.util.modeler.ManagedBean.addAttribute(org.apache.tomcat.util.modeler.AttributeInfo@5db057b0)
2019-12-06 11:18:44.111 DEBUG 7503 --- [    Test worker] o.apache.tomcat.util.IntrospectionUtils  : IntrospectionUtils: callMethod1 org.apache.tomcat.util.modeler.ManagedBean org.apache.tomcat.util.modeler.AttributeInfo org.apache.tomcat.util.modeler.AttributeInfo
2019-12-06 11:18:44.111 DEBUG 7503 --- [    Test worker] o.apache.tomcat.util.digester.Digester   :   Fire end() for SetPropertiesRule[]
2019-12-06 11:18:44.111 DEBUG 7503 --- [    Test worker] o.apache.tomcat.util.digester.Digester   :   Fire end() for ObjectCreateRule[className=org.apache.tomcat.util.modeler.AttributeInfo, attributeName=null]
2019-12-06 11:18:44.111 DEBUG 7503 --- [    Test worker] o.apache.tomcat.util.digester.Digester   : [ObjectCreateRule]{mbeans-descriptors/mbean/attribute} Pop org.apache.tomcat.util.modeler.AttributeInfo
2019-12-06 11:18:44.111 DEBUG 7503 --- [    Test worker] o.a.tomcat.util.digester.Digester.sax    : characters(

    )
2019-12-06 11:18:44.111 DEBUG 7503 --- [    Test worker] o.a.tomcat.util.digester.Digester.sax    : startElement(,,attribute)
2019-12-06 11:18:44.112 DEBUG 7503 --- [    Test worker] o.apache.tomcat.util.digester.Digester   :   New match='mbeans-descriptors/mbean/attribute'
2019-12-06 11:18:44.112 DEBUG 7503 --- [    Test worker] o.apache.tomcat.util.digester.Digester   :   Fire begin() for ObjectCreateRule[className=org.apache.tomcat.util.modeler.AttributeInfo, attributeName=null]
2019-12-06 11:18:44.112 DEBUG 7503 --- [    Test worker] o.apache.tomcat.util.digester.Digester   :   Fire begin() for SetPropertiesRule[]
2019-12-06 11:18:44.112 DEBUG 7503 --- [    Test worker] o.apache.tomcat.util.digester.Digester   : [SetPropertiesRule]{mbeans-descriptors/mbean/attribute} Set org.apache.tomcat.util.modeler.AttributeInfo properties
2019-12-06 11:18:44.112 DEBUG 7503 --- [    Test worker] o.apache.tomcat.util.digester.Digester   : [SetPropertiesRule]{mbeans-descriptors/mbean/attribute} Setting property 'name' to 'minSpareThreads'
2019-12-06 11:18:44.112 DEBUG 7503 --- [    Test worker] o.apache.tomcat.util.IntrospectionUtils  : IntrospectionUtils: setProperty(class org.apache.tomcat.util.modeler.AttributeInfo name=minSpareThreads)
2019-12-06 11:18:44.112 DEBUG 7503 --- [    Test worker] o.apache.tomcat.util.digester.Digester   : [SetPropertiesRule]{mbeans-descriptors/mbean/attribute} Setting property 'type' to 'int'
2019-12-06 11:18:44.112 DEBUG 7503 --- [    Test worker] o.apache.tomcat.util.IntrospectionUtils  : IntrospectionUtils: setProperty(class org.apache.tomcat.util.modeler.AttributeInfo type=int)
2019-12-06 11:18:44.113 DEBUG 7503 --- [    Test worker] o.apache.tomcat.util.digester.Digester   :   Fire begin() for SetNextRule[methodName=addAttribute, paramType=org.apache.tomcat.util.modeler.AttributeInfo]
2019-12-06 11:18:44.113 DEBUG 7503 --- [    Test worker] o.a.tomcat.util.digester.Digester.sax    : endElement(,,attribute)
2019-12-06 11:18:44.113 DEBUG 7503 --- [    Test worker] o.apache.tomcat.util.digester.Digester   :   match='mbeans-descriptors/mbean/attribute'
2019-12-06 11:18:44.113 DEBUG 7503 --- [    Test worker] o.apache.tomcat.util.digester.Digester   :   bodyText=''
2019-12-06 11:18:44.113 DEBUG 7503 --- [    Test worker] o.apache.tomcat.util.digester.Digester   :   Fire body() for ObjectCreateRule[className=org.apache.tomcat.util.modeler.AttributeInfo, attributeName=null]
2019-12-06 11:18:44.113 DEBUG 7503 --- [    Test worker] o.apache.tomcat.util.digester.Digester   :   Fire body() for SetPropertiesRule[]
2019-12-06 11:18:44.113 DEBUG 7503 --- [    Test worker] o.apache.tomcat.util.digester.Digester   :   Fire body() for SetNextRule[methodName=addAttribute, paramType=org.apache.tomcat.util.modeler.AttributeInfo]
2019-12-06 11:18:44.113 DEBUG 7503 --- [    Test worker] o.apache.tomcat.util.digester.Digester   :   Fire end() for SetNextRule[methodName=addAttribute, paramType=org.apache.tomcat.util.modeler.AttributeInfo]
2019-12-06 11:18:44.113 DEBUG 7503 --- [    Test worker] o.apache.tomcat.util.digester.Digester   : [SetNextRule]{mbeans-descriptors/mbean/attribute} Call org.apache.tomcat.util.modeler.ManagedBean.addAttribute(org.apache.tomcat.util.modeler.AttributeInfo@4f9d7843)
2019-12-06 11:18:44.114 DEBUG 7503 --- [    Test worker] o.apache.tomcat.util.IntrospectionUtils  : IntrospectionUtils: callMethod1 org.apache.tomcat.util.modeler.ManagedBean org.apache.tomcat.util.modeler.AttributeInfo org.apache.tomcat.util.modeler.AttributeInfo
2019-12-06 11:18:44.114 DEBUG 7503 --- [    Test worker] o.apache.tomcat.util.digester.Digester   :   Fire end() for SetPropertiesRule[]
2019-12-06 11:18:44.114 DEBUG 7503 --- [    Test worker] o.apache.tomcat.util.digester.Digester   :   Fire end() for ObjectCreateRule[className=org.apache.tomcat.util.modeler.AttributeInfo, attributeName=null]
2019-12-06 11:18:44.114 DEBUG 7503 --- [    Test worker] o.apache.tomcat.util.digester.Digester   : [ObjectCreateRule]{mbeans-descriptors/mbean/attribute} Pop org.apache.tomcat.util.modeler.AttributeInfo
2019-12-06 11:18:44.114 DEBUG 7503 --- [    Test worker] o.a.tomcat.util.digester.Digester.sax    : characters(

    )
2019-12-06 11:18:44.114 DEBUG 7503 --- [    Test worker] o.a.tomcat.util.digester.Digester.sax    : startElement(,,attribute)
2019-12-06 11:18:44.114 DEBUG 7503 --- [    Test worker] o.apache.tomcat.util.digester.Digester   :   New match='mbeans-descriptors/mbean/attribute'
2019-12-06 11:18:44.114 DEBUG 7503 --- [    Test worker] o.apache.tomcat.util.digester.Digester   :   Fire begin() for ObjectCreateRule[className=org.apache.tomcat.util.modeler.AttributeInfo, attributeName=null]
2019-12-06 11:18:44.114 DEBUG 7503 --- [    Test worker] o.apache.tomcat.util.digester.Digester   :   Fire begin() for SetPropertiesRule[]
2019-12-06 11:18:44.115 DEBUG 7503 --- [    Test worker] o.apache.tomcat.util.digester.Digester   : [SetPropertiesRule]{mbeans-descriptors/mbean/attribute} Set org.apache.tomcat.util.modeler.AttributeInfo properties
2019-12-06 11:18:44.115 DEBUG 7503 --- [    Test worker] o.apache.tomcat.util.digester.Digester   : [SetPropertiesRule]{mbeans-descriptors/mbean/attribute} Setting property 'name' to 'modelerType'
2019-12-06 11:18:44.115 DEBUG 7503 --- [    Test worker] o.apache.tomcat.util.IntrospectionUtils  : IntrospectionUtils: setProperty(class org.apache.tomcat.util.modeler.AttributeInfo name=modelerType)
2019-12-06 11:18:44.115 DEBUG 7503 --- [    Test worker] o.apache.tomcat.util.digester.Digester   : [SetPropertiesRule]{mbeans-descriptors/mbean/attribute} Setting property 'type' to 'java.lang.String'
2019-12-06 11:18:44.115 DEBUG 7503 --- [    Test worker] o.apache.tomcat.util.IntrospectionUtils  : IntrospectionUtils: setProperty(class org.apache.tomcat.util.modeler.AttributeInfo type=java.lang.String)
2019-12-06 11:18:44.115 DEBUG 7503 --- [    Test worker] o.apache.tomcat.util.digester.Digester   : [SetPropertiesRule]{mbeans-descriptors/mbean/attribute} Setting property 'writeable' to 'false'
2019-12-06 11:18:44.115 DEBUG 7503 --- [    Test worker] o.apache.tomcat.util.IntrospectionUtils  : IntrospectionUtils: setProperty(class org.apache.tomcat.util.modeler.AttributeInfo writeable=false)
2019-12-06 11:18:44.115 DEBUG 7503 --- [    Test worker] o.apache.tomcat.util.digester.Digester   :   Fire begin() for SetNextRule[methodName=addAttribute, paramType=org.apache.tomcat.util.modeler.AttributeInfo]
2019-12-06 11:18:44.116 DEBUG 7503 --- [    Test worker] o.a.tomcat.util.digester.Digester.sax    : endElement(,,attribute)
2019-12-06 11:18:44.116 DEBUG 7503 --- [    Test worker] o.apache.tomcat.util.digester.Digester   :   match='mbeans-descriptors/mbean/attribute'
2019-12-06 11:18:44.116 DEBUG 7503 --- [    Test worker] o.apache.tomcat.util.digester.Digester   :   bodyText=''
2019-12-06 11:18:44.116 DEBUG 7503 --- [    Test worker] o.apache.tomcat.util.digester.Digester   :   Fire body() for ObjectCreateRule[className=org.apache.tomcat.util.modeler.AttributeInfo, attributeName=null]
2019-12-06 11:18:44.116 DEBUG 7503 --- [    Test worker] o.apache.tomcat.util.digester.Digester   :   Fire body() for SetPropertiesRule[]
2019-12-06 11:18:44.116 DEBUG 7503 --- [    Test worker] o.apache.tomcat.util.digester.Digester   :   Fire body() for SetNextRule[methodName=addAttribute, paramType=org.apache.tomcat.util.modeler.AttributeInfo]
2019-12-06 11:18:44.116 DEBUG 7503 --- [    Test worker] o.apache.tomcat.util.digester.Digester   :   Fire end() for SetNextRule[methodName=addAttribute, paramType=org.apache.tomcat.util.modeler.AttributeInfo]
2019-12-06 11:18:44.116 DEBUG 7503 --- [    Test worker] o.apache.tomcat.util.digester.Digester   : [SetNextRule]{mbeans-descriptors/mbean/attribute} Call org.apache.tomcat.util.modeler.ManagedBean.addAttribute(org.apache.tomcat.util.modeler.AttributeInfo@27f563f9)
2019-12-06 11:18:44.116 DEBUG 7503 --- [    Test worker] o.apache.tomcat.util.IntrospectionUtils  : IntrospectionUtils: callMethod1 org.apache.tomcat.util.modeler.ManagedBean org.apache.tomcat.util.modeler.AttributeInfo org.apache.tomcat.util.modeler.AttributeInfo
2019-12-06 11:18:44.117 DEBUG 7503 --- [    Test worker] o.apache.tomcat.util.digester.Digester   :   Fire end() for SetPropertiesRule[]
2019-12-06 11:18:44.117 DEBUG 7503 --- [    Test worker] o.apache.tomcat.util.digester.Digester   :   Fire end() for ObjectCreateRule[className=org.apache.tomcat.util.modeler.AttributeInfo, attributeName=null]
2019-12-06 11:18:44.117 DEBUG 7503 --- [    Test worker] o.apache.tomcat.util.digester.Digester   : [ObjectCreateRule]{mbeans-descriptors/mbean/attribute} Pop org.apache.tomcat.util.modeler.AttributeInfo
2019-12-06 11:18:44.117 DEBUG 7503 --- [    Test worker] o.a.tomcat.util.digester.Digester.sax    : characters(

    )
2019-12-06 11:18:44.117 DEBUG 7503 --- [    Test worker] o.a.tomcat.util.digester.Digester.sax    : startElement(,,attribute)
2019-12-06 11:18:44.117 DEBUG 7503 --- [    Test worker] o.apache.tomcat.util.digester.Digester   :   New match='mbeans-descriptors/mbean/attribute'
2019-12-06 11:18:44.117 DEBUG 7503 --- [    Test worker] o.apache.tomcat.util.digester.Digester   :   Fire begin() for ObjectCreateRule[className=org.apache.tomcat.util.modeler.AttributeInfo, attributeName=null]
2019-12-06 11:18:44.117 DEBUG 7503 --- [    Test worker] o.apache.tomcat.util.digester.Digester   :   Fire begin() for SetPropertiesRule[]
2019-12-06 11:18:44.117 DEBUG 7503 --- [    Test worker] o.apache.tomcat.util.digester.Digester   : [SetPropertiesRule]{mbeans-descriptors/mbean/attribute} Set org.apache.tomcat.util.modeler.AttributeInfo properties
2019-12-06 11:18:44.118 DEBUG 7503 --- [    Test worker] o.apache.tomcat.util.digester.Digester   : [SetPropertiesRule]{mbeans-descriptors/mbean/attribute} Setting property 'name' to 'name'
2019-12-06 11:18:44.118 DEBUG 7503 --- [    Test worker] o.apache.tomcat.util.IntrospectionUtils  : IntrospectionUtils: setProperty(class org.apache.tomcat.util.modeler.AttributeInfo name=name)
2019-12-06 11:18:44.118 DEBUG 7503 --- [    Test worker] o.apache.tomcat.util.digester.Digester   : [SetPropertiesRule]{mbeans-descriptors/mbean/attribute} Setting property 'type' to 'java.lang.String'
2019-12-06 11:18:44.118 DEBUG 7503 --- [    Test worker] o.apache.tomcat.util.IntrospectionUtils  : IntrospectionUtils: setProperty(class org.apache.tomcat.util.modeler.AttributeInfo type=java.lang.String)
2019-12-06 11:18:44.118 DEBUG 7503 --- [    Test worker] o.apache.tomcat.util.digester.Digester   :   Fire begin() for SetNextRule[methodName=addAttribute, paramType=org.apache.tomcat.util.modeler.AttributeInfo]
2019-12-06 11:18:44.118 DEBUG 7503 --- [    Test worker] o.a.tomcat.util.digester.Digester.sax    : endElement(,,attribute)
2019-12-06 11:18:44.118 DEBUG 7503 --- [    Test worker] o.apache.tomcat.util.digester.Digester   :   match='mbeans-descriptors/mbean/attribute'
2019-12-06 11:18:44.118 DEBUG 7503 --- [    Test worker] o.apache.tomcat.util.digester.Digester   :   bodyText=''
2019-12-06 11:18:44.119 DEBUG 7503 --- [    Test worker] o.apache.tomcat.util.digester.Digester   :   Fire body() for ObjectCreateRule[className=org.apache.tomcat.util.modeler.AttributeInfo, attributeName=null]
2019-12-06 11:18:44.119 DEBUG 7503 --- [    Test worker] o.apache.tomcat.util.digester.Digester   :   Fire body() for SetPropertiesRule[]
2019-12-06 11:18:44.119 DEBUG 7503 --- [    Test worker] o.apache.tomcat.util.digester.Digester   :   Fire body() for SetNextRule[methodName=addAttribute, paramType=org.apache.tomcat.util.modeler.AttributeInfo]
2019-12-06 11:18:44.119 DEBUG 7503 --- [    Test worker] o.apache.tomcat.util.digester.Digester   :   Fire end() for SetNextRule[methodName=addAttribute, paramType=org.apache.tomcat.util.modeler.AttributeInfo]
2019-12-06 11:18:44.119 DEBUG 7503 --- [    Test worker] o.apache.tomcat.util.digester.Digester   : [SetNextRule]{mbeans-descriptors/mbean/attribute} Call org.apache.tomcat.util.modeler.ManagedBean.addAttribute(org.apache.tomcat.util.modeler.AttributeInfo@142ab2e9)
2019-12-06 11:18:44.119 DEBUG 7503 --- [    Test worker] o.apache.tomcat.util.IntrospectionUtils  : IntrospectionUtils: callMethod1 org.apache.tomcat.util.modeler.ManagedBean org.apache.tomcat.util.modeler.AttributeInfo org.apache.tomcat.util.modeler.AttributeInfo
2019-12-06 11:18:44.119 DEBUG 7503 --- [    Test worker] o.apache.tomcat.util.digester.Digester   :   Fire end() for SetPropertiesRule[]
2019-12-06 11:18:44.119 DEBUG 7503 --- [    Test worker] o.apache.tomcat.util.digester.Digester   :   Fire end() for ObjectCreateRule[className=org.apache.tomcat.util.modeler.AttributeInfo, attributeName=null]
2019-12-06 11:18:44.119 DEBUG 7503 --- [    Test worker] o.apache.tomcat.util.digester.Digester   : [ObjectCreateRule]{mbeans-descriptors/mbean/attribute} Pop org.apache.tomcat.util.modeler.AttributeInfo
2019-12-06 11:18:44.120 DEBUG 7503 --- [    Test worker] o.a.tomcat.util.digester.Digester.sax    : characters(

    )
2019-12-06 11:18:44.120 DEBUG 7503 --- [    Test worker] o.a.tomcat.util.digester.Digester.sax    : startElement(,,attribute)
2019-12-06 11:18:44.120 DEBUG 7503 --- [    Test worker] o.apache.tomcat.util.digester.Digester   :   New match='mbeans-descriptors/mbean/attribute'
2019-12-06 11:18:44.120 DEBUG 7503 --- [    Test worker] o.apache.tomcat.util.digester.Digester   :   Fire begin() for ObjectCreateRule[className=org.apache.tomcat.util.modeler.AttributeInfo, attributeName=null]
2019-12-06 11:18:44.120 DEBUG 7503 --- [    Test worker] o.apache.tomcat.util.digester.Digester   :   Fire begin() for SetPropertiesRule[]
2019-12-06 11:18:44.120 DEBUG 7503 --- [    Test worker] o.apache.tomcat.util.digester.Digester   : [SetPropertiesRule]{mbeans-descriptors/mbean/attribute} Set org.apache.tomcat.util.modeler.AttributeInfo properties
2019-12-06 11:18:44.120 DEBUG 7503 --- [    Test worker] o.apache.tomcat.util.digester.Digester   : [SetPropertiesRule]{mbeans-descriptors/mbean/attribute} Setting property 'name' to 'paused'
2019-12-06 11:18:44.120 DEBUG 7503 --- [    Test worker] o.apache.tomcat.util.IntrospectionUtils  : IntrospectionUtils: setProperty(class org.apache.tomcat.util.modeler.AttributeInfo name=paused)
2019-12-06 11:18:44.121 DEBUG 7503 --- [    Test worker] o.apache.tomcat.util.digester.Digester   : [SetPropertiesRule]{mbeans-descriptors/mbean/attribute} Setting property 'type' to 'boolean'
2019-12-06 11:18:44.121 DEBUG 7503 --- [    Test worker] o.apache.tomcat.util.IntrospectionUtils  : IntrospectionUtils: setProperty(class org.apache.tomcat.util.modeler.AttributeInfo type=boolean)
2019-12-06 11:18:44.121 DEBUG 7503 --- [    Test worker] o.apache.tomcat.util.digester.Digester   : [SetPropertiesRule]{mbeans-descriptors/mbean/attribute} Setting property 'writeable' to 'false'
2019-12-06 11:18:44.121 DEBUG 7503 --- [    Test worker] o.apache.tomcat.util.IntrospectionUtils  : IntrospectionUtils: setProperty(class org.apache.tomcat.util.modeler.AttributeInfo writeable=false)
2019-12-06 11:18:44.121 DEBUG 7503 --- [    Test worker] o.apache.tomcat.util.digester.Digester   : [SetPropertiesRule]{mbeans-descriptors/mbean/attribute} Setting property 'is' to 'true'
2019-12-06 11:18:44.121 DEBUG 7503 --- [    Test worker] o.apache.tomcat.util.IntrospectionUtils  : IntrospectionUtils: setProperty(class org.apache.tomcat.util.modeler.AttributeInfo is=true)
2019-12-06 11:18:44.121 DEBUG 7503 --- [    Test worker] o.apache.tomcat.util.digester.Digester   :   Fire begin() for SetNextRule[methodName=addAttribute, paramType=org.apache.tomcat.util.modeler.AttributeInfo]
2019-12-06 11:18:44.121 DEBUG 7503 --- [    Test worker] o.a.tomcat.util.digester.Digester.sax    : endElement(,,attribute)
2019-12-06 11:18:44.121 DEBUG 7503 --- [    Test worker] o.apache.tomcat.util.digester.Digester   :   match='mbeans-descriptors/mbean/attribute'
2019-12-06 11:18:44.122 DEBUG 7503 --- [    Test worker] o.apache.tomcat.util.digester.Digester   :   bodyText=''
2019-12-06 11:18:44.122 DEBUG 7503 --- [    Test worker] o.apache.tomcat.util.digester.Digester   :   Fire body() for ObjectCreateRule[className=org.apache.tomcat.util.modeler.AttributeInfo, attributeName=null]
2019-12-06 11:18:44.122 DEBUG 7503 --- [    Test worker] o.apache.tomcat.util.digester.Digester   :   Fire body() for SetPropertiesRule[]
2019-12-06 11:18:44.122 DEBUG 7503 --- [    Test worker] o.apache.tomcat.util.digester.Digester   :   Fire body() for SetNextRule[methodName=addAttribute, paramType=org.apache.tomcat.util.modeler.AttributeInfo]
2019-12-06 11:18:44.122 DEBUG 7503 --- [    Test worker] o.apache.tomcat.util.digester.Digester   :   Fire end() for SetNextRule[methodName=addAttribute, paramType=org.apache.tomcat.util.modeler.AttributeInfo]
2019-12-06 11:18:44.122 DEBUG 7503 --- [    Test worker] o.apache.tomcat.util.digester.Digester   : [SetNextRule]{mbeans-descriptors/mbean/attribute} Call org.apache.tomcat.util.modeler.ManagedBean.addAttribute(org.apache.tomcat.util.modeler.AttributeInfo@4bf86a0b)
2019-12-06 11:18:44.122 DEBUG 7503 --- [    Test worker] o.apache.tomcat.util.IntrospectionUtils  : IntrospectionUtils: callMethod1 org.apache.tomcat.util.modeler.ManagedBean org.apache.tomcat.util.modeler.AttributeInfo org.apache.tomcat.util.modeler.AttributeInfo
2019-12-06 11:18:44.122 DEBUG 7503 --- [    Test worker] o.apache.tomcat.util.digester.Digester   :   Fire end() for SetPropertiesRule[]
2019-12-06 11:18:44.123 DEBUG 7503 --- [    Test worker] o.apache.tomcat.util.digester.Digester   :   Fire end() for ObjectCreateRule[className=org.apache.tomcat.util.modeler.AttributeInfo, attributeName=null]
2019-12-06 11:18:44.123 DEBUG 7503 --- [    Test worker] o.apache.tomcat.util.digester.Digester   : [ObjectCreateRule]{mbeans-descriptors/mbean/attribute} Pop org.apache.tomcat.util.modeler.AttributeInfo
2019-12-06 11:18:44.123 DEBUG 7503 --- [    Test worker] o.a.tomcat.util.digester.Digester.sax    : characters(

    )
2019-12-06 11:18:44.123 DEBUG 7503 --- [    Test worker] o.a.tomcat.util.digester.Digester.sax    : startElement(,,attribute)
2019-12-06 11:18:44.123 DEBUG 7503 --- [    Test worker] o.apache.tomcat.util.digester.Digester   :   New match='mbeans-descriptors/mbean/attribute'
2019-12-06 11:18:44.123 DEBUG 7503 --- [    Test worker] o.apache.tomcat.util.digester.Digester   :   Fire begin() for ObjectCreateRule[className=org.apache.tomcat.util.modeler.AttributeInfo, attributeName=null]
2019-12-06 11:18:44.123 DEBUG 7503 --- [    Test worker] o.apache.tomcat.util.digester.Digester   :   Fire begin() for SetPropertiesRule[]
2019-12-06 11:18:44.123 DEBUG 7503 --- [    Test worker] o.apache.tomcat.util.digester.Digester   : [SetPropertiesRule]{mbeans-descriptors/mbean/attribute} Set org.apache.tomcat.util.modeler.AttributeInfo properties
2019-12-06 11:18:44.123 DEBUG 7503 --- [    Test worker] o.apache.tomcat.util.digester.Digester   : [SetPropertiesRule]{mbeans-descriptors/mbean/attribute} Setting property 'name' to 'pollTime'
2019-12-06 11:18:44.124 DEBUG 7503 --- [    Test worker] o.apache.tomcat.util.IntrospectionUtils  : IntrospectionUtils: setProperty(class org.apache.tomcat.util.modeler.AttributeInfo name=pollTime)
2019-12-06 11:18:44.124 DEBUG 7503 --- [    Test worker] o.apache.tomcat.util.digester.Digester   : [SetPropertiesRule]{mbeans-descriptors/mbean/attribute} Setting property 'type' to 'int'
2019-12-06 11:18:44.124 DEBUG 7503 --- [    Test worker] o.apache.tomcat.util.IntrospectionUtils  : IntrospectionUtils: setProperty(class org.apache.tomcat.util.modeler.AttributeInfo type=int)
2019-12-06 11:18:44.124 DEBUG 7503 --- [    Test worker] o.apache.tomcat.util.digester.Digester   :   Fire begin() for SetNextRule[methodName=addAttribute, paramType=org.apache.tomcat.util.modeler.AttributeInfo]
2019-12-06 11:18:44.124 DEBUG 7503 --- [    Test worker] o.a.tomcat.util.digester.Digester.sax    : endElement(,,attribute)
2019-12-06 11:18:44.124 DEBUG 7503 --- [    Test worker] o.apache.tomcat.util.digester.Digester   :   match='mbeans-descriptors/mbean/attribute'
2019-12-06 11:18:44.124 DEBUG 7503 --- [    Test worker] o.apache.tomcat.util.digester.Digester   :   bodyText=''
2019-12-06 11:18:44.124 DEBUG 7503 --- [    Test worker] o.apache.tomcat.util.digester.Digester   :   Fire body() for ObjectCreateRule[className=org.apache.tomcat.util.modeler.AttributeInfo, attributeName=null]
2019-12-06 11:18:44.124 DEBUG 7503 --- [    Test worker] o.apache.tomcat.util.digester.Digester   :   Fire body() for SetPropertiesRule[]
2019-12-06 11:18:44.125 DEBUG 7503 --- [    Test worker] o.apache.tomcat.util.digester.Digester   :   Fire body() for SetNextRule[methodName=addAttribute, paramType=org.apache.tomcat.util.modeler.AttributeInfo]
2019-12-06 11:18:44.125 DEBUG 7503 --- [    Test worker] o.apache.tomcat.util.digester.Digester   :   Fire end() for SetNextRule[methodName=addAttribute, paramType=org.apache.tomcat.util.modeler.AttributeInfo]
2019-12-06 11:18:44.125 DEBUG 7503 --- [    Test worker] o.apache.tomcat.util.digester.Digester   : [SetNextRule]{mbeans-descriptors/mbean/attribute} Call org.apache.tomcat.util.modeler.ManagedBean.addAttribute(org.apache.tomcat.util.modeler.AttributeInfo@6f834c57)
2019-12-06 11:18:44.125 DEBUG 7503 --- [    Test worker] o.apache.tomcat.util.IntrospectionUtils  : IntrospectionUtils: callMethod1 org.apache.tomcat.util.modeler.ManagedBean org.apache.tomcat.util.modeler.AttributeInfo org.apache.tomcat.util.modeler.AttributeInfo
2019-12-06 11:18:44.125 DEBUG 7503 --- [    Test worker] o.apache.tomcat.util.digester.Digester   :   Fire end() for SetPropertiesRule[]
2019-12-06 11:18:44.125 DEBUG 7503 --- [    Test worker] o.apache.tomcat.util.digester.Digester   :   Fire end() for ObjectCreateRule[className=org.apache.tomcat.util.modeler.AttributeInfo, attributeName=null]
2019-12-06 11:18:44.125 DEBUG 7503 --- [    Test worker] o.apache.tomcat.util.digester.Digester   : [ObjectCreateRule]{mbeans-descriptors/mbean/attribute} Pop org.apache.tomcat.util.modeler.AttributeInfo
2019-12-06 11:18:44.125 DEBUG 7503 --- [    Test worker] o.a.tomcat.util.digester.Digester.sax    : characters(

    )
2019-12-06 11:18:44.125 DEBUG 7503 --- [    Test worker] o.a.tomcat.util.digester.Digester.sax    : startElement(,,attribute)
2019-12-06 11:18:44.126 DEBUG 7503 --- [    Test worker] o.apache.tomcat.util.digester.Digester   :   New match='mbeans-descriptors/mbean/attribute'
2019-12-06 11:18:44.126 DEBUG 7503 --- [    Test worker] o.apache.tomcat.util.digester.Digester   :   Fire begin() for ObjectCreateRule[className=org.apache.tomcat.util.modeler.AttributeInfo, attributeName=null]
2019-12-06 11:18:44.126 DEBUG 7503 --- [    Test worker] o.apache.tomcat.util.digester.Digester   :   Fire begin() for SetPropertiesRule[]
2019-12-06 11:18:44.126 DEBUG 7503 --- [    Test worker] o.apache.tomcat.util.digester.Digester   : [SetPropertiesRule]{mbeans-descriptors/mbean/attribute} Set org.apache.tomcat.util.modeler.AttributeInfo properties
2019-12-06 11:18:44.126 DEBUG 7503 --- [    Test worker] o.apache.tomcat.util.digester.Digester   : [SetPropertiesRule]{mbeans-descriptors/mbean/attribute} Setting property 'name' to 'port'
2019-12-06 11:18:44.126 DEBUG 7503 --- [    Test worker] o.apache.tomcat.util.IntrospectionUtils  : IntrospectionUtils: setProperty(class org.apache.tomcat.util.modeler.AttributeInfo name=port)
2019-12-06 11:18:44.126 DEBUG 7503 --- [    Test worker] o.apache.tomcat.util.digester.Digester   : [SetPropertiesRule]{mbeans-descriptors/mbean/attribute} Setting property 'type' to 'int'
2019-12-06 11:18:44.126 DEBUG 7503 --- [    Test worker] o.apache.tomcat.util.IntrospectionUtils  : IntrospectionUtils: setProperty(class org.apache.tomcat.util.modeler.AttributeInfo type=int)
2019-12-06 11:18:44.127 DEBUG 7503 --- [    Test worker] o.apache.tomcat.util.digester.Digester   :   Fire begin() for SetNextRule[methodName=addAttribute, paramType=org.apache.tomcat.util.modeler.AttributeInfo]
2019-12-06 11:18:44.127 DEBUG 7503 --- [    Test worker] o.a.tomcat.util.digester.Digester.sax    : endElement(,,attribute)
2019-12-06 11:18:44.127 DEBUG 7503 --- [    Test worker] o.apache.tomcat.util.digester.Digester   :   match='mbeans-descriptors/mbean/attribute'
2019-12-06 11:18:44.127 DEBUG 7503 --- [    Test worker] o.apache.tomcat.util.digester.Digester   :   bodyText=''
2019-12-06 11:18:44.127 DEBUG 7503 --- [    Test worker] o.apache.tomcat.util.digester.Digester   :   Fire body() for ObjectCreateRule[className=org.apache.tomcat.util.modeler.AttributeInfo, attributeName=null]
2019-12-06 11:18:44.127 DEBUG 7503 --- [    Test worker] o.apache.tomcat.util.digester.Digester   :   Fire body() for SetPropertiesRule[]
2019-12-06 11:18:44.127 DEBUG 7503 --- [    Test worker] o.apache.tomcat.util.digester.Digester   :   Fire body() for SetNextRule[methodName=addAttribute, paramType=org.apache.tomcat.util.modeler.AttributeInfo]
2019-12-06 11:18:44.127 DEBUG 7503 --- [    Test worker] o.apache.tomcat.util.digester.Digester   :   Fire end() for SetNextRule[methodName=addAttribute, paramType=org.apache.tomcat.util.modeler.AttributeInfo]
2019-12-06 11:18:44.127 DEBUG 7503 --- [    Test worker] o.apache.tomcat.util.digester.Digester   : [SetNextRule]{mbeans-descriptors/mbean/attribute} Call org.apache.tomcat.util.modeler.ManagedBean.addAttribute(org.apache.tomcat.util.modeler.AttributeInfo@636510f5)
2019-12-06 11:18:44.128 DEBUG 7503 --- [    Test worker] o.apache.tomcat.util.IntrospectionUtils  : IntrospectionUtils: callMethod1 org.apache.tomcat.util.modeler.ManagedBean org.apache.tomcat.util.modeler.AttributeInfo org.apache.tomcat.util.modeler.AttributeInfo
2019-12-06 11:18:44.128 DEBUG 7503 --- [    Test worker] o.apache.tomcat.util.digester.Digester   :   Fire end() for SetPropertiesRule[]
2019-12-06 11:18:44.128 DEBUG 7503 --- [    Test worker] o.apache.tomcat.util.digester.Digester   :   Fire end() for ObjectCreateRule[className=org.apache.tomcat.util.modeler.AttributeInfo, attributeName=null]
2019-12-06 11:18:44.128 DEBUG 7503 --- [    Test worker] o.apache.tomcat.util.digester.Digester   : [ObjectCreateRule]{mbeans-descriptors/mbean/attribute} Pop org.apache.tomcat.util.modeler.AttributeInfo
2019-12-06 11:18:44.128 DEBUG 7503 --- [    Test worker] o.a.tomcat.util.digester.Digester.sax    : characters(

    )
2019-12-06 11:18:44.128 DEBUG 7503 --- [    Test worker] o.a.tomcat.util.digester.Digester.sax    : startElement(,,attribute)
2019-12-06 11:18:44.128 DEBUG 7503 --- [    Test worker] o.apache.tomcat.util.digester.Digester   :   New match='mbeans-descriptors/mbean/attribute'
2019-12-06 11:18:44.128 DEBUG 7503 --- [    Test worker] o.apache.tomcat.util.digester.Digester   :   Fire begin() for ObjectCreateRule[className=org.apache.tomcat.util.modeler.AttributeInfo, attributeName=null]
2019-12-06 11:18:44.128 DEBUG 7503 --- [    Test worker] o.apache.tomcat.util.digester.Digester   :   Fire begin() for SetPropertiesRule[]
2019-12-06 11:18:44.129 DEBUG 7503 --- [    Test worker] o.apache.tomcat.util.digester.Digester   : [SetPropertiesRule]{mbeans-descriptors/mbean/attribute} Set org.apache.tomcat.util.modeler.AttributeInfo properties
2019-12-06 11:18:44.129 DEBUG 7503 --- [    Test worker] o.apache.tomcat.util.digester.Digester   : [SetPropertiesRule]{mbeans-descriptors/mbean/attribute} Setting property 'name' to 'portOffset'
2019-12-06 11:18:44.129 DEBUG 7503 --- [    Test worker] o.apache.tomcat.util.IntrospectionUtils  : IntrospectionUtils: setProperty(class org.apache.tomcat.util.modeler.AttributeInfo name=portOffset)
2019-12-06 11:18:44.129 DEBUG 7503 --- [    Test worker] o.apache.tomcat.util.digester.Digester   : [SetPropertiesRule]{mbeans-descriptors/mbean/attribute} Setting property 'type' to 'int'
2019-12-06 11:18:44.129 DEBUG 7503 --- [    Test worker] o.apache.tomcat.util.IntrospectionUtils  : IntrospectionUtils: setProperty(class org.apache.tomcat.util.modeler.AttributeInfo type=int)
2019-12-06 11:18:44.129 DEBUG 7503 --- [    Test worker] o.apache.tomcat.util.digester.Digester   :   Fire begin() for SetNextRule[methodName=addAttribute, paramType=org.apache.tomcat.util.modeler.AttributeInfo]
2019-12-06 11:18:44.129 DEBUG 7503 --- [    Test worker] o.a.tomcat.util.digester.Digester.sax    : endElement(,,attribute)
2019-12-06 11:18:44.129 DEBUG 7503 --- [    Test worker] o.apache.tomcat.util.digester.Digester   :   match='mbeans-descriptors/mbean/attribute'
2019-12-06 11:18:44.129 DEBUG 7503 --- [    Test worker] o.apache.tomcat.util.digester.Digester   :   bodyText=''
2019-12-06 11:18:44.130 DEBUG 7503 --- [    Test worker] o.apache.tomcat.util.digester.Digester   :   Fire body() for ObjectCreateRule[className=org.apache.tomcat.util.modeler.AttributeInfo, attributeName=null]
2019-12-06 11:18:44.130 DEBUG 7503 --- [    Test worker] o.apache.tomcat.util.digester.Digester   :   Fire body() for SetPropertiesRule[]
2019-12-06 11:18:44.130 DEBUG 7503 --- [    Test worker] o.apache.tomcat.util.digester.Digester   :   Fire body() for SetNextRule[methodName=addAttribute, paramType=org.apache.tomcat.util.modeler.AttributeInfo]
2019-12-06 11:18:44.130 DEBUG 7503 --- [    Test worker] o.apache.tomcat.util.digester.Digester   :   Fire end() for SetNextRule[methodName=addAttribute, paramType=org.apache.tomcat.util.modeler.AttributeInfo]
2019-12-06 11:18:44.130 DEBUG 7503 --- [    Test worker] o.apache.tomcat.util.digester.Digester   : [SetNextRule]{mbeans-descriptors/mbean/attribute} Call org.apache.tomcat.util.modeler.ManagedBean.addAttribute(org.apache.tomcat.util.modeler.AttributeInfo@22994b8a)
2019-12-06 11:18:44.130 DEBUG 7503 --- [    Test worker] o.apache.tomcat.util.IntrospectionUtils  : IntrospectionUtils: callMethod1 org.apache.tomcat.util.modeler.ManagedBean org.apache.tomcat.util.modeler.AttributeInfo org.apache.tomcat.util.modeler.AttributeInfo
2019-12-06 11:18:44.130 DEBUG 7503 --- [    Test worker] o.apache.tomcat.util.digester.Digester   :   Fire end() for SetPropertiesRule[]
2019-12-06 11:18:44.130 DEBUG 7503 --- [    Test worker] o.apache.tomcat.util.digester.Digester   :   Fire end() for ObjectCreateRule[className=org.apache.tomcat.util.modeler.AttributeInfo, attributeName=null]
2019-12-06 11:18:44.130 DEBUG 7503 --- [    Test worker] o.apache.tomcat.util.digester.Digester   : [ObjectCreateRule]{mbeans-descriptors/mbean/attribute} Pop org.apache.tomcat.util.modeler.AttributeInfo
2019-12-06 11:18:44.131 DEBUG 7503 --- [    Test worker] o.a.tomcat.util.digester.Digester.sax    : characters(

    )
2019-12-06 11:18:44.131 DEBUG 7503 --- [    Test worker] o.a.tomcat.util.digester.Digester.sax    : startElement(,,attribute)
2019-12-06 11:18:44.131 DEBUG 7503 --- [    Test worker] o.apache.tomcat.util.digester.Digester   :   New match='mbeans-descriptors/mbean/attribute'
2019-12-06 11:18:44.131 DEBUG 7503 --- [    Test worker] o.apache.tomcat.util.digester.Digester   :   Fire begin() for ObjectCreateRule[className=org.apache.tomcat.util.modeler.AttributeInfo, attributeName=null]
2019-12-06 11:18:44.131 DEBUG 7503 --- [    Test worker] o.apache.tomcat.util.digester.Digester   :   Fire begin() for SetPropertiesRule[]
2019-12-06 11:18:44.131 DEBUG 7503 --- [    Test worker] o.apache.tomcat.util.digester.Digester   : [SetPropertiesRule]{mbeans-descriptors/mbean/attribute} Set org.apache.tomcat.util.modeler.AttributeInfo properties
2019-12-06 11:18:44.131 DEBUG 7503 --- [    Test worker] o.apache.tomcat.util.digester.Digester   : [SetPropertiesRule]{mbeans-descriptors/mbean/attribute} Setting property 'name' to 'portWithOffset'
2019-12-06 11:18:44.131 DEBUG 7503 --- [    Test worker] o.apache.tomcat.util.IntrospectionUtils  : IntrospectionUtils: setProperty(class org.apache.tomcat.util.modeler.AttributeInfo name=portWithOffset)
2019-12-06 11:18:44.131 DEBUG 7503 --- [    Test worker] o.apache.tomcat.util.digester.Digester   : [SetPropertiesRule]{mbeans-descriptors/mbean/attribute} Setting property 'type' to 'int'
2019-12-06 11:18:44.132 DEBUG 7503 --- [    Test worker] o.apache.tomcat.util.IntrospectionUtils  : IntrospectionUtils: setProperty(class org.apache.tomcat.util.modeler.AttributeInfo type=int)
2019-12-06 11:18:44.132 DEBUG 7503 --- [    Test worker] o.apache.tomcat.util.digester.Digester   : [SetPropertiesRule]{mbeans-descriptors/mbean/attribute} Setting property 'writeable' to 'false'
2019-12-06 11:18:44.132 DEBUG 7503 --- [    Test worker] o.apache.tomcat.util.IntrospectionUtils  : IntrospectionUtils: setProperty(class org.apache.tomcat.util.modeler.AttributeInfo writeable=false)
2019-12-06 11:18:44.132 DEBUG 7503 --- [    Test worker] o.apache.tomcat.util.digester.Digester   :   Fire begin() for SetNextRule[methodName=addAttribute, paramType=org.apache.tomcat.util.modeler.AttributeInfo]
2019-12-06 11:18:44.132 DEBUG 7503 --- [    Test worker] o.a.tomcat.util.digester.Digester.sax    : endElement(,,attribute)
2019-12-06 11:18:44.132 DEBUG 7503 --- [    Test worker] o.apache.tomcat.util.digester.Digester   :   match='mbeans-descriptors/mbean/attribute'
2019-12-06 11:18:44.132 DEBUG 7503 --- [    Test worker] o.apache.tomcat.util.digester.Digester   :   bodyText=''
2019-12-06 11:18:44.132 DEBUG 7503 --- [    Test worker] o.apache.tomcat.util.digester.Digester   :   Fire body() for ObjectCreateRule[className=org.apache.tomcat.util.modeler.AttributeInfo, attributeName=null]
2019-12-06 11:18:44.132 DEBUG 7503 --- [    Test worker] o.apache.tomcat.util.digester.Digester   :   Fire body() for SetPropertiesRule[]
2019-12-06 11:18:44.133 DEBUG 7503 --- [    Test worker] o.apache.tomcat.util.digester.Digester   :   Fire body() for SetNextRule[methodName=addAttribute, paramType=org.apache.tomcat.util.modeler.AttributeInfo]
2019-12-06 11:18:44.133 DEBUG 7503 --- [    Test worker] o.apache.tomcat.util.digester.Digester   :   Fire end() for SetNextRule[methodName=addAttribute, paramType=org.apache.tomcat.util.modeler.AttributeInfo]
2019-12-06 11:18:44.133 DEBUG 7503 --- [    Test worker] o.apache.tomcat.util.digester.Digester   : [SetNextRule]{mbeans-descriptors/mbean/attribute} Call org.apache.tomcat.util.modeler.ManagedBean.addAttribute(org.apache.tomcat.util.modeler.AttributeInfo@2a39c5e0)
2019-12-06 11:18:44.133 DEBUG 7503 --- [    Test worker] o.apache.tomcat.util.IntrospectionUtils  : IntrospectionUtils: callMethod1 org.apache.tomcat.util.modeler.ManagedBean org.apache.tomcat.util.modeler.AttributeInfo org.apache.tomcat.util.modeler.AttributeInfo
2019-12-06 11:18:44.133 DEBUG 7503 --- [    Test worker] o.apache.tomcat.util.digester.Digester   :   Fire end() for SetPropertiesRule[]
2019-12-06 11:18:44.133 DEBUG 7503 --- [    Test worker] o.apache.tomcat.util.digester.Digester   :   Fire end() for ObjectCreateRule[className=org.apache.tomcat.util.modeler.AttributeInfo, attributeName=null]
2019-12-06 11:18:44.133 DEBUG 7503 --- [    Test worker] o.apache.tomcat.util.digester.Digester   : [ObjectCreateRule]{mbeans-descriptors/mbean/attribute} Pop org.apache.tomcat.util.modeler.AttributeInfo
2019-12-06 11:18:44.133 DEBUG 7503 --- [    Test worker] o.a.tomcat.util.digester.Digester.sax    : characters(

    )
2019-12-06 11:18:44.133 DEBUG 7503 --- [    Test worker] o.a.tomcat.util.digester.Digester.sax    : startElement(,,attribute)
2019-12-06 11:18:44.134 DEBUG 7503 --- [    Test worker] o.apache.tomcat.util.digester.Digester   :   New match='mbeans-descriptors/mbean/attribute'
2019-12-06 11:18:44.134 DEBUG 7503 --- [    Test worker] o.apache.tomcat.util.digester.Digester   :   Fire begin() for ObjectCreateRule[className=org.apache.tomcat.util.modeler.AttributeInfo, attributeName=null]
2019-12-06 11:18:44.134 DEBUG 7503 --- [    Test worker] o.apache.tomcat.util.digester.Digester   :   Fire begin() for SetPropertiesRule[]
2019-12-06 11:18:44.134 DEBUG 7503 --- [    Test worker] o.apache.tomcat.util.digester.Digester   : [SetPropertiesRule]{mbeans-descriptors/mbean/attribute} Set org.apache.tomcat.util.modeler.AttributeInfo properties
2019-12-06 11:18:44.134 DEBUG 7503 --- [    Test worker] o.apache.tomcat.util.digester.Digester   : [SetPropertiesRule]{mbeans-descriptors/mbean/attribute} Setting property 'name' to 'running'
2019-12-06 11:18:44.134 DEBUG 7503 --- [    Test worker] o.apache.tomcat.util.IntrospectionUtils  : IntrospectionUtils: setProperty(class org.apache.tomcat.util.modeler.AttributeInfo name=running)
2019-12-06 11:18:44.134 DEBUG 7503 --- [    Test worker] o.apache.tomcat.util.digester.Digester   : [SetPropertiesRule]{mbeans-descriptors/mbean/attribute} Setting property 'type' to 'boolean'
2019-12-06 11:18:44.134 DEBUG 7503 --- [    Test worker] o.apache.tomcat.util.IntrospectionUtils  : IntrospectionUtils: setProperty(class org.apache.tomcat.util.modeler.AttributeInfo type=boolean)
2019-12-06 11:18:44.134 DEBUG 7503 --- [    Test worker] o.apache.tomcat.util.digester.Digester   : [SetPropertiesRule]{mbeans-descriptors/mbean/attribute} Setting property 'writeable' to 'false'
2019-12-06 11:18:44.135 DEBUG 7503 --- [    Test worker] o.apache.tomcat.util.IntrospectionUtils  : IntrospectionUtils: setProperty(class org.apache.tomcat.util.modeler.AttributeInfo writeable=false)
2019-12-06 11:18:44.135 DEBUG 7503 --- [    Test worker] o.apache.tomcat.util.digester.Digester   : [SetPropertiesRule]{mbeans-descriptors/mbean/attribute} Setting property 'is' to 'true'
2019-12-06 11:18:44.135 DEBUG 7503 --- [    Test worker] o.apache.tomcat.util.IntrospectionUtils  : IntrospectionUtils: setProperty(class org.apache.tomcat.util.modeler.AttributeInfo is=true)
2019-12-06 11:18:44.135 DEBUG 7503 --- [    Test worker] o.apache.tomcat.util.digester.Digester   :   Fire begin() for SetNextRule[methodName=addAttribute, paramType=org.apache.tomcat.util.modeler.AttributeInfo]
2019-12-06 11:18:44.135 DEBUG 7503 --- [    Test worker] o.a.tomcat.util.digester.Digester.sax    : endElement(,,attribute)
2019-12-06 11:18:44.135 DEBUG 7503 --- [    Test worker] o.apache.tomcat.util.digester.Digester   :   match='mbeans-descriptors/mbean/attribute'
2019-12-06 11:18:44.135 DEBUG 7503 --- [    Test worker] o.apache.tomcat.util.digester.Digester   :   bodyText=''
2019-12-06 11:18:44.135 DEBUG 7503 --- [    Test worker] o.apache.tomcat.util.digester.Digester   :   Fire body() for ObjectCreateRule[className=org.apache.tomcat.util.modeler.AttributeInfo, attributeName=null]
2019-12-06 11:18:44.135 DEBUG 7503 --- [    Test worker] o.apache.tomcat.util.digester.Digester   :   Fire body() for SetPropertiesRule[]
2019-12-06 11:18:44.136 DEBUG 7503 --- [    Test worker] o.apache.tomcat.util.digester.Digester   :   Fire body() for SetNextRule[methodName=addAttribute, paramType=org.apache.tomcat.util.modeler.AttributeInfo]
2019-12-06 11:18:44.136 DEBUG 7503 --- [    Test worker] o.apache.tomcat.util.digester.Digester   :   Fire end() for SetNextRule[methodName=addAttribute, paramType=org.apache.tomcat.util.modeler.AttributeInfo]
2019-12-06 11:18:44.136 DEBUG 7503 --- [    Test worker] o.apache.tomcat.util.digester.Digester   : [SetNextRule]{mbeans-descriptors/mbean/attribute} Call org.apache.tomcat.util.modeler.ManagedBean.addAttribute(org.apache.tomcat.util.modeler.AttributeInfo@5f2dc504)
2019-12-06 11:18:44.136 DEBUG 7503 --- [    Test worker] o.apache.tomcat.util.IntrospectionUtils  : IntrospectionUtils: callMethod1 org.apache.tomcat.util.modeler.ManagedBean org.apache.tomcat.util.modeler.AttributeInfo org.apache.tomcat.util.modeler.AttributeInfo
2019-12-06 11:18:44.136 DEBUG 7503 --- [    Test worker] o.apache.tomcat.util.digester.Digester   :   Fire end() for SetPropertiesRule[]
2019-12-06 11:18:44.136 DEBUG 7503 --- [    Test worker] o.apache.tomcat.util.digester.Digester   :   Fire end() for ObjectCreateRule[className=org.apache.tomcat.util.modeler.AttributeInfo, attributeName=null]
2019-12-06 11:18:44.136 DEBUG 7503 --- [    Test worker] o.apache.tomcat.util.digester.Digester   : [ObjectCreateRule]{mbeans-descriptors/mbean/attribute} Pop org.apache.tomcat.util.modeler.AttributeInfo
2019-12-06 11:18:44.136 DEBUG 7503 --- [    Test worker] o.a.tomcat.util.digester.Digester.sax    : characters(

    )
2019-12-06 11:18:44.136 DEBUG 7503 --- [    Test worker] o.a.tomcat.util.digester.Digester.sax    : startElement(,,attribute)
2019-12-06 11:18:44.136 DEBUG 7503 --- [    Test worker] o.apache.tomcat.util.digester.Digester   :   New match='mbeans-descriptors/mbean/attribute'
2019-12-06 11:18:44.137 DEBUG 7503 --- [    Test worker] o.apache.tomcat.util.digester.Digester   :   Fire begin() for ObjectCreateRule[className=org.apache.tomcat.util.modeler.AttributeInfo, attributeName=null]
2019-12-06 11:18:44.137 DEBUG 7503 --- [    Test worker] o.apache.tomcat.util.digester.Digester   :   Fire begin() for SetPropertiesRule[]
2019-12-06 11:18:44.137 DEBUG 7503 --- [    Test worker] o.apache.tomcat.util.digester.Digester   : [SetPropertiesRule]{mbeans-descriptors/mbean/attribute} Set org.apache.tomcat.util.modeler.AttributeInfo properties
2019-12-06 11:18:44.137 DEBUG 7503 --- [    Test worker] o.apache.tomcat.util.digester.Digester   : [SetPropertiesRule]{mbeans-descriptors/mbean/attribute} Setting property 'name' to 'sSLEnabled'
2019-12-06 11:18:44.137 DEBUG 7503 --- [    Test worker] o.apache.tomcat.util.IntrospectionUtils  : IntrospectionUtils: setProperty(class org.apache.tomcat.util.modeler.AttributeInfo name=sSLEnabled)
2019-12-06 11:18:44.137 DEBUG 7503 --- [    Test worker] o.apache.tomcat.util.digester.Digester   : [SetPropertiesRule]{mbeans-descriptors/mbean/attribute} Setting property 'type' to 'boolean'
2019-12-06 11:18:44.137 DEBUG 7503 --- [    Test worker] o.apache.tomcat.util.IntrospectionUtils  : IntrospectionUtils: setProperty(class org.apache.tomcat.util.modeler.AttributeInfo type=boolean)
2019-12-06 11:18:44.137 DEBUG 7503 --- [    Test worker] o.apache.tomcat.util.digester.Digester   : [SetPropertiesRule]{mbeans-descriptors/mbean/attribute} Setting property 'is' to 'true'
2019-12-06 11:18:44.137 DEBUG 7503 --- [    Test worker] o.apache.tomcat.util.IntrospectionUtils  : IntrospectionUtils: setProperty(class org.apache.tomcat.util.modeler.AttributeInfo is=true)
2019-12-06 11:18:44.138 DEBUG 7503 --- [    Test worker] o.apache.tomcat.util.digester.Digester   :   Fire begin() for SetNextRule[methodName=addAttribute, paramType=org.apache.tomcat.util.modeler.AttributeInfo]
2019-12-06 11:18:44.138 DEBUG 7503 --- [    Test worker] o.a.tomcat.util.digester.Digester.sax    : endElement(,,attribute)
2019-12-06 11:18:44.138 DEBUG 7503 --- [    Test worker] o.apache.tomcat.util.digester.Digester   :   match='mbeans-descriptors/mbean/attribute'
2019-12-06 11:18:44.138 DEBUG 7503 --- [    Test worker] o.apache.tomcat.util.digester.Digester   :   bodyText=''
2019-12-06 11:18:44.138 DEBUG 7503 --- [    Test worker] o.apache.tomcat.util.digester.Digester   :   Fire body() for ObjectCreateRule[className=org.apache.tomcat.util.modeler.AttributeInfo, attributeName=null]
2019-12-06 11:18:44.138 DEBUG 7503 --- [    Test worker] o.apache.tomcat.util.digester.Digester   :   Fire body() for SetPropertiesRule[]
2019-12-06 11:18:44.138 DEBUG 7503 --- [    Test worker] o.apache.tomcat.util.digester.Digester   :   Fire body() for SetNextRule[methodName=addAttribute, paramType=org.apache.tomcat.util.modeler.AttributeInfo]
2019-12-06 11:18:44.138 DEBUG 7503 --- [    Test worker] o.apache.tomcat.util.digester.Digester   :   Fire end() for SetNextRule[methodName=addAttribute, paramType=org.apache.tomcat.util.modeler.AttributeInfo]
2019-12-06 11:18:44.138 DEBUG 7503 --- [    Test worker] o.apache.tomcat.util.digester.Digester   : [SetNextRule]{mbeans-descriptors/mbean/attribute} Call org.apache.tomcat.util.modeler.ManagedBean.addAttribute(org.apache.tomcat.util.modeler.AttributeInfo@140494ac)
2019-12-06 11:18:44.139 DEBUG 7503 --- [    Test worker] o.apache.tomcat.util.IntrospectionUtils  : IntrospectionUtils: callMethod1 org.apache.tomcat.util.modeler.ManagedBean org.apache.tomcat.util.modeler.AttributeInfo org.apache.tomcat.util.modeler.AttributeInfo
2019-12-06 11:18:44.139 DEBUG 7503 --- [    Test worker] o.apache.tomcat.util.digester.Digester   :   Fire end() for SetPropertiesRule[]
2019-12-06 11:18:44.139 DEBUG 7503 --- [    Test worker] o.apache.tomcat.util.digester.Digester   :   Fire end() for ObjectCreateRule[className=org.apache.tomcat.util.modeler.AttributeInfo, attributeName=null]
2019-12-06 11:18:44.139 DEBUG 7503 --- [    Test worker] o.apache.tomcat.util.digester.Digester   : [ObjectCreateRule]{mbeans-descriptors/mbean/attribute} Pop org.apache.tomcat.util.modeler.AttributeInfo
2019-12-06 11:18:44.139 DEBUG 7503 --- [    Test worker] o.a.tomcat.util.digester.Digester.sax    : characters(

    )
2019-12-06 11:18:44.139 DEBUG 7503 --- [    Test worker] o.a.tomcat.util.digester.Digester.sax    : startElement(,,attribute)
2019-12-06 11:18:44.139 DEBUG 7503 --- [    Test worker] o.apache.tomcat.util.digester.Digester   :   New match='mbeans-descriptors/mbean/attribute'
2019-12-06 11:18:44.139 DEBUG 7503 --- [    Test worker] o.apache.tomcat.util.digester.Digester   :   Fire begin() for ObjectCreateRule[className=org.apache.tomcat.util.modeler.AttributeInfo, attributeName=null]
2019-12-06 11:18:44.139 DEBUG 7503 --- [    Test worker] o.apache.tomcat.util.digester.Digester   :   Fire begin() for SetPropertiesRule[]
2019-12-06 11:18:44.140 DEBUG 7503 --- [    Test worker] o.apache.tomcat.util.digester.Digester   : [SetPropertiesRule]{mbeans-descriptors/mbean/attribute} Set org.apache.tomcat.util.modeler.AttributeInfo properties
2019-12-06 11:18:44.140 DEBUG 7503 --- [    Test worker] o.apache.tomcat.util.digester.Digester   : [SetPropertiesRule]{mbeans-descriptors/mbean/attribute} Setting property 'name' to 'sendfileCount'
2019-12-06 11:18:44.140 DEBUG 7503 --- [    Test worker] o.apache.tomcat.util.IntrospectionUtils  : IntrospectionUtils: setProperty(class org.apache.tomcat.util.modeler.AttributeInfo name=sendfileCount)
2019-12-06 11:18:44.140 DEBUG 7503 --- [    Test worker] o.apache.tomcat.util.digester.Digester   : [SetPropertiesRule]{mbeans-descriptors/mbean/attribute} Setting property 'type' to 'int'
2019-12-06 11:18:44.140 DEBUG 7503 --- [    Test worker] o.apache.tomcat.util.IntrospectionUtils  : IntrospectionUtils: setProperty(class org.apache.tomcat.util.modeler.AttributeInfo type=int)
2019-12-06 11:18:44.140 DEBUG 7503 --- [    Test worker] o.apache.tomcat.util.digester.Digester   : [SetPropertiesRule]{mbeans-descriptors/mbean/attribute} Setting property 'writeable' to 'false'
2019-12-06 11:18:44.140 DEBUG 7503 --- [    Test worker] o.apache.tomcat.util.IntrospectionUtils  : IntrospectionUtils: setProperty(class org.apache.tomcat.util.modeler.AttributeInfo writeable=false)
2019-12-06 11:18:44.140 DEBUG 7503 --- [    Test worker] o.apache.tomcat.util.digester.Digester   :   Fire begin() for SetNextRule[methodName=addAttribute, paramType=org.apache.tomcat.util.modeler.AttributeInfo]
2019-12-06 11:18:44.140 DEBUG 7503 --- [    Test worker] o.a.tomcat.util.digester.Digester.sax    : endElement(,,attribute)
2019-12-06 11:18:44.141 DEBUG 7503 --- [    Test worker] o.apache.tomcat.util.digester.Digester   :   match='mbeans-descriptors/mbean/attribute'
2019-12-06 11:18:44.141 DEBUG 7503 --- [    Test worker] o.apache.tomcat.util.digester.Digester   :   bodyText=''
2019-12-06 11:18:44.141 DEBUG 7503 --- [    Test worker] o.apache.tomcat.util.digester.Digester   :   Fire body() for ObjectCreateRule[className=org.apache.tomcat.util.modeler.AttributeInfo, attributeName=null]
2019-12-06 11:18:44.141 DEBUG 7503 --- [    Test worker] o.apache.tomcat.util.digester.Digester   :   Fire body() for SetPropertiesRule[]
2019-12-06 11:18:44.141 DEBUG 7503 --- [    Test worker] o.apache.tomcat.util.digester.Digester   :   Fire body() for SetNextRule[methodName=addAttribute, paramType=org.apache.tomcat.util.modeler.AttributeInfo]
2019-12-06 11:18:44.141 DEBUG 7503 --- [    Test worker] o.apache.tomcat.util.digester.Digester   :   Fire end() for SetNextRule[methodName=addAttribute, paramType=org.apache.tomcat.util.modeler.AttributeInfo]
2019-12-06 11:18:44.141 DEBUG 7503 --- [    Test worker] o.apache.tomcat.util.digester.Digester   : [SetNextRule]{mbeans-descriptors/mbean/attribute} Call org.apache.tomcat.util.modeler.ManagedBean.addAttribute(org.apache.tomcat.util.modeler.AttributeInfo@7ca958bd)
2019-12-06 11:18:44.141 DEBUG 7503 --- [    Test worker] o.apache.tomcat.util.IntrospectionUtils  : IntrospectionUtils: callMethod1 org.apache.tomcat.util.modeler.ManagedBean org.apache.tomcat.util.modeler.AttributeInfo org.apache.tomcat.util.modeler.AttributeInfo
2019-12-06 11:18:44.141 DEBUG 7503 --- [    Test worker] o.apache.tomcat.util.digester.Digester   :   Fire end() for SetPropertiesRule[]
2019-12-06 11:18:44.142 DEBUG 7503 --- [    Test worker] o.apache.tomcat.util.digester.Digester   :   Fire end() for ObjectCreateRule[className=org.apache.tomcat.util.modeler.AttributeInfo, attributeName=null]
2019-12-06 11:18:44.142 DEBUG 7503 --- [    Test worker] o.apache.tomcat.util.digester.Digester   : [ObjectCreateRule]{mbeans-descriptors/mbean/attribute} Pop org.apache.tomcat.util.modeler.AttributeInfo
2019-12-06 11:18:44.142 DEBUG 7503 --- [    Test worker] o.a.tomcat.util.digester.Digester.sax    : characters(

    )
2019-12-06 11:18:44.142 DEBUG 7503 --- [    Test worker] o.a.tomcat.util.digester.Digester.sax    : startElement(,,attribute)
2019-12-06 11:18:44.142 DEBUG 7503 --- [    Test worker] o.apache.tomcat.util.digester.Digester   :   New match='mbeans-descriptors/mbean/attribute'
2019-12-06 11:18:44.142 DEBUG 7503 --- [    Test worker] o.apache.tomcat.util.digester.Digester   :   Fire begin() for ObjectCreateRule[className=org.apache.tomcat.util.modeler.AttributeInfo, attributeName=null]
2019-12-06 11:18:44.142 DEBUG 7503 --- [    Test worker] o.apache.tomcat.util.digester.Digester   :   Fire begin() for SetPropertiesRule[]
2019-12-06 11:18:44.142 DEBUG 7503 --- [    Test worker] o.apache.tomcat.util.digester.Digester   : [SetPropertiesRule]{mbeans-descriptors/mbean/attribute} Set org.apache.tomcat.util.modeler.AttributeInfo properties
2019-12-06 11:18:44.142 DEBUG 7503 --- [    Test worker] o.apache.tomcat.util.digester.Digester   : [SetPropertiesRule]{mbeans-descriptors/mbean/attribute} Setting property 'name' to 'sendfileSize'
2019-12-06 11:18:44.143 DEBUG 7503 --- [    Test worker] o.apache.tomcat.util.IntrospectionUtils  : IntrospectionUtils: setProperty(class org.apache.tomcat.util.modeler.AttributeInfo name=sendfileSize)
2019-12-06 11:18:44.143 DEBUG 7503 --- [    Test worker] o.apache.tomcat.util.digester.Digester   : [SetPropertiesRule]{mbeans-descriptors/mbean/attribute} Setting property 'type' to 'int'
2019-12-06 11:18:44.143 DEBUG 7503 --- [    Test worker] o.apache.tomcat.util.IntrospectionUtils  : IntrospectionUtils: setProperty(class org.apache.tomcat.util.modeler.AttributeInfo type=int)
2019-12-06 11:18:44.143 DEBUG 7503 --- [    Test worker] o.apache.tomcat.util.digester.Digester   :   Fire begin() for SetNextRule[methodName=addAttribute, paramType=org.apache.tomcat.util.modeler.AttributeInfo]
2019-12-06 11:18:44.143 DEBUG 7503 --- [    Test worker] o.a.tomcat.util.digester.Digester.sax    : endElement(,,attribute)
2019-12-06 11:18:44.143 DEBUG 7503 --- [    Test worker] o.apache.tomcat.util.digester.Digester   :   match='mbeans-descriptors/mbean/attribute'
2019-12-06 11:18:44.143 DEBUG 7503 --- [    Test worker] o.apache.tomcat.util.digester.Digester   :   bodyText=''
2019-12-06 11:18:44.143 DEBUG 7503 --- [    Test worker] o.apache.tomcat.util.digester.Digester   :   Fire body() for ObjectCreateRule[className=org.apache.tomcat.util.modeler.AttributeInfo, attributeName=null]
2019-12-06 11:18:44.144 DEBUG 7503 --- [    Test worker] o.apache.tomcat.util.digester.Digester   :   Fire body() for SetPropertiesRule[]
2019-12-06 11:18:44.144 DEBUG 7503 --- [    Test worker] o.apache.tomcat.util.digester.Digester   :   Fire body() for SetNextRule[methodName=addAttribute, paramType=org.apache.tomcat.util.modeler.AttributeInfo]
2019-12-06 11:18:44.144 DEBUG 7503 --- [    Test worker] o.apache.tomcat.util.digester.Digester   :   Fire end() for SetNextRule[methodName=addAttribute, paramType=org.apache.tomcat.util.modeler.AttributeInfo]
2019-12-06 11:18:44.144 DEBUG 7503 --- [    Test worker] o.apache.tomcat.util.digester.Digester   : [SetNextRule]{mbeans-descriptors/mbean/attribute} Call org.apache.tomcat.util.modeler.ManagedBean.addAttribute(org.apache.tomcat.util.modeler.AttributeInfo@18db940d)
2019-12-06 11:18:44.144 DEBUG 7503 --- [    Test worker] o.apache.tomcat.util.IntrospectionUtils  : IntrospectionUtils: callMethod1 org.apache.tomcat.util.modeler.ManagedBean org.apache.tomcat.util.modeler.AttributeInfo org.apache.tomcat.util.modeler.AttributeInfo
2019-12-06 11:18:44.144 DEBUG 7503 --- [    Test worker] o.apache.tomcat.util.digester.Digester   :   Fire end() for SetPropertiesRule[]
2019-12-06 11:18:44.144 DEBUG 7503 --- [    Test worker] o.apache.tomcat.util.digester.Digester   :   Fire end() for ObjectCreateRule[className=org.apache.tomcat.util.modeler.AttributeInfo, attributeName=null]
2019-12-06 11:18:44.144 DEBUG 7503 --- [    Test worker] o.apache.tomcat.util.digester.Digester   : [ObjectCreateRule]{mbeans-descriptors/mbean/attribute} Pop org.apache.tomcat.util.modeler.AttributeInfo
2019-12-06 11:18:44.144 DEBUG 7503 --- [    Test worker] o.a.tomcat.util.digester.Digester.sax    : characters(

    )
2019-12-06 11:18:44.145 DEBUG 7503 --- [    Test worker] o.a.tomcat.util.digester.Digester.sax    : startElement(,,attribute)
2019-12-06 11:18:44.145 DEBUG 7503 --- [    Test worker] o.apache.tomcat.util.digester.Digester   :   New match='mbeans-descriptors/mbean/attribute'
2019-12-06 11:18:44.145 DEBUG 7503 --- [    Test worker] o.apache.tomcat.util.digester.Digester   :   Fire begin() for ObjectCreateRule[className=org.apache.tomcat.util.modeler.AttributeInfo, attributeName=null]
2019-12-06 11:18:44.145 DEBUG 7503 --- [    Test worker] o.apache.tomcat.util.digester.Digester   :   Fire begin() for SetPropertiesRule[]
2019-12-06 11:18:44.145 DEBUG 7503 --- [    Test worker] o.apache.tomcat.util.digester.Digester   : [SetPropertiesRule]{mbeans-descriptors/mbean/attribute} Set org.apache.tomcat.util.modeler.AttributeInfo properties
2019-12-06 11:18:44.145 DEBUG 7503 --- [    Test worker] o.apache.tomcat.util.digester.Digester   : [SetPropertiesRule]{mbeans-descriptors/mbean/attribute} Setting property 'name' to 'tcpNoDelay'
2019-12-06 11:18:44.145 DEBUG 7503 --- [    Test worker] o.apache.tomcat.util.IntrospectionUtils  : IntrospectionUtils: setProperty(class org.apache.tomcat.util.modeler.AttributeInfo name=tcpNoDelay)
2019-12-06 11:18:44.145 DEBUG 7503 --- [    Test worker] o.apache.tomcat.util.digester.Digester   : [SetPropertiesRule]{mbeans-descriptors/mbean/attribute} Setting property 'type' to 'boolean'
2019-12-06 11:18:44.145 DEBUG 7503 --- [    Test worker] o.apache.tomcat.util.IntrospectionUtils  : IntrospectionUtils: setProperty(class org.apache.tomcat.util.modeler.AttributeInfo type=boolean)
2019-12-06 11:18:44.146 DEBUG 7503 --- [    Test worker] o.apache.tomcat.util.digester.Digester   :   Fire begin() for SetNextRule[methodName=addAttribute, paramType=org.apache.tomcat.util.modeler.AttributeInfo]
2019-12-06 11:18:44.146 DEBUG 7503 --- [    Test worker] o.a.tomcat.util.digester.Digester.sax    : endElement(,,attribute)
2019-12-06 11:18:44.146 DEBUG 7503 --- [    Test worker] o.apache.tomcat.util.digester.Digester   :   match='mbeans-descriptors/mbean/attribute'
2019-12-06 11:18:44.146 DEBUG 7503 --- [    Test worker] o.apache.tomcat.util.digester.Digester   :   bodyText=''
2019-12-06 11:18:44.146 DEBUG 7503 --- [    Test worker] o.apache.tomcat.util.digester.Digester   :   Fire body() for ObjectCreateRule[className=org.apache.tomcat.util.modeler.AttributeInfo, attributeName=null]
2019-12-06 11:18:44.146 DEBUG 7503 --- [    Test worker] o.apache.tomcat.util.digester.Digester   :   Fire body() for SetPropertiesRule[]
2019-12-06 11:18:44.146 DEBUG 7503 --- [    Test worker] o.apache.tomcat.util.digester.Digester   :   Fire body() for SetNextRule[methodName=addAttribute, paramType=org.apache.tomcat.util.modeler.AttributeInfo]
2019-12-06 11:18:44.146 DEBUG 7503 --- [    Test worker] o.apache.tomcat.util.digester.Digester   :   Fire end() for SetNextRule[methodName=addAttribute, paramType=org.apache.tomcat.util.modeler.AttributeInfo]
2019-12-06 11:18:44.147 DEBUG 7503 --- [    Test worker] o.apache.tomcat.util.digester.Digester   : [SetNextRule]{mbeans-descriptors/mbean/attribute} Call org.apache.tomcat.util.modeler.ManagedBean.addAttribute(org.apache.tomcat.util.modeler.AttributeInfo@29ef67f7)
2019-12-06 11:18:44.147 DEBUG 7503 --- [    Test worker] o.apache.tomcat.util.IntrospectionUtils  : IntrospectionUtils: callMethod1 org.apache.tomcat.util.modeler.ManagedBean org.apache.tomcat.util.modeler.AttributeInfo org.apache.tomcat.util.modeler.AttributeInfo
2019-12-06 11:18:44.147 DEBUG 7503 --- [    Test worker] o.apache.tomcat.util.digester.Digester   :   Fire end() for SetPropertiesRule[]
2019-12-06 11:18:44.147 DEBUG 7503 --- [    Test worker] o.apache.tomcat.util.digester.Digester   :   Fire end() for ObjectCreateRule[className=org.apache.tomcat.util.modeler.AttributeInfo, attributeName=null]
2019-12-06 11:18:44.147 DEBUG 7503 --- [    Test worker] o.apache.tomcat.util.digester.Digester   : [ObjectCreateRule]{mbeans-descriptors/mbean/attribute} Pop org.apache.tomcat.util.modeler.AttributeInfo
2019-12-06 11:18:44.147 DEBUG 7503 --- [    Test worker] o.a.tomcat.util.digester.Digester.sax    : characters(

    )
2019-12-06 11:18:44.147 DEBUG 7503 --- [    Test worker] o.a.tomcat.util.digester.Digester.sax    : startElement(,,attribute)
2019-12-06 11:18:44.147 DEBUG 7503 --- [    Test worker] o.apache.tomcat.util.digester.Digester   :   New match='mbeans-descriptors/mbean/attribute'
2019-12-06 11:18:44.147 DEBUG 7503 --- [    Test worker] o.apache.tomcat.util.digester.Digester   :   Fire begin() for ObjectCreateRule[className=org.apache.tomcat.util.modeler.AttributeInfo, attributeName=null]
2019-12-06 11:18:44.148 DEBUG 7503 --- [    Test worker] o.apache.tomcat.util.digester.Digester   :   Fire begin() for SetPropertiesRule[]
2019-12-06 11:18:44.148 DEBUG 7503 --- [    Test worker] o.apache.tomcat.util.digester.Digester   : [SetPropertiesRule]{mbeans-descriptors/mbean/attribute} Set org.apache.tomcat.util.modeler.AttributeInfo properties
2019-12-06 11:18:44.148 DEBUG 7503 --- [    Test worker] o.apache.tomcat.util.digester.Digester   : [SetPropertiesRule]{mbeans-descriptors/mbean/attribute} Setting property 'name' to 'threadPriority'
2019-12-06 11:18:44.148 DEBUG 7503 --- [    Test worker] o.apache.tomcat.util.IntrospectionUtils  : IntrospectionUtils: setProperty(class org.apache.tomcat.util.modeler.AttributeInfo name=threadPriority)
2019-12-06 11:18:44.148 DEBUG 7503 --- [    Test worker] o.apache.tomcat.util.digester.Digester   : [SetPropertiesRule]{mbeans-descriptors/mbean/attribute} Setting property 'type' to 'int'
2019-12-06 11:18:44.148 DEBUG 7503 --- [    Test worker] o.apache.tomcat.util.IntrospectionUtils  : IntrospectionUtils: setProperty(class org.apache.tomcat.util.modeler.AttributeInfo type=int)
2019-12-06 11:18:44.148 DEBUG 7503 --- [    Test worker] o.apache.tomcat.util.digester.Digester   :   Fire begin() for SetNextRule[methodName=addAttribute, paramType=org.apache.tomcat.util.modeler.AttributeInfo]
2019-12-06 11:18:44.148 DEBUG 7503 --- [    Test worker] o.a.tomcat.util.digester.Digester.sax    : endElement(,,attribute)
2019-12-06 11:18:44.148 DEBUG 7503 --- [    Test worker] o.apache.tomcat.util.digester.Digester   :   match='mbeans-descriptors/mbean/attribute'
2019-12-06 11:18:44.149 DEBUG 7503 --- [    Test worker] o.apache.tomcat.util.digester.Digester   :   bodyText=''
2019-12-06 11:18:44.149 DEBUG 7503 --- [    Test worker] o.apache.tomcat.util.digester.Digester   :   Fire body() for ObjectCreateRule[className=org.apache.tomcat.util.modeler.AttributeInfo, attributeName=null]
2019-12-06 11:18:44.149 DEBUG 7503 --- [    Test worker] o.apache.tomcat.util.digester.Digester   :   Fire body() for SetPropertiesRule[]
2019-12-06 11:18:44.149 DEBUG 7503 --- [    Test worker] o.apache.tomcat.util.digester.Digester   :   Fire body() for SetNextRule[methodName=addAttribute, paramType=org.apache.tomcat.util.modeler.AttributeInfo]
2019-12-06 11:18:44.149 DEBUG 7503 --- [    Test worker] o.apache.tomcat.util.digester.Digester   :   Fire end() for SetNextRule[methodName=addAttribute, paramType=org.apache.tomcat.util.modeler.AttributeInfo]
2019-12-06 11:18:44.149 DEBUG 7503 --- [    Test worker] o.apache.tomcat.util.digester.Digester   : [SetNextRule]{mbeans-descriptors/mbean/attribute} Call org.apache.tomcat.util.modeler.ManagedBean.addAttribute(org.apache.tomcat.util.modeler.AttributeInfo@19fe2792)
2019-12-06 11:18:44.149 DEBUG 7503 --- [    Test worker] o.apache.tomcat.util.IntrospectionUtils  : IntrospectionUtils: callMethod1 org.apache.tomcat.util.modeler.ManagedBean org.apache.tomcat.util.modeler.AttributeInfo org.apache.tomcat.util.modeler.AttributeInfo
2019-12-06 11:18:44.149 DEBUG 7503 --- [    Test worker] o.apache.tomcat.util.digester.Digester   :   Fire end() for SetPropertiesRule[]
2019-12-06 11:18:44.150 DEBUG 7503 --- [    Test worker] o.apache.tomcat.util.digester.Digester   :   Fire end() for ObjectCreateRule[className=org.apache.tomcat.util.modeler.AttributeInfo, attributeName=null]
2019-12-06 11:18:44.150 DEBUG 7503 --- [    Test worker] o.apache.tomcat.util.digester.Digester   : [ObjectCreateRule]{mbeans-descriptors/mbean/attribute} Pop org.apache.tomcat.util.modeler.AttributeInfo
2019-12-06 11:18:44.150 DEBUG 7503 --- [    Test worker] o.a.tomcat.util.digester.Digester.sax    : characters(

    )
2019-12-06 11:18:44.150 DEBUG 7503 --- [    Test worker] o.a.tomcat.util.digester.Digester.sax    : startElement(,,attribute)
2019-12-06 11:18:44.150 DEBUG 7503 --- [    Test worker] o.apache.tomcat.util.digester.Digester   :   New match='mbeans-descriptors/mbean/attribute'
2019-12-06 11:18:44.150 DEBUG 7503 --- [    Test worker] o.apache.tomcat.util.digester.Digester   :   Fire begin() for ObjectCreateRule[className=org.apache.tomcat.util.modeler.AttributeInfo, attributeName=null]
2019-12-06 11:18:44.150 DEBUG 7503 --- [    Test worker] o.apache.tomcat.util.digester.Digester   :   Fire begin() for SetPropertiesRule[]
2019-12-06 11:18:44.150 DEBUG 7503 --- [    Test worker] o.apache.tomcat.util.digester.Digester   : [SetPropertiesRule]{mbeans-descriptors/mbean/attribute} Set org.apache.tomcat.util.modeler.AttributeInfo properties
2019-12-06 11:18:44.151 DEBUG 7503 --- [    Test worker] o.apache.tomcat.util.digester.Digester   : [SetPropertiesRule]{mbeans-descriptors/mbean/attribute} Setting property 'name' to 'useSendfile'
2019-12-06 11:18:44.151 DEBUG 7503 --- [    Test worker] o.apache.tomcat.util.IntrospectionUtils  : IntrospectionUtils: setProperty(class org.apache.tomcat.util.modeler.AttributeInfo name=useSendfile)
2019-12-06 11:18:44.151 DEBUG 7503 --- [    Test worker] o.apache.tomcat.util.digester.Digester   : [SetPropertiesRule]{mbeans-descriptors/mbean/attribute} Setting property 'type' to 'boolean'
2019-12-06 11:18:44.151 DEBUG 7503 --- [    Test worker] o.apache.tomcat.util.IntrospectionUtils  : IntrospectionUtils: setProperty(class org.apache.tomcat.util.modeler.AttributeInfo type=boolean)
2019-12-06 11:18:44.151 DEBUG 7503 --- [    Test worker] o.apache.tomcat.util.digester.Digester   :   Fire begin() for SetNextRule[methodName=addAttribute, paramType=org.apache.tomcat.util.modeler.AttributeInfo]
2019-12-06 11:18:44.151 DEBUG 7503 --- [    Test worker] o.a.tomcat.util.digester.Digester.sax    : endElement(,,attribute)
2019-12-06 11:18:44.151 DEBUG 7503 --- [    Test worker] o.apache.tomcat.util.digester.Digester   :   match='mbeans-descriptors/mbean/attribute'
2019-12-06 11:18:44.151 DEBUG 7503 --- [    Test worker] o.apache.tomcat.util.digester.Digester   :   bodyText=''
2019-12-06 11:18:44.151 DEBUG 7503 --- [    Test worker] o.apache.tomcat.util.digester.Digester   :   Fire body() for ObjectCreateRule[className=org.apache.tomcat.util.modeler.AttributeInfo, attributeName=null]
2019-12-06 11:18:44.152 DEBUG 7503 --- [    Test worker] o.apache.tomcat.util.digester.Digester   :   Fire body() for SetPropertiesRule[]
2019-12-06 11:18:44.152 DEBUG 7503 --- [    Test worker] o.apache.tomcat.util.digester.Digester   :   Fire body() for SetNextRule[methodName=addAttribute, paramType=org.apache.tomcat.util.modeler.AttributeInfo]
2019-12-06 11:18:44.152 DEBUG 7503 --- [    Test worker] o.apache.tomcat.util.digester.Digester   :   Fire end() for SetNextRule[methodName=addAttribute, paramType=org.apache.tomcat.util.modeler.AttributeInfo]
2019-12-06 11:18:44.152 DEBUG 7503 --- [    Test worker] o.apache.tomcat.util.digester.Digester   : [SetNextRule]{mbeans-descriptors/mbean/attribute} Call org.apache.tomcat.util.modeler.ManagedBean.addAttribute(org.apache.tomcat.util.modeler.AttributeInfo@2f24f8a0)
2019-12-06 11:18:44.152 DEBUG 7503 --- [    Test worker] o.apache.tomcat.util.IntrospectionUtils  : IntrospectionUtils: callMethod1 org.apache.tomcat.util.modeler.ManagedBean org.apache.tomcat.util.modeler.AttributeInfo org.apache.tomcat.util.modeler.AttributeInfo
2019-12-06 11:18:44.152 DEBUG 7503 --- [    Test worker] o.apache.tomcat.util.digester.Digester   :   Fire end() for SetPropertiesRule[]
2019-12-06 11:18:44.152 DEBUG 7503 --- [    Test worker] o.apache.tomcat.util.digester.Digester   :   Fire end() for ObjectCreateRule[className=org.apache.tomcat.util.modeler.AttributeInfo, attributeName=null]
2019-12-06 11:18:44.152 DEBUG 7503 --- [    Test worker] o.apache.tomcat.util.digester.Digester   : [ObjectCreateRule]{mbeans-descriptors/mbean/attribute} Pop org.apache.tomcat.util.modeler.AttributeInfo
2019-12-06 11:18:44.153 DEBUG 7503 --- [    Test worker] o.a.tomcat.util.digester.Digester.sax    : characters(

    )
2019-12-06 11:18:44.153 DEBUG 7503 --- [    Test worker] o.a.tomcat.util.digester.Digester.sax    : startElement(,,operation)
2019-12-06 11:18:44.153 DEBUG 7503 --- [    Test worker] o.apache.tomcat.util.digester.Digester   :   New match='mbeans-descriptors/mbean/operation'
2019-12-06 11:18:44.153 DEBUG 7503 --- [    Test worker] o.apache.tomcat.util.digester.Digester   :   Fire begin() for ObjectCreateRule[className=org.apache.tomcat.util.modeler.OperationInfo, attributeName=null]
2019-12-06 11:18:44.153 DEBUG 7503 --- [    Test worker] o.apache.tomcat.util.digester.Digester   :   Fire begin() for SetPropertiesRule[]
2019-12-06 11:18:44.153 DEBUG 7503 --- [    Test worker] o.apache.tomcat.util.digester.Digester   : [SetPropertiesRule]{mbeans-descriptors/mbean/operation} Set org.apache.tomcat.util.modeler.OperationInfo properties
2019-12-06 11:18:44.153 DEBUG 7503 --- [    Test worker] o.apache.tomcat.util.digester.Digester   : [SetPropertiesRule]{mbeans-descriptors/mbean/operation} Setting property 'name' to 'addNegotiatedProtocol'
2019-12-06 11:18:44.153 DEBUG 7503 --- [    Test worker] o.apache.tomcat.util.IntrospectionUtils  : IntrospectionUtils: setProperty(class org.apache.tomcat.util.modeler.OperationInfo name=addNegotiatedProtocol)
2019-12-06 11:18:44.153 DEBUG 7503 --- [    Test worker] o.apache.tomcat.util.digester.Digester   : [SetPropertiesRule]{mbeans-descriptors/mbean/operation} Setting property 'returnType' to 'void'
2019-12-06 11:18:44.154 DEBUG 7503 --- [    Test worker] o.apache.tomcat.util.IntrospectionUtils  : IntrospectionUtils: setProperty(class org.apache.tomcat.util.modeler.OperationInfo returnType=void)
2019-12-06 11:18:44.154 DEBUG 7503 --- [    Test worker] o.apache.tomcat.util.digester.Digester   :   Fire begin() for SetNextRule[methodName=addOperation, paramType=org.apache.tomcat.util.modeler.OperationInfo]
2019-12-06 11:18:44.154 DEBUG 7503 --- [    Test worker] o.a.tomcat.util.digester.Digester.sax    : characters(
      )
2019-12-06 11:18:44.154 DEBUG 7503 --- [    Test worker] o.a.tomcat.util.digester.Digester.sax    : startElement(,,parameter)
2019-12-06 11:18:44.154 DEBUG 7503 --- [    Test worker] o.apache.tomcat.util.digester.Digester   :   New match='mbeans-descriptors/mbean/operation/parameter'
2019-12-06 11:18:44.154 DEBUG 7503 --- [    Test worker] o.apache.tomcat.util.digester.Digester   :   Fire begin() for ObjectCreateRule[className=org.apache.tomcat.util.modeler.ParameterInfo, attributeName=null]
2019-12-06 11:18:44.154 DEBUG 7503 --- [    Test worker] o.apache.tomcat.util.digester.Digester   :   Fire begin() for SetPropertiesRule[]
2019-12-06 11:18:44.154 DEBUG 7503 --- [    Test worker] o.apache.tomcat.util.digester.Digester   : [SetPropertiesRule]{mbeans-descriptors/mbean/operation/parameter} Set org.apache.tomcat.util.modeler.ParameterInfo properties
2019-12-06 11:18:44.155 DEBUG 7503 --- [    Test worker] o.apache.tomcat.util.digester.Digester   : [SetPropertiesRule]{mbeans-descriptors/mbean/operation/parameter} Setting property 'name' to 'param0'
2019-12-06 11:18:44.155 DEBUG 7503 --- [    Test worker] o.apache.tomcat.util.IntrospectionUtils  : IntrospectionUtils: setProperty(class org.apache.tomcat.util.modeler.ParameterInfo name=param0)
2019-12-06 11:18:44.155 DEBUG 7503 --- [    Test worker] o.apache.tomcat.util.digester.Digester   : [SetPropertiesRule]{mbeans-descriptors/mbean/operation/parameter} Setting property 'type' to 'java.lang.String'
2019-12-06 11:18:44.155 DEBUG 7503 --- [    Test worker] o.apache.tomcat.util.IntrospectionUtils  : IntrospectionUtils: setProperty(class org.apache.tomcat.util.modeler.ParameterInfo type=java.lang.String)
2019-12-06 11:18:44.155 DEBUG 7503 --- [    Test worker] o.apache.tomcat.util.digester.Digester   :   Fire begin() for SetNextRule[methodName=addParameter, paramType=org.apache.tomcat.util.modeler.ParameterInfo]
2019-12-06 11:18:44.155 DEBUG 7503 --- [    Test worker] o.a.tomcat.util.digester.Digester.sax    : endElement(,,parameter)
2019-12-06 11:18:44.155 DEBUG 7503 --- [    Test worker] o.apache.tomcat.util.digester.Digester   :   match='mbeans-descriptors/mbean/operation/parameter'
2019-12-06 11:18:44.155 DEBUG 7503 --- [    Test worker] o.apache.tomcat.util.digester.Digester   :   bodyText=''
2019-12-06 11:18:44.156 DEBUG 7503 --- [    Test worker] o.apache.tomcat.util.digester.Digester   :   Fire body() for ObjectCreateRule[className=org.apache.tomcat.util.modeler.ParameterInfo, attributeName=null]
2019-12-06 11:18:44.156 DEBUG 7503 --- [    Test worker] o.apache.tomcat.util.digester.Digester   :   Fire body() for SetPropertiesRule[]
2019-12-06 11:18:44.156 DEBUG 7503 --- [    Test worker] o.apache.tomcat.util.digester.Digester   :   Fire body() for SetNextRule[methodName=addParameter, paramType=org.apache.tomcat.util.modeler.ParameterInfo]
2019-12-06 11:18:44.156 DEBUG 7503 --- [    Test worker] o.apache.tomcat.util.digester.Digester   :   Fire end() for SetNextRule[methodName=addParameter, paramType=org.apache.tomcat.util.modeler.ParameterInfo]
2019-12-06 11:18:44.156 DEBUG 7503 --- [    Test worker] o.apache.tomcat.util.digester.Digester   : [SetNextRule]{mbeans-descriptors/mbean/operation/parameter} Call org.apache.tomcat.util.modeler.OperationInfo.addParameter(org.apache.tomcat.util.modeler.ParameterInfo@6b1b6ab5)
2019-12-06 11:18:44.156 DEBUG 7503 --- [    Test worker] o.apache.tomcat.util.IntrospectionUtils  : IntrospectionUtils: callMethod1 org.apache.tomcat.util.modeler.OperationInfo org.apache.tomcat.util.modeler.ParameterInfo org.apache.tomcat.util.modeler.ParameterInfo
2019-12-06 11:18:44.156 DEBUG 7503 --- [    Test worker] o.apache.tomcat.util.digester.Digester   :   Fire end() for SetPropertiesRule[]
2019-12-06 11:18:44.156 DEBUG 7503 --- [    Test worker] o.apache.tomcat.util.digester.Digester   :   Fire end() for ObjectCreateRule[className=org.apache.tomcat.util.modeler.ParameterInfo, attributeName=null]
2019-12-06 11:18:44.156 DEBUG 7503 --- [    Test worker] o.apache.tomcat.util.digester.Digester   : [ObjectCreateRule]{mbeans-descriptors/mbean/operation/parameter} Pop org.apache.tomcat.util.modeler.ParameterInfo
2019-12-06 11:18:44.157 DEBUG 7503 --- [    Test worker] o.a.tomcat.util.digester.Digester.sax    : characters(
    )
2019-12-06 11:18:44.157 DEBUG 7503 --- [    Test worker] o.a.tomcat.util.digester.Digester.sax    : endElement(,,operation)
2019-12-06 11:18:44.157 DEBUG 7503 --- [    Test worker] o.apache.tomcat.util.digester.Digester   :   match='mbeans-descriptors/mbean/operation'
2019-12-06 11:18:44.157 DEBUG 7503 --- [    Test worker] o.apache.tomcat.util.digester.Digester   :   bodyText='
      
    '
2019-12-06 11:18:44.157 DEBUG 7503 --- [    Test worker] o.apache.tomcat.util.digester.Digester   :   Fire body() for ObjectCreateRule[className=org.apache.tomcat.util.modeler.OperationInfo, attributeName=null]
2019-12-06 11:18:44.157 DEBUG 7503 --- [    Test worker] o.apache.tomcat.util.digester.Digester   :   Fire body() for SetPropertiesRule[]
2019-12-06 11:18:44.157 DEBUG 7503 --- [    Test worker] o.apache.tomcat.util.digester.Digester   :   Fire body() for SetNextRule[methodName=addOperation, paramType=org.apache.tomcat.util.modeler.OperationInfo]
2019-12-06 11:18:44.157 DEBUG 7503 --- [    Test worker] o.apache.tomcat.util.digester.Digester   :   Fire end() for SetNextRule[methodName=addOperation, paramType=org.apache.tomcat.util.modeler.OperationInfo]
2019-12-06 11:18:44.157 DEBUG 7503 --- [    Test worker] o.apache.tomcat.util.digester.Digester   : [SetNextRule]{mbeans-descriptors/mbean/operation} Call org.apache.tomcat.util.modeler.ManagedBean.addOperation(org.apache.tomcat.util.modeler.OperationInfo@391978fe)
2019-12-06 11:18:44.158 DEBUG 7503 --- [    Test worker] o.apache.tomcat.util.IntrospectionUtils  : IntrospectionUtils: callMethod1 org.apache.tomcat.util.modeler.ManagedBean org.apache.tomcat.util.modeler.OperationInfo org.apache.tomcat.util.modeler.OperationInfo
2019-12-06 11:18:44.158 DEBUG 7503 --- [    Test worker] o.apache.tomcat.util.digester.Digester   :   Fire end() for SetPropertiesRule[]
2019-12-06 11:18:44.158 DEBUG 7503 --- [    Test worker] o.apache.tomcat.util.digester.Digester   :   Fire end() for ObjectCreateRule[className=org.apache.tomcat.util.modeler.OperationInfo, attributeName=null]
2019-12-06 11:18:44.158 DEBUG 7503 --- [    Test worker] o.apache.tomcat.util.digester.Digester   : [ObjectCreateRule]{mbeans-descriptors/mbean/operation} Pop org.apache.tomcat.util.modeler.OperationInfo
2019-12-06 11:18:44.158 DEBUG 7503 --- [    Test worker] o.a.tomcat.util.digester.Digester.sax    : characters(

    )
2019-12-06 11:18:44.158 DEBUG 7503 --- [    Test worker] o.a.tomcat.util.digester.Digester.sax    : startElement(,,operation)
2019-12-06 11:18:44.158 DEBUG 7503 --- [    Test worker] o.apache.tomcat.util.digester.Digester   :   New match='mbeans-descriptors/mbean/operation'
2019-12-06 11:18:44.159 DEBUG 7503 --- [    Test worker] o.apache.tomcat.util.digester.Digester   :   Fire begin() for ObjectCreateRule[className=org.apache.tomcat.util.modeler.OperationInfo, attributeName=null]
2019-12-06 11:18:44.159 DEBUG 7503 --- [    Test worker] o.apache.tomcat.util.digester.Digester   :   Fire begin() for SetPropertiesRule[]
2019-12-06 11:18:44.159 DEBUG 7503 --- [    Test worker] o.apache.tomcat.util.digester.Digester   : [SetPropertiesRule]{mbeans-descriptors/mbean/operation} Set org.apache.tomcat.util.modeler.OperationInfo properties
2019-12-06 11:18:44.159 DEBUG 7503 --- [    Test worker] o.apache.tomcat.util.digester.Digester   : [SetPropertiesRule]{mbeans-descriptors/mbean/operation} Setting property 'name' to 'bind'
2019-12-06 11:18:44.159 DEBUG 7503 --- [    Test worker] o.apache.tomcat.util.IntrospectionUtils  : IntrospectionUtils: setProperty(class org.apache.tomcat.util.modeler.OperationInfo name=bind)
2019-12-06 11:18:44.159 DEBUG 7503 --- [    Test worker] o.apache.tomcat.util.digester.Digester   : [SetPropertiesRule]{mbeans-descriptors/mbean/operation} Setting property 'returnType' to 'void'
2019-12-06 11:18:44.159 DEBUG 7503 --- [    Test worker] o.apache.tomcat.util.IntrospectionUtils  : IntrospectionUtils: setProperty(class org.apache.tomcat.util.modeler.OperationInfo returnType=void)
2019-12-06 11:18:44.159 DEBUG 7503 --- [    Test worker] o.apache.tomcat.util.digester.Digester   :   Fire begin() for SetNextRule[methodName=addOperation, paramType=org.apache.tomcat.util.modeler.OperationInfo]
2019-12-06 11:18:44.160 DEBUG 7503 --- [    Test worker] o.a.tomcat.util.digester.Digester.sax    : endElement(,,operation)
2019-12-06 11:18:44.160 DEBUG 7503 --- [    Test worker] o.apache.tomcat.util.digester.Digester   :   match='mbeans-descriptors/mbean/operation'
2019-12-06 11:18:44.160 DEBUG 7503 --- [    Test worker] o.apache.tomcat.util.digester.Digester   :   bodyText=''
2019-12-06 11:18:44.160 DEBUG 7503 --- [    Test worker] o.apache.tomcat.util.digester.Digester   :   Fire body() for ObjectCreateRule[className=org.apache.tomcat.util.modeler.OperationInfo, attributeName=null]
2019-12-06 11:18:44.160 DEBUG 7503 --- [    Test worker] o.apache.tomcat.util.digester.Digester   :   Fire body() for SetPropertiesRule[]
2019-12-06 11:18:44.160 DEBUG 7503 --- [    Test worker] o.apache.tomcat.util.digester.Digester   :   Fire body() for SetNextRule[methodName=addOperation, paramType=org.apache.tomcat.util.modeler.OperationInfo]
2019-12-06 11:18:44.160 DEBUG 7503 --- [    Test worker] o.apache.tomcat.util.digester.Digester   :   Fire end() for SetNextRule[methodName=addOperation, paramType=org.apache.tomcat.util.modeler.OperationInfo]
2019-12-06 11:18:44.160 DEBUG 7503 --- [    Test worker] o.apache.tomcat.util.digester.Digester   : [SetNextRule]{mbeans-descriptors/mbean/operation} Call org.apache.tomcat.util.modeler.ManagedBean.addOperation(org.apache.tomcat.util.modeler.OperationInfo@51330af8)
2019-12-06 11:18:44.160 DEBUG 7503 --- [    Test worker] o.apache.tomcat.util.IntrospectionUtils  : IntrospectionUtils: callMethod1 org.apache.tomcat.util.modeler.ManagedBean org.apache.tomcat.util.modeler.OperationInfo org.apache.tomcat.util.modeler.OperationInfo
2019-12-06 11:18:44.161 DEBUG 7503 --- [    Test worker] o.apache.tomcat.util.digester.Digester   :   Fire end() for SetPropertiesRule[]
2019-12-06 11:18:44.161 DEBUG 7503 --- [    Test worker] o.apache.tomcat.util.digester.Digester   :   Fire end() for ObjectCreateRule[className=org.apache.tomcat.util.modeler.OperationInfo, attributeName=null]
2019-12-06 11:18:44.161 DEBUG 7503 --- [    Test worker] o.apache.tomcat.util.digester.Digester   : [ObjectCreateRule]{mbeans-descriptors/mbean/operation} Pop org.apache.tomcat.util.modeler.OperationInfo
2019-12-06 11:18:44.161 DEBUG 7503 --- [    Test worker] o.a.tomcat.util.digester.Digester.sax    : characters(

    )
2019-12-06 11:18:44.161 DEBUG 7503 --- [    Test worker] o.a.tomcat.util.digester.Digester.sax    : startElement(,,operation)
2019-12-06 11:18:44.161 DEBUG 7503 --- [    Test worker] o.apache.tomcat.util.digester.Digester   :   New match='mbeans-descriptors/mbean/operation'
2019-12-06 11:18:44.161 DEBUG 7503 --- [    Test worker] o.apache.tomcat.util.digester.Digester   :   Fire begin() for ObjectCreateRule[className=org.apache.tomcat.util.modeler.OperationInfo, attributeName=null]
2019-12-06 11:18:44.161 DEBUG 7503 --- [    Test worker] o.apache.tomcat.util.digester.Digester   :   Fire begin() for SetPropertiesRule[]
2019-12-06 11:18:44.162 DEBUG 7503 --- [    Test worker] o.apache.tomcat.util.digester.Digester   : [SetPropertiesRule]{mbeans-descriptors/mbean/operation} Set org.apache.tomcat.util.modeler.OperationInfo properties
2019-12-06 11:18:44.162 DEBUG 7503 --- [    Test worker] o.apache.tomcat.util.digester.Digester   : [SetPropertiesRule]{mbeans-descriptors/mbean/operation} Setting property 'name' to 'closeServerSocketGraceful'
2019-12-06 11:18:44.162 DEBUG 7503 --- [    Test worker] o.apache.tomcat.util.IntrospectionUtils  : IntrospectionUtils: setProperty(class org.apache.tomcat.util.modeler.OperationInfo name=closeServerSocketGraceful)
2019-12-06 11:18:44.162 DEBUG 7503 --- [    Test worker] o.apache.tomcat.util.digester.Digester   : [SetPropertiesRule]{mbeans-descriptors/mbean/operation} Setting property 'returnType' to 'void'
2019-12-06 11:18:44.162 DEBUG 7503 --- [    Test worker] o.apache.tomcat.util.IntrospectionUtils  : IntrospectionUtils: setProperty(class org.apache.tomcat.util.modeler.OperationInfo returnType=void)
2019-12-06 11:18:44.162 DEBUG 7503 --- [    Test worker] o.apache.tomcat.util.digester.Digester   :   Fire begin() for SetNextRule[methodName=addOperation, paramType=org.apache.tomcat.util.modeler.OperationInfo]
2019-12-06 11:18:44.162 DEBUG 7503 --- [    Test worker] o.a.tomcat.util.digester.Digester.sax    : endElement(,,operation)
2019-12-06 11:18:44.162 DEBUG 7503 --- [    Test worker] o.apache.tomcat.util.digester.Digester   :   match='mbeans-descriptors/mbean/operation'
2019-12-06 11:18:44.163 DEBUG 7503 --- [    Test worker] o.apache.tomcat.util.digester.Digester   :   bodyText=''
2019-12-06 11:18:44.163 DEBUG 7503 --- [    Test worker] o.apache.tomcat.util.digester.Digester   :   Fire body() for ObjectCreateRule[className=org.apache.tomcat.util.modeler.OperationInfo, attributeName=null]
2019-12-06 11:18:44.163 DEBUG 7503 --- [    Test worker] o.apache.tomcat.util.digester.Digester   :   Fire body() for SetPropertiesRule[]
2019-12-06 11:18:44.163 DEBUG 7503 --- [    Test worker] o.apache.tomcat.util.digester.Digester   :   Fire body() for SetNextRule[methodName=addOperation, paramType=org.apache.tomcat.util.modeler.OperationInfo]
2019-12-06 11:18:44.163 DEBUG 7503 --- [    Test worker] o.apache.tomcat.util.digester.Digester   :   Fire end() for SetNextRule[methodName=addOperation, paramType=org.apache.tomcat.util.modeler.OperationInfo]
2019-12-06 11:18:44.163 DEBUG 7503 --- [    Test worker] o.apache.tomcat.util.digester.Digester   : [SetNextRule]{mbeans-descriptors/mbean/operation} Call org.apache.tomcat.util.modeler.ManagedBean.addOperation(org.apache.tomcat.util.modeler.OperationInfo@595a0986)
2019-12-06 11:18:44.163 DEBUG 7503 --- [    Test worker] o.apache.tomcat.util.IntrospectionUtils  : IntrospectionUtils: callMethod1 org.apache.tomcat.util.modeler.ManagedBean org.apache.tomcat.util.modeler.OperationInfo org.apache.tomcat.util.modeler.OperationInfo
2019-12-06 11:18:44.163 DEBUG 7503 --- [    Test worker] o.apache.tomcat.util.digester.Digester   :   Fire end() for SetPropertiesRule[]
2019-12-06 11:18:44.163 DEBUG 7503 --- [    Test worker] o.apache.tomcat.util.digester.Digester   :   Fire end() for ObjectCreateRule[className=org.apache.tomcat.util.modeler.OperationInfo, attributeName=null]
2019-12-06 11:18:44.164 DEBUG 7503 --- [    Test worker] o.apache.tomcat.util.digester.Digester   : [ObjectCreateRule]{mbeans-descriptors/mbean/operation} Pop org.apache.tomcat.util.modeler.OperationInfo
2019-12-06 11:18:44.164 DEBUG 7503 --- [    Test worker] o.a.tomcat.util.digester.Digester.sax    : characters(

    )
2019-12-06 11:18:44.164 DEBUG 7503 --- [    Test worker] o.a.tomcat.util.digester.Digester.sax    : startElement(,,operation)
2019-12-06 11:18:44.164 DEBUG 7503 --- [    Test worker] o.apache.tomcat.util.digester.Digester   :   New match='mbeans-descriptors/mbean/operation'
2019-12-06 11:18:44.164 DEBUG 7503 --- [    Test worker] o.apache.tomcat.util.digester.Digester   :   Fire begin() for ObjectCreateRule[className=org.apache.tomcat.util.modeler.OperationInfo, attributeName=null]
2019-12-06 11:18:44.164 DEBUG 7503 --- [    Test worker] o.apache.tomcat.util.digester.Digester   :   Fire begin() for SetPropertiesRule[]
2019-12-06 11:18:44.164 DEBUG 7503 --- [    Test worker] o.apache.tomcat.util.digester.Digester   : [SetPropertiesRule]{mbeans-descriptors/mbean/operation} Set org.apache.tomcat.util.modeler.OperationInfo properties
2019-12-06 11:18:44.164 DEBUG 7503 --- [    Test worker] o.apache.tomcat.util.digester.Digester   : [SetPropertiesRule]{mbeans-descriptors/mbean/operation} Setting property 'name' to 'createExecutor'
2019-12-06 11:18:44.165 DEBUG 7503 --- [    Test worker] o.apache.tomcat.util.IntrospectionUtils  : IntrospectionUtils: setProperty(class org.apache.tomcat.util.modeler.OperationInfo name=createExecutor)
2019-12-06 11:18:44.165 DEBUG 7503 --- [    Test worker] o.apache.tomcat.util.digester.Digester   : [SetPropertiesRule]{mbeans-descriptors/mbean/operation} Setting property 'returnType' to 'void'
2019-12-06 11:18:44.165 DEBUG 7503 --- [    Test worker] o.apache.tomcat.util.IntrospectionUtils  : IntrospectionUtils: setProperty(class org.apache.tomcat.util.modeler.OperationInfo returnType=void)
2019-12-06 11:18:44.165 DEBUG 7503 --- [    Test worker] o.apache.tomcat.util.digester.Digester   :   Fire begin() for SetNextRule[methodName=addOperation, paramType=org.apache.tomcat.util.modeler.OperationInfo]
2019-12-06 11:18:44.165 DEBUG 7503 --- [    Test worker] o.a.tomcat.util.digester.Digester.sax    : endElement(,,operation)
2019-12-06 11:18:44.165 DEBUG 7503 --- [    Test worker] o.apache.tomcat.util.digester.Digester   :   match='mbeans-descriptors/mbean/operation'
2019-12-06 11:18:44.165 DEBUG 7503 --- [    Test worker] o.apache.tomcat.util.digester.Digester   :   bodyText=''
2019-12-06 11:18:44.165 DEBUG 7503 --- [    Test worker] o.apache.tomcat.util.digester.Digester   :   Fire body() for ObjectCreateRule[className=org.apache.tomcat.util.modeler.OperationInfo, attributeName=null]
2019-12-06 11:18:44.166 DEBUG 7503 --- [    Test worker] o.apache.tomcat.util.digester.Digester   :   Fire body() for SetPropertiesRule[]
2019-12-06 11:18:44.166 DEBUG 7503 --- [    Test worker] o.apache.tomcat.util.digester.Digester   :   Fire body() for SetNextRule[methodName=addOperation, paramType=org.apache.tomcat.util.modeler.OperationInfo]
2019-12-06 11:18:44.166 DEBUG 7503 --- [    Test worker] o.apache.tomcat.util.digester.Digester   :   Fire end() for SetNextRule[methodName=addOperation, paramType=org.apache.tomcat.util.modeler.OperationInfo]
2019-12-06 11:18:44.166 DEBUG 7503 --- [    Test worker] o.apache.tomcat.util.digester.Digester   : [SetNextRule]{mbeans-descriptors/mbean/operation} Call org.apache.tomcat.util.modeler.ManagedBean.addOperation(org.apache.tomcat.util.modeler.OperationInfo@69248eda)
2019-12-06 11:18:44.166 DEBUG 7503 --- [    Test worker] o.apache.tomcat.util.IntrospectionUtils  : IntrospectionUtils: callMethod1 org.apache.tomcat.util.modeler.ManagedBean org.apache.tomcat.util.modeler.OperationInfo org.apache.tomcat.util.modeler.OperationInfo
2019-12-06 11:18:44.166 DEBUG 7503 --- [    Test worker] o.apache.tomcat.util.digester.Digester   :   Fire end() for SetPropertiesRule[]
2019-12-06 11:18:44.166 DEBUG 7503 --- [    Test worker] o.apache.tomcat.util.digester.Digester   :   Fire end() for ObjectCreateRule[className=org.apache.tomcat.util.modeler.OperationInfo, attributeName=null]
2019-12-06 11:18:44.166 DEBUG 7503 --- [    Test worker] o.apache.tomcat.util.digester.Digester   : [ObjectCreateRule]{mbeans-descriptors/mbean/operation} Pop org.apache.tomcat.util.modeler.OperationInfo
2019-12-06 11:18:44.167 DEBUG 7503 --- [    Test worker] o.a.tomcat.util.digester.Digester.sax    : characters(

    )
2019-12-06 11:18:44.167 DEBUG 7503 --- [    Test worker] o.a.tomcat.util.digester.Digester.sax    : startElement(,,operation)
2019-12-06 11:18:44.167 DEBUG 7503 --- [    Test worker] o.apache.tomcat.util.digester.Digester   :   New match='mbeans-descriptors/mbean/operation'
2019-12-06 11:18:44.167 DEBUG 7503 --- [    Test worker] o.apache.tomcat.util.digester.Digester   :   Fire begin() for ObjectCreateRule[className=org.apache.tomcat.util.modeler.OperationInfo, attributeName=null]
2019-12-06 11:18:44.167 DEBUG 7503 --- [    Test worker] o.apache.tomcat.util.digester.Digester   :   Fire begin() for SetPropertiesRule[]
2019-12-06 11:18:44.167 DEBUG 7503 --- [    Test worker] o.apache.tomcat.util.digester.Digester   : [SetPropertiesRule]{mbeans-descriptors/mbean/operation} Set org.apache.tomcat.util.modeler.OperationInfo properties
2019-12-06 11:18:44.167 DEBUG 7503 --- [    Test worker] o.apache.tomcat.util.digester.Digester   : [SetPropertiesRule]{mbeans-descriptors/mbean/operation} Setting property 'name' to 'destroy'
2019-12-06 11:18:44.167 DEBUG 7503 --- [    Test worker] o.apache.tomcat.util.IntrospectionUtils  : IntrospectionUtils: setProperty(class org.apache.tomcat.util.modeler.OperationInfo name=destroy)
2019-12-06 11:18:44.168 DEBUG 7503 --- [    Test worker] o.apache.tomcat.util.digester.Digester   : [SetPropertiesRule]{mbeans-descriptors/mbean/operation} Setting property 'returnType' to 'void'
2019-12-06 11:18:44.168 DEBUG 7503 --- [    Test worker] o.apache.tomcat.util.IntrospectionUtils  : IntrospectionUtils: setProperty(class org.apache.tomcat.util.modeler.OperationInfo returnType=void)
2019-12-06 11:18:44.168 DEBUG 7503 --- [    Test worker] o.apache.tomcat.util.digester.Digester   :   Fire begin() for SetNextRule[methodName=addOperation, paramType=org.apache.tomcat.util.modeler.OperationInfo]
2019-12-06 11:18:44.168 DEBUG 7503 --- [    Test worker] o.a.tomcat.util.digester.Digester.sax    : endElement(,,operation)
2019-12-06 11:18:44.168 DEBUG 7503 --- [    Test worker] o.apache.tomcat.util.digester.Digester   :   match='mbeans-descriptors/mbean/operation'
2019-12-06 11:18:44.168 DEBUG 7503 --- [    Test worker] o.apache.tomcat.util.digester.Digester   :   bodyText=''
2019-12-06 11:18:44.168 DEBUG 7503 --- [    Test worker] o.apache.tomcat.util.digester.Digester   :   Fire body() for ObjectCreateRule[className=org.apache.tomcat.util.modeler.OperationInfo, attributeName=null]
2019-12-06 11:18:44.168 DEBUG 7503 --- [    Test worker] o.apache.tomcat.util.digester.Digester   :   Fire body() for SetPropertiesRule[]
2019-12-06 11:18:44.168 DEBUG 7503 --- [    Test worker] o.apache.tomcat.util.digester.Digester   :   Fire body() for SetNextRule[methodName=addOperation, paramType=org.apache.tomcat.util.modeler.OperationInfo]
2019-12-06 11:18:44.169 DEBUG 7503 --- [    Test worker] o.apache.tomcat.util.digester.Digester   :   Fire end() for SetNextRule[methodName=addOperation, paramType=org.apache.tomcat.util.modeler.OperationInfo]
2019-12-06 11:18:44.169 DEBUG 7503 --- [    Test worker] o.apache.tomcat.util.digester.Digester   : [SetNextRule]{mbeans-descriptors/mbean/operation} Call org.apache.tomcat.util.modeler.ManagedBean.addOperation(org.apache.tomcat.util.modeler.OperationInfo@1b08d588)
2019-12-06 11:18:44.169 DEBUG 7503 --- [    Test worker] o.apache.tomcat.util.IntrospectionUtils  : IntrospectionUtils: callMethod1 org.apache.tomcat.util.modeler.ManagedBean org.apache.tomcat.util.modeler.OperationInfo org.apache.tomcat.util.modeler.OperationInfo
2019-12-06 11:18:44.169 DEBUG 7503 --- [    Test worker] o.apache.tomcat.util.digester.Digester   :   Fire end() for SetPropertiesRule[]
2019-12-06 11:18:44.169 DEBUG 7503 --- [    Test worker] o.apache.tomcat.util.digester.Digester   :   Fire end() for ObjectCreateRule[className=org.apache.tomcat.util.modeler.OperationInfo, attributeName=null]
2019-12-06 11:18:44.169 DEBUG 7503 --- [    Test worker] o.apache.tomcat.util.digester.Digester   : [ObjectCreateRule]{mbeans-descriptors/mbean/operation} Pop org.apache.tomcat.util.modeler.OperationInfo
2019-12-06 11:18:44.169 DEBUG 7503 --- [    Test worker] o.a.tomcat.util.digester.Digester.sax    : characters(

    )
2019-12-06 11:18:44.169 DEBUG 7503 --- [    Test worker] o.a.tomcat.util.digester.Digester.sax    : startElement(,,operation)
2019-12-06 11:18:44.170 DEBUG 7503 --- [    Test worker] o.apache.tomcat.util.digester.Digester   :   New match='mbeans-descriptors/mbean/operation'
2019-12-06 11:18:44.170 DEBUG 7503 --- [    Test worker] o.apache.tomcat.util.digester.Digester   :   Fire begin() for ObjectCreateRule[className=org.apache.tomcat.util.modeler.OperationInfo, attributeName=null]
2019-12-06 11:18:44.170 DEBUG 7503 --- [    Test worker] o.apache.tomcat.util.digester.Digester   :   Fire begin() for SetPropertiesRule[]
2019-12-06 11:18:44.170 DEBUG 7503 --- [    Test worker] o.apache.tomcat.util.digester.Digester   : [SetPropertiesRule]{mbeans-descriptors/mbean/operation} Set org.apache.tomcat.util.modeler.OperationInfo properties
2019-12-06 11:18:44.170 DEBUG 7503 --- [    Test worker] o.apache.tomcat.util.digester.Digester   : [SetPropertiesRule]{mbeans-descriptors/mbean/operation} Setting property 'name' to 'findSslHostConfigs'
2019-12-06 11:18:44.170 DEBUG 7503 --- [    Test worker] o.apache.tomcat.util.IntrospectionUtils  : IntrospectionUtils: setProperty(class org.apache.tomcat.util.modeler.OperationInfo name=findSslHostConfigs)
2019-12-06 11:18:44.170 DEBUG 7503 --- [    Test worker] o.apache.tomcat.util.digester.Digester   : [SetPropertiesRule]{mbeans-descriptors/mbean/operation} Setting property 'returnType' to '[Lorg.apache.tomcat.util.net.SSLHostConfig;'
2019-12-06 11:18:44.170 DEBUG 7503 --- [    Test worker] o.apache.tomcat.util.IntrospectionUtils  : IntrospectionUtils: setProperty(class org.apache.tomcat.util.modeler.OperationInfo returnType=[Lorg.apache.tomcat.util.net.SSLHostConfig;)
2019-12-06 11:18:44.171 DEBUG 7503 --- [    Test worker] o.apache.tomcat.util.digester.Digester   :   Fire begin() for SetNextRule[methodName=addOperation, paramType=org.apache.tomcat.util.modeler.OperationInfo]
2019-12-06 11:18:44.171 DEBUG 7503 --- [    Test worker] o.a.tomcat.util.digester.Digester.sax    : endElement(,,operation)
2019-12-06 11:18:44.171 DEBUG 7503 --- [    Test worker] o.apache.tomcat.util.digester.Digester   :   match='mbeans-descriptors/mbean/operation'
2019-12-06 11:18:44.171 DEBUG 7503 --- [    Test worker] o.apache.tomcat.util.digester.Digester   :   bodyText=''
2019-12-06 11:18:44.171 DEBUG 7503 --- [    Test worker] o.apache.tomcat.util.digester.Digester   :   Fire body() for ObjectCreateRule[className=org.apache.tomcat.util.modeler.OperationInfo, attributeName=null]
2019-12-06 11:18:44.171 DEBUG 7503 --- [    Test worker] o.apache.tomcat.util.digester.Digester   :   Fire body() for SetPropertiesRule[]
2019-12-06 11:18:44.171 DEBUG 7503 --- [    Test worker] o.apache.tomcat.util.digester.Digester   :   Fire body() for SetNextRule[methodName=addOperation, paramType=org.apache.tomcat.util.modeler.OperationInfo]
2019-12-06 11:18:44.171 DEBUG 7503 --- [    Test worker] o.apache.tomcat.util.digester.Digester   :   Fire end() for SetNextRule[methodName=addOperation, paramType=org.apache.tomcat.util.modeler.OperationInfo]
2019-12-06 11:18:44.171 DEBUG 7503 --- [    Test worker] o.apache.tomcat.util.digester.Digester   : [SetNextRule]{mbeans-descriptors/mbean/operation} Call org.apache.tomcat.util.modeler.ManagedBean.addOperation(org.apache.tomcat.util.modeler.OperationInfo@522568db)
2019-12-06 11:18:44.172 DEBUG 7503 --- [    Test worker] o.apache.tomcat.util.IntrospectionUtils  : IntrospectionUtils: callMethod1 org.apache.tomcat.util.modeler.ManagedBean org.apache.tomcat.util.modeler.OperationInfo org.apache.tomcat.util.modeler.OperationInfo
2019-12-06 11:18:44.172 DEBUG 7503 --- [    Test worker] o.apache.tomcat.util.digester.Digester   :   Fire end() for SetPropertiesRule[]
2019-12-06 11:18:44.172 DEBUG 7503 --- [    Test worker] o.apache.tomcat.util.digester.Digester   :   Fire end() for ObjectCreateRule[className=org.apache.tomcat.util.modeler.OperationInfo, attributeName=null]
2019-12-06 11:18:44.172 DEBUG 7503 --- [    Test worker] o.apache.tomcat.util.digester.Digester   : [ObjectCreateRule]{mbeans-descriptors/mbean/operation} Pop org.apache.tomcat.util.modeler.OperationInfo
2019-12-06 11:18:44.172 DEBUG 7503 --- [    Test worker] o.a.tomcat.util.digester.Digester.sax    : characters(

    )
2019-12-06 11:18:44.172 DEBUG 7503 --- [    Test worker] o.a.tomcat.util.digester.Digester.sax    : startElement(,,operation)
2019-12-06 11:18:44.172 DEBUG 7503 --- [    Test worker] o.apache.tomcat.util.digester.Digester   :   New match='mbeans-descriptors/mbean/operation'
2019-12-06 11:18:44.172 DEBUG 7503 --- [    Test worker] o.apache.tomcat.util.digester.Digester   :   Fire begin() for ObjectCreateRule[className=org.apache.tomcat.util.modeler.OperationInfo, attributeName=null]
2019-12-06 11:18:44.173 DEBUG 7503 --- [    Test worker] o.apache.tomcat.util.digester.Digester   :   Fire begin() for SetPropertiesRule[]
2019-12-06 11:18:44.173 DEBUG 7503 --- [    Test worker] o.apache.tomcat.util.digester.Digester   : [SetPropertiesRule]{mbeans-descriptors/mbean/operation} Set org.apache.tomcat.util.modeler.OperationInfo properties
2019-12-06 11:18:44.173 DEBUG 7503 --- [    Test worker] o.apache.tomcat.util.digester.Digester   : [SetPropertiesRule]{mbeans-descriptors/mbean/operation} Setting property 'name' to 'getAttribute'
2019-12-06 11:18:44.173 DEBUG 7503 --- [    Test worker] o.apache.tomcat.util.IntrospectionUtils  : IntrospectionUtils: setProperty(class org.apache.tomcat.util.modeler.OperationInfo name=getAttribute)
2019-12-06 11:18:44.173 DEBUG 7503 --- [    Test worker] o.apache.tomcat.util.digester.Digester   : [SetPropertiesRule]{mbeans-descriptors/mbean/operation} Setting property 'returnType' to 'java.lang.Object'
2019-12-06 11:18:44.173 DEBUG 7503 --- [    Test worker] o.apache.tomcat.util.IntrospectionUtils  : IntrospectionUtils: setProperty(class org.apache.tomcat.util.modeler.OperationInfo returnType=java.lang.Object)
2019-12-06 11:18:44.173 DEBUG 7503 --- [    Test worker] o.apache.tomcat.util.digester.Digester   :   Fire begin() for SetNextRule[methodName=addOperation, paramType=org.apache.tomcat.util.modeler.OperationInfo]
2019-12-06 11:18:44.173 DEBUG 7503 --- [    Test worker] o.a.tomcat.util.digester.Digester.sax    : characters(
      )
2019-12-06 11:18:44.173 DEBUG 7503 --- [    Test worker] o.a.tomcat.util.digester.Digester.sax    : startElement(,,parameter)
2019-12-06 11:18:44.174 DEBUG 7503 --- [    Test worker] o.apache.tomcat.util.digester.Digester   :   New match='mbeans-descriptors/mbean/operation/parameter'
2019-12-06 11:18:44.174 DEBUG 7503 --- [    Test worker] o.apache.tomcat.util.digester.Digester   :   Fire begin() for ObjectCreateRule[className=org.apache.tomcat.util.modeler.ParameterInfo, attributeName=null]
2019-12-06 11:18:44.174 DEBUG 7503 --- [    Test worker] o.apache.tomcat.util.digester.Digester   :   Fire begin() for SetPropertiesRule[]
2019-12-06 11:18:44.174 DEBUG 7503 --- [    Test worker] o.apache.tomcat.util.digester.Digester   : [SetPropertiesRule]{mbeans-descriptors/mbean/operation/parameter} Set org.apache.tomcat.util.modeler.ParameterInfo properties
2019-12-06 11:18:44.174 DEBUG 7503 --- [    Test worker] o.apache.tomcat.util.digester.Digester   : [SetPropertiesRule]{mbeans-descriptors/mbean/operation/parameter} Setting property 'name' to 'param0'
2019-12-06 11:18:44.174 DEBUG 7503 --- [    Test worker] o.apache.tomcat.util.IntrospectionUtils  : IntrospectionUtils: setProperty(class org.apache.tomcat.util.modeler.ParameterInfo name=param0)
2019-12-06 11:18:44.174 DEBUG 7503 --- [    Test worker] o.apache.tomcat.util.digester.Digester   : [SetPropertiesRule]{mbeans-descriptors/mbean/operation/parameter} Setting property 'type' to 'java.lang.String'
2019-12-06 11:18:44.174 DEBUG 7503 --- [    Test worker] o.apache.tomcat.util.IntrospectionUtils  : IntrospectionUtils: setProperty(class org.apache.tomcat.util.modeler.ParameterInfo type=java.lang.String)
2019-12-06 11:18:44.175 DEBUG 7503 --- [    Test worker] o.apache.tomcat.util.digester.Digester   :   Fire begin() for SetNextRule[methodName=addParameter, paramType=org.apache.tomcat.util.modeler.ParameterInfo]
2019-12-06 11:18:44.175 DEBUG 7503 --- [    Test worker] o.a.tomcat.util.digester.Digester.sax    : endElement(,,parameter)
2019-12-06 11:18:44.175 DEBUG 7503 --- [    Test worker] o.apache.tomcat.util.digester.Digester   :   match='mbeans-descriptors/mbean/operation/parameter'
2019-12-06 11:18:44.175 DEBUG 7503 --- [    Test worker] o.apache.tomcat.util.digester.Digester   :   bodyText=''
2019-12-06 11:18:44.175 DEBUG 7503 --- [    Test worker] o.apache.tomcat.util.digester.Digester   :   Fire body() for ObjectCreateRule[className=org.apache.tomcat.util.modeler.ParameterInfo, attributeName=null]
2019-12-06 11:18:44.175 DEBUG 7503 --- [    Test worker] o.apache.tomcat.util.digester.Digester   :   Fire body() for SetPropertiesRule[]
2019-12-06 11:18:44.175 DEBUG 7503 --- [    Test worker] o.apache.tomcat.util.digester.Digester   :   Fire body() for SetNextRule[methodName=addParameter, paramType=org.apache.tomcat.util.modeler.ParameterInfo]
2019-12-06 11:18:44.175 DEBUG 7503 --- [    Test worker] o.apache.tomcat.util.digester.Digester   :   Fire end() for SetNextRule[methodName=addParameter, paramType=org.apache.tomcat.util.modeler.ParameterInfo]
2019-12-06 11:18:44.175 DEBUG 7503 --- [    Test worker] o.apache.tomcat.util.digester.Digester   : [SetNextRule]{mbeans-descriptors/mbean/operation/parameter} Call org.apache.tomcat.util.modeler.OperationInfo.addParameter(org.apache.tomcat.util.modeler.ParameterInfo@5bba5d20)
2019-12-06 11:18:44.176 DEBUG 7503 --- [    Test worker] o.apache.tomcat.util.IntrospectionUtils  : IntrospectionUtils: callMethod1 org.apache.tomcat.util.modeler.OperationInfo org.apache.tomcat.util.modeler.ParameterInfo org.apache.tomcat.util.modeler.ParameterInfo
2019-12-06 11:18:44.176 DEBUG 7503 --- [    Test worker] o.apache.tomcat.util.digester.Digester   :   Fire end() for SetPropertiesRule[]
2019-12-06 11:18:44.176 DEBUG 7503 --- [    Test worker] o.apache.tomcat.util.digester.Digester   :   Fire end() for ObjectCreateRule[className=org.apache.tomcat.util.modeler.ParameterInfo, attributeName=null]
2019-12-06 11:18:44.176 DEBUG 7503 --- [    Test worker] o.apache.tomcat.util.digester.Digester   : [ObjectCreateRule]{mbeans-descriptors/mbean/operation/parameter} Pop org.apache.tomcat.util.modeler.ParameterInfo
2019-12-06 11:18:44.176 DEBUG 7503 --- [    Test worker] o.a.tomcat.util.digester.Digester.sax    : characters(
    )
2019-12-06 11:18:44.176 DEBUG 7503 --- [    Test worker] o.a.tomcat.util.digester.Digester.sax    : endElement(,,operation)
2019-12-06 11:18:44.176 DEBUG 7503 --- [    Test worker] o.apache.tomcat.util.digester.Digester   :   match='mbeans-descriptors/mbean/operation'
2019-12-06 11:18:44.176 DEBUG 7503 --- [    Test worker] o.apache.tomcat.util.digester.Digester   :   bodyText='
      
    '
2019-12-06 11:18:44.177 DEBUG 7503 --- [    Test worker] o.apache.tomcat.util.digester.Digester   :   Fire body() for ObjectCreateRule[className=org.apache.tomcat.util.modeler.OperationInfo, attributeName=null]
2019-12-06 11:18:44.177 DEBUG 7503 --- [    Test worker] o.apache.tomcat.util.digester.Digester   :   Fire body() for SetPropertiesRule[]
2019-12-06 11:18:44.177 DEBUG 7503 --- [    Test worker] o.apache.tomcat.util.digester.Digester   :   Fire body() for SetNextRule[methodName=addOperation, paramType=org.apache.tomcat.util.modeler.OperationInfo]
2019-12-06 11:18:44.177 DEBUG 7503 --- [    Test worker] o.apache.tomcat.util.digester.Digester   :   Fire end() for SetNextRule[methodName=addOperation, paramType=org.apache.tomcat.util.modeler.OperationInfo]
2019-12-06 11:18:44.177 DEBUG 7503 --- [    Test worker] o.apache.tomcat.util.digester.Digester   : [SetNextRule]{mbeans-descriptors/mbean/operation} Call org.apache.tomcat.util.modeler.ManagedBean.addOperation(org.apache.tomcat.util.modeler.OperationInfo@16a55ad3)
2019-12-06 11:18:44.177 DEBUG 7503 --- [    Test worker] o.apache.tomcat.util.IntrospectionUtils  : IntrospectionUtils: callMethod1 org.apache.tomcat.util.modeler.ManagedBean org.apache.tomcat.util.modeler.OperationInfo org.apache.tomcat.util.modeler.OperationInfo
2019-12-06 11:18:44.177 DEBUG 7503 --- [    Test worker] o.apache.tomcat.util.digester.Digester   :   Fire end() for SetPropertiesRule[]
2019-12-06 11:18:44.177 DEBUG 7503 --- [    Test worker] o.apache.tomcat.util.digester.Digester   :   Fire end() for ObjectCreateRule[className=org.apache.tomcat.util.modeler.OperationInfo, attributeName=null]
2019-12-06 11:18:44.178 DEBUG 7503 --- [    Test worker] o.apache.tomcat.util.digester.Digester   : [ObjectCreateRule]{mbeans-descriptors/mbean/operation} Pop org.apache.tomcat.util.modeler.OperationInfo
2019-12-06 11:18:44.178 DEBUG 7503 --- [    Test worker] o.a.tomcat.util.digester.Digester.sax    : characters(

    )
2019-12-06 11:18:44.178 DEBUG 7503 --- [    Test worker] o.a.tomcat.util.digester.Digester.sax    : startElement(,,operation)
2019-12-06 11:18:44.178 DEBUG 7503 --- [    Test worker] o.apache.tomcat.util.digester.Digester   :   New match='mbeans-descriptors/mbean/operation'
2019-12-06 11:18:44.178 DEBUG 7503 --- [    Test worker] o.apache.tomcat.util.digester.Digester   :   Fire begin() for ObjectCreateRule[className=org.apache.tomcat.util.modeler.OperationInfo, attributeName=null]
2019-12-06 11:18:44.178 DEBUG 7503 --- [    Test worker] o.apache.tomcat.util.digester.Digester   :   Fire begin() for SetPropertiesRule[]
2019-12-06 11:18:44.178 DEBUG 7503 --- [    Test worker] o.apache.tomcat.util.digester.Digester   : [SetPropertiesRule]{mbeans-descriptors/mbean/operation} Set org.apache.tomcat.util.modeler.OperationInfo properties
2019-12-06 11:18:44.178 DEBUG 7503 --- [    Test worker] o.apache.tomcat.util.digester.Digester   : [SetPropertiesRule]{mbeans-descriptors/mbean/operation} Setting property 'name' to 'getProperty'
2019-12-06 11:18:44.178 DEBUG 7503 --- [    Test worker] o.apache.tomcat.util.IntrospectionUtils  : IntrospectionUtils: setProperty(class org.apache.tomcat.util.modeler.OperationInfo name=getProperty)
2019-12-06 11:18:44.179 DEBUG 7503 --- [    Test worker] o.apache.tomcat.util.digester.Digester   : [SetPropertiesRule]{mbeans-descriptors/mbean/operation} Setting property 'returnType' to 'java.lang.String'
2019-12-06 11:18:44.179 DEBUG 7503 --- [    Test worker] o.apache.tomcat.util.IntrospectionUtils  : IntrospectionUtils: setProperty(class org.apache.tomcat.util.modeler.OperationInfo returnType=java.lang.String)
2019-12-06 11:18:44.179 DEBUG 7503 --- [    Test worker] o.apache.tomcat.util.digester.Digester   :   Fire begin() for SetNextRule[methodName=addOperation, paramType=org.apache.tomcat.util.modeler.OperationInfo]
2019-12-06 11:18:44.179 DEBUG 7503 --- [    Test worker] o.a.tomcat.util.digester.Digester.sax    : characters(
      )
2019-12-06 11:18:44.179 DEBUG 7503 --- [    Test worker] o.a.tomcat.util.digester.Digester.sax    : startElement(,,parameter)
2019-12-06 11:18:44.179 DEBUG 7503 --- [    Test worker] o.apache.tomcat.util.digester.Digester   :   New match='mbeans-descriptors/mbean/operation/parameter'
2019-12-06 11:18:44.179 DEBUG 7503 --- [    Test worker] o.apache.tomcat.util.digester.Digester   :   Fire begin() for ObjectCreateRule[className=org.apache.tomcat.util.modeler.ParameterInfo, attributeName=null]
2019-12-06 11:18:44.179 DEBUG 7503 --- [    Test worker] o.apache.tomcat.util.digester.Digester   :   Fire begin() for SetPropertiesRule[]
2019-12-06 11:18:44.180 DEBUG 7503 --- [    Test worker] o.apache.tomcat.util.digester.Digester   : [SetPropertiesRule]{mbeans-descriptors/mbean/operation/parameter} Set org.apache.tomcat.util.modeler.ParameterInfo properties
2019-12-06 11:18:44.180 DEBUG 7503 --- [    Test worker] o.apache.tomcat.util.digester.Digester   : [SetPropertiesRule]{mbeans-descriptors/mbean/operation/parameter} Setting property 'name' to 'param0'
2019-12-06 11:18:44.180 DEBUG 7503 --- [    Test worker] o.apache.tomcat.util.IntrospectionUtils  : IntrospectionUtils: setProperty(class org.apache.tomcat.util.modeler.ParameterInfo name=param0)
2019-12-06 11:18:44.180 DEBUG 7503 --- [    Test worker] o.apache.tomcat.util.digester.Digester   : [SetPropertiesRule]{mbeans-descriptors/mbean/operation/parameter} Setting property 'type' to 'java.lang.String'
2019-12-06 11:18:44.180 DEBUG 7503 --- [    Test worker] o.apache.tomcat.util.IntrospectionUtils  : IntrospectionUtils: setProperty(class org.apache.tomcat.util.modeler.ParameterInfo type=java.lang.String)
2019-12-06 11:18:44.180 DEBUG 7503 --- [    Test worker] o.apache.tomcat.util.digester.Digester   :   Fire begin() for SetNextRule[methodName=addParameter, paramType=org.apache.tomcat.util.modeler.ParameterInfo]
2019-12-06 11:18:44.180 DEBUG 7503 --- [    Test worker] o.a.tomcat.util.digester.Digester.sax    : endElement(,,parameter)
2019-12-06 11:18:44.180 DEBUG 7503 --- [    Test worker] o.apache.tomcat.util.digester.Digester   :   match='mbeans-descriptors/mbean/operation/parameter'
2019-12-06 11:18:44.180 DEBUG 7503 --- [    Test worker] o.apache.tomcat.util.digester.Digester   :   bodyText=''
2019-12-06 11:18:44.181 DEBUG 7503 --- [    Test worker] o.apache.tomcat.util.digester.Digester   :   Fire body() for ObjectCreateRule[className=org.apache.tomcat.util.modeler.ParameterInfo, attributeName=null]
2019-12-06 11:18:44.181 DEBUG 7503 --- [    Test worker] o.apache.tomcat.util.digester.Digester   :   Fire body() for SetPropertiesRule[]
2019-12-06 11:18:44.181 DEBUG 7503 --- [    Test worker] o.apache.tomcat.util.digester.Digester   :   Fire body() for SetNextRule[methodName=addParameter, paramType=org.apache.tomcat.util.modeler.ParameterInfo]
2019-12-06 11:18:44.181 DEBUG 7503 --- [    Test worker] o.apache.tomcat.util.digester.Digester   :   Fire end() for SetNextRule[methodName=addParameter, paramType=org.apache.tomcat.util.modeler.ParameterInfo]
2019-12-06 11:18:44.181 DEBUG 7503 --- [    Test worker] o.apache.tomcat.util.digester.Digester   : [SetNextRule]{mbeans-descriptors/mbean/operation/parameter} Call org.apache.tomcat.util.modeler.OperationInfo.addParameter(org.apache.tomcat.util.modeler.ParameterInfo@4bdc691a)
2019-12-06 11:18:44.181 DEBUG 7503 --- [    Test worker] o.apache.tomcat.util.IntrospectionUtils  : IntrospectionUtils: callMethod1 org.apache.tomcat.util.modeler.OperationInfo org.apache.tomcat.util.modeler.ParameterInfo org.apache.tomcat.util.modeler.ParameterInfo
2019-12-06 11:18:44.181 DEBUG 7503 --- [    Test worker] o.apache.tomcat.util.digester.Digester   :   Fire end() for SetPropertiesRule[]
2019-12-06 11:18:44.181 DEBUG 7503 --- [    Test worker] o.apache.tomcat.util.digester.Digester   :   Fire end() for ObjectCreateRule[className=org.apache.tomcat.util.modeler.ParameterInfo, attributeName=null]
2019-12-06 11:18:44.182 DEBUG 7503 --- [    Test worker] o.apache.tomcat.util.digester.Digester   : [ObjectCreateRule]{mbeans-descriptors/mbean/operation/parameter} Pop org.apache.tomcat.util.modeler.ParameterInfo
2019-12-06 11:18:44.182 DEBUG 7503 --- [    Test worker] o.a.tomcat.util.digester.Digester.sax    : characters(
    )
2019-12-06 11:18:44.182 DEBUG 7503 --- [    Test worker] o.a.tomcat.util.digester.Digester.sax    : endElement(,,operation)
2019-12-06 11:18:44.182 DEBUG 7503 --- [    Test worker] o.apache.tomcat.util.digester.Digester   :   match='mbeans-descriptors/mbean/operation'
2019-12-06 11:18:44.182 DEBUG 7503 --- [    Test worker] o.apache.tomcat.util.digester.Digester   :   bodyText='
      
    '
2019-12-06 11:18:44.182 DEBUG 7503 --- [    Test worker] o.apache.tomcat.util.digester.Digester   :   Fire body() for ObjectCreateRule[className=org.apache.tomcat.util.modeler.OperationInfo, attributeName=null]
2019-12-06 11:18:44.182 DEBUG 7503 --- [    Test worker] o.apache.tomcat.util.digester.Digester   :   Fire body() for SetPropertiesRule[]
2019-12-06 11:18:44.182 DEBUG 7503 --- [    Test worker] o.apache.tomcat.util.digester.Digester   :   Fire body() for SetNextRule[methodName=addOperation, paramType=org.apache.tomcat.util.modeler.OperationInfo]
2019-12-06 11:18:44.182 DEBUG 7503 --- [    Test worker] o.apache.tomcat.util.digester.Digester   :   Fire end() for SetNextRule[methodName=addOperation, paramType=org.apache.tomcat.util.modeler.OperationInfo]
2019-12-06 11:18:44.183 DEBUG 7503 --- [    Test worker] o.apache.tomcat.util.digester.Digester   : [SetNextRule]{mbeans-descriptors/mbean/operation} Call org.apache.tomcat.util.modeler.ManagedBean.addOperation(org.apache.tomcat.util.modeler.OperationInfo@3246a30a)
2019-12-06 11:18:44.183 DEBUG 7503 --- [    Test worker] o.apache.tomcat.util.IntrospectionUtils  : IntrospectionUtils: callMethod1 org.apache.tomcat.util.modeler.ManagedBean org.apache.tomcat.util.modeler.OperationInfo org.apache.tomcat.util.modeler.OperationInfo
2019-12-06 11:18:44.183 DEBUG 7503 --- [    Test worker] o.apache.tomcat.util.digester.Digester   :   Fire end() for SetPropertiesRule[]
2019-12-06 11:18:44.183 DEBUG 7503 --- [    Test worker] o.apache.tomcat.util.digester.Digester   :   Fire end() for ObjectCreateRule[className=org.apache.tomcat.util.modeler.OperationInfo, attributeName=null]
2019-12-06 11:18:44.183 DEBUG 7503 --- [    Test worker] o.apache.tomcat.util.digester.Digester   : [ObjectCreateRule]{mbeans-descriptors/mbean/operation} Pop org.apache.tomcat.util.modeler.OperationInfo
2019-12-06 11:18:44.183 DEBUG 7503 --- [    Test worker] o.a.tomcat.util.digester.Digester.sax    : characters(

    )
2019-12-06 11:18:44.183 DEBUG 7503 --- [    Test worker] o.a.tomcat.util.digester.Digester.sax    : startElement(,,operation)
2019-12-06 11:18:44.183 DEBUG 7503 --- [    Test worker] o.apache.tomcat.util.digester.Digester   :   New match='mbeans-descriptors/mbean/operation'
2019-12-06 11:18:44.184 DEBUG 7503 --- [    Test worker] o.apache.tomcat.util.digester.Digester   :   Fire begin() for ObjectCreateRule[className=org.apache.tomcat.util.modeler.OperationInfo, attributeName=null]
2019-12-06 11:18:44.184 DEBUG 7503 --- [    Test worker] o.apache.tomcat.util.digester.Digester   :   Fire begin() for SetPropertiesRule[]
2019-12-06 11:18:44.184 DEBUG 7503 --- [    Test worker] o.apache.tomcat.util.digester.Digester   : [SetPropertiesRule]{mbeans-descriptors/mbean/operation} Set org.apache.tomcat.util.modeler.OperationInfo properties
2019-12-06 11:18:44.184 DEBUG 7503 --- [    Test worker] o.apache.tomcat.util.digester.Digester   : [SetPropertiesRule]{mbeans-descriptors/mbean/operation} Setting property 'name' to 'getSslContext'
2019-12-06 11:18:44.184 DEBUG 7503 --- [    Test worker] o.apache.tomcat.util.IntrospectionUtils  : IntrospectionUtils: setProperty(class org.apache.tomcat.util.modeler.OperationInfo name=getSslContext)
2019-12-06 11:18:44.184 DEBUG 7503 --- [    Test worker] o.apache.tomcat.util.digester.Digester   : [SetPropertiesRule]{mbeans-descriptors/mbean/operation} Setting property 'returnType' to 'long'
2019-12-06 11:18:44.184 DEBUG 7503 --- [    Test worker] o.apache.tomcat.util.IntrospectionUtils  : IntrospectionUtils: setProperty(class org.apache.tomcat.util.modeler.OperationInfo returnType=long)
2019-12-06 11:18:44.184 DEBUG 7503 --- [    Test worker] o.apache.tomcat.util.digester.Digester   :   Fire begin() for SetNextRule[methodName=addOperation, paramType=org.apache.tomcat.util.modeler.OperationInfo]
2019-12-06 11:18:44.185 DEBUG 7503 --- [    Test worker] o.a.tomcat.util.digester.Digester.sax    : characters(
      )
2019-12-06 11:18:44.185 DEBUG 7503 --- [    Test worker] o.a.tomcat.util.digester.Digester.sax    : startElement(,,parameter)
2019-12-06 11:18:44.185 DEBUG 7503 --- [    Test worker] o.apache.tomcat.util.digester.Digester   :   New match='mbeans-descriptors/mbean/operation/parameter'
2019-12-06 11:18:44.185 DEBUG 7503 --- [    Test worker] o.apache.tomcat.util.digester.Digester   :   Fire begin() for ObjectCreateRule[className=org.apache.tomcat.util.modeler.ParameterInfo, attributeName=null]
2019-12-06 11:18:44.185 DEBUG 7503 --- [    Test worker] o.apache.tomcat.util.digester.Digester   :   Fire begin() for SetPropertiesRule[]
2019-12-06 11:18:44.185 DEBUG 7503 --- [    Test worker] o.apache.tomcat.util.digester.Digester   : [SetPropertiesRule]{mbeans-descriptors/mbean/operation/parameter} Set org.apache.tomcat.util.modeler.ParameterInfo properties
2019-12-06 11:18:44.185 DEBUG 7503 --- [    Test worker] o.apache.tomcat.util.digester.Digester   : [SetPropertiesRule]{mbeans-descriptors/mbean/operation/parameter} Setting property 'name' to 'param0'
2019-12-06 11:18:44.185 DEBUG 7503 --- [    Test worker] o.apache.tomcat.util.IntrospectionUtils  : IntrospectionUtils: setProperty(class org.apache.tomcat.util.modeler.ParameterInfo name=param0)
2019-12-06 11:18:44.186 DEBUG 7503 --- [    Test worker] o.apache.tomcat.util.digester.Digester   : [SetPropertiesRule]{mbeans-descriptors/mbean/operation/parameter} Setting property 'type' to 'java.lang.String'
2019-12-06 11:18:44.186 DEBUG 7503 --- [    Test worker] o.apache.tomcat.util.IntrospectionUtils  : IntrospectionUtils: setProperty(class org.apache.tomcat.util.modeler.ParameterInfo type=java.lang.String)
2019-12-06 11:18:44.186 DEBUG 7503 --- [    Test worker] o.apache.tomcat.util.digester.Digester   :   Fire begin() for SetNextRule[methodName=addParameter, paramType=org.apache.tomcat.util.modeler.ParameterInfo]
2019-12-06 11:18:44.186 DEBUG 7503 --- [    Test worker] o.a.tomcat.util.digester.Digester.sax    : endElement(,,parameter)
2019-12-06 11:18:44.186 DEBUG 7503 --- [    Test worker] o.apache.tomcat.util.digester.Digester   :   match='mbeans-descriptors/mbean/operation/parameter'
2019-12-06 11:18:44.186 DEBUG 7503 --- [    Test worker] o.apache.tomcat.util.digester.Digester   :   bodyText=''
2019-12-06 11:18:44.186 DEBUG 7503 --- [    Test worker] o.apache.tomcat.util.digester.Digester   :   Fire body() for ObjectCreateRule[className=org.apache.tomcat.util.modeler.ParameterInfo, attributeName=null]
2019-12-06 11:18:44.186 DEBUG 7503 --- [    Test worker] o.apache.tomcat.util.digester.Digester   :   Fire body() for SetPropertiesRule[]
2019-12-06 11:18:44.186 DEBUG 7503 --- [    Test worker] o.apache.tomcat.util.digester.Digester   :   Fire body() for SetNextRule[methodName=addParameter, paramType=org.apache.tomcat.util.modeler.ParameterInfo]
2019-12-06 11:18:44.187 DEBUG 7503 --- [    Test worker] o.apache.tomcat.util.digester.Digester   :   Fire end() for SetNextRule[methodName=addParameter, paramType=org.apache.tomcat.util.modeler.ParameterInfo]
2019-12-06 11:18:44.187 DEBUG 7503 --- [    Test worker] o.apache.tomcat.util.digester.Digester   : [SetNextRule]{mbeans-descriptors/mbean/operation/parameter} Call org.apache.tomcat.util.modeler.OperationInfo.addParameter(org.apache.tomcat.util.modeler.ParameterInfo@3b9cab3f)
2019-12-06 11:18:44.187 DEBUG 7503 --- [    Test worker] o.apache.tomcat.util.IntrospectionUtils  : IntrospectionUtils: callMethod1 org.apache.tomcat.util.modeler.OperationInfo org.apache.tomcat.util.modeler.ParameterInfo org.apache.tomcat.util.modeler.ParameterInfo
2019-12-06 11:18:44.187 DEBUG 7503 --- [    Test worker] o.apache.tomcat.util.digester.Digester   :   Fire end() for SetPropertiesRule[]
2019-12-06 11:18:44.187 DEBUG 7503 --- [    Test worker] o.apache.tomcat.util.digester.Digester   :   Fire end() for ObjectCreateRule[className=org.apache.tomcat.util.modeler.ParameterInfo, attributeName=null]
2019-12-06 11:18:44.187 DEBUG 7503 --- [    Test worker] o.apache.tomcat.util.digester.Digester   : [ObjectCreateRule]{mbeans-descriptors/mbean/operation/parameter} Pop org.apache.tomcat.util.modeler.ParameterInfo
2019-12-06 11:18:44.187 DEBUG 7503 --- [    Test worker] o.a.tomcat.util.digester.Digester.sax    : characters(
    )
2019-12-06 11:18:44.187 DEBUG 7503 --- [    Test worker] o.a.tomcat.util.digester.Digester.sax    : endElement(,,operation)
2019-12-06 11:18:44.188 DEBUG 7503 --- [    Test worker] o.apache.tomcat.util.digester.Digester   :   match='mbeans-descriptors/mbean/operation'
2019-12-06 11:18:44.188 DEBUG 7503 --- [    Test worker] o.apache.tomcat.util.digester.Digester   :   bodyText='
      
    '
2019-12-06 11:18:44.188 DEBUG 7503 --- [    Test worker] o.apache.tomcat.util.digester.Digester   :   Fire body() for ObjectCreateRule[className=org.apache.tomcat.util.modeler.OperationInfo, attributeName=null]
2019-12-06 11:18:44.188 DEBUG 7503 --- [    Test worker] o.apache.tomcat.util.digester.Digester   :   Fire body() for SetPropertiesRule[]
2019-12-06 11:18:44.188 DEBUG 7503 --- [    Test worker] o.apache.tomcat.util.digester.Digester   :   Fire body() for SetNextRule[methodName=addOperation, paramType=org.apache.tomcat.util.modeler.OperationInfo]
2019-12-06 11:18:44.188 DEBUG 7503 --- [    Test worker] o.apache.tomcat.util.digester.Digester   :   Fire end() for SetNextRule[methodName=addOperation, paramType=org.apache.tomcat.util.modeler.OperationInfo]
2019-12-06 11:18:44.188 DEBUG 7503 --- [    Test worker] o.apache.tomcat.util.digester.Digester   : [SetNextRule]{mbeans-descriptors/mbean/operation} Call org.apache.tomcat.util.modeler.ManagedBean.addOperation(org.apache.tomcat.util.modeler.OperationInfo@7d30d5d)
2019-12-06 11:18:44.188 DEBUG 7503 --- [    Test worker] o.apache.tomcat.util.IntrospectionUtils  : IntrospectionUtils: callMethod1 org.apache.tomcat.util.modeler.ManagedBean org.apache.tomcat.util.modeler.OperationInfo org.apache.tomcat.util.modeler.OperationInfo
2019-12-06 11:18:44.189 DEBUG 7503 --- [    Test worker] o.apache.tomcat.util.digester.Digester   :   Fire end() for SetPropertiesRule[]
2019-12-06 11:18:44.189 DEBUG 7503 --- [    Test worker] o.apache.tomcat.util.digester.Digester   :   Fire end() for ObjectCreateRule[className=org.apache.tomcat.util.modeler.OperationInfo, attributeName=null]
2019-12-06 11:18:44.189 DEBUG 7503 --- [    Test worker] o.apache.tomcat.util.digester.Digester   : [ObjectCreateRule]{mbeans-descriptors/mbean/operation} Pop org.apache.tomcat.util.modeler.OperationInfo
2019-12-06 11:18:44.189 DEBUG 7503 --- [    Test worker] o.a.tomcat.util.digester.Digester.sax    : characters(

    )
2019-12-06 11:18:44.189 DEBUG 7503 --- [    Test worker] o.a.tomcat.util.digester.Digester.sax    : startElement(,,operation)
2019-12-06 11:18:44.189 DEBUG 7503 --- [    Test worker] o.apache.tomcat.util.digester.Digester   :   New match='mbeans-descriptors/mbean/operation'
2019-12-06 11:18:44.189 DEBUG 7503 --- [    Test worker] o.apache.tomcat.util.digester.Digester   :   Fire begin() for ObjectCreateRule[className=org.apache.tomcat.util.modeler.OperationInfo, attributeName=null]
2019-12-06 11:18:44.189 DEBUG 7503 --- [    Test worker] o.apache.tomcat.util.digester.Digester   :   Fire begin() for SetPropertiesRule[]
2019-12-06 11:18:44.190 DEBUG 7503 --- [    Test worker] o.apache.tomcat.util.digester.Digester   : [SetPropertiesRule]{mbeans-descriptors/mbean/operation} Set org.apache.tomcat.util.modeler.OperationInfo properties
2019-12-06 11:18:44.190 DEBUG 7503 --- [    Test worker] o.apache.tomcat.util.digester.Digester   : [SetPropertiesRule]{mbeans-descriptors/mbean/operation} Setting property 'name' to 'hasNegotiableProtocols'
2019-12-06 11:18:44.190 DEBUG 7503 --- [    Test worker] o.apache.tomcat.util.IntrospectionUtils  : IntrospectionUtils: setProperty(class org.apache.tomcat.util.modeler.OperationInfo name=hasNegotiableProtocols)
2019-12-06 11:18:44.190 DEBUG 7503 --- [    Test worker] o.apache.tomcat.util.digester.Digester   : [SetPropertiesRule]{mbeans-descriptors/mbean/operation} Setting property 'returnType' to 'boolean'
2019-12-06 11:18:44.190 DEBUG 7503 --- [    Test worker] o.apache.tomcat.util.IntrospectionUtils  : IntrospectionUtils: setProperty(class org.apache.tomcat.util.modeler.OperationInfo returnType=boolean)
2019-12-06 11:18:44.190 DEBUG 7503 --- [    Test worker] o.apache.tomcat.util.digester.Digester   :   Fire begin() for SetNextRule[methodName=addOperation, paramType=org.apache.tomcat.util.modeler.OperationInfo]
2019-12-06 11:18:44.190 DEBUG 7503 --- [    Test worker] o.a.tomcat.util.digester.Digester.sax    : endElement(,,operation)
2019-12-06 11:18:44.190 DEBUG 7503 --- [    Test worker] o.apache.tomcat.util.digester.Digester   :   match='mbeans-descriptors/mbean/operation'
2019-12-06 11:18:44.191 DEBUG 7503 --- [    Test worker] o.apache.tomcat.util.digester.Digester   :   bodyText=''
2019-12-06 11:18:44.191 DEBUG 7503 --- [    Test worker] o.apache.tomcat.util.digester.Digester   :   Fire body() for ObjectCreateRule[className=org.apache.tomcat.util.modeler.OperationInfo, attributeName=null]
2019-12-06 11:18:44.191 DEBUG 7503 --- [    Test worker] o.apache.tomcat.util.digester.Digester   :   Fire body() for SetPropertiesRule[]
2019-12-06 11:18:44.191 DEBUG 7503 --- [    Test worker] o.apache.tomcat.util.digester.Digester   :   Fire body() for SetNextRule[methodName=addOperation, paramType=org.apache.tomcat.util.modeler.OperationInfo]
2019-12-06 11:18:44.191 DEBUG 7503 --- [    Test worker] o.apache.tomcat.util.digester.Digester   :   Fire end() for SetNextRule[methodName=addOperation, paramType=org.apache.tomcat.util.modeler.OperationInfo]
2019-12-06 11:18:44.191 DEBUG 7503 --- [    Test worker] o.apache.tomcat.util.digester.Digester   : [SetNextRule]{mbeans-descriptors/mbean/operation} Call org.apache.tomcat.util.modeler.ManagedBean.addOperation(org.apache.tomcat.util.modeler.OperationInfo@2f6f3004)
2019-12-06 11:18:44.191 DEBUG 7503 --- [    Test worker] o.apache.tomcat.util.IntrospectionUtils  : IntrospectionUtils: callMethod1 org.apache.tomcat.util.modeler.ManagedBean org.apache.tomcat.util.modeler.OperationInfo org.apache.tomcat.util.modeler.OperationInfo
2019-12-06 11:18:44.191 DEBUG 7503 --- [    Test worker] o.apache.tomcat.util.digester.Digester   :   Fire end() for SetPropertiesRule[]
2019-12-06 11:18:44.192 DEBUG 7503 --- [    Test worker] o.apache.tomcat.util.digester.Digester   :   Fire end() for ObjectCreateRule[className=org.apache.tomcat.util.modeler.OperationInfo, attributeName=null]
2019-12-06 11:18:44.192 DEBUG 7503 --- [    Test worker] o.apache.tomcat.util.digester.Digester   : [ObjectCreateRule]{mbeans-descriptors/mbean/operation} Pop org.apache.tomcat.util.modeler.OperationInfo
2019-12-06 11:18:44.192 DEBUG 7503 --- [    Test worker] o.a.tomcat.util.digester.Digester.sax    : characters(

    )
2019-12-06 11:18:44.192 DEBUG 7503 --- [    Test worker] o.a.tomcat.util.digester.Digester.sax    : startElement(,,operation)
2019-12-06 11:18:44.192 DEBUG 7503 --- [    Test worker] o.apache.tomcat.util.digester.Digester   :   New match='mbeans-descriptors/mbean/operation'
2019-12-06 11:18:44.192 DEBUG 7503 --- [    Test worker] o.apache.tomcat.util.digester.Digester   :   Fire begin() for ObjectCreateRule[className=org.apache.tomcat.util.modeler.OperationInfo, attributeName=null]
2019-12-06 11:18:44.192 DEBUG 7503 --- [    Test worker] o.apache.tomcat.util.digester.Digester   :   Fire begin() for SetPropertiesRule[]
2019-12-06 11:18:44.192 DEBUG 7503 --- [    Test worker] o.apache.tomcat.util.digester.Digester   : [SetPropertiesRule]{mbeans-descriptors/mbean/operation} Set org.apache.tomcat.util.modeler.OperationInfo properties
2019-12-06 11:18:44.192 DEBUG 7503 --- [    Test worker] o.apache.tomcat.util.digester.Digester   : [SetPropertiesRule]{mbeans-descriptors/mbean/operation} Setting property 'name' to 'init'
2019-12-06 11:18:44.193 DEBUG 7503 --- [    Test worker] o.apache.tomcat.util.IntrospectionUtils  : IntrospectionUtils: setProperty(class org.apache.tomcat.util.modeler.OperationInfo name=init)
2019-12-06 11:18:44.193 DEBUG 7503 --- [    Test worker] o.apache.tomcat.util.digester.Digester   : [SetPropertiesRule]{mbeans-descriptors/mbean/operation} Setting property 'returnType' to 'void'
2019-12-06 11:18:44.193 DEBUG 7503 --- [    Test worker] o.apache.tomcat.util.IntrospectionUtils  : IntrospectionUtils: setProperty(class org.apache.tomcat.util.modeler.OperationInfo returnType=void)
2019-12-06 11:18:44.193 DEBUG 7503 --- [    Test worker] o.apache.tomcat.util.digester.Digester   :   Fire begin() for SetNextRule[methodName=addOperation, paramType=org.apache.tomcat.util.modeler.OperationInfo]
2019-12-06 11:18:44.193 DEBUG 7503 --- [    Test worker] o.a.tomcat.util.digester.Digester.sax    : endElement(,,operation)
2019-12-06 11:18:44.193 DEBUG 7503 --- [    Test worker] o.apache.tomcat.util.digester.Digester   :   match='mbeans-descriptors/mbean/operation'
2019-12-06 11:18:44.193 DEBUG 7503 --- [    Test worker] o.apache.tomcat.util.digester.Digester   :   bodyText=''
2019-12-06 11:18:44.193 DEBUG 7503 --- [    Test worker] o.apache.tomcat.util.digester.Digester   :   Fire body() for ObjectCreateRule[className=org.apache.tomcat.util.modeler.OperationInfo, attributeName=null]
2019-12-06 11:18:44.194 DEBUG 7503 --- [    Test worker] o.apache.tomcat.util.digester.Digester   :   Fire body() for SetPropertiesRule[]
2019-12-06 11:18:44.194 DEBUG 7503 --- [    Test worker] o.apache.tomcat.util.digester.Digester   :   Fire body() for SetNextRule[methodName=addOperation, paramType=org.apache.tomcat.util.modeler.OperationInfo]
2019-12-06 11:18:44.194 DEBUG 7503 --- [    Test worker] o.apache.tomcat.util.digester.Digester   :   Fire end() for SetNextRule[methodName=addOperation, paramType=org.apache.tomcat.util.modeler.OperationInfo]
2019-12-06 11:18:44.194 DEBUG 7503 --- [    Test worker] o.apache.tomcat.util.digester.Digester   : [SetNextRule]{mbeans-descriptors/mbean/operation} Call org.apache.tomcat.util.modeler.ManagedBean.addOperation(org.apache.tomcat.util.modeler.OperationInfo@28368810)
2019-12-06 11:18:44.194 DEBUG 7503 --- [    Test worker] o.apache.tomcat.util.IntrospectionUtils  : IntrospectionUtils: callMethod1 org.apache.tomcat.util.modeler.ManagedBean org.apache.tomcat.util.modeler.OperationInfo org.apache.tomcat.util.modeler.OperationInfo
2019-12-06 11:18:44.194 DEBUG 7503 --- [    Test worker] o.apache.tomcat.util.digester.Digester   :   Fire end() for SetPropertiesRule[]
2019-12-06 11:18:44.194 DEBUG 7503 --- [    Test worker] o.apache.tomcat.util.digester.Digester   :   Fire end() for ObjectCreateRule[className=org.apache.tomcat.util.modeler.OperationInfo, attributeName=null]
2019-12-06 11:18:44.194 DEBUG 7503 --- [    Test worker] o.apache.tomcat.util.digester.Digester   : [ObjectCreateRule]{mbeans-descriptors/mbean/operation} Pop org.apache.tomcat.util.modeler.OperationInfo
2019-12-06 11:18:44.195 DEBUG 7503 --- [    Test worker] o.a.tomcat.util.digester.Digester.sax    : characters(

    )
2019-12-06 11:18:44.195 DEBUG 7503 --- [    Test worker] o.a.tomcat.util.digester.Digester.sax    : startElement(,,operation)
2019-12-06 11:18:44.195 DEBUG 7503 --- [    Test worker] o.apache.tomcat.util.digester.Digester   :   New match='mbeans-descriptors/mbean/operation'
2019-12-06 11:18:44.195 DEBUG 7503 --- [    Test worker] o.apache.tomcat.util.digester.Digester   :   Fire begin() for ObjectCreateRule[className=org.apache.tomcat.util.modeler.OperationInfo, attributeName=null]
2019-12-06 11:18:44.195 DEBUG 7503 --- [    Test worker] o.apache.tomcat.util.digester.Digester   :   Fire begin() for SetPropertiesRule[]
2019-12-06 11:18:44.195 DEBUG 7503 --- [    Test worker] o.apache.tomcat.util.digester.Digester   : [SetPropertiesRule]{mbeans-descriptors/mbean/operation} Set org.apache.tomcat.util.modeler.OperationInfo properties
2019-12-06 11:18:44.195 DEBUG 7503 --- [    Test worker] o.apache.tomcat.util.digester.Digester   : [SetPropertiesRule]{mbeans-descriptors/mbean/operation} Setting property 'name' to 'pause'
2019-12-06 11:18:44.196 DEBUG 7503 --- [    Test worker] o.apache.tomcat.util.IntrospectionUtils  : IntrospectionUtils: setProperty(class org.apache.tomcat.util.modeler.OperationInfo name=pause)
2019-12-06 11:18:44.196 DEBUG 7503 --- [    Test worker] o.apache.tomcat.util.digester.Digester   : [SetPropertiesRule]{mbeans-descriptors/mbean/operation} Setting property 'returnType' to 'void'
2019-12-06 11:18:44.196 DEBUG 7503 --- [    Test worker] o.apache.tomcat.util.IntrospectionUtils  : IntrospectionUtils: setProperty(class org.apache.tomcat.util.modeler.OperationInfo returnType=void)
2019-12-06 11:18:44.196 DEBUG 7503 --- [    Test worker] o.apache.tomcat.util.digester.Digester   :   Fire begin() for SetNextRule[methodName=addOperation, paramType=org.apache.tomcat.util.modeler.OperationInfo]
2019-12-06 11:18:44.196 DEBUG 7503 --- [    Test worker] o.a.tomcat.util.digester.Digester.sax    : endElement(,,operation)
2019-12-06 11:18:44.196 DEBUG 7503 --- [    Test worker] o.apache.tomcat.util.digester.Digester   :   match='mbeans-descriptors/mbean/operation'
2019-12-06 11:18:44.196 DEBUG 7503 --- [    Test worker] o.apache.tomcat.util.digester.Digester   :   bodyText=''
2019-12-06 11:18:44.196 DEBUG 7503 --- [    Test worker] o.apache.tomcat.util.digester.Digester   :   Fire body() for ObjectCreateRule[className=org.apache.tomcat.util.modeler.OperationInfo, attributeName=null]
2019-12-06 11:18:44.197 DEBUG 7503 --- [    Test worker] o.apache.tomcat.util.digester.Digester   :   Fire body() for SetPropertiesRule[]
2019-12-06 11:18:44.197 DEBUG 7503 --- [    Test worker] o.apache.tomcat.util.digester.Digester   :   Fire body() for SetNextRule[methodName=addOperation, paramType=org.apache.tomcat.util.modeler.OperationInfo]
2019-12-06 11:18:44.197 DEBUG 7503 --- [    Test worker] o.apache.tomcat.util.digester.Digester   :   Fire end() for SetNextRule[methodName=addOperation, paramType=org.apache.tomcat.util.modeler.OperationInfo]
2019-12-06 11:18:44.197 DEBUG 7503 --- [    Test worker] o.apache.tomcat.util.digester.Digester   : [SetNextRule]{mbeans-descriptors/mbean/operation} Call org.apache.tomcat.util.modeler.ManagedBean.addOperation(org.apache.tomcat.util.modeler.OperationInfo@76ad0b7a)
2019-12-06 11:18:44.197 DEBUG 7503 --- [    Test worker] o.apache.tomcat.util.IntrospectionUtils  : IntrospectionUtils: callMethod1 org.apache.tomcat.util.modeler.ManagedBean org.apache.tomcat.util.modeler.OperationInfo org.apache.tomcat.util.modeler.OperationInfo
2019-12-06 11:18:44.197 DEBUG 7503 --- [    Test worker] o.apache.tomcat.util.digester.Digester   :   Fire end() for SetPropertiesRule[]
2019-12-06 11:18:44.197 DEBUG 7503 --- [    Test worker] o.apache.tomcat.util.digester.Digester   :   Fire end() for ObjectCreateRule[className=org.apache.tomcat.util.modeler.OperationInfo, attributeName=null]
2019-12-06 11:18:44.197 DEBUG 7503 --- [    Test worker] o.apache.tomcat.util.digester.Digester   : [ObjectCreateRule]{mbeans-descriptors/mbean/operation} Pop org.apache.tomcat.util.modeler.OperationInfo
2019-12-06 11:18:44.198 DEBUG 7503 --- [    Test worker] o.a.tomcat.util.digester.Digester.sax    : characters(

    )
2019-12-06 11:18:44.198 DEBUG 7503 --- [    Test worker] o.a.tomcat.util.digester.Digester.sax    : startElement(,,operation)
2019-12-06 11:18:44.198 DEBUG 7503 --- [    Test worker] o.apache.tomcat.util.digester.Digester   :   New match='mbeans-descriptors/mbean/operation'
2019-12-06 11:18:44.198 DEBUG 7503 --- [    Test worker] o.apache.tomcat.util.digester.Digester   :   Fire begin() for ObjectCreateRule[className=org.apache.tomcat.util.modeler.OperationInfo, attributeName=null]
2019-12-06 11:18:44.198 DEBUG 7503 --- [    Test worker] o.apache.tomcat.util.digester.Digester   :   Fire begin() for SetPropertiesRule[]
2019-12-06 11:18:44.198 DEBUG 7503 --- [    Test worker] o.apache.tomcat.util.digester.Digester   : [SetPropertiesRule]{mbeans-descriptors/mbean/operation} Set org.apache.tomcat.util.modeler.OperationInfo properties
2019-12-06 11:18:44.198 DEBUG 7503 --- [    Test worker] o.apache.tomcat.util.digester.Digester   : [SetPropertiesRule]{mbeans-descriptors/mbean/operation} Setting property 'name' to 'reloadSslHostConfig'
2019-12-06 11:18:44.198 DEBUG 7503 --- [    Test worker] o.apache.tomcat.util.IntrospectionUtils  : IntrospectionUtils: setProperty(class org.apache.tomcat.util.modeler.OperationInfo name=reloadSslHostConfig)
2019-12-06 11:18:44.199 DEBUG 7503 --- [    Test worker] o.apache.tomcat.util.digester.Digester   : [SetPropertiesRule]{mbeans-descriptors/mbean/operation} Setting property 'returnType' to 'void'
2019-12-06 11:18:44.199 DEBUG 7503 --- [    Test worker] o.apache.tomcat.util.IntrospectionUtils  : IntrospectionUtils: setProperty(class org.apache.tomcat.util.modeler.OperationInfo returnType=void)
2019-12-06 11:18:44.199 DEBUG 7503 --- [    Test worker] o.apache.tomcat.util.digester.Digester   :   Fire begin() for SetNextRule[methodName=addOperation, paramType=org.apache.tomcat.util.modeler.OperationInfo]
2019-12-06 11:18:44.199 DEBUG 7503 --- [    Test worker] o.a.tomcat.util.digester.Digester.sax    : characters(
      )
2019-12-06 11:18:44.199 DEBUG 7503 --- [    Test worker] o.a.tomcat.util.digester.Digester.sax    : startElement(,,parameter)
2019-12-06 11:18:44.199 DEBUG 7503 --- [    Test worker] o.apache.tomcat.util.digester.Digester   :   New match='mbeans-descriptors/mbean/operation/parameter'
2019-12-06 11:18:44.199 DEBUG 7503 --- [    Test worker] o.apache.tomcat.util.digester.Digester   :   Fire begin() for ObjectCreateRule[className=org.apache.tomcat.util.modeler.ParameterInfo, attributeName=null]
2019-12-06 11:18:44.199 DEBUG 7503 --- [    Test worker] o.apache.tomcat.util.digester.Digester   :   Fire begin() for SetPropertiesRule[]
2019-12-06 11:18:44.199 DEBUG 7503 --- [    Test worker] o.apache.tomcat.util.digester.Digester   : [SetPropertiesRule]{mbeans-descriptors/mbean/operation/parameter} Set org.apache.tomcat.util.modeler.ParameterInfo properties
2019-12-06 11:18:44.200 DEBUG 7503 --- [    Test worker] o.apache.tomcat.util.digester.Digester   : [SetPropertiesRule]{mbeans-descriptors/mbean/operation/parameter} Setting property 'name' to 'param0'
2019-12-06 11:18:44.200 DEBUG 7503 --- [    Test worker] o.apache.tomcat.util.IntrospectionUtils  : IntrospectionUtils: setProperty(class org.apache.tomcat.util.modeler.ParameterInfo name=param0)
2019-12-06 11:18:44.200 DEBUG 7503 --- [    Test worker] o.apache.tomcat.util.digester.Digester   : [SetPropertiesRule]{mbeans-descriptors/mbean/operation/parameter} Setting property 'type' to 'java.lang.String'
2019-12-06 11:18:44.200 DEBUG 7503 --- [    Test worker] o.apache.tomcat.util.IntrospectionUtils  : IntrospectionUtils: setProperty(class org.apache.tomcat.util.modeler.ParameterInfo type=java.lang.String)
2019-12-06 11:18:44.200 DEBUG 7503 --- [    Test worker] o.apache.tomcat.util.digester.Digester   :   Fire begin() for SetNextRule[methodName=addParameter, paramType=org.apache.tomcat.util.modeler.ParameterInfo]
2019-12-06 11:18:44.200 DEBUG 7503 --- [    Test worker] o.a.tomcat.util.digester.Digester.sax    : endElement(,,parameter)
2019-12-06 11:18:44.200 DEBUG 7503 --- [    Test worker] o.apache.tomcat.util.digester.Digester   :   match='mbeans-descriptors/mbean/operation/parameter'
2019-12-06 11:18:44.200 DEBUG 7503 --- [    Test worker] o.apache.tomcat.util.digester.Digester   :   bodyText=''
2019-12-06 11:18:44.201 DEBUG 7503 --- [    Test worker] o.apache.tomcat.util.digester.Digester   :   Fire body() for ObjectCreateRule[className=org.apache.tomcat.util.modeler.ParameterInfo, attributeName=null]
2019-12-06 11:18:44.201 DEBUG 7503 --- [    Test worker] o.apache.tomcat.util.digester.Digester   :   Fire body() for SetPropertiesRule[]
2019-12-06 11:18:44.201 DEBUG 7503 --- [    Test worker] o.apache.tomcat.util.digester.Digester   :   Fire body() for SetNextRule[methodName=addParameter, paramType=org.apache.tomcat.util.modeler.ParameterInfo]
2019-12-06 11:18:44.201 DEBUG 7503 --- [    Test worker] o.apache.tomcat.util.digester.Digester   :   Fire end() for SetNextRule[methodName=addParameter, paramType=org.apache.tomcat.util.modeler.ParameterInfo]
2019-12-06 11:18:44.201 DEBUG 7503 --- [    Test worker] o.apache.tomcat.util.digester.Digester   : [SetNextRule]{mbeans-descriptors/mbean/operation/parameter} Call org.apache.tomcat.util.modeler.OperationInfo.addParameter(org.apache.tomcat.util.modeler.ParameterInfo@690b4917)
2019-12-06 11:18:44.201 DEBUG 7503 --- [    Test worker] o.apache.tomcat.util.IntrospectionUtils  : IntrospectionUtils: callMethod1 org.apache.tomcat.util.modeler.OperationInfo org.apache.tomcat.util.modeler.ParameterInfo org.apache.tomcat.util.modeler.ParameterInfo
2019-12-06 11:18:44.201 DEBUG 7503 --- [    Test worker] o.apache.tomcat.util.digester.Digester   :   Fire end() for SetPropertiesRule[]
2019-12-06 11:18:44.201 DEBUG 7503 --- [    Test worker] o.apache.tomcat.util.digester.Digester   :   Fire end() for ObjectCreateRule[className=org.apache.tomcat.util.modeler.ParameterInfo, attributeName=null]
2019-12-06 11:18:44.201 DEBUG 7503 --- [    Test worker] o.apache.tomcat.util.digester.Digester   : [ObjectCreateRule]{mbeans-descriptors/mbean/operation/parameter} Pop org.apache.tomcat.util.modeler.ParameterInfo
2019-12-06 11:18:44.202 DEBUG 7503 --- [    Test worker] o.a.tomcat.util.digester.Digester.sax    : characters(
    )
2019-12-06 11:18:44.202 DEBUG 7503 --- [    Test worker] o.a.tomcat.util.digester.Digester.sax    : endElement(,,operation)
2019-12-06 11:18:44.202 DEBUG 7503 --- [    Test worker] o.apache.tomcat.util.digester.Digester   :   match='mbeans-descriptors/mbean/operation'
2019-12-06 11:18:44.202 DEBUG 7503 --- [    Test worker] o.apache.tomcat.util.digester.Digester   :   bodyText='
      
    '
2019-12-06 11:18:44.202 DEBUG 7503 --- [    Test worker] o.apache.tomcat.util.digester.Digester   :   Fire body() for ObjectCreateRule[className=org.apache.tomcat.util.modeler.OperationInfo, attributeName=null]
2019-12-06 11:18:44.202 DEBUG 7503 --- [    Test worker] o.apache.tomcat.util.digester.Digester   :   Fire body() for SetPropertiesRule[]
2019-12-06 11:18:44.202 DEBUG 7503 --- [    Test worker] o.apache.tomcat.util.digester.Digester   :   Fire body() for SetNextRule[methodName=addOperation, paramType=org.apache.tomcat.util.modeler.OperationInfo]
2019-12-06 11:18:44.202 DEBUG 7503 --- [    Test worker] o.apache.tomcat.util.digester.Digester   :   Fire end() for SetNextRule[methodName=addOperation, paramType=org.apache.tomcat.util.modeler.OperationInfo]
2019-12-06 11:18:44.202 DEBUG 7503 --- [    Test worker] o.apache.tomcat.util.digester.Digester   : [SetNextRule]{mbeans-descriptors/mbean/operation} Call org.apache.tomcat.util.modeler.ManagedBean.addOperation(org.apache.tomcat.util.modeler.OperationInfo@3f32ab22)
2019-12-06 11:18:44.203 DEBUG 7503 --- [    Test worker] o.apache.tomcat.util.IntrospectionUtils  : IntrospectionUtils: callMethod1 org.apache.tomcat.util.modeler.ManagedBean org.apache.tomcat.util.modeler.OperationInfo org.apache.tomcat.util.modeler.OperationInfo
2019-12-06 11:18:44.203 DEBUG 7503 --- [    Test worker] o.apache.tomcat.util.digester.Digester   :   Fire end() for SetPropertiesRule[]
2019-12-06 11:18:44.203 DEBUG 7503 --- [    Test worker] o.apache.tomcat.util.digester.Digester   :   Fire end() for ObjectCreateRule[className=org.apache.tomcat.util.modeler.OperationInfo, attributeName=null]
2019-12-06 11:18:44.203 DEBUG 7503 --- [    Test worker] o.apache.tomcat.util.digester.Digester   : [ObjectCreateRule]{mbeans-descriptors/mbean/operation} Pop org.apache.tomcat.util.modeler.OperationInfo
2019-12-06 11:18:44.203 DEBUG 7503 --- [    Test worker] o.a.tomcat.util.digester.Digester.sax    : characters(

    )
2019-12-06 11:18:44.203 DEBUG 7503 --- [    Test worker] o.a.tomcat.util.digester.Digester.sax    : startElement(,,operation)
2019-12-06 11:18:44.203 DEBUG 7503 --- [    Test worker] o.apache.tomcat.util.digester.Digester   :   New match='mbeans-descriptors/mbean/operation'
2019-12-06 11:18:44.203 DEBUG 7503 --- [    Test worker] o.apache.tomcat.util.digester.Digester   :   Fire begin() for ObjectCreateRule[className=org.apache.tomcat.util.modeler.OperationInfo, attributeName=null]
2019-12-06 11:18:44.204 DEBUG 7503 --- [    Test worker] o.apache.tomcat.util.digester.Digester   :   Fire begin() for SetPropertiesRule[]
2019-12-06 11:18:44.204 DEBUG 7503 --- [    Test worker] o.apache.tomcat.util.digester.Digester   : [SetPropertiesRule]{mbeans-descriptors/mbean/operation} Set org.apache.tomcat.util.modeler.OperationInfo properties
2019-12-06 11:18:44.204 DEBUG 7503 --- [    Test worker] o.apache.tomcat.util.digester.Digester   : [SetPropertiesRule]{mbeans-descriptors/mbean/operation} Setting property 'name' to 'reloadSslHostConfigs'
2019-12-06 11:18:44.204 DEBUG 7503 --- [    Test worker] o.apache.tomcat.util.IntrospectionUtils  : IntrospectionUtils: setProperty(class org.apache.tomcat.util.modeler.OperationInfo name=reloadSslHostConfigs)
2019-12-06 11:18:44.204 DEBUG 7503 --- [    Test worker] o.apache.tomcat.util.digester.Digester   : [SetPropertiesRule]{mbeans-descriptors/mbean/operation} Setting property 'returnType' to 'void'
2019-12-06 11:18:44.204 DEBUG 7503 --- [    Test worker] o.apache.tomcat.util.IntrospectionUtils  : IntrospectionUtils: setProperty(class org.apache.tomcat.util.modeler.OperationInfo returnType=void)
2019-12-06 11:18:44.204 DEBUG 7503 --- [    Test worker] o.apache.tomcat.util.digester.Digester   :   Fire begin() for SetNextRule[methodName=addOperation, paramType=org.apache.tomcat.util.modeler.OperationInfo]
2019-12-06 11:18:44.204 DEBUG 7503 --- [    Test worker] o.a.tomcat.util.digester.Digester.sax    : endElement(,,operation)
2019-12-06 11:18:44.205 DEBUG 7503 --- [    Test worker] o.apache.tomcat.util.digester.Digester   :   match='mbeans-descriptors/mbean/operation'
2019-12-06 11:18:44.205 DEBUG 7503 --- [    Test worker] o.apache.tomcat.util.digester.Digester   :   bodyText=''
2019-12-06 11:18:44.205 DEBUG 7503 --- [    Test worker] o.apache.tomcat.util.digester.Digester   :   Fire body() for ObjectCreateRule[className=org.apache.tomcat.util.modeler.OperationInfo, attributeName=null]
2019-12-06 11:18:44.205 DEBUG 7503 --- [    Test worker] o.apache.tomcat.util.digester.Digester   :   Fire body() for SetPropertiesRule[]
2019-12-06 11:18:44.205 DEBUG 7503 --- [    Test worker] o.apache.tomcat.util.digester.Digester   :   Fire body() for SetNextRule[methodName=addOperation, paramType=org.apache.tomcat.util.modeler.OperationInfo]
2019-12-06 11:18:44.205 DEBUG 7503 --- [    Test worker] o.apache.tomcat.util.digester.Digester   :   Fire end() for SetNextRule[methodName=addOperation, paramType=org.apache.tomcat.util.modeler.OperationInfo]
2019-12-06 11:18:44.205 DEBUG 7503 --- [    Test worker] o.apache.tomcat.util.digester.Digester   : [SetNextRule]{mbeans-descriptors/mbean/operation} Call org.apache.tomcat.util.modeler.ManagedBean.addOperation(org.apache.tomcat.util.modeler.OperationInfo@2358d2dc)
2019-12-06 11:18:44.205 DEBUG 7503 --- [    Test worker] o.apache.tomcat.util.IntrospectionUtils  : IntrospectionUtils: callMethod1 org.apache.tomcat.util.modeler.ManagedBean org.apache.tomcat.util.modeler.OperationInfo org.apache.tomcat.util.modeler.OperationInfo
2019-12-06 11:18:44.205 DEBUG 7503 --- [    Test worker] o.apache.tomcat.util.digester.Digester   :   Fire end() for SetPropertiesRule[]
2019-12-06 11:18:44.206 DEBUG 7503 --- [    Test worker] o.apache.tomcat.util.digester.Digester   :   Fire end() for ObjectCreateRule[className=org.apache.tomcat.util.modeler.OperationInfo, attributeName=null]
2019-12-06 11:18:44.206 DEBUG 7503 --- [    Test worker] o.apache.tomcat.util.digester.Digester   : [ObjectCreateRule]{mbeans-descriptors/mbean/operation} Pop org.apache.tomcat.util.modeler.OperationInfo
2019-12-06 11:18:44.206 DEBUG 7503 --- [    Test worker] o.a.tomcat.util.digester.Digester.sax    : characters(

    )
2019-12-06 11:18:44.206 DEBUG 7503 --- [    Test worker] o.a.tomcat.util.digester.Digester.sax    : startElement(,,operation)
2019-12-06 11:18:44.206 DEBUG 7503 --- [    Test worker] o.apache.tomcat.util.digester.Digester   :   New match='mbeans-descriptors/mbean/operation'
2019-12-06 11:18:44.206 DEBUG 7503 --- [    Test worker] o.apache.tomcat.util.digester.Digester   :   Fire begin() for ObjectCreateRule[className=org.apache.tomcat.util.modeler.OperationInfo, attributeName=null]
2019-12-06 11:18:44.206 DEBUG 7503 --- [    Test worker] o.apache.tomcat.util.digester.Digester   :   Fire begin() for SetPropertiesRule[]
2019-12-06 11:18:44.206 DEBUG 7503 --- [    Test worker] o.apache.tomcat.util.digester.Digester   : [SetPropertiesRule]{mbeans-descriptors/mbean/operation} Set org.apache.tomcat.util.modeler.OperationInfo properties
2019-12-06 11:18:44.207 DEBUG 7503 --- [    Test worker] o.apache.tomcat.util.digester.Digester   : [SetPropertiesRule]{mbeans-descriptors/mbean/operation} Setting property 'name' to 'removeSslHostConfig'
2019-12-06 11:18:44.207 DEBUG 7503 --- [    Test worker] o.apache.tomcat.util.IntrospectionUtils  : IntrospectionUtils: setProperty(class org.apache.tomcat.util.modeler.OperationInfo name=removeSslHostConfig)
2019-12-06 11:18:44.207 DEBUG 7503 --- [    Test worker] o.apache.tomcat.util.digester.Digester   : [SetPropertiesRule]{mbeans-descriptors/mbean/operation} Setting property 'returnType' to 'org.apache.tomcat.util.net.SSLHostConfig'
2019-12-06 11:18:44.207 DEBUG 7503 --- [    Test worker] o.apache.tomcat.util.IntrospectionUtils  : IntrospectionUtils: setProperty(class org.apache.tomcat.util.modeler.OperationInfo returnType=org.apache.tomcat.util.net.SSLHostConfig)
2019-12-06 11:18:44.207 DEBUG 7503 --- [    Test worker] o.apache.tomcat.util.digester.Digester   :   Fire begin() for SetNextRule[methodName=addOperation, paramType=org.apache.tomcat.util.modeler.OperationInfo]
2019-12-06 11:18:44.207 DEBUG 7503 --- [    Test worker] o.a.tomcat.util.digester.Digester.sax    : characters(
      )
2019-12-06 11:18:44.207 DEBUG 7503 --- [    Test worker] o.a.tomcat.util.digester.Digester.sax    : startElement(,,parameter)
2019-12-06 11:18:44.207 DEBUG 7503 --- [    Test worker] o.apache.tomcat.util.digester.Digester   :   New match='mbeans-descriptors/mbean/operation/parameter'
2019-12-06 11:18:44.208 DEBUG 7503 --- [    Test worker] o.apache.tomcat.util.digester.Digester   :   Fire begin() for ObjectCreateRule[className=org.apache.tomcat.util.modeler.ParameterInfo, attributeName=null]
2019-12-06 11:18:44.208 DEBUG 7503 --- [    Test worker] o.apache.tomcat.util.digester.Digester   :   Fire begin() for SetPropertiesRule[]
2019-12-06 11:18:44.208 DEBUG 7503 --- [    Test worker] o.apache.tomcat.util.digester.Digester   : [SetPropertiesRule]{mbeans-descriptors/mbean/operation/parameter} Set org.apache.tomcat.util.modeler.ParameterInfo properties
2019-12-06 11:18:44.208 DEBUG 7503 --- [    Test worker] o.apache.tomcat.util.digester.Digester   : [SetPropertiesRule]{mbeans-descriptors/mbean/operation/parameter} Setting property 'name' to 'param0'
2019-12-06 11:18:44.208 DEBUG 7503 --- [    Test worker] o.apache.tomcat.util.IntrospectionUtils  : IntrospectionUtils: setProperty(class org.apache.tomcat.util.modeler.ParameterInfo name=param0)
2019-12-06 11:18:44.208 DEBUG 7503 --- [    Test worker] o.apache.tomcat.util.digester.Digester   : [SetPropertiesRule]{mbeans-descriptors/mbean/operation/parameter} Setting property 'type' to 'java.lang.String'
2019-12-06 11:18:44.208 DEBUG 7503 --- [    Test worker] o.apache.tomcat.util.IntrospectionUtils  : IntrospectionUtils: setProperty(class org.apache.tomcat.util.modeler.ParameterInfo type=java.lang.String)
2019-12-06 11:18:44.209 DEBUG 7503 --- [    Test worker] o.apache.tomcat.util.digester.Digester   :   Fire begin() for SetNextRule[methodName=addParameter, paramType=org.apache.tomcat.util.modeler.ParameterInfo]
2019-12-06 11:18:44.209 DEBUG 7503 --- [    Test worker] o.a.tomcat.util.digester.Digester.sax    : endElement(,,parameter)
2019-12-06 11:18:44.209 DEBUG 7503 --- [    Test worker] o.apache.tomcat.util.digester.Digester   :   match='mbeans-descriptors/mbean/operation/parameter'
2019-12-06 11:18:44.209 DEBUG 7503 --- [    Test worker] o.apache.tomcat.util.digester.Digester   :   bodyText=''
2019-12-06 11:18:44.209 DEBUG 7503 --- [    Test worker] o.apache.tomcat.util.digester.Digester   :   Fire body() for ObjectCreateRule[className=org.apache.tomcat.util.modeler.ParameterInfo, attributeName=null]
2019-12-06 11:18:44.209 DEBUG 7503 --- [    Test worker] o.apache.tomcat.util.digester.Digester   :   Fire body() for SetPropertiesRule[]
2019-12-06 11:18:44.209 DEBUG 7503 --- [    Test worker] o.apache.tomcat.util.digester.Digester   :   Fire body() for SetNextRule[methodName=addParameter, paramType=org.apache.tomcat.util.modeler.ParameterInfo]
2019-12-06 11:18:44.209 DEBUG 7503 --- [    Test worker] o.apache.tomcat.util.digester.Digester   :   Fire end() for SetNextRule[methodName=addParameter, paramType=org.apache.tomcat.util.modeler.ParameterInfo]
2019-12-06 11:18:44.210 DEBUG 7503 --- [    Test worker] o.apache.tomcat.util.digester.Digester   : [SetNextRule]{mbeans-descriptors/mbean/operation/parameter} Call org.apache.tomcat.util.modeler.OperationInfo.addParameter(org.apache.tomcat.util.modeler.ParameterInfo@3d30fb16)
2019-12-06 11:18:44.210 DEBUG 7503 --- [    Test worker] o.apache.tomcat.util.IntrospectionUtils  : IntrospectionUtils: callMethod1 org.apache.tomcat.util.modeler.OperationInfo org.apache.tomcat.util.modeler.ParameterInfo org.apache.tomcat.util.modeler.ParameterInfo
2019-12-06 11:18:44.210 DEBUG 7503 --- [    Test worker] o.apache.tomcat.util.digester.Digester   :   Fire end() for SetPropertiesRule[]
2019-12-06 11:18:44.210 DEBUG 7503 --- [    Test worker] o.apache.tomcat.util.digester.Digester   :   Fire end() for ObjectCreateRule[className=org.apache.tomcat.util.modeler.ParameterInfo, attributeName=null]
2019-12-06 11:18:44.210 DEBUG 7503 --- [    Test worker] o.apache.tomcat.util.digester.Digester   : [ObjectCreateRule]{mbeans-descriptors/mbean/operation/parameter} Pop org.apache.tomcat.util.modeler.ParameterInfo
2019-12-06 11:18:44.210 DEBUG 7503 --- [    Test worker] o.a.tomcat.util.digester.Digester.sax    : characters(
    )
2019-12-06 11:18:44.210 DEBUG 7503 --- [    Test worker] o.a.tomcat.util.digester.Digester.sax    : endElement(,,operation)
2019-12-06 11:18:44.210 DEBUG 7503 --- [    Test worker] o.apache.tomcat.util.digester.Digester   :   match='mbeans-descriptors/mbean/operation'
2019-12-06 11:18:44.210 DEBUG 7503 --- [    Test worker] o.apache.tomcat.util.digester.Digester   :   bodyText='
      
    '
2019-12-06 11:18:44.211 DEBUG 7503 --- [    Test worker] o.apache.tomcat.util.digester.Digester   :   Fire body() for ObjectCreateRule[className=org.apache.tomcat.util.modeler.OperationInfo, attributeName=null]
2019-12-06 11:18:44.211 DEBUG 7503 --- [    Test worker] o.apache.tomcat.util.digester.Digester   :   Fire body() for SetPropertiesRule[]
2019-12-06 11:18:44.211 DEBUG 7503 --- [    Test worker] o.apache.tomcat.util.digester.Digester   :   Fire body() for SetNextRule[methodName=addOperation, paramType=org.apache.tomcat.util.modeler.OperationInfo]
2019-12-06 11:18:44.211 DEBUG 7503 --- [    Test worker] o.apache.tomcat.util.digester.Digester   :   Fire end() for SetNextRule[methodName=addOperation, paramType=org.apache.tomcat.util.modeler.OperationInfo]
2019-12-06 11:18:44.211 DEBUG 7503 --- [    Test worker] o.apache.tomcat.util.digester.Digester   : [SetNextRule]{mbeans-descriptors/mbean/operation} Call org.apache.tomcat.util.modeler.ManagedBean.addOperation(org.apache.tomcat.util.modeler.OperationInfo@ec05e56)
2019-12-06 11:18:44.211 DEBUG 7503 --- [    Test worker] o.apache.tomcat.util.IntrospectionUtils  : IntrospectionUtils: callMethod1 org.apache.tomcat.util.modeler.ManagedBean org.apache.tomcat.util.modeler.OperationInfo org.apache.tomcat.util.modeler.OperationInfo
2019-12-06 11:18:44.211 DEBUG 7503 --- [    Test worker] o.apache.tomcat.util.digester.Digester   :   Fire end() for SetPropertiesRule[]
2019-12-06 11:18:44.211 DEBUG 7503 --- [    Test worker] o.apache.tomcat.util.digester.Digester   :   Fire end() for ObjectCreateRule[className=org.apache.tomcat.util.modeler.OperationInfo, attributeName=null]
2019-12-06 11:18:44.212 DEBUG 7503 --- [    Test worker] o.apache.tomcat.util.digester.Digester   : [ObjectCreateRule]{mbeans-descriptors/mbean/operation} Pop org.apache.tomcat.util.modeler.OperationInfo
2019-12-06 11:18:44.212 DEBUG 7503 --- [    Test worker] o.a.tomcat.util.digester.Digester.sax    : characters(

    )
2019-12-06 11:18:44.212 DEBUG 7503 --- [    Test worker] o.a.tomcat.util.digester.Digester.sax    : startElement(,,operation)
2019-12-06 11:18:44.212 DEBUG 7503 --- [    Test worker] o.apache.tomcat.util.digester.Digester   :   New match='mbeans-descriptors/mbean/operation'
2019-12-06 11:18:44.212 DEBUG 7503 --- [    Test worker] o.apache.tomcat.util.digester.Digester   :   Fire begin() for ObjectCreateRule[className=org.apache.tomcat.util.modeler.OperationInfo, attributeName=null]
2019-12-06 11:18:44.212 DEBUG 7503 --- [    Test worker] o.apache.tomcat.util.digester.Digester   :   Fire begin() for SetPropertiesRule[]
2019-12-06 11:18:44.212 DEBUG 7503 --- [    Test worker] o.apache.tomcat.util.digester.Digester   : [SetPropertiesRule]{mbeans-descriptors/mbean/operation} Set org.apache.tomcat.util.modeler.OperationInfo properties
2019-12-06 11:18:44.212 DEBUG 7503 --- [    Test worker] o.apache.tomcat.util.digester.Digester   : [SetPropertiesRule]{mbeans-descriptors/mbean/operation} Setting property 'name' to 'resume'
2019-12-06 11:18:44.213 DEBUG 7503 --- [    Test worker] o.apache.tomcat.util.IntrospectionUtils  : IntrospectionUtils: setProperty(class org.apache.tomcat.util.modeler.OperationInfo name=resume)
2019-12-06 11:18:44.213 DEBUG 7503 --- [    Test worker] o.apache.tomcat.util.digester.Digester   : [SetPropertiesRule]{mbeans-descriptors/mbean/operation} Setting property 'returnType' to 'void'
2019-12-06 11:18:44.213 DEBUG 7503 --- [    Test worker] o.apache.tomcat.util.IntrospectionUtils  : IntrospectionUtils: setProperty(class org.apache.tomcat.util.modeler.OperationInfo returnType=void)
2019-12-06 11:18:44.213 DEBUG 7503 --- [    Test worker] o.apache.tomcat.util.digester.Digester   :   Fire begin() for SetNextRule[methodName=addOperation, paramType=org.apache.tomcat.util.modeler.OperationInfo]
2019-12-06 11:18:44.213 DEBUG 7503 --- [    Test worker] o.a.tomcat.util.digester.Digester.sax    : endElement(,,operation)
2019-12-06 11:18:44.213 DEBUG 7503 --- [    Test worker] o.apache.tomcat.util.digester.Digester   :   match='mbeans-descriptors/mbean/operation'
2019-12-06 11:18:44.213 DEBUG 7503 --- [    Test worker] o.apache.tomcat.util.digester.Digester   :   bodyText=''
2019-12-06 11:18:44.213 DEBUG 7503 --- [    Test worker] o.apache.tomcat.util.digester.Digester   :   Fire body() for ObjectCreateRule[className=org.apache.tomcat.util.modeler.OperationInfo, attributeName=null]
2019-12-06 11:18:44.214 DEBUG 7503 --- [    Test worker] o.apache.tomcat.util.digester.Digester   :   Fire body() for SetPropertiesRule[]
2019-12-06 11:18:44.214 DEBUG 7503 --- [    Test worker] o.apache.tomcat.util.digester.Digester   :   Fire body() for SetNextRule[methodName=addOperation, paramType=org.apache.tomcat.util.modeler.OperationInfo]
2019-12-06 11:18:44.214 DEBUG 7503 --- [    Test worker] o.apache.tomcat.util.digester.Digester   :   Fire end() for SetNextRule[methodName=addOperation, paramType=org.apache.tomcat.util.modeler.OperationInfo]
2019-12-06 11:18:44.214 DEBUG 7503 --- [    Test worker] o.apache.tomcat.util.digester.Digester   : [SetNextRule]{mbeans-descriptors/mbean/operation} Call org.apache.tomcat.util.modeler.ManagedBean.addOperation(org.apache.tomcat.util.modeler.OperationInfo@24018f17)
2019-12-06 11:18:44.214 DEBUG 7503 --- [    Test worker] o.apache.tomcat.util.IntrospectionUtils  : IntrospectionUtils: callMethod1 org.apache.tomcat.util.modeler.ManagedBean org.apache.tomcat.util.modeler.OperationInfo org.apache.tomcat.util.modeler.OperationInfo
2019-12-06 11:18:44.214 DEBUG 7503 --- [    Test worker] o.apache.tomcat.util.digester.Digester   :   Fire end() for SetPropertiesRule[]
2019-12-06 11:18:44.214 DEBUG 7503 --- [    Test worker] o.apache.tomcat.util.digester.Digester   :   Fire end() for ObjectCreateRule[className=org.apache.tomcat.util.modeler.OperationInfo, attributeName=null]
2019-12-06 11:18:44.214 DEBUG 7503 --- [    Test worker] o.apache.tomcat.util.digester.Digester   : [ObjectCreateRule]{mbeans-descriptors/mbean/operation} Pop org.apache.tomcat.util.modeler.OperationInfo
2019-12-06 11:18:44.214 DEBUG 7503 --- [    Test worker] o.a.tomcat.util.digester.Digester.sax    : characters(

    )
2019-12-06 11:18:44.215 DEBUG 7503 --- [    Test worker] o.a.tomcat.util.digester.Digester.sax    : startElement(,,operation)
2019-12-06 11:18:44.215 DEBUG 7503 --- [    Test worker] o.apache.tomcat.util.digester.Digester   :   New match='mbeans-descriptors/mbean/operation'
2019-12-06 11:18:44.215 DEBUG 7503 --- [    Test worker] o.apache.tomcat.util.digester.Digester   :   Fire begin() for ObjectCreateRule[className=org.apache.tomcat.util.modeler.OperationInfo, attributeName=null]
2019-12-06 11:18:44.215 DEBUG 7503 --- [    Test worker] o.apache.tomcat.util.digester.Digester   :   Fire begin() for SetPropertiesRule[]
2019-12-06 11:18:44.215 DEBUG 7503 --- [    Test worker] o.apache.tomcat.util.digester.Digester   : [SetPropertiesRule]{mbeans-descriptors/mbean/operation} Set org.apache.tomcat.util.modeler.OperationInfo properties
2019-12-06 11:18:44.215 DEBUG 7503 --- [    Test worker] o.apache.tomcat.util.digester.Digester   : [SetPropertiesRule]{mbeans-descriptors/mbean/operation} Setting property 'name' to 'setProperty'
2019-12-06 11:18:44.215 DEBUG 7503 --- [    Test worker] o.apache.tomcat.util.IntrospectionUtils  : IntrospectionUtils: setProperty(class org.apache.tomcat.util.modeler.OperationInfo name=setProperty)
2019-12-06 11:18:44.215 DEBUG 7503 --- [    Test worker] o.apache.tomcat.util.digester.Digester   : [SetPropertiesRule]{mbeans-descriptors/mbean/operation} Setting property 'returnType' to 'boolean'
2019-12-06 11:18:44.215 DEBUG 7503 --- [    Test worker] o.apache.tomcat.util.IntrospectionUtils  : IntrospectionUtils: setProperty(class org.apache.tomcat.util.modeler.OperationInfo returnType=boolean)
2019-12-06 11:18:44.216 DEBUG 7503 --- [    Test worker] o.apache.tomcat.util.digester.Digester   :   Fire begin() for SetNextRule[methodName=addOperation, paramType=org.apache.tomcat.util.modeler.OperationInfo]
2019-12-06 11:18:44.216 DEBUG 7503 --- [    Test worker] o.a.tomcat.util.digester.Digester.sax    : characters(
      )
2019-12-06 11:18:44.216 DEBUG 7503 --- [    Test worker] o.a.tomcat.util.digester.Digester.sax    : startElement(,,parameter)
2019-12-06 11:18:44.216 DEBUG 7503 --- [    Test worker] o.apache.tomcat.util.digester.Digester   :   New match='mbeans-descriptors/mbean/operation/parameter'
2019-12-06 11:18:44.216 DEBUG 7503 --- [    Test worker] o.apache.tomcat.util.digester.Digester   :   Fire begin() for ObjectCreateRule[className=org.apache.tomcat.util.modeler.ParameterInfo, attributeName=null]
2019-12-06 11:18:44.216 DEBUG 7503 --- [    Test worker] o.apache.tomcat.util.digester.Digester   :   Fire begin() for SetPropertiesRule[]
2019-12-06 11:18:44.216 DEBUG 7503 --- [    Test worker] o.apache.tomcat.util.digester.Digester   : [SetPropertiesRule]{mbeans-descriptors/mbean/operation/parameter} Set org.apache.tomcat.util.modeler.ParameterInfo properties
2019-12-06 11:18:44.216 DEBUG 7503 --- [    Test worker] o.apache.tomcat.util.digester.Digester   : [SetPropertiesRule]{mbeans-descriptors/mbean/operation/parameter} Setting property 'name' to 'param0'
2019-12-06 11:18:44.216 DEBUG 7503 --- [    Test worker] o.apache.tomcat.util.IntrospectionUtils  : IntrospectionUtils: setProperty(class org.apache.tomcat.util.modeler.ParameterInfo name=param0)
2019-12-06 11:18:44.217 DEBUG 7503 --- [    Test worker] o.apache.tomcat.util.digester.Digester   : [SetPropertiesRule]{mbeans-descriptors/mbean/operation/parameter} Setting property 'type' to 'java.lang.String'
2019-12-06 11:18:44.217 DEBUG 7503 --- [    Test worker] o.apache.tomcat.util.IntrospectionUtils  : IntrospectionUtils: setProperty(class org.apache.tomcat.util.modeler.ParameterInfo type=java.lang.String)
2019-12-06 11:18:44.217 DEBUG 7503 --- [    Test worker] o.apache.tomcat.util.digester.Digester   :   Fire begin() for SetNextRule[methodName=addParameter, paramType=org.apache.tomcat.util.modeler.ParameterInfo]
2019-12-06 11:18:44.217 DEBUG 7503 --- [    Test worker] o.a.tomcat.util.digester.Digester.sax    : endElement(,,parameter)
2019-12-06 11:18:44.217 DEBUG 7503 --- [    Test worker] o.apache.tomcat.util.digester.Digester   :   match='mbeans-descriptors/mbean/operation/parameter'
2019-12-06 11:18:44.217 DEBUG 7503 --- [    Test worker] o.apache.tomcat.util.digester.Digester   :   bodyText=''
2019-12-06 11:18:44.217 DEBUG 7503 --- [    Test worker] o.apache.tomcat.util.digester.Digester   :   Fire body() for ObjectCreateRule[className=org.apache.tomcat.util.modeler.ParameterInfo, attributeName=null]
2019-12-06 11:18:44.217 DEBUG 7503 --- [    Test worker] o.apache.tomcat.util.digester.Digester   :   Fire body() for SetPropertiesRule[]
2019-12-06 11:18:44.217 DEBUG 7503 --- [    Test worker] o.apache.tomcat.util.digester.Digester   :   Fire body() for SetNextRule[methodName=addParameter, paramType=org.apache.tomcat.util.modeler.ParameterInfo]
2019-12-06 11:18:44.218 DEBUG 7503 --- [    Test worker] o.apache.tomcat.util.digester.Digester   :   Fire end() for SetNextRule[methodName=addParameter, paramType=org.apache.tomcat.util.modeler.ParameterInfo]
2019-12-06 11:18:44.218 DEBUG 7503 --- [    Test worker] o.apache.tomcat.util.digester.Digester   : [SetNextRule]{mbeans-descriptors/mbean/operation/parameter} Call org.apache.tomcat.util.modeler.OperationInfo.addParameter(org.apache.tomcat.util.modeler.ParameterInfo@412a6779)
2019-12-06 11:18:44.218 DEBUG 7503 --- [    Test worker] o.apache.tomcat.util.IntrospectionUtils  : IntrospectionUtils: callMethod1 org.apache.tomcat.util.modeler.OperationInfo org.apache.tomcat.util.modeler.ParameterInfo org.apache.tomcat.util.modeler.ParameterInfo
2019-12-06 11:18:44.218 DEBUG 7503 --- [    Test worker] o.apache.tomcat.util.digester.Digester   :   Fire end() for SetPropertiesRule[]
2019-12-06 11:18:44.218 DEBUG 7503 --- [    Test worker] o.apache.tomcat.util.digester.Digester   :   Fire end() for ObjectCreateRule[className=org.apache.tomcat.util.modeler.ParameterInfo, attributeName=null]
2019-12-06 11:18:44.218 DEBUG 7503 --- [    Test worker] o.apache.tomcat.util.digester.Digester   : [ObjectCreateRule]{mbeans-descriptors/mbean/operation/parameter} Pop org.apache.tomcat.util.modeler.ParameterInfo
2019-12-06 11:18:44.218 DEBUG 7503 --- [    Test worker] o.a.tomcat.util.digester.Digester.sax    : characters(
      )
2019-12-06 11:18:44.218 DEBUG 7503 --- [    Test worker] o.a.tomcat.util.digester.Digester.sax    : startElement(,,parameter)
2019-12-06 11:18:44.219 DEBUG 7503 --- [    Test worker] o.apache.tomcat.util.digester.Digester   :   New match='mbeans-descriptors/mbean/operation/parameter'
2019-12-06 11:18:44.219 DEBUG 7503 --- [    Test worker] o.apache.tomcat.util.digester.Digester   :   Fire begin() for ObjectCreateRule[className=org.apache.tomcat.util.modeler.ParameterInfo, attributeName=null]
2019-12-06 11:18:44.219 DEBUG 7503 --- [    Test worker] o.apache.tomcat.util.digester.Digester   :   Fire begin() for SetPropertiesRule[]
2019-12-06 11:18:44.219 DEBUG 7503 --- [    Test worker] o.apache.tomcat.util.digester.Digester   : [SetPropertiesRule]{mbeans-descriptors/mbean/operation/parameter} Set org.apache.tomcat.util.modeler.ParameterInfo properties
2019-12-06 11:18:44.219 DEBUG 7503 --- [    Test worker] o.apache.tomcat.util.digester.Digester   : [SetPropertiesRule]{mbeans-descriptors/mbean/operation/parameter} Setting property 'name' to 'param1'
2019-12-06 11:18:44.219 DEBUG 7503 --- [    Test worker] o.apache.tomcat.util.IntrospectionUtils  : IntrospectionUtils: setProperty(class org.apache.tomcat.util.modeler.ParameterInfo name=param1)
2019-12-06 11:18:44.219 DEBUG 7503 --- [    Test worker] o.apache.tomcat.util.digester.Digester   : [SetPropertiesRule]{mbeans-descriptors/mbean/operation/parameter} Setting property 'type' to 'java.lang.String'
2019-12-06 11:18:44.219 DEBUG 7503 --- [    Test worker] o.apache.tomcat.util.IntrospectionUtils  : IntrospectionUtils: setProperty(class org.apache.tomcat.util.modeler.ParameterInfo type=java.lang.String)
2019-12-06 11:18:44.219 DEBUG 7503 --- [    Test worker] o.apache.tomcat.util.digester.Digester   :   Fire begin() for SetNextRule[methodName=addParameter, paramType=org.apache.tomcat.util.modeler.ParameterInfo]
2019-12-06 11:18:44.220 DEBUG 7503 --- [    Test worker] o.a.tomcat.util.digester.Digester.sax    : endElement(,,parameter)
2019-12-06 11:18:44.220 DEBUG 7503 --- [    Test worker] o.apache.tomcat.util.digester.Digester   :   match='mbeans-descriptors/mbean/operation/parameter'
2019-12-06 11:18:44.220 DEBUG 7503 --- [    Test worker] o.apache.tomcat.util.digester.Digester   :   bodyText=''
2019-12-06 11:18:44.220 DEBUG 7503 --- [    Test worker] o.apache.tomcat.util.digester.Digester   :   Fire body() for ObjectCreateRule[className=org.apache.tomcat.util.modeler.ParameterInfo, attributeName=null]
2019-12-06 11:18:44.220 DEBUG 7503 --- [    Test worker] o.apache.tomcat.util.digester.Digester   :   Fire body() for SetPropertiesRule[]
2019-12-06 11:18:44.220 DEBUG 7503 --- [    Test worker] o.apache.tomcat.util.digester.Digester   :   Fire body() for SetNextRule[methodName=addParameter, paramType=org.apache.tomcat.util.modeler.ParameterInfo]
2019-12-06 11:18:44.220 DEBUG 7503 --- [    Test worker] o.apache.tomcat.util.digester.Digester   :   Fire end() for SetNextRule[methodName=addParameter, paramType=org.apache.tomcat.util.modeler.ParameterInfo]
2019-12-06 11:18:44.220 DEBUG 7503 --- [    Test worker] o.apache.tomcat.util.digester.Digester   : [SetNextRule]{mbeans-descriptors/mbean/operation/parameter} Call org.apache.tomcat.util.modeler.OperationInfo.addParameter(org.apache.tomcat.util.modeler.ParameterInfo@7bf8cc01)
2019-12-06 11:18:44.220 DEBUG 7503 --- [    Test worker] o.apache.tomcat.util.IntrospectionUtils  : IntrospectionUtils: callMethod1 org.apache.tomcat.util.modeler.OperationInfo org.apache.tomcat.util.modeler.ParameterInfo org.apache.tomcat.util.modeler.ParameterInfo
2019-12-06 11:18:44.221 DEBUG 7503 --- [    Test worker] o.apache.tomcat.util.digester.Digester   :   Fire end() for SetPropertiesRule[]
2019-12-06 11:18:44.221 DEBUG 7503 --- [    Test worker] o.apache.tomcat.util.digester.Digester   :   Fire end() for ObjectCreateRule[className=org.apache.tomcat.util.modeler.ParameterInfo, attributeName=null]
2019-12-06 11:18:44.221 DEBUG 7503 --- [    Test worker] o.apache.tomcat.util.digester.Digester   : [ObjectCreateRule]{mbeans-descriptors/mbean/operation/parameter} Pop org.apache.tomcat.util.modeler.ParameterInfo
2019-12-06 11:18:44.221 DEBUG 7503 --- [    Test worker] o.a.tomcat.util.digester.Digester.sax    : characters(
    )
2019-12-06 11:18:44.221 DEBUG 7503 --- [    Test worker] o.a.tomcat.util.digester.Digester.sax    : endElement(,,operation)
2019-12-06 11:18:44.221 DEBUG 7503 --- [    Test worker] o.apache.tomcat.util.digester.Digester   :   match='mbeans-descriptors/mbean/operation'
2019-12-06 11:18:44.221 DEBUG 7503 --- [    Test worker] o.apache.tomcat.util.digester.Digester   :   bodyText='
      
      
    '
2019-12-06 11:18:44.221 DEBUG 7503 --- [    Test worker] o.apache.tomcat.util.digester.Digester   :   Fire body() for ObjectCreateRule[className=org.apache.tomcat.util.modeler.OperationInfo, attributeName=null]
2019-12-06 11:18:44.221 DEBUG 7503 --- [    Test worker] o.apache.tomcat.util.digester.Digester   :   Fire body() for SetPropertiesRule[]
2019-12-06 11:18:44.222 DEBUG 7503 --- [    Test worker] o.apache.tomcat.util.digester.Digester   :   Fire body() for SetNextRule[methodName=addOperation, paramType=org.apache.tomcat.util.modeler.OperationInfo]
2019-12-06 11:18:44.222 DEBUG 7503 --- [    Test worker] o.apache.tomcat.util.digester.Digester   :   Fire end() for SetNextRule[methodName=addOperation, paramType=org.apache.tomcat.util.modeler.OperationInfo]
2019-12-06 11:18:44.222 DEBUG 7503 --- [    Test worker] o.apache.tomcat.util.digester.Digester   : [SetNextRule]{mbeans-descriptors/mbean/operation} Call org.apache.tomcat.util.modeler.ManagedBean.addOperation(org.apache.tomcat.util.modeler.OperationInfo@77c61fc6)
2019-12-06 11:18:44.222 DEBUG 7503 --- [    Test worker] o.apache.tomcat.util.IntrospectionUtils  : IntrospectionUtils: callMethod1 org.apache.tomcat.util.modeler.ManagedBean org.apache.tomcat.util.modeler.OperationInfo org.apache.tomcat.util.modeler.OperationInfo
2019-12-06 11:18:44.222 DEBUG 7503 --- [    Test worker] o.apache.tomcat.util.digester.Digester   :   Fire end() for SetPropertiesRule[]
2019-12-06 11:18:44.222 DEBUG 7503 --- [    Test worker] o.apache.tomcat.util.digester.Digester   :   Fire end() for ObjectCreateRule[className=org.apache.tomcat.util.modeler.OperationInfo, attributeName=null]
2019-12-06 11:18:44.222 DEBUG 7503 --- [    Test worker] o.apache.tomcat.util.digester.Digester   : [ObjectCreateRule]{mbeans-descriptors/mbean/operation} Pop org.apache.tomcat.util.modeler.OperationInfo
2019-12-06 11:18:44.222 DEBUG 7503 --- [    Test worker] o.a.tomcat.util.digester.Digester.sax    : characters(

    )
2019-12-06 11:18:44.222 DEBUG 7503 --- [    Test worker] o.a.tomcat.util.digester.Digester.sax    : startElement(,,operation)
2019-12-06 11:18:44.223 DEBUG 7503 --- [    Test worker] o.apache.tomcat.util.digester.Digester   :   New match='mbeans-descriptors/mbean/operation'
2019-12-06 11:18:44.223 DEBUG 7503 --- [    Test worker] o.apache.tomcat.util.digester.Digester   :   Fire begin() for ObjectCreateRule[className=org.apache.tomcat.util.modeler.OperationInfo, attributeName=null]
2019-12-06 11:18:44.223 DEBUG 7503 --- [    Test worker] o.apache.tomcat.util.digester.Digester   :   Fire begin() for SetPropertiesRule[]
2019-12-06 11:18:44.223 DEBUG 7503 --- [    Test worker] o.apache.tomcat.util.digester.Digester   : [SetPropertiesRule]{mbeans-descriptors/mbean/operation} Set org.apache.tomcat.util.modeler.OperationInfo properties
2019-12-06 11:18:44.223 DEBUG 7503 --- [    Test worker] o.apache.tomcat.util.digester.Digester   : [SetPropertiesRule]{mbeans-descriptors/mbean/operation} Setting property 'name' to 'shutdownExecutor'
2019-12-06 11:18:44.223 DEBUG 7503 --- [    Test worker] o.apache.tomcat.util.IntrospectionUtils  : IntrospectionUtils: setProperty(class org.apache.tomcat.util.modeler.OperationInfo name=shutdownExecutor)
2019-12-06 11:18:44.223 DEBUG 7503 --- [    Test worker] o.apache.tomcat.util.digester.Digester   : [SetPropertiesRule]{mbeans-descriptors/mbean/operation} Setting property 'returnType' to 'void'
2019-12-06 11:18:44.223 DEBUG 7503 --- [    Test worker] o.apache.tomcat.util.IntrospectionUtils  : IntrospectionUtils: setProperty(class org.apache.tomcat.util.modeler.OperationInfo returnType=void)
2019-12-06 11:18:44.223 DEBUG 7503 --- [    Test worker] o.apache.tomcat.util.digester.Digester   :   Fire begin() for SetNextRule[methodName=addOperation, paramType=org.apache.tomcat.util.modeler.OperationInfo]
2019-12-06 11:18:44.224 DEBUG 7503 --- [    Test worker] o.a.tomcat.util.digester.Digester.sax    : endElement(,,operation)
2019-12-06 11:18:44.224 DEBUG 7503 --- [    Test worker] o.apache.tomcat.util.digester.Digester   :   match='mbeans-descriptors/mbean/operation'
2019-12-06 11:18:44.224 DEBUG 7503 --- [    Test worker] o.apache.tomcat.util.digester.Digester   :   bodyText=''
2019-12-06 11:18:44.224 DEBUG 7503 --- [    Test worker] o.apache.tomcat.util.digester.Digester   :   Fire body() for ObjectCreateRule[className=org.apache.tomcat.util.modeler.OperationInfo, attributeName=null]
2019-12-06 11:18:44.224 DEBUG 7503 --- [    Test worker] o.apache.tomcat.util.digester.Digester   :   Fire body() for SetPropertiesRule[]
2019-12-06 11:18:44.224 DEBUG 7503 --- [    Test worker] o.apache.tomcat.util.digester.Digester   :   Fire body() for SetNextRule[methodName=addOperation, paramType=org.apache.tomcat.util.modeler.OperationInfo]
2019-12-06 11:18:44.224 DEBUG 7503 --- [    Test worker] o.apache.tomcat.util.digester.Digester   :   Fire end() for SetNextRule[methodName=addOperation, paramType=org.apache.tomcat.util.modeler.OperationInfo]
2019-12-06 11:18:44.224 DEBUG 7503 --- [    Test worker] o.apache.tomcat.util.digester.Digester   : [SetNextRule]{mbeans-descriptors/mbean/operation} Call org.apache.tomcat.util.modeler.ManagedBean.addOperation(org.apache.tomcat.util.modeler.OperationInfo@5f175f1e)
2019-12-06 11:18:44.224 DEBUG 7503 --- [    Test worker] o.apache.tomcat.util.IntrospectionUtils  : IntrospectionUtils: callMethod1 org.apache.tomcat.util.modeler.ManagedBean org.apache.tomcat.util.modeler.OperationInfo org.apache.tomcat.util.modeler.OperationInfo
2019-12-06 11:18:44.225 DEBUG 7503 --- [    Test worker] o.apache.tomcat.util.digester.Digester   :   Fire end() for SetPropertiesRule[]
2019-12-06 11:18:44.225 DEBUG 7503 --- [    Test worker] o.apache.tomcat.util.digester.Digester   :   Fire end() for ObjectCreateRule[className=org.apache.tomcat.util.modeler.OperationInfo, attributeName=null]
2019-12-06 11:18:44.225 DEBUG 7503 --- [    Test worker] o.apache.tomcat.util.digester.Digester   : [ObjectCreateRule]{mbeans-descriptors/mbean/operation} Pop org.apache.tomcat.util.modeler.OperationInfo
2019-12-06 11:18:44.225 DEBUG 7503 --- [    Test worker] o.a.tomcat.util.digester.Digester.sax    : characters(

    )
2019-12-06 11:18:44.225 DEBUG 7503 --- [    Test worker] o.a.tomcat.util.digester.Digester.sax    : startElement(,,operation)
2019-12-06 11:18:44.225 DEBUG 7503 --- [    Test worker] o.apache.tomcat.util.digester.Digester   :   New match='mbeans-descriptors/mbean/operation'
2019-12-06 11:18:44.225 DEBUG 7503 --- [    Test worker] o.apache.tomcat.util.digester.Digester   :   Fire begin() for ObjectCreateRule[className=org.apache.tomcat.util.modeler.OperationInfo, attributeName=null]
2019-12-06 11:18:44.225 DEBUG 7503 --- [    Test worker] o.apache.tomcat.util.digester.Digester   :   Fire begin() for SetPropertiesRule[]
2019-12-06 11:18:44.226 DEBUG 7503 --- [    Test worker] o.apache.tomcat.util.digester.Digester   : [SetPropertiesRule]{mbeans-descriptors/mbean/operation} Set org.apache.tomcat.util.modeler.OperationInfo properties
2019-12-06 11:18:44.226 DEBUG 7503 --- [    Test worker] o.apache.tomcat.util.digester.Digester   : [SetPropertiesRule]{mbeans-descriptors/mbean/operation} Setting property 'name' to 'start'
2019-12-06 11:18:44.226 DEBUG 7503 --- [    Test worker] o.apache.tomcat.util.IntrospectionUtils  : IntrospectionUtils: setProperty(class org.apache.tomcat.util.modeler.OperationInfo name=start)
2019-12-06 11:18:44.226 DEBUG 7503 --- [    Test worker] o.apache.tomcat.util.digester.Digester   : [SetPropertiesRule]{mbeans-descriptors/mbean/operation} Setting property 'returnType' to 'void'
2019-12-06 11:18:44.226 DEBUG 7503 --- [    Test worker] o.apache.tomcat.util.IntrospectionUtils  : IntrospectionUtils: setProperty(class org.apache.tomcat.util.modeler.OperationInfo returnType=void)
2019-12-06 11:18:44.226 DEBUG 7503 --- [    Test worker] o.apache.tomcat.util.digester.Digester   :   Fire begin() for SetNextRule[methodName=addOperation, paramType=org.apache.tomcat.util.modeler.OperationInfo]
2019-12-06 11:18:44.226 DEBUG 7503 --- [    Test worker] o.a.tomcat.util.digester.Digester.sax    : endElement(,,operation)
2019-12-06 11:18:44.226 DEBUG 7503 --- [    Test worker] o.apache.tomcat.util.digester.Digester   :   match='mbeans-descriptors/mbean/operation'
2019-12-06 11:18:44.226 DEBUG 7503 --- [    Test worker] o.apache.tomcat.util.digester.Digester   :   bodyText=''
2019-12-06 11:18:44.227 DEBUG 7503 --- [    Test worker] o.apache.tomcat.util.digester.Digester   :   Fire body() for ObjectCreateRule[className=org.apache.tomcat.util.modeler.OperationInfo, attributeName=null]
2019-12-06 11:18:44.227 DEBUG 7503 --- [    Test worker] o.apache.tomcat.util.digester.Digester   :   Fire body() for SetPropertiesRule[]
2019-12-06 11:18:44.227 DEBUG 7503 --- [    Test worker] o.apache.tomcat.util.digester.Digester   :   Fire body() for SetNextRule[methodName=addOperation, paramType=org.apache.tomcat.util.modeler.OperationInfo]
2019-12-06 11:18:44.227 DEBUG 7503 --- [    Test worker] o.apache.tomcat.util.digester.Digester   :   Fire end() for SetNextRule[methodName=addOperation, paramType=org.apache.tomcat.util.modeler.OperationInfo]
2019-12-06 11:18:44.227 DEBUG 7503 --- [    Test worker] o.apache.tomcat.util.digester.Digester   : [SetNextRule]{mbeans-descriptors/mbean/operation} Call org.apache.tomcat.util.modeler.ManagedBean.addOperation(org.apache.tomcat.util.modeler.OperationInfo@4d14fa2a)
2019-12-06 11:18:44.227 DEBUG 7503 --- [    Test worker] o.apache.tomcat.util.IntrospectionUtils  : IntrospectionUtils: callMethod1 org.apache.tomcat.util.modeler.ManagedBean org.apache.tomcat.util.modeler.OperationInfo org.apache.tomcat.util.modeler.OperationInfo
2019-12-06 11:18:44.227 DEBUG 7503 --- [    Test worker] o.apache.tomcat.util.digester.Digester   :   Fire end() for SetPropertiesRule[]
2019-12-06 11:18:44.227 DEBUG 7503 --- [    Test worker] o.apache.tomcat.util.digester.Digester   :   Fire end() for ObjectCreateRule[className=org.apache.tomcat.util.modeler.OperationInfo, attributeName=null]
2019-12-06 11:18:44.228 DEBUG 7503 --- [    Test worker] o.apache.tomcat.util.digester.Digester   : [ObjectCreateRule]{mbeans-descriptors/mbean/operation} Pop org.apache.tomcat.util.modeler.OperationInfo
2019-12-06 11:18:44.228 DEBUG 7503 --- [    Test worker] o.a.tomcat.util.digester.Digester.sax    : characters(

    )
2019-12-06 11:18:44.228 DEBUG 7503 --- [    Test worker] o.a.tomcat.util.digester.Digester.sax    : startElement(,,operation)
2019-12-06 11:18:44.228 DEBUG 7503 --- [    Test worker] o.apache.tomcat.util.digester.Digester   :   New match='mbeans-descriptors/mbean/operation'
2019-12-06 11:18:44.228 DEBUG 7503 --- [    Test worker] o.apache.tomcat.util.digester.Digester   :   Fire begin() for ObjectCreateRule[className=org.apache.tomcat.util.modeler.OperationInfo, attributeName=null]
2019-12-06 11:18:44.228 DEBUG 7503 --- [    Test worker] o.apache.tomcat.util.digester.Digester   :   Fire begin() for SetPropertiesRule[]
2019-12-06 11:18:44.228 DEBUG 7503 --- [    Test worker] o.apache.tomcat.util.digester.Digester   : [SetPropertiesRule]{mbeans-descriptors/mbean/operation} Set org.apache.tomcat.util.modeler.OperationInfo properties
2019-12-06 11:18:44.228 DEBUG 7503 --- [    Test worker] o.apache.tomcat.util.digester.Digester   : [SetPropertiesRule]{mbeans-descriptors/mbean/operation} Setting property 'name' to 'startInternal'
2019-12-06 11:18:44.229 DEBUG 7503 --- [    Test worker] o.apache.tomcat.util.IntrospectionUtils  : IntrospectionUtils: setProperty(class org.apache.tomcat.util.modeler.OperationInfo name=startInternal)
2019-12-06 11:18:44.229 DEBUG 7503 --- [    Test worker] o.apache.tomcat.util.digester.Digester   : [SetPropertiesRule]{mbeans-descriptors/mbean/operation} Setting property 'returnType' to 'void'
2019-12-06 11:18:44.229 DEBUG 7503 --- [    Test worker] o.apache.tomcat.util.IntrospectionUtils  : IntrospectionUtils: setProperty(class org.apache.tomcat.util.modeler.OperationInfo returnType=void)
2019-12-06 11:18:44.229 DEBUG 7503 --- [    Test worker] o.apache.tomcat.util.digester.Digester   :   Fire begin() for SetNextRule[methodName=addOperation, paramType=org.apache.tomcat.util.modeler.OperationInfo]
2019-12-06 11:18:44.229 DEBUG 7503 --- [    Test worker] o.a.tomcat.util.digester.Digester.sax    : endElement(,,operation)
2019-12-06 11:18:44.229 DEBUG 7503 --- [    Test worker] o.apache.tomcat.util.digester.Digester   :   match='mbeans-descriptors/mbean/operation'
2019-12-06 11:18:44.229 DEBUG 7503 --- [    Test worker] o.apache.tomcat.util.digester.Digester   :   bodyText=''
2019-12-06 11:18:44.229 DEBUG 7503 --- [    Test worker] o.apache.tomcat.util.digester.Digester   :   Fire body() for ObjectCreateRule[className=org.apache.tomcat.util.modeler.OperationInfo, attributeName=null]
2019-12-06 11:18:44.230 DEBUG 7503 --- [    Test worker] o.apache.tomcat.util.digester.Digester   :   Fire body() for SetPropertiesRule[]
2019-12-06 11:18:44.230 DEBUG 7503 --- [    Test worker] o.apache.tomcat.util.digester.Digester   :   Fire body() for SetNextRule[methodName=addOperation, paramType=org.apache.tomcat.util.modeler.OperationInfo]
2019-12-06 11:18:44.230 DEBUG 7503 --- [    Test worker] o.apache.tomcat.util.digester.Digester   :   Fire end() for SetNextRule[methodName=addOperation, paramType=org.apache.tomcat.util.modeler.OperationInfo]
2019-12-06 11:18:44.230 DEBUG 7503 --- [    Test worker] o.apache.tomcat.util.digester.Digester   : [SetNextRule]{mbeans-descriptors/mbean/operation} Call org.apache.tomcat.util.modeler.ManagedBean.addOperation(org.apache.tomcat.util.modeler.OperationInfo@7031bf4d)
2019-12-06 11:18:44.230 DEBUG 7503 --- [    Test worker] o.apache.tomcat.util.IntrospectionUtils  : IntrospectionUtils: callMethod1 org.apache.tomcat.util.modeler.ManagedBean org.apache.tomcat.util.modeler.OperationInfo org.apache.tomcat.util.modeler.OperationInfo
2019-12-06 11:18:44.230 DEBUG 7503 --- [    Test worker] o.apache.tomcat.util.digester.Digester   :   Fire end() for SetPropertiesRule[]
2019-12-06 11:18:44.230 DEBUG 7503 --- [    Test worker] o.apache.tomcat.util.digester.Digester   :   Fire end() for ObjectCreateRule[className=org.apache.tomcat.util.modeler.OperationInfo, attributeName=null]
2019-12-06 11:18:44.230 DEBUG 7503 --- [    Test worker] o.apache.tomcat.util.digester.Digester   : [ObjectCreateRule]{mbeans-descriptors/mbean/operation} Pop org.apache.tomcat.util.modeler.OperationInfo
2019-12-06 11:18:44.230 DEBUG 7503 --- [    Test worker] o.a.tomcat.util.digester.Digester.sax    : characters(

    )
2019-12-06 11:18:44.231 DEBUG 7503 --- [    Test worker] o.a.tomcat.util.digester.Digester.sax    : startElement(,,operation)
2019-12-06 11:18:44.231 DEBUG 7503 --- [    Test worker] o.apache.tomcat.util.digester.Digester   :   New match='mbeans-descriptors/mbean/operation'
2019-12-06 11:18:44.231 DEBUG 7503 --- [    Test worker] o.apache.tomcat.util.digester.Digester   :   Fire begin() for ObjectCreateRule[className=org.apache.tomcat.util.modeler.OperationInfo, attributeName=null]
2019-12-06 11:18:44.231 DEBUG 7503 --- [    Test worker] o.apache.tomcat.util.digester.Digester   :   Fire begin() for SetPropertiesRule[]
2019-12-06 11:18:44.231 DEBUG 7503 --- [    Test worker] o.apache.tomcat.util.digester.Digester   : [SetPropertiesRule]{mbeans-descriptors/mbean/operation} Set org.apache.tomcat.util.modeler.OperationInfo properties
2019-12-06 11:18:44.231 DEBUG 7503 --- [    Test worker] o.apache.tomcat.util.digester.Digester   : [SetPropertiesRule]{mbeans-descriptors/mbean/operation} Setting property 'name' to 'stop'
2019-12-06 11:18:44.231 DEBUG 7503 --- [    Test worker] o.apache.tomcat.util.IntrospectionUtils  : IntrospectionUtils: setProperty(class org.apache.tomcat.util.modeler.OperationInfo name=stop)
2019-12-06 11:18:44.231 DEBUG 7503 --- [    Test worker] o.apache.tomcat.util.digester.Digester   : [SetPropertiesRule]{mbeans-descriptors/mbean/operation} Setting property 'returnType' to 'void'
2019-12-06 11:18:44.232 DEBUG 7503 --- [    Test worker] o.apache.tomcat.util.IntrospectionUtils  : IntrospectionUtils: setProperty(class org.apache.tomcat.util.modeler.OperationInfo returnType=void)
2019-12-06 11:18:44.232 DEBUG 7503 --- [    Test worker] o.apache.tomcat.util.digester.Digester   :   Fire begin() for SetNextRule[methodName=addOperation, paramType=org.apache.tomcat.util.modeler.OperationInfo]
2019-12-06 11:18:44.232 DEBUG 7503 --- [    Test worker] o.a.tomcat.util.digester.Digester.sax    : endElement(,,operation)
2019-12-06 11:18:44.232 DEBUG 7503 --- [    Test worker] o.apache.tomcat.util.digester.Digester   :   match='mbeans-descriptors/mbean/operation'
2019-12-06 11:18:44.232 DEBUG 7503 --- [    Test worker] o.apache.tomcat.util.digester.Digester   :   bodyText=''
2019-12-06 11:18:44.232 DEBUG 7503 --- [    Test worker] o.apache.tomcat.util.digester.Digester   :   Fire body() for ObjectCreateRule[className=org.apache.tomcat.util.modeler.OperationInfo, attributeName=null]
2019-12-06 11:18:44.232 DEBUG 7503 --- [    Test worker] o.apache.tomcat.util.digester.Digester   :   Fire body() for SetPropertiesRule[]
2019-12-06 11:18:44.232 DEBUG 7503 --- [    Test worker] o.apache.tomcat.util.digester.Digester   :   Fire body() for SetNextRule[methodName=addOperation, paramType=org.apache.tomcat.util.modeler.OperationInfo]
2019-12-06 11:18:44.232 DEBUG 7503 --- [    Test worker] o.apache.tomcat.util.digester.Digester   :   Fire end() for SetNextRule[methodName=addOperation, paramType=org.apache.tomcat.util.modeler.OperationInfo]
2019-12-06 11:18:44.233 DEBUG 7503 --- [    Test worker] o.apache.tomcat.util.digester.Digester   : [SetNextRule]{mbeans-descriptors/mbean/operation} Call org.apache.tomcat.util.modeler.ManagedBean.addOperation(org.apache.tomcat.util.modeler.OperationInfo@374ea6a2)
2019-12-06 11:18:44.233 DEBUG 7503 --- [    Test worker] o.apache.tomcat.util.IntrospectionUtils  : IntrospectionUtils: callMethod1 org.apache.tomcat.util.modeler.ManagedBean org.apache.tomcat.util.modeler.OperationInfo org.apache.tomcat.util.modeler.OperationInfo
2019-12-06 11:18:44.233 DEBUG 7503 --- [    Test worker] o.apache.tomcat.util.digester.Digester   :   Fire end() for SetPropertiesRule[]
2019-12-06 11:18:44.233 DEBUG 7503 --- [    Test worker] o.apache.tomcat.util.digester.Digester   :   Fire end() for ObjectCreateRule[className=org.apache.tomcat.util.modeler.OperationInfo, attributeName=null]
2019-12-06 11:18:44.233 DEBUG 7503 --- [    Test worker] o.apache.tomcat.util.digester.Digester   : [ObjectCreateRule]{mbeans-descriptors/mbean/operation} Pop org.apache.tomcat.util.modeler.OperationInfo
2019-12-06 11:18:44.233 DEBUG 7503 --- [    Test worker] o.a.tomcat.util.digester.Digester.sax    : characters(

    )
2019-12-06 11:18:44.233 DEBUG 7503 --- [    Test worker] o.a.tomcat.util.digester.Digester.sax    : startElement(,,operation)
2019-12-06 11:18:44.233 DEBUG 7503 --- [    Test worker] o.apache.tomcat.util.digester.Digester   :   New match='mbeans-descriptors/mbean/operation'
2019-12-06 11:18:44.234 DEBUG 7503 --- [    Test worker] o.apache.tomcat.util.digester.Digester   :   Fire begin() for ObjectCreateRule[className=org.apache.tomcat.util.modeler.OperationInfo, attributeName=null]
2019-12-06 11:18:44.234 DEBUG 7503 --- [    Test worker] o.apache.tomcat.util.digester.Digester   :   Fire begin() for SetPropertiesRule[]
2019-12-06 11:18:44.234 DEBUG 7503 --- [    Test worker] o.apache.tomcat.util.digester.Digester   : [SetPropertiesRule]{mbeans-descriptors/mbean/operation} Set org.apache.tomcat.util.modeler.OperationInfo properties
2019-12-06 11:18:44.234 DEBUG 7503 --- [    Test worker] o.apache.tomcat.util.digester.Digester   : [SetPropertiesRule]{mbeans-descriptors/mbean/operation} Setting property 'name' to 'stopInternal'
2019-12-06 11:18:44.234 DEBUG 7503 --- [    Test worker] o.apache.tomcat.util.IntrospectionUtils  : IntrospectionUtils: setProperty(class org.apache.tomcat.util.modeler.OperationInfo name=stopInternal)
2019-12-06 11:18:44.234 DEBUG 7503 --- [    Test worker] o.apache.tomcat.util.digester.Digester   : [SetPropertiesRule]{mbeans-descriptors/mbean/operation} Setting property 'returnType' to 'void'
2019-12-06 11:18:44.234 DEBUG 7503 --- [    Test worker] o.apache.tomcat.util.IntrospectionUtils  : IntrospectionUtils: setProperty(class org.apache.tomcat.util.modeler.OperationInfo returnType=void)
2019-12-06 11:18:44.235 DEBUG 7503 --- [    Test worker] o.apache.tomcat.util.digester.Digester   :   Fire begin() for SetNextRule[methodName=addOperation, paramType=org.apache.tomcat.util.modeler.OperationInfo]
2019-12-06 11:18:44.235 DEBUG 7503 --- [    Test worker] o.a.tomcat.util.digester.Digester.sax    : endElement(,,operation)
2019-12-06 11:18:44.235 DEBUG 7503 --- [    Test worker] o.apache.tomcat.util.digester.Digester   :   match='mbeans-descriptors/mbean/operation'
2019-12-06 11:18:44.235 DEBUG 7503 --- [    Test worker] o.apache.tomcat.util.digester.Digester   :   bodyText=''
2019-12-06 11:18:44.235 DEBUG 7503 --- [    Test worker] o.apache.tomcat.util.digester.Digester   :   Fire body() for ObjectCreateRule[className=org.apache.tomcat.util.modeler.OperationInfo, attributeName=null]
2019-12-06 11:18:44.235 DEBUG 7503 --- [    Test worker] o.apache.tomcat.util.digester.Digester   :   Fire body() for SetPropertiesRule[]
2019-12-06 11:18:44.235 DEBUG 7503 --- [    Test worker] o.apache.tomcat.util.digester.Digester   :   Fire body() for SetNextRule[methodName=addOperation, paramType=org.apache.tomcat.util.modeler.OperationInfo]
2019-12-06 11:18:44.235 DEBUG 7503 --- [    Test worker] o.apache.tomcat.util.digester.Digester   :   Fire end() for SetNextRule[methodName=addOperation, paramType=org.apache.tomcat.util.modeler.OperationInfo]
2019-12-06 11:18:44.235 DEBUG 7503 --- [    Test worker] o.apache.tomcat.util.digester.Digester   : [SetNextRule]{mbeans-descriptors/mbean/operation} Call org.apache.tomcat.util.modeler.ManagedBean.addOperation(org.apache.tomcat.util.modeler.OperationInfo@52c4e0fa)
2019-12-06 11:18:44.236 DEBUG 7503 --- [    Test worker] o.apache.tomcat.util.IntrospectionUtils  : IntrospectionUtils: callMethod1 org.apache.tomcat.util.modeler.ManagedBean org.apache.tomcat.util.modeler.OperationInfo org.apache.tomcat.util.modeler.OperationInfo
2019-12-06 11:18:44.236 DEBUG 7503 --- [    Test worker] o.apache.tomcat.util.digester.Digester   :   Fire end() for SetPropertiesRule[]
2019-12-06 11:18:44.236 DEBUG 7503 --- [    Test worker] o.apache.tomcat.util.digester.Digester   :   Fire end() for ObjectCreateRule[className=org.apache.tomcat.util.modeler.OperationInfo, attributeName=null]
2019-12-06 11:18:44.236 DEBUG 7503 --- [    Test worker] o.apache.tomcat.util.digester.Digester   : [ObjectCreateRule]{mbeans-descriptors/mbean/operation} Pop org.apache.tomcat.util.modeler.OperationInfo
2019-12-06 11:18:44.236 DEBUG 7503 --- [    Test worker] o.a.tomcat.util.digester.Digester.sax    : characters(

    )
2019-12-06 11:18:44.236 DEBUG 7503 --- [    Test worker] o.a.tomcat.util.digester.Digester.sax    : startElement(,,operation)
2019-12-06 11:18:44.236 DEBUG 7503 --- [    Test worker] o.apache.tomcat.util.digester.Digester   :   New match='mbeans-descriptors/mbean/operation'
2019-12-06 11:18:44.236 DEBUG 7503 --- [    Test worker] o.apache.tomcat.util.digester.Digester   :   Fire begin() for ObjectCreateRule[className=org.apache.tomcat.util.modeler.OperationInfo, attributeName=null]
2019-12-06 11:18:44.237 DEBUG 7503 --- [    Test worker] o.apache.tomcat.util.digester.Digester   :   Fire begin() for SetPropertiesRule[]
2019-12-06 11:18:44.237 DEBUG 7503 --- [    Test worker] o.apache.tomcat.util.digester.Digester   : [SetPropertiesRule]{mbeans-descriptors/mbean/operation} Set org.apache.tomcat.util.modeler.OperationInfo properties
2019-12-06 11:18:44.237 DEBUG 7503 --- [    Test worker] o.apache.tomcat.util.digester.Digester   : [SetPropertiesRule]{mbeans-descriptors/mbean/operation} Setting property 'name' to 'unbind'
2019-12-06 11:18:44.237 DEBUG 7503 --- [    Test worker] o.apache.tomcat.util.IntrospectionUtils  : IntrospectionUtils: setProperty(class org.apache.tomcat.util.modeler.OperationInfo name=unbind)
2019-12-06 11:18:44.237 DEBUG 7503 --- [    Test worker] o.apache.tomcat.util.digester.Digester   : [SetPropertiesRule]{mbeans-descriptors/mbean/operation} Setting property 'returnType' to 'void'
2019-12-06 11:18:44.237 DEBUG 7503 --- [    Test worker] o.apache.tomcat.util.IntrospectionUtils  : IntrospectionUtils: setProperty(class org.apache.tomcat.util.modeler.OperationInfo returnType=void)
2019-12-06 11:18:44.237 DEBUG 7503 --- [    Test worker] o.apache.tomcat.util.digester.Digester   :   Fire begin() for SetNextRule[methodName=addOperation, paramType=org.apache.tomcat.util.modeler.OperationInfo]
2019-12-06 11:18:44.237 DEBUG 7503 --- [    Test worker] o.a.tomcat.util.digester.Digester.sax    : endElement(,,operation)
2019-12-06 11:18:44.238 DEBUG 7503 --- [    Test worker] o.apache.tomcat.util.digester.Digester   :   match='mbeans-descriptors/mbean/operation'
2019-12-06 11:18:44.238 DEBUG 7503 --- [    Test worker] o.apache.tomcat.util.digester.Digester   :   bodyText=''
2019-12-06 11:18:44.238 DEBUG 7503 --- [    Test worker] o.apache.tomcat.util.digester.Digester   :   Fire body() for ObjectCreateRule[className=org.apache.tomcat.util.modeler.OperationInfo, attributeName=null]
2019-12-06 11:18:44.238 DEBUG 7503 --- [    Test worker] o.apache.tomcat.util.digester.Digester   :   Fire body() for SetPropertiesRule[]
2019-12-06 11:18:44.238 DEBUG 7503 --- [    Test worker] o.apache.tomcat.util.digester.Digester   :   Fire body() for SetNextRule[methodName=addOperation, paramType=org.apache.tomcat.util.modeler.OperationInfo]
2019-12-06 11:18:44.238 DEBUG 7503 --- [    Test worker] o.apache.tomcat.util.digester.Digester   :   Fire end() for SetNextRule[methodName=addOperation, paramType=org.apache.tomcat.util.modeler.OperationInfo]
2019-12-06 11:18:44.238 DEBUG 7503 --- [    Test worker] o.apache.tomcat.util.digester.Digester   : [SetNextRule]{mbeans-descriptors/mbean/operation} Call org.apache.tomcat.util.modeler.ManagedBean.addOperation(org.apache.tomcat.util.modeler.OperationInfo@386b8522)
2019-12-06 11:18:44.238 DEBUG 7503 --- [    Test worker] o.apache.tomcat.util.IntrospectionUtils  : IntrospectionUtils: callMethod1 org.apache.tomcat.util.modeler.ManagedBean org.apache.tomcat.util.modeler.OperationInfo org.apache.tomcat.util.modeler.OperationInfo
2019-12-06 11:18:44.238 DEBUG 7503 --- [    Test worker] o.apache.tomcat.util.digester.Digester   :   Fire end() for SetPropertiesRule[]
2019-12-06 11:18:44.239 DEBUG 7503 --- [    Test worker] o.apache.tomcat.util.digester.Digester   :   Fire end() for ObjectCreateRule[className=org.apache.tomcat.util.modeler.OperationInfo, attributeName=null]
2019-12-06 11:18:44.239 DEBUG 7503 --- [    Test worker] o.apache.tomcat.util.digester.Digester   : [ObjectCreateRule]{mbeans-descriptors/mbean/operation} Pop org.apache.tomcat.util.modeler.OperationInfo
2019-12-06 11:18:44.239 DEBUG 7503 --- [    Test worker] o.a.tomcat.util.digester.Digester.sax    : characters(

  )
2019-12-06 11:18:44.239 DEBUG 7503 --- [    Test worker] o.a.tomcat.util.digester.Digester.sax    : endElement(,,mbean)
2019-12-06 11:18:44.239 DEBUG 7503 --- [    Test worker] o.apache.tomcat.util.digester.Digester   :   match='mbeans-descriptors/mbean'
2019-12-06 11:18:44.239 DEBUG 7503 --- [    Test worker] o.apache.tomcat.util.digester.Digester   :   bodyText='

    

    

    

    

    

    

    

    

    

    

    

    

    

    

    

    

    

    

    

    

    

    

    

    

    

    

    

    

    

    

    

    

    

    

    

    

    

    

    

    

    

    

    

    

    

    

    

    

    

    

    

    

    

    

    

    

    

    

    

    

  '
2019-12-06 11:18:44.239 DEBUG 7503 --- [    Test worker] o.apache.tomcat.util.digester.Digester   :   Fire body() for ObjectCreateRule[className=org.apache.tomcat.util.modeler.ManagedBean, attributeName=null]
2019-12-06 11:18:44.239 DEBUG 7503 --- [    Test worker] o.apache.tomcat.util.digester.Digester   :   Fire body() for SetPropertiesRule[]
2019-12-06 11:18:44.240 DEBUG 7503 --- [    Test worker] o.apache.tomcat.util.digester.Digester   :   Fire body() for SetNextRule[methodName=add, paramType=java.lang.Object]
2019-12-06 11:18:44.240 DEBUG 7503 --- [    Test worker] o.apache.tomcat.util.digester.Digester   :   Fire end() for SetNextRule[methodName=add, paramType=java.lang.Object]
2019-12-06 11:18:44.240 DEBUG 7503 --- [    Test worker] o.apache.tomcat.util.digester.Digester   : [SetNextRule]{mbeans-descriptors/mbean} Call java.util.ArrayList.add(ManagedBean[name=AprEndpoint, className=org.apache.catalina.mbeans.ClassNameMBean, description=null, group=ThreadPool, type=org.apache.tomcat.util.net.AprEndpoint])
2019-12-06 11:18:44.240 DEBUG 7503 --- [    Test worker] o.apache.tomcat.util.IntrospectionUtils  : IntrospectionUtils: callMethod1 java.util.ArrayList org.apache.tomcat.util.modeler.ManagedBean java.lang.Object
2019-12-06 11:18:44.240 DEBUG 7503 --- [    Test worker] o.apache.tomcat.util.digester.Digester   :   Fire end() for SetPropertiesRule[]
2019-12-06 11:18:44.240 DEBUG 7503 --- [    Test worker] o.apache.tomcat.util.digester.Digester   :   Fire end() for ObjectCreateRule[className=org.apache.tomcat.util.modeler.ManagedBean, attributeName=null]
2019-12-06 11:18:44.240 DEBUG 7503 --- [    Test worker] o.apache.tomcat.util.digester.Digester   : [ObjectCreateRule]{mbeans-descriptors/mbean} Pop org.apache.tomcat.util.modeler.ManagedBean
2019-12-06 11:18:44.240 DEBUG 7503 --- [    Test worker] o.a.tomcat.util.digester.Digester.sax    : characters(

)
2019-12-06 11:18:44.241 DEBUG 7503 --- [    Test worker] o.a.tomcat.util.digester.Digester.sax    : endElement(,,mbeans-descriptors)
2019-12-06 11:18:44.241 DEBUG 7503 --- [    Test worker] o.apache.tomcat.util.digester.Digester   :   match='mbeans-descriptors'
2019-12-06 11:18:44.241 DEBUG 7503 --- [    Test worker] o.apache.tomcat.util.digester.Digester   :   bodyText='

  

  

  

'
2019-12-06 11:18:44.241 DEBUG 7503 --- [    Test worker] o.apache.tomcat.util.digester.Digester   : No rules found matching [mbeans-descriptors]
2019-12-06 11:18:44.241 DEBUG 7503 --- [    Test worker] o.a.tomcat.util.digester.Digester.sax    : endDocument()
2019-12-06 11:18:44.242 DEBUG 7503 --- [    Test worker] o.a.tomcat.util.modeler.BaseModelMBean   : preRegister org.apache.tomcat.util.net.NioEndpoint@455d9eb5 Tomcat:type=ThreadPool,name="http-nio-auto-1"
2019-12-06 11:18:44.242 DEBUG 7503 --- [    Test worker] org.apache.tomcat.util.modeler.Registry  : Managed= Tomcat:type=ThreadPool,name="http-nio-auto-1",subType=SocketProperties
2019-12-06 11:18:44.242 DEBUG 7503 --- [    Test worker] org.apache.tomcat.util.modeler.Registry  : Looking for descriptor 
2019-12-06 11:18:44.242 DEBUG 7503 --- [    Test worker] org.apache.tomcat.util.modeler.Registry  : Introspecting 
2019-12-06 11:18:44.243 DEBUG 7503 --- [    Test worker] m.m.MbeansDescriptorsIntrospectionSource : Unsupported type public void org.apache.tomcat.util.net.SocketProperties.setProperties(java.nio.channels.AsynchronousServerSocketChannel) throws java.io.IOException class java.nio.channels.AsynchronousServerSocketChannel
2019-12-06 11:18:44.243 DEBUG 7503 --- [    Test worker] m.m.MbeansDescriptorsIntrospectionSource : Unsupported type public void org.apache.tomcat.util.net.SocketProperties.setProperties(java.nio.channels.AsynchronousSocketChannel) throws java.io.IOException class java.nio.channels.AsynchronousSocketChannel
2019-12-06 11:18:44.243 DEBUG 7503 --- [    Test worker] m.m.MbeansDescriptorsIntrospectionSource : Unsupported type public void org.apache.tomcat.util.net.SocketProperties.setProperties(java.net.ServerSocket) throws java.net.SocketException class java.net.ServerSocket
2019-12-06 11:18:44.243 DEBUG 7503 --- [    Test worker] m.m.MbeansDescriptorsIntrospectionSource : Unsupported type public void org.apache.tomcat.util.net.SocketProperties.setProperties(java.net.Socket) throws java.net.SocketException class java.net.Socket
2019-12-06 11:18:44.243 DEBUG 7503 --- [    Test worker] m.m.MbeansDescriptorsIntrospectionSource : Introspected attribute timeoutInterval public long org.apache.tomcat.util.net.SocketProperties.getTimeoutInterval() public void org.apache.tomcat.util.net.SocketProperties.setTimeoutInterval(long)
2019-12-06 11:18:44.243 DEBUG 7503 --- [    Test worker] m.m.MbeansDescriptorsIntrospectionSource : Introspected attribute txBufSize public int org.apache.tomcat.util.net.SocketProperties.getTxBufSize() public void org.apache.tomcat.util.net.SocketProperties.setTxBufSize(int)
2019-12-06 11:18:44.243 DEBUG 7503 --- [    Test worker] m.m.MbeansDescriptorsIntrospectionSource : Introspected attribute rxBufSize public int org.apache.tomcat.util.net.SocketProperties.getRxBufSize() public void org.apache.tomcat.util.net.SocketProperties.setRxBufSize(int)
2019-12-06 11:18:44.244 DEBUG 7503 --- [    Test worker] m.m.MbeansDescriptorsIntrospectionSource : Introspected attribute bufferPoolSize public int org.apache.tomcat.util.net.SocketProperties.getBufferPoolSize() public void org.apache.tomcat.util.net.SocketProperties.setBufferPoolSize(int)
2019-12-06 11:18:44.244 DEBUG 7503 --- [    Test worker] m.m.MbeansDescriptorsIntrospectionSource : Introspected attribute performanceLatency public int org.apache.tomcat.util.net.SocketProperties.getPerformanceLatency() public void org.apache.tomcat.util.net.SocketProperties.setPerformanceLatency(int)
2019-12-06 11:18:44.244 DEBUG 7503 --- [    Test worker] m.m.MbeansDescriptorsIntrospectionSource : Introspected attribute ooBInline public boolean org.apache.tomcat.util.net.SocketProperties.getOoBInline() public void org.apache.tomcat.util.net.SocketProperties.setOoBInline(boolean)
2019-12-06 11:18:44.244 DEBUG 7503 --- [    Test worker] m.m.MbeansDescriptorsIntrospectionSource : Introspected attribute appWriteBufSize public int org.apache.tomcat.util.net.SocketProperties.getAppWriteBufSize() public void org.apache.tomcat.util.net.SocketProperties.setAppWriteBufSize(int)
2019-12-06 11:18:44.244 DEBUG 7503 --- [    Test worker] m.m.MbeansDescriptorsIntrospectionSource : Introspected attribute bufferPool public int org.apache.tomcat.util.net.SocketProperties.getBufferPool() public void org.apache.tomcat.util.net.SocketProperties.setBufferPool(int)
2019-12-06 11:18:44.244 DEBUG 7503 --- [    Test worker] m.m.MbeansDescriptorsIntrospectionSource : Introspected attribute soTimeout public int org.apache.tomcat.util.net.SocketProperties.getSoTimeout() public void org.apache.tomcat.util.net.SocketProperties.setSoTimeout(int)
2019-12-06 11:18:44.244 DEBUG 7503 --- [    Test worker] m.m.MbeansDescriptorsIntrospectionSource : Introspected attribute directBuffer public boolean org.apache.tomcat.util.net.SocketProperties.getDirectBuffer() public void org.apache.tomcat.util.net.SocketProperties.setDirectBuffer(boolean)
2019-12-06 11:18:44.244 DEBUG 7503 --- [    Test worker] m.m.MbeansDescriptorsIntrospectionSource : Introspected attribute soLingerOn public boolean org.apache.tomcat.util.net.SocketProperties.getSoLingerOn() public void org.apache.tomcat.util.net.SocketProperties.setSoLingerOn(boolean)
2019-12-06 11:18:44.244 DEBUG 7503 --- [    Test worker] m.m.MbeansDescriptorsIntrospectionSource : Introspected attribute eventCache public int org.apache.tomcat.util.net.SocketProperties.getEventCache() public void org.apache.tomcat.util.net.SocketProperties.setEventCache(int)
2019-12-06 11:18:44.245 DEBUG 7503 --- [    Test worker] m.m.MbeansDescriptorsIntrospectionSource : Introspected attribute soReuseAddress public boolean org.apache.tomcat.util.net.SocketProperties.getSoReuseAddress() public void org.apache.tomcat.util.net.SocketProperties.setSoReuseAddress(boolean)
2019-12-06 11:18:44.245 DEBUG 7503 --- [    Test worker] m.m.MbeansDescriptorsIntrospectionSource : Introspected attribute performanceBandwidth public int org.apache.tomcat.util.net.SocketProperties.getPerformanceBandwidth() public void org.apache.tomcat.util.net.SocketProperties.setPerformanceBandwidth(int)
2019-12-06 11:18:44.245 DEBUG 7503 --- [    Test worker] m.m.MbeansDescriptorsIntrospectionSource : Introspected attribute appReadBufSize public int org.apache.tomcat.util.net.SocketProperties.getAppReadBufSize() public void org.apache.tomcat.util.net.SocketProperties.setAppReadBufSize(int)
2019-12-06 11:18:44.245 DEBUG 7503 --- [    Test worker] m.m.MbeansDescriptorsIntrospectionSource : Introspected attribute performanceConnectionTime public int org.apache.tomcat.util.net.SocketProperties.getPerformanceConnectionTime() public void org.apache.tomcat.util.net.SocketProperties.setPerformanceConnectionTime(int)
2019-12-06 11:18:44.245 DEBUG 7503 --- [    Test worker] m.m.MbeansDescriptorsIntrospectionSource : Introspected attribute soLingerTime public int org.apache.tomcat.util.net.SocketProperties.getSoLingerTime() public void org.apache.tomcat.util.net.SocketProperties.setSoLingerTime(int)
2019-12-06 11:18:44.245 DEBUG 7503 --- [    Test worker] m.m.MbeansDescriptorsIntrospectionSource : Introspected attribute directBufferPool public int org.apache.tomcat.util.net.SocketProperties.getDirectBufferPool() public void org.apache.tomcat.util.net.SocketProperties.setDirectBufferPool(int)
2019-12-06 11:18:44.245 DEBUG 7503 --- [    Test worker] m.m.MbeansDescriptorsIntrospectionSource : Introspected attribute directSslBuffer public boolean org.apache.tomcat.util.net.SocketProperties.getDirectSslBuffer() public void org.apache.tomcat.util.net.SocketProperties.setDirectSslBuffer(boolean)
2019-12-06 11:18:44.245 DEBUG 7503 --- [    Test worker] m.m.MbeansDescriptorsIntrospectionSource : Introspected attribute processorCache public int org.apache.tomcat.util.net.SocketProperties.getProcessorCache() public void org.apache.tomcat.util.net.SocketProperties.setProcessorCache(int)
2019-12-06 11:18:44.245 DEBUG 7503 --- [    Test worker] m.m.MbeansDescriptorsIntrospectionSource : Introspected attribute tcpNoDelay public boolean org.apache.tomcat.util.net.SocketProperties.getTcpNoDelay() public void org.apache.tomcat.util.net.SocketProperties.setTcpNoDelay(boolean)
2019-12-06 11:18:44.246 DEBUG 7503 --- [    Test worker] m.m.MbeansDescriptorsIntrospectionSource : Introspected attribute unlockTimeout public int org.apache.tomcat.util.net.SocketProperties.getUnlockTimeout() public void org.apache.tomcat.util.net.SocketProperties.setUnlockTimeout(int)
2019-12-06 11:18:44.246 DEBUG 7503 --- [    Test worker] m.m.MbeansDescriptorsIntrospectionSource : Introspected attribute soKeepAlive public boolean org.apache.tomcat.util.net.SocketProperties.getSoKeepAlive() public void org.apache.tomcat.util.net.SocketProperties.setSoKeepAlive(boolean)
2019-12-06 11:18:44.246 DEBUG 7503 --- [    Test worker] m.m.MbeansDescriptorsIntrospectionSource : Setting name: org.apache.tomcat.util.net.SocketProperties
2019-12-06 11:18:44.246 DEBUG 7503 --- [    Test worker] o.a.tomcat.util.modeler.BaseModelMBean   : preRegister org.apache.tomcat.util.net.SocketProperties@72d2a82c Tomcat:type=ThreadPool,name="http-nio-auto-1",subType=SocketProperties
2019-12-06 11:18:44.246  INFO 7503 --- [    Test worker] o.apache.catalina.core.StandardService   : Starting service [Tomcat]
2019-12-06 11:18:44.247  INFO 7503 --- [    Test worker] org.apache.catalina.core.StandardEngine  : Starting Servlet engine: [Apache Tomcat/9.0.22]
2019-12-06 11:18:44.247 DEBUG 7503 --- [    Test worker] org.apache.tomcat.util.modeler.Registry  : Managed= Tomcat:type=Realm,realmPath=/realm0
2019-12-06 11:18:44.247 DEBUG 7503 --- [    Test worker] org.apache.tomcat.util.modeler.Registry  : Looking for descriptor 
2019-12-06 11:18:44.247 DEBUG 7503 --- [    Test worker] org.apache.tomcat.util.modeler.Registry  : Introspecting 
2019-12-06 11:18:44.250 DEBUG 7503 --- [    Test worker] m.m.MbeansDescriptorsIntrospectionSource : Unsupported type public void org.apache.catalina.realm.RealmBase.setContainer(org.apache.catalina.Container) interface org.apache.catalina.Container
2019-12-06 11:18:44.251 DEBUG 7503 --- [    Test worker] m.m.MbeansDescriptorsIntrospectionSource : Unsupported type public org.apache.catalina.Container org.apache.catalina.realm.RealmBase.getContainer()
2019-12-06 11:18:44.251 DEBUG 7503 --- [    Test worker] m.m.MbeansDescriptorsIntrospectionSource : Unsupported type public org.apache.catalina.CredentialHandler org.apache.catalina.realm.RealmBase.getCredentialHandler()
2019-12-06 11:18:44.251 DEBUG 7503 --- [    Test worker] m.m.MbeansDescriptorsIntrospectionSource : Unsupported type public void org.apache.catalina.realm.RealmBase.setCredentialHandler(org.apache.catalina.CredentialHandler) interface org.apache.catalina.CredentialHandler
2019-12-06 11:18:44.255 DEBUG 7503 --- [    Test worker] m.m.MbeansDescriptorsIntrospectionSource : Unsupported type public org.apache.catalina.LifecycleState org.apache.catalina.util.LifecycleBase.getState()
2019-12-06 11:18:44.256 DEBUG 7503 --- [    Test worker] m.m.MbeansDescriptorsIntrospectionSource : Introspected attribute domainInternal public java.lang.String org.apache.catalina.realm.RealmBase.getDomainInternal() null
2019-12-06 11:18:44.256 DEBUG 7503 --- [    Test worker] m.m.MbeansDescriptorsIntrospectionSource : Introspected attribute available public default boolean org.apache.catalina.Realm.isAvailable() null
2019-12-06 11:18:44.256 DEBUG 7503 --- [    Test worker] m.m.MbeansDescriptorsIntrospectionSource : Introspected attribute stripRealmForGss public boolean org.apache.catalina.realm.RealmBase.isStripRealmForGss() public void org.apache.catalina.realm.RealmBase.setStripRealmForGss(boolean)
2019-12-06 11:18:44.256 DEBUG 7503 --- [    Test worker] m.m.MbeansDescriptorsIntrospectionSource : Introspected attribute domain public final java.lang.String org.apache.catalina.util.LifecycleMBeanBase.getDomain() public final void org.apache.catalina.util.LifecycleMBeanBase.setDomain(java.lang.String)
2019-12-06 11:18:44.256 DEBUG 7503 --- [    Test worker] m.m.MbeansDescriptorsIntrospectionSource : Introspected attribute objectName public final javax.management.ObjectName org.apache.catalina.util.LifecycleMBeanBase.getObjectName() null
2019-12-06 11:18:44.256 DEBUG 7503 --- [    Test worker] m.m.MbeansDescriptorsIntrospectionSource : Introspected attribute objectNameKeyProperties public java.lang.String org.apache.catalina.realm.RealmBase.getObjectNameKeyProperties() null
2019-12-06 11:18:44.256 DEBUG 7503 --- [    Test worker] m.m.MbeansDescriptorsIntrospectionSource : Introspected attribute throwOnFailure public boolean org.apache.catalina.util.LifecycleBase.getThrowOnFailure() public void org.apache.catalina.util.LifecycleBase.setThrowOnFailure(boolean)
2019-12-06 11:18:44.257 DEBUG 7503 --- [    Test worker] m.m.MbeansDescriptorsIntrospectionSource : Introspected attribute x509UsernameRetrieverClassName public java.lang.String org.apache.catalina.realm.RealmBase.getX509UsernameRetrieverClassName() public void org.apache.catalina.realm.RealmBase.setX509UsernameRetrieverClassName(java.lang.String)
2019-12-06 11:18:44.257 DEBUG 7503 --- [    Test worker] m.m.MbeansDescriptorsIntrospectionSource : Introspected attribute transportGuaranteeRedirectStatus public int org.apache.catalina.realm.RealmBase.getTransportGuaranteeRedirectStatus() public void org.apache.catalina.realm.RealmBase.setTransportGuaranteeRedirectStatus(int)
2019-12-06 11:18:44.257 DEBUG 7503 --- [    Test worker] m.m.MbeansDescriptorsIntrospectionSource : Introspected attribute validate public boolean org.apache.catalina.realm.RealmBase.getValidate() public void org.apache.catalina.realm.RealmBase.setValidate(boolean)
2019-12-06 11:18:44.257 DEBUG 7503 --- [    Test worker] m.m.MbeansDescriptorsIntrospectionSource : Introspected attribute realmPath public java.lang.String org.apache.catalina.realm.RealmBase.getRealmPath() public void org.apache.catalina.realm.RealmBase.setRealmPath(java.lang.String)
2019-12-06 11:18:44.257 DEBUG 7503 --- [    Test worker] m.m.MbeansDescriptorsIntrospectionSource : Introspected attribute stateName public java.lang.String org.apache.catalina.util.LifecycleBase.getStateName() null
2019-12-06 11:18:44.257 DEBUG 7503 --- [    Test worker] m.m.MbeansDescriptorsIntrospectionSource : Introspected attribute allRolesMode public java.lang.String org.apache.catalina.realm.RealmBase.getAllRolesMode() public void org.apache.catalina.realm.RealmBase.setAllRolesMode(java.lang.String)
2019-12-06 11:18:44.257 DEBUG 7503 --- [    Test worker] m.m.MbeansDescriptorsIntrospectionSource : Setting name: org.apache.catalina.startup.Tomcat$SimpleRealm
2019-12-06 11:18:44.259 DEBUG 7503 --- [    Test worker] o.a.tomcat.util.modeler.BaseModelMBean   : preRegister SimpleRealm[StandardEngine[Tomcat]] Tomcat:type=Realm,realmPath=/realm0
2019-12-06 11:18:44.260 DEBUG 7503 --- [    Test worker] org.apache.tomcat.util.modeler.Registry  : Managed= Tomcat:type=Host,host=localhost
2019-12-06 11:18:44.260 DEBUG 7503 --- [    Test worker] o.a.tomcat.util.modeler.BaseModelMBean   : preRegister StandardEngine[Tomcat].StandardHost[localhost] Tomcat:type=Host,host=localhost
2019-12-06 11:18:44.260 DEBUG 7503 --- [    Test worker] org.apache.tomcat.util.modeler.Registry  : Managed= Tomcat:j2eeType=WebModule,name=//localhost/,J2EEApplication=none,J2EEServer=none
2019-12-06 11:18:44.260 DEBUG 7503 --- [    Test worker] org.apache.tomcat.util.modeler.Registry  : Looking for descriptor 
2019-12-06 11:18:44.261 DEBUG 7503 --- [    Test worker] org.apache.tomcat.util.modeler.Registry  : Introspecting 
2019-12-06 11:18:44.265 DEBUG 7503 --- [    Test worker] m.m.MbeansDescriptorsIntrospectionSource : Unsupported type public void org.springframework.boot.web.embedded.tomcat.TomcatEmbeddedContext.setManager(org.apache.catalina.Manager) interface org.apache.catalina.Manager
2019-12-06 11:18:44.266 DEBUG 7503 --- [    Test worker] m.m.MbeansDescriptorsIntrospectionSource : Unsupported type public void org.springframework.boot.web.embedded.tomcat.TomcatEmbeddedContext.setStarter(org.springframework.boot.web.embedded.tomcat.TomcatStarter) class org.springframework.boot.web.embedded.tomcat.TomcatStarter
2019-12-06 11:18:44.266 DEBUG 7503 --- [    Test worker] m.m.MbeansDescriptorsIntrospectionSource : Unsupported type public org.springframework.boot.web.embedded.tomcat.TomcatStarter org.springframework.boot.web.embedded.tomcat.TomcatEmbeddedContext.getStarter()
2019-12-06 11:18:44.266 DEBUG 7503 --- [    Test worker] m.m.MbeansDescriptorsIntrospectionSource : Unsupported type public org.apache.catalina.WebResourceRoot org.apache.catalina.core.StandardContext.getResources()
2019-12-06 11:18:44.266 DEBUG 7503 --- [    Test worker] m.m.MbeansDescriptorsIntrospectionSource : Unsupported type public void org.apache.catalina.core.StandardContext.setConfigFile(java.net.URL) class java.net.URL
2019-12-06 11:18:44.266 DEBUG 7503 --- [    Test worker] m.m.MbeansDescriptorsIntrospectionSource : Unsupported type public void org.apache.catalina.core.StandardContext.setLoader(org.apache.catalina.Loader) interface org.apache.catalina.Loader
2019-12-06 11:18:44.266 DEBUG 7503 --- [    Test worker] m.m.MbeansDescriptorsIntrospectionSource : Unsupported type public org.apache.catalina.Manager org.apache.catalina.core.StandardContext.getManager()
2019-12-06 11:18:44.266 DEBUG 7503 --- [    Test worker] m.m.MbeansDescriptorsIntrospectionSource : Unsupported type public javax.management.MBeanNotificationInfo[] org.apache.catalina.core.StandardContext.getNotificationInfo()
2019-12-06 11:18:44.267 DEBUG 7503 --- [    Test worker] m.m.MbeansDescriptorsIntrospectionSource : Unsupported type public javax.servlet.descriptor.JspConfigDescriptor org.apache.catalina.core.StandardContext.getJspConfigDescriptor()
2019-12-06 11:18:44.267 DEBUG 7503 --- [    Test worker] m.m.MbeansDescriptorsIntrospectionSource : Unsupported type public org.apache.catalina.Loader org.apache.catalina.core.StandardContext.getLoader()
2019-12-06 11:18:44.267 DEBUG 7503 --- [    Test worker] m.m.MbeansDescriptorsIntrospectionSource : Unsupported type public java.lang.ClassLoader org.apache.catalina.core.StandardContext.getParentClassLoader()
2019-12-06 11:18:44.267 DEBUG 7503 --- [    Test worker] m.m.MbeansDescriptorsIntrospectionSource : Unsupported type public javax.servlet.ServletContext org.apache.catalina.core.StandardContext.getServletContext()
2019-12-06 11:18:44.267 DEBUG 7503 --- [    Test worker] m.m.MbeansDescriptorsIntrospectionSource : Unsupported type public java.net.URL org.apache.catalina.core.StandardContext.getConfigFile()
2019-12-06 11:18:44.268 DEBUG 7503 --- [    Test worker] m.m.MbeansDescriptorsIntrospectionSource : Unsupported type public void org.apache.catalina.core.StandardContext.setJarScanner(org.apache.tomcat.JarScanner) interface org.apache.tomcat.JarScanner
2019-12-06 11:18:44.268 DEBUG 7503 --- [    Test worker] m.m.MbeansDescriptorsIntrospectionSource : Unsupported type public org.apache.catalina.Authenticator org.apache.catalina.core.StandardContext.getAuthenticator()
2019-12-06 11:18:44.268 DEBUG 7503 --- [    Test worker] m.m.MbeansDescriptorsIntrospectionSource : Unsupported type public org.apache.tomcat.InstanceManager org.apache.catalina.core.StandardContext.getInstanceManager()
2019-12-06 11:18:44.268 DEBUG 7503 --- [    Test worker] m.m.MbeansDescriptorsIntrospectionSource : Unsupported type public void org.apache.catalina.core.StandardContext.setInstanceManager(org.apache.tomcat.InstanceManager) interface org.apache.tomcat.InstanceManager
2019-12-06 11:18:44.269 DEBUG 7503 --- [    Test worker] m.m.MbeansDescriptorsIntrospectionSource : Unsupported type public org.apache.catalina.ThreadBindingListener org.apache.catalina.core.StandardContext.getThreadBindingListener()
2019-12-06 11:18:44.269 DEBUG 7503 --- [    Test worker] m.m.MbeansDescriptorsIntrospectionSource : Unsupported type public void org.apache.catalina.core.StandardContext.setThreadBindingListener(org.apache.catalina.ThreadBindingListener) interface org.apache.catalina.ThreadBindingListener
2019-12-06 11:18:44.270 DEBUG 7503 --- [    Test worker] m.m.MbeansDescriptorsIntrospectionSource : Unsupported type public void org.apache.catalina.core.StandardContext.setJspConfigDescriptor(javax.servlet.descriptor.JspConfigDescriptor) interface javax.servlet.descriptor.JspConfigDescriptor
2019-12-06 11:18:44.270 DEBUG 7503 --- [    Test worker] m.m.MbeansDescriptorsIntrospectionSource : Unsupported type public java.lang.Object org.apache.catalina.core.StandardContext.getNamingToken()
2019-12-06 11:18:44.270 DEBUG 7503 --- [    Test worker] m.m.MbeansDescriptorsIntrospectionSource : Unsupported type public void org.apache.catalina.core.StandardContext.setCookieProcessor(org.apache.tomcat.util.http.CookieProcessor) interface org.apache.tomcat.util.http.CookieProcessor
2019-12-06 11:18:44.270 DEBUG 7503 --- [    Test worker] m.m.MbeansDescriptorsIntrospectionSource : Unsupported type public org.apache.tomcat.util.http.CookieProcessor org.apache.catalina.core.StandardContext.getCookieProcessor()
2019-12-06 11:18:44.270 DEBUG 7503 --- [    Test worker] m.m.MbeansDescriptorsIntrospectionSource : Unsupported type public void org.apache.catalina.core.StandardContext.setResources(org.apache.catalina.WebResourceRoot) interface org.apache.catalina.WebResourceRoot
2019-12-06 11:18:44.270 DEBUG 7503 --- [    Test worker] m.m.MbeansDescriptorsIntrospectionSource : Unsupported type public org.apache.tomcat.JarScanner org.apache.catalina.core.StandardContext.getJarScanner()
2019-12-06 11:18:44.274 DEBUG 7503 --- [    Test worker] m.m.MbeansDescriptorsIntrospectionSource : Unsupported type public org.apache.catalina.Container org.apache.catalina.core.ContainerBase.getParent()
2019-12-06 11:18:44.274 DEBUG 7503 --- [    Test worker] m.m.MbeansDescriptorsIntrospectionSource : Unsupported type public void org.apache.catalina.core.ContainerBase.setParent(org.apache.catalina.Container) interface org.apache.catalina.Container
2019-12-06 11:18:44.274 DEBUG 7503 --- [    Test worker] m.m.MbeansDescriptorsIntrospectionSource : Unsupported type public javax.management.ObjectName[] org.apache.catalina.core.ContainerBase.getChildren()
2019-12-06 11:18:44.274 DEBUG 7503 --- [    Test worker] m.m.MbeansDescriptorsIntrospectionSource : Unsupported type public void org.apache.catalina.core.ContainerBase.setRealm(org.apache.catalina.Realm) interface org.apache.catalina.Realm
2019-12-06 11:18:44.274 DEBUG 7503 --- [    Test worker] m.m.MbeansDescriptorsIntrospectionSource : Unsupported type public org.apache.catalina.Pipeline org.apache.catalina.core.ContainerBase.getPipeline()
2019-12-06 11:18:44.275 DEBUG 7503 --- [    Test worker] m.m.MbeansDescriptorsIntrospectionSource : Unsupported type public org.apache.catalina.Cluster org.apache.catalina.core.ContainerBase.getCluster()
2019-12-06 11:18:44.275 DEBUG 7503 --- [    Test worker] m.m.MbeansDescriptorsIntrospectionSource : Unsupported type public void org.apache.catalina.core.ContainerBase.setCluster(org.apache.catalina.Cluster) interface org.apache.catalina.Cluster
2019-12-06 11:18:44.275 DEBUG 7503 --- [    Test worker] m.m.MbeansDescriptorsIntrospectionSource : Unsupported type public void org.apache.catalina.core.ContainerBase.setParentClassLoader(java.lang.ClassLoader) class java.lang.ClassLoader
2019-12-06 11:18:44.275 DEBUG 7503 --- [    Test worker] m.m.MbeansDescriptorsIntrospectionSource : Unsupported type public org.apache.catalina.Realm org.apache.catalina.core.ContainerBase.getRealm()
2019-12-06 11:18:44.275 DEBUG 7503 --- [    Test worker] m.m.MbeansDescriptorsIntrospectionSource : Unsupported type public org.apache.catalina.AccessLog org.apache.catalina.core.ContainerBase.getAccessLog()
2019-12-06 11:18:44.275 DEBUG 7503 --- [    Test worker] m.m.MbeansDescriptorsIntrospectionSource : Unsupported type public org.apache.juli.logging.Log org.apache.catalina.core.ContainerBase.getLogger()
2019-12-06 11:18:44.276 DEBUG 7503 --- [    Test worker] m.m.MbeansDescriptorsIntrospectionSource : Unsupported type public org.apache.catalina.LifecycleState org.apache.catalina.util.LifecycleBase.getState()
2019-12-06 11:18:44.276 DEBUG 7503 --- [    Test worker] m.m.MbeansDescriptorsIntrospectionSource : Introspected attribute denyUncoveredHttpMethods public boolean org.apache.catalina.core.StandardContext.getDenyUncoveredHttpMethods() public void org.apache.catalina.core.StandardContext.setDenyUncoveredHttpMethods(boolean)
2019-12-06 11:18:44.276 DEBUG 7503 --- [    Test worker] m.m.MbeansDescriptorsIntrospectionSource : Introspected attribute failCtxIfServletStartFails public java.lang.Boolean org.apache.catalina.core.StandardContext.getFailCtxIfServletStartFails() public void org.apache.catalina.core.StandardContext.setFailCtxIfServletStartFails(java.lang.Boolean)
2019-12-06 11:18:44.276 DEBUG 7503 --- [    Test worker] m.m.MbeansDescriptorsIntrospectionSource : Introspected attribute copyXML public boolean org.apache.catalina.core.StandardContext.getCopyXML() public void org.apache.catalina.core.StandardContext.setCopyXML(boolean)
2019-12-06 11:18:44.276 DEBUG 7503 --- [    Test worker] m.m.MbeansDescriptorsIntrospectionSource : Introspected attribute configured public boolean org.apache.catalina.core.StandardContext.getConfigured() public void org.apache.catalina.core.StandardContext.setConfigured(boolean)
2019-12-06 11:18:44.276 DEBUG 7503 --- [    Test worker] m.m.MbeansDescriptorsIntrospectionSource : Introspected attribute allowMultipleLeadingForwardSlashInPath public boolean org.apache.catalina.core.StandardContext.getAllowMultipleLeadingForwardSlashInPath() public void org.apache.catalina.core.StandardContext.setAllowMultipleLeadingForwardSlashInPath(boolean)
2019-12-06 11:18:44.276 DEBUG 7503 --- [    Test worker] m.m.MbeansDescriptorsIntrospectionSource : Introspected attribute encodedPath public java.lang.String org.apache.catalina.core.StandardContext.getEncodedPath() null
2019-12-06 11:18:44.276 DEBUG 7503 --- [    Test worker] m.m.MbeansDescriptorsIntrospectionSource : Introspected attribute displayName public java.lang.String org.apache.catalina.core.StandardContext.getDisplayName() public void org.apache.catalina.core.StandardContext.setDisplayName(java.lang.String)
2019-12-06 11:18:44.277 DEBUG 7503 --- [    Test worker] m.m.MbeansDescriptorsIntrospectionSource : Introspected attribute baseName public java.lang.String org.apache.catalina.core.StandardContext.getBaseName() null
2019-12-06 11:18:44.277 DEBUG 7503 --- [    Test worker] m.m.MbeansDescriptorsIntrospectionSource : Introspected attribute sendRedirectBody public boolean org.apache.catalina.core.StandardContext.getSendRedirectBody() public void org.apache.catalina.core.StandardContext.setSendRedirectBody(boolean)
2019-12-06 11:18:44.277 DEBUG 7503 --- [    Test worker] m.m.MbeansDescriptorsIntrospectionSource : Introspected attribute fireRequestListenersOnForwards public boolean org.apache.catalina.core.StandardContext.getFireRequestListenersOnForwards() public void org.apache.catalina.core.StandardContext.setFireRequestListenersOnForwards(boolean)
2019-12-06 11:18:44.277 DEBUG 7503 --- [    Test worker] m.m.MbeansDescriptorsIntrospectionSource : Introspected attribute xmlBlockExternal public boolean org.apache.catalina.core.StandardContext.getXmlBlockExternal() public void org.apache.catalina.core.StandardContext.setXmlBlockExternal(boolean)
2019-12-06 11:18:44.277 DEBUG 7503 --- [    Test worker] m.m.MbeansDescriptorsIntrospectionSource : Introspected attribute backgroundProcessorDelay public int org.apache.catalina.core.ContainerBase.getBackgroundProcessorDelay() public void org.apache.catalina.core.ContainerBase.setBackgroundProcessorDelay(int)
2019-12-06 11:18:44.277 DEBUG 7503 --- [    Test worker] m.m.MbeansDescriptorsIntrospectionSource : Introspected attribute privileged public boolean org.apache.catalina.core.StandardContext.getPrivileged() public void org.apache.catalina.core.StandardContext.setPrivileged(boolean)
2019-12-06 11:18:44.277 DEBUG 7503 --- [    Test worker] m.m.MbeansDescriptorsIntrospectionSource : Introspected attribute originalDocBase public java.lang.String org.apache.catalina.core.StandardContext.getOriginalDocBase() public void org.apache.catalina.core.StandardContext.setOriginalDocBase(java.lang.String)
2019-12-06 11:18:44.277 DEBUG 7503 --- [    Test worker] m.m.MbeansDescriptorsIntrospectionSource : Introspected attribute startChildren public boolean org.apache.catalina.core.ContainerBase.getStartChildren() public void org.apache.catalina.core.ContainerBase.setStartChildren(boolean)
2019-12-06 11:18:44.278 DEBUG 7503 --- [    Test worker] m.m.MbeansDescriptorsIntrospectionSource : Introspected attribute allowCasualMultipartParsing public boolean org.apache.catalina.core.StandardContext.getAllowCasualMultipartParsing() public void org.apache.catalina.core.StandardContext.setAllowCasualMultipartParsing(boolean)
2019-12-06 11:18:44.278 DEBUG 7503 --- [    Test worker] m.m.MbeansDescriptorsIntrospectionSource : Introspected attribute mBeanKeyProperties public java.lang.String org.apache.catalina.core.ContainerBase.getMBeanKeyProperties() null
2019-12-06 11:18:44.278 DEBUG 7503 --- [    Test worker] m.m.MbeansDescriptorsIntrospectionSource : Introspected attribute mapperDirectoryRedirectEnabled public boolean org.apache.catalina.core.StandardContext.getMapperDirectoryRedirectEnabled() public void org.apache.catalina.core.StandardContext.setMapperDirectoryRedirectEnabled(boolean)
2019-12-06 11:18:44.278 DEBUG 7503 --- [    Test worker] m.m.MbeansDescriptorsIntrospectionSource : Introspected attribute clearReferencesRmiTargets public boolean org.apache.catalina.core.StandardContext.getClearReferencesRmiTargets() public void org.apache.catalina.core.StandardContext.setClearReferencesRmiTargets(boolean)
2019-12-06 11:18:44.278 DEBUG 7503 --- [    Test worker] m.m.MbeansDescriptorsIntrospectionSource : Introspected attribute unloadDelay public long org.apache.catalina.core.StandardContext.getUnloadDelay() public void org.apache.catalina.core.StandardContext.setUnloadDelay(long)
2019-12-06 11:18:44.278 DEBUG 7503 --- [    Test worker] m.m.MbeansDescriptorsIntrospectionSource : Introspected attribute clearReferencesObjectStreamClassCaches public boolean org.apache.catalina.core.StandardContext.getClearReferencesObjectStreamClassCaches() public void org.apache.catalina.core.StandardContext.setClearReferencesObjectStreamClassCaches(boolean)
2019-12-06 11:18:44.278 DEBUG 7503 --- [    Test worker] m.m.MbeansDescriptorsIntrospectionSource : Introspected attribute webappVersion public java.lang.String org.apache.catalina.core.StandardContext.getWebappVersion() public void org.apache.catalina.core.StandardContext.setWebappVersion(java.lang.String)
2019-12-06 11:18:44.278 DEBUG 7503 --- [    Test worker] m.m.MbeansDescriptorsIntrospectionSource : Introspected attribute welcomeFiles public java.lang.String[] org.apache.catalina.core.StandardContext.getWelcomeFiles() null
2019-12-06 11:18:44.278 DEBUG 7503 --- [    Test worker] m.m.MbeansDescriptorsIntrospectionSource : Introspected attribute effectiveMajorVersion public int org.apache.catalina.core.StandardContext.getEffectiveMajorVersion() public void org.apache.catalina.core.StandardContext.setEffectiveMajorVersion(int)
2019-12-06 11:18:44.279 DEBUG 7503 --- [    Test worker] m.m.MbeansDescriptorsIntrospectionSource : Introspected attribute containerSciFilter public java.lang.String org.apache.catalina.core.StandardContext.getContainerSciFilter() public void org.apache.catalina.core.StandardContext.setContainerSciFilter(java.lang.String)
2019-12-06 11:18:44.279 DEBUG 7503 --- [    Test worker] m.m.MbeansDescriptorsIntrospectionSource : Introspected attribute errorCount public int org.apache.catalina.core.StandardContext.getErrorCount() null
2019-12-06 11:18:44.279 DEBUG 7503 --- [    Test worker] m.m.MbeansDescriptorsIntrospectionSource : Introspected attribute sessionCookiePath public java.lang.String org.apache.catalina.core.StandardContext.getSessionCookiePath() public void org.apache.catalina.core.StandardContext.setSessionCookiePath(java.lang.String)
2019-12-06 11:18:44.279 DEBUG 7503 --- [    Test worker] m.m.MbeansDescriptorsIntrospectionSource : Introspected attribute server public java.lang.String org.apache.catalina.core.StandardContext.getServer() public java.lang.String org.apache.catalina.core.StandardContext.setServer(java.lang.String)
2019-12-06 11:18:44.279 DEBUG 7503 --- [    Test worker] m.m.MbeansDescriptorsIntrospectionSource : Introspected attribute charsetMapperClass public java.lang.String org.apache.catalina.core.StandardContext.getCharsetMapperClass() public void org.apache.catalina.core.StandardContext.setCharsetMapperClass(java.lang.String)
2019-12-06 11:18:44.279 DEBUG 7503 --- [    Test worker] m.m.MbeansDescriptorsIntrospectionSource : Introspected attribute wrapperClass public java.lang.String org.apache.catalina.core.StandardContext.getWrapperClass() public void org.apache.catalina.core.StandardContext.setWrapperClass(java.lang.String)
2019-12-06 11:18:44.279 DEBUG 7503 --- [    Test worker] m.m.MbeansDescriptorsIntrospectionSource : Introspected attribute cookies public boolean org.apache.catalina.core.StandardContext.getCookies() public void org.apache.catalina.core.StandardContext.setCookies(boolean)
2019-12-06 11:18:44.279 DEBUG 7503 --- [    Test worker] m.m.MbeansDescriptorsIntrospectionSource : Introspected attribute jndiExceptionOnFailedWrite public boolean org.apache.catalina.core.StandardContext.getJndiExceptionOnFailedWrite() public void org.apache.catalina.core.StandardContext.setJndiExceptionOnFailedWrite(boolean)
2019-12-06 11:18:44.280 DEBUG 7503 --- [    Test worker] m.m.MbeansDescriptorsIntrospectionSource : Introspected attribute startTime public long org.apache.catalina.core.StandardContext.getStartTime() null
2019-12-06 11:18:44.280 DEBUG 7503 --- [    Test worker] m.m.MbeansDescriptorsIntrospectionSource : Introspected attribute namingResources public org.apache.catalina.deploy.NamingResourcesImpl org.apache.catalina.core.StandardContext.getNamingResources() public void org.apache.catalina.core.StandardContext.setNamingResources(org.apache.catalina.deploy.NamingResourcesImpl)
2019-12-06 11:18:44.280 DEBUG 7503 --- [    Test worker] m.m.MbeansDescriptorsIntrospectionSource : Introspected attribute sessionCookieName public java.lang.String org.apache.catalina.core.StandardContext.getSessionCookieName() public void org.apache.catalina.core.StandardContext.setSessionCookieName(java.lang.String)
2019-12-06 11:18:44.280 DEBUG 7503 --- [    Test worker] m.m.MbeansDescriptorsIntrospectionSource : Introspected attribute crossContext public boolean org.apache.catalina.core.StandardContext.getCrossContext() public void org.apache.catalina.core.StandardContext.setCrossContext(boolean)
2019-12-06 11:18:44.280 DEBUG 7503 --- [    Test worker] m.m.MbeansDescriptorsIntrospectionSource : Introspected attribute docBase public java.lang.String org.apache.catalina.core.StandardContext.getDocBase() public void org.apache.catalina.core.StandardContext.setDocBase(java.lang.String)
2019-12-06 11:18:44.280 DEBUG 7503 --- [    Test worker] m.m.MbeansDescriptorsIntrospectionSource : Introspected attribute clearReferencesThreadLocals public boolean org.apache.catalina.core.StandardContext.getClearReferencesThreadLocals() public void org.apache.catalina.core.StandardContext.setClearReferencesThreadLocals(boolean)
2019-12-06 11:18:44.280 DEBUG 7503 --- [    Test worker] m.m.MbeansDescriptorsIntrospectionSource : Introspected attribute clearReferencesStopThreads public boolean org.apache.catalina.core.StandardContext.getClearReferencesStopThreads() public void org.apache.catalina.core.StandardContext.setClearReferencesStopThreads(boolean)
2019-12-06 11:18:44.280 DEBUG 7503 --- [    Test worker] m.m.MbeansDescriptorsIntrospectionSource : Introspected attribute logName public java.lang.String org.apache.catalina.core.ContainerBase.getLogName() null
2019-12-06 11:18:44.281 DEBUG 7503 --- [    Test worker] m.m.MbeansDescriptorsIntrospectionSource : Introspected attribute skipMemoryLeakChecksOnJvmShutdown public boolean org.apache.catalina.core.StandardContext.getSkipMemoryLeakChecksOnJvmShutdown() public void org.apache.catalina.core.StandardContext.setSkipMemoryLeakChecksOnJvmShutdown(boolean)
2019-12-06 11:18:44.281 DEBUG 7503 --- [    Test worker] m.m.MbeansDescriptorsIntrospectionSource : Introspected attribute logEffectiveWebXml public boolean org.apache.catalina.core.StandardContext.getLogEffectiveWebXml() public void org.apache.catalina.core.StandardContext.setLogEffectiveWebXml(boolean)
2019-12-06 11:18:44.281 DEBUG 7503 --- [    Test worker] m.m.MbeansDescriptorsIntrospectionSource : Introspected attribute servlet22 public boolean org.apache.catalina.core.StandardContext.isServlet22() null
2019-12-06 11:18:44.281 DEBUG 7503 --- [    Test worker] m.m.MbeansDescriptorsIntrospectionSource : Introspected attribute preemptiveAuthentication public boolean org.apache.catalina.core.StandardContext.getPreemptiveAuthentication() public void org.apache.catalina.core.StandardContext.setPreemptiveAuthentication(boolean)
2019-12-06 11:18:44.281 DEBUG 7503 --- [    Test worker] m.m.MbeansDescriptorsIntrospectionSource : Introspected attribute tldValidation public boolean org.apache.catalina.core.StandardContext.getTldValidation() public void org.apache.catalina.core.StandardContext.setTldValidation(boolean)
2019-12-06 11:18:44.281 DEBUG 7503 --- [    Test worker] m.m.MbeansDescriptorsIntrospectionSource : Introspected attribute objectName public final javax.management.ObjectName org.apache.catalina.util.LifecycleMBeanBase.getObjectName() null
2019-12-06 11:18:44.281 DEBUG 7503 --- [    Test worker] m.m.MbeansDescriptorsIntrospectionSource : Introspected attribute xmlValidation public boolean org.apache.catalina.core.StandardContext.getXmlValidation() public void org.apache.catalina.core.StandardContext.setXmlValidation(boolean)
2019-12-06 11:18:44.282 DEBUG 7503 --- [    Test worker] m.m.MbeansDescriptorsIntrospectionSource : Introspected attribute effectiveMinorVersion public int org.apache.catalina.core.StandardContext.getEffectiveMinorVersion() public void org.apache.catalina.core.StandardContext.setEffectiveMinorVersion(int)
2019-12-06 11:18:44.282 DEBUG 7503 --- [    Test worker] m.m.MbeansDescriptorsIntrospectionSource : Introspected attribute catalinaHome public java.io.File org.apache.catalina.core.ContainerBase.getCatalinaHome() null
2019-12-06 11:18:44.282 DEBUG 7503 --- [    Test worker] m.m.MbeansDescriptorsIntrospectionSource : Introspected attribute createUploadTargets public boolean org.apache.catalina.core.StandardContext.getCreateUploadTargets() public void org.apache.catalina.core.StandardContext.setCreateUploadTargets(boolean)
2019-12-06 11:18:44.282 DEBUG 7503 --- [    Test worker] m.m.MbeansDescriptorsIntrospectionSource : Introspected attribute stateName public java.lang.String org.apache.catalina.util.LifecycleBase.getStateName() null
2019-12-06 11:18:44.282 DEBUG 7503 --- [    Test worker] m.m.MbeansDescriptorsIntrospectionSource : Introspected attribute path public java.lang.String org.apache.catalina.core.StandardContext.getPath() public void org.apache.catalina.core.StandardContext.setPath(java.lang.String)
2019-12-06 11:18:44.282 DEBUG 7503 --- [    Test worker] m.m.MbeansDescriptorsIntrospectionSource : Introspected attribute responseCharacterEncoding public java.lang.String org.apache.catalina.core.StandardContext.getResponseCharacterEncoding() public void org.apache.catalina.core.StandardContext.setResponseCharacterEncoding(java.lang.String)
2019-12-06 11:18:44.282 DEBUG 7503 --- [    Test worker] m.m.MbeansDescriptorsIntrospectionSource : Introspected attribute addWebinfClassesResources public boolean org.apache.catalina.core.StandardContext.getAddWebinfClassesResources() public void org.apache.catalina.core.StandardContext.setAddWebinfClassesResources(boolean)
2019-12-06 11:18:44.282 DEBUG 7503 --- [    Test worker] m.m.MbeansDescriptorsIntrospectionSource : Introspected attribute antiResourceLocking public boolean org.apache.catalina.core.StandardContext.getAntiResourceLocking() public void org.apache.catalina.core.StandardContext.setAntiResourceLocking(boolean)
2019-12-06 11:18:44.283 DEBUG 7503 --- [    Test worker] m.m.MbeansDescriptorsIntrospectionSource : Introspected attribute startupTime public long org.apache.catalina.core.StandardContext.getStartupTime() public void org.apache.catalina.core.StandardContext.setStartupTime(long)
2019-12-06 11:18:44.283 DEBUG 7503 --- [    Test worker] m.m.MbeansDescriptorsIntrospectionSource : Introspected attribute clearReferencesStopTimerThreads public boolean org.apache.catalina.core.StandardContext.getClearReferencesStopTimerThreads() public void org.apache.catalina.core.StandardContext.setClearReferencesStopTimerThreads(boolean)
2019-12-06 11:18:44.283 DEBUG 7503 --- [    Test worker] m.m.MbeansDescriptorsIntrospectionSource : Introspected attribute useNaming public boolean org.apache.catalina.core.StandardContext.isUseNaming() public void org.apache.catalina.core.StandardContext.setUseNaming(boolean)
2019-12-06 11:18:44.283 DEBUG 7503 --- [    Test worker] m.m.MbeansDescriptorsIntrospectionSource : Introspected attribute processingTime public long org.apache.catalina.core.StandardContext.getProcessingTime() null
2019-12-06 11:18:44.283 DEBUG 7503 --- [    Test worker] m.m.MbeansDescriptorsIntrospectionSource : Introspected attribute sessionTimeout public int org.apache.catalina.core.StandardContext.getSessionTimeout() public void org.apache.catalina.core.StandardContext.setSessionTimeout(int)
2019-12-06 11:18:44.283 DEBUG 7503 --- [    Test worker] m.m.MbeansDescriptorsIntrospectionSource : Introspected attribute requestCount public int org.apache.catalina.core.StandardContext.getRequestCount() null
2019-12-06 11:18:44.283 DEBUG 7503 --- [    Test worker] m.m.MbeansDescriptorsIntrospectionSource : Introspected attribute publicId public java.lang.String org.apache.catalina.core.StandardContext.getPublicId() public void org.apache.catalina.core.StandardContext.setPublicId(java.lang.String)
2019-12-06 11:18:44.284 DEBUG 7503 --- [    Test worker] m.m.MbeansDescriptorsIntrospectionSource : Introspected attribute name public java.lang.String org.apache.catalina.core.ContainerBase.getName() public void org.apache.catalina.core.ContainerBase.setName(java.lang.String)
2019-12-06 11:18:44.284 DEBUG 7503 --- [    Test worker] m.m.MbeansDescriptorsIntrospectionSource : Introspected attribute loginConfig public org.apache.tomcat.util.descriptor.web.LoginConfig org.apache.catalina.core.StandardContext.getLoginConfig() public void org.apache.catalina.core.StandardContext.setLoginConfig(org.apache.tomcat.util.descriptor.web.LoginConfig)
2019-12-06 11:18:44.284 DEBUG 7503 --- [    Test worker] m.m.MbeansDescriptorsIntrospectionSource : Introspected attribute workDir public java.lang.String org.apache.catalina.core.StandardContext.getWorkDir() public void org.apache.catalina.core.StandardContext.setWorkDir(java.lang.String)
2019-12-06 11:18:44.284 DEBUG 7503 --- [    Test worker] m.m.MbeansDescriptorsIntrospectionSource : Introspected attribute j2EEServer public java.lang.String org.apache.catalina.core.StandardContext.getJ2EEServer() public void org.apache.catalina.core.StandardContext.setJ2EEServer(java.lang.String)
2019-12-06 11:18:44.284 DEBUG 7503 --- [    Test worker] m.m.MbeansDescriptorsIntrospectionSource : Introspected attribute validateClientProvidedNewSessionId public boolean org.apache.catalina.core.StandardContext.getValidateClientProvidedNewSessionId() public void org.apache.catalina.core.StandardContext.setValidateClientProvidedNewSessionId(boolean)
2019-12-06 11:18:44.284 DEBUG 7503 --- [    Test worker] m.m.MbeansDescriptorsIntrospectionSource : Introspected attribute sessionCookieDomain public java.lang.String org.apache.catalina.core.StandardContext.getSessionCookieDomain() public void org.apache.catalina.core.StandardContext.setSessionCookieDomain(java.lang.String)
2019-12-06 11:18:44.284 DEBUG 7503 --- [    Test worker] m.m.MbeansDescriptorsIntrospectionSource : Introspected attribute javaVMs public java.lang.String[] org.apache.catalina.core.StandardContext.getJavaVMs() public java.lang.String[] org.apache.catalina.core.StandardContext.setJavaVMs(java.lang.String[])
2019-12-06 11:18:44.284 DEBUG 7503 --- [    Test worker] m.m.MbeansDescriptorsIntrospectionSource : Introspected attribute useHttpOnly public boolean org.apache.catalina.core.StandardContext.getUseHttpOnly() public void org.apache.catalina.core.StandardContext.setUseHttpOnly(boolean)
2019-12-06 11:18:44.285 DEBUG 7503 --- [    Test worker] m.m.MbeansDescriptorsIntrospectionSource : Introspected attribute defaultWebXml public java.lang.String org.apache.catalina.core.StandardContext.getDefaultWebXml() public void org.apache.catalina.core.StandardContext.setDefaultWebXml(java.lang.String)
2019-12-06 11:18:44.285 DEBUG 7503 --- [    Test worker] m.m.MbeansDescriptorsIntrospectionSource : Introspected attribute paused public boolean org.apache.catalina.core.StandardContext.getPaused() null
2019-12-06 11:18:44.285 DEBUG 7503 --- [    Test worker] m.m.MbeansDescriptorsIntrospectionSource : Introspected attribute startStopThreads public int org.apache.catalina.core.ContainerBase.getStartStopThreads() public void org.apache.catalina.core.ContainerBase.setStartStopThreads(int)
2019-12-06 11:18:44.285 DEBUG 7503 --- [    Test worker] m.m.MbeansDescriptorsIntrospectionSource : Introspected attribute maxTime public long org.apache.catalina.core.StandardContext.getMaxTime() null
2019-12-06 11:18:44.285 DEBUG 7503 --- [    Test worker] m.m.MbeansDescriptorsIntrospectionSource : Introspected attribute defaultContextXml public java.lang.String org.apache.catalina.core.StandardContext.getDefaultContextXml() public void org.apache.catalina.core.StandardContext.setDefaultContextXml(java.lang.String)
2019-12-06 11:18:44.285 DEBUG 7503 --- [    Test worker] m.m.MbeansDescriptorsIntrospectionSource : Introspected attribute j2EEApplication public java.lang.String org.apache.catalina.core.StandardContext.getJ2EEApplication() public void org.apache.catalina.core.StandardContext.setJ2EEApplication(java.lang.String)
2019-12-06 11:18:44.285 DEBUG 7503 --- [    Test worker] m.m.MbeansDescriptorsIntrospectionSource : Introspected attribute delegate public boolean org.apache.catalina.core.StandardContext.getDelegate() public void org.apache.catalina.core.StandardContext.setDelegate(boolean)
2019-12-06 11:18:44.286 DEBUG 7503 --- [    Test worker] m.m.MbeansDescriptorsIntrospectionSource : Introspected attribute unpackWAR public boolean org.apache.catalina.core.StandardContext.getUnpackWAR() public void org.apache.catalina.core.StandardContext.setUnpackWAR(boolean)
2019-12-06 11:18:44.286 DEBUG 7503 --- [    Test worker] m.m.MbeansDescriptorsIntrospectionSource : Introspected attribute resourceOnlyServlets public java.lang.String org.apache.catalina.core.StandardContext.getResourceOnlyServlets() public void org.apache.catalina.core.StandardContext.setResourceOnlyServlets(java.lang.String)
2019-12-06 11:18:44.286 DEBUG 7503 --- [    Test worker] m.m.MbeansDescriptorsIntrospectionSource : Introspected attribute replaceWelcomeFiles null public void org.apache.catalina.core.StandardContext.setReplaceWelcomeFiles(boolean)
2019-12-06 11:18:44.286 DEBUG 7503 --- [    Test worker] m.m.MbeansDescriptorsIntrospectionSource : Introspected attribute catalinaBase public java.io.File org.apache.catalina.core.ContainerBase.getCatalinaBase() null
2019-12-06 11:18:44.286 DEBUG 7503 --- [    Test worker] m.m.MbeansDescriptorsIntrospectionSource : Introspected attribute renewThreadsWhenStoppingContext public boolean org.apache.catalina.core.StandardContext.getRenewThreadsWhenStoppingContext() public void org.apache.catalina.core.StandardContext.setRenewThreadsWhenStoppingContext(boolean)
2019-12-06 11:18:44.286 DEBUG 7503 --- [    Test worker] m.m.MbeansDescriptorsIntrospectionSource : Introspected attribute sessionCookiePathUsesTrailingSlash public boolean org.apache.catalina.core.StandardContext.getSessionCookiePathUsesTrailingSlash() public void org.apache.catalina.core.StandardContext.setSessionCookiePathUsesTrailingSlash(boolean)
2019-12-06 11:18:44.286 DEBUG 7503 --- [    Test worker] m.m.MbeansDescriptorsIntrospectionSource : Introspected attribute altDDName public java.lang.String org.apache.catalina.core.StandardContext.getAltDDName() public void org.apache.catalina.core.StandardContext.setAltDDName(java.lang.String)
2019-12-06 11:18:44.286 DEBUG 7503 --- [    Test worker] m.m.MbeansDescriptorsIntrospectionSource : Introspected attribute useRelativeRedirects public boolean org.apache.catalina.core.StandardContext.getUseRelativeRedirects() public void org.apache.catalina.core.StandardContext.setUseRelativeRedirects(boolean)
2019-12-06 11:18:44.286 DEBUG 7503 --- [    Test worker] m.m.MbeansDescriptorsIntrospectionSource : Introspected attribute swallowAbortedUploads public boolean org.apache.catalina.core.StandardContext.getSwallowAbortedUploads() public void org.apache.catalina.core.StandardContext.setSwallowAbortedUploads(boolean)
2019-12-06 11:18:44.287 DEBUG 7503 --- [    Test worker] m.m.MbeansDescriptorsIntrospectionSource : Introspected attribute throwOnFailure public boolean org.apache.catalina.util.LifecycleBase.getThrowOnFailure() public void org.apache.catalina.util.LifecycleBase.setThrowOnFailure(boolean)
2019-12-06 11:18:44.287 DEBUG 7503 --- [    Test worker] m.m.MbeansDescriptorsIntrospectionSource : Introspected attribute requestCharacterEncoding public java.lang.String org.apache.catalina.core.StandardContext.getRequestCharacterEncoding() public void org.apache.catalina.core.StandardContext.setRequestCharacterEncoding(java.lang.String)
2019-12-06 11:18:44.287 DEBUG 7503 --- [    Test worker] m.m.MbeansDescriptorsIntrospectionSource : Introspected attribute applicationLifecycleListeners public java.lang.Object[] org.apache.catalina.core.StandardContext.getApplicationLifecycleListeners() public void org.apache.catalina.core.StandardContext.setApplicationLifecycleListeners(java.lang.Object[])
2019-12-06 11:18:44.287 DEBUG 7503 --- [    Test worker] m.m.MbeansDescriptorsIntrospectionSource : Introspected attribute dispatchersUseEncodedPaths public boolean org.apache.catalina.core.StandardContext.getDispatchersUseEncodedPaths() public void org.apache.catalina.core.StandardContext.setDispatchersUseEncodedPaths(boolean)
2019-12-06 11:18:44.287 DEBUG 7503 --- [    Test worker] m.m.MbeansDescriptorsIntrospectionSource : Introspected attribute domain public final java.lang.String org.apache.catalina.util.LifecycleMBeanBase.getDomain() public final void org.apache.catalina.util.LifecycleMBeanBase.setDomain(java.lang.String)
2019-12-06 11:18:44.287 DEBUG 7503 --- [    Test worker] m.m.MbeansDescriptorsIntrospectionSource : Introspected attribute namingContextListener public org.apache.catalina.core.NamingContextListener org.apache.catalina.core.StandardContext.getNamingContextListener() public void org.apache.catalina.core.StandardContext.setNamingContextListener(org.apache.catalina.core.NamingContextListener)
2019-12-06 11:18:44.287 DEBUG 7503 --- [    Test worker] m.m.MbeansDescriptorsIntrospectionSource : Introspected attribute minTime public long org.apache.catalina.core.StandardContext.getMinTime() null
2019-12-06 11:18:44.287 DEBUG 7503 --- [    Test worker] m.m.MbeansDescriptorsIntrospectionSource : Introspected attribute ignoreAnnotations public boolean org.apache.catalina.core.StandardContext.getIgnoreAnnotations() public void org.apache.catalina.core.StandardContext.setIgnoreAnnotations(boolean)
2019-12-06 11:18:44.288 DEBUG 7503 --- [    Test worker] m.m.MbeansDescriptorsIntrospectionSource : Introspected attribute swallowOutput public boolean org.apache.catalina.core.StandardContext.getSwallowOutput() public void org.apache.catalina.core.StandardContext.setSwallowOutput(boolean)
2019-12-06 11:18:44.288 DEBUG 7503 --- [    Test worker] m.m.MbeansDescriptorsIntrospectionSource : Introspected attribute charsetMapper public org.apache.catalina.util.CharsetMapper org.apache.catalina.core.StandardContext.getCharsetMapper() public void org.apache.catalina.core.StandardContext.setCharsetMapper(org.apache.catalina.util.CharsetMapper)
2019-12-06 11:18:44.288 DEBUG 7503 --- [    Test worker] m.m.MbeansDescriptorsIntrospectionSource : Introspected attribute reloadable public boolean org.apache.catalina.core.StandardContext.getReloadable() public void org.apache.catalina.core.StandardContext.setReloadable(boolean)
2019-12-06 11:18:44.288 DEBUG 7503 --- [    Test worker] m.m.MbeansDescriptorsIntrospectionSource : Introspected attribute override public boolean org.apache.catalina.core.StandardContext.getOverride() public void org.apache.catalina.core.StandardContext.setOverride(boolean)
2019-12-06 11:18:44.288 DEBUG 7503 --- [    Test worker] m.m.MbeansDescriptorsIntrospectionSource : Introspected attribute distributable public boolean org.apache.catalina.core.StandardContext.getDistributable() public void org.apache.catalina.core.StandardContext.setDistributable(boolean)
2019-12-06 11:18:44.288 DEBUG 7503 --- [    Test worker] m.m.MbeansDescriptorsIntrospectionSource : Introspected attribute clearReferencesHttpClientKeepAliveThread public boolean org.apache.catalina.core.StandardContext.getClearReferencesHttpClientKeepAliveThread() public void org.apache.catalina.core.StandardContext.setClearReferencesHttpClientKeepAliveThread(boolean)
2019-12-06 11:18:44.289 DEBUG 7503 --- [    Test worker] m.m.MbeansDescriptorsIntrospectionSource : Introspected attribute tldScanTime public long org.apache.catalina.core.StandardContext.getTldScanTime() public void org.apache.catalina.core.StandardContext.setTldScanTime(long)
2019-12-06 11:18:44.289 DEBUG 7503 --- [    Test worker] m.m.MbeansDescriptorsIntrospectionSource : Introspected attribute xmlNamespaceAware public boolean org.apache.catalina.core.StandardContext.getXmlNamespaceAware() public void org.apache.catalina.core.StandardContext.setXmlNamespaceAware(boolean)
2019-12-06 11:18:44.289 DEBUG 7503 --- [    Test worker] m.m.MbeansDescriptorsIntrospectionSource : Introspected attribute workPath public java.lang.String org.apache.catalina.core.StandardContext.getWorkPath() null
2019-12-06 11:18:44.289 DEBUG 7503 --- [    Test worker] m.m.MbeansDescriptorsIntrospectionSource : Introspected attribute applicationEventListeners public java.lang.Object[] org.apache.catalina.core.StandardContext.getApplicationEventListeners() public void org.apache.catalina.core.StandardContext.setApplicationEventListeners(java.lang.Object[])
2019-12-06 11:18:44.289 DEBUG 7503 --- [    Test worker] m.m.MbeansDescriptorsIntrospectionSource : Introspected attribute mapperContextRootRedirectEnabled public boolean org.apache.catalina.core.StandardContext.getMapperContextRootRedirectEnabled() public void org.apache.catalina.core.StandardContext.setMapperContextRootRedirectEnabled(boolean)
2019-12-06 11:18:44.293 DEBUG 7503 --- [    Test worker] m.m.MbeansDescriptorsIntrospectionSource : Setting name: org.springframework.boot.web.embedded.tomcat.TomcatEmbeddedContext
2019-12-06 11:18:44.294 DEBUG 7503 --- [    Test worker] o.a.tomcat.util.modeler.BaseModelMBean   : preRegister StandardEngine[Tomcat].StandardHost[localhost].TomcatEmbeddedContext[] Tomcat:j2eeType=WebModule,name=//localhost/,J2EEApplication=none,J2EEServer=none
2019-12-06 11:18:44.295 DEBUG 7503 --- [    Test worker] o.apache.catalina.core.StandardContext   : Starting ROOT
2019-12-06 11:18:44.300 DEBUG 7503 --- [    Test worker] o.apache.catalina.core.StandardContext   : Configuring default Resources
2019-12-06 11:18:44.303 DEBUG 7503 --- [    Test worker] org.apache.tomcat.util.modeler.Registry  : Managed= Tomcat:type=WebResourceRoot,host=localhost,context=/
2019-12-06 11:18:44.303 DEBUG 7503 --- [    Test worker] org.apache.tomcat.util.modeler.Registry  : Looking for descriptor 
2019-12-06 11:18:44.304 DEBUG 7503 --- [    Test worker] org.apache.tomcat.util.modeler.Registry  : Found jar:file:/Users/govlmo91/.gradle/caches/modules-2/files-2.1/org.apache.tomcat.embed/tomcat-embed-core/9.0.22/79f39903498b28adacb18fe2ea046edd306295a6/tomcat-embed-core-9.0.22.jar!/org/apache/catalina/webresources/mbeans-descriptors.xml
2019-12-06 11:18:44.304 DEBUG 7503 --- [    Test worker] o.a.tomcat.util.digester.Digester.sax    : setDocumentLocator(com.sun.org.apache.xerces.internal.parsers.AbstractSAXParser$LocatorProxy@20379b52)
2019-12-06 11:18:44.304 DEBUG 7503 --- [    Test worker] o.a.tomcat.util.digester.Digester.sax    : startDocument()
2019-12-06 11:18:44.305 DEBUG 7503 --- [    Test worker] o.a.tomcat.util.digester.Digester.sax    : startElement(,,mbeans-descriptors)
2019-12-06 11:18:44.305 DEBUG 7503 --- [    Test worker] o.apache.tomcat.util.digester.Digester   :   New match='mbeans-descriptors'
2019-12-06 11:18:44.305 DEBUG 7503 --- [    Test worker] o.apache.tomcat.util.digester.Digester   : No rules found matching [mbeans-descriptors]
2019-12-06 11:18:44.305 DEBUG 7503 --- [    Test worker] o.a.tomcat.util.digester.Digester.sax    : characters(

  )
2019-12-06 11:18:44.305 DEBUG 7503 --- [    Test worker] o.a.tomcat.util.digester.Digester.sax    : startElement(,,mbean)
2019-12-06 11:18:44.305 DEBUG 7503 --- [    Test worker] o.apache.tomcat.util.digester.Digester   :   New match='mbeans-descriptors/mbean'
2019-12-06 11:18:44.306 DEBUG 7503 --- [    Test worker] o.apache.tomcat.util.digester.Digester   :   Fire begin() for ObjectCreateRule[className=org.apache.tomcat.util.modeler.ManagedBean, attributeName=null]
2019-12-06 11:18:44.306 DEBUG 7503 --- [    Test worker] o.apache.tomcat.util.digester.Digester   :   Fire begin() for SetPropertiesRule[]
2019-12-06 11:18:44.306 DEBUG 7503 --- [    Test worker] o.apache.tomcat.util.digester.Digester   : [SetPropertiesRule]{mbeans-descriptors/mbean} Set org.apache.tomcat.util.modeler.ManagedBean properties
2019-12-06 11:18:44.306 DEBUG 7503 --- [    Test worker] o.apache.tomcat.util.digester.Digester   : [SetPropertiesRule]{mbeans-descriptors/mbean} Setting property 'name' to 'StandardRoot'
2019-12-06 11:18:44.306 DEBUG 7503 --- [    Test worker] o.apache.tomcat.util.IntrospectionUtils  : IntrospectionUtils: setProperty(class org.apache.tomcat.util.modeler.ManagedBean name=StandardRoot)
2019-12-06 11:18:44.307 DEBUG 7503 --- [    Test worker] o.apache.tomcat.util.digester.Digester   : [SetPropertiesRule]{mbeans-descriptors/mbean} Setting property 'description' to 'Provides the resources implementation for a web application'
2019-12-06 11:18:44.307 DEBUG 7503 --- [    Test worker] o.apache.tomcat.util.IntrospectionUtils  : IntrospectionUtils: setProperty(class org.apache.tomcat.util.modeler.ManagedBean description=Provides the resources implementation for a web application)
2019-12-06 11:18:44.307 DEBUG 7503 --- [    Test worker] o.apache.tomcat.util.digester.Digester   : [SetPropertiesRule]{mbeans-descriptors/mbean} Setting property 'domain' to 'Catalina'
2019-12-06 11:18:44.307 DEBUG 7503 --- [    Test worker] o.apache.tomcat.util.IntrospectionUtils  : IntrospectionUtils: setProperty(class org.apache.tomcat.util.modeler.ManagedBean domain=Catalina)
2019-12-06 11:18:44.307 DEBUG 7503 --- [    Test worker] o.apache.tomcat.util.digester.Digester   : [SetPropertiesRule]{mbeans-descriptors/mbean} Setting property 'group' to 'WebResourceRoot'
2019-12-06 11:18:44.307 DEBUG 7503 --- [    Test worker] o.apache.tomcat.util.IntrospectionUtils  : IntrospectionUtils: setProperty(class org.apache.tomcat.util.modeler.ManagedBean group=WebResourceRoot)
2019-12-06 11:18:44.307 DEBUG 7503 --- [    Test worker] o.apache.tomcat.util.digester.Digester   : [SetPropertiesRule]{mbeans-descriptors/mbean} Setting property 'type' to 'org.apache.catalina.webresources.StandardRoot'
2019-12-06 11:18:44.308 DEBUG 7503 --- [    Test worker] o.apache.tomcat.util.IntrospectionUtils  : IntrospectionUtils: setProperty(class org.apache.tomcat.util.modeler.ManagedBean type=org.apache.catalina.webresources.StandardRoot)
2019-12-06 11:18:44.308 DEBUG 7503 --- [    Test worker] o.apache.tomcat.util.digester.Digester   :   Fire begin() for SetNextRule[methodName=add, paramType=java.lang.Object]
2019-12-06 11:18:44.308 DEBUG 7503 --- [    Test worker] o.a.tomcat.util.digester.Digester.sax    : characters(

    )
2019-12-06 11:18:44.308 DEBUG 7503 --- [    Test worker] o.a.tomcat.util.digester.Digester.sax    : startElement(,,attribute)
2019-12-06 11:18:44.308 DEBUG 7503 --- [    Test worker] o.apache.tomcat.util.digester.Digester   :   New match='mbeans-descriptors/mbean/attribute'
2019-12-06 11:18:44.308 DEBUG 7503 --- [    Test worker] o.apache.tomcat.util.digester.Digester   :   Fire begin() for ObjectCreateRule[className=org.apache.tomcat.util.modeler.AttributeInfo, attributeName=null]
2019-12-06 11:18:44.309 DEBUG 7503 --- [    Test worker] o.apache.tomcat.util.digester.Digester   :   Fire begin() for SetPropertiesRule[]
2019-12-06 11:18:44.309 DEBUG 7503 --- [    Test worker] o.apache.tomcat.util.digester.Digester   : [SetPropertiesRule]{mbeans-descriptors/mbean/attribute} Set org.apache.tomcat.util.modeler.AttributeInfo properties
2019-12-06 11:18:44.309 DEBUG 7503 --- [    Test worker] o.apache.tomcat.util.digester.Digester   : [SetPropertiesRule]{mbeans-descriptors/mbean/attribute} Setting property 'name' to 'allowLinking'
2019-12-06 11:18:44.309 DEBUG 7503 --- [    Test worker] o.apache.tomcat.util.IntrospectionUtils  : IntrospectionUtils: setProperty(class org.apache.tomcat.util.modeler.AttributeInfo name=allowLinking)
2019-12-06 11:18:44.309 DEBUG 7503 --- [    Test worker] o.apache.tomcat.util.digester.Digester   : [SetPropertiesRule]{mbeans-descriptors/mbean/attribute} Setting property 'description' to 'Does this resources implementation allow the use of symbolic links?'
2019-12-06 11:18:44.309 DEBUG 7503 --- [    Test worker] o.apache.tomcat.util.IntrospectionUtils  : IntrospectionUtils: setProperty(class org.apache.tomcat.util.modeler.AttributeInfo description=Does this resources implementation allow the use of symbolic links?)
2019-12-06 11:18:44.309 DEBUG 7503 --- [    Test worker] o.apache.tomcat.util.digester.Digester   : [SetPropertiesRule]{mbeans-descriptors/mbean/attribute} Setting property 'type' to 'boolean'
2019-12-06 11:18:44.310 DEBUG 7503 --- [    Test worker] o.apache.tomcat.util.IntrospectionUtils  : IntrospectionUtils: setProperty(class org.apache.tomcat.util.modeler.AttributeInfo type=boolean)
2019-12-06 11:18:44.310 DEBUG 7503 --- [    Test worker] o.apache.tomcat.util.digester.Digester   : [SetPropertiesRule]{mbeans-descriptors/mbean/attribute} Setting property 'writeable' to 'true'
2019-12-06 11:18:44.310 DEBUG 7503 --- [    Test worker] o.apache.tomcat.util.IntrospectionUtils  : IntrospectionUtils: setProperty(class org.apache.tomcat.util.modeler.AttributeInfo writeable=true)
2019-12-06 11:18:44.310 DEBUG 7503 --- [    Test worker] o.apache.tomcat.util.digester.Digester   :   Fire begin() for SetNextRule[methodName=addAttribute, paramType=org.apache.tomcat.util.modeler.AttributeInfo]
2019-12-06 11:18:44.310 DEBUG 7503 --- [    Test worker] o.a.tomcat.util.digester.Digester.sax    : endElement(,,attribute)
2019-12-06 11:18:44.310 DEBUG 7503 --- [    Test worker] o.apache.tomcat.util.digester.Digester   :   match='mbeans-descriptors/mbean/attribute'
2019-12-06 11:18:44.310 DEBUG 7503 --- [    Test worker] o.apache.tomcat.util.digester.Digester   :   bodyText=''
2019-12-06 11:18:44.311 DEBUG 7503 --- [    Test worker] o.apache.tomcat.util.digester.Digester   :   Fire body() for ObjectCreateRule[className=org.apache.tomcat.util.modeler.AttributeInfo, attributeName=null]
2019-12-06 11:18:44.311 DEBUG 7503 --- [    Test worker] o.apache.tomcat.util.digester.Digester   :   Fire body() for SetPropertiesRule[]
2019-12-06 11:18:44.311 DEBUG 7503 --- [    Test worker] o.apache.tomcat.util.digester.Digester   :   Fire body() for SetNextRule[methodName=addAttribute, paramType=org.apache.tomcat.util.modeler.AttributeInfo]
2019-12-06 11:18:44.311 DEBUG 7503 --- [    Test worker] o.apache.tomcat.util.digester.Digester   :   Fire end() for SetNextRule[methodName=addAttribute, paramType=org.apache.tomcat.util.modeler.AttributeInfo]
2019-12-06 11:18:44.311 DEBUG 7503 --- [    Test worker] o.apache.tomcat.util.digester.Digester   : [SetNextRule]{mbeans-descriptors/mbean/attribute} Call org.apache.tomcat.util.modeler.ManagedBean.addAttribute(org.apache.tomcat.util.modeler.AttributeInfo@6df935fa)
2019-12-06 11:18:44.311 DEBUG 7503 --- [    Test worker] o.apache.tomcat.util.IntrospectionUtils  : IntrospectionUtils: callMethod1 org.apache.tomcat.util.modeler.ManagedBean org.apache.tomcat.util.modeler.AttributeInfo org.apache.tomcat.util.modeler.AttributeInfo
2019-12-06 11:18:44.311 DEBUG 7503 --- [    Test worker] o.apache.tomcat.util.digester.Digester   :   Fire end() for SetPropertiesRule[]
2019-12-06 11:18:44.312 DEBUG 7503 --- [    Test worker] o.apache.tomcat.util.digester.Digester   :   Fire end() for ObjectCreateRule[className=org.apache.tomcat.util.modeler.AttributeInfo, attributeName=null]
2019-12-06 11:18:44.312 DEBUG 7503 --- [    Test worker] o.apache.tomcat.util.digester.Digester   : [ObjectCreateRule]{mbeans-descriptors/mbean/attribute} Pop org.apache.tomcat.util.modeler.AttributeInfo
2019-12-06 11:18:44.312 DEBUG 7503 --- [    Test worker] o.a.tomcat.util.digester.Digester.sax    : characters(

    )
2019-12-06 11:18:44.312 DEBUG 7503 --- [    Test worker] o.a.tomcat.util.digester.Digester.sax    : startElement(,,attribute)
2019-12-06 11:18:44.312 DEBUG 7503 --- [    Test worker] o.apache.tomcat.util.digester.Digester   :   New match='mbeans-descriptors/mbean/attribute'
2019-12-06 11:18:44.312 DEBUG 7503 --- [    Test worker] o.apache.tomcat.util.digester.Digester   :   Fire begin() for ObjectCreateRule[className=org.apache.tomcat.util.modeler.AttributeInfo, attributeName=null]
2019-12-06 11:18:44.313 DEBUG 7503 --- [    Test worker] o.apache.tomcat.util.digester.Digester   :   Fire begin() for SetPropertiesRule[]
2019-12-06 11:18:44.313 DEBUG 7503 --- [    Test worker] o.apache.tomcat.util.digester.Digester   : [SetPropertiesRule]{mbeans-descriptors/mbean/attribute} Set org.apache.tomcat.util.modeler.AttributeInfo properties
2019-12-06 11:18:44.313 DEBUG 7503 --- [    Test worker] o.apache.tomcat.util.digester.Digester   : [SetPropertiesRule]{mbeans-descriptors/mbean/attribute} Setting property 'name' to 'cachingAllowed'
2019-12-06 11:18:44.313 DEBUG 7503 --- [    Test worker] o.apache.tomcat.util.IntrospectionUtils  : IntrospectionUtils: setProperty(class org.apache.tomcat.util.modeler.AttributeInfo name=cachingAllowed)
2019-12-06 11:18:44.313 DEBUG 7503 --- [    Test worker] o.apache.tomcat.util.digester.Digester   : [SetPropertiesRule]{mbeans-descriptors/mbean/attribute} Setting property 'description' to 'Is in memory caching of resource content and metadata enabled?'
2019-12-06 11:18:44.313 DEBUG 7503 --- [    Test worker] o.apache.tomcat.util.IntrospectionUtils  : IntrospectionUtils: setProperty(class org.apache.tomcat.util.modeler.AttributeInfo description=Is in memory caching of resource content and metadata enabled?)
2019-12-06 11:18:44.314 DEBUG 7503 --- [    Test worker] o.apache.tomcat.util.digester.Digester   : [SetPropertiesRule]{mbeans-descriptors/mbean/attribute} Setting property 'type' to 'boolean'
2019-12-06 11:18:44.314 DEBUG 7503 --- [    Test worker] o.apache.tomcat.util.IntrospectionUtils  : IntrospectionUtils: setProperty(class org.apache.tomcat.util.modeler.AttributeInfo type=boolean)
2019-12-06 11:18:44.314 DEBUG 7503 --- [    Test worker] o.apache.tomcat.util.digester.Digester   : [SetPropertiesRule]{mbeans-descriptors/mbean/attribute} Setting property 'is' to 'true'
2019-12-06 11:18:44.314 DEBUG 7503 --- [    Test worker] o.apache.tomcat.util.IntrospectionUtils  : IntrospectionUtils: setProperty(class org.apache.tomcat.util.modeler.AttributeInfo is=true)
2019-12-06 11:18:44.314 DEBUG 7503 --- [    Test worker] o.apache.tomcat.util.digester.Digester   : [SetPropertiesRule]{mbeans-descriptors/mbean/attribute} Setting property 'writeable' to 'true'
2019-12-06 11:18:44.314 DEBUG 7503 --- [    Test worker] o.apache.tomcat.util.IntrospectionUtils  : IntrospectionUtils: setProperty(class org.apache.tomcat.util.modeler.AttributeInfo writeable=true)
2019-12-06 11:18:44.315 DEBUG 7503 --- [    Test worker] o.apache.tomcat.util.digester.Digester   :   Fire begin() for SetNextRule[methodName=addAttribute, paramType=org.apache.tomcat.util.modeler.AttributeInfo]
2019-12-06 11:18:44.315 DEBUG 7503 --- [    Test worker] o.a.tomcat.util.digester.Digester.sax    : endElement(,,attribute)
2019-12-06 11:18:44.315 DEBUG 7503 --- [    Test worker] o.apache.tomcat.util.digester.Digester   :   match='mbeans-descriptors/mbean/attribute'
2019-12-06 11:18:44.315 DEBUG 7503 --- [    Test worker] o.apache.tomcat.util.digester.Digester   :   bodyText=''
2019-12-06 11:18:44.315 DEBUG 7503 --- [    Test worker] o.apache.tomcat.util.digester.Digester   :   Fire body() for ObjectCreateRule[className=org.apache.tomcat.util.modeler.AttributeInfo, attributeName=null]
2019-12-06 11:18:44.315 DEBUG 7503 --- [    Test worker] o.apache.tomcat.util.digester.Digester   :   Fire body() for SetPropertiesRule[]
2019-12-06 11:18:44.315 DEBUG 7503 --- [    Test worker] o.apache.tomcat.util.digester.Digester   :   Fire body() for SetNextRule[methodName=addAttribute, paramType=org.apache.tomcat.util.modeler.AttributeInfo]
2019-12-06 11:18:44.316 DEBUG 7503 --- [    Test worker] o.apache.tomcat.util.digester.Digester   :   Fire end() for SetNextRule[methodName=addAttribute, paramType=org.apache.tomcat.util.modeler.AttributeInfo]
2019-12-06 11:18:44.316 DEBUG 7503 --- [    Test worker] o.apache.tomcat.util.digester.Digester   : [SetNextRule]{mbeans-descriptors/mbean/attribute} Call org.apache.tomcat.util.modeler.ManagedBean.addAttribute(org.apache.tomcat.util.modeler.AttributeInfo@55c9fc9e)
2019-12-06 11:18:44.316 DEBUG 7503 --- [    Test worker] o.apache.tomcat.util.IntrospectionUtils  : IntrospectionUtils: callMethod1 org.apache.tomcat.util.modeler.ManagedBean org.apache.tomcat.util.modeler.AttributeInfo org.apache.tomcat.util.modeler.AttributeInfo
2019-12-06 11:18:44.316 DEBUG 7503 --- [    Test worker] o.apache.tomcat.util.digester.Digester   :   Fire end() for SetPropertiesRule[]
2019-12-06 11:18:44.316 DEBUG 7503 --- [    Test worker] o.apache.tomcat.util.digester.Digester   :   Fire end() for ObjectCreateRule[className=org.apache.tomcat.util.modeler.AttributeInfo, attributeName=null]
2019-12-06 11:18:44.316 DEBUG 7503 --- [    Test worker] o.apache.tomcat.util.digester.Digester   : [ObjectCreateRule]{mbeans-descriptors/mbean/attribute} Pop org.apache.tomcat.util.modeler.AttributeInfo
2019-12-06 11:18:44.316 DEBUG 7503 --- [    Test worker] o.a.tomcat.util.digester.Digester.sax    : characters(

    )
2019-12-06 11:18:44.317 DEBUG 7503 --- [    Test worker] o.a.tomcat.util.digester.Digester.sax    : startElement(,,attribute)
2019-12-06 11:18:44.317 DEBUG 7503 --- [    Test worker] o.apache.tomcat.util.digester.Digester   :   New match='mbeans-descriptors/mbean/attribute'
2019-12-06 11:18:44.317 DEBUG 7503 --- [    Test worker] o.apache.tomcat.util.digester.Digester   :   Fire begin() for ObjectCreateRule[className=org.apache.tomcat.util.modeler.AttributeInfo, attributeName=null]
2019-12-06 11:18:44.317 DEBUG 7503 --- [    Test worker] o.apache.tomcat.util.digester.Digester   :   Fire begin() for SetPropertiesRule[]
2019-12-06 11:18:44.317 DEBUG 7503 --- [    Test worker] o.apache.tomcat.util.digester.Digester   : [SetPropertiesRule]{mbeans-descriptors/mbean/attribute} Set org.apache.tomcat.util.modeler.AttributeInfo properties
2019-12-06 11:18:44.317 DEBUG 7503 --- [    Test worker] o.apache.tomcat.util.digester.Digester   : [SetPropertiesRule]{mbeans-descriptors/mbean/attribute} Setting property 'name' to 'stateName'
2019-12-06 11:18:44.318 DEBUG 7503 --- [    Test worker] o.apache.tomcat.util.IntrospectionUtils  : IntrospectionUtils: setProperty(class org.apache.tomcat.util.modeler.AttributeInfo name=stateName)
2019-12-06 11:18:44.318 DEBUG 7503 --- [    Test worker] o.apache.tomcat.util.digester.Digester   : [SetPropertiesRule]{mbeans-descriptors/mbean/attribute} Setting property 'description' to 'The current Lifecycle state of this object'
2019-12-06 11:18:44.318 DEBUG 7503 --- [    Test worker] o.apache.tomcat.util.IntrospectionUtils  : IntrospectionUtils: setProperty(class org.apache.tomcat.util.modeler.AttributeInfo description=The current Lifecycle state of this object)
2019-12-06 11:18:44.318 DEBUG 7503 --- [    Test worker] o.apache.tomcat.util.digester.Digester   : [SetPropertiesRule]{mbeans-descriptors/mbean/attribute} Setting property 'type' to 'java.lang.String'
2019-12-06 11:18:44.318 DEBUG 7503 --- [    Test worker] o.apache.tomcat.util.IntrospectionUtils  : IntrospectionUtils: setProperty(class org.apache.tomcat.util.modeler.AttributeInfo type=java.lang.String)
2019-12-06 11:18:44.318 DEBUG 7503 --- [    Test worker] o.apache.tomcat.util.digester.Digester   : [SetPropertiesRule]{mbeans-descriptors/mbean/attribute} Setting property 'writeable' to 'false'
2019-12-06 11:18:44.318 DEBUG 7503 --- [    Test worker] o.apache.tomcat.util.IntrospectionUtils  : IntrospectionUtils: setProperty(class org.apache.tomcat.util.modeler.AttributeInfo writeable=false)
2019-12-06 11:18:44.319 DEBUG 7503 --- [    Test worker] o.apache.tomcat.util.digester.Digester   :   Fire begin() for SetNextRule[methodName=addAttribute, paramType=org.apache.tomcat.util.modeler.AttributeInfo]
2019-12-06 11:18:44.319 DEBUG 7503 --- [    Test worker] o.a.tomcat.util.digester.Digester.sax    : endElement(,,attribute)
2019-12-06 11:18:44.319 DEBUG 7503 --- [    Test worker] o.apache.tomcat.util.digester.Digester   :   match='mbeans-descriptors/mbean/attribute'
2019-12-06 11:18:44.319 DEBUG 7503 --- [    Test worker] o.apache.tomcat.util.digester.Digester   :   bodyText=''
2019-12-06 11:18:44.319 DEBUG 7503 --- [    Test worker] o.apache.tomcat.util.digester.Digester   :   Fire body() for ObjectCreateRule[className=org.apache.tomcat.util.modeler.AttributeInfo, attributeName=null]
2019-12-06 11:18:44.319 DEBUG 7503 --- [    Test worker] o.apache.tomcat.util.digester.Digester   :   Fire body() for SetPropertiesRule[]
2019-12-06 11:18:44.319 DEBUG 7503 --- [    Test worker] o.apache.tomcat.util.digester.Digester   :   Fire body() for SetNextRule[methodName=addAttribute, paramType=org.apache.tomcat.util.modeler.AttributeInfo]
2019-12-06 11:18:44.320 DEBUG 7503 --- [    Test worker] o.apache.tomcat.util.digester.Digester   :   Fire end() for SetNextRule[methodName=addAttribute, paramType=org.apache.tomcat.util.modeler.AttributeInfo]
2019-12-06 11:18:44.320 DEBUG 7503 --- [    Test worker] o.apache.tomcat.util.digester.Digester   : [SetNextRule]{mbeans-descriptors/mbean/attribute} Call org.apache.tomcat.util.modeler.ManagedBean.addAttribute(org.apache.tomcat.util.modeler.AttributeInfo@52f38b52)
2019-12-06 11:18:44.320 DEBUG 7503 --- [    Test worker] o.apache.tomcat.util.IntrospectionUtils  : IntrospectionUtils: callMethod1 org.apache.tomcat.util.modeler.ManagedBean org.apache.tomcat.util.modeler.AttributeInfo org.apache.tomcat.util.modeler.AttributeInfo
2019-12-06 11:18:44.320 DEBUG 7503 --- [    Test worker] o.apache.tomcat.util.digester.Digester   :   Fire end() for SetPropertiesRule[]
2019-12-06 11:18:44.320 DEBUG 7503 --- [    Test worker] o.apache.tomcat.util.digester.Digester   :   Fire end() for ObjectCreateRule[className=org.apache.tomcat.util.modeler.AttributeInfo, attributeName=null]
2019-12-06 11:18:44.320 DEBUG 7503 --- [    Test worker] o.apache.tomcat.util.digester.Digester   : [ObjectCreateRule]{mbeans-descriptors/mbean/attribute} Pop org.apache.tomcat.util.modeler.AttributeInfo
2019-12-06 11:18:44.320 DEBUG 7503 --- [    Test worker] o.a.tomcat.util.digester.Digester.sax    : characters(

    )
2019-12-06 11:18:44.321 DEBUG 7503 --- [    Test worker] o.a.tomcat.util.digester.Digester.sax    : startElement(,,attribute)
2019-12-06 11:18:44.321 DEBUG 7503 --- [    Test worker] o.apache.tomcat.util.digester.Digester   :   New match='mbeans-descriptors/mbean/attribute'
2019-12-06 11:18:44.321 DEBUG 7503 --- [    Test worker] o.apache.tomcat.util.digester.Digester   :   Fire begin() for ObjectCreateRule[className=org.apache.tomcat.util.modeler.AttributeInfo, attributeName=null]
2019-12-06 11:18:44.321 DEBUG 7503 --- [    Test worker] o.apache.tomcat.util.digester.Digester   :   Fire begin() for SetPropertiesRule[]
2019-12-06 11:18:44.321 DEBUG 7503 --- [    Test worker] o.apache.tomcat.util.digester.Digester   : [SetPropertiesRule]{mbeans-descriptors/mbean/attribute} Set org.apache.tomcat.util.modeler.AttributeInfo properties
2019-12-06 11:18:44.321 DEBUG 7503 --- [    Test worker] o.apache.tomcat.util.digester.Digester   : [SetPropertiesRule]{mbeans-descriptors/mbean/attribute} Setting property 'name' to 'trackLockedFiles'
2019-12-06 11:18:44.321 DEBUG 7503 --- [    Test worker] o.apache.tomcat.util.IntrospectionUtils  : IntrospectionUtils: setProperty(class org.apache.tomcat.util.modeler.AttributeInfo name=trackLockedFiles)
2019-12-06 11:18:44.322 DEBUG 7503 --- [    Test worker] o.apache.tomcat.util.digester.Digester   : [SetPropertiesRule]{mbeans-descriptors/mbean/attribute} Setting property 'description' to 'Does this resources implementation track requests that lock files?'
2019-12-06 11:18:44.322 DEBUG 7503 --- [    Test worker] o.apache.tomcat.util.IntrospectionUtils  : IntrospectionUtils: setProperty(class org.apache.tomcat.util.modeler.AttributeInfo description=Does this resources implementation track requests that lock files?)
2019-12-06 11:18:44.322 DEBUG 7503 --- [    Test worker] o.apache.tomcat.util.digester.Digester   : [SetPropertiesRule]{mbeans-descriptors/mbean/attribute} Setting property 'type' to 'boolean'
2019-12-06 11:18:44.322 DEBUG 7503 --- [    Test worker] o.apache.tomcat.util.IntrospectionUtils  : IntrospectionUtils: setProperty(class org.apache.tomcat.util.modeler.AttributeInfo type=boolean)
2019-12-06 11:18:44.322 DEBUG 7503 --- [    Test worker] o.apache.tomcat.util.digester.Digester   : [SetPropertiesRule]{mbeans-descriptors/mbean/attribute} Setting property 'writeable' to 'true'
2019-12-06 11:18:44.322 DEBUG 7503 --- [    Test worker] o.apache.tomcat.util.IntrospectionUtils  : IntrospectionUtils: setProperty(class org.apache.tomcat.util.modeler.AttributeInfo writeable=true)
2019-12-06 11:18:44.323 DEBUG 7503 --- [    Test worker] o.apache.tomcat.util.digester.Digester   :   Fire begin() for SetNextRule[methodName=addAttribute, paramType=org.apache.tomcat.util.modeler.AttributeInfo]
2019-12-06 11:18:44.323 DEBUG 7503 --- [    Test worker] o.a.tomcat.util.digester.Digester.sax    : endElement(,,attribute)
2019-12-06 11:18:44.323 DEBUG 7503 --- [    Test worker] o.apache.tomcat.util.digester.Digester   :   match='mbeans-descriptors/mbean/attribute'
2019-12-06 11:18:44.323 DEBUG 7503 --- [    Test worker] o.apache.tomcat.util.digester.Digester   :   bodyText=''
2019-12-06 11:18:44.323 DEBUG 7503 --- [    Test worker] o.apache.tomcat.util.digester.Digester   :   Fire body() for ObjectCreateRule[className=org.apache.tomcat.util.modeler.AttributeInfo, attributeName=null]
2019-12-06 11:18:44.323 DEBUG 7503 --- [    Test worker] o.apache.tomcat.util.digester.Digester   :   Fire body() for SetPropertiesRule[]
2019-12-06 11:18:44.323 DEBUG 7503 --- [    Test worker] o.apache.tomcat.util.digester.Digester   :   Fire body() for SetNextRule[methodName=addAttribute, paramType=org.apache.tomcat.util.modeler.AttributeInfo]
2019-12-06 11:18:44.324 DEBUG 7503 --- [    Test worker] o.apache.tomcat.util.digester.Digester   :   Fire end() for SetNextRule[methodName=addAttribute, paramType=org.apache.tomcat.util.modeler.AttributeInfo]
2019-12-06 11:18:44.324 DEBUG 7503 --- [    Test worker] o.apache.tomcat.util.digester.Digester   : [SetNextRule]{mbeans-descriptors/mbean/attribute} Call org.apache.tomcat.util.modeler.ManagedBean.addAttribute(org.apache.tomcat.util.modeler.AttributeInfo@4e026755)
2019-12-06 11:18:44.324 DEBUG 7503 --- [    Test worker] o.apache.tomcat.util.IntrospectionUtils  : IntrospectionUtils: callMethod1 org.apache.tomcat.util.modeler.ManagedBean org.apache.tomcat.util.modeler.AttributeInfo org.apache.tomcat.util.modeler.AttributeInfo
2019-12-06 11:18:44.324 DEBUG 7503 --- [    Test worker] o.apache.tomcat.util.digester.Digester   :   Fire end() for SetPropertiesRule[]
2019-12-06 11:18:44.324 DEBUG 7503 --- [    Test worker] o.apache.tomcat.util.digester.Digester   :   Fire end() for ObjectCreateRule[className=org.apache.tomcat.util.modeler.AttributeInfo, attributeName=null]
2019-12-06 11:18:44.324 DEBUG 7503 --- [    Test worker] o.apache.tomcat.util.digester.Digester   : [ObjectCreateRule]{mbeans-descriptors/mbean/attribute} Pop org.apache.tomcat.util.modeler.AttributeInfo
2019-12-06 11:18:44.324 DEBUG 7503 --- [    Test worker] o.a.tomcat.util.digester.Digester.sax    : characters(

    )
2019-12-06 11:18:44.325 DEBUG 7503 --- [    Test worker] o.a.tomcat.util.digester.Digester.sax    : startElement(,,attribute)
2019-12-06 11:18:44.325 DEBUG 7503 --- [    Test worker] o.apache.tomcat.util.digester.Digester   :   New match='mbeans-descriptors/mbean/attribute'
2019-12-06 11:18:44.325 DEBUG 7503 --- [    Test worker] o.apache.tomcat.util.digester.Digester   :   Fire begin() for ObjectCreateRule[className=org.apache.tomcat.util.modeler.AttributeInfo, attributeName=null]
2019-12-06 11:18:44.325 DEBUG 7503 --- [    Test worker] o.apache.tomcat.util.digester.Digester   :   Fire begin() for SetPropertiesRule[]
2019-12-06 11:18:44.325 DEBUG 7503 --- [    Test worker] o.apache.tomcat.util.digester.Digester   : [SetPropertiesRule]{mbeans-descriptors/mbean/attribute} Set org.apache.tomcat.util.modeler.AttributeInfo properties
2019-12-06 11:18:44.325 DEBUG 7503 --- [    Test worker] o.apache.tomcat.util.digester.Digester   : [SetPropertiesRule]{mbeans-descriptors/mbean/attribute} Setting property 'name' to 'trackedResources'
2019-12-06 11:18:44.325 DEBUG 7503 --- [    Test worker] o.apache.tomcat.util.IntrospectionUtils  : IntrospectionUtils: setProperty(class org.apache.tomcat.util.modeler.AttributeInfo name=trackedResources)
2019-12-06 11:18:44.326 DEBUG 7503 --- [    Test worker] o.apache.tomcat.util.digester.Digester   : [SetPropertiesRule]{mbeans-descriptors/mbean/attribute} Setting property 'description' to 'List of resources currently being tracked for possible resource leaks'
2019-12-06 11:18:44.326 DEBUG 7503 --- [    Test worker] o.apache.tomcat.util.IntrospectionUtils  : IntrospectionUtils: setProperty(class org.apache.tomcat.util.modeler.AttributeInfo description=List of resources currently being tracked for possible resource leaks)
2019-12-06 11:18:44.326 DEBUG 7503 --- [    Test worker] o.apache.tomcat.util.digester.Digester   : [SetPropertiesRule]{mbeans-descriptors/mbean/attribute} Setting property 'type' to 'java.util.List'
2019-12-06 11:18:44.326 DEBUG 7503 --- [    Test worker] o.apache.tomcat.util.IntrospectionUtils  : IntrospectionUtils: setProperty(class org.apache.tomcat.util.modeler.AttributeInfo type=java.util.List)
2019-12-06 11:18:44.326 DEBUG 7503 --- [    Test worker] o.apache.tomcat.util.digester.Digester   : [SetPropertiesRule]{mbeans-descriptors/mbean/attribute} Setting property 'writeable' to 'false'
2019-12-06 11:18:44.326 DEBUG 7503 --- [    Test worker] o.apache.tomcat.util.IntrospectionUtils  : IntrospectionUtils: setProperty(class org.apache.tomcat.util.modeler.AttributeInfo writeable=false)
2019-12-06 11:18:44.327 DEBUG 7503 --- [    Test worker] o.apache.tomcat.util.digester.Digester   :   Fire begin() for SetNextRule[methodName=addAttribute, paramType=org.apache.tomcat.util.modeler.AttributeInfo]
2019-12-06 11:18:44.327 DEBUG 7503 --- [    Test worker] o.a.tomcat.util.digester.Digester.sax    : endElement(,,attribute)
2019-12-06 11:18:44.327 DEBUG 7503 --- [    Test worker] o.apache.tomcat.util.digester.Digester   :   match='mbeans-descriptors/mbean/attribute'
2019-12-06 11:18:44.327 DEBUG 7503 --- [    Test worker] o.apache.tomcat.util.digester.Digester   :   bodyText=''
2019-12-06 11:18:44.327 DEBUG 7503 --- [    Test worker] o.apache.tomcat.util.digester.Digester   :   Fire body() for ObjectCreateRule[className=org.apache.tomcat.util.modeler.AttributeInfo, attributeName=null]
2019-12-06 11:18:44.327 DEBUG 7503 --- [    Test worker] o.apache.tomcat.util.digester.Digester   :   Fire body() for SetPropertiesRule[]
2019-12-06 11:18:44.327 DEBUG 7503 --- [    Test worker] o.apache.tomcat.util.digester.Digester   :   Fire body() for SetNextRule[methodName=addAttribute, paramType=org.apache.tomcat.util.modeler.AttributeInfo]
2019-12-06 11:18:44.328 DEBUG 7503 --- [    Test worker] o.apache.tomcat.util.digester.Digester   :   Fire end() for SetNextRule[methodName=addAttribute, paramType=org.apache.tomcat.util.modeler.AttributeInfo]
2019-12-06 11:18:44.328 DEBUG 7503 --- [    Test worker] o.apache.tomcat.util.digester.Digester   : [SetNextRule]{mbeans-descriptors/mbean/attribute} Call org.apache.tomcat.util.modeler.ManagedBean.addAttribute(org.apache.tomcat.util.modeler.AttributeInfo@6af0dd8a)
2019-12-06 11:18:44.328 DEBUG 7503 --- [    Test worker] o.apache.tomcat.util.IntrospectionUtils  : IntrospectionUtils: callMethod1 org.apache.tomcat.util.modeler.ManagedBean org.apache.tomcat.util.modeler.AttributeInfo org.apache.tomcat.util.modeler.AttributeInfo
2019-12-06 11:18:44.328 DEBUG 7503 --- [    Test worker] o.apache.tomcat.util.digester.Digester   :   Fire end() for SetPropertiesRule[]
2019-12-06 11:18:44.328 DEBUG 7503 --- [    Test worker] o.apache.tomcat.util.digester.Digester   :   Fire end() for ObjectCreateRule[className=org.apache.tomcat.util.modeler.AttributeInfo, attributeName=null]
2019-12-06 11:18:44.328 DEBUG 7503 --- [    Test worker] o.apache.tomcat.util.digester.Digester   : [ObjectCreateRule]{mbeans-descriptors/mbean/attribute} Pop org.apache.tomcat.util.modeler.AttributeInfo
2019-12-06 11:18:44.328 DEBUG 7503 --- [    Test worker] o.a.tomcat.util.digester.Digester.sax    : characters(

  )
2019-12-06 11:18:44.329 DEBUG 7503 --- [    Test worker] o.a.tomcat.util.digester.Digester.sax    : endElement(,,mbean)
2019-12-06 11:18:44.329 DEBUG 7503 --- [    Test worker] o.apache.tomcat.util.digester.Digester   :   match='mbeans-descriptors/mbean'
2019-12-06 11:18:44.329 DEBUG 7503 --- [    Test worker] o.apache.tomcat.util.digester.Digester   :   bodyText='

    

    

    

    

    

  '
2019-12-06 11:18:44.329 DEBUG 7503 --- [    Test worker] o.apache.tomcat.util.digester.Digester   :   Fire body() for ObjectCreateRule[className=org.apache.tomcat.util.modeler.ManagedBean, attributeName=null]
2019-12-06 11:18:44.329 DEBUG 7503 --- [    Test worker] o.apache.tomcat.util.digester.Digester   :   Fire body() for SetPropertiesRule[]
2019-12-06 11:18:44.329 DEBUG 7503 --- [    Test worker] o.apache.tomcat.util.digester.Digester   :   Fire body() for SetNextRule[methodName=add, paramType=java.lang.Object]
2019-12-06 11:18:44.330 DEBUG 7503 --- [    Test worker] o.apache.tomcat.util.digester.Digester   :   Fire end() for SetNextRule[methodName=add, paramType=java.lang.Object]
2019-12-06 11:18:44.330 DEBUG 7503 --- [    Test worker] o.apache.tomcat.util.digester.Digester   : [SetNextRule]{mbeans-descriptors/mbean} Call java.util.ArrayList.add(ManagedBean[name=StandardRoot, className=org.apache.tomcat.util.modeler.BaseModelMBean, description=Provides the resources implementation for a web application, group=WebResourceRoot, type=org.apache.catalina.webresources.StandardRoot])
2019-12-06 11:18:44.330 DEBUG 7503 --- [    Test worker] o.apache.tomcat.util.IntrospectionUtils  : IntrospectionUtils: callMethod1 java.util.ArrayList org.apache.tomcat.util.modeler.ManagedBean java.lang.Object
2019-12-06 11:18:44.330 DEBUG 7503 --- [    Test worker] o.apache.tomcat.util.digester.Digester   :   Fire end() for SetPropertiesRule[]
2019-12-06 11:18:44.330 DEBUG 7503 --- [    Test worker] o.apache.tomcat.util.digester.Digester   :   Fire end() for ObjectCreateRule[className=org.apache.tomcat.util.modeler.ManagedBean, attributeName=null]
2019-12-06 11:18:44.330 DEBUG 7503 --- [    Test worker] o.apache.tomcat.util.digester.Digester   : [ObjectCreateRule]{mbeans-descriptors/mbean} Pop org.apache.tomcat.util.modeler.ManagedBean
2019-12-06 11:18:44.330 DEBUG 7503 --- [    Test worker] o.a.tomcat.util.digester.Digester.sax    : characters(

  )
2019-12-06 11:18:44.331 DEBUG 7503 --- [    Test worker] o.a.tomcat.util.digester.Digester.sax    : startElement(,,mbean)
2019-12-06 11:18:44.331 DEBUG 7503 --- [    Test worker] o.apache.tomcat.util.digester.Digester   :   New match='mbeans-descriptors/mbean'
2019-12-06 11:18:44.331 DEBUG 7503 --- [    Test worker] o.apache.tomcat.util.digester.Digester   :   Fire begin() for ObjectCreateRule[className=org.apache.tomcat.util.modeler.ManagedBean, attributeName=null]
2019-12-06 11:18:44.331 DEBUG 7503 --- [    Test worker] o.apache.tomcat.util.digester.Digester   :   Fire begin() for SetPropertiesRule[]
2019-12-06 11:18:44.331 DEBUG 7503 --- [    Test worker] o.apache.tomcat.util.digester.Digester   : [SetPropertiesRule]{mbeans-descriptors/mbean} Set org.apache.tomcat.util.modeler.ManagedBean properties
2019-12-06 11:18:44.331 DEBUG 7503 --- [    Test worker] o.apache.tomcat.util.digester.Digester   : [SetPropertiesRule]{mbeans-descriptors/mbean} Setting property 'name' to 'Cache'
2019-12-06 11:18:44.332 DEBUG 7503 --- [    Test worker] o.apache.tomcat.util.IntrospectionUtils  : IntrospectionUtils: setProperty(class org.apache.tomcat.util.modeler.ManagedBean name=Cache)
2019-12-06 11:18:44.332 DEBUG 7503 --- [    Test worker] o.apache.tomcat.util.digester.Digester   : [SetPropertiesRule]{mbeans-descriptors/mbean} Setting property 'description' to 'Provides caching of resource metadata and content'
2019-12-06 11:18:44.332 DEBUG 7503 --- [    Test worker] o.apache.tomcat.util.IntrospectionUtils  : IntrospectionUtils: setProperty(class org.apache.tomcat.util.modeler.ManagedBean description=Provides caching of resource metadata and content)
2019-12-06 11:18:44.332 DEBUG 7503 --- [    Test worker] o.apache.tomcat.util.digester.Digester   : [SetPropertiesRule]{mbeans-descriptors/mbean} Setting property 'domain' to 'Catalina'
2019-12-06 11:18:44.332 DEBUG 7503 --- [    Test worker] o.apache.tomcat.util.IntrospectionUtils  : IntrospectionUtils: setProperty(class org.apache.tomcat.util.modeler.ManagedBean domain=Catalina)
2019-12-06 11:18:44.332 DEBUG 7503 --- [    Test worker] o.apache.tomcat.util.digester.Digester   : [SetPropertiesRule]{mbeans-descriptors/mbean} Setting property 'group' to 'WebResourceRoot'
2019-12-06 11:18:44.332 DEBUG 7503 --- [    Test worker] o.apache.tomcat.util.IntrospectionUtils  : IntrospectionUtils: setProperty(class org.apache.tomcat.util.modeler.ManagedBean group=WebResourceRoot)
2019-12-06 11:18:44.333 DEBUG 7503 --- [    Test worker] o.apache.tomcat.util.digester.Digester   : [SetPropertiesRule]{mbeans-descriptors/mbean} Setting property 'type' to 'org.apache.catalina.webresources.Cache'
2019-12-06 11:18:44.333 DEBUG 7503 --- [    Test worker] o.apache.tomcat.util.IntrospectionUtils  : IntrospectionUtils: setProperty(class org.apache.tomcat.util.modeler.ManagedBean type=org.apache.catalina.webresources.Cache)
2019-12-06 11:18:44.333 DEBUG 7503 --- [    Test worker] o.apache.tomcat.util.digester.Digester   :   Fire begin() for SetNextRule[methodName=add, paramType=java.lang.Object]
2019-12-06 11:18:44.333 DEBUG 7503 --- [    Test worker] o.a.tomcat.util.digester.Digester.sax    : characters(

    )
2019-12-06 11:18:44.333 DEBUG 7503 --- [    Test worker] o.a.tomcat.util.digester.Digester.sax    : startElement(,,attribute)
2019-12-06 11:18:44.333 DEBUG 7503 --- [    Test worker] o.apache.tomcat.util.digester.Digester   :   New match='mbeans-descriptors/mbean/attribute'
2019-12-06 11:18:44.333 DEBUG 7503 --- [    Test worker] o.apache.tomcat.util.digester.Digester   :   Fire begin() for ObjectCreateRule[className=org.apache.tomcat.util.modeler.AttributeInfo, attributeName=null]
2019-12-06 11:18:44.334 DEBUG 7503 --- [    Test worker] o.apache.tomcat.util.digester.Digester   :   Fire begin() for SetPropertiesRule[]
2019-12-06 11:18:44.334 DEBUG 7503 --- [    Test worker] o.apache.tomcat.util.digester.Digester   : [SetPropertiesRule]{mbeans-descriptors/mbean/attribute} Set org.apache.tomcat.util.modeler.AttributeInfo properties
2019-12-06 11:18:44.334 DEBUG 7503 --- [    Test worker] o.apache.tomcat.util.digester.Digester   : [SetPropertiesRule]{mbeans-descriptors/mbean/attribute} Setting property 'name' to 'hitCount'
2019-12-06 11:18:44.334 DEBUG 7503 --- [    Test worker] o.apache.tomcat.util.IntrospectionUtils  : IntrospectionUtils: setProperty(class org.apache.tomcat.util.modeler.AttributeInfo name=hitCount)
2019-12-06 11:18:44.334 DEBUG 7503 --- [    Test worker] o.apache.tomcat.util.digester.Digester   : [SetPropertiesRule]{mbeans-descriptors/mbean/attribute} Setting property 'description' to 'The number of requests for resources that were served from the cache'
2019-12-06 11:18:44.334 DEBUG 7503 --- [    Test worker] o.apache.tomcat.util.IntrospectionUtils  : IntrospectionUtils: setProperty(class org.apache.tomcat.util.modeler.AttributeInfo description=The number of requests for resources that were served from the cache)
2019-12-06 11:18:44.335 DEBUG 7503 --- [    Test worker] o.apache.tomcat.util.digester.Digester   : [SetPropertiesRule]{mbeans-descriptors/mbean/attribute} Setting property 'type' to 'long'
2019-12-06 11:18:44.335 DEBUG 7503 --- [    Test worker] o.apache.tomcat.util.IntrospectionUtils  : IntrospectionUtils: setProperty(class org.apache.tomcat.util.modeler.AttributeInfo type=long)
2019-12-06 11:18:44.335 DEBUG 7503 --- [    Test worker] o.apache.tomcat.util.digester.Digester   : [SetPropertiesRule]{mbeans-descriptors/mbean/attribute} Setting property 'writeable' to 'false'
2019-12-06 11:18:44.335 DEBUG 7503 --- [    Test worker] o.apache.tomcat.util.IntrospectionUtils  : IntrospectionUtils: setProperty(class org.apache.tomcat.util.modeler.AttributeInfo writeable=false)
2019-12-06 11:18:44.335 DEBUG 7503 --- [    Test worker] o.apache.tomcat.util.digester.Digester   :   Fire begin() for SetNextRule[methodName=addAttribute, paramType=org.apache.tomcat.util.modeler.AttributeInfo]
2019-12-06 11:18:44.335 DEBUG 7503 --- [    Test worker] o.a.tomcat.util.digester.Digester.sax    : endElement(,,attribute)
2019-12-06 11:18:44.335 DEBUG 7503 --- [    Test worker] o.apache.tomcat.util.digester.Digester   :   match='mbeans-descriptors/mbean/attribute'
2019-12-06 11:18:44.336 DEBUG 7503 --- [    Test worker] o.apache.tomcat.util.digester.Digester   :   bodyText=''
2019-12-06 11:18:44.336 DEBUG 7503 --- [    Test worker] o.apache.tomcat.util.digester.Digester   :   Fire body() for ObjectCreateRule[className=org.apache.tomcat.util.modeler.AttributeInfo, attributeName=null]
2019-12-06 11:18:44.336 DEBUG 7503 --- [    Test worker] o.apache.tomcat.util.digester.Digester   :   Fire body() for SetPropertiesRule[]
2019-12-06 11:18:44.336 DEBUG 7503 --- [    Test worker] o.apache.tomcat.util.digester.Digester   :   Fire body() for SetNextRule[methodName=addAttribute, paramType=org.apache.tomcat.util.modeler.AttributeInfo]
2019-12-06 11:18:44.336 DEBUG 7503 --- [    Test worker] o.apache.tomcat.util.digester.Digester   :   Fire end() for SetNextRule[methodName=addAttribute, paramType=org.apache.tomcat.util.modeler.AttributeInfo]
2019-12-06 11:18:44.336 DEBUG 7503 --- [    Test worker] o.apache.tomcat.util.digester.Digester   : [SetNextRule]{mbeans-descriptors/mbean/attribute} Call org.apache.tomcat.util.modeler.ManagedBean.addAttribute(org.apache.tomcat.util.modeler.AttributeInfo@7047e146)
2019-12-06 11:18:44.336 DEBUG 7503 --- [    Test worker] o.apache.tomcat.util.IntrospectionUtils  : IntrospectionUtils: callMethod1 org.apache.tomcat.util.modeler.ManagedBean org.apache.tomcat.util.modeler.AttributeInfo org.apache.tomcat.util.modeler.AttributeInfo
2019-12-06 11:18:44.337 DEBUG 7503 --- [    Test worker] o.apache.tomcat.util.digester.Digester   :   Fire end() for SetPropertiesRule[]
2019-12-06 11:18:44.337 DEBUG 7503 --- [    Test worker] o.apache.tomcat.util.digester.Digester   :   Fire end() for ObjectCreateRule[className=org.apache.tomcat.util.modeler.AttributeInfo, attributeName=null]
2019-12-06 11:18:44.337 DEBUG 7503 --- [    Test worker] o.apache.tomcat.util.digester.Digester   : [ObjectCreateRule]{mbeans-descriptors/mbean/attribute} Pop org.apache.tomcat.util.modeler.AttributeInfo
2019-12-06 11:18:44.337 DEBUG 7503 --- [    Test worker] o.a.tomcat.util.digester.Digester.sax    : characters(

    )
2019-12-06 11:18:44.337 DEBUG 7503 --- [    Test worker] o.a.tomcat.util.digester.Digester.sax    : startElement(,,attribute)
2019-12-06 11:18:44.337 DEBUG 7503 --- [    Test worker] o.apache.tomcat.util.digester.Digester   :   New match='mbeans-descriptors/mbean/attribute'
2019-12-06 11:18:44.338 DEBUG 7503 --- [    Test worker] o.apache.tomcat.util.digester.Digester   :   Fire begin() for ObjectCreateRule[className=org.apache.tomcat.util.modeler.AttributeInfo, attributeName=null]
2019-12-06 11:18:44.338 DEBUG 7503 --- [    Test worker] o.apache.tomcat.util.digester.Digester   :   Fire begin() for SetPropertiesRule[]
2019-12-06 11:18:44.338 DEBUG 7503 --- [    Test worker] o.apache.tomcat.util.digester.Digester   : [SetPropertiesRule]{mbeans-descriptors/mbean/attribute} Set org.apache.tomcat.util.modeler.AttributeInfo properties
2019-12-06 11:18:44.338 DEBUG 7503 --- [    Test worker] o.apache.tomcat.util.digester.Digester   : [SetPropertiesRule]{mbeans-descriptors/mbean/attribute} Setting property 'name' to 'lookupCount'
2019-12-06 11:18:44.338 DEBUG 7503 --- [    Test worker] o.apache.tomcat.util.IntrospectionUtils  : IntrospectionUtils: setProperty(class org.apache.tomcat.util.modeler.AttributeInfo name=lookupCount)
2019-12-06 11:18:44.338 DEBUG 7503 --- [    Test worker] o.apache.tomcat.util.digester.Digester   : [SetPropertiesRule]{mbeans-descriptors/mbean/attribute} Setting property 'description' to 'The number of requests for resources'
2019-12-06 11:18:44.339 DEBUG 7503 --- [    Test worker] o.apache.tomcat.util.IntrospectionUtils  : IntrospectionUtils: setProperty(class org.apache.tomcat.util.modeler.AttributeInfo description=The number of requests for resources)
2019-12-06 11:18:44.339 DEBUG 7503 --- [    Test worker] o.apache.tomcat.util.digester.Digester   : [SetPropertiesRule]{mbeans-descriptors/mbean/attribute} Setting property 'type' to 'long'
2019-12-06 11:18:44.339 DEBUG 7503 --- [    Test worker] o.apache.tomcat.util.IntrospectionUtils  : IntrospectionUtils: setProperty(class org.apache.tomcat.util.modeler.AttributeInfo type=long)
2019-12-06 11:18:44.339 DEBUG 7503 --- [    Test worker] o.apache.tomcat.util.digester.Digester   : [SetPropertiesRule]{mbeans-descriptors/mbean/attribute} Setting property 'writeable' to 'false'
2019-12-06 11:18:44.339 DEBUG 7503 --- [    Test worker] o.apache.tomcat.util.IntrospectionUtils  : IntrospectionUtils: setProperty(class org.apache.tomcat.util.modeler.AttributeInfo writeable=false)
2019-12-06 11:18:44.339 DEBUG 7503 --- [    Test worker] o.apache.tomcat.util.digester.Digester   :   Fire begin() for SetNextRule[methodName=addAttribute, paramType=org.apache.tomcat.util.modeler.AttributeInfo]
2019-12-06 11:18:44.339 DEBUG 7503 --- [    Test worker] o.a.tomcat.util.digester.Digester.sax    : endElement(,,attribute)
2019-12-06 11:18:44.340 DEBUG 7503 --- [    Test worker] o.apache.tomcat.util.digester.Digester   :   match='mbeans-descriptors/mbean/attribute'
2019-12-06 11:18:44.340 DEBUG 7503 --- [    Test worker] o.apache.tomcat.util.digester.Digester   :   bodyText=''
2019-12-06 11:18:44.340 DEBUG 7503 --- [    Test worker] o.apache.tomcat.util.digester.Digester   :   Fire body() for ObjectCreateRule[className=org.apache.tomcat.util.modeler.AttributeInfo, attributeName=null]
2019-12-06 11:18:44.340 DEBUG 7503 --- [    Test worker] o.apache.tomcat.util.digester.Digester   :   Fire body() for SetPropertiesRule[]
2019-12-06 11:18:44.340 DEBUG 7503 --- [    Test worker] o.apache.tomcat.util.digester.Digester   :   Fire body() for SetNextRule[methodName=addAttribute, paramType=org.apache.tomcat.util.modeler.AttributeInfo]
2019-12-06 11:18:44.340 DEBUG 7503 --- [    Test worker] o.apache.tomcat.util.digester.Digester   :   Fire end() for SetNextRule[methodName=addAttribute, paramType=org.apache.tomcat.util.modeler.AttributeInfo]
2019-12-06 11:18:44.341 DEBUG 7503 --- [    Test worker] o.apache.tomcat.util.digester.Digester   : [SetNextRule]{mbeans-descriptors/mbean/attribute} Call org.apache.tomcat.util.modeler.ManagedBean.addAttribute(org.apache.tomcat.util.modeler.AttributeInfo@3e205d07)
2019-12-06 11:18:44.341 DEBUG 7503 --- [    Test worker] o.apache.tomcat.util.IntrospectionUtils  : IntrospectionUtils: callMethod1 org.apache.tomcat.util.modeler.ManagedBean org.apache.tomcat.util.modeler.AttributeInfo org.apache.tomcat.util.modeler.AttributeInfo
2019-12-06 11:18:44.341 DEBUG 7503 --- [    Test worker] o.apache.tomcat.util.digester.Digester   :   Fire end() for SetPropertiesRule[]
2019-12-06 11:18:44.341 DEBUG 7503 --- [    Test worker] o.apache.tomcat.util.digester.Digester   :   Fire end() for ObjectCreateRule[className=org.apache.tomcat.util.modeler.AttributeInfo, attributeName=null]
2019-12-06 11:18:44.341 DEBUG 7503 --- [    Test worker] o.apache.tomcat.util.digester.Digester   : [ObjectCreateRule]{mbeans-descriptors/mbean/attribute} Pop org.apache.tomcat.util.modeler.AttributeInfo
2019-12-06 11:18:44.341 DEBUG 7503 --- [    Test worker] o.a.tomcat.util.digester.Digester.sax    : characters(

    )
2019-12-06 11:18:44.342 DEBUG 7503 --- [    Test worker] o.a.tomcat.util.digester.Digester.sax    : startElement(,,attribute)
2019-12-06 11:18:44.342 DEBUG 7503 --- [    Test worker] o.apache.tomcat.util.digester.Digester   :   New match='mbeans-descriptors/mbean/attribute'
2019-12-06 11:18:44.342 DEBUG 7503 --- [    Test worker] o.apache.tomcat.util.digester.Digester   :   Fire begin() for ObjectCreateRule[className=org.apache.tomcat.util.modeler.AttributeInfo, attributeName=null]
2019-12-06 11:18:44.342 DEBUG 7503 --- [    Test worker] o.apache.tomcat.util.digester.Digester   :   Fire begin() for SetPropertiesRule[]
2019-12-06 11:18:44.342 DEBUG 7503 --- [    Test worker] o.apache.tomcat.util.digester.Digester   : [SetPropertiesRule]{mbeans-descriptors/mbean/attribute} Set org.apache.tomcat.util.modeler.AttributeInfo properties
2019-12-06 11:18:44.342 DEBUG 7503 --- [    Test worker] o.apache.tomcat.util.digester.Digester   : [SetPropertiesRule]{mbeans-descriptors/mbean/attribute} Setting property 'name' to 'maxSize'
2019-12-06 11:18:44.343 DEBUG 7503 --- [    Test worker] o.apache.tomcat.util.IntrospectionUtils  : IntrospectionUtils: setProperty(class org.apache.tomcat.util.modeler.AttributeInfo name=maxSize)
2019-12-06 11:18:44.343 DEBUG 7503 --- [    Test worker] o.apache.tomcat.util.digester.Digester   : [SetPropertiesRule]{mbeans-descriptors/mbean/attribute} Setting property 'description' to 'The maximum permitted size of the cache in kB'
2019-12-06 11:18:44.343 DEBUG 7503 --- [    Test worker] o.apache.tomcat.util.IntrospectionUtils  : IntrospectionUtils: setProperty(class org.apache.tomcat.util.modeler.AttributeInfo description=The maximum permitted size of the cache in kB)
2019-12-06 11:18:44.343 DEBUG 7503 --- [    Test worker] o.apache.tomcat.util.digester.Digester   : [SetPropertiesRule]{mbeans-descriptors/mbean/attribute} Setting property 'type' to 'long'
2019-12-06 11:18:44.343 DEBUG 7503 --- [    Test worker] o.apache.tomcat.util.IntrospectionUtils  : IntrospectionUtils: setProperty(class org.apache.tomcat.util.modeler.AttributeInfo type=long)
2019-12-06 11:18:44.343 DEBUG 7503 --- [    Test worker] o.apache.tomcat.util.digester.Digester   : [SetPropertiesRule]{mbeans-descriptors/mbean/attribute} Setting property 'writeable' to 'true'
2019-12-06 11:18:44.343 DEBUG 7503 --- [    Test worker] o.apache.tomcat.util.IntrospectionUtils  : IntrospectionUtils: setProperty(class org.apache.tomcat.util.modeler.AttributeInfo writeable=true)
2019-12-06 11:18:44.344 DEBUG 7503 --- [    Test worker] o.apache.tomcat.util.digester.Digester   :   Fire begin() for SetNextRule[methodName=addAttribute, paramType=org.apache.tomcat.util.modeler.AttributeInfo]
2019-12-06 11:18:44.344 DEBUG 7503 --- [    Test worker] o.a.tomcat.util.digester.Digester.sax    : endElement(,,attribute)
2019-12-06 11:18:44.344 DEBUG 7503 --- [    Test worker] o.apache.tomcat.util.digester.Digester   :   match='mbeans-descriptors/mbean/attribute'
2019-12-06 11:18:44.344 DEBUG 7503 --- [    Test worker] o.apache.tomcat.util.digester.Digester   :   bodyText=''
2019-12-06 11:18:44.344 DEBUG 7503 --- [    Test worker] o.apache.tomcat.util.digester.Digester   :   Fire body() for ObjectCreateRule[className=org.apache.tomcat.util.modeler.AttributeInfo, attributeName=null]
2019-12-06 11:18:44.344 DEBUG 7503 --- [    Test worker] o.apache.tomcat.util.digester.Digester   :   Fire body() for SetPropertiesRule[]
2019-12-06 11:18:44.345 DEBUG 7503 --- [    Test worker] o.apache.tomcat.util.digester.Digester   :   Fire body() for SetNextRule[methodName=addAttribute, paramType=org.apache.tomcat.util.modeler.AttributeInfo]
2019-12-06 11:18:44.345 DEBUG 7503 --- [    Test worker] o.apache.tomcat.util.digester.Digester   :   Fire end() for SetNextRule[methodName=addAttribute, paramType=org.apache.tomcat.util.modeler.AttributeInfo]
2019-12-06 11:18:44.345 DEBUG 7503 --- [    Test worker] o.apache.tomcat.util.digester.Digester   : [SetNextRule]{mbeans-descriptors/mbean/attribute} Call org.apache.tomcat.util.modeler.ManagedBean.addAttribute(org.apache.tomcat.util.modeler.AttributeInfo@6345bd59)
2019-12-06 11:18:44.345 DEBUG 7503 --- [    Test worker] o.apache.tomcat.util.IntrospectionUtils  : IntrospectionUtils: callMethod1 org.apache.tomcat.util.modeler.ManagedBean org.apache.tomcat.util.modeler.AttributeInfo org.apache.tomcat.util.modeler.AttributeInfo
2019-12-06 11:18:44.345 DEBUG 7503 --- [    Test worker] o.apache.tomcat.util.digester.Digester   :   Fire end() for SetPropertiesRule[]
2019-12-06 11:18:44.345 DEBUG 7503 --- [    Test worker] o.apache.tomcat.util.digester.Digester   :   Fire end() for ObjectCreateRule[className=org.apache.tomcat.util.modeler.AttributeInfo, attributeName=null]
2019-12-06 11:18:44.345 DEBUG 7503 --- [    Test worker] o.apache.tomcat.util.digester.Digester   : [ObjectCreateRule]{mbeans-descriptors/mbean/attribute} Pop org.apache.tomcat.util.modeler.AttributeInfo
2019-12-06 11:18:44.346 DEBUG 7503 --- [    Test worker] o.a.tomcat.util.digester.Digester.sax    : characters(

    )
2019-12-06 11:18:44.346 DEBUG 7503 --- [    Test worker] o.a.tomcat.util.digester.Digester.sax    : startElement(,,attribute)
2019-12-06 11:18:44.346 DEBUG 7503 --- [    Test worker] o.apache.tomcat.util.digester.Digester   :   New match='mbeans-descriptors/mbean/attribute'
2019-12-06 11:18:44.346 DEBUG 7503 --- [    Test worker] o.apache.tomcat.util.digester.Digester   :   Fire begin() for ObjectCreateRule[className=org.apache.tomcat.util.modeler.AttributeInfo, attributeName=null]
2019-12-06 11:18:44.346 DEBUG 7503 --- [    Test worker] o.apache.tomcat.util.digester.Digester   :   Fire begin() for SetPropertiesRule[]
2019-12-06 11:18:44.346 DEBUG 7503 --- [    Test worker] o.apache.tomcat.util.digester.Digester   : [SetPropertiesRule]{mbeans-descriptors/mbean/attribute} Set org.apache.tomcat.util.modeler.AttributeInfo properties
2019-12-06 11:18:44.346 DEBUG 7503 --- [    Test worker] o.apache.tomcat.util.digester.Digester   : [SetPropertiesRule]{mbeans-descriptors/mbean/attribute} Setting property 'name' to 'objectMaxSize'
2019-12-06 11:18:44.347 DEBUG 7503 --- [    Test worker] o.apache.tomcat.util.IntrospectionUtils  : IntrospectionUtils: setProperty(class org.apache.tomcat.util.modeler.AttributeInfo name=objectMaxSize)
2019-12-06 11:18:44.347 DEBUG 7503 --- [    Test worker] o.apache.tomcat.util.digester.Digester   : [SetPropertiesRule]{mbeans-descriptors/mbean/attribute} Setting property 'description' to 'The maximum permitted size for a single object in the cache in kB'
2019-12-06 11:18:44.347 DEBUG 7503 --- [    Test worker] o.apache.tomcat.util.IntrospectionUtils  : IntrospectionUtils: setProperty(class org.apache.tomcat.util.modeler.AttributeInfo description=The maximum permitted size for a single object in the cache in kB)
2019-12-06 11:18:44.347 DEBUG 7503 --- [    Test worker] o.apache.tomcat.util.digester.Digester   : [SetPropertiesRule]{mbeans-descriptors/mbean/attribute} Setting property 'type' to 'int'
2019-12-06 11:18:44.347 DEBUG 7503 --- [    Test worker] o.apache.tomcat.util.IntrospectionUtils  : IntrospectionUtils: setProperty(class org.apache.tomcat.util.modeler.AttributeInfo type=int)
2019-12-06 11:18:44.347 DEBUG 7503 --- [    Test worker] o.apache.tomcat.util.digester.Digester   : [SetPropertiesRule]{mbeans-descriptors/mbean/attribute} Setting property 'writeable' to 'true'
2019-12-06 11:18:44.348 DEBUG 7503 --- [    Test worker] o.apache.tomcat.util.IntrospectionUtils  : IntrospectionUtils: setProperty(class org.apache.tomcat.util.modeler.AttributeInfo writeable=true)
2019-12-06 11:18:44.348 DEBUG 7503 --- [    Test worker] o.apache.tomcat.util.digester.Digester   :   Fire begin() for SetNextRule[methodName=addAttribute, paramType=org.apache.tomcat.util.modeler.AttributeInfo]
2019-12-06 11:18:44.348 DEBUG 7503 --- [    Test worker] o.a.tomcat.util.digester.Digester.sax    : endElement(,,attribute)
2019-12-06 11:18:44.348 DEBUG 7503 --- [    Test worker] o.apache.tomcat.util.digester.Digester   :   match='mbeans-descriptors/mbean/attribute'
2019-12-06 11:18:44.348 DEBUG 7503 --- [    Test worker] o.apache.tomcat.util.digester.Digester   :   bodyText=''
2019-12-06 11:18:44.348 DEBUG 7503 --- [    Test worker] o.apache.tomcat.util.digester.Digester   :   Fire body() for ObjectCreateRule[className=org.apache.tomcat.util.modeler.AttributeInfo, attributeName=null]
2019-12-06 11:18:44.348 DEBUG 7503 --- [    Test worker] o.apache.tomcat.util.digester.Digester   :   Fire body() for SetPropertiesRule[]
2019-12-06 11:18:44.349 DEBUG 7503 --- [    Test worker] o.apache.tomcat.util.digester.Digester   :   Fire body() for SetNextRule[methodName=addAttribute, paramType=org.apache.tomcat.util.modeler.AttributeInfo]
2019-12-06 11:18:44.349 DEBUG 7503 --- [    Test worker] o.apache.tomcat.util.digester.Digester   :   Fire end() for SetNextRule[methodName=addAttribute, paramType=org.apache.tomcat.util.modeler.AttributeInfo]
2019-12-06 11:18:44.349 DEBUG 7503 --- [    Test worker] o.apache.tomcat.util.digester.Digester   : [SetNextRule]{mbeans-descriptors/mbean/attribute} Call org.apache.tomcat.util.modeler.ManagedBean.addAttribute(org.apache.tomcat.util.modeler.AttributeInfo@f353036)
2019-12-06 11:18:44.349 DEBUG 7503 --- [    Test worker] o.apache.tomcat.util.IntrospectionUtils  : IntrospectionUtils: callMethod1 org.apache.tomcat.util.modeler.ManagedBean org.apache.tomcat.util.modeler.AttributeInfo org.apache.tomcat.util.modeler.AttributeInfo
2019-12-06 11:18:44.349 DEBUG 7503 --- [    Test worker] o.apache.tomcat.util.digester.Digester   :   Fire end() for SetPropertiesRule[]
2019-12-06 11:18:44.349 DEBUG 7503 --- [    Test worker] o.apache.tomcat.util.digester.Digester   :   Fire end() for ObjectCreateRule[className=org.apache.tomcat.util.modeler.AttributeInfo, attributeName=null]
2019-12-06 11:18:44.349 DEBUG 7503 --- [    Test worker] o.apache.tomcat.util.digester.Digester   : [ObjectCreateRule]{mbeans-descriptors/mbean/attribute} Pop org.apache.tomcat.util.modeler.AttributeInfo
2019-12-06 11:18:44.350 DEBUG 7503 --- [    Test worker] o.a.tomcat.util.digester.Digester.sax    : characters(

    )
2019-12-06 11:18:44.350 DEBUG 7503 --- [    Test worker] o.a.tomcat.util.digester.Digester.sax    : startElement(,,attribute)
2019-12-06 11:18:44.350 DEBUG 7503 --- [    Test worker] o.apache.tomcat.util.digester.Digester   :   New match='mbeans-descriptors/mbean/attribute'
2019-12-06 11:18:44.350 DEBUG 7503 --- [    Test worker] o.apache.tomcat.util.digester.Digester   :   Fire begin() for ObjectCreateRule[className=org.apache.tomcat.util.modeler.AttributeInfo, attributeName=null]
2019-12-06 11:18:44.350 DEBUG 7503 --- [    Test worker] o.apache.tomcat.util.digester.Digester   :   Fire begin() for SetPropertiesRule[]
2019-12-06 11:18:44.350 DEBUG 7503 --- [    Test worker] o.apache.tomcat.util.digester.Digester   : [SetPropertiesRule]{mbeans-descriptors/mbean/attribute} Set org.apache.tomcat.util.modeler.AttributeInfo properties
2019-12-06 11:18:44.351 DEBUG 7503 --- [    Test worker] o.apache.tomcat.util.digester.Digester   : [SetPropertiesRule]{mbeans-descriptors/mbean/attribute} Setting property 'name' to 'size'
2019-12-06 11:18:44.351 DEBUG 7503 --- [    Test worker] o.apache.tomcat.util.IntrospectionUtils  : IntrospectionUtils: setProperty(class org.apache.tomcat.util.modeler.AttributeInfo name=size)
2019-12-06 11:18:44.351 DEBUG 7503 --- [    Test worker] o.apache.tomcat.util.digester.Digester   : [SetPropertiesRule]{mbeans-descriptors/mbean/attribute} Setting property 'description' to 'The current estimate of the cache size in kB'
2019-12-06 11:18:44.351 DEBUG 7503 --- [    Test worker] o.apache.tomcat.util.IntrospectionUtils  : IntrospectionUtils: setProperty(class org.apache.tomcat.util.modeler.AttributeInfo description=The current estimate of the cache size in kB)
2019-12-06 11:18:44.351 DEBUG 7503 --- [    Test worker] o.apache.tomcat.util.digester.Digester   : [SetPropertiesRule]{mbeans-descriptors/mbean/attribute} Setting property 'type' to 'long'
2019-12-06 11:18:44.351 DEBUG 7503 --- [    Test worker] o.apache.tomcat.util.IntrospectionUtils  : IntrospectionUtils: setProperty(class org.apache.tomcat.util.modeler.AttributeInfo type=long)
2019-12-06 11:18:44.351 DEBUG 7503 --- [    Test worker] o.apache.tomcat.util.digester.Digester   : [SetPropertiesRule]{mbeans-descriptors/mbean/attribute} Setting property 'writeable' to 'false'
2019-12-06 11:18:44.352 DEBUG 7503 --- [    Test worker] o.apache.tomcat.util.IntrospectionUtils  : IntrospectionUtils: setProperty(class org.apache.tomcat.util.modeler.AttributeInfo writeable=false)
2019-12-06 11:18:44.352 DEBUG 7503 --- [    Test worker] o.apache.tomcat.util.digester.Digester   :   Fire begin() for SetNextRule[methodName=addAttribute, paramType=org.apache.tomcat.util.modeler.AttributeInfo]
2019-12-06 11:18:44.352 DEBUG 7503 --- [    Test worker] o.a.tomcat.util.digester.Digester.sax    : endElement(,,attribute)
2019-12-06 11:18:44.352 DEBUG 7503 --- [    Test worker] o.apache.tomcat.util.digester.Digester   :   match='mbeans-descriptors/mbean/attribute'
2019-12-06 11:18:44.352 DEBUG 7503 --- [    Test worker] o.apache.tomcat.util.digester.Digester   :   bodyText=''
2019-12-06 11:18:44.352 DEBUG 7503 --- [    Test worker] o.apache.tomcat.util.digester.Digester   :   Fire body() for ObjectCreateRule[className=org.apache.tomcat.util.modeler.AttributeInfo, attributeName=null]
2019-12-06 11:18:44.352 DEBUG 7503 --- [    Test worker] o.apache.tomcat.util.digester.Digester   :   Fire body() for SetPropertiesRule[]
2019-12-06 11:18:44.353 DEBUG 7503 --- [    Test worker] o.apache.tomcat.util.digester.Digester   :   Fire body() for SetNextRule[methodName=addAttribute, paramType=org.apache.tomcat.util.modeler.AttributeInfo]
2019-12-06 11:18:44.353 DEBUG 7503 --- [    Test worker] o.apache.tomcat.util.digester.Digester   :   Fire end() for SetNextRule[methodName=addAttribute, paramType=org.apache.tomcat.util.modeler.AttributeInfo]
2019-12-06 11:18:44.353 DEBUG 7503 --- [    Test worker] o.apache.tomcat.util.digester.Digester   : [SetNextRule]{mbeans-descriptors/mbean/attribute} Call org.apache.tomcat.util.modeler.ManagedBean.addAttribute(org.apache.tomcat.util.modeler.AttributeInfo@4037bd47)
2019-12-06 11:18:44.353 DEBUG 7503 --- [    Test worker] o.apache.tomcat.util.IntrospectionUtils  : IntrospectionUtils: callMethod1 org.apache.tomcat.util.modeler.ManagedBean org.apache.tomcat.util.modeler.AttributeInfo org.apache.tomcat.util.modeler.AttributeInfo
2019-12-06 11:18:44.353 DEBUG 7503 --- [    Test worker] o.apache.tomcat.util.digester.Digester   :   Fire end() for SetPropertiesRule[]
2019-12-06 11:18:44.353 DEBUG 7503 --- [    Test worker] o.apache.tomcat.util.digester.Digester   :   Fire end() for ObjectCreateRule[className=org.apache.tomcat.util.modeler.AttributeInfo, attributeName=null]
2019-12-06 11:18:44.354 DEBUG 7503 --- [    Test worker] o.apache.tomcat.util.digester.Digester   : [ObjectCreateRule]{mbeans-descriptors/mbean/attribute} Pop org.apache.tomcat.util.modeler.AttributeInfo
2019-12-06 11:18:44.354 DEBUG 7503 --- [    Test worker] o.a.tomcat.util.digester.Digester.sax    : characters(

    )
2019-12-06 11:18:44.354 DEBUG 7503 --- [    Test worker] o.a.tomcat.util.digester.Digester.sax    : startElement(,,attribute)
2019-12-06 11:18:44.354 DEBUG 7503 --- [    Test worker] o.apache.tomcat.util.digester.Digester   :   New match='mbeans-descriptors/mbean/attribute'
2019-12-06 11:18:44.354 DEBUG 7503 --- [    Test worker] o.apache.tomcat.util.digester.Digester   :   Fire begin() for ObjectCreateRule[className=org.apache.tomcat.util.modeler.AttributeInfo, attributeName=null]
2019-12-06 11:18:44.354 DEBUG 7503 --- [    Test worker] o.apache.tomcat.util.digester.Digester   :   Fire begin() for SetPropertiesRule[]
2019-12-06 11:18:44.354 DEBUG 7503 --- [    Test worker] o.apache.tomcat.util.digester.Digester   : [SetPropertiesRule]{mbeans-descriptors/mbean/attribute} Set org.apache.tomcat.util.modeler.AttributeInfo properties
2019-12-06 11:18:44.355 DEBUG 7503 --- [    Test worker] o.apache.tomcat.util.digester.Digester   : [SetPropertiesRule]{mbeans-descriptors/mbean/attribute} Setting property 'name' to 'ttl'
2019-12-06 11:18:44.355 DEBUG 7503 --- [    Test worker] o.apache.tomcat.util.IntrospectionUtils  : IntrospectionUtils: setProperty(class org.apache.tomcat.util.modeler.AttributeInfo name=ttl)
2019-12-06 11:18:44.355 DEBUG 7503 --- [    Test worker] o.apache.tomcat.util.digester.Digester   : [SetPropertiesRule]{mbeans-descriptors/mbean/attribute} Setting property 'description' to 'The time-to-live for cache entries in milliseconds'
2019-12-06 11:18:44.355 DEBUG 7503 --- [    Test worker] o.apache.tomcat.util.IntrospectionUtils  : IntrospectionUtils: setProperty(class org.apache.tomcat.util.modeler.AttributeInfo description=The time-to-live for cache entries in milliseconds)
2019-12-06 11:18:44.355 DEBUG 7503 --- [    Test worker] o.apache.tomcat.util.digester.Digester   : [SetPropertiesRule]{mbeans-descriptors/mbean/attribute} Setting property 'type' to 'long'
2019-12-06 11:18:44.355 DEBUG 7503 --- [    Test worker] o.apache.tomcat.util.IntrospectionUtils  : IntrospectionUtils: setProperty(class org.apache.tomcat.util.modeler.AttributeInfo type=long)
2019-12-06 11:18:44.355 DEBUG 7503 --- [    Test worker] o.apache.tomcat.util.digester.Digester   : [SetPropertiesRule]{mbeans-descriptors/mbean/attribute} Setting property 'writeable' to 'true'
2019-12-06 11:18:44.356 DEBUG 7503 --- [    Test worker] o.apache.tomcat.util.IntrospectionUtils  : IntrospectionUtils: setProperty(class org.apache.tomcat.util.modeler.AttributeInfo writeable=true)
2019-12-06 11:18:44.356 DEBUG 7503 --- [    Test worker] o.apache.tomcat.util.digester.Digester   :   Fire begin() for SetNextRule[methodName=addAttribute, paramType=org.apache.tomcat.util.modeler.AttributeInfo]
2019-12-06 11:18:44.356 DEBUG 7503 --- [    Test worker] o.a.tomcat.util.digester.Digester.sax    : endElement(,,attribute)
2019-12-06 11:18:44.356 DEBUG 7503 --- [    Test worker] o.apache.tomcat.util.digester.Digester   :   match='mbeans-descriptors/mbean/attribute'
2019-12-06 11:18:44.356 DEBUG 7503 --- [    Test worker] o.apache.tomcat.util.digester.Digester   :   bodyText=''
2019-12-06 11:18:44.356 DEBUG 7503 --- [    Test worker] o.apache.tomcat.util.digester.Digester   :   Fire body() for ObjectCreateRule[className=org.apache.tomcat.util.modeler.AttributeInfo, attributeName=null]
2019-12-06 11:18:44.356 DEBUG 7503 --- [    Test worker] o.apache.tomcat.util.digester.Digester   :   Fire body() for SetPropertiesRule[]
2019-12-06 11:18:44.357 DEBUG 7503 --- [    Test worker] o.apache.tomcat.util.digester.Digester   :   Fire body() for SetNextRule[methodName=addAttribute, paramType=org.apache.tomcat.util.modeler.AttributeInfo]
2019-12-06 11:18:44.357 DEBUG 7503 --- [    Test worker] o.apache.tomcat.util.digester.Digester   :   Fire end() for SetNextRule[methodName=addAttribute, paramType=org.apache.tomcat.util.modeler.AttributeInfo]
2019-12-06 11:18:44.357 DEBUG 7503 --- [    Test worker] o.apache.tomcat.util.digester.Digester   : [SetNextRule]{mbeans-descriptors/mbean/attribute} Call org.apache.tomcat.util.modeler.ManagedBean.addAttribute(org.apache.tomcat.util.modeler.AttributeInfo@7c430823)
2019-12-06 11:18:44.357 DEBUG 7503 --- [    Test worker] o.apache.tomcat.util.IntrospectionUtils  : IntrospectionUtils: callMethod1 org.apache.tomcat.util.modeler.ManagedBean org.apache.tomcat.util.modeler.AttributeInfo org.apache.tomcat.util.modeler.AttributeInfo
2019-12-06 11:18:44.357 DEBUG 7503 --- [    Test worker] o.apache.tomcat.util.digester.Digester   :   Fire end() for SetPropertiesRule[]
2019-12-06 11:18:44.357 DEBUG 7503 --- [    Test worker] o.apache.tomcat.util.digester.Digester   :   Fire end() for ObjectCreateRule[className=org.apache.tomcat.util.modeler.AttributeInfo, attributeName=null]
2019-12-06 11:18:44.358 DEBUG 7503 --- [    Test worker] o.apache.tomcat.util.digester.Digester   : [ObjectCreateRule]{mbeans-descriptors/mbean/attribute} Pop org.apache.tomcat.util.modeler.AttributeInfo
2019-12-06 11:18:44.358 DEBUG 7503 --- [    Test worker] o.a.tomcat.util.digester.Digester.sax    : characters(

    )
2019-12-06 11:18:44.358 DEBUG 7503 --- [    Test worker] o.a.tomcat.util.digester.Digester.sax    : startElement(,,operation)
2019-12-06 11:18:44.358 DEBUG 7503 --- [    Test worker] o.apache.tomcat.util.digester.Digester   :   New match='mbeans-descriptors/mbean/operation'
2019-12-06 11:18:44.358 DEBUG 7503 --- [    Test worker] o.apache.tomcat.util.digester.Digester   :   Fire begin() for ObjectCreateRule[className=org.apache.tomcat.util.modeler.OperationInfo, attributeName=null]
2019-12-06 11:18:44.358 DEBUG 7503 --- [    Test worker] o.apache.tomcat.util.digester.Digester   :   Fire begin() for SetPropertiesRule[]
2019-12-06 11:18:44.358 DEBUG 7503 --- [    Test worker] o.apache.tomcat.util.digester.Digester   : [SetPropertiesRule]{mbeans-descriptors/mbean/operation} Set org.apache.tomcat.util.modeler.OperationInfo properties
2019-12-06 11:18:44.359 DEBUG 7503 --- [    Test worker] o.apache.tomcat.util.digester.Digester   : [SetPropertiesRule]{mbeans-descriptors/mbean/operation} Setting property 'name' to 'clear'
2019-12-06 11:18:44.359 DEBUG 7503 --- [    Test worker] o.apache.tomcat.util.IntrospectionUtils  : IntrospectionUtils: setProperty(class org.apache.tomcat.util.modeler.OperationInfo name=clear)
2019-12-06 11:18:44.359 DEBUG 7503 --- [    Test worker] o.apache.tomcat.util.digester.Digester   : [SetPropertiesRule]{mbeans-descriptors/mbean/operation} Setting property 'description' to 'Clears all cached content from the cache.'
2019-12-06 11:18:44.359 DEBUG 7503 --- [    Test worker] o.apache.tomcat.util.IntrospectionUtils  : IntrospectionUtils: setProperty(class org.apache.tomcat.util.modeler.OperationInfo description=Clears all cached content from the cache.)
2019-12-06 11:18:44.359 DEBUG 7503 --- [    Test worker] o.apache.tomcat.util.digester.Digester   : [SetPropertiesRule]{mbeans-descriptors/mbean/operation} Setting property 'impact' to 'ACTION'
2019-12-06 11:18:44.359 DEBUG 7503 --- [    Test worker] o.apache.tomcat.util.IntrospectionUtils  : IntrospectionUtils: setProperty(class org.apache.tomcat.util.modeler.OperationInfo impact=ACTION)
2019-12-06 11:18:44.359 DEBUG 7503 --- [    Test worker] o.apache.tomcat.util.digester.Digester   : [SetPropertiesRule]{mbeans-descriptors/mbean/operation} Setting property 'returnType' to 'void'
2019-12-06 11:18:44.360 DEBUG 7503 --- [    Test worker] o.apache.tomcat.util.IntrospectionUtils  : IntrospectionUtils: setProperty(class org.apache.tomcat.util.modeler.OperationInfo returnType=void)
2019-12-06 11:18:44.360 DEBUG 7503 --- [    Test worker] o.apache.tomcat.util.digester.Digester   :   Fire begin() for SetNextRule[methodName=addOperation, paramType=org.apache.tomcat.util.modeler.OperationInfo]
2019-12-06 11:18:44.360 DEBUG 7503 --- [    Test worker] o.a.tomcat.util.digester.Digester.sax    : characters(
    )
2019-12-06 11:18:44.360 DEBUG 7503 --- [    Test worker] o.a.tomcat.util.digester.Digester.sax    : endElement(,,operation)
2019-12-06 11:18:44.360 DEBUG 7503 --- [    Test worker] o.apache.tomcat.util.digester.Digester   :   match='mbeans-descriptors/mbean/operation'
2019-12-06 11:18:44.360 DEBUG 7503 --- [    Test worker] o.apache.tomcat.util.digester.Digester   :   bodyText='
    '
2019-12-06 11:18:44.360 DEBUG 7503 --- [    Test worker] o.apache.tomcat.util.digester.Digester   :   Fire body() for ObjectCreateRule[className=org.apache.tomcat.util.modeler.OperationInfo, attributeName=null]
2019-12-06 11:18:44.361 DEBUG 7503 --- [    Test worker] o.apache.tomcat.util.digester.Digester   :   Fire body() for SetPropertiesRule[]
2019-12-06 11:18:44.361 DEBUG 7503 --- [    Test worker] o.apache.tomcat.util.digester.Digester   :   Fire body() for SetNextRule[methodName=addOperation, paramType=org.apache.tomcat.util.modeler.OperationInfo]
2019-12-06 11:18:44.361 DEBUG 7503 --- [    Test worker] o.apache.tomcat.util.digester.Digester   :   Fire end() for SetNextRule[methodName=addOperation, paramType=org.apache.tomcat.util.modeler.OperationInfo]
2019-12-06 11:18:44.361 DEBUG 7503 --- [    Test worker] o.apache.tomcat.util.digester.Digester   : [SetNextRule]{mbeans-descriptors/mbean/operation} Call org.apache.tomcat.util.modeler.ManagedBean.addOperation(org.apache.tomcat.util.modeler.OperationInfo@3222dd87)
2019-12-06 11:18:44.361 DEBUG 7503 --- [    Test worker] o.apache.tomcat.util.IntrospectionUtils  : IntrospectionUtils: callMethod1 org.apache.tomcat.util.modeler.ManagedBean org.apache.tomcat.util.modeler.OperationInfo org.apache.tomcat.util.modeler.OperationInfo
2019-12-06 11:18:44.361 DEBUG 7503 --- [    Test worker] o.apache.tomcat.util.digester.Digester   :   Fire end() for SetPropertiesRule[]
2019-12-06 11:18:44.362 DEBUG 7503 --- [    Test worker] o.apache.tomcat.util.digester.Digester   :   Fire end() for ObjectCreateRule[className=org.apache.tomcat.util.modeler.OperationInfo, attributeName=null]
2019-12-06 11:18:44.362 DEBUG 7503 --- [    Test worker] o.apache.tomcat.util.digester.Digester   : [ObjectCreateRule]{mbeans-descriptors/mbean/operation} Pop org.apache.tomcat.util.modeler.OperationInfo
2019-12-06 11:18:44.362 DEBUG 7503 --- [    Test worker] o.a.tomcat.util.digester.Digester.sax    : characters(

  )
2019-12-06 11:18:44.362 DEBUG 7503 --- [    Test worker] o.a.tomcat.util.digester.Digester.sax    : endElement(,,mbean)
2019-12-06 11:18:44.362 DEBUG 7503 --- [    Test worker] o.apache.tomcat.util.digester.Digester   :   match='mbeans-descriptors/mbean'
2019-12-06 11:18:44.362 DEBUG 7503 --- [    Test worker] o.apache.tomcat.util.digester.Digester   :   bodyText='

    

    

    

    

    

    

    

  '
2019-12-06 11:18:44.362 DEBUG 7503 --- [    Test worker] o.apache.tomcat.util.digester.Digester   :   Fire body() for ObjectCreateRule[className=org.apache.tomcat.util.modeler.ManagedBean, attributeName=null]
2019-12-06 11:18:44.363 DEBUG 7503 --- [    Test worker] o.apache.tomcat.util.digester.Digester   :   Fire body() for SetPropertiesRule[]
2019-12-06 11:18:44.363 DEBUG 7503 --- [    Test worker] o.apache.tomcat.util.digester.Digester   :   Fire body() for SetNextRule[methodName=add, paramType=java.lang.Object]
2019-12-06 11:18:44.363 DEBUG 7503 --- [    Test worker] o.apache.tomcat.util.digester.Digester   :   Fire end() for SetNextRule[methodName=add, paramType=java.lang.Object]
2019-12-06 11:18:44.363 DEBUG 7503 --- [    Test worker] o.apache.tomcat.util.digester.Digester   : [SetNextRule]{mbeans-descriptors/mbean} Call java.util.ArrayList.add(ManagedBean[name=Cache, className=org.apache.tomcat.util.modeler.BaseModelMBean, description=Provides caching of resource metadata and content, group=WebResourceRoot, type=org.apache.catalina.webresources.Cache])
2019-12-06 11:18:44.363 DEBUG 7503 --- [    Test worker] o.apache.tomcat.util.IntrospectionUtils  : IntrospectionUtils: callMethod1 java.util.ArrayList org.apache.tomcat.util.modeler.ManagedBean java.lang.Object
2019-12-06 11:18:44.363 DEBUG 7503 --- [    Test worker] o.apache.tomcat.util.digester.Digester   :   Fire end() for SetPropertiesRule[]
2019-12-06 11:18:44.363 DEBUG 7503 --- [    Test worker] o.apache.tomcat.util.digester.Digester   :   Fire end() for ObjectCreateRule[className=org.apache.tomcat.util.modeler.ManagedBean, attributeName=null]
2019-12-06 11:18:44.364 DEBUG 7503 --- [    Test worker] o.apache.tomcat.util.digester.Digester   : [ObjectCreateRule]{mbeans-descriptors/mbean} Pop org.apache.tomcat.util.modeler.ManagedBean
2019-12-06 11:18:44.364 DEBUG 7503 --- [    Test worker] o.a.tomcat.util.digester.Digester.sax    : characters(

)
2019-12-06 11:18:44.364 DEBUG 7503 --- [    Test worker] o.a.tomcat.util.digester.Digester.sax    : endElement(,,mbeans-descriptors)
2019-12-06 11:18:44.364 DEBUG 7503 --- [    Test worker] o.apache.tomcat.util.digester.Digester   :   match='mbeans-descriptors'
2019-12-06 11:18:44.364 DEBUG 7503 --- [    Test worker] o.apache.tomcat.util.digester.Digester   :   bodyText='

  

  

'
2019-12-06 11:18:44.364 DEBUG 7503 --- [    Test worker] o.apache.tomcat.util.digester.Digester   : No rules found matching [mbeans-descriptors]
2019-12-06 11:18:44.365 DEBUG 7503 --- [    Test worker] o.a.tomcat.util.digester.Digester.sax    : endDocument()
2019-12-06 11:18:44.365 DEBUG 7503 --- [    Test worker] o.a.tomcat.util.modeler.BaseModelMBean   : preRegister org.apache.catalina.webresources.StandardRoot@14b0ff75 Tomcat:type=WebResourceRoot,host=localhost,context=/
2019-12-06 11:18:44.365 DEBUG 7503 --- [    Test worker] org.apache.tomcat.util.modeler.Registry  : Managed= Tomcat:type=WebResourceRoot,host=localhost,context=/,name=Cache
2019-12-06 11:18:44.365 DEBUG 7503 --- [    Test worker] o.a.tomcat.util.modeler.BaseModelMBean   : preRegister org.apache.catalina.webresources.Cache@6910b521 Tomcat:type=WebResourceRoot,host=localhost,context=/,name=Cache
2019-12-06 11:18:44.397 DEBUG 7503 --- [    Test worker] o.apache.catalina.core.StandardContext   : Processing standard container startup
2019-12-06 11:18:44.397 DEBUG 7503 --- [    Test worker] org.apache.tomcat.util.modeler.Registry  : Managed= Tomcat:type=Loader,host=localhost,context=/
2019-12-06 11:18:44.397 DEBUG 7503 --- [    Test worker] o.a.tomcat.util.modeler.BaseModelMBean   : preRegister WebappLoader[StandardEngine[Tomcat].StandardHost[localhost].TomcatEmbeddedContext[]] Tomcat:type=Loader,host=localhost,context=/
2019-12-06 11:18:44.398 DEBUG 7503 --- [    Test worker] org.apache.catalina.loader.WebappLoader  : Starting this Loader
2019-12-06 11:18:44.403 DEBUG 7503 --- [    Test worker] org.apache.tomcat.util.modeler.Registry  : Managed= Tomcat:type=TomcatEmbeddedWebappClassLoader,host=localhost,context=/
2019-12-06 11:18:44.403 DEBUG 7503 --- [    Test worker] org.apache.tomcat.util.modeler.Registry  : Looking for descriptor 
2019-12-06 11:18:44.403 DEBUG 7503 --- [    Test worker] org.apache.tomcat.util.modeler.Registry  : Introspecting 
2019-12-06 11:18:44.404 DEBUG 7503 --- [    Test worker] m.m.MbeansDescriptorsIntrospectionSource : Unsupported type public org.apache.catalina.WebResourceRoot org.apache.catalina.loader.WebappClassLoaderBase.getResources()
2019-12-06 11:18:44.404 DEBUG 7503 --- [    Test worker] m.m.MbeansDescriptorsIntrospectionSource : Unsupported type public org.apache.catalina.LifecycleState org.apache.catalina.loader.WebappClassLoaderBase.getState()
2019-12-06 11:18:44.404 DEBUG 7503 --- [    Test worker] m.m.MbeansDescriptorsIntrospectionSource : Unsupported type public java.net.URL[] org.apache.catalina.loader.WebappClassLoaderBase.getURLs()
2019-12-06 11:18:44.404 DEBUG 7503 --- [    Test worker] m.m.MbeansDescriptorsIntrospectionSource : Unsupported type public void org.apache.catalina.loader.WebappClassLoaderBase.setResources(org.apache.catalina.WebResourceRoot) interface org.apache.catalina.WebResourceRoot
2019-12-06 11:18:44.404 DEBUG 7503 --- [    Test worker] m.m.MbeansDescriptorsIntrospectionSource : Unsupported type public final java.lang.ClassLoader java.lang.ClassLoader.getParent()
2019-12-06 11:18:44.405 DEBUG 7503 --- [    Test worker] m.m.MbeansDescriptorsIntrospectionSource : Introspected attribute hostName public java.lang.String org.apache.catalina.loader.WebappClassLoaderBase.getHostName() null
2019-12-06 11:18:44.405 DEBUG 7503 --- [    Test worker] m.m.MbeansDescriptorsIntrospectionSource : Introspected attribute clearReferencesThreadLocals public boolean org.apache.catalina.loader.WebappClassLoaderBase.getClearReferencesThreadLocals() public void org.apache.catalina.loader.WebappClassLoaderBase.setClearReferencesThreadLocals(boolean)
2019-12-06 11:18:44.405 DEBUG 7503 --- [    Test worker] m.m.MbeansDescriptorsIntrospectionSource : Introspected attribute contextName public java.lang.String org.apache.catalina.loader.WebappClassLoaderBase.getContextName() null
2019-12-06 11:18:44.405 DEBUG 7503 --- [    Test worker] m.m.MbeansDescriptorsIntrospectionSource : Introspected attribute clearReferencesStopThreads public boolean org.apache.catalina.loader.WebappClassLoaderBase.getClearReferencesStopThreads() public void org.apache.catalina.loader.WebappClassLoaderBase.setClearReferencesStopThreads(boolean)
2019-12-06 11:18:44.405 DEBUG 7503 --- [    Test worker] m.m.MbeansDescriptorsIntrospectionSource : Introspected attribute clearReferencesStopTimerThreads public boolean org.apache.catalina.loader.WebappClassLoaderBase.getClearReferencesStopTimerThreads() public void org.apache.catalina.loader.WebappClassLoaderBase.setClearReferencesStopTimerThreads(boolean)
2019-12-06 11:18:44.405 DEBUG 7503 --- [    Test worker] m.m.MbeansDescriptorsIntrospectionSource : Introspected attribute clearReferencesObjectStreamClassCaches public boolean org.apache.catalina.loader.WebappClassLoaderBase.getClearReferencesObjectStreamClassCaches() public void org.apache.catalina.loader.WebappClassLoaderBase.setClearReferencesObjectStreamClassCaches(boolean)
2019-12-06 11:18:44.405 DEBUG 7503 --- [    Test worker] m.m.MbeansDescriptorsIntrospectionSource : Introspected attribute clearReferencesRmiTargets public boolean org.apache.catalina.loader.WebappClassLoaderBase.getClearReferencesRmiTargets() public void org.apache.catalina.loader.WebappClassLoaderBase.setClearReferencesRmiTargets(boolean)
2019-12-06 11:18:44.405 DEBUG 7503 --- [    Test worker] m.m.MbeansDescriptorsIntrospectionSource : Introspected attribute serviceName public java.lang.String org.apache.catalina.loader.WebappClassLoaderBase.getServiceName() null
2019-12-06 11:18:44.405 DEBUG 7503 --- [    Test worker] m.m.MbeansDescriptorsIntrospectionSource : Introspected attribute defaultAssertionStatus null public void java.lang.ClassLoader.setDefaultAssertionStatus(boolean)
2019-12-06 11:18:44.406 DEBUG 7503 --- [    Test worker] m.m.MbeansDescriptorsIntrospectionSource : Introspected attribute delegate public boolean org.apache.catalina.loader.WebappClassLoaderBase.getDelegate() public void org.apache.catalina.loader.WebappClassLoaderBase.setDelegate(boolean)
2019-12-06 11:18:44.406 DEBUG 7503 --- [    Test worker] m.m.MbeansDescriptorsIntrospectionSource : Introspected attribute skipMemoryLeakChecksOnJvmShutdown public boolean org.apache.catalina.loader.WebappClassLoaderBase.getSkipMemoryLeakChecksOnJvmShutdown() public void org.apache.catalina.loader.WebappClassLoaderBase.setSkipMemoryLeakChecksOnJvmShutdown(boolean)
2019-12-06 11:18:44.406 DEBUG 7503 --- [    Test worker] m.m.MbeansDescriptorsIntrospectionSource : Introspected attribute webappName public java.lang.String org.apache.catalina.loader.WebappClassLoaderBase.getWebappName() null
2019-12-06 11:18:44.406 DEBUG 7503 --- [    Test worker] m.m.MbeansDescriptorsIntrospectionSource : Introspected attribute clearReferencesLogFactoryRelease public boolean org.apache.catalina.loader.WebappClassLoaderBase.getClearReferencesLogFactoryRelease() public void org.apache.catalina.loader.WebappClassLoaderBase.setClearReferencesLogFactoryRelease(boolean)
2019-12-06 11:18:44.406 DEBUG 7503 --- [    Test worker] m.m.MbeansDescriptorsIntrospectionSource : Introspected attribute stateName public java.lang.String org.apache.catalina.loader.WebappClassLoaderBase.getStateName() null
2019-12-06 11:18:44.406 DEBUG 7503 --- [    Test worker] m.m.MbeansDescriptorsIntrospectionSource : Introspected attribute clearReferencesHttpClientKeepAliveThread public boolean org.apache.catalina.loader.WebappClassLoaderBase.getClearReferencesHttpClientKeepAliveThread() public void org.apache.catalina.loader.WebappClassLoaderBase.setClearReferencesHttpClientKeepAliveThread(boolean)
2019-12-06 11:18:44.406 DEBUG 7503 --- [    Test worker] m.m.MbeansDescriptorsIntrospectionSource : Setting name: org.springframework.boot.web.embedded.tomcat.TomcatEmbeddedWebappClassLoader
2019-12-06 11:18:44.407 DEBUG 7503 --- [    Test worker] o.a.tomcat.util.modeler.BaseModelMBean   : preRegister TomcatEmbeddedWebappClassLoader
  context: ROOT
  delegate: true
----------> Parent Classloader:
sun.misc.Launcher$AppClassLoader@6d06d69c
 Tomcat:type=TomcatEmbeddedWebappClassLoader,host=localhost,context=/
2019-12-06 11:18:44.407 DEBUG 7503 --- [    Test worker] o.apache.tomcat.util.IntrospectionUtils  : IntrospectionUtils: setProperty(class org.springframework.boot.web.embedded.tomcat.TomcatEmbeddedWebappClassLoader clearReferencesRmiTargets=false)
2019-12-06 11:18:44.407 DEBUG 7503 --- [    Test worker] o.apache.tomcat.util.IntrospectionUtils  : IntrospectionUtils: setProperty(class org.springframework.boot.web.embedded.tomcat.TomcatEmbeddedWebappClassLoader clearReferencesStopThreads=false)
2019-12-06 11:18:44.407 DEBUG 7503 --- [    Test worker] o.apache.tomcat.util.IntrospectionUtils  : IntrospectionUtils: setProperty(class org.springframework.boot.web.embedded.tomcat.TomcatEmbeddedWebappClassLoader clearReferencesStopTimerThreads=false)
2019-12-06 11:18:44.407 DEBUG 7503 --- [    Test worker] o.apache.tomcat.util.IntrospectionUtils  : IntrospectionUtils: setProperty(class org.springframework.boot.web.embedded.tomcat.TomcatEmbeddedWebappClassLoader clearReferencesHttpClientKeepAliveThread=true)
2019-12-06 11:18:44.407 DEBUG 7503 --- [    Test worker] o.apache.tomcat.util.IntrospectionUtils  : IntrospectionUtils: setProperty(class org.springframework.boot.web.embedded.tomcat.TomcatEmbeddedWebappClassLoader clearReferencesObjectStreamClassCaches=false)
2019-12-06 11:18:44.408 DEBUG 7503 --- [    Test worker] o.apache.tomcat.util.IntrospectionUtils  : IntrospectionUtils: setProperty(class org.springframework.boot.web.embedded.tomcat.TomcatEmbeddedWebappClassLoader clearReferencesObjectStreamClassCaches=false)
2019-12-06 11:18:44.408 DEBUG 7503 --- [    Test worker] o.apache.tomcat.util.IntrospectionUtils  : IntrospectionUtils: setProperty(class org.springframework.boot.web.embedded.tomcat.TomcatEmbeddedWebappClassLoader clearReferencesThreadLocals=false)
2019-12-06 11:18:44.424 DEBUG 7503 --- [    Test worker] org.apache.tomcat.util.modeler.Registry  : Managed= Tomcat:j2eeType=Servlet,WebModule=//localhost/,name=default,J2EEApplication=none,J2EEServer=none
2019-12-06 11:18:44.424 DEBUG 7503 --- [    Test worker] o.a.tomcat.util.modeler.BaseModelMBean   : preRegister StandardEngine[Tomcat].StandardHost[localhost].TomcatEmbeddedContext[].StandardWrapper[default] Tomcat:j2eeType=Servlet,WebModule=//localhost/,name=default,J2EEApplication=none,J2EEServer=none
2019-12-06 11:18:44.424 DEBUG 7503 --- [    Test worker] org.apache.tomcat.util.modeler.Registry  : Managed= Tomcat:type=Valve,host=localhost,context=/,name=NonLoginAuthenticator
2019-12-06 11:18:44.425 DEBUG 7503 --- [    Test worker] o.a.tomcat.util.modeler.BaseModelMBean   : preRegister NonLoginAuthenticator[StandardEngine[Tomcat].StandardHost[localhost].TomcatEmbeddedContext[]] Tomcat:type=Valve,host=localhost,context=/,name=NonLoginAuthenticator
2019-12-06 11:18:44.425 DEBUG 7503 --- [    Test worker] o.a.c.authenticator.AuthenticatorBase    : No SingleSignOn Valve is present
2019-12-06 11:18:44.426 DEBUG 7503 --- [    Test worker] org.apache.tomcat.util.modeler.Registry  : Managed= Tomcat:type=Valve,host=localhost,context=/,name=StandardContextValve
2019-12-06 11:18:44.426 DEBUG 7503 --- [    Test worker] o.a.tomcat.util.modeler.BaseModelMBean   : preRegister StandardContextValve[StandardEngine[Tomcat].StandardHost[localhost].TomcatEmbeddedContext[]] Tomcat:type=Valve,host=localhost,context=/,name=StandardContextValve
2019-12-06 11:18:44.426 DEBUG 7503 --- [    Test worker] o.apache.catalina.core.StandardContext   : No manager found. Checking if cluster manager should be used. Cluster configured: [false], Application distributable: [false]
2019-12-06 11:18:44.431 DEBUG 7503 --- [    Test worker] o.apache.catalina.core.StandardContext   : Configured a manager of class [org.apache.catalina.session.StandardManager]
2019-12-06 11:18:44.432 DEBUG 7503 --- [    Test worker] org.apache.tomcat.util.modeler.Registry  : Managed= Tomcat:type=NamingResources,host=localhost,context=/
2019-12-06 11:18:44.432 DEBUG 7503 --- [    Test worker] o.a.tomcat.util.modeler.BaseModelMBean   : preRegister org.apache.catalina.deploy.NamingResourcesImpl@560114fa Tomcat:type=NamingResources,host=localhost,context=/
2019-12-06 11:18:44.437  INFO 7503 --- [    Test worker] o.a.c.c.C.[Tomcat].[localhost].[/]       : Initializing Spring embedded WebApplicationContext
2019-12-06 11:18:44.437 DEBUG 7503 --- [    Test worker] o.s.web.context.ContextLoader            : Published root WebApplicationContext as ServletContext attribute with name [org.springframework.web.context.WebApplicationContext.ROOT]
2019-12-06 11:18:44.437  INFO 7503 --- [    Test worker] o.s.web.context.ContextLoader            : Root WebApplicationContext: initialization completed in 1760 ms
2019-12-06 11:18:44.439 DEBUG 7503 --- [    Test worker] o.s.b.f.s.DefaultListableBeanFactory     : Creating shared instance of singleton bean 'h2Console'
2019-12-06 11:18:44.439 DEBUG 7503 --- [    Test worker] o.s.b.f.s.DefaultListableBeanFactory     : Creating shared instance of singleton bean 'org.springframework.boot.autoconfigure.h2.H2ConsoleAutoConfiguration'
2019-12-06 11:18:44.439 DEBUG 7503 --- [    Test worker] ocalVariableTableParameterNameDiscoverer : Cannot find '.class' file for class [class org.springframework.boot.autoconfigure.h2.H2ConsoleAutoConfiguration$$EnhancerBySpringCGLIB$$12bed7be] - unable to determine constructor/method parameter names
2019-12-06 11:18:44.440 DEBUG 7503 --- [    Test worker] o.s.b.f.s.DefaultListableBeanFactory     : Creating shared instance of singleton bean 'spring.h2.console-org.springframework.boot.autoconfigure.h2.H2ConsoleProperties'
2019-12-06 11:18:44.441 DEBUG 7503 --- [    Test worker] o.a.c.loader.WebappClassLoaderBase       :     findClass(java.lang.ObjectCustomizer)
2019-12-06 11:18:44.441 DEBUG 7503 --- [    Test worker] o.a.c.loader.WebappClassLoaderBase       :     --> Returning ClassNotFoundException
2019-12-06 11:18:44.442 DEBUG 7503 --- [    Test worker] o.a.c.loader.WebappClassLoaderBase       :     findClass(org.springframework.boot.autoconfigure.h2.H2ConsolePropertiesCustomizer)
2019-12-06 11:18:44.443 DEBUG 7503 --- [    Test worker] o.a.c.loader.WebappClassLoaderBase       :     --> Returning ClassNotFoundException
2019-12-06 11:18:44.445 DEBUG 7503 --- [    Test worker] o.s.b.f.s.DefaultListableBeanFactory     : Autowiring by type from bean name 'org.springframework.boot.autoconfigure.h2.H2ConsoleAutoConfiguration' via constructor to bean named 'spring.h2.console-org.springframework.boot.autoconfigure.h2.H2ConsoleProperties'
2019-12-06 11:18:44.446 DEBUG 7503 --- [    Test worker] o.a.c.loader.WebappClassLoaderBase       :     findClass(java.lang.ObjectCustomizer)
2019-12-06 11:18:44.446 DEBUG 7503 --- [    Test worker] o.a.c.loader.WebappClassLoaderBase       :     --> Returning ClassNotFoundException
2019-12-06 11:18:44.447 DEBUG 7503 --- [    Test worker] o.a.c.loader.WebappClassLoaderBase       :     findClass(org.springframework.boot.autoconfigure.h2.H2ConsoleAutoConfigurationCustomizer)
2019-12-06 11:18:44.447 DEBUG 7503 --- [    Test worker] o.a.c.loader.WebappClassLoaderBase       :     --> Returning ClassNotFoundException
2019-12-06 11:18:44.448 DEBUG 7503 --- [    Test worker] o.a.c.loader.WebappClassLoaderBase       :     findClass(org.springframework.boot.autoconfigure.h2.H2ConsoleAutoConfiguration$$EnhancerBySpringCGLIB$$12bed7beCustomizer)
2019-12-06 11:18:44.449 DEBUG 7503 --- [    Test worker] o.a.c.loader.WebappClassLoaderBase       :     --> Returning ClassNotFoundException
2019-12-06 11:18:44.449 DEBUG 7503 --- [    Test worker] o.a.c.loader.WebappClassLoaderBase       :     findClass(org.springframework.context.annotation.ConfigurationClassEnhancer$EnhancedConfigurationCustomizer)
2019-12-06 11:18:44.450 DEBUG 7503 --- [    Test worker] o.a.c.loader.WebappClassLoaderBase       :     --> Returning ClassNotFoundException
2019-12-06 11:18:44.450 DEBUG 7503 --- [    Test worker] o.a.c.loader.WebappClassLoaderBase       :     findClass(org.springframework.beans.factory.BeanFactoryAwareCustomizer)
2019-12-06 11:18:44.451 DEBUG 7503 --- [    Test worker] o.a.c.loader.WebappClassLoaderBase       :     --> Returning ClassNotFoundException
2019-12-06 11:18:44.451 DEBUG 7503 --- [    Test worker] o.a.c.loader.WebappClassLoaderBase       :     findClass(org.springframework.beans.factory.AwareCustomizer)
2019-12-06 11:18:44.452 DEBUG 7503 --- [    Test worker] o.a.c.loader.WebappClassLoaderBase       :     --> Returning ClassNotFoundException
2019-12-06 11:18:44.455 DEBUG 7503 --- [    Test worker] o.a.c.loader.WebappClassLoaderBase       :     findClass(java.lang.ObjectCustomizer)
2019-12-06 11:18:44.455 DEBUG 7503 --- [    Test worker] o.a.c.loader.WebappClassLoaderBase       :     --> Returning ClassNotFoundException
2019-12-06 11:18:44.456 DEBUG 7503 --- [    Test worker] o.a.c.loader.WebappClassLoaderBase       :     findClass(org.springframework.boot.web.servlet.RegistrationBeanCustomizer)
2019-12-06 11:18:44.457 DEBUG 7503 --- [    Test worker] o.a.c.loader.WebappClassLoaderBase       :     --> Returning ClassNotFoundException
2019-12-06 11:18:44.457 DEBUG 7503 --- [    Test worker] o.a.c.loader.WebappClassLoaderBase       :     findClass(org.springframework.boot.web.servlet.DynamicRegistrationBeanCustomizer)
2019-12-06 11:18:44.458 DEBUG 7503 --- [    Test worker] o.a.c.loader.WebappClassLoaderBase       :     --> Returning ClassNotFoundException
2019-12-06 11:18:44.458 DEBUG 7503 --- [    Test worker] o.a.c.loader.WebappClassLoaderBase       :     findClass(org.springframework.boot.web.servlet.ServletRegistrationBeanCustomizer)
2019-12-06 11:18:44.459 DEBUG 7503 --- [    Test worker] o.a.c.loader.WebappClassLoaderBase       :     --> Returning ClassNotFoundException
2019-12-06 11:18:44.460 DEBUG 7503 --- [    Test worker] o.a.c.loader.WebappClassLoaderBase       :     findClass(org.springframework.boot.web.servlet.ServletContextInitializerCustomizer)
2019-12-06 11:18:44.461 DEBUG 7503 --- [    Test worker] o.a.c.loader.WebappClassLoaderBase       :     --> Returning ClassNotFoundException
2019-12-06 11:18:44.461 DEBUG 7503 --- [    Test worker] o.a.c.loader.WebappClassLoaderBase       :     findClass(org.springframework.core.OrderedCustomizer)
2019-12-06 11:18:44.462 DEBUG 7503 --- [    Test worker] o.a.c.loader.WebappClassLoaderBase       :     --> Returning ClassNotFoundException
2019-12-06 11:18:44.465 DEBUG 7503 --- [    Test worker] o.s.b.f.s.DefaultListableBeanFactory     : Creating shared instance of singleton bean 'requestContextFilter'
2019-12-06 11:18:44.467 DEBUG 7503 --- [    Test worker] o.a.c.loader.WebappClassLoaderBase       :     findClass(java.lang.ObjectCustomizer)
2019-12-06 11:18:44.467 DEBUG 7503 --- [    Test worker] o.a.c.loader.WebappClassLoaderBase       :     --> Returning ClassNotFoundException
2019-12-06 11:18:44.468 DEBUG 7503 --- [    Test worker] o.a.c.loader.WebappClassLoaderBase       :     findClass(org.springframework.web.filter.GenericFilterBeanCustomizer)
2019-12-06 11:18:44.468 DEBUG 7503 --- [    Test worker] o.a.c.loader.WebappClassLoaderBase       :     --> Returning ClassNotFoundException
2019-12-06 11:18:44.469 DEBUG 7503 --- [    Test worker] o.a.c.loader.WebappClassLoaderBase       :     findClass(org.springframework.web.filter.OncePerRequestFilterCustomizer)
2019-12-06 11:18:44.469 DEBUG 7503 --- [    Test worker] o.a.c.loader.WebappClassLoaderBase       :     --> Returning ClassNotFoundException
2019-12-06 11:18:44.470 DEBUG 7503 --- [    Test worker] o.a.c.loader.WebappClassLoaderBase       :     findClass(org.springframework.web.filter.RequestContextFilterCustomizer)
2019-12-06 11:18:44.471 DEBUG 7503 --- [    Test worker] o.a.c.loader.WebappClassLoaderBase       :     --> Returning ClassNotFoundException
2019-12-06 11:18:44.471 DEBUG 7503 --- [    Test worker] o.a.c.loader.WebappClassLoaderBase       :     findClass(org.springframework.boot.web.servlet.filter.OrderedRequestContextFilterCustomizer)
2019-12-06 11:18:44.472 DEBUG 7503 --- [    Test worker] o.a.c.loader.WebappClassLoaderBase       :     --> Returning ClassNotFoundException
2019-12-06 11:18:44.472 DEBUG 7503 --- [    Test worker] o.a.c.loader.WebappClassLoaderBase       :     findClass(org.springframework.boot.web.servlet.filter.OrderedFilterCustomizer)
2019-12-06 11:18:44.473 DEBUG 7503 --- [    Test worker] o.a.c.loader.WebappClassLoaderBase       :     --> Returning ClassNotFoundException
2019-12-06 11:18:44.473 DEBUG 7503 --- [    Test worker] o.a.c.loader.WebappClassLoaderBase       :     findClass(javax.servlet.FilterCustomizer)
2019-12-06 11:18:44.474 DEBUG 7503 --- [    Test worker] o.a.c.loader.WebappClassLoaderBase       :     --> Returning ClassNotFoundException
2019-12-06 11:18:44.474 DEBUG 7503 --- [    Test worker] o.a.c.loader.WebappClassLoaderBase       :     findClass(org.springframework.core.OrderedCustomizer)
2019-12-06 11:18:44.474 DEBUG 7503 --- [    Test worker] o.a.c.loader.WebappClassLoaderBase       :     --> Returning ClassNotFoundException
2019-12-06 11:18:44.475 DEBUG 7503 --- [    Test worker] o.a.c.loader.WebappClassLoaderBase       :     findClass(javax.servlet.FilterCustomizer)
2019-12-06 11:18:44.475 DEBUG 7503 --- [    Test worker] o.a.c.loader.WebappClassLoaderBase       :     --> Returning ClassNotFoundException
2019-12-06 11:18:44.476 DEBUG 7503 --- [    Test worker] o.a.c.loader.WebappClassLoaderBase       :     findClass(org.springframework.beans.factory.BeanNameAwareCustomizer)
2019-12-06 11:18:44.476 DEBUG 7503 --- [    Test worker] o.a.c.loader.WebappClassLoaderBase       :     --> Returning ClassNotFoundException
2019-12-06 11:18:44.477 DEBUG 7503 --- [    Test worker] o.a.c.loader.WebappClassLoaderBase       :     findClass(org.springframework.beans.factory.AwareCustomizer)
2019-12-06 11:18:44.477 DEBUG 7503 --- [    Test worker] o.a.c.loader.WebappClassLoaderBase       :     --> Returning ClassNotFoundException
2019-12-06 11:18:44.477 DEBUG 7503 --- [    Test worker] o.a.c.loader.WebappClassLoaderBase       :     findClass(org.springframework.context.EnvironmentAwareCustomizer)
2019-12-06 11:18:44.478 DEBUG 7503 --- [    Test worker] o.a.c.loader.WebappClassLoaderBase       :     --> Returning ClassNotFoundException
2019-12-06 11:18:44.478 DEBUG 7503 --- [    Test worker] o.a.c.loader.WebappClassLoaderBase       :     findClass(org.springframework.beans.factory.AwareCustomizer)
2019-12-06 11:18:44.478 DEBUG 7503 --- [    Test worker] o.a.c.loader.WebappClassLoaderBase       :     --> Returning ClassNotFoundException
2019-12-06 11:18:44.479 DEBUG 7503 --- [    Test worker] o.a.c.loader.WebappClassLoaderBase       :     findClass(org.springframework.core.env.EnvironmentCapableCustomizer)
2019-12-06 11:18:44.479 DEBUG 7503 --- [    Test worker] o.a.c.loader.WebappClassLoaderBase       :     --> Returning ClassNotFoundException
2019-12-06 11:18:44.480 DEBUG 7503 --- [    Test worker] o.a.c.loader.WebappClassLoaderBase       :     findClass(org.springframework.web.context.ServletContextAwareCustomizer)
2019-12-06 11:18:44.480 DEBUG 7503 --- [    Test worker] o.a.c.loader.WebappClassLoaderBase       :     --> Returning ClassNotFoundException
2019-12-06 11:18:44.481 DEBUG 7503 --- [    Test worker] o.a.c.loader.WebappClassLoaderBase       :     findClass(org.springframework.beans.factory.AwareCustomizer)
2019-12-06 11:18:44.481 DEBUG 7503 --- [    Test worker] o.a.c.loader.WebappClassLoaderBase       :     --> Returning ClassNotFoundException
2019-12-06 11:18:44.482 DEBUG 7503 --- [    Test worker] o.a.c.loader.WebappClassLoaderBase       :     findClass(org.springframework.beans.factory.InitializingBeanCustomizer)
2019-12-06 11:18:44.482 DEBUG 7503 --- [    Test worker] o.a.c.loader.WebappClassLoaderBase       :     --> Returning ClassNotFoundException
2019-12-06 11:18:44.483 DEBUG 7503 --- [    Test worker] o.a.c.loader.WebappClassLoaderBase       :     findClass(org.springframework.beans.factory.DisposableBeanCustomizer)
2019-12-06 11:18:44.483 DEBUG 7503 --- [    Test worker] o.a.c.loader.WebappClassLoaderBase       :     --> Returning ClassNotFoundException
2019-12-06 11:18:44.484 DEBUG 7503 --- [    Test worker] o.s.b.f.s.DefaultListableBeanFactory     : Creating shared instance of singleton bean 'hiddenHttpMethodFilter'
2019-12-06 11:18:44.484 DEBUG 7503 --- [    Test worker] o.s.b.f.s.DefaultListableBeanFactory     : Creating shared instance of singleton bean 'org.springframework.boot.autoconfigure.web.servlet.WebMvcAutoConfiguration'
2019-12-06 11:18:44.485 DEBUG 7503 --- [    Test worker] o.a.c.loader.WebappClassLoaderBase       :     findClass(java.lang.ObjectCustomizer)
2019-12-06 11:18:44.485 DEBUG 7503 --- [    Test worker] o.a.c.loader.WebappClassLoaderBase       :     --> Returning ClassNotFoundException
2019-12-06 11:18:44.486 DEBUG 7503 --- [    Test worker] o.a.c.loader.WebappClassLoaderBase       :     findClass(org.springframework.boot.autoconfigure.web.servlet.WebMvcAutoConfigurationCustomizer)
2019-12-06 11:18:44.487 DEBUG 7503 --- [    Test worker] o.a.c.loader.WebappClassLoaderBase       :     --> Returning ClassNotFoundException
2019-12-06 11:18:44.487 DEBUG 7503 --- [    Test worker] o.a.c.loader.WebappClassLoaderBase       :     findClass(org.springframework.boot.autoconfigure.web.servlet.WebMvcAutoConfiguration$$EnhancerBySpringCGLIB$$77688ffeCustomizer)
2019-12-06 11:18:44.488 DEBUG 7503 --- [    Test worker] o.a.c.loader.WebappClassLoaderBase       :     --> Returning ClassNotFoundException
2019-12-06 11:18:44.488 DEBUG 7503 --- [    Test worker] o.a.c.loader.WebappClassLoaderBase       :     findClass(org.springframework.context.annotation.ConfigurationClassEnhancer$EnhancedConfigurationCustomizer)
2019-12-06 11:18:44.489 DEBUG 7503 --- [    Test worker] o.a.c.loader.WebappClassLoaderBase       :     --> Returning ClassNotFoundException
2019-12-06 11:18:44.489 DEBUG 7503 --- [    Test worker] o.a.c.loader.WebappClassLoaderBase       :     findClass(org.springframework.beans.factory.BeanFactoryAwareCustomizer)
2019-12-06 11:18:44.489 DEBUG 7503 --- [    Test worker] o.a.c.loader.WebappClassLoaderBase       :     --> Returning ClassNotFoundException
2019-12-06 11:18:44.490 DEBUG 7503 --- [    Test worker] o.a.c.loader.WebappClassLoaderBase       :     findClass(org.springframework.beans.factory.AwareCustomizer)
2019-12-06 11:18:44.490 DEBUG 7503 --- [    Test worker] o.a.c.loader.WebappClassLoaderBase       :     --> Returning ClassNotFoundException
2019-12-06 11:18:44.494 DEBUG 7503 --- [    Test worker] o.a.c.loader.WebappClassLoaderBase       :     findClass(java.lang.ObjectCustomizer)
2019-12-06 11:18:44.495 DEBUG 7503 --- [    Test worker] o.a.c.loader.WebappClassLoaderBase       :     --> Returning ClassNotFoundException
2019-12-06 11:18:44.495 DEBUG 7503 --- [    Test worker] o.a.c.loader.WebappClassLoaderBase       :     findClass(org.springframework.web.filter.GenericFilterBeanCustomizer)
2019-12-06 11:18:44.496 DEBUG 7503 --- [    Test worker] o.a.c.loader.WebappClassLoaderBase       :     --> Returning ClassNotFoundException
2019-12-06 11:18:44.496 DEBUG 7503 --- [    Test worker] o.a.c.loader.WebappClassLoaderBase       :     findClass(org.springframework.web.filter.OncePerRequestFilterCustomizer)
2019-12-06 11:18:44.496 DEBUG 7503 --- [    Test worker] o.a.c.loader.WebappClassLoaderBase       :     --> Returning ClassNotFoundException
2019-12-06 11:18:44.497 DEBUG 7503 --- [    Test worker] o.a.c.loader.WebappClassLoaderBase       :     findClass(org.springframework.web.filter.HiddenHttpMethodFilterCustomizer)
2019-12-06 11:18:44.497 DEBUG 7503 --- [    Test worker] o.a.c.loader.WebappClassLoaderBase       :     --> Returning ClassNotFoundException
2019-12-06 11:18:44.498 DEBUG 7503 --- [    Test worker] o.a.c.loader.WebappClassLoaderBase       :     findClass(org.springframework.boot.web.servlet.filter.OrderedHiddenHttpMethodFilterCustomizer)
2019-12-06 11:18:44.499 DEBUG 7503 --- [    Test worker] o.a.c.loader.WebappClassLoaderBase       :     --> Returning ClassNotFoundException
2019-12-06 11:18:44.499 DEBUG 7503 --- [    Test worker] o.a.c.loader.WebappClassLoaderBase       :     findClass(org.springframework.boot.web.servlet.filter.OrderedFilterCustomizer)
2019-12-06 11:18:44.500 DEBUG 7503 --- [    Test worker] o.a.c.loader.WebappClassLoaderBase       :     --> Returning ClassNotFoundException
2019-12-06 11:18:44.500 DEBUG 7503 --- [    Test worker] o.a.c.loader.WebappClassLoaderBase       :     findClass(javax.servlet.FilterCustomizer)
2019-12-06 11:18:44.500 DEBUG 7503 --- [    Test worker] o.a.c.loader.WebappClassLoaderBase       :     --> Returning ClassNotFoundException
2019-12-06 11:18:44.501 DEBUG 7503 --- [    Test worker] o.a.c.loader.WebappClassLoaderBase       :     findClass(org.springframework.core.OrderedCustomizer)
2019-12-06 11:18:44.501 DEBUG 7503 --- [    Test worker] o.a.c.loader.WebappClassLoaderBase       :     --> Returning ClassNotFoundException
2019-12-06 11:18:44.501 DEBUG 7503 --- [    Test worker] o.a.c.loader.WebappClassLoaderBase       :     findClass(javax.servlet.FilterCustomizer)
2019-12-06 11:18:44.502 DEBUG 7503 --- [    Test worker] o.a.c.loader.WebappClassLoaderBase       :     --> Returning ClassNotFoundException
2019-12-06 11:18:44.502 DEBUG 7503 --- [    Test worker] o.a.c.loader.WebappClassLoaderBase       :     findClass(org.springframework.beans.factory.BeanNameAwareCustomizer)
2019-12-06 11:18:44.502 DEBUG 7503 --- [    Test worker] o.a.c.loader.WebappClassLoaderBase       :     --> Returning ClassNotFoundException
2019-12-06 11:18:44.503 DEBUG 7503 --- [    Test worker] o.a.c.loader.WebappClassLoaderBase       :     findClass(org.springframework.beans.factory.AwareCustomizer)
2019-12-06 11:18:44.503 DEBUG 7503 --- [    Test worker] o.a.c.loader.WebappClassLoaderBase       :     --> Returning ClassNotFoundException
2019-12-06 11:18:44.503 DEBUG 7503 --- [    Test worker] o.a.c.loader.WebappClassLoaderBase       :     findClass(org.springframework.context.EnvironmentAwareCustomizer)
2019-12-06 11:18:44.504 DEBUG 7503 --- [    Test worker] o.a.c.loader.WebappClassLoaderBase       :     --> Returning ClassNotFoundException
2019-12-06 11:18:44.504 DEBUG 7503 --- [    Test worker] o.a.c.loader.WebappClassLoaderBase       :     findClass(org.springframework.beans.factory.AwareCustomizer)
2019-12-06 11:18:44.504 DEBUG 7503 --- [    Test worker] o.a.c.loader.WebappClassLoaderBase       :     --> Returning ClassNotFoundException
2019-12-06 11:18:44.505 DEBUG 7503 --- [    Test worker] o.a.c.loader.WebappClassLoaderBase       :     findClass(org.springframework.core.env.EnvironmentCapableCustomizer)
2019-12-06 11:18:44.505 DEBUG 7503 --- [    Test worker] o.a.c.loader.WebappClassLoaderBase       :     --> Returning ClassNotFoundException
2019-12-06 11:18:44.505 DEBUG 7503 --- [    Test worker] o.a.c.loader.WebappClassLoaderBase       :     findClass(org.springframework.web.context.ServletContextAwareCustomizer)
2019-12-06 11:18:44.506 DEBUG 7503 --- [    Test worker] o.a.c.loader.WebappClassLoaderBase       :     --> Returning ClassNotFoundException
2019-12-06 11:18:44.506 DEBUG 7503 --- [    Test worker] o.a.c.loader.WebappClassLoaderBase       :     findClass(org.springframework.beans.factory.AwareCustomizer)
2019-12-06 11:18:44.506 DEBUG 7503 --- [    Test worker] o.a.c.loader.WebappClassLoaderBase       :     --> Returning ClassNotFoundException
2019-12-06 11:18:44.507 DEBUG 7503 --- [    Test worker] o.a.c.loader.WebappClassLoaderBase       :     findClass(org.springframework.beans.factory.InitializingBeanCustomizer)
2019-12-06 11:18:44.507 DEBUG 7503 --- [    Test worker] o.a.c.loader.WebappClassLoaderBase       :     --> Returning ClassNotFoundException
2019-12-06 11:18:44.508 DEBUG 7503 --- [    Test worker] o.a.c.loader.WebappClassLoaderBase       :     findClass(org.springframework.beans.factory.DisposableBeanCustomizer)
2019-12-06 11:18:44.508 DEBUG 7503 --- [    Test worker] o.a.c.loader.WebappClassLoaderBase       :     --> Returning ClassNotFoundException
2019-12-06 11:18:44.509 DEBUG 7503 --- [    Test worker] o.s.b.f.s.DefaultListableBeanFactory     : Creating shared instance of singleton bean 'formContentFilter'
2019-12-06 11:18:44.511 DEBUG 7503 --- [    Test worker] o.a.c.loader.WebappClassLoaderBase       :     findClass(java.lang.ObjectCustomizer)
2019-12-06 11:18:44.512 DEBUG 7503 --- [    Test worker] o.a.c.loader.WebappClassLoaderBase       :     --> Returning ClassNotFoundException
2019-12-06 11:18:44.512 DEBUG 7503 --- [    Test worker] o.a.c.loader.WebappClassLoaderBase       :     findClass(org.springframework.web.filter.GenericFilterBeanCustomizer)
2019-12-06 11:18:44.513 DEBUG 7503 --- [    Test worker] o.a.c.loader.WebappClassLoaderBase       :     --> Returning ClassNotFoundException
2019-12-06 11:18:44.513 DEBUG 7503 --- [    Test worker] o.a.c.loader.WebappClassLoaderBase       :     findClass(org.springframework.web.filter.OncePerRequestFilterCustomizer)
2019-12-06 11:18:44.513 DEBUG 7503 --- [    Test worker] o.a.c.loader.WebappClassLoaderBase       :     --> Returning ClassNotFoundException
2019-12-06 11:18:44.514 DEBUG 7503 --- [    Test worker] o.a.c.loader.WebappClassLoaderBase       :     findClass(org.springframework.web.filter.FormContentFilterCustomizer)
2019-12-06 11:18:44.515 DEBUG 7503 --- [    Test worker] o.a.c.loader.WebappClassLoaderBase       :     --> Returning ClassNotFoundException
2019-12-06 11:18:44.515 DEBUG 7503 --- [    Test worker] o.a.c.loader.WebappClassLoaderBase       :     findClass(org.springframework.boot.web.servlet.filter.OrderedFormContentFilterCustomizer)
2019-12-06 11:18:44.516 DEBUG 7503 --- [    Test worker] o.a.c.loader.WebappClassLoaderBase       :     --> Returning ClassNotFoundException
2019-12-06 11:18:44.517 DEBUG 7503 --- [    Test worker] o.a.c.loader.WebappClassLoaderBase       :     findClass(org.springframework.boot.web.servlet.filter.OrderedFilterCustomizer)
2019-12-06 11:18:44.517 DEBUG 7503 --- [    Test worker] o.a.c.loader.WebappClassLoaderBase       :     --> Returning ClassNotFoundException
2019-12-06 11:18:44.517 DEBUG 7503 --- [    Test worker] o.a.c.loader.WebappClassLoaderBase       :     findClass(javax.servlet.FilterCustomizer)
2019-12-06 11:18:44.517 DEBUG 7503 --- [    Test worker] o.a.c.loader.WebappClassLoaderBase       :     --> Returning ClassNotFoundException
2019-12-06 11:18:44.518 DEBUG 7503 --- [    Test worker] o.a.c.loader.WebappClassLoaderBase       :     findClass(org.springframework.core.OrderedCustomizer)
2019-12-06 11:18:44.518 DEBUG 7503 --- [    Test worker] o.a.c.loader.WebappClassLoaderBase       :     --> Returning ClassNotFoundException
2019-12-06 11:18:44.519 DEBUG 7503 --- [    Test worker] o.a.c.loader.WebappClassLoaderBase       :     findClass(javax.servlet.FilterCustomizer)
2019-12-06 11:18:44.519 DEBUG 7503 --- [    Test worker] o.a.c.loader.WebappClassLoaderBase       :     --> Returning ClassNotFoundException
2019-12-06 11:18:44.519 DEBUG 7503 --- [    Test worker] o.a.c.loader.WebappClassLoaderBase       :     findClass(org.springframework.beans.factory.BeanNameAwareCustomizer)
2019-12-06 11:18:44.520 DEBUG 7503 --- [    Test worker] o.a.c.loader.WebappClassLoaderBase       :     --> Returning ClassNotFoundException
2019-12-06 11:18:44.520 DEBUG 7503 --- [    Test worker] o.a.c.loader.WebappClassLoaderBase       :     findClass(org.springframework.beans.factory.AwareCustomizer)
2019-12-06 11:18:44.520 DEBUG 7503 --- [    Test worker] o.a.c.loader.WebappClassLoaderBase       :     --> Returning ClassNotFoundException
2019-12-06 11:18:44.521 DEBUG 7503 --- [    Test worker] o.a.c.loader.WebappClassLoaderBase       :     findClass(org.springframework.context.EnvironmentAwareCustomizer)
2019-12-06 11:18:44.521 DEBUG 7503 --- [    Test worker] o.a.c.loader.WebappClassLoaderBase       :     --> Returning ClassNotFoundException
2019-12-06 11:18:44.521 DEBUG 7503 --- [    Test worker] o.a.c.loader.WebappClassLoaderBase       :     findClass(org.springframework.beans.factory.AwareCustomizer)
2019-12-06 11:18:44.522 DEBUG 7503 --- [    Test worker] o.a.c.loader.WebappClassLoaderBase       :     --> Returning ClassNotFoundException
2019-12-06 11:18:44.522 DEBUG 7503 --- [    Test worker] o.a.c.loader.WebappClassLoaderBase       :     findClass(org.springframework.core.env.EnvironmentCapableCustomizer)
2019-12-06 11:18:44.522 DEBUG 7503 --- [    Test worker] o.a.c.loader.WebappClassLoaderBase       :     --> Returning ClassNotFoundException
2019-12-06 11:18:44.523 DEBUG 7503 --- [    Test worker] o.a.c.loader.WebappClassLoaderBase       :     findClass(org.springframework.web.context.ServletContextAwareCustomizer)
2019-12-06 11:18:44.523 DEBUG 7503 --- [    Test worker] o.a.c.loader.WebappClassLoaderBase       :     --> Returning ClassNotFoundException
2019-12-06 11:18:44.524 DEBUG 7503 --- [    Test worker] o.a.c.loader.WebappClassLoaderBase       :     findClass(org.springframework.beans.factory.AwareCustomizer)
2019-12-06 11:18:44.524 DEBUG 7503 --- [    Test worker] o.a.c.loader.WebappClassLoaderBase       :     --> Returning ClassNotFoundException
2019-12-06 11:18:44.524 DEBUG 7503 --- [    Test worker] o.a.c.loader.WebappClassLoaderBase       :     findClass(org.springframework.beans.factory.InitializingBeanCustomizer)
2019-12-06 11:18:44.524 DEBUG 7503 --- [    Test worker] o.a.c.loader.WebappClassLoaderBase       :     --> Returning ClassNotFoundException
2019-12-06 11:18:44.525 DEBUG 7503 --- [    Test worker] o.a.c.loader.WebappClassLoaderBase       :     findClass(org.springframework.beans.factory.DisposableBeanCustomizer)
2019-12-06 11:18:44.525 DEBUG 7503 --- [    Test worker] o.a.c.loader.WebappClassLoaderBase       :     --> Returning ClassNotFoundException
2019-12-06 11:18:44.526 DEBUG 7503 --- [    Test worker] o.s.b.f.s.DefaultListableBeanFactory     : Creating shared instance of singleton bean 'characterEncodingFilter'
2019-12-06 11:18:44.527 DEBUG 7503 --- [    Test worker] o.a.c.loader.WebappClassLoaderBase       :     findClass(java.lang.ObjectCustomizer)
2019-12-06 11:18:44.527 DEBUG 7503 --- [    Test worker] o.a.c.loader.WebappClassLoaderBase       :     --> Returning ClassNotFoundException
2019-12-06 11:18:44.528 DEBUG 7503 --- [    Test worker] o.a.c.loader.WebappClassLoaderBase       :     findClass(org.springframework.web.filter.GenericFilterBeanCustomizer)
2019-12-06 11:18:44.528 DEBUG 7503 --- [    Test worker] o.a.c.loader.WebappClassLoaderBase       :     --> Returning ClassNotFoundException
2019-12-06 11:18:44.529 DEBUG 7503 --- [    Test worker] o.a.c.loader.WebappClassLoaderBase       :     findClass(org.springframework.web.filter.OncePerRequestFilterCustomizer)
2019-12-06 11:18:44.529 DEBUG 7503 --- [    Test worker] o.a.c.loader.WebappClassLoaderBase       :     --> Returning ClassNotFoundException
2019-12-06 11:18:44.530 DEBUG 7503 --- [    Test worker] o.a.c.loader.WebappClassLoaderBase       :     findClass(org.springframework.web.filter.CharacterEncodingFilterCustomizer)
2019-12-06 11:18:44.530 DEBUG 7503 --- [    Test worker] o.a.c.loader.WebappClassLoaderBase       :     --> Returning ClassNotFoundException
2019-12-06 11:18:44.531 DEBUG 7503 --- [    Test worker] o.a.c.loader.WebappClassLoaderBase       :     findClass(org.springframework.boot.web.servlet.filter.OrderedCharacterEncodingFilterCustomizer)
2019-12-06 11:18:44.531 DEBUG 7503 --- [    Test worker] o.a.c.loader.WebappClassLoaderBase       :     --> Returning ClassNotFoundException
2019-12-06 11:18:44.532 DEBUG 7503 --- [    Test worker] o.a.c.loader.WebappClassLoaderBase       :     findClass(org.springframework.boot.web.servlet.filter.OrderedFilterCustomizer)
2019-12-06 11:18:44.532 DEBUG 7503 --- [    Test worker] o.a.c.loader.WebappClassLoaderBase       :     --> Returning ClassNotFoundException
2019-12-06 11:18:44.533 DEBUG 7503 --- [    Test worker] o.a.c.loader.WebappClassLoaderBase       :     findClass(javax.servlet.FilterCustomizer)
2019-12-06 11:18:44.533 DEBUG 7503 --- [    Test worker] o.a.c.loader.WebappClassLoaderBase       :     --> Returning ClassNotFoundException
2019-12-06 11:18:44.533 DEBUG 7503 --- [    Test worker] o.a.c.loader.WebappClassLoaderBase       :     findClass(org.springframework.core.OrderedCustomizer)
2019-12-06 11:18:44.534 DEBUG 7503 --- [    Test worker] o.a.c.loader.WebappClassLoaderBase       :     --> Returning ClassNotFoundException
2019-12-06 11:18:44.534 DEBUG 7503 --- [    Test worker] o.a.c.loader.WebappClassLoaderBase       :     findClass(javax.servlet.FilterCustomizer)
2019-12-06 11:18:44.534 DEBUG 7503 --- [    Test worker] o.a.c.loader.WebappClassLoaderBase       :     --> Returning ClassNotFoundException
2019-12-06 11:18:44.535 DEBUG 7503 --- [    Test worker] o.a.c.loader.WebappClassLoaderBase       :     findClass(org.springframework.beans.factory.BeanNameAwareCustomizer)
2019-12-06 11:18:44.535 DEBUG 7503 --- [    Test worker] o.a.c.loader.WebappClassLoaderBase       :     --> Returning ClassNotFoundException
2019-12-06 11:18:44.536 DEBUG 7503 --- [    Test worker] o.a.c.loader.WebappClassLoaderBase       :     findClass(org.springframework.beans.factory.AwareCustomizer)
2019-12-06 11:18:44.536 DEBUG 7503 --- [    Test worker] o.a.c.loader.WebappClassLoaderBase       :     --> Returning ClassNotFoundException
2019-12-06 11:18:44.536 DEBUG 7503 --- [    Test worker] o.a.c.loader.WebappClassLoaderBase       :     findClass(org.springframework.context.EnvironmentAwareCustomizer)
2019-12-06 11:18:44.537 DEBUG 7503 --- [    Test worker] o.a.c.loader.WebappClassLoaderBase       :     --> Returning ClassNotFoundException
2019-12-06 11:18:44.537 DEBUG 7503 --- [    Test worker] o.a.c.loader.WebappClassLoaderBase       :     findClass(org.springframework.beans.factory.AwareCustomizer)
2019-12-06 11:18:44.537 DEBUG 7503 --- [    Test worker] o.a.c.loader.WebappClassLoaderBase       :     --> Returning ClassNotFoundException
2019-12-06 11:18:44.538 DEBUG 7503 --- [    Test worker] o.a.c.loader.WebappClassLoaderBase       :     findClass(org.springframework.core.env.EnvironmentCapableCustomizer)
2019-12-06 11:18:44.538 DEBUG 7503 --- [    Test worker] o.a.c.loader.WebappClassLoaderBase       :     --> Returning ClassNotFoundException
2019-12-06 11:18:44.539 DEBUG 7503 --- [    Test worker] o.a.c.loader.WebappClassLoaderBase       :     findClass(org.springframework.web.context.ServletContextAwareCustomizer)
2019-12-06 11:18:44.539 DEBUG 7503 --- [    Test worker] o.a.c.loader.WebappClassLoaderBase       :     --> Returning ClassNotFoundException
2019-12-06 11:18:44.539 DEBUG 7503 --- [    Test worker] o.a.c.loader.WebappClassLoaderBase       :     findClass(org.springframework.beans.factory.AwareCustomizer)
2019-12-06 11:18:44.540 DEBUG 7503 --- [    Test worker] o.a.c.loader.WebappClassLoaderBase       :     --> Returning ClassNotFoundException
2019-12-06 11:18:44.540 DEBUG 7503 --- [    Test worker] o.a.c.loader.WebappClassLoaderBase       :     findClass(org.springframework.beans.factory.InitializingBeanCustomizer)
2019-12-06 11:18:44.541 DEBUG 7503 --- [    Test worker] o.a.c.loader.WebappClassLoaderBase       :     --> Returning ClassNotFoundException
2019-12-06 11:18:44.541 DEBUG 7503 --- [    Test worker] o.a.c.loader.WebappClassLoaderBase       :     findClass(org.springframework.beans.factory.DisposableBeanCustomizer)
2019-12-06 11:18:44.541 DEBUG 7503 --- [    Test worker] o.a.c.loader.WebappClassLoaderBase       :     --> Returning ClassNotFoundException
2019-12-06 11:18:44.549 DEBUG 7503 --- [    Test worker] o.s.b.w.s.ServletContextInitializerBeans : Mapping filters: characterEncodingFilter urls=[/*], hiddenHttpMethodFilter urls=[/*], formContentFilter urls=[/*], requestContextFilter urls=[/*]
2019-12-06 11:18:44.549 DEBUG 7503 --- [    Test worker] o.s.b.w.s.ServletContextInitializerBeans : Mapping servlets: dispatcherServlet urls=[/], webServlet urls=[/h2-console/*]
2019-12-06 11:18:44.549 DEBUG 7503 --- [    Test worker] org.apache.catalina.core.ContainerBase   : Add child StandardWrapper[dispatcherServlet] StandardEngine[Tomcat].StandardHost[localhost].TomcatEmbeddedContext[]
2019-12-06 11:18:44.550 DEBUG 7503 --- [    Test worker] org.apache.tomcat.util.modeler.Registry  : Managed= Tomcat:j2eeType=Servlet,WebModule=//localhost/,name=dispatcherServlet,J2EEApplication=none,J2EEServer=none
2019-12-06 11:18:44.550 DEBUG 7503 --- [    Test worker] o.a.tomcat.util.modeler.BaseModelMBean   : preRegister StandardEngine[Tomcat].StandardHost[localhost].TomcatEmbeddedContext[].StandardWrapper[dispatcherServlet] Tomcat:j2eeType=Servlet,WebModule=//localhost/,name=dispatcherServlet,J2EEApplication=none,J2EEServer=none
2019-12-06 11:18:44.551 DEBUG 7503 --- [    Test worker] org.apache.catalina.core.ContainerBase   : Add child StandardWrapper[webServlet] StandardEngine[Tomcat].StandardHost[localhost].TomcatEmbeddedContext[]
2019-12-06 11:18:44.551 DEBUG 7503 --- [    Test worker] org.apache.tomcat.util.modeler.Registry  : Managed= Tomcat:j2eeType=Servlet,WebModule=//localhost/,name=webServlet,J2EEApplication=none,J2EEServer=none
2019-12-06 11:18:44.551 DEBUG 7503 --- [    Test worker] o.a.tomcat.util.modeler.BaseModelMBean   : preRegister StandardEngine[Tomcat].StandardHost[localhost].TomcatEmbeddedContext[].StandardWrapper[webServlet] Tomcat:j2eeType=Servlet,WebModule=//localhost/,name=webServlet,J2EEApplication=none,J2EEServer=none
2019-12-06 11:18:44.553 DEBUG 7503 --- [    Test worker] o.apache.catalina.core.StandardContext   : Configuring application event listeners
2019-12-06 11:18:44.553 DEBUG 7503 --- [    Test worker] o.a.c.c.C.[Tomcat].[localhost].[/]       :  Configuring event listener class 'org.apache.tomcat.websocket.server.WsContextListener'
2019-12-06 11:18:44.554 DEBUG 7503 --- [    Test worker] o.a.c.c.C.[Tomcat].[localhost].[/]       : Sending application start events
2019-12-06 11:18:44.570 DEBUG 7503 --- [    Test worker] org.apache.tomcat.util.modeler.Registry  : Managed= Tomcat:type=Manager,host=localhost,context=/
2019-12-06 11:18:44.571 DEBUG 7503 --- [    Test worker] o.a.tomcat.util.modeler.BaseModelMBean   : preRegister StandardManager[StandardEngine[Tomcat].StandardHost[localhost].TomcatEmbeddedContext[]] Tomcat:type=Manager,host=localhost,context=/
2019-12-06 11:18:44.571 DEBUG 7503 --- [    Test worker] o.a.catalina.session.StandardManager     : Start: Loading persisted sessions
2019-12-06 11:18:44.571 DEBUG 7503 --- [    Test worker] o.a.catalina.session.StandardManager     : Loading persisted sessions from [SESSIONS.ser]
2019-12-06 11:18:44.571 DEBUG 7503 --- [    Test worker] o.a.catalina.session.StandardManager     : No persisted data file found
2019-12-06 11:18:44.571 DEBUG 7503 --- [    Test worker] o.a.c.c.C.[Tomcat].[localhost].[/]       : Starting filters
2019-12-06 11:18:44.572 DEBUG 7503 --- [    Test worker] o.a.c.c.C.[Tomcat].[localhost].[/]       :  Starting filter 'requestContextFilter'
2019-12-06 11:18:44.573 DEBUG 7503 --- [    Test worker] o.s.b.w.s.f.OrderedRequestContextFilter  : Filter 'requestContextFilter' configured for use
2019-12-06 11:18:44.573 DEBUG 7503 --- [    Test worker] org.apache.tomcat.util.modeler.Registry  : Managed= Tomcat:j2eeType=Filter,WebModule=//localhost/,name=requestContextFilter,J2EEApplication=none,J2EEServer=none
2019-12-06 11:18:44.574 DEBUG 7503 --- [    Test worker] o.a.tomcat.util.modeler.BaseModelMBean   : preRegister ApplicationFilterConfig[name=requestContextFilter, filterClass=org.springframework.boot.web.servlet.filter.OrderedRequestContextFilter] Tomcat:j2eeType=Filter,WebModule=//localhost/,name=requestContextFilter,J2EEApplication=none,J2EEServer=none
2019-12-06 11:18:44.574 DEBUG 7503 --- [    Test worker] o.a.c.c.C.[Tomcat].[localhost].[/]       :  Starting filter 'Tomcat WebSocket (JSR356) Filter'
2019-12-06 11:18:44.574 DEBUG 7503 --- [    Test worker] org.apache.tomcat.util.modeler.Registry  : Managed= Tomcat:j2eeType=Filter,WebModule=//localhost/,name=Tomcat WebSocket (JSR356) Filter,J2EEApplication=none,J2EEServer=none
2019-12-06 11:18:44.574 DEBUG 7503 --- [    Test worker] o.a.tomcat.util.modeler.BaseModelMBean   : preRegister ApplicationFilterConfig[name=Tomcat WebSocket (JSR356) Filter, filterClass=org.apache.tomcat.websocket.server.WsFilter] Tomcat:j2eeType=Filter,WebModule=//localhost/,name=Tomcat WebSocket (JSR356) Filter,J2EEApplication=none,J2EEServer=none
2019-12-06 11:18:44.574 DEBUG 7503 --- [    Test worker] o.a.c.c.C.[Tomcat].[localhost].[/]       :  Starting filter 'hiddenHttpMethodFilter'
2019-12-06 11:18:44.574 DEBUG 7503 --- [    Test worker] .s.b.w.s.f.OrderedHiddenHttpMethodFilter : Filter 'hiddenHttpMethodFilter' configured for use
2019-12-06 11:18:44.574 DEBUG 7503 --- [    Test worker] org.apache.tomcat.util.modeler.Registry  : Managed= Tomcat:j2eeType=Filter,WebModule=//localhost/,name=hiddenHttpMethodFilter,J2EEApplication=none,J2EEServer=none
2019-12-06 11:18:44.575 DEBUG 7503 --- [    Test worker] o.a.tomcat.util.modeler.BaseModelMBean   : preRegister ApplicationFilterConfig[name=hiddenHttpMethodFilter, filterClass=org.springframework.boot.web.servlet.filter.OrderedHiddenHttpMethodFilter] Tomcat:j2eeType=Filter,WebModule=//localhost/,name=hiddenHttpMethodFilter,J2EEApplication=none,J2EEServer=none
2019-12-06 11:18:44.575 DEBUG 7503 --- [    Test worker] o.a.c.c.C.[Tomcat].[localhost].[/]       :  Starting filter 'characterEncodingFilter'
2019-12-06 11:18:44.575 DEBUG 7503 --- [    Test worker] s.b.w.s.f.OrderedCharacterEncodingFilter : Filter 'characterEncodingFilter' configured for use
2019-12-06 11:18:44.575 DEBUG 7503 --- [    Test worker] org.apache.tomcat.util.modeler.Registry  : Managed= Tomcat:j2eeType=Filter,WebModule=//localhost/,name=characterEncodingFilter,J2EEApplication=none,J2EEServer=none
2019-12-06 11:18:44.575 DEBUG 7503 --- [    Test worker] o.a.tomcat.util.modeler.BaseModelMBean   : preRegister ApplicationFilterConfig[name=characterEncodingFilter, filterClass=org.springframework.boot.web.servlet.filter.OrderedCharacterEncodingFilter] Tomcat:j2eeType=Filter,WebModule=//localhost/,name=characterEncodingFilter,J2EEApplication=none,J2EEServer=none
2019-12-06 11:18:44.575 DEBUG 7503 --- [    Test worker] o.a.c.c.C.[Tomcat].[localhost].[/]       :  Starting filter 'formContentFilter'
2019-12-06 11:18:44.575 DEBUG 7503 --- [    Test worker] o.s.b.w.s.f.OrderedFormContentFilter     : Filter 'formContentFilter' configured for use
2019-12-06 11:18:44.575 DEBUG 7503 --- [    Test worker] org.apache.tomcat.util.modeler.Registry  : Managed= Tomcat:j2eeType=Filter,WebModule=//localhost/,name=formContentFilter,J2EEApplication=none,J2EEServer=none
2019-12-06 11:18:44.576 DEBUG 7503 --- [    Test worker] o.a.tomcat.util.modeler.BaseModelMBean   : preRegister ApplicationFilterConfig[name=formContentFilter, filterClass=org.springframework.boot.web.servlet.filter.OrderedFormContentFilter] Tomcat:j2eeType=Filter,WebModule=//localhost/,name=formContentFilter,J2EEApplication=none,J2EEServer=none
2019-12-06 11:18:44.576 DEBUG 7503 --- [    Test worker] o.apache.catalina.core.StandardContext   : Starting completed
2019-12-06 11:18:44.576 DEBUG 7503 --- [    Test worker] org.apache.tomcat.util.modeler.Registry  : Managed= Tomcat:type=Valve,host=localhost,name=ErrorReportValve
2019-12-06 11:18:44.576 DEBUG 7503 --- [    Test worker] o.a.tomcat.util.modeler.BaseModelMBean   : preRegister ErrorReportValve[StandardEngine[Tomcat].StandardHost[localhost]] Tomcat:type=Valve,host=localhost,name=ErrorReportValve
2019-12-06 11:18:44.576 DEBUG 7503 --- [    Test worker] org.apache.tomcat.util.modeler.Registry  : Managed= Tomcat:type=Valve,host=localhost,name=StandardHostValve
2019-12-06 11:18:44.576 DEBUG 7503 --- [    Test worker] o.a.tomcat.util.modeler.BaseModelMBean   : preRegister StandardHostValve[StandardEngine[Tomcat].StandardHost[localhost]] Tomcat:type=Valve,host=localhost,name=StandardHostValve
2019-12-06 11:18:44.577 DEBUG 7503 --- [    Test worker] org.apache.tomcat.util.modeler.Registry  : Managed= Tomcat:type=Valve,name=StandardEngineValve
2019-12-06 11:18:44.577 DEBUG 7503 --- [    Test worker] o.a.tomcat.util.modeler.BaseModelMBean   : preRegister StandardEngineValve[StandardEngine[Tomcat]] Tomcat:type=Valve,name=StandardEngineValve
2019-12-06 11:18:44.579 DEBUG 7503 --- [    Test worker] org.apache.catalina.mapper.Mapper        : Registered host [localhost]
2019-12-06 11:18:44.579 DEBUG 7503 --- [    Test worker] o.apache.catalina.mapper.MapperListener  : Register Wrapper [default] in Context [] for service [StandardService[Tomcat]]
2019-12-06 11:18:44.579 DEBUG 7503 --- [    Test worker] o.apache.catalina.mapper.MapperListener  : Register Wrapper [webServlet] in Context [] for service [StandardService[Tomcat]]
2019-12-06 11:18:44.580 DEBUG 7503 --- [    Test worker] o.apache.catalina.mapper.MapperListener  : Register Wrapper [dispatcherServlet] in Context [] for service [StandardService[Tomcat]]
2019-12-06 11:18:44.580 DEBUG 7503 --- [    Test worker] o.apache.catalina.mapper.MapperListener  : Register Context [] for service [StandardService[Tomcat]]
2019-12-06 11:18:44.580 DEBUG 7503 --- [    Test worker] o.apache.catalina.mapper.MapperListener  : Register host [localhost] at domain [null] for service [StandardService[Tomcat]]
2019-12-06 11:18:44.583 DEBUG 7503 --- [    Test worker] o.s.b.f.s.DefaultListableBeanFactory     : Creating shared instance of singleton bean 'org.springframework.context.config.internalBeanConfigurerAspect'
2019-12-06 11:18:44.590 DEBUG 7503 --- [    Test worker] o.s.b.f.s.DefaultListableBeanFactory     : Creating shared instance of singleton bean 'entityManagerFactory'
2019-12-06 11:18:44.591 DEBUG 7503 --- [    Test worker] o.s.b.f.s.DefaultListableBeanFactory     : Creating shared instance of singleton bean 'org.springframework.boot.autoconfigure.orm.jpa.HibernateJpaConfiguration'
2019-12-06 11:18:44.591 DEBUG 7503 --- [    Test worker] ocalVariableTableParameterNameDiscoverer : Cannot find '.class' file for class [class org.springframework.boot.autoconfigure.orm.jpa.HibernateJpaConfiguration$$EnhancerBySpringCGLIB$$61fd13f6] - unable to determine constructor/method parameter names
2019-12-06 11:18:44.592 DEBUG 7503 --- [    Test worker] o.s.b.f.s.DefaultListableBeanFactory     : Creating shared instance of singleton bean 'dataSource'
2019-12-06 11:18:44.592 DEBUG 7503 --- [    Test worker] o.s.b.f.s.DefaultListableBeanFactory     : Creating shared instance of singleton bean 'org.springframework.boot.autoconfigure.jdbc.DataSourceConfiguration$Hikari'
2019-12-06 11:18:44.595 DEBUG 7503 --- [    Test worker] o.s.b.f.s.DefaultListableBeanFactory     : Creating shared instance of singleton bean 'spring.datasource-org.springframework.boot.autoconfigure.jdbc.DataSourceProperties'
2019-12-06 11:18:44.599 DEBUG 7503 --- [    Test worker] o.s.b.f.s.DefaultListableBeanFactory     : Autowiring by type from bean name 'dataSource' via factory method to bean named 'spring.datasource-org.springframework.boot.autoconfigure.jdbc.DataSourceProperties'
2019-12-06 11:18:44.611 DEBUG 7503 --- [    Test worker] com.zaxxer.hikari.HikariConfig           : Driver class org.h2.Driver found in Thread context class loader sun.misc.Launcher$AppClassLoader@6d06d69c
2019-12-06 11:18:44.618 DEBUG 7503 --- [    Test worker] o.s.b.f.s.DefaultListableBeanFactory     : Creating shared instance of singleton bean 'org.springframework.boot.autoconfigure.jdbc.DataSourceInitializerInvoker'
2019-12-06 11:18:44.619 DEBUG 7503 --- [    Test worker] o.s.b.f.s.DefaultListableBeanFactory     : Autowiring by type from bean name 'org.springframework.boot.autoconfigure.jdbc.DataSourceInitializerInvoker' via constructor to bean named 'spring.datasource-org.springframework.boot.autoconfigure.jdbc.DataSourceProperties'
2019-12-06 11:18:44.619 DEBUG 7503 --- [    Test worker] o.s.b.f.s.DefaultListableBeanFactory     : Autowiring by type from bean name 'org.springframework.boot.autoconfigure.jdbc.DataSourceInitializerInvoker' via constructor to bean named 'org.springframework.boot.web.servlet.context.AnnotationConfigServletWebServerApplicationContext@3302270e'
2019-12-06 11:18:44.624 DEBUG 7503 --- [    Test worker] o.s.b.f.s.DefaultListableBeanFactory     : Creating shared instance of singleton bean 'spring.jpa-org.springframework.boot.autoconfigure.orm.jpa.JpaProperties'
2019-12-06 11:18:44.628 DEBUG 7503 --- [    Test worker] o.s.b.f.s.DefaultListableBeanFactory     : Creating shared instance of singleton bean 'spring.jpa.hibernate-org.springframework.boot.autoconfigure.orm.jpa.HibernateProperties'
2019-12-06 11:18:44.630 DEBUG 7503 --- [    Test worker] o.s.b.f.s.DefaultListableBeanFactory     : Autowiring by type from bean name 'org.springframework.boot.autoconfigure.orm.jpa.HibernateJpaConfiguration' via constructor to bean named 'dataSource'
2019-12-06 11:18:44.630 DEBUG 7503 --- [    Test worker] o.s.b.f.s.DefaultListableBeanFactory     : Autowiring by type from bean name 'org.springframework.boot.autoconfigure.orm.jpa.HibernateJpaConfiguration' via constructor to bean named 'spring.jpa-org.springframework.boot.autoconfigure.orm.jpa.JpaProperties'
2019-12-06 11:18:44.630 DEBUG 7503 --- [    Test worker] o.s.b.f.s.DefaultListableBeanFactory     : Autowiring by type from bean name 'org.springframework.boot.autoconfigure.orm.jpa.HibernateJpaConfiguration' via constructor to bean named 'org.springframework.beans.factory.support.DefaultListableBeanFactory@25d18f1f'
2019-12-06 11:18:44.630 DEBUG 7503 --- [    Test worker] o.s.b.f.s.DefaultListableBeanFactory     : Autowiring by type from bean name 'org.springframework.boot.autoconfigure.orm.jpa.HibernateJpaConfiguration' via constructor to bean named 'spring.jpa.hibernate-org.springframework.boot.autoconfigure.orm.jpa.HibernateProperties'
2019-12-06 11:18:44.631 DEBUG 7503 --- [    Test worker] o.s.b.f.s.DefaultListableBeanFactory     : Creating shared instance of singleton bean 'platformTransactionManagerCustomizers'
2019-12-06 11:18:44.631 DEBUG 7503 --- [    Test worker] o.s.b.f.s.DefaultListableBeanFactory     : Creating shared instance of singleton bean 'org.springframework.boot.autoconfigure.transaction.TransactionAutoConfiguration'
2019-12-06 11:18:44.637 DEBUG 7503 --- [    Test worker] o.s.b.f.s.DefaultListableBeanFactory     : Creating shared instance of singleton bean 'spring.transaction-org.springframework.boot.autoconfigure.transaction.TransactionProperties'
2019-12-06 11:18:44.642 DEBUG 7503 --- [    Test worker] o.s.b.f.s.DefaultListableBeanFactory     : Creating shared instance of singleton bean 'hikariPoolDataSourceMetadataProvider'
2019-12-06 11:18:44.642 DEBUG 7503 --- [    Test worker] o.s.b.f.s.DefaultListableBeanFactory     : Creating shared instance of singleton bean 'org.springframework.boot.autoconfigure.jdbc.metadata.DataSourcePoolMetadataProvidersConfiguration$HikariPoolDataSourceMetadataProviderConfiguration'
2019-12-06 11:18:44.657 DEBUG 7503 --- [    Test worker] o.s.b.f.s.DefaultListableBeanFactory     : Creating shared instance of singleton bean 'entityManagerFactoryBuilder'
2019-12-06 11:18:44.658 DEBUG 7503 --- [    Test worker] o.s.b.f.s.DefaultListableBeanFactory     : Creating shared instance of singleton bean 'jpaVendorAdapter'
2019-12-06 11:18:44.681 DEBUG 7503 --- [    Test worker] o.s.jdbc.datasource.DataSourceUtils      : Fetching JDBC Connection from DataSource
2019-12-06 11:18:44.681 DEBUG 7503 --- [    Test worker] com.zaxxer.hikari.HikariConfig           : HikariPool-1 - configuration:
2019-12-06 11:18:44.683 DEBUG 7503 --- [    Test worker] com.zaxxer.hikari.HikariConfig           : allowPoolSuspension.............false
2019-12-06 11:18:44.683 DEBUG 7503 --- [    Test worker] com.zaxxer.hikari.HikariConfig           : autoCommit......................true
2019-12-06 11:18:44.683 DEBUG 7503 --- [    Test worker] com.zaxxer.hikari.HikariConfig           : catalog.........................none
2019-12-06 11:18:44.683 DEBUG 7503 --- [    Test worker] com.zaxxer.hikari.HikariConfig           : connectionInitSql...............none
2019-12-06 11:18:44.683 DEBUG 7503 --- [    Test worker] com.zaxxer.hikari.HikariConfig           : connectionTestQuery.............none
2019-12-06 11:18:44.683 DEBUG 7503 --- [    Test worker] com.zaxxer.hikari.HikariConfig           : connectionTimeout...............30000
2019-12-06 11:18:44.683 DEBUG 7503 --- [    Test worker] com.zaxxer.hikari.HikariConfig           : dataSource......................none
2019-12-06 11:18:44.683 DEBUG 7503 --- [    Test worker] com.zaxxer.hikari.HikariConfig           : dataSourceClassName.............none
2019-12-06 11:18:44.683 DEBUG 7503 --- [    Test worker] com.zaxxer.hikari.HikariConfig           : dataSourceJNDI..................none
2019-12-06 11:18:44.684 DEBUG 7503 --- [    Test worker] com.zaxxer.hikari.HikariConfig           : dataSourceProperties............{password=<masked>}
2019-12-06 11:18:44.684 DEBUG 7503 --- [    Test worker] com.zaxxer.hikari.HikariConfig           : driverClassName................."org.h2.Driver"
2019-12-06 11:18:44.684 DEBUG 7503 --- [    Test worker] com.zaxxer.hikari.HikariConfig           : healthCheckProperties...........{}
2019-12-06 11:18:44.684 DEBUG 7503 --- [    Test worker] com.zaxxer.hikari.HikariConfig           : healthCheckRegistry.............none
2019-12-06 11:18:44.684 DEBUG 7503 --- [    Test worker] com.zaxxer.hikari.HikariConfig           : idleTimeout.....................600000
2019-12-06 11:18:44.684 DEBUG 7503 --- [    Test worker] com.zaxxer.hikari.HikariConfig           : initializationFailTimeout.......1
2019-12-06 11:18:44.684 DEBUG 7503 --- [    Test worker] com.zaxxer.hikari.HikariConfig           : isolateInternalQueries..........false
2019-12-06 11:18:44.684 DEBUG 7503 --- [    Test worker] com.zaxxer.hikari.HikariConfig           : jdbcUrl.........................jdbc:h2:mem:testdb;DB_CLOSE_DELAY=-1;DB_CLOSE_ON_EXIT=FALSE
2019-12-06 11:18:44.684 DEBUG 7503 --- [    Test worker] com.zaxxer.hikari.HikariConfig           : leakDetectionThreshold..........0
2019-12-06 11:18:44.684 DEBUG 7503 --- [    Test worker] com.zaxxer.hikari.HikariConfig           : maxLifetime.....................1800000
2019-12-06 11:18:44.684 DEBUG 7503 --- [    Test worker] com.zaxxer.hikari.HikariConfig           : maximumPoolSize.................10
2019-12-06 11:18:44.684 DEBUG 7503 --- [    Test worker] com.zaxxer.hikari.HikariConfig           : metricRegistry..................none
2019-12-06 11:18:44.684 DEBUG 7503 --- [    Test worker] com.zaxxer.hikari.HikariConfig           : metricsTrackerFactory...........none
2019-12-06 11:18:44.684 DEBUG 7503 --- [    Test worker] com.zaxxer.hikari.HikariConfig           : minimumIdle.....................10
2019-12-06 11:18:44.684 DEBUG 7503 --- [    Test worker] com.zaxxer.hikari.HikariConfig           : password........................<masked>
2019-12-06 11:18:44.684 DEBUG 7503 --- [    Test worker] com.zaxxer.hikari.HikariConfig           : poolName........................"HikariPool-1"
2019-12-06 11:18:44.684 DEBUG 7503 --- [    Test worker] com.zaxxer.hikari.HikariConfig           : readOnly........................false
2019-12-06 11:18:44.685 DEBUG 7503 --- [    Test worker] com.zaxxer.hikari.HikariConfig           : registerMbeans..................false
2019-12-06 11:18:44.685 DEBUG 7503 --- [    Test worker] com.zaxxer.hikari.HikariConfig           : scheduledExecutor...............none
2019-12-06 11:18:44.685 DEBUG 7503 --- [    Test worker] com.zaxxer.hikari.HikariConfig           : schema..........................none
2019-12-06 11:18:44.685 DEBUG 7503 --- [    Test worker] com.zaxxer.hikari.HikariConfig           : threadFactory...................internal
2019-12-06 11:18:44.685 DEBUG 7503 --- [    Test worker] com.zaxxer.hikari.HikariConfig           : transactionIsolation............default
2019-12-06 11:18:44.685 DEBUG 7503 --- [    Test worker] com.zaxxer.hikari.HikariConfig           : username........................"sa"
2019-12-06 11:18:44.685 DEBUG 7503 --- [    Test worker] com.zaxxer.hikari.HikariConfig           : validationTimeout...............5000
2019-12-06 11:18:44.685  INFO 7503 --- [    Test worker] com.zaxxer.hikari.HikariDataSource       : HikariPool-1 - Starting...
2019-12-06 11:18:44.824 DEBUG 7503 --- [    Test worker] com.zaxxer.hikari.pool.HikariPool        : HikariPool-1 - Added connection conn0: url=jdbc:h2:mem:testdb user=SA
2019-12-06 11:18:44.825  INFO 7503 --- [    Test worker] com.zaxxer.hikari.HikariDataSource       : HikariPool-1 - Start completed.
2019-12-06 11:18:44.836 DEBUG 7503 --- [    Test worker] o.s.b.f.s.DefaultListableBeanFactory     : Autowiring by type from bean name 'entityManagerFactoryBuilder' via factory method to bean named 'jpaVendorAdapter'
2019-12-06 11:18:44.840 DEBUG 7503 --- [    Test worker] o.s.b.f.s.DefaultListableBeanFactory     : Autowiring by type from bean name 'entityManagerFactory' via factory method to bean named 'entityManagerFactoryBuilder'
2019-12-06 11:18:44.846 DEBUG 7503 --- [    Test worker] o.s.jdbc.datasource.DataSourceUtils      : Fetching JDBC Connection from DataSource
2019-12-06 11:18:44.876 DEBUG 7503 --- [    Test worker] j.LocalContainerEntityManagerFactoryBean : Building JPA container EntityManagerFactory for persistence unit 'default'
2019-12-06 11:18:44.893 DEBUG 7503 --- [    Test worker] o.hibernate.jpa.internal.util.LogHelper  : PersistenceUnitInfo [
	name: default
	persistence provider classname: null
	classloader: sun.misc.Launcher$AppClassLoader@6d06d69c
	excludeUnlistedClasses: true
	JTA datasource: null
	Non JTA datasource: HikariDataSource (HikariPool-1)
	Transaction type: RESOURCE_LOCAL
	PU root URL: file:/Users/govlmo91/IdeaProjects/jojoldubook/build/classes/java/test/
	Shared Cache Mode: UNSPECIFIED
	Validation Mode: AUTO
	Jar files URLs []
	Managed classes names [
		kr.gracelove.jojoldu.springboot.domain.BaseTimeEntity
		kr.gracelove.jojoldu.springboot.domain.posts.Posts]
	Mapping files names []
	Properties []
2019-12-06 11:18:44.906 DEBUG 7503 --- [    Test worker] o.h.i.internal.IntegratorServiceImpl     : Adding Integrator [org.hibernate.cfg.beanvalidation.BeanValidationIntegrator].
2019-12-06 11:18:44.907 DEBUG 7503 --- [    Test worker] o.h.i.internal.IntegratorServiceImpl     : Adding Integrator [org.hibernate.secure.spi.JaccIntegrator].
2019-12-06 11:18:44.909 DEBUG 7503 --- [    Test worker] o.h.i.internal.IntegratorServiceImpl     : Adding Integrator [org.hibernate.cache.internal.CollectionCacheInvalidator].
2019-12-06 11:18:44.929 DEBUG 7503 --- [l-1 housekeeper] com.zaxxer.hikari.pool.HikariPool        : HikariPool-1 - Pool stats (total=1, active=0, idle=1, waiting=0)
2019-12-06 11:18:44.932 DEBUG 7503 --- [onnection adder] com.zaxxer.hikari.pool.HikariPool        : HikariPool-1 - Added connection conn1: url=jdbc:h2:mem:testdb user=SA
2019-12-06 11:18:44.932 DEBUG 7503 --- [onnection adder] com.zaxxer.hikari.pool.HikariPool        : HikariPool-1 - Added connection conn2: url=jdbc:h2:mem:testdb user=SA
2019-12-06 11:18:44.933 DEBUG 7503 --- [onnection adder] com.zaxxer.hikari.pool.HikariPool        : HikariPool-1 - Added connection conn3: url=jdbc:h2:mem:testdb user=SA
2019-12-06 11:18:44.933 DEBUG 7503 --- [onnection adder] com.zaxxer.hikari.pool.HikariPool        : HikariPool-1 - Added connection conn4: url=jdbc:h2:mem:testdb user=SA
2019-12-06 11:18:44.933 DEBUG 7503 --- [onnection adder] com.zaxxer.hikari.pool.HikariPool        : HikariPool-1 - Added connection conn5: url=jdbc:h2:mem:testdb user=SA
2019-12-06 11:18:44.934 DEBUG 7503 --- [onnection adder] com.zaxxer.hikari.pool.HikariPool        : HikariPool-1 - Added connection conn6: url=jdbc:h2:mem:testdb user=SA
2019-12-06 11:18:44.934 DEBUG 7503 --- [onnection adder] com.zaxxer.hikari.pool.HikariPool        : HikariPool-1 - Added connection conn7: url=jdbc:h2:mem:testdb user=SA
2019-12-06 11:18:44.935 DEBUG 7503 --- [onnection adder] com.zaxxer.hikari.pool.HikariPool        : HikariPool-1 - Added connection conn8: url=jdbc:h2:mem:testdb user=SA
2019-12-06 11:18:44.935 DEBUG 7503 --- [onnection adder] com.zaxxer.hikari.pool.HikariPool        : HikariPool-1 - Added connection conn9: url=jdbc:h2:mem:testdb user=SA
2019-12-06 11:18:44.935 DEBUG 7503 --- [onnection adder] com.zaxxer.hikari.pool.HikariPool        : HikariPool-1 - After adding stats (total=10, active=0, idle=10, waiting=0)
2019-12-06 11:18:44.952  INFO 7503 --- [    Test worker] org.hibernate.Version                    : HHH000412: Hibernate Core {5.3.10.Final}
2019-12-06 11:18:44.953  INFO 7503 --- [    Test worker] org.hibernate.cfg.Environment            : HHH000206: hibernate.properties not found
2019-12-06 11:18:45.077 DEBUG 7503 --- [    Test worker] o.hibernate.service.spi.ServiceBinding   : Overriding existing service binding [org.hibernate.secure.spi.JaccService]
2019-12-06 11:18:45.095 DEBUG 7503 --- [    Test worker] o.h.c.internal.RegionFactoryInitiator    : Cannot default RegionFactory based on registered strategies as `[]` RegionFactory strategies were registered
2019-12-06 11:18:45.096 DEBUG 7503 --- [    Test worker] o.h.c.internal.RegionFactoryInitiator    : Cache region factory : org.hibernate.cache.internal.NoCachingRegionFactory
2019-12-06 11:18:45.107  INFO 7503 --- [    Test worker] o.hibernate.annotations.common.Version   : HCANN000001: Hibernate Commons Annotations {5.0.4.Final}
2019-12-06 11:18:45.132 DEBUG 7503 --- [    Test worker] org.hibernate.type.BasicTypeRegistry     : Adding type registration boolean -> org.hibernate.type.BooleanType@6c955e97
2019-12-06 11:18:45.132 DEBUG 7503 --- [    Test worker] org.hibernate.type.BasicTypeRegistry     : Adding type registration boolean -> org.hibernate.type.BooleanType@6c955e97
2019-12-06 11:18:45.132 DEBUG 7503 --- [    Test worker] org.hibernate.type.BasicTypeRegistry     : Adding type registration java.lang.Boolean -> org.hibernate.type.BooleanType@6c955e97
2019-12-06 11:18:45.133 DEBUG 7503 --- [    Test worker] org.hibernate.type.BasicTypeRegistry     : Adding type registration numeric_boolean -> org.hibernate.type.NumericBooleanType@4dda19e3
2019-12-06 11:18:45.133 DEBUG 7503 --- [    Test worker] org.hibernate.type.BasicTypeRegistry     : Adding type registration true_false -> org.hibernate.type.TrueFalseType@6a79e64e
2019-12-06 11:18:45.134 DEBUG 7503 --- [    Test worker] org.hibernate.type.BasicTypeRegistry     : Adding type registration yes_no -> org.hibernate.type.YesNoType@738f84c6
2019-12-06 11:18:45.134 DEBUG 7503 --- [    Test worker] org.hibernate.type.BasicTypeRegistry     : Adding type registration byte -> org.hibernate.type.ByteType@7ab5effa
2019-12-06 11:18:45.134 DEBUG 7503 --- [    Test worker] org.hibernate.type.BasicTypeRegistry     : Adding type registration byte -> org.hibernate.type.ByteType@7ab5effa
2019-12-06 11:18:45.134 DEBUG 7503 --- [    Test worker] org.hibernate.type.BasicTypeRegistry     : Adding type registration java.lang.Byte -> org.hibernate.type.ByteType@7ab5effa
2019-12-06 11:18:45.135 DEBUG 7503 --- [    Test worker] org.hibernate.type.BasicTypeRegistry     : Adding type registration character -> org.hibernate.type.CharacterType@685b4bec
2019-12-06 11:18:45.135 DEBUG 7503 --- [    Test worker] org.hibernate.type.BasicTypeRegistry     : Adding type registration char -> org.hibernate.type.CharacterType@685b4bec
2019-12-06 11:18:45.135 DEBUG 7503 --- [    Test worker] org.hibernate.type.BasicTypeRegistry     : Adding type registration java.lang.Character -> org.hibernate.type.CharacterType@685b4bec
2019-12-06 11:18:45.136 DEBUG 7503 --- [    Test worker] org.hibernate.type.BasicTypeRegistry     : Adding type registration short -> org.hibernate.type.ShortType@10d06661
2019-12-06 11:18:45.136 DEBUG 7503 --- [    Test worker] org.hibernate.type.BasicTypeRegistry     : Adding type registration short -> org.hibernate.type.ShortType@10d06661
2019-12-06 11:18:45.136 DEBUG 7503 --- [    Test worker] org.hibernate.type.BasicTypeRegistry     : Adding type registration java.lang.Short -> org.hibernate.type.ShortType@10d06661
2019-12-06 11:18:45.137 DEBUG 7503 --- [    Test worker] org.hibernate.type.BasicTypeRegistry     : Adding type registration integer -> org.hibernate.type.IntegerType@2d9ef5c2
2019-12-06 11:18:45.137 DEBUG 7503 --- [    Test worker] org.hibernate.type.BasicTypeRegistry     : Adding type registration int -> org.hibernate.type.IntegerType@2d9ef5c2
2019-12-06 11:18:45.137 DEBUG 7503 --- [    Test worker] org.hibernate.type.BasicTypeRegistry     : Adding type registration java.lang.Integer -> org.hibernate.type.IntegerType@2d9ef5c2
2019-12-06 11:18:45.138 DEBUG 7503 --- [    Test worker] org.hibernate.type.BasicTypeRegistry     : Adding type registration long -> org.hibernate.type.LongType@aefc63a
2019-12-06 11:18:45.138 DEBUG 7503 --- [    Test worker] org.hibernate.type.BasicTypeRegistry     : Adding type registration long -> org.hibernate.type.LongType@aefc63a
2019-12-06 11:18:45.138 DEBUG 7503 --- [    Test worker] org.hibernate.type.BasicTypeRegistry     : Adding type registration java.lang.Long -> org.hibernate.type.LongType@aefc63a
2019-12-06 11:18:45.138 DEBUG 7503 --- [    Test worker] org.hibernate.type.BasicTypeRegistry     : Adding type registration float -> org.hibernate.type.FloatType@5e351b0f
2019-12-06 11:18:45.139 DEBUG 7503 --- [    Test worker] org.hibernate.type.BasicTypeRegistry     : Adding type registration float -> org.hibernate.type.FloatType@5e351b0f
2019-12-06 11:18:45.139 DEBUG 7503 --- [    Test worker] org.hibernate.type.BasicTypeRegistry     : Adding type registration java.lang.Float -> org.hibernate.type.FloatType@5e351b0f
2019-12-06 11:18:45.139 DEBUG 7503 --- [    Test worker] org.hibernate.type.BasicTypeRegistry     : Adding type registration double -> org.hibernate.type.DoubleType@aa795a9
2019-12-06 11:18:45.139 DEBUG 7503 --- [    Test worker] org.hibernate.type.BasicTypeRegistry     : Adding type registration double -> org.hibernate.type.DoubleType@aa795a9
2019-12-06 11:18:45.139 DEBUG 7503 --- [    Test worker] org.hibernate.type.BasicTypeRegistry     : Adding type registration java.lang.Double -> org.hibernate.type.DoubleType@aa795a9
2019-12-06 11:18:45.140 DEBUG 7503 --- [    Test worker] org.hibernate.type.BasicTypeRegistry     : Adding type registration big_decimal -> org.hibernate.type.BigDecimalType@644449f7
2019-12-06 11:18:45.140 DEBUG 7503 --- [    Test worker] org.hibernate.type.BasicTypeRegistry     : Adding type registration java.math.BigDecimal -> org.hibernate.type.BigDecimalType@644449f7
2019-12-06 11:18:45.141 DEBUG 7503 --- [    Test worker] org.hibernate.type.BasicTypeRegistry     : Adding type registration big_integer -> org.hibernate.type.BigIntegerType@61ee6e48
2019-12-06 11:18:45.141 DEBUG 7503 --- [    Test worker] org.hibernate.type.BasicTypeRegistry     : Adding type registration java.math.BigInteger -> org.hibernate.type.BigIntegerType@61ee6e48
2019-12-06 11:18:45.142 DEBUG 7503 --- [    Test worker] org.hibernate.type.BasicTypeRegistry     : Adding type registration string -> org.hibernate.type.StringType@53bf7bbd
2019-12-06 11:18:45.142 DEBUG 7503 --- [    Test worker] org.hibernate.type.BasicTypeRegistry     : Adding type registration java.lang.String -> org.hibernate.type.StringType@53bf7bbd
2019-12-06 11:18:45.142 DEBUG 7503 --- [    Test worker] org.hibernate.type.BasicTypeRegistry     : Adding type registration nstring -> org.hibernate.type.StringNVarcharType@2cc2aaa4
2019-12-06 11:18:45.143 DEBUG 7503 --- [    Test worker] org.hibernate.type.BasicTypeRegistry     : Adding type registration ncharacter -> org.hibernate.type.CharacterNCharType@2d846c60
2019-12-06 11:18:45.143 DEBUG 7503 --- [    Test worker] org.hibernate.type.BasicTypeRegistry     : Adding type registration url -> org.hibernate.type.UrlType@6017bfd5
2019-12-06 11:18:45.143 DEBUG 7503 --- [    Test worker] org.hibernate.type.BasicTypeRegistry     : Adding type registration java.net.URL -> org.hibernate.type.UrlType@6017bfd5
2019-12-06 11:18:45.144 DEBUG 7503 --- [    Test worker] org.hibernate.type.BasicTypeRegistry     : Adding type registration Duration -> org.hibernate.type.DurationType@d3cd481
2019-12-06 11:18:45.144 DEBUG 7503 --- [    Test worker] org.hibernate.type.BasicTypeRegistry     : Adding type registration java.time.Duration -> org.hibernate.type.DurationType@d3cd481
2019-12-06 11:18:45.145 DEBUG 7503 --- [    Test worker] org.hibernate.type.BasicTypeRegistry     : Adding type registration Instant -> org.hibernate.type.InstantType@4505c62c
2019-12-06 11:18:45.145 DEBUG 7503 --- [    Test worker] org.hibernate.type.BasicTypeRegistry     : Adding type registration java.time.Instant -> org.hibernate.type.InstantType@4505c62c
2019-12-06 11:18:45.146 DEBUG 7503 --- [    Test worker] org.hibernate.type.BasicTypeRegistry     : Adding type registration LocalDateTime -> org.hibernate.type.LocalDateTimeType@2e3b7b34
2019-12-06 11:18:45.146 DEBUG 7503 --- [    Test worker] org.hibernate.type.BasicTypeRegistry     : Adding type registration java.time.LocalDateTime -> org.hibernate.type.LocalDateTimeType@2e3b7b34
2019-12-06 11:18:45.147 DEBUG 7503 --- [    Test worker] org.hibernate.type.BasicTypeRegistry     : Adding type registration LocalDate -> org.hibernate.type.LocalDateType@426acb8f
2019-12-06 11:18:45.147 DEBUG 7503 --- [    Test worker] org.hibernate.type.BasicTypeRegistry     : Adding type registration java.time.LocalDate -> org.hibernate.type.LocalDateType@426acb8f
2019-12-06 11:18:45.147 DEBUG 7503 --- [    Test worker] org.hibernate.type.BasicTypeRegistry     : Adding type registration LocalTime -> org.hibernate.type.LocalTimeType@303fc6f1
2019-12-06 11:18:45.147 DEBUG 7503 --- [    Test worker] org.hibernate.type.BasicTypeRegistry     : Adding type registration java.time.LocalTime -> org.hibernate.type.LocalTimeType@303fc6f1
2019-12-06 11:18:45.148 DEBUG 7503 --- [    Test worker] org.hibernate.type.BasicTypeRegistry     : Adding type registration OffsetDateTime -> org.hibernate.type.OffsetDateTimeType@7b56cb64
2019-12-06 11:18:45.148 DEBUG 7503 --- [    Test worker] org.hibernate.type.BasicTypeRegistry     : Adding type registration java.time.OffsetDateTime -> org.hibernate.type.OffsetDateTimeType@7b56cb64
2019-12-06 11:18:45.149 DEBUG 7503 --- [    Test worker] org.hibernate.type.BasicTypeRegistry     : Adding type registration OffsetTime -> org.hibernate.type.OffsetTimeType@72270143
2019-12-06 11:18:45.149 DEBUG 7503 --- [    Test worker] org.hibernate.type.BasicTypeRegistry     : Adding type registration java.time.OffsetTime -> org.hibernate.type.OffsetTimeType@72270143
2019-12-06 11:18:45.152 DEBUG 7503 --- [    Test worker] org.hibernate.type.BasicTypeRegistry     : Adding type registration ZonedDateTime -> org.hibernate.type.ZonedDateTimeType@7f6e72ab
2019-12-06 11:18:45.152 DEBUG 7503 --- [    Test worker] org.hibernate.type.BasicTypeRegistry     : Adding type registration java.time.ZonedDateTime -> org.hibernate.type.ZonedDateTimeType@7f6e72ab
2019-12-06 11:18:45.153 DEBUG 7503 --- [    Test worker] org.hibernate.type.BasicTypeRegistry     : Adding type registration date -> org.hibernate.type.DateType@4279c66c
2019-12-06 11:18:45.153 DEBUG 7503 --- [    Test worker] org.hibernate.type.BasicTypeRegistry     : Adding type registration java.sql.Date -> org.hibernate.type.DateType@4279c66c
2019-12-06 11:18:45.154 DEBUG 7503 --- [    Test worker] org.hibernate.type.BasicTypeRegistry     : Adding type registration time -> org.hibernate.type.TimeType@37002543
2019-12-06 11:18:45.154 DEBUG 7503 --- [    Test worker] org.hibernate.type.BasicTypeRegistry     : Adding type registration java.sql.Time -> org.hibernate.type.TimeType@37002543
2019-12-06 11:18:45.154 DEBUG 7503 --- [    Test worker] org.hibernate.type.BasicTypeRegistry     : Adding type registration timestamp -> org.hibernate.type.TimestampType@5cd57f0f
2019-12-06 11:18:45.154 DEBUG 7503 --- [    Test worker] org.hibernate.type.BasicTypeRegistry     : Adding type registration java.sql.Timestamp -> org.hibernate.type.TimestampType@5cd57f0f
2019-12-06 11:18:45.154 DEBUG 7503 --- [    Test worker] org.hibernate.type.BasicTypeRegistry     : Adding type registration java.util.Date -> org.hibernate.type.TimestampType@5cd57f0f
2019-12-06 11:18:45.155 DEBUG 7503 --- [    Test worker] org.hibernate.type.BasicTypeRegistry     : Adding type registration dbtimestamp -> org.hibernate.type.DbTimestampType@6da1f733
2019-12-06 11:18:45.156 DEBUG 7503 --- [    Test worker] org.hibernate.type.BasicTypeRegistry     : Adding type registration calendar -> org.hibernate.type.CalendarType@1e2afdc0
2019-12-06 11:18:45.156 DEBUG 7503 --- [    Test worker] org.hibernate.type.BasicTypeRegistry     : Adding type registration java.util.Calendar -> org.hibernate.type.CalendarType@1e2afdc0
2019-12-06 11:18:45.156 DEBUG 7503 --- [    Test worker] org.hibernate.type.BasicTypeRegistry     : Adding type registration java.util.GregorianCalendar -> org.hibernate.type.CalendarType@1e2afdc0
2019-12-06 11:18:45.157 DEBUG 7503 --- [    Test worker] org.hibernate.type.BasicTypeRegistry     : Adding type registration calendar_date -> org.hibernate.type.CalendarDateType@7c504764
2019-12-06 11:18:45.157 DEBUG 7503 --- [    Test worker] org.hibernate.type.BasicTypeRegistry     : Adding type registration locale -> org.hibernate.type.LocaleType@67d417ca
2019-12-06 11:18:45.157 DEBUG 7503 --- [    Test worker] org.hibernate.type.BasicTypeRegistry     : Adding type registration java.util.Locale -> org.hibernate.type.LocaleType@67d417ca
2019-12-06 11:18:45.158 DEBUG 7503 --- [    Test worker] org.hibernate.type.BasicTypeRegistry     : Adding type registration currency -> org.hibernate.type.CurrencyType@49461e06
2019-12-06 11:18:45.158 DEBUG 7503 --- [    Test worker] org.hibernate.type.BasicTypeRegistry     : Adding type registration java.util.Currency -> org.hibernate.type.CurrencyType@49461e06
2019-12-06 11:18:45.159 DEBUG 7503 --- [    Test worker] org.hibernate.type.BasicTypeRegistry     : Adding type registration timezone -> org.hibernate.type.TimeZoneType@6227c666
2019-12-06 11:18:45.159 DEBUG 7503 --- [    Test worker] org.hibernate.type.BasicTypeRegistry     : Adding type registration java.util.TimeZone -> org.hibernate.type.TimeZoneType@6227c666
2019-12-06 11:18:45.159 DEBUG 7503 --- [    Test worker] org.hibernate.type.BasicTypeRegistry     : Adding type registration class -> org.hibernate.type.ClassType@56232f5a
2019-12-06 11:18:45.159 DEBUG 7503 --- [    Test worker] org.hibernate.type.BasicTypeRegistry     : Adding type registration java.lang.Class -> org.hibernate.type.ClassType@56232f5a
2019-12-06 11:18:45.160 DEBUG 7503 --- [    Test worker] org.hibernate.type.BasicTypeRegistry     : Adding type registration uuid-binary -> org.hibernate.type.UUIDBinaryType@36b87c0d
2019-12-06 11:18:45.160 DEBUG 7503 --- [    Test worker] org.hibernate.type.BasicTypeRegistry     : Adding type registration java.util.UUID -> org.hibernate.type.UUIDBinaryType@36b87c0d
2019-12-06 11:18:45.160 DEBUG 7503 --- [    Test worker] org.hibernate.type.BasicTypeRegistry     : Adding type registration uuid-char -> org.hibernate.type.UUIDCharType@2479f4da
2019-12-06 11:18:45.161 DEBUG 7503 --- [    Test worker] org.hibernate.type.BasicTypeRegistry     : Adding type registration binary -> org.hibernate.type.BinaryType@26ae308d
2019-12-06 11:18:45.162 DEBUG 7503 --- [    Test worker] org.hibernate.type.BasicTypeRegistry     : Adding type registration byte[] -> org.hibernate.type.BinaryType@26ae308d
2019-12-06 11:18:45.162 DEBUG 7503 --- [    Test worker] org.hibernate.type.BasicTypeRegistry     : Adding type registration [B -> org.hibernate.type.BinaryType@26ae308d
2019-12-06 11:18:45.162 DEBUG 7503 --- [    Test worker] org.hibernate.type.BasicTypeRegistry     : Adding type registration wrapper-binary -> org.hibernate.type.WrapperBinaryType@73d92bab
2019-12-06 11:18:45.163 DEBUG 7503 --- [    Test worker] org.hibernate.type.BasicTypeRegistry     : Adding type registration Byte[] -> org.hibernate.type.WrapperBinaryType@73d92bab
2019-12-06 11:18:45.163 DEBUG 7503 --- [    Test worker] org.hibernate.type.BasicTypeRegistry     : Adding type registration [Ljava.lang.Byte; -> org.hibernate.type.WrapperBinaryType@73d92bab
2019-12-06 11:18:45.164 DEBUG 7503 --- [    Test worker] org.hibernate.type.BasicTypeRegistry     : Adding type registration row_version -> org.hibernate.type.RowVersionType@30b0c84a
2019-12-06 11:18:45.164 DEBUG 7503 --- [    Test worker] org.hibernate.type.BasicTypeRegistry     : Adding type registration image -> org.hibernate.type.ImageType@139871f1
2019-12-06 11:18:45.165 DEBUG 7503 --- [    Test worker] org.hibernate.type.BasicTypeRegistry     : Adding type registration characters -> org.hibernate.type.CharArrayType@44aa1c9e
2019-12-06 11:18:45.165 DEBUG 7503 --- [    Test worker] org.hibernate.type.BasicTypeRegistry     : Adding type registration char[] -> org.hibernate.type.CharArrayType@44aa1c9e
2019-12-06 11:18:45.165 DEBUG 7503 --- [    Test worker] org.hibernate.type.BasicTypeRegistry     : Adding type registration [C -> org.hibernate.type.CharArrayType@44aa1c9e
2019-12-06 11:18:45.166 DEBUG 7503 --- [    Test worker] org.hibernate.type.BasicTypeRegistry     : Adding type registration wrapper-characters -> org.hibernate.type.CharacterArrayType@7ccb8b39
2019-12-06 11:18:45.166 DEBUG 7503 --- [    Test worker] org.hibernate.type.BasicTypeRegistry     : Adding type registration [Ljava.lang.Character; -> org.hibernate.type.CharacterArrayType@7ccb8b39
2019-12-06 11:18:45.166 DEBUG 7503 --- [    Test worker] org.hibernate.type.BasicTypeRegistry     : Adding type registration Character[] -> org.hibernate.type.CharacterArrayType@7ccb8b39
2019-12-06 11:18:45.166 DEBUG 7503 --- [    Test worker] org.hibernate.type.BasicTypeRegistry     : Adding type registration text -> org.hibernate.type.TextType@4c2ed23d
2019-12-06 11:18:45.166 DEBUG 7503 --- [    Test worker] org.hibernate.type.BasicTypeRegistry     : Adding type registration ntext -> org.hibernate.type.NTextType@39434df7
2019-12-06 11:18:45.167 DEBUG 7503 --- [    Test worker] org.hibernate.type.BasicTypeRegistry     : Adding type registration blob -> org.hibernate.type.BlobType@74ac3015
2019-12-06 11:18:45.167 DEBUG 7503 --- [    Test worker] org.hibernate.type.BasicTypeRegistry     : Adding type registration java.sql.Blob -> org.hibernate.type.BlobType@74ac3015
2019-12-06 11:18:45.168 DEBUG 7503 --- [    Test worker] org.hibernate.type.BasicTypeRegistry     : Adding type registration materialized_blob -> org.hibernate.type.MaterializedBlobType@3b5cbdac
2019-12-06 11:18:45.169 DEBUG 7503 --- [    Test worker] org.hibernate.type.BasicTypeRegistry     : Adding type registration clob -> org.hibernate.type.ClobType@7799547d
2019-12-06 11:18:45.169 DEBUG 7503 --- [    Test worker] org.hibernate.type.BasicTypeRegistry     : Adding type registration java.sql.Clob -> org.hibernate.type.ClobType@7799547d
2019-12-06 11:18:45.170 DEBUG 7503 --- [    Test worker] org.hibernate.type.BasicTypeRegistry     : Adding type registration nclob -> org.hibernate.type.NClobType@38d9b0b5
2019-12-06 11:18:45.170 DEBUG 7503 --- [    Test worker] org.hibernate.type.BasicTypeRegistry     : Adding type registration java.sql.NClob -> org.hibernate.type.NClobType@38d9b0b5
2019-12-06 11:18:45.170 DEBUG 7503 --- [    Test worker] org.hibernate.type.BasicTypeRegistry     : Adding type registration materialized_clob -> org.hibernate.type.MaterializedClobType@2cf6acb6
2019-12-06 11:18:45.170 DEBUG 7503 --- [    Test worker] org.hibernate.type.BasicTypeRegistry     : Adding type registration materialized_nclob -> org.hibernate.type.MaterializedNClobType@68dc770d
2019-12-06 11:18:45.171 DEBUG 7503 --- [    Test worker] org.hibernate.type.BasicTypeRegistry     : Adding type registration serializable -> org.hibernate.type.SerializableType@574341e4
2019-12-06 11:18:45.174 DEBUG 7503 --- [    Test worker] org.hibernate.type.BasicTypeRegistry     : Adding type registration object -> org.hibernate.type.ObjectType@425b3d0a
2019-12-06 11:18:45.174 DEBUG 7503 --- [    Test worker] org.hibernate.type.BasicTypeRegistry     : Adding type registration java.lang.Object -> org.hibernate.type.ObjectType@425b3d0a
2019-12-06 11:18:45.174 DEBUG 7503 --- [    Test worker] org.hibernate.type.BasicTypeRegistry     : Adding type registration imm_date -> org.hibernate.type.AdaptedImmutableType@3e460613
2019-12-06 11:18:45.174 DEBUG 7503 --- [    Test worker] org.hibernate.type.BasicTypeRegistry     : Adding type registration imm_time -> org.hibernate.type.AdaptedImmutableType@25eecfbc
2019-12-06 11:18:45.175 DEBUG 7503 --- [    Test worker] org.hibernate.type.BasicTypeRegistry     : Adding type registration imm_timestamp -> org.hibernate.type.AdaptedImmutableType@27187dc1
2019-12-06 11:18:45.175 DEBUG 7503 --- [    Test worker] org.hibernate.type.BasicTypeRegistry     : Adding type registration imm_dbtimestamp -> org.hibernate.type.AdaptedImmutableType@56dfa9b9
2019-12-06 11:18:45.175 DEBUG 7503 --- [    Test worker] org.hibernate.type.BasicTypeRegistry     : Adding type registration imm_calendar -> org.hibernate.type.AdaptedImmutableType@58274bef
2019-12-06 11:18:45.175 DEBUG 7503 --- [    Test worker] org.hibernate.type.BasicTypeRegistry     : Adding type registration imm_calendar_date -> org.hibernate.type.AdaptedImmutableType@b67ec78
2019-12-06 11:18:45.175 DEBUG 7503 --- [    Test worker] org.hibernate.type.BasicTypeRegistry     : Adding type registration imm_binary -> org.hibernate.type.AdaptedImmutableType@6ff56ea0
2019-12-06 11:18:45.175 DEBUG 7503 --- [    Test worker] org.hibernate.type.BasicTypeRegistry     : Adding type registration imm_serializable -> org.hibernate.type.AdaptedImmutableType@44cc9086
2019-12-06 11:18:45.185 DEBUG 7503 --- [    Test worker] o.h.boot.internal.BootstrapContextImpl   : Injecting JPA temp ClassLoader [org.springframework.instrument.classloading.SimpleThrowawayClassLoader@17c94969] into BootstrapContext; was [null]
2019-12-06 11:18:45.185 DEBUG 7503 --- [    Test worker] o.h.boot.internal.ClassLoaderAccessImpl  : ClassLoaderAccessImpl#injectTempClassLoader(org.springframework.instrument.classloading.SimpleThrowawayClassLoader@17c94969) [was null]
2019-12-06 11:18:45.186 DEBUG 7503 --- [    Test worker] o.h.boot.internal.BootstrapContextImpl   : Injecting ScanEnvironment [org.hibernate.jpa.boot.internal.StandardJpaScanEnvironmentImpl@790e7fd3] into BootstrapContext; was [null]
2019-12-06 11:18:45.186 DEBUG 7503 --- [    Test worker] o.h.boot.internal.BootstrapContextImpl   : Injecting ScanOptions [org.hibernate.boot.archive.scan.internal.StandardScanOptions@24d1f39a] into BootstrapContext; was [org.hibernate.boot.archive.scan.internal.StandardScanOptions@2f1a0ae4]
2019-12-06 11:18:45.223 DEBUG 7503 --- [    Test worker] o.h.boot.internal.BootstrapContextImpl   : Injecting JPA temp ClassLoader [null] into BootstrapContext; was [org.springframework.instrument.classloading.SimpleThrowawayClassLoader@17c94969]
2019-12-06 11:18:45.223 DEBUG 7503 --- [    Test worker] o.h.boot.internal.ClassLoaderAccessImpl  : ClassLoaderAccessImpl#injectTempClassLoader(null) [was org.springframework.instrument.classloading.SimpleThrowawayClassLoader@17c94969]
2019-12-06 11:18:45.233 DEBUG 7503 --- [    Test worker] .i.f.i.DefaultIdentifierGeneratorFactory : Registering IdentifierGenerator strategy [uuid2] -> [org.hibernate.id.UUIDGenerator]
2019-12-06 11:18:45.233 DEBUG 7503 --- [    Test worker] .i.f.i.DefaultIdentifierGeneratorFactory : Registering IdentifierGenerator strategy [guid] -> [org.hibernate.id.GUIDGenerator]
2019-12-06 11:18:45.234 DEBUG 7503 --- [    Test worker] .i.f.i.DefaultIdentifierGeneratorFactory : Registering IdentifierGenerator strategy [uuid] -> [org.hibernate.id.UUIDHexGenerator]
2019-12-06 11:18:45.234 DEBUG 7503 --- [    Test worker] .i.f.i.DefaultIdentifierGeneratorFactory : Registering IdentifierGenerator strategy [uuid.hex] -> [org.hibernate.id.UUIDHexGenerator]
2019-12-06 11:18:45.234 DEBUG 7503 --- [    Test worker] .i.f.i.DefaultIdentifierGeneratorFactory : Registering IdentifierGenerator strategy [assigned] -> [org.hibernate.id.Assigned]
2019-12-06 11:18:45.235 DEBUG 7503 --- [    Test worker] .i.f.i.DefaultIdentifierGeneratorFactory : Registering IdentifierGenerator strategy [identity] -> [org.hibernate.id.IdentityGenerator]
2019-12-06 11:18:45.235 DEBUG 7503 --- [    Test worker] .i.f.i.DefaultIdentifierGeneratorFactory : Registering IdentifierGenerator strategy [select] -> [org.hibernate.id.SelectGenerator]
2019-12-06 11:18:45.237 DEBUG 7503 --- [    Test worker] .i.f.i.DefaultIdentifierGeneratorFactory : Registering IdentifierGenerator strategy [sequence] -> [org.hibernate.id.enhanced.SequenceStyleGenerator]
2019-12-06 11:18:45.238 DEBUG 7503 --- [    Test worker] .i.f.i.DefaultIdentifierGeneratorFactory : Registering IdentifierGenerator strategy [seqhilo] -> [org.hibernate.id.SequenceHiLoGenerator]
2019-12-06 11:18:45.238 DEBUG 7503 --- [    Test worker] .i.f.i.DefaultIdentifierGeneratorFactory : Registering IdentifierGenerator strategy [increment] -> [org.hibernate.id.IncrementGenerator]
2019-12-06 11:18:45.239 DEBUG 7503 --- [    Test worker] .i.f.i.DefaultIdentifierGeneratorFactory : Registering IdentifierGenerator strategy [foreign] -> [org.hibernate.id.ForeignGenerator]
2019-12-06 11:18:45.239 DEBUG 7503 --- [    Test worker] .i.f.i.DefaultIdentifierGeneratorFactory : Registering IdentifierGenerator strategy [sequence-identity] -> [org.hibernate.id.SequenceIdentityGenerator]
2019-12-06 11:18:45.239 DEBUG 7503 --- [    Test worker] .i.f.i.DefaultIdentifierGeneratorFactory : Registering IdentifierGenerator strategy [enhanced-sequence] -> [org.hibernate.id.enhanced.SequenceStyleGenerator]
2019-12-06 11:18:45.240 DEBUG 7503 --- [    Test worker] .i.f.i.DefaultIdentifierGeneratorFactory : Registering IdentifierGenerator strategy [enhanced-table] -> [org.hibernate.id.enhanced.TableGenerator]
2019-12-06 11:18:45.245 DEBUG 7503 --- [    Test worker] o.h.e.j.e.i.JdbcEnvironmentInitiator     : Database ->
       name : H2
    version : 1.4.199 (2019-03-13)
      major : 1
      minor : 4
2019-12-06 11:18:45.245 DEBUG 7503 --- [    Test worker] o.h.e.j.e.i.JdbcEnvironmentInitiator     : Driver ->
       name : H2 JDBC Driver
    version : 1.4.199 (2019-03-13)
      major : 1
      minor : 4
2019-12-06 11:18:45.245 DEBUG 7503 --- [    Test worker] o.h.e.j.e.i.JdbcEnvironmentInitiator     : JDBC version : 4.1
2019-12-06 11:18:45.257  INFO 7503 --- [    Test worker] org.hibernate.dialect.Dialect            : HHH000400: Using dialect: org.hibernate.dialect.H2Dialect
2019-12-06 11:18:45.313 DEBUG 7503 --- [    Test worker] o.h.e.j.env.spi.IdentifierHelperBuilder  : JDBC driver metadata reported database stores quoted identifiers in neither upper, lower nor mixed case
2019-12-06 11:18:45.325 DEBUG 7503 --- [    Test worker] o.h.boot.model.relational.Namespace      : Created database namespace [logicalName=Name{catalog=null, schema=null}, physicalName=Name{catalog=null, schema=null}]
2019-12-06 11:18:45.328 DEBUG 7503 --- [    Test worker] o.h.type.spi.TypeConfiguration$Scope     : Scoping TypeConfiguration [org.hibernate.type.spi.TypeConfiguration@1563a90e] to MetadataBuildingContext [org.hibernate.boot.internal.MetadataBuildingContextRootImpl@147084e9]
2019-12-06 11:18:45.375 DEBUG 7503 --- [    Test worker] org.hibernate.cfg.AnnotationBinder       : Binding entity from annotated class: kr.gracelove.jojoldu.springboot.domain.posts.Posts
2019-12-06 11:18:45.387 DEBUG 7503 --- [    Test worker] org.hibernate.cfg.Ejb3Column             : Binding column: Ejb3DiscriminatorColumn{logicalColumnName'DTYPE', discriminatorTypeName='string'}
2019-12-06 11:18:45.391 DEBUG 7503 --- [    Test worker] o.h.cfg.annotations.EntityBinder         : Import with entity name Posts
2019-12-06 11:18:45.397 DEBUG 7503 --- [    Test worker] o.h.cfg.annotations.EntityBinder         : Bind entity kr.gracelove.jojoldu.springboot.domain.posts.Posts on table posts
2019-12-06 11:18:45.419 DEBUG 7503 --- [    Test worker] org.hibernate.cfg.Ejb3Column             : Binding column: Ejb3Column{table=org.hibernate.mapping.Table(posts), mappingColumn=id, insertable=true, updatable=true, unique=false}
2019-12-06 11:18:45.421 DEBUG 7503 --- [    Test worker] o.h.cfg.annotations.PropertyBinder       : MetadataSourceProcessor property id with lazy=false
2019-12-06 11:18:45.423 DEBUG 7503 --- [    Test worker] o.hibernate.cfg.AbstractPropertyHolder   : Attempting to locate auto-apply AttributeConverter for property [kr.gracelove.jojoldu.springboot.domain.posts.Posts:id]
2019-12-06 11:18:45.425 DEBUG 7503 --- [    Test worker] o.h.cfg.annotations.SimpleValueBinder    : building SimpleValue for id
2019-12-06 11:18:45.427 DEBUG 7503 --- [    Test worker] o.h.cfg.annotations.PropertyBinder       : Building property id
2019-12-06 11:18:45.429 DEBUG 7503 --- [    Test worker] org.hibernate.cfg.BinderHelper           : #makeIdGenerator(org.hibernate.mapping.SimpleValue([org.hibernate.mapping.Column(id)]), id, identity, , ...)
2019-12-06 11:18:45.430 DEBUG 7503 --- [    Test worker] org.hibernate.cfg.Ejb3Column             : Binding column: Ejb3Column{table=org.hibernate.mapping.Table(posts), mappingColumn=created_date, insertable=true, updatable=true, unique=false}
2019-12-06 11:18:45.430 DEBUG 7503 --- [    Test worker] o.h.cfg.annotations.PropertyBinder       : MetadataSourceProcessor property createdDate with lazy=false
2019-12-06 11:18:45.430 DEBUG 7503 --- [    Test worker] o.hibernate.cfg.AbstractPropertyHolder   : Attempting to locate auto-apply AttributeConverter for property [kr.gracelove.jojoldu.springboot.domain.posts.Posts:createdDate]
2019-12-06 11:18:45.430 DEBUG 7503 --- [    Test worker] o.h.cfg.annotations.SimpleValueBinder    : building SimpleValue for createdDate
2019-12-06 11:18:45.430 DEBUG 7503 --- [    Test worker] o.h.cfg.annotations.PropertyBinder       : Building property createdDate
2019-12-06 11:18:45.430 DEBUG 7503 --- [    Test worker] org.hibernate.cfg.Ejb3Column             : Binding column: Ejb3Column{table=org.hibernate.mapping.Table(posts), mappingColumn=modified_date, insertable=true, updatable=true, unique=false}
2019-12-06 11:18:45.430 DEBUG 7503 --- [    Test worker] o.h.cfg.annotations.PropertyBinder       : MetadataSourceProcessor property modifiedDate with lazy=false
2019-12-06 11:18:45.430 DEBUG 7503 --- [    Test worker] o.hibernate.cfg.AbstractPropertyHolder   : Attempting to locate auto-apply AttributeConverter for property [kr.gracelove.jojoldu.springboot.domain.posts.Posts:modifiedDate]
2019-12-06 11:18:45.430 DEBUG 7503 --- [    Test worker] o.h.cfg.annotations.SimpleValueBinder    : building SimpleValue for modifiedDate
2019-12-06 11:18:45.430 DEBUG 7503 --- [    Test worker] o.h.cfg.annotations.PropertyBinder       : Building property modifiedDate
2019-12-06 11:18:45.430 DEBUG 7503 --- [    Test worker] org.hibernate.cfg.Ejb3Column             : Binding column: Ejb3Column{table=org.hibernate.mapping.Table(posts), mappingColumn=author, insertable=true, updatable=true, unique=false}
2019-12-06 11:18:45.430 DEBUG 7503 --- [    Test worker] o.h.cfg.annotations.PropertyBinder       : MetadataSourceProcessor property author with lazy=false
2019-12-06 11:18:45.430 DEBUG 7503 --- [    Test worker] o.hibernate.cfg.AbstractPropertyHolder   : Attempting to locate auto-apply AttributeConverter for property [kr.gracelove.jojoldu.springboot.domain.posts.Posts:author]
2019-12-06 11:18:45.430 DEBUG 7503 --- [    Test worker] o.h.cfg.annotations.SimpleValueBinder    : building SimpleValue for author
2019-12-06 11:18:45.431 DEBUG 7503 --- [    Test worker] o.h.cfg.annotations.PropertyBinder       : Building property author
2019-12-06 11:18:45.431 DEBUG 7503 --- [    Test worker] org.hibernate.cfg.Ejb3Column             : Binding column: Ejb3Column{table=org.hibernate.mapping.Table(posts), mappingColumn=content, insertable=true, updatable=true, unique=false}
2019-12-06 11:18:45.431 DEBUG 7503 --- [    Test worker] o.h.cfg.annotations.PropertyBinder       : MetadataSourceProcessor property content with lazy=false
2019-12-06 11:18:45.431 DEBUG 7503 --- [    Test worker] o.hibernate.cfg.AbstractPropertyHolder   : Attempting to locate auto-apply AttributeConverter for property [kr.gracelove.jojoldu.springboot.domain.posts.Posts:content]
2019-12-06 11:18:45.431 DEBUG 7503 --- [    Test worker] o.h.cfg.annotations.SimpleValueBinder    : building SimpleValue for content
2019-12-06 11:18:45.431 DEBUG 7503 --- [    Test worker] o.h.cfg.annotations.PropertyBinder       : Building property content
2019-12-06 11:18:45.431 DEBUG 7503 --- [    Test worker] org.hibernate.cfg.Ejb3Column             : Binding column: Ejb3Column{table=org.hibernate.mapping.Table(posts), mappingColumn=title, insertable=true, updatable=true, unique=false}
2019-12-06 11:18:45.431 DEBUG 7503 --- [    Test worker] o.h.cfg.annotations.PropertyBinder       : MetadataSourceProcessor property title with lazy=false
2019-12-06 11:18:45.431 DEBUG 7503 --- [    Test worker] o.hibernate.cfg.AbstractPropertyHolder   : Attempting to locate auto-apply AttributeConverter for property [kr.gracelove.jojoldu.springboot.domain.posts.Posts:title]
2019-12-06 11:18:45.431 DEBUG 7503 --- [    Test worker] o.h.cfg.annotations.SimpleValueBinder    : building SimpleValue for title
2019-12-06 11:18:45.431 DEBUG 7503 --- [    Test worker] o.h.cfg.annotations.PropertyBinder       : Building property title
2019-12-06 11:18:45.432 DEBUG 7503 --- [    Test worker] o.h.cfg.annotations.SimpleValueBinder    : Starting fillSimpleValue for id
2019-12-06 11:18:45.432 DEBUG 7503 --- [    Test worker] o.h.cfg.annotations.SimpleValueBinder    : Starting fillSimpleValue for createdDate
2019-12-06 11:18:45.432 DEBUG 7503 --- [    Test worker] o.h.cfg.annotations.SimpleValueBinder    : Starting fillSimpleValue for modifiedDate
2019-12-06 11:18:45.432 DEBUG 7503 --- [    Test worker] o.h.cfg.annotations.SimpleValueBinder    : Starting fillSimpleValue for author
2019-12-06 11:18:45.432 DEBUG 7503 --- [    Test worker] o.h.cfg.annotations.SimpleValueBinder    : Starting fillSimpleValue for content
2019-12-06 11:18:45.432 DEBUG 7503 --- [    Test worker] o.h.cfg.annotations.SimpleValueBinder    : Starting fillSimpleValue for title
2019-12-06 11:18:45.434 DEBUG 7503 --- [    Test worker] org.hibernate.mapping.PrimaryKey         : Forcing column [id] to be non-null as it is part of the primary key for table [posts]
2019-12-06 11:18:45.458 DEBUG 7503 --- [    Test worker] o.hibernate.internal.SessionFactoryImpl  : Building session factory
2019-12-06 11:18:45.459 DEBUG 7503 --- [    Test worker] org.hibernate.cfg.Settings               : SessionFactory name : null
2019-12-06 11:18:45.460 DEBUG 7503 --- [    Test worker] org.hibernate.cfg.Settings               : Automatic flush during beforeCompletion(): enabled
2019-12-06 11:18:45.460 DEBUG 7503 --- [    Test worker] org.hibernate.cfg.Settings               : Automatic session close at end of transaction: disabled
2019-12-06 11:18:45.460 DEBUG 7503 --- [    Test worker] org.hibernate.cfg.Settings               : Statistics: disabled
2019-12-06 11:18:45.460 DEBUG 7503 --- [    Test worker] org.hibernate.cfg.Settings               : Deleted entity synthetic identifier rollback: disabled
2019-12-06 11:18:45.460 DEBUG 7503 --- [    Test worker] org.hibernate.cfg.Settings               : Default entity-mode: pojo
2019-12-06 11:18:45.460 DEBUG 7503 --- [    Test worker] org.hibernate.cfg.Settings               : Check Nullability in Core (should be disabled when Bean Validation is on): enabled
2019-12-06 11:18:45.460 DEBUG 7503 --- [    Test worker] org.hibernate.cfg.Settings               : Allow initialization of lazy state outside session : disabled
2019-12-06 11:18:45.460 DEBUG 7503 --- [    Test worker] org.hibernate.cfg.Settings               : Using BatchFetchStyle : LEGACY
2019-12-06 11:18:45.460 DEBUG 7503 --- [    Test worker] org.hibernate.cfg.Settings               : Default batch fetch size: -1
2019-12-06 11:18:45.460 DEBUG 7503 --- [    Test worker] org.hibernate.cfg.Settings               : Maximum outer join fetch depth: null
2019-12-06 11:18:45.460 DEBUG 7503 --- [    Test worker] org.hibernate.cfg.Settings               : Default null ordering: NONE
2019-12-06 11:18:45.460 DEBUG 7503 --- [    Test worker] org.hibernate.cfg.Settings               : Order SQL updates by primary key: disabled
2019-12-06 11:18:45.460 DEBUG 7503 --- [    Test worker] org.hibernate.cfg.Settings               : Order SQL inserts for batching: disabled
2019-12-06 11:18:45.460 DEBUG 7503 --- [    Test worker] org.hibernate.cfg.Settings               : multi-tenancy strategy : NONE
2019-12-06 11:18:45.460 DEBUG 7503 --- [    Test worker] org.hibernate.cfg.Settings               : JTA Track by Thread: enabled
2019-12-06 11:18:45.460 DEBUG 7503 --- [    Test worker] org.hibernate.cfg.Settings               : Query language substitutions: {}
2019-12-06 11:18:45.460 DEBUG 7503 --- [    Test worker] org.hibernate.cfg.Settings               : Named query checking : enabled
2019-12-06 11:18:45.460 DEBUG 7503 --- [    Test worker] org.hibernate.cfg.Settings               : Second-level cache: disabled
2019-12-06 11:18:45.460 DEBUG 7503 --- [    Test worker] org.hibernate.cfg.Settings               : Second-level query cache: disabled
2019-12-06 11:18:45.460 DEBUG 7503 --- [    Test worker] org.hibernate.cfg.Settings               : Second-level query cache factory: null
2019-12-06 11:18:45.460 DEBUG 7503 --- [    Test worker] org.hibernate.cfg.Settings               : Second-level cache region prefix: null
2019-12-06 11:18:45.460 DEBUG 7503 --- [    Test worker] org.hibernate.cfg.Settings               : Optimize second-level cache for minimal puts: disabled
2019-12-06 11:18:45.460 DEBUG 7503 --- [    Test worker] org.hibernate.cfg.Settings               : Structured second-level cache entries: disabled
2019-12-06 11:18:45.460 DEBUG 7503 --- [    Test worker] org.hibernate.cfg.Settings               : Second-level cache direct-reference entries: disabled
2019-12-06 11:18:45.460 DEBUG 7503 --- [    Test worker] org.hibernate.cfg.Settings               : Automatic eviction of collection cache: disabled
2019-12-06 11:18:45.460 DEBUG 7503 --- [    Test worker] org.hibernate.cfg.Settings               : JDBC batch size: 15
2019-12-06 11:18:45.460 DEBUG 7503 --- [    Test worker] org.hibernate.cfg.Settings               : JDBC batch updates for versioned data: enabled
2019-12-06 11:18:45.460 DEBUG 7503 --- [    Test worker] org.hibernate.cfg.Settings               : Scrollable result sets: enabled
2019-12-06 11:18:45.460 DEBUG 7503 --- [    Test worker] org.hibernate.cfg.Settings               : Wrap result sets: disabled
2019-12-06 11:18:45.460 DEBUG 7503 --- [    Test worker] org.hibernate.cfg.Settings               : JDBC3 getGeneratedKeys(): enabled
2019-12-06 11:18:45.460 DEBUG 7503 --- [    Test worker] org.hibernate.cfg.Settings               : JDBC result set fetch size: null
2019-12-06 11:18:45.460 DEBUG 7503 --- [    Test worker] org.hibernate.cfg.Settings               : Connection release mode: ON_CLOSE
2019-12-06 11:18:45.461 DEBUG 7503 --- [    Test worker] org.hibernate.cfg.Settings               : Generate SQL with comments: disabled
2019-12-06 11:18:45.461 DEBUG 7503 --- [    Test worker] org.hibernate.cfg.Settings               : JPA compliance - query : 
2019-12-06 11:18:45.461 DEBUG 7503 --- [    Test worker] org.hibernate.cfg.Settings               : JPA compliance - closed-handling : 
2019-12-06 11:18:45.461 DEBUG 7503 --- [    Test worker] org.hibernate.cfg.Settings               : JPA compliance - lists : 
2019-12-06 11:18:45.461 DEBUG 7503 --- [    Test worker] org.hibernate.cfg.Settings               : JPA compliance - transactions : 
2019-12-06 11:18:45.513 DEBUG 7503 --- [    Test worker] o.h.j.e.i.CallbackBuilderLegacyImpl      : Adding touchForUpdate as PreUpdate callback for entity kr.gracelove.jojoldu.springboot.domain.posts.Posts
2019-12-06 11:18:45.513 DEBUG 7503 --- [    Test worker] o.h.j.e.i.CallbackBuilderLegacyImpl      : Adding touchForCreate as PrePersist callback for entity kr.gracelove.jojoldu.springboot.domain.posts.Posts
2019-12-06 11:18:45.523 DEBUG 7503 --- [    Test worker] o.hibernate.internal.SessionFactoryImpl  : Session factory constructed with filter configurations : {}
2019-12-06 11:18:45.523 DEBUG 7503 --- [    Test worker] o.hibernate.internal.SessionFactoryImpl  : Instantiating session factory with properties: {gopherProxySet=false, awt.toolkit=sun.lwawt.macosx.LWCToolkit, hibernate.id.new_generator_mappings=true, file.encoding.pkg=sun.io, java.specification.version=1.8, sun.cpu.isalist=, hibernate.resource.beans.container=org.springframework.orm.hibernate5.SpringBeanContainer@3ed7c82d, hibernate.connection.handling_mode=DELAYED_ACQUISITION_AND_HOLD, sun.jnu.encoding=UTF-8, hibernate.dialect=org.hibernate.dialect.H2Dialect, hibernate.implicit_naming_strategy=org.springframework.boot.orm.jpa.hibernate.SpringImplicitNamingStrategy, org.gradle.test.worker=1, java.class.path=/Users/govlmo91/IdeaProjects/jojoldubook/build/classes/java/test:/Users/govlmo91/IdeaProjects/jojoldubook/build/resources/test:/Users/govlmo91/IdeaProjects/jojoldubook/build/classes/java/main:/Users/govlmo91/IdeaProjects/jojoldubook/build/resources/main:/Users/govlmo91/.gradle/caches/modules-2/files-2.1/org.springframework.boot/spring-boot-starter-mustache/2.1.7.RELEASE/c52b1725d81a61eac91af3196a65c17adef75357/spring-boot-starter-mustache-2.1.7.RELEASE.jar:/Users/govlmo91/.gradle/caches/modules-2/files-2.1/org.projectlombok/lombok/1.18.8/448003bc1b234aac04b58e27d7755c12c3ec4236/lombok-1.18.8.jar:/Users/govlmo91/.gradle/caches/modules-2/files-2.1/org.springframework.boot/spring-boot-starter-web/2.1.7.RELEASE/fa43baf40bde3ecdb93ac9c545dd39f82ab29c35/spring-boot-starter-web-2.1.7.RELEASE.jar:/Users/govlmo91/.gradle/caches/modules-2/files-2.1/org.springframework.boot/spring-boot-starter-data-jpa/2.1.7.RELEASE/5e4a5d5442f32f5e12b36674a620ec57b0b66c6e/spring-boot-starter-data-jpa-2.1.7.RELEASE.jar:/Users/govlmo91/.gradle/caches/modules-2/files-2.1/com.h2database/h2/1.4.199/7bf08152984ed8859740ae3f97fae6c72771ae45/h2-1.4.199.jar:/Users/govlmo91/.gradle/caches/modules-2/files-2.1/org.springframework.boot/spring-boot-starter-test/2.1.7.RELEASE/39e82379a28c217ab892eb00ef601dc0571f56a4/spring-boot-starter-test-2.1.7.RELEASE.jar:/Users/govlmo91/.gradle/caches/modules-2/files-2.1/org.springframework.boot/spring-boot-starter-json/2.1.7.RELEASE/9c12f046a7c4ae110d89163a491ad0d7cf036e79/spring-boot-starter-json-2.1.7.RELEASE.jar:/Users/govlmo91/.gradle/caches/modules-2/files-2.1/org.springframework.boot/spring-boot-starter-aop/2.1.7.RELEASE/4577d056af1f823bb7730c99f43c3268dd697310/spring-boot-starter-aop-2.1.7.RELEASE.jar:/Users/govlmo91/.gradle/caches/modules-2/files-2.1/org.springframework.boot/spring-boot-starter-jdbc/2.1.7.RELEASE/3ea97a134b44a886ff529215e7bec04bfd93fa5b/spring-boot-starter-jdbc-2.1.7.RELEASE.jar:/Users/govlmo91/.gradle/caches/modules-2/files-2.1/org.springframework.boot/spring-boot-starter/2.1.7.RELEASE/e23f4e9460e0e2220b444e40fc7fd6e95f66e0fe/spring-boot-starter-2.1.7.RELEASE.jar:/Users/govlmo91/.gradle/caches/modules-2/files-2.1/com.samskivert/jmustache/1.14/495441daa241e5f48d555597fffa2b1dfc8c60d1/jmustache-1.14.jar:/Users/govlmo91/.gradle/caches/modules-2/files-2.1/org.springframework.boot/spring-boot-starter-tomcat/2.1.7.RELEASE/11f2a86aefefba72a4efe5ff18f4165a4b4e78b/spring-boot-starter-tomcat-2.1.7.RELEASE.jar:/Users/govlmo91/.gradle/caches/modules-2/files-2.1/org.hibernate.validator/hibernate-validator/6.0.17.Final/af73055fc4a103ab347c56e7da5a143d68a0170/hibernate-validator-6.0.17.Final.jar:/Users/govlmo91/.gradle/caches/modules-2/files-2.1/org.springframework/spring-webmvc/5.1.9.RELEASE/b9d4a2140488f0e6f9aa231e7938ae18da77b637/spring-webmvc-5.1.9.RELEASE.jar:/Users/govlmo91/.gradle/caches/modules-2/files-2.1/org.springframework/spring-web/5.1.9.RELEASE/9fe4390420fdd0b63dc4ed90d9027dafa9f74f80/spring-web-5.1.9.RELEASE.jar:/Users/govlmo91/.gradle/caches/modules-2/files-2.1/javax.transaction/javax.transaction-api/1.3/e006adf5cf3cca2181d16bd640ecb80148ec0fce/javax.transaction-api-1.3.jar:/Users/govlmo91/.gradle/caches/modules-2/files-2.1/javax.xml.bind/jaxb-api/2.3.1/8531ad5ac454cc2deb9d4d32c40c4d7451939b5d/jaxb-api-2.3.1.jar:/Users/govlmo91/.gradle/caches/modules-2/files-2.1/org.hibernate/hibernate-core/5.3.10.Final/e608b854325005edbf43cb2b6041fdafd3f2eb57/hibernate-core-5.3.10.Final.jar:/Users/govlmo91/.gradle/caches/modules-2/files-2.1/org.springframework.data/spring-data-jpa/2.1.10.RELEASE/12639406aa28c3a5195a1a4c9077fe562f54bc31/spring-data-jpa-2.1.10.RELEASE.jar:/Users/govlmo91/.gradle/caches/modules-2/files-2.1/org.springframework/spring-aspects/5.1.9.RELEASE/a8aec853c345ed54a99627cee9f755ce7dbb734/spring-aspects-5.1.9.RELEASE.jar:/Users/govlmo91/.gradle/caches/modules-2/files-2.1/org.springframework.boot/spring-boot-test-autoconfigure/2.1.7.RELEASE/8c9847259e14419d2bcc4eed26bcf48dc56686ef/spring-boot-test-autoconfigure-2.1.7.RELEASE.jar:/Users/govlmo91/.gradle/caches/modules-2/files-2.1/org.springframework.boot/spring-boot-test/2.1.7.RELEASE/70ed88830a08e8baa0b562090168fdba0e92810/spring-boot-test-2.1.7.RELEASE.jar:/Users/govlmo91/.gradle/caches/modules-2/files-2.1/com.jayway.jsonpath/json-path/2.4.0/765a4401ceb2dc8d40553c2075eb80a8fa35c2ae/json-path-2.4.0.jar:/Users/govlmo91/.gradle/caches/modules-2/files-2.1/junit/junit/4.12/2973d150c0dc1fefe998f834810d68f278ea58ec/junit-4.12.jar:/Users/govlmo91/.gradle/caches/modules-2/files-2.1/org.assertj/assertj-core/3.11.1/fdac3217b804d6900fa3650f17b5cb48e620b140/assertj-core-3.11.1.jar:/Users/govlmo91/.gradle/caches/modules-2/files-2.1/org.mockito/mockito-core/2.23.4/a35b6f8ffcfa786771eac7d7d903429e790fdf3f/mockito-core-2.23.4.jar:/Users/govlmo91/.gradle/caches/modules-2/files-2.1/org.hamcrest/hamcrest-library/1.3/4785a3c21320980282f9f33d0d1264a69040538f/hamcrest-library-1.3.jar:/Users/govlmo91/.gradle/caches/modules-2/files-2.1/org.hamcrest/hamcrest-core/1.3/42a25dc3219429f0e5d060061f71acb49bf010a0/hamcrest-core-1.3.jar:/Users/govlmo91/.gradle/caches/modules-2/files-2.1/org.skyscreamer/jsonassert/1.5.0/6c9d5fe2f59da598d9aefc1cfc6528ff3cf32df3/jsonassert-1.5.0.jar:/Users/govlmo91/.gradle/caches/modules-2/files-2.1/org.springframework/spring-test/5.1.9.RELEASE/653fa9de816677b3318e7058af54e7ee56866b09/spring-test-5.1.9.RELEASE.jar:/Users/govlmo91/.gradle/caches/modules-2/files-2.1/org.springframework.boot/spring-boot-autoconfigure/2.1.7.RELEASE/2c9d3e2c6ea3cb435e99e2973009636b62a9d816/spring-boot-autoconfigure-2.1.7.RELEASE.jar:/Users/govlmo91/.gradle/caches/modules-2/files-2.1/org.springframework.boot/spring-boot/2.1.7.RELEASE/1599a2ad1fc6d36dbfc2a7c0dd5dab3a0bb27c61/spring-boot-2.1.7.RELEASE.jar:/Users/govlmo91/.gradle/caches/modules-2/files-2.1/org.springframework/spring-context/5.1.9.RELEASE/c37f8fe15a5ae4ea1f351bd46167fd492a84eefa/spring-context-5.1.9.RELEASE.jar:/Users/govlmo91/.gradle/caches/modules-2/files-2.1/org.springframework/spring-aop/5.1.9.RELEASE/bc2312ffad02251b9d472e4a7c0e472a58f50fbf/spring-aop-5.1.9.RELEASE.jar:/Users/govlmo91/.gradle/caches/modules-2/files-2.1/org.springframework/spring-orm/5.1.9.RELEASE/220169d217f7114706141fc0afba425a5b368dce/spring-orm-5.1.9.RELEASE.jar:/Users/govlmo91/.gradle/caches/modules-2/files-2.1/org.springframework/spring-jdbc/5.1.9.RELEASE/3fd70356ba8d7c00c4081c1a207766352624414e/spring-jdbc-5.1.9.RELEASE.jar:/Users/govlmo91/.gradle/caches/modules-2/files-2.1/org.springframework.data/spring-data-commons/2.1.10.RELEASE/c73a76070181b59b19df6893e1ca729263a69b47/spring-data-commons-2.1.10.RELEASE.jar:/Users/govlmo91/.gradle/caches/modules-2/files-2.1/org.springframework/spring-tx/5.1.9.RELEASE/a9125e2c8eeb193030f3972c6293616943c55ef2/spring-tx-5.1.9.RELEASE.jar:/Users/govlmo91/.gradle/caches/modules-2/files-2.1/org.springframework/spring-beans/5.1.9.RELEASE/5a03b3983108d73978aec2fa3e681aedad6782c/spring-beans-5.1.9.RELEASE.jar:/Users/govlmo91/.gradle/caches/modules-2/files-2.1/org.springframework/spring-expression/5.1.9.RELEASE/db3a2468c1b7d697ec3b3ec6e5652dc282994fe3/spring-expression-5.1.9.RELEASE.jar:/Users/govlmo91/.gradle/caches/modules-2/files-2.1/org.springframework/spring-core/5.1.9.RELEASE/dc3815439579b4fa0c19970e6b8e5d774af8d988/spring-core-5.1.9.RELEASE.jar:/Users/govlmo91/.gradle/caches/modules-2/files-2.1/org.xmlunit/xmlunit-core/2.6.3/cdb208320aed4a7b94fb236cfbf91aeb6d0ede14/xmlunit-core-2.6.3.jar:/Users/govlmo91/.gradle/caches/modules-2/files-2.1/org.springframework.boot/spring-boot-starter-logging/2.1.7.RELEASE/6e829f739992a7f368c0af44a08ed89ad2a1972f/spring-boot-starter-logging-2.1.7.RELEASE.jar:/Users/govlmo91/.gradle/caches/modules-2/files-2.1/javax.annotation/javax.annotation-api/1.3.2/934c04d3cfef185a8008e7bf34331b79730a9d43/javax.annotation-api-1.3.2.jar:/Users/govlmo91/.gradle/caches/modules-2/files-2.1/org.yaml/snakeyaml/1.23/ec62d74fe50689c28c0ff5b35d3aebcaa8b5be68/snakeyaml-1.23.jar:/Users/govlmo91/.gradle/caches/modules-2/files-2.1/com.fasterxml.jackson.datatype/jackson-datatype-jdk8/2.9.9/4b04126963103216c9c43b0f34bbc36315654204/jackson-datatype-jdk8-2.9.9.jar:/Users/govlmo91/.gradle/caches/modules-2/files-2.1/com.fasterxml.jackson.datatype/jackson-datatype-jsr310/2.9.9/a33df137557793b0404a486888dbe049f7abeeeb/jackson-datatype-jsr310-2.9.9.jar:/Users/govlmo91/.gradle/caches/modules-2/files-2.1/com.fasterxml.jackson.module/jackson-module-parameter-names/2.9.9/a92facb55a2538e7b2fe14294570a18b823ad431/jackson-module-parameter-names-2.9.9.jar:/Users/govlmo91/.gradle/caches/modules-2/files-2.1/com.fasterxml.jackson.core/jackson-databind/2.9.9/d6eb9817d9c7289a91f043ac5ee02a6b3cc86238/jackson-databind-2.9.9.jar:/Users/govlmo91/.gradle/caches/modules-2/files-2.1/org.apache.tomcat.embed/tomcat-embed-websocket/9.0.22/45974d3443cc15ad9d10239d762d5e15759e6364/tomcat-embed-websocket-9.0.22.jar:/Users/govlmo91/.gradle/caches/modules-2/files-2.1/org.apache.tomcat.embed/tomcat-embed-core/9.0.22/79f39903498b28adacb18fe2ea046edd306295a6/tomcat-embed-core-9.0.22.jar:/Users/govlmo91/.gradle/caches/modules-2/files-2.1/org.apache.tomcat.embed/tomcat-embed-el/9.0.22/4da4b778b635a7e78ca7cd7288253e2e47b88a9f/tomcat-embed-el-9.0.22.jar:/Users/govlmo91/.gradle/caches/modules-2/files-2.1/javax.validation/validation-api/2.0.1.Final/cb855558e6271b1b32e716d24cb85c7f583ce09e/validation-api-2.0.1.Final.jar:/Users/govlmo91/.gradle/caches/modules-2/files-2.1/org.hibernate.common/hibernate-commons-annotations/5.0.4.Final/965a18fdf939ee75e41f7918532d37b3a8350535/hibernate-commons-annotations-5.0.4.Final.jar:/Users/govlmo91/.gradle/caches/modules-2/files-2.1/org.jboss.logging/jboss-logging/3.3.2.Final/3789d00e859632e6c6206adc0c71625559e6e3b0/jboss-logging-3.3.2.Final.jar:/Users/govlmo91/.gradle/caches/modules-2/files-2.1/com.fasterxml/classmate/1.4.0/291658ac2ce2476256c7115943652c0accb5c857/classmate-1.4.0.jar:/Users/govlmo91/.gradle/caches/modules-2/files-2.1/org.aspectj/aspectjweaver/1.9.4/9205229878f3d62fbd3a32a0fb6be2d6ad8589a9/aspectjweaver-1.9.4.jar:/Users/govlmo91/.gradle/caches/modules-2/files-2.1/com.zaxxer/HikariCP/3.2.0/6c66db1c636ee90beb4c65fe34abd8ba9396bca6/HikariCP-3.2.0.jar:/Users/govlmo91/.gradle/caches/modules-2/files-2.1/javax.activation/javax.activation-api/1.2.0/85262acf3ca9816f9537ca47d5adeabaead7cb16/javax.activation-api-1.2.0.jar:/Users/govlmo91/.gradle/caches/modules-2/files-2.1/javax.persistence/javax.persistence-api/2.2/25665ac8c0b62f50e6488173233239120fc52c96/javax.persistence-api-2.2.jar:/Users/govlmo91/.gradle/caches/modules-2/files-2.1/org.javassist/javassist/3.23.2-GA/c5afe660a95e87ceb518e4f5cf02f5c56b547683/javassist-3.23.2-GA.jar:/Users/govlmo91/.gradle/caches/modules-2/files-2.1/net.bytebuddy/byte-buddy/1.9.16/e7d63009be7b87ff1f15b72e5b8c59c897a8d8bd/byte-buddy-1.9.16.jar:/Users/govlmo91/.gradle/caches/modules-2/files-2.1/antlr/antlr/2.7.7/83cd2cd674a217ade95a4bb83a8a14f351f48bd0/antlr-2.7.7.jar:/Users/govlmo91/.gradle/caches/modules-2/files-2.1/org.jboss/jandex/2.0.5.Final/7060f67764565b9ee9d467e3ed0cb8a9c601b23a/jandex-2.0.5.Final.jar:/Users/govlmo91/.gradle/caches/modules-2/files-2.1/org.dom4j/dom4j/2.1.1/3dce5dbb3571aa820c677fadd8349bfa8f00c199/dom4j-2.1.1.jar:/Users/govlmo91/.gradle/caches/modules-2/files-2.1/ch.qos.logback/logback-classic/1.2.3/7c4f3c474fb2c041d8028740440937705ebb473a/logback-classic-1.2.3.jar:/Users/govlmo91/.gradle/caches/modules-2/files-2.1/org.apache.logging.log4j/log4j-to-slf4j/2.11.2/6d37bf7b046c0ce2669f26b99365a2cfa45c4c18/log4j-to-slf4j-2.11.2.jar:/Users/govlmo91/.gradle/caches/modules-2/files-2.1/org.slf4j/jul-to-slf4j/1.7.26/8031352b2bb0a49e67818bf04c027aa92e645d5c/jul-to-slf4j-1.7.26.jar:/Users/govlmo91/.gradle/caches/modules-2/files-2.1/org.slf4j/slf4j-api/1.7.26/77100a62c2e6f04b53977b9f541044d7d722693d/slf4j-api-1.7.26.jar:/Users/govlmo91/.gradle/caches/modules-2/files-2.1/net.minidev/json-smart/2.3/7396407491352ce4fa30de92efb158adb76b5b/json-smart-2.3.jar:/Users/govlmo91/.gradle/caches/modules-2/files-2.1/net.bytebuddy/byte-buddy-agent/1.9.16/fd213511a0a845632456f636e576d24c2d6ac3bc/byte-buddy-agent-1.9.16.jar:/Users/govlmo91/.gradle/caches/modules-2/files-2.1/org.objenesis/objenesis/2.6/639033469776fd37c08358c6b92a4761feb2af4b/objenesis-2.6.jar:/Users/govlmo91/.gradle/caches/modules-2/files-2.1/com.vaadin.external.google/android-json/0.0.20131108.vaadin1/fa26d351fe62a6a17f5cda1287c1c6110dec413f/android-json-0.0.20131108.vaadin1.jar:/Users/govlmo91/.gradle/caches/modules-2/files-2.1/org.springframework/spring-jcl/5.1.9.RELEASE/7c372790c999777d20f364960cf557dd74f890cf/spring-jcl-5.1.9.RELEASE.jar:/Users/govlmo91/.gradle/caches/modules-2/files-2.1/com.fasterxml.jackson.core/jackson-annotations/2.9.0/7c10d545325e3a6e72e06381afe469fd40eb701/jackson-annotations-2.9.0.jar:/Users/govlmo91/.gradle/caches/modules-2/files-2.1/com.fasterxml.jackson.core/jackson-core/2.9.9/bfff5af9fb8347d26bbb7959cb9b4fe9a2b0ca5e/jackson-core-2.9.9.jar:/Users/govlmo91/.gradle/caches/modules-2/files-2.1/net.minidev/accessors-smart/1.2/c592b500269bfde36096641b01238a8350f8aa31/accessors-smart-1.2.jar:/Users/govlmo91/.gradle/caches/modules-2/files-2.1/ch.qos.logback/logback-core/1.2.3/864344400c3d4d92dfeb0a305dc87d953677c03c/logback-core-1.2.3.jar:/Users/govlmo91/.gradle/caches/modules-2/files-2.1/org.apache.logging.log4j/log4j-api/2.11.2/f5e9a2ffca496057d6891a3de65128efc636e26e/log4j-api-2.11.2.jar:/Users/govlmo91/.gradle/caches/modules-2/files-2.1/org.ow2.asm/asm/5.0.4/da08b8cce7bbf903602a25a3a163ae252435795/asm-5.0.4.jar, java.vm.vendor=Azul Systems, Inc., sun.arch.data.model=64, user.variant=, catalina.useNaming=false, java.vendor.url=http://www.azulsystems.com/, user.timezone=Asia/Seoul, os.name=Mac OS X, java.vm.specification.version=1.8, javax.persistence.validation.mode=AUTO, sun.java.launcher=SUN_STANDARD, user.country=KR, sun.boot.library.path=/Users/govlmo91/.sdkman/candidates/java/8.0.222-zulu/jre/lib, sun.java.command=worker.org.gradle.process.internal.worker.GradleWorkerMain 'Gradle Test Executor 1', hibernate.transaction.jta.platform=org.hibernate.engine.transaction.jta.platform.internal.NoJtaPlatform@17f17b3a, http.nonProxyHosts=local|*.local|169.254/16|*.169.254/16, javax.persistence.sharedCache.mode=UNSPECIFIED, sun.cpu.endian=little, user.home=/Users/govlmo91, user.language=ko, java.specification.vendor=Oracle Corporation, org.gradle.native=false, java.home=/Users/govlmo91/.sdkman/candidates/java/8.0.222-zulu/jre, file.separator=/, line.separator=
, java.vm.specification.vendor=Oracle Corporation, java.specification.name=Java Platform API Specification, hibernate.transaction.coordinator_class=class org.hibernate.resource.transaction.backend.jdbc.internal.JdbcResourceLocalTransactionCoordinatorBuilderImpl, java.awt.graphicsenv=sun.awt.CGraphicsEnvironment, java.awt.headless=true, sun.boot.class.path=/Users/govlmo91/.sdkman/candidates/java/8.0.222-zulu/jre/lib/resources.jar:/Users/govlmo91/.sdkman/candidates/java/8.0.222-zulu/jre/lib/rt.jar:/Users/govlmo91/.sdkman/candidates/java/8.0.222-zulu/jre/lib/sunrsasign.jar:/Users/govlmo91/.sdkman/candidates/java/8.0.222-zulu/jre/lib/jsse.jar:/Users/govlmo91/.sdkman/candidates/java/8.0.222-zulu/jre/lib/jce.jar:/Users/govlmo91/.sdkman/candidates/java/8.0.222-zulu/jre/lib/charsets.jar:/Users/govlmo91/.sdkman/candidates/java/8.0.222-zulu/jre/lib/jfr.jar:/Users/govlmo91/.sdkman/candidates/java/8.0.222-zulu/jre/classes, hibernate.hbm2ddl.auto=create-drop, sun.management.compiler=HotSpot 64-Bit Tiered Compilers, ftp.nonProxyHosts=local|*.local|169.254/16|*.169.254/16, java.runtime.version=1.8.0_222-b10, user.name=govlmo91, path.separator=:, os.version=10.15.1, java.endorsed.dirs=/Users/govlmo91/.sdkman/candidates/java/8.0.222-zulu/jre/lib/endorsed, java.runtime.name=OpenJDK Runtime Environment, hibernate.ejb.persistenceUnitName=default, file.encoding=UTF-8, spring.beaninfo.ignore=true, java.vm.name=OpenJDK 64-Bit Server VM, hibernate.show_sql=true, java.vendor.url.bug=http://www.azulsystems.com/support/, java.io.tmpdir=/var/folders/nf/2f3v6_z93qxch50n9j73_90h0000gn/T/, com.zaxxer.hikari.pool_number=1, catalina.home=/private/var/folders/nf/2f3v6_z93qxch50n9j73_90h0000gn/T/tomcat.6940863488915708725.0, java.version=1.8.0_222, hibernate.physical_naming_strategy=org.springframework.boot.orm.jpa.hibernate.SpringPhysicalNamingStrategy, user.dir=/Users/govlmo91/IdeaProjects/jojoldubook, os.arch=x86_64, PID=7503, java.vm.specification.name=Java Virtual Machine Specification, java.awt.printerjob=sun.lwawt.macosx.CPrinterJob, sun.os.patch.level=unknown, catalina.base=/private/var/folders/nf/2f3v6_z93qxch50n9j73_90h0000gn/T/tomcat.6940863488915708725.0, hibernate.boot.CfgXmlAccessService.key=org.hibernate.boot.cfgxml.spi.LoadedConfig@2b00042d, java.library.path=/Users/govlmo91/Library/Java/Extensions:/Library/Java/Extensions:/Network/Library/Java/Extensions:/System/Library/Java/Extensions:/usr/lib/java:., java.vendor=Azul Systems, Inc., java.vm.info=mixed mode, java.vm.version=25.222-b10, hibernate.bytecode.use_reflection_optimizer=false, hibernate.connection.datasource=HikariDataSource (HikariPool-1), sun.io.unicode.encoding=UnicodeBig, java.ext.dirs=/Users/govlmo91/Library/Java/Extensions:/Users/govlmo91/.sdkman/candidates/java/8.0.222-zulu/jre/lib/ext:/Library/Java/Extensions:/Network/Library/Java/Extensions:/System/Library/Java/Extensions:/usr/lib/java, java.class.version=52.0, socksNonProxyHosts=local|*.local|169.254/16|*.169.254/16}
2019-12-06 11:18:45.535 DEBUG 7503 --- [    Test worker] o.h.v.i.e.resolver.TraversableResolvers  : Found javax.persistence.Persistence on classpath containing 'getPersistenceUtil'. Assuming JPA 2 environment. Trying to instantiate JPA aware TraversableResolver
2019-12-06 11:18:45.536 DEBUG 7503 --- [    Test worker] o.h.v.i.e.resolver.TraversableResolvers  : Instantiated JPA aware TraversableResolver of type org.hibernate.validator.internal.engine.resolver.JPATraversableResolver.
2019-12-06 11:18:45.536 DEBUG 7503 --- [    Test worker] o.h.v.i.xml.config.ValidationXmlParser   : Trying to load META-INF/validation.xml for XML based Validator configuration.
2019-12-06 11:18:45.536 DEBUG 7503 --- [    Test worker] o.h.v.i.xml.config.ResourceLoaderHelper  : Trying to load META-INF/validation.xml via TCCL
2019-12-06 11:18:45.536 DEBUG 7503 --- [    Test worker] o.h.v.i.xml.config.ResourceLoaderHelper  : Trying to load META-INF/validation.xml via Hibernate Validator's class loader
2019-12-06 11:18:45.536 DEBUG 7503 --- [    Test worker] o.h.v.i.xml.config.ValidationXmlParser   : No META-INF/validation.xml found. Using annotation based configuration only.
2019-12-06 11:18:45.540 DEBUG 7503 --- [    Test worker] .h.v.m.ResourceBundleMessageInterpolator : Loaded expression factory via original TCCL
2019-12-06 11:18:45.540 DEBUG 7503 --- [    Test worker] o.h.v.i.engine.ValidatorFactoryImpl      : HV000234: Using org.hibernate.validator.messageinterpolation.ResourceBundleMessageInterpolator as ValidatorFactory-scoped message interpolator.
2019-12-06 11:18:45.540 DEBUG 7503 --- [    Test worker] o.h.v.i.engine.ValidatorFactoryImpl      : HV000234: Using org.hibernate.validator.internal.engine.resolver.JPATraversableResolver as ValidatorFactory-scoped traversable resolver.
2019-12-06 11:18:45.540 DEBUG 7503 --- [    Test worker] o.h.v.i.engine.ValidatorFactoryImpl      : HV000234: Using org.hibernate.validator.internal.util.ExecutableParameterNameProvider as ValidatorFactory-scoped parameter name provider.
2019-12-06 11:18:45.540 DEBUG 7503 --- [    Test worker] o.h.v.i.engine.ValidatorFactoryImpl      : HV000234: Using org.hibernate.validator.internal.engine.DefaultClockProvider as ValidatorFactory-scoped clock provider.
2019-12-06 11:18:45.540 DEBUG 7503 --- [    Test worker] o.h.v.i.engine.ValidatorFactoryImpl      : HV000234: Using org.hibernate.validator.internal.engine.scripting.DefaultScriptEvaluatorFactory as ValidatorFactory-scoped script evaluator factory.
2019-12-06 11:18:45.541 DEBUG 7503 --- [    Test worker] o.h.boot.internal.ClassLoaderAccessImpl  : Not known whether passed class name [kr.gracelove.jojoldu.springboot.domain.posts.Posts] is safe
2019-12-06 11:18:45.541 DEBUG 7503 --- [    Test worker] o.h.boot.internal.ClassLoaderAccessImpl  : No temp ClassLoader provided; using live ClassLoader for loading potentially unsafe class : kr.gracelove.jojoldu.springboot.domain.posts.Posts
2019-12-06 11:18:45.565 DEBUG 7503 --- [    Test worker] org.hibernate.secure.spi.JaccIntegrator  : Skipping JACC integration as it was not enabled
2019-12-06 11:18:45.566 DEBUG 7503 --- [    Test worker] o.hibernate.internal.SessionFactoryImpl  : Instantiated session factory
2019-12-06 11:18:45.566 DEBUG 7503 --- [    Test worker] o.h.type.spi.TypeConfiguration$Scope     : Scoping TypeConfiguration [org.hibernate.type.spi.TypeConfiguration@1563a90e] to SessionFactoryImpl [org.hibernate.internal.SessionFactoryImpl@230bad2c]
2019-12-06 11:18:45.597 DEBUG 7503 --- [    Test worker] o.h.boot.internal.ClassLoaderAccessImpl  : Not known whether passed class name [kr.gracelove.jojoldu.springboot.domain.posts.Posts] is safe
2019-12-06 11:18:45.597 DEBUG 7503 --- [    Test worker] o.h.boot.internal.ClassLoaderAccessImpl  : No temp ClassLoader provided; using live ClassLoader for loading potentially unsafe class : kr.gracelove.jojoldu.springboot.domain.posts.Posts
2019-12-06 11:18:45.607 DEBUG 7503 --- [    Test worker] o.h.boot.internal.ClassLoaderAccessImpl  : Not known whether passed class name [kr.gracelove.jojoldu.springboot.domain.posts.Posts] is safe
2019-12-06 11:18:45.607 DEBUG 7503 --- [    Test worker] o.h.boot.internal.ClassLoaderAccessImpl  : No temp ClassLoader provided; using live ClassLoader for loading potentially unsafe class : kr.gracelove.jojoldu.springboot.domain.posts.Posts
2019-12-06 11:18:45.763 DEBUG 7503 --- [    Test worker] o.h.p.entity.AbstractEntityPersister     : Static SQL for entity: kr.gracelove.jojoldu.springboot.domain.posts.Posts
2019-12-06 11:18:45.763 DEBUG 7503 --- [    Test worker] o.h.p.entity.AbstractEntityPersister     :  Version select: select id from posts where id =?
2019-12-06 11:18:45.763 DEBUG 7503 --- [    Test worker] o.h.p.entity.AbstractEntityPersister     :  Snapshot select: select posts_.id, posts_.created_date as created_2_0_, posts_.modified_date as modified3_0_, posts_.author as author4_0_, posts_.content as content5_0_, posts_.title as title6_0_ from posts posts_ where posts_.id=?
2019-12-06 11:18:45.763 DEBUG 7503 --- [    Test worker] o.h.p.entity.AbstractEntityPersister     :  Insert 0: insert into posts (created_date, modified_date, author, content, title, id) values (?, ?, ?, ?, ?, ?)
2019-12-06 11:18:45.763 DEBUG 7503 --- [    Test worker] o.h.p.entity.AbstractEntityPersister     :  Update 0: update posts set created_date=?, modified_date=?, author=?, content=?, title=? where id=?
2019-12-06 11:18:45.763 DEBUG 7503 --- [    Test worker] o.h.p.entity.AbstractEntityPersister     :  Delete 0: delete from posts where id=?
2019-12-06 11:18:45.763 DEBUG 7503 --- [    Test worker] o.h.p.entity.AbstractEntityPersister     :  Identity insert: insert into posts (id, created_date, modified_date, author, content, title) values (null, ?, ?, ?, ?, ?)
2019-12-06 11:18:45.784 DEBUG 7503 --- [    Test worker] o.h.l.p.b.i.spaces.QuerySpacesImpl       : Adding QuerySpace : uid = <gen:0> -> org.hibernate.loader.plan.build.internal.spaces.EntityQuerySpaceImpl@797e2012]
2019-12-06 11:18:45.785 DEBUG 7503 --- [    Test worker] o.h.p.walking.spi.MetamodelGraphWalker   : Visiting attribute path : createdDate
2019-12-06 11:18:45.785 DEBUG 7503 --- [    Test worker] o.h.p.walking.spi.MetamodelGraphWalker   : Visiting attribute path : modifiedDate
2019-12-06 11:18:45.785 DEBUG 7503 --- [    Test worker] o.h.p.walking.spi.MetamodelGraphWalker   : Visiting attribute path : author
2019-12-06 11:18:45.785 DEBUG 7503 --- [    Test worker] o.h.p.walking.spi.MetamodelGraphWalker   : Visiting attribute path : content
2019-12-06 11:18:45.785 DEBUG 7503 --- [    Test worker] o.h.p.walking.spi.MetamodelGraphWalker   : Visiting attribute path : title
2019-12-06 11:18:45.785 DEBUG 7503 --- [    Test worker] lanBuildingAssociationVisitationStrategy : Building LoadPlan...
2019-12-06 11:18:45.793 DEBUG 7503 --- [    Test worker] h.l.p.e.i.LoadQueryJoinAndFetchProcessor : processing queryspace <gen:0>
2019-12-06 11:18:45.796 DEBUG 7503 --- [    Test worker] o.h.l.p.build.spi.LoadPlanTreePrinter    : LoadPlan(entity=kr.gracelove.jojoldu.springboot.domain.posts.Posts)
    - Returns
       - EntityReturnImpl(entity=kr.gracelove.jojoldu.springboot.domain.posts.Posts, querySpaceUid=<gen:0>, path=kr.gracelove.jojoldu.springboot.domain.posts.Posts)
    - QuerySpaces
       - EntityQuerySpaceImpl(uid=<gen:0>, entity=kr.gracelove.jojoldu.springboot.domain.posts.Posts)
          - SQL table alias mapping - posts0_
          - alias suffix - 0_
          - suffixed key columns - {id1_0_0_}

2019-12-06 11:18:45.797 DEBUG 7503 --- [    Test worker] o.h.loader.entity.plan.EntityLoader      : Static select for entity kr.gracelove.jojoldu.springboot.domain.posts.Posts [NONE]: select posts0_.id as id1_0_0_, posts0_.created_date as created_2_0_0_, posts0_.modified_date as modified3_0_0_, posts0_.author as author4_0_0_, posts0_.content as content5_0_0_, posts0_.title as title6_0_0_ from posts posts0_ where posts0_.id=?
2019-12-06 11:18:45.797 DEBUG 7503 --- [    Test worker] o.h.l.p.b.i.spaces.QuerySpacesImpl       : Adding QuerySpace : uid = <gen:0> -> org.hibernate.loader.plan.build.internal.spaces.EntityQuerySpaceImpl@67281a08]
2019-12-06 11:18:45.797 DEBUG 7503 --- [    Test worker] o.h.p.walking.spi.MetamodelGraphWalker   : Visiting attribute path : createdDate
2019-12-06 11:18:45.797 DEBUG 7503 --- [    Test worker] o.h.p.walking.spi.MetamodelGraphWalker   : Visiting attribute path : modifiedDate
2019-12-06 11:18:45.797 DEBUG 7503 --- [    Test worker] o.h.p.walking.spi.MetamodelGraphWalker   : Visiting attribute path : author
2019-12-06 11:18:45.797 DEBUG 7503 --- [    Test worker] o.h.p.walking.spi.MetamodelGraphWalker   : Visiting attribute path : content
2019-12-06 11:18:45.797 DEBUG 7503 --- [    Test worker] o.h.p.walking.spi.MetamodelGraphWalker   : Visiting attribute path : title
2019-12-06 11:18:45.797 DEBUG 7503 --- [    Test worker] lanBuildingAssociationVisitationStrategy : Building LoadPlan...
2019-12-06 11:18:45.798 DEBUG 7503 --- [    Test worker] h.l.p.e.i.LoadQueryJoinAndFetchProcessor : processing queryspace <gen:0>
2019-12-06 11:18:45.798 DEBUG 7503 --- [    Test worker] o.h.l.p.build.spi.LoadPlanTreePrinter    : LoadPlan(entity=kr.gracelove.jojoldu.springboot.domain.posts.Posts)
    - Returns
       - EntityReturnImpl(entity=kr.gracelove.jojoldu.springboot.domain.posts.Posts, querySpaceUid=<gen:0>, path=kr.gracelove.jojoldu.springboot.domain.posts.Posts)
    - QuerySpaces
       - EntityQuerySpaceImpl(uid=<gen:0>, entity=kr.gracelove.jojoldu.springboot.domain.posts.Posts)
          - SQL table alias mapping - posts0_
          - alias suffix - 0_
          - suffixed key columns - {id1_0_0_}

2019-12-06 11:18:45.798 DEBUG 7503 --- [    Test worker] o.h.loader.entity.plan.EntityLoader      : Static select for entity kr.gracelove.jojoldu.springboot.domain.posts.Posts [READ]: select posts0_.id as id1_0_0_, posts0_.created_date as created_2_0_0_, posts0_.modified_date as modified3_0_0_, posts0_.author as author4_0_0_, posts0_.content as content5_0_0_, posts0_.title as title6_0_0_ from posts posts0_ where posts0_.id=?
2019-12-06 11:18:45.807 DEBUG 7503 --- [    Test worker] org.hibernate.loader.Loader              : Static select for action ACTION_MERGE on entity kr.gracelove.jojoldu.springboot.domain.posts.Posts: select posts0_.id as id1_0_0_, posts0_.created_date as created_2_0_0_, posts0_.modified_date as modified3_0_0_, posts0_.author as author4_0_0_, posts0_.content as content5_0_0_, posts0_.title as title6_0_0_ from posts posts0_ where posts0_.id=?
2019-12-06 11:18:45.807 DEBUG 7503 --- [    Test worker] org.hibernate.loader.Loader              : Static select for action ACTION_REFRESH on entity kr.gracelove.jojoldu.springboot.domain.posts.Posts: select posts0_.id as id1_0_0_, posts0_.created_date as created_2_0_0_, posts0_.modified_date as modified3_0_0_, posts0_.author as author4_0_0_, posts0_.content as content5_0_0_, posts0_.title as title6_0_0_ from posts posts0_ where posts0_.id=?
2019-12-06 11:18:45.827 DEBUG 7503 --- [    Test worker] org.hibernate.SQL                        : drop table posts if exists
Hibernate: drop table posts if exists
2019-12-06 11:18:45.831 DEBUG 7503 --- [    Test worker] org.hibernate.SQL                        : create table posts (id bigint generated by default as identity, created_date timestamp, modified_date timestamp, author varchar(255), content TEXT not null, title varchar(500) not null, primary key (id))
Hibernate: create table posts (id bigint generated by default as identity, created_date timestamp, modified_date timestamp, author varchar(255), content TEXT not null, title varchar(500) not null, primary key (id))
2019-12-06 11:18:45.838  INFO 7503 --- [    Test worker] o.h.t.schema.internal.SchemaCreatorImpl  : HHH000476: Executing import script 'org.hibernate.tool.schema.internal.exec.ScriptSourceInputNonExistentImpl@d791d24'
2019-12-06 11:18:45.839 DEBUG 7503 --- [    Test worker] o.h.query.spi.NamedQueryRepository       : Checking 0 named HQL queries
2019-12-06 11:18:45.839 DEBUG 7503 --- [    Test worker] o.h.query.spi.NamedQueryRepository       : Checking 0 named SQL queries
2019-12-06 11:18:45.840 DEBUG 7503 --- [    Test worker] o.h.internal.SessionFactoryRegistry      : Initializing SessionFactoryRegistry : org.hibernate.internal.SessionFactoryRegistry@78087b21
2019-12-06 11:18:45.840 DEBUG 7503 --- [    Test worker] o.h.internal.SessionFactoryRegistry      : Registering SessionFactory: 9a014e3d-b199-43bf-88d3-0ee8316b59ab (<unnamed>)
2019-12-06 11:18:45.840 DEBUG 7503 --- [    Test worker] o.h.internal.SessionFactoryRegistry      : Not binding SessionFactory to JNDI, no JNDI name configured
2019-12-06 11:18:45.840  INFO 7503 --- [    Test worker] j.LocalContainerEntityManagerFactoryBean : Initialized JPA EntityManagerFactory for persistence unit 'default'
2019-12-06 11:18:45.842 DEBUG 7503 --- [    Test worker] o.s.jdbc.datasource.DataSourceUtils      : Fetching JDBC Connection from DataSource
2019-12-06 11:18:45.843 DEBUG 7503 --- [    Test worker] o.s.b.f.s.DefaultListableBeanFactory     : Creating shared instance of singleton bean 'application'
2019-12-06 11:18:45.845 DEBUG 7503 --- [    Test worker] o.s.b.f.s.DefaultListableBeanFactory     : Creating shared instance of singleton bean 'postsService'
2019-12-06 11:18:45.846 DEBUG 7503 --- [    Test worker] o.s.b.f.s.DefaultListableBeanFactory     : Creating shared instance of singleton bean 'postsRepository'
2019-12-06 11:18:45.883 DEBUG 7503 --- [    Test worker] o.s.b.f.s.DefaultListableBeanFactory     : Creating shared instance of singleton bean 'jpaMappingContext'
2019-12-06 11:18:45.887 DEBUG 7503 --- [    Test worker] .c.JpaMetamodelMappingContextFactoryBean : Initializing JpaMetamodelMappingContext…
2019-12-06 11:18:45.899 DEBUG 7503 --- [    Test worker] .c.JpaMetamodelMappingContextFactoryBean : Finished initializing JpaMetamodelMappingContext!
2019-12-06 11:18:45.909 DEBUG 7503 --- [    Test worker] tor$SharedEntityManagerInvocationHandler : Creating new EntityManager for shared EntityManager invocation
2019-12-06 11:18:45.970 DEBUG 7503 --- [    Test worker] o.h.stat.internal.StatisticsInitiator    : Statistics initialized [enabled=false]
2019-12-06 11:18:45.978 DEBUG 7503 --- [    Test worker] tor$SharedEntityManagerInvocationHandler : Creating new EntityManager for shared EntityManager invocation
2019-12-06 11:18:46.160 DEBUG 7503 --- [    Test worker] o.s.d.r.c.s.RepositoryFactorySupport     : Initializing repository instance for kr.gracelove.jojoldu.springboot.domain.posts.PostsRepository…
2019-12-06 11:18:46.174 DEBUG 7503 --- [    Test worker] tor$SharedEntityManagerInvocationHandler : Creating new EntityManager for shared EntityManager invocation
2019-12-06 11:18:46.201 DEBUG 7503 --- [    Test worker] tor$SharedEntityManagerInvocationHandler : Creating new EntityManager for shared EntityManager invocation
2019-12-06 11:18:46.212 DEBUG 7503 --- [    Test worker] o.s.d.r.c.s.RepositoryFactorySupport     : Finished creation of repository instance for kr.gracelove.jojoldu.springboot.domain.posts.PostsRepository.
2019-12-06 11:18:46.215 DEBUG 7503 --- [    Test worker] o.s.b.f.s.DefaultListableBeanFactory     : Autowiring by type from bean name 'postsService' via constructor to bean named 'postsRepository'
2019-12-06 11:18:46.235 DEBUG 7503 --- [    Test worker] o.s.b.f.s.DefaultListableBeanFactory     : Creating shared instance of singleton bean 'helloController'
2019-12-06 11:18:46.237 DEBUG 7503 --- [    Test worker] o.s.b.f.s.DefaultListableBeanFactory     : Creating shared instance of singleton bean 'indexController'
2019-12-06 11:18:46.238 DEBUG 7503 --- [    Test worker] o.s.b.f.s.DefaultListableBeanFactory     : Creating shared instance of singleton bean 'postsApiController'
2019-12-06 11:18:46.239 DEBUG 7503 --- [    Test worker] o.s.b.f.s.DefaultListableBeanFactory     : Autowiring by type from bean name 'postsApiController' via constructor to bean named 'postsService'
2019-12-06 11:18:46.241 DEBUG 7503 --- [    Test worker] o.s.b.f.s.DefaultListableBeanFactory     : Creating shared instance of singleton bean 'jpaAuditingHandler'
2019-12-06 11:18:46.246 DEBUG 7503 --- [    Test worker] o.s.data.auditing.AuditingHandler        : No AuditorAware set! Auditing will not be applied!
2019-12-06 11:18:46.246 DEBUG 7503 --- [    Test worker] o.s.b.f.s.DefaultListableBeanFactory     : Creating shared instance of singleton bean 'org.springframework.data.jpa.domain.support.AuditingEntityListener'
2019-12-06 11:18:46.248 DEBUG 7503 --- [    Test worker] o.s.b.f.s.DefaultListableBeanFactory     : Creating shared instance of singleton bean 'org.springframework.boot.autoconfigure.context.PropertyPlaceholderAutoConfiguration'
2019-12-06 11:18:46.251 DEBUG 7503 --- [    Test worker] o.s.b.f.s.DefaultListableBeanFactory     : Creating shared instance of singleton bean 'org.springframework.boot.autoconfigure.websocket.servlet.WebSocketServletAutoConfiguration'
2019-12-06 11:18:46.254 DEBUG 7503 --- [    Test worker] o.s.b.f.s.DefaultListableBeanFactory     : Creating shared instance of singleton bean 'org.springframework.boot.autoconfigure.web.servlet.DispatcherServletAutoConfiguration'
2019-12-06 11:18:46.257 DEBUG 7503 --- [    Test worker] o.s.b.f.s.DefaultListableBeanFactory     : Creating shared instance of singleton bean 'org.springframework.boot.autoconfigure.task.TaskExecutionAutoConfiguration'
2019-12-06 11:18:46.257 DEBUG 7503 --- [    Test worker] ocalVariableTableParameterNameDiscoverer : Cannot find '.class' file for class [class org.springframework.boot.autoconfigure.task.TaskExecutionAutoConfiguration$$EnhancerBySpringCGLIB$$cec5ea5d] - unable to determine constructor/method parameter names
2019-12-06 11:18:46.259 DEBUG 7503 --- [    Test worker] o.s.b.f.s.DefaultListableBeanFactory     : Creating shared instance of singleton bean 'spring.task.execution-org.springframework.boot.autoconfigure.task.TaskExecutionProperties'
2019-12-06 11:18:46.262 DEBUG 7503 --- [    Test worker] o.s.b.f.s.DefaultListableBeanFactory     : Autowiring by type from bean name 'org.springframework.boot.autoconfigure.task.TaskExecutionAutoConfiguration' via constructor to bean named 'spring.task.execution-org.springframework.boot.autoconfigure.task.TaskExecutionProperties'
2019-12-06 11:18:46.265 DEBUG 7503 --- [    Test worker] o.s.b.f.s.DefaultListableBeanFactory     : Creating shared instance of singleton bean 'taskExecutorBuilder'
2019-12-06 11:18:46.272 DEBUG 7503 --- [    Test worker] o.s.b.f.s.DefaultListableBeanFactory     : Creating shared instance of singleton bean 'org.springframework.boot.autoconfigure.validation.ValidationAutoConfiguration'
2019-12-06 11:18:46.274 DEBUG 7503 --- [    Test worker] o.s.b.f.s.DefaultListableBeanFactory     : Creating shared instance of singleton bean 'defaultValidator'
2019-12-06 11:18:46.277 DEBUG 7503 --- [    Test worker] o.h.v.i.e.resolver.TraversableResolvers  : Found javax.persistence.Persistence on classpath containing 'getPersistenceUtil'. Assuming JPA 2 environment. Trying to instantiate JPA aware TraversableResolver
2019-12-06 11:18:46.277 DEBUG 7503 --- [    Test worker] o.h.v.i.e.resolver.TraversableResolvers  : Instantiated JPA aware TraversableResolver of type org.hibernate.validator.internal.engine.resolver.JPATraversableResolver.
2019-12-06 11:18:46.277 DEBUG 7503 --- [    Test worker] .h.v.m.ResourceBundleMessageInterpolator : Loaded expression factory via original TCCL
2019-12-06 11:18:46.284 DEBUG 7503 --- [    Test worker] o.h.v.i.e.resolver.TraversableResolvers  : Found javax.persistence.Persistence on classpath containing 'getPersistenceUtil'. Assuming JPA 2 environment. Trying to instantiate JPA aware TraversableResolver
2019-12-06 11:18:46.284 DEBUG 7503 --- [    Test worker] o.h.v.i.e.resolver.TraversableResolvers  : Instantiated JPA aware TraversableResolver of type org.hibernate.validator.internal.engine.resolver.JPATraversableResolver.
2019-12-06 11:18:46.284 DEBUG 7503 --- [    Test worker] o.h.v.internal.engine.ConfigurationImpl  : Setting custom MessageInterpolator of type org.springframework.validation.beanvalidation.LocaleContextMessageInterpolator
2019-12-06 11:18:46.285 DEBUG 7503 --- [    Test worker] o.h.v.internal.engine.ConfigurationImpl  : Setting custom ConstraintValidatorFactory of type org.springframework.validation.beanvalidation.SpringConstraintValidatorFactory
2019-12-06 11:18:46.285 DEBUG 7503 --- [    Test worker] o.h.v.internal.engine.ConfigurationImpl  : Setting custom ParameterNameProvider of type org.springframework.validation.beanvalidation.LocalValidatorFactoryBean$1
2019-12-06 11:18:46.286 DEBUG 7503 --- [    Test worker] o.h.v.i.xml.config.ValidationXmlParser   : Trying to load META-INF/validation.xml for XML based Validator configuration.
2019-12-06 11:18:46.286 DEBUG 7503 --- [    Test worker] o.h.v.i.xml.config.ResourceLoaderHelper  : Trying to load META-INF/validation.xml via user class loader
2019-12-06 11:18:46.286 DEBUG 7503 --- [    Test worker] o.h.v.i.xml.config.ResourceLoaderHelper  : Trying to load META-INF/validation.xml via TCCL
2019-12-06 11:18:46.286 DEBUG 7503 --- [    Test worker] o.h.v.i.xml.config.ResourceLoaderHelper  : Trying to load META-INF/validation.xml via Hibernate Validator's class loader
2019-12-06 11:18:46.286 DEBUG 7503 --- [    Test worker] o.h.v.i.xml.config.ValidationXmlParser   : No META-INF/validation.xml found. Using annotation based configuration only.
2019-12-06 11:18:46.290 DEBUG 7503 --- [    Test worker] o.h.v.i.engine.ValidatorFactoryImpl      : HV000234: Using org.springframework.validation.beanvalidation.LocaleContextMessageInterpolator as ValidatorFactory-scoped message interpolator.
2019-12-06 11:18:46.290 DEBUG 7503 --- [    Test worker] o.h.v.i.engine.ValidatorFactoryImpl      : HV000234: Using org.hibernate.validator.internal.engine.resolver.JPATraversableResolver as ValidatorFactory-scoped traversable resolver.
2019-12-06 11:18:46.290 DEBUG 7503 --- [    Test worker] o.h.v.i.engine.ValidatorFactoryImpl      : HV000234: Using org.hibernate.validator.internal.util.ExecutableParameterNameProvider as ValidatorFactory-scoped parameter name provider.
2019-12-06 11:18:46.290 DEBUG 7503 --- [    Test worker] o.h.v.i.engine.ValidatorFactoryImpl      : HV000234: Using org.hibernate.validator.internal.engine.DefaultClockProvider as ValidatorFactory-scoped clock provider.
2019-12-06 11:18:46.290 DEBUG 7503 --- [    Test worker] o.h.v.i.engine.ValidatorFactoryImpl      : HV000234: Using org.hibernate.validator.internal.engine.scripting.DefaultScriptEvaluatorFactory as ValidatorFactory-scoped script evaluator factory.
2019-12-06 11:18:46.292 DEBUG 7503 --- [    Test worker] o.s.b.f.s.DefaultListableBeanFactory     : Creating shared instance of singleton bean 'org.springframework.boot.autoconfigure.web.servlet.error.ErrorMvcAutoConfiguration$WhitelabelErrorViewConfiguration'
2019-12-06 11:18:46.295 DEBUG 7503 --- [    Test worker] o.s.b.f.s.DefaultListableBeanFactory     : Creating shared instance of singleton bean 'error'
2019-12-06 11:18:46.300 DEBUG 7503 --- [    Test worker] o.s.b.f.s.DefaultListableBeanFactory     : Creating shared instance of singleton bean 'beanNameViewResolver'
2019-12-06 11:18:46.305 DEBUG 7503 --- [    Test worker] o.s.b.f.s.DefaultListableBeanFactory     : Creating shared instance of singleton bean 'errorAttributes'
2019-12-06 11:18:46.308 DEBUG 7503 --- [    Test worker] o.s.b.f.s.DefaultListableBeanFactory     : Creating shared instance of singleton bean 'basicErrorController'
2019-12-06 11:18:46.309 DEBUG 7503 --- [    Test worker] o.s.b.f.s.DefaultListableBeanFactory     : Autowiring by type from bean name 'basicErrorController' via factory method to bean named 'errorAttributes'
2019-12-06 11:18:46.313 DEBUG 7503 --- [    Test worker] o.s.b.f.s.DefaultListableBeanFactory     : Creating shared instance of singleton bean 'org.springframework.boot.autoconfigure.web.servlet.WebMvcAutoConfiguration$WebMvcAutoConfigurationAdapter$FaviconConfiguration'
2019-12-06 11:18:46.314 DEBUG 7503 --- [    Test worker] ocalVariableTableParameterNameDiscoverer : Cannot find '.class' file for class [class org.springframework.boot.autoconfigure.web.servlet.WebMvcAutoConfiguration$WebMvcAutoConfigurationAdapter$FaviconConfiguration$$EnhancerBySpringCGLIB$$c547532] - unable to determine constructor/method parameter names
2019-12-06 11:18:46.315 DEBUG 7503 --- [    Test worker] o.s.b.f.s.DefaultListableBeanFactory     : Autowiring by type from bean name 'org.springframework.boot.autoconfigure.web.servlet.WebMvcAutoConfiguration$WebMvcAutoConfigurationAdapter$FaviconConfiguration' via constructor to bean named 'spring.resources-org.springframework.boot.autoconfigure.web.ResourceProperties'
2019-12-06 11:18:46.318 DEBUG 7503 --- [    Test worker] o.s.b.f.s.DefaultListableBeanFactory     : Creating shared instance of singleton bean 'faviconHandlerMapping'
2019-12-06 11:18:46.323 DEBUG 7503 --- [    Test worker] o.s.b.f.s.DefaultListableBeanFactory     : Creating shared instance of singleton bean 'faviconRequestHandler'
2019-12-06 11:18:46.350 DEBUG 7503 --- [    Test worker] o.s.w.s.handler.SimpleUrlHandlerMapping  : Patterns [/**/favicon.ico] in 'faviconHandlerMapping'
2019-12-06 11:18:46.351 DEBUG 7503 --- [    Test worker] o.s.b.f.s.DefaultListableBeanFactory     : Creating shared instance of singleton bean 'org.springframework.boot.autoconfigure.web.servlet.WebMvcAutoConfiguration$EnableWebMvcConfiguration'
2019-12-06 11:18:46.352 DEBUG 7503 --- [    Test worker] ocalVariableTableParameterNameDiscoverer : Cannot find '.class' file for class [class org.springframework.boot.autoconfigure.web.servlet.WebMvcAutoConfiguration$EnableWebMvcConfiguration$$EnhancerBySpringCGLIB$$ae13a207] - unable to determine constructor/method parameter names
2019-12-06 11:18:46.353 DEBUG 7503 --- [    Test worker] o.s.b.f.s.DefaultListableBeanFactory     : Autowiring by type from bean name 'org.springframework.boot.autoconfigure.web.servlet.WebMvcAutoConfiguration$EnableWebMvcConfiguration' via constructor to bean named 'spring.resources-org.springframework.boot.autoconfigure.web.ResourceProperties'
2019-12-06 11:18:46.353 DEBUG 7503 --- [    Test worker] o.s.b.f.s.DefaultListableBeanFactory     : Autowiring by type from bean name 'org.springframework.boot.autoconfigure.web.servlet.WebMvcAutoConfiguration$EnableWebMvcConfiguration' via constructor to bean named 'org.springframework.beans.factory.support.DefaultListableBeanFactory@25d18f1f'
2019-12-06 11:18:46.362 DEBUG 7503 --- [    Test worker] o.s.b.f.s.DefaultListableBeanFactory     : Creating shared instance of singleton bean 'org.springframework.boot.autoconfigure.web.servlet.WebMvcAutoConfiguration$WebMvcAutoConfigurationAdapter'
2019-12-06 11:18:46.363 DEBUG 7503 --- [    Test worker] ocalVariableTableParameterNameDiscoverer : Cannot find '.class' file for class [class org.springframework.boot.autoconfigure.web.servlet.WebMvcAutoConfiguration$WebMvcAutoConfigurationAdapter$$EnhancerBySpringCGLIB$$50176cec] - unable to determine constructor/method parameter names
2019-12-06 11:18:46.363 DEBUG 7503 --- [    Test worker] o.s.b.f.s.DefaultListableBeanFactory     : Autowiring by type from bean name 'org.springframework.boot.autoconfigure.web.servlet.WebMvcAutoConfiguration$WebMvcAutoConfigurationAdapter' via constructor to bean named 'spring.resources-org.springframework.boot.autoconfigure.web.ResourceProperties'
2019-12-06 11:18:46.363 DEBUG 7503 --- [    Test worker] o.s.b.f.s.DefaultListableBeanFactory     : Autowiring by type from bean name 'org.springframework.boot.autoconfigure.web.servlet.WebMvcAutoConfiguration$WebMvcAutoConfigurationAdapter' via constructor to bean named 'spring.mvc-org.springframework.boot.autoconfigure.web.servlet.WebMvcProperties'
2019-12-06 11:18:46.363 DEBUG 7503 --- [    Test worker] o.s.b.f.s.DefaultListableBeanFactory     : Autowiring by type from bean name 'org.springframework.boot.autoconfigure.web.servlet.WebMvcAutoConfiguration$WebMvcAutoConfigurationAdapter' via constructor to bean named 'org.springframework.beans.factory.support.DefaultListableBeanFactory@25d18f1f'
2019-12-06 11:18:46.368 DEBUG 7503 --- [    Test worker] o.s.b.f.s.DefaultListableBeanFactory     : Creating shared instance of singleton bean 'org.springframework.boot.autoconfigure.orm.jpa.JpaBaseConfiguration$JpaWebConfiguration$JpaWebMvcConfiguration'
2019-12-06 11:18:46.368 DEBUG 7503 --- [    Test worker] ocalVariableTableParameterNameDiscoverer : Cannot find '.class' file for class [class org.springframework.boot.autoconfigure.orm.jpa.JpaBaseConfiguration$JpaWebConfiguration$JpaWebMvcConfiguration$$EnhancerBySpringCGLIB$$8c615e7f] - unable to determine constructor/method parameter names
2019-12-06 11:18:46.369 DEBUG 7503 --- [    Test worker] o.s.b.f.s.DefaultListableBeanFactory     : Autowiring by type from bean name 'org.springframework.boot.autoconfigure.orm.jpa.JpaBaseConfiguration$JpaWebConfiguration$JpaWebMvcConfiguration' via constructor to bean named 'spring.jpa-org.springframework.boot.autoconfigure.orm.jpa.JpaProperties'
2019-12-06 11:18:46.373 DEBUG 7503 --- [    Test worker] o.s.b.f.s.DefaultListableBeanFactory     : Creating shared instance of singleton bean 'org.springframework.data.web.config.SpringDataWebConfiguration'
2019-12-06 11:18:46.373 DEBUG 7503 --- [    Test worker] ocalVariableTableParameterNameDiscoverer : Cannot find '.class' file for class [class org.springframework.data.web.config.SpringDataWebConfiguration$$EnhancerBySpringCGLIB$$a48a7fda] - unable to determine constructor/method parameter names
2019-12-06 11:18:46.374 DEBUG 7503 --- [    Test worker] o.s.b.f.s.DefaultListableBeanFactory     : Autowiring by type from bean name 'org.springframework.data.web.config.SpringDataWebConfiguration' via constructor to bean named 'org.springframework.boot.web.servlet.context.AnnotationConfigServletWebServerApplicationContext@3302270e'
2019-12-06 11:18:46.380 DEBUG 7503 --- [    Test worker] o.s.b.f.s.DefaultListableBeanFactory     : Creating shared instance of singleton bean 'pageableCustomizer'
2019-12-06 11:18:46.380 DEBUG 7503 --- [    Test worker] o.s.b.f.s.DefaultListableBeanFactory     : Creating shared instance of singleton bean 'org.springframework.boot.autoconfigure.data.web.SpringDataWebAutoConfiguration'
2019-12-06 11:18:46.380 DEBUG 7503 --- [    Test worker] ocalVariableTableParameterNameDiscoverer : Cannot find '.class' file for class [class org.springframework.boot.autoconfigure.data.web.SpringDataWebAutoConfiguration$$EnhancerBySpringCGLIB$$2ebd07a8] - unable to determine constructor/method parameter names
2019-12-06 11:18:46.381 DEBUG 7503 --- [    Test worker] o.s.b.f.s.DefaultListableBeanFactory     : Creating shared instance of singleton bean 'spring.data.web-org.springframework.boot.autoconfigure.data.web.SpringDataWebProperties'
2019-12-06 11:18:46.382 DEBUG 7503 --- [    Test worker] o.s.b.f.s.DefaultListableBeanFactory     : Autowiring by type from bean name 'org.springframework.boot.autoconfigure.data.web.SpringDataWebAutoConfiguration' via constructor to bean named 'spring.data.web-org.springframework.boot.autoconfigure.data.web.SpringDataWebProperties'
2019-12-06 11:18:46.389 DEBUG 7503 --- [    Test worker] o.s.b.f.s.DefaultListableBeanFactory     : Creating shared instance of singleton bean 'sortCustomizer'
2019-12-06 11:18:46.393 DEBUG 7503 --- [    Test worker] o.s.b.f.s.DefaultListableBeanFactory     : Creating shared instance of singleton bean 'requestMappingHandlerAdapter'
2019-12-06 11:18:46.406 DEBUG 7503 --- [    Test worker] o.s.b.f.s.DefaultListableBeanFactory     : Creating shared instance of singleton bean 'mvcContentNegotiationManager'
2019-12-06 11:18:46.410 DEBUG 7503 --- [    Test worker] o.s.b.f.s.DefaultListableBeanFactory     : Creating shared instance of singleton bean 'messageConverters'
2019-12-06 11:18:46.410 DEBUG 7503 --- [    Test worker] o.s.b.f.s.DefaultListableBeanFactory     : Creating shared instance of singleton bean 'org.springframework.boot.autoconfigure.http.HttpMessageConvertersAutoConfiguration'
2019-12-06 11:18:46.411 DEBUG 7503 --- [    Test worker] ocalVariableTableParameterNameDiscoverer : Cannot find '.class' file for class [class org.springframework.boot.autoconfigure.http.HttpMessageConvertersAutoConfiguration$$EnhancerBySpringCGLIB$$5d5a1d1b] - unable to determine constructor/method parameter names
2019-12-06 11:18:46.412 DEBUG 7503 --- [    Test worker] o.s.b.f.s.DefaultListableBeanFactory     : Creating shared instance of singleton bean 'stringHttpMessageConverter'
2019-12-06 11:18:46.412 DEBUG 7503 --- [    Test worker] o.s.b.f.s.DefaultListableBeanFactory     : Creating shared instance of singleton bean 'org.springframework.boot.autoconfigure.http.HttpMessageConvertersAutoConfiguration$StringHttpMessageConverterConfiguration'
2019-12-06 11:18:46.412 DEBUG 7503 --- [    Test worker] ocalVariableTableParameterNameDiscoverer : Cannot find '.class' file for class [class org.springframework.boot.autoconfigure.http.HttpMessageConvertersAutoConfiguration$StringHttpMessageConverterConfiguration$$EnhancerBySpringCGLIB$$9067e3bb] - unable to determine constructor/method parameter names
2019-12-06 11:18:46.413 DEBUG 7503 --- [    Test worker] o.s.b.f.s.DefaultListableBeanFactory     : Autowiring by type from bean name 'org.springframework.boot.autoconfigure.http.HttpMessageConvertersAutoConfiguration$StringHttpMessageConverterConfiguration' via constructor to bean named 'spring.http-org.springframework.boot.autoconfigure.http.HttpProperties'
2019-12-06 11:18:46.422 DEBUG 7503 --- [    Test worker] o.s.b.f.s.DefaultListableBeanFactory     : Creating shared instance of singleton bean 'mappingJackson2HttpMessageConverter'
2019-12-06 11:18:46.422 DEBUG 7503 --- [    Test worker] o.s.b.f.s.DefaultListableBeanFactory     : Creating shared instance of singleton bean 'org.springframework.boot.autoconfigure.http.JacksonHttpMessageConvertersConfiguration$MappingJackson2HttpMessageConverterConfiguration'
2019-12-06 11:18:46.425 DEBUG 7503 --- [    Test worker] o.s.b.f.s.DefaultListableBeanFactory     : Creating shared instance of singleton bean 'jacksonObjectMapper'
2019-12-06 11:18:46.426 DEBUG 7503 --- [    Test worker] o.s.b.f.s.DefaultListableBeanFactory     : Creating shared instance of singleton bean 'org.springframework.boot.autoconfigure.jackson.JacksonAutoConfiguration$JacksonObjectMapperConfiguration'
2019-12-06 11:18:46.429 DEBUG 7503 --- [    Test worker] o.s.b.f.s.DefaultListableBeanFactory     : Creating shared instance of singleton bean 'jacksonObjectMapperBuilder'
2019-12-06 11:18:46.429 DEBUG 7503 --- [    Test worker] o.s.b.f.s.DefaultListableBeanFactory     : Creating shared instance of singleton bean 'org.springframework.boot.autoconfigure.jackson.JacksonAutoConfiguration$JacksonObjectMapperBuilderConfiguration'
2019-12-06 11:18:46.429 DEBUG 7503 --- [    Test worker] ocalVariableTableParameterNameDiscoverer : Cannot find '.class' file for class [class org.springframework.boot.autoconfigure.jackson.JacksonAutoConfiguration$JacksonObjectMapperBuilderConfiguration$$EnhancerBySpringCGLIB$$51069331] - unable to determine constructor/method parameter names
2019-12-06 11:18:46.429 DEBUG 7503 --- [    Test worker] o.s.b.f.s.DefaultListableBeanFactory     : Autowiring by type from bean name 'org.springframework.boot.autoconfigure.jackson.JacksonAutoConfiguration$JacksonObjectMapperBuilderConfiguration' via constructor to bean named 'org.springframework.boot.web.servlet.context.AnnotationConfigServletWebServerApplicationContext@3302270e'
2019-12-06 11:18:46.433 DEBUG 7503 --- [    Test worker] o.s.b.f.s.DefaultListableBeanFactory     : Creating shared instance of singleton bean 'standardJacksonObjectMapperBuilderCustomizer'
2019-12-06 11:18:46.433 DEBUG 7503 --- [    Test worker] o.s.b.f.s.DefaultListableBeanFactory     : Creating shared instance of singleton bean 'org.springframework.boot.autoconfigure.jackson.JacksonAutoConfiguration$Jackson2ObjectMapperBuilderCustomizerConfiguration'
2019-12-06 11:18:46.436 DEBUG 7503 --- [    Test worker] o.s.b.f.s.DefaultListableBeanFactory     : Creating shared instance of singleton bean 'spring.jackson-org.springframework.boot.autoconfigure.jackson.JacksonProperties'
2019-12-06 11:18:46.438 DEBUG 7503 --- [    Test worker] o.s.b.f.s.DefaultListableBeanFactory     : Autowiring by type from bean name 'standardJacksonObjectMapperBuilderCustomizer' via factory method to bean named 'org.springframework.boot.web.servlet.context.AnnotationConfigServletWebServerApplicationContext@3302270e'
2019-12-06 11:18:46.438 DEBUG 7503 --- [    Test worker] o.s.b.f.s.DefaultListableBeanFactory     : Autowiring by type from bean name 'standardJacksonObjectMapperBuilderCustomizer' via factory method to bean named 'spring.jackson-org.springframework.boot.autoconfigure.jackson.JacksonProperties'
2019-12-06 11:18:46.443 DEBUG 7503 --- [    Test worker] o.s.b.f.s.DefaultListableBeanFactory     : Autowiring by type from bean name 'jacksonObjectMapperBuilder' via factory method to bean named 'standardJacksonObjectMapperBuilderCustomizer'
2019-12-06 11:18:46.446 DEBUG 7503 --- [    Test worker] o.s.b.f.s.DefaultListableBeanFactory     : Creating shared instance of singleton bean 'parameterNamesModule'
2019-12-06 11:18:46.446 DEBUG 7503 --- [    Test worker] o.s.b.f.s.DefaultListableBeanFactory     : Creating shared instance of singleton bean 'org.springframework.boot.autoconfigure.jackson.JacksonAutoConfiguration$ParameterNamesModuleConfiguration'
2019-12-06 11:18:46.459 DEBUG 7503 --- [    Test worker] o.s.b.f.s.DefaultListableBeanFactory     : Creating shared instance of singleton bean 'jsonComponentModule'
2019-12-06 11:18:46.459 DEBUG 7503 --- [    Test worker] o.s.b.f.s.DefaultListableBeanFactory     : Creating shared instance of singleton bean 'org.springframework.boot.autoconfigure.jackson.JacksonAutoConfiguration'
2019-12-06 11:18:46.468 DEBUG 7503 --- [    Test worker] o.s.b.f.s.DefaultListableBeanFactory     : Creating shared instance of singleton bean 'jacksonGeoModule'
2019-12-06 11:18:46.469 DEBUG 7503 --- [    Test worker] o.s.b.f.s.DefaultListableBeanFactory     : Creating shared instance of singleton bean 'org.springframework.data.web.config.SpringDataJacksonConfiguration'
2019-12-06 11:18:46.477 DEBUG 7503 --- [    Test worker] o.s.b.f.s.DefaultListableBeanFactory     : Autowiring by type from bean name 'jacksonObjectMapper' via factory method to bean named 'jacksonObjectMapperBuilder'
2019-12-06 11:18:46.501 DEBUG 7503 --- [    Test worker] o.s.b.f.s.DefaultListableBeanFactory     : Autowiring by type from bean name 'mappingJackson2HttpMessageConverter' via factory method to bean named 'jacksonObjectMapper'
2019-12-06 11:18:46.545 DEBUG 7503 --- [    Test worker] o.s.b.f.s.DefaultListableBeanFactory     : Creating shared instance of singleton bean 'mvcConversionService'
2019-12-06 11:18:46.560 DEBUG 7503 --- [    Test worker] o.s.b.f.s.DefaultListableBeanFactory     : Creating shared instance of singleton bean 'mvcValidator'
2019-12-06 11:18:46.564 DEBUG 7503 --- [    Test worker] o.s.b.f.s.DefaultListableBeanFactory     : Creating shared instance of singleton bean 'sortResolver'
2019-12-06 11:18:46.571 DEBUG 7503 --- [    Test worker] o.s.b.f.s.DefaultListableBeanFactory     : Creating shared instance of singleton bean 'pageableResolver'
2019-12-06 11:18:46.575 DEBUG 7503 --- [    Test worker] o.s.b.f.s.DefaultListableBeanFactory     : Creating shared instance of singleton bean 'applicationTaskExecutor'
2019-12-06 11:18:46.576 DEBUG 7503 --- [    Test worker] o.s.b.f.s.DefaultListableBeanFactory     : Autowiring by type from bean name 'applicationTaskExecutor' via factory method to bean named 'taskExecutorBuilder'
2019-12-06 11:18:46.585  INFO 7503 --- [    Test worker] o.s.s.concurrent.ThreadPoolTaskExecutor  : Initializing ExecutorService 'applicationTaskExecutor'
2019-12-06 11:18:46.597 DEBUG 7503 --- [    Test worker] s.w.s.m.m.a.RequestMappingHandlerAdapter : ControllerAdvice beans: 0 @ModelAttribute, 0 @InitBinder, 1 RequestBodyAdvice, 1 ResponseBodyAdvice
2019-12-06 11:18:46.620 DEBUG 7503 --- [    Test worker] o.s.b.f.s.DefaultListableBeanFactory     : Creating shared instance of singleton bean 'requestMappingHandlerMapping'
2019-12-06 11:18:46.626 DEBUG 7503 --- [    Test worker] o.s.b.f.s.DefaultListableBeanFactory     : Creating shared instance of singleton bean 'openEntityManagerInViewInterceptor'
2019-12-06 11:18:46.629  WARN 7503 --- [    Test worker] aWebConfiguration$JpaWebMvcConfiguration : spring.jpa.open-in-view is enabled by default. Therefore, database queries may be performed during view rendering. Explicitly configure spring.jpa.open-in-view to disable this warning
2019-12-06 11:18:46.634 DEBUG 7503 --- [    Test worker] o.s.b.f.s.DefaultListableBeanFactory     : Creating shared instance of singleton bean 'mvcResourceUrlProvider'
2019-12-06 11:18:46.668 DEBUG 7503 --- [    Test worker] s.w.s.m.m.a.RequestMappingHandlerMapping : 9 mappings in 'requestMappingHandlerMapping'
2019-12-06 11:18:46.670 DEBUG 7503 --- [    Test worker] o.s.b.f.s.DefaultListableBeanFactory     : Creating shared instance of singleton bean 'welcomePageHandlerMapping'
2019-12-06 11:18:46.670 DEBUG 7503 --- [    Test worker] o.s.b.f.s.DefaultListableBeanFactory     : Autowiring by type from bean name 'welcomePageHandlerMapping' via factory method to bean named 'org.springframework.boot.web.servlet.context.AnnotationConfigServletWebServerApplicationContext@3302270e'
2019-12-06 11:18:46.672  INFO 7503 --- [    Test worker] o.s.b.a.w.s.WelcomePageHandlerMapping    : Adding welcome page template: index
2019-12-06 11:18:46.681 DEBUG 7503 --- [    Test worker] o.s.b.f.s.DefaultListableBeanFactory     : Creating shared instance of singleton bean 'mvcPathMatcher'
2019-12-06 11:18:46.683 DEBUG 7503 --- [    Test worker] o.s.b.f.s.DefaultListableBeanFactory     : Creating shared instance of singleton bean 'mvcUrlPathHelper'
2019-12-06 11:18:46.685 DEBUG 7503 --- [    Test worker] o.s.b.f.s.DefaultListableBeanFactory     : Creating shared instance of singleton bean 'viewControllerHandlerMapping'
2019-12-06 11:18:46.686 DEBUG 7503 --- [    Test worker] o.s.b.f.s.DefaultListableBeanFactory     : Creating shared instance of singleton bean 'beanNameHandlerMapping'
2019-12-06 11:18:46.694 DEBUG 7503 --- [    Test worker] o.s.b.f.s.DefaultListableBeanFactory     : Creating shared instance of singleton bean 'resourceHandlerMapping'
2019-12-06 11:18:46.699 DEBUG 7503 --- [    Test worker] o.s.w.s.handler.SimpleUrlHandlerMapping  : Patterns [/webjars/**, /**] in 'resourceHandlerMapping'
2019-12-06 11:18:46.699 DEBUG 7503 --- [    Test worker] o.s.b.f.s.DefaultListableBeanFactory     : Creating shared instance of singleton bean 'defaultServletHandlerMapping'
2019-12-06 11:18:46.699 DEBUG 7503 --- [    Test worker] o.s.b.f.s.DefaultListableBeanFactory     : Creating shared instance of singleton bean 'mvcUriComponentsContributor'
2019-12-06 11:18:46.702 DEBUG 7503 --- [    Test worker] o.s.b.f.s.DefaultListableBeanFactory     : Creating shared instance of singleton bean 'httpRequestHandlerAdapter'
2019-12-06 11:18:46.704 DEBUG 7503 --- [    Test worker] o.s.b.f.s.DefaultListableBeanFactory     : Creating shared instance of singleton bean 'simpleControllerHandlerAdapter'
2019-12-06 11:18:46.706 DEBUG 7503 --- [    Test worker] o.s.b.f.s.DefaultListableBeanFactory     : Creating shared instance of singleton bean 'handlerExceptionResolver'
2019-12-06 11:18:46.709 DEBUG 7503 --- [    Test worker] .m.m.a.ExceptionHandlerExceptionResolver : ControllerAdvice beans: 0 @ExceptionHandler, 1 ResponseBodyAdvice
2019-12-06 11:18:46.713 DEBUG 7503 --- [    Test worker] o.s.b.f.s.DefaultListableBeanFactory     : Creating shared instance of singleton bean 'mvcViewResolver'
2019-12-06 11:18:46.718 DEBUG 7503 --- [    Test worker] o.s.b.f.s.DefaultListableBeanFactory     : Creating shared instance of singleton bean 'defaultViewResolver'
2019-12-06 11:18:46.730 DEBUG 7503 --- [    Test worker] o.s.b.f.s.DefaultListableBeanFactory     : Creating shared instance of singleton bean 'viewResolver'
2019-12-06 11:18:46.731 DEBUG 7503 --- [    Test worker] o.s.b.f.s.DefaultListableBeanFactory     : Autowiring by type from bean name 'viewResolver' via factory method to bean named 'org.springframework.beans.factory.support.DefaultListableBeanFactory@25d18f1f'
2019-12-06 11:18:46.737 DEBUG 7503 --- [    Test worker] o.s.b.f.s.DefaultListableBeanFactory     : Creating shared instance of singleton bean 'mustacheViewResolver'
2019-12-06 11:18:46.737 DEBUG 7503 --- [    Test worker] o.s.b.f.s.DefaultListableBeanFactory     : Creating shared instance of singleton bean 'org.springframework.boot.autoconfigure.mustache.MustacheServletWebConfiguration'
2019-12-06 11:18:46.737 DEBUG 7503 --- [    Test worker] ocalVariableTableParameterNameDiscoverer : Cannot find '.class' file for class [class org.springframework.boot.autoconfigure.mustache.MustacheServletWebConfiguration$$EnhancerBySpringCGLIB$$d97f6a51] - unable to determine constructor/method parameter names
2019-12-06 11:18:46.738 DEBUG 7503 --- [    Test worker] o.s.b.f.s.DefaultListableBeanFactory     : Creating shared instance of singleton bean 'spring.mustache-org.springframework.boot.autoconfigure.mustache.MustacheProperties'
2019-12-06 11:18:46.741 DEBUG 7503 --- [    Test worker] o.s.b.f.s.DefaultListableBeanFactory     : Autowiring by type from bean name 'org.springframework.boot.autoconfigure.mustache.MustacheServletWebConfiguration' via constructor to bean named 'spring.mustache-org.springframework.boot.autoconfigure.mustache.MustacheProperties'
2019-12-06 11:18:46.744 DEBUG 7503 --- [    Test worker] o.s.b.f.s.DefaultListableBeanFactory     : Creating shared instance of singleton bean 'mustacheCompiler'
2019-12-06 11:18:46.744 DEBUG 7503 --- [    Test worker] o.s.b.f.s.DefaultListableBeanFactory     : Creating shared instance of singleton bean 'org.springframework.boot.autoconfigure.mustache.MustacheAutoConfiguration'
2019-12-06 11:18:46.744 DEBUG 7503 --- [    Test worker] ocalVariableTableParameterNameDiscoverer : Cannot find '.class' file for class [class org.springframework.boot.autoconfigure.mustache.MustacheAutoConfiguration$$EnhancerBySpringCGLIB$$79ac09f1] - unable to determine constructor/method parameter names
2019-12-06 11:18:46.745 DEBUG 7503 --- [    Test worker] o.s.b.f.s.DefaultListableBeanFactory     : Autowiring by type from bean name 'org.springframework.boot.autoconfigure.mustache.MustacheAutoConfiguration' via constructor to bean named 'spring.mustache-org.springframework.boot.autoconfigure.mustache.MustacheProperties'
2019-12-06 11:18:46.745 DEBUG 7503 --- [    Test worker] o.s.b.f.s.DefaultListableBeanFactory     : Autowiring by type from bean name 'org.springframework.boot.autoconfigure.mustache.MustacheAutoConfiguration' via constructor to bean named 'environment'
2019-12-06 11:18:46.745 DEBUG 7503 --- [    Test worker] o.s.b.f.s.DefaultListableBeanFactory     : Autowiring by type from bean name 'org.springframework.boot.autoconfigure.mustache.MustacheAutoConfiguration' via constructor to bean named 'org.springframework.boot.web.servlet.context.AnnotationConfigServletWebServerApplicationContext@3302270e'
2019-12-06 11:18:46.749 DEBUG 7503 --- [    Test worker] o.s.b.f.s.DefaultListableBeanFactory     : Creating shared instance of singleton bean 'mustacheTemplateLoader'
2019-12-06 11:18:46.752 DEBUG 7503 --- [    Test worker] o.s.b.f.s.DefaultListableBeanFactory     : Autowiring by type from bean name 'mustacheCompiler' via factory method to bean named 'mustacheTemplateLoader'
2019-12-06 11:18:46.760 DEBUG 7503 --- [    Test worker] o.s.b.f.s.DefaultListableBeanFactory     : Autowiring by type from bean name 'mustacheViewResolver' via factory method to bean named 'mustacheCompiler'
2019-12-06 11:18:46.769 DEBUG 7503 --- [    Test worker] o.s.b.f.s.DefaultListableBeanFactory     : Creating shared instance of singleton bean 'org.springframework.boot.autoconfigure.aop.AopAutoConfiguration$CglibAutoProxyConfiguration'
2019-12-06 11:18:46.772 DEBUG 7503 --- [    Test worker] o.s.b.f.s.DefaultListableBeanFactory     : Creating shared instance of singleton bean 'org.springframework.boot.autoconfigure.aop.AopAutoConfiguration'
2019-12-06 11:18:46.774 DEBUG 7503 --- [    Test worker] o.s.b.f.s.DefaultListableBeanFactory     : Creating shared instance of singleton bean 'org.springframework.boot.autoconfigure.transaction.jta.JtaAutoConfiguration'
2019-12-06 11:18:46.776 DEBUG 7503 --- [    Test worker] o.s.b.f.s.DefaultListableBeanFactory     : Creating shared instance of singleton bean 'org.springframework.boot.autoconfigure.jdbc.DataSourceAutoConfiguration$PooledDataSourceConfiguration'
2019-12-06 11:18:46.779 DEBUG 7503 --- [    Test worker] o.s.b.f.s.DefaultListableBeanFactory     : Creating shared instance of singleton bean 'org.springframework.boot.autoconfigure.jdbc.metadata.DataSourcePoolMetadataProvidersConfiguration'
2019-12-06 11:18:46.781 DEBUG 7503 --- [    Test worker] o.s.b.f.s.DefaultListableBeanFactory     : Creating shared instance of singleton bean 'org.springframework.boot.autoconfigure.jdbc.DataSourceInitializationConfiguration'
2019-12-06 11:18:46.783 DEBUG 7503 --- [    Test worker] o.s.b.f.s.DefaultListableBeanFactory     : Creating shared instance of singleton bean 'org.springframework.boot.autoconfigure.jdbc.DataSourceAutoConfiguration'
2019-12-06 11:18:46.785 DEBUG 7503 --- [    Test worker] o.s.b.f.s.DefaultListableBeanFactory     : Creating shared instance of singleton bean 'org.springframework.boot.autoconfigure.orm.jpa.JpaBaseConfiguration$JpaWebConfiguration'
2019-12-06 11:18:46.788 DEBUG 7503 --- [    Test worker] o.s.b.f.s.DefaultListableBeanFactory     : Creating shared instance of singleton bean 'transactionManager'
2019-12-06 11:18:46.798 DEBUG 7503 --- [    Test worker] o.s.b.f.s.DefaultListableBeanFactory     : Creating shared instance of singleton bean 'org.springframework.boot.autoconfigure.orm.jpa.HibernateJpaAutoConfiguration'
2019-12-06 11:18:46.800 DEBUG 7503 --- [    Test worker] o.s.b.f.s.DefaultListableBeanFactory     : Creating shared instance of singleton bean 'org.springframework.boot.autoconfigure.context.ConfigurationPropertiesAutoConfiguration'
2019-12-06 11:18:46.803 DEBUG 7503 --- [    Test worker] o.s.b.f.s.DefaultListableBeanFactory     : Creating shared instance of singleton bean 'org.springframework.boot.autoconfigure.dao.PersistenceExceptionTranslationAutoConfiguration'
2019-12-06 11:18:46.805 DEBUG 7503 --- [    Test worker] o.s.b.f.s.DefaultListableBeanFactory     : Creating shared instance of singleton bean 'org.springframework.boot.autoconfigure.data.jpa.JpaRepositoriesAutoConfiguration'
2019-12-06 11:18:46.807 DEBUG 7503 --- [    Test worker] o.s.b.f.s.DefaultListableBeanFactory     : Creating shared instance of singleton bean 'org.springframework.data.jpa.util.JpaMetamodelCacheCleanup'
2019-12-06 11:18:46.809 DEBUG 7503 --- [    Test worker] o.s.b.f.s.DefaultListableBeanFactory     : Creating shared instance of singleton bean 'org.springframework.data.jpa.repository.support.JpaEvaluationContextExtension'
2019-12-06 11:18:46.811 DEBUG 7503 --- [    Test worker] o.s.b.f.s.DefaultListableBeanFactory     : Creating shared instance of singleton bean 'org.springframework.boot.autoconfigure.http.JacksonHttpMessageConvertersConfiguration'
2019-12-06 11:18:46.814 DEBUG 7503 --- [    Test worker] o.s.b.f.s.DefaultListableBeanFactory     : Creating shared instance of singleton bean 'org.springframework.data.web.config.ProjectingArgumentResolverRegistrar'
2019-12-06 11:18:46.816 DEBUG 7503 --- [    Test worker] o.s.b.f.s.DefaultListableBeanFactory     : Creating shared instance of singleton bean 'org.springframework.boot.autoconfigure.http.codec.CodecsAutoConfiguration$LoggingCodecConfiguration'
2019-12-06 11:18:46.818 DEBUG 7503 --- [    Test worker] o.s.b.f.s.DefaultListableBeanFactory     : Creating shared instance of singleton bean 'loggingCodecCustomizer'
2019-12-06 11:18:46.819 DEBUG 7503 --- [    Test worker] o.s.b.f.s.DefaultListableBeanFactory     : Autowiring by type from bean name 'loggingCodecCustomizer' via factory method to bean named 'spring.http-org.springframework.boot.autoconfigure.http.HttpProperties'
2019-12-06 11:18:46.822 DEBUG 7503 --- [    Test worker] o.s.b.f.s.DefaultListableBeanFactory     : Creating shared instance of singleton bean 'org.springframework.boot.autoconfigure.http.codec.CodecsAutoConfiguration$JacksonCodecConfiguration'
2019-12-06 11:18:46.824 DEBUG 7503 --- [    Test worker] o.s.b.f.s.DefaultListableBeanFactory     : Creating shared instance of singleton bean 'jacksonCodecCustomizer'
2019-12-06 11:18:46.825 DEBUG 7503 --- [    Test worker] o.s.b.f.s.DefaultListableBeanFactory     : Autowiring by type from bean name 'jacksonCodecCustomizer' via factory method to bean named 'jacksonObjectMapper'
2019-12-06 11:18:46.828 DEBUG 7503 --- [    Test worker] o.s.b.f.s.DefaultListableBeanFactory     : Creating shared instance of singleton bean 'org.springframework.boot.autoconfigure.http.codec.CodecsAutoConfiguration'
2019-12-06 11:18:46.830 DEBUG 7503 --- [    Test worker] o.s.b.f.s.DefaultListableBeanFactory     : Creating shared instance of singleton bean 'org.springframework.boot.autoconfigure.info.ProjectInfoAutoConfiguration'
2019-12-06 11:18:46.830 DEBUG 7503 --- [    Test worker] ocalVariableTableParameterNameDiscoverer : Cannot find '.class' file for class [class org.springframework.boot.autoconfigure.info.ProjectInfoAutoConfiguration$$EnhancerBySpringCGLIB$$7f205ea0] - unable to determine constructor/method parameter names
2019-12-06 11:18:46.831 DEBUG 7503 --- [    Test worker] o.s.b.f.s.DefaultListableBeanFactory     : Creating shared instance of singleton bean 'spring.info-org.springframework.boot.autoconfigure.info.ProjectInfoProperties'
2019-12-06 11:18:46.832 DEBUG 7503 --- [    Test worker] o.s.b.f.s.DefaultListableBeanFactory     : Autowiring by type from bean name 'org.springframework.boot.autoconfigure.info.ProjectInfoAutoConfiguration' via constructor to bean named 'spring.info-org.springframework.boot.autoconfigure.info.ProjectInfoProperties'
2019-12-06 11:18:46.835 DEBUG 7503 --- [    Test worker] o.s.b.f.s.DefaultListableBeanFactory     : Creating shared instance of singleton bean 'org.springframework.boot.autoconfigure.jdbc.JdbcTemplateAutoConfiguration$JdbcTemplateConfiguration'
2019-12-06 11:18:46.840 DEBUG 7503 --- [    Test worker] ocalVariableTableParameterNameDiscoverer : Cannot find '.class' file for class [class org.springframework.boot.autoconfigure.jdbc.JdbcTemplateAutoConfiguration$JdbcTemplateConfiguration$$EnhancerBySpringCGLIB$$5bb17ff4] - unable to determine constructor/method parameter names
2019-12-06 11:18:46.841 DEBUG 7503 --- [    Test worker] o.s.b.f.s.DefaultListableBeanFactory     : Creating shared instance of singleton bean 'spring.jdbc-org.springframework.boot.autoconfigure.jdbc.JdbcProperties'
2019-12-06 11:18:46.843 DEBUG 7503 --- [    Test worker] o.s.b.f.s.DefaultListableBeanFactory     : Autowiring by type from bean name 'org.springframework.boot.autoconfigure.jdbc.JdbcTemplateAutoConfiguration$JdbcTemplateConfiguration' via constructor to bean named 'dataSource'
2019-12-06 11:18:46.843 DEBUG 7503 --- [    Test worker] o.s.b.f.s.DefaultListableBeanFactory     : Autowiring by type from bean name 'org.springframework.boot.autoconfigure.jdbc.JdbcTemplateAutoConfiguration$JdbcTemplateConfiguration' via constructor to bean named 'spring.jdbc-org.springframework.boot.autoconfigure.jdbc.JdbcProperties'
2019-12-06 11:18:46.845 DEBUG 7503 --- [    Test worker] o.s.b.f.s.DefaultListableBeanFactory     : Creating shared instance of singleton bean 'jdbcTemplate'
2019-12-06 11:18:46.855 DEBUG 7503 --- [    Test worker] o.s.b.f.s.DefaultListableBeanFactory     : Creating shared instance of singleton bean 'org.springframework.boot.autoconfigure.jdbc.JdbcTemplateAutoConfiguration$NamedParameterJdbcTemplateConfiguration'
2019-12-06 11:18:46.857 DEBUG 7503 --- [    Test worker] o.s.b.f.s.DefaultListableBeanFactory     : Creating shared instance of singleton bean 'namedParameterJdbcTemplate'
2019-12-06 11:18:46.858 DEBUG 7503 --- [    Test worker] o.s.b.f.s.DefaultListableBeanFactory     : Autowiring by type from bean name 'namedParameterJdbcTemplate' via factory method to bean named 'jdbcTemplate'
2019-12-06 11:18:46.865 DEBUG 7503 --- [    Test worker] o.s.b.f.s.DefaultListableBeanFactory     : Creating shared instance of singleton bean 'org.springframework.boot.autoconfigure.jdbc.JdbcTemplateAutoConfiguration'
2019-12-06 11:18:46.867 DEBUG 7503 --- [    Test worker] o.s.b.f.s.DefaultListableBeanFactory     : Creating shared instance of singleton bean 'org.springframework.boot.autoconfigure.task.TaskSchedulingAutoConfiguration'
2019-12-06 11:18:46.869 DEBUG 7503 --- [    Test worker] o.s.b.f.s.DefaultListableBeanFactory     : Creating shared instance of singleton bean 'taskSchedulerBuilder'
2019-12-06 11:18:46.870 DEBUG 7503 --- [    Test worker] o.s.b.f.s.DefaultListableBeanFactory     : Creating shared instance of singleton bean 'spring.task.scheduling-org.springframework.boot.autoconfigure.task.TaskSchedulingProperties'
2019-12-06 11:18:46.871 DEBUG 7503 --- [    Test worker] o.s.b.f.s.DefaultListableBeanFactory     : Autowiring by type from bean name 'taskSchedulerBuilder' via factory method to bean named 'spring.task.scheduling-org.springframework.boot.autoconfigure.task.TaskSchedulingProperties'
2019-12-06 11:18:46.875 DEBUG 7503 --- [    Test worker] o.s.b.f.s.DefaultListableBeanFactory     : Creating shared instance of singleton bean 'org.springframework.boot.autoconfigure.jdbc.DataSourceTransactionManagerAutoConfiguration$DataSourceTransactionManagerConfiguration'
2019-12-06 11:18:46.875 DEBUG 7503 --- [    Test worker] ocalVariableTableParameterNameDiscoverer : Cannot find '.class' file for class [class org.springframework.boot.autoconfigure.jdbc.DataSourceTransactionManagerAutoConfiguration$DataSourceTransactionManagerConfiguration$$EnhancerBySpringCGLIB$$f026e9f6] - unable to determine constructor/method parameter names
2019-12-06 11:18:46.876 DEBUG 7503 --- [    Test worker] o.s.b.f.s.DefaultListableBeanFactory     : Autowiring by type from bean name 'org.springframework.boot.autoconfigure.jdbc.DataSourceTransactionManagerAutoConfiguration$DataSourceTransactionManagerConfiguration' via constructor to bean named 'dataSource'
2019-12-06 11:18:46.879 DEBUG 7503 --- [    Test worker] o.s.b.f.s.DefaultListableBeanFactory     : Creating shared instance of singleton bean 'org.springframework.boot.autoconfigure.jdbc.DataSourceTransactionManagerAutoConfiguration'
2019-12-06 11:18:46.881 DEBUG 7503 --- [    Test worker] o.s.b.f.s.DefaultListableBeanFactory     : Creating shared instance of singleton bean 'org.springframework.boot.autoconfigure.transaction.TransactionAutoConfiguration$EnableTransactionManagementConfiguration$CglibAutoProxyConfiguration'
2019-12-06 11:18:46.884 DEBUG 7503 --- [    Test worker] o.s.b.f.s.DefaultListableBeanFactory     : Creating shared instance of singleton bean 'org.springframework.boot.autoconfigure.transaction.TransactionAutoConfiguration$EnableTransactionManagementConfiguration'
2019-12-06 11:18:46.887 DEBUG 7503 --- [    Test worker] o.s.b.f.s.DefaultListableBeanFactory     : Creating shared instance of singleton bean 'org.springframework.boot.autoconfigure.transaction.TransactionAutoConfiguration$TransactionTemplateConfiguration'
2019-12-06 11:18:46.887 DEBUG 7503 --- [    Test worker] ocalVariableTableParameterNameDiscoverer : Cannot find '.class' file for class [class org.springframework.boot.autoconfigure.transaction.TransactionAutoConfiguration$TransactionTemplateConfiguration$$EnhancerBySpringCGLIB$$41b0aec9] - unable to determine constructor/method parameter names
2019-12-06 11:18:46.887 DEBUG 7503 --- [    Test worker] o.s.b.f.s.DefaultListableBeanFactory     : Autowiring by type from bean name 'org.springframework.boot.autoconfigure.transaction.TransactionAutoConfiguration$TransactionTemplateConfiguration' via constructor to bean named 'transactionManager'
2019-12-06 11:18:46.890 DEBUG 7503 --- [    Test worker] o.s.b.f.s.DefaultListableBeanFactory     : Creating shared instance of singleton bean 'transactionTemplate'
2019-12-06 11:18:46.894 DEBUG 7503 --- [    Test worker] o.s.b.f.s.DefaultListableBeanFactory     : Creating shared instance of singleton bean 'org.springframework.boot.autoconfigure.web.client.RestTemplateAutoConfiguration'
2019-12-06 11:18:46.895 DEBUG 7503 --- [    Test worker] ocalVariableTableParameterNameDiscoverer : Cannot find '.class' file for class [class org.springframework.boot.autoconfigure.web.client.RestTemplateAutoConfiguration$$EnhancerBySpringCGLIB$$de3c4b08] - unable to determine constructor/method parameter names
2019-12-06 11:18:46.897 DEBUG 7503 --- [    Test worker] o.s.b.f.s.DefaultListableBeanFactory     : Creating shared instance of singleton bean 'restTemplateBuilder'
2019-12-06 11:18:46.903 DEBUG 7503 --- [    Test worker] o.s.b.f.s.DefaultListableBeanFactory     : Creating shared instance of singleton bean 'org.springframework.boot.autoconfigure.web.embedded.EmbeddedWebServerFactoryCustomizerAutoConfiguration'
2019-12-06 11:18:46.905 DEBUG 7503 --- [    Test worker] o.s.b.f.s.DefaultListableBeanFactory     : Creating shared instance of singleton bean 'multipartResolver'
2019-12-06 11:18:46.907 DEBUG 7503 --- [    Test worker] o.s.b.f.s.DefaultListableBeanFactory     : Creating shared instance of singleton bean 'org.springframework.boot.test.web.client.TestRestTemplate'
2019-12-06 11:18:46.937 DEBUG 7503 --- [    Test worker] ConditionEvaluationReportLoggingListener : 


============================
CONDITIONS EVALUATION REPORT
============================


Positive matches:
-----------------

   AopAutoConfiguration matched:
      - @ConditionalOnClass found required classes 'org.springframework.context.annotation.EnableAspectJAutoProxy', 'org.aspectj.lang.annotation.Aspect', 'org.aspectj.lang.reflect.Advice', 'org.aspectj.weaver.AnnotatedElement' (OnClassCondition)
      - @ConditionalOnProperty (spring.aop.auto=true) matched (OnPropertyCondition)

   AopAutoConfiguration.CglibAutoProxyConfiguration matched:
      - @ConditionalOnProperty (spring.aop.proxy-target-class=true) matched (OnPropertyCondition)

   CodecsAutoConfiguration matched:
      - @ConditionalOnClass found required class 'org.springframework.http.codec.CodecConfigurer' (OnClassCondition)

   CodecsAutoConfiguration.JacksonCodecConfiguration matched:
      - @ConditionalOnClass found required class 'com.fasterxml.jackson.databind.ObjectMapper' (OnClassCondition)

   CodecsAutoConfiguration.JacksonCodecConfiguration#jacksonCodecCustomizer matched:
      - @ConditionalOnBean (types: com.fasterxml.jackson.databind.ObjectMapper; SearchStrategy: all) found bean 'jacksonObjectMapper' (OnBeanCondition)

   DataSourceAutoConfiguration matched:
      - @ConditionalOnClass found required classes 'javax.sql.DataSource', 'org.springframework.jdbc.datasource.embedded.EmbeddedDatabaseType' (OnClassCondition)

   DataSourceAutoConfiguration.PooledDataSourceConfiguration matched:
      - AnyNestedCondition 1 matched 1 did not; NestedCondition on DataSourceAutoConfiguration.PooledDataSourceCondition.PooledDataSourceAvailable PooledDataSource found supported DataSource; NestedCondition on DataSourceAutoConfiguration.PooledDataSourceCondition.ExplicitType @ConditionalOnProperty (spring.datasource.type) did not find property 'type' (DataSourceAutoConfiguration.PooledDataSourceCondition)
      - @ConditionalOnMissingBean (types: javax.sql.DataSource,javax.sql.XADataSource; SearchStrategy: all) did not find any beans (OnBeanCondition)

   DataSourceConfiguration.Hikari matched:
      - @ConditionalOnClass found required class 'com.zaxxer.hikari.HikariDataSource' (OnClassCondition)
      - @ConditionalOnProperty (spring.datasource.type=com.zaxxer.hikari.HikariDataSource) matched (OnPropertyCondition)
      - @ConditionalOnMissingBean (types: javax.sql.DataSource; SearchStrategy: all) did not find any beans (OnBeanCondition)

   DataSourcePoolMetadataProvidersConfiguration.HikariPoolDataSourceMetadataProviderConfiguration matched:
      - @ConditionalOnClass found required class 'com.zaxxer.hikari.HikariDataSource' (OnClassCondition)

   DataSourceTransactionManagerAutoConfiguration matched:
      - @ConditionalOnClass found required classes 'org.springframework.jdbc.core.JdbcTemplate', 'org.springframework.transaction.PlatformTransactionManager' (OnClassCondition)

   DataSourceTransactionManagerAutoConfiguration.DataSourceTransactionManagerConfiguration matched:
      - @ConditionalOnSingleCandidate (types: javax.sql.DataSource; SearchStrategy: all) found a primary bean from beans 'dataSource' (OnBeanCondition)

   DispatcherServletAutoConfiguration matched:
      - @ConditionalOnClass found required class 'org.springframework.web.servlet.DispatcherServlet' (OnClassCondition)
      - found 'session' scope (OnWebApplicationCondition)

   DispatcherServletAutoConfiguration.DispatcherServletConfiguration matched:
      - @ConditionalOnClass found required class 'javax.servlet.ServletRegistration' (OnClassCondition)
      - Default DispatcherServlet did not find dispatcher servlet beans (DispatcherServletAutoConfiguration.DefaultDispatcherServletCondition)

   DispatcherServletAutoConfiguration.DispatcherServletRegistrationConfiguration matched:
      - @ConditionalOnClass found required class 'javax.servlet.ServletRegistration' (OnClassCondition)
      - DispatcherServlet Registration did not find servlet registration bean (DispatcherServletAutoConfiguration.DispatcherServletRegistrationCondition)

   DispatcherServletAutoConfiguration.DispatcherServletRegistrationConfiguration#dispatcherServletRegistration matched:
      - @ConditionalOnBean (names: dispatcherServlet; types: org.springframework.web.servlet.DispatcherServlet; SearchStrategy: all) found bean 'dispatcherServlet' (OnBeanCondition)

   EmbeddedWebServerFactoryCustomizerAutoConfiguration matched:
      - @ConditionalOnWebApplication (required) found 'session' scope (OnWebApplicationCondition)

   EmbeddedWebServerFactoryCustomizerAutoConfiguration.TomcatWebServerFactoryCustomizerConfiguration matched:
      - @ConditionalOnClass found required classes 'org.apache.catalina.startup.Tomcat', 'org.apache.coyote.UpgradeProtocol' (OnClassCondition)

   ErrorMvcAutoConfiguration matched:
      - @ConditionalOnClass found required classes 'javax.servlet.Servlet', 'org.springframework.web.servlet.DispatcherServlet' (OnClassCondition)
      - found 'session' scope (OnWebApplicationCondition)

   ErrorMvcAutoConfiguration#basicErrorController matched:
      - @ConditionalOnMissingBean (types: org.springframework.boot.web.servlet.error.ErrorController; SearchStrategy: current) did not find any beans (OnBeanCondition)

   ErrorMvcAutoConfiguration#errorAttributes matched:
      - @ConditionalOnMissingBean (types: org.springframework.boot.web.servlet.error.ErrorAttributes; SearchStrategy: current) did not find any beans (OnBeanCondition)

   ErrorMvcAutoConfiguration.DefaultErrorViewResolverConfiguration#conventionErrorViewResolver matched:
      - @ConditionalOnBean (types: org.springframework.web.servlet.DispatcherServlet; SearchStrategy: all) found bean 'dispatcherServlet'; @ConditionalOnMissingBean (types: org.springframework.boot.autoconfigure.web.servlet.error.DefaultErrorViewResolver; SearchStrategy: all) did not find any beans (OnBeanCondition)

   ErrorMvcAutoConfiguration.WhitelabelErrorViewConfiguration matched:
      - @ConditionalOnProperty (server.error.whitelabel.enabled) matched (OnPropertyCondition)
      - ErrorTemplate Missing did not find error template view (ErrorMvcAutoConfiguration.ErrorTemplateMissingCondition)

   ErrorMvcAutoConfiguration.WhitelabelErrorViewConfiguration#beanNameViewResolver matched:
      - @ConditionalOnMissingBean (types: org.springframework.web.servlet.view.BeanNameViewResolver; SearchStrategy: all) did not find any beans (OnBeanCondition)

   ErrorMvcAutoConfiguration.WhitelabelErrorViewConfiguration#defaultErrorView matched:
      - @ConditionalOnMissingBean (names: error; SearchStrategy: all) did not find any beans (OnBeanCondition)

   GenericCacheConfiguration matched:
      - Cache org.springframework.boot.autoconfigure.cache.GenericCacheConfiguration automatic cache type (CacheCondition)

   H2ConsoleAutoConfiguration matched:
      - @ConditionalOnClass found required class 'org.h2.server.web.WebServlet' (OnClassCondition)
      - found 'session' scope (OnWebApplicationCondition)
      - @ConditionalOnProperty (spring.h2.console.enabled=true) matched (OnPropertyCondition)

   HibernateJpaAutoConfiguration matched:
      - @ConditionalOnClass found required classes 'org.springframework.orm.jpa.LocalContainerEntityManagerFactoryBean', 'javax.persistence.EntityManager', 'org.hibernate.engine.spi.SessionImplementor' (OnClassCondition)

   HibernateJpaConfiguration matched:
      - @ConditionalOnSingleCandidate (types: javax.sql.DataSource; SearchStrategy: all) found a primary bean from beans 'dataSource' (OnBeanCondition)

   HttpEncodingAutoConfiguration matched:
      - @ConditionalOnClass found required class 'org.springframework.web.filter.CharacterEncodingFilter' (OnClassCondition)
      - found 'session' scope (OnWebApplicationCondition)
      - @ConditionalOnProperty (spring.http.encoding.enabled) matched (OnPropertyCondition)

   HttpEncodingAutoConfiguration#characterEncodingFilter matched:
      - @ConditionalOnMissingBean (types: org.springframework.web.filter.CharacterEncodingFilter; SearchStrategy: all) did not find any beans (OnBeanCondition)

   HttpMessageConvertersAutoConfiguration matched:
      - @ConditionalOnClass found required class 'org.springframework.http.converter.HttpMessageConverter' (OnClassCondition)

   HttpMessageConvertersAutoConfiguration#messageConverters matched:
      - @ConditionalOnMissingBean (types: org.springframework.boot.autoconfigure.http.HttpMessageConverters; SearchStrategy: all) did not find any beans (OnBeanCondition)

   HttpMessageConvertersAutoConfiguration.StringHttpMessageConverterConfiguration matched:
      - @ConditionalOnClass found required class 'org.springframework.http.converter.StringHttpMessageConverter' (OnClassCondition)

   HttpMessageConvertersAutoConfiguration.StringHttpMessageConverterConfiguration#stringHttpMessageConverter matched:
      - @ConditionalOnMissingBean (types: org.springframework.http.converter.StringHttpMessageConverter; SearchStrategy: all) did not find any beans (OnBeanCondition)

   JacksonAutoConfiguration matched:
      - @ConditionalOnClass found required class 'com.fasterxml.jackson.databind.ObjectMapper' (OnClassCondition)

   JacksonAutoConfiguration.Jackson2ObjectMapperBuilderCustomizerConfiguration matched:
      - @ConditionalOnClass found required class 'org.springframework.http.converter.json.Jackson2ObjectMapperBuilder' (OnClassCondition)

   JacksonAutoConfiguration.JacksonObjectMapperBuilderConfiguration matched:
      - @ConditionalOnClass found required class 'org.springframework.http.converter.json.Jackson2ObjectMapperBuilder' (OnClassCondition)

   JacksonAutoConfiguration.JacksonObjectMapperBuilderConfiguration#jacksonObjectMapperBuilder matched:
      - @ConditionalOnMissingBean (types: org.springframework.http.converter.json.Jackson2ObjectMapperBuilder; SearchStrategy: all) did not find any beans (OnBeanCondition)

   JacksonAutoConfiguration.JacksonObjectMapperConfiguration matched:
      - @ConditionalOnClass found required class 'org.springframework.http.converter.json.Jackson2ObjectMapperBuilder' (OnClassCondition)

   JacksonAutoConfiguration.JacksonObjectMapperConfiguration#jacksonObjectMapper matched:
      - @ConditionalOnMissingBean (types: com.fasterxml.jackson.databind.ObjectMapper; SearchStrategy: all) did not find any beans (OnBeanCondition)

   JacksonAutoConfiguration.ParameterNamesModuleConfiguration matched:
      - @ConditionalOnClass found required class 'com.fasterxml.jackson.module.paramnames.ParameterNamesModule' (OnClassCondition)

   JacksonAutoConfiguration.ParameterNamesModuleConfiguration#parameterNamesModule matched:
      - @ConditionalOnMissingBean (types: com.fasterxml.jackson.module.paramnames.ParameterNamesModule; SearchStrategy: all) did not find any beans (OnBeanCondition)

   JacksonHttpMessageConvertersConfiguration.MappingJackson2HttpMessageConverterConfiguration matched:
      - @ConditionalOnClass found required class 'com.fasterxml.jackson.databind.ObjectMapper' (OnClassCondition)
      - @ConditionalOnProperty (spring.http.converters.preferred-json-mapper=jackson) matched (OnPropertyCondition)
      - @ConditionalOnBean (types: com.fasterxml.jackson.databind.ObjectMapper; SearchStrategy: all) found bean 'jacksonObjectMapper' (OnBeanCondition)

   JacksonHttpMessageConvertersConfiguration.MappingJackson2HttpMessageConverterConfiguration#mappingJackson2HttpMessageConverter matched:
      - @ConditionalOnMissingBean (types: org.springframework.http.converter.json.MappingJackson2HttpMessageConverter; SearchStrategy: all) did not find any beans (OnBeanCondition)

   JdbcTemplateAutoConfiguration matched:
      - @ConditionalOnClass found required classes 'javax.sql.DataSource', 'org.springframework.jdbc.core.JdbcTemplate' (OnClassCondition)
      - @ConditionalOnSingleCandidate (types: javax.sql.DataSource; SearchStrategy: all) found a primary bean from beans 'dataSource' (OnBeanCondition)

   JdbcTemplateAutoConfiguration.JdbcTemplateConfiguration#jdbcTemplate matched:
      - @ConditionalOnMissingBean (types: org.springframework.jdbc.core.JdbcOperations; SearchStrategy: all) did not find any beans (OnBeanCondition)

   JdbcTemplateAutoConfiguration.NamedParameterJdbcTemplateConfiguration#namedParameterJdbcTemplate matched:
      - @ConditionalOnSingleCandidate (types: org.springframework.jdbc.core.JdbcTemplate; SearchStrategy: all) found a primary bean from beans 'jdbcTemplate'; @ConditionalOnMissingBean (types: org.springframework.jdbc.core.namedparam.NamedParameterJdbcOperations; SearchStrategy: all) did not find any beans (OnBeanCondition)

   JpaBaseConfiguration#entityManagerFactory matched:
      - @ConditionalOnMissingBean (types: org.springframework.orm.jpa.LocalContainerEntityManagerFactoryBean,javax.persistence.EntityManagerFactory; SearchStrategy: all) did not find any beans (OnBeanCondition)

   JpaBaseConfiguration#entityManagerFactoryBuilder matched:
      - @ConditionalOnMissingBean (types: org.springframework.boot.orm.jpa.EntityManagerFactoryBuilder; SearchStrategy: all) did not find any beans (OnBeanCondition)

   JpaBaseConfiguration#jpaVendorAdapter matched:
      - @ConditionalOnMissingBean (types: org.springframework.orm.jpa.JpaVendorAdapter; SearchStrategy: all) did not find any beans (OnBeanCondition)

   JpaBaseConfiguration#transactionManager matched:
      - @ConditionalOnMissingBean (types: org.springframework.transaction.PlatformTransactionManager; SearchStrategy: all) did not find any beans (OnBeanCondition)

   JpaBaseConfiguration.JpaWebConfiguration matched:
      - @ConditionalOnClass found required class 'org.springframework.web.servlet.config.annotation.WebMvcConfigurer' (OnClassCondition)
      - found 'session' scope (OnWebApplicationCondition)
      - @ConditionalOnProperty (spring.jpa.open-in-view=true) matched (OnPropertyCondition)
      - @ConditionalOnMissingBean (types: org.springframework.orm.jpa.support.OpenEntityManagerInViewInterceptor,org.springframework.orm.jpa.support.OpenEntityManagerInViewFilter; SearchStrategy: all) did not find any beans (OnBeanCondition)

   JpaRepositoriesAutoConfiguration matched:
      - @ConditionalOnClass found required class 'org.springframework.data.jpa.repository.JpaRepository' (OnClassCondition)
      - @ConditionalOnProperty (spring.data.jpa.repositories.enabled=true) matched (OnPropertyCondition)
      - @ConditionalOnBean (types: javax.sql.DataSource; SearchStrategy: all) found bean 'dataSource'; @ConditionalOnMissingBean (types: org.springframework.data.jpa.repository.support.JpaRepositoryFactoryBean,org.springframework.data.jpa.repository.config.JpaRepositoryConfigExtension; SearchStrategy: all) did not find any beans (OnBeanCondition)

   JtaAutoConfiguration matched:
      - @ConditionalOnClass found required class 'javax.transaction.Transaction' (OnClassCondition)
      - @ConditionalOnProperty (spring.jta.enabled) matched (OnPropertyCondition)

   MultipartAutoConfiguration matched:
      - @ConditionalOnClass found required classes 'javax.servlet.Servlet', 'org.springframework.web.multipart.support.StandardServletMultipartResolver', 'javax.servlet.MultipartConfigElement' (OnClassCondition)
      - found 'session' scope (OnWebApplicationCondition)
      - @ConditionalOnProperty (spring.servlet.multipart.enabled) matched (OnPropertyCondition)

   MultipartAutoConfiguration#multipartConfigElement matched:
      - @ConditionalOnMissingBean (types: javax.servlet.MultipartConfigElement,org.springframework.web.multipart.commons.CommonsMultipartResolver; SearchStrategy: all) did not find any beans (OnBeanCondition)

   MultipartAutoConfiguration#multipartResolver matched:
      - @ConditionalOnMissingBean (types: org.springframework.web.multipart.MultipartResolver; SearchStrategy: all) did not find any beans (OnBeanCondition)

   MustacheAutoConfiguration matched:
      - @ConditionalOnClass found required class 'com.samskivert.mustache.Mustache' (OnClassCondition)

   MustacheAutoConfiguration#mustacheCompiler matched:
      - @ConditionalOnMissingBean (types: com.samskivert.mustache.Mustache$Compiler; SearchStrategy: all) did not find any beans (OnBeanCondition)

   MustacheAutoConfiguration#mustacheTemplateLoader matched:
      - @ConditionalOnMissingBean (types: com.samskivert.mustache.Mustache$TemplateLoader; SearchStrategy: all) did not find any beans (OnBeanCondition)

   MustacheServletWebConfiguration matched:
      - found 'session' scope (OnWebApplicationCondition)

   MustacheServletWebConfiguration#mustacheViewResolver matched:
      - @ConditionalOnMissingBean (types: org.springframework.boot.web.servlet.view.MustacheViewResolver; SearchStrategy: all) did not find any beans (OnBeanCondition)

   NoOpCacheConfiguration matched:
      - Cache org.springframework.boot.autoconfigure.cache.NoOpCacheConfiguration automatic cache type (CacheCondition)

   PersistenceExceptionTranslationAutoConfiguration matched:
      - @ConditionalOnClass found required class 'org.springframework.dao.annotation.PersistenceExceptionTranslationPostProcessor' (OnClassCondition)

   PersistenceExceptionTranslationAutoConfiguration#persistenceExceptionTranslationPostProcessor matched:
      - @ConditionalOnProperty (spring.dao.exceptiontranslation.enabled) matched (OnPropertyCondition)
      - @ConditionalOnMissingBean (types: org.springframework.dao.annotation.PersistenceExceptionTranslationPostProcessor; SearchStrategy: all) did not find any beans (OnBeanCondition)

   PropertyPlaceholderAutoConfiguration#propertySourcesPlaceholderConfigurer matched:
      - @ConditionalOnMissingBean (types: org.springframework.context.support.PropertySourcesPlaceholderConfigurer; SearchStrategy: current) did not find any beans (OnBeanCondition)

   RestTemplateAutoConfiguration matched:
      - @ConditionalOnClass found required class 'org.springframework.web.client.RestTemplate' (OnClassCondition)

   RestTemplateAutoConfiguration#restTemplateBuilder matched:
      - @ConditionalOnMissingBean (types: org.springframework.boot.web.client.RestTemplateBuilder; SearchStrategy: all) did not find any beans (OnBeanCondition)

   ServletWebServerFactoryAutoConfiguration matched:
      - @ConditionalOnClass found required class 'javax.servlet.ServletRequest' (OnClassCondition)
      - found 'session' scope (OnWebApplicationCondition)

   ServletWebServerFactoryAutoConfiguration#tomcatServletWebServerFactoryCustomizer matched:
      - @ConditionalOnClass found required class 'org.apache.catalina.startup.Tomcat' (OnClassCondition)

   ServletWebServerFactoryConfiguration.EmbeddedTomcat matched:
      - @ConditionalOnClass found required classes 'javax.servlet.Servlet', 'org.apache.catalina.startup.Tomcat', 'org.apache.coyote.UpgradeProtocol' (OnClassCondition)
      - @ConditionalOnMissingBean (types: org.springframework.boot.web.servlet.server.ServletWebServerFactory; SearchStrategy: current) did not find any beans (OnBeanCondition)

   SimpleCacheConfiguration matched:
      - Cache org.springframework.boot.autoconfigure.cache.SimpleCacheConfiguration automatic cache type (CacheCondition)

   SpringDataWebAutoConfiguration matched:
      - @ConditionalOnClass found required classes 'org.springframework.data.web.PageableHandlerMethodArgumentResolver', 'org.springframework.web.servlet.config.annotation.WebMvcConfigurer' (OnClassCondition)
      - found 'session' scope (OnWebApplicationCondition)
      - @ConditionalOnMissingBean (types: org.springframework.data.web.PageableHandlerMethodArgumentResolver; SearchStrategy: all) did not find any beans (OnBeanCondition)

   SpringDataWebAutoConfiguration#pageableCustomizer matched:
      - @ConditionalOnMissingBean (types: org.springframework.data.web.config.PageableHandlerMethodArgumentResolverCustomizer; SearchStrategy: all) did not find any beans (OnBeanCondition)

   SpringDataWebAutoConfiguration#sortCustomizer matched:
      - @ConditionalOnMissingBean (types: org.springframework.data.web.config.SortHandlerMethodArgumentResolverCustomizer; SearchStrategy: all) did not find any beans (OnBeanCondition)

   TaskExecutionAutoConfiguration matched:
      - @ConditionalOnClass found required class 'org.springframework.scheduling.concurrent.ThreadPoolTaskExecutor' (OnClassCondition)

   TaskExecutionAutoConfiguration#applicationTaskExecutor matched:
      - @ConditionalOnMissingBean (types: java.util.concurrent.Executor; SearchStrategy: all) did not find any beans (OnBeanCondition)

   TaskExecutionAutoConfiguration#taskExecutorBuilder matched:
      - @ConditionalOnMissingBean (types: org.springframework.boot.task.TaskExecutorBuilder; SearchStrategy: all) did not find any beans (OnBeanCondition)

   TaskSchedulingAutoConfiguration matched:
      - @ConditionalOnClass found required class 'org.springframework.scheduling.concurrent.ThreadPoolTaskScheduler' (OnClassCondition)

   TaskSchedulingAutoConfiguration#taskSchedulerBuilder matched:
      - @ConditionalOnMissingBean (types: org.springframework.boot.task.TaskSchedulerBuilder; SearchStrategy: all) did not find any beans (OnBeanCondition)

   TransactionAutoConfiguration matched:
      - @ConditionalOnClass found required class 'org.springframework.transaction.PlatformTransactionManager' (OnClassCondition)

   TransactionAutoConfiguration#platformTransactionManagerCustomizers matched:
      - @ConditionalOnMissingBean (types: org.springframework.boot.autoconfigure.transaction.TransactionManagerCustomizers; SearchStrategy: all) did not find any beans (OnBeanCondition)

   TransactionAutoConfiguration.EnableTransactionManagementConfiguration matched:
      - @ConditionalOnBean (types: org.springframework.transaction.PlatformTransactionManager; SearchStrategy: all) found bean 'transactionManager'; @ConditionalOnMissingBean (types: org.springframework.transaction.annotation.AbstractTransactionManagementConfiguration; SearchStrategy: all) did not find any beans (OnBeanCondition)

   TransactionAutoConfiguration.EnableTransactionManagementConfiguration.CglibAutoProxyConfiguration matched:
      - @ConditionalOnProperty (spring.aop.proxy-target-class=true) matched (OnPropertyCondition)

   TransactionAutoConfiguration.TransactionTemplateConfiguration matched:
      - @ConditionalOnSingleCandidate (types: org.springframework.transaction.PlatformTransactionManager; SearchStrategy: all) found a primary bean from beans 'transactionManager' (OnBeanCondition)

   TransactionAutoConfiguration.TransactionTemplateConfiguration#transactionTemplate matched:
      - @ConditionalOnMissingBean (types: org.springframework.transaction.support.TransactionTemplate; SearchStrategy: all) did not find any beans (OnBeanCondition)

   ValidationAutoConfiguration matched:
      - @ConditionalOnClass found required class 'javax.validation.executable.ExecutableValidator' (OnClassCondition)
      - @ConditionalOnResource found location classpath:META-INF/services/javax.validation.spi.ValidationProvider (OnResourceCondition)

   ValidationAutoConfiguration#defaultValidator matched:
      - @ConditionalOnMissingBean (types: javax.validation.Validator; SearchStrategy: all) did not find any beans (OnBeanCondition)

   ValidationAutoConfiguration#methodValidationPostProcessor matched:
      - @ConditionalOnMissingBean (types: org.springframework.validation.beanvalidation.MethodValidationPostProcessor; SearchStrategy: all) did not find any beans (OnBeanCondition)

   WebMvcAutoConfiguration matched:
      - @ConditionalOnClass found required classes 'javax.servlet.Servlet', 'org.springframework.web.servlet.DispatcherServlet', 'org.springframework.web.servlet.config.annotation.WebMvcConfigurer' (OnClassCondition)
      - found 'session' scope (OnWebApplicationCondition)
      - @ConditionalOnMissingBean (types: org.springframework.web.servlet.config.annotation.WebMvcConfigurationSupport; SearchStrategy: all) did not find any beans (OnBeanCondition)

   WebMvcAutoConfiguration#formContentFilter matched:
      - @ConditionalOnProperty (spring.mvc.formcontent.filter.enabled) matched (OnPropertyCondition)
      - @ConditionalOnMissingBean (types: org.springframework.web.filter.FormContentFilter; SearchStrategy: all) did not find any beans (OnBeanCondition)

   WebMvcAutoConfiguration#hiddenHttpMethodFilter matched:
      - @ConditionalOnProperty (spring.mvc.hiddenmethod.filter.enabled) matched (OnPropertyCondition)
      - @ConditionalOnMissingBean (types: org.springframework.web.filter.HiddenHttpMethodFilter; SearchStrategy: all) did not find any beans (OnBeanCondition)

   WebMvcAutoConfiguration.WebMvcAutoConfigurationAdapter#defaultViewResolver matched:
      - @ConditionalOnMissingBean (types: org.springframework.web.servlet.view.InternalResourceViewResolver; SearchStrategy: all) did not find any beans (OnBeanCondition)

   WebMvcAutoConfiguration.WebMvcAutoConfigurationAdapter#requestContextFilter matched:
      - @ConditionalOnMissingBean (types: org.springframework.web.context.request.RequestContextListener,org.springframework.web.filter.RequestContextFilter; SearchStrategy: all) did not find any beans (OnBeanCondition)

   WebMvcAutoConfiguration.WebMvcAutoConfigurationAdapter#viewResolver matched:
      - @ConditionalOnBean (types: org.springframework.web.servlet.ViewResolver; SearchStrategy: all) found beans 'defaultViewResolver', 'beanNameViewResolver', 'mvcViewResolver'; @ConditionalOnMissingBean (names: viewResolver; types: org.springframework.web.servlet.view.ContentNegotiatingViewResolver; SearchStrategy: all) did not find any beans (OnBeanCondition)

   WebMvcAutoConfiguration.WebMvcAutoConfigurationAdapter.FaviconConfiguration matched:
      - @ConditionalOnProperty (spring.mvc.favicon.enabled) matched (OnPropertyCondition)

   WebSocketServletAutoConfiguration matched:
      - @ConditionalOnClass found required classes 'javax.servlet.Servlet', 'javax.websocket.server.ServerContainer' (OnClassCondition)
      - found 'session' scope (OnWebApplicationCondition)

   WebSocketServletAutoConfiguration.TomcatWebSocketConfiguration matched:
      - @ConditionalOnClass found required classes 'org.apache.catalina.startup.Tomcat', 'org.apache.tomcat.websocket.server.WsSci' (OnClassCondition)

   WebSocketServletAutoConfiguration.TomcatWebSocketConfiguration#websocketServletWebServerCustomizer matched:
      - @ConditionalOnMissingBean (names: websocketServletWebServerCustomizer; SearchStrategy: all) did not find any beans (OnBeanCondition)


Negative matches:
-----------------

   ActiveMQAutoConfiguration:
      Did not match:
         - @ConditionalOnClass did not find required class 'javax.jms.ConnectionFactory' (OnClassCondition)

   AopAutoConfiguration.JdkDynamicAutoProxyConfiguration:
      Did not match:
         - @ConditionalOnProperty (spring.aop.proxy-target-class=false) did not find property 'proxy-target-class' (OnPropertyCondition)

   ArtemisAutoConfiguration:
      Did not match:
         - @ConditionalOnClass did not find required class 'javax.jms.ConnectionFactory' (OnClassCondition)

   AtomikosJtaConfiguration:
      Did not match:
         - @ConditionalOnClass did not find required class 'com.atomikos.icatch.jta.UserTransactionManager' (OnClassCondition)

   BatchAutoConfiguration:
      Did not match:
         - @ConditionalOnClass did not find required class 'org.springframework.batch.core.launch.JobLauncher' (OnClassCondition)

   BitronixJtaConfiguration:
      Did not match:
         - @ConditionalOnClass did not find required class 'bitronix.tm.jndi.BitronixContext' (OnClassCondition)

   CacheAutoConfiguration:
      Did not match:
         - @ConditionalOnBean (types: org.springframework.cache.interceptor.CacheAspectSupport; SearchStrategy: all) did not find any beans of type org.springframework.cache.interceptor.CacheAspectSupport (OnBeanCondition)
      Matched:
         - @ConditionalOnClass found required class 'org.springframework.cache.CacheManager' (OnClassCondition)

   CacheAutoConfiguration.CacheManagerJpaDependencyConfiguration:
      Did not match:
         - Ancestor org.springframework.boot.autoconfigure.cache.CacheAutoConfiguration did not match (ConditionEvaluationReport.AncestorsMatchedCondition)
      Matched:
         - @ConditionalOnClass found required class 'org.springframework.orm.jpa.LocalContainerEntityManagerFactoryBean' (OnClassCondition)

   CaffeineCacheConfiguration:
      Did not match:
         - @ConditionalOnClass did not find required classes 'com.github.benmanes.caffeine.cache.Caffeine', 'org.springframework.cache.caffeine.CaffeineCacheManager' (OnClassCondition)

   CassandraAutoConfiguration:
      Did not match:
         - @ConditionalOnClass did not find required class 'com.datastax.driver.core.Cluster' (OnClassCondition)

   CassandraDataAutoConfiguration:
      Did not match:
         - @ConditionalOnClass did not find required class 'com.datastax.driver.core.Cluster' (OnClassCondition)

   CassandraReactiveDataAutoConfiguration:
      Did not match:
         - @ConditionalOnClass did not find required class 'com.datastax.driver.core.Cluster' (OnClassCondition)

   CassandraReactiveRepositoriesAutoConfiguration:
      Did not match:
         - @ConditionalOnClass did not find required class 'org.springframework.data.cassandra.ReactiveSession' (OnClassCondition)

   CassandraRepositoriesAutoConfiguration:
      Did not match:
         - @ConditionalOnClass did not find required class 'com.datastax.driver.core.Session' (OnClassCondition)

   ClientHttpConnectorAutoConfiguration:
      Did not match:
         - @ConditionalOnClass did not find required class 'org.springframework.web.reactive.function.client.WebClient' (OnClassCondition)

   CloudServiceConnectorsAutoConfiguration:
      Did not match:
         - @ConditionalOnClass did not find required class 'org.springframework.cloud.config.java.CloudScanConfiguration' (OnClassCondition)

   CouchbaseAutoConfiguration:
      Did not match:
         - @ConditionalOnClass did not find required class 'com.couchbase.client.java.Cluster' (OnClassCondition)

   CouchbaseCacheConfiguration:
      Did not match:
         - @ConditionalOnClass did not find required classes 'com.couchbase.client.java.Bucket', 'com.couchbase.client.spring.cache.CouchbaseCacheManager' (OnClassCondition)

   CouchbaseDataAutoConfiguration:
      Did not match:
         - @ConditionalOnClass did not find required class 'com.couchbase.client.java.Bucket' (OnClassCondition)

   CouchbaseReactiveDataAutoConfiguration:
      Did not match:
         - @ConditionalOnClass did not find required class 'com.couchbase.client.java.Bucket' (OnClassCondition)

   CouchbaseReactiveRepositoriesAutoConfiguration:
      Did not match:
         - @ConditionalOnClass did not find required class 'com.couchbase.client.java.Bucket' (OnClassCondition)

   CouchbaseRepositoriesAutoConfiguration:
      Did not match:
         - @ConditionalOnClass did not find required class 'com.couchbase.client.java.Bucket' (OnClassCondition)

   DataSourceAutoConfiguration.EmbeddedDatabaseConfiguration:
      Did not match:
         - EmbeddedDataSource found supported pooled data source (DataSourceAutoConfiguration.EmbeddedDatabaseCondition)

   DataSourceConfiguration.Dbcp2:
      Did not match:
         - @ConditionalOnClass did not find required class 'org.apache.commons.dbcp2.BasicDataSource' (OnClassCondition)

   DataSourceConfiguration.Generic:
      Did not match:
         - @ConditionalOnProperty (spring.datasource.type) did not find property 'spring.datasource.type' (OnPropertyCondition)

   DataSourceConfiguration.Tomcat:
      Did not match:
         - @ConditionalOnClass did not find required class 'org.apache.tomcat.jdbc.pool.DataSource' (OnClassCondition)

   DataSourceJmxConfiguration:
      Did not match:
         - @ConditionalOnProperty (spring.jmx.enabled=true) found different value in property 'enabled' (OnPropertyCondition)

   DataSourcePoolMetadataProvidersConfiguration.CommonsDbcp2PoolDataSourceMetadataProviderConfiguration:
      Did not match:
         - @ConditionalOnClass did not find required class 'org.apache.commons.dbcp2.BasicDataSource' (OnClassCondition)

   DataSourcePoolMetadataProvidersConfiguration.TomcatDataSourcePoolMetadataProviderConfiguration:
      Did not match:
         - @ConditionalOnClass did not find required class 'org.apache.tomcat.jdbc.pool.DataSource' (OnClassCondition)

   DataSourceTransactionManagerAutoConfiguration.DataSourceTransactionManagerConfiguration#transactionManager:
      Did not match:
         - @ConditionalOnMissingBean (types: org.springframework.transaction.PlatformTransactionManager; SearchStrategy: all) found beans of type 'org.springframework.transaction.PlatformTransactionManager' transactionManager (OnBeanCondition)

   DispatcherServletAutoConfiguration.DispatcherServletConfiguration#multipartResolver:
      Did not match:
         - @ConditionalOnBean (types: org.springframework.web.multipart.MultipartResolver; SearchStrategy: all) did not find any beans of type org.springframework.web.multipart.MultipartResolver (OnBeanCondition)

   EhCacheCacheConfiguration:
      Did not match:
         - @ConditionalOnClass did not find required classes 'net.sf.ehcache.Cache', 'org.springframework.cache.ehcache.EhCacheCacheManager' (OnClassCondition)

   ElasticsearchAutoConfiguration:
      Did not match:
         - @ConditionalOnClass did not find required class 'org.elasticsearch.client.Client' (OnClassCondition)

   ElasticsearchDataAutoConfiguration:
      Did not match:
         - @ConditionalOnClass did not find required class 'org.elasticsearch.client.Client' (OnClassCondition)

   ElasticsearchRepositoriesAutoConfiguration:
      Did not match:
         - @ConditionalOnClass did not find required class 'org.elasticsearch.client.Client' (OnClassCondition)

   EmbeddedLdapAutoConfiguration:
      Did not match:
         - @ConditionalOnClass did not find required class 'com.unboundid.ldap.listener.InMemoryDirectoryServer' (OnClassCondition)

   EmbeddedMongoAutoConfiguration:
      Did not match:
         - @ConditionalOnClass did not find required class 'com.mongodb.MongoClient' (OnClassCondition)

   EmbeddedWebServerFactoryCustomizerAutoConfiguration.JettyWebServerFactoryCustomizerConfiguration:
      Did not match:
         - @ConditionalOnClass did not find required classes 'org.eclipse.jetty.server.Server', 'org.eclipse.jetty.util.Loader', 'org.eclipse.jetty.webapp.WebAppContext' (OnClassCondition)

   EmbeddedWebServerFactoryCustomizerAutoConfiguration.NettyWebServerFactoryCustomizerConfiguration:
      Did not match:
         - @ConditionalOnClass did not find required class 'reactor.netty.http.server.HttpServer' (OnClassCondition)

   EmbeddedWebServerFactoryCustomizerAutoConfiguration.UndertowWebServerFactoryCustomizerConfiguration:
      Did not match:
         - @ConditionalOnClass did not find required classes 'io.undertow.Undertow', 'org.xnio.SslClientAuthMode' (OnClassCondition)

   ErrorWebFluxAutoConfiguration:
      Did not match:
         - @ConditionalOnClass did not find required class 'org.springframework.web.reactive.config.WebFluxConfigurer' (OnClassCondition)

   FlywayAutoConfiguration:
      Did not match:
         - @ConditionalOnClass did not find required class 'org.flywaydb.core.Flyway' (OnClassCondition)

   FreeMarkerAutoConfiguration:
      Did not match:
         - @ConditionalOnClass did not find required class 'freemarker.template.Configuration' (OnClassCondition)

   GroovyTemplateAutoConfiguration:
      Did not match:
         - @ConditionalOnClass did not find required class 'groovy.text.markup.MarkupTemplateEngine' (OnClassCondition)

   GsonAutoConfiguration:
      Did not match:
         - @ConditionalOnClass did not find required class 'com.google.gson.Gson' (OnClassCondition)

   GsonHttpMessageConvertersConfiguration:
      Did not match:
         - @ConditionalOnClass did not find required class 'com.google.gson.Gson' (OnClassCondition)

   HazelcastAutoConfiguration:
      Did not match:
         - @ConditionalOnClass did not find required class 'com.hazelcast.core.HazelcastInstance' (OnClassCondition)

   HazelcastCacheConfiguration:
      Did not match:
         - @ConditionalOnClass did not find required classes 'com.hazelcast.core.HazelcastInstance', 'com.hazelcast.spring.cache.HazelcastCacheManager' (OnClassCondition)

   HazelcastJpaDependencyAutoConfiguration:
      Did not match:
         - @ConditionalOnClass did not find required class 'com.hazelcast.core.HazelcastInstance' (OnClassCondition)

   HttpHandlerAutoConfiguration:
      Did not match:
         - @ConditionalOnClass did not find required class 'org.springframework.web.reactive.DispatcherHandler' (OnClassCondition)

   HypermediaAutoConfiguration:
      Did not match:
         - @ConditionalOnClass did not find required class 'org.springframework.hateoas.Resource' (OnClassCondition)

   InfinispanCacheConfiguration:
      Did not match:
         - @ConditionalOnClass did not find required class 'org.infinispan.spring.provider.SpringEmbeddedCacheManager' (OnClassCondition)

   InfluxDbAutoConfiguration:
      Did not match:
         - @ConditionalOnClass did not find required class 'org.influxdb.InfluxDB' (OnClassCondition)

   IntegrationAutoConfiguration:
      Did not match:
         - @ConditionalOnClass did not find required class 'org.springframework.integration.config.EnableIntegration' (OnClassCondition)

   JCacheCacheConfiguration:
      Did not match:
         - @ConditionalOnClass did not find required classes 'javax.cache.Caching', 'org.springframework.cache.jcache.JCacheCacheManager' (OnClassCondition)

   JacksonAutoConfiguration.JodaDateTimeJacksonConfiguration:
      Did not match:
         - @ConditionalOnClass did not find required classes 'org.joda.time.DateTime', 'com.fasterxml.jackson.datatype.joda.ser.DateTimeSerializer', 'com.fasterxml.jackson.datatype.joda.cfg.JacksonJodaDateFormat' (OnClassCondition)

   JacksonHttpMessageConvertersConfiguration.MappingJackson2XmlHttpMessageConverterConfiguration:
      Did not match:
         - @ConditionalOnClass did not find required class 'com.fasterxml.jackson.dataformat.xml.XmlMapper' (OnClassCondition)

   JdbcRepositoriesAutoConfiguration:
      Did not match:
         - @ConditionalOnClass did not find required class 'org.springframework.data.jdbc.repository.config.JdbcConfiguration' (OnClassCondition)

   JerseyAutoConfiguration:
      Did not match:
         - @ConditionalOnClass did not find required class 'org.glassfish.jersey.server.spring.SpringComponentProvider' (OnClassCondition)

   JestAutoConfiguration:
      Did not match:
         - @ConditionalOnClass did not find required class 'io.searchbox.client.JestClient' (OnClassCondition)

   JmsAutoConfiguration:
      Did not match:
         - @ConditionalOnClass did not find required class 'javax.jms.Message' (OnClassCondition)

   JmxAutoConfiguration:
      Did not match:
         - @ConditionalOnProperty (spring.jmx.enabled=true) found different value in property 'enabled' (OnPropertyCondition)
      Matched:
         - @ConditionalOnClass found required class 'org.springframework.jmx.export.MBeanExporter' (OnClassCondition)

   JndiConnectionFactoryAutoConfiguration:
      Did not match:
         - @ConditionalOnClass did not find required class 'org.springframework.jms.core.JmsTemplate' (OnClassCondition)

   JndiDataSourceAutoConfiguration:
      Did not match:
         - @ConditionalOnProperty (spring.datasource.jndi-name) did not find property 'jndi-name' (OnPropertyCondition)
      Matched:
         - @ConditionalOnClass found required classes 'javax.sql.DataSource', 'org.springframework.jdbc.datasource.embedded.EmbeddedDatabaseType' (OnClassCondition)

   JndiJtaConfiguration:
      Did not match:
         - @ConditionalOnJndi JNDI environment is not available (OnJndiCondition)
      Matched:
         - @ConditionalOnClass found required class 'org.springframework.transaction.jta.JtaTransactionManager' (OnClassCondition)

   JooqAutoConfiguration:
      Did not match:
         - @ConditionalOnClass did not find required class 'org.jooq.DSLContext' (OnClassCondition)

   JpaRepositoriesAutoConfiguration#entityManagerFactoryBootstrapExecutorCustomizer:
      Did not match:
         - AnyNestedCondition 0 matched 2 did not; NestedCondition on JpaRepositoriesAutoConfiguration.BootstrapExecutorCondition.LazyBootstrapMode @ConditionalOnProperty (spring.data.jpa.repositories.bootstrap-mode=lazy) did not find property 'bootstrap-mode'; NestedCondition on JpaRepositoriesAutoConfiguration.BootstrapExecutorCondition.DeferredBootstrapMode @ConditionalOnProperty (spring.data.jpa.repositories.bootstrap-mode=deferred) did not find property 'bootstrap-mode' (JpaRepositoriesAutoConfiguration.BootstrapExecutorCondition)

   JsonbAutoConfiguration:
      Did not match:
         - @ConditionalOnClass did not find required class 'javax.json.bind.Jsonb' (OnClassCondition)

   JsonbHttpMessageConvertersConfiguration:
      Did not match:
         - @ConditionalOnClass did not find required class 'javax.json.bind.Jsonb' (OnClassCondition)

   KafkaAutoConfiguration:
      Did not match:
         - @ConditionalOnClass did not find required class 'org.springframework.kafka.core.KafkaTemplate' (OnClassCondition)

   LdapAutoConfiguration:
      Did not match:
         - @ConditionalOnClass did not find required class 'org.springframework.ldap.core.ContextSource' (OnClassCondition)

   LdapRepositoriesAutoConfiguration:
      Did not match:
         - @ConditionalOnClass did not find required class 'org.springframework.data.ldap.repository.LdapRepository' (OnClassCondition)

   LiquibaseAutoConfiguration:
      Did not match:
         - @ConditionalOnClass did not find required class 'liquibase.change.DatabaseChange' (OnClassCondition)

   MailSenderAutoConfiguration:
      Did not match:
         - @ConditionalOnClass did not find required class 'javax.mail.internet.MimeMessage' (OnClassCondition)

   MailSenderValidatorAutoConfiguration:
      Did not match:
         - @ConditionalOnSingleCandidate did not find required type 'org.springframework.mail.javamail.JavaMailSenderImpl' (OnBeanCondition)

   MessageSourceAutoConfiguration:
      Did not match:
         - ResourceBundle did not find bundle with basename messages (MessageSourceAutoConfiguration.ResourceBundleCondition)

   MongoAutoConfiguration:
      Did not match:
         - @ConditionalOnClass did not find required class 'com.mongodb.MongoClient' (OnClassCondition)

   MongoDataAutoConfiguration:
      Did not match:
         - @ConditionalOnClass did not find required class 'com.mongodb.client.MongoClient' (OnClassCondition)

   MongoReactiveAutoConfiguration:
      Did not match:
         - @ConditionalOnClass did not find required class 'com.mongodb.reactivestreams.client.MongoClient' (OnClassCondition)

   MongoReactiveDataAutoConfiguration:
      Did not match:
         - @ConditionalOnClass did not find required class 'com.mongodb.reactivestreams.client.MongoClient' (OnClassCondition)

   MongoReactiveRepositoriesAutoConfiguration:
      Did not match:
         - @ConditionalOnClass did not find required class 'com.mongodb.reactivestreams.client.MongoClient' (OnClassCondition)

   MongoRepositoriesAutoConfiguration:
      Did not match:
         - @ConditionalOnClass did not find required class 'com.mongodb.MongoClient' (OnClassCondition)

   MustacheReactiveWebConfiguration:
      Did not match:
         - did not find reactive web application classes (OnWebApplicationCondition)

   Neo4jDataAutoConfiguration:
      Did not match:
         - @ConditionalOnClass did not find required class 'org.neo4j.ogm.session.SessionFactory' (OnClassCondition)

   Neo4jRepositoriesAutoConfiguration:
      Did not match:
         - @ConditionalOnClass did not find required class 'org.neo4j.ogm.session.Neo4jSession' (OnClassCondition)

   OAuth2ClientAutoConfiguration:
      Did not match:
         - @ConditionalOnClass did not find required class 'org.springframework.security.config.annotation.web.configuration.EnableWebSecurity' (OnClassCondition)

   OAuth2ResourceServerAutoConfiguration:
      Did not match:
         - @ConditionalOnClass did not find required class 'org.springframework.security.oauth2.jwt.JwtDecoder' (OnClassCondition)

   ProjectInfoAutoConfiguration#buildProperties:
      Did not match:
         - @ConditionalOnResource did not find resource '${spring.info.build.location:classpath:META-INF/build-info.properties}' (OnResourceCondition)

   ProjectInfoAutoConfiguration#gitProperties:
      Did not match:
         - GitResource did not find git info at classpath:git.properties (ProjectInfoAutoConfiguration.GitResourceAvailableCondition)

   QuartzAutoConfiguration:
      Did not match:
         - @ConditionalOnClass did not find required class 'org.quartz.Scheduler' (OnClassCondition)

   RabbitAutoConfiguration:
      Did not match:
         - @ConditionalOnClass did not find required class 'com.rabbitmq.client.Channel' (OnClassCondition)

   ReactiveOAuth2ClientAutoConfiguration:
      Did not match:
         - @ConditionalOnClass did not find required class 'reactor.core.publisher.Flux' (OnClassCondition)

   ReactiveOAuth2ResourceServerAutoConfiguration:
      Did not match:
         - @ConditionalOnClass did not find required class 'org.springframework.security.config.annotation.web.reactive.EnableWebFluxSecurity' (OnClassCondition)

   ReactiveSecurityAutoConfiguration:
      Did not match:
         - @ConditionalOnClass did not find required class 'reactor.core.publisher.Flux' (OnClassCondition)

   ReactiveUserDetailsServiceAutoConfiguration:
      Did not match:
         - @ConditionalOnClass did not find required class 'org.springframework.security.authentication.ReactiveAuthenticationManager' (OnClassCondition)

   ReactiveWebServerFactoryAutoConfiguration:
      Did not match:
         - @ConditionalOnWebApplication did not find reactive web application classes (OnWebApplicationCondition)

   ReactorCoreAutoConfiguration:
      Did not match:
         - @ConditionalOnClass did not find required class 'reactor.core.publisher.Flux' (OnClassCondition)

   RedisAutoConfiguration:
      Did not match:
         - @ConditionalOnClass did not find required class 'org.springframework.data.redis.core.RedisOperations' (OnClassCondition)

   RedisCacheConfiguration:
      Did not match:
         - @ConditionalOnClass did not find required class 'org.springframework.data.redis.connection.RedisConnectionFactory' (OnClassCondition)

   RedisReactiveAutoConfiguration:
      Did not match:
         - @ConditionalOnClass did not find required class 'reactor.core.publisher.Flux' (OnClassCondition)

   RedisRepositoriesAutoConfiguration:
      Did not match:
         - @ConditionalOnClass did not find required class 'org.springframework.data.redis.repository.configuration.EnableRedisRepositories' (OnClassCondition)

   RepositoryRestMvcAutoConfiguration:
      Did not match:
         - @ConditionalOnClass did not find required class 'org.springframework.data.rest.webmvc.config.RepositoryRestMvcConfiguration' (OnClassCondition)

   RestClientAutoConfiguration:
      Did not match:
         - @ConditionalOnClass did not find required class 'org.elasticsearch.client.RestClient' (OnClassCondition)

   SecurityAutoConfiguration:
      Did not match:
         - @ConditionalOnClass did not find required class 'org.springframework.security.authentication.DefaultAuthenticationEventPublisher' (OnClassCondition)

   SecurityFilterAutoConfiguration:
      Did not match:
         - @ConditionalOnClass did not find required class 'org.springframework.security.config.http.SessionCreationPolicy' (OnClassCondition)

   SecurityRequestMatcherProviderAutoConfiguration:
      Did not match:
         - @ConditionalOnClass did not find required class 'org.springframework.security.web.util.matcher.RequestMatcher' (OnClassCondition)

   SendGridAutoConfiguration:
      Did not match:
         - @ConditionalOnClass did not find required class 'com.sendgrid.SendGrid' (OnClassCondition)

   ServletWebServerFactoryConfiguration.EmbeddedJetty:
      Did not match:
         - @ConditionalOnClass did not find required classes 'org.eclipse.jetty.server.Server', 'org.eclipse.jetty.util.Loader', 'org.eclipse.jetty.webapp.WebAppContext' (OnClassCondition)

   ServletWebServerFactoryConfiguration.EmbeddedUndertow:
      Did not match:
         - @ConditionalOnClass did not find required classes 'io.undertow.Undertow', 'org.xnio.SslClientAuthMode' (OnClassCondition)

   SessionAutoConfiguration:
      Did not match:
         - @ConditionalOnClass did not find required class 'org.springframework.session.Session' (OnClassCondition)

   SolrAutoConfiguration:
      Did not match:
         - @ConditionalOnClass did not find required class 'org.apache.solr.client.solrj.impl.CloudSolrClient' (OnClassCondition)

   SolrRepositoriesAutoConfiguration:
      Did not match:
         - @ConditionalOnClass did not find required class 'org.apache.solr.client.solrj.SolrClient' (OnClassCondition)

   SpringApplicationAdminJmxAutoConfiguration:
      Did not match:
         - @ConditionalOnProperty (spring.application.admin.enabled=true) did not find property 'enabled' (OnPropertyCondition)

   TaskSchedulingAutoConfiguration#taskScheduler:
      Did not match:
         - @ConditionalOnBean (names: org.springframework.context.annotation.internalScheduledAnnotationProcessor; SearchStrategy: all) did not find any beans named org.springframework.context.annotation.internalScheduledAnnotationProcessor (OnBeanCondition)

   ThymeleafAutoConfiguration:
      Did not match:
         - @ConditionalOnClass did not find required class 'org.thymeleaf.spring5.SpringTemplateEngine' (OnClassCondition)

   TransactionAutoConfiguration.EnableTransactionManagementConfiguration.JdkDynamicAutoProxyConfiguration:
      Did not match:
         - @ConditionalOnProperty (spring.aop.proxy-target-class=false) did not find property 'proxy-target-class' (OnPropertyCondition)

   UserDetailsServiceAutoConfiguration:
      Did not match:
         - @ConditionalOnClass did not find required class 'org.springframework.security.authentication.AuthenticationManager' (OnClassCondition)

   WebClientAutoConfiguration:
      Did not match:
         - @ConditionalOnClass did not find required class 'org.springframework.web.reactive.function.client.WebClient' (OnClassCondition)

   WebFluxAutoConfiguration:
      Did not match:
         - @ConditionalOnClass did not find required class 'org.springframework.web.reactive.config.WebFluxConfigurer' (OnClassCondition)

   WebMvcAutoConfiguration.ResourceChainCustomizerConfiguration:
      Did not match:
         - @ConditionalOnEnabledResourceChain did not find class org.webjars.WebJarAssetLocator (OnEnabledResourceChainCondition)

   WebMvcAutoConfiguration.WebMvcAutoConfigurationAdapter#beanNameViewResolver:
      Did not match:
         - @ConditionalOnMissingBean (types: org.springframework.web.servlet.view.BeanNameViewResolver; SearchStrategy: all) found beans of type 'org.springframework.web.servlet.view.BeanNameViewResolver' beanNameViewResolver (OnBeanCondition)

   WebMvcAutoConfiguration.WebMvcAutoConfigurationAdapter#localeResolver:
      Did not match:
         - @ConditionalOnProperty (spring.mvc.locale) did not find property 'locale' (OnPropertyCondition)

   WebServiceTemplateAutoConfiguration:
      Did not match:
         - @ConditionalOnClass did not find required class 'org.springframework.oxm.Marshaller' (OnClassCondition)

   WebServicesAutoConfiguration:
      Did not match:
         - @ConditionalOnClass did not find required class 'org.springframework.ws.transport.http.MessageDispatcherServlet' (OnClassCondition)

   WebSocketMessagingAutoConfiguration:
      Did not match:
         - @ConditionalOnClass did not find required class 'org.springframework.web.socket.config.annotation.WebSocketMessageBrokerConfigurer' (OnClassCondition)

   WebSocketReactiveAutoConfiguration:
      Did not match:
         - @ConditionalOnWebApplication did not find reactive web application classes (OnWebApplicationCondition)

   WebSocketServletAutoConfiguration.JettyWebSocketConfiguration:
      Did not match:
         - @ConditionalOnClass did not find required class 'org.eclipse.jetty.websocket.jsr356.server.deploy.WebSocketServerContainerInitializer' (OnClassCondition)

   WebSocketServletAutoConfiguration.UndertowWebSocketConfiguration:
      Did not match:
         - @ConditionalOnClass did not find required class 'io.undertow.websockets.jsr.Bootstrap' (OnClassCondition)

   XADataSourceAutoConfiguration:
      Did not match:
         - @ConditionalOnBean (types: org.springframework.boot.jdbc.XADataSourceWrapper; SearchStrategy: all) did not find any beans of type org.springframework.boot.jdbc.XADataSourceWrapper (OnBeanCondition)
      Matched:
         - @ConditionalOnClass found required classes 'javax.sql.DataSource', 'javax.transaction.TransactionManager', 'org.springframework.jdbc.datasource.embedded.EmbeddedDatabaseType' (OnClassCondition)


Exclusions:
-----------

    None


Unconditional classes:
----------------------

    org.springframework.boot.autoconfigure.context.ConfigurationPropertiesAutoConfiguration

    org.springframework.boot.autoconfigure.context.PropertyPlaceholderAutoConfiguration

    org.springframework.boot.autoconfigure.info.ProjectInfoAutoConfiguration



2019-12-06 11:18:46.953 DEBUG 7503 --- [auto-1-Acceptor] o.apache.tomcat.util.threads.LimitLatch  : Counting up[http-nio-auto-1-Acceptor] latch=0
2019-12-06 11:18:46.959  INFO 7503 --- [    Test worker] o.s.b.w.embedded.tomcat.TomcatWebServer  : Tomcat started on port(s): 62550 (http) with context path ''
2019-12-06 11:18:46.960  INFO 7503 --- [    Test worker] k.g.j.s.web.IndexControllerTest          : Started IndexControllerTest in 4.303 seconds (JVM running for 7.556)
2019-12-06 11:18:46.962 DEBUG 7503 --- [    Test worker] c.DefaultCacheAwareContextLoaderDelegate : Storing ApplicationContext in cache under key [[WebMergedContextConfiguration@6daa27bc testClass = IndexControllerTest, locations = '{}', classes = '{class kr.gracelove.jojoldu.springboot.Application}', contextInitializerClasses = '[]', activeProfiles = '{}', propertySourceLocations = '{}', propertySourceProperties = '{org.springframework.boot.test.context.SpringBootTestContextBootstrapper=true, server.port=0}', contextCustomizers = set[org.springframework.boot.test.autoconfigure.properties.PropertyMappingContextCustomizer@0, org.springframework.boot.test.autoconfigure.web.servlet.WebDriverContextCustomizerFactory$Customizer@18c1dfe6, org.springframework.boot.test.context.filter.ExcludeFilterContextCustomizer@4ca9ea9c, org.springframework.boot.test.json.DuplicateJsonObjectContextCustomizerFactory$DuplicateJsonObjectContextCustomizer@939cf91, org.springframework.boot.test.mock.mockito.MockitoContextCustomizer@0, org.springframework.boot.test.web.client.TestRestTemplateContextCustomizer@51e92801], resourceBasePath = 'src/main/webapp', contextLoader = 'org.springframework.boot.test.context.SpringBootContextLoader', parent = [null]]]
2019-12-06 11:18:46.963 DEBUG 7503 --- [    Test worker] org.springframework.test.context.cache   : Spring test ApplicationContext cache statistics: [DefaultContextCache@1f4f0d88 size = 1, maxSize = 32, parentContextCount = 0, hitCount = 0, missCount = 5]
2019-12-06 11:18:46.968 DEBUG 7503 --- [    Test worker] tractDirtiesContextTestExecutionListener : Before test method: context [DefaultTestContext@1ae92894 testClass = IndexControllerTest, testInstance = kr.gracelove.jojoldu.springboot.web.IndexControllerTest@2280babd, testMethod = 메인페이지_로딩@IndexControllerTest, testException = [null], mergedContextConfiguration = [WebMergedContextConfiguration@6daa27bc testClass = IndexControllerTest, locations = '{}', classes = '{class kr.gracelove.jojoldu.springboot.Application}', contextInitializerClasses = '[]', activeProfiles = '{}', propertySourceLocations = '{}', propertySourceProperties = '{org.springframework.boot.test.context.SpringBootTestContextBootstrapper=true, server.port=0}', contextCustomizers = set[org.springframework.boot.test.autoconfigure.properties.PropertyMappingContextCustomizer@0, org.springframework.boot.test.autoconfigure.web.servlet.WebDriverContextCustomizerFactory$Customizer@18c1dfe6, org.springframework.boot.test.context.filter.ExcludeFilterContextCustomizer@4ca9ea9c, org.springframework.boot.test.json.DuplicateJsonObjectContextCustomizerFactory$DuplicateJsonObjectContextCustomizer@939cf91, org.springframework.boot.test.mock.mockito.MockitoContextCustomizer@0, org.springframework.boot.test.web.client.TestRestTemplateContextCustomizer@51e92801], resourceBasePath = 'src/main/webapp', contextLoader = 'org.springframework.boot.test.context.SpringBootContextLoader', parent = [null]], attributes = map['org.springframework.test.context.web.ServletTestExecutionListener.activateListener' -> false]], class annotated with @DirtiesContext [false] with mode [null], method annotated with @DirtiesContext [false] with mode [null].
2019-12-06 11:18:46.970 DEBUG 7503 --- [    Test worker] c.DefaultCacheAwareContextLoaderDelegate : Retrieved ApplicationContext from cache with key [[WebMergedContextConfiguration@6daa27bc testClass = IndexControllerTest, locations = '{}', classes = '{class kr.gracelove.jojoldu.springboot.Application}', contextInitializerClasses = '[]', activeProfiles = '{}', propertySourceLocations = '{}', propertySourceProperties = '{org.springframework.boot.test.context.SpringBootTestContextBootstrapper=true, server.port=0}', contextCustomizers = set[org.springframework.boot.test.autoconfigure.properties.PropertyMappingContextCustomizer@0, org.springframework.boot.test.autoconfigure.web.servlet.WebDriverContextCustomizerFactory$Customizer@18c1dfe6, org.springframework.boot.test.context.filter.ExcludeFilterContextCustomizer@4ca9ea9c, org.springframework.boot.test.json.DuplicateJsonObjectContextCustomizerFactory$DuplicateJsonObjectContextCustomizer@939cf91, org.springframework.boot.test.mock.mockito.MockitoContextCustomizer@0, org.springframework.boot.test.web.client.TestRestTemplateContextCustomizer@51e92801], resourceBasePath = 'src/main/webapp', contextLoader = 'org.springframework.boot.test.context.SpringBootContextLoader', parent = [null]]]
2019-12-06 11:18:46.970 DEBUG 7503 --- [    Test worker] org.springframework.test.context.cache   : Spring test ApplicationContext cache statistics: [DefaultContextCache@1f4f0d88 size = 1, maxSize = 32, parentContextCount = 0, hitCount = 1, missCount = 5]
2019-12-06 11:18:47.005 DEBUG 7503 --- [    Test worker] o.s.c.e.PropertySourcesPropertyResolver  : Found key 'local.server.port' in PropertySource 'server.ports' with value of type Integer
2019-12-06 11:18:47.027 DEBUG 7503 --- [    Test worker] o.s.web.client.RestTemplate              : HTTP GET http://localhost:62550/
2019-12-06 11:18:47.030 DEBUG 7503 --- [    Test worker] o.s.web.client.RestTemplate              : Accept=[text/plain, application/json, application/*+json, */*]
2019-12-06 11:18:47.040 DEBUG 7503 --- [    Test worker] s.n.www.protocol.http.HttpURLConnection  : sun.net.www.MessageHeader@6406eab85 pairs: {GET / HTTP/1.1: null}{Accept: text/plain, application/json, application/*+json, */*}{User-Agent: Java/1.8.0_222}{Host: localhost:62550}{Connection: keep-alive}
2019-12-06 11:18:47.048 DEBUG 7503 --- [auto-1-Acceptor] o.apache.tomcat.util.threads.LimitLatch  : Counting up[http-nio-auto-1-Acceptor] latch=1
2019-12-06 11:18:47.074 DEBUG 7503 --- [o-auto-1-exec-1] org.apache.tomcat.util.modeler.Registry  : Managed= Tomcat:type=RequestProcessor,worker="http-nio-auto-1-62550",name=HttpRequest1
2019-12-06 11:18:47.074 DEBUG 7503 --- [o-auto-1-exec-1] org.apache.tomcat.util.modeler.Registry  : Looking for descriptor 
2019-12-06 11:18:47.074 DEBUG 7503 --- [o-auto-1-exec-1] org.apache.tomcat.util.modeler.Registry  : Introspecting 
2019-12-06 11:18:47.074 DEBUG 7503 --- [o-auto-1-exec-1] m.m.MbeansDescriptorsIntrospectionSource : Introspected attribute virtualHost public java.lang.String org.apache.coyote.RequestInfo.getVirtualHost() null
2019-12-06 11:18:47.075 DEBUG 7503 --- [o-auto-1-exec-1] m.m.MbeansDescriptorsIntrospectionSource : Introspected attribute bytesSent public long org.apache.coyote.RequestInfo.getBytesSent() public void org.apache.coyote.RequestInfo.setBytesSent(long)
2019-12-06 11:18:47.075 DEBUG 7503 --- [o-auto-1-exec-1] m.m.MbeansDescriptorsIntrospectionSource : Introspected attribute method public java.lang.String org.apache.coyote.RequestInfo.getMethod() null
2019-12-06 11:18:47.075 DEBUG 7503 --- [o-auto-1-exec-1] m.m.MbeansDescriptorsIntrospectionSource : Introspected attribute remoteAddr public java.lang.String org.apache.coyote.RequestInfo.getRemoteAddr() null
2019-12-06 11:18:47.075 DEBUG 7503 --- [o-auto-1-exec-1] m.m.MbeansDescriptorsIntrospectionSource : Introspected attribute requestBytesSent public long org.apache.coyote.RequestInfo.getRequestBytesSent() null
2019-12-06 11:18:47.075 DEBUG 7503 --- [o-auto-1-exec-1] m.m.MbeansDescriptorsIntrospectionSource : Introspected attribute rpName public javax.management.ObjectName org.apache.coyote.RequestInfo.getRpName() public void org.apache.coyote.RequestInfo.setRpName(javax.management.ObjectName)
2019-12-06 11:18:47.075 DEBUG 7503 --- [o-auto-1-exec-1] m.m.MbeansDescriptorsIntrospectionSource : Introspected attribute contentLength public int org.apache.coyote.RequestInfo.getContentLength() null
2019-12-06 11:18:47.075 DEBUG 7503 --- [o-auto-1-exec-1] m.m.MbeansDescriptorsIntrospectionSource : Introspected attribute workerThreadName public java.lang.String org.apache.coyote.RequestInfo.getWorkerThreadName() public void org.apache.coyote.RequestInfo.setWorkerThreadName(java.lang.String)
2019-12-06 11:18:47.075 DEBUG 7503 --- [o-auto-1-exec-1] m.m.MbeansDescriptorsIntrospectionSource : Introspected attribute bytesReceived public long org.apache.coyote.RequestInfo.getBytesReceived() public void org.apache.coyote.RequestInfo.setBytesReceived(long)
2019-12-06 11:18:47.075 DEBUG 7503 --- [o-auto-1-exec-1] m.m.MbeansDescriptorsIntrospectionSource : Introspected attribute requestProcessingTime public long org.apache.coyote.RequestInfo.getRequestProcessingTime() null
2019-12-06 11:18:47.075 DEBUG 7503 --- [o-auto-1-exec-1] m.m.MbeansDescriptorsIntrospectionSource : Introspected attribute remoteAddrForwarded public java.lang.String org.apache.coyote.RequestInfo.getRemoteAddrForwarded() null
2019-12-06 11:18:47.075 DEBUG 7503 --- [o-auto-1-exec-1] m.m.MbeansDescriptorsIntrospectionSource : Introspected attribute globalProcessor public org.apache.coyote.RequestGroupInfo org.apache.coyote.RequestInfo.getGlobalProcessor() public void org.apache.coyote.RequestInfo.setGlobalProcessor(org.apache.coyote.RequestGroupInfo)
2019-12-06 11:18:47.075 DEBUG 7503 --- [o-auto-1-exec-1] m.m.MbeansDescriptorsIntrospectionSource : Introspected attribute protocol public java.lang.String org.apache.coyote.RequestInfo.getProtocol() null
2019-12-06 11:18:47.075 DEBUG 7503 --- [o-auto-1-exec-1] m.m.MbeansDescriptorsIntrospectionSource : Introspected attribute currentQueryString public java.lang.String org.apache.coyote.RequestInfo.getCurrentQueryString() null
2019-12-06 11:18:47.075 DEBUG 7503 --- [o-auto-1-exec-1] m.m.MbeansDescriptorsIntrospectionSource : Introspected attribute maxRequestUri public java.lang.String org.apache.coyote.RequestInfo.getMaxRequestUri() public void org.apache.coyote.RequestInfo.setMaxRequestUri(java.lang.String)
2019-12-06 11:18:47.075 DEBUG 7503 --- [o-auto-1-exec-1] m.m.MbeansDescriptorsIntrospectionSource : Introspected attribute requestBytesReceived public long org.apache.coyote.RequestInfo.getRequestBytesReceived() null
2019-12-06 11:18:47.075 DEBUG 7503 --- [o-auto-1-exec-1] m.m.MbeansDescriptorsIntrospectionSource : Introspected attribute serverPort public int org.apache.coyote.RequestInfo.getServerPort() null
2019-12-06 11:18:47.075 DEBUG 7503 --- [o-auto-1-exec-1] m.m.MbeansDescriptorsIntrospectionSource : Introspected attribute stage public int org.apache.coyote.RequestInfo.getStage() public void org.apache.coyote.RequestInfo.setStage(int)
2019-12-06 11:18:47.075 DEBUG 7503 --- [o-auto-1-exec-1] m.m.MbeansDescriptorsIntrospectionSource : Introspected attribute requestCount public int org.apache.coyote.RequestInfo.getRequestCount() public void org.apache.coyote.RequestInfo.setRequestCount(int)
2019-12-06 11:18:47.075 DEBUG 7503 --- [o-auto-1-exec-1] m.m.MbeansDescriptorsIntrospectionSource : Introspected attribute maxTime public long org.apache.coyote.RequestInfo.getMaxTime() public void org.apache.coyote.RequestInfo.setMaxTime(long)
2019-12-06 11:18:47.075 DEBUG 7503 --- [o-auto-1-exec-1] m.m.MbeansDescriptorsIntrospectionSource : Introspected attribute processingTime public long org.apache.coyote.RequestInfo.getProcessingTime() public void org.apache.coyote.RequestInfo.setProcessingTime(long)
2019-12-06 11:18:47.075 DEBUG 7503 --- [o-auto-1-exec-1] m.m.MbeansDescriptorsIntrospectionSource : Introspected attribute currentUri public java.lang.String org.apache.coyote.RequestInfo.getCurrentUri() null
2019-12-06 11:18:47.075 DEBUG 7503 --- [o-auto-1-exec-1] m.m.MbeansDescriptorsIntrospectionSource : Introspected attribute lastRequestProcessingTime public long org.apache.coyote.RequestInfo.getLastRequestProcessingTime() public void org.apache.coyote.RequestInfo.setLastRequestProcessingTime(long)
2019-12-06 11:18:47.075 DEBUG 7503 --- [o-auto-1-exec-1] m.m.MbeansDescriptorsIntrospectionSource : Introspected attribute errorCount public int org.apache.coyote.RequestInfo.getErrorCount() public void org.apache.coyote.RequestInfo.setErrorCount(int)
2019-12-06 11:18:47.075 DEBUG 7503 --- [o-auto-1-exec-1] m.m.MbeansDescriptorsIntrospectionSource : Setting name: org.apache.coyote.RequestInfo
2019-12-06 11:18:47.075 DEBUG 7503 --- [o-auto-1-exec-1] o.a.tomcat.util.modeler.BaseModelMBean   : preRegister org.apache.coyote.RequestInfo@556f3aea Tomcat:type=RequestProcessor,worker="http-nio-auto-1-62550",name=HttpRequest1
2019-12-06 11:18:47.076 DEBUG 7503 --- [o-auto-1-exec-1] o.a.tomcat.util.net.SocketWrapperBase    : Socket: [org.apache.tomcat.util.net.NioEndpoint$NioSocketWrapper@65ef8aee:org.apache.tomcat.util.net.NioChannel@38c5475f:java.nio.channels.SocketChannel[connected local=/127.0.0.1:62550 remote=/127.0.0.1:62551]], Read from buffer: [0]
2019-12-06 11:18:47.077 DEBUG 7503 --- [o-auto-1-exec-1] org.apache.tomcat.util.net.NioEndpoint   : Socket: [org.apache.tomcat.util.net.NioEndpoint$NioSocketWrapper@65ef8aee:org.apache.tomcat.util.net.NioChannel@38c5475f:java.nio.channels.SocketChannel[connected local=/127.0.0.1:62550 remote=/127.0.0.1:62551]], Read direct from socket: [156]
2019-12-06 11:18:47.077 DEBUG 7503 --- [o-auto-1-exec-1] o.a.coyote.http11.Http11InputBuffer      : Received [GET / HTTP/1.1
Accept: text/plain, application/json, application/*+json, */*
User-Agent: Java/1.8.0_222
Host: localhost:62550
Connection: keep-alive

]
2019-12-06 11:18:47.090 DEBUG 7503 --- [o-auto-1-exec-1] org.apache.tomcat.util.http.Parameters   : Set query string encoding to UTF-8
2019-12-06 11:18:47.093 DEBUG 7503 --- [o-auto-1-exec-1] o.a.c.authenticator.AuthenticatorBase    : Security checking request GET /
2019-12-06 11:18:47.093 DEBUG 7503 --- [o-auto-1-exec-1] org.apache.catalina.realm.RealmBase      :   No applicable constraints defined
2019-12-06 11:18:47.097 DEBUG 7503 --- [o-auto-1-exec-1] o.a.c.a.jaspic.AuthConfigFactoryImpl     : Loading persistent provider registrations from [/private/var/folders/nf/2f3v6_z93qxch50n9j73_90h0000gn/T/tomcat.6940863488915708725.0/conf/jaspic-providers.xml]
2019-12-06 11:18:47.097 DEBUG 7503 --- [o-auto-1-exec-1] o.a.c.authenticator.AuthenticatorBase    :  Not subject to any constraint
2019-12-06 11:18:47.100  INFO 7503 --- [o-auto-1-exec-1] o.a.c.c.C.[Tomcat].[localhost].[/]       : Initializing Spring DispatcherServlet 'dispatcherServlet'
2019-12-06 11:18:47.100  INFO 7503 --- [o-auto-1-exec-1] o.s.web.servlet.DispatcherServlet        : Initializing Servlet 'dispatcherServlet'
2019-12-06 11:18:47.100 DEBUG 7503 --- [o-auto-1-exec-1] o.s.web.servlet.DispatcherServlet        : Detected StandardServletMultipartResolver
2019-12-06 11:18:47.101 DEBUG 7503 --- [o-auto-1-exec-1] o.a.c.loader.WebappClassLoaderBase       :     findClass(java.lang.ObjectCustomizer)
2019-12-06 11:18:47.102 DEBUG 7503 --- [o-auto-1-exec-1] o.a.c.loader.WebappClassLoaderBase       :     --> Returning ClassNotFoundException
2019-12-06 11:18:47.102 DEBUG 7503 --- [o-auto-1-exec-1] o.a.c.loader.WebappClassLoaderBase       :     findClass(org.springframework.web.servlet.i18n.AcceptHeaderLocaleResolverCustomizer)
2019-12-06 11:18:47.103 DEBUG 7503 --- [o-auto-1-exec-1] o.a.c.loader.WebappClassLoaderBase       :     --> Returning ClassNotFoundException
2019-12-06 11:18:47.103 DEBUG 7503 --- [o-auto-1-exec-1] o.a.c.loader.WebappClassLoaderBase       :     findClass(org.springframework.web.servlet.LocaleResolverCustomizer)
2019-12-06 11:18:47.104 DEBUG 7503 --- [o-auto-1-exec-1] o.a.c.loader.WebappClassLoaderBase       :     --> Returning ClassNotFoundException
2019-12-06 11:18:47.105 DEBUG 7503 --- [o-auto-1-exec-1] o.a.c.loader.WebappClassLoaderBase       :     findClass(java.lang.ObjectCustomizer)
2019-12-06 11:18:47.105 DEBUG 7503 --- [o-auto-1-exec-1] o.a.c.loader.WebappClassLoaderBase       :     --> Returning ClassNotFoundException
2019-12-06 11:18:47.106 DEBUG 7503 --- [o-auto-1-exec-1] o.a.c.loader.WebappClassLoaderBase       :     findClass(org.springframework.web.servlet.theme.AbstractThemeResolverCustomizer)
2019-12-06 11:18:47.106 DEBUG 7503 --- [o-auto-1-exec-1] o.a.c.loader.WebappClassLoaderBase       :     --> Returning ClassNotFoundException
2019-12-06 11:18:47.107 DEBUG 7503 --- [o-auto-1-exec-1] o.a.c.loader.WebappClassLoaderBase       :     findClass(org.springframework.web.servlet.theme.FixedThemeResolverCustomizer)
2019-12-06 11:18:47.107 DEBUG 7503 --- [o-auto-1-exec-1] o.a.c.loader.WebappClassLoaderBase       :     --> Returning ClassNotFoundException
2019-12-06 11:18:47.108 DEBUG 7503 --- [o-auto-1-exec-1] o.a.c.loader.WebappClassLoaderBase       :     findClass(org.springframework.web.servlet.ThemeResolverCustomizer)
2019-12-06 11:18:47.108 DEBUG 7503 --- [o-auto-1-exec-1] o.a.c.loader.WebappClassLoaderBase       :     --> Returning ClassNotFoundException
2019-12-06 11:18:47.111 DEBUG 7503 --- [o-auto-1-exec-1] o.a.c.loader.WebappClassLoaderBase       :     findClass(java.lang.ObjectCustomizer)
2019-12-06 11:18:47.111 DEBUG 7503 --- [o-auto-1-exec-1] o.a.c.loader.WebappClassLoaderBase       :     --> Returning ClassNotFoundException
2019-12-06 11:18:47.112 DEBUG 7503 --- [o-auto-1-exec-1] o.a.c.loader.WebappClassLoaderBase       :     findClass(org.springframework.web.servlet.view.DefaultRequestToViewNameTranslatorCustomizer)
2019-12-06 11:18:47.112 DEBUG 7503 --- [o-auto-1-exec-1] o.a.c.loader.WebappClassLoaderBase       :     --> Returning ClassNotFoundException
2019-12-06 11:18:47.113 DEBUG 7503 --- [o-auto-1-exec-1] o.a.c.loader.WebappClassLoaderBase       :     findClass(org.springframework.web.servlet.RequestToViewNameTranslatorCustomizer)
2019-12-06 11:18:47.113 DEBUG 7503 --- [o-auto-1-exec-1] o.a.c.loader.WebappClassLoaderBase       :     --> Returning ClassNotFoundException
2019-12-06 11:18:47.116 DEBUG 7503 --- [o-auto-1-exec-1] o.a.c.loader.WebappClassLoaderBase       :     findClass(java.lang.ObjectCustomizer)
2019-12-06 11:18:47.116 DEBUG 7503 --- [o-auto-1-exec-1] o.a.c.loader.WebappClassLoaderBase       :     --> Returning ClassNotFoundException
2019-12-06 11:18:47.117 DEBUG 7503 --- [o-auto-1-exec-1] o.a.c.loader.WebappClassLoaderBase       :     findClass(org.springframework.web.servlet.support.AbstractFlashMapManagerCustomizer)
2019-12-06 11:18:47.117 DEBUG 7503 --- [o-auto-1-exec-1] o.a.c.loader.WebappClassLoaderBase       :     --> Returning ClassNotFoundException
2019-12-06 11:18:47.118 DEBUG 7503 --- [o-auto-1-exec-1] o.a.c.loader.WebappClassLoaderBase       :     findClass(org.springframework.web.servlet.support.SessionFlashMapManagerCustomizer)
2019-12-06 11:18:47.118 DEBUG 7503 --- [o-auto-1-exec-1] o.a.c.loader.WebappClassLoaderBase       :     --> Returning ClassNotFoundException
2019-12-06 11:18:47.119 DEBUG 7503 --- [o-auto-1-exec-1] o.a.c.loader.WebappClassLoaderBase       :     findClass(org.springframework.web.servlet.FlashMapManagerCustomizer)
2019-12-06 11:18:47.119 DEBUG 7503 --- [o-auto-1-exec-1] o.a.c.loader.WebappClassLoaderBase       :     --> Returning ClassNotFoundException
2019-12-06 11:18:47.120 DEBUG 7503 --- [o-auto-1-exec-1] o.s.web.servlet.DispatcherServlet        : enableLoggingRequestDetails='false': request parameters and headers will be masked to prevent unsafe logging of potentially sensitive data
2019-12-06 11:18:47.120  INFO 7503 --- [o-auto-1-exec-1] o.s.web.servlet.DispatcherServlet        : Completed initialization in 20 ms
2019-12-06 11:18:47.128 DEBUG 7503 --- [o-auto-1-exec-1] org.apache.tomcat.util.http.Parameters   : Set encoding to UTF-8
2019-12-06 11:18:47.128 DEBUG 7503 --- [o-auto-1-exec-1] o.s.web.servlet.DispatcherServlet        : GET "/", parameters={}
2019-12-06 11:18:47.132 DEBUG 7503 --- [o-auto-1-exec-1] s.w.s.m.m.a.RequestMappingHandlerMapping : Mapped to public java.lang.String kr.gracelove.jojoldu.springboot.web.IndexController.index()
2019-12-06 11:18:47.135 DEBUG 7503 --- [o-auto-1-exec-1] o.j.s.OpenEntityManagerInViewInterceptor : Opening JPA EntityManager in OpenEntityManagerInViewInterceptor
2019-12-06 11:18:47.153 DEBUG 7503 --- [o-auto-1-exec-1] o.s.w.s.v.ContentNegotiatingViewResolver : Selected '*/*' given [text/plain, application/json, application/*+json, */*]
2019-12-06 11:18:47.153 DEBUG 7503 --- [o-auto-1-exec-1] o.s.boot.web.servlet.view.MustacheView   : View name 'index', model {}
2019-12-06 11:18:47.156 DEBUG 7503 --- [o-auto-1-exec-1] o.s.boot.web.servlet.view.MustacheView   : Rendering [classpath:/templates/index.mustache]
2019-12-06 11:18:47.162 DEBUG 7503 --- [o-auto-1-exec-1] o.j.s.OpenEntityManagerInViewInterceptor : Closing JPA EntityManager in OpenEntityManagerInViewInterceptor
2019-12-06 11:18:47.163 DEBUG 7503 --- [o-auto-1-exec-1] o.s.web.servlet.DispatcherServlet        : Completed 200 OK
2019-12-06 11:18:47.167 DEBUG 7503 --- [    Test worker] s.n.www.protocol.http.HttpURLConnection  : sun.net.www.MessageHeader@555cf2005 pairs: {null: HTTP/1.1 200}{Content-Type: text/html;charset=UTF-8}{Content-Language: ko-KR}{Content-Length: 762}{Date: Fri, 06 Dec 2019 02:18:47 GMT}
2019-12-06 11:18:47.167 DEBUG 7503 --- [o-auto-1-exec-1] o.a.tomcat.util.net.SocketWrapperBase    : Socket: [org.apache.tomcat.util.net.NioEndpoint$NioSocketWrapper@65ef8aee:org.apache.tomcat.util.net.NioChannel@38c5475f:java.nio.channels.SocketChannel[connected local=/127.0.0.1:62550 remote=/127.0.0.1:62551]], Read from buffer: [0]
2019-12-06 11:18:47.168 DEBUG 7503 --- [o-auto-1-exec-1] org.apache.tomcat.util.net.NioEndpoint   : Socket: [org.apache.tomcat.util.net.NioEndpoint$NioSocketWrapper@65ef8aee:org.apache.tomcat.util.net.NioChannel@38c5475f:java.nio.channels.SocketChannel[connected local=/127.0.0.1:62550 remote=/127.0.0.1:62551]], Read direct from socket: [0]
2019-12-06 11:18:47.168 DEBUG 7503 --- [o-auto-1-exec-1] o.apache.coyote.http11.Http11Processor   : Socket: [org.apache.tomcat.util.net.NioEndpoint$NioSocketWrapper@65ef8aee:org.apache.tomcat.util.net.NioChannel@38c5475f:java.nio.channels.SocketChannel[connected local=/127.0.0.1:62550 remote=/127.0.0.1:62551]], Status in: [OPEN_READ], State out: [OPEN]
2019-12-06 11:18:47.168 DEBUG 7503 --- [    Test worker] o.s.web.client.RestTemplate              : Response 200 OK
2019-12-06 11:18:47.169 DEBUG 7503 --- [    Test worker] o.s.web.client.RestTemplate              : Reading to [java.lang.String] as "text/html;charset=UTF-8"
2019-12-06 11:18:47.173 DEBUG 7503 --- [    Test worker] c.DefaultCacheAwareContextLoaderDelegate : Retrieved ApplicationContext from cache with key [[WebMergedContextConfiguration@6daa27bc testClass = IndexControllerTest, locations = '{}', classes = '{class kr.gracelove.jojoldu.springboot.Application}', contextInitializerClasses = '[]', activeProfiles = '{}', propertySourceLocations = '{}', propertySourceProperties = '{org.springframework.boot.test.context.SpringBootTestContextBootstrapper=true, server.port=0}', contextCustomizers = set[org.springframework.boot.test.autoconfigure.properties.PropertyMappingContextCustomizer@0, org.springframework.boot.test.autoconfigure.web.servlet.WebDriverContextCustomizerFactory$Customizer@18c1dfe6, org.springframework.boot.test.context.filter.ExcludeFilterContextCustomizer@4ca9ea9c, org.springframework.boot.test.json.DuplicateJsonObjectContextCustomizerFactory$DuplicateJsonObjectContextCustomizer@939cf91, org.springframework.boot.test.mock.mockito.MockitoContextCustomizer@0, org.springframework.boot.test.web.client.TestRestTemplateContextCustomizer@51e92801], resourceBasePath = 'src/main/webapp', contextLoader = 'org.springframework.boot.test.context.SpringBootContextLoader', parent = [null]]]
2019-12-06 11:18:47.173 DEBUG 7503 --- [    Test worker] org.springframework.test.context.cache   : Spring test ApplicationContext cache statistics: [DefaultContextCache@1f4f0d88 size = 1, maxSize = 32, parentContextCount = 0, hitCount = 2, missCount = 5]
2019-12-06 11:18:47.173 DEBUG 7503 --- [    Test worker] c.DefaultCacheAwareContextLoaderDelegate : Retrieved ApplicationContext from cache with key [[WebMergedContextConfiguration@6daa27bc testClass = IndexControllerTest, locations = '{}', classes = '{class kr.gracelove.jojoldu.springboot.Application}', contextInitializerClasses = '[]', activeProfiles = '{}', propertySourceLocations = '{}', propertySourceProperties = '{org.springframework.boot.test.context.SpringBootTestContextBootstrapper=true, server.port=0}', contextCustomizers = set[org.springframework.boot.test.autoconfigure.properties.PropertyMappingContextCustomizer@0, org.springframework.boot.test.autoconfigure.web.servlet.WebDriverContextCustomizerFactory$Customizer@18c1dfe6, org.springframework.boot.test.context.filter.ExcludeFilterContextCustomizer@4ca9ea9c, org.springframework.boot.test.json.DuplicateJsonObjectContextCustomizerFactory$DuplicateJsonObjectContextCustomizer@939cf91, org.springframework.boot.test.mock.mockito.MockitoContextCustomizer@0, org.springframework.boot.test.web.client.TestRestTemplateContextCustomizer@51e92801], resourceBasePath = 'src/main/webapp', contextLoader = 'org.springframework.boot.test.context.SpringBootContextLoader', parent = [null]]]
2019-12-06 11:18:47.173 DEBUG 7503 --- [    Test worker] org.springframework.test.context.cache   : Spring test ApplicationContext cache statistics: [DefaultContextCache@1f4f0d88 size = 1, maxSize = 32, parentContextCount = 0, hitCount = 3, missCount = 5]
2019-12-06 11:18:47.173 DEBUG 7503 --- [    Test worker] c.DefaultCacheAwareContextLoaderDelegate : Retrieved ApplicationContext from cache with key [[WebMergedContextConfiguration@6daa27bc testClass = IndexControllerTest, locations = '{}', classes = '{class kr.gracelove.jojoldu.springboot.Application}', contextInitializerClasses = '[]', activeProfiles = '{}', propertySourceLocations = '{}', propertySourceProperties = '{org.springframework.boot.test.context.SpringBootTestContextBootstrapper=true, server.port=0}', contextCustomizers = set[org.springframework.boot.test.autoconfigure.properties.PropertyMappingContextCustomizer@0, org.springframework.boot.test.autoconfigure.web.servlet.WebDriverContextCustomizerFactory$Customizer@18c1dfe6, org.springframework.boot.test.context.filter.ExcludeFilterContextCustomizer@4ca9ea9c, org.springframework.boot.test.json.DuplicateJsonObjectContextCustomizerFactory$DuplicateJsonObjectContextCustomizer@939cf91, org.springframework.boot.test.mock.mockito.MockitoContextCustomizer@0, org.springframework.boot.test.web.client.TestRestTemplateContextCustomizer@51e92801], resourceBasePath = 'src/main/webapp', contextLoader = 'org.springframework.boot.test.context.SpringBootContextLoader', parent = [null]]]
2019-12-06 11:18:47.174 DEBUG 7503 --- [    Test worker] org.springframework.test.context.cache   : Spring test ApplicationContext cache statistics: [DefaultContextCache@1f4f0d88 size = 1, maxSize = 32, parentContextCount = 0, hitCount = 4, missCount = 5]
2019-12-06 11:18:47.174 DEBUG 7503 --- [    Test worker] c.DefaultCacheAwareContextLoaderDelegate : Retrieved ApplicationContext from cache with key [[WebMergedContextConfiguration@6daa27bc testClass = IndexControllerTest, locations = '{}', classes = '{class kr.gracelove.jojoldu.springboot.Application}', contextInitializerClasses = '[]', activeProfiles = '{}', propertySourceLocations = '{}', propertySourceProperties = '{org.springframework.boot.test.context.SpringBootTestContextBootstrapper=true, server.port=0}', contextCustomizers = set[org.springframework.boot.test.autoconfigure.properties.PropertyMappingContextCustomizer@0, org.springframework.boot.test.autoconfigure.web.servlet.WebDriverContextCustomizerFactory$Customizer@18c1dfe6, org.springframework.boot.test.context.filter.ExcludeFilterContextCustomizer@4ca9ea9c, org.springframework.boot.test.json.DuplicateJsonObjectContextCustomizerFactory$DuplicateJsonObjectContextCustomizer@939cf91, org.springframework.boot.test.mock.mockito.MockitoContextCustomizer@0, org.springframework.boot.test.web.client.TestRestTemplateContextCustomizer@51e92801], resourceBasePath = 'src/main/webapp', contextLoader = 'org.springframework.boot.test.context.SpringBootContextLoader', parent = [null]]]
2019-12-06 11:18:47.174 DEBUG 7503 --- [    Test worker] org.springframework.test.context.cache   : Spring test ApplicationContext cache statistics: [DefaultContextCache@1f4f0d88 size = 1, maxSize = 32, parentContextCount = 0, hitCount = 5, missCount = 5]
2019-12-06 11:18:47.176 DEBUG 7503 --- [    Test worker] tractDirtiesContextTestExecutionListener : After test method: context [DefaultTestContext@1ae92894 testClass = IndexControllerTest, testInstance = kr.gracelove.jojoldu.springboot.web.IndexControllerTest@2280babd, testMethod = 메인페이지_로딩@IndexControllerTest, testException = [null], mergedContextConfiguration = [WebMergedContextConfiguration@6daa27bc testClass = IndexControllerTest, locations = '{}', classes = '{class kr.gracelove.jojoldu.springboot.Application}', contextInitializerClasses = '[]', activeProfiles = '{}', propertySourceLocations = '{}', propertySourceProperties = '{org.springframework.boot.test.context.SpringBootTestContextBootstrapper=true, server.port=0}', contextCustomizers = set[org.springframework.boot.test.autoconfigure.properties.PropertyMappingContextCustomizer@0, org.springframework.boot.test.autoconfigure.web.servlet.WebDriverContextCustomizerFactory$Customizer@18c1dfe6, org.springframework.boot.test.context.filter.ExcludeFilterContextCustomizer@4ca9ea9c, org.springframework.boot.test.json.DuplicateJsonObjectContextCustomizerFactory$DuplicateJsonObjectContextCustomizer@939cf91, org.springframework.boot.test.mock.mockito.MockitoContextCustomizer@0, org.springframework.boot.test.web.client.TestRestTemplateContextCustomizer@51e92801], resourceBasePath = 'src/main/webapp', contextLoader = 'org.springframework.boot.test.context.SpringBootContextLoader', parent = [null]], attributes = map['org.springframework.test.context.web.ServletTestExecutionListener.activateListener' -> false]], class annotated with @DirtiesContext [false] with mode [null], method annotated with @DirtiesContext [false] with mode [null].
2019-12-06 11:18:47.176 DEBUG 7503 --- [    Test worker] tractDirtiesContextTestExecutionListener : After test class: context [DefaultTestContext@1ae92894 testClass = IndexControllerTest, testInstance = [null], testMethod = [null], testException = [null], mergedContextConfiguration = [WebMergedContextConfiguration@6daa27bc testClass = IndexControllerTest, locations = '{}', classes = '{class kr.gracelove.jojoldu.springboot.Application}', contextInitializerClasses = '[]', activeProfiles = '{}', propertySourceLocations = '{}', propertySourceProperties = '{org.springframework.boot.test.context.SpringBootTestContextBootstrapper=true, server.port=0}', contextCustomizers = set[org.springframework.boot.test.autoconfigure.properties.PropertyMappingContextCustomizer@0, org.springframework.boot.test.autoconfigure.web.servlet.WebDriverContextCustomizerFactory$Customizer@18c1dfe6, org.springframework.boot.test.context.filter.ExcludeFilterContextCustomizer@4ca9ea9c, org.springframework.boot.test.json.DuplicateJsonObjectContextCustomizerFactory$DuplicateJsonObjectContextCustomizer@939cf91, org.springframework.boot.test.mock.mockito.MockitoContextCustomizer@0, org.springframework.boot.test.web.client.TestRestTemplateContextCustomizer@51e92801], resourceBasePath = 'src/main/webapp', contextLoader = 'org.springframework.boot.test.context.SpringBootContextLoader', parent = [null]], attributes = map['org.springframework.test.context.web.ServletTestExecutionListener.activateListener' -> false]], class annotated with @DirtiesContext [false] with mode [null].
]]></system-out>
  <system-err><![CDATA[]]></system-err>
</testsuite>
