<?xml version="1.0" encoding="UTF-8"?>
<testsuite name="kr.gracelove.jojoldu.springboot.domain.posts.PostsRepositoryTest" tests="2" skipped="0" failures="0" errors="0" timestamp="2019-12-07T04:56:32" hostname="govlmo91ui-MacBookPro.local" time="0.045">
  <properties/>
  <testcase name="게시글_저장_불러오기" classname="kr.gracelove.jojoldu.springboot.domain.posts.PostsRepositoryTest" time="0.028"/>
  <testcase name="BaseTimeEntity_등록" classname="kr.gracelove.jojoldu.springboot.domain.posts.PostsRepositoryTest" time="0.016"/>
  <system-out><![CDATA[2019-12-07 13:56:32.498 DEBUG 15190 --- [    Test worker] o.s.t.c.junit4.SpringJUnit4ClassRunner   : SpringJUnit4ClassRunner constructor called with [class kr.gracelove.jojoldu.springboot.domain.posts.PostsRepositoryTest]
2019-12-07 13:56:32.498 DEBUG 15190 --- [    Test worker] o.s.test.context.BootstrapUtils          : Instantiating CacheAwareContextLoaderDelegate from class [org.springframework.test.context.cache.DefaultCacheAwareContextLoaderDelegate]
2019-12-07 13:56:32.498 DEBUG 15190 --- [    Test worker] o.s.test.context.BootstrapUtils          : Instantiating BootstrapContext using constructor [public org.springframework.test.context.support.DefaultBootstrapContext(java.lang.Class,org.springframework.test.context.CacheAwareContextLoaderDelegate)]
2019-12-07 13:56:32.500 DEBUG 15190 --- [    Test worker] o.s.test.context.BootstrapUtils          : Instantiating TestContextBootstrapper for test class [kr.gracelove.jojoldu.springboot.domain.posts.PostsRepositoryTest] from class [org.springframework.boot.test.autoconfigure.orm.jpa.DataJpaTestContextBootstrapper]
2019-12-07 13:56:32.500  INFO 15190 --- [    Test worker] b.t.a.o.j.DataJpaTestContextBootstrapper : Neither @ContextConfiguration nor @ContextHierarchy found for test class [kr.gracelove.jojoldu.springboot.domain.posts.PostsRepositoryTest], using SpringBootContextLoader
2019-12-07 13:56:32.501 DEBUG 15190 --- [    Test worker] o.s.t.c.support.AbstractContextLoader    : Did not detect default resource location for test class [kr.gracelove.jojoldu.springboot.domain.posts.PostsRepositoryTest]: class path resource [kr/gracelove/jojoldu/springboot/domain/posts/PostsRepositoryTest-context.xml] does not exist
2019-12-07 13:56:32.501 DEBUG 15190 --- [    Test worker] o.s.t.c.support.AbstractContextLoader    : Did not detect default resource location for test class [kr.gracelove.jojoldu.springboot.domain.posts.PostsRepositoryTest]: class path resource [kr/gracelove/jojoldu/springboot/domain/posts/PostsRepositoryTestContext.groovy] does not exist
2019-12-07 13:56:32.501  INFO 15190 --- [    Test worker] o.s.t.c.support.AbstractContextLoader    : Could not detect default resource locations for test class [kr.gracelove.jojoldu.springboot.domain.posts.PostsRepositoryTest]: no resource found for suffixes {-context.xml, Context.groovy}.
2019-12-07 13:56:32.501  INFO 15190 --- [    Test worker] t.c.s.AnnotationConfigContextLoaderUtils : Could not detect default configuration classes for test class [kr.gracelove.jojoldu.springboot.domain.posts.PostsRepositoryTest]: PostsRepositoryTest does not declare any static, non-private, non-final, nested classes annotated with @Configuration.
2019-12-07 13:56:32.521 DEBUG 15190 --- [    Test worker] o.s.t.c.support.ActiveProfilesUtils      : Could not find an 'annotation declaring class' for annotation type [org.springframework.test.context.ActiveProfiles] and class [kr.gracelove.jojoldu.springboot.domain.posts.PostsRepositoryTest]
2019-12-07 13:56:32.526 DEBUG 15190 --- [    Test worker] ssPathScanningCandidateComponentProvider : Identified candidate component class: file [/Users/govlmo91/IdeaProjects/jojoldubook/build/classes/java/main/kr/gracelove/jojoldu/springboot/Application.class]
2019-12-07 13:56:32.526  INFO 15190 --- [    Test worker] .b.t.c.SpringBootTestContextBootstrapper : Found @SpringBootConfiguration kr.gracelove.jojoldu.springboot.Application for test class kr.gracelove.jojoldu.springboot.domain.posts.PostsRepositoryTest
2019-12-07 13:56:32.526 DEBUG 15190 --- [    Test worker] b.t.a.o.j.DataJpaTestContextBootstrapper : @TestExecutionListeners is not present for class [kr.gracelove.jojoldu.springboot.domain.posts.PostsRepositoryTest]: using defaults.
2019-12-07 13:56:32.526  INFO 15190 --- [    Test worker] b.t.a.o.j.DataJpaTestContextBootstrapper : Loaded default TestExecutionListener class names from location [META-INF/spring.factories]: [org.springframework.boot.test.autoconfigure.restdocs.RestDocsTestExecutionListener, org.springframework.boot.test.autoconfigure.web.client.MockRestServiceServerResetTestExecutionListener, org.springframework.boot.test.autoconfigure.web.servlet.MockMvcPrintOnlyOnFailureTestExecutionListener, org.springframework.boot.test.autoconfigure.web.servlet.WebDriverTestExecutionListener, org.springframework.boot.test.mock.mockito.MockitoTestExecutionListener, org.springframework.boot.test.mock.mockito.ResetMocksTestExecutionListener, org.springframework.test.context.web.ServletTestExecutionListener, org.springframework.test.context.support.DirtiesContextBeforeModesTestExecutionListener, org.springframework.test.context.support.DependencyInjectionTestExecutionListener, org.springframework.test.context.support.DirtiesContextTestExecutionListener, org.springframework.test.context.transaction.TransactionalTestExecutionListener, org.springframework.test.context.jdbc.SqlScriptsTestExecutionListener]
2019-12-07 13:56:32.527  INFO 15190 --- [    Test worker] b.t.a.o.j.DataJpaTestContextBootstrapper : Using TestExecutionListeners: [org.springframework.test.context.web.ServletTestExecutionListener@6f16de4d, org.springframework.test.context.support.DirtiesContextBeforeModesTestExecutionListener@a1e09a8, org.springframework.boot.test.mock.mockito.MockitoTestExecutionListener@2b9ef7bd, org.springframework.boot.test.autoconfigure.SpringBootDependencyInjectionTestExecutionListener@69298889, org.springframework.test.context.support.DirtiesContextTestExecutionListener@3014d757, org.springframework.test.context.transaction.TransactionalTestExecutionListener@4a3ddbb4, org.springframework.test.context.jdbc.SqlScriptsTestExecutionListener@16c2fe51, org.springframework.boot.test.autoconfigure.restdocs.RestDocsTestExecutionListener@338a51c0, org.springframework.boot.test.autoconfigure.web.client.MockRestServiceServerResetTestExecutionListener@25329689, org.springframework.boot.test.autoconfigure.web.servlet.MockMvcPrintOnlyOnFailureTestExecutionListener@1f609e0, org.springframework.boot.test.autoconfigure.web.servlet.WebDriverTestExecutionListener@c74ff9, org.springframework.boot.test.mock.mockito.ResetMocksTestExecutionListener@61a21a70]
2019-12-07 13:56:32.527 DEBUG 15190 --- [    Test worker] o.s.test.annotation.ProfileValueUtils    : Retrieved @ProfileValueSourceConfiguration [null] for test class [kr.gracelove.jojoldu.springboot.domain.posts.PostsRepositoryTest]
2019-12-07 13:56:32.527 DEBUG 15190 --- [    Test worker] o.s.test.annotation.ProfileValueUtils    : Retrieved ProfileValueSource type [class org.springframework.test.annotation.SystemProfileValueSource] for class [kr.gracelove.jojoldu.springboot.domain.posts.PostsRepositoryTest]
2019-12-07 13:56:32.527 DEBUG 15190 --- [    Test worker] o.s.test.annotation.ProfileValueUtils    : Retrieved @ProfileValueSourceConfiguration [null] for test class [kr.gracelove.jojoldu.springboot.domain.posts.PostsRepositoryTest]
2019-12-07 13:56:32.527 DEBUG 15190 --- [    Test worker] o.s.test.annotation.ProfileValueUtils    : Retrieved ProfileValueSource type [class org.springframework.test.annotation.SystemProfileValueSource] for class [kr.gracelove.jojoldu.springboot.domain.posts.PostsRepositoryTest]
2019-12-07 13:56:32.527 DEBUG 15190 --- [    Test worker] tractDirtiesContextTestExecutionListener : Before test class: context [DefaultTestContext@50954e13 testClass = PostsRepositoryTest, testInstance = [null], testMethod = [null], testException = [null], mergedContextConfiguration = [MergedContextConfiguration@619de4e8 testClass = PostsRepositoryTest, locations = '{}', classes = '{class kr.gracelove.jojoldu.springboot.Application}', contextInitializerClasses = '[]', activeProfiles = '{}', propertySourceLocations = '{}', propertySourceProperties = '{org.springframework.boot.test.autoconfigure.orm.jpa.DataJpaTestContextBootstrapper=true}', contextCustomizers = set[org.springframework.boot.test.autoconfigure.OverrideAutoConfigurationContextCustomizerFactory$DisableAutoConfigurationContextCustomizer@29891e1c, org.springframework.boot.test.autoconfigure.filter.TypeExcludeFiltersContextCustomizer@351584c0, org.springframework.boot.test.autoconfigure.properties.PropertyMappingContextCustomizer@558d0b83, org.springframework.boot.test.autoconfigure.web.servlet.WebDriverContextCustomizerFactory$Customizer@4e536a8f, [ImportsContextCustomizer@5b1fd7a5 key = [org.springframework.boot.autoconfigure.cache.CacheAutoConfiguration, org.springframework.boot.autoconfigure.data.jpa.JpaRepositoriesAutoConfiguration, org.springframework.boot.autoconfigure.flyway.FlywayAutoConfiguration, org.springframework.boot.autoconfigure.jdbc.DataSourceAutoConfiguration, org.springframework.boot.autoconfigure.jdbc.DataSourceTransactionManagerAutoConfiguration, org.springframework.boot.autoconfigure.jdbc.JdbcTemplateAutoConfiguration, org.springframework.boot.autoconfigure.liquibase.LiquibaseAutoConfiguration, org.springframework.boot.autoconfigure.orm.jpa.HibernateJpaAutoConfiguration, org.springframework.boot.autoconfigure.transaction.TransactionAutoConfiguration, org.springframework.boot.test.autoconfigure.jdbc.TestDatabaseAutoConfiguration, org.springframework.boot.test.autoconfigure.orm.jpa.TestEntityManagerAutoConfiguration]], org.springframework.boot.test.context.filter.ExcludeFilterContextCustomizer@1bdccf26, org.springframework.boot.test.json.DuplicateJsonObjectContextCustomizerFactory$DuplicateJsonObjectContextCustomizer@640f81a4, org.springframework.boot.test.mock.mockito.MockitoContextCustomizer@0], contextLoader = 'org.springframework.boot.test.context.SpringBootContextLoader', parent = [null]], attributes = map[[empty]]], class annotated with @DirtiesContext [false] with mode [null].
2019-12-07 13:56:32.527 DEBUG 15190 --- [    Test worker] o.s.test.annotation.ProfileValueUtils    : Retrieved @ProfileValueSourceConfiguration [null] for test class [kr.gracelove.jojoldu.springboot.domain.posts.PostsRepositoryTest]
2019-12-07 13:56:32.527 DEBUG 15190 --- [    Test worker] o.s.test.annotation.ProfileValueUtils    : Retrieved ProfileValueSource type [class org.springframework.test.annotation.SystemProfileValueSource] for class [kr.gracelove.jojoldu.springboot.domain.posts.PostsRepositoryTest]
2019-12-07 13:56:32.528 DEBUG 15190 --- [    Test worker] DependencyInjectionTestExecutionListener : Performing dependency injection for test context [[DefaultTestContext@50954e13 testClass = PostsRepositoryTest, testInstance = kr.gracelove.jojoldu.springboot.domain.posts.PostsRepositoryTest@2a1f372c, testMethod = [null], testException = [null], mergedContextConfiguration = [MergedContextConfiguration@619de4e8 testClass = PostsRepositoryTest, locations = '{}', classes = '{class kr.gracelove.jojoldu.springboot.Application}', contextInitializerClasses = '[]', activeProfiles = '{}', propertySourceLocations = '{}', propertySourceProperties = '{org.springframework.boot.test.autoconfigure.orm.jpa.DataJpaTestContextBootstrapper=true}', contextCustomizers = set[org.springframework.boot.test.autoconfigure.OverrideAutoConfigurationContextCustomizerFactory$DisableAutoConfigurationContextCustomizer@29891e1c, org.springframework.boot.test.autoconfigure.filter.TypeExcludeFiltersContextCustomizer@351584c0, org.springframework.boot.test.autoconfigure.properties.PropertyMappingContextCustomizer@558d0b83, org.springframework.boot.test.autoconfigure.web.servlet.WebDriverContextCustomizerFactory$Customizer@4e536a8f, [ImportsContextCustomizer@5b1fd7a5 key = [org.springframework.boot.autoconfigure.cache.CacheAutoConfiguration, org.springframework.boot.autoconfigure.data.jpa.JpaRepositoriesAutoConfiguration, org.springframework.boot.autoconfigure.flyway.FlywayAutoConfiguration, org.springframework.boot.autoconfigure.jdbc.DataSourceAutoConfiguration, org.springframework.boot.autoconfigure.jdbc.DataSourceTransactionManagerAutoConfiguration, org.springframework.boot.autoconfigure.jdbc.JdbcTemplateAutoConfiguration, org.springframework.boot.autoconfigure.liquibase.LiquibaseAutoConfiguration, org.springframework.boot.autoconfigure.orm.jpa.HibernateJpaAutoConfiguration, org.springframework.boot.autoconfigure.transaction.TransactionAutoConfiguration, org.springframework.boot.test.autoconfigure.jdbc.TestDatabaseAutoConfiguration, org.springframework.boot.test.autoconfigure.orm.jpa.TestEntityManagerAutoConfiguration]], org.springframework.boot.test.context.filter.ExcludeFilterContextCustomizer@1bdccf26, org.springframework.boot.test.json.DuplicateJsonObjectContextCustomizerFactory$DuplicateJsonObjectContextCustomizer@640f81a4, org.springframework.boot.test.mock.mockito.MockitoContextCustomizer@0], contextLoader = 'org.springframework.boot.test.context.SpringBootContextLoader', parent = [null]], attributes = map[[empty]]]].
2019-12-07 13:56:32.529 DEBUG 15190 --- [    Test worker] o.s.t.c.support.TestPropertySourceUtils  : Adding inlined properties to environment: {spring.jmx.enabled=false, org.springframework.boot.test.autoconfigure.orm.jpa.DataJpaTestContextBootstrapper=true, server.port=-1}
2019-12-07 13:56:32.530 DEBUG 15190 --- [    Test worker] o.s.core.env.StandardEnvironment         : Activating profiles []
2019-12-07 13:56:32.535 DEBUG 15190 --- [    Test worker] o.s.core.env.StandardEnvironment         : Activating profile 'oauth'
2019-12-07 13:56:32.546 DEBUG 15190 --- [    Test worker] o.s.core.env.StandardEnvironment         : Activating profiles [oauth]
2019-12-07 13:56:32.553 DEBUG 15190 --- [    Test worker] .c.l.ClasspathLoggingApplicationListener : Application started with classpath: unknown

  .   ____          _            __ _ _
 /\\ / ___'_ __ _ _(_)_ __  __ _ \ \ \ \
( ( )\___ | '_ | '_| | '_ \/ _` | \ \ \ \
 \\/  ___)| |_)| | | | | || (_| |  ) ) ) )
  '  |____| .__|_| |_|_| |_\__, | / / / /
 =========|_|==============|___/=/_/_/_/
 :: Spring Boot ::        (v2.1.7.RELEASE)

2019-12-07 13:56:32.561  INFO 15190 --- [    Test worker] k.g.j.s.d.posts.PostsRepositoryTest      : Starting PostsRepositoryTest on govlmo91ui-MacBookPro.local with PID 15190 (started by govlmo91 in /Users/govlmo91/IdeaProjects/jojoldubook)
2019-12-07 13:56:32.561 DEBUG 15190 --- [    Test worker] k.g.j.s.d.posts.PostsRepositoryTest      : Running with Spring Boot v2.1.7.RELEASE, Spring v5.1.9.RELEASE
2019-12-07 13:56:32.562  INFO 15190 --- [    Test worker] k.g.j.s.d.posts.PostsRepositoryTest      : The following profiles are active: oauth
2019-12-07 13:56:32.562 DEBUG 15190 --- [    Test worker] o.s.boot.SpringApplication               : Loading source class kr.gracelove.jojoldu.springboot.Application
2019-12-07 13:56:32.563 DEBUG 15190 --- [    Test worker] o.s.b.c.c.ConfigFileApplicationListener  : Loaded config file 'file:/Users/govlmo91/IdeaProjects/jojoldubook/build/resources/main/application.properties' (classpath:/application.properties)
2019-12-07 13:56:32.563 DEBUG 15190 --- [    Test worker] o.s.b.c.c.ConfigFileApplicationListener  : Loaded config file 'file:/Users/govlmo91/IdeaProjects/jojoldubook/build/resources/main/application-oauth.properties' (classpath:/application-oauth.properties) for profile oauth
2019-12-07 13:56:32.563 DEBUG 15190 --- [    Test worker] s.c.a.AnnotationConfigApplicationContext : Refreshing org.springframework.context.annotation.AnnotationConfigApplicationContext@524b7ab
2019-12-07 13:56:32.563 DEBUG 15190 --- [    Test worker] o.s.b.f.s.DefaultListableBeanFactory     : Creating shared instance of singleton bean 'org.springframework.context.annotation.internalConfigurationAnnotationProcessor'
2019-12-07 13:56:32.564 DEBUG 15190 --- [    Test worker] o.s.b.f.s.DefaultListableBeanFactory     : Creating shared instance of singleton bean 'org.springframework.boot.autoconfigure.internalCachingMetadataReaderFactory'
2019-12-07 13:56:32.596 DEBUG 15190 --- [    Test worker] o.s.c.e.PropertySourcesPropertyResolver  : Found key 'spring.boot.enableautoconfiguration' in PropertySource 'configurationProperties' with value of type String
2019-12-07 13:56:32.606 DEBUG 15190 --- [    Test worker] o.s.c.e.PropertySourcesPropertyResolver  : Found key 'spring.jmx.enabled' in PropertySource 'configurationProperties' with value of type String
2019-12-07 13:56:32.632 DEBUG 15190 --- [    Test worker] o.s.b.f.s.DefaultListableBeanFactory     : Creating shared instance of singleton bean 'org.springframework.boot.autoconfigure.condition.BeanTypeRegistry'
2019-12-07 13:56:32.641  INFO 15190 --- [    Test worker] .s.d.r.c.RepositoryConfigurationDelegate : Bootstrapping Spring Data repositories in DEFAULT mode.
2019-12-07 13:56:32.641 DEBUG 15190 --- [    Test worker] o.s.b.f.s.DefaultListableBeanFactory     : Creating shared instance of singleton bean 'org.springframework.boot.autoconfigure.AutoConfigurationPackages'
2019-12-07 13:56:32.641 DEBUG 15190 --- [    Test worker] o.s.b.a.AutoConfigurationPackages        : @EnableAutoConfiguration was declared on a class in the package 'kr.gracelove.jojoldu.springboot'. Automatic @Repository and @Entity scanning is enabled.
2019-12-07 13:56:32.641 DEBUG 15190 --- [    Test worker] .s.d.r.c.RepositoryConfigurationDelegate : Scanning for repositories in packages kr.gracelove.jojoldu.springboot.
2019-12-07 13:56:32.648 DEBUG 15190 --- [    Test worker] o.s.d.r.c.RepositoryComponentProvider    : Identified candidate component class: file [/Users/govlmo91/IdeaProjects/jojoldubook/build/classes/java/main/kr/gracelove/jojoldu/springboot/domain/posts/PostsRepository.class]
2019-12-07 13:56:32.649 DEBUG 15190 --- [    Test worker] o.s.d.r.c.RepositoryComponentProvider    : Identified candidate component class: file [/Users/govlmo91/IdeaProjects/jojoldubook/build/classes/java/main/kr/gracelove/jojoldu/springboot/domain/user/UserRepository.class]
2019-12-07 13:56:32.658  INFO 15190 --- [    Test worker] .s.d.r.c.RepositoryConfigurationDelegate : Finished Spring Data repository scanning in 17ms. Found 2 repository interfaces.
2019-12-07 13:56:32.665 DEBUG 15190 --- [    Test worker] o.s.b.f.s.DefaultListableBeanFactory     : Creating shared instance of singleton bean 'org.springframework.boot.test.context.ImportsContextCustomizer$ImportsCleanupPostProcessor'
2019-12-07 13:56:32.665 DEBUG 15190 --- [    Test worker] o.s.b.f.s.DefaultListableBeanFactory     : Creating shared instance of singleton bean 'embeddedDataSourceBeanFactoryPostProcessor'
2019-12-07 13:56:32.667  INFO 15190 --- [    Test worker] beddedDataSourceBeanFactoryPostProcessor : Replacing 'dataSource' DataSource bean with embedded version
2019-12-07 13:56:32.671 DEBUG 15190 --- [    Test worker] o.s.b.f.s.DefaultListableBeanFactory     : Creating shared instance of singleton bean 'org.springframework.boot.test.mock.mockito.MockitoPostProcessor'
2019-12-07 13:56:32.672 DEBUG 15190 --- [    Test worker] o.s.b.f.s.DefaultListableBeanFactory     : Creating shared instance of singleton bean 'emBeanDefinitionRegistrarPostProcessor'
2019-12-07 13:56:32.675 DEBUG 15190 --- [    Test worker] o.s.b.f.s.DefaultListableBeanFactory     : Creating shared instance of singleton bean 'org.springframework.context.event.internalEventListenerProcessor'
2019-12-07 13:56:32.675 DEBUG 15190 --- [    Test worker] o.s.b.f.s.DefaultListableBeanFactory     : Creating shared instance of singleton bean 'org.springframework.data.jpa.domain.support.AuditingBeanFactoryPostProcessor'
2019-12-07 13:56:32.675 DEBUG 15190 --- [    Test worker] o.s.b.f.s.DefaultListableBeanFactory     : Creating shared instance of singleton bean 'org.springframework.boot.context.properties.ConfigurationBeanFactoryMetadata'
2019-12-07 13:56:32.675 DEBUG 15190 --- [    Test worker] o.s.b.f.s.DefaultListableBeanFactory     : Creating shared instance of singleton bean 'org.springframework.context.event.internalEventListenerFactory'
2019-12-07 13:56:32.675 DEBUG 15190 --- [    Test worker] o.s.b.f.s.DefaultListableBeanFactory     : Creating shared instance of singleton bean 'org.springframework.transaction.config.internalTransactionalEventListenerFactory'
2019-12-07 13:56:32.677 DEBUG 15190 --- [    Test worker] o.s.b.f.s.DefaultListableBeanFactory     : Creating shared instance of singleton bean 'org.springframework.context.annotation.internalAutowiredAnnotationProcessor'
2019-12-07 13:56:32.677 DEBUG 15190 --- [    Test worker] o.s.b.f.s.DefaultListableBeanFactory     : Creating shared instance of singleton bean 'org.springframework.context.annotation.internalCommonAnnotationProcessor'
2019-12-07 13:56:32.677 DEBUG 15190 --- [    Test worker] o.s.b.f.s.DefaultListableBeanFactory     : Creating shared instance of singleton bean 'org.springframework.context.annotation.internalPersistenceAnnotationProcessor'
2019-12-07 13:56:32.677 DEBUG 15190 --- [    Test worker] o.s.b.f.s.DefaultListableBeanFactory     : Creating shared instance of singleton bean 'org.springframework.boot.test.mock.mockito.MockitoPostProcessor$SpyPostProcessor'
2019-12-07 13:56:32.677 DEBUG 15190 --- [    Test worker] o.s.b.f.s.DefaultListableBeanFactory     : Creating shared instance of singleton bean 'org.springframework.boot.context.properties.ConfigurationPropertiesBindingPostProcessor'
2019-12-07 13:56:32.678 DEBUG 15190 --- [    Test worker] o.s.b.f.s.DefaultListableBeanFactory     : Creating shared instance of singleton bean 'dataSourceInitializerPostProcessor'
2019-12-07 13:56:32.681 DEBUG 15190 --- [    Test worker] o.s.b.f.s.DefaultListableBeanFactory     : Creating shared instance of singleton bean 'org.springframework.aop.config.internalAutoProxyCreator'
2019-12-07 13:56:32.688 DEBUG 15190 --- [    Test worker] o.s.b.f.s.DefaultListableBeanFactory     : Creating shared instance of singleton bean 'dataSourceInitializedPublisher'
2019-12-07 13:56:32.690 DEBUG 15190 --- [    Test worker] o.s.b.f.s.DefaultListableBeanFactory     : Creating shared instance of singleton bean 'org.springframework.context.config.internalBeanConfigurerAspect'
2019-12-07 13:56:32.693 DEBUG 15190 --- [    Test worker] o.s.b.f.s.DefaultListableBeanFactory     : Creating shared instance of singleton bean 'org.springframework.transaction.config.internalTransactionAdvisor'
2019-12-07 13:56:32.693 DEBUG 15190 --- [    Test worker] o.s.b.f.s.DefaultListableBeanFactory     : Creating shared instance of singleton bean 'org.springframework.transaction.annotation.ProxyTransactionManagementConfiguration'
2019-12-07 13:56:32.698 DEBUG 15190 --- [    Test worker] o.s.b.f.s.DefaultListableBeanFactory     : Creating shared instance of singleton bean 'transactionAttributeSource'
2019-12-07 13:56:32.700 DEBUG 15190 --- [    Test worker] o.s.b.f.s.DefaultListableBeanFactory     : Creating shared instance of singleton bean 'transactionInterceptor'
2019-12-07 13:56:32.707 DEBUG 15190 --- [    Test worker] o.s.b.f.s.DefaultListableBeanFactory     : Creating shared instance of singleton bean 'entityManagerFactory'
2019-12-07 13:56:32.707 DEBUG 15190 --- [    Test worker] o.s.b.f.s.DefaultListableBeanFactory     : Creating shared instance of singleton bean 'org.springframework.boot.autoconfigure.orm.jpa.HibernateJpaConfiguration'
2019-12-07 13:56:32.708 DEBUG 15190 --- [    Test worker] ocalVariableTableParameterNameDiscoverer : Cannot find '.class' file for class [class org.springframework.boot.autoconfigure.orm.jpa.HibernateJpaConfiguration$$EnhancerBySpringCGLIB$$21866fd4] - unable to determine constructor/method parameter names
2019-12-07 13:56:32.708 DEBUG 15190 --- [    Test worker] o.s.b.f.s.DefaultListableBeanFactory     : Creating shared instance of singleton bean 'dataSource'
2019-12-07 13:56:32.711 DEBUG 15190 --- [    Test worker] o.s.c.e.PropertySourcesPropertyResolver  : Found key 'spring.test.database.connection' in PropertySource 'Annotations' with value of type EmbeddedDatabaseConnection
2019-12-07 13:56:32.717  INFO 15190 --- [    Test worker] o.s.j.d.e.EmbeddedDatabaseFactory        : Starting embedded database: url='jdbc:h2:mem:715a69aa-c0a9-45d6-a328-8d71f3b1764c;DB_CLOSE_DELAY=-1;DB_CLOSE_ON_EXIT=false', username='sa'
2019-12-07 13:56:32.717 DEBUG 15190 --- [    Test worker] o.s.jdbc.datasource.DataSourceUtils      : Fetching JDBC Connection from DataSource
2019-12-07 13:56:32.717 DEBUG 15190 --- [    Test worker] o.s.j.datasource.SimpleDriverDataSource  : Creating new JDBC Driver Connection to [jdbc:h2:mem:715a69aa-c0a9-45d6-a328-8d71f3b1764c;DB_CLOSE_DELAY=-1;DB_CLOSE_ON_EXIT=false]
2019-12-07 13:56:32.721 DEBUG 15190 --- [    Test worker] o.s.b.f.s.DefaultListableBeanFactory     : Creating shared instance of singleton bean 'org.springframework.boot.autoconfigure.jdbc.DataSourceInitializerInvoker'
2019-12-07 13:56:32.721 DEBUG 15190 --- [    Test worker] o.s.b.f.s.DefaultListableBeanFactory     : Creating shared instance of singleton bean 'spring.datasource-org.springframework.boot.autoconfigure.jdbc.DataSourceProperties'
2019-12-07 13:56:32.727 DEBUG 15190 --- [    Test worker] o.s.b.f.s.DefaultListableBeanFactory     : Autowiring by type from bean name 'org.springframework.boot.autoconfigure.jdbc.DataSourceInitializerInvoker' via constructor to bean named 'spring.datasource-org.springframework.boot.autoconfigure.jdbc.DataSourceProperties'
2019-12-07 13:56:32.727 DEBUG 15190 --- [    Test worker] o.s.b.f.s.DefaultListableBeanFactory     : Autowiring by type from bean name 'org.springframework.boot.autoconfigure.jdbc.DataSourceInitializerInvoker' via constructor to bean named 'org.springframework.context.annotation.AnnotationConfigApplicationContext@524b7ab'
2019-12-07 13:56:32.731 DEBUG 15190 --- [    Test worker] o.s.b.f.s.DefaultListableBeanFactory     : Creating shared instance of singleton bean 'spring.jpa-org.springframework.boot.autoconfigure.orm.jpa.JpaProperties'
2019-12-07 13:56:32.736 DEBUG 15190 --- [    Test worker] o.s.b.f.s.DefaultListableBeanFactory     : Creating shared instance of singleton bean 'spring.jpa.hibernate-org.springframework.boot.autoconfigure.orm.jpa.HibernateProperties'
2019-12-07 13:56:32.737 DEBUG 15190 --- [    Test worker] o.s.b.f.s.DefaultListableBeanFactory     : Autowiring by type from bean name 'org.springframework.boot.autoconfigure.orm.jpa.HibernateJpaConfiguration' via constructor to bean named 'dataSource'
2019-12-07 13:56:32.737 DEBUG 15190 --- [    Test worker] o.s.b.f.s.DefaultListableBeanFactory     : Autowiring by type from bean name 'org.springframework.boot.autoconfigure.orm.jpa.HibernateJpaConfiguration' via constructor to bean named 'spring.jpa-org.springframework.boot.autoconfigure.orm.jpa.JpaProperties'
2019-12-07 13:56:32.737 DEBUG 15190 --- [    Test worker] o.s.b.f.s.DefaultListableBeanFactory     : Autowiring by type from bean name 'org.springframework.boot.autoconfigure.orm.jpa.HibernateJpaConfiguration' via constructor to bean named 'org.springframework.beans.factory.support.DefaultListableBeanFactory@77f14ddf'
2019-12-07 13:56:32.737 DEBUG 15190 --- [    Test worker] o.s.b.f.s.DefaultListableBeanFactory     : Autowiring by type from bean name 'org.springframework.boot.autoconfigure.orm.jpa.HibernateJpaConfiguration' via constructor to bean named 'spring.jpa.hibernate-org.springframework.boot.autoconfigure.orm.jpa.HibernateProperties'
2019-12-07 13:56:32.738 DEBUG 15190 --- [    Test worker] o.s.b.f.s.DefaultListableBeanFactory     : Creating shared instance of singleton bean 'platformTransactionManagerCustomizers'
2019-12-07 13:56:32.738 DEBUG 15190 --- [    Test worker] o.s.b.f.s.DefaultListableBeanFactory     : Creating shared instance of singleton bean 'org.springframework.boot.autoconfigure.transaction.TransactionAutoConfiguration'
2019-12-07 13:56:32.742 DEBUG 15190 --- [    Test worker] o.s.b.f.s.DefaultListableBeanFactory     : Creating shared instance of singleton bean 'spring.transaction-org.springframework.boot.autoconfigure.transaction.TransactionProperties'
2019-12-07 13:56:32.745 DEBUG 15190 --- [    Test worker] o.s.b.f.s.DefaultListableBeanFactory     : Creating shared instance of singleton bean 'hikariPoolDataSourceMetadataProvider'
2019-12-07 13:56:32.745 DEBUG 15190 --- [    Test worker] o.s.b.f.s.DefaultListableBeanFactory     : Creating shared instance of singleton bean 'org.springframework.boot.autoconfigure.jdbc.metadata.DataSourcePoolMetadataProvidersConfiguration$HikariPoolDataSourceMetadataProviderConfiguration'
2019-12-07 13:56:32.753 DEBUG 15190 --- [    Test worker] o.s.b.f.s.DefaultListableBeanFactory     : Creating shared instance of singleton bean 'entityManagerFactoryBuilder'
2019-12-07 13:56:32.754 DEBUG 15190 --- [    Test worker] o.s.b.f.s.DefaultListableBeanFactory     : Creating shared instance of singleton bean 'jpaVendorAdapter'
2019-12-07 13:56:32.754 DEBUG 15190 --- [    Test worker] o.s.jdbc.datasource.DataSourceUtils      : Fetching JDBC Connection from DataSource
2019-12-07 13:56:32.754 DEBUG 15190 --- [    Test worker] o.s.j.datasource.SimpleDriverDataSource  : Creating new JDBC Driver Connection to [jdbc:h2:mem:715a69aa-c0a9-45d6-a328-8d71f3b1764c;DB_CLOSE_DELAY=-1;DB_CLOSE_ON_EXIT=false]
2019-12-07 13:56:32.757 DEBUG 15190 --- [    Test worker] o.s.b.f.s.DefaultListableBeanFactory     : Autowiring by type from bean name 'entityManagerFactoryBuilder' via factory method to bean named 'jpaVendorAdapter'
2019-12-07 13:56:32.759 DEBUG 15190 --- [    Test worker] o.s.b.f.s.DefaultListableBeanFactory     : Autowiring by type from bean name 'entityManagerFactory' via factory method to bean named 'entityManagerFactoryBuilder'
2019-12-07 13:56:32.759 DEBUG 15190 --- [    Test worker] o.s.jdbc.datasource.DataSourceUtils      : Fetching JDBC Connection from DataSource
2019-12-07 13:56:32.759 DEBUG 15190 --- [    Test worker] o.s.j.datasource.SimpleDriverDataSource  : Creating new JDBC Driver Connection to [jdbc:h2:mem:715a69aa-c0a9-45d6-a328-8d71f3b1764c;DB_CLOSE_DELAY=-1;DB_CLOSE_ON_EXIT=false]
2019-12-07 13:56:32.772 DEBUG 15190 --- [    Test worker] j.LocalContainerEntityManagerFactoryBean : Building JPA container EntityManagerFactory for persistence unit 'default'
2019-12-07 13:56:32.772 DEBUG 15190 --- [    Test worker] o.hibernate.jpa.internal.util.LogHelper  : PersistenceUnitInfo [
	name: default
	persistence provider classname: null
	classloader: jdk.internal.loader.ClassLoaders$AppClassLoader@4b85612c
	excludeUnlistedClasses: true
	JTA datasource: null
	Non JTA datasource: org.springframework.jdbc.datasource.embedded.EmbeddedDatabaseFactory$EmbeddedDataSourceProxy@23bb7538
	Transaction type: RESOURCE_LOCAL
	PU root URL: file:/Users/govlmo91/IdeaProjects/jojoldubook/build/classes/java/test/
	Shared Cache Mode: UNSPECIFIED
	Validation Mode: AUTO
	Jar files URLs []
	Managed classes names [
		kr.gracelove.jojoldu.springboot.domain.BaseTimeEntity
		kr.gracelove.jojoldu.springboot.domain.posts.Posts
		kr.gracelove.jojoldu.springboot.domain.user.User]
	Mapping files names []
	Properties []
2019-12-07 13:56:32.772 DEBUG 15190 --- [    Test worker] o.h.i.internal.IntegratorServiceImpl     : Adding Integrator [org.hibernate.cfg.beanvalidation.BeanValidationIntegrator].
2019-12-07 13:56:32.772 DEBUG 15190 --- [    Test worker] o.h.i.internal.IntegratorServiceImpl     : Adding Integrator [org.hibernate.secure.spi.JaccIntegrator].
2019-12-07 13:56:32.772 DEBUG 15190 --- [    Test worker] o.h.i.internal.IntegratorServiceImpl     : Adding Integrator [org.hibernate.cache.internal.CollectionCacheInvalidator].
2019-12-07 13:56:32.773 DEBUG 15190 --- [    Test worker] o.hibernate.service.spi.ServiceBinding   : Overriding existing service binding [org.hibernate.secure.spi.JaccService]
2019-12-07 13:56:32.774 DEBUG 15190 --- [    Test worker] o.h.c.internal.RegionFactoryInitiator    : Cannot default RegionFactory based on registered strategies as `[]` RegionFactory strategies were registered
2019-12-07 13:56:32.774 DEBUG 15190 --- [    Test worker] o.h.c.internal.RegionFactoryInitiator    : Cache region factory : org.hibernate.cache.internal.NoCachingRegionFactory
2019-12-07 13:56:32.774 DEBUG 15190 --- [    Test worker] org.hibernate.type.BasicTypeRegistry     : Adding type registration boolean -> org.hibernate.type.BooleanType@72f99a7c
2019-12-07 13:56:32.774 DEBUG 15190 --- [    Test worker] org.hibernate.type.BasicTypeRegistry     : Adding type registration boolean -> org.hibernate.type.BooleanType@72f99a7c
2019-12-07 13:56:32.774 DEBUG 15190 --- [    Test worker] org.hibernate.type.BasicTypeRegistry     : Adding type registration java.lang.Boolean -> org.hibernate.type.BooleanType@72f99a7c
2019-12-07 13:56:32.774 DEBUG 15190 --- [    Test worker] org.hibernate.type.BasicTypeRegistry     : Adding type registration numeric_boolean -> org.hibernate.type.NumericBooleanType@6d336ebd
2019-12-07 13:56:32.774 DEBUG 15190 --- [    Test worker] org.hibernate.type.BasicTypeRegistry     : Adding type registration true_false -> org.hibernate.type.TrueFalseType@3f854e22
2019-12-07 13:56:32.774 DEBUG 15190 --- [    Test worker] org.hibernate.type.BasicTypeRegistry     : Adding type registration yes_no -> org.hibernate.type.YesNoType@1fdd7af9
2019-12-07 13:56:32.774 DEBUG 15190 --- [    Test worker] org.hibernate.type.BasicTypeRegistry     : Adding type registration byte -> org.hibernate.type.ByteType@390731c2
2019-12-07 13:56:32.774 DEBUG 15190 --- [    Test worker] org.hibernate.type.BasicTypeRegistry     : Adding type registration byte -> org.hibernate.type.ByteType@390731c2
2019-12-07 13:56:32.774 DEBUG 15190 --- [    Test worker] org.hibernate.type.BasicTypeRegistry     : Adding type registration java.lang.Byte -> org.hibernate.type.ByteType@390731c2
2019-12-07 13:56:32.774 DEBUG 15190 --- [    Test worker] org.hibernate.type.BasicTypeRegistry     : Adding type registration character -> org.hibernate.type.CharacterType@3fca4369
2019-12-07 13:56:32.774 DEBUG 15190 --- [    Test worker] org.hibernate.type.BasicTypeRegistry     : Adding type registration char -> org.hibernate.type.CharacterType@3fca4369
2019-12-07 13:56:32.774 DEBUG 15190 --- [    Test worker] org.hibernate.type.BasicTypeRegistry     : Adding type registration java.lang.Character -> org.hibernate.type.CharacterType@3fca4369
2019-12-07 13:56:32.774 DEBUG 15190 --- [    Test worker] org.hibernate.type.BasicTypeRegistry     : Adding type registration short -> org.hibernate.type.ShortType@7695b694
2019-12-07 13:56:32.774 DEBUG 15190 --- [    Test worker] org.hibernate.type.BasicTypeRegistry     : Adding type registration short -> org.hibernate.type.ShortType@7695b694
2019-12-07 13:56:32.774 DEBUG 15190 --- [    Test worker] org.hibernate.type.BasicTypeRegistry     : Adding type registration java.lang.Short -> org.hibernate.type.ShortType@7695b694
2019-12-07 13:56:32.774 DEBUG 15190 --- [    Test worker] org.hibernate.type.BasicTypeRegistry     : Adding type registration integer -> org.hibernate.type.IntegerType@2fa2038
2019-12-07 13:56:32.774 DEBUG 15190 --- [    Test worker] org.hibernate.type.BasicTypeRegistry     : Adding type registration int -> org.hibernate.type.IntegerType@2fa2038
2019-12-07 13:56:32.775 DEBUG 15190 --- [    Test worker] org.hibernate.type.BasicTypeRegistry     : Adding type registration java.lang.Integer -> org.hibernate.type.IntegerType@2fa2038
2019-12-07 13:56:32.775 DEBUG 15190 --- [    Test worker] org.hibernate.type.BasicTypeRegistry     : Adding type registration long -> org.hibernate.type.LongType@27b1e4b7
2019-12-07 13:56:32.775 DEBUG 15190 --- [    Test worker] org.hibernate.type.BasicTypeRegistry     : Adding type registration long -> org.hibernate.type.LongType@27b1e4b7
2019-12-07 13:56:32.775 DEBUG 15190 --- [    Test worker] org.hibernate.type.BasicTypeRegistry     : Adding type registration java.lang.Long -> org.hibernate.type.LongType@27b1e4b7
2019-12-07 13:56:32.775 DEBUG 15190 --- [    Test worker] org.hibernate.type.BasicTypeRegistry     : Adding type registration float -> org.hibernate.type.FloatType@54aeb236
2019-12-07 13:56:32.775 DEBUG 15190 --- [    Test worker] org.hibernate.type.BasicTypeRegistry     : Adding type registration float -> org.hibernate.type.FloatType@54aeb236
2019-12-07 13:56:32.775 DEBUG 15190 --- [    Test worker] org.hibernate.type.BasicTypeRegistry     : Adding type registration java.lang.Float -> org.hibernate.type.FloatType@54aeb236
2019-12-07 13:56:32.775 DEBUG 15190 --- [    Test worker] org.hibernate.type.BasicTypeRegistry     : Adding type registration double -> org.hibernate.type.DoubleType@25dd95e6
2019-12-07 13:56:32.775 DEBUG 15190 --- [    Test worker] org.hibernate.type.BasicTypeRegistry     : Adding type registration double -> org.hibernate.type.DoubleType@25dd95e6
2019-12-07 13:56:32.775 DEBUG 15190 --- [    Test worker] org.hibernate.type.BasicTypeRegistry     : Adding type registration java.lang.Double -> org.hibernate.type.DoubleType@25dd95e6
2019-12-07 13:56:32.775 DEBUG 15190 --- [    Test worker] org.hibernate.type.BasicTypeRegistry     : Adding type registration big_decimal -> org.hibernate.type.BigDecimalType@41b25c90
2019-12-07 13:56:32.775 DEBUG 15190 --- [    Test worker] org.hibernate.type.BasicTypeRegistry     : Adding type registration java.math.BigDecimal -> org.hibernate.type.BigDecimalType@41b25c90
2019-12-07 13:56:32.775 DEBUG 15190 --- [    Test worker] org.hibernate.type.BasicTypeRegistry     : Adding type registration big_integer -> org.hibernate.type.BigIntegerType@e38054d
2019-12-07 13:56:32.775 DEBUG 15190 --- [    Test worker] org.hibernate.type.BasicTypeRegistry     : Adding type registration java.math.BigInteger -> org.hibernate.type.BigIntegerType@e38054d
2019-12-07 13:56:32.775 DEBUG 15190 --- [    Test worker] org.hibernate.type.BasicTypeRegistry     : Adding type registration string -> org.hibernate.type.StringType@67e8b0b5
2019-12-07 13:56:32.775 DEBUG 15190 --- [    Test worker] org.hibernate.type.BasicTypeRegistry     : Adding type registration java.lang.String -> org.hibernate.type.StringType@67e8b0b5
2019-12-07 13:56:32.775 DEBUG 15190 --- [    Test worker] org.hibernate.type.BasicTypeRegistry     : Adding type registration nstring -> org.hibernate.type.StringNVarcharType@3e5facf
2019-12-07 13:56:32.775 DEBUG 15190 --- [    Test worker] org.hibernate.type.BasicTypeRegistry     : Adding type registration ncharacter -> org.hibernate.type.CharacterNCharType@25620e0d
2019-12-07 13:56:32.775 DEBUG 15190 --- [    Test worker] org.hibernate.type.BasicTypeRegistry     : Adding type registration url -> org.hibernate.type.UrlType@2b4aaed9
2019-12-07 13:56:32.775 DEBUG 15190 --- [    Test worker] org.hibernate.type.BasicTypeRegistry     : Adding type registration java.net.URL -> org.hibernate.type.UrlType@2b4aaed9
2019-12-07 13:56:32.775 DEBUG 15190 --- [    Test worker] org.hibernate.type.BasicTypeRegistry     : Adding type registration Duration -> org.hibernate.type.DurationType@4488a869
2019-12-07 13:56:32.775 DEBUG 15190 --- [    Test worker] org.hibernate.type.BasicTypeRegistry     : Adding type registration java.time.Duration -> org.hibernate.type.DurationType@4488a869
2019-12-07 13:56:32.775 DEBUG 15190 --- [    Test worker] org.hibernate.type.BasicTypeRegistry     : Adding type registration Instant -> org.hibernate.type.InstantType@7e471c22
2019-12-07 13:56:32.775 DEBUG 15190 --- [    Test worker] org.hibernate.type.BasicTypeRegistry     : Adding type registration java.time.Instant -> org.hibernate.type.InstantType@7e471c22
2019-12-07 13:56:32.775 DEBUG 15190 --- [    Test worker] org.hibernate.type.BasicTypeRegistry     : Adding type registration LocalDateTime -> org.hibernate.type.LocalDateTimeType@42e14ab6
2019-12-07 13:56:32.775 DEBUG 15190 --- [    Test worker] org.hibernate.type.BasicTypeRegistry     : Adding type registration java.time.LocalDateTime -> org.hibernate.type.LocalDateTimeType@42e14ab6
2019-12-07 13:56:32.775 DEBUG 15190 --- [    Test worker] org.hibernate.type.BasicTypeRegistry     : Adding type registration LocalDate -> org.hibernate.type.LocalDateType@5de1fbbd
2019-12-07 13:56:32.776 DEBUG 15190 --- [    Test worker] org.hibernate.type.BasicTypeRegistry     : Adding type registration java.time.LocalDate -> org.hibernate.type.LocalDateType@5de1fbbd
2019-12-07 13:56:32.776 DEBUG 15190 --- [    Test worker] org.hibernate.type.BasicTypeRegistry     : Adding type registration LocalTime -> org.hibernate.type.LocalTimeType@49d02fee
2019-12-07 13:56:32.776 DEBUG 15190 --- [    Test worker] org.hibernate.type.BasicTypeRegistry     : Adding type registration java.time.LocalTime -> org.hibernate.type.LocalTimeType@49d02fee
2019-12-07 13:56:32.776 DEBUG 15190 --- [    Test worker] org.hibernate.type.BasicTypeRegistry     : Adding type registration OffsetDateTime -> org.hibernate.type.OffsetDateTimeType@61cd19e0
2019-12-07 13:56:32.776 DEBUG 15190 --- [    Test worker] org.hibernate.type.BasicTypeRegistry     : Adding type registration java.time.OffsetDateTime -> org.hibernate.type.OffsetDateTimeType@61cd19e0
2019-12-07 13:56:32.776 DEBUG 15190 --- [    Test worker] org.hibernate.type.BasicTypeRegistry     : Adding type registration OffsetTime -> org.hibernate.type.OffsetTimeType@6f3b7249
2019-12-07 13:56:32.776 DEBUG 15190 --- [    Test worker] org.hibernate.type.BasicTypeRegistry     : Adding type registration java.time.OffsetTime -> org.hibernate.type.OffsetTimeType@6f3b7249
2019-12-07 13:56:32.776 DEBUG 15190 --- [    Test worker] org.hibernate.type.BasicTypeRegistry     : Adding type registration ZonedDateTime -> org.hibernate.type.ZonedDateTimeType@6719b26b
2019-12-07 13:56:32.776 DEBUG 15190 --- [    Test worker] org.hibernate.type.BasicTypeRegistry     : Adding type registration java.time.ZonedDateTime -> org.hibernate.type.ZonedDateTimeType@6719b26b
2019-12-07 13:56:32.776 DEBUG 15190 --- [    Test worker] org.hibernate.type.BasicTypeRegistry     : Adding type registration date -> org.hibernate.type.DateType@16e7002f
2019-12-07 13:56:32.776 DEBUG 15190 --- [    Test worker] org.hibernate.type.BasicTypeRegistry     : Adding type registration java.sql.Date -> org.hibernate.type.DateType@16e7002f
2019-12-07 13:56:32.776 DEBUG 15190 --- [    Test worker] org.hibernate.type.BasicTypeRegistry     : Adding type registration time -> org.hibernate.type.TimeType@6c1b1582
2019-12-07 13:56:32.776 DEBUG 15190 --- [    Test worker] org.hibernate.type.BasicTypeRegistry     : Adding type registration java.sql.Time -> org.hibernate.type.TimeType@6c1b1582
2019-12-07 13:56:32.776 DEBUG 15190 --- [    Test worker] org.hibernate.type.BasicTypeRegistry     : Adding type registration timestamp -> org.hibernate.type.TimestampType@c4e36b2
2019-12-07 13:56:32.776 DEBUG 15190 --- [    Test worker] org.hibernate.type.BasicTypeRegistry     : Adding type registration java.sql.Timestamp -> org.hibernate.type.TimestampType@c4e36b2
2019-12-07 13:56:32.776 DEBUG 15190 --- [    Test worker] org.hibernate.type.BasicTypeRegistry     : Adding type registration java.util.Date -> org.hibernate.type.TimestampType@c4e36b2
2019-12-07 13:56:32.776 DEBUG 15190 --- [    Test worker] org.hibernate.type.BasicTypeRegistry     : Adding type registration dbtimestamp -> org.hibernate.type.DbTimestampType@631b06e7
2019-12-07 13:56:32.776 DEBUG 15190 --- [    Test worker] org.hibernate.type.BasicTypeRegistry     : Adding type registration calendar -> org.hibernate.type.CalendarType@676f6858
2019-12-07 13:56:32.776 DEBUG 15190 --- [    Test worker] org.hibernate.type.BasicTypeRegistry     : Adding type registration java.util.Calendar -> org.hibernate.type.CalendarType@676f6858
2019-12-07 13:56:32.776 DEBUG 15190 --- [    Test worker] org.hibernate.type.BasicTypeRegistry     : Adding type registration java.util.GregorianCalendar -> org.hibernate.type.CalendarType@676f6858
2019-12-07 13:56:32.776 DEBUG 15190 --- [    Test worker] org.hibernate.type.BasicTypeRegistry     : Adding type registration calendar_date -> org.hibernate.type.CalendarDateType@106619bf
2019-12-07 13:56:32.776 DEBUG 15190 --- [    Test worker] org.hibernate.type.BasicTypeRegistry     : Adding type registration locale -> org.hibernate.type.LocaleType@3320be3f
2019-12-07 13:56:32.776 DEBUG 15190 --- [    Test worker] org.hibernate.type.BasicTypeRegistry     : Adding type registration java.util.Locale -> org.hibernate.type.LocaleType@3320be3f
2019-12-07 13:56:32.776 DEBUG 15190 --- [    Test worker] org.hibernate.type.BasicTypeRegistry     : Adding type registration currency -> org.hibernate.type.CurrencyType@52f32b76
2019-12-07 13:56:32.776 DEBUG 15190 --- [    Test worker] org.hibernate.type.BasicTypeRegistry     : Adding type registration java.util.Currency -> org.hibernate.type.CurrencyType@52f32b76
2019-12-07 13:56:32.776 DEBUG 15190 --- [    Test worker] org.hibernate.type.BasicTypeRegistry     : Adding type registration timezone -> org.hibernate.type.TimeZoneType@68d9115e
2019-12-07 13:56:32.776 DEBUG 15190 --- [    Test worker] org.hibernate.type.BasicTypeRegistry     : Adding type registration java.util.TimeZone -> org.hibernate.type.TimeZoneType@68d9115e
2019-12-07 13:56:32.776 DEBUG 15190 --- [    Test worker] org.hibernate.type.BasicTypeRegistry     : Adding type registration class -> org.hibernate.type.ClassType@3c5b8336
2019-12-07 13:56:32.776 DEBUG 15190 --- [    Test worker] org.hibernate.type.BasicTypeRegistry     : Adding type registration java.lang.Class -> org.hibernate.type.ClassType@3c5b8336
2019-12-07 13:56:32.776 DEBUG 15190 --- [    Test worker] org.hibernate.type.BasicTypeRegistry     : Adding type registration uuid-binary -> org.hibernate.type.UUIDBinaryType@5f306a75
2019-12-07 13:56:32.776 DEBUG 15190 --- [    Test worker] org.hibernate.type.BasicTypeRegistry     : Adding type registration java.util.UUID -> org.hibernate.type.UUIDBinaryType@5f306a75
2019-12-07 13:56:32.776 DEBUG 15190 --- [    Test worker] org.hibernate.type.BasicTypeRegistry     : Adding type registration uuid-char -> org.hibernate.type.UUIDCharType@137543e
2019-12-07 13:56:32.776 DEBUG 15190 --- [    Test worker] org.hibernate.type.BasicTypeRegistry     : Adding type registration binary -> org.hibernate.type.BinaryType@35ee5e32
2019-12-07 13:56:32.776 DEBUG 15190 --- [    Test worker] org.hibernate.type.BasicTypeRegistry     : Adding type registration byte[] -> org.hibernate.type.BinaryType@35ee5e32
2019-12-07 13:56:32.776 DEBUG 15190 --- [    Test worker] org.hibernate.type.BasicTypeRegistry     : Adding type registration [B -> org.hibernate.type.BinaryType@35ee5e32
2019-12-07 13:56:32.776 DEBUG 15190 --- [    Test worker] org.hibernate.type.BasicTypeRegistry     : Adding type registration wrapper-binary -> org.hibernate.type.WrapperBinaryType@5c6222a7
2019-12-07 13:56:32.776 DEBUG 15190 --- [    Test worker] org.hibernate.type.BasicTypeRegistry     : Adding type registration Byte[] -> org.hibernate.type.WrapperBinaryType@5c6222a7
2019-12-07 13:56:32.776 DEBUG 15190 --- [    Test worker] org.hibernate.type.BasicTypeRegistry     : Adding type registration [Ljava.lang.Byte; -> org.hibernate.type.WrapperBinaryType@5c6222a7
2019-12-07 13:56:32.777 DEBUG 15190 --- [    Test worker] org.hibernate.type.BasicTypeRegistry     : Adding type registration row_version -> org.hibernate.type.RowVersionType@58d24778
2019-12-07 13:56:32.777 DEBUG 15190 --- [    Test worker] org.hibernate.type.BasicTypeRegistry     : Adding type registration image -> org.hibernate.type.ImageType@3618bb15
2019-12-07 13:56:32.777 DEBUG 15190 --- [    Test worker] org.hibernate.type.BasicTypeRegistry     : Adding type registration characters -> org.hibernate.type.CharArrayType@54542066
2019-12-07 13:56:32.777 DEBUG 15190 --- [    Test worker] org.hibernate.type.BasicTypeRegistry     : Adding type registration char[] -> org.hibernate.type.CharArrayType@54542066
2019-12-07 13:56:32.777 DEBUG 15190 --- [    Test worker] org.hibernate.type.BasicTypeRegistry     : Adding type registration [C -> org.hibernate.type.CharArrayType@54542066
2019-12-07 13:56:32.777 DEBUG 15190 --- [    Test worker] org.hibernate.type.BasicTypeRegistry     : Adding type registration wrapper-characters -> org.hibernate.type.CharacterArrayType@a9b9d02
2019-12-07 13:56:32.777 DEBUG 15190 --- [    Test worker] org.hibernate.type.BasicTypeRegistry     : Adding type registration [Ljava.lang.Character; -> org.hibernate.type.CharacterArrayType@a9b9d02
2019-12-07 13:56:32.777 DEBUG 15190 --- [    Test worker] org.hibernate.type.BasicTypeRegistry     : Adding type registration Character[] -> org.hibernate.type.CharacterArrayType@a9b9d02
2019-12-07 13:56:32.777 DEBUG 15190 --- [    Test worker] org.hibernate.type.BasicTypeRegistry     : Adding type registration text -> org.hibernate.type.TextType@70fa7f96
2019-12-07 13:56:32.777 DEBUG 15190 --- [    Test worker] org.hibernate.type.BasicTypeRegistry     : Adding type registration ntext -> org.hibernate.type.NTextType@22bb0166
2019-12-07 13:56:32.777 DEBUG 15190 --- [    Test worker] org.hibernate.type.BasicTypeRegistry     : Adding type registration blob -> org.hibernate.type.BlobType@310bbf49
2019-12-07 13:56:32.777 DEBUG 15190 --- [    Test worker] org.hibernate.type.BasicTypeRegistry     : Adding type registration java.sql.Blob -> org.hibernate.type.BlobType@310bbf49
2019-12-07 13:56:32.777 DEBUG 15190 --- [    Test worker] org.hibernate.type.BasicTypeRegistry     : Adding type registration materialized_blob -> org.hibernate.type.MaterializedBlobType@6fc2ce62
2019-12-07 13:56:32.777 DEBUG 15190 --- [    Test worker] org.hibernate.type.BasicTypeRegistry     : Adding type registration clob -> org.hibernate.type.ClobType@15f4414
2019-12-07 13:56:32.777 DEBUG 15190 --- [    Test worker] org.hibernate.type.BasicTypeRegistry     : Adding type registration java.sql.Clob -> org.hibernate.type.ClobType@15f4414
2019-12-07 13:56:32.777 DEBUG 15190 --- [    Test worker] org.hibernate.type.BasicTypeRegistry     : Adding type registration nclob -> org.hibernate.type.NClobType@559aa670
2019-12-07 13:56:32.777 DEBUG 15190 --- [    Test worker] org.hibernate.type.BasicTypeRegistry     : Adding type registration java.sql.NClob -> org.hibernate.type.NClobType@559aa670
2019-12-07 13:56:32.777 DEBUG 15190 --- [    Test worker] org.hibernate.type.BasicTypeRegistry     : Adding type registration materialized_clob -> org.hibernate.type.MaterializedClobType@79871c26
2019-12-07 13:56:32.777 DEBUG 15190 --- [    Test worker] org.hibernate.type.BasicTypeRegistry     : Adding type registration materialized_nclob -> org.hibernate.type.MaterializedNClobType@44147be9
2019-12-07 13:56:32.777 DEBUG 15190 --- [    Test worker] org.hibernate.type.BasicTypeRegistry     : Adding type registration serializable -> org.hibernate.type.SerializableType@714ad734
2019-12-07 13:56:32.777 DEBUG 15190 --- [    Test worker] org.hibernate.type.BasicTypeRegistry     : Adding type registration object -> org.hibernate.type.ObjectType@441c91f0
2019-12-07 13:56:32.777 DEBUG 15190 --- [    Test worker] org.hibernate.type.BasicTypeRegistry     : Adding type registration java.lang.Object -> org.hibernate.type.ObjectType@441c91f0
2019-12-07 13:56:32.777 DEBUG 15190 --- [    Test worker] org.hibernate.type.BasicTypeRegistry     : Adding type registration imm_date -> org.hibernate.type.AdaptedImmutableType@3e4d63d
2019-12-07 13:56:32.777 DEBUG 15190 --- [    Test worker] org.hibernate.type.BasicTypeRegistry     : Adding type registration imm_time -> org.hibernate.type.AdaptedImmutableType@442b79f6
2019-12-07 13:56:32.777 DEBUG 15190 --- [    Test worker] org.hibernate.type.BasicTypeRegistry     : Adding type registration imm_timestamp -> org.hibernate.type.AdaptedImmutableType@2ed9a978
2019-12-07 13:56:32.777 DEBUG 15190 --- [    Test worker] org.hibernate.type.BasicTypeRegistry     : Adding type registration imm_dbtimestamp -> org.hibernate.type.AdaptedImmutableType@4c4138a2
2019-12-07 13:56:32.777 DEBUG 15190 --- [    Test worker] org.hibernate.type.BasicTypeRegistry     : Adding type registration imm_calendar -> org.hibernate.type.AdaptedImmutableType@69314a29
2019-12-07 13:56:32.777 DEBUG 15190 --- [    Test worker] org.hibernate.type.BasicTypeRegistry     : Adding type registration imm_calendar_date -> org.hibernate.type.AdaptedImmutableType@764a7a30
2019-12-07 13:56:32.777 DEBUG 15190 --- [    Test worker] org.hibernate.type.BasicTypeRegistry     : Adding type registration imm_binary -> org.hibernate.type.AdaptedImmutableType@15bb8fe8
2019-12-07 13:56:32.777 DEBUG 15190 --- [    Test worker] org.hibernate.type.BasicTypeRegistry     : Adding type registration imm_serializable -> org.hibernate.type.AdaptedImmutableType@50fa21d5
2019-12-07 13:56:32.778 DEBUG 15190 --- [    Test worker] o.h.boot.internal.BootstrapContextImpl   : Injecting JPA temp ClassLoader [org.springframework.instrument.classloading.SimpleThrowawayClassLoader@16472e54] into BootstrapContext; was [null]
2019-12-07 13:56:32.778 DEBUG 15190 --- [    Test worker] o.h.boot.internal.ClassLoaderAccessImpl  : ClassLoaderAccessImpl#injectTempClassLoader(org.springframework.instrument.classloading.SimpleThrowawayClassLoader@16472e54) [was null]
2019-12-07 13:56:32.778 DEBUG 15190 --- [    Test worker] o.h.boot.internal.BootstrapContextImpl   : Injecting ScanEnvironment [org.hibernate.jpa.boot.internal.StandardJpaScanEnvironmentImpl@5f4a37bb] into BootstrapContext; was [null]
2019-12-07 13:56:32.778 DEBUG 15190 --- [    Test worker] o.h.boot.internal.BootstrapContextImpl   : Injecting ScanOptions [org.hibernate.boot.archive.scan.internal.StandardScanOptions@5ebf410e] into BootstrapContext; was [org.hibernate.boot.archive.scan.internal.StandardScanOptions@27f02d69]
2019-12-07 13:56:32.782 DEBUG 15190 --- [    Test worker] o.h.boot.internal.BootstrapContextImpl   : Injecting JPA temp ClassLoader [null] into BootstrapContext; was [org.springframework.instrument.classloading.SimpleThrowawayClassLoader@16472e54]
2019-12-07 13:56:32.782 DEBUG 15190 --- [    Test worker] o.h.boot.internal.ClassLoaderAccessImpl  : ClassLoaderAccessImpl#injectTempClassLoader(null) [was org.springframework.instrument.classloading.SimpleThrowawayClassLoader@16472e54]
2019-12-07 13:56:32.782 DEBUG 15190 --- [    Test worker] .i.f.i.DefaultIdentifierGeneratorFactory : Registering IdentifierGenerator strategy [uuid2] -> [org.hibernate.id.UUIDGenerator]
2019-12-07 13:56:32.782 DEBUG 15190 --- [    Test worker] .i.f.i.DefaultIdentifierGeneratorFactory : Registering IdentifierGenerator strategy [guid] -> [org.hibernate.id.GUIDGenerator]
2019-12-07 13:56:32.782 DEBUG 15190 --- [    Test worker] .i.f.i.DefaultIdentifierGeneratorFactory : Registering IdentifierGenerator strategy [uuid] -> [org.hibernate.id.UUIDHexGenerator]
2019-12-07 13:56:32.782 DEBUG 15190 --- [    Test worker] .i.f.i.DefaultIdentifierGeneratorFactory : Registering IdentifierGenerator strategy [uuid.hex] -> [org.hibernate.id.UUIDHexGenerator]
2019-12-07 13:56:32.782 DEBUG 15190 --- [    Test worker] .i.f.i.DefaultIdentifierGeneratorFactory : Registering IdentifierGenerator strategy [assigned] -> [org.hibernate.id.Assigned]
2019-12-07 13:56:32.782 DEBUG 15190 --- [    Test worker] .i.f.i.DefaultIdentifierGeneratorFactory : Registering IdentifierGenerator strategy [identity] -> [org.hibernate.id.IdentityGenerator]
2019-12-07 13:56:32.782 DEBUG 15190 --- [    Test worker] .i.f.i.DefaultIdentifierGeneratorFactory : Registering IdentifierGenerator strategy [select] -> [org.hibernate.id.SelectGenerator]
2019-12-07 13:56:32.782 DEBUG 15190 --- [    Test worker] .i.f.i.DefaultIdentifierGeneratorFactory : Registering IdentifierGenerator strategy [sequence] -> [org.hibernate.id.enhanced.SequenceStyleGenerator]
2019-12-07 13:56:32.782 DEBUG 15190 --- [    Test worker] .i.f.i.DefaultIdentifierGeneratorFactory : Registering IdentifierGenerator strategy [seqhilo] -> [org.hibernate.id.SequenceHiLoGenerator]
2019-12-07 13:56:32.782 DEBUG 15190 --- [    Test worker] .i.f.i.DefaultIdentifierGeneratorFactory : Registering IdentifierGenerator strategy [increment] -> [org.hibernate.id.IncrementGenerator]
2019-12-07 13:56:32.782 DEBUG 15190 --- [    Test worker] .i.f.i.DefaultIdentifierGeneratorFactory : Registering IdentifierGenerator strategy [foreign] -> [org.hibernate.id.ForeignGenerator]
2019-12-07 13:56:32.782 DEBUG 15190 --- [    Test worker] .i.f.i.DefaultIdentifierGeneratorFactory : Registering IdentifierGenerator strategy [sequence-identity] -> [org.hibernate.id.SequenceIdentityGenerator]
2019-12-07 13:56:32.782 DEBUG 15190 --- [    Test worker] .i.f.i.DefaultIdentifierGeneratorFactory : Registering IdentifierGenerator strategy [enhanced-sequence] -> [org.hibernate.id.enhanced.SequenceStyleGenerator]
2019-12-07 13:56:32.782 DEBUG 15190 --- [    Test worker] .i.f.i.DefaultIdentifierGeneratorFactory : Registering IdentifierGenerator strategy [enhanced-table] -> [org.hibernate.id.enhanced.TableGenerator]
2019-12-07 13:56:32.783 DEBUG 15190 --- [    Test worker] o.s.j.datasource.SimpleDriverDataSource  : Creating new JDBC Driver Connection to [jdbc:h2:mem:715a69aa-c0a9-45d6-a328-8d71f3b1764c;DB_CLOSE_DELAY=-1;DB_CLOSE_ON_EXIT=false]
2019-12-07 13:56:32.783 DEBUG 15190 --- [    Test worker] o.h.e.j.e.i.JdbcEnvironmentInitiator     : Database ->
       name : H2
    version : 1.4.199 (2019-03-13)
      major : 1
      minor : 4
2019-12-07 13:56:32.783 DEBUG 15190 --- [    Test worker] o.h.e.j.e.i.JdbcEnvironmentInitiator     : Driver ->
       name : H2 JDBC Driver
    version : 1.4.199 (2019-03-13)
      major : 1
      minor : 4
2019-12-07 13:56:32.783 DEBUG 15190 --- [    Test worker] o.h.e.j.e.i.JdbcEnvironmentInitiator     : JDBC version : 4.1
2019-12-07 13:56:32.783  INFO 15190 --- [    Test worker] org.hibernate.dialect.Dialect            : HHH000400: Using dialect: org.hibernate.dialect.H2Dialect
2019-12-07 13:56:32.787 DEBUG 15190 --- [    Test worker] o.h.e.j.env.spi.IdentifierHelperBuilder  : JDBC driver metadata reported database stores quoted identifiers in neither upper, lower nor mixed case
2019-12-07 13:56:32.788 DEBUG 15190 --- [    Test worker] o.h.boot.model.relational.Namespace      : Created database namespace [logicalName=Name{catalog=null, schema=null}, physicalName=Name{catalog=null, schema=null}]
2019-12-07 13:56:32.788 DEBUG 15190 --- [    Test worker] o.h.type.spi.TypeConfiguration$Scope     : Scoping TypeConfiguration [org.hibernate.type.spi.TypeConfiguration@459cf28d] to MetadataBuildingContext [org.hibernate.boot.internal.MetadataBuildingContextRootImpl@2bd117ec]
2019-12-07 13:56:32.788 DEBUG 15190 --- [    Test worker] org.hibernate.cfg.AnnotationBinder       : Binding entity from annotated class: kr.gracelove.jojoldu.springboot.domain.posts.Posts
2019-12-07 13:56:32.788 DEBUG 15190 --- [    Test worker] org.hibernate.cfg.Ejb3Column             : Binding column: Ejb3DiscriminatorColumn{logicalColumnName'DTYPE', discriminatorTypeName='string'}
2019-12-07 13:56:32.789 DEBUG 15190 --- [    Test worker] o.h.cfg.annotations.EntityBinder         : Import with entity name Posts
2019-12-07 13:56:32.789 DEBUG 15190 --- [    Test worker] o.h.cfg.annotations.EntityBinder         : Bind entity kr.gracelove.jojoldu.springboot.domain.posts.Posts on table posts
2019-12-07 13:56:32.789 DEBUG 15190 --- [    Test worker] org.hibernate.cfg.Ejb3Column             : Binding column: Ejb3Column{table=org.hibernate.mapping.Table(posts), mappingColumn=id, insertable=true, updatable=true, unique=false}
2019-12-07 13:56:32.789 DEBUG 15190 --- [    Test worker] o.h.cfg.annotations.PropertyBinder       : MetadataSourceProcessor property id with lazy=false
2019-12-07 13:56:32.789 DEBUG 15190 --- [    Test worker] o.hibernate.cfg.AbstractPropertyHolder   : Attempting to locate auto-apply AttributeConverter for property [kr.gracelove.jojoldu.springboot.domain.posts.Posts:id]
2019-12-07 13:56:32.789 DEBUG 15190 --- [    Test worker] o.h.cfg.annotations.SimpleValueBinder    : building SimpleValue for id
2019-12-07 13:56:32.789 DEBUG 15190 --- [    Test worker] o.h.cfg.annotations.PropertyBinder       : Building property id
2019-12-07 13:56:32.789 DEBUG 15190 --- [    Test worker] org.hibernate.cfg.BinderHelper           : #makeIdGenerator(org.hibernate.mapping.SimpleValue([org.hibernate.mapping.Column(id)]), id, identity, , ...)
2019-12-07 13:56:32.790 DEBUG 15190 --- [    Test worker] org.hibernate.cfg.Ejb3Column             : Binding column: Ejb3Column{table=org.hibernate.mapping.Table(posts), mappingColumn=created_date, insertable=true, updatable=true, unique=false}
2019-12-07 13:56:32.790 DEBUG 15190 --- [    Test worker] o.h.cfg.annotations.PropertyBinder       : MetadataSourceProcessor property createdDate with lazy=false
2019-12-07 13:56:32.790 DEBUG 15190 --- [    Test worker] o.hibernate.cfg.AbstractPropertyHolder   : Attempting to locate auto-apply AttributeConverter for property [kr.gracelove.jojoldu.springboot.domain.posts.Posts:createdDate]
2019-12-07 13:56:32.790 DEBUG 15190 --- [    Test worker] o.h.cfg.annotations.SimpleValueBinder    : building SimpleValue for createdDate
2019-12-07 13:56:32.790 DEBUG 15190 --- [    Test worker] o.h.cfg.annotations.PropertyBinder       : Building property createdDate
2019-12-07 13:56:32.790 DEBUG 15190 --- [    Test worker] org.hibernate.cfg.Ejb3Column             : Binding column: Ejb3Column{table=org.hibernate.mapping.Table(posts), mappingColumn=modified_date, insertable=true, updatable=true, unique=false}
2019-12-07 13:56:32.790 DEBUG 15190 --- [    Test worker] o.h.cfg.annotations.PropertyBinder       : MetadataSourceProcessor property modifiedDate with lazy=false
2019-12-07 13:56:32.790 DEBUG 15190 --- [    Test worker] o.hibernate.cfg.AbstractPropertyHolder   : Attempting to locate auto-apply AttributeConverter for property [kr.gracelove.jojoldu.springboot.domain.posts.Posts:modifiedDate]
2019-12-07 13:56:32.790 DEBUG 15190 --- [    Test worker] o.h.cfg.annotations.SimpleValueBinder    : building SimpleValue for modifiedDate
2019-12-07 13:56:32.790 DEBUG 15190 --- [    Test worker] o.h.cfg.annotations.PropertyBinder       : Building property modifiedDate
2019-12-07 13:56:32.790 DEBUG 15190 --- [    Test worker] org.hibernate.cfg.Ejb3Column             : Binding column: Ejb3Column{table=org.hibernate.mapping.Table(posts), mappingColumn=author, insertable=true, updatable=true, unique=false}
2019-12-07 13:56:32.790 DEBUG 15190 --- [    Test worker] o.h.cfg.annotations.PropertyBinder       : MetadataSourceProcessor property author with lazy=false
2019-12-07 13:56:32.790 DEBUG 15190 --- [    Test worker] o.hibernate.cfg.AbstractPropertyHolder   : Attempting to locate auto-apply AttributeConverter for property [kr.gracelove.jojoldu.springboot.domain.posts.Posts:author]
2019-12-07 13:56:32.790 DEBUG 15190 --- [    Test worker] o.h.cfg.annotations.SimpleValueBinder    : building SimpleValue for author
2019-12-07 13:56:32.790 DEBUG 15190 --- [    Test worker] o.h.cfg.annotations.PropertyBinder       : Building property author
2019-12-07 13:56:32.790 DEBUG 15190 --- [    Test worker] org.hibernate.cfg.Ejb3Column             : Binding column: Ejb3Column{table=org.hibernate.mapping.Table(posts), mappingColumn=content, insertable=true, updatable=true, unique=false}
2019-12-07 13:56:32.790 DEBUG 15190 --- [    Test worker] o.h.cfg.annotations.PropertyBinder       : MetadataSourceProcessor property content with lazy=false
2019-12-07 13:56:32.790 DEBUG 15190 --- [    Test worker] o.hibernate.cfg.AbstractPropertyHolder   : Attempting to locate auto-apply AttributeConverter for property [kr.gracelove.jojoldu.springboot.domain.posts.Posts:content]
2019-12-07 13:56:32.790 DEBUG 15190 --- [    Test worker] o.h.cfg.annotations.SimpleValueBinder    : building SimpleValue for content
2019-12-07 13:56:32.790 DEBUG 15190 --- [    Test worker] o.h.cfg.annotations.PropertyBinder       : Building property content
2019-12-07 13:56:32.791 DEBUG 15190 --- [    Test worker] org.hibernate.cfg.Ejb3Column             : Binding column: Ejb3Column{table=org.hibernate.mapping.Table(posts), mappingColumn=title, insertable=true, updatable=true, unique=false}
2019-12-07 13:56:32.791 DEBUG 15190 --- [    Test worker] o.h.cfg.annotations.PropertyBinder       : MetadataSourceProcessor property title with lazy=false
2019-12-07 13:56:32.791 DEBUG 15190 --- [    Test worker] o.hibernate.cfg.AbstractPropertyHolder   : Attempting to locate auto-apply AttributeConverter for property [kr.gracelove.jojoldu.springboot.domain.posts.Posts:title]
2019-12-07 13:56:32.791 DEBUG 15190 --- [    Test worker] o.h.cfg.annotations.SimpleValueBinder    : building SimpleValue for title
2019-12-07 13:56:32.791 DEBUG 15190 --- [    Test worker] o.h.cfg.annotations.PropertyBinder       : Building property title
2019-12-07 13:56:32.791 DEBUG 15190 --- [    Test worker] org.hibernate.cfg.AnnotationBinder       : Binding entity from annotated class: kr.gracelove.jojoldu.springboot.domain.user.User
2019-12-07 13:56:32.791 DEBUG 15190 --- [    Test worker] org.hibernate.cfg.Ejb3Column             : Binding column: Ejb3DiscriminatorColumn{logicalColumnName'DTYPE', discriminatorTypeName='string'}
2019-12-07 13:56:32.791 DEBUG 15190 --- [    Test worker] o.h.cfg.annotations.EntityBinder         : Import with entity name User
2019-12-07 13:56:32.791 DEBUG 15190 --- [    Test worker] o.h.cfg.annotations.EntityBinder         : Bind entity kr.gracelove.jojoldu.springboot.domain.user.User on table user
2019-12-07 13:56:32.792 DEBUG 15190 --- [    Test worker] org.hibernate.cfg.Ejb3Column             : Binding column: Ejb3Column{table=org.hibernate.mapping.Table(user), mappingColumn=id, insertable=true, updatable=true, unique=false}
2019-12-07 13:56:32.792 DEBUG 15190 --- [    Test worker] o.h.cfg.annotations.PropertyBinder       : MetadataSourceProcessor property id with lazy=false
2019-12-07 13:56:32.792 DEBUG 15190 --- [    Test worker] o.hibernate.cfg.AbstractPropertyHolder   : Attempting to locate auto-apply AttributeConverter for property [kr.gracelove.jojoldu.springboot.domain.user.User:id]
2019-12-07 13:56:32.792 DEBUG 15190 --- [    Test worker] o.h.cfg.annotations.SimpleValueBinder    : building SimpleValue for id
2019-12-07 13:56:32.792 DEBUG 15190 --- [    Test worker] o.h.cfg.annotations.PropertyBinder       : Building property id
2019-12-07 13:56:32.792 DEBUG 15190 --- [    Test worker] org.hibernate.cfg.BinderHelper           : #makeIdGenerator(org.hibernate.mapping.SimpleValue([org.hibernate.mapping.Column(id)]), id, identity, , ...)
2019-12-07 13:56:32.793 DEBUG 15190 --- [    Test worker] org.hibernate.cfg.Ejb3Column             : Binding column: Ejb3Column{table=org.hibernate.mapping.Table(user), mappingColumn=created_date, insertable=true, updatable=true, unique=false}
2019-12-07 13:56:32.793 DEBUG 15190 --- [    Test worker] o.h.cfg.annotations.PropertyBinder       : MetadataSourceProcessor property createdDate with lazy=false
2019-12-07 13:56:32.793 DEBUG 15190 --- [    Test worker] o.hibernate.cfg.AbstractPropertyHolder   : Attempting to locate auto-apply AttributeConverter for property [kr.gracelove.jojoldu.springboot.domain.user.User:createdDate]
2019-12-07 13:56:32.793 DEBUG 15190 --- [    Test worker] o.h.cfg.annotations.SimpleValueBinder    : building SimpleValue for createdDate
2019-12-07 13:56:32.793 DEBUG 15190 --- [    Test worker] o.h.cfg.annotations.PropertyBinder       : Building property createdDate
2019-12-07 13:56:32.793 DEBUG 15190 --- [    Test worker] org.hibernate.cfg.Ejb3Column             : Binding column: Ejb3Column{table=org.hibernate.mapping.Table(user), mappingColumn=modified_date, insertable=true, updatable=true, unique=false}
2019-12-07 13:56:32.793 DEBUG 15190 --- [    Test worker] o.h.cfg.annotations.PropertyBinder       : MetadataSourceProcessor property modifiedDate with lazy=false
2019-12-07 13:56:32.793 DEBUG 15190 --- [    Test worker] o.hibernate.cfg.AbstractPropertyHolder   : Attempting to locate auto-apply AttributeConverter for property [kr.gracelove.jojoldu.springboot.domain.user.User:modifiedDate]
2019-12-07 13:56:32.793 DEBUG 15190 --- [    Test worker] o.h.cfg.annotations.SimpleValueBinder    : building SimpleValue for modifiedDate
2019-12-07 13:56:32.793 DEBUG 15190 --- [    Test worker] o.h.cfg.annotations.PropertyBinder       : Building property modifiedDate
2019-12-07 13:56:32.793 DEBUG 15190 --- [    Test worker] org.hibernate.cfg.Ejb3Column             : Binding column: Ejb3Column{table=org.hibernate.mapping.Table(user), mappingColumn=email, insertable=true, updatable=true, unique=false}
2019-12-07 13:56:32.793 DEBUG 15190 --- [    Test worker] o.h.cfg.annotations.PropertyBinder       : MetadataSourceProcessor property email with lazy=false
2019-12-07 13:56:32.793 DEBUG 15190 --- [    Test worker] o.hibernate.cfg.AbstractPropertyHolder   : Attempting to locate auto-apply AttributeConverter for property [kr.gracelove.jojoldu.springboot.domain.user.User:email]
2019-12-07 13:56:32.793 DEBUG 15190 --- [    Test worker] o.h.cfg.annotations.SimpleValueBinder    : building SimpleValue for email
2019-12-07 13:56:32.794 DEBUG 15190 --- [    Test worker] o.h.cfg.annotations.PropertyBinder       : Building property email
2019-12-07 13:56:32.794 DEBUG 15190 --- [    Test worker] org.hibernate.cfg.Ejb3Column             : Binding column: Ejb3Column{table=org.hibernate.mapping.Table(user), mappingColumn=name, insertable=true, updatable=true, unique=false}
2019-12-07 13:56:32.794 DEBUG 15190 --- [    Test worker] o.h.cfg.annotations.PropertyBinder       : MetadataSourceProcessor property name with lazy=false
2019-12-07 13:56:32.794 DEBUG 15190 --- [    Test worker] o.hibernate.cfg.AbstractPropertyHolder   : Attempting to locate auto-apply AttributeConverter for property [kr.gracelove.jojoldu.springboot.domain.user.User:name]
2019-12-07 13:56:32.794 DEBUG 15190 --- [    Test worker] o.h.cfg.annotations.SimpleValueBinder    : building SimpleValue for name
2019-12-07 13:56:32.794 DEBUG 15190 --- [    Test worker] o.h.cfg.annotations.PropertyBinder       : Building property name
2019-12-07 13:56:32.794 DEBUG 15190 --- [    Test worker] org.hibernate.cfg.Ejb3Column             : Binding column: Ejb3Column{table=org.hibernate.mapping.Table(user), mappingColumn=picture, insertable=true, updatable=true, unique=false}
2019-12-07 13:56:32.794 DEBUG 15190 --- [    Test worker] o.h.cfg.annotations.PropertyBinder       : MetadataSourceProcessor property picture with lazy=false
2019-12-07 13:56:32.794 DEBUG 15190 --- [    Test worker] o.hibernate.cfg.AbstractPropertyHolder   : Attempting to locate auto-apply AttributeConverter for property [kr.gracelove.jojoldu.springboot.domain.user.User:picture]
2019-12-07 13:56:32.794 DEBUG 15190 --- [    Test worker] o.h.cfg.annotations.SimpleValueBinder    : building SimpleValue for picture
2019-12-07 13:56:32.794 DEBUG 15190 --- [    Test worker] o.h.cfg.annotations.PropertyBinder       : Building property picture
2019-12-07 13:56:32.794 DEBUG 15190 --- [    Test worker] org.hibernate.cfg.Ejb3Column             : Binding column: Ejb3Column{table=org.hibernate.mapping.Table(user), mappingColumn=role, insertable=true, updatable=true, unique=false}
2019-12-07 13:56:32.794 DEBUG 15190 --- [    Test worker] o.h.cfg.annotations.PropertyBinder       : MetadataSourceProcessor property role with lazy=false
2019-12-07 13:56:32.795 DEBUG 15190 --- [    Test worker] o.hibernate.cfg.AbstractPropertyHolder   : Attempting to locate auto-apply AttributeConverter for property [kr.gracelove.jojoldu.springboot.domain.user.User:role]
2019-12-07 13:56:32.795 DEBUG 15190 --- [    Test worker] o.h.cfg.annotations.SimpleValueBinder    : building SimpleValue for role
2019-12-07 13:56:32.795 DEBUG 15190 --- [    Test worker] o.h.cfg.annotations.PropertyBinder       : Building property role
2019-12-07 13:56:32.795 DEBUG 15190 --- [    Test worker] o.h.cfg.annotations.SimpleValueBinder    : Starting fillSimpleValue for id
2019-12-07 13:56:32.795 DEBUG 15190 --- [    Test worker] o.h.cfg.annotations.SimpleValueBinder    : Starting fillSimpleValue for createdDate
2019-12-07 13:56:32.795 DEBUG 15190 --- [    Test worker] o.h.cfg.annotations.SimpleValueBinder    : Starting fillSimpleValue for modifiedDate
2019-12-07 13:56:32.795 DEBUG 15190 --- [    Test worker] o.h.cfg.annotations.SimpleValueBinder    : Starting fillSimpleValue for author
2019-12-07 13:56:32.795 DEBUG 15190 --- [    Test worker] o.h.cfg.annotations.SimpleValueBinder    : Starting fillSimpleValue for content
2019-12-07 13:56:32.795 DEBUG 15190 --- [    Test worker] o.h.cfg.annotations.SimpleValueBinder    : Starting fillSimpleValue for title
2019-12-07 13:56:32.795 DEBUG 15190 --- [    Test worker] o.h.cfg.annotations.SimpleValueBinder    : Starting fillSimpleValue for id
2019-12-07 13:56:32.795 DEBUG 15190 --- [    Test worker] o.h.cfg.annotations.SimpleValueBinder    : Starting fillSimpleValue for createdDate
2019-12-07 13:56:32.795 DEBUG 15190 --- [    Test worker] o.h.cfg.annotations.SimpleValueBinder    : Starting fillSimpleValue for modifiedDate
2019-12-07 13:56:32.795 DEBUG 15190 --- [    Test worker] o.h.cfg.annotations.SimpleValueBinder    : Starting fillSimpleValue for email
2019-12-07 13:56:32.795 DEBUG 15190 --- [    Test worker] o.h.cfg.annotations.SimpleValueBinder    : Starting fillSimpleValue for name
2019-12-07 13:56:32.795 DEBUG 15190 --- [    Test worker] o.h.cfg.annotations.SimpleValueBinder    : Starting fillSimpleValue for picture
2019-12-07 13:56:32.795 DEBUG 15190 --- [    Test worker] o.h.cfg.annotations.SimpleValueBinder    : Starting fillSimpleValue for role
2019-12-07 13:56:32.796 DEBUG 15190 --- [    Test worker] org.hibernate.mapping.PrimaryKey         : Forcing column [id] to be non-null as it is part of the primary key for table [posts]
2019-12-07 13:56:32.796 DEBUG 15190 --- [    Test worker] org.hibernate.mapping.PrimaryKey         : Forcing column [id] to be non-null as it is part of the primary key for table [user]
2019-12-07 13:56:32.797 DEBUG 15190 --- [    Test worker] org.hibernate.type.EnumType              : Using NAMED-based conversion for Enum kr.gracelove.jojoldu.springboot.domain.user.Role
2019-12-07 13:56:32.797 DEBUG 15190 --- [    Test worker] o.hibernate.internal.SessionFactoryImpl  : Building session factory
2019-12-07 13:56:32.797 DEBUG 15190 --- [    Test worker] org.hibernate.cfg.Settings               : SessionFactory name : null
2019-12-07 13:56:32.797 DEBUG 15190 --- [    Test worker] org.hibernate.cfg.Settings               : Automatic flush during beforeCompletion(): enabled
2019-12-07 13:56:32.797 DEBUG 15190 --- [    Test worker] org.hibernate.cfg.Settings               : Automatic session close at end of transaction: disabled
2019-12-07 13:56:32.797 DEBUG 15190 --- [    Test worker] org.hibernate.cfg.Settings               : Statistics: disabled
2019-12-07 13:56:32.797 DEBUG 15190 --- [    Test worker] org.hibernate.cfg.Settings               : Deleted entity synthetic identifier rollback: disabled
2019-12-07 13:56:32.797 DEBUG 15190 --- [    Test worker] org.hibernate.cfg.Settings               : Default entity-mode: pojo
2019-12-07 13:56:32.797 DEBUG 15190 --- [    Test worker] org.hibernate.cfg.Settings               : Check Nullability in Core (should be disabled when Bean Validation is on): enabled
2019-12-07 13:56:32.797 DEBUG 15190 --- [    Test worker] org.hibernate.cfg.Settings               : Allow initialization of lazy state outside session : disabled
2019-12-07 13:56:32.797 DEBUG 15190 --- [    Test worker] org.hibernate.cfg.Settings               : Using BatchFetchStyle : LEGACY
2019-12-07 13:56:32.797 DEBUG 15190 --- [    Test worker] org.hibernate.cfg.Settings               : Default batch fetch size: -1
2019-12-07 13:56:32.798 DEBUG 15190 --- [    Test worker] org.hibernate.cfg.Settings               : Maximum outer join fetch depth: null
2019-12-07 13:56:32.798 DEBUG 15190 --- [    Test worker] org.hibernate.cfg.Settings               : Default null ordering: NONE
2019-12-07 13:56:32.798 DEBUG 15190 --- [    Test worker] org.hibernate.cfg.Settings               : Order SQL updates by primary key: disabled
2019-12-07 13:56:32.798 DEBUG 15190 --- [    Test worker] org.hibernate.cfg.Settings               : Order SQL inserts for batching: disabled
2019-12-07 13:56:32.798 DEBUG 15190 --- [    Test worker] org.hibernate.cfg.Settings               : multi-tenancy strategy : NONE
2019-12-07 13:56:32.798 DEBUG 15190 --- [    Test worker] org.hibernate.cfg.Settings               : JTA Track by Thread: enabled
2019-12-07 13:56:32.798 DEBUG 15190 --- [    Test worker] org.hibernate.cfg.Settings               : Query language substitutions: {}
2019-12-07 13:56:32.798 DEBUG 15190 --- [    Test worker] org.hibernate.cfg.Settings               : Named query checking : enabled
2019-12-07 13:56:32.798 DEBUG 15190 --- [    Test worker] org.hibernate.cfg.Settings               : Second-level cache: disabled
2019-12-07 13:56:32.798 DEBUG 15190 --- [    Test worker] org.hibernate.cfg.Settings               : Second-level query cache: disabled
2019-12-07 13:56:32.798 DEBUG 15190 --- [    Test worker] org.hibernate.cfg.Settings               : Second-level query cache factory: null
2019-12-07 13:56:32.798 DEBUG 15190 --- [    Test worker] org.hibernate.cfg.Settings               : Second-level cache region prefix: null
2019-12-07 13:56:32.798 DEBUG 15190 --- [    Test worker] org.hibernate.cfg.Settings               : Optimize second-level cache for minimal puts: disabled
2019-12-07 13:56:32.798 DEBUG 15190 --- [    Test worker] org.hibernate.cfg.Settings               : Structured second-level cache entries: disabled
2019-12-07 13:56:32.798 DEBUG 15190 --- [    Test worker] org.hibernate.cfg.Settings               : Second-level cache direct-reference entries: disabled
2019-12-07 13:56:32.798 DEBUG 15190 --- [    Test worker] org.hibernate.cfg.Settings               : Automatic eviction of collection cache: disabled
2019-12-07 13:56:32.798 DEBUG 15190 --- [    Test worker] org.hibernate.cfg.Settings               : JDBC batch size: 15
2019-12-07 13:56:32.798 DEBUG 15190 --- [    Test worker] org.hibernate.cfg.Settings               : JDBC batch updates for versioned data: enabled
2019-12-07 13:56:32.798 DEBUG 15190 --- [    Test worker] org.hibernate.cfg.Settings               : Scrollable result sets: enabled
2019-12-07 13:56:32.798 DEBUG 15190 --- [    Test worker] org.hibernate.cfg.Settings               : Wrap result sets: disabled
2019-12-07 13:56:32.798 DEBUG 15190 --- [    Test worker] org.hibernate.cfg.Settings               : JDBC3 getGeneratedKeys(): enabled
2019-12-07 13:56:32.798 DEBUG 15190 --- [    Test worker] org.hibernate.cfg.Settings               : JDBC result set fetch size: null
2019-12-07 13:56:32.798 DEBUG 15190 --- [    Test worker] org.hibernate.cfg.Settings               : Connection release mode: ON_CLOSE
2019-12-07 13:56:32.798 DEBUG 15190 --- [    Test worker] org.hibernate.cfg.Settings               : Generate SQL with comments: disabled
2019-12-07 13:56:32.798 DEBUG 15190 --- [    Test worker] org.hibernate.cfg.Settings               : JPA compliance - query : 
2019-12-07 13:56:32.798 DEBUG 15190 --- [    Test worker] org.hibernate.cfg.Settings               : JPA compliance - closed-handling : 
2019-12-07 13:56:32.798 DEBUG 15190 --- [    Test worker] org.hibernate.cfg.Settings               : JPA compliance - lists : 
2019-12-07 13:56:32.798 DEBUG 15190 --- [    Test worker] org.hibernate.cfg.Settings               : JPA compliance - transactions : 
2019-12-07 13:56:32.805 DEBUG 15190 --- [    Test worker] o.h.j.e.i.CallbackBuilderLegacyImpl      : Adding touchForUpdate as PreUpdate callback for entity kr.gracelove.jojoldu.springboot.domain.user.User
2019-12-07 13:56:32.805 DEBUG 15190 --- [    Test worker] o.h.j.e.i.CallbackBuilderLegacyImpl      : Adding touchForCreate as PrePersist callback for entity kr.gracelove.jojoldu.springboot.domain.user.User
2019-12-07 13:56:32.806 DEBUG 15190 --- [    Test worker] org.hibernate.type.EnumType              : Using NAMED-based conversion for Enum kr.gracelove.jojoldu.springboot.domain.user.Role
2019-12-07 13:56:32.806 DEBUG 15190 --- [    Test worker] o.h.j.e.i.CallbackBuilderLegacyImpl      : Adding touchForUpdate as PreUpdate callback for entity kr.gracelove.jojoldu.springboot.domain.posts.Posts
2019-12-07 13:56:32.806 DEBUG 15190 --- [    Test worker] o.h.j.e.i.CallbackBuilderLegacyImpl      : Adding touchForCreate as PrePersist callback for entity kr.gracelove.jojoldu.springboot.domain.posts.Posts
2019-12-07 13:56:32.807 DEBUG 15190 --- [    Test worker] o.hibernate.internal.SessionFactoryImpl  : Session factory constructed with filter configurations : {}
2019-12-07 13:56:32.807 DEBUG 15190 --- [    Test worker] o.hibernate.internal.SessionFactoryImpl  : Instantiating session factory with properties: {gopherProxySet=false, awt.toolkit=sun.lwawt.macosx.LWCToolkit, hibernate.id.new_generator_mappings=true, java.specification.version=11, sun.cpu.isalist=, hibernate.resource.beans.container=org.springframework.orm.hibernate5.SpringBeanContainer@21aa982b, hibernate.connection.handling_mode=DELAYED_ACQUISITION_AND_HOLD, sun.jnu.encoding=UTF-8, hibernate.dialect=org.hibernate.dialect.H2Dialect, org.gradle.test.worker=1, hibernate.implicit_naming_strategy=org.springframework.boot.orm.jpa.hibernate.SpringImplicitNamingStrategy, java.class.path=/Users/govlmo91/.gradle/caches/4.10.2/workerMain/gradle-worker.jar:/Users/govlmo91/IdeaProjects/jojoldubook/build/classes/java/test:/Users/govlmo91/IdeaProjects/jojoldubook/build/resources/test:/Users/govlmo91/IdeaProjects/jojoldubook/build/classes/java/main:/Users/govlmo91/IdeaProjects/jojoldubook/build/resources/main:/Users/govlmo91/.gradle/caches/modules-2/files-2.1/org.springframework.boot/spring-boot-starter-mustache/2.1.7.RELEASE/c52b1725d81a61eac91af3196a65c17adef75357/spring-boot-starter-mustache-2.1.7.RELEASE.jar:/Users/govlmo91/.gradle/caches/modules-2/files-2.1/org.projectlombok/lombok/1.18.8/448003bc1b234aac04b58e27d7755c12c3ec4236/lombok-1.18.8.jar:/Users/govlmo91/.gradle/caches/modules-2/files-2.1/org.springframework.boot/spring-boot-starter-web/2.1.7.RELEASE/fa43baf40bde3ecdb93ac9c545dd39f82ab29c35/spring-boot-starter-web-2.1.7.RELEASE.jar:/Users/govlmo91/.gradle/caches/modules-2/files-2.1/org.springframework.boot/spring-boot-starter-data-jpa/2.1.7.RELEASE/5e4a5d5442f32f5e12b36674a620ec57b0b66c6e/spring-boot-starter-data-jpa-2.1.7.RELEASE.jar:/Users/govlmo91/.gradle/caches/modules-2/files-2.1/org.springframework.boot/spring-boot-starter-oauth2-client/2.1.7.RELEASE/aeaf63334bed877edd0b3ee999159532aad676fe/spring-boot-starter-oauth2-client-2.1.7.RELEASE.jar:/Users/govlmo91/.gradle/caches/modules-2/files-2.1/com.h2database/h2/1.4.199/7bf08152984ed8859740ae3f97fae6c72771ae45/h2-1.4.199.jar:/Users/govlmo91/.gradle/caches/modules-2/files-2.1/org.springframework.session/spring-session-jdbc/2.1.8.RELEASE/3dfd472ad79246046db57a068bf7cd3e986c8ef9/spring-session-jdbc-2.1.8.RELEASE.jar:/Users/govlmo91/.gradle/caches/modules-2/files-2.1/org.springframework.boot/spring-boot-starter-test/2.1.7.RELEASE/39e82379a28c217ab892eb00ef601dc0571f56a4/spring-boot-starter-test-2.1.7.RELEASE.jar:/Users/govlmo91/.gradle/caches/modules-2/files-2.1/org.springframework.boot/spring-boot-starter-json/2.1.7.RELEASE/9c12f046a7c4ae110d89163a491ad0d7cf036e79/spring-boot-starter-json-2.1.7.RELEASE.jar:/Users/govlmo91/.gradle/caches/modules-2/files-2.1/org.springframework.boot/spring-boot-starter-aop/2.1.7.RELEASE/4577d056af1f823bb7730c99f43c3268dd697310/spring-boot-starter-aop-2.1.7.RELEASE.jar:/Users/govlmo91/.gradle/caches/modules-2/files-2.1/org.springframework.boot/spring-boot-starter-jdbc/2.1.7.RELEASE/3ea97a134b44a886ff529215e7bec04bfd93fa5b/spring-boot-starter-jdbc-2.1.7.RELEASE.jar:/Users/govlmo91/.gradle/caches/modules-2/files-2.1/org.springframework.boot/spring-boot-starter/2.1.7.RELEASE/e23f4e9460e0e2220b444e40fc7fd6e95f66e0fe/spring-boot-starter-2.1.7.RELEASE.jar:/Users/govlmo91/.gradle/caches/modules-2/files-2.1/com.samskivert/jmustache/1.14/495441daa241e5f48d555597fffa2b1dfc8c60d1/jmustache-1.14.jar:/Users/govlmo91/.gradle/caches/modules-2/files-2.1/org.springframework.boot/spring-boot-starter-tomcat/2.1.7.RELEASE/11f2a86aefefba72a4efe5ff18f4165a4b4e78b/spring-boot-starter-tomcat-2.1.7.RELEASE.jar:/Users/govlmo91/.gradle/caches/modules-2/files-2.1/org.hibernate.validator/hibernate-validator/6.0.17.Final/af73055fc4a103ab347c56e7da5a143d68a0170/hibernate-validator-6.0.17.Final.jar:/Users/govlmo91/.gradle/caches/modules-2/files-2.1/org.springframework/spring-webmvc/5.1.9.RELEASE/b9d4a2140488f0e6f9aa231e7938ae18da77b637/spring-webmvc-5.1.9.RELEASE.jar:/Users/govlmo91/.gradle/caches/modules-2/files-2.1/org.springframework.security/spring-security-oauth2-client/5.1.6.RELEASE/8a77b659f7f6616ca5970796c04106595819f4eb/spring-security-oauth2-client-5.1.6.RELEASE.jar:/Users/govlmo91/.gradle/caches/modules-2/files-2.1/org.springframework.security/spring-security-oauth2-jose/5.1.6.RELEASE/78f947f9b1ee235f7efbb697e15acd05e16d009a/spring-security-oauth2-jose-5.1.6.RELEASE.jar:/Users/govlmo91/.gradle/caches/modules-2/files-2.1/org.springframework.security/spring-security-oauth2-core/5.1.6.RELEASE/f3b2623760154aac86d32427696842c7c3d85326/spring-security-oauth2-core-5.1.6.RELEASE.jar:/Users/govlmo91/.gradle/caches/modules-2/files-2.1/org.springframework.security/spring-security-web/5.1.6.RELEASE/e3b159e84467cccddce815d30a9ccdc8d8b843c9/spring-security-web-5.1.6.RELEASE.jar:/Users/govlmo91/.gradle/caches/modules-2/files-2.1/org.springframework/spring-web/5.1.9.RELEASE/9fe4390420fdd0b63dc4ed90d9027dafa9f74f80/spring-web-5.1.9.RELEASE.jar:/Users/govlmo91/.gradle/caches/modules-2/files-2.1/javax.transaction/javax.transaction-api/1.3/e006adf5cf3cca2181d16bd640ecb80148ec0fce/javax.transaction-api-1.3.jar:/Users/govlmo91/.gradle/caches/modules-2/files-2.1/javax.xml.bind/jaxb-api/2.3.1/8531ad5ac454cc2deb9d4d32c40c4d7451939b5d/jaxb-api-2.3.1.jar:/Users/govlmo91/.gradle/caches/modules-2/files-2.1/org.hibernate/hibernate-core/5.3.10.Final/e608b854325005edbf43cb2b6041fdafd3f2eb57/hibernate-core-5.3.10.Final.jar:/Users/govlmo91/.gradle/caches/modules-2/files-2.1/org.springframework.data/spring-data-jpa/2.1.10.RELEASE/12639406aa28c3a5195a1a4c9077fe562f54bc31/spring-data-jpa-2.1.10.RELEASE.jar:/Users/govlmo91/.gradle/caches/modules-2/files-2.1/org.springframework/spring-aspects/5.1.9.RELEASE/a8aec853c345ed54a99627cee9f755ce7dbb734/spring-aspects-5.1.9.RELEASE.jar:/Users/govlmo91/.gradle/caches/modules-2/files-2.1/org.springframework.security/spring-security-config/5.1.6.RELEASE/11b96e5836074db01920e5452996b2ad2cd3d772/spring-security-config-5.1.6.RELEASE.jar:/Users/govlmo91/.gradle/caches/modules-2/files-2.1/org.springframework.security/spring-security-core/5.1.6.RELEASE/86af52bc544976358b66b4617d6edd81824940bd/spring-security-core-5.1.6.RELEASE.jar:/Users/govlmo91/.gradle/caches/modules-2/files-2.1/org.springframework.session/spring-session-core/2.1.8.RELEASE/2fe4df49293b18373c1050649192ff444be65f6/spring-session-core-2.1.8.RELEASE.jar:/Users/govlmo91/.gradle/caches/modules-2/files-2.1/org.springframework.boot/spring-boot-test-autoconfigure/2.1.7.RELEASE/8c9847259e14419d2bcc4eed26bcf48dc56686ef/spring-boot-test-autoconfigure-2.1.7.RELEASE.jar:/Users/govlmo91/.gradle/caches/modules-2/files-2.1/org.springframework.boot/spring-boot-test/2.1.7.RELEASE/70ed88830a08e8baa0b562090168fdba0e92810/spring-boot-test-2.1.7.RELEASE.jar:/Users/govlmo91/.gradle/caches/modules-2/files-2.1/org.springframework.boot/spring-boot-autoconfigure/2.1.7.RELEASE/2c9d3e2c6ea3cb435e99e2973009636b62a9d816/spring-boot-autoconfigure-2.1.7.RELEASE.jar:/Users/govlmo91/.gradle/caches/modules-2/files-2.1/org.springframework.boot/spring-boot/2.1.7.RELEASE/1599a2ad1fc6d36dbfc2a7c0dd5dab3a0bb27c61/spring-boot-2.1.7.RELEASE.jar:/Users/govlmo91/.gradle/caches/modules-2/files-2.1/org.springframework/spring-context/5.1.9.RELEASE/c37f8fe15a5ae4ea1f351bd46167fd492a84eefa/spring-context-5.1.9.RELEASE.jar:/Users/govlmo91/.gradle/caches/modules-2/files-2.1/org.springframework/spring-orm/5.1.9.RELEASE/220169d217f7114706141fc0afba425a5b368dce/spring-orm-5.1.9.RELEASE.jar:/Users/govlmo91/.gradle/caches/modules-2/files-2.1/org.springframework/spring-jdbc/5.1.9.RELEASE/3fd70356ba8d7c00c4081c1a207766352624414e/spring-jdbc-5.1.9.RELEASE.jar:/Users/govlmo91/.gradle/caches/modules-2/files-2.1/com.jayway.jsonpath/json-path/2.4.0/765a4401ceb2dc8d40553c2075eb80a8fa35c2ae/json-path-2.4.0.jar:/Users/govlmo91/.gradle/caches/modules-2/files-2.1/junit/junit/4.12/2973d150c0dc1fefe998f834810d68f278ea58ec/junit-4.12.jar:/Users/govlmo91/.gradle/caches/modules-2/files-2.1/org.assertj/assertj-core/3.11.1/fdac3217b804d6900fa3650f17b5cb48e620b140/assertj-core-3.11.1.jar:/Users/govlmo91/.gradle/caches/modules-2/files-2.1/org.mockito/mockito-core/2.23.4/a35b6f8ffcfa786771eac7d7d903429e790fdf3f/mockito-core-2.23.4.jar:/Users/govlmo91/.gradle/caches/modules-2/files-2.1/org.hamcrest/hamcrest-library/1.3/4785a3c21320980282f9f33d0d1264a69040538f/hamcrest-library-1.3.jar:/Users/govlmo91/.gradle/caches/modules-2/files-2.1/org.hamcrest/hamcrest-core/1.3/42a25dc3219429f0e5d060061f71acb49bf010a0/hamcrest-core-1.3.jar:/Users/govlmo91/.gradle/caches/modules-2/files-2.1/org.skyscreamer/jsonassert/1.5.0/6c9d5fe2f59da598d9aefc1cfc6528ff3cf32df3/jsonassert-1.5.0.jar:/Users/govlmo91/.gradle/caches/modules-2/files-2.1/org.springframework/spring-test/5.1.9.RELEASE/653fa9de816677b3318e7058af54e7ee56866b09/spring-test-5.1.9.RELEASE.jar:/Users/govlmo91/.gradle/caches/modules-2/files-2.1/org.springframework.data/spring-data-commons/2.1.10.RELEASE/c73a76070181b59b19df6893e1ca729263a69b47/spring-data-commons-2.1.10.RELEASE.jar:/Users/govlmo91/.gradle/caches/modules-2/files-2.1/org.springframework/spring-tx/5.1.9.RELEASE/a9125e2c8eeb193030f3972c6293616943c55ef2/spring-tx-5.1.9.RELEASE.jar:/Users/govlmo91/.gradle/caches/modules-2/files-2.1/org.springframework/spring-aop/5.1.9.RELEASE/bc2312ffad02251b9d472e4a7c0e472a58f50fbf/spring-aop-5.1.9.RELEASE.jar:/Users/govlmo91/.gradle/caches/modules-2/files-2.1/org.springframework/spring-beans/5.1.9.RELEASE/5a03b3983108d73978aec2fa3e681aedad6782c/spring-beans-5.1.9.RELEASE.jar:/Users/govlmo91/.gradle/caches/modules-2/files-2.1/org.springframework/spring-expression/5.1.9.RELEASE/db3a2468c1b7d697ec3b3ec6e5652dc282994fe3/spring-expression-5.1.9.RELEASE.jar:/Users/govlmo91/.gradle/caches/modules-2/files-2.1/org.springframework/spring-core/5.1.9.RELEASE/dc3815439579b4fa0c19970e6b8e5d774af8d988/spring-core-5.1.9.RELEASE.jar:/Users/govlmo91/.gradle/caches/modules-2/files-2.1/org.xmlunit/xmlunit-core/2.6.3/cdb208320aed4a7b94fb236cfbf91aeb6d0ede14/xmlunit-core-2.6.3.jar:/Users/govlmo91/.gradle/caches/modules-2/files-2.1/org.springframework.boot/spring-boot-starter-logging/2.1.7.RELEASE/6e829f739992a7f368c0af44a08ed89ad2a1972f/spring-boot-starter-logging-2.1.7.RELEASE.jar:/Users/govlmo91/.gradle/caches/modules-2/files-2.1/javax.annotation/javax.annotation-api/1.3.2/934c04d3cfef185a8008e7bf34331b79730a9d43/javax.annotation-api-1.3.2.jar:/Users/govlmo91/.gradle/caches/modules-2/files-2.1/org.yaml/snakeyaml/1.23/ec62d74fe50689c28c0ff5b35d3aebcaa8b5be68/snakeyaml-1.23.jar:/Users/govlmo91/.gradle/caches/modules-2/files-2.1/com.fasterxml.jackson.datatype/jackson-datatype-jdk8/2.9.9/4b04126963103216c9c43b0f34bbc36315654204/jackson-datatype-jdk8-2.9.9.jar:/Users/govlmo91/.gradle/caches/modules-2/files-2.1/com.fasterxml.jackson.datatype/jackson-datatype-jsr310/2.9.9/a33df137557793b0404a486888dbe049f7abeeeb/jackson-datatype-jsr310-2.9.9.jar:/Users/govlmo91/.gradle/caches/modules-2/files-2.1/com.fasterxml.jackson.module/jackson-module-parameter-names/2.9.9/a92facb55a2538e7b2fe14294570a18b823ad431/jackson-module-parameter-names-2.9.9.jar:/Users/govlmo91/.gradle/caches/modules-2/files-2.1/com.fasterxml.jackson.core/jackson-databind/2.9.9/d6eb9817d9c7289a91f043ac5ee02a6b3cc86238/jackson-databind-2.9.9.jar:/Users/govlmo91/.gradle/caches/modules-2/files-2.1/org.apache.tomcat.embed/tomcat-embed-websocket/9.0.22/45974d3443cc15ad9d10239d762d5e15759e6364/tomcat-embed-websocket-9.0.22.jar:/Users/govlmo91/.gradle/caches/modules-2/files-2.1/org.apache.tomcat.embed/tomcat-embed-core/9.0.22/79f39903498b28adacb18fe2ea046edd306295a6/tomcat-embed-core-9.0.22.jar:/Users/govlmo91/.gradle/caches/modules-2/files-2.1/org.apache.tomcat.embed/tomcat-embed-el/9.0.22/4da4b778b635a7e78ca7cd7288253e2e47b88a9f/tomcat-embed-el-9.0.22.jar:/Users/govlmo91/.gradle/caches/modules-2/files-2.1/javax.validation/validation-api/2.0.1.Final/cb855558e6271b1b32e716d24cb85c7f583ce09e/validation-api-2.0.1.Final.jar:/Users/govlmo91/.gradle/caches/modules-2/files-2.1/org.hibernate.common/hibernate-commons-annotations/5.0.4.Final/965a18fdf939ee75e41f7918532d37b3a8350535/hibernate-commons-annotations-5.0.4.Final.jar:/Users/govlmo91/.gradle/caches/modules-2/files-2.1/org.jboss.logging/jboss-logging/3.3.2.Final/3789d00e859632e6c6206adc0c71625559e6e3b0/jboss-logging-3.3.2.Final.jar:/Users/govlmo91/.gradle/caches/modules-2/files-2.1/com.fasterxml/classmate/1.4.0/291658ac2ce2476256c7115943652c0accb5c857/classmate-1.4.0.jar:/Users/govlmo91/.gradle/caches/modules-2/files-2.1/org.aspectj/aspectjweaver/1.9.4/9205229878f3d62fbd3a32a0fb6be2d6ad8589a9/aspectjweaver-1.9.4.jar:/Users/govlmo91/.gradle/caches/modules-2/files-2.1/com.zaxxer/HikariCP/3.2.0/6c66db1c636ee90beb4c65fe34abd8ba9396bca6/HikariCP-3.2.0.jar:/Users/govlmo91/.gradle/caches/modules-2/files-2.1/javax.activation/javax.activation-api/1.2.0/85262acf3ca9816f9537ca47d5adeabaead7cb16/javax.activation-api-1.2.0.jar:/Users/govlmo91/.gradle/caches/modules-2/files-2.1/javax.persistence/javax.persistence-api/2.2/25665ac8c0b62f50e6488173233239120fc52c96/javax.persistence-api-2.2.jar:/Users/govlmo91/.gradle/caches/modules-2/files-2.1/org.javassist/javassist/3.23.2-GA/c5afe660a95e87ceb518e4f5cf02f5c56b547683/javassist-3.23.2-GA.jar:/Users/govlmo91/.gradle/caches/modules-2/files-2.1/net.bytebuddy/byte-buddy/1.9.16/e7d63009be7b87ff1f15b72e5b8c59c897a8d8bd/byte-buddy-1.9.16.jar:/Users/govlmo91/.gradle/caches/modules-2/files-2.1/antlr/antlr/2.7.7/83cd2cd674a217ade95a4bb83a8a14f351f48bd0/antlr-2.7.7.jar:/Users/govlmo91/.gradle/caches/modules-2/files-2.1/org.jboss/jandex/2.0.5.Final/7060f67764565b9ee9d467e3ed0cb8a9c601b23a/jandex-2.0.5.Final.jar:/Users/govlmo91/.gradle/caches/modules-2/files-2.1/org.dom4j/dom4j/2.1.1/3dce5dbb3571aa820c677fadd8349bfa8f00c199/dom4j-2.1.1.jar:/Users/govlmo91/.gradle/caches/modules-2/files-2.1/ch.qos.logback/logback-classic/1.2.3/7c4f3c474fb2c041d8028740440937705ebb473a/logback-classic-1.2.3.jar:/Users/govlmo91/.gradle/caches/modules-2/files-2.1/org.apache.logging.log4j/log4j-to-slf4j/2.11.2/6d37bf7b046c0ce2669f26b99365a2cfa45c4c18/log4j-to-slf4j-2.11.2.jar:/Users/govlmo91/.gradle/caches/modules-2/files-2.1/org.slf4j/jul-to-slf4j/1.7.26/8031352b2bb0a49e67818bf04c027aa92e645d5c/jul-to-slf4j-1.7.26.jar:/Users/govlmo91/.gradle/caches/modules-2/files-2.1/org.slf4j/slf4j-api/1.7.26/77100a62c2e6f04b53977b9f541044d7d722693d/slf4j-api-1.7.26.jar:/Users/govlmo91/.gradle/caches/modules-2/files-2.1/com.nimbusds/oauth2-oidc-sdk/6.0/e731f0b62727a46ae6d6fded62b5678d28273c3c/oauth2-oidc-sdk-6.0.jar:/Users/govlmo91/.gradle/caches/modules-2/files-2.1/com.nimbusds/nimbus-jose-jwt/6.0.2/81605278e5df1cf4c3774851649b85cade077fa5/nimbus-jose-jwt-6.0.2.jar:/Users/govlmo91/.gradle/caches/modules-2/files-2.1/org.springframework/spring-jcl/5.1.9.RELEASE/7c372790c999777d20f364960cf557dd74f890cf/spring-jcl-5.1.9.RELEASE.jar:/Users/govlmo91/.gradle/caches/modules-2/files-2.1/net.minidev/json-smart/2.3/7396407491352ce4fa30de92efb158adb76b5b/json-smart-2.3.jar:/Users/govlmo91/.gradle/caches/modules-2/files-2.1/net.bytebuddy/byte-buddy-agent/1.9.16/fd213511a0a845632456f636e576d24c2d6ac3bc/byte-buddy-agent-1.9.16.jar:/Users/govlmo91/.gradle/caches/modules-2/files-2.1/org.objenesis/objenesis/2.6/639033469776fd37c08358c6b92a4761feb2af4b/objenesis-2.6.jar:/Users/govlmo91/.gradle/caches/modules-2/files-2.1/com.vaadin.external.google/android-json/0.0.20131108.vaadin1/fa26d351fe62a6a17f5cda1287c1c6110dec413f/android-json-0.0.20131108.vaadin1.jar:/Users/govlmo91/.gradle/caches/modules-2/files-2.1/com.fasterxml.jackson.core/jackson-annotations/2.9.0/7c10d545325e3a6e72e06381afe469fd40eb701/jackson-annotations-2.9.0.jar:/Users/govlmo91/.gradle/caches/modules-2/files-2.1/com.fasterxml.jackson.core/jackson-core/2.9.9/bfff5af9fb8347d26bbb7959cb9b4fe9a2b0ca5e/jackson-core-2.9.9.jar:/Users/govlmo91/.gradle/caches/modules-2/files-2.1/com.sun.mail/javax.mail/1.6.2/935151eb71beff17a2ffac15dd80184a99a0514f/javax.mail-1.6.2.jar:/Users/govlmo91/.gradle/caches/modules-2/files-2.1/com.github.stephenc.jcip/jcip-annotations/1.0-1/ef31541dd28ae2cefdd17c7ebf352d93e9058c63/jcip-annotations-1.0-1.jar:/Users/govlmo91/.gradle/caches/modules-2/files-2.1/com.nimbusds/lang-tag/1.4.4/1db9a709239ae473a69b5424c7e78d0b7108229d/lang-tag-1.4.4.jar:/Users/govlmo91/.gradle/caches/modules-2/files-2.1/net.minidev/accessors-smart/1.2/c592b500269bfde36096641b01238a8350f8aa31/accessors-smart-1.2.jar:/Users/govlmo91/.gradle/caches/modules-2/files-2.1/ch.qos.logback/logback-core/1.2.3/864344400c3d4d92dfeb0a305dc87d953677c03c/logback-core-1.2.3.jar:/Users/govlmo91/.gradle/caches/modules-2/files-2.1/org.apache.logging.log4j/log4j-api/2.11.2/f5e9a2ffca496057d6891a3de65128efc636e26e/log4j-api-2.11.2.jar:/Users/govlmo91/.gradle/caches/modules-2/files-2.1/javax.activation/activation/1.1/e6cb541461c2834bdea3eb920f1884d1eb508b50/activation-1.1.jar:/Users/govlmo91/.gradle/caches/modules-2/files-2.1/org.ow2.asm/asm/5.0.4/da08b8cce7bbf903602a25a3a163ae252435795/asm-5.0.4.jar, java.vm.vendor=JetBrains s.r.o, sun.arch.data.model=64, user.variant=, java.vendor.url=https://www.jetbrains.com/, catalina.useNaming=false, user.timezone=Asia/Seoul, os.name=Mac OS X, java.vm.specification.version=11, javax.persistence.validation.mode=AUTO, user.country=KR, sun.java.launcher=SUN_STANDARD, sun.boot.library.path=/Users/govlmo91/Library/Application Support/JetBrains/Toolbox/apps/IDEA-U/ch-0/193.5233.102/IntelliJ IDEA.app/Contents/jbr/Contents/Home/lib, sun.java.command=worker.org.gradle.process.internal.worker.GradleWorkerMain 'Gradle Test Executor 1', hibernate.transaction.jta.platform=org.hibernate.engine.transaction.jta.platform.internal.NoJtaPlatform@52e7512d, http.nonProxyHosts=local|*.local|169.254/16|*.169.254/16, javax.persistence.sharedCache.mode=UNSPECIFIED, jdk.debug=release, sun.cpu.endian=little, user.home=/Users/govlmo91, user.language=ko, java.specification.vendor=Oracle Corporation, org.gradle.native=false, java.version.date=2019-07-16, java.home=/Users/govlmo91/Library/Application Support/JetBrains/Toolbox/apps/IDEA-U/ch-0/193.5233.102/IntelliJ IDEA.app/Contents/jbr/Contents/Home, file.separator=/, java.vm.compressedOopsMode=Zero based, line.separator=
, java.specification.name=Java Platform API Specification, java.vm.specification.vendor=Oracle Corporation, hibernate.transaction.coordinator_class=class org.hibernate.resource.transaction.backend.jdbc.internal.JdbcResourceLocalTransactionCoordinatorBuilderImpl, java.awt.graphicsenv=sun.awt.CGraphicsEnvironment, java.awt.headless=true, hibernate.hbm2ddl.auto=create-drop, sun.management.compiler=HotSpot 64-Bit Tiered Compilers, ftp.nonProxyHosts=local|*.local|169.254/16|*.169.254/16, java.runtime.version=11.0.4+10-b520.11, user.name=govlmo91, path.separator=:, os.version=10.15.1, java.runtime.name=OpenJDK Runtime Environment, file.encoding=UTF-8, hibernate.ejb.persistenceUnitName=default, spring.beaninfo.ignore=true, java.vm.name=OpenJDK 64-Bit Server VM, hibernate.show_sql=true, java.vendor.url.bug=https://youtrack.jetbrains.com, java.io.tmpdir=/var/folders/nf/2f3v6_z93qxch50n9j73_90h0000gn/T/, com.zaxxer.hikari.pool_number=1, catalina.home=/private/var/folders/nf/2f3v6_z93qxch50n9j73_90h0000gn/T/tomcat.2775861131492305972.0, java.version=11.0.4, hibernate.physical_naming_strategy=org.springframework.boot.orm.jpa.hibernate.SpringPhysicalNamingStrategy, user.dir=/Users/govlmo91/IdeaProjects/jojoldubook, os.arch=x86_64, java.vm.specification.name=Java Virtual Machine Specification, PID=15190, java.awt.printerjob=sun.lwawt.macosx.CPrinterJob, sun.os.patch.level=unknown, catalina.base=/private/var/folders/nf/2f3v6_z93qxch50n9j73_90h0000gn/T/tomcat.2775861131492305972.0, hibernate.boot.CfgXmlAccessService.key=org.hibernate.boot.cfgxml.spi.LoadedConfig@170d83da, java.library.path=/Users/govlmo91/Library/Java/Extensions:/Library/Java/Extensions:/Network/Library/Java/Extensions:/System/Library/Java/Extensions:/usr/lib/java:., java.vendor=JetBrains s.r.o, java.vm.info=mixed mode, java.vm.version=11.0.4+10-b520.11, hibernate.bytecode.use_reflection_optimizer=false, sun.io.unicode.encoding=UnicodeBig, hibernate.connection.datasource=org.springframework.jdbc.datasource.embedded.EmbeddedDatabaseFactory$EmbeddedDataSourceProxy@23bb7538, socksNonProxyHosts=local|*.local|169.254/16|*.169.254/16, java.class.version=55.0}
2019-12-07 13:56:32.807 DEBUG 15190 --- [    Test worker] o.h.v.i.e.resolver.TraversableResolvers  : Found javax.persistence.Persistence on classpath containing 'getPersistenceUtil'. Assuming JPA 2 environment. Trying to instantiate JPA aware TraversableResolver
2019-12-07 13:56:32.807 DEBUG 15190 --- [    Test worker] o.h.v.i.e.resolver.TraversableResolvers  : Instantiated JPA aware TraversableResolver of type org.hibernate.validator.internal.engine.resolver.JPATraversableResolver.
2019-12-07 13:56:32.808 DEBUG 15190 --- [    Test worker] o.h.v.i.xml.config.ValidationXmlParser   : Trying to load META-INF/validation.xml for XML based Validator configuration.
2019-12-07 13:56:32.808 DEBUG 15190 --- [    Test worker] o.h.v.i.xml.config.ResourceLoaderHelper  : Trying to load META-INF/validation.xml via TCCL
2019-12-07 13:56:32.808 DEBUG 15190 --- [    Test worker] o.h.v.i.xml.config.ResourceLoaderHelper  : Trying to load META-INF/validation.xml via Hibernate Validator's class loader
2019-12-07 13:56:32.808 DEBUG 15190 --- [    Test worker] o.h.v.i.xml.config.ValidationXmlParser   : No META-INF/validation.xml found. Using annotation based configuration only.
2019-12-07 13:56:32.812 DEBUG 15190 --- [    Test worker] .h.v.m.ResourceBundleMessageInterpolator : Loaded expression factory via original TCCL
2019-12-07 13:56:32.812 DEBUG 15190 --- [    Test worker] o.h.v.i.engine.ValidatorFactoryImpl      : HV000234: Using org.hibernate.validator.messageinterpolation.ResourceBundleMessageInterpolator as ValidatorFactory-scoped message interpolator.
2019-12-07 13:56:32.812 DEBUG 15190 --- [    Test worker] o.h.v.i.engine.ValidatorFactoryImpl      : HV000234: Using org.hibernate.validator.internal.engine.resolver.JPATraversableResolver as ValidatorFactory-scoped traversable resolver.
2019-12-07 13:56:32.812 DEBUG 15190 --- [    Test worker] o.h.v.i.engine.ValidatorFactoryImpl      : HV000234: Using org.hibernate.validator.internal.util.ExecutableParameterNameProvider as ValidatorFactory-scoped parameter name provider.
2019-12-07 13:56:32.812 DEBUG 15190 --- [    Test worker] o.h.v.i.engine.ValidatorFactoryImpl      : HV000234: Using org.hibernate.validator.internal.engine.DefaultClockProvider as ValidatorFactory-scoped clock provider.
2019-12-07 13:56:32.812 DEBUG 15190 --- [    Test worker] o.h.v.i.engine.ValidatorFactoryImpl      : HV000234: Using org.hibernate.validator.internal.engine.scripting.DefaultScriptEvaluatorFactory as ValidatorFactory-scoped script evaluator factory.
2019-12-07 13:56:32.813 DEBUG 15190 --- [    Test worker] o.h.boot.internal.ClassLoaderAccessImpl  : Not known whether passed class name [kr.gracelove.jojoldu.springboot.domain.user.User] is safe
2019-12-07 13:56:32.813 DEBUG 15190 --- [    Test worker] o.h.boot.internal.ClassLoaderAccessImpl  : No temp ClassLoader provided; using live ClassLoader for loading potentially unsafe class : kr.gracelove.jojoldu.springboot.domain.user.User
2019-12-07 13:56:32.816 DEBUG 15190 --- [    Test worker] o.h.boot.internal.ClassLoaderAccessImpl  : Not known whether passed class name [kr.gracelove.jojoldu.springboot.domain.posts.Posts] is safe
2019-12-07 13:56:32.816 DEBUG 15190 --- [    Test worker] o.h.boot.internal.ClassLoaderAccessImpl  : No temp ClassLoader provided; using live ClassLoader for loading potentially unsafe class : kr.gracelove.jojoldu.springboot.domain.posts.Posts
2019-12-07 13:56:32.818 DEBUG 15190 --- [    Test worker] org.hibernate.secure.spi.JaccIntegrator  : Skipping JACC integration as it was not enabled
2019-12-07 13:56:32.818 DEBUG 15190 --- [    Test worker] o.hibernate.internal.SessionFactoryImpl  : Instantiated session factory
2019-12-07 13:56:32.818 DEBUG 15190 --- [    Test worker] o.h.type.spi.TypeConfiguration$Scope     : Scoping TypeConfiguration [org.hibernate.type.spi.TypeConfiguration@459cf28d] to SessionFactoryImpl [org.hibernate.internal.SessionFactoryImpl@142c59ae]
2019-12-07 13:56:32.818 DEBUG 15190 --- [    Test worker] o.h.boot.internal.ClassLoaderAccessImpl  : Not known whether passed class name [kr.gracelove.jojoldu.springboot.domain.user.User] is safe
2019-12-07 13:56:32.818 DEBUG 15190 --- [    Test worker] o.h.boot.internal.ClassLoaderAccessImpl  : No temp ClassLoader provided; using live ClassLoader for loading potentially unsafe class : kr.gracelove.jojoldu.springboot.domain.user.User
2019-12-07 13:56:32.819 DEBUG 15190 --- [    Test worker] org.hibernate.type.EnumType              : Using NAMED-based conversion for Enum kr.gracelove.jojoldu.springboot.domain.user.Role
2019-12-07 13:56:32.819 DEBUG 15190 --- [    Test worker] org.hibernate.type.EnumType              : Using NAMED-based conversion for Enum kr.gracelove.jojoldu.springboot.domain.user.Role
2019-12-07 13:56:32.819 DEBUG 15190 --- [    Test worker] o.h.boot.internal.ClassLoaderAccessImpl  : Not known whether passed class name [kr.gracelove.jojoldu.springboot.domain.user.User] is safe
2019-12-07 13:56:32.819 DEBUG 15190 --- [    Test worker] o.h.boot.internal.ClassLoaderAccessImpl  : No temp ClassLoader provided; using live ClassLoader for loading potentially unsafe class : kr.gracelove.jojoldu.springboot.domain.user.User
2019-12-07 13:56:32.820 DEBUG 15190 --- [    Test worker] org.hibernate.type.EnumType              : Using NAMED-based conversion for Enum kr.gracelove.jojoldu.springboot.domain.user.Role
2019-12-07 13:56:32.820 DEBUG 15190 --- [    Test worker] org.hibernate.type.EnumType              : Using NAMED-based conversion for Enum kr.gracelove.jojoldu.springboot.domain.user.Role
2019-12-07 13:56:32.820 DEBUG 15190 --- [    Test worker] o.h.boot.internal.ClassLoaderAccessImpl  : Not known whether passed class name [kr.gracelove.jojoldu.springboot.domain.posts.Posts] is safe
2019-12-07 13:56:32.820 DEBUG 15190 --- [    Test worker] o.h.boot.internal.ClassLoaderAccessImpl  : No temp ClassLoader provided; using live ClassLoader for loading potentially unsafe class : kr.gracelove.jojoldu.springboot.domain.posts.Posts
2019-12-07 13:56:32.820 DEBUG 15190 --- [    Test worker] o.h.boot.internal.ClassLoaderAccessImpl  : Not known whether passed class name [kr.gracelove.jojoldu.springboot.domain.posts.Posts] is safe
2019-12-07 13:56:32.820 DEBUG 15190 --- [    Test worker] o.h.boot.internal.ClassLoaderAccessImpl  : No temp ClassLoader provided; using live ClassLoader for loading potentially unsafe class : kr.gracelove.jojoldu.springboot.domain.posts.Posts
2019-12-07 13:56:32.821 DEBUG 15190 --- [    Test worker] o.h.p.entity.AbstractEntityPersister     : Static SQL for entity: kr.gracelove.jojoldu.springboot.domain.user.User
2019-12-07 13:56:32.822 DEBUG 15190 --- [    Test worker] o.h.p.entity.AbstractEntityPersister     :  Version select: select id from user where id =?
2019-12-07 13:56:32.822 DEBUG 15190 --- [    Test worker] o.h.p.entity.AbstractEntityPersister     :  Snapshot select: select user_.id, user_.created_date as created_2_1_, user_.modified_date as modified3_1_, user_.email as email4_1_, user_.name as name5_1_, user_.picture as picture6_1_, user_.role as role7_1_ from user user_ where user_.id=?
2019-12-07 13:56:32.822 DEBUG 15190 --- [    Test worker] o.h.p.entity.AbstractEntityPersister     :  Insert 0: insert into user (created_date, modified_date, email, name, picture, role, id) values (?, ?, ?, ?, ?, ?, ?)
2019-12-07 13:56:32.822 DEBUG 15190 --- [    Test worker] o.h.p.entity.AbstractEntityPersister     :  Update 0: update user set created_date=?, modified_date=?, email=?, name=?, picture=?, role=? where id=?
2019-12-07 13:56:32.822 DEBUG 15190 --- [    Test worker] o.h.p.entity.AbstractEntityPersister     :  Delete 0: delete from user where id=?
2019-12-07 13:56:32.822 DEBUG 15190 --- [    Test worker] o.h.p.entity.AbstractEntityPersister     :  Identity insert: insert into user (id, created_date, modified_date, email, name, picture, role) values (null, ?, ?, ?, ?, ?, ?)
2019-12-07 13:56:32.822 DEBUG 15190 --- [    Test worker] o.h.l.p.b.i.spaces.QuerySpacesImpl       : Adding QuerySpace : uid = <gen:0> -> org.hibernate.loader.plan.build.internal.spaces.EntityQuerySpaceImpl@64d4ebba]
2019-12-07 13:56:32.822 DEBUG 15190 --- [    Test worker] o.h.p.walking.spi.MetamodelGraphWalker   : Visiting attribute path : createdDate
2019-12-07 13:56:32.822 DEBUG 15190 --- [    Test worker] o.h.p.walking.spi.MetamodelGraphWalker   : Visiting attribute path : modifiedDate
2019-12-07 13:56:32.822 DEBUG 15190 --- [    Test worker] o.h.p.walking.spi.MetamodelGraphWalker   : Visiting attribute path : email
2019-12-07 13:56:32.822 DEBUG 15190 --- [    Test worker] o.h.p.walking.spi.MetamodelGraphWalker   : Visiting attribute path : name
2019-12-07 13:56:32.822 DEBUG 15190 --- [    Test worker] o.h.p.walking.spi.MetamodelGraphWalker   : Visiting attribute path : picture
2019-12-07 13:56:32.822 DEBUG 15190 --- [    Test worker] o.h.p.walking.spi.MetamodelGraphWalker   : Visiting attribute path : role
2019-12-07 13:56:32.822 DEBUG 15190 --- [    Test worker] lanBuildingAssociationVisitationStrategy : Building LoadPlan...
2019-12-07 13:56:32.822 DEBUG 15190 --- [    Test worker] h.l.p.e.i.LoadQueryJoinAndFetchProcessor : processing queryspace <gen:0>
2019-12-07 13:56:32.822 DEBUG 15190 --- [    Test worker] o.h.l.p.build.spi.LoadPlanTreePrinter    : LoadPlan(entity=kr.gracelove.jojoldu.springboot.domain.user.User)
    - Returns
       - EntityReturnImpl(entity=kr.gracelove.jojoldu.springboot.domain.user.User, querySpaceUid=<gen:0>, path=kr.gracelove.jojoldu.springboot.domain.user.User)
    - QuerySpaces
       - EntityQuerySpaceImpl(uid=<gen:0>, entity=kr.gracelove.jojoldu.springboot.domain.user.User)
          - SQL table alias mapping - user0_
          - alias suffix - 0_
          - suffixed key columns - {id1_1_0_}

2019-12-07 13:56:32.822 DEBUG 15190 --- [    Test worker] o.h.loader.entity.plan.EntityLoader      : Static select for entity kr.gracelove.jojoldu.springboot.domain.user.User [NONE]: select user0_.id as id1_1_0_, user0_.created_date as created_2_1_0_, user0_.modified_date as modified3_1_0_, user0_.email as email4_1_0_, user0_.name as name5_1_0_, user0_.picture as picture6_1_0_, user0_.role as role7_1_0_ from user user0_ where user0_.id=?
2019-12-07 13:56:32.822 DEBUG 15190 --- [    Test worker] o.h.l.p.b.i.spaces.QuerySpacesImpl       : Adding QuerySpace : uid = <gen:0> -> org.hibernate.loader.plan.build.internal.spaces.EntityQuerySpaceImpl@612635fe]
2019-12-07 13:56:32.823 DEBUG 15190 --- [    Test worker] o.h.p.walking.spi.MetamodelGraphWalker   : Visiting attribute path : createdDate
2019-12-07 13:56:32.823 DEBUG 15190 --- [    Test worker] o.h.p.walking.spi.MetamodelGraphWalker   : Visiting attribute path : modifiedDate
2019-12-07 13:56:32.823 DEBUG 15190 --- [    Test worker] o.h.p.walking.spi.MetamodelGraphWalker   : Visiting attribute path : email
2019-12-07 13:56:32.823 DEBUG 15190 --- [    Test worker] o.h.p.walking.spi.MetamodelGraphWalker   : Visiting attribute path : name
2019-12-07 13:56:32.823 DEBUG 15190 --- [    Test worker] o.h.p.walking.spi.MetamodelGraphWalker   : Visiting attribute path : picture
2019-12-07 13:56:32.823 DEBUG 15190 --- [    Test worker] o.h.p.walking.spi.MetamodelGraphWalker   : Visiting attribute path : role
2019-12-07 13:56:32.823 DEBUG 15190 --- [    Test worker] lanBuildingAssociationVisitationStrategy : Building LoadPlan...
2019-12-07 13:56:32.823 DEBUG 15190 --- [    Test worker] h.l.p.e.i.LoadQueryJoinAndFetchProcessor : processing queryspace <gen:0>
2019-12-07 13:56:32.823 DEBUG 15190 --- [    Test worker] o.h.l.p.build.spi.LoadPlanTreePrinter    : LoadPlan(entity=kr.gracelove.jojoldu.springboot.domain.user.User)
    - Returns
       - EntityReturnImpl(entity=kr.gracelove.jojoldu.springboot.domain.user.User, querySpaceUid=<gen:0>, path=kr.gracelove.jojoldu.springboot.domain.user.User)
    - QuerySpaces
       - EntityQuerySpaceImpl(uid=<gen:0>, entity=kr.gracelove.jojoldu.springboot.domain.user.User)
          - SQL table alias mapping - user0_
          - alias suffix - 0_
          - suffixed key columns - {id1_1_0_}

2019-12-07 13:56:32.823 DEBUG 15190 --- [    Test worker] o.h.loader.entity.plan.EntityLoader      : Static select for entity kr.gracelove.jojoldu.springboot.domain.user.User [READ]: select user0_.id as id1_1_0_, user0_.created_date as created_2_1_0_, user0_.modified_date as modified3_1_0_, user0_.email as email4_1_0_, user0_.name as name5_1_0_, user0_.picture as picture6_1_0_, user0_.role as role7_1_0_ from user user0_ where user0_.id=?
2019-12-07 13:56:32.823 DEBUG 15190 --- [    Test worker] org.hibernate.loader.Loader              : Static select for action ACTION_MERGE on entity kr.gracelove.jojoldu.springboot.domain.user.User: select user0_.id as id1_1_0_, user0_.created_date as created_2_1_0_, user0_.modified_date as modified3_1_0_, user0_.email as email4_1_0_, user0_.name as name5_1_0_, user0_.picture as picture6_1_0_, user0_.role as role7_1_0_ from user user0_ where user0_.id=?
2019-12-07 13:56:32.824 DEBUG 15190 --- [    Test worker] org.hibernate.loader.Loader              : Static select for action ACTION_REFRESH on entity kr.gracelove.jojoldu.springboot.domain.user.User: select user0_.id as id1_1_0_, user0_.created_date as created_2_1_0_, user0_.modified_date as modified3_1_0_, user0_.email as email4_1_0_, user0_.name as name5_1_0_, user0_.picture as picture6_1_0_, user0_.role as role7_1_0_ from user user0_ where user0_.id=?
2019-12-07 13:56:32.824 DEBUG 15190 --- [    Test worker] o.h.p.entity.AbstractEntityPersister     : Static SQL for entity: kr.gracelove.jojoldu.springboot.domain.posts.Posts
2019-12-07 13:56:32.824 DEBUG 15190 --- [    Test worker] o.h.p.entity.AbstractEntityPersister     :  Version select: select id from posts where id =?
2019-12-07 13:56:32.824 DEBUG 15190 --- [    Test worker] o.h.p.entity.AbstractEntityPersister     :  Snapshot select: select posts_.id, posts_.created_date as created_2_0_, posts_.modified_date as modified3_0_, posts_.author as author4_0_, posts_.content as content5_0_, posts_.title as title6_0_ from posts posts_ where posts_.id=?
2019-12-07 13:56:32.824 DEBUG 15190 --- [    Test worker] o.h.p.entity.AbstractEntityPersister     :  Insert 0: insert into posts (created_date, modified_date, author, content, title, id) values (?, ?, ?, ?, ?, ?)
2019-12-07 13:56:32.824 DEBUG 15190 --- [    Test worker] o.h.p.entity.AbstractEntityPersister     :  Update 0: update posts set created_date=?, modified_date=?, author=?, content=?, title=? where id=?
2019-12-07 13:56:32.824 DEBUG 15190 --- [    Test worker] o.h.p.entity.AbstractEntityPersister     :  Delete 0: delete from posts where id=?
2019-12-07 13:56:32.824 DEBUG 15190 --- [    Test worker] o.h.p.entity.AbstractEntityPersister     :  Identity insert: insert into posts (id, created_date, modified_date, author, content, title) values (null, ?, ?, ?, ?, ?)
2019-12-07 13:56:32.824 DEBUG 15190 --- [    Test worker] o.h.l.p.b.i.spaces.QuerySpacesImpl       : Adding QuerySpace : uid = <gen:0> -> org.hibernate.loader.plan.build.internal.spaces.EntityQuerySpaceImpl@56f94a83]
2019-12-07 13:56:32.824 DEBUG 15190 --- [    Test worker] o.h.p.walking.spi.MetamodelGraphWalker   : Visiting attribute path : createdDate
2019-12-07 13:56:32.824 DEBUG 15190 --- [    Test worker] o.h.p.walking.spi.MetamodelGraphWalker   : Visiting attribute path : modifiedDate
2019-12-07 13:56:32.824 DEBUG 15190 --- [    Test worker] o.h.p.walking.spi.MetamodelGraphWalker   : Visiting attribute path : author
2019-12-07 13:56:32.824 DEBUG 15190 --- [    Test worker] o.h.p.walking.spi.MetamodelGraphWalker   : Visiting attribute path : content
2019-12-07 13:56:32.824 DEBUG 15190 --- [    Test worker] o.h.p.walking.spi.MetamodelGraphWalker   : Visiting attribute path : title
2019-12-07 13:56:32.824 DEBUG 15190 --- [    Test worker] lanBuildingAssociationVisitationStrategy : Building LoadPlan...
2019-12-07 13:56:32.824 DEBUG 15190 --- [    Test worker] h.l.p.e.i.LoadQueryJoinAndFetchProcessor : processing queryspace <gen:0>
2019-12-07 13:56:32.824 DEBUG 15190 --- [    Test worker] o.h.l.p.build.spi.LoadPlanTreePrinter    : LoadPlan(entity=kr.gracelove.jojoldu.springboot.domain.posts.Posts)
    - Returns
       - EntityReturnImpl(entity=kr.gracelove.jojoldu.springboot.domain.posts.Posts, querySpaceUid=<gen:0>, path=kr.gracelove.jojoldu.springboot.domain.posts.Posts)
    - QuerySpaces
       - EntityQuerySpaceImpl(uid=<gen:0>, entity=kr.gracelove.jojoldu.springboot.domain.posts.Posts)
          - SQL table alias mapping - posts0_
          - alias suffix - 0_
          - suffixed key columns - {id1_0_0_}

2019-12-07 13:56:32.825 DEBUG 15190 --- [    Test worker] o.h.loader.entity.plan.EntityLoader      : Static select for entity kr.gracelove.jojoldu.springboot.domain.posts.Posts [NONE]: select posts0_.id as id1_0_0_, posts0_.created_date as created_2_0_0_, posts0_.modified_date as modified3_0_0_, posts0_.author as author4_0_0_, posts0_.content as content5_0_0_, posts0_.title as title6_0_0_ from posts posts0_ where posts0_.id=?
2019-12-07 13:56:32.825 DEBUG 15190 --- [    Test worker] o.h.l.p.b.i.spaces.QuerySpacesImpl       : Adding QuerySpace : uid = <gen:0> -> org.hibernate.loader.plan.build.internal.spaces.EntityQuerySpaceImpl@6a872231]
2019-12-07 13:56:32.825 DEBUG 15190 --- [    Test worker] o.h.p.walking.spi.MetamodelGraphWalker   : Visiting attribute path : createdDate
2019-12-07 13:56:32.825 DEBUG 15190 --- [    Test worker] o.h.p.walking.spi.MetamodelGraphWalker   : Visiting attribute path : modifiedDate
2019-12-07 13:56:32.825 DEBUG 15190 --- [    Test worker] o.h.p.walking.spi.MetamodelGraphWalker   : Visiting attribute path : author
2019-12-07 13:56:32.825 DEBUG 15190 --- [    Test worker] o.h.p.walking.spi.MetamodelGraphWalker   : Visiting attribute path : content
2019-12-07 13:56:32.825 DEBUG 15190 --- [    Test worker] o.h.p.walking.spi.MetamodelGraphWalker   : Visiting attribute path : title
2019-12-07 13:56:32.825 DEBUG 15190 --- [    Test worker] lanBuildingAssociationVisitationStrategy : Building LoadPlan...
2019-12-07 13:56:32.825 DEBUG 15190 --- [    Test worker] h.l.p.e.i.LoadQueryJoinAndFetchProcessor : processing queryspace <gen:0>
2019-12-07 13:56:32.825 DEBUG 15190 --- [    Test worker] o.h.l.p.build.spi.LoadPlanTreePrinter    : LoadPlan(entity=kr.gracelove.jojoldu.springboot.domain.posts.Posts)
    - Returns
       - EntityReturnImpl(entity=kr.gracelove.jojoldu.springboot.domain.posts.Posts, querySpaceUid=<gen:0>, path=kr.gracelove.jojoldu.springboot.domain.posts.Posts)
    - QuerySpaces
       - EntityQuerySpaceImpl(uid=<gen:0>, entity=kr.gracelove.jojoldu.springboot.domain.posts.Posts)
          - SQL table alias mapping - posts0_
          - alias suffix - 0_
          - suffixed key columns - {id1_0_0_}

2019-12-07 13:56:32.825 DEBUG 15190 --- [    Test worker] o.h.loader.entity.plan.EntityLoader      : Static select for entity kr.gracelove.jojoldu.springboot.domain.posts.Posts [READ]: select posts0_.id as id1_0_0_, posts0_.created_date as created_2_0_0_, posts0_.modified_date as modified3_0_0_, posts0_.author as author4_0_0_, posts0_.content as content5_0_0_, posts0_.title as title6_0_0_ from posts posts0_ where posts0_.id=?
2019-12-07 13:56:32.826 DEBUG 15190 --- [    Test worker] org.hibernate.loader.Loader              : Static select for action ACTION_MERGE on entity kr.gracelove.jojoldu.springboot.domain.posts.Posts: select posts0_.id as id1_0_0_, posts0_.created_date as created_2_0_0_, posts0_.modified_date as modified3_0_0_, posts0_.author as author4_0_0_, posts0_.content as content5_0_0_, posts0_.title as title6_0_0_ from posts posts0_ where posts0_.id=?
2019-12-07 13:56:32.826 DEBUG 15190 --- [    Test worker] org.hibernate.loader.Loader              : Static select for action ACTION_REFRESH on entity kr.gracelove.jojoldu.springboot.domain.posts.Posts: select posts0_.id as id1_0_0_, posts0_.created_date as created_2_0_0_, posts0_.modified_date as modified3_0_0_, posts0_.author as author4_0_0_, posts0_.content as content5_0_0_, posts0_.title as title6_0_0_ from posts posts0_ where posts0_.id=?
2019-12-07 13:56:32.827 DEBUG 15190 --- [    Test worker] org.hibernate.type.EnumType              : Using NAMED-based conversion for Enum kr.gracelove.jojoldu.springboot.domain.user.Role
2019-12-07 13:56:32.827 DEBUG 15190 --- [    Test worker] org.hibernate.type.EnumType              : Using NAMED-based conversion for Enum kr.gracelove.jojoldu.springboot.domain.user.Role
2019-12-07 13:56:32.827 DEBUG 15190 --- [    Test worker] org.hibernate.SQL                        : drop table posts if exists
Hibernate: drop table posts if exists
2019-12-07 13:56:32.827 DEBUG 15190 --- [    Test worker] o.s.j.datasource.SimpleDriverDataSource  : Creating new JDBC Driver Connection to [jdbc:h2:mem:715a69aa-c0a9-45d6-a328-8d71f3b1764c;DB_CLOSE_DELAY=-1;DB_CLOSE_ON_EXIT=false]
2019-12-07 13:56:32.828 DEBUG 15190 --- [    Test worker] org.hibernate.SQL                        : drop table user if exists
Hibernate: drop table user if exists
2019-12-07 13:56:32.828 DEBUG 15190 --- [    Test worker] org.hibernate.SQL                        : create table posts (id bigint generated by default as identity, created_date timestamp, modified_date timestamp, author varchar(255), content TEXT not null, title varchar(500) not null, primary key (id))
Hibernate: create table posts (id bigint generated by default as identity, created_date timestamp, modified_date timestamp, author varchar(255), content TEXT not null, title varchar(500) not null, primary key (id))
2019-12-07 13:56:32.828 DEBUG 15190 --- [    Test worker] o.s.j.datasource.SimpleDriverDataSource  : Creating new JDBC Driver Connection to [jdbc:h2:mem:715a69aa-c0a9-45d6-a328-8d71f3b1764c;DB_CLOSE_DELAY=-1;DB_CLOSE_ON_EXIT=false]
2019-12-07 13:56:32.830 DEBUG 15190 --- [    Test worker] org.hibernate.type.EnumType              : Using NAMED-based conversion for Enum kr.gracelove.jojoldu.springboot.domain.user.Role
2019-12-07 13:56:32.831 DEBUG 15190 --- [    Test worker] org.hibernate.SQL                        : create table user (id bigint generated by default as identity, created_date timestamp, modified_date timestamp, email varchar(255) not null, name varchar(255) not null, picture varchar(255), role varchar(255) not null, primary key (id))
Hibernate: create table user (id bigint generated by default as identity, created_date timestamp, modified_date timestamp, email varchar(255) not null, name varchar(255) not null, picture varchar(255), role varchar(255) not null, primary key (id))
2019-12-07 13:56:32.833  INFO 15190 --- [    Test worker] o.h.t.schema.internal.SchemaCreatorImpl  : HHH000476: Executing import script 'org.hibernate.tool.schema.internal.exec.ScriptSourceInputNonExistentImpl@45ea103d'
2019-12-07 13:56:32.833 DEBUG 15190 --- [    Test worker] o.h.query.spi.NamedQueryRepository       : Checking 0 named HQL queries
2019-12-07 13:56:32.833 DEBUG 15190 --- [    Test worker] o.h.query.spi.NamedQueryRepository       : Checking 0 named SQL queries
2019-12-07 13:56:32.833 DEBUG 15190 --- [    Test worker] o.h.internal.SessionFactoryRegistry      : Registering SessionFactory: 73a7262e-30b4-4c2a-a34a-71700d049175 (<unnamed>)
2019-12-07 13:56:32.833 DEBUG 15190 --- [    Test worker] o.h.internal.SessionFactoryRegistry      : Not binding SessionFactory to JNDI, no JNDI name configured
2019-12-07 13:56:32.833  INFO 15190 --- [    Test worker] j.LocalContainerEntityManagerFactoryBean : Initialized JPA EntityManagerFactory for persistence unit 'default'
2019-12-07 13:56:32.833 DEBUG 15190 --- [    Test worker] o.s.jdbc.datasource.DataSourceUtils      : Fetching JDBC Connection from DataSource
2019-12-07 13:56:32.833 DEBUG 15190 --- [    Test worker] o.s.j.datasource.SimpleDriverDataSource  : Creating new JDBC Driver Connection to [jdbc:h2:mem:715a69aa-c0a9-45d6-a328-8d71f3b1764c;DB_CLOSE_DELAY=-1;DB_CLOSE_ON_EXIT=false]
2019-12-07 13:56:32.834 DEBUG 15190 --- [    Test worker] o.s.b.f.s.DefaultListableBeanFactory     : Creating shared instance of singleton bean 'application'
2019-12-07 13:56:32.837 DEBUG 15190 --- [    Test worker] o.s.b.f.s.DefaultListableBeanFactory     : Creating shared instance of singleton bean 'jpaAuditingHandler'
2019-12-07 13:56:32.837 DEBUG 15190 --- [    Test worker] o.s.b.f.s.DefaultListableBeanFactory     : Creating shared instance of singleton bean 'jpaMappingContext'
2019-12-07 13:56:32.840 DEBUG 15190 --- [    Test worker] .c.JpaMetamodelMappingContextFactoryBean : Initializing JpaMetamodelMappingContext…
2019-12-07 13:56:32.842 DEBUG 15190 --- [    Test worker] .c.JpaMetamodelMappingContextFactoryBean : Finished initializing JpaMetamodelMappingContext!
2019-12-07 13:56:32.846 DEBUG 15190 --- [    Test worker] o.s.data.auditing.AuditingHandler        : No AuditorAware set! Auditing will not be applied!
2019-12-07 13:56:32.847 DEBUG 15190 --- [    Test worker] o.s.b.f.s.DefaultListableBeanFactory     : Creating shared instance of singleton bean 'org.springframework.data.jpa.domain.support.AuditingEntityListener'
2019-12-07 13:56:32.847 DEBUG 15190 --- [    Test worker] o.s.b.f.s.DefaultListableBeanFactory     : Creating shared instance of singleton bean 'org.springframework.boot.test.autoconfigure.jdbc.TestDatabaseAutoConfiguration'
2019-12-07 13:56:32.848 DEBUG 15190 --- [    Test worker] ocalVariableTableParameterNameDiscoverer : Cannot find '.class' file for class [class org.springframework.boot.test.autoconfigure.jdbc.TestDatabaseAutoConfiguration$$EnhancerBySpringCGLIB$$af2254f] - unable to determine constructor/method parameter names
2019-12-07 13:56:32.848 DEBUG 15190 --- [    Test worker] o.s.b.f.s.DefaultListableBeanFactory     : Autowiring by type from bean name 'org.springframework.boot.test.autoconfigure.jdbc.TestDatabaseAutoConfiguration' via constructor to bean named 'environment'
2019-12-07 13:56:32.851 DEBUG 15190 --- [    Test worker] o.s.b.f.s.DefaultListableBeanFactory     : Creating shared instance of singleton bean 'org.springframework.boot.autoconfigure.jdbc.DataSourceConfiguration$Hikari'
2019-12-07 13:56:32.854 DEBUG 15190 --- [    Test worker] o.s.b.f.s.DefaultListableBeanFactory     : Creating shared instance of singleton bean 'org.springframework.boot.autoconfigure.jdbc.DataSourceAutoConfiguration$PooledDataSourceConfiguration'
2019-12-07 13:56:32.856 DEBUG 15190 --- [    Test worker] o.s.b.f.s.DefaultListableBeanFactory     : Creating shared instance of singleton bean 'org.springframework.boot.autoconfigure.jdbc.metadata.DataSourcePoolMetadataProvidersConfiguration'
2019-12-07 13:56:32.858 DEBUG 15190 --- [    Test worker] o.s.b.f.s.DefaultListableBeanFactory     : Creating shared instance of singleton bean 'org.springframework.boot.autoconfigure.jdbc.DataSourceInitializationConfiguration'
2019-12-07 13:56:32.860 DEBUG 15190 --- [    Test worker] o.s.b.f.s.DefaultListableBeanFactory     : Creating shared instance of singleton bean 'org.springframework.boot.autoconfigure.jdbc.DataSourceAutoConfiguration'
2019-12-07 13:56:32.862 DEBUG 15190 --- [    Test worker] o.s.b.f.s.DefaultListableBeanFactory     : Creating shared instance of singleton bean 'transactionManager'
2019-12-07 13:56:32.865 DEBUG 15190 --- [    Test worker] o.s.b.f.s.DefaultListableBeanFactory     : Creating shared instance of singleton bean 'org.springframework.boot.autoconfigure.orm.jpa.HibernateJpaAutoConfiguration'
2019-12-07 13:56:32.867 DEBUG 15190 --- [    Test worker] o.s.b.f.s.DefaultListableBeanFactory     : Creating shared instance of singleton bean 'org.springframework.boot.autoconfigure.data.jpa.JpaRepositoriesAutoConfiguration'
2019-12-07 13:56:32.869 DEBUG 15190 --- [    Test worker] o.s.b.f.s.DefaultListableBeanFactory     : Creating shared instance of singleton bean 'org.springframework.data.jpa.util.JpaMetamodelCacheCleanup'
2019-12-07 13:56:32.870 DEBUG 15190 --- [    Test worker] o.s.b.f.s.DefaultListableBeanFactory     : Creating shared instance of singleton bean 'org.springframework.data.jpa.repository.support.JpaEvaluationContextExtension'
2019-12-07 13:56:32.872 DEBUG 15190 --- [    Test worker] o.s.b.f.s.DefaultListableBeanFactory     : Creating shared instance of singleton bean 'postsRepository'
2019-12-07 13:56:32.893 DEBUG 15190 --- [    Test worker] tor$SharedEntityManagerInvocationHandler : Creating new EntityManager for shared EntityManager invocation
2019-12-07 13:56:32.893 DEBUG 15190 --- [    Test worker] o.h.stat.internal.StatisticsInitiator    : Statistics initialized [enabled=false]
2019-12-07 13:56:32.897 DEBUG 15190 --- [    Test worker] o.s.d.r.c.s.RepositoryFactorySupport     : Initializing repository instance for kr.gracelove.jojoldu.springboot.domain.posts.PostsRepository…
2019-12-07 13:56:32.898 DEBUG 15190 --- [    Test worker] tor$SharedEntityManagerInvocationHandler : Creating new EntityManager for shared EntityManager invocation
2019-12-07 13:56:32.899 DEBUG 15190 --- [    Test worker] tor$SharedEntityManagerInvocationHandler : Creating new EntityManager for shared EntityManager invocation
2019-12-07 13:56:32.900 DEBUG 15190 --- [    Test worker] o.s.d.j.r.query.JpaQueryFactory          : Looking up query for method findAllDesc
2019-12-07 13:56:32.900 DEBUG 15190 --- [    Test worker] tor$SharedEntityManagerInvocationHandler : Creating new EntityManager for shared EntityManager invocation
2019-12-07 13:56:32.902 DEBUG 15190 --- [    Test worker] o.h.h.i.QueryTranslatorFactoryInitiator  : QueryTranslatorFactory : org.hibernate.hql.internal.ast.ASTQueryTranslatorFactory@1906bfe0
2019-12-07 13:56:32.902  INFO 15190 --- [    Test worker] o.h.h.i.QueryTranslatorFactoryInitiator  : HHH000397: Using ASTQueryTranslatorFactory
2019-12-07 13:56:32.902 DEBUG 15190 --- [    Test worker] o.h.h.internal.ast.QueryTranslatorImpl   : parse() - HQL: SELECT p FROM kr.gracelove.jojoldu.springboot.domain.posts.Posts p ORDER BY p.id desc 
2019-12-07 13:56:32.903 DEBUG 15190 --- [    Test worker] o.h.hql.internal.ast.ErrorTracker        : throwQueryException() : no errors
2019-12-07 13:56:32.903 DEBUG 15190 --- [    Test worker] o.h.h.internal.ast.QueryTranslatorImpl   : --- HQL AST ---
 \-[QUERY] Node: 'query'
    +-[SELECT_FROM] Node: 'SELECT_FROM'
    |  +-[FROM] Node: 'FROM'
    |  |  \-[RANGE] Node: 'RANGE'
    |  |     +-[DOT] Node: '.'
    |  |     |  +-[DOT] Node: '.'
    |  |     |  |  +-[DOT] Node: '.'
    |  |     |  |  |  +-[DOT] Node: '.'
    |  |     |  |  |  |  +-[DOT] Node: '.'
    |  |     |  |  |  |  |  +-[DOT] Node: '.'
    |  |     |  |  |  |  |  |  +-[IDENT] Node: 'kr'
    |  |     |  |  |  |  |  |  \-[IDENT] Node: 'gracelove'
    |  |     |  |  |  |  |  \-[IDENT] Node: 'jojoldu'
    |  |     |  |  |  |  \-[IDENT] Node: 'springboot'
    |  |     |  |  |  \-[IDENT] Node: 'domain'
    |  |     |  |  \-[IDENT] Node: 'posts'
    |  |     |  \-[IDENT] Node: 'Posts'
    |  |     \-[ALIAS] Node: 'p'
    |  \-[SELECT] Node: 'SELECT'
    |     \-[IDENT] Node: 'p'
    \-[ORDER] Node: 'ORDER'
       +-[DOT] Node: '.'
       |  +-[IDENT] Node: 'p'
       |  \-[IDENT] Node: 'id'
       \-[DESCENDING] Node: 'desc'

2019-12-07 13:56:32.903 DEBUG 15190 --- [    Test worker] o.h.hql.internal.antlr.HqlSqlBaseWalker  : select << begin [level=1, statement=select]
2019-12-07 13:56:32.904 DEBUG 15190 --- [    Test worker] o.h.hql.internal.ast.tree.FromElement    : FromClause{level=1} : kr.gracelove.jojoldu.springboot.domain.posts.Posts (p) -> posts0_
2019-12-07 13:56:32.904 DEBUG 15190 --- [    Test worker] o.h.h.i.ast.tree.FromReferenceNode       : Resolved : p -> posts0_.id
2019-12-07 13:56:32.904 DEBUG 15190 --- [    Test worker] o.h.h.i.ast.tree.FromReferenceNode       : Resolved : p -> posts0_.id
2019-12-07 13:56:32.904 DEBUG 15190 --- [    Test worker] o.h.hql.internal.ast.tree.DotNode        : getDataType() : id -> org.hibernate.type.LongType@27b1e4b7
2019-12-07 13:56:32.904 DEBUG 15190 --- [    Test worker] o.h.h.i.ast.tree.FromReferenceNode       : Resolved : p.id -> posts0_.id
2019-12-07 13:56:32.904 DEBUG 15190 --- [    Test worker] o.h.hql.internal.antlr.HqlSqlBaseWalker  : select : finishing up [level=1, statement=select]
2019-12-07 13:56:32.904 DEBUG 15190 --- [    Test worker] o.h.hql.internal.ast.HqlSqlWalker        : processQuery() :  ( SELECT ( {select clause} posts0_.id ) ( FromClause{level=1} posts posts0_ ) ( ORDER ( posts0_.id posts0_.id id ) desc ) )
2019-12-07 13:56:32.904 DEBUG 15190 --- [    Test worker] o.h.hql.internal.ast.util.JoinProcessor  : Using FROM fragment [posts posts0_]
2019-12-07 13:56:32.904 DEBUG 15190 --- [    Test worker] o.h.hql.internal.antlr.HqlSqlBaseWalker  : select >> end [level=1, statement=select]
2019-12-07 13:56:32.905 DEBUG 15190 --- [    Test worker] o.h.h.internal.ast.QueryTranslatorImpl   : --- SQL AST ---
 \-[SELECT] QueryNode: 'SELECT'  querySpaces (posts)
    +-[SELECT_CLAUSE] SelectClause: '{select clause}'
    |  +-[ALIAS_REF] IdentNode: 'posts0_.id as id1_0_' {alias=p, className=kr.gracelove.jojoldu.springboot.domain.posts.Posts, tableAlias=posts0_}
    |  \-[SQL_TOKEN] SqlFragment: 'posts0_.created_date as created_2_0_, posts0_.modified_date as modified3_0_, posts0_.author as author4_0_, posts0_.content as content5_0_, posts0_.title as title6_0_'
    +-[FROM] FromClause: 'FROM' FromClause{level=1, fromElementCounter=1, fromElements=1, fromElementByClassAlias=[p], fromElementByTableAlias=[posts0_], fromElementsByPath=[], collectionJoinFromElementsByPath=[], impliedElements=[]}
    |  \-[FROM_FRAGMENT] FromElement: 'posts posts0_' FromElement{explicit,not a collection join,not a fetch join,fetch non-lazy properties,classAlias=p,role=null,tableName=posts,tableAlias=posts0_,origin=null,columns={,className=kr.gracelove.jojoldu.springboot.domain.posts.Posts}}
    \-[ORDER] OrderByClause: 'ORDER'
       +-[DOT] DotNode: 'posts0_.id' {propertyName=id,dereferenceType=PRIMITIVE,getPropertyPath=id,path=p.id,tableAlias=posts0_,className=kr.gracelove.jojoldu.springboot.domain.posts.Posts,classAlias=p}
       |  +-[ALIAS_REF] IdentNode: 'posts0_.id' {alias=p, className=kr.gracelove.jojoldu.springboot.domain.posts.Posts, tableAlias=posts0_}
       |  \-[IDENT] IdentNode: 'id' {originalText=id}
       \-[DESCENDING] SqlNode: 'desc'

2019-12-07 13:56:32.905 DEBUG 15190 --- [    Test worker] o.h.hql.internal.ast.ErrorTracker        : throwQueryException() : no errors
2019-12-07 13:56:32.905 DEBUG 15190 --- [    Test worker] o.h.h.internal.ast.QueryTranslatorImpl   : HQL: SELECT p FROM kr.gracelove.jojoldu.springboot.domain.posts.Posts p ORDER BY p.id desc 
2019-12-07 13:56:32.905 DEBUG 15190 --- [    Test worker] o.h.h.internal.ast.QueryTranslatorImpl   : SQL: select posts0_.id as id1_0_, posts0_.created_date as created_2_0_, posts0_.modified_date as modified3_0_, posts0_.author as author4_0_, posts0_.content as content5_0_, posts0_.title as title6_0_ from posts posts0_ order by posts0_.id desc
2019-12-07 13:56:32.905 DEBUG 15190 --- [    Test worker] o.h.hql.internal.ast.ErrorTracker        : throwQueryException() : no errors
2019-12-07 13:56:32.905 DEBUG 15190 --- [    Test worker] o.s.d.r.c.s.RepositoryFactorySupport     : Finished creation of repository instance for kr.gracelove.jojoldu.springboot.domain.posts.PostsRepository.
2019-12-07 13:56:32.906 DEBUG 15190 --- [    Test worker] o.s.b.f.s.DefaultListableBeanFactory     : Creating shared instance of singleton bean 'userRepository'
2019-12-07 13:56:32.909 DEBUG 15190 --- [    Test worker] tor$SharedEntityManagerInvocationHandler : Creating new EntityManager for shared EntityManager invocation
2019-12-07 13:56:32.914 DEBUG 15190 --- [    Test worker] o.s.d.r.c.s.RepositoryFactorySupport     : Initializing repository instance for kr.gracelove.jojoldu.springboot.domain.user.UserRepository…
2019-12-07 13:56:32.916 DEBUG 15190 --- [    Test worker] tor$SharedEntityManagerInvocationHandler : Creating new EntityManager for shared EntityManager invocation
2019-12-07 13:56:32.917 DEBUG 15190 --- [    Test worker] tor$SharedEntityManagerInvocationHandler : Creating new EntityManager for shared EntityManager invocation
2019-12-07 13:56:32.918 DEBUG 15190 --- [    Test worker] o.s.d.j.r.query.JpaQueryFactory          : Looking up query for method findByEmail
2019-12-07 13:56:32.919 DEBUG 15190 --- [    Test worker] o.s.d.jpa.repository.query.NamedQuery    : Looking up named query User.findByEmail
2019-12-07 13:56:32.919 DEBUG 15190 --- [    Test worker] o.h.e.t.internal.TransactionImpl         : On TransactionImpl creation, JpaCompliance#isJpaTransactionComplianceEnabled == false
2019-12-07 13:56:32.919 DEBUG 15190 --- [    Test worker] o.s.d.jpa.repository.query.NamedQuery    : Did not find named query User.findByEmail
2019-12-07 13:56:32.919 DEBUG 15190 --- [    Test worker] tor$SharedEntityManagerInvocationHandler : Creating new EntityManager for shared EntityManager invocation
2019-12-07 13:56:32.920 DEBUG 15190 --- [    Test worker] o.s.d.r.c.s.RepositoryFactorySupport     : Finished creation of repository instance for kr.gracelove.jojoldu.springboot.domain.user.UserRepository.
2019-12-07 13:56:32.921 DEBUG 15190 --- [    Test worker] o.s.b.f.s.DefaultListableBeanFactory     : Creating shared instance of singleton bean 'org.springframework.boot.autoconfigure.jdbc.JdbcTemplateAutoConfiguration$JdbcTemplateConfiguration'
2019-12-07 13:56:32.921 DEBUG 15190 --- [    Test worker] ocalVariableTableParameterNameDiscoverer : Cannot find '.class' file for class [class org.springframework.boot.autoconfigure.jdbc.JdbcTemplateAutoConfiguration$JdbcTemplateConfiguration$$EnhancerBySpringCGLIB$$1b3adbd2] - unable to determine constructor/method parameter names
2019-12-07 13:56:32.922 DEBUG 15190 --- [    Test worker] o.s.b.f.s.DefaultListableBeanFactory     : Creating shared instance of singleton bean 'spring.jdbc-org.springframework.boot.autoconfigure.jdbc.JdbcProperties'
2019-12-07 13:56:32.923 DEBUG 15190 --- [    Test worker] o.s.b.f.s.DefaultListableBeanFactory     : Autowiring by type from bean name 'org.springframework.boot.autoconfigure.jdbc.JdbcTemplateAutoConfiguration$JdbcTemplateConfiguration' via constructor to bean named 'dataSource'
2019-12-07 13:56:32.923 DEBUG 15190 --- [    Test worker] o.s.b.f.s.DefaultListableBeanFactory     : Autowiring by type from bean name 'org.springframework.boot.autoconfigure.jdbc.JdbcTemplateAutoConfiguration$JdbcTemplateConfiguration' via constructor to bean named 'spring.jdbc-org.springframework.boot.autoconfigure.jdbc.JdbcProperties'
2019-12-07 13:56:32.926 DEBUG 15190 --- [    Test worker] o.s.b.f.s.DefaultListableBeanFactory     : Creating shared instance of singleton bean 'jdbcTemplate'
2019-12-07 13:56:32.933 DEBUG 15190 --- [    Test worker] o.s.b.f.s.DefaultListableBeanFactory     : Creating shared instance of singleton bean 'org.springframework.boot.autoconfigure.jdbc.JdbcTemplateAutoConfiguration$NamedParameterJdbcTemplateConfiguration'
2019-12-07 13:56:32.937 DEBUG 15190 --- [    Test worker] o.s.b.f.s.DefaultListableBeanFactory     : Creating shared instance of singleton bean 'namedParameterJdbcTemplate'
2019-12-07 13:56:32.937 DEBUG 15190 --- [    Test worker] o.s.b.f.s.DefaultListableBeanFactory     : Autowiring by type from bean name 'namedParameterJdbcTemplate' via factory method to bean named 'jdbcTemplate'
2019-12-07 13:56:32.940 DEBUG 15190 --- [    Test worker] o.s.b.f.s.DefaultListableBeanFactory     : Creating shared instance of singleton bean 'org.springframework.boot.autoconfigure.jdbc.JdbcTemplateAutoConfiguration'
2019-12-07 13:56:32.943 DEBUG 15190 --- [    Test worker] o.s.b.f.s.DefaultListableBeanFactory     : Creating shared instance of singleton bean 'org.springframework.boot.autoconfigure.jdbc.DataSourceTransactionManagerAutoConfiguration$DataSourceTransactionManagerConfiguration'
2019-12-07 13:56:32.943 DEBUG 15190 --- [    Test worker] ocalVariableTableParameterNameDiscoverer : Cannot find '.class' file for class [class org.springframework.boot.autoconfigure.jdbc.DataSourceTransactionManagerAutoConfiguration$DataSourceTransactionManagerConfiguration$$EnhancerBySpringCGLIB$$afb045d4] - unable to determine constructor/method parameter names
2019-12-07 13:56:32.944 DEBUG 15190 --- [    Test worker] o.s.b.f.s.DefaultListableBeanFactory     : Autowiring by type from bean name 'org.springframework.boot.autoconfigure.jdbc.DataSourceTransactionManagerAutoConfiguration$DataSourceTransactionManagerConfiguration' via constructor to bean named 'dataSource'
2019-12-07 13:56:32.947 DEBUG 15190 --- [    Test worker] o.s.b.f.s.DefaultListableBeanFactory     : Creating shared instance of singleton bean 'org.springframework.boot.autoconfigure.jdbc.DataSourceTransactionManagerAutoConfiguration'
2019-12-07 13:56:32.950 DEBUG 15190 --- [    Test worker] o.s.b.f.s.DefaultListableBeanFactory     : Creating shared instance of singleton bean 'org.springframework.boot.autoconfigure.transaction.TransactionAutoConfiguration$EnableTransactionManagementConfiguration$CglibAutoProxyConfiguration'
2019-12-07 13:56:32.952 DEBUG 15190 --- [    Test worker] o.s.b.f.s.DefaultListableBeanFactory     : Creating shared instance of singleton bean 'org.springframework.boot.autoconfigure.transaction.TransactionAutoConfiguration$EnableTransactionManagementConfiguration'
2019-12-07 13:56:32.955 DEBUG 15190 --- [    Test worker] o.s.b.f.s.DefaultListableBeanFactory     : Creating shared instance of singleton bean 'org.springframework.boot.autoconfigure.transaction.TransactionAutoConfiguration$TransactionTemplateConfiguration'
2019-12-07 13:56:32.955 DEBUG 15190 --- [    Test worker] ocalVariableTableParameterNameDiscoverer : Cannot find '.class' file for class [class org.springframework.boot.autoconfigure.transaction.TransactionAutoConfiguration$TransactionTemplateConfiguration$$EnhancerBySpringCGLIB$$13a0aa7] - unable to determine constructor/method parameter names
2019-12-07 13:56:32.955 DEBUG 15190 --- [    Test worker] o.s.b.f.s.DefaultListableBeanFactory     : Autowiring by type from bean name 'org.springframework.boot.autoconfigure.transaction.TransactionAutoConfiguration$TransactionTemplateConfiguration' via constructor to bean named 'transactionManager'
2019-12-07 13:56:32.957 DEBUG 15190 --- [    Test worker] o.s.b.f.s.DefaultListableBeanFactory     : Creating shared instance of singleton bean 'transactionTemplate'
2019-12-07 13:56:32.960 DEBUG 15190 --- [    Test worker] o.s.b.f.s.DefaultListableBeanFactory     : Creating shared instance of singleton bean 'org.springframework.boot.test.autoconfigure.orm.jpa.TestEntityManagerAutoConfiguration'
2019-12-07 13:56:32.963 DEBUG 15190 --- [    Test worker] o.s.b.f.s.DefaultListableBeanFactory     : Creating shared instance of singleton bean 'testEntityManager'
2019-12-07 13:56:32.963 DEBUG 15190 --- [    Test worker] o.s.b.f.s.DefaultListableBeanFactory     : Autowiring by type from bean name 'testEntityManager' via factory method to bean named 'entityManagerFactory'
2019-12-07 13:56:32.970 DEBUG 15190 --- [    Test worker] ConditionEvaluationReportLoggingListener : 


============================
CONDITIONS EVALUATION REPORT
============================


Positive matches:
-----------------

   DataSourceAutoConfiguration matched:
      - @ConditionalOnClass found required classes 'javax.sql.DataSource', 'org.springframework.jdbc.datasource.embedded.EmbeddedDatabaseType' (OnClassCondition)

   DataSourceAutoConfiguration.PooledDataSourceConfiguration matched:
      - AnyNestedCondition 1 matched 1 did not; NestedCondition on DataSourceAutoConfiguration.PooledDataSourceCondition.PooledDataSourceAvailable PooledDataSource found supported DataSource; NestedCondition on DataSourceAutoConfiguration.PooledDataSourceCondition.ExplicitType @ConditionalOnProperty (spring.datasource.type) did not find property 'type' (DataSourceAutoConfiguration.PooledDataSourceCondition)
      - @ConditionalOnMissingBean (types: javax.sql.DataSource,javax.sql.XADataSource; SearchStrategy: all) did not find any beans (OnBeanCondition)

   DataSourceConfiguration.Hikari matched:
      - @ConditionalOnClass found required class 'com.zaxxer.hikari.HikariDataSource' (OnClassCondition)
      - @ConditionalOnProperty (spring.datasource.type=com.zaxxer.hikari.HikariDataSource) matched (OnPropertyCondition)
      - @ConditionalOnMissingBean (types: javax.sql.DataSource; SearchStrategy: all) did not find any beans (OnBeanCondition)

   DataSourcePoolMetadataProvidersConfiguration.HikariPoolDataSourceMetadataProviderConfiguration matched:
      - @ConditionalOnClass found required class 'com.zaxxer.hikari.HikariDataSource' (OnClassCondition)

   DataSourceTransactionManagerAutoConfiguration matched:
      - @ConditionalOnClass found required classes 'org.springframework.jdbc.core.JdbcTemplate', 'org.springframework.transaction.PlatformTransactionManager' (OnClassCondition)

   DataSourceTransactionManagerAutoConfiguration.DataSourceTransactionManagerConfiguration matched:
      - @ConditionalOnSingleCandidate (types: javax.sql.DataSource; SearchStrategy: all) found a primary bean from beans 'dataSource' (OnBeanCondition)

   HibernateJpaAutoConfiguration matched:
      - @ConditionalOnClass found required classes 'org.springframework.orm.jpa.LocalContainerEntityManagerFactoryBean', 'javax.persistence.EntityManager', 'org.hibernate.engine.spi.SessionImplementor' (OnClassCondition)

   HibernateJpaConfiguration matched:
      - @ConditionalOnSingleCandidate (types: javax.sql.DataSource; SearchStrategy: all) found a primary bean from beans 'dataSource' (OnBeanCondition)

   JdbcTemplateAutoConfiguration matched:
      - @ConditionalOnClass found required classes 'javax.sql.DataSource', 'org.springframework.jdbc.core.JdbcTemplate' (OnClassCondition)
      - @ConditionalOnSingleCandidate (types: javax.sql.DataSource; SearchStrategy: all) found a primary bean from beans 'dataSource' (OnBeanCondition)

   JdbcTemplateAutoConfiguration.JdbcTemplateConfiguration#jdbcTemplate matched:
      - @ConditionalOnMissingBean (types: org.springframework.jdbc.core.JdbcOperations; SearchStrategy: all) did not find any beans (OnBeanCondition)

   JdbcTemplateAutoConfiguration.NamedParameterJdbcTemplateConfiguration#namedParameterJdbcTemplate matched:
      - @ConditionalOnSingleCandidate (types: org.springframework.jdbc.core.JdbcTemplate; SearchStrategy: all) found a primary bean from beans 'jdbcTemplate'; @ConditionalOnMissingBean (types: org.springframework.jdbc.core.namedparam.NamedParameterJdbcOperations; SearchStrategy: all) did not find any beans (OnBeanCondition)

   JpaBaseConfiguration#entityManagerFactory matched:
      - @ConditionalOnMissingBean (types: org.springframework.orm.jpa.LocalContainerEntityManagerFactoryBean,javax.persistence.EntityManagerFactory; SearchStrategy: all) did not find any beans (OnBeanCondition)

   JpaBaseConfiguration#entityManagerFactoryBuilder matched:
      - @ConditionalOnMissingBean (types: org.springframework.boot.orm.jpa.EntityManagerFactoryBuilder; SearchStrategy: all) did not find any beans (OnBeanCondition)

   JpaBaseConfiguration#jpaVendorAdapter matched:
      - @ConditionalOnMissingBean (types: org.springframework.orm.jpa.JpaVendorAdapter; SearchStrategy: all) did not find any beans (OnBeanCondition)

   JpaBaseConfiguration#transactionManager matched:
      - @ConditionalOnMissingBean (types: org.springframework.transaction.PlatformTransactionManager; SearchStrategy: all) did not find any beans (OnBeanCondition)

   JpaRepositoriesAutoConfiguration matched:
      - @ConditionalOnClass found required class 'org.springframework.data.jpa.repository.JpaRepository' (OnClassCondition)
      - @ConditionalOnProperty (spring.data.jpa.repositories.enabled=true) matched (OnPropertyCondition)
      - @ConditionalOnBean (types: javax.sql.DataSource; SearchStrategy: all) found bean 'dataSource'; @ConditionalOnMissingBean (types: org.springframework.data.jpa.repository.support.JpaRepositoryFactoryBean,org.springframework.data.jpa.repository.config.JpaRepositoryConfigExtension; SearchStrategy: all) did not find any beans (OnBeanCondition)

   NoOpCacheConfiguration matched:
      - Cache org.springframework.boot.autoconfigure.cache.NoOpCacheConfiguration NONE cache type (CacheCondition)

   TestDatabaseAutoConfiguration#embeddedDataSourceBeanFactoryPostProcessor matched:
      - @ConditionalOnProperty (spring.test.database.replace=ANY) matched (OnPropertyCondition)

   TestEntityManagerAutoConfiguration matched:
      - @ConditionalOnClass found required class 'javax.persistence.EntityManagerFactory' (OnClassCondition)

   TestEntityManagerAutoConfiguration#testEntityManager matched:
      - @ConditionalOnMissingBean (types: org.springframework.boot.test.autoconfigure.orm.jpa.TestEntityManager; SearchStrategy: all) did not find any beans (OnBeanCondition)

   TransactionAutoConfiguration matched:
      - @ConditionalOnClass found required class 'org.springframework.transaction.PlatformTransactionManager' (OnClassCondition)

   TransactionAutoConfiguration#platformTransactionManagerCustomizers matched:
      - @ConditionalOnMissingBean (types: org.springframework.boot.autoconfigure.transaction.TransactionManagerCustomizers; SearchStrategy: all) did not find any beans (OnBeanCondition)

   TransactionAutoConfiguration.EnableTransactionManagementConfiguration matched:
      - @ConditionalOnBean (types: org.springframework.transaction.PlatformTransactionManager; SearchStrategy: all) found bean 'transactionManager'; @ConditionalOnMissingBean (types: org.springframework.transaction.annotation.AbstractTransactionManagementConfiguration; SearchStrategy: all) did not find any beans (OnBeanCondition)

   TransactionAutoConfiguration.EnableTransactionManagementConfiguration.CglibAutoProxyConfiguration matched:
      - @ConditionalOnProperty (spring.aop.proxy-target-class=true) matched (OnPropertyCondition)

   TransactionAutoConfiguration.TransactionTemplateConfiguration matched:
      - @ConditionalOnSingleCandidate (types: org.springframework.transaction.PlatformTransactionManager; SearchStrategy: all) found a primary bean from beans 'transactionManager' (OnBeanCondition)

   TransactionAutoConfiguration.TransactionTemplateConfiguration#transactionTemplate matched:
      - @ConditionalOnMissingBean (types: org.springframework.transaction.support.TransactionTemplate; SearchStrategy: all) did not find any beans (OnBeanCondition)


Negative matches:
-----------------

   CacheAutoConfiguration:
      Did not match:
         - @ConditionalOnBean (types: org.springframework.cache.interceptor.CacheAspectSupport; SearchStrategy: all) did not find any beans of type org.springframework.cache.interceptor.CacheAspectSupport (OnBeanCondition)
      Matched:
         - @ConditionalOnClass found required class 'org.springframework.cache.CacheManager' (OnClassCondition)

   CacheAutoConfiguration.CacheManagerJpaDependencyConfiguration:
      Did not match:
         - Ancestor org.springframework.boot.autoconfigure.cache.CacheAutoConfiguration did not match (ConditionEvaluationReport.AncestorsMatchedCondition)
      Matched:
         - @ConditionalOnClass found required class 'org.springframework.orm.jpa.LocalContainerEntityManagerFactoryBean' (OnClassCondition)

   CaffeineCacheConfiguration:
      Did not match:
         - @ConditionalOnClass did not find required classes 'com.github.benmanes.caffeine.cache.Caffeine', 'org.springframework.cache.caffeine.CaffeineCacheManager' (OnClassCondition)

   CouchbaseCacheConfiguration:
      Did not match:
         - @ConditionalOnClass did not find required classes 'com.couchbase.client.java.Bucket', 'com.couchbase.client.spring.cache.CouchbaseCacheManager' (OnClassCondition)

   DataSourceAutoConfiguration.EmbeddedDatabaseConfiguration:
      Did not match:
         - EmbeddedDataSource found supported pooled data source (DataSourceAutoConfiguration.EmbeddedDatabaseCondition)

   DataSourceConfiguration.Dbcp2:
      Did not match:
         - @ConditionalOnClass did not find required class 'org.apache.commons.dbcp2.BasicDataSource' (OnClassCondition)

   DataSourceConfiguration.Generic:
      Did not match:
         - @ConditionalOnProperty (spring.datasource.type) did not find property 'spring.datasource.type' (OnPropertyCondition)

   DataSourceConfiguration.Tomcat:
      Did not match:
         - @ConditionalOnClass did not find required class 'org.apache.tomcat.jdbc.pool.DataSource' (OnClassCondition)

   DataSourceJmxConfiguration:
      Did not match:
         - @ConditionalOnProperty (spring.jmx.enabled=true) found different value in property 'enabled' (OnPropertyCondition)

   DataSourcePoolMetadataProvidersConfiguration.CommonsDbcp2PoolDataSourceMetadataProviderConfiguration:
      Did not match:
         - @ConditionalOnClass did not find required class 'org.apache.commons.dbcp2.BasicDataSource' (OnClassCondition)

   DataSourcePoolMetadataProvidersConfiguration.TomcatDataSourcePoolMetadataProviderConfiguration:
      Did not match:
         - @ConditionalOnClass did not find required class 'org.apache.tomcat.jdbc.pool.DataSource' (OnClassCondition)

   DataSourceTransactionManagerAutoConfiguration.DataSourceTransactionManagerConfiguration#transactionManager:
      Did not match:
         - @ConditionalOnMissingBean (types: org.springframework.transaction.PlatformTransactionManager; SearchStrategy: all) found beans of type 'org.springframework.transaction.PlatformTransactionManager' transactionManager (OnBeanCondition)

   EhCacheCacheConfiguration:
      Did not match:
         - @ConditionalOnClass did not find required classes 'net.sf.ehcache.Cache', 'org.springframework.cache.ehcache.EhCacheCacheManager' (OnClassCondition)

   FlywayAutoConfiguration:
      Did not match:
         - @ConditionalOnClass did not find required class 'org.flywaydb.core.Flyway' (OnClassCondition)

   GenericCacheConfiguration:
      Did not match:
         - Cache org.springframework.boot.autoconfigure.cache.GenericCacheConfiguration unknown cache type (CacheCondition)

   HazelcastCacheConfiguration:
      Did not match:
         - @ConditionalOnClass did not find required classes 'com.hazelcast.core.HazelcastInstance', 'com.hazelcast.spring.cache.HazelcastCacheManager' (OnClassCondition)

   InfinispanCacheConfiguration:
      Did not match:
         - @ConditionalOnClass did not find required class 'org.infinispan.spring.provider.SpringEmbeddedCacheManager' (OnClassCondition)

   JCacheCacheConfiguration:
      Did not match:
         - @ConditionalOnClass did not find required classes 'javax.cache.Caching', 'org.springframework.cache.jcache.JCacheCacheManager' (OnClassCondition)

   JpaBaseConfiguration.JpaWebConfiguration:
      Did not match:
         - not a servlet web application (OnWebApplicationCondition)
      Matched:
         - @ConditionalOnClass found required class 'org.springframework.web.servlet.config.annotation.WebMvcConfigurer' (OnClassCondition)

   JpaRepositoriesAutoConfiguration#entityManagerFactoryBootstrapExecutorCustomizer:
      Did not match:
         - AnyNestedCondition 0 matched 2 did not; NestedCondition on JpaRepositoriesAutoConfiguration.BootstrapExecutorCondition.LazyBootstrapMode @ConditionalOnProperty (spring.data.jpa.repositories.bootstrap-mode=lazy) did not find property 'bootstrap-mode'; NestedCondition on JpaRepositoriesAutoConfiguration.BootstrapExecutorCondition.DeferredBootstrapMode @ConditionalOnProperty (spring.data.jpa.repositories.bootstrap-mode=deferred) did not find property 'bootstrap-mode' (JpaRepositoriesAutoConfiguration.BootstrapExecutorCondition)

   LiquibaseAutoConfiguration:
      Did not match:
         - @ConditionalOnClass did not find required class 'liquibase.change.DatabaseChange' (OnClassCondition)

   RedisCacheConfiguration:
      Did not match:
         - @ConditionalOnClass did not find required class 'org.springframework.data.redis.connection.RedisConnectionFactory' (OnClassCondition)

   SimpleCacheConfiguration:
      Did not match:
         - Cache org.springframework.boot.autoconfigure.cache.SimpleCacheConfiguration unknown cache type (CacheCondition)

   TestDatabaseAutoConfiguration#dataSource:
      Did not match:
         - @ConditionalOnProperty (spring.test.database.replace=AUTO_CONFIGURED) did not find property 'replace' (OnPropertyCondition)

   TransactionAutoConfiguration.EnableTransactionManagementConfiguration.JdkDynamicAutoProxyConfiguration:
      Did not match:
         - @ConditionalOnProperty (spring.aop.proxy-target-class=false) did not find property 'proxy-target-class' (OnPropertyCondition)


Exclusions:
-----------

    None


Unconditional classes:
----------------------

    org.springframework.boot.test.autoconfigure.jdbc.TestDatabaseAutoConfiguration



2019-12-07 13:56:32.971  INFO 15190 --- [    Test worker] k.g.j.s.d.posts.PostsRepositoryTest      : Started PostsRepositoryTest in 0.442 seconds (JVM running for 10.387)
2019-12-07 13:56:32.972 DEBUG 15190 --- [    Test worker] c.DefaultCacheAwareContextLoaderDelegate : Storing ApplicationContext in cache under key [[MergedContextConfiguration@619de4e8 testClass = PostsRepositoryTest, locations = '{}', classes = '{class kr.gracelove.jojoldu.springboot.Application}', contextInitializerClasses = '[]', activeProfiles = '{}', propertySourceLocations = '{}', propertySourceProperties = '{org.springframework.boot.test.autoconfigure.orm.jpa.DataJpaTestContextBootstrapper=true}', contextCustomizers = set[org.springframework.boot.test.autoconfigure.OverrideAutoConfigurationContextCustomizerFactory$DisableAutoConfigurationContextCustomizer@29891e1c, org.springframework.boot.test.autoconfigure.filter.TypeExcludeFiltersContextCustomizer@351584c0, org.springframework.boot.test.autoconfigure.properties.PropertyMappingContextCustomizer@558d0b83, org.springframework.boot.test.autoconfigure.web.servlet.WebDriverContextCustomizerFactory$Customizer@4e536a8f, [ImportsContextCustomizer@5b1fd7a5 key = [org.springframework.boot.autoconfigure.cache.CacheAutoConfiguration, org.springframework.boot.autoconfigure.data.jpa.JpaRepositoriesAutoConfiguration, org.springframework.boot.autoconfigure.flyway.FlywayAutoConfiguration, org.springframework.boot.autoconfigure.jdbc.DataSourceAutoConfiguration, org.springframework.boot.autoconfigure.jdbc.DataSourceTransactionManagerAutoConfiguration, org.springframework.boot.autoconfigure.jdbc.JdbcTemplateAutoConfiguration, org.springframework.boot.autoconfigure.liquibase.LiquibaseAutoConfiguration, org.springframework.boot.autoconfigure.orm.jpa.HibernateJpaAutoConfiguration, org.springframework.boot.autoconfigure.transaction.TransactionAutoConfiguration, org.springframework.boot.test.autoconfigure.jdbc.TestDatabaseAutoConfiguration, org.springframework.boot.test.autoconfigure.orm.jpa.TestEntityManagerAutoConfiguration]], org.springframework.boot.test.context.filter.ExcludeFilterContextCustomizer@1bdccf26, org.springframework.boot.test.json.DuplicateJsonObjectContextCustomizerFactory$DuplicateJsonObjectContextCustomizer@640f81a4, org.springframework.boot.test.mock.mockito.MockitoContextCustomizer@0], contextLoader = 'org.springframework.boot.test.context.SpringBootContextLoader', parent = [null]]]
2019-12-07 13:56:32.972 DEBUG 15190 --- [    Test worker] org.springframework.test.context.cache   : Spring test ApplicationContext cache statistics: [DefaultContextCache@1e7bd3ac size = 2, maxSize = 32, parentContextCount = 0, hitCount = 17, missCount = 2]
2019-12-07 13:56:32.975 DEBUG 15190 --- [    Test worker] tractDirtiesContextTestExecutionListener : Before test method: context [DefaultTestContext@50954e13 testClass = PostsRepositoryTest, testInstance = kr.gracelove.jojoldu.springboot.domain.posts.PostsRepositoryTest@2a1f372c, testMethod = 게시글_저장_불러오기@PostsRepositoryTest, testException = [null], mergedContextConfiguration = [MergedContextConfiguration@619de4e8 testClass = PostsRepositoryTest, locations = '{}', classes = '{class kr.gracelove.jojoldu.springboot.Application}', contextInitializerClasses = '[]', activeProfiles = '{}', propertySourceLocations = '{}', propertySourceProperties = '{org.springframework.boot.test.autoconfigure.orm.jpa.DataJpaTestContextBootstrapper=true}', contextCustomizers = set[org.springframework.boot.test.autoconfigure.OverrideAutoConfigurationContextCustomizerFactory$DisableAutoConfigurationContextCustomizer@29891e1c, org.springframework.boot.test.autoconfigure.filter.TypeExcludeFiltersContextCustomizer@351584c0, org.springframework.boot.test.autoconfigure.properties.PropertyMappingContextCustomizer@558d0b83, org.springframework.boot.test.autoconfigure.web.servlet.WebDriverContextCustomizerFactory$Customizer@4e536a8f, [ImportsContextCustomizer@5b1fd7a5 key = [org.springframework.boot.autoconfigure.cache.CacheAutoConfiguration, org.springframework.boot.autoconfigure.data.jpa.JpaRepositoriesAutoConfiguration, org.springframework.boot.autoconfigure.flyway.FlywayAutoConfiguration, org.springframework.boot.autoconfigure.jdbc.DataSourceAutoConfiguration, org.springframework.boot.autoconfigure.jdbc.DataSourceTransactionManagerAutoConfiguration, org.springframework.boot.autoconfigure.jdbc.JdbcTemplateAutoConfiguration, org.springframework.boot.autoconfigure.liquibase.LiquibaseAutoConfiguration, org.springframework.boot.autoconfigure.orm.jpa.HibernateJpaAutoConfiguration, org.springframework.boot.autoconfigure.transaction.TransactionAutoConfiguration, org.springframework.boot.test.autoconfigure.jdbc.TestDatabaseAutoConfiguration, org.springframework.boot.test.autoconfigure.orm.jpa.TestEntityManagerAutoConfiguration]], org.springframework.boot.test.context.filter.ExcludeFilterContextCustomizer@1bdccf26, org.springframework.boot.test.json.DuplicateJsonObjectContextCustomizerFactory$DuplicateJsonObjectContextCustomizer@640f81a4, org.springframework.boot.test.mock.mockito.MockitoContextCustomizer@0], contextLoader = 'org.springframework.boot.test.context.SpringBootContextLoader', parent = [null]], attributes = map[[empty]]], class annotated with @DirtiesContext [false] with mode [null], method annotated with @DirtiesContext [false] with mode [null].
2019-12-07 13:56:32.976 DEBUG 15190 --- [    Test worker] t.c.t.TransactionalTestExecutionListener : Explicit transaction definition [PROPAGATION_REQUIRED,ISOLATION_DEFAULT] found for test context [DefaultTestContext@50954e13 testClass = PostsRepositoryTest, testInstance = kr.gracelove.jojoldu.springboot.domain.posts.PostsRepositoryTest@2a1f372c, testMethod = 게시글_저장_불러오기@PostsRepositoryTest, testException = [null], mergedContextConfiguration = [MergedContextConfiguration@619de4e8 testClass = PostsRepositoryTest, locations = '{}', classes = '{class kr.gracelove.jojoldu.springboot.Application}', contextInitializerClasses = '[]', activeProfiles = '{}', propertySourceLocations = '{}', propertySourceProperties = '{org.springframework.boot.test.autoconfigure.orm.jpa.DataJpaTestContextBootstrapper=true}', contextCustomizers = set[org.springframework.boot.test.autoconfigure.OverrideAutoConfigurationContextCustomizerFactory$DisableAutoConfigurationContextCustomizer@29891e1c, org.springframework.boot.test.autoconfigure.filter.TypeExcludeFiltersContextCustomizer@351584c0, org.springframework.boot.test.autoconfigure.properties.PropertyMappingContextCustomizer@558d0b83, org.springframework.boot.test.autoconfigure.web.servlet.WebDriverContextCustomizerFactory$Customizer@4e536a8f, [ImportsContextCustomizer@5b1fd7a5 key = [org.springframework.boot.autoconfigure.cache.CacheAutoConfiguration, org.springframework.boot.autoconfigure.data.jpa.JpaRepositoriesAutoConfiguration, org.springframework.boot.autoconfigure.flyway.FlywayAutoConfiguration, org.springframework.boot.autoconfigure.jdbc.DataSourceAutoConfiguration, org.springframework.boot.autoconfigure.jdbc.DataSourceTransactionManagerAutoConfiguration, org.springframework.boot.autoconfigure.jdbc.JdbcTemplateAutoConfiguration, org.springframework.boot.autoconfigure.liquibase.LiquibaseAutoConfiguration, org.springframework.boot.autoconfigure.orm.jpa.HibernateJpaAutoConfiguration, org.springframework.boot.autoconfigure.transaction.TransactionAutoConfiguration, org.springframework.boot.test.autoconfigure.jdbc.TestDatabaseAutoConfiguration, org.springframework.boot.test.autoconfigure.orm.jpa.TestEntityManagerAutoConfiguration]], org.springframework.boot.test.context.filter.ExcludeFilterContextCustomizer@1bdccf26, org.springframework.boot.test.json.DuplicateJsonObjectContextCustomizerFactory$DuplicateJsonObjectContextCustomizer@640f81a4, org.springframework.boot.test.mock.mockito.MockitoContextCustomizer@0], contextLoader = 'org.springframework.boot.test.context.SpringBootContextLoader', parent = [null]], attributes = map[[empty]]]
2019-12-07 13:56:32.977 DEBUG 15190 --- [    Test worker] c.DefaultCacheAwareContextLoaderDelegate : Retrieved ApplicationContext from cache with key [[MergedContextConfiguration@619de4e8 testClass = PostsRepositoryTest, locations = '{}', classes = '{class kr.gracelove.jojoldu.springboot.Application}', contextInitializerClasses = '[]', activeProfiles = '{}', propertySourceLocations = '{}', propertySourceProperties = '{org.springframework.boot.test.autoconfigure.orm.jpa.DataJpaTestContextBootstrapper=true}', contextCustomizers = set[org.springframework.boot.test.autoconfigure.OverrideAutoConfigurationContextCustomizerFactory$DisableAutoConfigurationContextCustomizer@29891e1c, org.springframework.boot.test.autoconfigure.filter.TypeExcludeFiltersContextCustomizer@351584c0, org.springframework.boot.test.autoconfigure.properties.PropertyMappingContextCustomizer@558d0b83, org.springframework.boot.test.autoconfigure.web.servlet.WebDriverContextCustomizerFactory$Customizer@4e536a8f, [ImportsContextCustomizer@5b1fd7a5 key = [org.springframework.boot.autoconfigure.cache.CacheAutoConfiguration, org.springframework.boot.autoconfigure.data.jpa.JpaRepositoriesAutoConfiguration, org.springframework.boot.autoconfigure.flyway.FlywayAutoConfiguration, org.springframework.boot.autoconfigure.jdbc.DataSourceAutoConfiguration, org.springframework.boot.autoconfigure.jdbc.DataSourceTransactionManagerAutoConfiguration, org.springframework.boot.autoconfigure.jdbc.JdbcTemplateAutoConfiguration, org.springframework.boot.autoconfigure.liquibase.LiquibaseAutoConfiguration, org.springframework.boot.autoconfigure.orm.jpa.HibernateJpaAutoConfiguration, org.springframework.boot.autoconfigure.transaction.TransactionAutoConfiguration, org.springframework.boot.test.autoconfigure.jdbc.TestDatabaseAutoConfiguration, org.springframework.boot.test.autoconfigure.orm.jpa.TestEntityManagerAutoConfiguration]], org.springframework.boot.test.context.filter.ExcludeFilterContextCustomizer@1bdccf26, org.springframework.boot.test.json.DuplicateJsonObjectContextCustomizerFactory$DuplicateJsonObjectContextCustomizer@640f81a4, org.springframework.boot.test.mock.mockito.MockitoContextCustomizer@0], contextLoader = 'org.springframework.boot.test.context.SpringBootContextLoader', parent = [null]]]
2019-12-07 13:56:32.977 DEBUG 15190 --- [    Test worker] org.springframework.test.context.cache   : Spring test ApplicationContext cache statistics: [DefaultContextCache@1e7bd3ac size = 2, maxSize = 32, parentContextCount = 0, hitCount = 18, missCount = 2]
2019-12-07 13:56:32.979 DEBUG 15190 --- [    Test worker] t.c.t.TransactionalTestExecutionListener : No method-level @Rollback override: using default rollback [true] for test context [DefaultTestContext@50954e13 testClass = PostsRepositoryTest, testInstance = kr.gracelove.jojoldu.springboot.domain.posts.PostsRepositoryTest@2a1f372c, testMethod = 게시글_저장_불러오기@PostsRepositoryTest, testException = [null], mergedContextConfiguration = [MergedContextConfiguration@619de4e8 testClass = PostsRepositoryTest, locations = '{}', classes = '{class kr.gracelove.jojoldu.springboot.Application}', contextInitializerClasses = '[]', activeProfiles = '{}', propertySourceLocations = '{}', propertySourceProperties = '{org.springframework.boot.test.autoconfigure.orm.jpa.DataJpaTestContextBootstrapper=true}', contextCustomizers = set[org.springframework.boot.test.autoconfigure.OverrideAutoConfigurationContextCustomizerFactory$DisableAutoConfigurationContextCustomizer@29891e1c, org.springframework.boot.test.autoconfigure.filter.TypeExcludeFiltersContextCustomizer@351584c0, org.springframework.boot.test.autoconfigure.properties.PropertyMappingContextCustomizer@558d0b83, org.springframework.boot.test.autoconfigure.web.servlet.WebDriverContextCustomizerFactory$Customizer@4e536a8f, [ImportsContextCustomizer@5b1fd7a5 key = [org.springframework.boot.autoconfigure.cache.CacheAutoConfiguration, org.springframework.boot.autoconfigure.data.jpa.JpaRepositoriesAutoConfiguration, org.springframework.boot.autoconfigure.flyway.FlywayAutoConfiguration, org.springframework.boot.autoconfigure.jdbc.DataSourceAutoConfiguration, org.springframework.boot.autoconfigure.jdbc.DataSourceTransactionManagerAutoConfiguration, org.springframework.boot.autoconfigure.jdbc.JdbcTemplateAutoConfiguration, org.springframework.boot.autoconfigure.liquibase.LiquibaseAutoConfiguration, org.springframework.boot.autoconfigure.orm.jpa.HibernateJpaAutoConfiguration, org.springframework.boot.autoconfigure.transaction.TransactionAutoConfiguration, org.springframework.boot.test.autoconfigure.jdbc.TestDatabaseAutoConfiguration, org.springframework.boot.test.autoconfigure.orm.jpa.TestEntityManagerAutoConfiguration]], org.springframework.boot.test.context.filter.ExcludeFilterContextCustomizer@1bdccf26, org.springframework.boot.test.json.DuplicateJsonObjectContextCustomizerFactory$DuplicateJsonObjectContextCustomizer@640f81a4, org.springframework.boot.test.mock.mockito.MockitoContextCustomizer@0], contextLoader = 'org.springframework.boot.test.context.SpringBootContextLoader', parent = [null]], attributes = map[[empty]]].
2019-12-07 13:56:32.980 DEBUG 15190 --- [    Test worker] o.s.orm.jpa.JpaTransactionManager        : Creating new transaction with name [kr.gracelove.jojoldu.springboot.domain.posts.PostsRepositoryTest.게시글_저장_불러오기]: PROPAGATION_REQUIRED,ISOLATION_DEFAULT
2019-12-07 13:56:32.980 DEBUG 15190 --- [    Test worker] o.s.orm.jpa.JpaTransactionManager        : Opened new EntityManager [SessionImpl(1746213129<open>)] for JPA transaction
2019-12-07 13:56:32.981 DEBUG 15190 --- [    Test worker] o.h.e.t.internal.TransactionImpl         : On TransactionImpl creation, JpaCompliance#isJpaTransactionComplianceEnabled == false
2019-12-07 13:56:32.981 DEBUG 15190 --- [    Test worker] o.h.e.t.internal.TransactionImpl         : begin
2019-12-07 13:56:32.981 DEBUG 15190 --- [    Test worker] o.s.j.datasource.SimpleDriverDataSource  : Creating new JDBC Driver Connection to [jdbc:h2:mem:715a69aa-c0a9-45d6-a328-8d71f3b1764c;DB_CLOSE_DELAY=-1;DB_CLOSE_ON_EXIT=false]
2019-12-07 13:56:32.981 DEBUG 15190 --- [    Test worker] o.s.orm.jpa.JpaTransactionManager        : Exposing JPA transaction as JDBC [org.springframework.orm.jpa.vendor.HibernateJpaDialect$HibernateConnectionHandle@115b6aba]
2019-12-07 13:56:32.981  INFO 15190 --- [    Test worker] o.s.t.c.transaction.TransactionContext   : Began transaction (1) for test context [DefaultTestContext@50954e13 testClass = PostsRepositoryTest, testInstance = kr.gracelove.jojoldu.springboot.domain.posts.PostsRepositoryTest@2a1f372c, testMethod = 게시글_저장_불러오기@PostsRepositoryTest, testException = [null], mergedContextConfiguration = [MergedContextConfiguration@619de4e8 testClass = PostsRepositoryTest, locations = '{}', classes = '{class kr.gracelove.jojoldu.springboot.Application}', contextInitializerClasses = '[]', activeProfiles = '{}', propertySourceLocations = '{}', propertySourceProperties = '{org.springframework.boot.test.autoconfigure.orm.jpa.DataJpaTestContextBootstrapper=true}', contextCustomizers = set[org.springframework.boot.test.autoconfigure.OverrideAutoConfigurationContextCustomizerFactory$DisableAutoConfigurationContextCustomizer@29891e1c, org.springframework.boot.test.autoconfigure.filter.TypeExcludeFiltersContextCustomizer@351584c0, org.springframework.boot.test.autoconfigure.properties.PropertyMappingContextCustomizer@558d0b83, org.springframework.boot.test.autoconfigure.web.servlet.WebDriverContextCustomizerFactory$Customizer@4e536a8f, [ImportsContextCustomizer@5b1fd7a5 key = [org.springframework.boot.autoconfigure.cache.CacheAutoConfiguration, org.springframework.boot.autoconfigure.data.jpa.JpaRepositoriesAutoConfiguration, org.springframework.boot.autoconfigure.flyway.FlywayAutoConfiguration, org.springframework.boot.autoconfigure.jdbc.DataSourceAutoConfiguration, org.springframework.boot.autoconfigure.jdbc.DataSourceTransactionManagerAutoConfiguration, org.springframework.boot.autoconfigure.jdbc.JdbcTemplateAutoConfiguration, org.springframework.boot.autoconfigure.liquibase.LiquibaseAutoConfiguration, org.springframework.boot.autoconfigure.orm.jpa.HibernateJpaAutoConfiguration, org.springframework.boot.autoconfigure.transaction.TransactionAutoConfiguration, org.springframework.boot.test.autoconfigure.jdbc.TestDatabaseAutoConfiguration, org.springframework.boot.test.autoconfigure.orm.jpa.TestEntityManagerAutoConfiguration]], org.springframework.boot.test.context.filter.ExcludeFilterContextCustomizer@1bdccf26, org.springframework.boot.test.json.DuplicateJsonObjectContextCustomizerFactory$DuplicateJsonObjectContextCustomizer@640f81a4, org.springframework.boot.test.mock.mockito.MockitoContextCustomizer@0], contextLoader = 'org.springframework.boot.test.context.SpringBootContextLoader', parent = [null]], attributes = map[[empty]]]; transaction manager [org.springframework.orm.jpa.JpaTransactionManager@366f8d73]; rollback [true]
2019-12-07 13:56:32.982 DEBUG 15190 --- [    Test worker] c.DefaultCacheAwareContextLoaderDelegate : Retrieved ApplicationContext from cache with key [[MergedContextConfiguration@619de4e8 testClass = PostsRepositoryTest, locations = '{}', classes = '{class kr.gracelove.jojoldu.springboot.Application}', contextInitializerClasses = '[]', activeProfiles = '{}', propertySourceLocations = '{}', propertySourceProperties = '{org.springframework.boot.test.autoconfigure.orm.jpa.DataJpaTestContextBootstrapper=true}', contextCustomizers = set[org.springframework.boot.test.autoconfigure.OverrideAutoConfigurationContextCustomizerFactory$DisableAutoConfigurationContextCustomizer@29891e1c, org.springframework.boot.test.autoconfigure.filter.TypeExcludeFiltersContextCustomizer@351584c0, org.springframework.boot.test.autoconfigure.properties.PropertyMappingContextCustomizer@558d0b83, org.springframework.boot.test.autoconfigure.web.servlet.WebDriverContextCustomizerFactory$Customizer@4e536a8f, [ImportsContextCustomizer@5b1fd7a5 key = [org.springframework.boot.autoconfigure.cache.CacheAutoConfiguration, org.springframework.boot.autoconfigure.data.jpa.JpaRepositoriesAutoConfiguration, org.springframework.boot.autoconfigure.flyway.FlywayAutoConfiguration, org.springframework.boot.autoconfigure.jdbc.DataSourceAutoConfiguration, org.springframework.boot.autoconfigure.jdbc.DataSourceTransactionManagerAutoConfiguration, org.springframework.boot.autoconfigure.jdbc.JdbcTemplateAutoConfiguration, org.springframework.boot.autoconfigure.liquibase.LiquibaseAutoConfiguration, org.springframework.boot.autoconfigure.orm.jpa.HibernateJpaAutoConfiguration, org.springframework.boot.autoconfigure.transaction.TransactionAutoConfiguration, org.springframework.boot.test.autoconfigure.jdbc.TestDatabaseAutoConfiguration, org.springframework.boot.test.autoconfigure.orm.jpa.TestEntityManagerAutoConfiguration]], org.springframework.boot.test.context.filter.ExcludeFilterContextCustomizer@1bdccf26, org.springframework.boot.test.json.DuplicateJsonObjectContextCustomizerFactory$DuplicateJsonObjectContextCustomizer@640f81a4, org.springframework.boot.test.mock.mockito.MockitoContextCustomizer@0], contextLoader = 'org.springframework.boot.test.context.SpringBootContextLoader', parent = [null]]]
2019-12-07 13:56:32.983 DEBUG 15190 --- [    Test worker] org.springframework.test.context.cache   : Spring test ApplicationContext cache statistics: [DefaultContextCache@1e7bd3ac size = 2, maxSize = 32, parentContextCount = 0, hitCount = 19, missCount = 2]
2019-12-07 13:56:32.983 DEBUG 15190 --- [    Test worker] stomAnnotationTransactionAttributeSource : Adding transactional method 'save' with attribute: PROPAGATION_REQUIRED,ISOLATION_DEFAULT
2019-12-07 13:56:32.983 DEBUG 15190 --- [    Test worker] o.s.orm.jpa.JpaTransactionManager        : Found thread-bound EntityManager [SessionImpl(1746213129<open>)] for JPA transaction
2019-12-07 13:56:32.983 DEBUG 15190 --- [    Test worker] o.s.orm.jpa.JpaTransactionManager        : Participating in existing transaction
2019-12-07 13:56:32.989 DEBUG 15190 --- [    Test worker] o.s.data.auditing.AuditingHandler        : Touched kr.gracelove.jojoldu.springboot.domain.posts.Posts@6bce82a5 - Last modification at 2019-12-07T13:56:32.988820 by unknown
2019-12-07 13:56:32.989 DEBUG 15190 --- [    Test worker] org.hibernate.engine.spi.ActionQueue     : Executing identity-insert immediately
2019-12-07 13:56:32.989 DEBUG 15190 --- [    Test worker] org.hibernate.SQL                        : insert into posts (id, created_date, modified_date, author, content, title) values (null, ?, ?, ?, ?, ?)
Hibernate: insert into posts (id, created_date, modified_date, author, content, title) values (null, ?, ?, ?, ?, ?)
2019-12-07 13:56:32.990 DEBUG 15190 --- [    Test worker] o.h.id.IdentifierGeneratorHelper         : Natively generated identity: 1
2019-12-07 13:56:32.990 DEBUG 15190 --- [    Test worker] o.h.r.j.i.ResourceRegistryStandardImpl   : HHH000387: ResultSet's statement was not registered
2019-12-07 13:56:32.991 DEBUG 15190 --- [    Test worker] stomAnnotationTransactionAttributeSource : Adding transactional method 'findAll' with attribute: PROPAGATION_REQUIRED,ISOLATION_DEFAULT,readOnly
2019-12-07 13:56:32.991 DEBUG 15190 --- [    Test worker] o.s.orm.jpa.JpaTransactionManager        : Found thread-bound EntityManager [SessionImpl(1746213129<open>)] for JPA transaction
2019-12-07 13:56:32.991 DEBUG 15190 --- [    Test worker] o.s.orm.jpa.JpaTransactionManager        : Participating in existing transaction
2019-12-07 13:56:32.991 DEBUG 15190 --- [    Test worker] o.h.q.c.internal.CriteriaQueryImpl       : Rendered criteria query -> select generatedAlias0 from Posts as generatedAlias0
2019-12-07 13:56:32.991 DEBUG 15190 --- [    Test worker] o.h.h.internal.ast.QueryTranslatorImpl   : parse() - HQL: select generatedAlias0 from kr.gracelove.jojoldu.springboot.domain.posts.Posts as generatedAlias0
2019-12-07 13:56:32.992 DEBUG 15190 --- [    Test worker] o.h.hql.internal.ast.ErrorTracker        : throwQueryException() : no errors
2019-12-07 13:56:32.992 DEBUG 15190 --- [    Test worker] o.h.h.internal.ast.QueryTranslatorImpl   : --- HQL AST ---
 \-[QUERY] Node: 'query'
    \-[SELECT_FROM] Node: 'SELECT_FROM'
       +-[FROM] Node: 'from'
       |  \-[RANGE] Node: 'RANGE'
       |     +-[DOT] Node: '.'
       |     |  +-[DOT] Node: '.'
       |     |  |  +-[DOT] Node: '.'
       |     |  |  |  +-[DOT] Node: '.'
       |     |  |  |  |  +-[DOT] Node: '.'
       |     |  |  |  |  |  +-[DOT] Node: '.'
       |     |  |  |  |  |  |  +-[IDENT] Node: 'kr'
       |     |  |  |  |  |  |  \-[IDENT] Node: 'gracelove'
       |     |  |  |  |  |  \-[IDENT] Node: 'jojoldu'
       |     |  |  |  |  \-[IDENT] Node: 'springboot'
       |     |  |  |  \-[IDENT] Node: 'domain'
       |     |  |  \-[IDENT] Node: 'posts'
       |     |  \-[IDENT] Node: 'Posts'
       |     \-[ALIAS] Node: 'generatedAlias0'
       \-[SELECT] Node: 'select'
          \-[IDENT] Node: 'generatedAlias0'

2019-12-07 13:56:32.992 DEBUG 15190 --- [    Test worker] o.h.hql.internal.antlr.HqlSqlBaseWalker  : select << begin [level=1, statement=select]
2019-12-07 13:56:32.992 DEBUG 15190 --- [    Test worker] o.h.hql.internal.ast.tree.FromElement    : FromClause{level=1} : kr.gracelove.jojoldu.springboot.domain.posts.Posts (generatedAlias0) -> posts0_
2019-12-07 13:56:32.992 DEBUG 15190 --- [    Test worker] o.h.h.i.ast.tree.FromReferenceNode       : Resolved : generatedAlias0 -> posts0_.id
2019-12-07 13:56:32.992 DEBUG 15190 --- [    Test worker] o.h.hql.internal.antlr.HqlSqlBaseWalker  : select : finishing up [level=1, statement=select]
2019-12-07 13:56:32.992 DEBUG 15190 --- [    Test worker] o.h.hql.internal.ast.HqlSqlWalker        : processQuery() :  ( SELECT ( {select clause} posts0_.id ) ( FromClause{level=1} posts posts0_ ) )
2019-12-07 13:56:32.993 DEBUG 15190 --- [    Test worker] o.h.hql.internal.ast.util.JoinProcessor  : Using FROM fragment [posts posts0_]
2019-12-07 13:56:32.993 DEBUG 15190 --- [    Test worker] o.h.hql.internal.antlr.HqlSqlBaseWalker  : select >> end [level=1, statement=select]
2019-12-07 13:56:32.993 DEBUG 15190 --- [    Test worker] o.h.h.internal.ast.QueryTranslatorImpl   : --- SQL AST ---
 \-[SELECT] QueryNode: 'SELECT'  querySpaces (posts)
    +-[SELECT_CLAUSE] SelectClause: '{select clause}'
    |  +-[ALIAS_REF] IdentNode: 'posts0_.id as id1_0_' {alias=generatedAlias0, className=kr.gracelove.jojoldu.springboot.domain.posts.Posts, tableAlias=posts0_}
    |  \-[SQL_TOKEN] SqlFragment: 'posts0_.created_date as created_2_0_, posts0_.modified_date as modified3_0_, posts0_.author as author4_0_, posts0_.content as content5_0_, posts0_.title as title6_0_'
    \-[FROM] FromClause: 'from' FromClause{level=1, fromElementCounter=1, fromElements=1, fromElementByClassAlias=[generatedAlias0], fromElementByTableAlias=[posts0_], fromElementsByPath=[], collectionJoinFromElementsByPath=[], impliedElements=[]}
       \-[FROM_FRAGMENT] FromElement: 'posts posts0_' FromElement{explicit,not a collection join,not a fetch join,fetch non-lazy properties,classAlias=generatedAlias0,role=null,tableName=posts,tableAlias=posts0_,origin=null,columns={,className=kr.gracelove.jojoldu.springboot.domain.posts.Posts}}

2019-12-07 13:56:32.993 DEBUG 15190 --- [    Test worker] o.h.hql.internal.ast.ErrorTracker        : throwQueryException() : no errors
2019-12-07 13:56:32.993 DEBUG 15190 --- [    Test worker] o.h.h.internal.ast.QueryTranslatorImpl   : HQL: select generatedAlias0 from kr.gracelove.jojoldu.springboot.domain.posts.Posts as generatedAlias0
2019-12-07 13:56:32.993 DEBUG 15190 --- [    Test worker] o.h.h.internal.ast.QueryTranslatorImpl   : SQL: select posts0_.id as id1_0_, posts0_.created_date as created_2_0_, posts0_.modified_date as modified3_0_, posts0_.author as author4_0_, posts0_.content as content5_0_, posts0_.title as title6_0_ from posts posts0_
2019-12-07 13:56:32.993 DEBUG 15190 --- [    Test worker] o.h.hql.internal.ast.ErrorTracker        : throwQueryException() : no errors
2019-12-07 13:56:32.993 DEBUG 15190 --- [    Test worker] o.h.e.i.AbstractFlushingEventListener    : Processing flush-time cascades
2019-12-07 13:56:32.993 DEBUG 15190 --- [    Test worker] o.h.e.i.AbstractFlushingEventListener    : Dirty checking collections
2019-12-07 13:56:32.993 DEBUG 15190 --- [    Test worker] o.h.e.i.AbstractFlushingEventListener    : Flushed: 0 insertions, 0 updates, 0 deletions to 1 objects
2019-12-07 13:56:32.993 DEBUG 15190 --- [    Test worker] o.h.e.i.AbstractFlushingEventListener    : Flushed: 0 (re)creations, 0 updates, 0 removals to 0 collections
2019-12-07 13:56:32.993 DEBUG 15190 --- [    Test worker] o.hibernate.internal.util.EntityPrinter  : Listing entities:
2019-12-07 13:56:32.993 DEBUG 15190 --- [    Test worker] o.hibernate.internal.util.EntityPrinter  : kr.gracelove.jojoldu.springboot.domain.posts.Posts{createdDate=2019-12-07T13:56:32.988820, author=govlmo91@gmail.com, modifiedDate=2019-12-07T13:56:32.988820, id=1, title=테스트 게시글, content=테스트 본문}
2019-12-07 13:56:32.994 DEBUG 15190 --- [    Test worker] org.hibernate.SQL                        : select posts0_.id as id1_0_, posts0_.created_date as created_2_0_, posts0_.modified_date as modified3_0_, posts0_.author as author4_0_, posts0_.content as content5_0_, posts0_.title as title6_0_ from posts posts0_
Hibernate: select posts0_.id as id1_0_, posts0_.created_date as created_2_0_, posts0_.modified_date as modified3_0_, posts0_.author as author4_0_, posts0_.content as content5_0_, posts0_.title as title6_0_ from posts posts0_
2019-12-07 13:56:32.994 DEBUG 15190 --- [    Test worker] org.hibernate.loader.Loader              : Result set row: 0
2019-12-07 13:56:32.994 DEBUG 15190 --- [    Test worker] org.hibernate.loader.Loader              : Result row: EntityKey[kr.gracelove.jojoldu.springboot.domain.posts.Posts#1]
2019-12-07 13:56:32.995 DEBUG 15190 --- [    Test worker] stomAnnotationTransactionAttributeSource : Adding transactional method 'deleteAll' with attribute: PROPAGATION_REQUIRED,ISOLATION_DEFAULT
2019-12-07 13:56:32.995 DEBUG 15190 --- [    Test worker] o.s.orm.jpa.JpaTransactionManager        : Found thread-bound EntityManager [SessionImpl(1746213129<open>)] for JPA transaction
2019-12-07 13:56:32.995 DEBUG 15190 --- [    Test worker] o.s.orm.jpa.JpaTransactionManager        : Participating in existing transaction
2019-12-07 13:56:32.996 DEBUG 15190 --- [    Test worker] o.h.q.c.internal.CriteriaQueryImpl       : Rendered criteria query -> select generatedAlias0 from Posts as generatedAlias0
2019-12-07 13:56:32.996 DEBUG 15190 --- [    Test worker] o.h.e.i.AbstractFlushingEventListener    : Processing flush-time cascades
2019-12-07 13:56:32.996 DEBUG 15190 --- [    Test worker] o.h.e.i.AbstractFlushingEventListener    : Dirty checking collections
2019-12-07 13:56:32.997 DEBUG 15190 --- [    Test worker] o.h.e.i.AbstractFlushingEventListener    : Flushed: 0 insertions, 0 updates, 0 deletions to 1 objects
2019-12-07 13:56:32.997 DEBUG 15190 --- [    Test worker] o.h.e.i.AbstractFlushingEventListener    : Flushed: 0 (re)creations, 0 updates, 0 removals to 0 collections
2019-12-07 13:56:32.997 DEBUG 15190 --- [    Test worker] o.hibernate.internal.util.EntityPrinter  : Listing entities:
2019-12-07 13:56:32.997 DEBUG 15190 --- [    Test worker] o.hibernate.internal.util.EntityPrinter  : kr.gracelove.jojoldu.springboot.domain.posts.Posts{createdDate=2019-12-07T13:56:32.988820, author=govlmo91@gmail.com, modifiedDate=2019-12-07T13:56:32.988820, id=1, title=테스트 게시글, content=테스트 본문}
2019-12-07 13:56:32.997 DEBUG 15190 --- [    Test worker] org.hibernate.SQL                        : select posts0_.id as id1_0_, posts0_.created_date as created_2_0_, posts0_.modified_date as modified3_0_, posts0_.author as author4_0_, posts0_.content as content5_0_, posts0_.title as title6_0_ from posts posts0_
Hibernate: select posts0_.id as id1_0_, posts0_.created_date as created_2_0_, posts0_.modified_date as modified3_0_, posts0_.author as author4_0_, posts0_.content as content5_0_, posts0_.title as title6_0_ from posts posts0_
2019-12-07 13:56:32.997 DEBUG 15190 --- [    Test worker] org.hibernate.loader.Loader              : Result set row: 0
2019-12-07 13:56:32.997 DEBUG 15190 --- [    Test worker] org.hibernate.loader.Loader              : Result row: EntityKey[kr.gracelove.jojoldu.springboot.domain.posts.Posts#1]
2019-12-07 13:56:32.998 DEBUG 15190 --- [    Test worker] c.DefaultCacheAwareContextLoaderDelegate : Retrieved ApplicationContext from cache with key [[MergedContextConfiguration@619de4e8 testClass = PostsRepositoryTest, locations = '{}', classes = '{class kr.gracelove.jojoldu.springboot.Application}', contextInitializerClasses = '[]', activeProfiles = '{}', propertySourceLocations = '{}', propertySourceProperties = '{org.springframework.boot.test.autoconfigure.orm.jpa.DataJpaTestContextBootstrapper=true}', contextCustomizers = set[org.springframework.boot.test.autoconfigure.OverrideAutoConfigurationContextCustomizerFactory$DisableAutoConfigurationContextCustomizer@29891e1c, org.springframework.boot.test.autoconfigure.filter.TypeExcludeFiltersContextCustomizer@351584c0, org.springframework.boot.test.autoconfigure.properties.PropertyMappingContextCustomizer@558d0b83, org.springframework.boot.test.autoconfigure.web.servlet.WebDriverContextCustomizerFactory$Customizer@4e536a8f, [ImportsContextCustomizer@5b1fd7a5 key = [org.springframework.boot.autoconfigure.cache.CacheAutoConfiguration, org.springframework.boot.autoconfigure.data.jpa.JpaRepositoriesAutoConfiguration, org.springframework.boot.autoconfigure.flyway.FlywayAutoConfiguration, org.springframework.boot.autoconfigure.jdbc.DataSourceAutoConfiguration, org.springframework.boot.autoconfigure.jdbc.DataSourceTransactionManagerAutoConfiguration, org.springframework.boot.autoconfigure.jdbc.JdbcTemplateAutoConfiguration, org.springframework.boot.autoconfigure.liquibase.LiquibaseAutoConfiguration, org.springframework.boot.autoconfigure.orm.jpa.HibernateJpaAutoConfiguration, org.springframework.boot.autoconfigure.transaction.TransactionAutoConfiguration, org.springframework.boot.test.autoconfigure.jdbc.TestDatabaseAutoConfiguration, org.springframework.boot.test.autoconfigure.orm.jpa.TestEntityManagerAutoConfiguration]], org.springframework.boot.test.context.filter.ExcludeFilterContextCustomizer@1bdccf26, org.springframework.boot.test.json.DuplicateJsonObjectContextCustomizerFactory$DuplicateJsonObjectContextCustomizer@640f81a4, org.springframework.boot.test.mock.mockito.MockitoContextCustomizer@0], contextLoader = 'org.springframework.boot.test.context.SpringBootContextLoader', parent = [null]]]
2019-12-07 13:56:32.998 DEBUG 15190 --- [    Test worker] org.springframework.test.context.cache   : Spring test ApplicationContext cache statistics: [DefaultContextCache@1e7bd3ac size = 2, maxSize = 32, parentContextCount = 0, hitCount = 20, missCount = 2]
2019-12-07 13:56:32.998 DEBUG 15190 --- [    Test worker] c.DefaultCacheAwareContextLoaderDelegate : Retrieved ApplicationContext from cache with key [[MergedContextConfiguration@619de4e8 testClass = PostsRepositoryTest, locations = '{}', classes = '{class kr.gracelove.jojoldu.springboot.Application}', contextInitializerClasses = '[]', activeProfiles = '{}', propertySourceLocations = '{}', propertySourceProperties = '{org.springframework.boot.test.autoconfigure.orm.jpa.DataJpaTestContextBootstrapper=true}', contextCustomizers = set[org.springframework.boot.test.autoconfigure.OverrideAutoConfigurationContextCustomizerFactory$DisableAutoConfigurationContextCustomizer@29891e1c, org.springframework.boot.test.autoconfigure.filter.TypeExcludeFiltersContextCustomizer@351584c0, org.springframework.boot.test.autoconfigure.properties.PropertyMappingContextCustomizer@558d0b83, org.springframework.boot.test.autoconfigure.web.servlet.WebDriverContextCustomizerFactory$Customizer@4e536a8f, [ImportsContextCustomizer@5b1fd7a5 key = [org.springframework.boot.autoconfigure.cache.CacheAutoConfiguration, org.springframework.boot.autoconfigure.data.jpa.JpaRepositoriesAutoConfiguration, org.springframework.boot.autoconfigure.flyway.FlywayAutoConfiguration, org.springframework.boot.autoconfigure.jdbc.DataSourceAutoConfiguration, org.springframework.boot.autoconfigure.jdbc.DataSourceTransactionManagerAutoConfiguration, org.springframework.boot.autoconfigure.jdbc.JdbcTemplateAutoConfiguration, org.springframework.boot.autoconfigure.liquibase.LiquibaseAutoConfiguration, org.springframework.boot.autoconfigure.orm.jpa.HibernateJpaAutoConfiguration, org.springframework.boot.autoconfigure.transaction.TransactionAutoConfiguration, org.springframework.boot.test.autoconfigure.jdbc.TestDatabaseAutoConfiguration, org.springframework.boot.test.autoconfigure.orm.jpa.TestEntityManagerAutoConfiguration]], org.springframework.boot.test.context.filter.ExcludeFilterContextCustomizer@1bdccf26, org.springframework.boot.test.json.DuplicateJsonObjectContextCustomizerFactory$DuplicateJsonObjectContextCustomizer@640f81a4, org.springframework.boot.test.mock.mockito.MockitoContextCustomizer@0], contextLoader = 'org.springframework.boot.test.context.SpringBootContextLoader', parent = [null]]]
2019-12-07 13:56:32.998 DEBUG 15190 --- [    Test worker] org.springframework.test.context.cache   : Spring test ApplicationContext cache statistics: [DefaultContextCache@1e7bd3ac size = 2, maxSize = 32, parentContextCount = 0, hitCount = 21, missCount = 2]
2019-12-07 13:56:32.999 DEBUG 15190 --- [    Test worker] c.DefaultCacheAwareContextLoaderDelegate : Retrieved ApplicationContext from cache with key [[MergedContextConfiguration@619de4e8 testClass = PostsRepositoryTest, locations = '{}', classes = '{class kr.gracelove.jojoldu.springboot.Application}', contextInitializerClasses = '[]', activeProfiles = '{}', propertySourceLocations = '{}', propertySourceProperties = '{org.springframework.boot.test.autoconfigure.orm.jpa.DataJpaTestContextBootstrapper=true}', contextCustomizers = set[org.springframework.boot.test.autoconfigure.OverrideAutoConfigurationContextCustomizerFactory$DisableAutoConfigurationContextCustomizer@29891e1c, org.springframework.boot.test.autoconfigure.filter.TypeExcludeFiltersContextCustomizer@351584c0, org.springframework.boot.test.autoconfigure.properties.PropertyMappingContextCustomizer@558d0b83, org.springframework.boot.test.autoconfigure.web.servlet.WebDriverContextCustomizerFactory$Customizer@4e536a8f, [ImportsContextCustomizer@5b1fd7a5 key = [org.springframework.boot.autoconfigure.cache.CacheAutoConfiguration, org.springframework.boot.autoconfigure.data.jpa.JpaRepositoriesAutoConfiguration, org.springframework.boot.autoconfigure.flyway.FlywayAutoConfiguration, org.springframework.boot.autoconfigure.jdbc.DataSourceAutoConfiguration, org.springframework.boot.autoconfigure.jdbc.DataSourceTransactionManagerAutoConfiguration, org.springframework.boot.autoconfigure.jdbc.JdbcTemplateAutoConfiguration, org.springframework.boot.autoconfigure.liquibase.LiquibaseAutoConfiguration, org.springframework.boot.autoconfigure.orm.jpa.HibernateJpaAutoConfiguration, org.springframework.boot.autoconfigure.transaction.TransactionAutoConfiguration, org.springframework.boot.test.autoconfigure.jdbc.TestDatabaseAutoConfiguration, org.springframework.boot.test.autoconfigure.orm.jpa.TestEntityManagerAutoConfiguration]], org.springframework.boot.test.context.filter.ExcludeFilterContextCustomizer@1bdccf26, org.springframework.boot.test.json.DuplicateJsonObjectContextCustomizerFactory$DuplicateJsonObjectContextCustomizer@640f81a4, org.springframework.boot.test.mock.mockito.MockitoContextCustomizer@0], contextLoader = 'org.springframework.boot.test.context.SpringBootContextLoader', parent = [null]]]
2019-12-07 13:56:32.999 DEBUG 15190 --- [    Test worker] org.springframework.test.context.cache   : Spring test ApplicationContext cache statistics: [DefaultContextCache@1e7bd3ac size = 2, maxSize = 32, parentContextCount = 0, hitCount = 22, missCount = 2]
2019-12-07 13:56:32.999 DEBUG 15190 --- [    Test worker] c.DefaultCacheAwareContextLoaderDelegate : Retrieved ApplicationContext from cache with key [[MergedContextConfiguration@619de4e8 testClass = PostsRepositoryTest, locations = '{}', classes = '{class kr.gracelove.jojoldu.springboot.Application}', contextInitializerClasses = '[]', activeProfiles = '{}', propertySourceLocations = '{}', propertySourceProperties = '{org.springframework.boot.test.autoconfigure.orm.jpa.DataJpaTestContextBootstrapper=true}', contextCustomizers = set[org.springframework.boot.test.autoconfigure.OverrideAutoConfigurationContextCustomizerFactory$DisableAutoConfigurationContextCustomizer@29891e1c, org.springframework.boot.test.autoconfigure.filter.TypeExcludeFiltersContextCustomizer@351584c0, org.springframework.boot.test.autoconfigure.properties.PropertyMappingContextCustomizer@558d0b83, org.springframework.boot.test.autoconfigure.web.servlet.WebDriverContextCustomizerFactory$Customizer@4e536a8f, [ImportsContextCustomizer@5b1fd7a5 key = [org.springframework.boot.autoconfigure.cache.CacheAutoConfiguration, org.springframework.boot.autoconfigure.data.jpa.JpaRepositoriesAutoConfiguration, org.springframework.boot.autoconfigure.flyway.FlywayAutoConfiguration, org.springframework.boot.autoconfigure.jdbc.DataSourceAutoConfiguration, org.springframework.boot.autoconfigure.jdbc.DataSourceTransactionManagerAutoConfiguration, org.springframework.boot.autoconfigure.jdbc.JdbcTemplateAutoConfiguration, org.springframework.boot.autoconfigure.liquibase.LiquibaseAutoConfiguration, org.springframework.boot.autoconfigure.orm.jpa.HibernateJpaAutoConfiguration, org.springframework.boot.autoconfigure.transaction.TransactionAutoConfiguration, org.springframework.boot.test.autoconfigure.jdbc.TestDatabaseAutoConfiguration, org.springframework.boot.test.autoconfigure.orm.jpa.TestEntityManagerAutoConfiguration]], org.springframework.boot.test.context.filter.ExcludeFilterContextCustomizer@1bdccf26, org.springframework.boot.test.json.DuplicateJsonObjectContextCustomizerFactory$DuplicateJsonObjectContextCustomizer@640f81a4, org.springframework.boot.test.mock.mockito.MockitoContextCustomizer@0], contextLoader = 'org.springframework.boot.test.context.SpringBootContextLoader', parent = [null]]]
2019-12-07 13:56:32.999 DEBUG 15190 --- [    Test worker] org.springframework.test.context.cache   : Spring test ApplicationContext cache statistics: [DefaultContextCache@1e7bd3ac size = 2, maxSize = 32, parentContextCount = 0, hitCount = 23, missCount = 2]
2019-12-07 13:56:33.000 DEBUG 15190 --- [    Test worker] o.s.orm.jpa.JpaTransactionManager        : Initiating transaction rollback
2019-12-07 13:56:33.000 DEBUG 15190 --- [    Test worker] o.s.orm.jpa.JpaTransactionManager        : Rolling back JPA transaction on EntityManager [SessionImpl(1746213129<open>)]
2019-12-07 13:56:33.000 DEBUG 15190 --- [    Test worker] o.h.e.t.internal.TransactionImpl         : rolling back
2019-12-07 13:56:33.001 DEBUG 15190 --- [    Test worker] o.s.orm.jpa.JpaTransactionManager        : Closing JPA EntityManager [SessionImpl(1746213129<open>)] after transaction
2019-12-07 13:56:33.002  INFO 15190 --- [    Test worker] o.s.t.c.transaction.TransactionContext   : Rolled back transaction for test: [DefaultTestContext@50954e13 testClass = PostsRepositoryTest, testInstance = kr.gracelove.jojoldu.springboot.domain.posts.PostsRepositoryTest@2a1f372c, testMethod = 게시글_저장_불러오기@PostsRepositoryTest, testException = [null], mergedContextConfiguration = [MergedContextConfiguration@619de4e8 testClass = PostsRepositoryTest, locations = '{}', classes = '{class kr.gracelove.jojoldu.springboot.Application}', contextInitializerClasses = '[]', activeProfiles = '{}', propertySourceLocations = '{}', propertySourceProperties = '{org.springframework.boot.test.autoconfigure.orm.jpa.DataJpaTestContextBootstrapper=true}', contextCustomizers = set[org.springframework.boot.test.autoconfigure.OverrideAutoConfigurationContextCustomizerFactory$DisableAutoConfigurationContextCustomizer@29891e1c, org.springframework.boot.test.autoconfigure.filter.TypeExcludeFiltersContextCustomizer@351584c0, org.springframework.boot.test.autoconfigure.properties.PropertyMappingContextCustomizer@558d0b83, org.springframework.boot.test.autoconfigure.web.servlet.WebDriverContextCustomizerFactory$Customizer@4e536a8f, [ImportsContextCustomizer@5b1fd7a5 key = [org.springframework.boot.autoconfigure.cache.CacheAutoConfiguration, org.springframework.boot.autoconfigure.data.jpa.JpaRepositoriesAutoConfiguration, org.springframework.boot.autoconfigure.flyway.FlywayAutoConfiguration, org.springframework.boot.autoconfigure.jdbc.DataSourceAutoConfiguration, org.springframework.boot.autoconfigure.jdbc.DataSourceTransactionManagerAutoConfiguration, org.springframework.boot.autoconfigure.jdbc.JdbcTemplateAutoConfiguration, org.springframework.boot.autoconfigure.liquibase.LiquibaseAutoConfiguration, org.springframework.boot.autoconfigure.orm.jpa.HibernateJpaAutoConfiguration, org.springframework.boot.autoconfigure.transaction.TransactionAutoConfiguration, org.springframework.boot.test.autoconfigure.jdbc.TestDatabaseAutoConfiguration, org.springframework.boot.test.autoconfigure.orm.jpa.TestEntityManagerAutoConfiguration]], org.springframework.boot.test.context.filter.ExcludeFilterContextCustomizer@1bdccf26, org.springframework.boot.test.json.DuplicateJsonObjectContextCustomizerFactory$DuplicateJsonObjectContextCustomizer@640f81a4, org.springframework.boot.test.mock.mockito.MockitoContextCustomizer@0], contextLoader = 'org.springframework.boot.test.context.SpringBootContextLoader', parent = [null]], attributes = map[[empty]]]
2019-12-07 13:56:33.002 DEBUG 15190 --- [    Test worker] tractDirtiesContextTestExecutionListener : After test method: context [DefaultTestContext@50954e13 testClass = PostsRepositoryTest, testInstance = kr.gracelove.jojoldu.springboot.domain.posts.PostsRepositoryTest@2a1f372c, testMethod = 게시글_저장_불러오기@PostsRepositoryTest, testException = [null], mergedContextConfiguration = [MergedContextConfiguration@619de4e8 testClass = PostsRepositoryTest, locations = '{}', classes = '{class kr.gracelove.jojoldu.springboot.Application}', contextInitializerClasses = '[]', activeProfiles = '{}', propertySourceLocations = '{}', propertySourceProperties = '{org.springframework.boot.test.autoconfigure.orm.jpa.DataJpaTestContextBootstrapper=true}', contextCustomizers = set[org.springframework.boot.test.autoconfigure.OverrideAutoConfigurationContextCustomizerFactory$DisableAutoConfigurationContextCustomizer@29891e1c, org.springframework.boot.test.autoconfigure.filter.TypeExcludeFiltersContextCustomizer@351584c0, org.springframework.boot.test.autoconfigure.properties.PropertyMappingContextCustomizer@558d0b83, org.springframework.boot.test.autoconfigure.web.servlet.WebDriverContextCustomizerFactory$Customizer@4e536a8f, [ImportsContextCustomizer@5b1fd7a5 key = [org.springframework.boot.autoconfigure.cache.CacheAutoConfiguration, org.springframework.boot.autoconfigure.data.jpa.JpaRepositoriesAutoConfiguration, org.springframework.boot.autoconfigure.flyway.FlywayAutoConfiguration, org.springframework.boot.autoconfigure.jdbc.DataSourceAutoConfiguration, org.springframework.boot.autoconfigure.jdbc.DataSourceTransactionManagerAutoConfiguration, org.springframework.boot.autoconfigure.jdbc.JdbcTemplateAutoConfiguration, org.springframework.boot.autoconfigure.liquibase.LiquibaseAutoConfiguration, org.springframework.boot.autoconfigure.orm.jpa.HibernateJpaAutoConfiguration, org.springframework.boot.autoconfigure.transaction.TransactionAutoConfiguration, org.springframework.boot.test.autoconfigure.jdbc.TestDatabaseAutoConfiguration, org.springframework.boot.test.autoconfigure.orm.jpa.TestEntityManagerAutoConfiguration]], org.springframework.boot.test.context.filter.ExcludeFilterContextCustomizer@1bdccf26, org.springframework.boot.test.json.DuplicateJsonObjectContextCustomizerFactory$DuplicateJsonObjectContextCustomizer@640f81a4, org.springframework.boot.test.mock.mockito.MockitoContextCustomizer@0], contextLoader = 'org.springframework.boot.test.context.SpringBootContextLoader', parent = [null]], attributes = map[[empty]]], class annotated with @DirtiesContext [false] with mode [null], method annotated with @DirtiesContext [false] with mode [null].
2019-12-07 13:56:33.003 DEBUG 15190 --- [    Test worker] o.s.test.annotation.ProfileValueUtils    : Retrieved @ProfileValueSourceConfiguration [null] for test class [kr.gracelove.jojoldu.springboot.domain.posts.PostsRepositoryTest]
2019-12-07 13:56:33.003 DEBUG 15190 --- [    Test worker] o.s.test.annotation.ProfileValueUtils    : Retrieved ProfileValueSource type [class org.springframework.test.annotation.SystemProfileValueSource] for class [kr.gracelove.jojoldu.springboot.domain.posts.PostsRepositoryTest]
2019-12-07 13:56:33.003 DEBUG 15190 --- [    Test worker] DependencyInjectionTestExecutionListener : Performing dependency injection for test context [[DefaultTestContext@50954e13 testClass = PostsRepositoryTest, testInstance = kr.gracelove.jojoldu.springboot.domain.posts.PostsRepositoryTest@46ac5f9b, testMethod = [null], testException = [null], mergedContextConfiguration = [MergedContextConfiguration@619de4e8 testClass = PostsRepositoryTest, locations = '{}', classes = '{class kr.gracelove.jojoldu.springboot.Application}', contextInitializerClasses = '[]', activeProfiles = '{}', propertySourceLocations = '{}', propertySourceProperties = '{org.springframework.boot.test.autoconfigure.orm.jpa.DataJpaTestContextBootstrapper=true}', contextCustomizers = set[org.springframework.boot.test.autoconfigure.OverrideAutoConfigurationContextCustomizerFactory$DisableAutoConfigurationContextCustomizer@29891e1c, org.springframework.boot.test.autoconfigure.filter.TypeExcludeFiltersContextCustomizer@351584c0, org.springframework.boot.test.autoconfigure.properties.PropertyMappingContextCustomizer@558d0b83, org.springframework.boot.test.autoconfigure.web.servlet.WebDriverContextCustomizerFactory$Customizer@4e536a8f, [ImportsContextCustomizer@5b1fd7a5 key = [org.springframework.boot.autoconfigure.cache.CacheAutoConfiguration, org.springframework.boot.autoconfigure.data.jpa.JpaRepositoriesAutoConfiguration, org.springframework.boot.autoconfigure.flyway.FlywayAutoConfiguration, org.springframework.boot.autoconfigure.jdbc.DataSourceAutoConfiguration, org.springframework.boot.autoconfigure.jdbc.DataSourceTransactionManagerAutoConfiguration, org.springframework.boot.autoconfigure.jdbc.JdbcTemplateAutoConfiguration, org.springframework.boot.autoconfigure.liquibase.LiquibaseAutoConfiguration, org.springframework.boot.autoconfigure.orm.jpa.HibernateJpaAutoConfiguration, org.springframework.boot.autoconfigure.transaction.TransactionAutoConfiguration, org.springframework.boot.test.autoconfigure.jdbc.TestDatabaseAutoConfiguration, org.springframework.boot.test.autoconfigure.orm.jpa.TestEntityManagerAutoConfiguration]], org.springframework.boot.test.context.filter.ExcludeFilterContextCustomizer@1bdccf26, org.springframework.boot.test.json.DuplicateJsonObjectContextCustomizerFactory$DuplicateJsonObjectContextCustomizer@640f81a4, org.springframework.boot.test.mock.mockito.MockitoContextCustomizer@0], contextLoader = 'org.springframework.boot.test.context.SpringBootContextLoader', parent = [null]], attributes = map[[empty]]]].
2019-12-07 13:56:33.003 DEBUG 15190 --- [    Test worker] c.DefaultCacheAwareContextLoaderDelegate : Retrieved ApplicationContext from cache with key [[MergedContextConfiguration@619de4e8 testClass = PostsRepositoryTest, locations = '{}', classes = '{class kr.gracelove.jojoldu.springboot.Application}', contextInitializerClasses = '[]', activeProfiles = '{}', propertySourceLocations = '{}', propertySourceProperties = '{org.springframework.boot.test.autoconfigure.orm.jpa.DataJpaTestContextBootstrapper=true}', contextCustomizers = set[org.springframework.boot.test.autoconfigure.OverrideAutoConfigurationContextCustomizerFactory$DisableAutoConfigurationContextCustomizer@29891e1c, org.springframework.boot.test.autoconfigure.filter.TypeExcludeFiltersContextCustomizer@351584c0, org.springframework.boot.test.autoconfigure.properties.PropertyMappingContextCustomizer@558d0b83, org.springframework.boot.test.autoconfigure.web.servlet.WebDriverContextCustomizerFactory$Customizer@4e536a8f, [ImportsContextCustomizer@5b1fd7a5 key = [org.springframework.boot.autoconfigure.cache.CacheAutoConfiguration, org.springframework.boot.autoconfigure.data.jpa.JpaRepositoriesAutoConfiguration, org.springframework.boot.autoconfigure.flyway.FlywayAutoConfiguration, org.springframework.boot.autoconfigure.jdbc.DataSourceAutoConfiguration, org.springframework.boot.autoconfigure.jdbc.DataSourceTransactionManagerAutoConfiguration, org.springframework.boot.autoconfigure.jdbc.JdbcTemplateAutoConfiguration, org.springframework.boot.autoconfigure.liquibase.LiquibaseAutoConfiguration, org.springframework.boot.autoconfigure.orm.jpa.HibernateJpaAutoConfiguration, org.springframework.boot.autoconfigure.transaction.TransactionAutoConfiguration, org.springframework.boot.test.autoconfigure.jdbc.TestDatabaseAutoConfiguration, org.springframework.boot.test.autoconfigure.orm.jpa.TestEntityManagerAutoConfiguration]], org.springframework.boot.test.context.filter.ExcludeFilterContextCustomizer@1bdccf26, org.springframework.boot.test.json.DuplicateJsonObjectContextCustomizerFactory$DuplicateJsonObjectContextCustomizer@640f81a4, org.springframework.boot.test.mock.mockito.MockitoContextCustomizer@0], contextLoader = 'org.springframework.boot.test.context.SpringBootContextLoader', parent = [null]]]
2019-12-07 13:56:33.003 DEBUG 15190 --- [    Test worker] org.springframework.test.context.cache   : Spring test ApplicationContext cache statistics: [DefaultContextCache@1e7bd3ac size = 2, maxSize = 32, parentContextCount = 0, hitCount = 24, missCount = 2]
2019-12-07 13:56:33.004 DEBUG 15190 --- [    Test worker] tractDirtiesContextTestExecutionListener : Before test method: context [DefaultTestContext@50954e13 testClass = PostsRepositoryTest, testInstance = kr.gracelove.jojoldu.springboot.domain.posts.PostsRepositoryTest@46ac5f9b, testMethod = BaseTimeEntity_등록@PostsRepositoryTest, testException = [null], mergedContextConfiguration = [MergedContextConfiguration@619de4e8 testClass = PostsRepositoryTest, locations = '{}', classes = '{class kr.gracelove.jojoldu.springboot.Application}', contextInitializerClasses = '[]', activeProfiles = '{}', propertySourceLocations = '{}', propertySourceProperties = '{org.springframework.boot.test.autoconfigure.orm.jpa.DataJpaTestContextBootstrapper=true}', contextCustomizers = set[org.springframework.boot.test.autoconfigure.OverrideAutoConfigurationContextCustomizerFactory$DisableAutoConfigurationContextCustomizer@29891e1c, org.springframework.boot.test.autoconfigure.filter.TypeExcludeFiltersContextCustomizer@351584c0, org.springframework.boot.test.autoconfigure.properties.PropertyMappingContextCustomizer@558d0b83, org.springframework.boot.test.autoconfigure.web.servlet.WebDriverContextCustomizerFactory$Customizer@4e536a8f, [ImportsContextCustomizer@5b1fd7a5 key = [org.springframework.boot.autoconfigure.cache.CacheAutoConfiguration, org.springframework.boot.autoconfigure.data.jpa.JpaRepositoriesAutoConfiguration, org.springframework.boot.autoconfigure.flyway.FlywayAutoConfiguration, org.springframework.boot.autoconfigure.jdbc.DataSourceAutoConfiguration, org.springframework.boot.autoconfigure.jdbc.DataSourceTransactionManagerAutoConfiguration, org.springframework.boot.autoconfigure.jdbc.JdbcTemplateAutoConfiguration, org.springframework.boot.autoconfigure.liquibase.LiquibaseAutoConfiguration, org.springframework.boot.autoconfigure.orm.jpa.HibernateJpaAutoConfiguration, org.springframework.boot.autoconfigure.transaction.TransactionAutoConfiguration, org.springframework.boot.test.autoconfigure.jdbc.TestDatabaseAutoConfiguration, org.springframework.boot.test.autoconfigure.orm.jpa.TestEntityManagerAutoConfiguration]], org.springframework.boot.test.context.filter.ExcludeFilterContextCustomizer@1bdccf26, org.springframework.boot.test.json.DuplicateJsonObjectContextCustomizerFactory$DuplicateJsonObjectContextCustomizer@640f81a4, org.springframework.boot.test.mock.mockito.MockitoContextCustomizer@0], contextLoader = 'org.springframework.boot.test.context.SpringBootContextLoader', parent = [null]], attributes = map[[empty]]], class annotated with @DirtiesContext [false] with mode [null], method annotated with @DirtiesContext [false] with mode [null].
2019-12-07 13:56:33.006 DEBUG 15190 --- [    Test worker] t.c.t.TransactionalTestExecutionListener : Explicit transaction definition [PROPAGATION_REQUIRED,ISOLATION_DEFAULT] found for test context [DefaultTestContext@50954e13 testClass = PostsRepositoryTest, testInstance = kr.gracelove.jojoldu.springboot.domain.posts.PostsRepositoryTest@46ac5f9b, testMethod = BaseTimeEntity_등록@PostsRepositoryTest, testException = [null], mergedContextConfiguration = [MergedContextConfiguration@619de4e8 testClass = PostsRepositoryTest, locations = '{}', classes = '{class kr.gracelove.jojoldu.springboot.Application}', contextInitializerClasses = '[]', activeProfiles = '{}', propertySourceLocations = '{}', propertySourceProperties = '{org.springframework.boot.test.autoconfigure.orm.jpa.DataJpaTestContextBootstrapper=true}', contextCustomizers = set[org.springframework.boot.test.autoconfigure.OverrideAutoConfigurationContextCustomizerFactory$DisableAutoConfigurationContextCustomizer@29891e1c, org.springframework.boot.test.autoconfigure.filter.TypeExcludeFiltersContextCustomizer@351584c0, org.springframework.boot.test.autoconfigure.properties.PropertyMappingContextCustomizer@558d0b83, org.springframework.boot.test.autoconfigure.web.servlet.WebDriverContextCustomizerFactory$Customizer@4e536a8f, [ImportsContextCustomizer@5b1fd7a5 key = [org.springframework.boot.autoconfigure.cache.CacheAutoConfiguration, org.springframework.boot.autoconfigure.data.jpa.JpaRepositoriesAutoConfiguration, org.springframework.boot.autoconfigure.flyway.FlywayAutoConfiguration, org.springframework.boot.autoconfigure.jdbc.DataSourceAutoConfiguration, org.springframework.boot.autoconfigure.jdbc.DataSourceTransactionManagerAutoConfiguration, org.springframework.boot.autoconfigure.jdbc.JdbcTemplateAutoConfiguration, org.springframework.boot.autoconfigure.liquibase.LiquibaseAutoConfiguration, org.springframework.boot.autoconfigure.orm.jpa.HibernateJpaAutoConfiguration, org.springframework.boot.autoconfigure.transaction.TransactionAutoConfiguration, org.springframework.boot.test.autoconfigure.jdbc.TestDatabaseAutoConfiguration, org.springframework.boot.test.autoconfigure.orm.jpa.TestEntityManagerAutoConfiguration]], org.springframework.boot.test.context.filter.ExcludeFilterContextCustomizer@1bdccf26, org.springframework.boot.test.json.DuplicateJsonObjectContextCustomizerFactory$DuplicateJsonObjectContextCustomizer@640f81a4, org.springframework.boot.test.mock.mockito.MockitoContextCustomizer@0], contextLoader = 'org.springframework.boot.test.context.SpringBootContextLoader', parent = [null]], attributes = map[[empty]]]
2019-12-07 13:56:33.006 DEBUG 15190 --- [    Test worker] c.DefaultCacheAwareContextLoaderDelegate : Retrieved ApplicationContext from cache with key [[MergedContextConfiguration@619de4e8 testClass = PostsRepositoryTest, locations = '{}', classes = '{class kr.gracelove.jojoldu.springboot.Application}', contextInitializerClasses = '[]', activeProfiles = '{}', propertySourceLocations = '{}', propertySourceProperties = '{org.springframework.boot.test.autoconfigure.orm.jpa.DataJpaTestContextBootstrapper=true}', contextCustomizers = set[org.springframework.boot.test.autoconfigure.OverrideAutoConfigurationContextCustomizerFactory$DisableAutoConfigurationContextCustomizer@29891e1c, org.springframework.boot.test.autoconfigure.filter.TypeExcludeFiltersContextCustomizer@351584c0, org.springframework.boot.test.autoconfigure.properties.PropertyMappingContextCustomizer@558d0b83, org.springframework.boot.test.autoconfigure.web.servlet.WebDriverContextCustomizerFactory$Customizer@4e536a8f, [ImportsContextCustomizer@5b1fd7a5 key = [org.springframework.boot.autoconfigure.cache.CacheAutoConfiguration, org.springframework.boot.autoconfigure.data.jpa.JpaRepositoriesAutoConfiguration, org.springframework.boot.autoconfigure.flyway.FlywayAutoConfiguration, org.springframework.boot.autoconfigure.jdbc.DataSourceAutoConfiguration, org.springframework.boot.autoconfigure.jdbc.DataSourceTransactionManagerAutoConfiguration, org.springframework.boot.autoconfigure.jdbc.JdbcTemplateAutoConfiguration, org.springframework.boot.autoconfigure.liquibase.LiquibaseAutoConfiguration, org.springframework.boot.autoconfigure.orm.jpa.HibernateJpaAutoConfiguration, org.springframework.boot.autoconfigure.transaction.TransactionAutoConfiguration, org.springframework.boot.test.autoconfigure.jdbc.TestDatabaseAutoConfiguration, org.springframework.boot.test.autoconfigure.orm.jpa.TestEntityManagerAutoConfiguration]], org.springframework.boot.test.context.filter.ExcludeFilterContextCustomizer@1bdccf26, org.springframework.boot.test.json.DuplicateJsonObjectContextCustomizerFactory$DuplicateJsonObjectContextCustomizer@640f81a4, org.springframework.boot.test.mock.mockito.MockitoContextCustomizer@0], contextLoader = 'org.springframework.boot.test.context.SpringBootContextLoader', parent = [null]]]
2019-12-07 13:56:33.007 DEBUG 15190 --- [    Test worker] org.springframework.test.context.cache   : Spring test ApplicationContext cache statistics: [DefaultContextCache@1e7bd3ac size = 2, maxSize = 32, parentContextCount = 0, hitCount = 25, missCount = 2]
2019-12-07 13:56:33.007 DEBUG 15190 --- [    Test worker] t.c.t.TransactionalTestExecutionListener : No method-level @Rollback override: using default rollback [true] for test context [DefaultTestContext@50954e13 testClass = PostsRepositoryTest, testInstance = kr.gracelove.jojoldu.springboot.domain.posts.PostsRepositoryTest@46ac5f9b, testMethod = BaseTimeEntity_등록@PostsRepositoryTest, testException = [null], mergedContextConfiguration = [MergedContextConfiguration@619de4e8 testClass = PostsRepositoryTest, locations = '{}', classes = '{class kr.gracelove.jojoldu.springboot.Application}', contextInitializerClasses = '[]', activeProfiles = '{}', propertySourceLocations = '{}', propertySourceProperties = '{org.springframework.boot.test.autoconfigure.orm.jpa.DataJpaTestContextBootstrapper=true}', contextCustomizers = set[org.springframework.boot.test.autoconfigure.OverrideAutoConfigurationContextCustomizerFactory$DisableAutoConfigurationContextCustomizer@29891e1c, org.springframework.boot.test.autoconfigure.filter.TypeExcludeFiltersContextCustomizer@351584c0, org.springframework.boot.test.autoconfigure.properties.PropertyMappingContextCustomizer@558d0b83, org.springframework.boot.test.autoconfigure.web.servlet.WebDriverContextCustomizerFactory$Customizer@4e536a8f, [ImportsContextCustomizer@5b1fd7a5 key = [org.springframework.boot.autoconfigure.cache.CacheAutoConfiguration, org.springframework.boot.autoconfigure.data.jpa.JpaRepositoriesAutoConfiguration, org.springframework.boot.autoconfigure.flyway.FlywayAutoConfiguration, org.springframework.boot.autoconfigure.jdbc.DataSourceAutoConfiguration, org.springframework.boot.autoconfigure.jdbc.DataSourceTransactionManagerAutoConfiguration, org.springframework.boot.autoconfigure.jdbc.JdbcTemplateAutoConfiguration, org.springframework.boot.autoconfigure.liquibase.LiquibaseAutoConfiguration, org.springframework.boot.autoconfigure.orm.jpa.HibernateJpaAutoConfiguration, org.springframework.boot.autoconfigure.transaction.TransactionAutoConfiguration, org.springframework.boot.test.autoconfigure.jdbc.TestDatabaseAutoConfiguration, org.springframework.boot.test.autoconfigure.orm.jpa.TestEntityManagerAutoConfiguration]], org.springframework.boot.test.context.filter.ExcludeFilterContextCustomizer@1bdccf26, org.springframework.boot.test.json.DuplicateJsonObjectContextCustomizerFactory$DuplicateJsonObjectContextCustomizer@640f81a4, org.springframework.boot.test.mock.mockito.MockitoContextCustomizer@0], contextLoader = 'org.springframework.boot.test.context.SpringBootContextLoader', parent = [null]], attributes = map[[empty]]].
2019-12-07 13:56:33.007 DEBUG 15190 --- [    Test worker] o.s.orm.jpa.JpaTransactionManager        : Creating new transaction with name [kr.gracelove.jojoldu.springboot.domain.posts.PostsRepositoryTest.BaseTimeEntity_등록]: PROPAGATION_REQUIRED,ISOLATION_DEFAULT
2019-12-07 13:56:33.007 DEBUG 15190 --- [    Test worker] o.s.orm.jpa.JpaTransactionManager        : Opened new EntityManager [SessionImpl(1676350023<open>)] for JPA transaction
2019-12-07 13:56:33.007 DEBUG 15190 --- [    Test worker] o.h.e.t.internal.TransactionImpl         : On TransactionImpl creation, JpaCompliance#isJpaTransactionComplianceEnabled == false
2019-12-07 13:56:33.007 DEBUG 15190 --- [    Test worker] o.h.e.t.internal.TransactionImpl         : begin
2019-12-07 13:56:33.008 DEBUG 15190 --- [    Test worker] o.s.j.datasource.SimpleDriverDataSource  : Creating new JDBC Driver Connection to [jdbc:h2:mem:715a69aa-c0a9-45d6-a328-8d71f3b1764c;DB_CLOSE_DELAY=-1;DB_CLOSE_ON_EXIT=false]
2019-12-07 13:56:33.008 DEBUG 15190 --- [    Test worker] o.s.orm.jpa.JpaTransactionManager        : Exposing JPA transaction as JDBC [org.springframework.orm.jpa.vendor.HibernateJpaDialect$HibernateConnectionHandle@3b19c829]
2019-12-07 13:56:33.008  INFO 15190 --- [    Test worker] o.s.t.c.transaction.TransactionContext   : Began transaction (1) for test context [DefaultTestContext@50954e13 testClass = PostsRepositoryTest, testInstance = kr.gracelove.jojoldu.springboot.domain.posts.PostsRepositoryTest@46ac5f9b, testMethod = BaseTimeEntity_등록@PostsRepositoryTest, testException = [null], mergedContextConfiguration = [MergedContextConfiguration@619de4e8 testClass = PostsRepositoryTest, locations = '{}', classes = '{class kr.gracelove.jojoldu.springboot.Application}', contextInitializerClasses = '[]', activeProfiles = '{}', propertySourceLocations = '{}', propertySourceProperties = '{org.springframework.boot.test.autoconfigure.orm.jpa.DataJpaTestContextBootstrapper=true}', contextCustomizers = set[org.springframework.boot.test.autoconfigure.OverrideAutoConfigurationContextCustomizerFactory$DisableAutoConfigurationContextCustomizer@29891e1c, org.springframework.boot.test.autoconfigure.filter.TypeExcludeFiltersContextCustomizer@351584c0, org.springframework.boot.test.autoconfigure.properties.PropertyMappingContextCustomizer@558d0b83, org.springframework.boot.test.autoconfigure.web.servlet.WebDriverContextCustomizerFactory$Customizer@4e536a8f, [ImportsContextCustomizer@5b1fd7a5 key = [org.springframework.boot.autoconfigure.cache.CacheAutoConfiguration, org.springframework.boot.autoconfigure.data.jpa.JpaRepositoriesAutoConfiguration, org.springframework.boot.autoconfigure.flyway.FlywayAutoConfiguration, org.springframework.boot.autoconfigure.jdbc.DataSourceAutoConfiguration, org.springframework.boot.autoconfigure.jdbc.DataSourceTransactionManagerAutoConfiguration, org.springframework.boot.autoconfigure.jdbc.JdbcTemplateAutoConfiguration, org.springframework.boot.autoconfigure.liquibase.LiquibaseAutoConfiguration, org.springframework.boot.autoconfigure.orm.jpa.HibernateJpaAutoConfiguration, org.springframework.boot.autoconfigure.transaction.TransactionAutoConfiguration, org.springframework.boot.test.autoconfigure.jdbc.TestDatabaseAutoConfiguration, org.springframework.boot.test.autoconfigure.orm.jpa.TestEntityManagerAutoConfiguration]], org.springframework.boot.test.context.filter.ExcludeFilterContextCustomizer@1bdccf26, org.springframework.boot.test.json.DuplicateJsonObjectContextCustomizerFactory$DuplicateJsonObjectContextCustomizer@640f81a4, org.springframework.boot.test.mock.mockito.MockitoContextCustomizer@0], contextLoader = 'org.springframework.boot.test.context.SpringBootContextLoader', parent = [null]], attributes = map[[empty]]]; transaction manager [org.springframework.orm.jpa.JpaTransactionManager@366f8d73]; rollback [true]
2019-12-07 13:56:33.009 DEBUG 15190 --- [    Test worker] c.DefaultCacheAwareContextLoaderDelegate : Retrieved ApplicationContext from cache with key [[MergedContextConfiguration@619de4e8 testClass = PostsRepositoryTest, locations = '{}', classes = '{class kr.gracelove.jojoldu.springboot.Application}', contextInitializerClasses = '[]', activeProfiles = '{}', propertySourceLocations = '{}', propertySourceProperties = '{org.springframework.boot.test.autoconfigure.orm.jpa.DataJpaTestContextBootstrapper=true}', contextCustomizers = set[org.springframework.boot.test.autoconfigure.OverrideAutoConfigurationContextCustomizerFactory$DisableAutoConfigurationContextCustomizer@29891e1c, org.springframework.boot.test.autoconfigure.filter.TypeExcludeFiltersContextCustomizer@351584c0, org.springframework.boot.test.autoconfigure.properties.PropertyMappingContextCustomizer@558d0b83, org.springframework.boot.test.autoconfigure.web.servlet.WebDriverContextCustomizerFactory$Customizer@4e536a8f, [ImportsContextCustomizer@5b1fd7a5 key = [org.springframework.boot.autoconfigure.cache.CacheAutoConfiguration, org.springframework.boot.autoconfigure.data.jpa.JpaRepositoriesAutoConfiguration, org.springframework.boot.autoconfigure.flyway.FlywayAutoConfiguration, org.springframework.boot.autoconfigure.jdbc.DataSourceAutoConfiguration, org.springframework.boot.autoconfigure.jdbc.DataSourceTransactionManagerAutoConfiguration, org.springframework.boot.autoconfigure.jdbc.JdbcTemplateAutoConfiguration, org.springframework.boot.autoconfigure.liquibase.LiquibaseAutoConfiguration, org.springframework.boot.autoconfigure.orm.jpa.HibernateJpaAutoConfiguration, org.springframework.boot.autoconfigure.transaction.TransactionAutoConfiguration, org.springframework.boot.test.autoconfigure.jdbc.TestDatabaseAutoConfiguration, org.springframework.boot.test.autoconfigure.orm.jpa.TestEntityManagerAutoConfiguration]], org.springframework.boot.test.context.filter.ExcludeFilterContextCustomizer@1bdccf26, org.springframework.boot.test.json.DuplicateJsonObjectContextCustomizerFactory$DuplicateJsonObjectContextCustomizer@640f81a4, org.springframework.boot.test.mock.mockito.MockitoContextCustomizer@0], contextLoader = 'org.springframework.boot.test.context.SpringBootContextLoader', parent = [null]]]
2019-12-07 13:56:33.009 DEBUG 15190 --- [    Test worker] org.springframework.test.context.cache   : Spring test ApplicationContext cache statistics: [DefaultContextCache@1e7bd3ac size = 2, maxSize = 32, parentContextCount = 0, hitCount = 26, missCount = 2]
2019-12-07 13:56:33.009 DEBUG 15190 --- [    Test worker] o.s.orm.jpa.JpaTransactionManager        : Found thread-bound EntityManager [SessionImpl(1676350023<open>)] for JPA transaction
2019-12-07 13:56:33.009 DEBUG 15190 --- [    Test worker] o.s.orm.jpa.JpaTransactionManager        : Participating in existing transaction
2019-12-07 13:56:33.010 DEBUG 15190 --- [    Test worker] o.s.data.auditing.AuditingHandler        : Touched kr.gracelove.jojoldu.springboot.domain.posts.Posts@74b47f4d - Last modification at 2019-12-07T13:56:33.010495 by unknown
2019-12-07 13:56:33.010 DEBUG 15190 --- [    Test worker] org.hibernate.engine.spi.ActionQueue     : Executing identity-insert immediately
2019-12-07 13:56:33.010 DEBUG 15190 --- [    Test worker] org.hibernate.SQL                        : insert into posts (id, created_date, modified_date, author, content, title) values (null, ?, ?, ?, ?, ?)
Hibernate: insert into posts (id, created_date, modified_date, author, content, title) values (null, ?, ?, ?, ?, ?)
2019-12-07 13:56:33.011 DEBUG 15190 --- [    Test worker] o.h.id.IdentifierGeneratorHelper         : Natively generated identity: 2
2019-12-07 13:56:33.011 DEBUG 15190 --- [    Test worker] o.h.r.j.i.ResourceRegistryStandardImpl   : HHH000387: ResultSet's statement was not registered
2019-12-07 13:56:33.012 DEBUG 15190 --- [    Test worker] o.s.orm.jpa.JpaTransactionManager        : Found thread-bound EntityManager [SessionImpl(1676350023<open>)] for JPA transaction
2019-12-07 13:56:33.012 DEBUG 15190 --- [    Test worker] o.s.orm.jpa.JpaTransactionManager        : Participating in existing transaction
2019-12-07 13:56:33.012 DEBUG 15190 --- [    Test worker] o.h.q.c.internal.CriteriaQueryImpl       : Rendered criteria query -> select generatedAlias0 from Posts as generatedAlias0
2019-12-07 13:56:33.012 DEBUG 15190 --- [    Test worker] o.h.e.i.AbstractFlushingEventListener    : Processing flush-time cascades
2019-12-07 13:56:33.013 DEBUG 15190 --- [    Test worker] o.h.e.i.AbstractFlushingEventListener    : Dirty checking collections
2019-12-07 13:56:33.013 DEBUG 15190 --- [    Test worker] o.h.e.i.AbstractFlushingEventListener    : Flushed: 0 insertions, 0 updates, 0 deletions to 1 objects
2019-12-07 13:56:33.013 DEBUG 15190 --- [    Test worker] o.h.e.i.AbstractFlushingEventListener    : Flushed: 0 (re)creations, 0 updates, 0 removals to 0 collections
2019-12-07 13:56:33.013 DEBUG 15190 --- [    Test worker] o.hibernate.internal.util.EntityPrinter  : Listing entities:
2019-12-07 13:56:33.013 DEBUG 15190 --- [    Test worker] o.hibernate.internal.util.EntityPrinter  : kr.gracelove.jojoldu.springboot.domain.posts.Posts{createdDate=2019-12-07T13:56:33.010495, author=author, modifiedDate=2019-12-07T13:56:33.010495, id=2, title=title, content=content}
2019-12-07 13:56:33.013 DEBUG 15190 --- [    Test worker] org.hibernate.SQL                        : select posts0_.id as id1_0_, posts0_.created_date as created_2_0_, posts0_.modified_date as modified3_0_, posts0_.author as author4_0_, posts0_.content as content5_0_, posts0_.title as title6_0_ from posts posts0_
Hibernate: select posts0_.id as id1_0_, posts0_.created_date as created_2_0_, posts0_.modified_date as modified3_0_, posts0_.author as author4_0_, posts0_.content as content5_0_, posts0_.title as title6_0_ from posts posts0_
2019-12-07 13:56:33.013 DEBUG 15190 --- [    Test worker] org.hibernate.loader.Loader              : Result set row: 0
2019-12-07 13:56:33.014 DEBUG 15190 --- [    Test worker] org.hibernate.loader.Loader              : Result row: EntityKey[kr.gracelove.jojoldu.springboot.domain.posts.Posts#2]
>>>>>>>>>>>>>>>>> createdDate=2019-12-07T13:56:33.010495>>>>>>>>>>>> modifiedDate=2019-12-07T13:56:33.010495
2019-12-07 13:56:33.015 DEBUG 15190 --- [    Test worker] o.s.orm.jpa.JpaTransactionManager        : Found thread-bound EntityManager [SessionImpl(1676350023<open>)] for JPA transaction
2019-12-07 13:56:33.015 DEBUG 15190 --- [    Test worker] o.s.orm.jpa.JpaTransactionManager        : Participating in existing transaction
2019-12-07 13:56:33.015 DEBUG 15190 --- [    Test worker] o.h.q.c.internal.CriteriaQueryImpl       : Rendered criteria query -> select generatedAlias0 from Posts as generatedAlias0
2019-12-07 13:56:33.015 DEBUG 15190 --- [    Test worker] o.h.e.i.AbstractFlushingEventListener    : Processing flush-time cascades
2019-12-07 13:56:33.015 DEBUG 15190 --- [    Test worker] o.h.e.i.AbstractFlushingEventListener    : Dirty checking collections
2019-12-07 13:56:33.015 DEBUG 15190 --- [    Test worker] o.h.e.i.AbstractFlushingEventListener    : Flushed: 0 insertions, 0 updates, 0 deletions to 1 objects
2019-12-07 13:56:33.015 DEBUG 15190 --- [    Test worker] o.h.e.i.AbstractFlushingEventListener    : Flushed: 0 (re)creations, 0 updates, 0 removals to 0 collections
2019-12-07 13:56:33.016 DEBUG 15190 --- [    Test worker] o.hibernate.internal.util.EntityPrinter  : Listing entities:
2019-12-07 13:56:33.016 DEBUG 15190 --- [    Test worker] o.hibernate.internal.util.EntityPrinter  : kr.gracelove.jojoldu.springboot.domain.posts.Posts{createdDate=2019-12-07T13:56:33.010495, author=author, modifiedDate=2019-12-07T13:56:33.010495, id=2, title=title, content=content}
2019-12-07 13:56:33.016 DEBUG 15190 --- [    Test worker] org.hibernate.SQL                        : select posts0_.id as id1_0_, posts0_.created_date as created_2_0_, posts0_.modified_date as modified3_0_, posts0_.author as author4_0_, posts0_.content as content5_0_, posts0_.title as title6_0_ from posts posts0_
Hibernate: select posts0_.id as id1_0_, posts0_.created_date as created_2_0_, posts0_.modified_date as modified3_0_, posts0_.author as author4_0_, posts0_.content as content5_0_, posts0_.title as title6_0_ from posts posts0_
2019-12-07 13:56:33.016 DEBUG 15190 --- [    Test worker] org.hibernate.loader.Loader              : Result set row: 0
2019-12-07 13:56:33.016 DEBUG 15190 --- [    Test worker] org.hibernate.loader.Loader              : Result row: EntityKey[kr.gracelove.jojoldu.springboot.domain.posts.Posts#2]
2019-12-07 13:56:33.017 DEBUG 15190 --- [    Test worker] c.DefaultCacheAwareContextLoaderDelegate : Retrieved ApplicationContext from cache with key [[MergedContextConfiguration@619de4e8 testClass = PostsRepositoryTest, locations = '{}', classes = '{class kr.gracelove.jojoldu.springboot.Application}', contextInitializerClasses = '[]', activeProfiles = '{}', propertySourceLocations = '{}', propertySourceProperties = '{org.springframework.boot.test.autoconfigure.orm.jpa.DataJpaTestContextBootstrapper=true}', contextCustomizers = set[org.springframework.boot.test.autoconfigure.OverrideAutoConfigurationContextCustomizerFactory$DisableAutoConfigurationContextCustomizer@29891e1c, org.springframework.boot.test.autoconfigure.filter.TypeExcludeFiltersContextCustomizer@351584c0, org.springframework.boot.test.autoconfigure.properties.PropertyMappingContextCustomizer@558d0b83, org.springframework.boot.test.autoconfigure.web.servlet.WebDriverContextCustomizerFactory$Customizer@4e536a8f, [ImportsContextCustomizer@5b1fd7a5 key = [org.springframework.boot.autoconfigure.cache.CacheAutoConfiguration, org.springframework.boot.autoconfigure.data.jpa.JpaRepositoriesAutoConfiguration, org.springframework.boot.autoconfigure.flyway.FlywayAutoConfiguration, org.springframework.boot.autoconfigure.jdbc.DataSourceAutoConfiguration, org.springframework.boot.autoconfigure.jdbc.DataSourceTransactionManagerAutoConfiguration, org.springframework.boot.autoconfigure.jdbc.JdbcTemplateAutoConfiguration, org.springframework.boot.autoconfigure.liquibase.LiquibaseAutoConfiguration, org.springframework.boot.autoconfigure.orm.jpa.HibernateJpaAutoConfiguration, org.springframework.boot.autoconfigure.transaction.TransactionAutoConfiguration, org.springframework.boot.test.autoconfigure.jdbc.TestDatabaseAutoConfiguration, org.springframework.boot.test.autoconfigure.orm.jpa.TestEntityManagerAutoConfiguration]], org.springframework.boot.test.context.filter.ExcludeFilterContextCustomizer@1bdccf26, org.springframework.boot.test.json.DuplicateJsonObjectContextCustomizerFactory$DuplicateJsonObjectContextCustomizer@640f81a4, org.springframework.boot.test.mock.mockito.MockitoContextCustomizer@0], contextLoader = 'org.springframework.boot.test.context.SpringBootContextLoader', parent = [null]]]
2019-12-07 13:56:33.017 DEBUG 15190 --- [    Test worker] org.springframework.test.context.cache   : Spring test ApplicationContext cache statistics: [DefaultContextCache@1e7bd3ac size = 2, maxSize = 32, parentContextCount = 0, hitCount = 27, missCount = 2]
2019-12-07 13:56:33.017 DEBUG 15190 --- [    Test worker] c.DefaultCacheAwareContextLoaderDelegate : Retrieved ApplicationContext from cache with key [[MergedContextConfiguration@619de4e8 testClass = PostsRepositoryTest, locations = '{}', classes = '{class kr.gracelove.jojoldu.springboot.Application}', contextInitializerClasses = '[]', activeProfiles = '{}', propertySourceLocations = '{}', propertySourceProperties = '{org.springframework.boot.test.autoconfigure.orm.jpa.DataJpaTestContextBootstrapper=true}', contextCustomizers = set[org.springframework.boot.test.autoconfigure.OverrideAutoConfigurationContextCustomizerFactory$DisableAutoConfigurationContextCustomizer@29891e1c, org.springframework.boot.test.autoconfigure.filter.TypeExcludeFiltersContextCustomizer@351584c0, org.springframework.boot.test.autoconfigure.properties.PropertyMappingContextCustomizer@558d0b83, org.springframework.boot.test.autoconfigure.web.servlet.WebDriverContextCustomizerFactory$Customizer@4e536a8f, [ImportsContextCustomizer@5b1fd7a5 key = [org.springframework.boot.autoconfigure.cache.CacheAutoConfiguration, org.springframework.boot.autoconfigure.data.jpa.JpaRepositoriesAutoConfiguration, org.springframework.boot.autoconfigure.flyway.FlywayAutoConfiguration, org.springframework.boot.autoconfigure.jdbc.DataSourceAutoConfiguration, org.springframework.boot.autoconfigure.jdbc.DataSourceTransactionManagerAutoConfiguration, org.springframework.boot.autoconfigure.jdbc.JdbcTemplateAutoConfiguration, org.springframework.boot.autoconfigure.liquibase.LiquibaseAutoConfiguration, org.springframework.boot.autoconfigure.orm.jpa.HibernateJpaAutoConfiguration, org.springframework.boot.autoconfigure.transaction.TransactionAutoConfiguration, org.springframework.boot.test.autoconfigure.jdbc.TestDatabaseAutoConfiguration, org.springframework.boot.test.autoconfigure.orm.jpa.TestEntityManagerAutoConfiguration]], org.springframework.boot.test.context.filter.ExcludeFilterContextCustomizer@1bdccf26, org.springframework.boot.test.json.DuplicateJsonObjectContextCustomizerFactory$DuplicateJsonObjectContextCustomizer@640f81a4, org.springframework.boot.test.mock.mockito.MockitoContextCustomizer@0], contextLoader = 'org.springframework.boot.test.context.SpringBootContextLoader', parent = [null]]]
2019-12-07 13:56:33.017 DEBUG 15190 --- [    Test worker] org.springframework.test.context.cache   : Spring test ApplicationContext cache statistics: [DefaultContextCache@1e7bd3ac size = 2, maxSize = 32, parentContextCount = 0, hitCount = 28, missCount = 2]
2019-12-07 13:56:33.017 DEBUG 15190 --- [    Test worker] c.DefaultCacheAwareContextLoaderDelegate : Retrieved ApplicationContext from cache with key [[MergedContextConfiguration@619de4e8 testClass = PostsRepositoryTest, locations = '{}', classes = '{class kr.gracelove.jojoldu.springboot.Application}', contextInitializerClasses = '[]', activeProfiles = '{}', propertySourceLocations = '{}', propertySourceProperties = '{org.springframework.boot.test.autoconfigure.orm.jpa.DataJpaTestContextBootstrapper=true}', contextCustomizers = set[org.springframework.boot.test.autoconfigure.OverrideAutoConfigurationContextCustomizerFactory$DisableAutoConfigurationContextCustomizer@29891e1c, org.springframework.boot.test.autoconfigure.filter.TypeExcludeFiltersContextCustomizer@351584c0, org.springframework.boot.test.autoconfigure.properties.PropertyMappingContextCustomizer@558d0b83, org.springframework.boot.test.autoconfigure.web.servlet.WebDriverContextCustomizerFactory$Customizer@4e536a8f, [ImportsContextCustomizer@5b1fd7a5 key = [org.springframework.boot.autoconfigure.cache.CacheAutoConfiguration, org.springframework.boot.autoconfigure.data.jpa.JpaRepositoriesAutoConfiguration, org.springframework.boot.autoconfigure.flyway.FlywayAutoConfiguration, org.springframework.boot.autoconfigure.jdbc.DataSourceAutoConfiguration, org.springframework.boot.autoconfigure.jdbc.DataSourceTransactionManagerAutoConfiguration, org.springframework.boot.autoconfigure.jdbc.JdbcTemplateAutoConfiguration, org.springframework.boot.autoconfigure.liquibase.LiquibaseAutoConfiguration, org.springframework.boot.autoconfigure.orm.jpa.HibernateJpaAutoConfiguration, org.springframework.boot.autoconfigure.transaction.TransactionAutoConfiguration, org.springframework.boot.test.autoconfigure.jdbc.TestDatabaseAutoConfiguration, org.springframework.boot.test.autoconfigure.orm.jpa.TestEntityManagerAutoConfiguration]], org.springframework.boot.test.context.filter.ExcludeFilterContextCustomizer@1bdccf26, org.springframework.boot.test.json.DuplicateJsonObjectContextCustomizerFactory$DuplicateJsonObjectContextCustomizer@640f81a4, org.springframework.boot.test.mock.mockito.MockitoContextCustomizer@0], contextLoader = 'org.springframework.boot.test.context.SpringBootContextLoader', parent = [null]]]
2019-12-07 13:56:33.017 DEBUG 15190 --- [    Test worker] org.springframework.test.context.cache   : Spring test ApplicationContext cache statistics: [DefaultContextCache@1e7bd3ac size = 2, maxSize = 32, parentContextCount = 0, hitCount = 29, missCount = 2]
2019-12-07 13:56:33.018 DEBUG 15190 --- [    Test worker] c.DefaultCacheAwareContextLoaderDelegate : Retrieved ApplicationContext from cache with key [[MergedContextConfiguration@619de4e8 testClass = PostsRepositoryTest, locations = '{}', classes = '{class kr.gracelove.jojoldu.springboot.Application}', contextInitializerClasses = '[]', activeProfiles = '{}', propertySourceLocations = '{}', propertySourceProperties = '{org.springframework.boot.test.autoconfigure.orm.jpa.DataJpaTestContextBootstrapper=true}', contextCustomizers = set[org.springframework.boot.test.autoconfigure.OverrideAutoConfigurationContextCustomizerFactory$DisableAutoConfigurationContextCustomizer@29891e1c, org.springframework.boot.test.autoconfigure.filter.TypeExcludeFiltersContextCustomizer@351584c0, org.springframework.boot.test.autoconfigure.properties.PropertyMappingContextCustomizer@558d0b83, org.springframework.boot.test.autoconfigure.web.servlet.WebDriverContextCustomizerFactory$Customizer@4e536a8f, [ImportsContextCustomizer@5b1fd7a5 key = [org.springframework.boot.autoconfigure.cache.CacheAutoConfiguration, org.springframework.boot.autoconfigure.data.jpa.JpaRepositoriesAutoConfiguration, org.springframework.boot.autoconfigure.flyway.FlywayAutoConfiguration, org.springframework.boot.autoconfigure.jdbc.DataSourceAutoConfiguration, org.springframework.boot.autoconfigure.jdbc.DataSourceTransactionManagerAutoConfiguration, org.springframework.boot.autoconfigure.jdbc.JdbcTemplateAutoConfiguration, org.springframework.boot.autoconfigure.liquibase.LiquibaseAutoConfiguration, org.springframework.boot.autoconfigure.orm.jpa.HibernateJpaAutoConfiguration, org.springframework.boot.autoconfigure.transaction.TransactionAutoConfiguration, org.springframework.boot.test.autoconfigure.jdbc.TestDatabaseAutoConfiguration, org.springframework.boot.test.autoconfigure.orm.jpa.TestEntityManagerAutoConfiguration]], org.springframework.boot.test.context.filter.ExcludeFilterContextCustomizer@1bdccf26, org.springframework.boot.test.json.DuplicateJsonObjectContextCustomizerFactory$DuplicateJsonObjectContextCustomizer@640f81a4, org.springframework.boot.test.mock.mockito.MockitoContextCustomizer@0], contextLoader = 'org.springframework.boot.test.context.SpringBootContextLoader', parent = [null]]]
2019-12-07 13:56:33.018 DEBUG 15190 --- [    Test worker] org.springframework.test.context.cache   : Spring test ApplicationContext cache statistics: [DefaultContextCache@1e7bd3ac size = 2, maxSize = 32, parentContextCount = 0, hitCount = 30, missCount = 2]
2019-12-07 13:56:33.019 DEBUG 15190 --- [    Test worker] o.s.orm.jpa.JpaTransactionManager        : Initiating transaction rollback
2019-12-07 13:56:33.019 DEBUG 15190 --- [    Test worker] o.s.orm.jpa.JpaTransactionManager        : Rolling back JPA transaction on EntityManager [SessionImpl(1676350023<open>)]
2019-12-07 13:56:33.019 DEBUG 15190 --- [    Test worker] o.h.e.t.internal.TransactionImpl         : rolling back
2019-12-07 13:56:33.019 DEBUG 15190 --- [    Test worker] o.s.orm.jpa.JpaTransactionManager        : Closing JPA EntityManager [SessionImpl(1676350023<open>)] after transaction
2019-12-07 13:56:33.019  INFO 15190 --- [    Test worker] o.s.t.c.transaction.TransactionContext   : Rolled back transaction for test: [DefaultTestContext@50954e13 testClass = PostsRepositoryTest, testInstance = kr.gracelove.jojoldu.springboot.domain.posts.PostsRepositoryTest@46ac5f9b, testMethod = BaseTimeEntity_등록@PostsRepositoryTest, testException = [null], mergedContextConfiguration = [MergedContextConfiguration@619de4e8 testClass = PostsRepositoryTest, locations = '{}', classes = '{class kr.gracelove.jojoldu.springboot.Application}', contextInitializerClasses = '[]', activeProfiles = '{}', propertySourceLocations = '{}', propertySourceProperties = '{org.springframework.boot.test.autoconfigure.orm.jpa.DataJpaTestContextBootstrapper=true}', contextCustomizers = set[org.springframework.boot.test.autoconfigure.OverrideAutoConfigurationContextCustomizerFactory$DisableAutoConfigurationContextCustomizer@29891e1c, org.springframework.boot.test.autoconfigure.filter.TypeExcludeFiltersContextCustomizer@351584c0, org.springframework.boot.test.autoconfigure.properties.PropertyMappingContextCustomizer@558d0b83, org.springframework.boot.test.autoconfigure.web.servlet.WebDriverContextCustomizerFactory$Customizer@4e536a8f, [ImportsContextCustomizer@5b1fd7a5 key = [org.springframework.boot.autoconfigure.cache.CacheAutoConfiguration, org.springframework.boot.autoconfigure.data.jpa.JpaRepositoriesAutoConfiguration, org.springframework.boot.autoconfigure.flyway.FlywayAutoConfiguration, org.springframework.boot.autoconfigure.jdbc.DataSourceAutoConfiguration, org.springframework.boot.autoconfigure.jdbc.DataSourceTransactionManagerAutoConfiguration, org.springframework.boot.autoconfigure.jdbc.JdbcTemplateAutoConfiguration, org.springframework.boot.autoconfigure.liquibase.LiquibaseAutoConfiguration, org.springframework.boot.autoconfigure.orm.jpa.HibernateJpaAutoConfiguration, org.springframework.boot.autoconfigure.transaction.TransactionAutoConfiguration, org.springframework.boot.test.autoconfigure.jdbc.TestDatabaseAutoConfiguration, org.springframework.boot.test.autoconfigure.orm.jpa.TestEntityManagerAutoConfiguration]], org.springframework.boot.test.context.filter.ExcludeFilterContextCustomizer@1bdccf26, org.springframework.boot.test.json.DuplicateJsonObjectContextCustomizerFactory$DuplicateJsonObjectContextCustomizer@640f81a4, org.springframework.boot.test.mock.mockito.MockitoContextCustomizer@0], contextLoader = 'org.springframework.boot.test.context.SpringBootContextLoader', parent = [null]], attributes = map[[empty]]]
2019-12-07 13:56:33.020 DEBUG 15190 --- [    Test worker] tractDirtiesContextTestExecutionListener : After test method: context [DefaultTestContext@50954e13 testClass = PostsRepositoryTest, testInstance = kr.gracelove.jojoldu.springboot.domain.posts.PostsRepositoryTest@46ac5f9b, testMethod = BaseTimeEntity_등록@PostsRepositoryTest, testException = [null], mergedContextConfiguration = [MergedContextConfiguration@619de4e8 testClass = PostsRepositoryTest, locations = '{}', classes = '{class kr.gracelove.jojoldu.springboot.Application}', contextInitializerClasses = '[]', activeProfiles = '{}', propertySourceLocations = '{}', propertySourceProperties = '{org.springframework.boot.test.autoconfigure.orm.jpa.DataJpaTestContextBootstrapper=true}', contextCustomizers = set[org.springframework.boot.test.autoconfigure.OverrideAutoConfigurationContextCustomizerFactory$DisableAutoConfigurationContextCustomizer@29891e1c, org.springframework.boot.test.autoconfigure.filter.TypeExcludeFiltersContextCustomizer@351584c0, org.springframework.boot.test.autoconfigure.properties.PropertyMappingContextCustomizer@558d0b83, org.springframework.boot.test.autoconfigure.web.servlet.WebDriverContextCustomizerFactory$Customizer@4e536a8f, [ImportsContextCustomizer@5b1fd7a5 key = [org.springframework.boot.autoconfigure.cache.CacheAutoConfiguration, org.springframework.boot.autoconfigure.data.jpa.JpaRepositoriesAutoConfiguration, org.springframework.boot.autoconfigure.flyway.FlywayAutoConfiguration, org.springframework.boot.autoconfigure.jdbc.DataSourceAutoConfiguration, org.springframework.boot.autoconfigure.jdbc.DataSourceTransactionManagerAutoConfiguration, org.springframework.boot.autoconfigure.jdbc.JdbcTemplateAutoConfiguration, org.springframework.boot.autoconfigure.liquibase.LiquibaseAutoConfiguration, org.springframework.boot.autoconfigure.orm.jpa.HibernateJpaAutoConfiguration, org.springframework.boot.autoconfigure.transaction.TransactionAutoConfiguration, org.springframework.boot.test.autoconfigure.jdbc.TestDatabaseAutoConfiguration, org.springframework.boot.test.autoconfigure.orm.jpa.TestEntityManagerAutoConfiguration]], org.springframework.boot.test.context.filter.ExcludeFilterContextCustomizer@1bdccf26, org.springframework.boot.test.json.DuplicateJsonObjectContextCustomizerFactory$DuplicateJsonObjectContextCustomizer@640f81a4, org.springframework.boot.test.mock.mockito.MockitoContextCustomizer@0], contextLoader = 'org.springframework.boot.test.context.SpringBootContextLoader', parent = [null]], attributes = map[[empty]]], class annotated with @DirtiesContext [false] with mode [null], method annotated with @DirtiesContext [false] with mode [null].
2019-12-07 13:56:33.020 DEBUG 15190 --- [    Test worker] tractDirtiesContextTestExecutionListener : After test class: context [DefaultTestContext@50954e13 testClass = PostsRepositoryTest, testInstance = [null], testMethod = [null], testException = [null], mergedContextConfiguration = [MergedContextConfiguration@619de4e8 testClass = PostsRepositoryTest, locations = '{}', classes = '{class kr.gracelove.jojoldu.springboot.Application}', contextInitializerClasses = '[]', activeProfiles = '{}', propertySourceLocations = '{}', propertySourceProperties = '{org.springframework.boot.test.autoconfigure.orm.jpa.DataJpaTestContextBootstrapper=true}', contextCustomizers = set[org.springframework.boot.test.autoconfigure.OverrideAutoConfigurationContextCustomizerFactory$DisableAutoConfigurationContextCustomizer@29891e1c, org.springframework.boot.test.autoconfigure.filter.TypeExcludeFiltersContextCustomizer@351584c0, org.springframework.boot.test.autoconfigure.properties.PropertyMappingContextCustomizer@558d0b83, org.springframework.boot.test.autoconfigure.web.servlet.WebDriverContextCustomizerFactory$Customizer@4e536a8f, [ImportsContextCustomizer@5b1fd7a5 key = [org.springframework.boot.autoconfigure.cache.CacheAutoConfiguration, org.springframework.boot.autoconfigure.data.jpa.JpaRepositoriesAutoConfiguration, org.springframework.boot.autoconfigure.flyway.FlywayAutoConfiguration, org.springframework.boot.autoconfigure.jdbc.DataSourceAutoConfiguration, org.springframework.boot.autoconfigure.jdbc.DataSourceTransactionManagerAutoConfiguration, org.springframework.boot.autoconfigure.jdbc.JdbcTemplateAutoConfiguration, org.springframework.boot.autoconfigure.liquibase.LiquibaseAutoConfiguration, org.springframework.boot.autoconfigure.orm.jpa.HibernateJpaAutoConfiguration, org.springframework.boot.autoconfigure.transaction.TransactionAutoConfiguration, org.springframework.boot.test.autoconfigure.jdbc.TestDatabaseAutoConfiguration, org.springframework.boot.test.autoconfigure.orm.jpa.TestEntityManagerAutoConfiguration]], org.springframework.boot.test.context.filter.ExcludeFilterContextCustomizer@1bdccf26, org.springframework.boot.test.json.DuplicateJsonObjectContextCustomizerFactory$DuplicateJsonObjectContextCustomizer@640f81a4, org.springframework.boot.test.mock.mockito.MockitoContextCustomizer@0], contextLoader = 'org.springframework.boot.test.context.SpringBootContextLoader', parent = [null]], attributes = map[[empty]]], class annotated with @DirtiesContext [false] with mode [null].
]]></system-out>
  <system-err><![CDATA[]]></system-err>
</testsuite>
